32;16;10;5;1;10;1509981502;10;255;1509981508;1
32;16;10;5;1;10;1509981568;10;255;1509981575;1
32;16;10;5;1;10;1509981635;10;255;1509981642;1
32;16;10;5;1;10;1509981747;10;255;1509981755;1
32;16;10;5;1;10;1509982492;10;255;1509982499;1
32;16;10;5;1;10;1509982557;10;255;1509982564;1
32;16;10;5;1;10;1509982629;10;255;1509982636;1
32;16;10;5;1;10;1509982725;10;255;1509982732;1
32;16;10;5;1;10;1509983447;10;255;1509983454;1
32;16;10;5;1;10;1509983506;10;255;1509983513;1
32;16;10;5;1;10;1509983573;10;255;1509983580;1
32;16;10;5;1;10;1509983685;10;255;1509983692;1
32;16;10;5;1;10;1509984390;10;255;1509984396;1
32;16;10;5;1;10;1509984445;10;255;1509984451;1
32;16;10;5;1;10;1509984516;10;255;1509984523;1
32;16;10;5;1;10;1509984624;10;255;1509984631;1
32;16;10;5;1;10;1509985330;10;255;1509985337;1
32;16;10;5;1;10;1509985387;10;255;1509985394;1
32;16;10;5;1;10;1509985457;10;255;1509985464;1
32;16;10;5;1;10;1509985566;10;255;1509985572;1
32;16;10;5;1;10;1509986271;10;255;1509986277;1
32;16;10;5;1;10;1509986329;10;255;1509986335;1
32;16;10;5;1;10;1509986399;10;255;1509986406;1
32;16;10;5;1;10;1509986508;10;255;1509986515;0
32;16;10;5;1;10;1509987211;10;255;1509987218;1
32;16;10;5;1;10;1509987272;10;255;1509987279;1
32;16;10;5;1;10;1509987338;10;255;1509987344;1
32;16;10;5;1;10;1509987451;10;255;1509987458;1
32;16;10;5;1;10;1509988153;10;255;1509988159;1
32;16;10;5;1;10;1509988216;10;255;1509988222;1
32;16;10;5;1;10;1509988278;10;255;1509988285;1
32;16;10;5;1;10;1509988392;10;255;1509988399;1
32;16;10;5;1;10;1509989095;10;255;1509989102;1
32;16;10;5;1;10;1509989156;10;255;1509989163;1
32;16;10;5;1;10;1509989221;10;255;1509989228;1
32;16;10;5;1;10;1509989334;10;255;1509989340;1
32;16;10;5;1;10;1509990036;10;255;1509990043;1
32;16;10;5;1;10;1509990099;10;255;1509990106;0
32;16;10;5;1;10;1509990162;10;255;1509990169;1
32;16;10;5;1;10;1509990277;10;255;1509990283;1
32;16;10;5;1;10;1509990978;10;255;1509990985;1
32;16;10;5;1;10;1509991040;10;255;1509991047;1
32;16;10;5;1;10;1509991103;10;255;1509991110;1
32;16;10;5;1;10;1509991218;10;255;1509991225;1
32;16;10;5;1;10;1509991921;10;255;1509991927;1
32;16;10;5;1;10;1509991982;10;255;1509991989;1
32;16;10;5;1;10;1509992043;10;255;1509992050;1
32;16;10;5;1;10;1509992160;10;255;1509992167;1
32;16;10;5;1;10;1509992864;10;255;1509992870;1
32;16;10;5;1;10;1509992922;10;255;1509992929;1
32;16;10;5;1;10;1509992983;10;255;1509992990;1
32;16;10;5;1;10;1509993101;10;255;1509993108;1
32;16;10;5;1;10;1509993804;10;255;1509993811;1
32;16;10;5;1;10;1509993864;10;255;1509993871;1
32;16;10;5;1;10;1509993925;10;255;1509993932;1
32;16;10;5;1;10;1509994043;10;255;1509994050;1
32;16;10;5;1;10;1509994745;10;255;1509994752;1
32;16;10;5;1;10;1509994805;10;255;1509994812;1
32;16;10;5;1;10;1509994866;10;255;1509994873;1
32;16;10;5;1;10;1509994985;10;255;1509994992;1
32;16;10;5;1;10;1509995691;10;255;1509995698;1
32;16;10;5;1;10;1509995747;10;255;1509995754;1
32;16;10;5;1;10;1509995823;10;255;1509995830;0
32;16;10;5;1;10;1509995928;10;255;1509995934;1
32;16;10;5;1;10;1509996635;10;255;1509996641;1
32;16;10;5;1;10;1509996688;10;255;1509996695;1
32;16;10;5;1;10;1509996766;10;255;1509996773;1
32;16;10;5;1;10;1509996868;10;255;1509996875;1
32;16;10;5;1;10;1509997577;10;255;1509997583;1
32;16;10;5;1;10;1509997632;10;255;1509997639;1
32;16;10;5;1;10;1509997707;10;255;1509997713;1
32;16;10;5;1;10;1509997808;10;255;1509997815;1
32;16;10;5;1;10;1509998518;10;255;1509998524;1
32;16;10;5;1;10;1509998573;10;255;1509998580;1
32;16;10;5;1;10;1509998647;10;255;1509998654;1
32;16;10;5;1;10;1509998751;10;255;1509998757;1
32;16;10;5;1;10;1509999462;10;255;1509999469;1
32;16;10;5;1;10;1509999515;10;255;1509999522;1
32;16;10;5;1;10;1509999586;10;255;1509999593;1
32;16;10;5;1;10;1509999690;10;255;1509999697;1
32;16;10;5;1;10;1510000404;10;255;1510000411;0
32;16;10;5;1;10;1510000459;10;255;1510000466;1
32;16;10;5;1;10;1510000527;10;255;1510000534;1
32;16;10;5;1;10;1510000630;10;255;1510000636;1
32;16;10;5;1;10;1510001345;10;255;1510001352;1
32;16;10;5;1;10;1510001401;10;255;1510001408;1
32;16;10;5;1;10;1510001467;10;255;1510001474;1
32;16;10;5;1;10;1510001570;10;255;1510001577;1
32;16;10;5;1;10;1510002287;10;255;1510002293;1
32;16;10;5;1;10;1510002345;10;255;1510002352;1
32;16;10;5;1;10;1510002409;10;255;1510002416;1
32;16;10;5;1;10;1510002510;10;255;1510002517;1
32;16;10;5;1;10;1510003229;10;255;1510003235;1
32;16;10;5;1;10;1510003288;10;255;1510003295;1
32;16;10;5;1;10;1510003351;10;255;1510003358;1
32;16;10;5;1;10;1510003452;10;255;1510003459;1
32;16;10;5;1;10;1510004168;10;255;1510004175;1
32;16;10;5;1;10;1510004227;10;255;1510004234;0
32;16;10;5;1;10;1510004296;10;255;1510004303;1
32;16;10;5;1;10;1510004395;10;255;1510004402;1
32;16;10;5;1;10;1510005110;10;255;1510005117;1
32;16;10;5;1;10;1510005169;10;255;1510005176;1
32;16;10;5;1;10;1510005237;10;255;1510005244;1
32;16;10;5;1;10;1510005336;10;255;1510005343;1
32;16;10;5;1;10;1510006051;10;255;1510006057;1
32;16;10;5;1;10;1510006109;10;255;1510006116;1
32;16;10;5;1;10;1510006182;10;255;1510006188;1
32;16;10;5;1;10;1510006277;10;255;1510006284;0
32;16;10;5;1;10;1510006990;10;255;1510006997;1
32;16;10;5;1;10;1510007050;10;255;1510007056;1
32;16;10;5;1;10;1510007126;10;255;1510007133;1
32;16;10;5;1;10;1510007216;10;255;1510007223;1
32;16;10;5;1;10;1510007930;10;255;1510007937;1
32;16;10;5;1;10;1510007988;10;255;1510007995;1
32;16;10;5;1;10;1510008068;10;255;1510008074;1
32;16;10;5;1;10;1510008160;10;255;1510008167;1
32;16;10;5;1;10;1510008872;10;255;1510008878;1
32;16;10;5;1;10;1510008929;10;255;1510008936;1
32;16;10;5;1;10;1510009009;10;255;1510009016;1
32;16;10;5;1;10;1510009102;10;255;1510009109;1
32;16;10;5;1;10;1510009815;10;255;1510009821;1
32;16;10;5;1;10;1510009870;10;255;1510009877;1
32;16;10;5;1;10;1510009951;10;255;1510009958;1
32;16;10;5;1;10;1510010045;10;255;1510010051;1
32;16;10;5;1;10;1510010754;10;255;1510010761;1
32;16;10;5;1;10;1510010811;10;255;1510010818;1
32;16;10;5;1;10;1510010892;10;255;1510010899;1
32;16;10;5;1;10;1510010988;10;255;1510010995;1
32;16;10;5;1;10;1510011693;10;255;1510011700;1
32;16;10;5;1;10;1510011755;10;255;1510011762;1
32;16;10;5;1;10;1510011835;10;255;1510011841;1
32;16;10;5;1;10;1510011927;10;255;1510011934;1
32;16;10;5;1;10;1510012637;10;255;1510012644;1
32;16;10;5;1;10;1510012699;10;255;1510012706;1
32;16;10;5;1;10;1510012775;10;255;1510012781;1
32;16;10;5;1;10;1510012868;10;255;1510012875;0
32;16;10;5;1;10;1510013579;10;255;1510013585;1
32;16;10;5;1;10;1510013642;10;255;1510013649;1
32;16;10;5;1;10;1510013715;10;255;1510013722;1
32;16;10;5;1;10;1510013811;10;255;1510013817;1
32;16;10;5;1;10;1510014520;10;255;1510014527;1
32;16;10;5;1;10;1510014583;10;255;1510014590;1
32;16;10;5;1;10;1510014656;10;255;1510014663;1
32;16;10;5;1;10;1510014752;10;255;1510014758;1
32;16;10;5;1;10;1510015461;10;255;1510015468;1
32;16;10;5;1;10;1510015524;10;255;1510015531;1
32;16;10;5;1;10;1510015597;10;255;1510015604;1
32;16;10;5;1;10;1510015693;10;255;1510015700;1
32;16;10;5;1;10;1510016403;10;255;1510016410;1
32;16;10;5;1;10;1510016466;10;255;1510016473;1
32;16;10;5;1;10;1510016538;10;255;1510016545;1
32;16;10;5;1;10;1510016634;10;255;1510016641;1
32;16;10;5;1;10;1510017344;10;255;1510017350;1
32;16;10;5;1;10;1510017410;10;255;1510017417;1
32;16;10;5;1;10;1510017479;10;255;1510017485;0
32;16;10;5;1;10;1510017575;10;255;1510017582;1
32;16;10;5;1;10;1510018283;10;255;1510018290;1
32;16;10;5;1;10;1510018352;10;255;1510018359;1
32;16;10;5;1;10;1510018420;10;255;1510018427;1
32;16;10;5;1;10;1510018518;10;255;1510018525;1
32;16;10;5;1;10;1510019225;10;255;1510019232;1
32;16;10;5;1;10;1510019295;10;255;1510019302;1
32;16;10;5;1;10;1510019360;10;255;1510019367;1
32;16;10;5;1;10;1510019460;10;255;1510019466;1
32;16;10;5;1;10;1510020166;10;255;1510020173;1
32;16;10;5;1;10;1510020240;10;255;1510020247;1
32;16;10;5;1;10;1510020301;10;255;1510020307;1
32;16;10;5;1;10;1510020399;10;255;1510020405;1
32;16;10;5;1;10;1510021108;10;255;1510021115;1
32;16;10;5;1;10;1510021181;10;255;1510021188;1
32;16;10;5;1;10;1510021241;10;255;1510021248;1
32;16;10;5;1;10;1510021341;10;255;1510021348;1
32;16;10;5;1;10;1510022048;10;255;1510022055;1
32;16;10;5;1;10;1510022121;10;255;1510022128;1
32;16;10;5;1;10;1510022184;10;255;1510022190;1
32;16;10;5;1;10;1510022283;10;255;1510022290;1
32;16;10;5;1;10;1510022989;10;255;1510022996;1
32;16;10;5;1;10;1510023062;10;255;1510023068;1
32;16;10;5;1;10;1510023129;10;255;1510023135;1
32;16;10;5;1;10;1510023222;10;255;1510023229;1
32;16;10;5;1;10;1510023932;10;255;1510023939;1
32;16;10;5;1;10;1510024004;10;255;1510024010;1
32;16;10;5;1;10;1510024070;10;255;1510024077;1
32;16;10;5;1;10;1510024164;10;255;1510024171;1
32;16;10;5;1;10;1510024875;10;255;1510024882;1
32;16;10;5;1;10;1510024944;10;255;1510024950;1
32;16;10;5;1;10;1510025012;10;255;1510025019;1
32;16;10;5;1;10;1510025105;10;255;1510025112;1
32;16;10;5;1;10;1510025819;10;255;1510025826;1
32;16;10;5;1;10;1510025884;10;255;1510025891;1
32;16;10;5;1;10;1510025954;10;255;1510025960;1
32;16;10;5;1;10;1510026045;10;255;1510026052;1
32;16;10;5;1;10;1510026759;10;255;1510026766;1
32;16;10;5;1;10;1510026826;10;255;1510026832;0
32;16;10;5;1;10;1510026896;10;255;1510026902;1
32;16;10;5;1;10;1510026986;10;255;1510026993;1
32;16;10;5;1;10;1510027700;10;255;1510027707;1
32;16;10;5;1;10;1510027766;10;255;1510027773;1
32;16;10;5;1;10;1510027838;10;255;1510027845;1
32;16;10;5;1;10;1510027927;10;255;1510027933;1
32;16;10;5;1;10;1510028642;10;255;1510028649;1
32;16;10;5;1;10;1510028709;10;255;1510028716;1
32;16;10;5;1;10;1510028781;10;255;1510028787;1
32;16;10;5;1;10;1510028865;10;255;1510028872;1
32;16;10;5;1;10;1510029585;10;255;1510029592;1
32;16;10;5;1;10;1510029651;10;255;1510029657;1
32;16;10;5;1;10;1510029720;10;255;1510029727;1
32;16;10;5;1;10;1510029807;10;255;1510029814;1
32;16;10;5;1;10;1510030525;10;255;1510030532;1
32;16;10;5;1;10;1510030594;10;255;1510030601;1
32;16;10;5;1;10;1510030667;10;255;1510030673;1
32;16;10;5;1;10;1510030748;10;255;1510030754;1
32;16;10;5;1;10;1510031467;10;255;1510031474;1
32;16;10;5;1;10;1510031533;10;255;1510031540;1
32;16;10;5;1;10;1510031608;10;255;1510031615;1
32;16;10;5;1;10;1510031690;10;255;1510031696;1
32;16;10;5;1;10;1510032407;10;255;1510032414;1
32;16;10;5;1;10;1510032475;10;255;1510032482;1
32;16;10;5;1;10;1510032552;10;255;1510032558;1
32;16;10;5;1;10;1510032632;10;255;1510032639;1
32;16;10;5;1;10;1510033349;10;255;1510033356;1
32;16;10;5;1;10;1510033415;10;255;1510033422;1
32;16;10;5;1;10;1510033493;10;255;1510033500;1
32;16;10;5;1;10;1510033571;10;255;1510033578;1
32;16;10;5;1;10;1510034293;10;255;1510034299;1
32;16;10;5;1;10;1510034358;10;255;1510034364;1
32;16;10;5;1;10;1510034433;10;255;1510034440;1
32;16;10;5;1;10;1510034512;10;255;1510034519;1
32;16;10;5;1;10;1510035232;10;255;1510035239;1
32;16;10;5;1;10;1510035300;10;255;1510035306;1
32;16;10;5;1;10;1510035373;10;255;1510035380;1
32;16;10;5;1;10;1510035454;10;255;1510035461;1
32;16;10;5;1;10;1510036175;10;255;1510036182;1
32;16;10;5;1;10;1510036241;10;255;1510036248;1
32;16;10;5;1;10;1510036316;10;255;1510036323;1
32;16;10;5;1;10;1510036393;10;255;1510036400;1
32;16;10;5;1;10;1510037117;10;255;1510037123;1
32;16;10;5;1;10;1510037184;10;255;1510037191;1
32;16;10;5;1;10;1510037257;10;255;1510037263;1
32;16;10;5;1;10;1510037333;10;255;1510037340;1
32;16;10;5;1;10;1510038058;10;255;1510038065;1
32;16;10;5;1;10;1510038126;10;255;1510038133;1
32;16;10;5;1;10;1510038197;10;255;1510038204;1
32;16;10;5;1;10;1510038275;10;255;1510038282;1
32;16;10;5;1;10;1510039000;10;255;1510039007;1
32;16;10;5;1;10;1510039068;10;255;1510039075;1
32;16;10;5;1;10;1510039139;10;255;1510039146;1
32;16;10;5;1;10;1510039215;10;255;1510039222;1
32;16;10;5;1;10;1510039942;10;255;1510039948;1
32;16;10;5;1;10;1510040008;10;255;1510040015;1
32;16;10;5;1;10;1510040082;10;255;1510040088;1
32;16;10;5;1;10;1510040157;10;255;1510040163;1
32;16;10;5;1;10;1510040883;10;255;1510040890;1
32;16;10;5;1;10;1510040950;10;255;1510040957;1
32;16;10;5;1;10;1510041025;10;255;1510041032;1
32;16;10;5;1;10;1510041096;10;255;1510041103;1
32;16;10;5;1;10;1510041825;10;255;1510041832;1
32;16;10;5;1;10;1510041892;10;255;1510041899;1
32;16;10;5;1;10;1510041968;10;255;1510041975;1
32;16;10;5;1;10;1510042036;10;255;1510042043;1
32;16;10;5;1;10;1510042766;10;255;1510042773;1
32;16;10;5;1;10;1510042833;10;255;1510042840;1
32;16;10;5;1;10;1510042910;10;255;1510042917;1
32;16;10;5;1;10;1510042979;10;255;1510042986;1
32;16;10;5;1;10;1510043706;10;255;1510043712;0
32;16;10;5;1;10;1510043777;10;255;1510043784;0
32;16;10;5;1;10;1510043849;10;255;1510043856;1
32;16;10;5;1;10;1510043922;10;255;1510043929;1
32;16;10;5;1;10;1510044658;10;255;1510044665;1
32;16;10;5;1;10;1510044727;10;255;1510044734;1
32;16;10;5;1;10;1510044801;10;255;1510044809;1
32;16;10;5;1;10;1510044879;10;255;1510044886;1
32;16;10;5;1;10;1510045659;10;255;1510045666;1
32;16;10;5;1;10;1510045733;10;255;1510045741;1
32;16;10;5;1;10;1510045809;10;255;1510045817;1
32;16;10;5;1;10;1510045886;10;255;1510045893;1
32;16;10;5;1;10;1510046667;10;255;1510046674;1
32;16;10;5;1;10;1510046676;10;255;1510046683;1
32;16;10;5;1;10;1510046687;10;255;1510046694;1
32;16;10;5;1;10;1510046691;10;255;1510046698;1
32;16;10;5;1;10;1510047634;10;255;1510047642;1
32;16;10;5;1;10;1510047653;10;255;1510047660;1
32;16;10;5;1;10;1510047656;10;255;1510047664;1
32;16;10;5;1;10;1510047656;10;255;1510047665;1
32;16;10;5;1;10;1510048605;10;255;1510048612;1
32;16;10;5;1;10;1510048619;10;255;1510048625;1
32;16;10;5;1;10;1510048622;10;255;1510048629;1
32;16;10;5;1;10;1510048629;10;255;1510048636;1
32;16;10;5;1;10;1510049641;10;255;1510049648;1
32;16;10;5;1;10;1510049648;10;255;1510049655;1
32;16;10;5;1;10;1510049664;10;255;1510049671;1
32;16;10;5;1;10;1510050598;10;255;1510050605;1
32;16;10;5;1;10;1510050605;10;255;1510050612;1
32;16;10;5;1;10;1510050622;10;255;1510050629;1
32;16;10;5;1;10;1510051558;10;255;1510051565;1
32;16;10;5;1;10;1510051564;10;255;1510051571;1
32;16;10;5;1;10;1510051583;10;255;1510051590;1
32;16;10;5;1;10;1510052515;10;255;1510052522;1
32;16;10;5;1;10;1510052521;10;255;1510052528;1
32;16;10;5;1;10;1510052539;10;255;1510052546;1
32;16;10;5;1;10;1510053471;10;255;1510053478;1
32;16;10;5;1;10;1510053477;10;255;1510053484;1
32;16;10;5;1;10;1510053496;10;255;1510053503;1
32;16;10;5;1;10;1510054429;10;255;1510054436;1
32;16;10;5;1;10;1510054437;10;255;1510054444;1
32;16;10;5;1;10;1510054456;10;255;1510054464;1
32;16;10;5;1;10;1510055394;10;255;1510055401;1
32;16;10;5;1;10;1510055407;10;255;1510055414;1
32;16;10;5;1;10;1510055427;10;255;1510055434;1
32;16;10;5;1;10;1510056360;10;255;1510056367;1
32;16;10;5;1;10;1510056378;10;255;1510056384;1
32;16;10;5;1;10;1510056402;10;255;1510056409;1
32;16;10;5;1;10;1510057312;10;255;1510057319;1
32;16;10;5;1;10;1510057333;10;255;1510057340;1
32;16;10;5;1;10;1510057360;10;255;1510057367;1
32;16;10;5;1;10;1510058253;10;255;1510058260;1
32;16;10;5;1;10;1510058275;10;255;1510058282;1
32;16;10;5;1;10;1510058302;10;255;1510058308;1
32;16;10;5;1;10;1510059193;10;255;1510059201;1
32;16;10;5;1;10;1510059215;10;255;1510059222;1
32;16;10;5;1;10;1510059242;10;255;1510059249;1
32;16;10;5;1;10;1510060140;10;255;1510060147;1
32;16;10;5;1;10;1510060160;10;255;1510060167;1
32;16;10;5;1;10;1510060191;10;255;1510060198;1
32;16;10;5;1;10;1510061101;10;255;1510061108;1
32;16;10;5;1;10;1510061118;10;255;1510061125;1
32;16;10;5;1;10;1510061153;10;255;1510061160;1
32;16;10;5;1;10;1510062092;10;255;1510062099;1
32;16;10;5;1;10;1510062097;10;255;1510062104;1
32;16;10;5;1;10;1510062142;10;255;1510062149;1
32;16;10;5;1;10;1510063054;10;255;1510063061;1
32;16;10;5;1;10;1510063059;10;255;1510063066;1
32;16;10;5;1;10;1510063102;10;255;1510063108;1
32;16;10;5;1;10;1510064006;10;255;1510064013;1
32;16;10;5;1;10;1510064008;10;255;1510064015;1
32;16;10;5;1;10;1510064052;10;255;1510064059;1
32;16;10;5;1;10;1510064978;10;255;1510064985;1
32;16;10;5;1;10;1510064980;10;255;1510064987;1
32;16;10;5;1;10;1510065026;10;255;1510065032;1
32;16;10;5;1;10;1510065938;10;255;1510065945;1
32;16;10;5;1;10;1510065940;10;255;1510065947;1
32;16;10;5;1;10;1510065989;10;255;1510065997;1
32;16;10;5;1;10;1510066899;10;255;1510066906;1
32;16;10;5;1;10;1510066900;10;255;1510066907;1
32;16;10;5;1;10;1510066951;10;255;1510066958;1
32;16;10;5;1;10;1510067859;10;255;1510067866;1
32;16;10;5;1;10;1510067862;10;255;1510067869;1
32;16;10;5;1;10;1510067915;10;255;1510067922;1
32;16;10;5;1;10;1510068808;10;255;1510068815;1
32;16;10;5;1;10;1510068810;10;255;1510068817;1
32;16;10;5;1;10;1510068863;10;255;1510068870;1
32;16;10;5;1;10;1510069767;10;255;1510069774;1
32;16;10;5;1;10;1510069782;10;255;1510069789;1
32;16;10;5;1;10;1510069828;10;255;1510069835;1
32;16;10;5;1;10;1510070733;10;255;1510070740;1
32;16;10;5;1;10;1510070745;10;255;1510070752;1
32;16;10;5;1;10;1510070792;10;255;1510070799;1
32;16;10;5;1;10;1510071706;10;255;1510071713;1
32;16;10;5;1;10;1510071713;10;255;1510071720;1
32;16;10;5;1;10;1510071756;10;255;1510071763;1
32;16;10;5;1;10;1510072660;10;255;1510072666;1
32;16;10;5;1;10;1510072666;10;255;1510072672;1
32;16;10;5;1;10;1510072706;10;255;1510072713;1
32;16;10;5;1;10;1510073603;10;255;1510073610;1
32;16;10;5;1;10;1510073609;10;255;1510073616;1
32;16;10;5;1;10;1510073649;10;255;1510073656;1
32;16;10;5;1;10;1510074546;10;255;1510074553;1
32;16;10;5;1;10;1510074552;10;255;1510074559;1
32;16;10;5;1;10;1510074593;10;255;1510074600;1
32;16;10;5;1;10;1510075332;10;255;1510075341;1
32;16;10;5;1;10;1510075515;10;255;1510075523;1
32;16;10;5;1;10;1510075530;10;255;1510075538;1
32;16;10;5;1;10;1510075572;10;255;1510075579;1
32;16;10;5;1;10;1510076300;10;255;1510076306;1
32;16;10;5;1;10;1510076471;10;255;1510076478;1
32;16;10;5;1;10;1510076477;10;255;1510076483;1
32;16;10;5;1;10;1510076518;10;255;1510076524;1
32;16;10;5;1;10;1510077240;10;255;1510077247;1
32;16;10;5;1;10;1510077410;10;255;1510077417;1
32;16;10;5;1;10;1510077417;10;255;1510077424;1
32;16;10;5;1;10;1510077457;10;255;1510077463;1
32;16;10;5;1;10;1510078179;10;255;1510078186;1
32;16;10;5;1;10;1510078350;10;255;1510078356;1
32;16;10;5;1;10;1510078358;10;255;1510078364;1
32;16;10;5;1;10;1510078397;10;255;1510078404;1
32;16;10;5;1;10;1510079118;10;255;1510079125;1
32;16;10;5;1;10;1510079289;10;255;1510079296;1
32;16;10;5;1;10;1510079297;10;255;1510079304;1
32;16;10;5;1;10;1510079337;10;255;1510079344;1
32;16;10;5;1;10;1510080059;10;255;1510080066;1
32;16;10;5;1;10;1510080228;10;255;1510080235;1
32;16;10;5;1;10;1510080236;10;255;1510080243;1
32;16;10;5;1;10;1510080278;10;255;1510080284;1
32;16;10;5;1;10;1510081000;10;255;1510081007;1
32;16;10;5;1;10;1510081168;10;255;1510081175;1
32;16;10;5;1;10;1510081175;10;255;1510081181;1
32;16;10;5;1;10;1510081219;10;255;1510081226;1
32;16;10;5;1;10;1510081940;10;255;1510081947;1
32;16;10;5;1;10;1510082108;10;255;1510082114;1
32;16;10;5;1;10;1510082114;10;255;1510082121;1
32;16;10;5;1;10;1510082159;10;255;1510082165;1
32;16;10;5;1;10;1510082877;10;255;1510082884;1
32;16;10;5;1;10;1510083049;10;255;1510083055;1
32;16;10;5;1;10;1510083056;10;255;1510083063;1
32;16;10;5;1;10;1510083099;10;255;1510083106;1
32;16;10;5;1;10;1510083816;10;255;1510083823;1
32;16;10;5;1;10;1510083987;10;255;1510083993;1
32;16;10;5;1;10;1510083998;10;255;1510084005;1
32;16;10;5;1;10;1510084039;10;255;1510084045;1
32;16;10;5;1;10;1510084755;10;255;1510084762;1
32;16;10;5;1;10;1510084927;10;255;1510084934;1
32;16;10;5;1;10;1510084940;10;255;1510084946;1
32;16;10;5;1;10;1510084979;10;255;1510084986;1
32;16;10;5;1;10;1510085694;10;255;1510085701;1
32;16;10;5;1;10;1510085868;10;255;1510085875;1
32;16;10;5;1;10;1510085881;10;255;1510085887;1
32;16;10;5;1;10;1510085918;10;255;1510085925;1
32;16;10;5;1;10;1510086633;10;255;1510086640;1
32;16;10;5;1;10;1510086808;10;255;1510086815;1
32;16;10;5;1;10;1510086822;10;255;1510086829;1
32;16;10;5;1;10;1510086859;10;255;1510086865;1
32;16;10;5;1;10;1510087573;10;255;1510087580;1
32;16;10;5;1;10;1510087749;10;255;1510087756;1
32;16;10;5;1;10;1510087762;10;255;1510087769;1
32;16;10;5;1;10;1510087797;10;255;1510087804;0
32;16;10;5;1;10;1510088513;10;255;1510088520;1
32;16;10;5;1;10;1510088690;10;255;1510088696;1
32;16;10;5;1;10;1510088701;10;255;1510088708;1
32;16;10;5;1;10;1510088736;10;255;1510088743;1
32;16;10;5;1;10;1510089453;10;255;1510089460;1
32;16;10;5;1;10;1510089629;10;255;1510089636;1
32;16;10;5;1;10;1510089643;10;255;1510089650;1
32;16;10;5;1;10;1510089679;10;255;1510089685;1
32;16;10;5;1;10;1510090391;10;255;1510090398;1
32;16;10;5;1;10;1510090569;10;255;1510090575;1
32;16;10;5;1;10;1510090583;10;255;1510090589;1
32;16;10;5;1;10;1510090622;10;255;1510090628;1
32;16;10;5;1;10;1510091331;10;255;1510091338;1
32;16;10;5;1;10;1510091509;10;255;1510091515;1
32;16;10;5;1;10;1510091523;10;255;1510091530;1
32;16;10;5;1;10;1510091561;10;255;1510091568;1
32;16;10;5;1;10;1510092270;10;255;1510092277;1
32;16;10;5;1;10;1510092450;10;255;1510092456;1
32;16;10;5;1;10;1510092463;10;255;1510092470;1
32;16;10;5;1;10;1510092501;10;255;1510092508;1
32;16;10;5;1;10;1510093210;10;255;1510093217;1
32;16;10;5;1;10;1510093389;10;255;1510093395;1
32;16;10;5;1;10;1510093405;10;255;1510093411;1
32;16;10;5;1;10;1510093442;10;255;1510093449;1
32;16;10;5;1;10;1510094150;10;255;1510094156;1
32;16;10;5;1;10;1510094327;10;255;1510094334;1
32;16;10;5;1;10;1510094343;10;255;1510094350;1
32;16;10;5;1;10;1510094385;10;255;1510094391;1
32;16;10;5;1;10;1510095092;10;255;1510095099;1
32;16;10;5;1;10;1510095267;10;255;1510095273;1
32;16;10;5;1;10;1510095282;10;255;1510095289;1
32;16;10;5;1;10;1510095324;10;255;1510095331;1
32;16;10;5;1;10;1510096034;10;255;1510096041;1
32;16;10;5;1;10;1510096206;10;255;1510096213;1
32;16;10;5;1;10;1510096220;10;255;1510096227;0
32;16;10;5;1;10;1510096265;10;255;1510096272;1
32;16;10;5;1;10;1510096975;10;255;1510096982;1
32;16;10;5;1;10;1510097145;10;255;1510097152;1
32;16;10;5;1;10;1510097160;10;255;1510097167;1
32;16;10;5;1;10;1510097207;10;255;1510097213;1
32;16;10;5;1;10;1510097914;10;255;1510097921;1
32;16;10;5;1;10;1510098087;10;255;1510098094;1
32;16;10;5;1;10;1510098098;10;255;1510098105;1
32;16;10;5;1;10;1510098146;10;255;1510098153;1
32;16;10;5;1;10;1510098854;10;255;1510098861;1
32;16;10;5;1;10;1510099028;10;255;1510099035;1
32;16;10;5;1;10;1510099037;10;255;1510099044;1
32;16;10;5;1;10;1510099086;10;255;1510099093;1
32;16;10;5;1;10;1510099794;10;255;1510099801;1
32;16;10;5;1;10;1510099970;10;255;1510099977;1
32;16;10;5;1;10;1510099974;10;255;1510099981;1
32;16;10;5;1;10;1510100027;10;255;1510100034;1
32;16;10;5;1;10;1510100736;10;255;1510100742;1
32;16;10;5;1;10;1510100909;10;255;1510100915;1
32;16;10;5;1;10;1510100914;10;255;1510100921;1
32;16;10;5;1;10;1510100966;10;255;1510100973;1
32;16;10;5;1;10;1510101676;10;255;1510101683;1
32;16;10;5;1;10;1510101847;10;255;1510101854;0
32;16;10;5;1;10;1510101856;10;255;1510101863;1
32;16;10;5;1;10;1510101907;10;255;1510101913;1
32;16;10;5;1;10;1510102616;10;255;1510102622;1
32;16;10;5;1;10;1510102787;10;255;1510102794;1
32;16;10;5;1;10;1510102795;10;255;1510102802;1
32;16;10;5;1;10;1510102850;10;255;1510102856;1
32;16;10;5;1;10;1510103553;10;255;1510103560;1
32;16;10;5;1;10;1510103727;10;255;1510103733;1
32;16;10;5;1;10;1510103736;10;255;1510103743;1
32;16;10;5;1;10;1510103790;10;255;1510103797;0
32;16;10;5;1;10;1510104492;10;255;1510104499;1
32;16;10;5;1;10;1510104665;10;255;1510104672;1
32;16;10;5;1;10;1510104678;10;255;1510104684;1
32;16;10;5;1;10;1510104730;10;255;1510104736;1
32;16;10;5;1;10;1510105431;10;255;1510105438;1
32;16;10;5;1;10;1510105604;10;255;1510105611;1
32;16;10;5;1;10;1510105618;10;255;1510105624;1
32;16;10;5;1;10;1510105669;10;255;1510105675;1
32;16;10;5;1;10;1510106373;10;255;1510106380;1
32;16;10;5;1;10;1510106546;10;255;1510106553;1
32;16;10;5;1;10;1510106557;10;255;1510106564;1
32;16;10;5;1;10;1510106608;10;255;1510106614;1
32;16;10;5;1;10;1510107311;10;255;1510107317;1
32;16;10;5;1;10;1510107490;10;255;1510107497;1
32;16;10;5;1;10;1510107496;10;255;1510107503;1
32;16;10;5;1;10;1510107550;10;255;1510107557;1
32;16;10;5;1;10;1510108250;10;255;1510108257;1
32;16;10;5;1;10;1510108431;10;255;1510108437;1
32;16;10;5;1;10;1510108436;10;255;1510108443;1
32;16;10;5;1;10;1510108490;10;255;1510108496;1
32;16;10;5;1;10;1510109189;10;255;1510109196;1
32;16;10;5;1;10;1510109370;10;255;1510109377;1
32;16;10;5;1;10;1510109377;10;255;1510109383;1
32;16;10;5;1;10;1510109430;10;255;1510109437;1
32;16;10;5;1;10;1510110129;10;255;1510110136;1
32;16;10;5;1;10;1510110311;10;255;1510110318;1
32;16;10;5;1;10;1510110317;10;255;1510110324;1
32;16;10;5;1;10;1510110372;10;255;1510110379;1
32;16;10;5;1;10;1510111069;10;255;1510111076;1
32;16;10;5;1;10;1510111251;10;255;1510111257;1
32;16;10;5;1;10;1510111258;10;255;1510111265;1
32;16;10;5;1;10;1510111311;10;255;1510111318;1
32;16;10;5;1;10;1510112009;10;255;1510112015;1
32;16;10;5;1;10;1510112192;10;255;1510112199;1
32;16;10;5;1;10;1510112198;10;255;1510112205;1
32;16;10;5;1;10;1510112250;10;255;1510112256;1
32;16;10;5;1;10;1510112946;10;255;1510112952;1
32;16;10;5;1;10;1510113134;10;255;1510113141;1
32;16;10;5;1;10;1510113138;10;255;1510113145;1
32;16;10;5;1;10;1510113190;10;255;1510113197;1
32;16;10;5;1;10;1510113884;10;255;1510113890;1
32;16;10;5;1;10;1510114076;10;255;1510114083;1
32;16;10;5;1;10;1510114079;10;255;1510114086;1
32;16;10;5;1;10;1510114130;10;255;1510114137;1
32;16;10;5;1;10;1510114823;10;255;1510114830;1
32;16;10;5;1;10;1510115016;10;255;1510115023;1
32;16;10;5;1;10;1510115019;10;255;1510115026;1
32;16;10;5;1;10;1510115069;10;255;1510115076;1
32;16;10;5;1;10;1510115764;10;255;1510115771;1
32;16;10;5;1;10;1510115955;10;255;1510115962;1
32;16;10;5;1;10;1510115958;10;255;1510115965;1
32;16;10;5;1;10;1510116009;10;255;1510116016;1
32;16;10;5;1;10;1510116706;10;255;1510116712;1
32;16;10;5;1;10;1510116895;10;255;1510116902;1
32;16;10;5;1;10;1510116898;10;255;1510116905;1
32;16;10;5;1;10;1510116947;10;255;1510116954;1
32;16;10;5;1;10;1510117646;10;255;1510117652;1
32;16;10;5;1;10;1510117834;10;255;1510117841;1
32;16;10;5;1;10;1510117840;10;255;1510117847;1
32;16;10;5;1;10;1510117888;10;255;1510117894;1
32;16;10;5;1;10;1510118587;10;255;1510118594;1
32;16;10;5;1;10;1510118774;10;255;1510118781;1
32;16;10;5;1;10;1510118782;10;255;1510118789;1
32;16;10;5;1;10;1510118827;10;255;1510118834;1
32;16;10;5;1;10;1510119530;10;255;1510119537;1
32;16;10;5;1;10;1510119713;10;255;1510119720;1
32;16;10;5;1;10;1510119720;10;255;1510119727;1
32;16;10;5;1;10;1510119765;10;255;1510119772;1
32;16;10;5;1;10;1510120473;10;255;1510120479;1
32;16;10;5;1;10;1510120651;10;255;1510120658;1
32;16;10;5;1;10;1510120660;10;255;1510120667;1
32;16;10;5;1;10;1510120705;10;255;1510120712;1
32;16;10;5;1;10;1510121413;10;255;1510121420;1
32;16;10;5;1;10;1510121592;10;255;1510121599;1
32;16;10;5;1;10;1510121600;10;255;1510121607;1
32;16;10;5;1;10;1510121644;10;255;1510121650;1
32;16;10;5;1;10;1510122354;10;255;1510122361;1
32;16;10;5;1;10;1510122532;10;255;1510122538;1
32;16;10;5;1;10;1510122540;10;255;1510122547;1
32;16;10;5;1;10;1510122585;10;255;1510122592;1
32;16;10;5;1;10;1510123294;10;255;1510123301;1
32;16;10;5;1;10;1510123473;10;255;1510123479;1
32;16;10;5;1;10;1510123481;10;255;1510123488;1
32;16;10;5;1;10;1510123527;10;255;1510123534;1
32;16;10;5;1;10;1510124236;10;255;1510124242;1
32;16;10;5;1;10;1510124411;10;255;1510124418;1
32;16;10;5;1;10;1510124422;10;255;1510124429;0
32;16;10;5;1;10;1510124466;10;255;1510124473;1
32;16;10;5;1;10;1510125175;10;255;1510125182;1
32;16;10;5;1;10;1510125351;10;255;1510125358;1
32;16;10;5;1;10;1510125362;10;255;1510125369;1
32;16;10;5;1;10;1510125406;10;255;1510125413;1
32;16;10;5;1;10;1510126114;10;255;1510126120;1
32;16;10;5;1;10;1510126291;10;255;1510126298;1
32;16;10;5;1;10;1510126302;10;255;1510126309;1
32;16;10;5;1;10;1510126347;10;255;1510126353;1
32;16;10;5;1;10;1510127054;10;255;1510127061;1
32;16;10;5;1;10;1510127230;10;255;1510127237;1
32;16;10;5;1;10;1510127240;10;255;1510127247;1
32;16;10;5;1;10;1510127289;10;255;1510127295;1
32;16;10;5;1;10;1510127993;10;255;1510127999;0
32;16;10;5;1;10;1510128171;10;255;1510128177;1
32;16;10;5;1;10;1510128179;10;255;1510128186;1
32;16;10;5;1;10;1510128229;10;255;1510128236;1
32;16;10;5;1;10;1510128932;10;255;1510128938;1
32;16;10;5;1;10;1510129110;10;255;1510129117;1
32;16;10;5;1;10;1510129120;10;255;1510129127;1
32;16;10;5;1;10;1510129168;10;255;1510129175;1
32;16;10;5;1;10;1510129875;10;255;1510129881;1
32;16;10;5;1;10;1510130079;10;255;1510130086;1
32;16;10;5;1;10;1510130086;10;255;1510130093;1
32;16;10;5;1;10;1510130137;10;255;1510130145;1
32;16;10;5;1;10;1510130888;10;255;1510130895;1
32;16;10;5;1;10;1510131085;10;255;1510131092;1
32;16;10;5;1;10;1510131090;10;255;1510131097;1
32;16;10;5;1;10;1510131136;10;255;1510131144;1
32;16;10;5;1;10;1510131883;10;255;1510131890;1
32;16;10;5;1;10;1510132068;10;255;1510132075;1
32;16;10;5;1;10;1510132083;10;255;1510132090;1
32;16;10;5;1;10;1510132123;10;255;1510132130;1
32;16;10;5;1;10;1510132856;10;255;1510132862;1
32;16;10;5;1;10;1510133039;10;255;1510133046;1
32;16;10;5;1;10;1510133059;10;255;1510133066;1
32;16;10;5;1;10;1510133103;10;255;1510133110;1
32;16;10;5;1;10;1510133878;10;255;1510133886;1
32;16;10;5;1;10;1510134046;10;255;1510134053;1
32;16;10;5;1;10;1510134076;10;255;1510134083;1
32;16;10;5;1;10;1510134119;10;255;1510134127;1
32;16;10;5;1;10;1510134875;10;255;1510134883;1
32;16;10;5;1;10;1510135042;10;255;1510135050;1
32;16;10;5;1;10;1510135072;10;255;1510135079;1
32;16;10;5;1;10;1510135107;10;255;1510135114;1
32;16;10;5;1;10;1510135867;10;255;1510135874;1
32;16;10;5;1;10;1510136033;10;255;1510136040;1
32;16;10;5;1;10;1510136077;10;255;1510136085;1
32;16;10;5;1;10;1510136101;10;255;1510136109;1
32;16;10;5;1;10;1510136871;10;255;1510136878;1
32;16;10;5;1;10;1510137046;10;255;1510137054;1
32;16;10;5;1;10;1510137067;10;255;1510137075;1
32;16;10;5;1;10;1510137115;10;255;1510137123;1
32;16;10;5;1;10;1510137853;10;255;1510137861;1
32;16;10;5;1;10;1510138053;10;255;1510138061;1
32;16;10;5;1;10;1510138055;10;255;1510138062;1
32;16;10;5;1;10;1510138106;10;255;1510138114;1
32;16;10;5;1;10;1510138877;10;255;1510138884;1
32;16;10;5;1;10;1510139046;10;255;1510139054;1
32;16;10;5;1;10;1510139076;10;255;1510139084;1
32;16;10;5;1;10;1510139112;10;255;1510139119;1
32;16;10;5;1;10;1510139856;10;255;1510139863;1
32;16;10;5;1;10;1510140016;10;255;1510140023;1
32;16;10;5;1;10;1510140091;10;255;1510140099;1
32;16;10;5;1;10;1510140096;10;255;1510140103;1
32;16;10;5;1;10;1510140846;10;255;1510140854;1
32;16;10;5;1;10;1510140995;10;255;1510141003;1
32;16;10;5;1;10;1510141056;10;255;1510141063;1
32;16;10;5;1;10;1510141068;10;255;1510141075;1
32;16;10;5;1;10;1510141828;10;255;1510141834;1
32;16;10;5;1;10;1510141985;10;255;1510141993;1
32;16;10;5;1;10;1510142030;10;255;1510142037;1
32;16;10;5;1;10;1510142085;10;255;1510142093;1
32;16;10;5;1;10;1510142848;10;255;1510142855;1
32;16;10;5;1;10;1510143036;10;255;1510143044;0
32;16;10;5;1;10;1510143067;10;255;1510143075;1
32;16;10;5;1;10;1510143145;10;255;1510143152;1
32;16;10;5;1;10;1510143859;10;255;1510143866;1
32;16;10;5;1;10;1510144038;10;255;1510144045;1
32;16;10;5;1;10;1510144071;10;255;1510144078;1
32;16;10;5;1;10;1510144147;10;255;1510144154;1
32;16;10;5;1;10;1510144822;10;255;1510144829;1
32;16;10;5;1;10;1510144989;10;255;1510144996;1
32;16;10;5;1;10;1510145018;10;255;1510145025;1
32;16;10;5;1;10;1510145096;10;255;1510145103;1
32;16;10;5;1;10;1510145761;10;255;1510145768;1
32;16;10;5;1;10;1510145931;10;255;1510145938;1
32;16;10;5;1;10;1510145962;10;255;1510145969;1
32;16;10;5;1;10;1510146036;10;255;1510146042;1
32;16;10;5;1;10;1510146705;10;255;1510146713;1
32;16;10;5;1;10;1510146878;10;255;1510146885;1
32;16;10;5;1;10;1510146911;10;255;1510146918;1
32;16;10;5;1;10;1510146983;10;255;1510146990;1
32;16;10;5;1;10;1510147680;10;255;1510147686;1
32;16;10;5;1;10;1510147853;10;255;1510147860;1
32;16;10;5;1;10;1510147877;10;255;1510147884;1
32;16;10;5;1;10;1510147952;10;255;1510147960;1
32;16;10;5;1;10;1510148651;10;255;1510148658;1
32;16;10;5;1;10;1510148832;10;255;1510148839;1
32;16;10;5;1;10;1510148851;10;255;1510148857;0
32;16;10;5;1;10;1510148930;10;255;1510148937;1
32;16;10;5;1;10;1510149610;10;255;1510149616;1
32;16;10;5;1;10;1510149784;10;255;1510149791;1
32;16;10;5;1;10;1510149795;10;255;1510149802;1
32;16;10;5;1;10;1510149874;10;255;1510149881;1
32;16;10;5;1;10;1510150559;10;255;1510150566;1
32;16;10;5;1;10;1510150738;10;255;1510150745;1
32;16;10;5;1;10;1510150748;10;255;1510150755;1
32;16;10;5;1;10;1510150829;10;255;1510150836;1
32;16;10;5;1;10;1510151520;10;255;1510151527;1
32;16;10;5;1;10;1510151698;10;255;1510151705;1
32;16;10;5;1;10;1510151711;10;255;1510151718;1
32;16;10;5;1;10;1510151802;10;255;1510151809;1
32;16;10;5;1;10;1510152513;10;255;1510152520;1
32;16;10;5;1;10;1510152687;10;255;1510152694;1
32;16;10;5;1;10;1510152711;10;255;1510152718;1
32;16;10;5;1;10;1510152789;10;255;1510152796;1
32;16;10;5;1;10;1510153487;10;255;1510153494;1
32;16;10;5;1;10;1510153659;10;255;1510153666;1
32;16;10;5;1;10;1510153681;10;255;1510153688;1
32;16;10;5;1;10;1510153756;10;255;1510153763;1
32;16;10;5;1;10;1510154455;10;255;1510154462;1
32;16;10;5;1;10;1510154628;10;255;1510154635;1
32;16;10;5;1;10;1510154654;10;255;1510154661;1
32;16;10;5;1;10;1510154725;10;255;1510154732;1
32;16;10;5;1;10;1510155413;10;255;1510155419;1
32;16;10;5;1;10;1510155581;10;255;1510155588;1
32;16;10;5;1;10;1510155609;10;255;1510155617;1
32;16;10;5;1;10;1510155680;10;255;1510155687;1
32;16;10;5;1;10;1510156395;10;255;1510156403;1
32;16;10;5;1;10;1510156568;10;255;1510156575;1
32;16;10;5;1;10;1510156598;10;255;1510156605;1
32;16;10;5;1;10;1510156667;10;255;1510156674;1
32;16;10;5;1;10;1510157383;10;255;1510157391;1
32;16;10;5;1;10;1510157566;10;255;1510157573;1
32;16;10;5;1;10;1510157595;10;255;1510157602;1
32;16;10;5;1;10;1510157666;10;255;1510157672;1
32;16;10;5;1;10;1510158356;10;255;1510158363;1
32;16;10;5;1;10;1510158533;10;255;1510158540;1
32;16;10;5;1;10;1510158569;10;255;1510158576;1
32;16;10;5;1;10;1510158630;10;255;1510158636;1
32;16;10;5;1;10;1510159311;10;255;1510159318;1
32;16;10;5;1;10;1510159491;10;255;1510159498;1
32;16;10;5;1;10;1510159522;10;255;1510159529;1
32;16;10;5;1;10;1510159587;10;255;1510159594;1
32;16;10;5;1;10;1510160293;10;255;1510160300;1
32;16;10;5;1;10;1510160469;10;255;1510160476;1
32;16;10;5;1;10;1510160497;10;255;1510160504;1
32;16;10;5;1;10;1510160568;10;255;1510160575;1
32;16;10;5;1;10;1510161267;10;255;1510161273;1
32;16;10;5;1;10;1510161440;10;255;1510161447;1
32;16;10;5;1;10;1510161478;10;255;1510161485;1
32;16;10;5;1;10;1510161538;10;255;1510161545;1
32;16;10;5;1;10;1510162229;10;255;1510162236;1
32;16;10;5;1;10;1510162404;10;255;1510162411;1
32;16;10;5;1;10;1510162446;10;255;1510162454;1
32;16;10;5;1;10;1510162503;10;255;1510162509;1
32;16;10;5;1;10;1510163187;10;255;1510163194;1
32;16;10;5;1;10;1510163369;10;255;1510163376;1
32;16;10;5;1;10;1510163430;10;255;1510163437;0
32;16;10;5;1;10;1510163456;10;255;1510163463;1
32;16;10;5;1;10;1510164129;10;255;1510164136;1
32;16;10;5;1;10;1510164312;10;255;1510164318;1
32;16;10;5;1;10;1510164373;10;255;1510164379;1
32;16;10;5;1;10;1510164402;10;255;1510164408;1
32;16;10;5;1;10;1510165071;10;255;1510165078;1
32;16;10;5;1;10;1510165254;10;255;1510165261;1
32;16;10;5;1;10;1510165314;10;255;1510165321;1
32;16;10;5;1;10;1510165345;10;255;1510165352;1
32;16;10;5;1;10;1510166015;10;255;1510166022;1
32;16;10;5;1;10;1510166197;10;255;1510166204;1
32;16;10;5;1;10;1510166258;10;255;1510166265;1
32;16;10;5;1;10;1510166288;10;255;1510166294;1
32;16;10;5;1;10;1510166958;10;255;1510166964;1
32;16;10;5;1;10;1510167139;10;255;1510167145;1
32;16;10;5;1;10;1510167200;10;255;1510167207;1
32;16;10;5;1;10;1510167231;10;255;1510167238;1
32;16;10;5;1;10;1510167901;10;255;1510167908;1
32;16;10;5;1;10;1510168080;10;255;1510168087;1
32;16;10;5;1;10;1510168143;10;255;1510168150;1
32;16;10;5;1;10;1510168177;10;255;1510168184;1
32;16;10;5;1;10;1510168841;10;255;1510168848;1
32;16;10;5;1;10;1510169022;10;255;1510169029;1
32;16;10;5;1;10;1510169086;10;255;1510169093;1
32;16;10;5;1;10;1510169118;10;255;1510169124;1
32;16;10;5;1;10;1510169785;10;255;1510169792;1
32;16;10;5;1;10;1510169966;10;255;1510169973;1
32;16;10;5;1;10;1510170029;10;255;1510170036;1
32;16;10;5;1;10;1510170059;10;255;1510170066;1
32;16;10;5;1;10;1510170728;10;255;1510170734;1
32;16;10;5;1;10;1510170908;10;255;1510170914;1
32;16;10;5;1;10;1510170972;10;255;1510170979;1
32;16;10;5;1;10;1510171002;10;255;1510171008;1
32;16;10;5;1;10;1510171669;10;255;1510171675;1
32;16;10;5;1;10;1510171851;10;255;1510171858;1
32;16;10;5;1;10;1510171917;10;255;1510171923;1
32;16;10;5;1;10;1510171945;10;255;1510171951;1
32;16;10;5;1;10;1510172611;10;255;1510172618;1
32;16;10;5;1;10;1510172792;10;255;1510172798;1
32;16;10;5;1;10;1510172858;10;255;1510172864;1
32;16;10;5;1;10;1510172889;10;255;1510172895;1
32;16;10;5;1;10;1510173554;10;255;1510173561;1
32;16;10;5;1;10;1510173733;10;255;1510173740;1
32;16;10;5;1;10;1510173802;10;255;1510173809;1
32;16;10;5;1;10;1510173831;10;255;1510173838;1
32;16;10;5;1;10;1510174499;10;255;1510174506;1
32;16;10;5;1;10;1510174676;10;255;1510174682;1
32;16;10;5;1;10;1510174744;10;255;1510174751;1
32;16;10;5;1;10;1510174771;10;255;1510174778;1
32;16;10;5;1;10;1510175442;10;255;1510175449;1
32;16;10;5;1;10;1510175617;10;255;1510175623;0
32;16;10;5;1;10;1510175687;10;255;1510175694;1
32;16;10;5;1;10;1510175713;10;255;1510175720;1
32;16;10;5;1;10;1510176387;10;255;1510176394;1
32;16;10;5;1;10;1510176557;10;255;1510176564;1
32;16;10;5;1;10;1510176628;10;255;1510176635;1
32;16;10;5;1;10;1510176654;10;255;1510176660;1
32;16;10;5;1;10;1510177329;10;255;1510177336;1
32;16;10;5;1;10;1510177501;10;255;1510177507;1
32;16;10;5;1;10;1510177572;10;255;1510177578;1
32;16;10;5;1;10;1510177595;10;255;1510177602;1
32;16;10;5;1;10;1510178272;10;255;1510178279;1
32;16;10;5;1;10;1510178445;10;255;1510178451;1
32;16;10;5;1;10;1510178513;10;255;1510178520;1
32;16;10;5;1;10;1510178537;10;255;1510178544;1
32;16;10;5;1;10;1510179215;10;255;1510179221;1
32;16;10;5;1;10;1510179388;10;255;1510179395;0
32;16;10;5;1;10;1510179453;10;255;1510179460;1
32;16;10;5;1;10;1510179478;10;255;1510179485;1
32;16;10;5;1;10;1510180158;10;255;1510180165;1
32;16;10;5;1;10;1510180330;10;255;1510180337;1
32;16;10;5;1;10;1510180394;10;255;1510180401;1
32;16;10;5;1;10;1510180421;10;255;1510180428;1
32;16;10;5;1;10;1510181102;10;255;1510181109;1
32;16;10;5;1;10;1510181272;10;255;1510181278;1
32;16;10;5;1;10;1510181336;10;255;1510181343;1
32;16;10;5;1;10;1510181364;10;255;1510181371;1
32;16;10;5;1;10;1510182046;10;255;1510182053;1
32;16;10;5;1;10;1510182215;10;255;1510182222;1
32;16;10;5;1;10;1510182279;10;255;1510182286;1
32;16;10;5;1;10;1510182306;10;255;1510182313;1
32;16;10;5;1;10;1510182990;10;255;1510182997;1
32;16;10;5;1;10;1510183156;10;255;1510183163;1
32;16;10;5;1;10;1510183220;10;255;1510183227;1
32;16;10;5;1;10;1510183247;10;255;1510183254;1
32;16;10;5;1;10;1510183932;10;255;1510183939;1
32;16;10;5;1;10;1510184099;10;255;1510184106;1
32;16;10;5;1;10;1510184163;10;255;1510184169;1
32;16;10;5;1;10;1510184189;10;255;1510184196;1
32;16;10;5;1;10;1510184876;10;255;1510184883;1
32;16;10;5;1;10;1510185042;10;255;1510185049;1
32;16;10;5;1;10;1510185106;10;255;1510185113;1
32;16;10;5;1;10;1510185130;10;255;1510185136;1
32;16;10;5;1;10;1510185819;10;255;1510185825;1
32;16;10;5;1;10;1510185986;10;255;1510185993;1
32;16;10;5;1;10;1510186049;10;255;1510186056;1
32;16;10;5;1;10;1510186072;10;255;1510186079;1
32;16;10;5;1;10;1510186760;10;255;1510186767;1
32;16;10;5;1;10;1510186929;10;255;1510186936;1
32;16;10;5;1;10;1510186989;10;255;1510186996;1
32;16;10;5;1;10;1510187013;10;255;1510187019;1
32;16;10;5;1;10;1510187703;10;255;1510187710;1
32;16;10;5;1;10;1510187872;10;255;1510187879;1
32;16;10;5;1;10;1510187931;10;255;1510187937;1
32;16;10;5;1;10;1510187955;10;255;1510187962;1
32;16;10;5;1;10;1510188644;10;255;1510188651;1
32;16;10;5;1;10;1510188814;10;255;1510188821;1
32;16;10;5;1;10;1510188872;10;255;1510188879;1
32;16;10;5;1;10;1510188898;10;255;1510188905;1
32;16;10;5;1;10;1510189584;10;255;1510189591;1
32;16;10;5;1;10;1510189758;10;255;1510189765;1
32;16;10;5;1;10;1510189813;10;255;1510189820;1
32;16;10;5;1;10;1510189842;10;255;1510189849;1
32;16;10;5;1;10;1510190525;10;255;1510190531;1
32;16;10;5;1;10;1510190699;10;255;1510190706;1
32;16;10;5;1;10;1510190753;10;255;1510190759;1
32;16;10;5;1;10;1510190786;10;255;1510190793;1
32;16;10;5;1;10;1510191466;10;255;1510191473;1
32;16;10;5;1;10;1510191644;10;255;1510191650;1
32;16;10;5;1;10;1510191694;10;255;1510191701;1
32;16;10;5;1;10;1510191729;10;255;1510191736;1
32;16;10;5;1;10;1510192410;10;255;1510192417;1
32;16;10;5;1;10;1510192586;10;255;1510192593;1
32;16;10;5;1;10;1510192634;10;255;1510192641;1
32;16;10;5;1;10;1510192673;10;255;1510192680;1
32;16;10;5;1;10;1510193351;10;255;1510193358;1
32;16;10;5;1;10;1510193527;10;255;1510193534;1
32;16;10;5;1;10;1510193577;10;255;1510193584;1
32;16;10;5;1;10;1510193616;10;255;1510193623;1
32;16;10;5;1;10;1510194291;10;255;1510194297;1
32;16;10;5;1;10;1510194469;10;255;1510194476;1
32;16;10;5;1;10;1510194519;10;255;1510194526;1
32;16;10;5;1;10;1510194558;10;255;1510194564;1
32;16;10;5;1;10;1510195234;10;255;1510195241;1
32;16;10;5;1;10;1510195413;10;255;1510195420;1
32;16;10;5;1;10;1510195460;10;255;1510195467;1
32;16;10;5;1;10;1510195500;10;255;1510195507;1
32;16;10;5;1;10;1510196176;10;255;1510196183;1
32;16;10;5;1;10;1510196358;10;255;1510196364;1
32;16;10;5;1;10;1510196404;10;255;1510196411;1
32;16;10;5;1;10;1510196440;10;255;1510196447;1
32;16;10;5;1;10;1510197120;10;255;1510197127;1
32;16;10;5;1;10;1510197298;10;255;1510197305;1
32;16;10;5;1;10;1510197347;10;255;1510197354;1
32;16;10;5;1;10;1510197381;10;255;1510197387;1
32;16;10;5;1;10;1510198062;10;255;1510198068;1
32;16;10;5;1;10;1510198240;10;255;1510198246;1
32;16;10;5;1;10;1510198291;10;255;1510198297;1
32;16;10;5;1;10;1510198322;10;255;1510198329;1
32;16;10;5;1;10;1510199002;10;255;1510199009;1
32;16;10;5;1;10;1510199181;10;255;1510199187;1
32;16;10;5;1;10;1510199237;10;255;1510199244;1
32;16;10;5;1;10;1510199263;10;255;1510199270;1
32;16;10;5;1;10;1510199944;10;255;1510199951;1
32;16;10;5;1;10;1510200122;10;255;1510200129;1
32;16;10;5;1;10;1510200183;10;255;1510200190;1
32;16;10;5;1;10;1510200204;10;255;1510200211;1
32;16;10;5;1;10;1510200886;10;255;1510200893;1
32;16;10;5;1;10;1510201062;10;255;1510201069;1
32;16;10;5;1;10;1510201127;10;255;1510201134;1
32;16;10;5;1;10;1510201144;10;255;1510201151;1
32;16;10;5;1;10;1510201827;10;255;1510201833;1
32;16;10;5;1;10;1510202005;10;255;1510202011;1
32;16;10;5;1;10;1510202071;10;255;1510202078;1
32;16;10;5;1;10;1510202086;10;255;1510202093;1
32;16;10;5;1;10;1510202770;10;255;1510202777;1
32;16;10;5;1;10;1510202949;10;255;1510202956;1
32;16;10;5;1;10;1510203011;10;255;1510203018;1
32;16;10;5;1;10;1510203029;10;255;1510203036;1
32;16;10;5;1;10;1510203710;10;255;1510203717;1
32;16;10;5;1;10;1510203892;10;255;1510203899;1
32;16;10;5;1;10;1510203953;10;255;1510203960;1
32;16;10;5;1;10;1510203975;10;255;1510203982;1
32;16;10;5;1;10;1510204651;10;255;1510204657;1
32;16;10;5;1;10;1510204832;10;255;1510204839;1
32;16;10;5;1;10;1510204895;10;255;1510204902;1
32;16;10;5;1;10;1510204918;10;255;1510204925;1
32;16;10;5;1;10;1510205594;10;255;1510205601;1
32;16;10;5;1;10;1510205774;10;255;1510205780;1
32;16;10;5;1;10;1510205841;10;255;1510205848;1
32;16;10;5;1;10;1510205861;10;255;1510205868;1
32;16;10;5;1;10;1510206537;10;255;1510206544;1
32;16;10;5;1;10;1510206716;10;255;1510206723;1
32;16;10;5;1;10;1510206782;10;255;1510206789;1
32;16;10;5;1;10;1510206805;10;255;1510206811;1
32;16;10;5;1;10;1510207480;10;255;1510207487;1
32;16;10;5;1;10;1510207660;10;255;1510207666;1
32;16;10;5;1;10;1510207725;10;255;1510207732;1
32;16;10;5;1;10;1510207746;10;255;1510207753;1
32;16;10;5;1;10;1510208419;10;255;1510208426;1
32;16;10;5;1;10;1510208601;10;255;1510208608;1
32;16;10;5;1;10;1510208667;10;255;1510208674;1
32;16;10;5;1;10;1510208687;10;255;1510208694;1
32;16;10;5;1;10;1510209361;10;255;1510209368;1
32;16;10;5;1;10;1510209544;10;255;1510209551;1
32;16;10;5;1;10;1510209611;10;255;1510209617;1
32;16;10;5;1;10;1510209630;10;255;1510209637;1
32;16;10;5;1;10;1510210305;10;255;1510210312;1
32;16;10;5;1;10;1510210485;10;255;1510210492;1
32;16;10;5;1;10;1510210552;10;255;1510210559;1
32;16;10;5;1;10;1510210573;10;255;1510210580;1
32;16;10;5;1;10;1510211248;10;255;1510211254;1
32;16;10;5;1;10;1510211426;10;255;1510211433;1
32;16;10;5;1;10;1510211494;10;255;1510211500;1
32;16;10;5;1;10;1510211516;10;255;1510211522;1
32;16;10;5;1;10;1510212190;10;255;1510212196;1
32;16;10;5;1;10;1510212368;10;255;1510212375;1
32;16;10;5;1;10;1510212434;10;255;1510212440;1
32;16;10;5;1;10;1510212457;10;255;1510212464;1
32;16;10;5;1;10;1510213132;10;255;1510213139;1
32;16;10;5;1;10;1510213311;10;255;1510213318;1
32;16;10;5;1;10;1510213378;10;255;1510213384;1
32;16;10;5;1;10;1510213400;10;255;1510213406;1
32;16;10;5;1;10;1510214074;10;255;1510214081;1
32;16;10;5;1;10;1510214254;10;255;1510214260;1
32;16;10;5;1;10;1510214319;10;255;1510214326;1
32;16;10;5;1;10;1510214344;10;255;1510214350;1
32;16;10;5;1;10;1510215018;10;255;1510215024;1
32;16;10;5;1;10;1510215195;10;255;1510215202;1
32;16;10;5;1;10;1510215261;10;255;1510215267;1
32;16;10;5;1;10;1510215287;10;255;1510215294;1
32;16;10;5;1;10;1510215958;10;255;1510215965;1
32;16;10;5;1;10;1510216135;10;255;1510216142;1
32;16;10;5;1;10;1510216202;10;255;1510216209;1
32;16;10;5;1;10;1510216230;10;255;1510216237;1
32;16;10;5;1;10;1510216902;10;255;1510216908;1
32;16;10;5;1;10;1510217078;10;255;1510217084;1
32;16;10;5;1;10;1510217144;10;255;1510217151;1
32;16;10;5;1;10;1510217173;10;255;1510217180;0
32;16;10;5;1;10;1510217844;10;255;1510217851;1
32;16;10;5;1;10;1510218020;10;255;1510218027;1
32;16;10;5;1;10;1510218086;10;255;1510218093;1
32;16;10;5;1;10;1510218117;10;255;1510218124;1
32;16;10;5;1;10;1510218786;10;255;1510218793;1
32;16;10;5;1;10;1510218969;10;255;1510218976;1
32;16;10;5;1;10;1510219036;10;255;1510219042;1
32;16;10;5;1;10;1510219068;10;255;1510219075;0
32;16;10;5;1;10;1510219781;10;255;1510219788;1
32;16;10;5;1;10;1510219969;10;255;1510219976;1
32;16;10;5;1;10;1510220026;10;255;1510220033;1
32;16;10;5;1;10;1510220060;10;255;1510220068;1
32;16;10;5;1;10;1510220801;10;255;1510220808;1
32;16;10;5;1;10;1510220987;10;255;1510220995;1
32;16;10;5;1;10;1510221034;10;255;1510221041;1
32;16;10;5;1;10;1510221067;10;255;1510221075;1
32;16;10;5;1;10;1510221774;10;255;1510221781;1
32;16;10;5;1;10;1510221966;10;255;1510221973;1
32;16;10;5;1;10;1510222016;10;255;1510222023;1
32;16;10;5;1;10;1510222080;10;255;1510222088;1
32;16;10;5;1;10;1510222783;10;255;1510222790;1
32;16;10;5;1;10;1510222972;10;255;1510222980;1
32;16;10;5;1;10;1510223023;10;255;1510223031;1
32;16;10;5;1;10;1510223096;10;255;1510223104;1
32;16;10;5;1;10;1510223803;10;255;1510223810;1
32;16;10;5;1;10;1510223996;10;255;1510224003;1
32;16;10;5;1;10;1510224054;10;255;1510224061;1
32;16;10;5;1;10;1510224113;10;255;1510224120;1
32;16;10;5;1;10;1510224808;10;255;1510224816;1
32;16;10;5;1;10;1510225001;10;255;1510225009;1
32;16;10;5;1;10;1510225052;10;255;1510225059;1
32;16;10;5;1;10;1510225107;10;255;1510225114;1
32;16;10;5;1;10;1510225803;10;255;1510225810;1
32;16;10;5;1;10;1510225992;10;255;1510226000;1
32;16;10;5;1;10;1510226048;10;255;1510226056;1
32;16;10;5;1;10;1510226097;10;255;1510226106;1
32;16;10;5;1;10;1510226820;10;255;1510226827;1
32;16;10;5;1;10;1510227002;10;255;1510227010;1
32;16;10;5;1;10;1510227047;10;255;1510227054;1
32;16;10;5;1;10;1510227110;10;255;1510227117;1
32;16;10;5;1;10;1510252795;10;255;1510252802;0
32;16;10;5;1;10;1510252799;10;255;1510252806;1
32;16;10;5;1;10;1510252799;10;255;1510252806;1
32;16;10;5;1;10;1510252802;10;255;1510252810;1
32;16;10;5;1;10;1510253769;10;255;1510253776;1
32;16;10;5;1;10;1510253772;10;255;1510253779;1
32;16;10;5;1;10;1510253775;10;255;1510253781;1
32;16;10;5;1;10;1510253786;10;255;1510253793;1
32;16;10;5;1;10;1510254703;10;255;1510254710;1
32;16;10;5;1;10;1510254704;10;255;1510254710;1
32;16;10;5;1;10;1510254705;10;255;1510254712;1
32;16;10;5;1;10;1510254727;10;255;1510254733;1
32;16;10;5;1;10;1510255636;10;255;1510255643;1
32;16;10;5;1;10;1510255636;10;255;1510255643;1
32;16;10;5;1;10;1510255639;10;255;1510255646;1
32;16;10;5;1;10;1510255661;10;255;1510255668;1
32;16;10;5;1;10;1510256567;10;255;1510256573;1
32;16;10;5;1;10;1510256568;10;255;1510256575;1
32;16;10;5;1;10;1510256575;10;255;1510256581;1
32;16;10;5;1;10;1510256595;10;255;1510256602;1
32;16;10;5;1;10;1510257498;10;255;1510257504;1
32;16;10;5;1;10;1510257500;10;255;1510257507;1
32;16;10;5;1;10;1510257510;10;255;1510257517;1
32;16;10;5;1;10;1510257531;10;255;1510257538;1
32;16;10;5;1;10;1510258428;10;255;1510258435;1
32;16;10;5;1;10;1510258432;10;255;1510258438;1
32;16;10;5;1;10;1510258446;10;255;1510258452;1
32;16;10;5;1;10;1510258465;10;255;1510258472;1
32;16;10;5;1;10;1510259359;10;255;1510259366;1
32;16;10;5;1;10;1510259364;10;255;1510259371;1
32;16;10;5;1;10;1510259381;10;255;1510259388;1
32;16;10;5;1;10;1510259400;10;255;1510259407;1
32;16;10;5;1;10;1510260290;10;255;1510260297;1
32;16;10;5;1;10;1510260296;10;255;1510260303;1
32;16;10;5;1;10;1510260317;10;255;1510260323;1
32;16;10;5;1;10;1510260335;10;255;1510260342;1
32;16;10;5;1;10;1510261222;10;255;1510261229;1
32;16;10;5;1;10;1510261228;10;255;1510261235;1
32;16;10;5;1;10;1510261253;10;255;1510261259;1
32;16;10;5;1;10;1510261271;10;255;1510261278;0
32;16;10;5;1;10;1510262153;10;255;1510262160;1
32;16;10;5;1;10;1510262160;10;255;1510262167;1
32;16;10;5;1;10;1510262188;10;255;1510262195;1
32;16;10;5;1;10;1510262207;10;255;1510262213;1
32;16;10;5;1;10;1510263084;10;255;1510263091;1
32;16;10;5;1;10;1510263091;10;255;1510263098;1
32;16;10;5;1;10;1510263123;10;255;1510263130;1
32;16;10;5;1;10;1510263142;10;255;1510263149;1
32;16;10;5;1;10;1510264015;10;255;1510264022;1
32;16;10;5;1;10;1510264023;10;255;1510264029;1
32;16;10;5;1;10;1510264060;10;255;1510264067;1
32;16;10;5;1;10;1510264077;10;255;1510264084;1
32;16;10;5;1;10;1510264947;10;255;1510264954;1
32;16;10;5;1;10;1510264954;10;255;1510264961;1
32;16;10;5;1;10;1510264995;10;255;1510265002;1
32;16;10;5;1;10;1510265012;10;255;1510265019;1
32;16;10;5;1;10;1510265878;10;255;1510265885;1
32;16;10;5;1;10;1510265886;10;255;1510265892;1
32;16;10;5;1;10;1510265932;10;255;1510265939;1
32;16;10;5;1;10;1510265947;10;255;1510265954;1
32;16;10;5;1;10;1510266809;10;255;1510266815;1
32;16;10;5;1;10;1510266817;10;255;1510266824;1
32;16;10;5;1;10;1510266868;10;255;1510266875;1
32;16;10;5;1;10;1510266882;10;255;1510266889;1
32;16;10;5;1;10;1510267739;10;255;1510267746;1
32;16;10;5;1;10;1510267749;10;255;1510267756;1
32;16;10;5;1;10;1510267806;10;255;1510267813;1
32;16;10;5;1;10;1510267817;10;255;1510267824;1
32;16;10;5;1;10;1510268670;10;255;1510268677;1
32;16;10;5;1;10;1510268680;10;255;1510268687;1
32;16;10;5;1;10;1510268743;10;255;1510268750;1
32;16;10;5;1;10;1510268752;10;255;1510268759;1
32;16;10;5;1;10;1510269602;10;255;1510269608;1
32;16;10;5;1;10;1510269612;10;255;1510269619;1
32;16;10;5;1;10;1510269679;10;255;1510269686;1
32;16;10;5;1;10;1510269687;10;255;1510269694;1
32;16;10;5;1;10;1510270533;10;255;1510270540;1
32;16;10;5;1;10;1510270545;10;255;1510270552;1
32;16;10;5;1;10;1510270617;10;255;1510270623;1
32;16;10;5;1;10;1510270623;10;255;1510270630;1
32;16;10;5;1;10;1510271464;10;255;1510271470;1
32;16;10;5;1;10;1510271478;10;255;1510271484;1
32;16;10;5;1;10;1510271553;10;255;1510271559;1
32;16;10;5;1;10;1510271559;10;255;1510271566;1
32;16;10;5;1;10;1510272396;10;255;1510272403;1
32;16;10;5;1;10;1510272415;10;255;1510272421;1
32;16;10;5;1;10;1510272484;10;255;1510272491;1
32;16;10;5;1;10;1510272494;10;255;1510272501;1
32;16;10;5;1;10;1510273327;10;255;1510273334;1
32;16;10;5;1;10;1510273352;10;255;1510273358;1
32;16;10;5;1;10;1510273416;10;255;1510273423;1
32;16;10;5;1;10;1510273431;10;255;1510273438;1
32;16;10;5;1;10;1510274258;10;255;1510274264;1
32;16;10;5;1;10;1510274288;10;255;1510274294;1
32;16;10;5;1;10;1510274348;10;255;1510274354;1
32;16;10;5;1;10;1510274367;10;255;1510274374;1
32;16;10;5;1;10;1510275189;10;255;1510275195;1
32;16;10;5;1;10;1510275225;10;255;1510275232;1
32;16;10;5;1;10;1510275279;10;255;1510275286;1
32;16;10;5;1;10;1510275303;10;255;1510275309;1
32;16;10;5;1;10;1510276120;10;255;1510276127;1
32;16;10;5;1;10;1510276161;10;255;1510276168;1
32;16;10;5;1;10;1510276215;10;255;1510276221;1
32;16;10;5;1;10;1510276234;10;255;1510276241;1
32;16;10;5;1;10;1510277051;10;255;1510277058;1
32;16;10;5;1;10;1510277098;10;255;1510277105;1
32;16;10;5;1;10;1510277151;10;255;1510277158;1
32;16;10;5;1;10;1510277166;10;255;1510277172;1
32;16;10;5;1;10;1510277983;10;255;1510277990;1
32;16;10;5;1;10;1510278034;10;255;1510278041;1
32;16;10;5;1;10;1510278087;10;255;1510278094;1
32;16;10;5;1;10;1510278097;10;255;1510278104;1
32;16;10;5;1;10;1510278914;10;255;1510278921;1
32;16;10;5;1;10;1510278972;10;255;1510278978;1
32;16;10;5;1;10;1510279023;10;255;1510279030;1
32;16;10;5;1;10;1510279029;10;255;1510279035;1
32;16;10;5;1;10;1510279845;10;255;1510279852;1
32;16;10;5;1;10;1510279908;10;255;1510279915;1
32;16;10;5;1;10;1510279959;10;255;1510279965;1
32;16;10;5;1;10;1510279960;10;255;1510279967;1
32;16;10;5;1;10;1510280776;10;255;1510280782;1
32;16;10;5;1;10;1510280846;10;255;1510280853;1
32;16;10;5;1;10;1510280891;10;255;1510280898;1
32;16;10;5;1;10;1510280895;10;255;1510280901;0
32;16;10;5;1;10;1510281706;10;255;1510281713;1
32;16;10;5;1;10;1510281784;10;255;1510281791;1
32;16;10;5;1;10;1510281823;10;255;1510281829;1
32;16;10;5;1;10;1510281830;10;255;1510281837;1
32;16;10;5;1;10;1510282637;10;255;1510282644;1
32;16;10;5;1;10;1510282724;10;255;1510282730;1
32;16;10;5;1;10;1510282755;10;255;1510282761;1
32;16;10;5;1;10;1510282766;10;255;1510282773;1
32;16;10;5;1;10;1510283568;10;255;1510283575;1
32;16;10;5;1;10;1510283661;10;255;1510283668;1
32;16;10;5;1;10;1510283686;10;255;1510283693;1
32;16;10;5;1;10;1510283701;10;255;1510283708;1
32;16;10;5;1;10;1510284499;10;255;1510284506;1
32;16;10;5;1;10;1510284599;10;255;1510284606;1
32;16;10;5;1;10;1510284617;10;255;1510284624;1
32;16;10;5;1;10;1510284637;10;255;1510284643;1
32;16;10;5;1;10;1510285430;10;255;1510285436;1
32;16;10;5;1;10;1510285536;10;255;1510285543;1
32;16;10;5;1;10;1510285552;10;255;1510285558;1
32;16;10;5;1;10;1510285569;10;255;1510285575;1
32;16;10;5;1;10;1510286361;10;255;1510286368;1
32;16;10;5;1;10;1510286473;10;255;1510286480;1
32;16;10;5;1;10;1510286488;10;255;1510286495;1
32;16;10;5;1;10;1510286500;10;255;1510286507;1
32;16;10;5;1;10;1510287292;10;255;1510287298;1
32;16;10;5;1;10;1510287411;10;255;1510287418;1
32;16;10;5;1;10;1510287425;10;255;1510287432;1
32;16;10;5;1;10;1510287432;10;255;1510287438;1
32;16;10;5;1;10;1510288223;10;255;1510288230;1
32;16;10;5;1;10;1510288348;10;255;1510288355;1
32;16;10;5;1;10;1510288361;10;255;1510288368;1
32;16;10;5;1;10;1510288364;10;255;1510288370;1
32;16;10;5;1;10;1510289155;10;255;1510289162;1
32;16;10;5;1;10;1510289286;10;255;1510289293;1
32;16;10;5;1;10;1510289295;10;255;1510289302;1
32;16;10;5;1;10;1510289295;10;255;1510289302;1
32;16;10;5;1;10;1510290088;10;255;1510290095;1
32;16;10;5;1;10;1510290224;10;255;1510290231;1
32;16;10;5;1;10;1510290226;10;255;1510290233;1
32;16;10;5;1;10;1510290230;10;255;1510290237;1
32;16;10;5;1;10;1510291020;10;255;1510291027;1
32;16;10;5;1;10;1510291159;10;255;1510291166;1
32;16;10;5;1;10;1510291162;10;255;1510291169;1
32;16;10;5;1;10;1510291165;10;255;1510291172;1
32;16;10;5;1;10;1510291952;10;255;1510291959;1
32;16;10;5;1;10;1510292090;10;255;1510292097;1
32;16;10;5;1;10;1510292100;10;255;1510292106;1
32;16;10;5;1;10;1510292100;10;255;1510292107;1
32;16;10;5;1;10;1510292885;10;255;1510292892;1
32;16;10;5;1;10;1510293022;10;255;1510293029;1
32;16;10;5;1;10;1510293034;10;255;1510293041;1
32;16;10;5;1;10;1510293038;10;255;1510293044;1
32;16;10;5;1;10;1510293817;10;255;1510293824;1
32;16;10;5;1;10;1510293954;10;255;1510293961;1
32;16;10;5;1;10;1510293969;10;255;1510293975;1
32;16;10;5;1;10;1510293977;10;255;1510293984;1
32;16;10;5;1;10;1510294751;10;255;1510294757;1
32;16;10;5;1;10;1510294886;10;255;1510294892;1
32;16;10;5;1;10;1510294903;10;255;1510294910;1
32;16;10;5;1;10;1510294915;10;255;1510294922;1
32;16;10;5;1;10;1510295683;10;255;1510295690;1
32;16;10;5;1;10;1510295817;10;255;1510295824;1
32;16;10;5;1;10;1510295837;10;255;1510295844;1
32;16;10;5;1;10;1510295853;10;255;1510295860;1
32;16;10;5;1;10;1510296616;10;255;1510296623;1
32;16;10;5;1;10;1510296750;10;255;1510296757;1
32;16;10;5;1;10;1510296772;10;255;1510296779;1
32;16;10;5;1;10;1510296791;10;255;1510296798;1
32;16;10;5;1;10;1510297549;10;255;1510297556;1
32;16;10;5;1;10;1510297682;10;255;1510297688;1
32;16;10;5;1;10;1510297707;10;255;1510297714;1
32;16;10;5;1;10;1510297729;10;255;1510297735;1
32;16;10;5;1;10;1510298481;10;255;1510298488;1
32;16;10;5;1;10;1510298613;10;255;1510298620;1
32;16;10;5;1;10;1510298643;10;255;1510298650;1
32;16;10;5;1;10;1510298667;10;255;1510298674;1
32;16;10;5;1;10;1510299413;10;255;1510299420;1
32;16;10;5;1;10;1510299545;10;255;1510299551;1
32;16;10;5;1;10;1510299578;10;255;1510299585;1
32;16;10;5;1;10;1510299605;10;255;1510299612;1
32;16;10;5;1;10;1510300346;10;255;1510300353;1
32;16;10;5;1;10;1510300477;10;255;1510300483;1
32;16;10;5;1;10;1510300513;10;255;1510300519;1
32;16;10;5;1;10;1510300543;10;255;1510300550;1
32;16;10;5;1;10;1510301280;10;255;1510301286;1
32;16;10;5;1;10;1510301409;10;255;1510301416;1
32;16;10;5;1;10;1510301451;10;255;1510301458;1
32;16;10;5;1;10;1510301478;10;255;1510301485;1
32;16;10;5;1;10;1510302212;10;255;1510302219;1
32;16;10;5;1;10;1510302340;10;255;1510302347;1
32;16;10;5;1;10;1510302390;10;255;1510302396;1
32;16;10;5;1;10;1510302413;10;255;1510302420;1
32;16;10;5;1;10;1510303170;10;255;1510303177;1
32;16;10;5;1;10;1510303309;10;255;1510303316;1
32;16;10;5;1;10;1510303364;10;255;1510303371;1
32;16;10;5;1;10;1510303400;10;255;1510303407;1
32;16;10;5;1;10;1510304150;10;255;1510304156;1
32;16;10;5;1;10;1510304290;10;255;1510304297;1
32;16;10;5;1;10;1510304336;10;255;1510304343;1
32;16;10;5;1;10;1510304384;10;255;1510304391;1
32;16;10;5;1;10;1510305130;10;255;1510305137;1
32;16;10;5;1;10;1510305255;10;255;1510305262;1
32;16;10;5;1;10;1510305312;10;255;1510305318;1
32;16;10;5;1;10;1510305353;10;255;1510305360;1
32;16;10;5;1;10;1510306077;10;255;1510306085;1
32;16;10;5;1;10;1510306214;10;255;1510306221;1
32;16;10;5;1;10;1510306271;10;255;1510306278;1
32;16;10;5;1;10;1510306352;10;255;1510306360;1
32;16;10;5;1;10;1510307105;10;255;1510307113;1
32;16;10;5;1;10;1510307261;10;255;1510307268;1
32;16;10;5;1;10;1510307291;10;255;1510307298;1
