32;16;10;5;1;100;1509982307;100;255;1509982318;0
32;16;10;5;1;100;1509982376;100;255;1509982386;0
32;16;10;5;1;100;1509982445;100;255;1509982455;0
32;16;10;5;1;100;1509982545;100;255;1509982556;0
32;16;10;5;1;100;1509983272;100;255;1509983282;0
32;16;10;5;1;100;1509983332;100;255;1509983342;0
32;16;10;5;1;100;1509983399;100;255;1509983410;0
32;16;10;5;1;100;1509983509;100;255;1509983519;0
32;16;10;5;1;100;1509984214;100;255;1509984224;0
32;16;10;5;1;100;1509984270;100;255;1509984280;0
32;16;10;5;1;100;1509984341;100;255;1509984352;0
32;16;10;5;1;100;1509984450;100;255;1509984460;0
32;16;10;5;1;100;1509985156;100;255;1509985166;0
32;16;10;5;1;100;1509985213;100;255;1509985223;1
32;16;10;5;1;100;1509985281;100;255;1509985292;0
32;16;10;5;1;100;1509985391;100;255;1509985402;0
32;16;10;5;1;100;1509986096;100;255;1509986106;0
32;16;10;5;1;100;1509986154;100;255;1509986164;0
32;16;10;5;1;100;1509986225;100;255;1509986235;0
32;16;10;5;1;100;1509986333;100;255;1509986344;0
32;16;10;5;1;100;1509987037;100;255;1509987047;0
32;16;10;5;1;100;1509987098;100;255;1509987108;0
32;16;10;5;1;100;1509987163;100;255;1509987173;0
32;16;10;5;1;100;1509987276;100;255;1509987287;0
32;16;10;5;1;100;1509987978;100;255;1509987988;0
32;16;10;5;1;100;1509988041;100;255;1509988051;0
32;16;10;5;1;100;1509988103;100;255;1509988113;0
32;16;10;5;1;100;1509988217;100;255;1509988227;0
32;16;10;5;1;100;1509988920;100;255;1509988930;0
32;16;10;5;1;100;1509988982;100;255;1509988992;0
32;16;10;5;1;100;1509989045;100;255;1509989055;0
32;16;10;5;1;100;1509989159;100;255;1509989170;0
32;16;10;5;1;100;1509989861;100;255;1509989871;0
32;16;10;5;1;100;1509989925;100;255;1509989935;0
32;16;10;5;1;100;1509989988;100;255;1509989998;0
32;16;10;5;1;100;1509990102;100;255;1509990112;0
32;16;10;5;1;100;1509990803;100;255;1509990814;0
32;16;10;5;1;100;1509990866;100;255;1509990877;0
32;16;10;5;1;100;1509990928;100;255;1509990939;0
32;16;10;5;1;100;1509991044;100;255;1509991054;0
32;16;10;5;1;100;1509991746;100;255;1509991757;0
32;16;10;5;1;100;1509991807;100;255;1509991818;0
32;16;10;5;1;100;1509991867;100;255;1509991878;0
32;16;10;5;1;100;1509991985;100;255;1509991996;0
32;16;10;5;1;100;1509992689;100;255;1509992699;0
32;16;10;5;1;100;1509992748;100;255;1509992758;0
32;16;10;5;1;100;1509992808;100;255;1509992819;0
32;16;10;5;1;100;1509992926;100;255;1509992937;0
32;16;10;5;1;100;1509993629;100;255;1509993640;0
32;16;10;5;1;100;1509993689;100;255;1509993700;0
32;16;10;5;1;100;1509993750;100;255;1509993761;0
32;16;10;5;1;100;1509993869;100;255;1509993879;0
32;16;10;5;1;100;1509994570;100;255;1509994581;0
32;16;10;5;1;100;1509994630;100;255;1509994641;0
32;16;10;5;1;100;1509994691;100;255;1509994702;0
32;16;10;5;1;100;1509994811;100;255;1509994821;0
32;16;10;5;1;100;1509995515;100;255;1509995525;0
32;16;10;5;1;100;1509995572;100;255;1509995583;0
32;16;10;5;1;100;1509995645;100;255;1509995655;0
32;16;10;5;1;100;1509995753;100;255;1509995764;0
32;16;10;5;1;100;1509996460;100;255;1509996471;0
32;16;10;5;1;100;1509996514;100;255;1509996525;0
32;16;10;5;1;100;1509996591;100;255;1509996601;0
32;16;10;5;1;100;1509996693;100;255;1509996703;0
32;16;10;5;1;100;1509997402;100;255;1509997412;0
32;16;10;5;1;100;1509997457;100;255;1509997468;0
32;16;10;5;1;100;1509997532;100;255;1509997542;0
32;16;10;5;1;100;1509997634;100;255;1509997644;0
32;16;10;5;1;100;1509998343;100;255;1509998353;0
32;16;10;5;1;100;1509998399;100;255;1509998410;0
32;16;10;5;1;100;1509998473;100;255;1509998483;0
32;16;10;5;1;100;1509998576;100;255;1509998586;0
32;16;10;5;1;100;1509999288;100;255;1509999298;0
32;16;10;5;1;100;1509999340;100;255;1509999350;0
32;16;10;5;1;100;1509999412;100;255;1509999422;0
32;16;10;5;1;100;1509999516;100;255;1509999526;0
32;16;10;5;1;100;1510000229;100;255;1510000239;0
32;16;10;5;1;100;1510000284;100;255;1510000294;0
32;16;10;5;1;100;1510000352;100;255;1510000363;0
32;16;10;5;1;100;1510000455;100;255;1510000465;0
32;16;10;5;1;100;1510001171;100;255;1510001181;0
32;16;10;5;1;100;1510001226;100;255;1510001236;0
32;16;10;5;1;100;1510001293;100;255;1510001303;0
32;16;10;5;1;100;1510001396;100;255;1510001407;0
32;16;10;5;1;100;1510002112;100;255;1510002123;0
32;16;10;5;1;100;1510002169;100;255;1510002180;0
32;16;10;5;1;100;1510002234;100;255;1510002244;0
32;16;10;5;1;100;1510002336;100;255;1510002346;0
32;16;10;5;1;100;1510003054;100;255;1510003065;0
32;16;10;5;1;100;1510003113;100;255;1510003124;0
32;16;10;5;1;100;1510003177;100;255;1510003187;0
32;16;10;5;1;100;1510003276;100;255;1510003287;0
32;16;10;5;1;100;1510003994;100;255;1510004004;0
32;16;10;5;1;100;1510004053;100;255;1510004063;0
32;16;10;5;1;100;1510004120;100;255;1510004130;0
32;16;10;5;1;100;1510004221;100;255;1510004231;0
32;16;10;5;1;100;1510004936;100;255;1510004946;0
32;16;10;5;1;100;1510004994;100;255;1510005004;0
32;16;10;5;1;100;1510005062;100;255;1510005072;0
32;16;10;5;1;100;1510005162;100;255;1510005172;0
32;16;10;5;1;100;1510005876;100;255;1510005887;0
32;16;10;5;1;100;1510005935;100;255;1510005945;0
32;16;10;5;1;100;1510006006;100;255;1510006017;0
32;16;10;5;1;100;1510006102;100;255;1510006112;0
32;16;10;5;1;100;1510006816;100;255;1510006826;0
32;16;10;5;1;100;1510006875;100;255;1510006885;0
32;16;10;5;1;100;1510006951;100;255;1510006961;0
32;16;10;5;1;100;1510007041;100;255;1510007052;0
32;16;10;5;1;100;1510007756;100;255;1510007766;0
32;16;10;5;1;100;1510007814;100;255;1510007824;0
32;16;10;5;1;100;1510007893;100;255;1510007904;0
32;16;10;5;1;100;1510007985;100;255;1510007996;0
32;16;10;5;1;100;1510008697;100;255;1510008708;0
32;16;10;5;1;100;1510008754;100;255;1510008764;0
32;16;10;5;1;100;1510008835;100;255;1510008845;0
32;16;10;5;1;100;1510008927;100;255;1510008938;0
32;16;10;5;1;100;1510009640;100;255;1510009651;0
32;16;10;5;1;100;1510009696;100;255;1510009706;0
32;16;10;5;1;100;1510009776;100;255;1510009787;0
32;16;10;5;1;100;1510009869;100;255;1510009879;0
32;16;10;5;1;100;1510010580;100;255;1510010590;0
32;16;10;5;1;100;1510010637;100;255;1510010647;0
32;16;10;5;1;100;1510010718;100;255;1510010728;0
32;16;10;5;1;100;1510010813;100;255;1510010823;0
32;16;10;5;1;100;1510011519;100;255;1510011529;0
32;16;10;5;1;100;1510011581;100;255;1510011591;0
32;16;10;5;1;100;1510011660;100;255;1510011670;0
32;16;10;5;1;100;1510011753;100;255;1510011764;0
32;16;10;5;1;100;1510012462;100;255;1510012472;0
32;16;10;5;1;100;1510012524;100;255;1510012534;0
32;16;10;5;1;100;1510012600;100;255;1510012610;0
32;16;10;5;1;100;1510012693;100;255;1510012703;0
32;16;10;5;1;100;1510013404;100;255;1510013414;0
32;16;10;5;1;100;1510013467;100;255;1510013477;0
32;16;10;5;1;100;1510013540;100;255;1510013551;0
32;16;10;5;1;100;1510013635;100;255;1510013645;0
32;16;10;5;1;100;1510014346;100;255;1510014356;0
32;16;10;5;1;100;1510014409;100;255;1510014419;0
32;16;10;5;1;100;1510014481;100;255;1510014491;0
32;16;10;5;1;100;1510014577;100;255;1510014587;0
32;16;10;5;1;100;1510015287;100;255;1510015297;0
32;16;10;5;1;100;1510015350;100;255;1510015360;0
32;16;10;5;1;100;1510015422;100;255;1510015432;0
32;16;10;5;1;100;1510015519;100;255;1510015530;0
32;16;10;5;1;100;1510016229;100;255;1510016239;0
32;16;10;5;1;100;1510016291;100;255;1510016301;0
32;16;10;5;1;100;1510016364;100;255;1510016374;0
32;16;10;5;1;100;1510016459;100;255;1510016470;0
32;16;10;5;1;100;1510017170;100;255;1510017180;0
32;16;10;5;1;100;1510017235;100;255;1510017246;0
32;16;10;5;1;100;1510017304;100;255;1510017314;0
32;16;10;5;1;100;1510017401;100;255;1510017411;0
32;16;10;5;1;100;1510018109;100;255;1510018120;0
32;16;10;5;1;100;1510018177;100;255;1510018188;0
32;16;10;5;1;100;1510018246;100;255;1510018256;0
32;16;10;5;1;100;1510018344;100;255;1510018354;0
32;16;10;5;1;100;1510019050;100;255;1510019060;0
32;16;10;5;1;100;1510019121;100;255;1510019131;0
32;16;10;5;1;100;1510019186;100;255;1510019196;0
32;16;10;5;1;100;1510019285;100;255;1510019295;0
32;16;10;5;1;100;1510019992;100;255;1510020002;0
32;16;10;5;1;100;1510020065;100;255;1510020076;0
32;16;10;5;1;100;1510020126;100;255;1510020136;0
32;16;10;5;1;100;1510020224;100;255;1510020235;0
32;16;10;5;1;100;1510020933;100;255;1510020944;0
32;16;10;5;1;100;1510021007;100;255;1510021017;0
32;16;10;5;1;100;1510021067;100;255;1510021077;0
32;16;10;5;1;100;1510021166;100;255;1510021176;0
32;16;10;5;1;100;1510021873;100;255;1510021884;0
32;16;10;5;1;100;1510021947;100;255;1510021958;0
32;16;10;5;1;100;1510022009;100;255;1510022019;0
32;16;10;5;1;100;1510022108;100;255;1510022118;0
32;16;10;5;1;100;1510022813;100;255;1510022824;0
32;16;10;5;1;100;1510022887;100;255;1510022897;1
32;16;10;5;1;100;1510022953;100;255;1510022963;0
32;16;10;5;1;100;1510023048;100;255;1510023058;0
32;16;10;5;1;100;1510023757;100;255;1510023767;0
32;16;10;5;1;100;1510023829;100;255;1510023839;0
32;16;10;5;1;100;1510023895;100;255;1510023905;0
32;16;10;5;1;100;1510023989;100;255;1510023999;0
32;16;10;5;1;100;1510024699;100;255;1510024709;0
32;16;10;5;1;100;1510024770;100;255;1510024780;0
32;16;10;5;1;100;1510024837;100;255;1510024847;0
32;16;10;5;1;100;1510024930;100;255;1510024941;0
32;16;10;5;1;100;1510025644;100;255;1510025654;0
32;16;10;5;1;100;1510025709;100;255;1510025720;0
32;16;10;5;1;100;1510025779;100;255;1510025789;0
32;16;10;5;1;100;1510025870;100;255;1510025880;0
32;16;10;5;1;100;1510026584;100;255;1510026595;0
32;16;10;5;1;100;1510026650;100;255;1510026661;0
32;16;10;5;1;100;1510026720;100;255;1510026731;0
32;16;10;5;1;100;1510026812;100;255;1510026822;0
32;16;10;5;1;100;1510027526;100;255;1510027536;0
32;16;10;5;1;100;1510027591;100;255;1510027601;0
32;16;10;5;1;100;1510027663;100;255;1510027673;0
32;16;10;5;1;100;1510027753;100;255;1510027763;0
32;16;10;5;1;100;1510028468;100;255;1510028478;0
32;16;10;5;1;100;1510028534;100;255;1510028545;0
32;16;10;5;1;100;1510028606;100;255;1510028616;0
32;16;10;5;1;100;1510028691;100;255;1510028702;0
32;16;10;5;1;100;1510029411;100;255;1510029421;0
32;16;10;5;1;100;1510029475;100;255;1510029486;0
32;16;10;5;1;100;1510029545;100;255;1510029555;0
32;16;10;5;1;100;1510029633;100;255;1510029643;0
32;16;10;5;1;100;1510030350;100;255;1510030360;0
32;16;10;5;1;100;1510030420;100;255;1510030430;0
32;16;10;5;1;100;1510030492;100;255;1510030503;0
32;16;10;5;1;100;1510030572;100;255;1510030583;0
32;16;10;5;1;100;1510031293;100;255;1510031303;0
32;16;10;5;1;100;1510031359;100;255;1510031369;0
32;16;10;5;1;100;1510031433;100;255;1510031444;0
32;16;10;5;1;100;1510031515;100;255;1510031526;0
32;16;10;5;1;100;1510032233;100;255;1510032243;0
32;16;10;5;1;100;1510032299;100;255;1510032310;0
32;16;10;5;1;100;1510032377;100;255;1510032387;0
32;16;10;5;1;100;1510032457;100;255;1510032467;0
32;16;10;5;1;100;1510033174;100;255;1510033184;0
32;16;10;5;1;100;1510033241;100;255;1510033251;0
32;16;10;5;1;100;1510033319;100;255;1510033329;0
32;16;10;5;1;100;1510033397;100;255;1510033407;0
32;16;10;5;1;100;1510034117;100;255;1510034128;0
32;16;10;5;1;100;1510034183;100;255;1510034193;0
32;16;10;5;1;100;1510034259;100;255;1510034269;0
32;16;10;5;1;100;1510034337;100;255;1510034347;0
32;16;10;5;1;100;1510035058;100;255;1510035069;0
32;16;10;5;1;100;1510035124;100;255;1510035134;0
32;16;10;5;1;100;1510035199;100;255;1510035209;0
32;16;10;5;1;100;1510035280;100;255;1510035290;0
32;16;10;5;1;100;1510036000;100;255;1510036010;0
32;16;10;5;1;100;1510036067;100;255;1510036077;0
32;16;10;5;1;100;1510036142;100;255;1510036152;0
32;16;10;5;1;100;1510036218;100;255;1510036228;0
32;16;10;5;1;100;1510036941;100;255;1510036952;0
32;16;10;5;1;100;1510037009;100;255;1510037019;0
32;16;10;5;1;100;1510037082;100;255;1510037093;0
32;16;10;5;1;100;1510037159;100;255;1510037169;0
32;16;10;5;1;100;1510037884;100;255;1510037894;0
32;16;10;5;1;100;1510037951;100;255;1510037962;0
32;16;10;5;1;100;1510038023;100;255;1510038033;0
32;16;10;5;1;100;1510038100;100;255;1510038110;0
32;16;10;5;1;100;1510038826;100;255;1510038836;0
32;16;10;5;1;100;1510038893;100;255;1510038904;0
32;16;10;5;1;100;1510038963;100;255;1510038973;0
32;16;10;5;1;100;1510039041;100;255;1510039051;0
32;16;10;5;1;100;1510039767;100;255;1510039778;0
32;16;10;5;1;100;1510039834;100;255;1510039844;0
32;16;10;5;1;100;1510039907;100;255;1510039917;0
32;16;10;5;1;100;1510039983;100;255;1510039993;0
32;16;10;5;1;100;1510040708;100;255;1510040718;0
32;16;10;5;1;100;1510040774;100;255;1510040785;0
32;16;10;5;1;100;1510040850;100;255;1510040860;0
32;16;10;5;1;100;1510040922;100;255;1510040932;0
32;16;10;5;1;100;1510041650;100;255;1510041661;0
32;16;10;5;1;100;1510041717;100;255;1510041728;0
32;16;10;5;1;100;1510041793;100;255;1510041803;0
32;16;10;5;1;100;1510041862;100;255;1510041872;1
32;16;10;5;1;100;1510042591;100;255;1510042602;0
32;16;10;5;1;100;1510042658;100;255;1510042668;0
32;16;10;5;1;100;1510042735;100;255;1510042746;0
32;16;10;5;1;100;1510042805;100;255;1510042815;0
32;16;10;5;1;100;1510043531;100;255;1510043541;0
32;16;10;5;1;100;1510043602;100;255;1510043612;0
32;16;10;5;1;100;1510043675;100;255;1510043685;0
32;16;10;5;1;100;1510043748;100;255;1510043758;0
32;16;10;5;1;100;1510044476;100;255;1510044487;0
32;16;10;5;1;100;1510044549;100;255;1510044560;0
32;16;10;5;1;100;1510044623;100;255;1510044633;0
32;16;10;5;1;100;1510044696;100;255;1510044707;0
32;16;10;5;1;100;1510045467;100;255;1510045479;0
32;16;10;5;1;100;1510045539;100;255;1510045551;0
32;16;10;5;1;100;1510045616;100;255;1510045629;0
