32;16;10;5;1;102;1509982330;102;255;1509982341;0
32;16;10;5;1;102;1509982397;102;255;1509982408;0
32;16;10;5;1;102;1509982466;102;255;1509982477;0
32;16;10;5;1;102;1509982567;102;255;1509982578;0
32;16;10;5;1;102;1509983293;102;255;1509983303;0
32;16;10;5;1;102;1509983352;102;255;1509983363;0
32;16;10;5;1;102;1509983420;102;255;1509983430;0
32;16;10;5;1;102;1509983530;102;255;1509983540;0
32;16;10;5;1;102;1509984234;102;255;1509984245;0
32;16;10;5;1;102;1509984291;102;255;1509984301;0
32;16;10;5;1;102;1509984362;102;255;1509984372;0
32;16;10;5;1;102;1509984471;102;255;1509984481;1
32;16;10;5;1;102;1509985176;102;255;1509985186;0
32;16;10;5;1;102;1509985234;102;255;1509985244;0
32;16;10;5;1;102;1509985302;102;255;1509985313;0
32;16;10;5;1;102;1509985412;102;255;1509985422;0
32;16;10;5;1;102;1509986117;102;255;1509986127;0
32;16;10;5;1;102;1509986175;102;255;1509986185;0
32;16;10;5;1;102;1509986245;102;255;1509986255;0
32;16;10;5;1;102;1509986354;102;255;1509986364;0
32;16;10;5;1;102;1509987057;102;255;1509987067;0
32;16;10;5;1;102;1509987118;102;255;1509987129;0
32;16;10;5;1;102;1509987184;102;255;1509987194;0
32;16;10;5;1;102;1509987297;102;255;1509987308;0
32;16;10;5;1;102;1509987999;102;255;1509988009;0
32;16;10;5;1;102;1509988061;102;255;1509988072;0
32;16;10;5;1;102;1509988124;102;255;1509988134;0
32;16;10;5;1;102;1509988237;102;255;1509988248;0
32;16;10;5;1;102;1509988940;102;255;1509988950;0
32;16;10;5;1;102;1509989003;102;255;1509989013;0
32;16;10;5;1;102;1509989065;102;255;1509989077;0
32;16;10;5;1;102;1509989180;102;255;1509989190;0
32;16;10;5;1;102;1509989882;102;255;1509989892;0
32;16;10;5;1;102;1509989945;102;255;1509989956;0
32;16;10;5;1;102;1509990008;102;255;1509990019;0
32;16;10;5;1;102;1509990122;102;255;1509990133;0
32;16;10;5;1;102;1509990824;102;255;1509990834;0
32;16;10;5;1;102;1509990887;102;255;1509990897;0
32;16;10;5;1;102;1509990949;102;255;1509990959;0
32;16;10;5;1;102;1509991064;102;255;1509991075;0
32;16;10;5;1;102;1509991767;102;255;1509991777;0
32;16;10;5;1;102;1509991828;102;255;1509991838;0
32;16;10;5;1;102;1509991888;102;255;1509991899;0
32;16;10;5;1;102;1509992006;102;255;1509992016;0
32;16;10;5;1;102;1509992710;102;255;1509992720;0
32;16;10;5;1;102;1509992768;102;255;1509992779;0
32;16;10;5;1;102;1509992829;102;255;1509992839;0
32;16;10;5;1;102;1509992947;102;255;1509992957;0
32;16;10;5;1;102;1509993650;102;255;1509993661;0
32;16;10;5;1;102;1509993710;102;255;1509993720;0
32;16;10;5;1;102;1509993771;102;255;1509993782;0
32;16;10;5;1;102;1509993889;102;255;1509993900;0
32;16;10;5;1;102;1509994591;102;255;1509994601;0
32;16;10;5;1;102;1509994651;102;255;1509994661;0
32;16;10;5;1;102;1509994712;102;255;1509994722;0
32;16;10;5;1;102;1509994832;102;255;1509994842;0
32;16;10;5;1;102;1509995536;102;255;1509995546;0
32;16;10;5;1;102;1509995593;102;255;1509995603;0
32;16;10;5;1;102;1509995666;102;255;1509995677;0
32;16;10;5;1;102;1509995774;102;255;1509995784;0
32;16;10;5;1;102;1509996481;102;255;1509996491;0
32;16;10;5;1;102;1509996535;102;255;1509996545;0
32;16;10;5;1;102;1509996612;102;255;1509996622;0
32;16;10;5;1;102;1509996714;102;255;1509996724;0
32;16;10;5;1;102;1509997422;102;255;1509997433;0
32;16;10;5;1;102;1509997478;102;255;1509997489;0
32;16;10;5;1;102;1509997552;102;255;1509997563;0
32;16;10;5;1;102;1509997654;102;255;1509997665;0
32;16;10;5;1;102;1509998363;102;255;1509998374;0
32;16;10;5;1;102;1509998420;102;255;1509998430;0
32;16;10;5;1;102;1509998493;102;255;1509998504;0
32;16;10;5;1;102;1509998597;102;255;1509998607;0
32;16;10;5;1;102;1509999308;102;255;1509999319;0
32;16;10;5;1;102;1509999360;102;255;1509999371;0
32;16;10;5;1;102;1509999433;102;255;1509999443;0
32;16;10;5;1;102;1509999537;102;255;1509999547;0
32;16;10;5;1;102;1510000249;102;255;1510000260;0
32;16;10;5;1;102;1510000305;102;255;1510000315;0
32;16;10;5;1;102;1510000373;102;255;1510000383;0
32;16;10;5;1;102;1510000476;102;255;1510000486;0
32;16;10;5;1;102;1510001192;102;255;1510001202;0
32;16;10;5;1;102;1510001247;102;255;1510001257;0
32;16;10;5;1;102;1510001314;102;255;1510001324;0
32;16;10;5;1;102;1510001417;102;255;1510001427;0
32;16;10;5;1;102;1510002133;102;255;1510002143;0
32;16;10;5;1;102;1510002190;102;255;1510002200;0
32;16;10;5;1;102;1510002255;102;255;1510002265;0
32;16;10;5;1;102;1510002356;102;255;1510002367;0
32;16;10;5;1;102;1510003075;102;255;1510003085;0
32;16;10;5;1;102;1510003134;102;255;1510003144;0
32;16;10;5;1;102;1510003197;102;255;1510003208;0
32;16;10;5;1;102;1510003297;102;255;1510003308;0
32;16;10;5;1;102;1510004014;102;255;1510004025;0
32;16;10;5;1;102;1510004073;102;255;1510004084;0
32;16;10;5;1;102;1510004141;102;255;1510004152;0
32;16;10;5;1;102;1510004241;102;255;1510004252;0
32;16;10;5;1;102;1510004956;102;255;1510004967;0
32;16;10;5;1;102;1510005015;102;255;1510005025;0
32;16;10;5;1;102;1510005082;102;255;1510005093;0
32;16;10;5;1;102;1510005182;102;255;1510005193;0
32;16;10;5;1;102;1510005897;102;255;1510005907;0
32;16;10;5;1;102;1510005956;102;255;1510005966;0
32;16;10;5;1;102;1510006027;102;255;1510006038;0
32;16;10;5;1;102;1510006123;102;255;1510006133;1
32;16;10;5;1;102;1510006836;102;255;1510006847;0
32;16;10;5;1;102;1510006896;102;255;1510006906;0
32;16;10;5;1;102;1510006971;102;255;1510006982;0
32;16;10;5;1;102;1510007062;102;255;1510007072;0
32;16;10;5;1;102;1510007777;102;255;1510007787;0
32;16;10;5;1;102;1510007835;102;255;1510007845;0
32;16;10;5;1;102;1510007914;102;255;1510007924;0
32;16;10;5;1;102;1510008006;102;255;1510008016;1
32;16;10;5;1;102;1510008718;102;255;1510008729;0
32;16;10;5;1;102;1510008775;102;255;1510008785;0
32;16;10;5;1;102;1510008855;102;255;1510008866;0
32;16;10;5;1;102;1510008948;102;255;1510008959;0
32;16;10;5;1;102;1510009661;102;255;1510009671;0
32;16;10;5;1;102;1510009716;102;255;1510009727;0
32;16;10;5;1;102;1510009797;102;255;1510009807;0
32;16;10;5;1;102;1510009890;102;255;1510009900;0
32;16;10;5;1;102;1510010600;102;255;1510010611;0
32;16;10;5;1;102;1510010657;102;255;1510010667;0
32;16;10;5;1;102;1510010739;102;255;1510010749;0
32;16;10;5;1;102;1510010833;102;255;1510010844;0
32;16;10;5;1;102;1510011539;102;255;1510011550;0
32;16;10;5;1;102;1510011601;102;255;1510011612;0
32;16;10;5;1;102;1510011681;102;255;1510011691;0
32;16;10;5;1;102;1510011774;102;255;1510011784;0
32;16;10;5;1;102;1510012482;102;255;1510012493;0
32;16;10;5;1;102;1510012545;102;255;1510012555;0
32;16;10;5;1;102;1510012621;102;255;1510012631;0
32;16;10;5;1;102;1510012714;102;255;1510012724;0
32;16;10;5;1;102;1510013425;102;255;1510013435;0
32;16;10;5;1;102;1510013488;102;255;1510013498;0
32;16;10;5;1;102;1510013561;102;255;1510013571;0
32;16;10;5;1;102;1510013656;102;255;1510013666;0
32;16;10;5;1;102;1510014366;102;255;1510014377;0
32;16;10;5;1;102;1510014429;102;255;1510014440;0
32;16;10;5;1;102;1510014502;102;255;1510014512;0
32;16;10;5;1;102;1510014598;102;255;1510014608;0
32;16;10;5;1;102;1510015307;102;255;1510015318;0
32;16;10;5;1;102;1510015370;102;255;1510015381;0
32;16;10;5;1;102;1510015442;102;255;1510015453;0
32;16;10;5;1;102;1510015540;102;255;1510015550;0
32;16;10;5;1;102;1510016249;102;255;1510016260;0
32;16;10;5;1;102;1510016312;102;255;1510016322;0
32;16;10;5;1;102;1510016385;102;255;1510016395;0
32;16;10;5;1;102;1510016480;102;255;1510016490;0
32;16;10;5;1;102;1510017190;102;255;1510017201;0
32;16;10;5;1;102;1510017256;102;255;1510017266;0
32;16;10;5;1;102;1510017324;102;255;1510017335;0
32;16;10;5;1;102;1510017422;102;255;1510017432;0
32;16;10;5;1;102;1510018130;102;255;1510018140;0
32;16;10;5;1;102;1510018198;102;255;1510018208;0
32;16;10;5;1;102;1510018266;102;255;1510018277;0
32;16;10;5;1;102;1510018364;102;255;1510018375;0
32;16;10;5;1;102;1510019071;102;255;1510019081;0
32;16;10;5;1;102;1510019141;102;255;1510019151;0
32;16;10;5;1;102;1510019206;102;255;1510019217;0
32;16;10;5;1;102;1510019305;102;255;1510019316;0
32;16;10;5;1;102;1510020012;102;255;1510020023;0
32;16;10;5;1;102;1510020086;102;255;1510020096;0
32;16;10;5;1;102;1510020147;102;255;1510020157;0
32;16;10;5;1;102;1510020245;102;255;1510020255;0
32;16;10;5;1;102;1510020954;102;255;1510020964;0
32;16;10;5;1;102;1510021027;102;255;1510021038;0
32;16;10;5;1;102;1510021088;102;255;1510021098;0
32;16;10;5;1;102;1510021187;102;255;1510021197;0
32;16;10;5;1;102;1510021894;102;255;1510021904;0
32;16;10;5;1;102;1510021968;102;255;1510021978;0
32;16;10;5;1;102;1510022029;102;255;1510022040;0
32;16;10;5;1;102;1510022128;102;255;1510022139;0
32;16;10;5;1;102;1510022834;102;255;1510022845;0
32;16;10;5;1;102;1510022908;102;255;1510022918;0
32;16;10;5;1;102;1510022973;102;255;1510022984;0
32;16;10;5;1;102;1510023068;102;255;1510023079;0
32;16;10;5;1;102;1510023778;102;255;1510023788;0
32;16;10;5;1;102;1510023850;102;255;1510023860;0
32;16;10;5;1;102;1510023916;102;255;1510023926;0
32;16;10;5;1;102;1510024009;102;255;1510024020;0
32;16;10;5;1;102;1510024719;102;255;1510024730;0
32;16;10;5;1;102;1510024790;102;255;1510024800;0
32;16;10;5;1;102;1510024858;102;255;1510024868;0
32;16;10;5;1;102;1510024951;102;255;1510024961;0
32;16;10;5;1;102;1510025665;102;255;1510025675;0
32;16;10;5;1;102;1510025730;102;255;1510025740;0
32;16;10;5;1;102;1510025799;102;255;1510025810;0
32;16;10;5;1;102;1510025891;102;255;1510025901;0
32;16;10;5;1;102;1510026605;102;255;1510026616;0
32;16;10;5;1;102;1510026671;102;255;1510026682;0
32;16;10;5;1;102;1510026741;102;255;1510026752;0
32;16;10;5;1;102;1510026832;102;255;1510026843;0
32;16;10;5;1;102;1510027546;102;255;1510027557;0
32;16;10;5;1;102;1510027612;102;255;1510027622;0
32;16;10;5;1;102;1510027684;102;255;1510027694;0
32;16;10;5;1;102;1510027773;102;255;1510027783;0
32;16;10;5;1;102;1510028488;102;255;1510028499;0
32;16;10;5;1;102;1510028555;102;255;1510028565;0
32;16;10;5;1;102;1510028626;102;255;1510028637;0
32;16;10;5;1;102;1510028712;102;255;1510028722;0
32;16;10;5;1;102;1510029431;102;255;1510029442;0
32;16;10;5;1;102;1510029496;102;255;1510029507;0
32;16;10;5;1;102;1510029565;102;255;1510029576;0
32;16;10;5;1;102;1510029653;102;255;1510029664;0
32;16;10;5;1;102;1510030371;102;255;1510030381;0
32;16;10;5;1;102;1510030441;102;255;1510030451;0
32;16;10;5;1;102;1510030513;102;255;1510030523;0
32;16;10;5;1;102;1510030593;102;255;1510030603;0
32;16;10;5;1;102;1510031314;102;255;1510031324;0
32;16;10;5;1;102;1510031380;102;255;1510031390;0
32;16;10;5;1;102;1510031454;102;255;1510031464;0
32;16;10;5;1;102;1510031536;102;255;1510031546;0
32;16;10;5;1;102;1510032254;102;255;1510032264;0
32;16;10;5;1;102;1510032320;102;255;1510032331;0
32;16;10;5;1;102;1510032398;102;255;1510032408;0
32;16;10;5;1;102;1510032478;102;255;1510032488;0
32;16;10;5;1;102;1510033195;102;255;1510033205;0
32;16;10;5;1;102;1510033261;102;255;1510033272;0
32;16;10;5;1;102;1510033339;102;255;1510033350;0
32;16;10;5;1;102;1510033417;102;255;1510033428;0
32;16;10;5;1;102;1510034138;102;255;1510034148;0
32;16;10;5;1;102;1510034203;102;255;1510034214;0
32;16;10;5;1;102;1510034280;102;255;1510034290;0
32;16;10;5;1;102;1510034358;102;255;1510034368;0
32;16;10;5;1;102;1510035079;102;255;1510035089;0
32;16;10;5;1;102;1510035145;102;255;1510035155;0
32;16;10;5;1;102;1510035219;102;255;1510035230;0
32;16;10;5;1;102;1510035301;102;255;1510035311;0
32;16;10;5;1;102;1510036021;102;255;1510036031;0
32;16;10;5;1;102;1510036087;102;255;1510036098;0
32;16;10;5;1;102;1510036163;102;255;1510036173;0
32;16;10;5;1;102;1510036239;102;255;1510036249;0
32;16;10;5;1;102;1510036962;102;255;1510036972;0
32;16;10;5;1;102;1510037030;102;255;1510037040;0
32;16;10;5;1;102;1510037103;102;255;1510037113;0
32;16;10;5;1;102;1510037179;102;255;1510037190;0
32;16;10;5;1;102;1510037905;102;255;1510037915;0
32;16;10;5;1;102;1510037972;102;255;1510037983;0
32;16;10;5;1;102;1510038043;102;255;1510038054;0
32;16;10;5;1;102;1510038121;102;255;1510038131;0
32;16;10;5;1;102;1510038847;102;255;1510038857;0
32;16;10;5;1;102;1510038914;102;255;1510038925;0
32;16;10;5;1;102;1510038984;102;255;1510038994;0
32;16;10;5;1;102;1510039062;102;255;1510039072;0
32;16;10;5;1;102;1510039788;102;255;1510039798;0
32;16;10;5;1;102;1510039854;102;255;1510039865;0
32;16;10;5;1;102;1510039928;102;255;1510039938;0
32;16;10;5;1;102;1510040003;102;255;1510040014;0
32;16;10;5;1;102;1510040729;102;255;1510040739;0
32;16;10;5;1;102;1510040795;102;255;1510040805;0
32;16;10;5;1;102;1510040871;102;255;1510040881;0
32;16;10;5;1;102;1510040942;102;255;1510040953;0
32;16;10;5;1;102;1510041671;102;255;1510041681;0
32;16;10;5;1;102;1510041738;102;255;1510041748;0
32;16;10;5;1;102;1510041814;102;255;1510041824;0
32;16;10;5;1;102;1510041883;102;255;1510041893;0
32;16;10;5;1;102;1510042612;102;255;1510042622;0
32;16;10;5;1;102;1510042679;102;255;1510042689;0
32;16;10;5;1;102;1510042756;102;255;1510042766;0
32;16;10;5;1;102;1510042825;102;255;1510042836;0
32;16;10;5;1;102;1510043552;102;255;1510043562;0
32;16;10;5;1;102;1510043623;102;255;1510043633;0
32;16;10;5;1;102;1510043695;102;255;1510043706;0
32;16;10;5;1;102;1510043768;102;255;1510043779;0
32;16;10;5;1;102;1510044498;102;255;1510044508;0
32;16;10;5;1;102;1510044570;102;255;1510044580;0
32;16;10;5;1;102;1510044644;102;255;1510044654;0
32;16;10;5;1;102;1510044717;102;255;1510044727;0
32;16;10;5;1;102;1510045490;102;255;1510045501;0
32;16;10;5;1;102;1510045563;102;255;1510045575;0
32;16;10;5;1;102;1510045640;102;255;1510045651;0
32;16;10;5;1;102;1510045720;102;255;1510045732;0
32;16;10;5;1;102;1510046507;102;255;1510046519;0
32;16;10;5;1;102;1510047473;102;255;1510047484;0
32;16;10;5;1;102;1510047491;102;255;1510047502;0
32;16;10;5;1;102;1510047493;102;255;1510047504;0
32;16;10;5;1;102;1510047494;102;255;1510047505;0
32;16;10;5;1;102;1510048448;102;255;1510048458;0
32;16;10;5;1;102;1510048463;102;255;1510048474;0
32;16;10;5;1;102;1510048466;102;255;1510048477;0
32;16;10;5;1;102;1510048473;102;255;1510048484;0
32;16;10;5;1;102;1510049483;102;255;1510049494;0
32;16;10;5;1;102;1510049490;102;255;1510049501;0
32;16;10;5;1;102;1510049505;102;255;1510049516;0
32;16;10;5;1;102;1510050442;102;255;1510050453;0
32;16;10;5;1;102;1510050449;102;255;1510050459;0
32;16;10;5;1;102;1510050466;102;255;1510050476;0
32;16;10;5;1;102;1510051402;102;255;1510051412;0
32;16;10;5;1;102;1510051407;102;255;1510051418;0
32;16;10;5;1;102;1510051425;102;255;1510051436;0
32;16;10;5;1;102;1510052359;102;255;1510052369;0
32;16;10;5;1;102;1510052364;102;255;1510052375;0
32;16;10;5;1;102;1510052383;102;255;1510052394;0
32;16;10;5;1;102;1510053315;102;255;1510053325;0
32;16;10;5;1;102;1510053321;102;255;1510053332;0
32;16;10;5;1;102;1510053340;102;255;1510053351;0
32;16;10;5;1;102;1510054272;102;255;1510054283;0
32;16;10;5;1;102;1510054280;102;255;1510054290;0
32;16;10;5;1;102;1510054298;102;255;1510054309;0
32;16;10;5;1;102;1510055232;102;255;1510055242;0
32;16;10;5;1;102;1510055243;102;255;1510055253;0
32;16;10;5;1;102;1510055261;102;255;1510055272;0
32;16;10;5;1;102;1510056203;102;255;1510056213;0
32;16;10;5;1;102;1510056221;102;255;1510056232;0
32;16;10;5;1;102;1510056244;102;255;1510056255;0
32;16;10;5;1;102;1510057158;102;255;1510057168;0
32;16;10;5;1;102;1510057179;102;255;1510057189;0
32;16;10;5;1;102;1510057206;102;255;1510057216;0
32;16;10;5;1;102;1510058099;102;255;1510058110;0
32;16;10;5;1;102;1510058120;102;255;1510058131;0
32;16;10;5;1;102;1510058148;102;255;1510058158;0
32;16;10;5;1;102;1510059039;102;255;1510059050;0
32;16;10;5;1;102;1510059061;102;255;1510059071;0
32;16;10;5;1;102;1510059088;102;255;1510059098;0
32;16;10;5;1;102;1510059982;102;255;1510059993;0
32;16;10;5;1;102;1510060003;102;255;1510060014;0
32;16;10;5;1;102;1510060032;102;255;1510060042;0
32;16;10;5;1;102;1510060943;102;255;1510060954;0
32;16;10;5;1;102;1510060962;102;255;1510060973;0
32;16;10;5;1;102;1510060998;102;255;1510061008;0
