32;16;10;5;1;109;1509982408;109;255;1509982419;0
32;16;10;5;1;109;1509982473;109;255;1509982484;0
32;16;10;5;1;109;1509982543;109;255;1509982554;0
32;16;10;5;1;109;1509982644;109;255;1509982654;0
32;16;10;5;1;109;1509983366;109;255;1509983377;0
32;16;10;5;1;109;1509983426;109;255;1509983436;0
32;16;10;5;1;109;1509983493;109;255;1509983504;0
32;16;10;5;1;109;1509983604;109;255;1509983615;0
32;16;10;5;1;109;1509984308;109;255;1509984319;0
32;16;10;5;1;109;1509984364;109;255;1509984375;0
32;16;10;5;1;109;1509984436;109;255;1509984446;0
32;16;10;5;1;109;1509984544;109;255;1509984555;0
32;16;10;5;1;109;1509985249;109;255;1509985260;0
32;16;10;5;1;109;1509985307;109;255;1509985317;0
32;16;10;5;1;109;1509985376;109;255;1509985387;0
32;16;10;5;1;109;1509985485;109;255;1509985496;0
32;16;10;5;1;109;1509986190;109;255;1509986201;0
32;16;10;5;1;109;1509986248;109;255;1509986259;0
32;16;10;5;1;109;1509986318;109;255;1509986329;0
32;16;10;5;1;109;1509986427;109;255;1509986438;0
32;16;10;5;1;109;1509987130;109;255;1509987141;0
32;16;10;5;1;109;1509987192;109;255;1509987202;0
32;16;10;5;1;109;1509987257;109;255;1509987268;0
32;16;10;5;1;109;1509987371;109;255;1509987381;0
32;16;10;5;1;109;1509988072;109;255;1509988083;0
32;16;10;5;1;109;1509988135;109;255;1509988145;0
32;16;10;5;1;109;1509988198;109;255;1509988208;0
32;16;10;5;1;109;1509988311;109;255;1509988322;0
32;16;10;5;1;109;1509989014;109;255;1509989025;0
32;16;10;5;1;109;1509989076;109;255;1509989087;0
32;16;10;5;1;109;1509989140;109;255;1509989151;0
32;16;10;5;1;109;1509989253;109;255;1509989264;0
32;16;10;5;1;109;1509989956;109;255;1509989966;0
32;16;10;5;1;109;1509990019;109;255;1509990030;0
32;16;10;5;1;109;1509990082;109;255;1509990093;0
32;16;10;5;1;109;1509990196;109;255;1509990207;0
32;16;10;5;1;109;1509990897;109;255;1509990908;0
32;16;10;5;1;109;1509990960;109;255;1509990971;0
32;16;10;5;1;109;1509991023;109;255;1509991033;0
32;16;10;5;1;109;1509991138;109;255;1509991149;0
32;16;10;5;1;109;1509991840;109;255;1509991851;0
32;16;10;5;1;109;1509991901;109;255;1509991912;0
32;16;10;5;1;109;1509991962;109;255;1509991973;0
32;16;10;5;1;109;1509992080;109;255;1509992090;0
32;16;10;5;1;109;1509992783;109;255;1509992794;0
32;16;10;5;1;109;1509992842;109;255;1509992853;0
32;16;10;5;1;109;1509992903;109;255;1509992914;0
32;16;10;5;1;109;1509993021;109;255;1509993031;0
32;16;10;5;1;109;1509993724;109;255;1509993734;0
32;16;10;5;1;109;1509993783;109;255;1509993794;0
32;16;10;5;1;109;1509993845;109;255;1509993855;0
32;16;10;5;1;109;1509993963;109;255;1509993973;0
32;16;10;5;1;109;1509994665;109;255;1509994675;0
32;16;10;5;1;109;1509994724;109;255;1509994735;0
32;16;10;5;1;109;1509994785;109;255;1509994796;0
32;16;10;5;1;109;1509994905;109;255;1509994916;0
32;16;10;5;1;109;1509995610;109;255;1509995621;0
32;16;10;5;1;109;1509995666;109;255;1509995677;0
32;16;10;5;1;109;1509995742;109;255;1509995753;0
32;16;10;5;1;109;1509995847;109;255;1509995858;0
32;16;10;5;1;109;1509996554;109;255;1509996565;0
32;16;10;5;1;109;1509996608;109;255;1509996619;0
32;16;10;5;1;109;1509996686;109;255;1509996696;0
32;16;10;5;1;109;1509996787;109;255;1509996798;0
32;16;10;5;1;109;1509997496;109;255;1509997507;0
32;16;10;5;1;109;1509997552;109;255;1509997562;0
32;16;10;5;1;109;1509997626;109;255;1509997637;0
32;16;10;5;1;109;1509997728;109;255;1509997738;0
32;16;10;5;1;109;1509998437;109;255;1509998448;0
32;16;10;5;1;109;1509998493;109;255;1509998504;0
32;16;10;5;1;109;1509998567;109;255;1509998577;0
32;16;10;5;1;109;1509998670;109;255;1509998681;0
32;16;10;5;1;109;1509999382;109;255;1509999393;0
32;16;10;5;1;109;1509999434;109;255;1509999445;0
32;16;10;5;1;109;1509999506;109;255;1509999517;0
32;16;10;5;1;109;1509999610;109;255;1509999620;0
32;16;10;5;1;109;1510000323;109;255;1510000334;0
32;16;10;5;1;109;1510000378;109;255;1510000389;0
32;16;10;5;1;109;1510000446;109;255;1510000457;0
32;16;10;5;1;109;1510000549;109;255;1510000560;0
32;16;10;5;1;109;1510001265;109;255;1510001276;0
32;16;10;5;1;109;1510001321;109;255;1510001331;0
32;16;10;5;1;109;1510001387;109;255;1510001398;0
32;16;10;5;1;109;1510001490;109;255;1510001501;0
32;16;10;5;1;109;1510002206;109;255;1510002217;0
32;16;10;5;1;109;1510002264;109;255;1510002274;0
32;16;10;5;1;109;1510002328;109;255;1510002339;0
32;16;10;5;1;109;1510002430;109;255;1510002440;0
32;16;10;5;1;109;1510003148;109;255;1510003159;0
32;16;10;5;1;109;1510003208;109;255;1510003218;0
32;16;10;5;1;109;1510003271;109;255;1510003282;0
32;16;10;5;1;109;1510003371;109;255;1510003382;0
32;16;10;5;1;109;1510004088;109;255;1510004098;0
32;16;10;5;1;109;1510004147;109;255;1510004158;0
32;16;10;5;1;109;1510004215;109;255;1510004226;0
32;16;10;5;1;109;1510004314;109;255;1510004325;0
32;16;10;5;1;109;1510005029;109;255;1510005040;0
32;16;10;5;1;109;1510005088;109;255;1510005099;0
32;16;10;5;1;109;1510005156;109;255;1510005167;0
32;16;10;5;1;109;1510005256;109;255;1510005266;0
32;16;10;5;1;109;1510005971;109;255;1510005981;0
32;16;10;5;1;109;1510006029;109;255;1510006040;0
32;16;10;5;1;109;1510006101;109;255;1510006112;0
32;16;10;5;1;109;1510006196;109;255;1510006207;0
32;16;10;5;1;109;1510006910;109;255;1510006920;0
32;16;10;5;1;109;1510006970;109;255;1510006980;0
32;16;10;5;1;109;1510007045;109;255;1510007056;0
32;16;10;5;1;109;1510007136;109;255;1510007146;0
32;16;10;5;1;109;1510007850;109;255;1510007861;0
32;16;10;5;1;109;1510007908;109;255;1510007918;0
32;16;10;5;1;109;1510007987;109;255;1510007998;0
32;16;10;5;1;109;1510008079;109;255;1510008090;0
32;16;10;5;1;109;1510008791;109;255;1510008802;0
32;16;10;5;1;109;1510008848;109;255;1510008859;0
32;16;10;5;1;109;1510008929;109;255;1510008939;0
32;16;10;5;1;109;1510009021;109;255;1510009032;0
32;16;10;5;1;109;1510009734;109;255;1510009745;0
32;16;10;5;1;109;1510009790;109;255;1510009800;0
32;16;10;5;1;109;1510009870;109;255;1510009881;0
32;16;10;5;1;109;1510009964;109;255;1510009974;0
32;16;10;5;1;109;1510010673;109;255;1510010684;0
32;16;10;5;1;109;1510010730;109;255;1510010741;0
32;16;10;5;1;109;1510010812;109;255;1510010823;0
32;16;10;5;1;109;1510010907;109;255;1510010918;0
32;16;10;5;1;109;1510011613;109;255;1510011623;0
32;16;10;5;1;109;1510011675;109;255;1510011685;0
32;16;10;5;1;109;1510011754;109;255;1510011765;0
32;16;10;5;1;109;1510011847;109;255;1510011858;0
32;16;10;5;1;109;1510012556;109;255;1510012566;0
32;16;10;5;1;109;1510012619;109;255;1510012629;0
32;16;10;5;1;109;1510012694;109;255;1510012705;0
32;16;10;5;1;109;1510012788;109;255;1510012798;0
32;16;10;5;1;109;1510013498;109;255;1510013509;0
32;16;10;5;1;109;1510013562;109;255;1510013572;0
32;16;10;5;1;109;1510013635;109;255;1510013645;0
32;16;10;5;1;109;1510013730;109;255;1510013740;0
32;16;10;5;1;109;1510014440;109;255;1510014451;0
32;16;10;5;1;109;1510014503;109;255;1510014514;0
32;16;10;5;1;109;1510014575;109;255;1510014586;0
32;16;10;5;1;109;1510014671;109;255;1510014682;0
32;16;10;5;1;109;1510015381;109;255;1510015392;0
32;16;10;5;1;109;1510015444;109;255;1510015455;0
32;16;10;5;1;109;1510015516;109;255;1510015526;0
32;16;10;5;1;109;1510015613;109;255;1510015624;0
32;16;10;5;1;109;1510016323;109;255;1510016333;0
32;16;10;5;1;109;1510016385;109;255;1510016396;0
32;16;10;5;1;109;1510016458;109;255;1510016469;0
32;16;10;5;1;109;1510016554;109;255;1510016564;0
32;16;10;5;1;109;1510017263;109;255;1510017274;0
32;16;10;5;1;109;1510017330;109;255;1510017340;0
32;16;10;5;1;109;1510017398;109;255;1510017409;0
32;16;10;5;1;109;1510017495;109;255;1510017506;0
32;16;10;5;1;109;1510018203;109;255;1510018214;0
32;16;10;5;1;109;1510018272;109;255;1510018282;0
32;16;10;5;1;109;1510018340;109;255;1510018351;0
32;16;10;5;1;109;1510018438;109;255;1510018448;0
32;16;10;5;1;109;1510019145;109;255;1510019155;0
32;16;10;5;1;109;1510019215;109;255;1510019225;0
32;16;10;5;1;109;1510019280;109;255;1510019290;0
32;16;10;5;1;109;1510019379;109;255;1510019390;0
32;16;10;5;1;109;1510020086;109;255;1510020096;0
32;16;10;5;1;109;1510020160;109;255;1510020170;0
32;16;10;5;1;109;1510020220;109;255;1510020231;0
32;16;10;5;1;109;1510020318;109;255;1510020329;0
32;16;10;5;1;109;1510021028;109;255;1510021038;0
32;16;10;5;1;109;1510021101;109;255;1510021112;0
32;16;10;5;1;109;1510021161;109;255;1510021172;0
32;16;10;5;1;109;1510021261;109;255;1510021271;0
32;16;10;5;1;109;1510021968;109;255;1510021978;0
32;16;10;5;1;109;1510022041;109;255;1510022052;0
32;16;10;5;1;109;1510022103;109;255;1510022114;0
32;16;10;5;1;109;1510022202;109;255;1510022213;0
32;16;10;5;1;109;1510022908;109;255;1510022919;0
32;16;10;5;1;109;1510022981;109;255;1510022992;0
32;16;10;5;1;109;1510023048;109;255;1510023059;0
32;16;10;5;1;109;1510023142;109;255;1510023152;0
32;16;10;5;1;109;1510023851;109;255;1510023862;0
32;16;10;5;1;109;1510023923;109;255;1510023934;0
32;16;10;5;1;109;1510023989;109;255;1510024000;0
32;16;10;5;1;109;1510024083;109;255;1510024094;0
32;16;10;5;1;109;1510024794;109;255;1510024805;0
32;16;10;5;1;109;1510024863;109;255;1510024874;0
32;16;10;5;1;109;1510024931;109;255;1510024942;0
32;16;10;5;1;109;1510025024;109;255;1510025035;0
32;16;10;5;1;109;1510025738;109;255;1510025749;0
32;16;10;5;1;109;1510025804;109;255;1510025814;0
32;16;10;5;1;109;1510025873;109;255;1510025884;0
32;16;10;5;1;109;1510025964;109;255;1510025975;0
32;16;10;5;1;109;1510026679;109;255;1510026690;0
32;16;10;5;1;109;1510026745;109;255;1510026755;0
32;16;10;5;1;109;1510026815;109;255;1510026825;0
32;16;10;5;1;109;1510026906;109;255;1510026917;0
32;16;10;5;1;109;1510027620;109;255;1510027631;0
32;16;10;5;1;109;1510027685;109;255;1510027696;0
32;16;10;5;1;109;1510027757;109;255;1510027768;0
32;16;10;5;1;109;1510027846;109;255;1510027857;0
32;16;10;5;1;109;1510028562;109;255;1510028573;0
32;16;10;5;1;109;1510028628;109;255;1510028639;0
32;16;10;5;1;109;1510028700;109;255;1510028710;0
32;16;10;5;1;109;1510028785;109;255;1510028796;0
32;16;10;5;1;109;1510029505;109;255;1510029516;0
32;16;10;5;1;109;1510029570;109;255;1510029580;0
32;16;10;5;1;109;1510029639;109;255;1510029650;0
32;16;10;5;1;109;1510029727;109;255;1510029737;0
32;16;10;5;1;109;1510030444;109;255;1510030455;0
32;16;10;5;1;109;1510030514;109;255;1510030524;0
32;16;10;5;1;109;1510030586;109;255;1510030597;0
32;16;10;5;1;109;1510030667;109;255;1510030677;0
32;16;10;5;1;109;1510031387;109;255;1510031398;0
32;16;10;5;1;109;1510031453;109;255;1510031464;0
32;16;10;5;1;109;1510031527;109;255;1510031538;0
32;16;10;5;1;109;1510031609;109;255;1510031620;0
32;16;10;5;1;109;1510032327;109;255;1510032337;0
32;16;10;5;1;109;1510032394;109;255;1510032405;0
32;16;10;5;1;109;1510032471;109;255;1510032482;0
32;16;10;5;1;109;1510032551;109;255;1510032562;0
32;16;10;5;1;109;1510033268;109;255;1510033279;0
32;16;10;5;1;109;1510033335;109;255;1510033346;0
32;16;10;5;1;109;1510033413;109;255;1510033424;0
32;16;10;5;1;109;1510033491;109;255;1510033502;0
32;16;10;5;1;109;1510034212;109;255;1510034222;0
32;16;10;5;1;109;1510034277;109;255;1510034288;0
32;16;10;5;1;109;1510034353;109;255;1510034363;0
32;16;10;5;1;109;1510034431;109;255;1510034442;0
32;16;10;5;1;109;1510035152;109;255;1510035163;0
32;16;10;5;1;109;1510035219;109;255;1510035230;0
32;16;10;5;1;109;1510035293;109;255;1510035303;0
32;16;10;5;1;109;1510035374;109;255;1510035385;0
32;16;10;5;1;109;1510036094;109;255;1510036105;0
32;16;10;5;1;109;1510036161;109;255;1510036172;0
32;16;10;5;1;109;1510036236;109;255;1510036247;0
32;16;10;5;1;109;1510036312;109;255;1510036323;0
32;16;10;5;1;109;1510037036;109;255;1510037047;0
32;16;10;5;1;109;1510037104;109;255;1510037114;0
32;16;10;5;1;109;1510037176;109;255;1510037187;0
32;16;10;5;1;109;1510037253;109;255;1510037263;0
32;16;10;5;1;109;1510037978;109;255;1510037989;0
32;16;10;5;1;109;1510038046;109;255;1510038057;0
32;16;10;5;1;109;1510038117;109;255;1510038127;0
32;16;10;5;1;109;1510038195;109;255;1510038206;0
32;16;10;5;1;109;1510038920;109;255;1510038931;0
32;16;10;5;1;109;1510038988;109;255;1510038998;0
32;16;10;5;1;109;1510039058;109;255;1510039069;0
32;16;10;5;1;109;1510039135;109;255;1510039146;0
32;16;10;5;1;109;1510039861;109;255;1510039872;0
32;16;10;5;1;109;1510039928;109;255;1510039938;0
32;16;10;5;1;109;1510040001;109;255;1510040012;0
32;16;10;5;1;109;1510040076;109;255;1510040087;0
32;16;10;5;1;109;1510040802;109;255;1510040812;1
32;16;10;5;1;109;1510040869;109;255;1510040880;0
32;16;10;5;1;109;1510040944;109;255;1510040955;0
32;16;10;5;1;109;1510041016;109;255;1510041027;0
32;16;10;5;1;109;1510041745;109;255;1510041755;0
32;16;10;5;1;109;1510041812;109;255;1510041822;0
32;16;10;5;1;109;1510041888;109;255;1510041898;0
32;16;10;5;1;109;1510041956;109;255;1510041967;0
32;16;10;5;1;109;1510042686;109;255;1510042696;0
32;16;10;5;1;109;1510042752;109;255;1510042763;0
32;16;10;5;1;109;1510042829;109;255;1510042840;0
32;16;10;5;1;109;1510042899;109;255;1510042909;0
32;16;10;5;1;109;1510043625;109;255;1510043636;0
32;16;10;5;1;109;1510043696;109;255;1510043707;0
32;16;10;5;1;109;1510043769;109;255;1510043780;0
32;16;10;5;1;109;1510043842;109;255;1510043852;0
32;16;10;5;1;109;1510044574;109;255;1510044585;0
32;16;10;5;1;109;1510044646;109;255;1510044657;0
32;16;10;5;1;109;1510044718;109;255;1510044730;0
32;16;10;5;1;109;1510044792;109;255;1510044804;0
32;16;10;5;1;109;1510045570;109;255;1510045581;0
32;16;10;5;1;109;1510045647;109;255;1510045658;0
