32;16;10;5;1;12;1509981515;12;255;1509981522;1
32;16;10;5;1;12;1509981582;12;255;1509981589;1
32;16;10;5;1;12;1509981649;12;255;1509981657;1
32;16;10;5;1;12;1509981763;12;255;1509981770;1
32;16;10;5;1;12;1509982506;12;255;1509982514;1
32;16;10;5;1;12;1509982571;12;255;1509982579;1
32;16;10;5;1;12;1509982643;12;255;1509982650;1
32;16;10;5;1;12;1509982739;12;255;1509982746;1
32;16;10;5;1;12;1509983461;12;255;1509983468;1
32;16;10;5;1;12;1509983519;12;255;1509983526;1
32;16;10;5;1;12;1509983587;12;255;1509983594;1
32;16;10;5;1;12;1509983698;12;255;1509983705;1
32;16;10;5;1;12;1509984403;12;255;1509984410;1
32;16;10;5;1;12;1509984458;12;255;1509984465;1
32;16;10;5;1;12;1509984530;12;255;1509984536;1
32;16;10;5;1;12;1509984638;12;255;1509984645;1
32;16;10;5;1;12;1509985344;12;255;1509985351;1
32;16;10;5;1;12;1509985401;12;255;1509985407;1
32;16;10;5;1;12;1509985470;12;255;1509985477;1
32;16;10;5;1;12;1509985579;12;255;1509985586;1
32;16;10;5;1;12;1509986284;12;255;1509986291;0
32;16;10;5;1;12;1509986342;12;255;1509986349;1
32;16;10;5;1;12;1509986412;12;255;1509986419;1
32;16;10;5;1;12;1509986522;12;255;1509986529;1
32;16;10;5;1;12;1509987225;12;255;1509987232;1
32;16;10;5;1;12;1509987286;12;255;1509987293;1
32;16;10;5;1;12;1509987351;12;255;1509987358;1
32;16;10;5;1;12;1509987464;12;255;1509987471;1
32;16;10;5;1;12;1509988166;12;255;1509988173;1
32;16;10;5;1;12;1509988229;12;255;1509988236;1
32;16;10;5;1;12;1509988292;12;255;1509988298;1
32;16;10;5;1;12;1509988405;12;255;1509988412;1
32;16;10;5;1;12;1509989109;12;255;1509989116;1
32;16;10;5;1;12;1509989170;12;255;1509989177;0
32;16;10;5;1;12;1509989235;12;255;1509989241;1
32;16;10;5;1;12;1509989347;12;255;1509989354;1
32;16;10;5;1;12;1509990049;12;255;1509990056;1
32;16;10;5;1;12;1509990113;12;255;1509990120;1
32;16;10;5;1;12;1509990176;12;255;1509990183;1
32;16;10;5;1;12;1509990290;12;255;1509990297;1
32;16;10;5;1;12;1509990992;12;255;1509990999;1
32;16;10;5;1;12;1509991054;12;255;1509991061;1
32;16;10;5;1;12;1509991117;12;255;1509991123;1
32;16;10;5;1;12;1509991232;12;255;1509991239;0
32;16;10;5;1;12;1509991934;12;255;1509991941;1
32;16;10;5;1;12;1509991996;12;255;1509992002;1
32;16;10;5;1;12;1509992056;12;255;1509992063;1
32;16;10;5;1;12;1509992174;12;255;1509992181;1
32;16;10;5;1;12;1509992877;12;255;1509992884;1
32;16;10;5;1;12;1509992936;12;255;1509992943;1
32;16;10;5;1;12;1509992997;12;255;1509993004;1
32;16;10;5;1;12;1509993115;12;255;1509993122;1
32;16;10;5;1;12;1509993818;12;255;1509993824;1
32;16;10;5;1;12;1509993878;12;255;1509993885;1
32;16;10;5;1;12;1509993939;12;255;1509993945;1
32;16;10;5;1;12;1509994057;12;255;1509994064;1
32;16;10;5;1;12;1509994759;12;255;1509994765;1
32;16;10;5;1;12;1509994818;12;255;1509994825;1
32;16;10;5;1;12;1509994880;12;255;1509994886;1
32;16;10;5;1;12;1509994999;12;255;1509995006;1
32;16;10;5;1;12;1509995705;12;255;1509995712;1
32;16;10;5;1;12;1509995761;12;255;1509995768;1
32;16;10;5;1;12;1509995837;12;255;1509995843;1
32;16;10;5;1;12;1509995941;12;255;1509995948;1
32;16;10;5;1;12;1509996648;12;255;1509996655;1
32;16;10;5;1;12;1509996702;12;255;1509996709;1
32;16;10;5;1;12;1509996780;12;255;1509996786;1
32;16;10;5;1;12;1509996882;12;255;1509996889;1
32;16;10;5;1;12;1509997590;12;255;1509997597;1
32;16;10;5;1;12;1509997646;12;255;1509997653;1
32;16;10;5;1;12;1509997720;12;255;1509997727;1
32;16;10;5;1;12;1509997822;12;255;1509997828;1
32;16;10;5;1;12;1509998531;12;255;1509998538;1
32;16;10;5;1;12;1509998587;12;255;1509998594;1
32;16;10;5;1;12;1509998660;12;255;1509998667;1
32;16;10;5;1;12;1509998764;12;255;1509998771;1
32;16;10;5;1;12;1509999476;12;255;1509999483;1
32;16;10;5;1;12;1509999528;12;255;1509999535;1
32;16;10;5;1;12;1509999600;12;255;1509999607;1
32;16;10;5;1;12;1509999704;12;255;1509999710;1
32;16;10;5;1;12;1510000418;12;255;1510000424;1
32;16;10;5;1;12;1510000472;12;255;1510000479;1
32;16;10;5;1;12;1510000541;12;255;1510000548;1
32;16;10;5;1;12;1510000643;12;255;1510000650;1
32;16;10;5;1;12;1510001359;12;255;1510001366;1
32;16;10;5;1;12;1510001415;12;255;1510001422;1
32;16;10;5;1;12;1510001481;12;255;1510001488;1
32;16;10;5;1;12;1510001584;12;255;1510001591;1
32;16;10;5;1;12;1510002300;12;255;1510002307;1
32;16;10;5;1;12;1510002359;12;255;1510002366;1
32;16;10;5;1;12;1510002422;12;255;1510002429;1
32;16;10;5;1;12;1510002524;12;255;1510002530;1
32;16;10;5;1;12;1510003242;12;255;1510003249;1
32;16;10;5;1;12;1510003301;12;255;1510003308;1
32;16;10;5;1;12;1510003365;12;255;1510003372;1
32;16;10;5;1;12;1510003466;12;255;1510003473;1
32;16;10;5;1;12;1510004181;12;255;1510004188;1
32;16;10;5;1;12;1510004241;12;255;1510004248;1
32;16;10;5;1;12;1510004310;12;255;1510004317;1
32;16;10;5;1;12;1510004408;12;255;1510004415;1
32;16;10;5;1;12;1510005124;12;255;1510005130;1
32;16;10;5;1;12;1510005183;12;255;1510005190;1
32;16;10;5;1;12;1510005251;12;255;1510005257;1
32;16;10;5;1;12;1510005349;12;255;1510005356;0
32;16;10;5;1;12;1510006064;12;255;1510006071;1
32;16;10;5;1;12;1510006123;12;255;1510006130;1
32;16;10;5;1;12;1510006195;12;255;1510006202;1
32;16;10;5;1;12;1510006291;12;255;1510006297;0
32;16;10;5;1;12;1510007004;12;255;1510007011;1
32;16;10;5;1;12;1510007063;12;255;1510007070;1
32;16;10;5;1;12;1510007139;12;255;1510007146;1
32;16;10;5;1;12;1510007230;12;255;1510007237;1
32;16;10;5;1;12;1510007944;12;255;1510007951;1
32;16;10;5;1;12;1510008002;12;255;1510008009;1
32;16;10;5;1;12;1510008081;12;255;1510008088;1
32;16;10;5;1;12;1510008173;12;255;1510008180;1
32;16;10;5;1;12;1510008885;12;255;1510008892;1
32;16;10;5;1;12;1510008943;12;255;1510008949;1
32;16;10;5;1;12;1510009023;12;255;1510009029;1
32;16;10;5;1;12;1510009116;12;255;1510009122;1
32;16;10;5;1;12;1510009828;12;255;1510009835;1
32;16;10;5;1;12;1510009884;12;255;1510009891;1
32;16;10;5;1;12;1510009964;12;255;1510009971;1
32;16;10;5;1;12;1510010058;12;255;1510010065;1
32;16;10;5;1;12;1510010767;12;255;1510010774;1
32;16;10;5;1;12;1510010825;12;255;1510010832;0
32;16;10;5;1;12;1510010906;12;255;1510010913;1
32;16;10;5;1;12;1510011001;12;255;1510011008;1
32;16;10;5;1;12;1510011707;12;255;1510011713;1
32;16;10;5;1;12;1510011769;12;255;1510011776;0
32;16;10;5;1;12;1510011848;12;255;1510011855;1
32;16;10;5;1;12;1510011941;12;255;1510011947;1
32;16;10;5;1;12;1510012650;12;255;1510012657;1
32;16;10;5;1;12;1510012712;12;255;1510012719;1
32;16;10;5;1;12;1510012788;12;255;1510012795;1
32;16;10;5;1;12;1510012882;12;255;1510012889;1
32;16;10;5;1;12;1510013592;12;255;1510013599;1
32;16;10;5;1;12;1510013656;12;255;1510013663;1
32;16;10;5;1;12;1510013729;12;255;1510013736;1
32;16;10;5;1;12;1510013824;12;255;1510013831;1
32;16;10;5;1;12;1510014534;12;255;1510014541;1
32;16;10;5;1;12;1510014597;12;255;1510014604;1
32;16;10;5;1;12;1510014670;12;255;1510014677;1
32;16;10;5;1;12;1510014765;12;255;1510014772;1
32;16;10;5;1;12;1510015475;12;255;1510015482;1
32;16;10;5;1;12;1510015538;12;255;1510015545;1
32;16;10;5;1;12;1510015610;12;255;1510015617;1
32;16;10;5;1;12;1510015707;12;255;1510015714;1
32;16;10;5;1;12;1510016416;12;255;1510016423;1
32;16;10;5;1;12;1510016480;12;255;1510016487;1
32;16;10;5;1;12;1510016552;12;255;1510016558;1
32;16;10;5;1;12;1510016647;12;255;1510016654;1
32;16;10;5;1;12;1510017357;12;255;1510017364;1
32;16;10;5;1;12;1510017423;12;255;1510017430;1
32;16;10;5;1;12;1510017492;12;255;1510017499;1
32;16;10;5;1;12;1510017589;12;255;1510017596;1
32;16;10;5;1;12;1510018297;12;255;1510018304;1
32;16;10;5;1;12;1510018365;12;255;1510018372;1
32;16;10;5;1;12;1510018434;12;255;1510018441;1
32;16;10;5;1;12;1510018531;12;255;1510018538;1
32;16;10;5;1;12;1510019239;12;255;1510019245;1
32;16;10;5;1;12;1510019309;12;255;1510019316;1
32;16;10;5;1;12;1510019374;12;255;1510019380;1
32;16;10;5;1;12;1510019473;12;255;1510019480;1
32;16;10;5;1;12;1510020180;12;255;1510020187;1
32;16;10;5;1;12;1510020254;12;255;1510020261;1
32;16;10;5;1;12;1510020314;12;255;1510020321;1
32;16;10;5;1;12;1510020412;12;255;1510020419;1
32;16;10;5;1;12;1510021121;12;255;1510021128;1
32;16;10;5;1;12;1510021195;12;255;1510021202;1
32;16;10;5;1;12;1510021255;12;255;1510021262;1
32;16;10;5;1;12;1510021355;12;255;1510021362;1
32;16;10;5;1;12;1510022062;12;255;1510022069;1
32;16;10;5;1;12;1510022135;12;255;1510022142;1
32;16;10;5;1;12;1510022197;12;255;1510022204;1
32;16;10;5;1;12;1510022297;12;255;1510022304;1
32;16;10;5;1;12;1510023003;12;255;1510023010;1
32;16;10;5;1;12;1510023075;12;255;1510023082;1
32;16;10;5;1;12;1510023142;12;255;1510023149;0
32;16;10;5;1;12;1510023236;12;255;1510023243;1
32;16;10;5;1;12;1510023946;12;255;1510023953;1
32;16;10;5;1;12;1510024017;12;255;1510024024;1
32;16;10;5;1;12;1510024084;12;255;1510024091;1
32;16;10;5;1;12;1510024178;12;255;1510024184;1
32;16;10;5;1;12;1510024889;12;255;1510024896;1
32;16;10;5;1;12;1510024957;12;255;1510024964;1
32;16;10;5;1;12;1510025026;12;255;1510025032;1
32;16;10;5;1;12;1510025118;12;255;1510025125;1
32;16;10;5;1;12;1510025833;12;255;1510025839;1
32;16;10;5;1;12;1510025897;12;255;1510025904;1
32;16;10;5;1;12;1510025967;12;255;1510025974;1
32;16;10;5;1;12;1510026059;12;255;1510026066;1
32;16;10;5;1;12;1510026773;12;255;1510026780;1
32;16;10;5;1;12;1510026839;12;255;1510026846;1
32;16;10;5;1;12;1510026909;12;255;1510026916;0
32;16;10;5;1;12;1510027000;12;255;1510027007;1
32;16;10;5;1;12;1510027714;12;255;1510027721;1
32;16;10;5;1;12;1510027780;12;255;1510027786;1
32;16;10;5;1;12;1510027851;12;255;1510027858;1
32;16;10;5;1;12;1510027940;12;255;1510027947;1
32;16;10;5;1;12;1510028656;12;255;1510028663;1
32;16;10;5;1;12;1510028723;12;255;1510028729;1
32;16;10;5;1;12;1510028794;12;255;1510028801;0
32;16;10;5;1;12;1510028879;12;255;1510028886;1
32;16;10;5;1;12;1510029599;12;255;1510029606;1
32;16;10;5;1;12;1510029664;12;255;1510029671;1
32;16;10;5;1;12;1510029734;12;255;1510029741;1
32;16;10;5;1;12;1510029820;12;255;1510029827;1
32;16;10;5;1;12;1510030538;12;255;1510030545;1
32;16;10;5;1;12;1510030608;12;255;1510030614;1
32;16;10;5;1;12;1510030680;12;255;1510030687;1
32;16;10;5;1;12;1510030761;12;255;1510030768;1
32;16;10;5;1;12;1510031481;12;255;1510031488;1
32;16;10;5;1;12;1510031547;12;255;1510031554;1
32;16;10;5;1;12;1510031622;12;255;1510031628;1
32;16;10;5;1;12;1510031703;12;255;1510031710;1
32;16;10;5;1;12;1510032420;12;255;1510032427;1
32;16;10;5;1;12;1510032488;12;255;1510032495;1
32;16;10;5;1;12;1510032565;12;255;1510032572;1
32;16;10;5;1;12;1510032646;12;255;1510032652;1
32;16;10;5;1;12;1510033363;12;255;1510033369;1
32;16;10;5;1;12;1510033429;12;255;1510033436;1
32;16;10;5;1;12;1510033507;12;255;1510033513;1
32;16;10;5;1;12;1510033585;12;255;1510033592;1
32;16;10;5;1;12;1510034306;12;255;1510034313;1
32;16;10;5;1;12;1510034371;12;255;1510034378;1
32;16;10;5;1;12;1510034447;12;255;1510034454;1
32;16;10;5;1;12;1510034525;12;255;1510034532;1
32;16;10;5;1;12;1510035246;12;255;1510035253;1
32;16;10;5;1;12;1510035313;12;255;1510035320;1
32;16;10;5;1;12;1510035387;12;255;1510035394;1
32;16;10;5;1;12;1510035468;12;255;1510035475;1
32;16;10;5;1;12;1510036188;12;255;1510036195;1
32;16;10;5;1;12;1510036255;12;255;1510036262;1
32;16;10;5;1;12;1510036330;12;255;1510036337;1
32;16;10;5;1;12;1510036407;12;255;1510036414;1
32;16;10;5;1;12;1510037130;12;255;1510037137;1
32;16;10;5;1;12;1510037197;12;255;1510037204;1
32;16;10;5;1;12;1510037270;12;255;1510037277;1
32;16;10;5;1;12;1510037347;12;255;1510037354;1
32;16;10;5;1;12;1510038072;12;255;1510038079;1
32;16;10;5;1;12;1510038140;12;255;1510038147;1
32;16;10;5;1;12;1510038210;12;255;1510038217;1
32;16;10;5;1;12;1510038289;12;255;1510038296;1
32;16;10;5;1;12;1510039014;12;255;1510039021;1
32;16;10;5;1;12;1510039081;12;255;1510039088;1
32;16;10;5;1;12;1510039152;12;255;1510039159;1
32;16;10;5;1;12;1510039229;12;255;1510039236;1
32;16;10;5;1;12;1510039955;12;255;1510039962;1
32;16;10;5;1;12;1510040022;12;255;1510040029;1
32;16;10;5;1;12;1510040095;12;255;1510040102;1
32;16;10;5;1;12;1510040170;12;255;1510040177;1
32;16;10;5;1;12;1510040896;12;255;1510040903;1
32;16;10;5;1;12;1510040963;12;255;1510040970;0
32;16;10;5;1;12;1510041039;12;255;1510041046;1
32;16;10;5;1;12;1510041110;12;255;1510041117;1
32;16;10;5;1;12;1510041839;12;255;1510041845;1
32;16;10;5;1;12;1510041906;12;255;1510041912;1
32;16;10;5;1;12;1510041981;12;255;1510041988;1
32;16;10;5;1;12;1510042050;12;255;1510042057;0
32;16;10;5;1;12;1510042780;12;255;1510042787;1
32;16;10;5;1;12;1510042847;12;255;1510042854;1
32;16;10;5;1;12;1510042923;12;255;1510042930;1
32;16;10;5;1;12;1510042993;12;255;1510043000;1
32;16;10;5;1;12;1510043719;12;255;1510043726;1
32;16;10;5;1;12;1510043791;12;255;1510043798;1
32;16;10;5;1;12;1510043863;12;255;1510043870;1
32;16;10;5;1;12;1510043936;12;255;1510043943;1
32;16;10;5;1;12;1510044672;12;255;1510044679;1
32;16;10;5;1;12;1510044740;12;255;1510044747;1
32;16;10;5;1;12;1510044817;12;255;1510044825;1
32;16;10;5;1;12;1510044893;12;255;1510044900;1
