32;16;10;5;1;14;1509981529;14;255;1509981536;1
32;16;10;5;1;14;1509981596;14;255;1509981603;1
32;16;10;5;1;14;1509981664;14;255;1509981671;1
32;16;10;5;1;14;1509981777;14;255;1509981784;1
32;16;10;5;1;14;1509982521;14;255;1509982527;1
32;16;10;5;1;14;1509982587;14;255;1509982594;0
32;16;10;5;1;14;1509982657;14;255;1509982664;1
32;16;10;5;1;14;1509982753;14;255;1509982761;1
32;16;10;5;1;14;1509983475;14;255;1509983481;1
32;16;10;5;1;14;1509983533;14;255;1509983540;0
32;16;10;5;1;14;1509983601;14;255;1509983607;1
32;16;10;5;1;14;1509983712;14;255;1509983719;1
32;16;10;5;1;14;1509984417;14;255;1509984424;1
32;16;10;5;1;14;1509984472;14;255;1509984479;1
32;16;10;5;1;14;1509984543;14;255;1509984550;1
32;16;10;5;1;14;1509984651;14;255;1509984658;1
32;16;10;5;1;14;1509985357;14;255;1509985364;1
32;16;10;5;1;14;1509985414;14;255;1509985421;1
32;16;10;5;1;14;1509985484;14;255;1509985491;1
32;16;10;5;1;14;1509985593;14;255;1509985600;0
32;16;10;5;1;14;1509986298;14;255;1509986305;1
32;16;10;5;1;14;1509986356;14;255;1509986363;0
32;16;10;5;1;14;1509986426;14;255;1509986433;1
32;16;10;5;1;14;1509986536;14;255;1509986543;1
32;16;10;5;1;14;1509987238;14;255;1509987245;1
32;16;10;5;1;14;1509987300;14;255;1509987306;1
32;16;10;5;1;14;1509987365;14;255;1509987372;1
32;16;10;5;1;14;1509987478;14;255;1509987485;1
32;16;10;5;1;14;1509988180;14;255;1509988187;1
32;16;10;5;1;14;1509988243;14;255;1509988250;1
32;16;10;5;1;14;1509988305;14;255;1509988312;1
32;16;10;5;1;14;1509988419;14;255;1509988426;1
32;16;10;5;1;14;1509989123;14;255;1509989130;1
32;16;10;5;1;14;1509989184;14;255;1509989191;1
32;16;10;5;1;14;1509989248;14;255;1509989255;0
32;16;10;5;1;14;1509989361;14;255;1509989368;1
32;16;10;5;1;14;1509990063;14;255;1509990070;1
32;16;10;5;1;14;1509990126;14;255;1509990133;1
32;16;10;5;1;14;1509990190;14;255;1509990197;1
32;16;10;5;1;14;1509990304;14;255;1509990311;1
32;16;10;5;1;14;1509991005;14;255;1509991012;1
32;16;10;5;1;14;1509991068;14;255;1509991075;1
32;16;10;5;1;14;1509991130;14;255;1509991137;1
32;16;10;5;1;14;1509991246;14;255;1509991253;1
32;16;10;5;1;14;1509991948;14;255;1509991955;1
32;16;10;5;1;14;1509992009;14;255;1509992016;0
32;16;10;5;1;14;1509992070;14;255;1509992077;1
32;16;10;5;1;14;1509992188;14;255;1509992195;1
32;16;10;5;1;14;1509992891;14;255;1509992898;1
32;16;10;5;1;14;1509992949;14;255;1509992956;1
32;16;10;5;1;14;1509993011;14;255;1509993017;0
32;16;10;5;1;14;1509993129;14;255;1509993136;1
32;16;10;5;1;14;1509993831;14;255;1509993838;1
32;16;10;5;1;14;1509993892;14;255;1509993899;1
32;16;10;5;1;14;1509993952;14;255;1509993959;1
32;16;10;5;1;14;1509994071;14;255;1509994078;1
32;16;10;5;1;14;1509994772;14;255;1509994779;1
32;16;10;5;1;14;1509994832;14;255;1509994839;1
32;16;10;5;1;14;1509994893;14;255;1509994900;1
32;16;10;5;1;14;1509995013;14;255;1509995020;0
32;16;10;5;1;14;1509995719;14;255;1509995726;0
32;16;10;5;1;14;1509995775;14;255;1509995782;1
32;16;10;5;1;14;1509995850;14;255;1509995857;1
32;16;10;5;1;14;1509995955;14;255;1509995962;1
32;16;10;5;1;14;1509996662;14;255;1509996669;1
32;16;10;5;1;14;1509996716;14;255;1509996723;1
32;16;10;5;1;14;1509996793;14;255;1509996800;1
32;16;10;5;1;14;1509996896;14;255;1509996903;0
32;16;10;5;1;14;1509997604;14;255;1509997611;1
32;16;10;5;1;14;1509997660;14;255;1509997667;1
32;16;10;5;1;14;1509997734;14;255;1509997741;1
32;16;10;5;1;14;1509997835;14;255;1509997842;1
32;16;10;5;1;14;1509998545;14;255;1509998552;1
32;16;10;5;1;14;1509998601;14;255;1509998607;1
32;16;10;5;1;14;1509998674;14;255;1509998681;1
32;16;10;5;1;14;1509998778;14;255;1509998785;1
32;16;10;5;1;14;1509999489;14;255;1509999496;1
32;16;10;5;1;14;1509999542;14;255;1509999549;1
32;16;10;5;1;14;1509999613;14;255;1509999620;1
32;16;10;5;1;14;1509999717;14;255;1509999724;1
32;16;10;5;1;14;1510000431;14;255;1510000438;1
32;16;10;5;1;14;1510000486;14;255;1510000493;1
32;16;10;5;1;14;1510000555;14;255;1510000562;1
32;16;10;5;1;14;1510000657;14;255;1510000664;1
32;16;10;5;1;14;1510001373;14;255;1510001380;1
32;16;10;5;1;14;1510001429;14;255;1510001436;0
32;16;10;5;1;14;1510001495;14;255;1510001501;1
32;16;10;5;1;14;1510001598;14;255;1510001605;1
32;16;10;5;1;14;1510002314;14;255;1510002321;1
32;16;10;5;1;14;1510002373;14;255;1510002380;1
32;16;10;5;1;14;1510002436;14;255;1510002443;1
32;16;10;5;1;14;1510002537;14;255;1510002544;1
32;16;10;5;1;14;1510003256;14;255;1510003263;1
32;16;10;5;1;14;1510003315;14;255;1510003322;1
32;16;10;5;1;14;1510003378;14;255;1510003385;0
32;16;10;5;1;14;1510003480;14;255;1510003487;1
32;16;10;5;1;14;1510004195;14;255;1510004202;1
32;16;10;5;1;14;1510004254;14;255;1510004261;1
32;16;10;5;1;14;1510004324;14;255;1510004331;1
32;16;10;5;1;14;1510004422;14;255;1510004429;1
32;16;10;5;1;14;1510005137;14;255;1510005144;1
32;16;10;5;1;14;1510005197;14;255;1510005203;1
32;16;10;5;1;14;1510005264;14;255;1510005271;1
32;16;10;5;1;14;1510005363;14;255;1510005370;1
32;16;10;5;1;14;1510006078;14;255;1510006085;1
32;16;10;5;1;14;1510006136;14;255;1510006143;1
32;16;10;5;1;14;1510006209;14;255;1510006216;1
32;16;10;5;1;14;1510006304;14;255;1510006311;1
32;16;10;5;1;14;1510007018;14;255;1510007025;1
32;16;10;5;1;14;1510007077;14;255;1510007084;1
32;16;10;5;1;14;1510007153;14;255;1510007160;1
32;16;10;5;1;14;1510007244;14;255;1510007251;1
32;16;10;5;1;14;1510007958;14;255;1510007964;1
32;16;10;5;1;14;1510008016;14;255;1510008023;1
32;16;10;5;1;14;1510008095;14;255;1510008102;1
32;16;10;5;1;14;1510008187;14;255;1510008194;1
32;16;10;5;1;14;1510008899;14;255;1510008906;1
32;16;10;5;1;14;1510008956;14;255;1510008963;1
32;16;10;5;1;14;1510009036;14;255;1510009043;1
32;16;10;5;1;14;1510009129;14;255;1510009136;1
32;16;10;5;1;14;1510009842;14;255;1510009849;1
32;16;10;5;1;14;1510009898;14;255;1510009905;1
32;16;10;5;1;14;1510009978;14;255;1510009985;1
32;16;10;5;1;14;1510010072;14;255;1510010079;1
32;16;10;5;1;14;1510010781;14;255;1510010788;1
32;16;10;5;1;14;1510010838;14;255;1510010845;1
32;16;10;5;1;14;1510010920;14;255;1510010927;1
32;16;10;5;1;14;1510011015;14;255;1510011022;1
32;16;10;5;1;14;1510011720;14;255;1510011727;1
32;16;10;5;1;14;1510011783;14;255;1510011790;1
32;16;10;5;1;14;1510011862;14;255;1510011869;1
32;16;10;5;1;14;1510011954;14;255;1510011961;1
32;16;10;5;1;14;1510012664;14;255;1510012671;1
32;16;10;5;1;14;1510012726;14;255;1510012733;1
32;16;10;5;1;14;1510012802;14;255;1510012809;1
32;16;10;5;1;14;1510012895;14;255;1510012902;1
32;16;10;5;1;14;1510013606;14;255;1510013613;1
32;16;10;5;1;14;1510013670;14;255;1510013677;1
32;16;10;5;1;14;1510013742;14;255;1510013749;1
32;16;10;5;1;14;1510013838;14;255;1510013845;1
32;16;10;5;1;14;1510014548;14;255;1510014555;1
32;16;10;5;1;14;1510014610;14;255;1510014617;1
32;16;10;5;1;14;1510014683;14;255;1510014690;1
32;16;10;5;1;14;1510014779;14;255;1510014786;1
32;16;10;5;1;14;1510015489;14;255;1510015496;1
32;16;10;5;1;14;1510015552;14;255;1510015559;0
32;16;10;5;1;14;1510015624;14;255;1510015631;1
32;16;10;5;1;14;1510015721;14;255;1510015727;1
32;16;10;5;1;14;1510016430;14;255;1510016437;1
32;16;10;5;1;14;1510016494;14;255;1510016500;1
32;16;10;5;1;14;1510016565;14;255;1510016572;1
32;16;10;5;1;14;1510016661;14;255;1510016668;1
32;16;10;5;1;14;1510017371;14;255;1510017378;1
32;16;10;5;1;14;1510017437;14;255;1510017444;1
32;16;10;5;1;14;1510017506;14;255;1510017513;1
32;16;10;5;1;14;1510017603;14;255;1510017610;1
32;16;10;5;1;14;1510018311;14;255;1510018317;1
32;16;10;5;1;14;1510018379;14;255;1510018386;1
32;16;10;5;1;14;1510018447;14;255;1510018454;1
32;16;10;5;1;14;1510018545;14;255;1510018552;1
32;16;10;5;1;14;1510019252;14;255;1510019259;1
32;16;10;5;1;14;1510019323;14;255;1510019330;1
32;16;10;5;1;14;1510019387;14;255;1510019394;1
32;16;10;5;1;14;1510019487;14;255;1510019494;1
32;16;10;5;1;14;1510020194;14;255;1510020201;0
32;16;10;5;1;14;1510020268;14;255;1510020275;1
32;16;10;5;1;14;1510020328;14;255;1510020335;1
32;16;10;5;1;14;1510020426;14;255;1510020433;0
32;16;10;5;1;14;1510021135;14;255;1510021142;1
32;16;10;5;1;14;1510021209;14;255;1510021216;1
32;16;10;5;1;14;1510021269;14;255;1510021275;1
32;16;10;5;1;14;1510021368;14;255;1510021375;1
32;16;10;5;1;14;1510022076;14;255;1510022082;1
32;16;10;5;1;14;1510022149;14;255;1510022156;1
32;16;10;5;1;14;1510022211;14;255;1510022218;1
32;16;10;5;1;14;1510022310;14;255;1510022317;1
32;16;10;5;1;14;1510023017;14;255;1510023024;1
32;16;10;5;1;14;1510023089;14;255;1510023096;1
32;16;10;5;1;14;1510023156;14;255;1510023163;1
32;16;10;5;1;14;1510023249;14;255;1510023256;1
32;16;10;5;1;14;1510023959;14;255;1510023966;1
32;16;10;5;1;14;1510024031;14;255;1510024038;1
32;16;10;5;1;14;1510024098;14;255;1510024105;1
32;16;10;5;1;14;1510024191;14;255;1510024198;1
32;16;10;5;1;14;1510024902;14;255;1510024909;1
32;16;10;5;1;14;1510024971;14;255;1510024978;1
32;16;10;5;1;14;1510025039;14;255;1510025046;1
32;16;10;5;1;14;1510025132;14;255;1510025139;1
32;16;10;5;1;14;1510025846;14;255;1510025853;1
32;16;10;5;1;14;1510025911;14;255;1510025918;1
32;16;10;5;1;14;1510025981;14;255;1510025988;1
32;16;10;5;1;14;1510026072;14;255;1510026079;1
32;16;10;5;1;14;1510026787;14;255;1510026794;1
32;16;10;5;1;14;1510026853;14;255;1510026860;1
32;16;10;5;1;14;1510026923;14;255;1510026930;1
32;16;10;5;1;14;1510027014;14;255;1510027020;1
32;16;10;5;1;14;1510027728;14;255;1510027735;1
32;16;10;5;1;14;1510027793;14;255;1510027800;1
32;16;10;5;1;14;1510027865;14;255;1510027872;1
32;16;10;5;1;14;1510027954;14;255;1510027961;1
32;16;10;5;1;14;1510028670;14;255;1510028677;1
32;16;10;5;1;14;1510028736;14;255;1510028743;1
32;16;10;5;1;14;1510028808;14;255;1510028815;1
32;16;10;5;1;14;1510028892;14;255;1510028899;1
32;16;10;5;1;14;1510029613;14;255;1510029619;1
32;16;10;5;1;14;1510029678;14;255;1510029685;0
32;16;10;5;1;14;1510029748;14;255;1510029755;1
32;16;10;5;1;14;1510029834;14;255;1510029841;1
32;16;10;5;1;14;1510030552;14;255;1510030559;1
32;16;10;5;1;14;1510030621;14;255;1510030628;1
32;16;10;5;1;14;1510030694;14;255;1510030701;1
32;16;10;5;1;14;1510030775;14;255;1510030782;1
32;16;10;5;1;14;1510031495;14;255;1510031502;1
32;16;10;5;1;14;1510031561;14;255;1510031567;0
32;16;10;5;1;14;1510031635;14;255;1510031642;1
32;16;10;5;1;14;1510031717;14;255;1510031724;1
32;16;10;5;1;14;1510032434;14;255;1510032441;1
32;16;10;5;1;14;1510032502;14;255;1510032509;1
32;16;10;5;1;14;1510032579;14;255;1510032586;1
32;16;10;5;1;14;1510032659;14;255;1510032666;1
32;16;10;5;1;14;1510033376;14;255;1510033383;0
32;16;10;5;1;14;1510033442;14;255;1510033449;1
32;16;10;5;1;14;1510033520;14;255;1510033527;1
32;16;10;5;1;14;1510033598;14;255;1510033605;1
32;16;10;5;1;14;1510034320;14;255;1510034327;1
32;16;10;5;1;14;1510034385;14;255;1510034392;1
32;16;10;5;1;14;1510034461;14;255;1510034468;1
32;16;10;5;1;14;1510034539;14;255;1510034546;1
32;16;10;5;1;14;1510035259;14;255;1510035266;1
32;16;10;5;1;14;1510035327;14;255;1510035334;1
32;16;10;5;1;14;1510035400;14;255;1510035407;1
32;16;10;5;1;14;1510035481;14;255;1510035488;1
32;16;10;5;1;14;1510036202;14;255;1510036209;1
32;16;10;5;1;14;1510036269;14;255;1510036276;1
32;16;10;5;1;14;1510036344;14;255;1510036351;1
32;16;10;5;1;14;1510036421;14;255;1510036428;0
32;16;10;5;1;14;1510037144;14;255;1510037151;1
32;16;10;5;1;14;1510037211;14;255;1510037218;1
32;16;10;5;1;14;1510037284;14;255;1510037291;1
32;16;10;5;1;14;1510037361;14;255;1510037368;1
32;16;10;5;1;14;1510038086;14;255;1510038093;1
32;16;10;5;1;14;1510038154;14;255;1510038161;1
32;16;10;5;1;14;1510038224;14;255;1510038231;1
32;16;10;5;1;14;1510038302;14;255;1510038309;1
32;16;10;5;1;14;1510039028;14;255;1510039035;1
32;16;10;5;1;14;1510039095;14;255;1510039103;1
32;16;10;5;1;14;1510039166;14;255;1510039173;1
32;16;10;5;1;14;1510039242;14;255;1510039249;1
32;16;10;5;1;14;1510039969;14;255;1510039976;0
32;16;10;5;1;14;1510040036;14;255;1510040043;0
32;16;10;5;1;14;1510040109;14;255;1510040116;1
32;16;10;5;1;14;1510040184;14;255;1510040191;1
32;16;10;5;1;14;1510040910;14;255;1510040917;1
32;16;10;5;1;14;1510040977;14;255;1510040984;1
32;16;10;5;1;14;1510041053;14;255;1510041059;1
32;16;10;5;1;14;1510041124;14;255;1510041130;1
32;16;10;5;1;14;1510041852;14;255;1510041859;1
32;16;10;5;1;14;1510041919;14;255;1510041926;1
32;16;10;5;1;14;1510041995;14;255;1510042002;1
32;16;10;5;1;14;1510042064;14;255;1510042071;1
32;16;10;5;1;14;1510042794;14;255;1510042801;1
32;16;10;5;1;14;1510042861;14;255;1510042867;1
32;16;10;5;1;14;1510042937;14;255;1510042944;0
32;16;10;5;1;14;1510043007;14;255;1510043013;1
32;16;10;5;1;14;1510043733;14;255;1510043740;1
32;16;10;5;1;14;1510043804;14;255;1510043811;1
32;16;10;5;1;14;1510043877;14;255;1510043884;0
32;16;10;5;1;14;1510043950;14;255;1510043957;1
32;16;10;5;1;14;1510044686;14;255;1510044693;0
32;16;10;5;1;14;1510044755;14;255;1510044762;1
32;16;10;5;1;14;1510044832;14;255;1510044840;0
32;16;10;5;1;14;1510044907;14;255;1510044915;1
