32;16;10;5;1;16;1509981542;16;255;1509981549;1
32;16;10;5;1;16;1509981610;16;255;1509981617;1
32;16;10;5;1;16;1509981679;16;255;1509981686;1
32;16;10;5;1;16;1509981791;16;255;1509981798;1
32;16;10;5;1;16;1509982535;16;255;1509982542;1
32;16;10;5;1;16;1509982601;16;255;1509982609;1
32;16;10;5;1;16;1509982671;16;255;1509982678;1
32;16;10;5;1;16;1509982768;16;255;1509982775;1
32;16;10;5;1;16;1509983488;16;255;1509983495;1
32;16;10;5;1;16;1509983547;16;255;1509983554;0
32;16;10;5;1;16;1509983614;16;255;1509983621;1
32;16;10;5;1;16;1509983726;16;255;1509983733;0
32;16;10;5;1;16;1509984431;16;255;1509984438;0
32;16;10;5;1;16;1509984486;16;255;1509984493;0
32;16;10;5;1;16;1509984557;16;255;1509984564;0
32;16;10;5;1;16;1509984665;16;255;1509984672;1
32;16;10;5;1;16;1509985371;16;255;1509985378;1
32;16;10;5;1;16;1509985428;16;255;1509985435;1
32;16;10;5;1;16;1509985498;16;255;1509985505;0
32;16;10;5;1;16;1509985607;16;255;1509985614;0
32;16;10;5;1;16;1509986312;16;255;1509986319;1
32;16;10;5;1;16;1509986370;16;255;1509986377;1
32;16;10;5;1;16;1509986440;16;255;1509986447;1
32;16;10;5;1;16;1509986550;16;255;1509986557;1
32;16;10;5;1;16;1509987252;16;255;1509987259;1
32;16;10;5;1;16;1509987313;16;255;1509987321;1
32;16;10;5;1;16;1509987379;16;255;1509987386;1
32;16;10;5;1;16;1509987492;16;255;1509987499;1
32;16;10;5;1;16;1509988194;16;255;1509988201;0
32;16;10;5;1;16;1509988257;16;255;1509988263;1
32;16;10;5;1;16;1509988319;16;255;1509988326;1
32;16;10;5;1;16;1509988433;16;255;1509988440;1
32;16;10;5;1;16;1509989137;16;255;1509989144;1
32;16;10;5;1;16;1509989198;16;255;1509989205;0
32;16;10;5;1;16;1509989262;16;255;1509989270;1
32;16;10;5;1;16;1509989375;16;255;1509989382;1
32;16;10;5;1;16;1509990077;16;255;1509990084;1
32;16;10;5;1;16;1509990140;16;255;1509990147;1
32;16;10;5;1;16;1509990204;16;255;1509990211;1
32;16;10;5;1;16;1509990318;16;255;1509990325;0
32;16;10;5;1;16;1509991019;16;255;1509991026;1
32;16;10;5;1;16;1509991081;16;255;1509991088;0
32;16;10;5;1;16;1509991144;16;255;1509991151;1
32;16;10;5;1;16;1509991260;16;255;1509991267;1
32;16;10;5;1;16;1509991961;16;255;1509991968;1
32;16;10;5;1;16;1509992023;16;255;1509992030;1
32;16;10;5;1;16;1509992084;16;255;1509992091;1
32;16;10;5;1;16;1509992202;16;255;1509992209;0
32;16;10;5;1;16;1509992905;16;255;1509992912;1
32;16;10;5;1;16;1509992964;16;255;1509992971;1
32;16;10;5;1;16;1509993024;16;255;1509993031;1
32;16;10;5;1;16;1509993143;16;255;1509993150;1
32;16;10;5;1;16;1509993845;16;255;1509993852;1
32;16;10;5;1;16;1509993905;16;255;1509993912;1
32;16;10;5;1;16;1509993966;16;255;1509993973;1
32;16;10;5;1;16;1509994085;16;255;1509994092;1
32;16;10;5;1;16;1509994786;16;255;1509994793;1
32;16;10;5;1;16;1509994846;16;255;1509994853;0
32;16;10;5;1;16;1509994907;16;255;1509994914;1
32;16;10;5;1;16;1509995027;16;255;1509995034;1
32;16;10;5;1;16;1509995733;16;255;1509995740;1
32;16;10;5;1;16;1509995789;16;255;1509995796;1
32;16;10;5;1;16;1509995864;16;255;1509995871;1
32;16;10;5;1;16;1509995969;16;255;1509995976;0
32;16;10;5;1;16;1509996676;16;255;1509996683;0
32;16;10;5;1;16;1509996730;16;255;1509996736;1
32;16;10;5;1;16;1509996807;16;255;1509996814;1
32;16;10;5;1;16;1509996910;16;255;1509996917;0
32;16;10;5;1;16;1509997618;16;255;1509997625;1
32;16;10;5;1;16;1509997674;16;255;1509997681;1
32;16;10;5;1;16;1509997748;16;255;1509997755;1
32;16;10;5;1;16;1509997849;16;255;1509997856;1
32;16;10;5;1;16;1509998559;16;255;1509998566;1
32;16;10;5;1;16;1509998614;16;255;1509998621;1
32;16;10;5;1;16;1509998688;16;255;1509998695;1
32;16;10;5;1;16;1509998792;16;255;1509998799;1
32;16;10;5;1;16;1509999503;16;255;1509999510;1
32;16;10;5;1;16;1509999556;16;255;1509999563;1
32;16;10;5;1;16;1509999627;16;255;1509999634;1
32;16;10;5;1;16;1509999731;16;255;1509999738;1
32;16;10;5;1;16;1510000445;16;255;1510000452;1
32;16;10;5;1;16;1510000500;16;255;1510000507;1
32;16;10;5;1;16;1510000569;16;255;1510000576;1
32;16;10;5;1;16;1510000671;16;255;1510000678;1
32;16;10;5;1;16;1510001387;16;255;1510001394;1
32;16;10;5;1;16;1510001443;16;255;1510001450;1
32;16;10;5;1;16;1510001508;16;255;1510001515;1
32;16;10;5;1;16;1510001612;16;255;1510001619;0
32;16;10;5;1;16;1510002328;16;255;1510002335;0
32;16;10;5;1;16;1510002387;16;255;1510002394;1
32;16;10;5;1;16;1510002450;16;255;1510002457;1
32;16;10;5;1;16;1510002551;16;255;1510002558;1
32;16;10;5;1;16;1510003270;16;255;1510003277;1
32;16;10;5;1;16;1510003329;16;255;1510003336;1
32;16;10;5;1;16;1510003392;16;255;1510003399;1
32;16;10;5;1;16;1510003494;16;255;1510003501;1
32;16;10;5;1;16;1510004209;16;255;1510004216;1
32;16;10;5;1;16;1510004268;16;255;1510004275;1
32;16;10;5;1;16;1510004338;16;255;1510004345;1
32;16;10;5;1;16;1510004436;16;255;1510004443;1
32;16;10;5;1;16;1510005151;16;255;1510005158;1
32;16;10;5;1;16;1510005210;16;255;1510005217;1
32;16;10;5;1;16;1510005278;16;255;1510005285;1
32;16;10;5;1;16;1510005377;16;255;1510005384;1
32;16;10;5;1;16;1510006092;16;255;1510006099;1
32;16;10;5;1;16;1510006150;16;255;1510006157;1
32;16;10;5;1;16;1510006223;16;255;1510006230;0
32;16;10;5;1;16;1510006318;16;255;1510006325;1
32;16;10;5;1;16;1510007032;16;255;1510007039;1
32;16;10;5;1;16;1510007091;16;255;1510007098;1
32;16;10;5;1;16;1510007167;16;255;1510007174;1
32;16;10;5;1;16;1510007258;16;255;1510007265;0
32;16;10;5;1;16;1510007971;16;255;1510007978;0
32;16;10;5;1;16;1510008030;16;255;1510008037;1
32;16;10;5;1;16;1510008109;16;255;1510008116;1
32;16;10;5;1;16;1510008201;16;255;1510008208;1
32;16;10;5;1;16;1510008913;16;255;1510008920;1
32;16;10;5;1;16;1510008970;16;255;1510008977;1
32;16;10;5;1;16;1510009050;16;255;1510009057;1
32;16;10;5;1;16;1510009143;16;255;1510009150;1
32;16;10;5;1;16;1510009856;16;255;1510009863;1
32;16;10;5;1;16;1510009912;16;255;1510009919;1
32;16;10;5;1;16;1510009992;16;255;1510009999;1
32;16;10;5;1;16;1510010087;16;255;1510010094;1
32;16;10;5;1;16;1510010795;16;255;1510010802;1
32;16;10;5;1;16;1510010852;16;255;1510010859;1
32;16;10;5;1;16;1510010933;16;255;1510010940;1
32;16;10;5;1;16;1510011029;16;255;1510011036;0
32;16;10;5;1;16;1510011734;16;255;1510011741;1
32;16;10;5;1;16;1510011797;16;255;1510011804;1
32;16;10;5;1;16;1510011876;16;255;1510011883;1
32;16;10;5;1;16;1510011968;16;255;1510011975;1
32;16;10;5;1;16;1510012678;16;255;1510012685;1
32;16;10;5;1;16;1510012740;16;255;1510012747;1
32;16;10;5;1;16;1510012816;16;255;1510012823;1
32;16;10;5;1;16;1510012909;16;255;1510012916;1
32;16;10;5;1;16;1510013620;16;255;1510013627;1
32;16;10;5;1;16;1510013684;16;255;1510013690;0
32;16;10;5;1;16;1510013756;16;255;1510013763;1
32;16;10;5;1;16;1510013852;16;255;1510013859;1
32;16;10;5;1;16;1510014562;16;255;1510014569;1
32;16;10;5;1;16;1510014624;16;255;1510014631;1
32;16;10;5;1;16;1510014697;16;255;1510014704;1
32;16;10;5;1;16;1510014793;16;255;1510014800;1
32;16;10;5;1;16;1510015502;16;255;1510015509;1
32;16;10;5;1;16;1510015566;16;255;1510015572;1
32;16;10;5;1;16;1510015638;16;255;1510015645;1
32;16;10;5;1;16;1510015734;16;255;1510015741;1
32;16;10;5;1;16;1510016444;16;255;1510016451;1
32;16;10;5;1;16;1510016507;16;255;1510016514;1
32;16;10;5;1;16;1510016579;16;255;1510016586;1
32;16;10;5;1;16;1510016675;16;255;1510016682;1
32;16;10;5;1;16;1510017385;16;255;1510017392;0
32;16;10;5;1;16;1510017451;16;255;1510017458;1
32;16;10;5;1;16;1510017520;16;255;1510017527;1
32;16;10;5;1;16;1510017617;16;255;1510017624;1
32;16;10;5;1;16;1510018324;16;255;1510018331;1
32;16;10;5;1;16;1510018393;16;255;1510018400;1
32;16;10;5;1;16;1510018461;16;255;1510018468;1
32;16;10;5;1;16;1510018559;16;255;1510018566;1
32;16;10;5;1;16;1510019266;16;255;1510019273;1
32;16;10;5;1;16;1510019337;16;255;1510019344;1
32;16;10;5;1;16;1510019401;16;255;1510019408;1
32;16;10;5;1;16;1510019501;16;255;1510019508;1
32;16;10;5;1;16;1510020208;16;255;1510020215;1
32;16;10;5;1;16;1510020282;16;255;1510020289;1
32;16;10;5;1;16;1510020342;16;255;1510020349;1
32;16;10;5;1;16;1510020440;16;255;1510020447;1
32;16;10;5;1;16;1510021149;16;255;1510021156;1
32;16;10;5;1;16;1510021223;16;255;1510021230;1
32;16;10;5;1;16;1510021282;16;255;1510021289;1
32;16;10;5;1;16;1510021382;16;255;1510021389;1
32;16;10;5;1;16;1510022089;16;255;1510022096;1
32;16;10;5;1;16;1510022162;16;255;1510022169;1
32;16;10;5;1;16;1510022225;16;255;1510022232;0
32;16;10;5;1;16;1510022324;16;255;1510022331;1
32;16;10;5;1;16;1510023031;16;255;1510023038;1
32;16;10;5;1;16;1510023103;16;255;1510023110;1
32;16;10;5;1;16;1510023170;16;255;1510023177;0
32;16;10;5;1;16;1510023263;16;255;1510023270;1
32;16;10;5;1;16;1510023973;16;255;1510023980;1
32;16;10;5;1;16;1510024045;16;255;1510024052;1
32;16;10;5;1;16;1510024112;16;255;1510024118;1
32;16;10;5;1;16;1510024205;16;255;1510024212;1
32;16;10;5;1;16;1510024916;16;255;1510024923;1
32;16;10;5;1;16;1510024985;16;255;1510024992;1
32;16;10;5;1;16;1510025053;16;255;1510025060;1
32;16;10;5;1;16;1510025146;16;255;1510025153;0
32;16;10;5;1;16;1510025860;16;255;1510025867;1
32;16;10;5;1;16;1510025925;16;255;1510025932;1
32;16;10;5;1;16;1510025995;16;255;1510026002;1
32;16;10;5;1;16;1510026086;16;255;1510026093;1
32;16;10;5;1;16;1510026800;16;255;1510026807;0
32;16;10;5;1;16;1510026867;16;255;1510026874;1
32;16;10;5;1;16;1510026937;16;255;1510026944;0
32;16;10;5;1;16;1510027028;16;255;1510027035;1
32;16;10;5;1;16;1510027741;16;255;1510027748;1
32;16;10;5;1;16;1510027807;16;255;1510027814;1
32;16;10;5;1;16;1510027879;16;255;1510027886;1
32;16;10;5;1;16;1510027968;16;255;1510027975;1
32;16;10;5;1;16;1510028684;16;255;1510028691;0
32;16;10;5;1;16;1510028750;16;255;1510028757;1
32;16;10;5;1;16;1510028822;16;255;1510028829;1
32;16;10;5;1;16;1510028906;16;255;1510028913;1
32;16;10;5;1;16;1510029626;16;255;1510029633;1
32;16;10;5;1;16;1510029692;16;255;1510029699;1
32;16;10;5;1;16;1510029762;16;255;1510029769;1
32;16;10;5;1;16;1510029848;16;255;1510029855;1
32;16;10;5;1;16;1510030566;16;255;1510030573;0
32;16;10;5;1;16;1510030635;16;255;1510030642;1
32;16;10;5;1;16;1510030708;16;255;1510030715;0
32;16;10;5;1;16;1510030789;16;255;1510030796;1
32;16;10;5;1;16;1510031509;16;255;1510031516;1
32;16;10;5;1;16;1510031574;16;255;1510031581;1
32;16;10;5;1;16;1510031649;16;255;1510031656;1
32;16;10;5;1;16;1510031731;16;255;1510031738;0
32;16;10;5;1;16;1510032448;16;255;1510032455;1
32;16;10;5;1;16;1510032516;16;255;1510032523;1
32;16;10;5;1;16;1510032593;16;255;1510032600;1
32;16;10;5;1;16;1510032673;16;255;1510032680;1
32;16;10;5;1;16;1510033390;16;255;1510033397;1
32;16;10;5;1;16;1510033456;16;255;1510033463;1
32;16;10;5;1;16;1510033534;16;255;1510033541;1
32;16;10;5;1;16;1510033612;16;255;1510033619;0
32;16;10;5;1;16;1510034334;16;255;1510034341;1
32;16;10;5;1;16;1510034399;16;255;1510034406;1
32;16;10;5;1;16;1510034475;16;255;1510034482;1
32;16;10;5;1;16;1510034553;16;255;1510034560;1
32;16;10;5;1;16;1510035273;16;255;1510035280;1
32;16;10;5;1;16;1510035341;16;255;1510035348;1
32;16;10;5;1;16;1510035414;16;255;1510035421;0
32;16;10;5;1;16;1510035495;16;255;1510035502;1
32;16;10;5;1;16;1510036216;16;255;1510036223;1
32;16;10;5;1;16;1510036282;16;255;1510036289;1
32;16;10;5;1;16;1510036358;16;255;1510036365;1
32;16;10;5;1;16;1510036435;16;255;1510036442;1
32;16;10;5;1;16;1510037158;16;255;1510037165;1
32;16;10;5;1;16;1510037225;16;255;1510037232;1
32;16;10;5;1;16;1510037298;16;255;1510037305;1
32;16;10;5;1;16;1510037374;16;255;1510037381;1
32;16;10;5;1;16;1510038100;16;255;1510038107;0
32;16;10;5;1;16;1510038168;16;255;1510038175;0
32;16;10;5;1;16;1510038238;16;255;1510038245;1
32;16;10;5;1;16;1510038316;16;255;1510038323;1
32;16;10;5;1;16;1510039041;16;255;1510039048;1
32;16;10;5;1;16;1510039110;16;255;1510039117;1
32;16;10;5;1;16;1510039180;16;255;1510039187;1
32;16;10;5;1;16;1510039256;16;255;1510039263;1
32;16;10;5;1;16;1510039983;16;255;1510039990;1
32;16;10;5;1;16;1510040050;16;255;1510040057;1
32;16;10;5;1;16;1510040123;16;255;1510040130;0
32;16;10;5;1;16;1510040198;16;255;1510040205;1
32;16;10;5;1;16;1510040924;16;255;1510040931;1
32;16;10;5;1;16;1510040991;16;255;1510040998;1
32;16;10;5;1;16;1510041066;16;255;1510041073;0
32;16;10;5;1;16;1510041137;16;255;1510041144;1
32;16;10;5;1;16;1510041866;16;255;1510041874;0
32;16;10;5;1;16;1510041933;16;255;1510041940;1
32;16;10;5;1;16;1510042009;16;255;1510042016;1
32;16;10;5;1;16;1510042078;16;255;1510042085;1
32;16;10;5;1;16;1510042807;16;255;1510042814;1
32;16;10;5;1;16;1510042874;16;255;1510042882;1
32;16;10;5;1;16;1510042951;16;255;1510042958;1
32;16;10;5;1;16;1510043020;16;255;1510043027;1
32;16;10;5;1;16;1510043747;16;255;1510043754;1
32;16;10;5;1;16;1510043818;16;255;1510043825;1
32;16;10;5;1;16;1510043890;16;255;1510043897;1
32;16;10;5;1;16;1510043964;16;255;1510043970;1
32;16;10;5;1;16;1510044700;16;255;1510044707;0
32;16;10;5;1;16;1510044769;16;255;1510044776;1
32;16;10;5;1;16;1510044847;16;255;1510044854;1
32;16;10;5;1;16;1510044922;16;255;1510044929;1
32;16;10;5;1;16;1510045702;16;255;1510045710;1
32;16;10;5;1;16;1510045781;16;255;1510045789;1
32;16;10;5;1;16;1510045853;16;255;1510045860;1
32;16;10;5;1;16;1510045931;16;255;1510045939;1
32;16;10;5;1;16;1510046709;16;255;1510046716;0
32;16;10;5;1;16;1510046719;16;255;1510046726;1
32;16;10;5;1;16;1510046728;16;255;1510046735;1
32;16;10;5;1;16;1510046732;16;255;1510046740;1
32;16;10;5;1;16;1510047681;16;255;1510047688;0
32;16;10;5;1;16;1510047701;16;255;1510047708;1
32;16;10;5;1;16;1510047702;16;255;1510047710;1
32;16;10;5;1;16;1510047705;16;255;1510047713;1
32;16;10;5;1;16;1510048647;16;255;1510048654;1
32;16;10;5;1;16;1510048661;16;255;1510048668;0
32;16;10;5;1;16;1510048665;16;255;1510048672;1
32;16;10;5;1;16;1510048672;16;255;1510048680;1
32;16;10;5;1;16;1510049683;16;255;1510049690;1
32;16;10;5;1;16;1510049690;16;255;1510049698;1
32;16;10;5;1;16;1510049706;16;255;1510049713;1
32;16;10;5;1;16;1510050640;16;255;1510050647;1
32;16;10;5;1;16;1510050647;16;255;1510050654;1
32;16;10;5;1;16;1510050664;16;255;1510050671;1
32;16;10;5;1;16;1510051600;16;255;1510051607;1
32;16;10;5;1;16;1510051606;16;255;1510051613;1
32;16;10;5;1;16;1510051625;16;255;1510051632;1
32;16;10;5;1;16;1510052557;16;255;1510052564;1
32;16;10;5;1;16;1510052563;16;255;1510052570;1
32;16;10;5;1;16;1510052581;16;255;1510052588;1
32;16;10;5;1;16;1510053513;16;255;1510053520;1
32;16;10;5;1;16;1510053519;16;255;1510053526;1
32;16;10;5;1;16;1510053538;16;255;1510053545;0
32;16;10;5;1;16;1510054472;16;255;1510054479;1
32;16;10;5;1;16;1510054480;16;255;1510054487;1
32;16;10;5;1;16;1510054500;16;255;1510054507;1
32;16;10;5;1;16;1510055438;16;255;1510055445;1
32;16;10;5;1;16;1510055451;16;255;1510055458;1
32;16;10;5;1;16;1510055469;16;255;1510055476;1
32;16;10;5;1;16;1510056401;16;255;1510056408;1
32;16;10;5;1;16;1510056419;16;255;1510056426;1
32;16;10;5;1;16;1510056444;16;255;1510056452;1
32;16;10;5;1;16;1510057353;16;255;1510057360;1
32;16;10;5;1;16;1510057374;16;255;1510057381;0
32;16;10;5;1;16;1510057402;16;255;1510057409;1
32;16;10;5;1;16;1510058294;16;255;1510058301;1
32;16;10;5;1;16;1510058316;16;255;1510058323;0
32;16;10;5;1;16;1510058343;16;255;1510058350;1
32;16;10;5;1;16;1510059235;16;255;1510059242;1
32;16;10;5;1;16;1510059256;16;255;1510059263;1
32;16;10;5;1;16;1510059283;16;255;1510059290;1
32;16;10;5;1;16;1510060182;16;255;1510060189;1
32;16;10;5;1;16;1510060201;16;255;1510060209;1
32;16;10;5;1;16;1510060232;16;255;1510060240;1
32;16;10;5;1;16;1510061143;16;255;1510061150;1
32;16;10;5;1;16;1510061160;16;255;1510061167;1
32;16;10;5;1;16;1510061195;16;255;1510061202;1
32;16;10;5;1;16;1510062136;16;255;1510062143;1
32;16;10;5;1;16;1510062140;16;255;1510062147;0
32;16;10;5;1;16;1510062185;16;255;1510062192;1
32;16;10;5;1;16;1510063095;16;255;1510063102;1
32;16;10;5;1;16;1510063100;16;255;1510063107;0
32;16;10;5;1;16;1510063143;16;255;1510063150;1
32;16;10;5;1;16;1510064047;16;255;1510064054;1
32;16;10;5;1;16;1510064049;16;255;1510064056;1
32;16;10;5;1;16;1510064095;16;255;1510064102;1
32;16;10;5;1;16;1510065021;16;255;1510065029;1
32;16;10;5;1;16;1510065022;16;255;1510065029;1
32;16;10;5;1;16;1510065068;16;255;1510065075;1
32;16;10;5;1;16;1510065980;16;255;1510065987;1
32;16;10;5;1;16;1510065982;16;255;1510065989;1
32;16;10;5;1;16;1510066032;16;255;1510066039;0
32;16;10;5;1;16;1510066941;16;255;1510066948;1
32;16;10;5;1;16;1510066943;16;255;1510066951;0
32;16;10;5;1;16;1510066994;16;255;1510067001;1
32;16;10;5;1;16;1510067900;16;255;1510067907;1
32;16;10;5;1;16;1510067904;16;255;1510067911;1
32;16;10;5;1;16;1510067956;16;255;1510067963;1
32;16;10;5;1;16;1510068849;16;255;1510068856;0
32;16;10;5;1;16;1510068851;16;255;1510068858;1
32;16;10;5;1;16;1510068904;16;255;1510068911;1
32;16;10;5;1;16;1510069809;16;255;1510069816;1
32;16;10;5;1;16;1510069825;16;255;1510069833;1
32;16;10;5;1;16;1510069870;16;255;1510069878;1
32;16;10;5;1;16;1510070775;16;255;1510070782;1
32;16;10;5;1;16;1510070787;16;255;1510070795;1
32;16;10;5;1;16;1510070835;16;255;1510070843;1
32;16;10;5;1;16;1510071748;16;255;1510071755;1
32;16;10;5;1;16;1510071754;16;255;1510071761;1
32;16;10;5;1;16;1510071798;16;255;1510071805;1
32;16;10;5;1;16;1510072701;16;255;1510072708;0
32;16;10;5;1;16;1510072707;16;255;1510072714;1
32;16;10;5;1;16;1510072748;16;255;1510072755;1
32;16;10;5;1;16;1510073644;16;255;1510073651;1
32;16;10;5;1;16;1510073650;16;255;1510073657;1
32;16;10;5;1;16;1510073691;16;255;1510073698;1
32;16;10;5;1;16;1510074588;16;255;1510074595;1
32;16;10;5;1;16;1510074593;16;255;1510074600;1
32;16;10;5;1;16;1510074634;16;255;1510074641;1
32;16;10;5;1;16;1510075379;16;255;1510075387;1
32;16;10;5;1;16;1510075561;16;255;1510075568;1
32;16;10;5;1;16;1510075575;16;255;1510075582;1
32;16;10;5;1;16;1510075614;16;255;1510075621;1
32;16;10;5;1;16;1510076341;16;255;1510076348;1
32;16;10;5;1;16;1510076512;16;255;1510076519;1
32;16;10;5;1;16;1510076518;16;255;1510076525;0
32;16;10;5;1;16;1510076559;16;255;1510076566;1
32;16;10;5;1;16;1510077281;16;255;1510077288;0
32;16;10;5;1;16;1510077451;16;255;1510077458;0
32;16;10;5;1;16;1510077458;16;255;1510077465;1
32;16;10;5;1;16;1510077498;16;255;1510077505;1
32;16;10;5;1;16;1510078220;16;255;1510078227;1
32;16;10;5;1;16;1510078391;16;255;1510078398;1
32;16;10;5;1;16;1510078399;16;255;1510078406;1
32;16;10;5;1;16;1510078439;16;255;1510078446;1
32;16;10;5;1;16;1510079159;16;255;1510079166;1
32;16;10;5;1;16;1510079330;16;255;1510079337;1
32;16;10;5;1;16;1510079338;16;255;1510079345;1
32;16;10;5;1;16;1510079379;16;255;1510079386;1
32;16;10;5;1;16;1510080100;16;255;1510080107;1
32;16;10;5;1;16;1510080270;16;255;1510080277;1
32;16;10;5;1;16;1510080277;16;255;1510080284;1
32;16;10;5;1;16;1510080319;16;255;1510080326;1
32;16;10;5;1;16;1510081041;16;255;1510081048;1
32;16;10;5;1;16;1510081209;16;255;1510081216;1
32;16;10;5;1;16;1510081216;16;255;1510081223;1
32;16;10;5;1;16;1510081260;16;255;1510081267;1
32;16;10;5;1;16;1510081981;16;255;1510081988;1
32;16;10;5;1;16;1510082149;16;255;1510082156;1
32;16;10;5;1;16;1510082155;16;255;1510082162;1
32;16;10;5;1;16;1510082200;16;255;1510082207;0
32;16;10;5;1;16;1510082918;16;255;1510082925;1
32;16;10;5;1;16;1510083090;16;255;1510083097;1
32;16;10;5;1;16;1510083097;16;255;1510083104;0
32;16;10;5;1;16;1510083140;16;255;1510083147;1
32;16;10;5;1;16;1510083857;16;255;1510083864;1
32;16;10;5;1;16;1510084028;16;255;1510084035;1
32;16;10;5;1;16;1510084039;16;255;1510084046;1
32;16;10;5;1;16;1510084080;16;255;1510084087;1
32;16;10;5;1;16;1510084796;16;255;1510084803;1
32;16;10;5;1;16;1510084968;16;255;1510084975;1
32;16;10;5;1;16;1510084981;16;255;1510084988;0
32;16;10;5;1;16;1510085020;16;255;1510085027;1
32;16;10;5;1;16;1510085735;16;255;1510085742;1
32;16;10;5;1;16;1510085910;16;255;1510085917;0
32;16;10;5;1;16;1510085922;16;255;1510085929;1
32;16;10;5;1;16;1510085959;16;255;1510085966;1
32;16;10;5;1;16;1510086674;16;255;1510086681;1
32;16;10;5;1;16;1510086850;16;255;1510086857;1
32;16;10;5;1;16;1510086864;16;255;1510086871;1
32;16;10;5;1;16;1510086900;16;255;1510086907;1
32;16;10;5;1;16;1510087615;16;255;1510087622;1
32;16;10;5;1;16;1510087790;16;255;1510087797;1
32;16;10;5;1;16;1510087803;16;255;1510087810;1
32;16;10;5;1;16;1510087838;16;255;1510087845;1
32;16;10;5;1;16;1510088555;16;255;1510088562;1
32;16;10;5;1;16;1510088731;16;255;1510088738;1
32;16;10;5;1;16;1510088743;16;255;1510088750;1
32;16;10;5;1;16;1510088778;16;255;1510088785;1
32;16;10;5;1;16;1510089494;16;255;1510089501;0
32;16;10;5;1;16;1510089670;16;255;1510089677;1
32;16;10;5;1;16;1510089684;16;255;1510089691;1
32;16;10;5;1;16;1510089720;16;255;1510089727;1
32;16;10;5;1;16;1510090432;16;255;1510090439;0
32;16;10;5;1;16;1510090610;16;255;1510090617;1
32;16;10;5;1;16;1510090624;16;255;1510090631;1
32;16;10;5;1;16;1510090663;16;255;1510090670;1
32;16;10;5;1;16;1510091372;16;255;1510091379;1
32;16;10;5;1;16;1510091550;16;255;1510091557;0
32;16;10;5;1;16;1510091564;16;255;1510091571;1
32;16;10;5;1;16;1510091602;16;255;1510091609;1
32;16;10;5;1;16;1510092311;16;255;1510092318;1
32;16;10;5;1;16;1510092491;16;255;1510092497;1
32;16;10;5;1;16;1510092504;16;255;1510092511;0
32;16;10;5;1;16;1510092543;16;255;1510092550;1
32;16;10;5;1;16;1510093251;16;255;1510093258;1
32;16;10;5;1;16;1510093430;16;255;1510093437;1
32;16;10;5;1;16;1510093446;16;255;1510093453;1
32;16;10;5;1;16;1510093483;16;255;1510093490;1
32;16;10;5;1;16;1510094191;16;255;1510094198;1
32;16;10;5;1;16;1510094368;16;255;1510094375;1
32;16;10;5;1;16;1510094384;16;255;1510094391;1
32;16;10;5;1;16;1510094426;16;255;1510094433;0
32;16;10;5;1;16;1510095133;16;255;1510095140;1
32;16;10;5;1;16;1510095308;16;255;1510095315;1
32;16;10;5;1;16;1510095323;16;255;1510095330;1
32;16;10;5;1;16;1510095366;16;255;1510095373;1
32;16;10;5;1;16;1510096075;16;255;1510096082;1
32;16;10;5;1;16;1510096247;16;255;1510096254;1
32;16;10;5;1;16;1510096261;16;255;1510096268;1
32;16;10;5;1;16;1510096306;16;255;1510096313;0
32;16;10;5;1;16;1510097017;16;255;1510097024;1
32;16;10;5;1;16;1510097186;16;255;1510097193;1
32;16;10;5;1;16;1510097201;16;255;1510097208;1
32;16;10;5;1;16;1510097248;16;255;1510097255;1
32;16;10;5;1;16;1510097955;16;255;1510097962;1
32;16;10;5;1;16;1510098128;16;255;1510098135;1
32;16;10;5;1;16;1510098140;16;255;1510098147;1
32;16;10;5;1;16;1510098187;16;255;1510098194;1
32;16;10;5;1;16;1510098895;16;255;1510098902;1
32;16;10;5;1;16;1510099069;16;255;1510099076;1
32;16;10;5;1;16;1510099078;16;255;1510099085;1
32;16;10;5;1;16;1510099128;16;255;1510099135;1
32;16;10;5;1;16;1510099835;16;255;1510099842;0
32;16;10;5;1;16;1510100011;16;255;1510100018;1
32;16;10;5;1;16;1510100015;16;255;1510100022;1
32;16;10;5;1;16;1510100068;16;255;1510100075;1
32;16;10;5;1;16;1510100777;16;255;1510100784;1
32;16;10;5;1;16;1510100950;16;255;1510100957;1
32;16;10;5;1;16;1510100956;16;255;1510100963;0
32;16;10;5;1;16;1510101007;16;255;1510101014;1
32;16;10;5;1;16;1510101717;16;255;1510101724;1
32;16;10;5;1;16;1510101888;16;255;1510101895;1
32;16;10;5;1;16;1510101897;16;255;1510101904;1
32;16;10;5;1;16;1510101948;16;255;1510101955;0
32;16;10;5;1;16;1510102657;16;255;1510102664;1
32;16;10;5;1;16;1510102828;16;255;1510102835;1
32;16;10;5;1;16;1510102836;16;255;1510102843;1
32;16;10;5;1;16;1510102891;16;255;1510102898;1
32;16;10;5;1;16;1510103595;16;255;1510103602;1
32;16;10;5;1;16;1510103768;16;255;1510103775;1
32;16;10;5;1;16;1510103777;16;255;1510103784;1
32;16;10;5;1;16;1510103831;16;255;1510103838;1
32;16;10;5;1;16;1510104533;16;255;1510104540;0
32;16;10;5;1;16;1510104706;16;255;1510104713;1
32;16;10;5;1;16;1510104719;16;255;1510104726;1
32;16;10;5;1;16;1510104771;16;255;1510104778;1
32;16;10;5;1;16;1510105472;16;255;1510105479;1
32;16;10;5;1;16;1510105646;16;255;1510105653;1
32;16;10;5;1;16;1510105659;16;255;1510105666;1
32;16;10;5;1;16;1510105710;16;255;1510105717;1
32;16;10;5;1;16;1510106414;16;255;1510106421;1
32;16;10;5;1;16;1510106587;16;255;1510106594;1
32;16;10;5;1;16;1510106598;16;255;1510106605;0
32;16;10;5;1;16;1510106649;16;255;1510106656;0
32;16;10;5;1;16;1510107352;16;255;1510107359;1
32;16;10;5;1;16;1510107531;16;255;1510107538;1
32;16;10;5;1;16;1510107537;16;255;1510107544;1
32;16;10;5;1;16;1510107591;16;255;1510107598;1
32;16;10;5;1;16;1510108291;16;255;1510108298;1
32;16;10;5;1;16;1510108472;16;255;1510108479;0
32;16;10;5;1;16;1510108477;16;255;1510108484;1
32;16;10;5;1;16;1510108531;16;255;1510108538;1
32;16;10;5;1;16;1510109230;16;255;1510109237;0
32;16;10;5;1;16;1510109412;16;255;1510109419;1
32;16;10;5;1;16;1510109418;16;255;1510109425;1
32;16;10;5;1;16;1510109472;16;255;1510109479;1
32;16;10;5;1;16;1510110170;16;255;1510110177;1
32;16;10;5;1;16;1510110352;16;255;1510110359;1
32;16;10;5;1;16;1510110358;16;255;1510110365;1
32;16;10;5;1;16;1510110413;16;255;1510110420;1
32;16;10;5;1;16;1510111110;16;255;1510111117;1
32;16;10;5;1;16;1510111292;16;255;1510111299;1
32;16;10;5;1;16;1510111299;16;255;1510111306;1
32;16;10;5;1;16;1510111352;16;255;1510111359;1
32;16;10;5;1;16;1510112050;16;255;1510112057;0
32;16;10;5;1;16;1510112234;16;255;1510112241;1
32;16;10;5;1;16;1510112239;16;255;1510112246;1
32;16;10;5;1;16;1510112291;16;255;1510112298;1
32;16;10;5;1;16;1510112986;16;255;1510112993;1
32;16;10;5;1;16;1510113176;16;255;1510113183;1
32;16;10;5;1;16;1510113180;16;255;1510113187;1
32;16;10;5;1;16;1510113231;16;255;1510113238;1
32;16;10;5;1;16;1510113925;16;255;1510113932;1
32;16;10;5;1;16;1510114117;16;255;1510114124;1
32;16;10;5;1;16;1510114120;16;255;1510114127;1
32;16;10;5;1;16;1510114171;16;255;1510114178;1
32;16;10;5;1;16;1510114864;16;255;1510114871;1
32;16;10;5;1;16;1510115057;16;255;1510115064;1
32;16;10;5;1;16;1510115060;16;255;1510115067;1
32;16;10;5;1;16;1510115110;16;255;1510115117;1
32;16;10;5;1;16;1510115806;16;255;1510115813;1
32;16;10;5;1;16;1510115997;16;255;1510116004;1
32;16;10;5;1;16;1510115999;16;255;1510116006;1
32;16;10;5;1;16;1510116050;16;255;1510116057;1
32;16;10;5;1;16;1510116747;16;255;1510116754;1
32;16;10;5;1;16;1510116936;16;255;1510116943;1
32;16;10;5;1;16;1510116939;16;255;1510116946;1
32;16;10;5;1;16;1510116988;16;255;1510116995;1
32;16;10;5;1;16;1510117687;16;255;1510117694;1
32;16;10;5;1;16;1510117875;16;255;1510117882;1
32;16;10;5;1;16;1510117881;16;255;1510117888;1
32;16;10;5;1;16;1510117929;16;255;1510117936;1
32;16;10;5;1;16;1510118629;16;255;1510118636;1
32;16;10;5;1;16;1510118815;16;255;1510118822;1
32;16;10;5;1;16;1510118823;16;255;1510118830;0
32;16;10;5;1;16;1510118868;16;255;1510118875;1
32;16;10;5;1;16;1510119572;16;255;1510119579;1
32;16;10;5;1;16;1510119754;16;255;1510119761;1
32;16;10;5;1;16;1510119762;16;255;1510119769;0
32;16;10;5;1;16;1510119806;16;255;1510119813;1
32;16;10;5;1;16;1510120514;16;255;1510120521;0
32;16;10;5;1;16;1510120694;16;255;1510120701;1
32;16;10;5;1;16;1510120701;16;255;1510120708;1
32;16;10;5;1;16;1510120746;16;255;1510120753;1
32;16;10;5;1;16;1510121455;16;255;1510121462;1
32;16;10;5;1;16;1510121633;16;255;1510121640;1
32;16;10;5;1;16;1510121642;16;255;1510121649;1
32;16;10;5;1;16;1510121685;16;255;1510121692;1
32;16;10;5;1;16;1510122395;16;255;1510122402;1
32;16;10;5;1;16;1510122573;16;255;1510122580;0
32;16;10;5;1;16;1510122581;16;255;1510122588;1
32;16;10;5;1;16;1510122626;16;255;1510122633;1
32;16;10;5;1;16;1510123335;16;255;1510123342;1
32;16;10;5;1;16;1510123514;16;255;1510123521;0
32;16;10;5;1;16;1510123523;16;255;1510123530;1
32;16;10;5;1;16;1510123568;16;255;1510123575;0
32;16;10;5;1;16;1510124277;16;255;1510124284;1
32;16;10;5;1;16;1510124452;16;255;1510124459;1
32;16;10;5;1;16;1510124463;16;255;1510124470;1
32;16;10;5;1;16;1510124507;16;255;1510124514;1
32;16;10;5;1;16;1510125216;16;255;1510125223;1
32;16;10;5;1;16;1510125392;16;255;1510125399;0
32;16;10;5;1;16;1510125403;16;255;1510125410;1
32;16;10;5;1;16;1510125447;16;255;1510125454;1
32;16;10;5;1;16;1510126155;16;255;1510126162;1
32;16;10;5;1;16;1510126333;16;255;1510126340;1
32;16;10;5;1;16;1510126343;16;255;1510126350;1
32;16;10;5;1;16;1510126388;16;255;1510126395;1
32;16;10;5;1;16;1510127095;16;255;1510127102;1
32;16;10;5;1;16;1510127272;16;255;1510127278;0
32;16;10;5;1;16;1510127281;16;255;1510127288;1
32;16;10;5;1;16;1510127330;16;255;1510127337;1
32;16;10;5;1;16;1510128034;16;255;1510128041;1
32;16;10;5;1;16;1510128212;16;255;1510128219;1
32;16;10;5;1;16;1510128220;16;255;1510128227;1
32;16;10;5;1;16;1510128270;16;255;1510128277;0
32;16;10;5;1;16;1510128973;16;255;1510128980;0
32;16;10;5;1;16;1510129152;16;255;1510129159;1
32;16;10;5;1;16;1510129162;16;255;1510129169;1
32;16;10;5;1;16;1510129209;16;255;1510129216;1
32;16;10;5;1;16;1510129920;16;255;1510129928;1
32;16;10;5;1;16;1510130124;16;255;1510130132;0
32;16;10;5;1;16;1510130132;16;255;1510130139;1
32;16;10;5;1;16;1510130183;16;255;1510130191;1
32;16;10;5;1;16;1510130931;16;255;1510130938;1
32;16;10;5;1;16;1510131130;16;255;1510131138;1
32;16;10;5;1;16;1510131135;16;255;1510131143;1
32;16;10;5;1;16;1510131181;16;255;1510131188;1
32;16;10;5;1;16;1510131926;16;255;1510131933;1
32;16;10;5;1;16;1510132109;16;255;1510132116;1
32;16;10;5;1;16;1510132125;16;255;1510132132;1
32;16;10;5;1;16;1510132165;16;255;1510132172;1
32;16;10;5;1;16;1510132900;16;255;1510132907;1
32;16;10;5;1;16;1510133082;16;255;1510133090;1
32;16;10;5;1;16;1510133104;16;255;1510133112;1
32;16;10;5;1;16;1510133148;16;255;1510133155;0
32;16;10;5;1;16;1510133922;16;255;1510133930;1
32;16;10;5;1;16;1510134089;16;255;1510134096;1
32;16;10;5;1;16;1510134119;16;255;1510134126;1
32;16;10;5;1;16;1510134164;16;255;1510134172;1
32;16;10;5;1;16;1510134920;16;255;1510134928;1
32;16;10;5;1;16;1510135086;16;255;1510135093;1
32;16;10;5;1;16;1510135117;16;255;1510135125;1
32;16;10;5;1;16;1510135150;16;255;1510135158;1
32;16;10;5;1;16;1510135911;16;255;1510135918;1
32;16;10;5;1;16;1510136078;16;255;1510136086;1
32;16;10;5;1;16;1510136123;16;255;1510136130;1
32;16;10;5;1;16;1510136146;16;255;1510136154;1
32;16;10;5;1;16;1510136915;16;255;1510136923;0
32;16;10;5;1;16;1510137092;16;255;1510137099;1
32;16;10;5;1;16;1510137114;16;255;1510137122;1
32;16;10;5;1;16;1510137161;16;255;1510137168;1
32;16;10;5;1;16;1510137898;16;255;1510137906;1
32;16;10;5;1;16;1510138097;16;255;1510138104;1
32;16;10;5;1;16;1510138099;16;255;1510138107;0
32;16;10;5;1;16;1510138150;16;255;1510138157;1
32;16;10;5;1;16;1510138923;16;255;1510138930;0
32;16;10;5;1;16;1510139089;16;255;1510139096;1
32;16;10;5;1;16;1510139121;16;255;1510139128;1
32;16;10;5;1;16;1510139154;16;255;1510139161;1
32;16;10;5;1;16;1510139897;16;255;1510139904;0
32;16;10;5;1;16;1510140058;16;255;1510140065;1
32;16;10;5;1;16;1510140138;16;255;1510140145;1
32;16;10;5;1;16;1510140139;16;255;1510140147;1
32;16;10;5;1;16;1510140894;16;255;1510140902;1
32;16;10;5;1;16;1510141041;16;255;1510141048;1
32;16;10;5;1;16;1510141102;16;255;1510141110;1
32;16;10;5;1;16;1510141110;16;255;1510141117;1
32;16;10;5;1;16;1510141869;16;255;1510141876;1
32;16;10;5;1;16;1510142033;16;255;1510142042;1
32;16;10;5;1;16;1510142074;16;255;1510142082;1
32;16;10;5;1;16;1510142132;16;255;1510142140;0
32;16;10;5;1;16;1510142894;16;255;1510142902;0
32;16;10;5;1;16;1510143082;16;255;1510143090;1
32;16;10;5;1;16;1510143116;16;255;1510143124;1
32;16;10;5;1;16;1510143190;16;255;1510143197;1
32;16;10;5;1;16;1510143901;16;255;1510143908;1
32;16;10;5;1;16;1510144082;16;255;1510144089;1
32;16;10;5;1;16;1510144115;16;255;1510144122;1
32;16;10;5;1;16;1510144188;16;255;1510144195;1
32;16;10;5;1;16;1510144863;16;255;1510144870;1
32;16;10;5;1;16;1510145030;16;255;1510145037;1
32;16;10;5;1;16;1510145059;16;255;1510145066;1
32;16;10;5;1;16;1510145138;16;255;1510145145;0
32;16;10;5;1;16;1510145802;16;255;1510145809;1
32;16;10;5;1;16;1510145972;16;255;1510145979;1
32;16;10;5;1;16;1510146004;16;255;1510146011;0
32;16;10;5;1;16;1510146077;16;255;1510146084;1
32;16;10;5;1;16;1510146747;16;255;1510146754;0
32;16;10;5;1;16;1510146919;16;255;1510146926;1
32;16;10;5;1;16;1510146953;16;255;1510146960;1
32;16;10;5;1;16;1510147025;16;255;1510147032;1
32;16;10;5;1;16;1510147721;16;255;1510147728;1
32;16;10;5;1;16;1510147895;16;255;1510147902;1
32;16;10;5;1;16;1510147919;16;255;1510147926;1
32;16;10;5;1;16;1510148001;16;255;1510148009;1
32;16;10;5;1;16;1510148693;16;255;1510148700;1
32;16;10;5;1;16;1510148873;16;255;1510148880;1
32;16;10;5;1;16;1510148892;16;255;1510148899;1
32;16;10;5;1;16;1510148972;16;255;1510148979;1
32;16;10;5;1;16;1510149651;16;255;1510149658;1
32;16;10;5;1;16;1510149826;16;255;1510149833;1
32;16;10;5;1;16;1510149836;16;255;1510149843;1
32;16;10;5;1;16;1510149916;16;255;1510149922;1
32;16;10;5;1;16;1510150601;16;255;1510150608;1
32;16;10;5;1;16;1510150780;16;255;1510150787;1
32;16;10;5;1;16;1510150790;16;255;1510150797;1
32;16;10;5;1;16;1510150871;16;255;1510150879;1
32;16;10;5;1;16;1510151562;16;255;1510151569;1
32;16;10;5;1;16;1510151743;16;255;1510151751;1
32;16;10;5;1;16;1510151756;16;255;1510151763;1
32;16;10;5;1;16;1510151846;16;255;1510151853;1
32;16;10;5;1;16;1510152556;16;255;1510152563;0
32;16;10;5;1;16;1510152729;16;255;1510152736;1
32;16;10;5;1;16;1510152754;16;255;1510152762;1
32;16;10;5;1;16;1510152831;16;255;1510152838;0
32;16;10;5;1;16;1510153530;16;255;1510153537;1
32;16;10;5;1;16;1510153701;16;255;1510153708;1
32;16;10;5;1;16;1510153722;16;255;1510153730;1
32;16;10;5;1;16;1510153798;16;255;1510153805;1
32;16;10;5;1;16;1510154497;16;255;1510154504;1
32;16;10;5;1;16;1510154669;16;255;1510154676;1
32;16;10;5;1;16;1510154697;16;255;1510154704;1
32;16;10;5;1;16;1510154766;16;255;1510154773;1
32;16;10;5;1;16;1510155454;16;255;1510155462;0
32;16;10;5;1;16;1510155624;16;255;1510155632;1
32;16;10;5;1;16;1510155652;16;255;1510155659;1
32;16;10;5;1;16;1510155725;16;255;1510155732;1
32;16;10;5;1;16;1510156438;16;255;1510156445;1
32;16;10;5;1;16;1510156610;16;255;1510156617;1
32;16;10;5;1;16;1510156640;16;255;1510156647;1
32;16;10;5;1;16;1510156708;16;255;1510156717;0
32;16;10;5;1;16;1510157426;16;255;1510157434;1
32;16;10;5;1;16;1510157610;16;255;1510157617;0
32;16;10;5;1;16;1510157638;16;255;1510157645;1
32;16;10;5;1;16;1510157708;16;255;1510157716;1
32;16;10;5;1;16;1510158398;16;255;1510158405;1
32;16;10;5;1;16;1510158575;16;255;1510158583;1
32;16;10;5;1;16;1510158610;16;255;1510158617;1
32;16;10;5;1;16;1510158671;16;255;1510158679;1
32;16;10;5;1;16;1510159354;16;255;1510159361;0
32;16;10;5;1;16;1510159534;16;255;1510159541;1
32;16;10;5;1;16;1510159564;16;255;1510159571;1
32;16;10;5;1;16;1510159629;16;255;1510159636;1
32;16;10;5;1;16;1510160335;16;255;1510160342;1
32;16;10;5;1;16;1510160511;16;255;1510160518;0
32;16;10;5;1;16;1510160539;16;255;1510160546;1
32;16;10;5;1;16;1510160610;16;255;1510160617;1
32;16;10;5;1;16;1510161310;16;255;1510161317;1
32;16;10;5;1;16;1510161482;16;255;1510161490;1
32;16;10;5;1;16;1510161521;16;255;1510161528;1
32;16;10;5;1;16;1510161580;16;255;1510161587;1
32;16;10;5;1;16;1510162275;16;255;1510162282;1
32;16;10;5;1;16;1510162446;16;255;1510162453;1
32;16;10;5;1;16;1510162488;16;255;1510162495;1
32;16;10;5;1;16;1510162545;16;255;1510162552;1
32;16;10;5;1;16;1510163228;16;255;1510163235;1
32;16;10;5;1;16;1510163410;16;255;1510163417;1
32;16;10;5;1;16;1510163471;16;255;1510163478;1
32;16;10;5;1;16;1510163497;16;255;1510163504;1
32;16;10;5;1;16;1510164170;16;255;1510164177;1
32;16;10;5;1;16;1510164353;16;255;1510164360;1
32;16;10;5;1;16;1510164414;16;255;1510164421;1
32;16;10;5;1;16;1510164443;16;255;1510164450;1
32;16;10;5;1;16;1510165112;16;255;1510165119;0
32;16;10;5;1;16;1510165295;16;255;1510165302;1
32;16;10;5;1;16;1510165356;16;255;1510165363;1
32;16;10;5;1;16;1510165387;16;255;1510165394;1
32;16;10;5;1;16;1510166056;16;255;1510166063;1
32;16;10;5;1;16;1510166238;16;255;1510166245;1
32;16;10;5;1;16;1510166300;16;255;1510166307;1
32;16;10;5;1;16;1510166329;16;255;1510166336;1
32;16;10;5;1;16;1510166999;16;255;1510167006;1
32;16;10;5;1;16;1510167180;16;255;1510167187;1
32;16;10;5;1;16;1510167241;16;255;1510167248;1
32;16;10;5;1;16;1510167272;16;255;1510167279;1
32;16;10;5;1;16;1510167942;16;255;1510167949;1
32;16;10;5;1;16;1510168121;16;255;1510168128;1
32;16;10;5;1;16;1510168184;16;255;1510168191;1
32;16;10;5;1;16;1510168218;16;255;1510168225;1
32;16;10;5;1;16;1510168883;16;255;1510168890;1
32;16;10;5;1;16;1510169064;16;255;1510169071;1
32;16;10;5;1;16;1510169127;16;255;1510169134;1
32;16;10;5;1;16;1510169159;16;255;1510169166;1
32;16;10;5;1;16;1510169827;16;255;1510169834;1
32;16;10;5;1;16;1510170007;16;255;1510170014;1
32;16;10;5;1;16;1510170070;16;255;1510170077;1
32;16;10;5;1;16;1510170101;16;255;1510170108;1
32;16;10;5;1;16;1510170769;16;255;1510170776;1
32;16;10;5;1;16;1510170949;16;255;1510170956;1
32;16;10;5;1;16;1510171014;16;255;1510171021;1
32;16;10;5;1;16;1510171043;16;255;1510171050;0
32;16;10;5;1;16;1510171710;16;255;1510171717;1
32;16;10;5;1;16;1510171892;16;255;1510171899;1
32;16;10;5;1;16;1510171958;16;255;1510171965;1
32;16;10;5;1;16;1510171986;16;255;1510171993;1
32;16;10;5;1;16;1510172652;16;255;1510172659;0
32;16;10;5;1;16;1510172833;16;255;1510172840;1
32;16;10;5;1;16;1510172899;16;255;1510172906;1
32;16;10;5;1;16;1510172930;16;255;1510172937;1
32;16;10;5;1;16;1510173596;16;255;1510173603;1
32;16;10;5;1;16;1510173774;16;255;1510173781;1
32;16;10;5;1;16;1510173843;16;255;1510173850;1
32;16;10;5;1;16;1510173872;16;255;1510173879;1
32;16;10;5;1;16;1510174540;16;255;1510174547;1
32;16;10;5;1;16;1510174717;16;255;1510174724;1
32;16;10;5;1;16;1510174786;16;255;1510174793;1
32;16;10;5;1;16;1510174813;16;255;1510174820;1
32;16;10;5;1;16;1510175483;16;255;1510175490;1
32;16;10;5;1;16;1510175658;16;255;1510175665;1
32;16;10;5;1;16;1510175728;16;255;1510175735;1
32;16;10;5;1;16;1510175754;16;255;1510175761;1
32;16;10;5;1;16;1510176428;16;255;1510176435;1
32;16;10;5;1;16;1510176598;16;255;1510176605;1
32;16;10;5;1;16;1510176670;16;255;1510176677;1
32;16;10;5;1;16;1510176695;16;255;1510176702;0
32;16;10;5;1;16;1510177370;16;255;1510177377;1
32;16;10;5;1;16;1510177542;16;255;1510177549;1
32;16;10;5;1;16;1510177613;16;255;1510177620;0
32;16;10;5;1;16;1510177636;16;255;1510177643;1
32;16;10;5;1;16;1510178314;16;255;1510178321;1
32;16;10;5;1;16;1510178486;16;255;1510178493;0
32;16;10;5;1;16;1510178554;16;255;1510178561;1
32;16;10;5;1;16;1510178578;16;255;1510178585;1
32;16;10;5;1;16;1510179256;16;255;1510179263;1
32;16;10;5;1;16;1510179429;16;255;1510179436;1
32;16;10;5;1;16;1510179494;16;255;1510179501;1
32;16;10;5;1;16;1510179519;16;255;1510179526;1
32;16;10;5;1;16;1510180199;16;255;1510180206;1
32;16;10;5;1;16;1510180371;16;255;1510180378;1
32;16;10;5;1;16;1510180435;16;255;1510180442;1
32;16;10;5;1;16;1510180462;16;255;1510180469;1
32;16;10;5;1;16;1510181143;16;255;1510181150;1
32;16;10;5;1;16;1510181313;16;255;1510181320;1
32;16;10;5;1;16;1510181377;16;255;1510181384;1
32;16;10;5;1;16;1510181405;16;255;1510181412;1
32;16;10;5;1;16;1510182088;16;255;1510182095;1
32;16;10;5;1;16;1510182256;16;255;1510182263;1
32;16;10;5;1;16;1510182320;16;255;1510182327;1
32;16;10;5;1;16;1510182347;16;255;1510182354;1
32;16;10;5;1;16;1510183031;16;255;1510183038;1
32;16;10;5;1;16;1510183197;16;255;1510183204;1
32;16;10;5;1;16;1510183262;16;255;1510183269;1
32;16;10;5;1;16;1510183288;16;255;1510183295;1
32;16;10;5;1;16;1510183974;16;255;1510183981;1
32;16;10;5;1;16;1510184140;16;255;1510184147;0
32;16;10;5;1;16;1510184204;16;255;1510184211;1
32;16;10;5;1;16;1510184230;16;255;1510184237;1
32;16;10;5;1;16;1510184917;16;255;1510184924;0
32;16;10;5;1;16;1510185083;16;255;1510185090;1
32;16;10;5;1;16;1510185147;16;255;1510185154;1
32;16;10;5;1;16;1510185171;16;255;1510185178;1
32;16;10;5;1;16;1510185860;16;255;1510185867;1
32;16;10;5;1;16;1510186027;16;255;1510186034;0
32;16;10;5;1;16;1510186090;16;255;1510186098;1
32;16;10;5;1;16;1510186113;16;255;1510186120;0
32;16;10;5;1;16;1510186801;16;255;1510186808;1
32;16;10;5;1;16;1510186970;16;255;1510186977;1
32;16;10;5;1;16;1510187030;16;255;1510187037;1
32;16;10;5;1;16;1510187054;16;255;1510187061;1
32;16;10;5;1;16;1510187744;16;255;1510187751;1
32;16;10;5;1;16;1510187913;16;255;1510187920;1
32;16;10;5;1;16;1510187972;16;255;1510187979;1
32;16;10;5;1;16;1510187996;16;255;1510188003;1
32;16;10;5;1;16;1510188685;16;255;1510188692;1
32;16;10;5;1;16;1510188856;16;255;1510188863;1
32;16;10;5;1;16;1510188914;16;255;1510188921;1
32;16;10;5;1;16;1510188940;16;255;1510188947;0
32;16;10;5;1;16;1510189625;16;255;1510189632;1
32;16;10;5;1;16;1510189799;16;255;1510189806;1
32;16;10;5;1;16;1510189854;16;255;1510189861;1
32;16;10;5;1;16;1510189884;16;255;1510189891;1
32;16;10;5;1;16;1510190566;16;255;1510190573;1
32;16;10;5;1;16;1510190741;16;255;1510190748;1
32;16;10;5;1;16;1510190794;16;255;1510190801;1
32;16;10;5;1;16;1510190827;16;255;1510190834;1
32;16;10;5;1;16;1510191507;16;255;1510191514;1
32;16;10;5;1;16;1510191685;16;255;1510191692;1
32;16;10;5;1;16;1510191735;16;255;1510191742;1
32;16;10;5;1;16;1510191770;16;255;1510191777;1
32;16;10;5;1;16;1510192451;16;255;1510192458;1
32;16;10;5;1;16;1510192627;16;255;1510192634;1
32;16;10;5;1;16;1510192675;16;255;1510192682;1
32;16;10;5;1;16;1510192714;16;255;1510192721;1
32;16;10;5;1;16;1510193392;16;255;1510193399;1
32;16;10;5;1;16;1510193568;16;255;1510193575;1
32;16;10;5;1;16;1510193618;16;255;1510193625;1
32;16;10;5;1;16;1510193657;16;255;1510193664;1
32;16;10;5;1;16;1510194332;16;255;1510194339;0
32;16;10;5;1;16;1510194510;16;255;1510194517;1
32;16;10;5;1;16;1510194560;16;255;1510194567;1
32;16;10;5;1;16;1510194599;16;255;1510194606;1
32;16;10;5;1;16;1510195275;16;255;1510195282;1
32;16;10;5;1;16;1510195454;16;255;1510195461;1
32;16;10;5;1;16;1510195502;16;255;1510195509;0
32;16;10;5;1;16;1510195541;16;255;1510195548;1
32;16;10;5;1;16;1510196218;16;255;1510196225;1
32;16;10;5;1;16;1510196399;16;255;1510196406;1
32;16;10;5;1;16;1510196445;16;255;1510196452;1
32;16;10;5;1;16;1510196481;16;255;1510196488;0
32;16;10;5;1;16;1510197162;16;255;1510197169;1
32;16;10;5;1;16;1510197339;16;255;1510197346;1
32;16;10;5;1;16;1510197388;16;255;1510197395;1
32;16;10;5;1;16;1510197422;16;255;1510197429;1
32;16;10;5;1;16;1510198103;16;255;1510198110;1
32;16;10;5;1;16;1510198281;16;255;1510198288;1
32;16;10;5;1;16;1510198333;16;255;1510198340;1
32;16;10;5;1;16;1510198363;16;255;1510198370;1
32;16;10;5;1;16;1510199043;16;255;1510199050;1
32;16;10;5;1;16;1510199222;16;255;1510199229;1
32;16;10;5;1;16;1510199279;16;255;1510199286;1
32;16;10;5;1;16;1510199305;16;255;1510199312;1
32;16;10;5;1;16;1510199985;16;255;1510199992;1
32;16;10;5;1;16;1510200164;16;255;1510200171;1
32;16;10;5;1;16;1510200224;16;255;1510200231;1
32;16;10;5;1;16;1510200245;16;255;1510200252;1
32;16;10;5;1;16;1510200927;16;255;1510200934;1
32;16;10;5;1;16;1510201104;16;255;1510201111;1
32;16;10;5;1;16;1510201168;16;255;1510201175;0
32;16;10;5;1;16;1510201185;16;255;1510201192;1
32;16;10;5;1;16;1510201868;16;255;1510201875;0
32;16;10;5;1;16;1510202046;16;255;1510202053;0
32;16;10;5;1;16;1510202112;16;255;1510202119;1
32;16;10;5;1;16;1510202128;16;255;1510202135;1
32;16;10;5;1;16;1510202811;16;255;1510202818;1
32;16;10;5;1;16;1510202990;16;255;1510202997;1
32;16;10;5;1;16;1510203053;16;255;1510203060;1
32;16;10;5;1;16;1510203071;16;255;1510203078;1
32;16;10;5;1;16;1510203752;16;255;1510203759;1
32;16;10;5;1;16;1510203934;16;255;1510203941;1
32;16;10;5;1;16;1510203994;16;255;1510204001;1
32;16;10;5;1;16;1510204016;16;255;1510204023;1
32;16;10;5;1;16;1510204692;16;255;1510204699;1
32;16;10;5;1;16;1510204873;16;255;1510204880;1
32;16;10;5;1;16;1510204937;16;255;1510204944;1
32;16;10;5;1;16;1510204960;16;255;1510204967;1
32;16;10;5;1;16;1510205636;16;255;1510205643;0
32;16;10;5;1;16;1510205815;16;255;1510205822;1
32;16;10;5;1;16;1510205882;16;255;1510205889;1
32;16;10;5;1;16;1510205902;16;255;1510205909;1
32;16;10;5;1;16;1510206578;16;255;1510206585;1
32;16;10;5;1;16;1510206757;16;255;1510206764;1
32;16;10;5;1;16;1510206824;16;255;1510206831;0
32;16;10;5;1;16;1510206846;16;255;1510206853;1
32;16;10;5;1;16;1510207521;16;255;1510207528;1
32;16;10;5;1;16;1510207701;16;255;1510207708;1
32;16;10;5;1;16;1510207767;16;255;1510207774;1
32;16;10;5;1;16;1510207787;16;255;1510207794;0
32;16;10;5;1;16;1510208461;16;255;1510208468;1
32;16;10;5;1;16;1510208643;16;255;1510208650;1
32;16;10;5;1;16;1510208708;16;255;1510208715;1
32;16;10;5;1;16;1510208728;16;255;1510208735;1
32;16;10;5;1;16;1510209402;16;255;1510209409;0
32;16;10;5;1;16;1510209585;16;255;1510209592;1
32;16;10;5;1;16;1510209652;16;255;1510209659;1
32;16;10;5;1;16;1510209671;16;255;1510209678;1
32;16;10;5;1;16;1510210346;16;255;1510210353;1
32;16;10;5;1;16;1510210526;16;255;1510210533;1
32;16;10;5;1;16;1510210593;16;255;1510210600;0
32;16;10;5;1;16;1510210614;16;255;1510210621;1
32;16;10;5;1;16;1510211289;16;255;1510211296;0
32;16;10;5;1;16;1510211468;16;255;1510211474;1
32;16;10;5;1;16;1510211535;16;255;1510211542;1
32;16;10;5;1;16;1510211557;16;255;1510211564;1
32;16;10;5;1;16;1510212231;16;255;1510212238;1
32;16;10;5;1;16;1510212410;16;255;1510212417;1
32;16;10;5;1;16;1510212475;16;255;1510212482;1
32;16;10;5;1;16;1510212498;16;255;1510212505;1
32;16;10;5;1;16;1510213174;16;255;1510213181;0
32;16;10;5;1;16;1510213352;16;255;1510213359;1
32;16;10;5;1;16;1510213419;16;255;1510213426;1
32;16;10;5;1;16;1510213441;16;255;1510213448;1
32;16;10;5;1;16;1510214115;16;255;1510214122;1
32;16;10;5;1;16;1510214295;16;255;1510214302;1
32;16;10;5;1;16;1510214360;16;255;1510214367;1
32;16;10;5;1;16;1510214385;16;255;1510214392;1
32;16;10;5;1;16;1510215059;16;255;1510215066;1
32;16;10;5;1;16;1510215236;16;255;1510215243;1
32;16;10;5;1;16;1510215302;16;255;1510215309;1
32;16;10;5;1;16;1510215328;16;255;1510215335;1
32;16;10;5;1;16;1510216000;16;255;1510216007;0
32;16;10;5;1;16;1510216176;16;255;1510216183;1
32;16;10;5;1;16;1510216243;16;255;1510216250;1
32;16;10;5;1;16;1510216271;16;255;1510216278;0
32;16;10;5;1;16;1510216943;16;255;1510216950;1
32;16;10;5;1;16;1510217119;16;255;1510217126;1
32;16;10;5;1;16;1510217185;16;255;1510217192;1
32;16;10;5;1;16;1510217214;16;255;1510217221;1
32;16;10;5;1;16;1510217886;16;255;1510217893;0
32;16;10;5;1;16;1510218061;16;255;1510218068;1
32;16;10;5;1;16;1510218127;16;255;1510218134;1
32;16;10;5;1;16;1510218158;16;255;1510218165;1
32;16;10;5;1;16;1510218828;16;255;1510218835;1
32;16;10;5;1;16;1510219015;16;255;1510219023;1
32;16;10;5;1;16;1510219077;16;255;1510219084;1
32;16;10;5;1;16;1510219110;16;255;1510219117;1
32;16;10;5;1;16;1510219824;16;255;1510219831;1
32;16;10;5;1;16;1510220011;16;255;1510220019;1
32;16;10;5;1;16;1510220074;16;255;1510220082;1
32;16;10;5;1;16;1510220106;16;255;1510220113;1
32;16;10;5;1;16;1510220845;16;255;1510220852;1
32;16;10;5;1;16;1510221031;16;255;1510221039;1
32;16;10;5;1;16;1510221075;16;255;1510221082;1
32;16;10;5;1;16;1510221111;16;255;1510221119;0
32;16;10;5;1;16;1510221818;16;255;1510221826;1
32;16;10;5;1;16;1510222008;16;255;1510222015;1
32;16;10;5;1;16;1510222060;16;255;1510222068;1
32;16;10;5;1;16;1510222127;16;255;1510222135;0
32;16;10;5;1;16;1510222826;16;255;1510222833;1
32;16;10;5;1;16;1510223016;16;255;1510223024;1
32;16;10;5;1;16;1510223070;16;255;1510223080;0
32;16;10;5;1;16;1510223142;16;255;1510223149;1
32;16;10;5;1;16;1510223845;16;255;1510223854;0
32;16;10;5;1;16;1510224039;16;255;1510224046;1
32;16;10;5;1;16;1510224099;16;255;1510224107;1
32;16;10;5;1;16;1510224155;16;255;1510224162;1
32;16;10;5;1;16;1510224853;16;255;1510224860;1
32;16;10;5;1;16;1510225046;16;255;1510225053;1
32;16;10;5;1;16;1510225095;16;255;1510225102;1
32;16;10;5;1;16;1510225149;16;255;1510225156;1
32;16;10;5;1;16;1510225847;16;255;1510225855;1
32;16;10;5;1;16;1510226037;16;255;1510226045;1
32;16;10;5;1;16;1510226094;16;255;1510226102;1
32;16;10;5;1;16;1510226144;16;255;1510226152;1
32;16;10;5;1;16;1510226865;16;255;1510226872;1
32;16;10;5;1;16;1510227046;16;255;1510227053;0
32;16;10;5;1;16;1510227090;16;255;1510227098;1
32;16;10;5;1;16;1510227154;16;255;1510227162;1
32;16;10;5;1;16;1510252838;16;255;1510252847;1
32;16;10;5;1;16;1510252841;16;255;1510252849;1
32;16;10;5;1;16;1510252843;16;255;1510252851;1
32;16;10;5;1;16;1510252847;16;255;1510252855;1
32;16;10;5;1;16;1510253810;16;255;1510253817;1
32;16;10;5;1;16;1510253813;16;255;1510253820;1
32;16;10;5;1;16;1510253815;16;255;1510253822;1
32;16;10;5;1;16;1510253829;16;255;1510253836;1
32;16;10;5;1;16;1510254744;16;255;1510254751;1
32;16;10;5;1;16;1510254745;16;255;1510254752;1
32;16;10;5;1;16;1510254746;16;255;1510254753;1
32;16;10;5;1;16;1510254767;16;255;1510254774;1
32;16;10;5;1;16;1510255677;16;255;1510255684;0
32;16;10;5;1;16;1510255677;16;255;1510255684;1
32;16;10;5;1;16;1510255680;16;255;1510255687;1
32;16;10;5;1;16;1510255702;16;255;1510255709;0
32;16;10;5;1;16;1510256608;16;255;1510256614;0
32;16;10;5;1;16;1510256609;16;255;1510256616;1
32;16;10;5;1;16;1510256615;16;255;1510256622;1
32;16;10;5;1;16;1510256636;16;255;1510256643;1
32;16;10;5;1;16;1510257538;16;255;1510257545;0
32;16;10;5;1;16;1510257541;16;255;1510257548;1
32;16;10;5;1;16;1510257551;16;255;1510257558;1
32;16;10;5;1;16;1510257572;16;255;1510257579;1
32;16;10;5;1;16;1510258469;16;255;1510258476;1
32;16;10;5;1;16;1510258473;16;255;1510258480;1
32;16;10;5;1;16;1510258487;16;255;1510258494;1
32;16;10;5;1;16;1510258506;16;255;1510258513;1
32;16;10;5;1;16;1510259400;16;255;1510259407;1
32;16;10;5;1;16;1510259405;16;255;1510259411;1
32;16;10;5;1;16;1510259422;16;255;1510259429;1
32;16;10;5;1;16;1510259441;16;255;1510259448;1
32;16;10;5;1;16;1510260331;16;255;1510260338;1
32;16;10;5;1;16;1510260337;16;255;1510260344;1
32;16;10;5;1;16;1510260358;16;255;1510260365;1
32;16;10;5;1;16;1510260376;16;255;1510260383;1
32;16;10;5;1;16;1510261263;16;255;1510261270;1
32;16;10;5;1;16;1510261269;16;255;1510261276;1
32;16;10;5;1;16;1510261294;16;255;1510261301;1
32;16;10;5;1;16;1510261313;16;255;1510261320;1
32;16;10;5;1;16;1510262194;16;255;1510262201;1
32;16;10;5;1;16;1510262201;16;255;1510262207;1
32;16;10;5;1;16;1510262229;16;255;1510262236;1
32;16;10;5;1;16;1510262248;16;255;1510262255;1
32;16;10;5;1;16;1510263125;16;255;1510263132;1
32;16;10;5;1;16;1510263132;16;255;1510263139;1
32;16;10;5;1;16;1510263164;16;255;1510263171;1
32;16;10;5;1;16;1510263183;16;255;1510263190;0
32;16;10;5;1;16;1510264056;16;255;1510264062;1
32;16;10;5;1;16;1510264063;16;255;1510264070;1
32;16;10;5;1;16;1510264101;16;255;1510264108;0
32;16;10;5;1;16;1510264118;16;255;1510264125;0
32;16;10;5;1;16;1510264988;16;255;1510264995;1
32;16;10;5;1;16;1510264995;16;255;1510265002;1
32;16;10;5;1;16;1510265037;16;255;1510265043;1
32;16;10;5;1;16;1510265053;16;255;1510265060;1
32;16;10;5;1;16;1510265919;16;255;1510265925;1
32;16;10;5;1;16;1510265926;16;255;1510265933;0
32;16;10;5;1;16;1510265973;16;255;1510265980;1
32;16;10;5;1;16;1510265989;16;255;1510265996;0
32;16;10;5;1;16;1510266849;16;255;1510266856;1
32;16;10;5;1;16;1510266858;16;255;1510266865;1
32;16;10;5;1;16;1510266909;16;255;1510266916;1
32;16;10;5;1;16;1510266923;16;255;1510266930;1
32;16;10;5;1;16;1510267780;16;255;1510267787;1
32;16;10;5;1;16;1510267790;16;255;1510267796;0
32;16;10;5;1;16;1510267847;16;255;1510267854;1
32;16;10;5;1;16;1510267858;16;255;1510267865;1
32;16;10;5;1;16;1510268711;16;255;1510268718;1
32;16;10;5;1;16;1510268721;16;255;1510268728;1
32;16;10;5;1;16;1510268784;16;255;1510268791;1
32;16;10;5;1;16;1510268793;16;255;1510268800;0
32;16;10;5;1;16;1510269642;16;255;1510269649;1
32;16;10;5;1;16;1510269653;16;255;1510269660;0
32;16;10;5;1;16;1510269720;16;255;1510269727;1
32;16;10;5;1;16;1510269728;16;255;1510269735;1
32;16;10;5;1;16;1510270574;16;255;1510270580;1
32;16;10;5;1;16;1510270586;16;255;1510270593;1
32;16;10;5;1;16;1510270658;16;255;1510270665;1
32;16;10;5;1;16;1510270664;16;255;1510270671;1
32;16;10;5;1;16;1510271504;16;255;1510271511;1
32;16;10;5;1;16;1510271519;16;255;1510271526;1
32;16;10;5;1;16;1510271593;16;255;1510271600;0
32;16;10;5;1;16;1510271600;16;255;1510271607;1
32;16;10;5;1;16;1510272437;16;255;1510272444;1
32;16;10;5;1;16;1510272456;16;255;1510272463;1
32;16;10;5;1;16;1510272525;16;255;1510272532;1
32;16;10;5;1;16;1510272535;16;255;1510272542;1
32;16;10;5;1;16;1510273368;16;255;1510273375;0
32;16;10;5;1;16;1510273393;16;255;1510273400;1
32;16;10;5;1;16;1510273457;16;255;1510273463;1
32;16;10;5;1;16;1510273472;16;255;1510273479;1
32;16;10;5;1;16;1510274298;16;255;1510274305;1
32;16;10;5;1;16;1510274329;16;255;1510274335;1
32;16;10;5;1;16;1510274388;16;255;1510274395;1
32;16;10;5;1;16;1510274408;16;255;1510274415;1
32;16;10;5;1;16;1510275229;16;255;1510275236;1
32;16;10;5;1;16;1510275266;16;255;1510275273;1
32;16;10;5;1;16;1510275320;16;255;1510275327;1
32;16;10;5;1;16;1510275343;16;255;1510275350;1
32;16;10;5;1;16;1510276161;16;255;1510276167;1
32;16;10;5;1;16;1510276202;16;255;1510276209;1
32;16;10;5;1;16;1510276256;16;255;1510276263;1
32;16;10;5;1;16;1510276275;16;255;1510276282;1
32;16;10;5;1;16;1510277092;16;255;1510277099;1
32;16;10;5;1;16;1510277139;16;255;1510277146;1
32;16;10;5;1;16;1510277192;16;255;1510277199;1
32;16;10;5;1;16;1510277206;16;255;1510277213;1
32;16;10;5;1;16;1510278024;16;255;1510278031;1
32;16;10;5;1;16;1510278075;16;255;1510278082;1
32;16;10;5;1;16;1510278128;16;255;1510278135;0
32;16;10;5;1;16;1510278138;16;255;1510278145;1
32;16;10;5;1;16;1510278955;16;255;1510278962;1
32;16;10;5;1;16;1510279013;16;255;1510279020;1
32;16;10;5;1;16;1510279064;16;255;1510279071;1
32;16;10;5;1;16;1510279069;16;255;1510279076;1
32;16;10;5;1;16;1510279886;16;255;1510279893;1
32;16;10;5;1;16;1510279949;16;255;1510279956;1
32;16;10;5;1;16;1510280000;16;255;1510280007;1
32;16;10;5;1;16;1510280001;16;255;1510280008;1
32;16;10;5;1;16;1510280816;16;255;1510280823;1
32;16;10;5;1;16;1510280887;16;255;1510280894;1
32;16;10;5;1;16;1510280932;16;255;1510280939;1
32;16;10;5;1;16;1510280936;16;255;1510280943;1
32;16;10;5;1;16;1510281747;16;255;1510281754;1
32;16;10;5;1;16;1510281825;16;255;1510281832;1
32;16;10;5;1;16;1510281864;16;255;1510281870;1
32;16;10;5;1;16;1510281871;16;255;1510281878;1
32;16;10;5;1;16;1510282678;16;255;1510282685;1
32;16;10;5;1;16;1510282765;16;255;1510282772;1
32;16;10;5;1;16;1510282795;16;255;1510282802;0
32;16;10;5;1;16;1510282807;16;255;1510282814;1
32;16;10;5;1;16;1510283609;16;255;1510283616;1
32;16;10;5;1;16;1510283702;16;255;1510283709;1
32;16;10;5;1;16;1510283727;16;255;1510283734;1
32;16;10;5;1;16;1510283742;16;255;1510283749;1
32;16;10;5;1;16;1510284540;16;255;1510284547;1
32;16;10;5;1;16;1510284640;16;255;1510284647;0
32;16;10;5;1;16;1510284658;16;255;1510284665;1
32;16;10;5;1;16;1510284678;16;255;1510284684;1
32;16;10;5;1;16;1510285470;16;255;1510285477;1
32;16;10;5;1;16;1510285577;16;255;1510285584;1
32;16;10;5;1;16;1510285593;16;255;1510285600;1
32;16;10;5;1;16;1510285609;16;255;1510285616;1
32;16;10;5;1;16;1510286402;16;255;1510286409;1
32;16;10;5;1;16;1510286515;16;255;1510286522;1
32;16;10;5;1;16;1510286529;16;255;1510286536;1
32;16;10;5;1;16;1510286541;16;255;1510286548;1
32;16;10;5;1;16;1510287332;16;255;1510287339;1
32;16;10;5;1;16;1510287452;16;255;1510287459;0
32;16;10;5;1;16;1510287466;16;255;1510287473;0
32;16;10;5;1;16;1510287472;16;255;1510287479;1
32;16;10;5;1;16;1510288264;16;255;1510288271;1
32;16;10;5;1;16;1510288389;16;255;1510288396;0
32;16;10;5;1;16;1510288402;16;255;1510288409;0
32;16;10;5;1;16;1510288404;16;255;1510288411;0
32;16;10;5;1;16;1510289196;16;255;1510289203;0
32;16;10;5;1;16;1510289327;16;255;1510289334;1
32;16;10;5;1;16;1510289336;16;255;1510289343;1
32;16;10;5;1;16;1510289336;16;255;1510289343;1
32;16;10;5;1;16;1510290129;16;255;1510290136;1
32;16;10;5;1;16;1510290265;16;255;1510290272;1
32;16;10;5;1;16;1510290267;16;255;1510290274;1
32;16;10;5;1;16;1510290271;16;255;1510290278;1
32;16;10;5;1;16;1510291061;16;255;1510291068;1
32;16;10;5;1;16;1510291200;16;255;1510291207;1
32;16;10;5;1;16;1510291203;16;255;1510291210;0
32;16;10;5;1;16;1510291206;16;255;1510291213;1
32;16;10;5;1;16;1510291993;16;255;1510292000;1
32;16;10;5;1;16;1510292131;16;255;1510292138;1
32;16;10;5;1;16;1510292141;16;255;1510292147;1
32;16;10;5;1;16;1510292141;16;255;1510292148;1
32;16;10;5;1;16;1510292926;16;255;1510292933;1
32;16;10;5;1;16;1510293063;16;255;1510293069;1
32;16;10;5;1;16;1510293075;16;255;1510293082;1
32;16;10;5;1;16;1510293079;16;255;1510293086;1
32;16;10;5;1;16;1510293858;16;255;1510293865;1
32;16;10;5;1;16;1510293995;16;255;1510294002;1
32;16;10;5;1;16;1510294010;16;255;1510294017;1
32;16;10;5;1;16;1510294018;16;255;1510294025;1
32;16;10;5;1;16;1510294791;16;255;1510294798;1
32;16;10;5;1;16;1510294927;16;255;1510294933;0
32;16;10;5;1;16;1510294944;16;255;1510294951;1
32;16;10;5;1;16;1510294956;16;255;1510294963;1
32;16;10;5;1;16;1510295724;16;255;1510295731;1
32;16;10;5;1;16;1510295858;16;255;1510295865;1
32;16;10;5;1;16;1510295878;16;255;1510295885;1
32;16;10;5;1;16;1510295895;16;255;1510295902;1
32;16;10;5;1;16;1510296657;16;255;1510296664;1
32;16;10;5;1;16;1510296791;16;255;1510296798;1
32;16;10;5;1;16;1510296813;16;255;1510296820;1
32;16;10;5;1;16;1510296832;16;255;1510296839;1
32;16;10;5;1;16;1510297590;16;255;1510297597;0
32;16;10;5;1;16;1510297722;16;255;1510297729;1
32;16;10;5;1;16;1510297748;16;255;1510297755;1
32;16;10;5;1;16;1510297770;16;255;1510297777;0
32;16;10;5;1;16;1510298522;16;255;1510298529;0
32;16;10;5;1;16;1510298654;16;255;1510298661;0
32;16;10;5;1;16;1510298684;16;255;1510298691;1
32;16;10;5;1;16;1510298708;16;255;1510298715;1
32;16;10;5;1;16;1510299454;16;255;1510299461;1
32;16;10;5;1;16;1510299585;16;255;1510299592;1
32;16;10;5;1;16;1510299619;16;255;1510299626;1
32;16;10;5;1;16;1510299646;16;255;1510299653;1
32;16;10;5;1;16;1510300387;16;255;1510300394;1
32;16;10;5;1;16;1510300517;16;255;1510300524;1
32;16;10;5;1;16;1510300554;16;255;1510300561;1
32;16;10;5;1;16;1510300584;16;255;1510300591;1
32;16;10;5;1;16;1510301320;16;255;1510301327;0
32;16;10;5;1;16;1510301450;16;255;1510301457;1
32;16;10;5;1;16;1510301492;16;255;1510301499;0
32;16;10;5;1;16;1510301519;16;255;1510301526;0
32;16;10;5;1;16;1510302253;16;255;1510302260;1
32;16;10;5;1;16;1510302381;16;255;1510302388;1
32;16;10;5;1;16;1510302430;16;255;1510302437;1
32;16;10;5;1;16;1510302454;16;255;1510302461;1
32;16;10;5;1;16;1510303212;16;255;1510303219;1
32;16;10;5;1;16;1510303351;16;255;1510303358;1
32;16;10;5;1;16;1510303408;16;255;1510303416;1
32;16;10;5;1;16;1510303442;16;255;1510303451;1
32;16;10;5;1;16;1510304191;16;255;1510304198;1
32;16;10;5;1;16;1510304331;16;255;1510304338;1
32;16;10;5;1;16;1510304379;16;255;1510304387;1
32;16;10;5;1;16;1510304428;16;255;1510304435;1
32;16;10;5;1;16;1510305172;16;255;1510305178;1
32;16;10;5;1;16;1510305296;16;255;1510305303;1
32;16;10;5;1;16;1510305353;16;255;1510305360;1
32;16;10;5;1;16;1510305396;16;255;1510305403;1
32;16;10;5;1;16;1510306125;16;255;1510306132;1
32;16;10;5;1;16;1510306263;16;255;1510306270;1
32;16;10;5;1;16;1510306314;16;255;1510306322;1
32;16;10;5;1;16;1510306399;16;255;1510306407;1
32;16;10;5;1;16;1510307154;16;255;1510307161;0
32;16;10;5;1;16;1510307304;16;255;1510307311;1
32;16;10;5;1;16;1510307334;16;255;1510307341;1
