32;16;10;5;1;17;1509981549;17;255;1509981556;1
32;16;10;5;1;17;1509981617;17;255;1509981624;0
32;16;10;5;1;17;1509981686;17;255;1509981693;1
32;16;10;5;1;17;1509981798;17;255;1509981805;1
32;16;10;5;1;17;1509982542;17;255;1509982549;1
32;16;10;5;1;17;1509982609;17;255;1509982616;1
32;16;10;5;1;17;1509982678;17;255;1509982685;1
32;16;10;5;1;17;1509982775;17;255;1509982782;0
32;16;10;5;1;17;1509983495;17;255;1509983502;1
32;16;10;5;1;17;1509983554;17;255;1509983561;1
32;16;10;5;1;17;1509983621;17;255;1509983628;1
32;16;10;5;1;17;1509983733;17;255;1509983740;1
32;16;10;5;1;17;1509984438;17;255;1509984445;0
32;16;10;5;1;17;1509984493;17;255;1509984500;0
32;16;10;5;1;17;1509984564;17;255;1509984571;1
32;16;10;5;1;17;1509984672;17;255;1509984679;0
32;16;10;5;1;17;1509985378;17;255;1509985385;1
32;16;10;5;1;17;1509985435;17;255;1509985442;1
32;16;10;5;1;17;1509985505;17;255;1509985512;1
32;16;10;5;1;17;1509985614;17;255;1509985621;1
32;16;10;5;1;17;1509986319;17;255;1509986326;1
32;16;10;5;1;17;1509986377;17;255;1509986384;1
32;16;10;5;1;17;1509986447;17;255;1509986454;1
32;16;10;5;1;17;1509986557;17;255;1509986564;1
32;16;10;5;1;17;1509987259;17;255;1509987266;1
32;16;10;5;1;17;1509987321;17;255;1509987328;1
32;16;10;5;1;17;1509987386;17;255;1509987393;1
32;16;10;5;1;17;1509987499;17;255;1509987506;1
32;16;10;5;1;17;1509988201;17;255;1509988208;1
32;16;10;5;1;17;1509988263;17;255;1509988270;1
32;16;10;5;1;17;1509988326;17;255;1509988333;1
32;16;10;5;1;17;1509988440;17;255;1509988447;0
32;16;10;5;1;17;1509989144;17;255;1509989151;1
32;16;10;5;1;17;1509989205;17;255;1509989212;0
32;16;10;5;1;17;1509989270;17;255;1509989277;1
32;16;10;5;1;17;1509989382;17;255;1509989389;1
32;16;10;5;1;17;1509990084;17;255;1509990091;1
32;16;10;5;1;17;1509990147;17;255;1509990154;1
32;16;10;5;1;17;1509990211;17;255;1509990218;1
32;16;10;5;1;17;1509990325;17;255;1509990332;1
32;16;10;5;1;17;1509991026;17;255;1509991033;0
32;16;10;5;1;17;1509991088;17;255;1509991095;1
32;16;10;5;1;17;1509991151;17;255;1509991158;1
32;16;10;5;1;17;1509991267;17;255;1509991274;1
32;16;10;5;1;17;1509991968;17;255;1509991975;1
32;16;10;5;1;17;1509992030;17;255;1509992037;1
32;16;10;5;1;17;1509992091;17;255;1509992098;0
32;16;10;5;1;17;1509992209;17;255;1509992216;1
32;16;10;5;1;17;1509992912;17;255;1509992919;1
32;16;10;5;1;17;1509992971;17;255;1509992978;1
32;16;10;5;1;17;1509993031;17;255;1509993039;1
32;16;10;5;1;17;1509993150;17;255;1509993157;1
32;16;10;5;1;17;1509993852;17;255;1509993859;1
32;16;10;5;1;17;1509993912;17;255;1509993920;1
32;16;10;5;1;17;1509993973;17;255;1509993980;0
32;16;10;5;1;17;1509994092;17;255;1509994099;1
32;16;10;5;1;17;1509994793;17;255;1509994800;1
32;16;10;5;1;17;1509994853;17;255;1509994860;1
32;16;10;5;1;17;1509994914;17;255;1509994921;0
32;16;10;5;1;17;1509995034;17;255;1509995041;0
32;16;10;5;1;17;1509995740;17;255;1509995747;1
32;16;10;5;1;17;1509995796;17;255;1509995803;1
32;16;10;5;1;17;1509995871;17;255;1509995878;1
32;16;10;5;1;17;1509995976;17;255;1509995983;1
32;16;10;5;1;17;1509996683;17;255;1509996690;1
32;16;10;5;1;17;1509996736;17;255;1509996744;0
32;16;10;5;1;17;1509996814;17;255;1509996821;1
32;16;10;5;1;17;1509996917;17;255;1509996924;0
32;16;10;5;1;17;1509997625;17;255;1509997632;0
32;16;10;5;1;17;1509997681;17;255;1509997688;1
32;16;10;5;1;17;1509997755;17;255;1509997762;0
32;16;10;5;1;17;1509997856;17;255;1509997863;1
32;16;10;5;1;17;1509998566;17;255;1509998573;0
32;16;10;5;1;17;1509998621;17;255;1509998628;1
32;16;10;5;1;17;1509998695;17;255;1509998702;1
32;16;10;5;1;17;1509998799;17;255;1509998806;1
32;16;10;5;1;17;1509999510;17;255;1509999517;0
32;16;10;5;1;17;1509999563;17;255;1509999570;0
32;16;10;5;1;17;1509999634;17;255;1509999641;1
32;16;10;5;1;17;1509999738;17;255;1509999745;1
32;16;10;5;1;17;1510000452;17;255;1510000459;1
32;16;10;5;1;17;1510000507;17;255;1510000514;1
32;16;10;5;1;17;1510000576;17;255;1510000583;1
32;16;10;5;1;17;1510000678;17;255;1510000685;1
32;16;10;5;1;17;1510001394;17;255;1510001401;1
32;16;10;5;1;17;1510001450;17;255;1510001457;1
32;16;10;5;1;17;1510001515;17;255;1510001522;1
32;16;10;5;1;17;1510001619;17;255;1510001626;1
32;16;10;5;1;17;1510002335;17;255;1510002342;1
32;16;10;5;1;17;1510002394;17;255;1510002401;1
32;16;10;5;1;17;1510002457;17;255;1510002464;0
32;16;10;5;1;17;1510002558;17;255;1510002565;1
32;16;10;5;1;17;1510003277;17;255;1510003284;1
32;16;10;5;1;17;1510003336;17;255;1510003343;1
32;16;10;5;1;17;1510003399;17;255;1510003406;1
32;16;10;5;1;17;1510003501;17;255;1510003508;0
32;16;10;5;1;17;1510004216;17;255;1510004223;1
32;16;10;5;1;17;1510004275;17;255;1510004282;1
32;16;10;5;1;17;1510004345;17;255;1510004352;1
32;16;10;5;1;17;1510004443;17;255;1510004450;1
32;16;10;5;1;17;1510005158;17;255;1510005165;1
32;16;10;5;1;17;1510005217;17;255;1510005225;1
32;16;10;5;1;17;1510005285;17;255;1510005292;1
32;16;10;5;1;17;1510005384;17;255;1510005391;1
32;16;10;5;1;17;1510006099;17;255;1510006106;1
32;16;10;5;1;17;1510006157;17;255;1510006164;0
32;16;10;5;1;17;1510006230;17;255;1510006237;0
32;16;10;5;1;17;1510006325;17;255;1510006332;1
32;16;10;5;1;17;1510007039;17;255;1510007046;1
32;16;10;5;1;17;1510007098;17;255;1510007105;0
32;16;10;5;1;17;1510007174;17;255;1510007181;1
32;16;10;5;1;17;1510007265;17;255;1510007272;1
32;16;10;5;1;17;1510007978;17;255;1510007985;1
32;16;10;5;1;17;1510008037;17;255;1510008044;1
32;16;10;5;1;17;1510008116;17;255;1510008123;1
32;16;10;5;1;17;1510008208;17;255;1510008215;1
32;16;10;5;1;17;1510008920;17;255;1510008927;1
32;16;10;5;1;17;1510008977;17;255;1510008984;1
32;16;10;5;1;17;1510009057;17;255;1510009064;0
32;16;10;5;1;17;1510009150;17;255;1510009157;1
32;16;10;5;1;17;1510009863;17;255;1510009870;1
32;16;10;5;1;17;1510009919;17;255;1510009926;1
32;16;10;5;1;17;1510009999;17;255;1510010006;1
32;16;10;5;1;17;1510010094;17;255;1510010101;1
32;16;10;5;1;17;1510010802;17;255;1510010809;1
32;16;10;5;1;17;1510010859;17;255;1510010867;0
32;16;10;5;1;17;1510010940;17;255;1510010947;1
32;16;10;5;1;17;1510011036;17;255;1510011043;1
32;16;10;5;1;17;1510011741;17;255;1510011748;1
32;16;10;5;1;17;1510011804;17;255;1510011811;1
32;16;10;5;1;17;1510011883;17;255;1510011890;1
32;16;10;5;1;17;1510011975;17;255;1510011982;1
32;16;10;5;1;17;1510012685;17;255;1510012692;1
32;16;10;5;1;17;1510012747;17;255;1510012754;1
32;16;10;5;1;17;1510012823;17;255;1510012830;1
32;16;10;5;1;17;1510012916;17;255;1510012923;1
32;16;10;5;1;17;1510013627;17;255;1510013634;1
32;16;10;5;1;17;1510013690;17;255;1510013697;1
32;16;10;5;1;17;1510013763;17;255;1510013770;1
32;16;10;5;1;17;1510013859;17;255;1510013866;0
32;16;10;5;1;17;1510014569;17;255;1510014576;0
32;16;10;5;1;17;1510014631;17;255;1510014638;1
32;16;10;5;1;17;1510014704;17;255;1510014711;1
32;16;10;5;1;17;1510014800;17;255;1510014807;0
32;16;10;5;1;17;1510015509;17;255;1510015516;1
32;16;10;5;1;17;1510015572;17;255;1510015580;1
32;16;10;5;1;17;1510015645;17;255;1510015652;1
32;16;10;5;1;17;1510015741;17;255;1510015748;1
32;16;10;5;1;17;1510016451;17;255;1510016458;0
32;16;10;5;1;17;1510016514;17;255;1510016521;1
32;16;10;5;1;17;1510016586;17;255;1510016593;1
32;16;10;5;1;17;1510016682;17;255;1510016689;1
32;16;10;5;1;17;1510017392;17;255;1510017399;1
32;16;10;5;1;17;1510017458;17;255;1510017465;1
32;16;10;5;1;17;1510017527;17;255;1510017534;1
32;16;10;5;1;17;1510017624;17;255;1510017631;1
32;16;10;5;1;17;1510018331;17;255;1510018338;1
32;16;10;5;1;17;1510018400;17;255;1510018407;1
32;16;10;5;1;17;1510018468;17;255;1510018475;1
32;16;10;5;1;17;1510018566;17;255;1510018573;1
32;16;10;5;1;17;1510019273;17;255;1510019280;1
32;16;10;5;1;17;1510019344;17;255;1510019351;1
32;16;10;5;1;17;1510019408;17;255;1510019415;0
32;16;10;5;1;17;1510019508;17;255;1510019515;1
32;16;10;5;1;17;1510020215;17;255;1510020222;0
32;16;10;5;1;17;1510020289;17;255;1510020296;0
32;16;10;5;1;17;1510020349;17;255;1510020356;0
32;16;10;5;1;17;1510020447;17;255;1510020454;1
32;16;10;5;1;17;1510021156;17;255;1510021163;1
32;16;10;5;1;17;1510021230;17;255;1510021237;0
32;16;10;5;1;17;1510021289;17;255;1510021296;0
32;16;10;5;1;17;1510021389;17;255;1510021396;0
32;16;10;5;1;17;1510022096;17;255;1510022103;1
32;16;10;5;1;17;1510022169;17;255;1510022176;1
32;16;10;5;1;17;1510022232;17;255;1510022239;1
32;16;10;5;1;17;1510022331;17;255;1510022338;1
32;16;10;5;1;17;1510023038;17;255;1510023045;1
32;16;10;5;1;17;1510023110;17;255;1510023117;0
32;16;10;5;1;17;1510023177;17;255;1510023184;1
32;16;10;5;1;17;1510023270;17;255;1510023277;0
32;16;10;5;1;17;1510023980;17;255;1510023987;1
32;16;10;5;1;17;1510024052;17;255;1510024059;1
32;16;10;5;1;17;1510024118;17;255;1510024125;1
32;16;10;5;1;17;1510024212;17;255;1510024219;1
32;16;10;5;1;17;1510024923;17;255;1510024931;1
32;16;10;5;1;17;1510024992;17;255;1510024999;1
32;16;10;5;1;17;1510025060;17;255;1510025067;1
32;16;10;5;1;17;1510025153;17;255;1510025160;1
32;16;10;5;1;17;1510025867;17;255;1510025874;1
32;16;10;5;1;17;1510025932;17;255;1510025939;1
32;16;10;5;1;17;1510026002;17;255;1510026009;1
32;16;10;5;1;17;1510026093;17;255;1510026100;1
32;16;10;5;1;17;1510026807;17;255;1510026814;1
32;16;10;5;1;17;1510026874;17;255;1510026881;1
32;16;10;5;1;17;1510026944;17;255;1510026951;1
32;16;10;5;1;17;1510027035;17;255;1510027042;0
32;16;10;5;1;17;1510027748;17;255;1510027755;1
32;16;10;5;1;17;1510027814;17;255;1510027821;1
32;16;10;5;1;17;1510027886;17;255;1510027893;1
32;16;10;5;1;17;1510027975;17;255;1510027982;0
32;16;10;5;1;17;1510028691;17;255;1510028698;1
32;16;10;5;1;17;1510028757;17;255;1510028764;1
32;16;10;5;1;17;1510028829;17;255;1510028836;1
32;16;10;5;1;17;1510028913;17;255;1510028920;0
32;16;10;5;1;17;1510029633;17;255;1510029640;0
32;16;10;5;1;17;1510029699;17;255;1510029706;1
32;16;10;5;1;17;1510029769;17;255;1510029776;1
32;16;10;5;1;17;1510029855;17;255;1510029862;1
32;16;10;5;1;17;1510030573;17;255;1510030580;1
32;16;10;5;1;17;1510030642;17;255;1510030649;1
32;16;10;5;1;17;1510030715;17;255;1510030722;1
32;16;10;5;1;17;1510030796;17;255;1510030803;1
32;16;10;5;1;17;1510031516;17;255;1510031523;1
32;16;10;5;1;17;1510031581;17;255;1510031588;1
32;16;10;5;1;17;1510031656;17;255;1510031664;1
32;16;10;5;1;17;1510031738;17;255;1510031745;0
32;16;10;5;1;17;1510032455;17;255;1510032462;1
32;16;10;5;1;17;1510032523;17;255;1510032530;1
32;16;10;5;1;17;1510032600;17;255;1510032607;1
32;16;10;5;1;17;1510032680;17;255;1510032687;1
32;16;10;5;1;17;1510033397;17;255;1510033404;1
32;16;10;5;1;17;1510033463;17;255;1510033470;1
32;16;10;5;1;17;1510033541;17;255;1510033548;1
32;16;10;5;1;17;1510033619;17;255;1510033626;0
32;16;10;5;1;17;1510034341;17;255;1510034348;1
32;16;10;5;1;17;1510034406;17;255;1510034413;1
32;16;10;5;1;17;1510034482;17;255;1510034489;1
32;16;10;5;1;17;1510034560;17;255;1510034567;0
32;16;10;5;1;17;1510035280;17;255;1510035287;1
32;16;10;5;1;17;1510035348;17;255;1510035355;1
32;16;10;5;1;17;1510035421;17;255;1510035428;1
32;16;10;5;1;17;1510035502;17;255;1510035509;1
32;16;10;5;1;17;1510036223;17;255;1510036230;1
32;16;10;5;1;17;1510036289;17;255;1510036296;1
32;16;10;5;1;17;1510036365;17;255;1510036372;1
32;16;10;5;1;17;1510036442;17;255;1510036449;1
32;16;10;5;1;17;1510037165;17;255;1510037172;1
32;16;10;5;1;17;1510037232;17;255;1510037239;1
32;16;10;5;1;17;1510037305;17;255;1510037312;1
32;16;10;5;1;17;1510037381;17;255;1510037389;0
32;16;10;5;1;17;1510038107;17;255;1510038114;1
32;16;10;5;1;17;1510038175;17;255;1510038182;1
32;16;10;5;1;17;1510038245;17;255;1510038252;0
32;16;10;5;1;17;1510038323;17;255;1510038330;1
32;16;10;5;1;17;1510039048;17;255;1510039056;1
32;16;10;5;1;17;1510039117;17;255;1510039124;0
32;16;10;5;1;17;1510039187;17;255;1510039194;1
32;16;10;5;1;17;1510039263;17;255;1510039270;1
32;16;10;5;1;17;1510039990;17;255;1510039997;1
32;16;10;5;1;17;1510040057;17;255;1510040064;1
32;16;10;5;1;17;1510040130;17;255;1510040137;1
32;16;10;5;1;17;1510040205;17;255;1510040212;1
32;16;10;5;1;17;1510040931;17;255;1510040938;1
32;16;10;5;1;17;1510040998;17;255;1510041005;1
32;16;10;5;1;17;1510041073;17;255;1510041080;1
32;16;10;5;1;17;1510041144;17;255;1510041151;1
32;16;10;5;1;17;1510041874;17;255;1510041881;1
32;16;10;5;1;17;1510041940;17;255;1510041947;1
32;16;10;5;1;17;1510042016;17;255;1510042023;1
32;16;10;5;1;17;1510042085;17;255;1510042092;1
32;16;10;5;1;17;1510042814;17;255;1510042821;1
32;16;10;5;1;17;1510042882;17;255;1510042889;0
32;16;10;5;1;17;1510042958;17;255;1510042965;0
32;16;10;5;1;17;1510043027;17;255;1510043035;1
32;16;10;5;1;17;1510043754;17;255;1510043761;1
32;16;10;5;1;17;1510043825;17;255;1510043832;1
32;16;10;5;1;17;1510043897;17;255;1510043905;0
32;16;10;5;1;17;1510043970;17;255;1510043978;1
32;16;10;5;1;17;1510044707;17;255;1510044714;0
32;16;10;5;1;17;1510044776;17;255;1510044783;1
32;16;10;5;1;17;1510044854;17;255;1510044861;1
32;16;10;5;1;17;1510044929;17;255;1510044937;1
32;16;10;5;1;17;1510045710;17;255;1510045717;1
32;16;10;5;1;17;1510045789;17;255;1510045796;1
32;16;10;5;1;17;1510045860;17;255;1510045867;1
32;16;10;5;1;17;1510045939;17;255;1510045947;1
32;16;10;5;1;17;1510046716;17;255;1510046724;0
32;16;10;5;1;17;1510046726;17;255;1510046733;1
32;16;10;5;1;17;1510046735;17;255;1510046742;1
32;16;10;5;1;17;1510046740;17;255;1510046747;1
32;16;10;5;1;17;1510047688;17;255;1510047696;1
32;16;10;5;1;17;1510047708;17;255;1510047716;1
32;16;10;5;1;17;1510047710;17;255;1510047717;0
32;16;10;5;1;17;1510047713;17;255;1510047721;1
32;16;10;5;1;17;1510048654;17;255;1510048661;1
32;16;10;5;1;17;1510048668;17;255;1510048675;1
32;16;10;5;1;17;1510048672;17;255;1510048680;1
32;16;10;5;1;17;1510048680;17;255;1510048688;1
32;16;10;5;1;17;1510049690;17;255;1510049698;1
32;16;10;5;1;17;1510049698;17;255;1510049705;1
32;16;10;5;1;17;1510049713;17;255;1510049721;1
32;16;10;5;1;17;1510050647;17;255;1510050654;1
32;16;10;5;1;17;1510050654;17;255;1510050661;1
32;16;10;5;1;17;1510050671;17;255;1510050678;1
32;16;10;5;1;17;1510051607;17;255;1510051614;1
32;16;10;5;1;17;1510051613;17;255;1510051620;1
32;16;10;5;1;17;1510051632;17;255;1510051639;1
32;16;10;5;1;17;1510052564;17;255;1510052571;1
32;16;10;5;1;17;1510052570;17;255;1510052577;1
32;16;10;5;1;17;1510052588;17;255;1510052595;0
32;16;10;5;1;17;1510053520;17;255;1510053527;0
32;16;10;5;1;17;1510053526;17;255;1510053533;0
32;16;10;5;1;17;1510053545;17;255;1510053552;0
32;16;10;5;1;17;1510054479;17;255;1510054487;1
32;16;10;5;1;17;1510054487;17;255;1510054494;1
32;16;10;5;1;17;1510054507;17;255;1510054514;0
32;16;10;5;1;17;1510055445;17;255;1510055452;1
32;16;10;5;1;17;1510055458;17;255;1510055465;1
32;16;10;5;1;17;1510055476;17;255;1510055483;1
32;16;10;5;1;17;1510056408;17;255;1510056415;1
32;16;10;5;1;17;1510056426;17;255;1510056433;1
32;16;10;5;1;17;1510056452;17;255;1510056459;1
32;16;10;5;1;17;1510057360;17;255;1510057367;1
32;16;10;5;1;17;1510057381;17;255;1510057388;1
32;16;10;5;1;17;1510057409;17;255;1510057416;1
32;16;10;5;1;17;1510058301;17;255;1510058308;1
32;16;10;5;1;17;1510058323;17;255;1510058330;1
32;16;10;5;1;17;1510058350;17;255;1510058357;1
32;16;10;5;1;17;1510059242;17;255;1510059249;1
32;16;10;5;1;17;1510059263;17;255;1510059270;1
32;16;10;5;1;17;1510059290;17;255;1510059297;1
32;16;10;5;1;17;1510060189;17;255;1510060196;1
32;16;10;5;1;17;1510060209;17;255;1510060216;0
32;16;10;5;1;17;1510060240;17;255;1510060247;0
32;16;10;5;1;17;1510061150;17;255;1510061157;1
32;16;10;5;1;17;1510061167;17;255;1510061174;0
32;16;10;5;1;17;1510061202;17;255;1510061209;1
32;16;10;5;1;17;1510062143;17;255;1510062150;1
32;16;10;5;1;17;1510062147;17;255;1510062154;1
32;16;10;5;1;17;1510062192;17;255;1510062200;1
32;16;10;5;1;17;1510063102;17;255;1510063109;1
32;16;10;5;1;17;1510063107;17;255;1510063114;1
32;16;10;5;1;17;1510063150;17;255;1510063157;1
32;16;10;5;1;17;1510064054;17;255;1510064062;1
32;16;10;5;1;17;1510064056;17;255;1510064064;0
32;16;10;5;1;17;1510064102;17;255;1510064109;1
32;16;10;5;1;17;1510065029;17;255;1510065036;0
32;16;10;5;1;17;1510065029;17;255;1510065036;1
32;16;10;5;1;17;1510065075;17;255;1510065082;0
32;16;10;5;1;17;1510065987;17;255;1510065994;1
32;16;10;5;1;17;1510065989;17;255;1510065996;0
32;16;10;5;1;17;1510066039;17;255;1510066046;1
32;16;10;5;1;17;1510066948;17;255;1510066955;1
32;16;10;5;1;17;1510066951;17;255;1510066958;0
32;16;10;5;1;17;1510067001;17;255;1510067009;1
32;16;10;5;1;17;1510067907;17;255;1510067914;1
32;16;10;5;1;17;1510067911;17;255;1510067918;1
32;16;10;5;1;17;1510067963;17;255;1510067970;1
32;16;10;5;1;17;1510068856;17;255;1510068863;1
32;16;10;5;1;17;1510068858;17;255;1510068865;1
32;16;10;5;1;17;1510068911;17;255;1510068918;1
32;16;10;5;1;17;1510069816;17;255;1510069824;0
32;16;10;5;1;17;1510069833;17;255;1510069840;1
32;16;10;5;1;17;1510069878;17;255;1510069885;1
32;16;10;5;1;17;1510070782;17;255;1510070790;0
32;16;10;5;1;17;1510070795;17;255;1510070802;1
32;16;10;5;1;17;1510070843;17;255;1510070850;0
32;16;10;5;1;17;1510071755;17;255;1510071762;1
32;16;10;5;1;17;1510071761;17;255;1510071769;1
32;16;10;5;1;17;1510071805;17;255;1510071812;1
32;16;10;5;1;17;1510072708;17;255;1510072715;1
32;16;10;5;1;17;1510072714;17;255;1510072721;1
32;16;10;5;1;17;1510072755;17;255;1510072762;0
32;16;10;5;1;17;1510073651;17;255;1510073658;1
32;16;10;5;1;17;1510073657;17;255;1510073664;1
32;16;10;5;1;17;1510073698;17;255;1510073705;1
32;16;10;5;1;17;1510074595;17;255;1510074602;1
32;16;10;5;1;17;1510074600;17;255;1510074607;1
32;16;10;5;1;17;1510074641;17;255;1510074648;0
32;16;10;5;1;17;1510075387;17;255;1510075395;1
32;16;10;5;1;17;1510075568;17;255;1510075575;1
32;16;10;5;1;17;1510075582;17;255;1510075589;1
32;16;10;5;1;17;1510075621;17;255;1510075628;1
32;16;10;5;1;17;1510076348;17;255;1510076355;1
32;16;10;5;1;17;1510076519;17;255;1510076526;1
32;16;10;5;1;17;1510076525;17;255;1510076532;1
32;16;10;5;1;17;1510076566;17;255;1510076573;1
32;16;10;5;1;17;1510077288;17;255;1510077295;1
32;16;10;5;1;17;1510077458;17;255;1510077465;1
32;16;10;5;1;17;1510077465;17;255;1510077472;1
32;16;10;5;1;17;1510077505;17;255;1510077512;1
32;16;10;5;1;17;1510078227;17;255;1510078234;1
32;16;10;5;1;17;1510078398;17;255;1510078405;1
32;16;10;5;1;17;1510078406;17;255;1510078413;1
32;16;10;5;1;17;1510078446;17;255;1510078453;1
32;16;10;5;1;17;1510079166;17;255;1510079173;1
32;16;10;5;1;17;1510079337;17;255;1510079344;0
32;16;10;5;1;17;1510079345;17;255;1510079352;1
32;16;10;5;1;17;1510079386;17;255;1510079393;1
32;16;10;5;1;17;1510080107;17;255;1510080114;1
32;16;10;5;1;17;1510080277;17;255;1510080284;1
32;16;10;5;1;17;1510080284;17;255;1510080291;1
32;16;10;5;1;17;1510080326;17;255;1510080333;1
32;16;10;5;1;17;1510081048;17;255;1510081055;0
32;16;10;5;1;17;1510081216;17;255;1510081223;1
32;16;10;5;1;17;1510081223;17;255;1510081230;1
32;16;10;5;1;17;1510081267;17;255;1510081274;1
32;16;10;5;1;17;1510081988;17;255;1510081995;1
32;16;10;5;1;17;1510082156;17;255;1510082163;1
32;16;10;5;1;17;1510082162;17;255;1510082170;1
32;16;10;5;1;17;1510082207;17;255;1510082214;1
32;16;10;5;1;17;1510082925;17;255;1510082932;1
32;16;10;5;1;17;1510083097;17;255;1510083104;0
32;16;10;5;1;17;1510083104;17;255;1510083111;1
32;16;10;5;1;17;1510083147;17;255;1510083154;0
32;16;10;5;1;17;1510083864;17;255;1510083871;1
32;16;10;5;1;17;1510084035;17;255;1510084042;1
32;16;10;5;1;17;1510084046;17;255;1510084053;1
32;16;10;5;1;17;1510084087;17;255;1510084094;0
32;16;10;5;1;17;1510084803;17;255;1510084810;1
32;16;10;5;1;17;1510084975;17;255;1510084982;1
32;16;10;5;1;17;1510084988;17;255;1510084995;1
32;16;10;5;1;17;1510085027;17;255;1510085034;0
32;16;10;5;1;17;1510085742;17;255;1510085749;1
32;16;10;5;1;17;1510085917;17;255;1510085924;0
32;16;10;5;1;17;1510085929;17;255;1510085936;1
32;16;10;5;1;17;1510085966;17;255;1510085973;1
32;16;10;5;1;17;1510086681;17;255;1510086688;0
32;16;10;5;1;17;1510086857;17;255;1510086864;0
32;16;10;5;1;17;1510086871;17;255;1510086878;1
32;16;10;5;1;17;1510086907;17;255;1510086914;1
32;16;10;5;1;17;1510087622;17;255;1510087629;0
32;16;10;5;1;17;1510087797;17;255;1510087804;0
32;16;10;5;1;17;1510087810;17;255;1510087817;1
32;16;10;5;1;17;1510087845;17;255;1510087852;1
32;16;10;5;1;17;1510088562;17;255;1510088569;1
32;16;10;5;1;17;1510088738;17;255;1510088745;1
32;16;10;5;1;17;1510088750;17;255;1510088757;1
32;16;10;5;1;17;1510088785;17;255;1510088792;1
32;16;10;5;1;17;1510089501;17;255;1510089508;0
32;16;10;5;1;17;1510089677;17;255;1510089684;1
32;16;10;5;1;17;1510089691;17;255;1510089698;0
32;16;10;5;1;17;1510089727;17;255;1510089734;1
32;16;10;5;1;17;1510090439;17;255;1510090446;1
32;16;10;5;1;17;1510090617;17;255;1510090624;1
32;16;10;5;1;17;1510090631;17;255;1510090638;1
32;16;10;5;1;17;1510090670;17;255;1510090677;1
32;16;10;5;1;17;1510091379;17;255;1510091386;1
32;16;10;5;1;17;1510091557;17;255;1510091564;0
32;16;10;5;1;17;1510091571;17;255;1510091578;1
32;16;10;5;1;17;1510091609;17;255;1510091616;1
32;16;10;5;1;17;1510092318;17;255;1510092325;1
32;16;10;5;1;17;1510092497;17;255;1510092504;0
32;16;10;5;1;17;1510092511;17;255;1510092518;1
32;16;10;5;1;17;1510092550;17;255;1510092557;1
32;16;10;5;1;17;1510093258;17;255;1510093265;1
32;16;10;5;1;17;1510093437;17;255;1510093444;0
32;16;10;5;1;17;1510093453;17;255;1510093460;1
32;16;10;5;1;17;1510093490;17;255;1510093498;1
32;16;10;5;1;17;1510094198;17;255;1510094205;1
32;16;10;5;1;17;1510094375;17;255;1510094382;1
32;16;10;5;1;17;1510094391;17;255;1510094398;1
32;16;10;5;1;17;1510094433;17;255;1510094440;1
32;16;10;5;1;17;1510095140;17;255;1510095147;1
32;16;10;5;1;17;1510095315;17;255;1510095322;1
32;16;10;5;1;17;1510095330;17;255;1510095337;1
32;16;10;5;1;17;1510095373;17;255;1510095380;1
32;16;10;5;1;17;1510096082;17;255;1510096089;1
32;16;10;5;1;17;1510096254;17;255;1510096261;1
32;16;10;5;1;17;1510096268;17;255;1510096276;1
32;16;10;5;1;17;1510096313;17;255;1510096320;1
32;16;10;5;1;17;1510097024;17;255;1510097031;1
32;16;10;5;1;17;1510097193;17;255;1510097200;0
32;16;10;5;1;17;1510097208;17;255;1510097215;1
32;16;10;5;1;17;1510097255;17;255;1510097262;1
32;16;10;5;1;17;1510097962;17;255;1510097969;0
32;16;10;5;1;17;1510098135;17;255;1510098142;1
32;16;10;5;1;17;1510098147;17;255;1510098154;1
32;16;10;5;1;17;1510098194;17;255;1510098201;1
32;16;10;5;1;17;1510098902;17;255;1510098909;1
32;16;10;5;1;17;1510099076;17;255;1510099083;1
32;16;10;5;1;17;1510099085;17;255;1510099092;1
32;16;10;5;1;17;1510099135;17;255;1510099142;1
32;16;10;5;1;17;1510099842;17;255;1510099850;1
32;16;10;5;1;17;1510100018;17;255;1510100025;1
32;16;10;5;1;17;1510100022;17;255;1510100029;0
32;16;10;5;1;17;1510100075;17;255;1510100082;1
32;16;10;5;1;17;1510100784;17;255;1510100791;1
32;16;10;5;1;17;1510100957;17;255;1510100964;0
32;16;10;5;1;17;1510100963;17;255;1510100970;1
32;16;10;5;1;17;1510101014;17;255;1510101021;1
32;16;10;5;1;17;1510101724;17;255;1510101731;1
32;16;10;5;1;17;1510101895;17;255;1510101902;1
32;16;10;5;1;17;1510101904;17;255;1510101911;1
32;16;10;5;1;17;1510101955;17;255;1510101962;1
32;16;10;5;1;17;1510102664;17;255;1510102671;1
32;16;10;5;1;17;1510102835;17;255;1510102842;1
32;16;10;5;1;17;1510102843;17;255;1510102850;1
32;16;10;5;1;17;1510102898;17;255;1510102905;1
32;16;10;5;1;17;1510103602;17;255;1510103609;1
32;16;10;5;1;17;1510103775;17;255;1510103782;0
32;16;10;5;1;17;1510103784;17;255;1510103791;1
32;16;10;5;1;17;1510103838;17;255;1510103845;0
32;16;10;5;1;17;1510104540;17;255;1510104547;1
32;16;10;5;1;17;1510104713;17;255;1510104720;0
32;16;10;5;1;17;1510104726;17;255;1510104733;1
32;16;10;5;1;17;1510104778;17;255;1510104785;1
32;16;10;5;1;17;1510105479;17;255;1510105487;1
32;16;10;5;1;17;1510105653;17;255;1510105660;0
32;16;10;5;1;17;1510105666;17;255;1510105673;1
32;16;10;5;1;17;1510105717;17;255;1510105724;1
32;16;10;5;1;17;1510106421;17;255;1510106428;1
32;16;10;5;1;17;1510106594;17;255;1510106601;1
32;16;10;5;1;17;1510106605;17;255;1510106612;1
32;16;10;5;1;17;1510106656;17;255;1510106663;1
32;16;10;5;1;17;1510107359;17;255;1510107367;1
32;16;10;5;1;17;1510107538;17;255;1510107545;1
32;16;10;5;1;17;1510107544;17;255;1510107551;1
32;16;10;5;1;17;1510107598;17;255;1510107605;1
32;16;10;5;1;17;1510108298;17;255;1510108305;1
32;16;10;5;1;17;1510108479;17;255;1510108486;1
32;16;10;5;1;17;1510108484;17;255;1510108491;1
32;16;10;5;1;17;1510108538;17;255;1510108545;1
32;16;10;5;1;17;1510109237;17;255;1510109244;1
32;16;10;5;1;17;1510109419;17;255;1510109426;1
32;16;10;5;1;17;1510109425;17;255;1510109432;1
32;16;10;5;1;17;1510109479;17;255;1510109486;1
32;16;10;5;1;17;1510110177;17;255;1510110184;1
32;16;10;5;1;17;1510110359;17;255;1510110366;1
32;16;10;5;1;17;1510110365;17;255;1510110372;1
32;16;10;5;1;17;1510110420;17;255;1510110427;0
32;16;10;5;1;17;1510111117;17;255;1510111124;1
32;16;10;5;1;17;1510111299;17;255;1510111306;1
32;16;10;5;1;17;1510111306;17;255;1510111313;1
32;16;10;5;1;17;1510111359;17;255;1510111366;1
32;16;10;5;1;17;1510112057;17;255;1510112064;0
32;16;10;5;1;17;1510112241;17;255;1510112248;1
32;16;10;5;1;17;1510112246;17;255;1510112253;1
32;16;10;5;1;17;1510112298;17;255;1510112305;0
32;16;10;5;1;17;1510112993;17;255;1510113000;1
32;16;10;5;1;17;1510113183;17;255;1510113190;1
32;16;10;5;1;17;1510113187;17;255;1510113194;1
32;16;10;5;1;17;1510113238;17;255;1510113245;1
32;16;10;5;1;17;1510113932;17;255;1510113939;1
32;16;10;5;1;17;1510114124;17;255;1510114131;1
32;16;10;5;1;17;1510114127;17;255;1510114134;1
32;16;10;5;1;17;1510114178;17;255;1510114185;1
32;16;10;5;1;17;1510114871;17;255;1510114878;1
32;16;10;5;1;17;1510115064;17;255;1510115071;1
32;16;10;5;1;17;1510115067;17;255;1510115074;1
32;16;10;5;1;17;1510115117;17;255;1510115124;1
32;16;10;5;1;17;1510115813;17;255;1510115820;1
32;16;10;5;1;17;1510116004;17;255;1510116011;1
32;16;10;5;1;17;1510116006;17;255;1510116013;1
32;16;10;5;1;17;1510116057;17;255;1510116064;1
32;16;10;5;1;17;1510116754;17;255;1510116761;1
32;16;10;5;1;17;1510116943;17;255;1510116950;1
32;16;10;5;1;17;1510116946;17;255;1510116953;1
32;16;10;5;1;17;1510116995;17;255;1510117002;1
32;16;10;5;1;17;1510117694;17;255;1510117701;0
32;16;10;5;1;17;1510117882;17;255;1510117889;1
32;16;10;5;1;17;1510117888;17;255;1510117895;0
32;16;10;5;1;17;1510117936;17;255;1510117943;1
32;16;10;5;1;17;1510118636;17;255;1510118643;1
32;16;10;5;1;17;1510118822;17;255;1510118829;1
32;16;10;5;1;17;1510118830;17;255;1510118837;1
32;16;10;5;1;17;1510118875;17;255;1510118882;1
32;16;10;5;1;17;1510119579;17;255;1510119586;1
32;16;10;5;1;17;1510119761;17;255;1510119768;0
32;16;10;5;1;17;1510119769;17;255;1510119776;1
32;16;10;5;1;17;1510119813;17;255;1510119820;1
32;16;10;5;1;17;1510120521;17;255;1510120528;1
32;16;10;5;1;17;1510120701;17;255;1510120708;0
32;16;10;5;1;17;1510120708;17;255;1510120715;1
32;16;10;5;1;17;1510120753;17;255;1510120760;1
32;16;10;5;1;17;1510121462;17;255;1510121469;1
32;16;10;5;1;17;1510121640;17;255;1510121647;1
32;16;10;5;1;17;1510121649;17;255;1510121656;1
32;16;10;5;1;17;1510121692;17;255;1510121699;1
32;16;10;5;1;17;1510122402;17;255;1510122409;1
32;16;10;5;1;17;1510122580;17;255;1510122587;1
32;16;10;5;1;17;1510122588;17;255;1510122595;1
32;16;10;5;1;17;1510122633;17;255;1510122640;1
32;16;10;5;1;17;1510123342;17;255;1510123349;1
32;16;10;5;1;17;1510123521;17;255;1510123528;0
32;16;10;5;1;17;1510123530;17;255;1510123537;1
32;16;10;5;1;17;1510123575;17;255;1510123582;0
32;16;10;5;1;17;1510124284;17;255;1510124291;1
32;16;10;5;1;17;1510124459;17;255;1510124466;1
32;16;10;5;1;17;1510124470;17;255;1510124477;1
32;16;10;5;1;17;1510124514;17;255;1510124522;1
32;16;10;5;1;17;1510125223;17;255;1510125230;1
32;16;10;5;1;17;1510125399;17;255;1510125406;1
32;16;10;5;1;17;1510125410;17;255;1510125417;1
32;16;10;5;1;17;1510125454;17;255;1510125461;1
32;16;10;5;1;17;1510126162;17;255;1510126169;0
32;16;10;5;1;17;1510126340;17;255;1510126347;1
32;16;10;5;1;17;1510126350;17;255;1510126357;1
32;16;10;5;1;17;1510126395;17;255;1510126402;1
32;16;10;5;1;17;1510127102;17;255;1510127109;1
32;16;10;5;1;17;1510127278;17;255;1510127285;1
32;16;10;5;1;17;1510127288;17;255;1510127295;1
32;16;10;5;1;17;1510127337;17;255;1510127344;1
32;16;10;5;1;17;1510128041;17;255;1510128048;1
32;16;10;5;1;17;1510128219;17;255;1510128226;1
32;16;10;5;1;17;1510128227;17;255;1510128234;1
32;16;10;5;1;17;1510128277;17;255;1510128284;1
32;16;10;5;1;17;1510128980;17;255;1510128987;1
32;16;10;5;1;17;1510129159;17;255;1510129166;1
32;16;10;5;1;17;1510129169;17;255;1510129176;1
32;16;10;5;1;17;1510129216;17;255;1510129223;1
32;16;10;5;1;17;1510129928;17;255;1510129936;1
32;16;10;5;1;17;1510130132;17;255;1510130139;0
32;16;10;5;1;17;1510130139;17;255;1510130147;0
32;16;10;5;1;17;1510130191;17;255;1510130198;1
32;16;10;5;1;17;1510130938;17;255;1510130945;1
32;16;10;5;1;17;1510131138;17;255;1510131146;1
32;16;10;5;1;17;1510131143;17;255;1510131150;1
32;16;10;5;1;17;1510131188;17;255;1510131195;0
32;16;10;5;1;17;1510131933;17;255;1510131940;0
32;16;10;5;1;17;1510132116;17;255;1510132123;1
32;16;10;5;1;17;1510132132;17;255;1510132139;1
32;16;10;5;1;17;1510132172;17;255;1510132179;1
32;16;10;5;1;17;1510132907;17;255;1510132914;1
32;16;10;5;1;17;1510133090;17;255;1510133098;1
32;16;10;5;1;17;1510133112;17;255;1510133119;1
32;16;10;5;1;17;1510133155;17;255;1510133163;1
32;16;10;5;1;17;1510133930;17;255;1510133937;1
32;16;10;5;1;17;1510134096;17;255;1510134103;1
32;16;10;5;1;17;1510134126;17;255;1510134134;1
32;16;10;5;1;17;1510134172;17;255;1510134179;1
32;16;10;5;1;17;1510134928;17;255;1510134935;1
32;16;10;5;1;17;1510135093;17;255;1510135102;1
32;16;10;5;1;17;1510135125;17;255;1510135132;1
32;16;10;5;1;17;1510135158;17;255;1510135167;1
32;16;10;5;1;17;1510135918;17;255;1510135925;1
32;16;10;5;1;17;1510136086;17;255;1510136093;1
32;16;10;5;1;17;1510136130;17;255;1510136137;0
32;16;10;5;1;17;1510136154;17;255;1510136162;1
32;16;10;5;1;17;1510136923;17;255;1510136931;1
32;16;10;5;1;17;1510137099;17;255;1510137108;1
32;16;10;5;1;17;1510137122;17;255;1510137130;0
32;16;10;5;1;17;1510137168;17;255;1510137176;1
32;16;10;5;1;17;1510137906;17;255;1510137914;1
32;16;10;5;1;17;1510138104;17;255;1510138112;1
32;16;10;5;1;17;1510138107;17;255;1510138114;1
32;16;10;5;1;17;1510138157;17;255;1510138164;1
32;16;10;5;1;17;1510138930;17;255;1510138937;1
32;16;10;5;1;17;1510139096;17;255;1510139105;1
32;16;10;5;1;17;1510139128;17;255;1510139136;1
32;16;10;5;1;17;1510139161;17;255;1510139168;0
32;16;10;5;1;17;1510139904;17;255;1510139911;1
32;16;10;5;1;17;1510140065;17;255;1510140072;1
32;16;10;5;1;17;1510140145;17;255;1510140152;1
32;16;10;5;1;17;1510140147;17;255;1510140156;1
32;16;10;5;1;17;1510140902;17;255;1510140910;1
32;16;10;5;1;17;1510141048;17;255;1510141055;1
32;16;10;5;1;17;1510141110;17;255;1510141119;1
32;16;10;5;1;17;1510141117;17;255;1510141124;1
32;16;10;5;1;17;1510141876;17;255;1510141884;1
32;16;10;5;1;17;1510142042;17;255;1510142049;1
32;16;10;5;1;17;1510142082;17;255;1510142089;1
32;16;10;5;1;17;1510142140;17;255;1510142148;1
32;16;10;5;1;17;1510142902;17;255;1510142912;1
32;16;10;5;1;17;1510143090;17;255;1510143099;1
32;16;10;5;1;17;1510143124;17;255;1510143133;1
32;16;10;5;1;17;1510143197;17;255;1510143204;1
32;16;10;5;1;17;1510143908;17;255;1510143916;1
32;16;10;5;1;17;1510144090;17;255;1510144097;1
32;16;10;5;1;17;1510144122;17;255;1510144129;0
32;16;10;5;1;17;1510144195;17;255;1510144202;0
32;16;10;5;1;17;1510144870;17;255;1510144877;1
32;16;10;5;1;17;1510145037;17;255;1510145044;1
32;16;10;5;1;17;1510145066;17;255;1510145073;1
32;16;10;5;1;17;1510145145;17;255;1510145152;0
32;16;10;5;1;17;1510145809;17;255;1510145816;1
32;16;10;5;1;17;1510145979;17;255;1510145986;1
32;16;10;5;1;17;1510146011;17;255;1510146018;1
32;16;10;5;1;17;1510146084;17;255;1510146091;1
32;16;10;5;1;17;1510146754;17;255;1510146762;1
32;16;10;5;1;17;1510146926;17;255;1510146933;1
32;16;10;5;1;17;1510146960;17;255;1510146967;1
32;16;10;5;1;17;1510147032;17;255;1510147039;1
32;16;10;5;1;17;1510147728;17;255;1510147735;0
32;16;10;5;1;17;1510147902;17;255;1510147909;1
32;16;10;5;1;17;1510147926;17;255;1510147934;1
32;16;10;5;1;17;1510148009;17;255;1510148017;1
32;16;10;5;1;17;1510148700;17;255;1510148707;1
32;16;10;5;1;17;1510148880;17;255;1510148887;1
32;16;10;5;1;17;1510148899;17;255;1510148906;1
32;16;10;5;1;17;1510148979;17;255;1510148986;1
32;16;10;5;1;17;1510149658;17;255;1510149665;0
32;16;10;5;1;17;1510149833;17;255;1510149840;0
32;16;10;5;1;17;1510149843;17;255;1510149850;1
32;16;10;5;1;17;1510149922;17;255;1510149929;0
32;16;10;5;1;17;1510150608;17;255;1510150616;1
32;16;10;5;1;17;1510150787;17;255;1510150794;0
32;16;10;5;1;17;1510150797;17;255;1510150804;1
32;16;10;5;1;17;1510150879;17;255;1510150886;1
32;16;10;5;1;17;1510151569;17;255;1510151577;1
32;16;10;5;1;17;1510151751;17;255;1510151759;1
32;16;10;5;1;17;1510151763;17;255;1510151770;1
32;16;10;5;1;17;1510151853;17;255;1510151860;1
32;16;10;5;1;17;1510152563;17;255;1510152571;0
32;16;10;5;1;17;1510152736;17;255;1510152744;1
32;16;10;5;1;17;1510152762;17;255;1510152769;1
32;16;10;5;1;17;1510152838;17;255;1510152845;1
32;16;10;5;1;17;1510153537;17;255;1510153544;1
32;16;10;5;1;17;1510153708;17;255;1510153715;1
32;16;10;5;1;17;1510153730;17;255;1510153738;1
32;16;10;5;1;17;1510153805;17;255;1510153812;1
32;16;10;5;1;17;1510154504;17;255;1510154511;0
32;16;10;5;1;17;1510154676;17;255;1510154683;0
32;16;10;5;1;17;1510154704;17;255;1510154711;1
32;16;10;5;1;17;1510154773;17;255;1510154780;1
32;16;10;5;1;17;1510155462;17;255;1510155469;1
32;16;10;5;1;17;1510155632;17;255;1510155639;0
32;16;10;5;1;17;1510155659;17;255;1510155667;1
32;16;10;5;1;17;1510155732;17;255;1510155739;1
32;16;10;5;1;17;1510156445;17;255;1510156453;0
32;16;10;5;1;17;1510156617;17;255;1510156624;1
32;16;10;5;1;17;1510156647;17;255;1510156654;0
32;16;10;5;1;17;1510156717;17;255;1510156724;1
32;16;10;5;1;17;1510157434;17;255;1510157441;1
32;16;10;5;1;17;1510157617;17;255;1510157625;1
32;16;10;5;1;17;1510157645;17;255;1510157652;1
32;16;10;5;1;17;1510157716;17;255;1510157723;1
32;16;10;5;1;17;1510158405;17;255;1510158412;1
32;16;10;5;1;17;1510158583;17;255;1510158590;1
32;16;10;5;1;17;1510158617;17;255;1510158624;1
32;16;10;5;1;17;1510158679;17;255;1510158686;1
32;16;10;5;1;17;1510159361;17;255;1510159368;1
32;16;10;5;1;17;1510159541;17;255;1510159548;1
32;16;10;5;1;17;1510159571;17;255;1510159578;1
32;16;10;5;1;17;1510159636;17;255;1510159644;1
32;16;10;5;1;17;1510160342;17;255;1510160349;1
32;16;10;5;1;17;1510160518;17;255;1510160525;1
32;16;10;5;1;17;1510160546;17;255;1510160553;1
32;16;10;5;1;17;1510160617;17;255;1510160624;1
32;16;10;5;1;17;1510161317;17;255;1510161325;1
32;16;10;5;1;17;1510161490;17;255;1510161497;1
32;16;10;5;1;17;1510161528;17;255;1510161536;1
32;16;10;5;1;17;1510161587;17;255;1510161594;1
32;16;10;5;1;17;1510162282;17;255;1510162289;1
32;16;10;5;1;17;1510162453;17;255;1510162460;1
32;16;10;5;1;17;1510162495;17;255;1510162503;1
32;16;10;5;1;17;1510162552;17;255;1510162559;1
32;16;10;5;1;17;1510163235;17;255;1510163242;1
32;16;10;5;1;17;1510163417;17;255;1510163424;1
32;16;10;5;1;17;1510163478;17;255;1510163485;0
32;16;10;5;1;17;1510163504;17;255;1510163512;0
32;16;10;5;1;17;1510164177;17;255;1510164184;0
32;16;10;5;1;17;1510164360;17;255;1510164367;1
32;16;10;5;1;17;1510164421;17;255;1510164428;1
32;16;10;5;1;17;1510164450;17;255;1510164457;1
32;16;10;5;1;17;1510165119;17;255;1510165126;1
32;16;10;5;1;17;1510165302;17;255;1510165309;1
32;16;10;5;1;17;1510165363;17;255;1510165370;0
32;16;10;5;1;17;1510165394;17;255;1510165401;1
32;16;10;5;1;17;1510166063;17;255;1510166070;1
32;16;10;5;1;17;1510166245;17;255;1510166252;1
32;16;10;5;1;17;1510166307;17;255;1510166314;0
32;16;10;5;1;17;1510166336;17;255;1510166343;1
32;16;10;5;1;17;1510167006;17;255;1510167013;1
32;16;10;5;1;17;1510167187;17;255;1510167194;1
32;16;10;5;1;17;1510167248;17;255;1510167256;0
32;16;10;5;1;17;1510167279;17;255;1510167287;0
32;16;10;5;1;17;1510167949;17;255;1510167956;0
32;16;10;5;1;17;1510168128;17;255;1510168135;1
32;16;10;5;1;17;1510168191;17;255;1510168198;1
32;16;10;5;1;17;1510168225;17;255;1510168232;1
32;16;10;5;1;17;1510168890;17;255;1510168897;1
32;16;10;5;1;17;1510169071;17;255;1510169078;1
32;16;10;5;1;17;1510169134;17;255;1510169141;0
32;16;10;5;1;17;1510169166;17;255;1510169173;1
32;16;10;5;1;17;1510169834;17;255;1510169841;1
32;16;10;5;1;17;1510170014;17;255;1510170021;1
32;16;10;5;1;17;1510170077;17;255;1510170084;1
32;16;10;5;1;17;1510170108;17;255;1510170115;1
32;16;10;5;1;17;1510170776;17;255;1510170783;0
32;16;10;5;1;17;1510170956;17;255;1510170963;1
32;16;10;5;1;17;1510171021;17;255;1510171028;1
32;16;10;5;1;17;1510171050;17;255;1510171057;0
32;16;10;5;1;17;1510171717;17;255;1510171724;1
32;16;10;5;1;17;1510171899;17;255;1510171906;1
32;16;10;5;1;17;1510171965;17;255;1510171972;1
32;16;10;5;1;17;1510171993;17;255;1510172000;1
32;16;10;5;1;17;1510172659;17;255;1510172666;0
32;16;10;5;1;17;1510172840;17;255;1510172847;1
32;16;10;5;1;17;1510172906;17;255;1510172913;1
32;16;10;5;1;17;1510172937;17;255;1510172944;0
32;16;10;5;1;17;1510173603;17;255;1510173610;1
32;16;10;5;1;17;1510173781;17;255;1510173788;1
32;16;10;5;1;17;1510173850;17;255;1510173857;1
32;16;10;5;1;17;1510173879;17;255;1510173886;1
32;16;10;5;1;17;1510174547;17;255;1510174554;1
32;16;10;5;1;17;1510174724;17;255;1510174731;1
32;16;10;5;1;17;1510174793;17;255;1510174800;0
32;16;10;5;1;17;1510174820;17;255;1510174827;0
32;16;10;5;1;17;1510175490;17;255;1510175497;1
32;16;10;5;1;17;1510175665;17;255;1510175672;1
32;16;10;5;1;17;1510175735;17;255;1510175742;1
32;16;10;5;1;17;1510175761;17;255;1510175768;1
32;16;10;5;1;17;1510176435;17;255;1510176442;1
32;16;10;5;1;17;1510176605;17;255;1510176612;1
32;16;10;5;1;17;1510176677;17;255;1510176684;0
32;16;10;5;1;17;1510176702;17;255;1510176709;1
32;16;10;5;1;17;1510177377;17;255;1510177384;1
32;16;10;5;1;17;1510177549;17;255;1510177556;1
32;16;10;5;1;17;1510177620;17;255;1510177627;1
32;16;10;5;1;17;1510177643;17;255;1510177650;0
32;16;10;5;1;17;1510178321;17;255;1510178328;1
32;16;10;5;1;17;1510178493;17;255;1510178500;0
32;16;10;5;1;17;1510178561;17;255;1510178568;1
32;16;10;5;1;17;1510178585;17;255;1510178592;1
32;16;10;5;1;17;1510179263;17;255;1510179270;0
32;16;10;5;1;17;1510179436;17;255;1510179443;0
32;16;10;5;1;17;1510179501;17;255;1510179508;1
32;16;10;5;1;17;1510179526;17;255;1510179533;1
32;16;10;5;1;17;1510180206;17;255;1510180213;1
32;16;10;5;1;17;1510180378;17;255;1510180385;1
32;16;10;5;1;17;1510180442;17;255;1510180449;1
32;16;10;5;1;17;1510180469;17;255;1510180476;1
32;16;10;5;1;17;1510181150;17;255;1510181157;1
32;16;10;5;1;17;1510181320;17;255;1510181327;1
32;16;10;5;1;17;1510181384;17;255;1510181391;1
32;16;10;5;1;17;1510181412;17;255;1510181419;0
32;16;10;5;1;17;1510182095;17;255;1510182102;1
32;16;10;5;1;17;1510182263;17;255;1510182270;1
32;16;10;5;1;17;1510182327;17;255;1510182335;1
32;16;10;5;1;17;1510182354;17;255;1510182362;1
32;16;10;5;1;17;1510183038;17;255;1510183045;1
32;16;10;5;1;17;1510183204;17;255;1510183212;0
32;16;10;5;1;17;1510183269;17;255;1510183276;1
32;16;10;5;1;17;1510183295;17;255;1510183302;1
32;16;10;5;1;17;1510183981;17;255;1510183988;1
32;16;10;5;1;17;1510184147;17;255;1510184154;1
32;16;10;5;1;17;1510184211;17;255;1510184218;1
32;16;10;5;1;17;1510184237;17;255;1510184244;1
32;16;10;5;1;17;1510184924;17;255;1510184931;0
32;16;10;5;1;17;1510185090;17;255;1510185097;1
32;16;10;5;1;17;1510185154;17;255;1510185161;0
32;16;10;5;1;17;1510185178;17;255;1510185185;1
32;16;10;5;1;17;1510185867;17;255;1510185874;1
32;16;10;5;1;17;1510186034;17;255;1510186041;1
32;16;10;5;1;17;1510186098;17;255;1510186105;1
32;16;10;5;1;17;1510186120;17;255;1510186128;0
32;16;10;5;1;17;1510186808;17;255;1510186815;1
32;16;10;5;1;17;1510186977;17;255;1510186984;1
32;16;10;5;1;17;1510187037;17;255;1510187044;0
32;16;10;5;1;17;1510187061;17;255;1510187068;1
32;16;10;5;1;17;1510187751;17;255;1510187758;1
32;16;10;5;1;17;1510187920;17;255;1510187927;1
32;16;10;5;1;17;1510187979;17;255;1510187986;0
32;16;10;5;1;17;1510188003;17;255;1510188010;1
32;16;10;5;1;17;1510188692;17;255;1510188699;1
32;16;10;5;1;17;1510188863;17;255;1510188870;1
32;16;10;5;1;17;1510188921;17;255;1510188928;1
32;16;10;5;1;17;1510188947;17;255;1510188954;1
32;16;10;5;1;17;1510189632;17;255;1510189639;1
32;16;10;5;1;17;1510189806;17;255;1510189813;1
32;16;10;5;1;17;1510189861;17;255;1510189868;1
32;16;10;5;1;17;1510189891;17;255;1510189898;1
32;16;10;5;1;17;1510190573;17;255;1510190580;1
32;16;10;5;1;17;1510190748;17;255;1510190755;1
32;16;10;5;1;17;1510190801;17;255;1510190808;0
32;16;10;5;1;17;1510190834;17;255;1510190841;1
32;16;10;5;1;17;1510191514;17;255;1510191521;1
32;16;10;5;1;17;1510191692;17;255;1510191699;0
32;16;10;5;1;17;1510191742;17;255;1510191749;1
32;16;10;5;1;17;1510191777;17;255;1510191784;1
32;16;10;5;1;17;1510192458;17;255;1510192466;1
32;16;10;5;1;17;1510192634;17;255;1510192642;1
32;16;10;5;1;17;1510192682;17;255;1510192689;1
32;16;10;5;1;17;1510192721;17;255;1510192728;1
32;16;10;5;1;17;1510193399;17;255;1510193406;1
32;16;10;5;1;17;1510193575;17;255;1510193582;1
32;16;10;5;1;17;1510193625;17;255;1510193632;0
32;16;10;5;1;17;1510193664;17;255;1510193671;1
32;16;10;5;1;17;1510194339;17;255;1510194346;0
32;16;10;5;1;17;1510194517;17;255;1510194524;1
32;16;10;5;1;17;1510194567;17;255;1510194574;1
32;16;10;5;1;17;1510194606;17;255;1510194613;1
32;16;10;5;1;17;1510195282;17;255;1510195289;0
32;16;10;5;1;17;1510195461;17;255;1510195468;1
32;16;10;5;1;17;1510195509;17;255;1510195516;1
32;16;10;5;1;17;1510195548;17;255;1510195555;1
32;16;10;5;1;17;1510196225;17;255;1510196232;1
32;16;10;5;1;17;1510196406;17;255;1510196413;0
32;16;10;5;1;17;1510196452;17;255;1510196459;1
32;16;10;5;1;17;1510196488;17;255;1510196495;0
32;16;10;5;1;17;1510197169;17;255;1510197176;0
32;16;10;5;1;17;1510197346;17;255;1510197353;1
32;16;10;5;1;17;1510197395;17;255;1510197402;1
32;16;10;5;1;17;1510197429;17;255;1510197436;1
32;16;10;5;1;17;1510198110;17;255;1510198117;1
32;16;10;5;1;17;1510198288;17;255;1510198295;0
32;16;10;5;1;17;1510198340;17;255;1510198347;1
32;16;10;5;1;17;1510198370;17;255;1510198377;0
32;16;10;5;1;17;1510199050;17;255;1510199057;1
32;16;10;5;1;17;1510199229;17;255;1510199236;1
32;16;10;5;1;17;1510199286;17;255;1510199293;1
32;16;10;5;1;17;1510199312;17;255;1510199319;1
32;16;10;5;1;17;1510199992;17;255;1510200000;1
32;16;10;5;1;17;1510200171;17;255;1510200178;1
32;16;10;5;1;17;1510200231;17;255;1510200238;1
32;16;10;5;1;17;1510200252;17;255;1510200259;1
32;16;10;5;1;17;1510200934;17;255;1510200941;1
32;16;10;5;1;17;1510201111;17;255;1510201118;1
32;16;10;5;1;17;1510201175;17;255;1510201182;1
32;16;10;5;1;17;1510201192;17;255;1510201199;1
32;16;10;5;1;17;1510201875;17;255;1510201882;0
32;16;10;5;1;17;1510202053;17;255;1510202060;1
32;16;10;5;1;17;1510202119;17;255;1510202126;0
32;16;10;5;1;17;1510202135;17;255;1510202142;1
32;16;10;5;1;17;1510202818;17;255;1510202825;1
32;16;10;5;1;17;1510202997;17;255;1510203004;1
32;16;10;5;1;17;1510203060;17;255;1510203067;1
32;16;10;5;1;17;1510203078;17;255;1510203085;1
32;16;10;5;1;17;1510203759;17;255;1510203766;1
32;16;10;5;1;17;1510203941;17;255;1510203948;1
32;16;10;5;1;17;1510204001;17;255;1510204008;1
32;16;10;5;1;17;1510204023;17;255;1510204030;1
32;16;10;5;1;17;1510204699;17;255;1510204706;1
32;16;10;5;1;17;1510204880;17;255;1510204887;0
32;16;10;5;1;17;1510204944;17;255;1510204951;1
32;16;10;5;1;17;1510204967;17;255;1510204974;1
32;16;10;5;1;17;1510205643;17;255;1510205650;1
32;16;10;5;1;17;1510205822;17;255;1510205829;0
32;16;10;5;1;17;1510205889;17;255;1510205896;1
32;16;10;5;1;17;1510205909;17;255;1510205916;1
32;16;10;5;1;17;1510206585;17;255;1510206592;1
32;16;10;5;1;17;1510206764;17;255;1510206771;1
32;16;10;5;1;17;1510206831;17;255;1510206838;1
32;16;10;5;1;17;1510206853;17;255;1510206860;1
32;16;10;5;1;17;1510207528;17;255;1510207535;1
32;16;10;5;1;17;1510207708;17;255;1510207715;1
32;16;10;5;1;17;1510207774;17;255;1510207781;0
32;16;10;5;1;17;1510207794;17;255;1510207801;1
32;16;10;5;1;17;1510208468;17;255;1510208475;1
32;16;10;5;1;17;1510208650;17;255;1510208657;1
32;16;10;5;1;17;1510208715;17;255;1510208722;1
32;16;10;5;1;17;1510208735;17;255;1510208742;1
32;16;10;5;1;17;1510209409;17;255;1510209416;0
32;16;10;5;1;17;1510209592;17;255;1510209599;1
32;16;10;5;1;17;1510209659;17;255;1510209666;1
32;16;10;5;1;17;1510209678;17;255;1510209685;1
32;16;10;5;1;17;1510210353;17;255;1510210360;1
32;16;10;5;1;17;1510210533;17;255;1510210540;1
32;16;10;5;1;17;1510210600;17;255;1510210607;1
32;16;10;5;1;17;1510210621;17;255;1510210628;1
32;16;10;5;1;17;1510211296;17;255;1510211303;1
32;16;10;5;1;17;1510211474;17;255;1510211481;1
32;16;10;5;1;17;1510211542;17;255;1510211549;1
32;16;10;5;1;17;1510211564;17;255;1510211571;1
32;16;10;5;1;17;1510212238;17;255;1510212245;1
32;16;10;5;1;17;1510212417;17;255;1510212424;1
32;16;10;5;1;17;1510212482;17;255;1510212489;1
32;16;10;5;1;17;1510212505;17;255;1510212512;1
32;16;10;5;1;17;1510213181;17;255;1510213188;1
32;16;10;5;1;17;1510213359;17;255;1510213366;1
32;16;10;5;1;17;1510213426;17;255;1510213433;1
32;16;10;5;1;17;1510213448;17;255;1510213455;1
32;16;10;5;1;17;1510214122;17;255;1510214129;1
32;16;10;5;1;17;1510214302;17;255;1510214309;0
32;16;10;5;1;17;1510214367;17;255;1510214374;0
32;16;10;5;1;17;1510214392;17;255;1510214399;1
32;16;10;5;1;17;1510215066;17;255;1510215073;1
32;16;10;5;1;17;1510215243;17;255;1510215250;0
32;16;10;5;1;17;1510215309;17;255;1510215316;1
32;16;10;5;1;17;1510215335;17;255;1510215342;1
32;16;10;5;1;17;1510216007;17;255;1510216014;0
32;16;10;5;1;17;1510216183;17;255;1510216190;1
32;16;10;5;1;17;1510216250;17;255;1510216257;0
32;16;10;5;1;17;1510216278;17;255;1510216285;1
32;16;10;5;1;17;1510216950;17;255;1510216957;0
32;16;10;5;1;17;1510217126;17;255;1510217133;1
32;16;10;5;1;17;1510217192;17;255;1510217199;1
32;16;10;5;1;17;1510217221;17;255;1510217228;1
32;16;10;5;1;17;1510217893;17;255;1510217900;1
32;16;10;5;1;17;1510218068;17;255;1510218076;1
32;16;10;5;1;17;1510218134;17;255;1510218141;1
32;16;10;5;1;17;1510218165;17;255;1510218172;1
32;16;10;5;1;17;1510218835;17;255;1510218842;1
32;16;10;5;1;17;1510219023;17;255;1510219030;1
32;16;10;5;1;17;1510219084;17;255;1510219091;1
32;16;10;5;1;17;1510219117;17;255;1510219124;1
32;16;10;5;1;17;1510219831;17;255;1510219838;1
32;16;10;5;1;17;1510220019;17;255;1510220028;1
32;16;10;5;1;17;1510220082;17;255;1510220089;1
32;16;10;5;1;17;1510220113;17;255;1510220122;0
32;16;10;5;1;17;1510220852;17;255;1510220859;0
32;16;10;5;1;17;1510221039;17;255;1510221046;0
32;16;10;5;1;17;1510221082;17;255;1510221089;0
32;16;10;5;1;17;1510221119;17;255;1510221126;1
32;16;10;5;1;17;1510221826;17;255;1510221833;1
32;16;10;5;1;17;1510222015;17;255;1510222023;1
32;16;10;5;1;17;1510222068;17;255;1510222076;1
32;16;10;5;1;17;1510222135;17;255;1510222142;1
32;16;10;5;1;17;1510222833;17;255;1510222840;1
32;16;10;5;1;17;1510223024;17;255;1510223032;0
32;16;10;5;1;17;1510223080;17;255;1510223088;1
32;16;10;5;1;17;1510223149;17;255;1510223157;1
32;16;10;5;1;17;1510223854;17;255;1510223861;1
32;16;10;5;1;17;1510224046;17;255;1510224054;1
32;16;10;5;1;17;1510224107;17;255;1510224115;1
32;16;10;5;1;17;1510224162;17;255;1510224169;0
32;16;10;5;1;17;1510224860;17;255;1510224868;1
32;16;10;5;1;17;1510225053;17;255;1510225061;1
32;16;10;5;1;17;1510225102;17;255;1510225110;1
32;16;10;5;1;17;1510225156;17;255;1510225163;1
32;16;10;5;1;17;1510225855;17;255;1510225862;1
32;16;10;5;1;17;1510226045;17;255;1510226053;1
32;16;10;5;1;17;1510226102;17;255;1510226111;1
32;16;10;5;1;17;1510226152;17;255;1510226160;1
32;16;10;5;1;17;1510226872;17;255;1510226879;1
32;16;10;5;1;17;1510227053;17;255;1510227061;0
32;16;10;5;1;17;1510227098;17;255;1510227106;1
32;16;10;5;1;17;1510227162;17;255;1510227170;0
32;16;10;5;1;17;1510252847;17;255;1510252854;1
32;16;10;5;1;17;1510252849;17;255;1510252858;1
32;16;10;5;1;17;1510252851;17;255;1510252859;1
32;16;10;5;1;17;1510252855;17;255;1510252863;0
32;16;10;5;1;17;1510253817;17;255;1510253824;1
32;16;10;5;1;17;1510253820;17;255;1510253827;1
32;16;10;5;1;17;1510253822;17;255;1510253829;1
32;16;10;5;1;17;1510253836;17;255;1510253843;1
32;16;10;5;1;17;1510254751;17;255;1510254758;1
32;16;10;5;1;17;1510254752;17;255;1510254759;1
32;16;10;5;1;17;1510254753;17;255;1510254760;1
32;16;10;5;1;17;1510254774;17;255;1510254781;1
32;16;10;5;1;17;1510255684;17;255;1510255690;1
32;16;10;5;1;17;1510255684;17;255;1510255691;1
32;16;10;5;1;17;1510255687;17;255;1510255694;1
32;16;10;5;1;17;1510255709;17;255;1510255716;0
32;16;10;5;1;17;1510256614;17;255;1510256621;1
32;16;10;5;1;17;1510256616;17;255;1510256623;1
32;16;10;5;1;17;1510256622;17;255;1510256629;1
32;16;10;5;1;17;1510256643;17;255;1510256650;1
32;16;10;5;1;17;1510257545;17;255;1510257552;1
32;16;10;5;1;17;1510257548;17;255;1510257555;1
32;16;10;5;1;17;1510257558;17;255;1510257565;1
32;16;10;5;1;17;1510257579;17;255;1510257586;1
32;16;10;5;1;17;1510258476;17;255;1510258483;0
32;16;10;5;1;17;1510258480;17;255;1510258487;1
32;16;10;5;1;17;1510258494;17;255;1510258501;1
32;16;10;5;1;17;1510258513;17;255;1510258520;1
32;16;10;5;1;17;1510259407;17;255;1510259414;1
32;16;10;5;1;17;1510259411;17;255;1510259418;1
32;16;10;5;1;17;1510259429;17;255;1510259436;1
32;16;10;5;1;17;1510259448;17;255;1510259455;1
32;16;10;5;1;17;1510260338;17;255;1510260345;1
32;16;10;5;1;17;1510260344;17;255;1510260351;1
32;16;10;5;1;17;1510260365;17;255;1510260372;1
32;16;10;5;1;17;1510260383;17;255;1510260390;1
32;16;10;5;1;17;1510261270;17;255;1510261277;1
32;16;10;5;1;17;1510261276;17;255;1510261283;1
32;16;10;5;1;17;1510261301;17;255;1510261308;1
32;16;10;5;1;17;1510261320;17;255;1510261327;1
32;16;10;5;1;17;1510262201;17;255;1510262208;1
32;16;10;5;1;17;1510262207;17;255;1510262214;1
32;16;10;5;1;17;1510262236;17;255;1510262243;1
32;16;10;5;1;17;1510262255;17;255;1510262261;1
32;16;10;5;1;17;1510263132;17;255;1510263139;1
32;16;10;5;1;17;1510263139;17;255;1510263146;1
32;16;10;5;1;17;1510263171;17;255;1510263178;1
32;16;10;5;1;17;1510263190;17;255;1510263197;1
32;16;10;5;1;17;1510264062;17;255;1510264069;1
32;16;10;5;1;17;1510264070;17;255;1510264077;1
32;16;10;5;1;17;1510264108;17;255;1510264115;1
32;16;10;5;1;17;1510264125;17;255;1510264132;1
32;16;10;5;1;17;1510264995;17;255;1510265002;1
32;16;10;5;1;17;1510265002;17;255;1510265009;1
32;16;10;5;1;17;1510265043;17;255;1510265050;1
32;16;10;5;1;17;1510265060;17;255;1510265067;1
32;16;10;5;1;17;1510265925;17;255;1510265932;1
32;16;10;5;1;17;1510265933;17;255;1510265940;1
32;16;10;5;1;17;1510265980;17;255;1510265987;1
32;16;10;5;1;17;1510265996;17;255;1510266003;1
32;16;10;5;1;17;1510266856;17;255;1510266863;0
32;16;10;5;1;17;1510266865;17;255;1510266872;1
32;16;10;5;1;17;1510266916;17;255;1510266923;0
32;16;10;5;1;17;1510266930;17;255;1510266937;1
32;16;10;5;1;17;1510267787;17;255;1510267794;1
32;16;10;5;1;17;1510267796;17;255;1510267803;1
32;16;10;5;1;17;1510267854;17;255;1510267861;1
32;16;10;5;1;17;1510267865;17;255;1510267872;1
32;16;10;5;1;17;1510268718;17;255;1510268725;1
32;16;10;5;1;17;1510268728;17;255;1510268735;0
32;16;10;5;1;17;1510268791;17;255;1510268798;1
32;16;10;5;1;17;1510268800;17;255;1510268807;1
32;16;10;5;1;17;1510269649;17;255;1510269656;1
32;16;10;5;1;17;1510269660;17;255;1510269667;1
32;16;10;5;1;17;1510269727;17;255;1510269734;1
32;16;10;5;1;17;1510269735;17;255;1510269742;1
32;16;10;5;1;17;1510270580;17;255;1510270587;1
32;16;10;5;1;17;1510270593;17;255;1510270600;1
32;16;10;5;1;17;1510270665;17;255;1510270672;1
32;16;10;5;1;17;1510270671;17;255;1510270678;1
32;16;10;5;1;17;1510271511;17;255;1510271518;1
32;16;10;5;1;17;1510271526;17;255;1510271533;1
32;16;10;5;1;17;1510271600;17;255;1510271607;1
32;16;10;5;1;17;1510271607;17;255;1510271614;0
32;16;10;5;1;17;1510272444;17;255;1510272451;1
32;16;10;5;1;17;1510272463;17;255;1510272470;1
32;16;10;5;1;17;1510272532;17;255;1510272539;1
32;16;10;5;1;17;1510272542;17;255;1510272549;0
32;16;10;5;1;17;1510273375;17;255;1510273381;1
32;16;10;5;1;17;1510273400;17;255;1510273407;1
32;16;10;5;1;17;1510273463;17;255;1510273470;1
32;16;10;5;1;17;1510273479;17;255;1510273486;1
32;16;10;5;1;17;1510274305;17;255;1510274312;1
32;16;10;5;1;17;1510274335;17;255;1510274342;1
32;16;10;5;1;17;1510274395;17;255;1510274402;1
32;16;10;5;1;17;1510274415;17;255;1510274422;0
32;16;10;5;1;17;1510275236;17;255;1510275243;0
32;16;10;5;1;17;1510275273;17;255;1510275280;1
32;16;10;5;1;17;1510275327;17;255;1510275334;1
32;16;10;5;1;17;1510275350;17;255;1510275357;1
32;16;10;5;1;17;1510276167;17;255;1510276174;1
32;16;10;5;1;17;1510276209;17;255;1510276216;1
32;16;10;5;1;17;1510276263;17;255;1510276270;1
32;16;10;5;1;17;1510276282;17;255;1510276289;1
32;16;10;5;1;17;1510277099;17;255;1510277106;1
32;16;10;5;1;17;1510277146;17;255;1510277153;1
32;16;10;5;1;17;1510277199;17;255;1510277206;1
32;16;10;5;1;17;1510277213;17;255;1510277220;1
32;16;10;5;1;17;1510278031;17;255;1510278038;1
32;16;10;5;1;17;1510278082;17;255;1510278089;1
32;16;10;5;1;17;1510278135;17;255;1510278142;0
32;16;10;5;1;17;1510278145;17;255;1510278152;0
32;16;10;5;1;17;1510278962;17;255;1510278969;1
32;16;10;5;1;17;1510279020;17;255;1510279027;1
32;16;10;5;1;17;1510279071;17;255;1510279078;0
32;16;10;5;1;17;1510279076;17;255;1510279083;1
32;16;10;5;1;17;1510279893;17;255;1510279900;1
32;16;10;5;1;17;1510279956;17;255;1510279963;1
32;16;10;5;1;17;1510280007;17;255;1510280014;0
32;16;10;5;1;17;1510280008;17;255;1510280015;1
32;16;10;5;1;17;1510280823;17;255;1510280830;1
32;16;10;5;1;17;1510280894;17;255;1510280901;0
32;16;10;5;1;17;1510280939;17;255;1510280946;1
32;16;10;5;1;17;1510280943;17;255;1510280950;1
32;16;10;5;1;17;1510281754;17;255;1510281761;0
32;16;10;5;1;17;1510281832;17;255;1510281839;1
32;16;10;5;1;17;1510281870;17;255;1510281877;1
32;16;10;5;1;17;1510281878;17;255;1510281885;0
32;16;10;5;1;17;1510282685;17;255;1510282692;0
32;16;10;5;1;17;1510282772;17;255;1510282779;1
32;16;10;5;1;17;1510282802;17;255;1510282809;1
32;16;10;5;1;17;1510282814;17;255;1510282821;1
32;16;10;5;1;17;1510283616;17;255;1510283623;1
32;16;10;5;1;17;1510283709;17;255;1510283716;0
32;16;10;5;1;17;1510283734;17;255;1510283741;1
32;16;10;5;1;17;1510283749;17;255;1510283756;1
32;16;10;5;1;17;1510284547;17;255;1510284554;1
32;16;10;5;1;17;1510284647;17;255;1510284654;1
32;16;10;5;1;17;1510284665;17;255;1510284672;1
32;16;10;5;1;17;1510284684;17;255;1510284691;1
32;16;10;5;1;17;1510285477;17;255;1510285484;0
32;16;10;5;1;17;1510285584;17;255;1510285591;1
32;16;10;5;1;17;1510285600;17;255;1510285607;1
32;16;10;5;1;17;1510285616;17;255;1510285623;1
32;16;10;5;1;17;1510286409;17;255;1510286415;1
32;16;10;5;1;17;1510286522;17;255;1510286529;1
32;16;10;5;1;17;1510286536;17;255;1510286543;1
32;16;10;5;1;17;1510286548;17;255;1510286555;1
32;16;10;5;1;17;1510287339;17;255;1510287346;1
32;16;10;5;1;17;1510287459;17;255;1510287466;1
32;16;10;5;1;17;1510287473;17;255;1510287480;1
32;16;10;5;1;17;1510287479;17;255;1510287486;1
32;16;10;5;1;17;1510288271;17;255;1510288278;1
32;16;10;5;1;17;1510288396;17;255;1510288403;0
32;16;10;5;1;17;1510288409;17;255;1510288416;0
32;16;10;5;1;17;1510288411;17;255;1510288418;1
32;16;10;5;1;17;1510289203;17;255;1510289210;1
32;16;10;5;1;17;1510289334;17;255;1510289341;1
32;16;10;5;1;17;1510289343;17;255;1510289350;1
32;16;10;5;1;17;1510289343;17;255;1510289350;1
32;16;10;5;1;17;1510290136;17;255;1510290143;1
32;16;10;5;1;17;1510290272;17;255;1510290279;1
32;16;10;5;1;17;1510290274;17;255;1510290281;1
32;16;10;5;1;17;1510290278;17;255;1510290285;1
32;16;10;5;1;17;1510291068;17;255;1510291075;1
32;16;10;5;1;17;1510291207;17;255;1510291214;1
32;16;10;5;1;17;1510291210;17;255;1510291217;0
32;16;10;5;1;17;1510291213;17;255;1510291220;1
32;16;10;5;1;17;1510292000;17;255;1510292007;1
32;16;10;5;1;17;1510292138;17;255;1510292145;1
32;16;10;5;1;17;1510292147;17;255;1510292154;0
32;16;10;5;1;17;1510292148;17;255;1510292155;1
32;16;10;5;1;17;1510292933;17;255;1510292940;1
32;16;10;5;1;17;1510293069;17;255;1510293076;1
32;16;10;5;1;17;1510293082;17;255;1510293089;1
32;16;10;5;1;17;1510293086;17;255;1510293093;1
32;16;10;5;1;17;1510293865;17;255;1510293872;1
32;16;10;5;1;17;1510294002;17;255;1510294009;1
32;16;10;5;1;17;1510294017;17;255;1510294024;1
32;16;10;5;1;17;1510294025;17;255;1510294032;1
32;16;10;5;1;17;1510294798;17;255;1510294805;1
32;16;10;5;1;17;1510294933;17;255;1510294940;0
32;16;10;5;1;17;1510294951;17;255;1510294958;1
32;16;10;5;1;17;1510294963;17;255;1510294970;1
32;16;10;5;1;17;1510295731;17;255;1510295738;1
32;16;10;5;1;17;1510295865;17;255;1510295872;1
32;16;10;5;1;17;1510295885;17;255;1510295892;1
32;16;10;5;1;17;1510295902;17;255;1510295909;1
32;16;10;5;1;17;1510296664;17;255;1510296671;1
32;16;10;5;1;17;1510296798;17;255;1510296805;0
32;16;10;5;1;17;1510296820;17;255;1510296827;1
32;16;10;5;1;17;1510296839;17;255;1510296846;1
32;16;10;5;1;17;1510297597;17;255;1510297604;1
32;16;10;5;1;17;1510297729;17;255;1510297736;1
32;16;10;5;1;17;1510297755;17;255;1510297762;1
32;16;10;5;1;17;1510297777;17;255;1510297784;1
32;16;10;5;1;17;1510298529;17;255;1510298536;1
32;16;10;5;1;17;1510298661;17;255;1510298668;0
32;16;10;5;1;17;1510298691;17;255;1510298698;0
32;16;10;5;1;17;1510298715;17;255;1510298722;1
32;16;10;5;1;17;1510299461;17;255;1510299468;1
32;16;10;5;1;17;1510299592;17;255;1510299599;1
32;16;10;5;1;17;1510299626;17;255;1510299633;1
32;16;10;5;1;17;1510299653;17;255;1510299660;1
32;16;10;5;1;17;1510300394;17;255;1510300401;1
32;16;10;5;1;17;1510300524;17;255;1510300531;1
32;16;10;5;1;17;1510300561;17;255;1510300568;1
32;16;10;5;1;17;1510300591;17;255;1510300598;0
32;16;10;5;1;17;1510301327;17;255;1510301334;1
32;16;10;5;1;17;1510301457;17;255;1510301464;1
32;16;10;5;1;17;1510301499;17;255;1510301506;1
32;16;10;5;1;17;1510301526;17;255;1510301533;1
32;16;10;5;1;17;1510302260;17;255;1510302267;1
32;16;10;5;1;17;1510302388;17;255;1510302395;1
32;16;10;5;1;17;1510302437;17;255;1510302445;1
32;16;10;5;1;17;1510302461;17;255;1510302468;1
32;16;10;5;1;17;1510303219;17;255;1510303226;1
32;16;10;5;1;17;1510303358;17;255;1510303365;1
32;16;10;5;1;17;1510303416;17;255;1510303424;1
32;16;10;5;1;17;1510303451;17;255;1510303459;1
32;16;10;5;1;17;1510304198;17;255;1510304205;0
32;16;10;5;1;17;1510304338;17;255;1510304345;0
32;16;10;5;1;17;1510304387;17;255;1510304395;0
32;16;10;5;1;17;1510304435;17;255;1510304442;1
32;16;10;5;1;17;1510305178;17;255;1510305185;1
32;16;10;5;1;17;1510305303;17;255;1510305310;1
32;16;10;5;1;17;1510305360;17;255;1510305367;1
32;16;10;5;1;17;1510305403;17;255;1510305411;1
32;16;10;5;1;17;1510306132;17;255;1510306140;1
32;16;10;5;1;17;1510306270;17;255;1510306278;1
32;16;10;5;1;17;1510306322;17;255;1510306329;1
32;16;10;5;1;17;1510306407;17;255;1510306415;1
32;16;10;5;1;17;1510307161;17;255;1510307169;0
32;16;10;5;1;17;1510307311;17;255;1510307319;1
32;16;10;5;1;17;1510307341;17;255;1510307348;0
