32;16;10;5;1;18;1509981556;18;255;1509981563;1
32;16;10;5;1;18;1509981624;18;255;1509981631;1
32;16;10;5;1;18;1509981693;18;255;1509981701;0
32;16;10;5;1;18;1509981805;18;255;1509981812;0
32;16;10;5;1;18;1509982549;18;255;1509982557;1
32;16;10;5;1;18;1509982616;18;255;1509982623;1
32;16;10;5;1;18;1509982685;18;255;1509982692;1
32;16;10;5;1;18;1509982782;18;255;1509982789;0
32;16;10;5;1;18;1509983502;18;255;1509983509;1
32;16;10;5;1;18;1509983561;18;255;1509983568;1
32;16;10;5;1;18;1509983628;18;255;1509983636;0
32;16;10;5;1;18;1509983740;18;255;1509983747;1
32;16;10;5;1;18;1509984445;18;255;1509984452;1
32;16;10;5;1;18;1509984500;18;255;1509984507;1
32;16;10;5;1;18;1509984571;18;255;1509984578;1
32;16;10;5;1;18;1509984679;18;255;1509984686;1
32;16;10;5;1;18;1509985385;18;255;1509985392;1
32;16;10;5;1;18;1509985442;18;255;1509985449;1
32;16;10;5;1;18;1509985512;18;255;1509985519;1
32;16;10;5;1;18;1509985621;18;255;1509985628;1
32;16;10;5;1;18;1509986326;18;255;1509986333;1
32;16;10;5;1;18;1509986384;18;255;1509986391;1
32;16;10;5;1;18;1509986454;18;255;1509986461;1
32;16;10;5;1;18;1509986564;18;255;1509986571;1
32;16;10;5;1;18;1509987266;18;255;1509987273;1
32;16;10;5;1;18;1509987328;18;255;1509987335;0
32;16;10;5;1;18;1509987393;18;255;1509987400;1
32;16;10;5;1;18;1509987506;18;255;1509987513;1
32;16;10;5;1;18;1509988208;18;255;1509988216;1
32;16;10;5;1;18;1509988270;18;255;1509988278;0
32;16;10;5;1;18;1509988333;18;255;1509988340;1
32;16;10;5;1;18;1509988447;18;255;1509988454;1
32;16;10;5;1;18;1509989151;18;255;1509989158;1
32;16;10;5;1;18;1509989212;18;255;1509989219;1
32;16;10;5;1;18;1509989277;18;255;1509989284;1
32;16;10;5;1;18;1509989389;18;255;1509989396;1
32;16;10;5;1;18;1509990091;18;255;1509990098;0
32;16;10;5;1;18;1509990154;18;255;1509990161;1
32;16;10;5;1;18;1509990218;18;255;1509990225;1
32;16;10;5;1;18;1509990332;18;255;1509990339;1
32;16;10;5;1;18;1509991033;18;255;1509991041;1
32;16;10;5;1;18;1509991095;18;255;1509991103;1
32;16;10;5;1;18;1509991158;18;255;1509991165;1
32;16;10;5;1;18;1509991274;18;255;1509991281;1
32;16;10;5;1;18;1509991975;18;255;1509991982;1
32;16;10;5;1;18;1509992037;18;255;1509992044;1
32;16;10;5;1;18;1509992098;18;255;1509992105;0
32;16;10;5;1;18;1509992216;18;255;1509992223;1
32;16;10;5;1;18;1509992919;18;255;1509992926;1
32;16;10;5;1;18;1509992978;18;255;1509992985;1
32;16;10;5;1;18;1509993039;18;255;1509993046;0
32;16;10;5;1;18;1509993157;18;255;1509993164;1
32;16;10;5;1;18;1509993859;18;255;1509993866;1
32;16;10;5;1;18;1509993920;18;255;1509993927;0
32;16;10;5;1;18;1509993980;18;255;1509993987;1
32;16;10;5;1;18;1509994099;18;255;1509994106;1
32;16;10;5;1;18;1509994800;18;255;1509994807;1
32;16;10;5;1;18;1509994860;18;255;1509994867;1
32;16;10;5;1;18;1509994921;18;255;1509994928;1
32;16;10;5;1;18;1509995041;18;255;1509995048;1
32;16;10;5;1;18;1509995747;18;255;1509995754;1
32;16;10;5;1;18;1509995803;18;255;1509995810;1
32;16;10;5;1;18;1509995878;18;255;1509995885;1
32;16;10;5;1;18;1509995983;18;255;1509995990;1
32;16;10;5;1;18;1509996690;18;255;1509996697;1
32;16;10;5;1;18;1509996744;18;255;1509996751;1
32;16;10;5;1;18;1509996821;18;255;1509996828;1
32;16;10;5;1;18;1509996924;18;255;1509996931;1
32;16;10;5;1;18;1509997632;18;255;1509997639;1
32;16;10;5;1;18;1509997688;18;255;1509997695;1
32;16;10;5;1;18;1509997762;18;255;1509997769;1
32;16;10;5;1;18;1509997863;18;255;1509997870;1
32;16;10;5;1;18;1509998573;18;255;1509998580;1
32;16;10;5;1;18;1509998628;18;255;1509998635;1
32;16;10;5;1;18;1509998702;18;255;1509998709;0
32;16;10;5;1;18;1509998806;18;255;1509998813;1
32;16;10;5;1;18;1509999517;18;255;1509999525;1
32;16;10;5;1;18;1509999570;18;255;1509999577;1
32;16;10;5;1;18;1509999641;18;255;1509999648;1
32;16;10;5;1;18;1509999745;18;255;1509999752;1
32;16;10;5;1;18;1510000459;18;255;1510000466;0
32;16;10;5;1;18;1510000514;18;255;1510000521;1
32;16;10;5;1;18;1510000583;18;255;1510000590;1
32;16;10;5;1;18;1510000685;18;255;1510000692;1
32;16;10;5;1;18;1510001401;18;255;1510001408;0
32;16;10;5;1;18;1510001457;18;255;1510001464;1
32;16;10;5;1;18;1510001522;18;255;1510001529;0
32;16;10;5;1;18;1510001626;18;255;1510001633;1
32;16;10;5;1;18;1510002342;18;255;1510002349;0
32;16;10;5;1;18;1510002401;18;255;1510002408;0
32;16;10;5;1;18;1510002464;18;255;1510002471;1
32;16;10;5;1;18;1510002565;18;255;1510002572;0
32;16;10;5;1;18;1510003284;18;255;1510003292;1
32;16;10;5;1;18;1510003343;18;255;1510003350;0
32;16;10;5;1;18;1510003406;18;255;1510003413;1
32;16;10;5;1;18;1510003508;18;255;1510003515;1
32;16;10;5;1;18;1510004223;18;255;1510004230;1
32;16;10;5;1;18;1510004282;18;255;1510004289;0
32;16;10;5;1;18;1510004352;18;255;1510004359;1
32;16;10;5;1;18;1510004450;18;255;1510004457;1
32;16;10;5;1;18;1510005165;18;255;1510005172;1
32;16;10;5;1;18;1510005225;18;255;1510005232;1
32;16;10;5;1;18;1510005292;18;255;1510005299;0
32;16;10;5;1;18;1510005391;18;255;1510005398;1
32;16;10;5;1;18;1510006106;18;255;1510006113;0
32;16;10;5;1;18;1510006164;18;255;1510006171;0
32;16;10;5;1;18;1510006237;18;255;1510006244;1
32;16;10;5;1;18;1510006332;18;255;1510006339;0
32;16;10;5;1;18;1510007046;18;255;1510007053;0
32;16;10;5;1;18;1510007105;18;255;1510007112;1
32;16;10;5;1;18;1510007181;18;255;1510007188;1
32;16;10;5;1;18;1510007272;18;255;1510007279;1
32;16;10;5;1;18;1510007985;18;255;1510007992;1
32;16;10;5;1;18;1510008044;18;255;1510008051;1
32;16;10;5;1;18;1510008123;18;255;1510008130;1
32;16;10;5;1;18;1510008215;18;255;1510008222;1
32;16;10;5;1;18;1510008927;18;255;1510008934;1
32;16;10;5;1;18;1510008984;18;255;1510008991;1
32;16;10;5;1;18;1510009064;18;255;1510009071;1
32;16;10;5;1;18;1510009157;18;255;1510009164;0
32;16;10;5;1;18;1510009870;18;255;1510009877;1
32;16;10;5;1;18;1510009926;18;255;1510009933;0
32;16;10;5;1;18;1510010006;18;255;1510010013;1
32;16;10;5;1;18;1510010101;18;255;1510010108;1
32;16;10;5;1;18;1510010809;18;255;1510010816;1
32;16;10;5;1;18;1510010867;18;255;1510010874;1
32;16;10;5;1;18;1510010947;18;255;1510010954;1
32;16;10;5;1;18;1510011043;18;255;1510011050;1
32;16;10;5;1;18;1510011748;18;255;1510011755;1
32;16;10;5;1;18;1510011811;18;255;1510011818;0
32;16;10;5;1;18;1510011890;18;255;1510011897;1
32;16;10;5;1;18;1510011982;18;255;1510011989;1
32;16;10;5;1;18;1510012692;18;255;1510012699;1
32;16;10;5;1;18;1510012754;18;255;1510012761;0
32;16;10;5;1;18;1510012830;18;255;1510012837;1
32;16;10;5;1;18;1510012923;18;255;1510012931;1
32;16;10;5;1;18;1510013634;18;255;1510013641;1
32;16;10;5;1;18;1510013697;18;255;1510013705;1
32;16;10;5;1;18;1510013770;18;255;1510013777;0
32;16;10;5;1;18;1510013866;18;255;1510013873;1
32;16;10;5;1;18;1510014576;18;255;1510014583;0
32;16;10;5;1;18;1510014638;18;255;1510014645;1
32;16;10;5;1;18;1510014711;18;255;1510014718;1
32;16;10;5;1;18;1510014807;18;255;1510014814;1
32;16;10;5;1;18;1510015516;18;255;1510015524;0
32;16;10;5;1;18;1510015580;18;255;1510015587;1
32;16;10;5;1;18;1510015652;18;255;1510015659;0
32;16;10;5;1;18;1510015748;18;255;1510015755;1
32;16;10;5;1;18;1510016458;18;255;1510016465;1
32;16;10;5;1;18;1510016522;18;255;1510016529;1
32;16;10;5;1;18;1510016593;18;255;1510016600;0
32;16;10;5;1;18;1510016689;18;255;1510016696;0
32;16;10;5;1;18;1510017399;18;255;1510017406;1
32;16;10;5;1;18;1510017465;18;255;1510017472;1
32;16;10;5;1;18;1510017534;18;255;1510017541;1
32;16;10;5;1;18;1510017631;18;255;1510017638;1
32;16;10;5;1;18;1510018338;18;255;1510018346;1
32;16;10;5;1;18;1510018407;18;255;1510018414;1
32;16;10;5;1;18;1510018475;18;255;1510018482;1
32;16;10;5;1;18;1510018573;18;255;1510018580;1
32;16;10;5;1;18;1510019280;18;255;1510019287;1
32;16;10;5;1;18;1510019351;18;255;1510019358;1
32;16;10;5;1;18;1510019415;18;255;1510019422;1
32;16;10;5;1;18;1510019515;18;255;1510019522;0
32;16;10;5;1;18;1510020222;18;255;1510020229;1
32;16;10;5;1;18;1510020296;18;255;1510020303;1
32;16;10;5;1;18;1510020356;18;255;1510020363;0
32;16;10;5;1;18;1510020454;18;255;1510020461;1
32;16;10;5;1;18;1510021163;18;255;1510021170;1
32;16;10;5;1;18;1510021237;18;255;1510021244;1
32;16;10;5;1;18;1510021296;18;255;1510021303;1
32;16;10;5;1;18;1510021396;18;255;1510021403;1
32;16;10;5;1;18;1510022103;18;255;1510022110;0
32;16;10;5;1;18;1510022176;18;255;1510022184;1
32;16;10;5;1;18;1510022239;18;255;1510022246;1
32;16;10;5;1;18;1510022338;18;255;1510022345;1
32;16;10;5;1;18;1510023045;18;255;1510023052;0
32;16;10;5;1;18;1510023117;18;255;1510023124;1
32;16;10;5;1;18;1510023184;18;255;1510023191;0
32;16;10;5;1;18;1510023277;18;255;1510023285;1
32;16;10;5;1;18;1510023987;18;255;1510023994;1
32;16;10;5;1;18;1510024059;18;255;1510024066;1
32;16;10;5;1;18;1510024125;18;255;1510024133;1
32;16;10;5;1;18;1510024219;18;255;1510024227;0
32;16;10;5;1;18;1510024931;18;255;1510024938;1
32;16;10;5;1;18;1510024999;18;255;1510025006;0
32;16;10;5;1;18;1510025067;18;255;1510025074;1
32;16;10;5;1;18;1510025160;18;255;1510025167;1
32;16;10;5;1;18;1510025874;18;255;1510025881;1
32;16;10;5;1;18;1510025939;18;255;1510025946;1
32;16;10;5;1;18;1510026009;18;255;1510026016;1
32;16;10;5;1;18;1510026100;18;255;1510026108;0
32;16;10;5;1;18;1510026814;18;255;1510026821;0
32;16;10;5;1;18;1510026881;18;255;1510026888;1
32;16;10;5;1;18;1510026951;18;255;1510026958;1
32;16;10;5;1;18;1510027042;18;255;1510027049;1
32;16;10;5;1;18;1510027755;18;255;1510027762;0
32;16;10;5;1;18;1510027821;18;255;1510027828;0
32;16;10;5;1;18;1510027893;18;255;1510027900;1
32;16;10;5;1;18;1510027982;18;255;1510027989;1
32;16;10;5;1;18;1510028698;18;255;1510028705;1
32;16;10;5;1;18;1510028764;18;255;1510028771;1
32;16;10;5;1;18;1510028836;18;255;1510028843;1
32;16;10;5;1;18;1510028920;18;255;1510028927;1
32;16;10;5;1;18;1510029640;18;255;1510029647;1
32;16;10;5;1;18;1510029706;18;255;1510029713;1
32;16;10;5;1;18;1510029776;18;255;1510029783;1
32;16;10;5;1;18;1510029862;18;255;1510029869;1
32;16;10;5;1;18;1510030580;18;255;1510030587;0
32;16;10;5;1;18;1510030649;18;255;1510030656;1
32;16;10;5;1;18;1510030722;18;255;1510030729;1
32;16;10;5;1;18;1510030803;18;255;1510030810;1
32;16;10;5;1;18;1510031523;18;255;1510031530;1
32;16;10;5;1;18;1510031588;18;255;1510031595;1
32;16;10;5;1;18;1510031664;18;255;1510031671;1
32;16;10;5;1;18;1510031745;18;255;1510031752;0
32;16;10;5;1;18;1510032462;18;255;1510032469;1
32;16;10;5;1;18;1510032530;18;255;1510032537;1
32;16;10;5;1;18;1510032607;18;255;1510032614;1
32;16;10;5;1;18;1510032687;18;255;1510032694;1
32;16;10;5;1;18;1510033404;18;255;1510033412;1
32;16;10;5;1;18;1510033470;18;255;1510033477;1
32;16;10;5;1;18;1510033548;18;255;1510033555;1
32;16;10;5;1;18;1510033626;18;255;1510033634;1
32;16;10;5;1;18;1510034348;18;255;1510034355;0
32;16;10;5;1;18;1510034413;18;255;1510034420;1
32;16;10;5;1;18;1510034489;18;255;1510034496;1
32;16;10;5;1;18;1510034567;18;255;1510034574;1
32;16;10;5;1;18;1510035287;18;255;1510035295;1
32;16;10;5;1;18;1510035355;18;255;1510035362;1
32;16;10;5;1;18;1510035428;18;255;1510035435;0
32;16;10;5;1;18;1510035509;18;255;1510035516;1
32;16;10;5;1;18;1510036230;18;255;1510036237;1
32;16;10;5;1;18;1510036296;18;255;1510036304;1
32;16;10;5;1;18;1510036372;18;255;1510036379;1
32;16;10;5;1;18;1510036449;18;255;1510036456;1
32;16;10;5;1;18;1510037172;18;255;1510037179;1
32;16;10;5;1;18;1510037239;18;255;1510037246;1
32;16;10;5;1;18;1510037312;18;255;1510037319;1
32;16;10;5;1;18;1510037389;18;255;1510037396;1
32;16;10;5;1;18;1510038114;18;255;1510038121;1
32;16;10;5;1;18;1510038182;18;255;1510038189;1
32;16;10;5;1;18;1510038252;18;255;1510038259;1
32;16;10;5;1;18;1510038330;18;255;1510038337;1
32;16;10;5;1;18;1510039056;18;255;1510039063;1
32;16;10;5;1;18;1510039124;18;255;1510039131;0
32;16;10;5;1;18;1510039194;18;255;1510039201;1
32;16;10;5;1;18;1510039270;18;255;1510039277;1
32;16;10;5;1;18;1510039997;18;255;1510040004;1
32;16;10;5;1;18;1510040064;18;255;1510040071;1
32;16;10;5;1;18;1510040137;18;255;1510040144;1
32;16;10;5;1;18;1510040212;18;255;1510040219;1
32;16;10;5;1;18;1510040938;18;255;1510040945;0
32;16;10;5;1;18;1510041005;18;255;1510041012;0
32;16;10;5;1;18;1510041080;18;255;1510041087;1
32;16;10;5;1;18;1510041151;18;255;1510041158;1
32;16;10;5;1;18;1510041881;18;255;1510041888;1
32;16;10;5;1;18;1510041947;18;255;1510041955;1
32;16;10;5;1;18;1510042023;18;255;1510042030;1
32;16;10;5;1;18;1510042092;18;255;1510042099;0
32;16;10;5;1;18;1510042821;18;255;1510042828;1
32;16;10;5;1;18;1510042889;18;255;1510042896;1
32;16;10;5;1;18;1510042965;18;255;1510042972;1
32;16;10;5;1;18;1510043035;18;255;1510043042;0
32;16;10;5;1;18;1510043761;18;255;1510043768;1
32;16;10;5;1;18;1510043832;18;255;1510043839;1
32;16;10;5;1;18;1510043905;18;255;1510043912;1
32;16;10;5;1;18;1510043978;18;255;1510043985;1
32;16;10;5;1;18;1510044714;18;255;1510044721;1
32;16;10;5;1;18;1510044783;18;255;1510044790;1
32;16;10;5;1;18;1510044861;18;255;1510044869;1
32;16;10;5;1;18;1510044937;18;255;1510044945;1
32;16;10;5;1;18;1510045717;18;255;1510045725;1
32;16;10;5;1;18;1510045797;18;255;1510045804;1
32;16;10;5;1;18;1510045867;18;255;1510045874;1
32;16;10;5;1;18;1510045947;18;255;1510045955;1
32;16;10;5;1;18;1510046724;18;255;1510046731;0
32;16;10;5;1;18;1510046733;18;255;1510046740;1
32;16;10;5;1;18;1510046742;18;255;1510046750;1
32;16;10;5;1;18;1510046747;18;255;1510046754;1
32;16;10;5;1;18;1510047696;18;255;1510047705;1
32;16;10;5;1;18;1510047716;18;255;1510047723;0
32;16;10;5;1;18;1510047717;18;255;1510047725;1
32;16;10;5;1;18;1510047721;18;255;1510047728;1
32;16;10;5;1;18;1510048661;18;255;1510048669;1
32;16;10;5;1;18;1510048675;18;255;1510048683;1
32;16;10;5;1;18;1510048680;18;255;1510048687;1
32;16;10;5;1;18;1510048688;18;255;1510048696;0
32;16;10;5;1;18;1510049698;18;255;1510049705;1
32;16;10;5;1;18;1510049705;18;255;1510049712;1
32;16;10;5;1;18;1510049721;18;255;1510049728;1
32;16;10;5;1;18;1510050654;18;255;1510050662;0
32;16;10;5;1;18;1510050661;18;255;1510050669;1
32;16;10;5;1;18;1510050678;18;255;1510050685;1
32;16;10;5;1;18;1510051614;18;255;1510051621;1
32;16;10;5;1;18;1510051620;18;255;1510051628;1
32;16;10;5;1;18;1510051639;18;255;1510051646;0
32;16;10;5;1;18;1510052571;18;255;1510052578;1
32;16;10;5;1;18;1510052577;18;255;1510052584;1
32;16;10;5;1;18;1510052595;18;255;1510052602;1
32;16;10;5;1;18;1510053527;18;255;1510053534;0
32;16;10;5;1;18;1510053533;18;255;1510053541;1
32;16;10;5;1;18;1510053552;18;255;1510053559;1
32;16;10;5;1;18;1510054487;18;255;1510054494;1
32;16;10;5;1;18;1510054494;18;255;1510054501;1
32;16;10;5;1;18;1510054514;18;255;1510054521;1
32;16;10;5;1;18;1510055452;18;255;1510055460;0
32;16;10;5;1;18;1510055465;18;255;1510055472;1
32;16;10;5;1;18;1510055483;18;255;1510055491;1
32;16;10;5;1;18;1510056415;18;255;1510056422;1
32;16;10;5;1;18;1510056433;18;255;1510056440;1
32;16;10;5;1;18;1510056459;18;255;1510056466;1
32;16;10;5;1;18;1510057367;18;255;1510057374;1
32;16;10;5;1;18;1510057388;18;255;1510057395;1
32;16;10;5;1;18;1510057416;18;255;1510057423;0
32;16;10;5;1;18;1510058308;18;255;1510058315;1
32;16;10;5;1;18;1510058330;18;255;1510058337;1
32;16;10;5;1;18;1510058357;18;255;1510058364;1
32;16;10;5;1;18;1510059249;18;255;1510059256;1
32;16;10;5;1;18;1510059270;18;255;1510059277;1
32;16;10;5;1;18;1510059297;18;255;1510059305;0
32;16;10;5;1;18;1510060196;18;255;1510060203;1
32;16;10;5;1;18;1510060216;18;255;1510060223;0
32;16;10;5;1;18;1510060247;18;255;1510060254;1
32;16;10;5;1;18;1510061157;18;255;1510061164;1
32;16;10;5;1;18;1510061174;18;255;1510061182;1
32;16;10;5;1;18;1510061209;18;255;1510061216;1
32;16;10;5;1;18;1510062150;18;255;1510062158;1
32;16;10;5;1;18;1510062154;18;255;1510062162;0
32;16;10;5;1;18;1510062200;18;255;1510062207;1
32;16;10;5;1;18;1510063109;18;255;1510063116;1
32;16;10;5;1;18;1510063114;18;255;1510063121;1
32;16;10;5;1;18;1510063157;18;255;1510063164;0
32;16;10;5;1;18;1510064062;18;255;1510064069;1
32;16;10;5;1;18;1510064064;18;255;1510064071;1
32;16;10;5;1;18;1510064109;18;255;1510064117;0
32;16;10;5;1;18;1510065036;18;255;1510065044;1
32;16;10;5;1;18;1510065036;18;255;1510065044;1
32;16;10;5;1;18;1510065082;18;255;1510065089;1
32;16;10;5;1;18;1510065994;18;255;1510066001;0
32;16;10;5;1;18;1510065996;18;255;1510066003;1
32;16;10;5;1;18;1510066046;18;255;1510066054;0
32;16;10;5;1;18;1510066955;18;255;1510066963;1
32;16;10;5;1;18;1510066958;18;255;1510066965;1
32;16;10;5;1;18;1510067009;18;255;1510067016;1
32;16;10;5;1;18;1510067914;18;255;1510067922;1
32;16;10;5;1;18;1510067918;18;255;1510067925;1
32;16;10;5;1;18;1510067970;18;255;1510067977;1
32;16;10;5;1;18;1510068863;18;255;1510068871;1
32;16;10;5;1;18;1510068865;18;255;1510068872;0
32;16;10;5;1;18;1510068918;18;255;1510068925;1
32;16;10;5;1;18;1510069824;18;255;1510069831;1
32;16;10;5;1;18;1510069840;18;255;1510069847;1
32;16;10;5;1;18;1510069885;18;255;1510069892;1
32;16;10;5;1;18;1510070790;18;255;1510070797;1
32;16;10;5;1;18;1510070802;18;255;1510070809;1
32;16;10;5;1;18;1510070850;18;255;1510070857;1
32;16;10;5;1;18;1510071762;18;255;1510071770;1
32;16;10;5;1;18;1510071769;18;255;1510071776;1
32;16;10;5;1;18;1510071812;18;255;1510071820;1
32;16;10;5;1;18;1510072715;18;255;1510072722;1
32;16;10;5;1;18;1510072721;18;255;1510072728;1
32;16;10;5;1;18;1510072762;18;255;1510072769;1
32;16;10;5;1;18;1510073658;18;255;1510073665;1
32;16;10;5;1;18;1510073664;18;255;1510073671;1
32;16;10;5;1;18;1510073705;18;255;1510073712;1
32;16;10;5;1;18;1510074602;18;255;1510074609;1
32;16;10;5;1;18;1510074607;18;255;1510074614;1
32;16;10;5;1;18;1510074648;18;255;1510074655;1
32;16;10;5;1;18;1510075395;18;255;1510075402;0
32;16;10;5;1;18;1510075575;18;255;1510075582;0
32;16;10;5;1;18;1510075589;18;255;1510075596;1
32;16;10;5;1;18;1510075628;18;255;1510075635;1
32;16;10;5;1;18;1510076355;18;255;1510076362;1
32;16;10;5;1;18;1510076526;18;255;1510076533;1
32;16;10;5;1;18;1510076532;18;255;1510076539;1
32;16;10;5;1;18;1510076573;18;255;1510076580;1
32;16;10;5;1;18;1510077295;18;255;1510077302;1
32;16;10;5;1;18;1510077465;18;255;1510077472;1
32;16;10;5;1;18;1510077472;18;255;1510077479;1
32;16;10;5;1;18;1510077512;18;255;1510077519;1
32;16;10;5;1;18;1510078234;18;255;1510078241;1
32;16;10;5;1;18;1510078405;18;255;1510078412;1
32;16;10;5;1;18;1510078413;18;255;1510078420;1
32;16;10;5;1;18;1510078453;18;255;1510078460;0
32;16;10;5;1;18;1510079173;18;255;1510079180;1
32;16;10;5;1;18;1510079344;18;255;1510079351;1
32;16;10;5;1;18;1510079352;18;255;1510079359;1
32;16;10;5;1;18;1510079393;18;255;1510079400;1
32;16;10;5;1;18;1510080114;18;255;1510080121;1
32;16;10;5;1;18;1510080284;18;255;1510080291;0
32;16;10;5;1;18;1510080291;18;255;1510080298;1
32;16;10;5;1;18;1510080333;18;255;1510080340;1
32;16;10;5;1;18;1510081055;18;255;1510081062;1
32;16;10;5;1;18;1510081223;18;255;1510081230;1
32;16;10;5;1;18;1510081230;18;255;1510081237;1
32;16;10;5;1;18;1510081274;18;255;1510081281;1
32;16;10;5;1;18;1510081995;18;255;1510082002;0
32;16;10;5;1;18;1510082163;18;255;1510082170;1
32;16;10;5;1;18;1510082170;18;255;1510082177;1
32;16;10;5;1;18;1510082214;18;255;1510082221;1
32;16;10;5;1;18;1510082932;18;255;1510082939;1
32;16;10;5;1;18;1510083104;18;255;1510083111;0
32;16;10;5;1;18;1510083111;18;255;1510083118;1
32;16;10;5;1;18;1510083154;18;255;1510083161;1
32;16;10;5;1;18;1510083871;18;255;1510083879;1
32;16;10;5;1;18;1510084042;18;255;1510084049;1
32;16;10;5;1;18;1510084053;18;255;1510084060;0
32;16;10;5;1;18;1510084094;18;255;1510084101;1
32;16;10;5;1;18;1510084810;18;255;1510084817;1
32;16;10;5;1;18;1510084982;18;255;1510084989;1
32;16;10;5;1;18;1510084995;18;255;1510085002;1
32;16;10;5;1;18;1510085034;18;255;1510085041;1
32;16;10;5;1;18;1510085749;18;255;1510085756;1
32;16;10;5;1;18;1510085924;18;255;1510085931;1
32;16;10;5;1;18;1510085936;18;255;1510085943;1
32;16;10;5;1;18;1510085973;18;255;1510085980;1
32;16;10;5;1;18;1510086688;18;255;1510086695;1
32;16;10;5;1;18;1510086864;18;255;1510086871;0
32;16;10;5;1;18;1510086878;18;255;1510086885;1
32;16;10;5;1;18;1510086914;18;255;1510086921;1
32;16;10;5;1;18;1510087629;18;255;1510087636;1
32;16;10;5;1;18;1510087804;18;255;1510087811;1
32;16;10;5;1;18;1510087817;18;255;1510087824;1
32;16;10;5;1;18;1510087852;18;255;1510087859;1
32;16;10;5;1;18;1510088569;18;255;1510088576;0
32;16;10;5;1;18;1510088745;18;255;1510088752;1
32;16;10;5;1;18;1510088757;18;255;1510088764;1
32;16;10;5;1;18;1510088792;18;255;1510088799;1
32;16;10;5;1;18;1510089508;18;255;1510089515;1
32;16;10;5;1;18;1510089684;18;255;1510089691;1
32;16;10;5;1;18;1510089698;18;255;1510089705;1
32;16;10;5;1;18;1510089734;18;255;1510089741;1
32;16;10;5;1;18;1510090446;18;255;1510090454;1
32;16;10;5;1;18;1510090624;18;255;1510090631;1
32;16;10;5;1;18;1510090638;18;255;1510090645;0
32;16;10;5;1;18;1510090677;18;255;1510090684;1
32;16;10;5;1;18;1510091386;18;255;1510091393;0
32;16;10;5;1;18;1510091564;18;255;1510091571;1
32;16;10;5;1;18;1510091578;18;255;1510091585;1
32;16;10;5;1;18;1510091616;18;255;1510091623;1
32;16;10;5;1;18;1510092325;18;255;1510092332;1
32;16;10;5;1;18;1510092504;18;255;1510092511;1
32;16;10;5;1;18;1510092518;18;255;1510092525;1
32;16;10;5;1;18;1510092557;18;255;1510092564;1
32;16;10;5;1;18;1510093265;18;255;1510093272;1
32;16;10;5;1;18;1510093444;18;255;1510093451;1
32;16;10;5;1;18;1510093460;18;255;1510093467;1
32;16;10;5;1;18;1510093498;18;255;1510093505;1
32;16;10;5;1;18;1510094205;18;255;1510094212;1
32;16;10;5;1;18;1510094382;18;255;1510094389;1
32;16;10;5;1;18;1510094398;18;255;1510094405;1
32;16;10;5;1;18;1510094440;18;255;1510094447;1
32;16;10;5;1;18;1510095147;18;255;1510095154;1
32;16;10;5;1;18;1510095322;18;255;1510095329;1
32;16;10;5;1;18;1510095337;18;255;1510095344;1
32;16;10;5;1;18;1510095380;18;255;1510095387;0
32;16;10;5;1;18;1510096089;18;255;1510096096;1
32;16;10;5;1;18;1510096261;18;255;1510096268;1
32;16;10;5;1;18;1510096276;18;255;1510096283;1
32;16;10;5;1;18;1510096320;18;255;1510096327;1
32;16;10;5;1;18;1510097031;18;255;1510097038;0
32;16;10;5;1;18;1510097200;18;255;1510097208;0
32;16;10;5;1;18;1510097215;18;255;1510097222;0
32;16;10;5;1;18;1510097262;18;255;1510097269;1
32;16;10;5;1;18;1510097969;18;255;1510097976;0
32;16;10;5;1;18;1510098142;18;255;1510098149;1
32;16;10;5;1;18;1510098154;18;255;1510098161;1
32;16;10;5;1;18;1510098201;18;255;1510098208;1
32;16;10;5;1;18;1510098909;18;255;1510098916;1
32;16;10;5;1;18;1510099083;18;255;1510099091;1
32;16;10;5;1;18;1510099092;18;255;1510099099;1
32;16;10;5;1;18;1510099142;18;255;1510099149;1
32;16;10;5;1;18;1510099850;18;255;1510099857;1
32;16;10;5;1;18;1510100025;18;255;1510100032;1
32;16;10;5;1;18;1510100029;18;255;1510100036;0
32;16;10;5;1;18;1510100082;18;255;1510100089;0
32;16;10;5;1;18;1510100791;18;255;1510100798;1
32;16;10;5;1;18;1510100964;18;255;1510100971;1
32;16;10;5;1;18;1510100970;18;255;1510100977;1
32;16;10;5;1;18;1510101021;18;255;1510101028;1
32;16;10;5;1;18;1510101731;18;255;1510101738;1
32;16;10;5;1;18;1510101902;18;255;1510101909;1
32;16;10;5;1;18;1510101911;18;255;1510101918;1
32;16;10;5;1;18;1510101962;18;255;1510101969;1
32;16;10;5;1;18;1510102671;18;255;1510102678;1
32;16;10;5;1;18;1510102842;18;255;1510102849;1
32;16;10;5;1;18;1510102850;18;255;1510102857;1
32;16;10;5;1;18;1510102905;18;255;1510102912;1
32;16;10;5;1;18;1510103609;18;255;1510103616;1
32;16;10;5;1;18;1510103782;18;255;1510103789;0
32;16;10;5;1;18;1510103791;18;255;1510103799;1
32;16;10;5;1;18;1510103845;18;255;1510103852;1
32;16;10;5;1;18;1510104547;18;255;1510104554;0
32;16;10;5;1;18;1510104720;18;255;1510104727;1
32;16;10;5;1;18;1510104733;18;255;1510104740;0
32;16;10;5;1;18;1510104785;18;255;1510104792;1
32;16;10;5;1;18;1510105487;18;255;1510105494;1
32;16;10;5;1;18;1510105660;18;255;1510105667;1
32;16;10;5;1;18;1510105673;18;255;1510105680;1
32;16;10;5;1;18;1510105724;18;255;1510105731;1
32;16;10;5;1;18;1510106428;18;255;1510106435;1
32;16;10;5;1;18;1510106601;18;255;1510106608;0
32;16;10;5;1;18;1510106612;18;255;1510106619;1
32;16;10;5;1;18;1510106663;18;255;1510106670;1
32;16;10;5;1;18;1510107367;18;255;1510107374;0
32;16;10;5;1;18;1510107545;18;255;1510107552;1
32;16;10;5;1;18;1510107551;18;255;1510107558;1
32;16;10;5;1;18;1510107605;18;255;1510107612;1
32;16;10;5;1;18;1510108305;18;255;1510108312;1
32;16;10;5;1;18;1510108486;18;255;1510108493;0
32;16;10;5;1;18;1510108491;18;255;1510108498;1
32;16;10;5;1;18;1510108545;18;255;1510108552;0
32;16;10;5;1;18;1510109244;18;255;1510109251;1
32;16;10;5;1;18;1510109426;18;255;1510109433;1
32;16;10;5;1;18;1510109432;18;255;1510109439;0
32;16;10;5;1;18;1510109486;18;255;1510109493;1
32;16;10;5;1;18;1510110184;18;255;1510110191;1
32;16;10;5;1;18;1510110366;18;255;1510110373;1
32;16;10;5;1;18;1510110372;18;255;1510110379;1
32;16;10;5;1;18;1510110427;18;255;1510110434;1
32;16;10;5;1;18;1510111124;18;255;1510111131;1
32;16;10;5;1;18;1510111306;18;255;1510111313;1
32;16;10;5;1;18;1510111313;18;255;1510111320;1
32;16;10;5;1;18;1510111366;18;255;1510111373;1
32;16;10;5;1;18;1510112064;18;255;1510112071;1
32;16;10;5;1;18;1510112248;18;255;1510112255;1
32;16;10;5;1;18;1510112253;18;255;1510112260;1
32;16;10;5;1;18;1510112305;18;255;1510112312;1
32;16;10;5;1;18;1510113000;18;255;1510113008;1
32;16;10;5;1;18;1510113190;18;255;1510113197;1
32;16;10;5;1;18;1510113194;18;255;1510113201;1
32;16;10;5;1;18;1510113245;18;255;1510113252;1
32;16;10;5;1;18;1510113939;18;255;1510113946;1
32;16;10;5;1;18;1510114131;18;255;1510114139;0
32;16;10;5;1;18;1510114134;18;255;1510114141;1
32;16;10;5;1;18;1510114185;18;255;1510114192;0
32;16;10;5;1;18;1510114878;18;255;1510114885;1
32;16;10;5;1;18;1510115071;18;255;1510115078;0
32;16;10;5;1;18;1510115074;18;255;1510115081;1
32;16;10;5;1;18;1510115124;18;255;1510115131;1
32;16;10;5;1;18;1510115820;18;255;1510115827;1
32;16;10;5;1;18;1510116011;18;255;1510116018;1
32;16;10;5;1;18;1510116013;18;255;1510116020;1
32;16;10;5;1;18;1510116064;18;255;1510116071;1
32;16;10;5;1;18;1510116761;18;255;1510116768;1
32;16;10;5;1;18;1510116950;18;255;1510116957;1
32;16;10;5;1;18;1510116953;18;255;1510116961;1
32;16;10;5;1;18;1510117002;18;255;1510117009;1
32;16;10;5;1;18;1510117701;18;255;1510117708;1
32;16;10;5;1;18;1510117889;18;255;1510117896;1
32;16;10;5;1;18;1510117895;18;255;1510117902;1
32;16;10;5;1;18;1510117943;18;255;1510117950;1
32;16;10;5;1;18;1510118643;18;255;1510118650;1
32;16;10;5;1;18;1510118829;18;255;1510118836;1
32;16;10;5;1;18;1510118837;18;255;1510118844;1
32;16;10;5;1;18;1510118882;18;255;1510118889;1
32;16;10;5;1;18;1510119586;18;255;1510119593;1
32;16;10;5;1;18;1510119768;18;255;1510119775;1
32;16;10;5;1;18;1510119776;18;255;1510119783;0
32;16;10;5;1;18;1510119820;18;255;1510119828;1
32;16;10;5;1;18;1510120528;18;255;1510120535;1
32;16;10;5;1;18;1510120708;18;255;1510120715;0
32;16;10;5;1;18;1510120715;18;255;1510120722;0
32;16;10;5;1;18;1510120760;18;255;1510120767;1
32;16;10;5;1;18;1510121469;18;255;1510121476;1
32;16;10;5;1;18;1510121647;18;255;1510121654;0
32;16;10;5;1;18;1510121656;18;255;1510121663;0
32;16;10;5;1;18;1510121699;18;255;1510121706;1
32;16;10;5;1;18;1510122409;18;255;1510122416;0
32;16;10;5;1;18;1510122587;18;255;1510122594;1
32;16;10;5;1;18;1510122595;18;255;1510122602;0
32;16;10;5;1;18;1510122640;18;255;1510122647;1
32;16;10;5;1;18;1510123349;18;255;1510123356;1
32;16;10;5;1;18;1510123528;18;255;1510123535;0
32;16;10;5;1;18;1510123537;18;255;1510123544;1
32;16;10;5;1;18;1510123582;18;255;1510123589;1
32;16;10;5;1;18;1510124291;18;255;1510124298;1
32;16;10;5;1;18;1510124466;18;255;1510124473;1
32;16;10;5;1;18;1510124477;18;255;1510124484;0
32;16;10;5;1;18;1510124522;18;255;1510124529;0
32;16;10;5;1;18;1510125230;18;255;1510125237;1
32;16;10;5;1;18;1510125406;18;255;1510125413;1
32;16;10;5;1;18;1510125417;18;255;1510125424;1
32;16;10;5;1;18;1510125461;18;255;1510125468;1
32;16;10;5;1;18;1510126169;18;255;1510126176;0
32;16;10;5;1;18;1510126347;18;255;1510126354;1
32;16;10;5;1;18;1510126357;18;255;1510126365;1
32;16;10;5;1;18;1510126402;18;255;1510126409;1
32;16;10;5;1;18;1510127109;18;255;1510127116;1
32;16;10;5;1;18;1510127285;18;255;1510127293;1
32;16;10;5;1;18;1510127295;18;255;1510127302;1
32;16;10;5;1;18;1510127344;18;255;1510127351;1
32;16;10;5;1;18;1510128048;18;255;1510128055;1
32;16;10;5;1;18;1510128226;18;255;1510128233;1
32;16;10;5;1;18;1510128234;18;255;1510128241;1
32;16;10;5;1;18;1510128284;18;255;1510128291;1
32;16;10;5;1;18;1510128987;18;255;1510128994;1
32;16;10;5;1;18;1510129166;18;255;1510129173;1
32;16;10;5;1;18;1510129176;18;255;1510129183;0
32;16;10;5;1;18;1510129223;18;255;1510129230;1
32;16;10;5;1;18;1510129936;18;255;1510129943;0
32;16;10;5;1;18;1510130139;18;255;1510130147;0
32;16;10;5;1;18;1510130147;18;255;1510130154;1
32;16;10;5;1;18;1510130198;18;255;1510130206;1
32;16;10;5;1;18;1510130945;18;255;1510130953;1
32;16;10;5;1;18;1510131146;18;255;1510131154;1
32;16;10;5;1;18;1510131150;18;255;1510131158;1
32;16;10;5;1;18;1510131195;18;255;1510131203;1
32;16;10;5;1;18;1510131940;18;255;1510131947;1
32;16;10;5;1;18;1510132123;18;255;1510132130;1
32;16;10;5;1;18;1510132139;18;255;1510132146;1
32;16;10;5;1;18;1510132179;18;255;1510132186;1
32;16;10;5;1;18;1510132914;18;255;1510132922;1
32;16;10;5;1;18;1510133098;18;255;1510133105;1
32;16;10;5;1;18;1510133119;18;255;1510133126;1
32;16;10;5;1;18;1510133163;18;255;1510133170;1
32;16;10;5;1;18;1510133937;18;255;1510133945;0
32;16;10;5;1;18;1510134103;18;255;1510134111;1
32;16;10;5;1;18;1510134134;18;255;1510134142;1
32;16;10;5;1;18;1510134179;18;255;1510134187;1
32;16;10;5;1;18;1510134935;18;255;1510134943;0
32;16;10;5;1;18;1510135102;18;255;1510135109;0
32;16;10;5;1;18;1510135132;18;255;1510135140;1
32;16;10;5;1;18;1510135167;18;255;1510135176;1
32;16;10;5;1;18;1510135925;18;255;1510135933;1
32;16;10;5;1;18;1510136093;18;255;1510136101;1
32;16;10;5;1;18;1510136137;18;255;1510136145;1
32;16;10;5;1;18;1510136162;18;255;1510136170;1
32;16;10;5;1;18;1510136931;18;255;1510136938;1
32;16;10;5;1;18;1510137108;18;255;1510137116;1
32;16;10;5;1;18;1510137130;18;255;1510137137;1
32;16;10;5;1;18;1510137176;18;255;1510137183;1
32;16;10;5;1;18;1510137914;18;255;1510137922;1
32;16;10;5;1;18;1510138112;18;255;1510138119;0
32;16;10;5;1;18;1510138114;18;255;1510138121;1
32;16;10;5;1;18;1510138164;18;255;1510138172;1
32;16;10;5;1;18;1510138937;18;255;1510138944;1
32;16;10;5;1;18;1510139105;18;255;1510139113;1
32;16;10;5;1;18;1510139136;18;255;1510139143;0
32;16;10;5;1;18;1510139168;18;255;1510139175;1
32;16;10;5;1;18;1510139911;18;255;1510139918;1
32;16;10;5;1;18;1510140072;18;255;1510140079;0
32;16;10;5;1;18;1510140152;18;255;1510140159;1
32;16;10;5;1;18;1510140156;18;255;1510140164;1
32;16;10;5;1;18;1510140910;18;255;1510140919;1
32;16;10;5;1;18;1510141055;18;255;1510141062;1
32;16;10;5;1;18;1510141119;18;255;1510141127;1
32;16;10;5;1;18;1510141124;18;255;1510141131;1
32;16;10;5;1;18;1510141884;18;255;1510141891;1
32;16;10;5;1;18;1510142049;18;255;1510142057;0
32;16;10;5;1;18;1510142089;18;255;1510142096;1
32;16;10;5;1;18;1510142148;18;255;1510142155;0
32;16;10;5;1;18;1510142912;18;255;1510142920;0
32;16;10;5;1;18;1510143099;18;255;1510143108;1
32;16;10;5;1;18;1510143133;18;255;1510143140;1
32;16;10;5;1;18;1510143204;18;255;1510143213;1
32;16;10;5;1;18;1510143916;18;255;1510143924;1
32;16;10;5;1;18;1510144097;18;255;1510144104;1
32;16;10;5;1;18;1510144129;18;255;1510144136;1
32;16;10;5;1;18;1510144202;18;255;1510144209;1
32;16;10;5;1;18;1510144877;18;255;1510144884;1
32;16;10;5;1;18;1510145044;18;255;1510145051;1
32;16;10;5;1;18;1510145073;18;255;1510145081;1
32;16;10;5;1;18;1510145152;18;255;1510145159;1
32;16;10;5;1;18;1510145816;18;255;1510145823;0
32;16;10;5;1;18;1510145986;18;255;1510145993;1
32;16;10;5;1;18;1510146018;18;255;1510146025;1
32;16;10;5;1;18;1510146091;18;255;1510146098;1
32;16;10;5;1;18;1510146762;18;255;1510146769;1
32;16;10;5;1;18;1510146933;18;255;1510146940;1
32;16;10;5;1;18;1510146967;18;255;1510146974;1
32;16;10;5;1;18;1510147039;18;255;1510147046;1
32;16;10;5;1;18;1510147735;18;255;1510147742;1
32;16;10;5;1;18;1510147909;18;255;1510147916;0
32;16;10;5;1;18;1510147934;18;255;1510147942;1
32;16;10;5;1;18;1510148017;18;255;1510148025;1
32;16;10;5;1;18;1510148707;18;255;1510148715;1
32;16;10;5;1;18;1510148887;18;255;1510148895;1
32;16;10;5;1;18;1510148906;18;255;1510148913;1
32;16;10;5;1;18;1510148986;18;255;1510148993;1
32;16;10;5;1;18;1510149665;18;255;1510149672;1
32;16;10;5;1;18;1510149840;18;255;1510149847;0
32;16;10;5;1;18;1510149850;18;255;1510149857;1
32;16;10;5;1;18;1510149929;18;255;1510149937;1
32;16;10;5;1;18;1510150616;18;255;1510150624;1
32;16;10;5;1;18;1510150794;18;255;1510150801;1
32;16;10;5;1;18;1510150804;18;255;1510150811;1
32;16;10;5;1;18;1510150886;18;255;1510150893;1
32;16;10;5;1;18;1510151577;18;255;1510151584;1
32;16;10;5;1;18;1510151759;18;255;1510151767;1
32;16;10;5;1;18;1510151770;18;255;1510151778;1
32;16;10;5;1;18;1510151860;18;255;1510151867;1
32;16;10;5;1;18;1510152571;18;255;1510152579;1
32;16;10;5;1;18;1510152744;18;255;1510152751;1
32;16;10;5;1;18;1510152769;18;255;1510152777;0
32;16;10;5;1;18;1510152845;18;255;1510152852;1
32;16;10;5;1;18;1510153544;18;255;1510153552;1
32;16;10;5;1;18;1510153715;18;255;1510153722;1
32;16;10;5;1;18;1510153738;18;255;1510153746;1
32;16;10;5;1;18;1510153812;18;255;1510153820;1
32;16;10;5;1;18;1510154511;18;255;1510154519;0
32;16;10;5;1;18;1510154683;18;255;1510154691;1
32;16;10;5;1;18;1510154711;18;255;1510154719;1
32;16;10;5;1;18;1510154780;18;255;1510154788;1
32;16;10;5;1;18;1510155469;18;255;1510155476;0
32;16;10;5;1;18;1510155639;18;255;1510155646;1
32;16;10;5;1;18;1510155667;18;255;1510155674;1
32;16;10;5;1;18;1510155739;18;255;1510155747;0
32;16;10;5;1;18;1510156453;18;255;1510156460;1
32;16;10;5;1;18;1510156624;18;255;1510156632;1
32;16;10;5;1;18;1510156654;18;255;1510156661;1
32;16;10;5;1;18;1510156724;18;255;1510156732;1
32;16;10;5;1;18;1510157441;18;255;1510157448;0
32;16;10;5;1;18;1510157625;18;255;1510157633;1
32;16;10;5;1;18;1510157652;18;255;1510157659;1
32;16;10;5;1;18;1510157723;18;255;1510157730;0
32;16;10;5;1;18;1510158412;18;255;1510158419;1
32;16;10;5;1;18;1510158590;18;255;1510158597;1
32;16;10;5;1;18;1510158624;18;255;1510158631;0
32;16;10;5;1;18;1510158686;18;255;1510158694;1
32;16;10;5;1;18;1510159368;18;255;1510159375;1
32;16;10;5;1;18;1510159548;18;255;1510159555;0
32;16;10;5;1;18;1510159578;18;255;1510159585;1
32;16;10;5;1;18;1510159644;18;255;1510159651;1
32;16;10;5;1;18;1510160349;18;255;1510160356;1
32;16;10;5;1;18;1510160525;18;255;1510160532;1
32;16;10;5;1;18;1510160553;18;255;1510160560;1
32;16;10;5;1;18;1510160624;18;255;1510160631;0
32;16;10;5;1;18;1510161325;18;255;1510161332;1
32;16;10;5;1;18;1510161497;18;255;1510161504;1
32;16;10;5;1;18;1510161536;18;255;1510161543;1
32;16;10;5;1;18;1510161594;18;255;1510161601;1
32;16;10;5;1;18;1510162289;18;255;1510162296;1
32;16;10;5;1;18;1510162460;18;255;1510162467;0
32;16;10;5;1;18;1510162503;18;255;1510162510;1
32;16;10;5;1;18;1510162559;18;255;1510162566;1
32;16;10;5;1;18;1510163242;18;255;1510163249;0
32;16;10;5;1;18;1510163424;18;255;1510163431;1
32;16;10;5;1;18;1510163485;18;255;1510163492;1
32;16;10;5;1;18;1510163512;18;255;1510163519;0
32;16;10;5;1;18;1510164184;18;255;1510164191;1
32;16;10;5;1;18;1510164367;18;255;1510164374;1
32;16;10;5;1;18;1510164428;18;255;1510164435;0
32;16;10;5;1;18;1510164457;18;255;1510164464;0
32;16;10;5;1;18;1510165126;18;255;1510165133;0
32;16;10;5;1;18;1510165309;18;255;1510165316;0
32;16;10;5;1;18;1510165370;18;255;1510165377;1
32;16;10;5;1;18;1510165401;18;255;1510165408;1
32;16;10;5;1;18;1510166070;18;255;1510166077;1
32;16;10;5;1;18;1510166252;18;255;1510166259;1
32;16;10;5;1;18;1510166314;18;255;1510166321;1
32;16;10;5;1;18;1510166343;18;255;1510166350;1
32;16;10;5;1;18;1510167013;18;255;1510167020;0
32;16;10;5;1;18;1510167194;18;255;1510167201;0
32;16;10;5;1;18;1510167256;18;255;1510167263;1
32;16;10;5;1;18;1510167287;18;255;1510167294;1
32;16;10;5;1;18;1510167956;18;255;1510167963;1
32;16;10;5;1;18;1510168135;18;255;1510168142;1
32;16;10;5;1;18;1510168198;18;255;1510168206;1
32;16;10;5;1;18;1510168232;18;255;1510168239;1
32;16;10;5;1;18;1510168897;18;255;1510168904;1
32;16;10;5;1;18;1510169078;18;255;1510169085;1
32;16;10;5;1;18;1510169141;18;255;1510169148;1
32;16;10;5;1;18;1510169173;18;255;1510169180;1
32;16;10;5;1;18;1510169841;18;255;1510169848;0
32;16;10;5;1;18;1510170021;18;255;1510170028;1
32;16;10;5;1;18;1510170084;18;255;1510170091;1
32;16;10;5;1;18;1510170115;18;255;1510170122;1
32;16;10;5;1;18;1510170783;18;255;1510170790;1
32;16;10;5;1;18;1510170963;18;255;1510170970;1
32;16;10;5;1;18;1510171028;18;255;1510171035;1
32;16;10;5;1;18;1510171057;18;255;1510171064;0
32;16;10;5;1;18;1510171724;18;255;1510171731;1
32;16;10;5;1;18;1510171906;18;255;1510171913;1
32;16;10;5;1;18;1510171972;18;255;1510171979;0
32;16;10;5;1;18;1510172000;18;255;1510172007;1
32;16;10;5;1;18;1510172666;18;255;1510172673;1
32;16;10;5;1;18;1510172847;18;255;1510172854;1
32;16;10;5;1;18;1510172913;18;255;1510172920;1
32;16;10;5;1;18;1510172944;18;255;1510172951;0
32;16;10;5;1;18;1510173610;18;255;1510173617;1
32;16;10;5;1;18;1510173788;18;255;1510173795;1
32;16;10;5;1;18;1510173857;18;255;1510173864;1
32;16;10;5;1;18;1510173886;18;255;1510173893;1
32;16;10;5;1;18;1510174554;18;255;1510174561;1
32;16;10;5;1;18;1510174731;18;255;1510174738;1
32;16;10;5;1;18;1510174800;18;255;1510174807;1
32;16;10;5;1;18;1510174827;18;255;1510174834;0
32;16;10;5;1;18;1510175497;18;255;1510175505;1
32;16;10;5;1;18;1510175672;18;255;1510175679;1
32;16;10;5;1;18;1510175742;18;255;1510175750;1
32;16;10;5;1;18;1510175768;18;255;1510175775;1
32;16;10;5;1;18;1510176442;18;255;1510176449;0
32;16;10;5;1;18;1510176612;18;255;1510176620;1
32;16;10;5;1;18;1510176684;18;255;1510176691;1
32;16;10;5;1;18;1510176709;18;255;1510176716;1
32;16;10;5;1;18;1510177384;18;255;1510177391;1
32;16;10;5;1;18;1510177556;18;255;1510177563;0
32;16;10;5;1;18;1510177627;18;255;1510177634;1
32;16;10;5;1;18;1510177650;18;255;1510177657;1
32;16;10;5;1;18;1510178328;18;255;1510178335;1
32;16;10;5;1;18;1510178500;18;255;1510178507;1
32;16;10;5;1;18;1510178568;18;255;1510178575;0
32;16;10;5;1;18;1510178592;18;255;1510178599;1
32;16;10;5;1;18;1510179270;18;255;1510179277;1
32;16;10;5;1;18;1510179443;18;255;1510179451;1
32;16;10;5;1;18;1510179508;18;255;1510179515;1
32;16;10;5;1;18;1510179533;18;255;1510179540;1
32;16;10;5;1;18;1510180213;18;255;1510180220;1
32;16;10;5;1;18;1510180385;18;255;1510180392;1
32;16;10;5;1;18;1510180449;18;255;1510180456;1
32;16;10;5;1;18;1510180476;18;255;1510180483;0
32;16;10;5;1;18;1510181157;18;255;1510181164;1
32;16;10;5;1;18;1510181327;18;255;1510181334;0
32;16;10;5;1;18;1510181391;18;255;1510181399;1
32;16;10;5;1;18;1510181419;18;255;1510181426;1
32;16;10;5;1;18;1510182102;18;255;1510182109;1
32;16;10;5;1;18;1510182270;18;255;1510182278;1
32;16;10;5;1;18;1510182335;18;255;1510182342;1
32;16;10;5;1;18;1510182362;18;255;1510182369;1
32;16;10;5;1;18;1510183045;18;255;1510183052;1
32;16;10;5;1;18;1510183212;18;255;1510183219;1
32;16;10;5;1;18;1510183276;18;255;1510183283;1
32;16;10;5;1;18;1510183302;18;255;1510183309;1
32;16;10;5;1;18;1510183988;18;255;1510183995;1
32;16;10;5;1;18;1510184154;18;255;1510184161;1
32;16;10;5;1;18;1510184218;18;255;1510184225;1
32;16;10;5;1;18;1510184244;18;255;1510184251;1
32;16;10;5;1;18;1510184931;18;255;1510184938;1
32;16;10;5;1;18;1510185097;18;255;1510185104;1
32;16;10;5;1;18;1510185161;18;255;1510185169;1
32;16;10;5;1;18;1510185185;18;255;1510185192;1
32;16;10;5;1;18;1510185874;18;255;1510185881;0
32;16;10;5;1;18;1510186041;18;255;1510186048;1
32;16;10;5;1;18;1510186105;18;255;1510186112;1
32;16;10;5;1;18;1510186128;18;255;1510186135;1
32;16;10;5;1;18;1510186815;18;255;1510186823;0
32;16;10;5;1;18;1510186984;18;255;1510186991;1
32;16;10;5;1;18;1510187044;18;255;1510187051;1
32;16;10;5;1;18;1510187068;18;255;1510187075;1
32;16;10;5;1;18;1510187758;18;255;1510187765;1
32;16;10;5;1;18;1510187927;18;255;1510187934;1
32;16;10;5;1;18;1510187986;18;255;1510187993;0
32;16;10;5;1;18;1510188010;18;255;1510188017;1
32;16;10;5;1;18;1510188699;18;255;1510188706;1
32;16;10;5;1;18;1510188870;18;255;1510188877;1
32;16;10;5;1;18;1510188928;18;255;1510188935;0
32;16;10;5;1;18;1510188954;18;255;1510188961;1
32;16;10;5;1;18;1510189639;18;255;1510189646;1
32;16;10;5;1;18;1510189813;18;255;1510189821;1
32;16;10;5;1;18;1510189868;18;255;1510189875;1
32;16;10;5;1;18;1510189898;18;255;1510189905;0
32;16;10;5;1;18;1510190580;18;255;1510190587;0
32;16;10;5;1;18;1510190755;18;255;1510190762;1
32;16;10;5;1;18;1510190808;18;255;1510190815;1
32;16;10;5;1;18;1510190841;18;255;1510190848;1
32;16;10;5;1;18;1510191521;18;255;1510191528;1
32;16;10;5;1;18;1510191699;18;255;1510191706;1
32;16;10;5;1;18;1510191749;18;255;1510191756;0
32;16;10;5;1;18;1510191784;18;255;1510191792;1
32;16;10;5;1;18;1510192466;18;255;1510192473;1
32;16;10;5;1;18;1510192642;18;255;1510192649;1
32;16;10;5;1;18;1510192689;18;255;1510192696;1
32;16;10;5;1;18;1510192728;18;255;1510192735;1
32;16;10;5;1;18;1510193406;18;255;1510193413;0
32;16;10;5;1;18;1510193582;18;255;1510193589;1
32;16;10;5;1;18;1510193632;18;255;1510193639;1
32;16;10;5;1;18;1510193671;18;255;1510193678;0
32;16;10;5;1;18;1510194346;18;255;1510194353;1
32;16;10;5;1;18;1510194524;18;255;1510194531;1
32;16;10;5;1;18;1510194574;18;255;1510194581;1
32;16;10;5;1;18;1510194613;18;255;1510194620;0
32;16;10;5;1;18;1510195289;18;255;1510195296;1
32;16;10;5;1;18;1510195468;18;255;1510195476;1
32;16;10;5;1;18;1510195516;18;255;1510195523;1
32;16;10;5;1;18;1510195555;18;255;1510195562;1
32;16;10;5;1;18;1510196232;18;255;1510196239;1
32;16;10;5;1;18;1510196413;18;255;1510196420;1
32;16;10;5;1;18;1510196459;18;255;1510196466;1
32;16;10;5;1;18;1510196495;18;255;1510196502;1
32;16;10;5;1;18;1510197176;18;255;1510197183;1
32;16;10;5;1;18;1510197353;18;255;1510197361;0
32;16;10;5;1;18;1510197402;18;255;1510197409;1
32;16;10;5;1;18;1510197436;18;255;1510197443;0
32;16;10;5;1;18;1510198117;18;255;1510198124;1
32;16;10;5;1;18;1510198295;18;255;1510198302;1
32;16;10;5;1;18;1510198347;18;255;1510198354;1
32;16;10;5;1;18;1510198377;18;255;1510198384;1
32;16;10;5;1;18;1510199057;18;255;1510199064;1
32;16;10;5;1;18;1510199236;18;255;1510199243;1
32;16;10;5;1;18;1510199293;18;255;1510199300;1
32;16;10;5;1;18;1510199319;18;255;1510199326;1
32;16;10;5;1;18;1510200000;18;255;1510200007;1
32;16;10;5;1;18;1510200178;18;255;1510200185;1
32;16;10;5;1;18;1510200238;18;255;1510200245;1
32;16;10;5;1;18;1510200259;18;255;1510200266;1
32;16;10;5;1;18;1510200941;18;255;1510200948;1
32;16;10;5;1;18;1510201118;18;255;1510201125;1
32;16;10;5;1;18;1510201182;18;255;1510201189;1
32;16;10;5;1;18;1510201199;18;255;1510201206;1
32;16;10;5;1;18;1510201882;18;255;1510201889;0
32;16;10;5;1;18;1510202060;18;255;1510202067;1
32;16;10;5;1;18;1510202126;18;255;1510202133;1
32;16;10;5;1;18;1510202142;18;255;1510202149;1
32;16;10;5;1;18;1510202825;18;255;1510202832;1
32;16;10;5;1;18;1510203004;18;255;1510203011;1
32;16;10;5;1;18;1510203067;18;255;1510203074;0
32;16;10;5;1;18;1510203085;18;255;1510203092;1
32;16;10;5;1;18;1510203766;18;255;1510203773;1
32;16;10;5;1;18;1510203948;18;255;1510203955;0
32;16;10;5;1;18;1510204008;18;255;1510204015;1
32;16;10;5;1;18;1510204030;18;255;1510204037;1
32;16;10;5;1;18;1510204706;18;255;1510204713;1
32;16;10;5;1;18;1510204887;18;255;1510204894;1
32;16;10;5;1;18;1510204951;18;255;1510204958;1
32;16;10;5;1;18;1510204974;18;255;1510204981;1
32;16;10;5;1;18;1510205650;18;255;1510205657;0
32;16;10;5;1;18;1510205829;18;255;1510205836;1
32;16;10;5;1;18;1510205896;18;255;1510205903;0
32;16;10;5;1;18;1510205916;18;255;1510205924;1
32;16;10;5;1;18;1510206592;18;255;1510206599;1
32;16;10;5;1;18;1510206771;18;255;1510206778;0
32;16;10;5;1;18;1510206838;18;255;1510206845;1
32;16;10;5;1;18;1510206860;18;255;1510206867;1
32;16;10;5;1;18;1510207535;18;255;1510207542;0
32;16;10;5;1;18;1510207715;18;255;1510207722;1
32;16;10;5;1;18;1510207781;18;255;1510207788;1
32;16;10;5;1;18;1510207801;18;255;1510207808;1
32;16;10;5;1;18;1510208475;18;255;1510208482;0
32;16;10;5;1;18;1510208657;18;255;1510208664;1
32;16;10;5;1;18;1510208722;18;255;1510208729;0
32;16;10;5;1;18;1510208742;18;255;1510208750;1
32;16;10;5;1;18;1510209416;18;255;1510209423;1
32;16;10;5;1;18;1510209599;18;255;1510209607;1
32;16;10;5;1;18;1510209666;18;255;1510209673;1
32;16;10;5;1;18;1510209685;18;255;1510209692;1
32;16;10;5;1;18;1510210360;18;255;1510210367;1
32;16;10;5;1;18;1510210540;18;255;1510210547;1
32;16;10;5;1;18;1510210607;18;255;1510210615;1
32;16;10;5;1;18;1510210628;18;255;1510210636;1
32;16;10;5;1;18;1510211303;18;255;1510211310;1
32;16;10;5;1;18;1510211481;18;255;1510211489;1
32;16;10;5;1;18;1510211549;18;255;1510211556;1
32;16;10;5;1;18;1510211571;18;255;1510211578;1
32;16;10;5;1;18;1510212245;18;255;1510212252;1
32;16;10;5;1;18;1510212424;18;255;1510212431;1
32;16;10;5;1;18;1510212489;18;255;1510212496;1
32;16;10;5;1;18;1510212512;18;255;1510212519;1
32;16;10;5;1;18;1510213188;18;255;1510213195;0
32;16;10;5;1;18;1510213366;18;255;1510213374;1
32;16;10;5;1;18;1510213433;18;255;1510213440;0
32;16;10;5;1;18;1510213455;18;255;1510213462;1
32;16;10;5;1;18;1510214129;18;255;1510214137;1
32;16;10;5;1;18;1510214309;18;255;1510214316;1
32;16;10;5;1;18;1510214374;18;255;1510214381;1
32;16;10;5;1;18;1510214399;18;255;1510214406;1
32;16;10;5;1;18;1510215073;18;255;1510215080;1
32;16;10;5;1;18;1510215250;18;255;1510215257;1
32;16;10;5;1;18;1510215316;18;255;1510215323;1
32;16;10;5;1;18;1510215342;18;255;1510215349;1
32;16;10;5;1;18;1510216014;18;255;1510216021;1
32;16;10;5;1;18;1510216190;18;255;1510216197;1
32;16;10;5;1;18;1510216257;18;255;1510216265;1
32;16;10;5;1;18;1510216285;18;255;1510216292;1
32;16;10;5;1;18;1510216957;18;255;1510216964;1
32;16;10;5;1;18;1510217133;18;255;1510217140;1
32;16;10;5;1;18;1510217199;18;255;1510217206;1
32;16;10;5;1;18;1510217228;18;255;1510217236;1
32;16;10;5;1;18;1510217900;18;255;1510217907;1
32;16;10;5;1;18;1510218076;18;255;1510218083;0
32;16;10;5;1;18;1510218141;18;255;1510218148;1
32;16;10;5;1;18;1510218172;18;255;1510218179;1
32;16;10;5;1;18;1510218842;18;255;1510218849;0
32;16;10;5;1;18;1510219030;18;255;1510219038;1
32;16;10;5;1;18;1510219091;18;255;1510219099;1
32;16;10;5;1;18;1510219124;18;255;1510219131;1
32;16;10;5;1;18;1510219838;18;255;1510219846;1
32;16;10;5;1;18;1510220028;18;255;1510220035;1
32;16;10;5;1;18;1510220089;18;255;1510220096;0
32;16;10;5;1;18;1510220122;18;255;1510220130;1
32;16;10;5;1;18;1510220859;18;255;1510220866;1
32;16;10;5;1;18;1510221046;18;255;1510221053;0
32;16;10;5;1;18;1510221089;18;255;1510221097;0
32;16;10;5;1;18;1510221126;18;255;1510221134;0
32;16;10;5;1;18;1510221833;18;255;1510221840;1
32;16;10;5;1;18;1510222023;18;255;1510222030;1
32;16;10;5;1;18;1510222076;18;255;1510222083;1
32;16;10;5;1;18;1510222142;18;255;1510222150;1
32;16;10;5;1;18;1510222840;18;255;1510222848;1
32;16;10;5;1;18;1510223032;18;255;1510223040;1
32;16;10;5;1;18;1510223088;18;255;1510223097;0
32;16;10;5;1;18;1510223157;18;255;1510223165;1
32;16;10;5;1;18;1510223861;18;255;1510223870;0
32;16;10;5;1;18;1510224054;18;255;1510224061;1
32;16;10;5;1;18;1510224115;18;255;1510224122;1
32;16;10;5;1;18;1510224169;18;255;1510224176;1
32;16;10;5;1;18;1510224868;18;255;1510224876;0
32;16;10;5;1;18;1510225061;18;255;1510225069;1
32;16;10;5;1;18;1510225110;18;255;1510225117;1
32;16;10;5;1;18;1510225163;18;255;1510225171;0
32;16;10;5;1;18;1510225862;18;255;1510225870;1
32;16;10;5;1;18;1510226053;18;255;1510226060;0
32;16;10;5;1;18;1510226111;18;255;1510226119;0
32;16;10;5;1;18;1510226160;18;255;1510226168;1
32;16;10;5;1;18;1510226879;18;255;1510226887;1
32;16;10;5;1;18;1510227061;18;255;1510227068;1
32;16;10;5;1;18;1510227106;18;255;1510227114;1
32;16;10;5;1;18;1510227170;18;255;1510227179;1
32;16;10;5;1;18;1510252854;18;255;1510252862;1
32;16;10;5;1;18;1510252858;18;255;1510252865;0
32;16;10;5;1;18;1510252859;18;255;1510252867;1
32;16;10;5;1;18;1510252863;18;255;1510252870;1
32;16;10;5;1;18;1510253824;18;255;1510253831;1
32;16;10;5;1;18;1510253827;18;255;1510253834;0
32;16;10;5;1;18;1510253829;18;255;1510253836;1
32;16;10;5;1;18;1510253843;18;255;1510253851;0
32;16;10;5;1;18;1510254758;18;255;1510254765;1
32;16;10;5;1;18;1510254759;18;255;1510254766;1
32;16;10;5;1;18;1510254760;18;255;1510254767;1
32;16;10;5;1;18;1510254781;18;255;1510254788;1
32;16;10;5;1;18;1510255690;18;255;1510255697;1
32;16;10;5;1;18;1510255691;18;255;1510255698;1
32;16;10;5;1;18;1510255694;18;255;1510255701;1
32;16;10;5;1;18;1510255716;18;255;1510255723;0
32;16;10;5;1;18;1510256621;18;255;1510256628;1
32;16;10;5;1;18;1510256623;18;255;1510256630;0
32;16;10;5;1;18;1510256629;18;255;1510256637;1
32;16;10;5;1;18;1510256650;18;255;1510256657;1
32;16;10;5;1;18;1510257552;18;255;1510257559;1
32;16;10;5;1;18;1510257555;18;255;1510257562;1
32;16;10;5;1;18;1510257565;18;255;1510257572;1
32;16;10;5;1;18;1510257586;18;255;1510257593;1
32;16;10;5;1;18;1510258483;18;255;1510258490;1
32;16;10;5;1;18;1510258487;18;255;1510258494;1
32;16;10;5;1;18;1510258501;18;255;1510258508;1
32;16;10;5;1;18;1510258520;18;255;1510258527;0
32;16;10;5;1;18;1510259414;18;255;1510259421;1
32;16;10;5;1;18;1510259418;18;255;1510259425;1
32;16;10;5;1;18;1510259436;18;255;1510259443;0
32;16;10;5;1;18;1510259455;18;255;1510259462;0
32;16;10;5;1;18;1510260345;18;255;1510260352;1
32;16;10;5;1;18;1510260351;18;255;1510260358;1
32;16;10;5;1;18;1510260372;18;255;1510260379;1
32;16;10;5;1;18;1510260390;18;255;1510260397;0
32;16;10;5;1;18;1510261277;18;255;1510261284;0
32;16;10;5;1;18;1510261283;18;255;1510261290;1
32;16;10;5;1;18;1510261308;18;255;1510261315;1
32;16;10;5;1;18;1510261327;18;255;1510261334;1
32;16;10;5;1;18;1510262208;18;255;1510262215;1
32;16;10;5;1;18;1510262214;18;255;1510262221;0
32;16;10;5;1;18;1510262243;18;255;1510262250;1
32;16;10;5;1;18;1510262261;18;255;1510262268;1
32;16;10;5;1;18;1510263139;18;255;1510263146;1
32;16;10;5;1;18;1510263146;18;255;1510263153;1
32;16;10;5;1;18;1510263178;18;255;1510263185;1
32;16;10;5;1;18;1510263197;18;255;1510263204;0
32;16;10;5;1;18;1510264069;18;255;1510264076;0
32;16;10;5;1;18;1510264077;18;255;1510264084;1
32;16;10;5;1;18;1510264115;18;255;1510264122;1
32;16;10;5;1;18;1510264132;18;255;1510264139;0
32;16;10;5;1;18;1510265002;18;255;1510265009;1
32;16;10;5;1;18;1510265009;18;255;1510265016;1
32;16;10;5;1;18;1510265050;18;255;1510265058;1
32;16;10;5;1;18;1510265067;18;255;1510265074;0
32;16;10;5;1;18;1510265932;18;255;1510265939;1
32;16;10;5;1;18;1510265940;18;255;1510265947;1
32;16;10;5;1;18;1510265987;18;255;1510265994;1
32;16;10;5;1;18;1510266003;18;255;1510266010;1
32;16;10;5;1;18;1510266863;18;255;1510266870;1
32;16;10;5;1;18;1510266872;18;255;1510266879;1
32;16;10;5;1;18;1510266923;18;255;1510266930;1
32;16;10;5;1;18;1510266937;18;255;1510266944;1
32;16;10;5;1;18;1510267794;18;255;1510267801;1
32;16;10;5;1;18;1510267803;18;255;1510267810;1
32;16;10;5;1;18;1510267861;18;255;1510267868;1
32;16;10;5;1;18;1510267872;18;255;1510267879;1
32;16;10;5;1;18;1510268725;18;255;1510268732;1
32;16;10;5;1;18;1510268735;18;255;1510268742;1
32;16;10;5;1;18;1510268798;18;255;1510268805;1
32;16;10;5;1;18;1510268807;18;255;1510268814;1
32;16;10;5;1;18;1510269656;18;255;1510269663;0
32;16;10;5;1;18;1510269667;18;255;1510269674;1
32;16;10;5;1;18;1510269734;18;255;1510269741;1
32;16;10;5;1;18;1510269742;18;255;1510269749;1
32;16;10;5;1;18;1510270587;18;255;1510270594;1
32;16;10;5;1;18;1510270600;18;255;1510270607;1
32;16;10;5;1;18;1510270672;18;255;1510270679;1
32;16;10;5;1;18;1510270678;18;255;1510270685;1
32;16;10;5;1;18;1510271518;18;255;1510271525;0
32;16;10;5;1;18;1510271533;18;255;1510271540;1
32;16;10;5;1;18;1510271607;18;255;1510271614;0
32;16;10;5;1;18;1510271614;18;255;1510271621;1
32;16;10;5;1;18;1510272451;18;255;1510272458;0
32;16;10;5;1;18;1510272470;18;255;1510272477;0
32;16;10;5;1;18;1510272539;18;255;1510272546;1
32;16;10;5;1;18;1510272549;18;255;1510272556;1
32;16;10;5;1;18;1510273381;18;255;1510273388;1
32;16;10;5;1;18;1510273407;18;255;1510273414;1
32;16;10;5;1;18;1510273470;18;255;1510273477;1
32;16;10;5;1;18;1510273486;18;255;1510273493;1
32;16;10;5;1;18;1510274312;18;255;1510274319;1
32;16;10;5;1;18;1510274342;18;255;1510274349;0
32;16;10;5;1;18;1510274402;18;255;1510274409;1
32;16;10;5;1;18;1510274422;18;255;1510274429;1
32;16;10;5;1;18;1510275243;18;255;1510275250;1
32;16;10;5;1;18;1510275280;18;255;1510275287;0
32;16;10;5;1;18;1510275334;18;255;1510275341;1
32;16;10;5;1;18;1510275357;18;255;1510275364;1
32;16;10;5;1;18;1510276174;18;255;1510276181;1
32;16;10;5;1;18;1510276216;18;255;1510276223;0
32;16;10;5;1;18;1510276270;18;255;1510276277;0
32;16;10;5;1;18;1510276289;18;255;1510276296;1
32;16;10;5;1;18;1510277106;18;255;1510277113;0
32;16;10;5;1;18;1510277153;18;255;1510277160;1
32;16;10;5;1;18;1510277206;18;255;1510277213;1
32;16;10;5;1;18;1510277220;18;255;1510277227;1
32;16;10;5;1;18;1510278038;18;255;1510278045;0
32;16;10;5;1;18;1510278089;18;255;1510278096;1
32;16;10;5;1;18;1510278142;18;255;1510278149;1
32;16;10;5;1;18;1510278152;18;255;1510278159;1
32;16;10;5;1;18;1510278969;18;255;1510278976;1
32;16;10;5;1;18;1510279027;18;255;1510279034;1
32;16;10;5;1;18;1510279078;18;255;1510279085;1
32;16;10;5;1;18;1510279083;18;255;1510279090;0
32;16;10;5;1;18;1510279900;18;255;1510279907;1
32;16;10;5;1;18;1510279963;18;255;1510279970;1
32;16;10;5;1;18;1510280014;18;255;1510280021;1
32;16;10;5;1;18;1510280015;18;255;1510280022;1
32;16;10;5;1;18;1510280830;18;255;1510280837;1
32;16;10;5;1;18;1510280901;18;255;1510280908;0
32;16;10;5;1;18;1510280946;18;255;1510280953;1
32;16;10;5;1;18;1510280950;18;255;1510280957;1
32;16;10;5;1;18;1510281761;18;255;1510281768;1
32;16;10;5;1;18;1510281839;18;255;1510281846;1
32;16;10;5;1;18;1510281877;18;255;1510281885;1
32;16;10;5;1;18;1510281885;18;255;1510281892;1
32;16;10;5;1;18;1510282692;18;255;1510282699;0
32;16;10;5;1;18;1510282779;18;255;1510282786;1
32;16;10;5;1;18;1510282809;18;255;1510282816;1
32;16;10;5;1;18;1510282821;18;255;1510282828;1
32;16;10;5;1;18;1510283623;18;255;1510283630;1
32;16;10;5;1;18;1510283716;18;255;1510283723;1
32;16;10;5;1;18;1510283741;18;255;1510283748;1
32;16;10;5;1;18;1510283756;18;255;1510283763;0
32;16;10;5;1;18;1510284554;18;255;1510284561;1
32;16;10;5;1;18;1510284654;18;255;1510284661;1
32;16;10;5;1;18;1510284672;18;255;1510284679;1
32;16;10;5;1;18;1510284691;18;255;1510284698;1
32;16;10;5;1;18;1510285484;18;255;1510285491;1
32;16;10;5;1;18;1510285591;18;255;1510285598;0
32;16;10;5;1;18;1510285607;18;255;1510285614;1
32;16;10;5;1;18;1510285623;18;255;1510285630;1
32;16;10;5;1;18;1510286415;18;255;1510286422;1
32;16;10;5;1;18;1510286529;18;255;1510286536;1
32;16;10;5;1;18;1510286543;18;255;1510286550;1
32;16;10;5;1;18;1510286555;18;255;1510286562;1
32;16;10;5;1;18;1510287346;18;255;1510287353;1
32;16;10;5;1;18;1510287466;18;255;1510287473;0
32;16;10;5;1;18;1510287480;18;255;1510287487;1
32;16;10;5;1;18;1510287486;18;255;1510287493;1
32;16;10;5;1;18;1510288278;18;255;1510288285;0
32;16;10;5;1;18;1510288403;18;255;1510288410;1
32;16;10;5;1;18;1510288416;18;255;1510288423;1
32;16;10;5;1;18;1510288418;18;255;1510288425;1
32;16;10;5;1;18;1510289210;18;255;1510289217;1
32;16;10;5;1;18;1510289341;18;255;1510289348;1
32;16;10;5;1;18;1510289350;18;255;1510289357;1
32;16;10;5;1;18;1510289350;18;255;1510289357;0
32;16;10;5;1;18;1510290143;18;255;1510290150;1
32;16;10;5;1;18;1510290279;18;255;1510290286;0
32;16;10;5;1;18;1510290281;18;255;1510290288;1
32;16;10;5;1;18;1510290285;18;255;1510290292;1
32;16;10;5;1;18;1510291075;18;255;1510291082;1
32;16;10;5;1;18;1510291214;18;255;1510291221;1
32;16;10;5;1;18;1510291217;18;255;1510291225;1
32;16;10;5;1;18;1510291220;18;255;1510291227;1
32;16;10;5;1;18;1510292007;18;255;1510292014;0
32;16;10;5;1;18;1510292145;18;255;1510292152;1
32;16;10;5;1;18;1510292154;18;255;1510292162;1
32;16;10;5;1;18;1510292155;18;255;1510292162;1
32;16;10;5;1;18;1510292940;18;255;1510292947;0
32;16;10;5;1;18;1510293076;18;255;1510293083;1
32;16;10;5;1;18;1510293089;18;255;1510293096;1
32;16;10;5;1;18;1510293093;18;255;1510293100;1
32;16;10;5;1;18;1510293872;18;255;1510293879;1
32;16;10;5;1;18;1510294009;18;255;1510294016;0
32;16;10;5;1;18;1510294024;18;255;1510294031;1
32;16;10;5;1;18;1510294032;18;255;1510294039;1
32;16;10;5;1;18;1510294805;18;255;1510294812;1
32;16;10;5;1;18;1510294940;18;255;1510294947;1
32;16;10;5;1;18;1510294958;18;255;1510294965;0
32;16;10;5;1;18;1510294970;18;255;1510294977;1
32;16;10;5;1;18;1510295738;18;255;1510295745;1
32;16;10;5;1;18;1510295872;18;255;1510295879;1
32;16;10;5;1;18;1510295892;18;255;1510295899;1
32;16;10;5;1;18;1510295909;18;255;1510295916;0
32;16;10;5;1;18;1510296671;18;255;1510296678;1
32;16;10;5;1;18;1510296805;18;255;1510296812;1
32;16;10;5;1;18;1510296827;18;255;1510296835;0
32;16;10;5;1;18;1510296846;18;255;1510296853;1
32;16;10;5;1;18;1510297604;18;255;1510297611;1
32;16;10;5;1;18;1510297736;18;255;1510297743;1
32;16;10;5;1;18;1510297762;18;255;1510297769;0
32;16;10;5;1;18;1510297784;18;255;1510297791;1
32;16;10;5;1;18;1510298536;18;255;1510298543;0
32;16;10;5;1;18;1510298668;18;255;1510298675;1
32;16;10;5;1;18;1510298698;18;255;1510298705;1
32;16;10;5;1;18;1510298722;18;255;1510298729;1
32;16;10;5;1;18;1510299468;18;255;1510299475;1
32;16;10;5;1;18;1510299599;18;255;1510299606;1
32;16;10;5;1;18;1510299633;18;255;1510299640;1
32;16;10;5;1;18;1510299660;18;255;1510299667;0
32;16;10;5;1;18;1510300401;18;255;1510300408;1
32;16;10;5;1;18;1510300531;18;255;1510300538;1
32;16;10;5;1;18;1510300568;18;255;1510300575;1
32;16;10;5;1;18;1510300598;18;255;1510300605;1
32;16;10;5;1;18;1510301334;18;255;1510301341;1
32;16;10;5;1;18;1510301464;18;255;1510301471;1
32;16;10;5;1;18;1510301506;18;255;1510301513;1
32;16;10;5;1;18;1510301533;18;255;1510301540;1
32;16;10;5;1;18;1510302267;18;255;1510302274;0
32;16;10;5;1;18;1510302395;18;255;1510302402;1
32;16;10;5;1;18;1510302445;18;255;1510302452;0
32;16;10;5;1;18;1510302468;18;255;1510302475;1
32;16;10;5;1;18;1510303226;18;255;1510303233;1
32;16;10;5;1;18;1510303365;18;255;1510303373;1
32;16;10;5;1;18;1510303424;18;255;1510303431;1
32;16;10;5;1;18;1510303459;18;255;1510303467;1
32;16;10;5;1;18;1510304205;18;255;1510304212;0
32;16;10;5;1;18;1510304345;18;255;1510304352;1
32;16;10;5;1;18;1510304395;18;255;1510304402;0
32;16;10;5;1;18;1510304442;18;255;1510304449;1
32;16;10;5;1;18;1510305185;18;255;1510305193;1
32;16;10;5;1;18;1510305310;18;255;1510305318;1
32;16;10;5;1;18;1510305367;18;255;1510305374;1
32;16;10;5;1;18;1510305411;18;255;1510305418;1
32;16;10;5;1;18;1510306140;18;255;1510306147;1
32;16;10;5;1;18;1510306278;18;255;1510306286;1
32;16;10;5;1;18;1510306329;18;255;1510306337;1
32;16;10;5;1;18;1510306415;18;255;1510306424;1
32;16;10;5;1;18;1510307169;18;255;1510307176;0
32;16;10;5;1;18;1510307319;18;255;1510307326;1
32;16;10;5;1;18;1510307348;18;255;1510307355;1
