32;16;10;5;1;19;1509981563;19;255;1509981570;0
32;16;10;5;1;19;1509981631;19;255;1509981638;1
32;16;10;5;1;19;1509981701;19;255;1509981709;0
32;16;10;5;1;19;1509981812;19;255;1509981819;1
32;16;10;5;1;19;1509982557;19;255;1509982565;1
32;16;10;5;1;19;1509982623;19;255;1509982630;0
32;16;10;5;1;19;1509982692;19;255;1509982699;1
32;16;10;5;1;19;1509982789;19;255;1509982797;1
32;16;10;5;1;19;1509983509;19;255;1509983517;1
32;16;10;5;1;19;1509983568;19;255;1509983575;1
32;16;10;5;1;19;1509983636;19;255;1509983643;1
32;16;10;5;1;19;1509983747;19;255;1509983754;1
32;16;10;5;1;19;1509984452;19;255;1509984459;0
32;16;10;5;1;19;1509984507;19;255;1509984514;1
32;16;10;5;1;19;1509984578;19;255;1509984585;1
32;16;10;5;1;19;1509984686;19;255;1509984693;0
32;16;10;5;1;19;1509985393;19;255;1509985400;1
32;16;10;5;1;19;1509985449;19;255;1509985456;1
32;16;10;5;1;19;1509985519;19;255;1509985527;1
32;16;10;5;1;19;1509985628;19;255;1509985635;1
32;16;10;5;1;19;1509986333;19;255;1509986340;1
32;16;10;5;1;19;1509986391;19;255;1509986398;1
32;16;10;5;1;19;1509986461;19;255;1509986468;1
32;16;10;5;1;19;1509986571;19;255;1509986578;1
32;16;10;5;1;19;1509987273;19;255;1509987280;1
32;16;10;5;1;19;1509987335;19;255;1509987342;1
32;16;10;5;1;19;1509987400;19;255;1509987407;0
32;16;10;5;1;19;1509987513;19;255;1509987520;1
32;16;10;5;1;19;1509988216;19;255;1509988223;0
32;16;10;5;1;19;1509988278;19;255;1509988285;1
32;16;10;5;1;19;1509988340;19;255;1509988347;1
32;16;10;5;1;19;1509988454;19;255;1509988461;1
32;16;10;5;1;19;1509989158;19;255;1509989165;1
32;16;10;5;1;19;1509989219;19;255;1509989226;0
32;16;10;5;1;19;1509989284;19;255;1509989291;1
32;16;10;5;1;19;1509989396;19;255;1509989403;1
32;16;10;5;1;19;1509990098;19;255;1509990105;0
32;16;10;5;1;19;1509990161;19;255;1509990169;1
32;16;10;5;1;19;1509990225;19;255;1509990232;0
32;16;10;5;1;19;1509990339;19;255;1509990346;1
32;16;10;5;1;19;1509991041;19;255;1509991048;1
32;16;10;5;1;19;1509991103;19;255;1509991110;1
32;16;10;5;1;19;1509991165;19;255;1509991172;1
32;16;10;5;1;19;1509991281;19;255;1509991288;1
32;16;10;5;1;19;1509991982;19;255;1509991990;0
32;16;10;5;1;19;1509992044;19;255;1509992051;0
32;16;10;5;1;19;1509992105;19;255;1509992112;1
32;16;10;5;1;19;1509992223;19;255;1509992230;1
32;16;10;5;1;19;1509992926;19;255;1509992933;1
32;16;10;5;1;19;1509992985;19;255;1509992992;0
32;16;10;5;1;19;1509993046;19;255;1509993053;1
32;16;10;5;1;19;1509993164;19;255;1509993171;1
32;16;10;5;1;19;1509993866;19;255;1509993873;0
32;16;10;5;1;19;1509993927;19;255;1509993934;1
32;16;10;5;1;19;1509993987;19;255;1509993995;0
32;16;10;5;1;19;1509994106;19;255;1509994113;0
32;16;10;5;1;19;1509994807;19;255;1509994815;0
32;16;10;5;1;19;1509994867;19;255;1509994874;0
32;16;10;5;1;19;1509994928;19;255;1509994935;1
32;16;10;5;1;19;1509995048;19;255;1509995055;1
32;16;10;5;1;19;1509995754;19;255;1509995762;1
32;16;10;5;1;19;1509995810;19;255;1509995817;0
32;16;10;5;1;19;1509995885;19;255;1509995892;1
32;16;10;5;1;19;1509995990;19;255;1509995997;1
32;16;10;5;1;19;1509996697;19;255;1509996704;1
32;16;10;5;1;19;1509996751;19;255;1509996758;1
32;16;10;5;1;19;1509996828;19;255;1509996835;1
32;16;10;5;1;19;1509996931;19;255;1509996938;1
32;16;10;5;1;19;1509997639;19;255;1509997646;1
32;16;10;5;1;19;1509997695;19;255;1509997702;1
32;16;10;5;1;19;1509997769;19;255;1509997776;1
32;16;10;5;1;19;1509997870;19;255;1509997877;0
32;16;10;5;1;19;1509998580;19;255;1509998587;1
32;16;10;5;1;19;1509998635;19;255;1509998642;1
32;16;10;5;1;19;1509998709;19;255;1509998717;1
32;16;10;5;1;19;1509998813;19;255;1509998820;1
32;16;10;5;1;19;1509999525;19;255;1509999532;1
32;16;10;5;1;19;1509999577;19;255;1509999584;1
32;16;10;5;1;19;1509999648;19;255;1509999655;1
32;16;10;5;1;19;1509999752;19;255;1509999760;1
32;16;10;5;1;19;1510000466;19;255;1510000474;1
32;16;10;5;1;19;1510000521;19;255;1510000528;1
32;16;10;5;1;19;1510000590;19;255;1510000597;1
32;16;10;5;1;19;1510000692;19;255;1510000699;1
32;16;10;5;1;19;1510001408;19;255;1510001415;1
32;16;10;5;1;19;1510001464;19;255;1510001471;1
32;16;10;5;1;19;1510001529;19;255;1510001537;1
32;16;10;5;1;19;1510001633;19;255;1510001640;1
32;16;10;5;1;19;1510002349;19;255;1510002356;1
32;16;10;5;1;19;1510002408;19;255;1510002415;1
32;16;10;5;1;19;1510002471;19;255;1510002478;1
32;16;10;5;1;19;1510002572;19;255;1510002579;1
32;16;10;5;1;19;1510003292;19;255;1510003299;1
32;16;10;5;1;19;1510003350;19;255;1510003357;1
32;16;10;5;1;19;1510003413;19;255;1510003421;1
32;16;10;5;1;19;1510003515;19;255;1510003522;1
32;16;10;5;1;19;1510004230;19;255;1510004237;1
32;16;10;5;1;19;1510004289;19;255;1510004296;0
32;16;10;5;1;19;1510004359;19;255;1510004366;1
32;16;10;5;1;19;1510004457;19;255;1510004464;1
32;16;10;5;1;19;1510005172;19;255;1510005179;1
32;16;10;5;1;19;1510005232;19;255;1510005239;1
32;16;10;5;1;19;1510005299;19;255;1510005306;1
32;16;10;5;1;19;1510005398;19;255;1510005405;1
32;16;10;5;1;19;1510006113;19;255;1510006120;0
32;16;10;5;1;19;1510006171;19;255;1510006179;1
32;16;10;5;1;19;1510006244;19;255;1510006251;1
32;16;10;5;1;19;1510006339;19;255;1510006346;0
32;16;10;5;1;19;1510007053;19;255;1510007060;0
32;16;10;5;1;19;1510007112;19;255;1510007119;1
32;16;10;5;1;19;1510007188;19;255;1510007196;1
32;16;10;5;1;19;1510007279;19;255;1510007286;1
32;16;10;5;1;19;1510007992;19;255;1510008000;1
32;16;10;5;1;19;1510008051;19;255;1510008058;1
32;16;10;5;1;19;1510008130;19;255;1510008137;0
32;16;10;5;1;19;1510008222;19;255;1510008230;1
32;16;10;5;1;19;1510008934;19;255;1510008941;1
32;16;10;5;1;19;1510008991;19;255;1510008998;1
32;16;10;5;1;19;1510009071;19;255;1510009078;0
32;16;10;5;1;19;1510009164;19;255;1510009171;0
32;16;10;5;1;19;1510009877;19;255;1510009884;1
32;16;10;5;1;19;1510009933;19;255;1510009940;0
32;16;10;5;1;19;1510010013;19;255;1510010020;0
32;16;10;5;1;19;1510010108;19;255;1510010115;1
32;16;10;5;1;19;1510010816;19;255;1510010823;0
32;16;10;5;1;19;1510010874;19;255;1510010881;1
32;16;10;5;1;19;1510010954;19;255;1510010962;1
32;16;10;5;1;19;1510011050;19;255;1510011057;1
32;16;10;5;1;19;1510011755;19;255;1510011762;1
32;16;10;5;1;19;1510011818;19;255;1510011825;1
32;16;10;5;1;19;1510011897;19;255;1510011904;1
32;16;10;5;1;19;1510011989;19;255;1510011996;1
32;16;10;5;1;19;1510012699;19;255;1510012706;1
32;16;10;5;1;19;1510012761;19;255;1510012768;1
32;16;10;5;1;19;1510012837;19;255;1510012844;1
32;16;10;5;1;19;1510012931;19;255;1510012938;1
32;16;10;5;1;19;1510013641;19;255;1510013648;1
32;16;10;5;1;19;1510013705;19;255;1510013712;0
32;16;10;5;1;19;1510013777;19;255;1510013785;1
32;16;10;5;1;19;1510013873;19;255;1510013881;1
32;16;10;5;1;19;1510014583;19;255;1510014590;1
32;16;10;5;1;19;1510014645;19;255;1510014652;0
32;16;10;5;1;19;1510014718;19;255;1510014725;1
32;16;10;5;1;19;1510014814;19;255;1510014821;0
32;16;10;5;1;19;1510015524;19;255;1510015531;1
32;16;10;5;1;19;1510015587;19;255;1510015594;1
32;16;10;5;1;19;1510015659;19;255;1510015666;1
32;16;10;5;1;19;1510015755;19;255;1510015763;1
32;16;10;5;1;19;1510016465;19;255;1510016472;1
32;16;10;5;1;19;1510016529;19;255;1510016536;0
32;16;10;5;1;19;1510016600;19;255;1510016607;1
32;16;10;5;1;19;1510016696;19;255;1510016703;1
32;16;10;5;1;19;1510017406;19;255;1510017413;1
32;16;10;5;1;19;1510017472;19;255;1510017479;1
32;16;10;5;1;19;1510017541;19;255;1510017548;0
32;16;10;5;1;19;1510017638;19;255;1510017645;1
32;16;10;5;1;19;1510018346;19;255;1510018353;1
32;16;10;5;1;19;1510018414;19;255;1510018421;1
32;16;10;5;1;19;1510018482;19;255;1510018490;0
32;16;10;5;1;19;1510018580;19;255;1510018587;1
32;16;10;5;1;19;1510019287;19;255;1510019295;1
32;16;10;5;1;19;1510019358;19;255;1510019365;0
32;16;10;5;1;19;1510019422;19;255;1510019430;1
32;16;10;5;1;19;1510019522;19;255;1510019529;1
32;16;10;5;1;19;1510020229;19;255;1510020236;1
32;16;10;5;1;19;1510020303;19;255;1510020310;1
32;16;10;5;1;19;1510020363;19;255;1510020370;0
32;16;10;5;1;19;1510020461;19;255;1510020468;1
32;16;10;5;1;19;1510021170;19;255;1510021177;1
32;16;10;5;1;19;1510021244;19;255;1510021251;0
32;16;10;5;1;19;1510021303;19;255;1510021311;1
32;16;10;5;1;19;1510021403;19;255;1510021411;1
32;16;10;5;1;19;1510022110;19;255;1510022118;0
32;16;10;5;1;19;1510022184;19;255;1510022191;1
32;16;10;5;1;19;1510022246;19;255;1510022253;0
32;16;10;5;1;19;1510022345;19;255;1510022352;0
32;16;10;5;1;19;1510023052;19;255;1510023059;1
32;16;10;5;1;19;1510023124;19;255;1510023131;1
32;16;10;5;1;19;1510023191;19;255;1510023198;1
32;16;10;5;1;19;1510023285;19;255;1510023292;1
32;16;10;5;1;19;1510023994;19;255;1510024002;0
32;16;10;5;1;19;1510024066;19;255;1510024073;0
32;16;10;5;1;19;1510024133;19;255;1510024140;1
32;16;10;5;1;19;1510024227;19;255;1510024234;0
32;16;10;5;1;19;1510024938;19;255;1510024945;1
32;16;10;5;1;19;1510025006;19;255;1510025013;1
32;16;10;5;1;19;1510025074;19;255;1510025081;0
32;16;10;5;1;19;1510025167;19;255;1510025174;0
32;16;10;5;1;19;1510025881;19;255;1510025888;1
32;16;10;5;1;19;1510025946;19;255;1510025953;1
32;16;10;5;1;19;1510026016;19;255;1510026023;1
32;16;10;5;1;19;1510026108;19;255;1510026115;1
32;16;10;5;1;19;1510026821;19;255;1510026829;1
32;16;10;5;1;19;1510026888;19;255;1510026895;0
32;16;10;5;1;19;1510026958;19;255;1510026965;1
32;16;10;5;1;19;1510027049;19;255;1510027056;1
32;16;10;5;1;19;1510027763;19;255;1510027770;1
32;16;10;5;1;19;1510027828;19;255;1510027836;1
32;16;10;5;1;19;1510027900;19;255;1510027907;0
32;16;10;5;1;19;1510027989;19;255;1510027996;1
32;16;10;5;1;19;1510028705;19;255;1510028712;1
32;16;10;5;1;19;1510028771;19;255;1510028778;1
32;16;10;5;1;19;1510028843;19;255;1510028850;1
32;16;10;5;1;19;1510028927;19;255;1510028934;1
32;16;10;5;1;19;1510029647;19;255;1510029655;1
32;16;10;5;1;19;1510029713;19;255;1510029720;1
32;16;10;5;1;19;1510029783;19;255;1510029790;1
32;16;10;5;1;19;1510029869;19;255;1510029876;1
32;16;10;5;1;19;1510030587;19;255;1510030594;1
32;16;10;5;1;19;1510030656;19;255;1510030663;1
32;16;10;5;1;19;1510030729;19;255;1510030736;1
32;16;10;5;1;19;1510030810;19;255;1510030817;1
32;16;10;5;1;19;1510031530;19;255;1510031537;1
32;16;10;5;1;19;1510031595;19;255;1510031603;0
32;16;10;5;1;19;1510031671;19;255;1510031678;1
32;16;10;5;1;19;1510031752;19;255;1510031759;1
32;16;10;5;1;19;1510032469;19;255;1510032476;1
32;16;10;5;1;19;1510032537;19;255;1510032545;0
32;16;10;5;1;19;1510032614;19;255;1510032621;0
32;16;10;5;1;19;1510032694;19;255;1510032701;1
32;16;10;5;1;19;1510033412;19;255;1510033419;1
32;16;10;5;1;19;1510033477;19;255;1510033484;1
32;16;10;5;1;19;1510033555;19;255;1510033562;1
32;16;10;5;1;19;1510033634;19;255;1510033641;0
32;16;10;5;1;19;1510034355;19;255;1510034362;1
32;16;10;5;1;19;1510034420;19;255;1510034427;1
32;16;10;5;1;19;1510034496;19;255;1510034503;0
32;16;10;5;1;19;1510034574;19;255;1510034581;1
32;16;10;5;1;19;1510035295;19;255;1510035302;1
32;16;10;5;1;19;1510035362;19;255;1510035369;1
32;16;10;5;1;19;1510035435;19;255;1510035443;0
32;16;10;5;1;19;1510035516;19;255;1510035523;1
32;16;10;5;1;19;1510036237;19;255;1510036245;1
32;16;10;5;1;19;1510036304;19;255;1510036311;1
32;16;10;5;1;19;1510036379;19;255;1510036386;0
32;16;10;5;1;19;1510036456;19;255;1510036463;1
32;16;10;5;1;19;1510037179;19;255;1510037187;1
32;16;10;5;1;19;1510037246;19;255;1510037253;1
32;16;10;5;1;19;1510037319;19;255;1510037326;1
32;16;10;5;1;19;1510037396;19;255;1510037403;1
32;16;10;5;1;19;1510038121;19;255;1510038128;1
32;16;10;5;1;19;1510038189;19;255;1510038196;1
32;16;10;5;1;19;1510038259;19;255;1510038266;1
32;16;10;5;1;19;1510038337;19;255;1510038344;1
32;16;10;5;1;19;1510039063;19;255;1510039070;1
32;16;10;5;1;19;1510039131;19;255;1510039138;1
32;16;10;5;1;19;1510039201;19;255;1510039209;1
32;16;10;5;1;19;1510039277;19;255;1510039284;1
32;16;10;5;1;19;1510040004;19;255;1510040011;0
32;16;10;5;1;19;1510040071;19;255;1510040078;1
32;16;10;5;1;19;1510040144;19;255;1510040151;1
32;16;10;5;1;19;1510040219;19;255;1510040226;1
32;16;10;5;1;19;1510040945;19;255;1510040952;1
32;16;10;5;1;19;1510041012;19;255;1510041019;1
32;16;10;5;1;19;1510041087;19;255;1510041095;1
32;16;10;5;1;19;1510041158;19;255;1510041165;1
32;16;10;5;1;19;1510041888;19;255;1510041895;1
32;16;10;5;1;19;1510041955;19;255;1510041962;1
32;16;10;5;1;19;1510042030;19;255;1510042037;1
32;16;10;5;1;19;1510042099;19;255;1510042106;1
32;16;10;5;1;19;1510042828;19;255;1510042836;1
32;16;10;5;1;19;1510042896;19;255;1510042903;0
32;16;10;5;1;19;1510042972;19;255;1510042979;1
32;16;10;5;1;19;1510043042;19;255;1510043049;1
32;16;10;5;1;19;1510043768;19;255;1510043775;1
32;16;10;5;1;19;1510043839;19;255;1510043846;1
32;16;10;5;1;19;1510043912;19;255;1510043919;1
32;16;10;5;1;19;1510043985;19;255;1510043992;1
32;16;10;5;1;19;1510044721;19;255;1510044728;0
32;16;10;5;1;19;1510044790;19;255;1510044797;1
32;16;10;5;1;19;1510044869;19;255;1510044877;0
32;16;10;5;1;19;1510044945;19;255;1510044952;1
32;16;10;5;1;19;1510045725;19;255;1510045734;1
32;16;10;5;1;19;1510045804;19;255;1510045813;1
32;16;10;5;1;19;1510045874;19;255;1510045882;0
32;16;10;5;1;19;1510045955;19;255;1510045963;1
32;16;10;5;1;19;1510046731;19;255;1510046738;1
32;16;10;5;1;19;1510046740;19;255;1510046747;1
32;16;10;5;1;19;1510046750;19;255;1510046757;1
32;16;10;5;1;19;1510046754;19;255;1510046761;1
32;16;10;5;1;19;1510047705;19;255;1510047713;0
32;16;10;5;1;19;1510047723;19;255;1510047731;1
32;16;10;5;1;19;1510047725;19;255;1510047732;0
32;16;10;5;1;19;1510047728;19;255;1510047735;1
32;16;10;5;1;19;1510048669;19;255;1510048677;1
32;16;10;5;1;19;1510048683;19;255;1510048690;1
32;16;10;5;1;19;1510048687;19;255;1510048695;1
32;16;10;5;1;19;1510048696;19;255;1510048704;0
32;16;10;5;1;19;1510049705;19;255;1510049712;1
32;16;10;5;1;19;1510049712;19;255;1510049719;1
32;16;10;5;1;19;1510049728;19;255;1510049735;1
32;16;10;5;1;19;1510050662;19;255;1510050669;0
32;16;10;5;1;19;1510050669;19;255;1510050676;1
32;16;10;5;1;19;1510050685;19;255;1510050693;0
32;16;10;5;1;19;1510051621;19;255;1510051629;1
32;16;10;5;1;19;1510051628;19;255;1510051635;1
32;16;10;5;1;19;1510051646;19;255;1510051654;1
32;16;10;5;1;19;1510052578;19;255;1510052586;1
32;16;10;5;1;19;1510052584;19;255;1510052592;1
32;16;10;5;1;19;1510052602;19;255;1510052609;0
32;16;10;5;1;19;1510053534;19;255;1510053541;1
32;16;10;5;1;19;1510053541;19;255;1510053548;1
32;16;10;5;1;19;1510053559;19;255;1510053567;1
32;16;10;5;1;19;1510054494;19;255;1510054501;1
32;16;10;5;1;19;1510054501;19;255;1510054508;0
32;16;10;5;1;19;1510054521;19;255;1510054528;1
32;16;10;5;1;19;1510055460;19;255;1510055467;1
32;16;10;5;1;19;1510055472;19;255;1510055479;1
32;16;10;5;1;19;1510055491;19;255;1510055498;0
32;16;10;5;1;19;1510056422;19;255;1510056429;0
32;16;10;5;1;19;1510056440;19;255;1510056447;1
32;16;10;5;1;19;1510056466;19;255;1510056473;0
32;16;10;5;1;19;1510057374;19;255;1510057381;0
32;16;10;5;1;19;1510057395;19;255;1510057403;1
32;16;10;5;1;19;1510057423;19;255;1510057430;1
32;16;10;5;1;19;1510058315;19;255;1510058323;0
32;16;10;5;1;19;1510058337;19;255;1510058344;1
32;16;10;5;1;19;1510058364;19;255;1510058371;1
32;16;10;5;1;19;1510059256;19;255;1510059263;1
32;16;10;5;1;19;1510059277;19;255;1510059284;0
32;16;10;5;1;19;1510059305;19;255;1510059312;1
32;16;10;5;1;19;1510060203;19;255;1510060211;0
32;16;10;5;1;19;1510060223;19;255;1510060230;1
32;16;10;5;1;19;1510060254;19;255;1510060261;1
32;16;10;5;1;19;1510061164;19;255;1510061172;1
32;16;10;5;1;19;1510061182;19;255;1510061189;1
32;16;10;5;1;19;1510061216;19;255;1510061224;1
32;16;10;5;1;19;1510062158;19;255;1510062165;1
32;16;10;5;1;19;1510062162;19;255;1510062169;1
32;16;10;5;1;19;1510062207;19;255;1510062215;0
32;16;10;5;1;19;1510063116;19;255;1510063124;0
32;16;10;5;1;19;1510063121;19;255;1510063129;1
32;16;10;5;1;19;1510063164;19;255;1510063171;1
32;16;10;5;1;19;1510064069;19;255;1510064077;1
32;16;10;5;1;19;1510064071;19;255;1510064078;0
32;16;10;5;1;19;1510064117;19;255;1510064124;1
32;16;10;5;1;19;1510065044;19;255;1510065051;0
32;16;10;5;1;19;1510065044;19;255;1510065051;1
32;16;10;5;1;19;1510065089;19;255;1510065097;0
32;16;10;5;1;19;1510066001;19;255;1510066008;1
32;16;10;5;1;19;1510066003;19;255;1510066011;1
32;16;10;5;1;19;1510066054;19;255;1510066061;1
32;16;10;5;1;19;1510066963;19;255;1510066970;1
32;16;10;5;1;19;1510066965;19;255;1510066973;1
32;16;10;5;1;19;1510067016;19;255;1510067023;1
32;16;10;5;1;19;1510067922;19;255;1510067929;1
32;16;10;5;1;19;1510067925;19;255;1510067932;0
32;16;10;5;1;19;1510067977;19;255;1510067984;1
32;16;10;5;1;19;1510068871;19;255;1510068878;1
32;16;10;5;1;19;1510068872;19;255;1510068880;1
32;16;10;5;1;19;1510068925;19;255;1510068932;1
32;16;10;5;1;19;1510069831;19;255;1510069838;0
32;16;10;5;1;19;1510069847;19;255;1510069855;1
32;16;10;5;1;19;1510069892;19;255;1510069899;1
32;16;10;5;1;19;1510070797;19;255;1510070804;1
32;16;10;5;1;19;1510070809;19;255;1510070816;0
32;16;10;5;1;19;1510070857;19;255;1510070864;1
32;16;10;5;1;19;1510071770;19;255;1510071777;1
32;16;10;5;1;19;1510071776;19;255;1510071783;0
32;16;10;5;1;19;1510071820;19;255;1510071827;1
32;16;10;5;1;19;1510072722;19;255;1510072729;0
32;16;10;5;1;19;1510072728;19;255;1510072735;0
32;16;10;5;1;19;1510072769;19;255;1510072776;1
32;16;10;5;1;19;1510073665;19;255;1510073672;0
32;16;10;5;1;19;1510073671;19;255;1510073678;1
32;16;10;5;1;19;1510073712;19;255;1510073719;0
32;16;10;5;1;19;1510074609;19;255;1510074616;0
32;16;10;5;1;19;1510074614;19;255;1510074621;1
32;16;10;5;1;19;1510074655;19;255;1510074663;1
32;16;10;5;1;19;1510075402;19;255;1510075409;0
32;16;10;5;1;19;1510075582;19;255;1510075589;1
32;16;10;5;1;19;1510075596;19;255;1510075604;1
32;16;10;5;1;19;1510075635;19;255;1510075642;1
32;16;10;5;1;19;1510076362;19;255;1510076369;1
32;16;10;5;1;19;1510076533;19;255;1510076540;1
32;16;10;5;1;19;1510076539;19;255;1510076546;1
32;16;10;5;1;19;1510076580;19;255;1510076587;1
32;16;10;5;1;19;1510077302;19;255;1510077310;1
32;16;10;5;1;19;1510077472;19;255;1510077480;1
32;16;10;5;1;19;1510077479;19;255;1510077487;1
32;16;10;5;1;19;1510077519;19;255;1510077526;0
32;16;10;5;1;19;1510078241;19;255;1510078248;1
32;16;10;5;1;19;1510078412;19;255;1510078419;1
32;16;10;5;1;19;1510078420;19;255;1510078427;1
32;16;10;5;1;19;1510078460;19;255;1510078467;1
32;16;10;5;1;19;1510079180;19;255;1510079187;1
32;16;10;5;1;19;1510079351;19;255;1510079358;1
32;16;10;5;1;19;1510079359;19;255;1510079366;0
32;16;10;5;1;19;1510079400;19;255;1510079407;1
32;16;10;5;1;19;1510080121;19;255;1510080128;1
32;16;10;5;1;19;1510080291;19;255;1510080298;1
32;16;10;5;1;19;1510080298;19;255;1510080305;1
32;16;10;5;1;19;1510080340;19;255;1510080347;1
32;16;10;5;1;19;1510081062;19;255;1510081069;1
32;16;10;5;1;19;1510081230;19;255;1510081238;1
32;16;10;5;1;19;1510081237;19;255;1510081244;1
32;16;10;5;1;19;1510081281;19;255;1510081288;0
32;16;10;5;1;19;1510082002;19;255;1510082009;1
32;16;10;5;1;19;1510082170;19;255;1510082177;1
32;16;10;5;1;19;1510082177;19;255;1510082184;1
32;16;10;5;1;19;1510082221;19;255;1510082228;1
32;16;10;5;1;19;1510082939;19;255;1510082946;1
32;16;10;5;1;19;1510083111;19;255;1510083118;0
32;16;10;5;1;19;1510083118;19;255;1510083125;1
32;16;10;5;1;19;1510083161;19;255;1510083168;1
32;16;10;5;1;19;1510083879;19;255;1510083886;1
32;16;10;5;1;19;1510084049;19;255;1510084056;1
32;16;10;5;1;19;1510084060;19;255;1510084068;1
32;16;10;5;1;19;1510084101;19;255;1510084108;1
32;16;10;5;1;19;1510084817;19;255;1510084824;1
32;16;10;5;1;19;1510084989;19;255;1510084996;0
32;16;10;5;1;19;1510085002;19;255;1510085009;1
32;16;10;5;1;19;1510085041;19;255;1510085048;0
32;16;10;5;1;19;1510085756;19;255;1510085763;0
32;16;10;5;1;19;1510085931;19;255;1510085938;1
32;16;10;5;1;19;1510085943;19;255;1510085950;1
32;16;10;5;1;19;1510085980;19;255;1510085987;1
32;16;10;5;1;19;1510086695;19;255;1510086702;1
32;16;10;5;1;19;1510086871;19;255;1510086878;0
32;16;10;5;1;19;1510086885;19;255;1510086892;0
32;16;10;5;1;19;1510086921;19;255;1510086928;1
32;16;10;5;1;19;1510087636;19;255;1510087643;0
32;16;10;5;1;19;1510087811;19;255;1510087819;0
32;16;10;5;1;19;1510087824;19;255;1510087831;0
32;16;10;5;1;19;1510087859;19;255;1510087866;0
32;16;10;5;1;19;1510088576;19;255;1510088583;1
32;16;10;5;1;19;1510088752;19;255;1510088759;0
32;16;10;5;1;19;1510088764;19;255;1510088771;0
32;16;10;5;1;19;1510088799;19;255;1510088806;0
32;16;10;5;1;19;1510089515;19;255;1510089522;1
32;16;10;5;1;19;1510089691;19;255;1510089698;1
32;16;10;5;1;19;1510089705;19;255;1510089712;1
32;16;10;5;1;19;1510089741;19;255;1510089748;1
32;16;10;5;1;19;1510090454;19;255;1510090461;1
32;16;10;5;1;19;1510090631;19;255;1510090638;0
32;16;10;5;1;19;1510090645;19;255;1510090652;0
32;16;10;5;1;19;1510090684;19;255;1510090691;1
32;16;10;5;1;19;1510091393;19;255;1510091400;0
32;16;10;5;1;19;1510091571;19;255;1510091578;0
32;16;10;5;1;19;1510091585;19;255;1510091592;1
32;16;10;5;1;19;1510091623;19;255;1510091631;1
32;16;10;5;1;19;1510092332;19;255;1510092339;0
32;16;10;5;1;19;1510092511;19;255;1510092519;0
32;16;10;5;1;19;1510092525;19;255;1510092533;1
32;16;10;5;1;19;1510092564;19;255;1510092571;0
32;16;10;5;1;19;1510093272;19;255;1510093279;0
32;16;10;5;1;19;1510093451;19;255;1510093458;1
32;16;10;5;1;19;1510093467;19;255;1510093474;1
32;16;10;5;1;19;1510093505;19;255;1510093512;1
32;16;10;5;1;19;1510094212;19;255;1510094219;1
32;16;10;5;1;19;1510094389;19;255;1510094396;1
32;16;10;5;1;19;1510094405;19;255;1510094413;1
32;16;10;5;1;19;1510094447;19;255;1510094454;1
32;16;10;5;1;19;1510095154;19;255;1510095161;1
32;16;10;5;1;19;1510095329;19;255;1510095336;1
32;16;10;5;1;19;1510095344;19;255;1510095351;1
32;16;10;5;1;19;1510095387;19;255;1510095394;1
32;16;10;5;1;19;1510096096;19;255;1510096103;1
32;16;10;5;1;19;1510096268;19;255;1510096275;1
32;16;10;5;1;19;1510096283;19;255;1510096290;1
32;16;10;5;1;19;1510096327;19;255;1510096334;1
32;16;10;5;1;19;1510097038;19;255;1510097045;1
32;16;10;5;1;19;1510097208;19;255;1510097215;0
32;16;10;5;1;19;1510097222;19;255;1510097229;1
32;16;10;5;1;19;1510097269;19;255;1510097276;1
32;16;10;5;1;19;1510097976;19;255;1510097983;1
32;16;10;5;1;19;1510098149;19;255;1510098156;1
32;16;10;5;1;19;1510098161;19;255;1510098168;1
32;16;10;5;1;19;1510098208;19;255;1510098215;1
32;16;10;5;1;19;1510098916;19;255;1510098923;1
32;16;10;5;1;19;1510099091;19;255;1510099098;1
32;16;10;5;1;19;1510099099;19;255;1510099106;1
32;16;10;5;1;19;1510099149;19;255;1510099156;1
32;16;10;5;1;19;1510099857;19;255;1510099864;1
32;16;10;5;1;19;1510100032;19;255;1510100039;1
32;16;10;5;1;19;1510100036;19;255;1510100044;0
32;16;10;5;1;19;1510100089;19;255;1510100097;1
32;16;10;5;1;19;1510100798;19;255;1510100805;0
32;16;10;5;1;19;1510100971;19;255;1510100978;0
32;16;10;5;1;19;1510100977;19;255;1510100984;1
32;16;10;5;1;19;1510101028;19;255;1510101036;1
32;16;10;5;1;19;1510101738;19;255;1510101745;1
32;16;10;5;1;19;1510101909;19;255;1510101916;1
32;16;10;5;1;19;1510101918;19;255;1510101925;1
32;16;10;5;1;19;1510101969;19;255;1510101976;1
32;16;10;5;1;19;1510102678;19;255;1510102685;1
32;16;10;5;1;19;1510102849;19;255;1510102856;1
32;16;10;5;1;19;1510102857;19;255;1510102864;1
32;16;10;5;1;19;1510102912;19;255;1510102919;0
32;16;10;5;1;19;1510103616;19;255;1510103623;1
32;16;10;5;1;19;1510103789;19;255;1510103796;0
32;16;10;5;1;19;1510103799;19;255;1510103806;1
32;16;10;5;1;19;1510103852;19;255;1510103859;1
32;16;10;5;1;19;1510104554;19;255;1510104561;1
32;16;10;5;1;19;1510104727;19;255;1510104734;1
32;16;10;5;1;19;1510104740;19;255;1510104747;1
32;16;10;5;1;19;1510104792;19;255;1510104799;1
32;16;10;5;1;19;1510105494;19;255;1510105501;0
32;16;10;5;1;19;1510105667;19;255;1510105674;1
32;16;10;5;1;19;1510105680;19;255;1510105687;1
32;16;10;5;1;19;1510105731;19;255;1510105738;0
32;16;10;5;1;19;1510106435;19;255;1510106442;1
32;16;10;5;1;19;1510106608;19;255;1510106616;1
32;16;10;5;1;19;1510106619;19;255;1510106626;1
32;16;10;5;1;19;1510106670;19;255;1510106677;1
32;16;10;5;1;19;1510107374;19;255;1510107381;1
32;16;10;5;1;19;1510107552;19;255;1510107559;1
32;16;10;5;1;19;1510107558;19;255;1510107565;1
32;16;10;5;1;19;1510107612;19;255;1510107619;1
32;16;10;5;1;19;1510108312;19;255;1510108319;0
32;16;10;5;1;19;1510108493;19;255;1510108500;1
32;16;10;5;1;19;1510108498;19;255;1510108505;1
32;16;10;5;1;19;1510108552;19;255;1510108559;1
32;16;10;5;1;19;1510109251;19;255;1510109259;0
32;16;10;5;1;19;1510109433;19;255;1510109440;1
32;16;10;5;1;19;1510109439;19;255;1510109446;1
32;16;10;5;1;19;1510109493;19;255;1510109500;1
32;16;10;5;1;19;1510110191;19;255;1510110198;1
32;16;10;5;1;19;1510110373;19;255;1510110380;1
32;16;10;5;1;19;1510110379;19;255;1510110386;0
32;16;10;5;1;19;1510110434;19;255;1510110441;0
32;16;10;5;1;19;1510111131;19;255;1510111139;1
32;16;10;5;1;19;1510111313;19;255;1510111320;0
32;16;10;5;1;19;1510111320;19;255;1510111328;1
32;16;10;5;1;19;1510111373;19;255;1510111380;0
32;16;10;5;1;19;1510112071;19;255;1510112078;0
32;16;10;5;1;19;1510112255;19;255;1510112262;1
32;16;10;5;1;19;1510112260;19;255;1510112267;1
32;16;10;5;1;19;1510112312;19;255;1510112319;1
32;16;10;5;1;19;1510113008;19;255;1510113015;1
32;16;10;5;1;19;1510113197;19;255;1510113204;1
32;16;10;5;1;19;1510113201;19;255;1510113208;1
32;16;10;5;1;19;1510113252;19;255;1510113259;1
32;16;10;5;1;19;1510113946;19;255;1510113953;0
32;16;10;5;1;19;1510114139;19;255;1510114146;0
32;16;10;5;1;19;1510114141;19;255;1510114148;1
32;16;10;5;1;19;1510114192;19;255;1510114199;1
32;16;10;5;1;19;1510114885;19;255;1510114892;1
32;16;10;5;1;19;1510115078;19;255;1510115086;1
32;16;10;5;1;19;1510115081;19;255;1510115088;1
32;16;10;5;1;19;1510115131;19;255;1510115138;1
32;16;10;5;1;19;1510115827;19;255;1510115834;1
32;16;10;5;1;19;1510116018;19;255;1510116025;1
32;16;10;5;1;19;1510116020;19;255;1510116027;1
32;16;10;5;1;19;1510116071;19;255;1510116078;1
32;16;10;5;1;19;1510116768;19;255;1510116775;1
32;16;10;5;1;19;1510116957;19;255;1510116964;1
32;16;10;5;1;19;1510116961;19;255;1510116968;1
32;16;10;5;1;19;1510117009;19;255;1510117017;1
32;16;10;5;1;19;1510117708;19;255;1510117715;1
32;16;10;5;1;19;1510117896;19;255;1510117903;0
32;16;10;5;1;19;1510117903;19;255;1510117910;1
32;16;10;5;1;19;1510117950;19;255;1510117957;0
32;16;10;5;1;19;1510118650;19;255;1510118657;0
32;16;10;5;1;19;1510118836;19;255;1510118843;1
32;16;10;5;1;19;1510118844;19;255;1510118851;1
32;16;10;5;1;19;1510118889;19;255;1510118896;0
32;16;10;5;1;19;1510119593;19;255;1510119600;1
32;16;10;5;1;19;1510119775;19;255;1510119782;1
32;16;10;5;1;19;1510119783;19;255;1510119790;1
32;16;10;5;1;19;1510119828;19;255;1510119835;1
32;16;10;5;1;19;1510120535;19;255;1510120542;1
32;16;10;5;1;19;1510120715;19;255;1510120722;1
32;16;10;5;1;19;1510120722;19;255;1510120730;1
32;16;10;5;1;19;1510120767;19;255;1510120774;1
32;16;10;5;1;19;1510121476;19;255;1510121483;1
32;16;10;5;1;19;1510121654;19;255;1510121662;0
32;16;10;5;1;19;1510121663;19;255;1510121670;0
32;16;10;5;1;19;1510121706;19;255;1510121713;1
32;16;10;5;1;19;1510122416;19;255;1510122424;1
32;16;10;5;1;19;1510122594;19;255;1510122601;1
32;16;10;5;1;19;1510122602;19;255;1510122610;1
32;16;10;5;1;19;1510122647;19;255;1510122654;1
32;16;10;5;1;19;1510123356;19;255;1510123363;0
32;16;10;5;1;19;1510123535;19;255;1510123542;1
32;16;10;5;1;19;1510123544;19;255;1510123551;1
32;16;10;5;1;19;1510123589;19;255;1510123596;1
32;16;10;5;1;19;1510124298;19;255;1510124305;1
32;16;10;5;1;19;1510124473;19;255;1510124481;1
32;16;10;5;1;19;1510124484;19;255;1510124491;0
32;16;10;5;1;19;1510124529;19;255;1510124536;1
32;16;10;5;1;19;1510125237;19;255;1510125244;1
32;16;10;5;1;19;1510125413;19;255;1510125420;0
32;16;10;5;1;19;1510125424;19;255;1510125431;1
32;16;10;5;1;19;1510125468;19;255;1510125476;1
32;16;10;5;1;19;1510126176;19;255;1510126183;1
32;16;10;5;1;19;1510126354;19;255;1510126361;1
32;16;10;5;1;19;1510126365;19;255;1510126372;1
32;16;10;5;1;19;1510126409;19;255;1510126416;1
32;16;10;5;1;19;1510127116;19;255;1510127123;1
32;16;10;5;1;19;1510127293;19;255;1510127300;0
32;16;10;5;1;19;1510127302;19;255;1510127309;1
32;16;10;5;1;19;1510127351;19;255;1510127358;1
32;16;10;5;1;19;1510128055;19;255;1510128062;1
32;16;10;5;1;19;1510128233;19;255;1510128240;1
32;16;10;5;1;19;1510128241;19;255;1510128248;1
32;16;10;5;1;19;1510128291;19;255;1510128299;0
32;16;10;5;1;19;1510128994;19;255;1510129001;1
32;16;10;5;1;19;1510129173;19;255;1510129180;1
32;16;10;5;1;19;1510129183;19;255;1510129190;1
32;16;10;5;1;19;1510129230;19;255;1510129237;1
32;16;10;5;1;19;1510129943;19;255;1510129950;1
32;16;10;5;1;19;1510130147;19;255;1510130154;1
32;16;10;5;1;19;1510130154;19;255;1510130162;1
32;16;10;5;1;19;1510130206;19;255;1510130213;0
32;16;10;5;1;19;1510130953;19;255;1510130960;1
32;16;10;5;1;19;1510131154;19;255;1510131163;1
32;16;10;5;1;19;1510131158;19;255;1510131166;0
32;16;10;5;1;19;1510131203;19;255;1510131211;1
32;16;10;5;1;19;1510131947;19;255;1510131954;1
32;16;10;5;1;19;1510132130;19;255;1510132137;1
32;16;10;5;1;19;1510132146;19;255;1510132154;1
32;16;10;5;1;19;1510132186;19;255;1510132193;1
32;16;10;5;1;19;1510132922;19;255;1510132930;1
32;16;10;5;1;19;1510133105;19;255;1510133113;1
32;16;10;5;1;19;1510133126;19;255;1510133134;1
32;16;10;5;1;19;1510133170;19;255;1510133177;1
32;16;10;5;1;19;1510133945;19;255;1510133952;0
32;16;10;5;1;19;1510134111;19;255;1510134118;1
32;16;10;5;1;19;1510134142;19;255;1510134149;1
32;16;10;5;1;19;1510134187;19;255;1510134196;1
32;16;10;5;1;19;1510134943;19;255;1510134951;0
32;16;10;5;1;19;1510135109;19;255;1510135117;1
32;16;10;5;1;19;1510135140;19;255;1510135148;1
32;16;10;5;1;19;1510135176;19;255;1510135184;0
32;16;10;5;1;19;1510135933;19;255;1510135940;0
32;16;10;5;1;19;1510136101;19;255;1510136109;0
32;16;10;5;1;19;1510136145;19;255;1510136154;1
32;16;10;5;1;19;1510136170;19;255;1510136177;1
32;16;10;5;1;19;1510136938;19;255;1510136945;1
32;16;10;5;1;19;1510137116;19;255;1510137123;1
32;16;10;5;1;19;1510137137;19;255;1510137144;1
32;16;10;5;1;19;1510137183;19;255;1510137190;0
32;16;10;5;1;19;1510137922;19;255;1510137929;1
32;16;10;5;1;19;1510138119;19;255;1510138127;1
32;16;10;5;1;19;1510138121;19;255;1510138129;1
32;16;10;5;1;19;1510138172;19;255;1510138179;1
32;16;10;5;1;19;1510138944;19;255;1510138951;1
32;16;10;5;1;19;1510139113;19;255;1510139121;1
32;16;10;5;1;19;1510139143;19;255;1510139150;0
32;16;10;5;1;19;1510139175;19;255;1510139182;1
32;16;10;5;1;19;1510139918;19;255;1510139925;0
32;16;10;5;1;19;1510140079;19;255;1510140086;1
32;16;10;5;1;19;1510140159;19;255;1510140166;0
32;16;10;5;1;19;1510140164;19;255;1510140172;1
32;16;10;5;1;19;1510140919;19;255;1510140927;0
32;16;10;5;1;19;1510141062;19;255;1510141069;1
32;16;10;5;1;19;1510141127;19;255;1510141136;1
32;16;10;5;1;19;1510141131;19;255;1510141138;1
32;16;10;5;1;19;1510141891;19;255;1510141898;1
32;16;10;5;1;19;1510142057;19;255;1510142064;1
32;16;10;5;1;19;1510142096;19;255;1510142104;1
32;16;10;5;1;19;1510142155;19;255;1510142162;1
32;16;10;5;1;19;1510142920;19;255;1510142928;1
32;16;10;5;1;19;1510143108;19;255;1510143116;1
32;16;10;5;1;19;1510143140;19;255;1510143147;1
32;16;10;5;1;19;1510143213;19;255;1510143222;1
32;16;10;5;1;19;1510143924;19;255;1510143931;1
32;16;10;5;1;19;1510144104;19;255;1510144111;1
32;16;10;5;1;19;1510144136;19;255;1510144144;1
32;16;10;5;1;19;1510144209;19;255;1510144216;1
32;16;10;5;1;19;1510144884;19;255;1510144891;1
32;16;10;5;1;19;1510145051;19;255;1510145058;1
32;16;10;5;1;19;1510145081;19;255;1510145088;1
32;16;10;5;1;19;1510145159;19;255;1510145166;1
32;16;10;5;1;19;1510145823;19;255;1510145830;1
32;16;10;5;1;19;1510145993;19;255;1510146000;0
32;16;10;5;1;19;1510146025;19;255;1510146032;1
32;16;10;5;1;19;1510146098;19;255;1510146105;1
32;16;10;5;1;19;1510146769;19;255;1510146776;1
32;16;10;5;1;19;1510146940;19;255;1510146948;1
32;16;10;5;1;19;1510146974;19;255;1510146981;1
32;16;10;5;1;19;1510147046;19;255;1510147053;1
32;16;10;5;1;19;1510147742;19;255;1510147749;1
32;16;10;5;1;19;1510147916;19;255;1510147923;1
32;16;10;5;1;19;1510147942;19;255;1510147949;1
32;16;10;5;1;19;1510148025;19;255;1510148032;1
32;16;10;5;1;19;1510148715;19;255;1510148723;1
32;16;10;5;1;19;1510148895;19;255;1510148902;1
32;16;10;5;1;19;1510148913;19;255;1510148921;1
32;16;10;5;1;19;1510148993;19;255;1510149000;0
32;16;10;5;1;19;1510149672;19;255;1510149679;1
32;16;10;5;1;19;1510149847;19;255;1510149854;0
32;16;10;5;1;19;1510149857;19;255;1510149864;1
32;16;10;5;1;19;1510149937;19;255;1510149944;1
32;16;10;5;1;19;1510150624;19;255;1510150631;1
32;16;10;5;1;19;1510150801;19;255;1510150809;1
32;16;10;5;1;19;1510150811;19;255;1510150818;1
32;16;10;5;1;19;1510150893;19;255;1510150901;1
32;16;10;5;1;19;1510151584;19;255;1510151591;1
32;16;10;5;1;19;1510151767;19;255;1510151774;1
32;16;10;5;1;19;1510151778;19;255;1510151785;1
32;16;10;5;1;19;1510151867;19;255;1510151874;1
32;16;10;5;1;19;1510152579;19;255;1510152586;1
32;16;10;5;1;19;1510152751;19;255;1510152758;1
32;16;10;5;1;19;1510152777;19;255;1510152784;0
32;16;10;5;1;19;1510152852;19;255;1510152860;1
32;16;10;5;1;19;1510153552;19;255;1510153559;1
32;16;10;5;1;19;1510153722;19;255;1510153730;1
32;16;10;5;1;19;1510153746;19;255;1510153754;1
32;16;10;5;1;19;1510153820;19;255;1510153827;1
32;16;10;5;1;19;1510154519;19;255;1510154526;0
32;16;10;5;1;19;1510154691;19;255;1510154699;1
32;16;10;5;1;19;1510154719;19;255;1510154727;1
32;16;10;5;1;19;1510154788;19;255;1510154795;1
32;16;10;5;1;19;1510155476;19;255;1510155483;0
32;16;10;5;1;19;1510155646;19;255;1510155653;1
32;16;10;5;1;19;1510155674;19;255;1510155681;1
32;16;10;5;1;19;1510155747;19;255;1510155754;0
32;16;10;5;1;19;1510156460;19;255;1510156468;1
32;16;10;5;1;19;1510156632;19;255;1510156639;1
32;16;10;5;1;19;1510156661;19;255;1510156668;1
32;16;10;5;1;19;1510156732;19;255;1510156739;1
32;16;10;5;1;19;1510157448;19;255;1510157455;1
32;16;10;5;1;19;1510157633;19;255;1510157640;0
32;16;10;5;1;19;1510157659;19;255;1510157666;1
32;16;10;5;1;19;1510157730;19;255;1510157738;1
32;16;10;5;1;19;1510158419;19;255;1510158426;1
32;16;10;5;1;19;1510158597;19;255;1510158605;0
32;16;10;5;1;19;1510158631;19;255;1510158639;1
32;16;10;5;1;19;1510158694;19;255;1510158701;1
32;16;10;5;1;19;1510159375;19;255;1510159382;1
32;16;10;5;1;19;1510159555;19;255;1510159563;1
32;16;10;5;1;19;1510159585;19;255;1510159592;1
32;16;10;5;1;19;1510159651;19;255;1510159658;1
32;16;10;5;1;19;1510160356;19;255;1510160363;0
32;16;10;5;1;19;1510160532;19;255;1510160539;1
32;16;10;5;1;19;1510160560;19;255;1510160568;1
32;16;10;5;1;19;1510160631;19;255;1510160638;1
32;16;10;5;1;19;1510161332;19;255;1510161339;1
32;16;10;5;1;19;1510161504;19;255;1510161512;1
32;16;10;5;1;19;1510161543;19;255;1510161550;1
32;16;10;5;1;19;1510161601;19;255;1510161609;1
32;16;10;5;1;19;1510162296;19;255;1510162303;1
32;16;10;5;1;19;1510162467;19;255;1510162474;1
32;16;10;5;1;19;1510162510;19;255;1510162517;1
32;16;10;5;1;19;1510162566;19;255;1510162573;1
32;16;10;5;1;19;1510163249;19;255;1510163256;0
32;16;10;5;1;19;1510163431;19;255;1510163439;1
32;16;10;5;1;19;1510163492;19;255;1510163500;1
32;16;10;5;1;19;1510163519;19;255;1510163526;0
32;16;10;5;1;19;1510164191;19;255;1510164198;0
32;16;10;5;1;19;1510164374;19;255;1510164381;0
32;16;10;5;1;19;1510164435;19;255;1510164442;1
32;16;10;5;1;19;1510164464;19;255;1510164471;0
32;16;10;5;1;19;1510165133;19;255;1510165140;1
32;16;10;5;1;19;1510165316;19;255;1510165324;0
32;16;10;5;1;19;1510165377;19;255;1510165384;1
32;16;10;5;1;19;1510165408;19;255;1510165415;1
32;16;10;5;1;19;1510166077;19;255;1510166085;1
32;16;10;5;1;19;1510166259;19;255;1510166266;1
32;16;10;5;1;19;1510166321;19;255;1510166328;0
32;16;10;5;1;19;1510166350;19;255;1510166357;1
32;16;10;5;1;19;1510167020;19;255;1510167027;0
32;16;10;5;1;19;1510167201;19;255;1510167208;1
32;16;10;5;1;19;1510167263;19;255;1510167270;1
32;16;10;5;1;19;1510167294;19;255;1510167301;1
32;16;10;5;1;19;1510167963;19;255;1510167970;1
32;16;10;5;1;19;1510168142;19;255;1510168150;1
32;16;10;5;1;19;1510168206;19;255;1510168213;0
32;16;10;5;1;19;1510168239;19;255;1510168246;1
32;16;10;5;1;19;1510168904;19;255;1510168911;0
32;16;10;5;1;19;1510169085;19;255;1510169092;0
32;16;10;5;1;19;1510169148;19;255;1510169155;1
32;16;10;5;1;19;1510169180;19;255;1510169187;0
32;16;10;5;1;19;1510169848;19;255;1510169855;1
32;16;10;5;1;19;1510170028;19;255;1510170035;1
32;16;10;5;1;19;1510170091;19;255;1510170098;1
32;16;10;5;1;19;1510170122;19;255;1510170129;1
32;16;10;5;1;19;1510170790;19;255;1510170797;1
32;16;10;5;1;19;1510170970;19;255;1510170977;1
32;16;10;5;1;19;1510171035;19;255;1510171042;1
32;16;10;5;1;19;1510171064;19;255;1510171071;1
32;16;10;5;1;19;1510171731;19;255;1510171738;1
32;16;10;5;1;19;1510171913;19;255;1510171920;1
32;16;10;5;1;19;1510171979;19;255;1510171986;1
32;16;10;5;1;19;1510172007;19;255;1510172014;1
32;16;10;5;1;19;1510172673;19;255;1510172680;1
32;16;10;5;1;19;1510172854;19;255;1510172861;1
32;16;10;5;1;19;1510172920;19;255;1510172927;1
32;16;10;5;1;19;1510172951;19;255;1510172958;1
32;16;10;5;1;19;1510173617;19;255;1510173624;1
32;16;10;5;1;19;1510173795;19;255;1510173802;0
32;16;10;5;1;19;1510173864;19;255;1510173871;1
32;16;10;5;1;19;1510173893;19;255;1510173900;1
32;16;10;5;1;19;1510174561;19;255;1510174568;0
32;16;10;5;1;19;1510174738;19;255;1510174745;1
32;16;10;5;1;19;1510174807;19;255;1510174814;0
32;16;10;5;1;19;1510174834;19;255;1510174841;1
32;16;10;5;1;19;1510175505;19;255;1510175512;1
32;16;10;5;1;19;1510175679;19;255;1510175686;1
32;16;10;5;1;19;1510175750;19;255;1510175757;1
32;16;10;5;1;19;1510175775;19;255;1510175782;1
32;16;10;5;1;19;1510176449;19;255;1510176456;1
32;16;10;5;1;19;1510176620;19;255;1510176627;0
32;16;10;5;1;19;1510176691;19;255;1510176698;1
32;16;10;5;1;19;1510176716;19;255;1510176723;0
32;16;10;5;1;19;1510177391;19;255;1510177398;1
32;16;10;5;1;19;1510177563;19;255;1510177570;1
32;16;10;5;1;19;1510177634;19;255;1510177641;0
32;16;10;5;1;19;1510177657;19;255;1510177664;0
32;16;10;5;1;19;1510178335;19;255;1510178342;1
32;16;10;5;1;19;1510178507;19;255;1510178514;1
32;16;10;5;1;19;1510178575;19;255;1510178583;1
32;16;10;5;1;19;1510178599;19;255;1510178606;1
32;16;10;5;1;19;1510179277;19;255;1510179284;1
32;16;10;5;1;19;1510179451;19;255;1510179458;0
32;16;10;5;1;19;1510179515;19;255;1510179522;1
32;16;10;5;1;19;1510179540;19;255;1510179547;1
32;16;10;5;1;19;1510180220;19;255;1510180227;1
32;16;10;5;1;19;1510180392;19;255;1510180400;1
32;16;10;5;1;19;1510180456;19;255;1510180463;1
32;16;10;5;1;19;1510180483;19;255;1510180490;1
32;16;10;5;1;19;1510181164;19;255;1510181171;1
32;16;10;5;1;19;1510181334;19;255;1510181341;1
32;16;10;5;1;19;1510181399;19;255;1510181406;1
32;16;10;5;1;19;1510181426;19;255;1510181433;1
32;16;10;5;1;19;1510182109;19;255;1510182116;1
32;16;10;5;1;19;1510182278;19;255;1510182285;1
32;16;10;5;1;19;1510182342;19;255;1510182349;0
32;16;10;5;1;19;1510182369;19;255;1510182376;1
32;16;10;5;1;19;1510183052;19;255;1510183060;1
32;16;10;5;1;19;1510183219;19;255;1510183226;0
32;16;10;5;1;19;1510183283;19;255;1510183290;1
32;16;10;5;1;19;1510183309;19;255;1510183317;1
32;16;10;5;1;19;1510183995;19;255;1510184002;1
32;16;10;5;1;19;1510184161;19;255;1510184168;1
32;16;10;5;1;19;1510184225;19;255;1510184232;0
32;16;10;5;1;19;1510184251;19;255;1510184258;1
32;16;10;5;1;19;1510184938;19;255;1510184946;1
32;16;10;5;1;19;1510185104;19;255;1510185112;1
32;16;10;5;1;19;1510185169;19;255;1510185176;1
32;16;10;5;1;19;1510185192;19;255;1510185199;1
32;16;10;5;1;19;1510185881;19;255;1510185888;1
32;16;10;5;1;19;1510186048;19;255;1510186056;0
32;16;10;5;1;19;1510186112;19;255;1510186119;1
32;16;10;5;1;19;1510186135;19;255;1510186142;1
32;16;10;5;1;19;1510186823;19;255;1510186830;1
32;16;10;5;1;19;1510186991;19;255;1510186998;1
32;16;10;5;1;19;1510187051;19;255;1510187058;0
32;16;10;5;1;19;1510187075;19;255;1510187082;1
32;16;10;5;1;19;1510187765;19;255;1510187773;1
32;16;10;5;1;19;1510187934;19;255;1510187941;1
32;16;10;5;1;19;1510187993;19;255;1510188000;1
32;16;10;5;1;19;1510188017;19;255;1510188024;1
32;16;10;5;1;19;1510188706;19;255;1510188714;1
32;16;10;5;1;19;1510188877;19;255;1510188884;1
32;16;10;5;1;19;1510188935;19;255;1510188942;0
32;16;10;5;1;19;1510188961;19;255;1510188968;1
32;16;10;5;1;19;1510189646;19;255;1510189653;1
32;16;10;5;1;19;1510189821;19;255;1510189828;1
32;16;10;5;1;19;1510189875;19;255;1510189883;1
32;16;10;5;1;19;1510189905;19;255;1510189912;1
32;16;10;5;1;19;1510190587;19;255;1510190594;1
32;16;10;5;1;19;1510190762;19;255;1510190769;1
32;16;10;5;1;19;1510190815;19;255;1510190822;1
32;16;10;5;1;19;1510190848;19;255;1510190856;1
32;16;10;5;1;19;1510191528;19;255;1510191535;0
32;16;10;5;1;19;1510191706;19;255;1510191713;1
32;16;10;5;1;19;1510191756;19;255;1510191763;1
32;16;10;5;1;19;1510191792;19;255;1510191799;1
32;16;10;5;1;19;1510192473;19;255;1510192480;0
32;16;10;5;1;19;1510192649;19;255;1510192656;1
32;16;10;5;1;19;1510192696;19;255;1510192704;1
32;16;10;5;1;19;1510192735;19;255;1510192742;0
32;16;10;5;1;19;1510193413;19;255;1510193420;0
32;16;10;5;1;19;1510193589;19;255;1510193596;1
32;16;10;5;1;19;1510193639;19;255;1510193646;0
32;16;10;5;1;19;1510193678;19;255;1510193685;0
32;16;10;5;1;19;1510194353;19;255;1510194360;0
32;16;10;5;1;19;1510194531;19;255;1510194538;1
32;16;10;5;1;19;1510194581;19;255;1510194588;1
32;16;10;5;1;19;1510194620;19;255;1510194627;0
32;16;10;5;1;19;1510195296;19;255;1510195303;1
32;16;10;5;1;19;1510195476;19;255;1510195483;0
32;16;10;5;1;19;1510195523;19;255;1510195530;1
32;16;10;5;1;19;1510195562;19;255;1510195570;0
32;16;10;5;1;19;1510196239;19;255;1510196246;0
32;16;10;5;1;19;1510196420;19;255;1510196427;1
32;16;10;5;1;19;1510196466;19;255;1510196473;1
32;16;10;5;1;19;1510196502;19;255;1510196509;1
32;16;10;5;1;19;1510197183;19;255;1510197190;1
32;16;10;5;1;19;1510197361;19;255;1510197368;0
32;16;10;5;1;19;1510197409;19;255;1510197416;1
32;16;10;5;1;19;1510197443;19;255;1510197450;1
32;16;10;5;1;19;1510198124;19;255;1510198131;1
32;16;10;5;1;19;1510198302;19;255;1510198309;1
32;16;10;5;1;19;1510198354;19;255;1510198361;0
32;16;10;5;1;19;1510198384;19;255;1510198392;1
32;16;10;5;1;19;1510199064;19;255;1510199072;1
32;16;10;5;1;19;1510199243;19;255;1510199250;0
32;16;10;5;1;19;1510199300;19;255;1510199307;1
32;16;10;5;1;19;1510199326;19;255;1510199333;1
32;16;10;5;1;19;1510200007;19;255;1510200014;1
32;16;10;5;1;19;1510200185;19;255;1510200192;1
32;16;10;5;1;19;1510200245;19;255;1510200253;1
32;16;10;5;1;19;1510200266;19;255;1510200273;1
32;16;10;5;1;19;1510200948;19;255;1510200955;1
32;16;10;5;1;19;1510201125;19;255;1510201132;1
32;16;10;5;1;19;1510201189;19;255;1510201197;1
32;16;10;5;1;19;1510201206;19;255;1510201213;1
32;16;10;5;1;19;1510201889;19;255;1510201896;1
32;16;10;5;1;19;1510202067;19;255;1510202074;1
32;16;10;5;1;19;1510202133;19;255;1510202140;0
32;16;10;5;1;19;1510202149;19;255;1510202156;1
32;16;10;5;1;19;1510202832;19;255;1510202839;1
32;16;10;5;1;19;1510203011;19;255;1510203019;1
32;16;10;5;1;19;1510203074;19;255;1510203081;1
32;16;10;5;1;19;1510203092;19;255;1510203099;1
32;16;10;5;1;19;1510203773;19;255;1510203780;1
32;16;10;5;1;19;1510203955;19;255;1510203962;0
32;16;10;5;1;19;1510204015;19;255;1510204022;1
32;16;10;5;1;19;1510204037;19;255;1510204044;1
32;16;10;5;1;19;1510204713;19;255;1510204720;1
32;16;10;5;1;19;1510204894;19;255;1510204902;1
32;16;10;5;1;19;1510204958;19;255;1510204965;1
32;16;10;5;1;19;1510204981;19;255;1510204988;1
32;16;10;5;1;19;1510205657;19;255;1510205664;0
32;16;10;5;1;19;1510205836;19;255;1510205844;0
32;16;10;5;1;19;1510205903;19;255;1510205910;1
32;16;10;5;1;19;1510205924;19;255;1510205931;1
32;16;10;5;1;19;1510206599;19;255;1510206606;1
32;16;10;5;1;19;1510206778;19;255;1510206786;0
32;16;10;5;1;19;1510206845;19;255;1510206852;1
32;16;10;5;1;19;1510206867;19;255;1510206874;1
32;16;10;5;1;19;1510207542;19;255;1510207549;1
32;16;10;5;1;19;1510207722;19;255;1510207729;0
32;16;10;5;1;19;1510207788;19;255;1510207795;1
32;16;10;5;1;19;1510207808;19;255;1510207816;1
32;16;10;5;1;19;1510208482;19;255;1510208489;1
32;16;10;5;1;19;1510208664;19;255;1510208671;1
32;16;10;5;1;19;1510208729;19;255;1510208737;1
32;16;10;5;1;19;1510208750;19;255;1510208757;1
32;16;10;5;1;19;1510209423;19;255;1510209430;1
32;16;10;5;1;19;1510209607;19;255;1510209614;1
32;16;10;5;1;19;1510209673;19;255;1510209680;1
32;16;10;5;1;19;1510209692;19;255;1510209699;0
32;16;10;5;1;19;1510210367;19;255;1510210374;0
32;16;10;5;1;19;1510210547;19;255;1510210554;1
32;16;10;5;1;19;1510210615;19;255;1510210622;0
32;16;10;5;1;19;1510210636;19;255;1510210643;1
32;16;10;5;1;19;1510211310;19;255;1510211317;1
32;16;10;5;1;19;1510211489;19;255;1510211496;1
32;16;10;5;1;19;1510211556;19;255;1510211563;1
32;16;10;5;1;19;1510211578;19;255;1510211585;1
32;16;10;5;1;19;1510212252;19;255;1510212259;1
32;16;10;5;1;19;1510212431;19;255;1510212438;1
32;16;10;5;1;19;1510212496;19;255;1510212503;0
32;16;10;5;1;19;1510212519;19;255;1510212526;0
32;16;10;5;1;19;1510213195;19;255;1510213202;1
32;16;10;5;1;19;1510213374;19;255;1510213381;1
32;16;10;5;1;19;1510213440;19;255;1510213447;1
32;16;10;5;1;19;1510213462;19;255;1510213469;1
32;16;10;5;1;19;1510214137;19;255;1510214144;1
32;16;10;5;1;19;1510214316;19;255;1510214323;1
32;16;10;5;1;19;1510214381;19;255;1510214389;1
32;16;10;5;1;19;1510214406;19;255;1510214413;0
32;16;10;5;1;19;1510215080;19;255;1510215087;1
32;16;10;5;1;19;1510215257;19;255;1510215264;1
32;16;10;5;1;19;1510215323;19;255;1510215330;1
32;16;10;5;1;19;1510215349;19;255;1510215356;0
32;16;10;5;1;19;1510216021;19;255;1510216028;0
32;16;10;5;1;19;1510216197;19;255;1510216204;1
32;16;10;5;1;19;1510216265;19;255;1510216272;1
32;16;10;5;1;19;1510216292;19;255;1510216299;0
32;16;10;5;1;19;1510216964;19;255;1510216971;0
32;16;10;5;1;19;1510217140;19;255;1510217147;1
32;16;10;5;1;19;1510217206;19;255;1510217213;0
32;16;10;5;1;19;1510217236;19;255;1510217243;1
32;16;10;5;1;19;1510217907;19;255;1510217914;1
32;16;10;5;1;19;1510218083;19;255;1510218090;1
32;16;10;5;1;19;1510218148;19;255;1510218156;0
32;16;10;5;1;19;1510218179;19;255;1510218186;1
32;16;10;5;1;19;1510218849;19;255;1510218856;1
32;16;10;5;1;19;1510219038;19;255;1510219045;1
32;16;10;5;1;19;1510219099;19;255;1510219106;0
32;16;10;5;1;19;1510219131;19;255;1510219139;1
32;16;10;5;1;19;1510219846;19;255;1510219853;1
32;16;10;5;1;19;1510220035;19;255;1510220043;0
32;16;10;5;1;19;1510220096;19;255;1510220104;1
32;16;10;5;1;19;1510220130;19;255;1510220138;1
32;16;10;5;1;19;1510220866;19;255;1510220873;1
32;16;10;5;1;19;1510221053;19;255;1510221060;1
32;16;10;5;1;19;1510221097;19;255;1510221104;0
32;16;10;5;1;19;1510221134;19;255;1510221142;1
32;16;10;5;1;19;1510221840;19;255;1510221848;1
32;16;10;5;1;19;1510222030;19;255;1510222037;1
32;16;10;5;1;19;1510222083;19;255;1510222092;1
32;16;10;5;1;19;1510222150;19;255;1510222158;1
32;16;10;5;1;19;1510222848;19;255;1510222855;1
32;16;10;5;1;19;1510223040;19;255;1510223048;0
32;16;10;5;1;19;1510223097;19;255;1510223105;1
32;16;10;5;1;19;1510223165;19;255;1510223172;1
32;16;10;5;1;19;1510223870;19;255;1510223878;1
32;16;10;5;1;19;1510224061;19;255;1510224068;0
32;16;10;5;1;19;1510224122;19;255;1510224129;1
32;16;10;5;1;19;1510224176;19;255;1510224183;1
32;16;10;5;1;19;1510224876;19;255;1510224884;1
32;16;10;5;1;19;1510225069;19;255;1510225076;0
32;16;10;5;1;19;1510225117;19;255;1510225124;1
32;16;10;5;1;19;1510225171;19;255;1510225178;1
32;16;10;5;1;19;1510225870;19;255;1510225877;1
32;16;10;5;1;19;1510226060;19;255;1510226068;1
32;16;10;5;1;19;1510226119;19;255;1510226127;1
32;16;10;5;1;19;1510226168;19;255;1510226176;1
32;16;10;5;1;19;1510226887;19;255;1510226894;1
32;16;10;5;1;19;1510227068;19;255;1510227076;1
32;16;10;5;1;19;1510227114;19;255;1510227122;1
32;16;10;5;1;19;1510227179;19;255;1510227187;1
32;16;10;5;1;19;1510252862;19;255;1510252870;1
32;16;10;5;1;19;1510252865;19;255;1510252873;1
32;16;10;5;1;19;1510252867;19;255;1510252875;1
32;16;10;5;1;19;1510252870;19;255;1510252877;0
32;16;10;5;1;19;1510253831;19;255;1510253838;1
32;16;10;5;1;19;1510253834;19;255;1510253841;1
32;16;10;5;1;19;1510253836;19;255;1510253843;1
32;16;10;5;1;19;1510253851;19;255;1510253858;1
32;16;10;5;1;19;1510254765;19;255;1510254772;1
32;16;10;5;1;19;1510254766;19;255;1510254773;1
32;16;10;5;1;19;1510254767;19;255;1510254774;1
32;16;10;5;1;19;1510254788;19;255;1510254796;0
32;16;10;5;1;19;1510255697;19;255;1510255705;1
32;16;10;5;1;19;1510255698;19;255;1510255705;1
32;16;10;5;1;19;1510255701;19;255;1510255708;1
32;16;10;5;1;19;1510255723;19;255;1510255730;1
32;16;10;5;1;19;1510256628;19;255;1510256635;1
32;16;10;5;1;19;1510256630;19;255;1510256637;1
32;16;10;5;1;19;1510256637;19;255;1510256644;1
32;16;10;5;1;19;1510256657;19;255;1510256664;1
32;16;10;5;1;19;1510257559;19;255;1510257566;1
32;16;10;5;1;19;1510257562;19;255;1510257569;1
32;16;10;5;1;19;1510257572;19;255;1510257579;0
32;16;10;5;1;19;1510257593;19;255;1510257600;0
32;16;10;5;1;19;1510258490;19;255;1510258497;1
32;16;10;5;1;19;1510258494;19;255;1510258501;1
32;16;10;5;1;19;1510258508;19;255;1510258515;0
32;16;10;5;1;19;1510258527;19;255;1510258534;0
32;16;10;5;1;19;1510259421;19;255;1510259428;1
32;16;10;5;1;19;1510259425;19;255;1510259432;1
32;16;10;5;1;19;1510259443;19;255;1510259450;0
32;16;10;5;1;19;1510259462;19;255;1510259470;0
32;16;10;5;1;19;1510260352;19;255;1510260359;0
32;16;10;5;1;19;1510260358;19;255;1510260365;1
32;16;10;5;1;19;1510260379;19;255;1510260386;1
32;16;10;5;1;19;1510260397;19;255;1510260404;1
32;16;10;5;1;19;1510261284;19;255;1510261291;1
32;16;10;5;1;19;1510261290;19;255;1510261297;1
32;16;10;5;1;19;1510261315;19;255;1510261322;1
32;16;10;5;1;19;1510261334;19;255;1510261341;1
32;16;10;5;1;19;1510262215;19;255;1510262222;0
32;16;10;5;1;19;1510262221;19;255;1510262229;1
32;16;10;5;1;19;1510262250;19;255;1510262257;1
32;16;10;5;1;19;1510262268;19;255;1510262276;0
32;16;10;5;1;19;1510263146;19;255;1510263153;0
32;16;10;5;1;19;1510263153;19;255;1510263160;1
32;16;10;5;1;19;1510263185;19;255;1510263192;1
32;16;10;5;1;19;1510263204;19;255;1510263211;0
32;16;10;5;1;19;1510264076;19;255;1510264084;1
32;16;10;5;1;19;1510264084;19;255;1510264091;1
32;16;10;5;1;19;1510264122;19;255;1510264129;1
32;16;10;5;1;19;1510264139;19;255;1510264146;1
32;16;10;5;1;19;1510265009;19;255;1510265016;1
32;16;10;5;1;19;1510265016;19;255;1510265023;1
32;16;10;5;1;19;1510265058;19;255;1510265065;0
32;16;10;5;1;19;1510265074;19;255;1510265081;1
32;16;10;5;1;19;1510265939;19;255;1510265946;1
32;16;10;5;1;19;1510265947;19;255;1510265954;0
32;16;10;5;1;19;1510265994;19;255;1510266001;1
32;16;10;5;1;19;1510266010;19;255;1510266017;1
32;16;10;5;1;19;1510266870;19;255;1510266877;1
32;16;10;5;1;19;1510266879;19;255;1510266886;0
32;16;10;5;1;19;1510266930;19;255;1510266937;1
32;16;10;5;1;19;1510266944;19;255;1510266951;1
32;16;10;5;1;19;1510267801;19;255;1510267808;1
32;16;10;5;1;19;1510267810;19;255;1510267817;1
32;16;10;5;1;19;1510267868;19;255;1510267875;1
32;16;10;5;1;19;1510267879;19;255;1510267886;1
32;16;10;5;1;19;1510268732;19;255;1510268739;1
32;16;10;5;1;19;1510268742;19;255;1510268749;1
32;16;10;5;1;19;1510268805;19;255;1510268812;1
32;16;10;5;1;19;1510268814;19;255;1510268821;0
32;16;10;5;1;19;1510269663;19;255;1510269670;1
32;16;10;5;1;19;1510269674;19;255;1510269681;0
32;16;10;5;1;19;1510269741;19;255;1510269748;1
32;16;10;5;1;19;1510269749;19;255;1510269756;1
32;16;10;5;1;19;1510270594;19;255;1510270601;1
32;16;10;5;1;19;1510270607;19;255;1510270614;0
32;16;10;5;1;19;1510270679;19;255;1510270686;1
32;16;10;5;1;19;1510270685;19;255;1510270692;1
32;16;10;5;1;19;1510271525;19;255;1510271532;0
32;16;10;5;1;19;1510271540;19;255;1510271547;1
32;16;10;5;1;19;1510271614;19;255;1510271621;1
32;16;10;5;1;19;1510271621;19;255;1510271628;1
32;16;10;5;1;19;1510272458;19;255;1510272465;1
32;16;10;5;1;19;1510272477;19;255;1510272484;1
32;16;10;5;1;19;1510272546;19;255;1510272553;1
32;16;10;5;1;19;1510272556;19;255;1510272563;1
32;16;10;5;1;19;1510273388;19;255;1510273396;1
32;16;10;5;1;19;1510273414;19;255;1510273421;1
32;16;10;5;1;19;1510273477;19;255;1510273485;0
32;16;10;5;1;19;1510273493;19;255;1510273500;1
32;16;10;5;1;19;1510274319;19;255;1510274326;1
32;16;10;5;1;19;1510274349;19;255;1510274357;1
32;16;10;5;1;19;1510274409;19;255;1510274416;1
32;16;10;5;1;19;1510274429;19;255;1510274436;1
32;16;10;5;1;19;1510275250;19;255;1510275257;1
32;16;10;5;1;19;1510275287;19;255;1510275294;1
32;16;10;5;1;19;1510275341;19;255;1510275348;1
32;16;10;5;1;19;1510275364;19;255;1510275371;1
32;16;10;5;1;19;1510276181;19;255;1510276188;1
32;16;10;5;1;19;1510276223;19;255;1510276231;0
32;16;10;5;1;19;1510276277;19;255;1510276284;1
32;16;10;5;1;19;1510276296;19;255;1510276303;1
32;16;10;5;1;19;1510277113;19;255;1510277120;0
32;16;10;5;1;19;1510277160;19;255;1510277167;1
32;16;10;5;1;19;1510277213;19;255;1510277220;0
32;16;10;5;1;19;1510277227;19;255;1510277234;1
32;16;10;5;1;19;1510278045;19;255;1510278052;1
32;16;10;5;1;19;1510278096;19;255;1510278103;1
32;16;10;5;1;19;1510278149;19;255;1510278156;1
32;16;10;5;1;19;1510278159;19;255;1510278166;1
32;16;10;5;1;19;1510278976;19;255;1510278983;1
32;16;10;5;1;19;1510279034;19;255;1510279041;1
32;16;10;5;1;19;1510279085;19;255;1510279092;1
32;16;10;5;1;19;1510279090;19;255;1510279097;1
32;16;10;5;1;19;1510279907;19;255;1510279914;1
32;16;10;5;1;19;1510279970;19;255;1510279977;1
32;16;10;5;1;19;1510280021;19;255;1510280028;1
32;16;10;5;1;19;1510280022;19;255;1510280029;1
32;16;10;5;1;19;1510280837;19;255;1510280844;1
32;16;10;5;1;19;1510280908;19;255;1510280915;0
32;16;10;5;1;19;1510280953;19;255;1510280960;1
32;16;10;5;1;19;1510280957;19;255;1510280964;1
32;16;10;5;1;19;1510281768;19;255;1510281775;1
32;16;10;5;1;19;1510281846;19;255;1510281854;1
32;16;10;5;1;19;1510281885;19;255;1510281892;1
32;16;10;5;1;19;1510281892;19;255;1510281899;1
32;16;10;5;1;19;1510282699;19;255;1510282706;1
32;16;10;5;1;19;1510282786;19;255;1510282793;0
32;16;10;5;1;19;1510282816;19;255;1510282823;1
32;16;10;5;1;19;1510282828;19;255;1510282835;0
32;16;10;5;1;19;1510283630;19;255;1510283637;0
32;16;10;5;1;19;1510283723;19;255;1510283730;1
32;16;10;5;1;19;1510283748;19;255;1510283755;1
32;16;10;5;1;19;1510283763;19;255;1510283770;0
32;16;10;5;1;19;1510284561;19;255;1510284568;0
32;16;10;5;1;19;1510284661;19;255;1510284668;1
32;16;10;5;1;19;1510284679;19;255;1510284686;1
32;16;10;5;1;19;1510284698;19;255;1510284706;0
32;16;10;5;1;19;1510285491;19;255;1510285498;1
32;16;10;5;1;19;1510285598;19;255;1510285605;1
32;16;10;5;1;19;1510285614;19;255;1510285621;1
32;16;10;5;1;19;1510285630;19;255;1510285637;1
32;16;10;5;1;19;1510286422;19;255;1510286429;1
32;16;10;5;1;19;1510286536;19;255;1510286543;0
32;16;10;5;1;19;1510286550;19;255;1510286557;1
32;16;10;5;1;19;1510286562;19;255;1510286569;0
32;16;10;5;1;19;1510287353;19;255;1510287360;0
32;16;10;5;1;19;1510287473;19;255;1510287480;1
32;16;10;5;1;19;1510287487;19;255;1510287494;0
32;16;10;5;1;19;1510287493;19;255;1510287500;0
32;16;10;5;1;19;1510288285;19;255;1510288292;1
32;16;10;5;1;19;1510288410;19;255;1510288417;1
32;16;10;5;1;19;1510288423;19;255;1510288430;1
32;16;10;5;1;19;1510288425;19;255;1510288432;1
32;16;10;5;1;19;1510289217;19;255;1510289224;1
32;16;10;5;1;19;1510289348;19;255;1510289355;1
32;16;10;5;1;19;1510289357;19;255;1510289364;1
32;16;10;5;1;19;1510289357;19;255;1510289364;1
32;16;10;5;1;19;1510290150;19;255;1510290157;1
32;16;10;5;1;19;1510290286;19;255;1510290293;1
32;16;10;5;1;19;1510290288;19;255;1510290295;1
32;16;10;5;1;19;1510290292;19;255;1510290299;1
32;16;10;5;1;19;1510291082;19;255;1510291089;0
32;16;10;5;1;19;1510291221;19;255;1510291228;1
32;16;10;5;1;19;1510291225;19;255;1510291232;0
32;16;10;5;1;19;1510291227;19;255;1510291234;1
32;16;10;5;1;19;1510292014;19;255;1510292021;1
32;16;10;5;1;19;1510292152;19;255;1510292159;1
32;16;10;5;1;19;1510292162;19;255;1510292169;1
32;16;10;5;1;19;1510292162;19;255;1510292169;1
32;16;10;5;1;19;1510292947;19;255;1510292954;1
32;16;10;5;1;19;1510293083;19;255;1510293090;0
32;16;10;5;1;19;1510293096;19;255;1510293103;0
32;16;10;5;1;19;1510293100;19;255;1510293107;1
32;16;10;5;1;19;1510293879;19;255;1510293886;0
32;16;10;5;1;19;1510294016;19;255;1510294023;1
32;16;10;5;1;19;1510294031;19;255;1510294038;1
32;16;10;5;1;19;1510294039;19;255;1510294046;1
32;16;10;5;1;19;1510294812;19;255;1510294819;1
32;16;10;5;1;19;1510294947;19;255;1510294954;0
32;16;10;5;1;19;1510294965;19;255;1510294972;1
32;16;10;5;1;19;1510294977;19;255;1510294984;1
32;16;10;5;1;19;1510295745;19;255;1510295752;1
32;16;10;5;1;19;1510295879;19;255;1510295886;1
32;16;10;5;1;19;1510295899;19;255;1510295906;1
32;16;10;5;1;19;1510295916;19;255;1510295923;1
32;16;10;5;1;19;1510296678;19;255;1510296685;1
32;16;10;5;1;19;1510296812;19;255;1510296819;1
32;16;10;5;1;19;1510296835;19;255;1510296842;1
32;16;10;5;1;19;1510296853;19;255;1510296860;0
32;16;10;5;1;19;1510297611;19;255;1510297618;1
32;16;10;5;1;19;1510297743;19;255;1510297750;0
32;16;10;5;1;19;1510297769;19;255;1510297776;1
32;16;10;5;1;19;1510297791;19;255;1510297798;1
32;16;10;5;1;19;1510298543;19;255;1510298550;1
32;16;10;5;1;19;1510298675;19;255;1510298682;1
32;16;10;5;1;19;1510298705;19;255;1510298712;1
32;16;10;5;1;19;1510298729;19;255;1510298736;1
32;16;10;5;1;19;1510299475;19;255;1510299482;1
32;16;10;5;1;19;1510299606;19;255;1510299613;1
32;16;10;5;1;19;1510299640;19;255;1510299647;1
32;16;10;5;1;19;1510299667;19;255;1510299674;1
32;16;10;5;1;19;1510300408;19;255;1510300415;1
32;16;10;5;1;19;1510300538;19;255;1510300545;1
32;16;10;5;1;19;1510300575;19;255;1510300582;0
32;16;10;5;1;19;1510300605;19;255;1510300613;1
32;16;10;5;1;19;1510301341;19;255;1510301348;1
32;16;10;5;1;19;1510301471;19;255;1510301478;0
32;16;10;5;1;19;1510301513;19;255;1510301520;1
32;16;10;5;1;19;1510301540;19;255;1510301547;1
32;16;10;5;1;19;1510302274;19;255;1510302281;0
32;16;10;5;1;19;1510302402;19;255;1510302409;0
32;16;10;5;1;19;1510302452;19;255;1510302459;1
32;16;10;5;1;19;1510302475;19;255;1510302482;1
32;16;10;5;1;19;1510303233;19;255;1510303240;0
32;16;10;5;1;19;1510303373;19;255;1510303381;1
32;16;10;5;1;19;1510303431;19;255;1510303439;1
32;16;10;5;1;19;1510303467;19;255;1510303474;1
32;16;10;5;1;19;1510304212;19;255;1510304219;1
32;16;10;5;1;19;1510304352;19;255;1510304360;0
32;16;10;5;1;19;1510304402;19;255;1510304409;1
32;16;10;5;1;19;1510304449;19;255;1510304457;0
32;16;10;5;1;19;1510305193;19;255;1510305200;0
32;16;10;5;1;19;1510305318;19;255;1510305325;0
32;16;10;5;1;19;1510305374;19;255;1510305381;0
32;16;10;5;1;19;1510305418;19;255;1510305426;0
32;16;10;5;1;19;1510306147;19;255;1510306154;1
32;16;10;5;1;19;1510306286;19;255;1510306294;1
32;16;10;5;1;19;1510306337;19;255;1510306344;1
32;16;10;5;1;19;1510306424;19;255;1510306432;1
32;16;10;5;1;19;1510307176;19;255;1510307183;0
32;16;10;5;1;19;1510307326;19;255;1510307334;1
32;16;10;5;1;19;1510307355;19;255;1510307363;1
