32;16;10;5;1;25;1509981608;25;255;1509981615;1
32;16;10;5;1;25;1509981676;25;255;1509981683;1
32;16;10;5;1;25;1509981748;25;255;1509981755;1
32;16;10;5;1;25;1509981856;25;255;1509981863;1
32;16;10;5;1;25;1509982605;25;255;1509982612;0
32;16;10;5;1;25;1509982666;25;255;1509982674;1
32;16;10;5;1;25;1509982735;25;255;1509982742;1
32;16;10;5;1;25;1509982834;25;255;1509982841;1
32;16;10;5;1;25;1509983553;25;255;1509983560;0
32;16;10;5;1;25;1509983611;25;255;1509983618;1
32;16;10;5;1;25;1509983679;25;255;1509983686;0
32;16;10;5;1;25;1509983791;25;255;1509983798;1
32;16;10;5;1;25;1509984496;25;255;1509984503;1
32;16;10;5;1;25;1509984550;25;255;1509984558;1
32;16;10;5;1;25;1509984621;25;255;1509984629;1
32;16;10;5;1;25;1509984729;25;255;1509984737;1
32;16;10;5;1;25;1509985436;25;255;1509985443;1
32;16;10;5;1;25;1509985493;25;255;1509985500;1
32;16;10;5;1;25;1509985563;25;255;1509985570;1
32;16;10;5;1;25;1509985671;25;255;1509985679;0
32;16;10;5;1;25;1509986376;25;255;1509986383;1
32;16;10;5;1;25;1509986435;25;255;1509986442;1
32;16;10;5;1;25;1509986504;25;255;1509986512;1
32;16;10;5;1;25;1509986615;25;255;1509986622;1
32;16;10;5;1;25;1509987316;25;255;1509987324;0
32;16;10;5;1;25;1509987378;25;255;1509987386;1
32;16;10;5;1;25;1509987443;25;255;1509987450;1
32;16;10;5;1;25;1509987556;25;255;1509987564;1
32;16;10;5;1;25;1509988259;25;255;1509988266;1
32;16;10;5;1;25;1509988321;25;255;1509988328;1
32;16;10;5;1;25;1509988383;25;255;1509988391;1
32;16;10;5;1;25;1509988498;25;255;1509988505;1
32;16;10;5;1;25;1509989201;25;255;1509989208;0
32;16;10;5;1;25;1509989262;25;255;1509989270;1
32;16;10;5;1;25;1509989327;25;255;1509989335;1
32;16;10;5;1;25;1509989439;25;255;1509989446;0
32;16;10;5;1;25;1509990142;25;255;1509990149;0
32;16;10;5;1;25;1509990205;25;255;1509990212;0
32;16;10;5;1;25;1509990268;25;255;1509990275;1
32;16;10;5;1;25;1509990382;25;255;1509990389;1
32;16;10;5;1;25;1509991084;25;255;1509991091;1
32;16;10;5;1;25;1509991146;25;255;1509991153;0
32;16;10;5;1;25;1509991209;25;255;1509991216;0
32;16;10;5;1;25;1509991325;25;255;1509991332;1
32;16;10;5;1;25;1509992026;25;255;1509992033;0
32;16;10;5;1;25;1509992087;25;255;1509992095;0
32;16;10;5;1;25;1509992148;25;255;1509992156;0
32;16;10;5;1;25;1509992266;25;255;1509992273;1
32;16;10;5;1;25;1509992969;25;255;1509992977;1
32;16;10;5;1;25;1509993029;25;255;1509993036;0
32;16;10;5;1;25;1509993089;25;255;1509993097;0
32;16;10;5;1;25;1509993207;25;255;1509993214;1
32;16;10;5;1;25;1509993909;25;255;1509993917;0
32;16;10;5;1;25;1509993970;25;255;1509993977;1
32;16;10;5;1;25;1509994031;25;255;1509994038;0
32;16;10;5;1;25;1509994149;25;255;1509994157;1
32;16;10;5;1;25;1509994851;25;255;1509994858;1
32;16;10;5;1;25;1509994910;25;255;1509994918;1
32;16;10;5;1;25;1509994971;25;255;1509994978;1
32;16;10;5;1;25;1509995091;25;255;1509995098;0
32;16;10;5;1;25;1509995798;25;255;1509995805;1
32;16;10;5;1;25;1509995853;25;255;1509995861;0
32;16;10;5;1;25;1509995928;25;255;1509995936;1
32;16;10;5;1;25;1509996033;25;255;1509996040;0
32;16;10;5;1;25;1509996740;25;255;1509996747;1
32;16;10;5;1;25;1509996794;25;255;1509996801;0
32;16;10;5;1;25;1509996871;25;255;1509996879;1
32;16;10;5;1;25;1509996974;25;255;1509996981;1
32;16;10;5;1;25;1509997682;25;255;1509997689;1
32;16;10;5;1;25;1509997738;25;255;1509997745;0
32;16;10;5;1;25;1509997813;25;255;1509997820;1
32;16;10;5;1;25;1509997914;25;255;1509997921;0
32;16;10;5;1;25;1509998623;25;255;1509998631;1
32;16;10;5;1;25;1509998679;25;255;1509998686;1
32;16;10;5;1;25;1509998753;25;255;1509998760;0
32;16;10;5;1;25;1509998856;25;255;1509998863;1
32;16;10;5;1;25;1509999568;25;255;1509999575;1
32;16;10;5;1;25;1509999621;25;255;1509999628;1
32;16;10;5;1;25;1509999692;25;255;1509999699;0
32;16;10;5;1;25;1509999796;25;255;1509999803;0
32;16;10;5;1;25;1510000510;25;255;1510000517;1
32;16;10;5;1;25;1510000564;25;255;1510000572;1
32;16;10;5;1;25;1510000633;25;255;1510000640;1
32;16;10;5;1;25;1510000735;25;255;1510000742;1
32;16;10;5;1;25;1510001451;25;255;1510001459;0
32;16;10;5;1;25;1510001508;25;255;1510001515;0
32;16;10;5;1;25;1510001573;25;255;1510001580;1
32;16;10;5;1;25;1510001676;25;255;1510001683;0
32;16;10;5;1;25;1510002392;25;255;1510002399;0
32;16;10;5;1;25;1510002452;25;255;1510002459;0
32;16;10;5;1;25;1510002514;25;255;1510002522;1
32;16;10;5;1;25;1510002615;25;255;1510002623;1
32;16;10;5;1;25;1510003335;25;255;1510003342;0
32;16;10;5;1;25;1510003393;25;255;1510003401;1
32;16;10;5;1;25;1510003457;25;255;1510003464;0
32;16;10;5;1;25;1510003558;25;255;1510003566;1
32;16;10;5;1;25;1510004273;25;255;1510004280;1
32;16;10;5;1;25;1510004332;25;255;1510004340;1
32;16;10;5;1;25;1510004403;25;255;1510004410;0
32;16;10;5;1;25;1510004501;25;255;1510004508;1
32;16;10;5;1;25;1510005215;25;255;1510005223;1
32;16;10;5;1;25;1510005275;25;255;1510005282;0
32;16;10;5;1;25;1510005343;25;255;1510005350;1
32;16;10;5;1;25;1510005441;25;255;1510005448;0
32;16;10;5;1;25;1510006156;25;255;1510006163;1
32;16;10;5;1;25;1510006215;25;255;1510006222;0
32;16;10;5;1;25;1510006287;25;255;1510006295;1
32;16;10;5;1;25;1510006383;25;255;1510006390;0
32;16;10;5;1;25;1510007096;25;255;1510007103;0
32;16;10;5;1;25;1510007155;25;255;1510007162;1
32;16;10;5;1;25;1510007232;25;255;1510007239;0
32;16;10;5;1;25;1510007322;25;255;1510007329;1
32;16;10;5;1;25;1510008036;25;255;1510008043;1
32;16;10;5;1;25;1510008094;25;255;1510008101;0
32;16;10;5;1;25;1510008173;25;255;1510008180;0
32;16;10;5;1;25;1510008266;25;255;1510008273;1
32;16;10;5;1;25;1510008977;25;255;1510008985;0
32;16;10;5;1;25;1510009035;25;255;1510009042;1
32;16;10;5;1;25;1510009114;25;255;1510009122;0
32;16;10;5;1;25;1510009207;25;255;1510009215;1
32;16;10;5;1;25;1510009920;25;255;1510009927;0
32;16;10;5;1;25;1510009976;25;255;1510009984;1
32;16;10;5;1;25;1510010056;25;255;1510010063;1
32;16;10;5;1;25;1510010152;25;255;1510010159;1
32;16;10;5;1;25;1510010860;25;255;1510010867;0
32;16;10;5;1;25;1510010918;25;255;1510010925;1
32;16;10;5;1;25;1510010998;25;255;1510011005;1
32;16;10;5;1;25;1510011093;25;255;1510011101;1
32;16;10;5;1;25;1510011799;25;255;1510011806;0
32;16;10;5;1;25;1510011861;25;255;1510011869;1
32;16;10;5;1;25;1510011940;25;255;1510011948;1
32;16;10;5;1;25;1510012032;25;255;1510012040;1
32;16;10;5;1;25;1510012743;25;255;1510012750;0
32;16;10;5;1;25;1510012804;25;255;1510012811;1
32;16;10;5;1;25;1510012880;25;255;1510012887;1
32;16;10;5;1;25;1510012975;25;255;1510012982;1
32;16;10;5;1;25;1510013684;25;255;1510013691;1
32;16;10;5;1;25;1510013748;25;255;1510013755;0
32;16;10;5;1;25;1510013821;25;255;1510013828;1
32;16;10;5;1;25;1510013917;25;255;1510013924;1
32;16;10;5;1;25;1510014626;25;255;1510014633;0
32;16;10;5;1;25;1510014689;25;255;1510014696;0
32;16;10;5;1;25;1510014761;25;255;1510014769;1
32;16;10;5;1;25;1510014857;25;255;1510014864;1
32;16;10;5;1;25;1510015567;25;255;1510015574;1
32;16;10;5;1;25;1510015630;25;255;1510015637;0
32;16;10;5;1;25;1510015703;25;255;1510015710;1
32;16;10;5;1;25;1510015799;25;255;1510015806;0
32;16;10;5;1;25;1510016508;25;255;1510016516;1
32;16;10;5;1;25;1510016572;25;255;1510016580;0
32;16;10;5;1;25;1510016643;25;255;1510016651;0
32;16;10;5;1;25;1510016740;25;255;1510016747;1
32;16;10;5;1;25;1510017449;25;255;1510017456;0
32;16;10;5;1;25;1510017515;25;255;1510017523;0
32;16;10;5;1;25;1510017584;25;255;1510017592;0
32;16;10;5;1;25;1510017681;25;255;1510017688;1
32;16;10;5;1;25;1510018389;25;255;1510018397;0
32;16;10;5;1;25;1510018457;25;255;1510018465;1
32;16;10;5;1;25;1510018526;25;255;1510018533;0
32;16;10;5;1;25;1510018623;25;255;1510018630;0
32;16;10;5;1;25;1510019332;25;255;1510019339;0
32;16;10;5;1;25;1510019401;25;255;1510019408;1
32;16;10;5;1;25;1510019466;25;255;1510019473;1
32;16;10;5;1;25;1510019565;25;255;1510019572;1
32;16;10;5;1;25;1510020272;25;255;1510020280;0
32;16;10;5;1;25;1510020346;25;255;1510020353;1
32;16;10;5;1;25;1510020406;25;255;1510020414;0
32;16;10;5;1;25;1510020504;25;255;1510020512;1
32;16;10;5;1;25;1510021213;25;255;1510021220;1
32;16;10;5;1;25;1510021287;25;255;1510021294;0
32;16;10;5;1;25;1510021347;25;255;1510021354;1
32;16;10;5;1;25;1510021447;25;255;1510021454;1
32;16;10;5;1;25;1510022154;25;255;1510022161;1
32;16;10;5;1;25;1510022227;25;255;1510022234;0
32;16;10;5;1;25;1510022289;25;255;1510022296;1
32;16;10;5;1;25;1510022389;25;255;1510022396;1
32;16;10;5;1;25;1510023095;25;255;1510023102;1
32;16;10;5;1;25;1510023167;25;255;1510023175;1
32;16;10;5;1;25;1510023234;25;255;1510023241;1
32;16;10;5;1;25;1510023328;25;255;1510023335;1
32;16;10;5;1;25;1510024038;25;255;1510024045;1
32;16;10;5;1;25;1510024109;25;255;1510024116;1
32;16;10;5;1;25;1510024176;25;255;1510024183;1
32;16;10;5;1;25;1510024270;25;255;1510024278;1
32;16;10;5;1;25;1510024981;25;255;1510024988;0
32;16;10;5;1;25;1510025049;25;255;1510025056;1
32;16;10;5;1;25;1510025117;25;255;1510025125;0
32;16;10;5;1;25;1510025210;25;255;1510025217;1
32;16;10;5;1;25;1510025925;25;255;1510025932;1
32;16;10;5;1;25;1510025989;25;255;1510025997;1
32;16;10;5;1;25;1510026059;25;255;1510026066;0
32;16;10;5;1;25;1510026151;25;255;1510026158;0
32;16;10;5;1;25;1510026865;25;255;1510026872;1
32;16;10;5;1;25;1510026931;25;255;1510026938;1
32;16;10;5;1;25;1510027002;25;255;1510027009;1
32;16;10;5;1;25;1510027092;25;255;1510027099;1
32;16;10;5;1;25;1510027806;25;255;1510027813;0
32;16;10;5;1;25;1510027872;25;255;1510027879;1
32;16;10;5;1;25;1510027943;25;255;1510027951;0
32;16;10;5;1;25;1510028032;25;255;1510028039;1
32;16;10;5;1;25;1510028748;25;255;1510028755;1
32;16;10;5;1;25;1510028814;25;255;1510028822;0
32;16;10;5;1;25;1510028886;25;255;1510028893;0
32;16;10;5;1;25;1510028970;25;255;1510028978;1
32;16;10;5;1;25;1510029691;25;255;1510029698;0
32;16;10;5;1;25;1510029756;25;255;1510029764;0
32;16;10;5;1;25;1510029826;25;255;1510029834;1
32;16;10;5;1;25;1510029912;25;255;1510029919;1
32;16;10;5;1;25;1510030631;25;255;1510030638;0
32;16;10;5;1;25;1510030699;25;255;1510030707;1
32;16;10;5;1;25;1510030772;25;255;1510030779;0
32;16;10;5;1;25;1510030853;25;255;1510030860;0
32;16;10;5;1;25;1510031573;25;255;1510031580;1
32;16;10;5;1;25;1510031639;25;255;1510031646;1
32;16;10;5;1;25;1510031714;25;255;1510031722;1
32;16;10;5;1;25;1510031795;25;255;1510031802;0
32;16;10;5;1;25;1510032512;25;255;1510032519;1
32;16;10;5;1;25;1510032581;25;255;1510032588;1
32;16;10;5;1;25;1510032657;25;255;1510032664;1
32;16;10;5;1;25;1510032737;25;255;1510032745;1
32;16;10;5;1;25;1510033455;25;255;1510033462;1
32;16;10;5;1;25;1510033521;25;255;1510033528;0
32;16;10;5;1;25;1510033599;25;255;1510033606;1
32;16;10;5;1;25;1510033677;25;255;1510033684;1
32;16;10;5;1;25;1510034398;25;255;1510034406;1
32;16;10;5;1;25;1510034463;25;255;1510034470;1
32;16;10;5;1;25;1510034539;25;255;1510034547;0
32;16;10;5;1;25;1510034618;25;255;1510034625;1
32;16;10;5;1;25;1510035338;25;255;1510035345;1
32;16;10;5;1;25;1510035405;25;255;1510035413;1
32;16;10;5;1;25;1510035479;25;255;1510035487;0
32;16;10;5;1;25;1510035559;25;255;1510035567;1
32;16;10;5;1;25;1510036281;25;255;1510036288;0
32;16;10;5;1;25;1510036347;25;255;1510036355;1
32;16;10;5;1;25;1510036422;25;255;1510036429;0
32;16;10;5;1;25;1510036499;25;255;1510036507;0
32;16;10;5;1;25;1510037223;25;255;1510037231;1
32;16;10;5;1;25;1510037289;25;255;1510037297;1
32;16;10;5;1;25;1510037362;25;255;1510037369;1
32;16;10;5;1;25;1510037439;25;255;1510037446;1
32;16;10;5;1;25;1510038164;25;255;1510038171;0
32;16;10;5;1;25;1510038232;25;255;1510038239;0
32;16;10;5;1;25;1510038302;25;255;1510038310;1
32;16;10;5;1;25;1510038380;25;255;1510038388;0
32;16;10;5;1;25;1510039106;25;255;1510039113;0
32;16;10;5;1;25;1510039174;25;255;1510039182;0
32;16;10;5;1;25;1510039245;25;255;1510039253;1
32;16;10;5;1;25;1510039320;25;255;1510039328;0
32;16;10;5;1;25;1510040047;25;255;1510040054;1
32;16;10;5;1;25;1510040114;25;255;1510040121;0
32;16;10;5;1;25;1510040187;25;255;1510040195;1
32;16;10;5;1;25;1510040262;25;255;1510040269;1
32;16;10;5;1;25;1510040988;25;255;1510040995;1
32;16;10;5;1;25;1510041055;25;255;1510041063;0
32;16;10;5;1;25;1510041131;25;255;1510041138;0
32;16;10;5;1;25;1510041202;25;255;1510041209;0
32;16;10;5;1;25;1510041931;25;255;1510041939;1
32;16;10;5;1;25;1510041998;25;255;1510042005;1
32;16;10;5;1;25;1510042074;25;255;1510042082;1
32;16;10;5;1;25;1510042142;25;255;1510042150;0
32;16;10;5;1;25;1510042872;25;255;1510042879;1
32;16;10;5;1;25;1510042940;25;255;1510042947;1
32;16;10;5;1;25;1510043015;25;255;1510043022;1
32;16;10;5;1;25;1510043085;25;255;1510043092;0
32;16;10;5;1;25;1510043811;25;255;1510043819;0
32;16;10;5;1;25;1510043883;25;255;1510043890;1
32;16;10;5;1;25;1510043955;25;255;1510043962;1
32;16;10;5;1;25;1510044028;25;255;1510044035;1
32;16;10;5;1;25;1510044765;25;255;1510044773;0
32;16;10;5;1;25;1510044837;25;255;1510044845;1
32;16;10;5;1;25;1510044913;25;255;1510044920;1
32;16;10;5;1;25;1510044990;25;255;1510044998;0
32;16;10;5;1;25;1510045775;25;255;1510045783;1
32;16;10;5;1;25;1510045851;25;255;1510045858;0
32;16;10;5;1;25;1510045922;25;255;1510045929;1
32;16;10;5;1;25;1510046000;25;255;1510046007;1
32;16;10;5;1;25;1510046774;25;255;1510046782;1
32;16;10;5;1;25;1510046783;25;255;1510046791;0
32;16;10;5;1;25;1510046794;25;255;1510046801;1
32;16;10;5;1;25;1510046797;25;255;1510046805;0
32;16;10;5;1;25;1510047751;25;255;1510047758;1
32;16;10;5;1;25;1510047767;25;255;1510047774;1
32;16;10;5;1;25;1510047769;25;255;1510047776;1
32;16;10;5;1;25;1510047772;25;255;1510047781;0
32;16;10;5;1;25;1510048715;25;255;1510048723;0
32;16;10;5;1;25;1510048727;25;255;1510048734;1
32;16;10;5;1;25;1510048731;25;255;1510048739;0
32;16;10;5;1;25;1510048742;25;255;1510048749;1
32;16;10;5;1;25;1510049749;25;255;1510049756;0
32;16;10;5;1;25;1510049756;25;255;1510049764;1
32;16;10;5;1;25;1510049772;25;255;1510049780;0
32;16;10;5;1;25;1510050706;25;255;1510050714;0
32;16;10;5;1;25;1510050713;25;255;1510050720;1
32;16;10;5;1;25;1510050729;25;255;1510050737;1
32;16;10;5;1;25;1510051665;25;255;1510051673;1
32;16;10;5;1;25;1510051671;25;255;1510051679;1
32;16;10;5;1;25;1510051690;25;255;1510051698;0
32;16;10;5;1;25;1510052622;25;255;1510052629;1
32;16;10;5;1;25;1510052628;25;255;1510052635;1
32;16;10;5;1;25;1510052647;25;255;1510052655;0
32;16;10;5;1;25;1510053579;25;255;1510053587;0
32;16;10;5;1;25;1510053585;25;255;1510053593;1
32;16;10;5;1;25;1510053604;25;255;1510053612;1
32;16;10;5;1;25;1510054538;25;255;1510054546;1
32;16;10;5;1;25;1510054545;25;255;1510054553;0
32;16;10;5;1;25;1510054565;25;255;1510054572;0
32;16;10;5;1;25;1510055506;25;255;1510055514;0
32;16;10;5;1;25;1510055517;25;255;1510055525;0
32;16;10;5;1;25;1510055536;25;255;1510055543;1
32;16;10;5;1;25;1510056466;25;255;1510056473;0
32;16;10;5;1;25;1510056483;25;255;1510056491;0
32;16;10;5;1;25;1510056511;25;255;1510056518;1
32;16;10;5;1;25;1510057418;25;255;1510057425;1
32;16;10;5;1;25;1510057439;25;255;1510057446;1
32;16;10;5;1;25;1510057466;25;255;1510057473;1
32;16;10;5;1;25;1510058359;25;255;1510058366;1
32;16;10;5;1;25;1510058380;25;255;1510058388;1
32;16;10;5;1;25;1510058407;25;255;1510058414;0
32;16;10;5;1;25;1510059299;25;255;1510059307;1
32;16;10;5;1;25;1510059320;25;255;1510059328;1
32;16;10;5;1;25;1510059348;25;255;1510059355;1
32;16;10;5;1;25;1510060247;25;255;1510060255;1
32;16;10;5;1;25;1510060267;25;255;1510060275;0
32;16;10;5;1;25;1510060298;25;255;1510060305;0
32;16;10;5;1;25;1510061208;25;255;1510061216;0
32;16;10;5;1;25;1510061225;25;255;1510061233;0
32;16;10;5;1;25;1510061260;25;255;1510061267;0
32;16;10;5;1;25;1510062203;25;255;1510062211;1
32;16;10;5;1;25;1510062208;25;255;1510062215;1
32;16;10;5;1;25;1510062252;25;255;1510062259;1
32;16;10;5;1;25;1510063160;25;255;1510063167;0
32;16;10;5;1;25;1510063165;25;255;1510063172;1
32;16;10;5;1;25;1510063207;25;255;1510063215;0
32;16;10;5;1;25;1510064115;25;255;1510064122;0
32;16;10;5;1;25;1510064116;25;255;1510064124;1
32;16;10;5;1;25;1510064162;25;255;1510064170;1
32;16;10;5;1;25;1510065088;25;255;1510065095;0
32;16;10;5;1;25;1510065088;25;255;1510065096;1
32;16;10;5;1;25;1510065134;25;255;1510065142;1
32;16;10;5;1;25;1510066045;25;255;1510066053;1
32;16;10;5;1;25;1510066049;25;255;1510066056;0
32;16;10;5;1;25;1510066098;25;255;1510066105;0
32;16;10;5;1;25;1510067007;25;255;1510067014;0
32;16;10;5;1;25;1510067009;25;255;1510067017;0
32;16;10;5;1;25;1510067061;25;255;1510067068;1
32;16;10;5;1;25;1510067965;25;255;1510067973;1
32;16;10;5;1;25;1510067968;25;255;1510067976;1
32;16;10;5;1;25;1510068021;25;255;1510068028;1
32;16;10;5;1;25;1510068914;25;255;1510068921;1
32;16;10;5;1;25;1510068916;25;255;1510068923;0
32;16;10;5;1;25;1510068969;25;255;1510068977;1
32;16;10;5;1;25;1510069875;25;255;1510069882;1
32;16;10;5;1;25;1510069892;25;255;1510069899;0
32;16;10;5;1;25;1510069936;25;255;1510069943;1
32;16;10;5;1;25;1510070841;25;255;1510070848;0
32;16;10;5;1;25;1510070853;25;255;1510070861;0
32;16;10;5;1;25;1510070901;25;255;1510070909;0
32;16;10;5;1;25;1510071815;25;255;1510071822;0
32;16;10;5;1;25;1510071820;25;255;1510071827;0
32;16;10;5;1;25;1510071864;25;255;1510071871;1
32;16;10;5;1;25;1510072765;25;255;1510072773;1
32;16;10;5;1;25;1510072771;25;255;1510072779;1
32;16;10;5;1;25;1510072812;25;255;1510072820;1
32;16;10;5;1;25;1510073709;25;255;1510073716;1
32;16;10;5;1;25;1510073715;25;255;1510073722;1
32;16;10;5;1;25;1510073755;25;255;1510073763;1
32;16;10;5;1;25;1510074652;25;255;1510074659;1
32;16;10;5;1;25;1510074658;25;255;1510074665;1
32;16;10;5;1;25;1510074699;25;255;1510074706;0
32;16;10;5;1;25;1510075449;25;255;1510075457;0
32;16;10;5;1;25;1510075626;25;255;1510075633;0
32;16;10;5;1;25;1510075640;25;255;1510075647;0
32;16;10;5;1;25;1510075678;25;255;1510075686;0
32;16;10;5;1;25;1510076405;25;255;1510076412;0
32;16;10;5;1;25;1510076576;25;255;1510076584;0
32;16;10;5;1;25;1510076582;25;255;1510076589;1
32;16;10;5;1;25;1510076623;25;255;1510076630;0
32;16;10;5;1;25;1510077346;25;255;1510077353;1
32;16;10;5;1;25;1510077516;25;255;1510077523;1
32;16;10;5;1;25;1510077523;25;255;1510077530;1
32;16;10;5;1;25;1510077562;25;255;1510077570;0
32;16;10;5;1;25;1510078284;25;255;1510078291;1
32;16;10;5;1;25;1510078455;25;255;1510078462;0
32;16;10;5;1;25;1510078463;25;255;1510078470;0
32;16;10;5;1;25;1510078503;25;255;1510078510;1
32;16;10;5;1;25;1510079223;25;255;1510079230;0
32;16;10;5;1;25;1510079394;25;255;1510079402;0
32;16;10;5;1;25;1510079402;25;255;1510079410;1
32;16;10;5;1;25;1510079443;25;255;1510079450;1
32;16;10;5;1;25;1510080165;25;255;1510080172;1
32;16;10;5;1;25;1510080334;25;255;1510080342;1
32;16;10;5;1;25;1510080341;25;255;1510080348;1
32;16;10;5;1;25;1510080383;25;255;1510080390;0
32;16;10;5;1;25;1510081105;25;255;1510081112;1
32;16;10;5;1;25;1510081274;25;255;1510081281;1
32;16;10;5;1;25;1510081280;25;255;1510081287;1
32;16;10;5;1;25;1510081325;25;255;1510081332;1
32;16;10;5;1;25;1510082045;25;255;1510082052;0
32;16;10;5;1;25;1510082213;25;255;1510082221;1
32;16;10;5;1;25;1510082220;25;255;1510082227;1
32;16;10;5;1;25;1510082264;25;255;1510082272;1
32;16;10;5;1;25;1510082982;25;255;1510082990;1
32;16;10;5;1;25;1510083154;25;255;1510083161;0
32;16;10;5;1;25;1510083161;25;255;1510083169;0
32;16;10;5;1;25;1510083205;25;255;1510083212;0
32;16;10;5;1;25;1510083922;25;255;1510083930;1
32;16;10;5;1;25;1510084092;25;255;1510084099;1
32;16;10;5;1;25;1510084104;25;255;1510084111;0
32;16;10;5;1;25;1510084144;25;255;1510084151;1
32;16;10;5;1;25;1510084860;25;255;1510084868;1
32;16;10;5;1;25;1510085033;25;255;1510085040;0
32;16;10;5;1;25;1510085045;25;255;1510085053;1
32;16;10;5;1;25;1510085084;25;255;1510085091;0
32;16;10;5;1;25;1510085799;25;255;1510085807;1
32;16;10;5;1;25;1510085974;25;255;1510085981;1
32;16;10;5;1;25;1510085986;25;255;1510085993;0
32;16;10;5;1;25;1510086023;25;255;1510086031;0
32;16;10;5;1;25;1510086738;25;255;1510086746;0
32;16;10;5;1;25;1510086914;25;255;1510086921;1
32;16;10;5;1;25;1510086928;25;255;1510086935;1
32;16;10;5;1;25;1510086964;25;255;1510086971;1
32;16;10;5;1;25;1510087679;25;255;1510087686;1
32;16;10;5;1;25;1510087855;25;255;1510087862;0
32;16;10;5;1;25;1510087867;25;255;1510087875;1
32;16;10;5;1;25;1510087902;25;255;1510087910;0
32;16;10;5;1;25;1510088619;25;255;1510088626;1
32;16;10;5;1;25;1510088795;25;255;1510088802;1
32;16;10;5;1;25;1510088807;25;255;1510088814;1
32;16;10;5;1;25;1510088842;25;255;1510088849;1
32;16;10;5;1;25;1510089558;25;255;1510089565;1
32;16;10;5;1;25;1510089734;25;255;1510089742;0
32;16;10;5;1;25;1510089748;25;255;1510089755;0
32;16;10;5;1;25;1510089784;25;255;1510089792;1
32;16;10;5;1;25;1510090497;25;255;1510090504;1
32;16;10;5;1;25;1510090674;25;255;1510090682;1
32;16;10;5;1;25;1510090688;25;255;1510090695;1
32;16;10;5;1;25;1510090727;25;255;1510090734;1
32;16;10;5;1;25;1510091436;25;255;1510091443;1
32;16;10;5;1;25;1510091614;25;255;1510091621;0
32;16;10;5;1;25;1510091629;25;255;1510091636;0
32;16;10;5;1;25;1510091667;25;255;1510091674;1
32;16;10;5;1;25;1510092375;25;255;1510092383;1
32;16;10;5;1;25;1510092555;25;255;1510092562;1
32;16;10;5;1;25;1510092569;25;255;1510092576;1
32;16;10;5;1;25;1510092607;25;255;1510092614;0
32;16;10;5;1;25;1510093315;25;255;1510093323;1
32;16;10;5;1;25;1510093494;25;255;1510093502;1
32;16;10;5;1;25;1510093510;25;255;1510093517;1
32;16;10;5;1;25;1510093548;25;255;1510093555;0
32;16;10;5;1;25;1510094255;25;255;1510094263;1
32;16;10;5;1;25;1510094432;25;255;1510094439;0
32;16;10;5;1;25;1510094449;25;255;1510094456;0
32;16;10;5;1;25;1510094490;25;255;1510094498;0
32;16;10;5;1;25;1510095198;25;255;1510095205;1
32;16;10;5;1;25;1510095372;25;255;1510095379;0
32;16;10;5;1;25;1510095387;25;255;1510095395;0
32;16;10;5;1;25;1510095430;25;255;1510095437;0
32;16;10;5;1;25;1510096140;25;255;1510096147;0
32;16;10;5;1;25;1510096311;25;255;1510096318;0
32;16;10;5;1;25;1510096326;25;255;1510096333;1
32;16;10;5;1;25;1510096370;25;255;1510096378;0
32;16;10;5;1;25;1510097081;25;255;1510097088;1
32;16;10;5;1;25;1510097251;25;255;1510097258;1
32;16;10;5;1;25;1510097265;25;255;1510097273;1
32;16;10;5;1;25;1510097312;25;255;1510097320;1
32;16;10;5;1;25;1510098019;25;255;1510098026;1
32;16;10;5;1;25;1510098192;25;255;1510098199;1
32;16;10;5;1;25;1510098204;25;255;1510098211;1
32;16;10;5;1;25;1510098251;25;255;1510098259;0
32;16;10;5;1;25;1510098959;25;255;1510098966;1
32;16;10;5;1;25;1510099134;25;255;1510099141;1
32;16;10;5;1;25;1510099142;25;255;1510099149;0
32;16;10;5;1;25;1510099192;25;255;1510099200;0
32;16;10;5;1;25;1510099900;25;255;1510099907;1
32;16;10;5;1;25;1510100075;25;255;1510100083;0
32;16;10;5;1;25;1510100080;25;255;1510100087;0
32;16;10;5;1;25;1510100133;25;255;1510100140;1
32;16;10;5;1;25;1510100842;25;255;1510100849;1
32;16;10;5;1;25;1510101014;25;255;1510101021;0
32;16;10;5;1;25;1510101020;25;255;1510101028;0
32;16;10;5;1;25;1510101072;25;255;1510101080;1
32;16;10;5;1;25;1510101781;25;255;1510101789;0
32;16;10;5;1;25;1510101953;25;255;1510101960;1
32;16;10;5;1;25;1510101961;25;255;1510101969;0
32;16;10;5;1;25;1510102012;25;255;1510102020;1
32;16;10;5;1;25;1510102721;25;255;1510102728;1
32;16;10;5;1;25;1510102892;25;255;1510102900;1
32;16;10;5;1;25;1510102900;25;255;1510102908;0
32;16;10;5;1;25;1510102955;25;255;1510102962;0
32;16;10;5;1;25;1510103659;25;255;1510103666;1
32;16;10;5;1;25;1510103832;25;255;1510103839;1
32;16;10;5;1;25;1510103842;25;255;1510103849;1
32;16;10;5;1;25;1510103895;25;255;1510103902;1
32;16;10;5;1;25;1510104597;25;255;1510104604;0
32;16;10;5;1;25;1510104770;25;255;1510104778;0
32;16;10;5;1;25;1510104783;25;255;1510104790;1
32;16;10;5;1;25;1510104835;25;255;1510104842;1
32;16;10;5;1;25;1510105537;25;255;1510105544;1
32;16;10;5;1;25;1510105710;25;255;1510105717;1
32;16;10;5;1;25;1510105723;25;255;1510105730;1
32;16;10;5;1;25;1510105774;25;255;1510105781;0
32;16;10;5;1;25;1510106478;25;255;1510106486;1
32;16;10;5;1;25;1510106652;25;255;1510106659;0
32;16;10;5;1;25;1510106662;25;255;1510106670;1
32;16;10;5;1;25;1510106713;25;255;1510106720;0
32;16;10;5;1;25;1510107417;25;255;1510107424;0
32;16;10;5;1;25;1510107595;25;255;1510107603;1
32;16;10;5;1;25;1510107601;25;255;1510107609;0
32;16;10;5;1;25;1510107656;25;255;1510107663;1
32;16;10;5;1;25;1510108355;25;255;1510108362;0
32;16;10;5;1;25;1510108536;25;255;1510108543;1
32;16;10;5;1;25;1510108541;25;255;1510108549;1
32;16;10;5;1;25;1510108595;25;255;1510108603;1
32;16;10;5;1;25;1510109295;25;255;1510109302;1
32;16;10;5;1;25;1510109476;25;255;1510109483;0
32;16;10;5;1;25;1510109482;25;255;1510109489;1
32;16;10;5;1;25;1510109536;25;255;1510109544;1
32;16;10;5;1;25;1510110234;25;255;1510110242;1
32;16;10;5;1;25;1510110416;25;255;1510110423;1
32;16;10;5;1;25;1510110422;25;255;1510110430;0
32;16;10;5;1;25;1510110477;25;255;1510110485;1
32;16;10;5;1;25;1510111175;25;255;1510111182;1
32;16;10;5;1;25;1510111356;25;255;1510111364;1
32;16;10;5;1;25;1510111364;25;255;1510111371;1
32;16;10;5;1;25;1510111416;25;255;1510111423;0
32;16;10;5;1;25;1510112114;25;255;1510112121;0
32;16;10;5;1;25;1510112298;25;255;1510112305;0
32;16;10;5;1;25;1510112303;25;255;1510112311;1
32;16;10;5;1;25;1510112355;25;255;1510112363;0
32;16;10;5;1;25;1510113051;25;255;1510113058;1
32;16;10;5;1;25;1510113240;25;255;1510113247;1
32;16;10;5;1;25;1510113244;25;255;1510113251;0
32;16;10;5;1;25;1510113295;25;255;1510113303;1
32;16;10;5;1;25;1510113989;25;255;1510113996;1
32;16;10;5;1;25;1510114182;25;255;1510114189;0
32;16;10;5;1;25;1510114184;25;255;1510114192;0
32;16;10;5;1;25;1510114235;25;255;1510114243;0
32;16;10;5;1;25;1510114929;25;255;1510114936;0
32;16;10;5;1;25;1510115122;25;255;1510115129;1
32;16;10;5;1;25;1510115125;25;255;1510115132;1
32;16;10;5;1;25;1510115175;25;255;1510115183;1
32;16;10;5;1;25;1510115870;25;255;1510115878;0
32;16;10;5;1;25;1510116061;25;255;1510116068;1
32;16;10;5;1;25;1510116063;25;255;1510116070;1
32;16;10;5;1;25;1510116114;25;255;1510116122;1
32;16;10;5;1;25;1510116811;25;255;1510116819;1
32;16;10;5;1;25;1510117000;25;255;1510117008;1
32;16;10;5;1;25;1510117004;25;255;1510117011;1
32;16;10;5;1;25;1510117053;25;255;1510117060;0
32;16;10;5;1;25;1510117751;25;255;1510117758;0
32;16;10;5;1;25;1510117939;25;255;1510117946;1
32;16;10;5;1;25;1510117946;25;255;1510117953;1
32;16;10;5;1;25;1510117993;25;255;1510118000;1
32;16;10;5;1;25;1510118694;25;255;1510118701;0
32;16;10;5;1;25;1510118880;25;255;1510118887;0
32;16;10;5;1;25;1510118887;25;255;1510118895;1
32;16;10;5;1;25;1510118932;25;255;1510118940;0
32;16;10;5;1;25;1510119636;25;255;1510119644;1
32;16;10;5;1;25;1510119818;25;255;1510119825;1
32;16;10;5;1;25;1510119826;25;255;1510119833;0
32;16;10;5;1;25;1510119871;25;255;1510119878;0
32;16;10;5;1;25;1510120578;25;255;1510120586;0
32;16;10;5;1;25;1510120758;25;255;1510120766;1
32;16;10;5;1;25;1510120766;25;255;1510120773;1
32;16;10;5;1;25;1510120810;25;255;1510120818;1
32;16;10;5;1;25;1510121519;25;255;1510121526;0
32;16;10;5;1;25;1510121698;25;255;1510121705;0
32;16;10;5;1;25;1510121706;25;255;1510121713;1
32;16;10;5;1;25;1510121749;25;255;1510121757;0
32;16;10;5;1;25;1510122460;25;255;1510122467;1
32;16;10;5;1;25;1510122637;25;255;1510122644;1
32;16;10;5;1;25;1510122646;25;255;1510122653;1
32;16;10;5;1;25;1510122691;25;255;1510122698;0
32;16;10;5;1;25;1510123400;25;255;1510123407;0
32;16;10;5;1;25;1510123578;25;255;1510123585;1
32;16;10;5;1;25;1510123587;25;255;1510123594;1
32;16;10;5;1;25;1510123632;25;255;1510123639;1
32;16;10;5;1;25;1510124341;25;255;1510124348;1
32;16;10;5;1;25;1510124517;25;255;1510124524;0
32;16;10;5;1;25;1510124528;25;255;1510124535;1
32;16;10;5;1;25;1510124572;25;255;1510124579;1
32;16;10;5;1;25;1510125280;25;255;1510125287;1
32;16;10;5;1;25;1510125456;25;255;1510125464;1
32;16;10;5;1;25;1510125468;25;255;1510125475;1
32;16;10;5;1;25;1510125512;25;255;1510125519;1
32;16;10;5;1;25;1510126219;25;255;1510126226;1
32;16;10;5;1;25;1510126397;25;255;1510126404;1
32;16;10;5;1;25;1510126408;25;255;1510126415;1
32;16;10;5;1;25;1510126452;25;255;1510126460;0
32;16;10;5;1;25;1510127159;25;255;1510127166;0
32;16;10;5;1;25;1510127336;25;255;1510127343;0
32;16;10;5;1;25;1510127346;25;255;1510127353;0
32;16;10;5;1;25;1510127395;25;255;1510127402;1
32;16;10;5;1;25;1510128098;25;255;1510128105;1
32;16;10;5;1;25;1510128276;25;255;1510128284;1
32;16;10;5;1;25;1510128285;25;255;1510128292;1
32;16;10;5;1;25;1510128335;25;255;1510128342;1
32;16;10;5;1;25;1510129037;25;255;1510129044;1
32;16;10;5;1;25;1510129216;25;255;1510129224;0
32;16;10;5;1;25;1510129226;25;255;1510129233;0
32;16;10;5;1;25;1510129273;25;255;1510129280;0
32;16;10;5;1;25;1510129989;25;255;1510129997;0
32;16;10;5;1;25;1510130197;25;255;1510130205;0
32;16;10;5;1;25;1510130203;25;255;1510130210;1
32;16;10;5;1;25;1510130250;25;255;1510130258;1
32;16;10;5;1;25;1510130999;25;255;1510131007;1
32;16;10;5;1;25;1510131201;25;255;1510131209;1
32;16;10;5;1;25;1510131203;25;255;1510131211;1
32;16;10;5;1;25;1510131251;25;255;1510131258;1
32;16;10;5;1;25;1510131991;25;255;1510131998;1
32;16;10;5;1;25;1510132173;25;255;1510132181;0
32;16;10;5;1;25;1510132191;25;255;1510132199;1
32;16;10;5;1;25;1510132230;25;255;1510132237;1
32;16;10;5;1;25;1510132973;25;255;1510132981;1
32;16;10;5;1;25;1510133152;25;255;1510133160;1
32;16;10;5;1;25;1510133171;25;255;1510133178;0
32;16;10;5;1;25;1510133215;25;255;1510133223;1
32;16;10;5;1;25;1510133991;25;255;1510133999;1
32;16;10;5;1;25;1510134156;25;255;1510134163;0
32;16;10;5;1;25;1510134187;25;255;1510134196;0
32;16;10;5;1;25;1510134233;25;255;1510134241;1
32;16;10;5;1;25;1510134990;25;255;1510134997;0
32;16;10;5;1;25;1510135155;25;255;1510135163;0
32;16;10;5;1;25;1510135191;25;255;1510135199;0
32;16;10;5;1;25;1510135225;25;255;1510135233;0
32;16;10;5;1;25;1510135981;25;255;1510135989;1
32;16;10;5;1;25;1510136149;25;255;1510136157;0
32;16;10;5;1;25;1510136191;25;255;1510136198;0
32;16;10;5;1;25;1510136213;25;255;1510136221;1
32;16;10;5;1;25;1510136981;25;255;1510136989;1
32;16;10;5;1;25;1510137165;25;255;1510137173;1
32;16;10;5;1;25;1510137184;25;255;1510137192;1
32;16;10;5;1;25;1510137228;25;255;1510137235;0
32;16;10;5;1;25;1510137968;25;255;1510137976;0
32;16;10;5;1;25;1510138165;25;255;1510138173;1
32;16;10;5;1;25;1510138172;25;255;1510138179;1
32;16;10;5;1;25;1510138218;25;255;1510138226;0
32;16;10;5;1;25;1510138988;25;255;1510138995;0
32;16;10;5;1;25;1510139163;25;255;1510139171;1
32;16;10;5;1;25;1510139188;25;255;1510139196;1
32;16;10;5;1;25;1510139224;25;255;1510139232;1
32;16;10;5;1;25;1510139962;25;255;1510139969;0
32;16;10;5;1;25;1510140123;25;255;1510140130;1
32;16;10;5;1;25;1510140202;25;255;1510140210;1
32;16;10;5;1;25;1510140212;25;255;1510140219;0
32;16;10;5;1;25;1510140966;25;255;1510140973;0
32;16;10;5;1;25;1510141106;25;255;1510141113;1
32;16;10;5;1;25;1510141174;25;255;1510141182;1
32;16;10;5;1;25;1510141178;25;255;1510141186;1
32;16;10;5;1;25;1510141935;25;255;1510141942;1
32;16;10;5;1;25;1510142104;25;255;1510142111;0
32;16;10;5;1;25;1510142144;25;255;1510142153;0
32;16;10;5;1;25;1510142202;25;255;1510142211;0
32;16;10;5;1;25;1510142969;25;255;1510142977;1
32;16;10;5;1;25;1510143155;25;255;1510143163;1
32;16;10;5;1;25;1510143189;25;255;1510143197;1
32;16;10;5;1;25;1510143260;25;255;1510143267;1
32;16;10;5;1;25;1510143971;25;255;1510143978;1
32;16;10;5;1;25;1510144148;25;255;1510144155;1
32;16;10;5;1;25;1510144180;25;255;1510144188;0
32;16;10;5;1;25;1510144253;25;255;1510144261;0
32;16;10;5;1;25;1510144927;25;255;1510144934;1
32;16;10;5;1;25;1510145095;25;255;1510145102;0
32;16;10;5;1;25;1510145124;25;255;1510145132;1
32;16;10;5;1;25;1510145202;25;255;1510145209;1
32;16;10;5;1;25;1510145866;25;255;1510145874;1
32;16;10;5;1;25;1510146036;25;255;1510146043;1
32;16;10;5;1;25;1510146069;25;255;1510146076;1
32;16;10;5;1;25;1510146142;25;255;1510146149;1
32;16;10;5;1;25;1510146812;25;255;1510146819;0
32;16;10;5;1;25;1510146984;25;255;1510146992;1
32;16;10;5;1;25;1510147017;25;255;1510147025;1
32;16;10;5;1;25;1510147090;25;255;1510147097;1
32;16;10;5;1;25;1510147786;25;255;1510147794;1
32;16;10;5;1;25;1510147963;25;255;1510147972;1
32;16;10;5;1;25;1510147991;25;255;1510147999;1
32;16;10;5;1;25;1510148070;25;255;1510148078;1
32;16;10;5;1;25;1510148763;25;255;1510148771;1
32;16;10;5;1;25;1510148938;25;255;1510148946;0
32;16;10;5;1;25;1510148957;25;255;1510148965;1
32;16;10;5;1;25;1510149036;25;255;1510149043;0
32;16;10;5;1;25;1510149715;25;255;1510149723;1
32;16;10;5;1;25;1510149890;25;255;1510149897;0
32;16;10;5;1;25;1510149901;25;255;1510149908;0
32;16;10;5;1;25;1510149980;25;255;1510149987;0
32;16;10;5;1;25;1510150667;25;255;1510150675;0
32;16;10;5;1;25;1510150845;25;255;1510150853;0
32;16;10;5;1;25;1510150855;25;255;1510150863;1
32;16;10;5;1;25;1510150938;25;255;1510150946;1
32;16;10;5;1;25;1510151627;25;255;1510151635;1
32;16;10;5;1;25;1510151812;25;255;1510151819;1
32;16;10;5;1;25;1510151823;25;255;1510151832;0
32;16;10;5;1;25;1510151916;25;255;1510151924;0
32;16;10;5;1;25;1510152625;25;255;1510152633;0
32;16;10;5;1;25;1510152797;25;255;1510152804;1
32;16;10;5;1;25;1510152823;25;255;1510152831;0
32;16;10;5;1;25;1510152898;25;255;1510152905;1
32;16;10;5;1;25;1510153595;25;255;1510153602;1
32;16;10;5;1;25;1510153769;25;255;1510153777;1
32;16;10;5;1;25;1510153794;25;255;1510153801;0
32;16;10;5;1;25;1510153866;25;255;1510153873;1
32;16;10;5;1;25;1510154563;25;255;1510154571;1
32;16;10;5;1;25;1510154738;25;255;1510154746;0
32;16;10;5;1;25;1510154764;25;255;1510154771;1
32;16;10;5;1;25;1510154832;25;255;1510154839;1
32;16;10;5;1;25;1510155519;25;255;1510155527;0
32;16;10;5;1;25;1510155690;25;255;1510155698;0
32;16;10;5;1;25;1510155720;25;255;1510155728;1
32;16;10;5;1;25;1510155792;25;255;1510155800;1
32;16;10;5;1;25;1510156505;25;255;1510156513;1
32;16;10;5;1;25;1510156676;25;255;1510156684;0
32;16;10;5;1;25;1510156705;25;255;1510156713;1
32;16;10;5;1;25;1510156780;25;255;1510156787;0
32;16;10;5;1;25;1510157493;25;255;1510157500;0
32;16;10;5;1;25;1510157679;25;255;1510157686;1
32;16;10;5;1;25;1510157705;25;255;1510157712;1
32;16;10;5;1;25;1510157775;25;255;1510157784;0
32;16;10;5;1;25;1510158463;25;255;1510158470;0
32;16;10;5;1;25;1510158642;25;255;1510158649;0
32;16;10;5;1;25;1510158675;25;255;1510158683;0
32;16;10;5;1;25;1510158738;25;255;1510158745;1
32;16;10;5;1;25;1510159418;25;255;1510159426;0
32;16;10;5;1;25;1510159600;25;255;1510159608;0
32;16;10;5;1;25;1510159629;25;255;1510159637;1
32;16;10;5;1;25;1510159696;25;255;1510159704;0
32;16;10;5;1;25;1510160400;25;255;1510160407;0
32;16;10;5;1;25;1510160575;25;255;1510160582;0
32;16;10;5;1;25;1510160605;25;255;1510160612;1
32;16;10;5;1;25;1510160675;25;255;1510160682;1
32;16;10;5;1;25;1510161376;25;255;1510161383;1
32;16;10;5;1;25;1510161551;25;255;1510161559;1
32;16;10;5;1;25;1510161587;25;255;1510161595;1
32;16;10;5;1;25;1510161647;25;255;1510161654;1
32;16;10;5;1;25;1510162341;25;255;1510162349;1
32;16;10;5;1;25;1510162511;25;255;1510162519;1
32;16;10;5;1;25;1510162554;25;255;1510162561;0
32;16;10;5;1;25;1510162611;25;255;1510162619;1
32;16;10;5;1;25;1510163293;25;255;1510163301;1
32;16;10;5;1;25;1510163475;25;255;1510163482;0
32;16;10;5;1;25;1510163536;25;255;1510163543;0
32;16;10;5;1;25;1510163562;25;255;1510163570;1
32;16;10;5;1;25;1510164234;25;255;1510164242;0
32;16;10;5;1;25;1510164418;25;255;1510164425;1
32;16;10;5;1;25;1510164478;25;255;1510164486;0
32;16;10;5;1;25;1510164508;25;255;1510164515;1
32;16;10;5;1;25;1510165177;25;255;1510165184;1
32;16;10;5;1;25;1510165360;25;255;1510165367;0
32;16;10;5;1;25;1510165420;25;255;1510165428;1
32;16;10;5;1;25;1510165451;25;255;1510165459;1
32;16;10;5;1;25;1510166121;25;255;1510166128;1
32;16;10;5;1;25;1510166302;25;255;1510166310;1
32;16;10;5;1;25;1510166364;25;255;1510166371;1
32;16;10;5;1;25;1510166393;25;255;1510166401;0
32;16;10;5;1;25;1510167063;25;255;1510167071;1
32;16;10;5;1;25;1510167245;25;255;1510167252;0
32;16;10;5;1;25;1510167306;25;255;1510167313;1
32;16;10;5;1;25;1510167337;25;255;1510167345;0
32;16;10;5;1;25;1510168007;25;255;1510168014;0
32;16;10;5;1;25;1510168186;25;255;1510168193;1
32;16;10;5;1;25;1510168249;25;255;1510168256;1
32;16;10;5;1;25;1510168283;25;255;1510168290;1
32;16;10;5;1;25;1510168947;25;255;1510168954;1
32;16;10;5;1;25;1510169128;25;255;1510169135;0
32;16;10;5;1;25;1510169191;25;255;1510169198;0
32;16;10;5;1;25;1510169223;25;255;1510169231;0
32;16;10;5;1;25;1510169891;25;255;1510169898;1
32;16;10;5;1;25;1510170072;25;255;1510170079;1
32;16;10;5;1;25;1510170135;25;255;1510170142;1
32;16;10;5;1;25;1510170165;25;255;1510170172;1
32;16;10;5;1;25;1510170833;25;255;1510170841;1
32;16;10;5;1;25;1510171013;25;255;1510171020;0
32;16;10;5;1;25;1510171078;25;255;1510171086;1
32;16;10;5;1;25;1510171107;25;255;1510171114;1
32;16;10;5;1;25;1510171774;25;255;1510171781;0
32;16;10;5;1;25;1510171956;25;255;1510171964;0
32;16;10;5;1;25;1510172022;25;255;1510172029;0
32;16;10;5;1;25;1510172051;25;255;1510172058;0
32;16;10;5;1;25;1510172717;25;255;1510172724;1
32;16;10;5;1;25;1510172897;25;255;1510172904;1
32;16;10;5;1;25;1510172963;25;255;1510172970;0
32;16;10;5;1;25;1510172994;25;255;1510173002;1
32;16;10;5;1;25;1510173660;25;255;1510173668;0
32;16;10;5;1;25;1510173838;25;255;1510173845;1
32;16;10;5;1;25;1510173908;25;255;1510173915;0
32;16;10;5;1;25;1510173936;25;255;1510173944;1
32;16;10;5;1;25;1510174605;25;255;1510174612;1
32;16;10;5;1;25;1510174781;25;255;1510174789;0
32;16;10;5;1;25;1510174850;25;255;1510174858;0
32;16;10;5;1;25;1510174877;25;255;1510174885;1
32;16;10;5;1;25;1510175548;25;255;1510175555;1
32;16;10;5;1;25;1510175722;25;255;1510175729;1
32;16;10;5;1;25;1510175793;25;255;1510175800;0
32;16;10;5;1;25;1510175818;25;255;1510175826;0
32;16;10;5;1;25;1510176493;25;255;1510176500;0
32;16;10;5;1;25;1510176663;25;255;1510176671;1
32;16;10;5;1;25;1510176734;25;255;1510176741;1
32;16;10;5;1;25;1510176760;25;255;1510176767;1
32;16;10;5;1;25;1510177435;25;255;1510177442;0
32;16;10;5;1;25;1510177606;25;255;1510177614;0
32;16;10;5;1;25;1510177677;25;255;1510177685;1
32;16;10;5;1;25;1510177700;25;255;1510177708;0
32;16;10;5;1;25;1510178378;25;255;1510178385;1
32;16;10;5;1;25;1510178550;25;255;1510178557;1
32;16;10;5;1;25;1510178619;25;255;1510178626;0
32;16;10;5;1;25;1510178642;25;255;1510178650;0
32;16;10;5;1;25;1510179321;25;255;1510179328;1
32;16;10;5;1;25;1510179494;25;255;1510179501;1
32;16;10;5;1;25;1510179559;25;255;1510179566;1
32;16;10;5;1;25;1510179583;25;255;1510179591;1
32;16;10;5;1;25;1510180264;25;255;1510180271;0
32;16;10;5;1;25;1510180436;25;255;1510180443;1
32;16;10;5;1;25;1510180500;25;255;1510180507;1
32;16;10;5;1;25;1510180526;25;255;1510180534;1
32;16;10;5;1;25;1510181207;25;255;1510181216;0
32;16;10;5;1;25;1510181378;25;255;1510181385;1
32;16;10;5;1;25;1510181442;25;255;1510181449;1
32;16;10;5;1;25;1510181470;25;255;1510181477;0
32;16;10;5;1;25;1510182152;25;255;1510182159;1
32;16;10;5;1;25;1510182321;25;255;1510182328;1
32;16;10;5;1;25;1510182385;25;255;1510182392;0
32;16;10;5;1;25;1510182412;25;255;1510182419;1
32;16;10;5;1;25;1510183096;25;255;1510183103;1
32;16;10;5;1;25;1510183262;25;255;1510183269;0
32;16;10;5;1;25;1510183327;25;255;1510183334;1
32;16;10;5;1;25;1510183353;25;255;1510183360;1
32;16;10;5;1;25;1510184038;25;255;1510184045;1
32;16;10;5;1;25;1510184205;25;255;1510184212;0
32;16;10;5;1;25;1510184268;25;255;1510184276;1
32;16;10;5;1;25;1510184294;25;255;1510184302;1
32;16;10;5;1;25;1510184982;25;255;1510184989;1
32;16;10;5;1;25;1510185148;25;255;1510185155;0
32;16;10;5;1;25;1510185212;25;255;1510185220;0
32;16;10;5;1;25;1510185235;25;255;1510185242;1
32;16;10;5;1;25;1510185924;25;255;1510185931;0
32;16;10;5;1;25;1510186092;25;255;1510186099;1
32;16;10;5;1;25;1510186155;25;255;1510186162;1
32;16;10;5;1;25;1510186178;25;255;1510186185;0
32;16;10;5;1;25;1510186866;25;255;1510186873;0
32;16;10;5;1;25;1510187035;25;255;1510187042;1
32;16;10;5;1;25;1510187094;25;255;1510187102;0
32;16;10;5;1;25;1510187118;25;255;1510187125;1
32;16;10;5;1;25;1510187809;25;255;1510187816;0
32;16;10;5;1;25;1510187978;25;255;1510187985;1
32;16;10;5;1;25;1510188037;25;255;1510188044;1
32;16;10;5;1;25;1510188061;25;255;1510188068;1
32;16;10;5;1;25;1510188750;25;255;1510188757;1
32;16;10;5;1;25;1510188920;25;255;1510188928;1
32;16;10;5;1;25;1510188978;25;255;1510188985;0
32;16;10;5;1;25;1510189004;25;255;1510189012;0
32;16;10;5;1;25;1510189690;25;255;1510189697;1
32;16;10;5;1;25;1510189864;25;255;1510189871;1
32;16;10;5;1;25;1510189919;25;255;1510189926;0
32;16;10;5;1;25;1510189948;25;255;1510189956;0
32;16;10;5;1;25;1510190630;25;255;1510190637;1
32;16;10;5;1;25;1510190805;25;255;1510190812;1
32;16;10;5;1;25;1510190858;25;255;1510190865;1
32;16;10;5;1;25;1510190892;25;255;1510190899;1
32;16;10;5;1;25;1510191572;25;255;1510191579;1
32;16;10;5;1;25;1510191749;25;255;1510191757;1
32;16;10;5;1;25;1510191799;25;255;1510191807;1
32;16;10;5;1;25;1510191835;25;255;1510191842;1
32;16;10;5;1;25;1510192516;25;255;1510192523;1
32;16;10;5;1;25;1510192692;25;255;1510192699;0
32;16;10;5;1;25;1510192740;25;255;1510192747;0
32;16;10;5;1;25;1510192778;25;255;1510192786;0
32;16;10;5;1;25;1510193456;25;255;1510193464;0
32;16;10;5;1;25;1510193633;25;255;1510193640;0
32;16;10;5;1;25;1510193683;25;255;1510193690;0
32;16;10;5;1;25;1510193722;25;255;1510193729;0
32;16;10;5;1;25;1510194396;25;255;1510194403;1
32;16;10;5;1;25;1510194574;25;255;1510194582;1
32;16;10;5;1;25;1510194624;25;255;1510194632;1
32;16;10;5;1;25;1510194664;25;255;1510194671;1
32;16;10;5;1;25;1510195339;25;255;1510195347;1
32;16;10;5;1;25;1510195519;25;255;1510195526;1
32;16;10;5;1;25;1510195567;25;255;1510195574;0
32;16;10;5;1;25;1510195606;25;255;1510195613;0
32;16;10;5;1;25;1510196282;25;255;1510196289;1
32;16;10;5;1;25;1510196463;25;255;1510196471;0
32;16;10;5;1;25;1510196510;25;255;1510196517;1
32;16;10;5;1;25;1510196545;25;255;1510196553;0
32;16;10;5;1;25;1510197226;25;255;1510197234;0
32;16;10;5;1;25;1510197404;25;255;1510197411;1
32;16;10;5;1;25;1510197453;25;255;1510197460;0
32;16;10;5;1;25;1510197486;25;255;1510197494;0
32;16;10;5;1;25;1510198167;25;255;1510198174;0
32;16;10;5;1;25;1510198346;25;255;1510198353;1
32;16;10;5;1;25;1510198397;25;255;1510198405;0
32;16;10;5;1;25;1510198428;25;255;1510198435;1
32;16;10;5;1;25;1510199108;25;255;1510199115;0
32;16;10;5;1;25;1510199286;25;255;1510199293;0
32;16;10;5;1;25;1510199343;25;255;1510199351;0
32;16;10;5;1;25;1510199369;25;255;1510199377;0
32;16;10;5;1;25;1510200050;25;255;1510200057;0
32;16;10;5;1;25;1510200228;25;255;1510200235;1
32;16;10;5;1;25;1510200289;25;255;1510200296;0
32;16;10;5;1;25;1510200310;25;255;1510200317;1
32;16;10;5;1;25;1510200991;25;255;1510200999;1
32;16;10;5;1;25;1510201168;25;255;1510201175;0
32;16;10;5;1;25;1510201233;25;255;1510201240;1
32;16;10;5;1;25;1510201249;25;255;1510201257;0
32;16;10;5;1;25;1510201933;25;255;1510201941;1
32;16;10;5;1;25;1510202110;25;255;1510202118;1
32;16;10;5;1;25;1510202177;25;255;1510202184;1
32;16;10;5;1;25;1510202192;25;255;1510202200;1
32;16;10;5;1;25;1510202875;25;255;1510202883;1
32;16;10;5;1;25;1510203055;25;255;1510203062;1
32;16;10;5;1;25;1510203117;25;255;1510203124;0
32;16;10;5;1;25;1510203135;25;255;1510203142;1
32;16;10;5;1;25;1510203816;25;255;1510203823;1
32;16;10;5;1;25;1510203998;25;255;1510204005;1
32;16;10;5;1;25;1510204059;25;255;1510204067;0
32;16;10;5;1;25;1510204081;25;255;1510204088;1
32;16;10;5;1;25;1510204756;25;255;1510204763;0
32;16;10;5;1;25;1510204938;25;255;1510204945;0
32;16;10;5;1;25;1510205001;25;255;1510205008;1
32;16;10;5;1;25;1510205024;25;255;1510205031;1
32;16;10;5;1;25;1510205700;25;255;1510205708;0
32;16;10;5;1;25;1510205880;25;255;1510205887;1
32;16;10;5;1;25;1510205946;25;255;1510205954;1
32;16;10;5;1;25;1510205967;25;255;1510205974;0
32;16;10;5;1;25;1510206642;25;255;1510206650;1
32;16;10;5;1;25;1510206822;25;255;1510206829;0
32;16;10;5;1;25;1510206888;25;255;1510206895;0
32;16;10;5;1;25;1510206910;25;255;1510206918;0
32;16;10;5;1;25;1510207585;25;255;1510207593;0
32;16;10;5;1;25;1510207765;25;255;1510207772;1
32;16;10;5;1;25;1510207831;25;255;1510207839;0
32;16;10;5;1;25;1510207852;25;255;1510207859;1
32;16;10;5;1;25;1510208525;25;255;1510208532;1
32;16;10;5;1;25;1510208707;25;255;1510208715;1
32;16;10;5;1;25;1510208773;25;255;1510208780;1
32;16;10;5;1;25;1510208793;25;255;1510208800;1
32;16;10;5;1;25;1510209467;25;255;1510209474;1
32;16;10;5;1;25;1510209650;25;255;1510209657;0
32;16;10;5;1;25;1510209716;25;255;1510209723;1
32;16;10;5;1;25;1510209736;25;255;1510209743;0
32;16;10;5;1;25;1510210411;25;255;1510210418;0
32;16;10;5;1;25;1510210590;25;255;1510210598;1
32;16;10;5;1;25;1510210658;25;255;1510210665;0
32;16;10;5;1;25;1510210679;25;255;1510210687;0
32;16;10;5;1;25;1510211353;25;255;1510211361;0
32;16;10;5;1;25;1510211532;25;255;1510211539;0
32;16;10;5;1;25;1510211599;25;255;1510211607;1
32;16;10;5;1;25;1510211621;25;255;1510211628;0
32;16;10;5;1;25;1510212295;25;255;1510212303;1
32;16;10;5;1;25;1510212474;25;255;1510212482;1
32;16;10;5;1;25;1510212539;25;255;1510212547;0
32;16;10;5;1;25;1510212563;25;255;1510212570;0
32;16;10;5;1;25;1510213238;25;255;1510213245;1
32;16;10;5;1;25;1510213417;25;255;1510213424;1
32;16;10;5;1;25;1510213484;25;255;1510213491;1
32;16;10;5;1;25;1510213505;25;255;1510213513;0
32;16;10;5;1;25;1510214180;25;255;1510214187;1
32;16;10;5;1;25;1510214359;25;255;1510214367;1
32;16;10;5;1;25;1510214425;25;255;1510214432;1
32;16;10;5;1;25;1510214450;25;255;1510214457;1
32;16;10;5;1;25;1510215123;25;255;1510215131;1
32;16;10;5;1;25;1510215300;25;255;1510215307;1
32;16;10;5;1;25;1510215366;25;255;1510215374;1
32;16;10;5;1;25;1510215393;25;255;1510215400;0
32;16;10;5;1;25;1510216064;25;255;1510216071;0
32;16;10;5;1;25;1510216240;25;255;1510216248;1
32;16;10;5;1;25;1510216308;25;255;1510216315;0
32;16;10;5;1;25;1510216336;25;255;1510216343;1
32;16;10;5;1;25;1510217007;25;255;1510217015;1
32;16;10;5;1;25;1510217183;25;255;1510217190;1
32;16;10;5;1;25;1510217250;25;255;1510217257;1
32;16;10;5;1;25;1510217279;25;255;1510217286;1
32;16;10;5;1;25;1510217950;25;255;1510217957;1
32;16;10;5;1;25;1510218126;25;255;1510218133;0
32;16;10;5;1;25;1510218192;25;255;1510218199;1
32;16;10;5;1;25;1510218222;25;255;1510218230;1
32;16;10;5;1;25;1510218893;25;255;1510218901;0
32;16;10;5;1;25;1510219084;25;255;1510219092;0
32;16;10;5;1;25;1510219142;25;255;1510219149;1
32;16;10;5;1;25;1510219175;25;255;1510219182;1
32;16;10;5;1;25;1510219889;25;255;1510219897;0
32;16;10;5;1;25;1510220085;25;255;1510220092;1
32;16;10;5;1;25;1510220145;25;255;1510220153;0
32;16;10;5;1;25;1510220180;25;255;1510220188;1
32;16;10;5;1;25;1510220912;25;255;1510220920;1
32;16;10;5;1;25;1510221096;25;255;1510221104;0
32;16;10;5;1;25;1510221141;25;255;1510221149;1
32;16;10;5;1;25;1510221180;25;255;1510221188;1
32;16;10;5;1;25;1510221885;25;255;1510221892;1
32;16;10;5;1;25;1510222075;25;255;1510222083;1
32;16;10;5;1;25;1510222132;25;255;1510222140;0
32;16;10;5;1;25;1510222198;25;255;1510222206;0
32;16;10;5;1;25;1510222892;25;255;1510222900;0
32;16;10;5;1;25;1510223091;25;255;1510223100;0
32;16;10;5;1;25;1510223145;25;255;1510223153;1
32;16;10;5;1;25;1510223213;25;255;1510223220;1
32;16;10;5;1;25;1510223917;25;255;1510223924;0
32;16;10;5;1;25;1510224107;25;255;1510224115;1
32;16;10;5;1;25;1510224168;25;255;1510224176;1
32;16;10;5;1;25;1510224221;25;255;1510224228;1
32;16;10;5;1;25;1510224922;25;255;1510224930;1
32;16;10;5;1;25;1510225112;25;255;1510225120;1
32;16;10;5;1;25;1510225161;25;255;1510225170;0
32;16;10;5;1;25;1510225217;25;255;1510225225;0
32;16;10;5;1;25;1510225915;25;255;1510225923;1
32;16;10;5;1;25;1510226109;25;255;1510226118;1
32;16;10;5;1;25;1510226167;25;255;1510226175;1
32;16;10;5;1;25;1510226216;25;255;1510226224;0
32;16;10;5;1;25;1510226932;25;255;1510226940;0
32;16;10;5;1;25;1510227112;25;255;1510227120;1
32;16;10;5;1;25;1510227163;25;255;1510227173;1
32;16;10;5;1;25;1510227229;25;255;1510227237;1
32;16;10;5;1;25;1510252907;25;255;1510252914;1
32;16;10;5;1;25;1510252909;25;255;1510252917;1
32;16;10;5;1;25;1510252915;25;255;1510252922;1
32;16;10;5;1;25;1510252915;25;255;1510252923;1
32;16;10;5;1;25;1510253874;25;255;1510253881;0
32;16;10;5;1;25;1510253876;25;255;1510253884;0
32;16;10;5;1;25;1510253879;25;255;1510253886;0
32;16;10;5;1;25;1510253896;25;255;1510253904;0
32;16;10;5;1;25;1510254808;25;255;1510254815;0
32;16;10;5;1;25;1510254809;25;255;1510254816;0
32;16;10;5;1;25;1510254810;25;255;1510254817;1
32;16;10;5;1;25;1510254831;25;255;1510254839;0
32;16;10;5;1;25;1510255740;25;255;1510255748;1
32;16;10;5;1;25;1510255741;25;255;1510255748;0
32;16;10;5;1;25;1510255744;25;255;1510255751;1
32;16;10;5;1;25;1510255766;25;255;1510255773;1
32;16;10;5;1;25;1510256671;25;255;1510256678;1
32;16;10;5;1;25;1510256673;25;255;1510256680;0
32;16;10;5;1;25;1510256680;25;255;1510256687;0
32;16;10;5;1;25;1510256700;25;255;1510256707;1
32;16;10;5;1;25;1510257602;25;255;1510257609;0
32;16;10;5;1;25;1510257604;25;255;1510257612;0
32;16;10;5;1;25;1510257615;25;255;1510257622;1
32;16;10;5;1;25;1510257636;25;255;1510257643;0
32;16;10;5;1;25;1510258533;25;255;1510258540;0
32;16;10;5;1;25;1510258536;25;255;1510258544;1
32;16;10;5;1;25;1510258551;25;255;1510258558;0
32;16;10;5;1;25;1510258570;25;255;1510258578;0
32;16;10;5;1;25;1510259464;25;255;1510259471;1
32;16;10;5;1;25;1510259468;25;255;1510259476;1
32;16;10;5;1;25;1510259486;25;255;1510259493;1
32;16;10;5;1;25;1510259505;25;255;1510259513;1
32;16;10;5;1;25;1510260394;25;255;1510260402;0
32;16;10;5;1;25;1510260401;25;255;1510260408;0
32;16;10;5;1;25;1510260422;25;255;1510260429;0
32;16;10;5;1;25;1510260440;25;255;1510260447;1
32;16;10;5;1;25;1510261327;25;255;1510261334;1
32;16;10;5;1;25;1510261333;25;255;1510261340;1
32;16;10;5;1;25;1510261358;25;255;1510261365;0
32;16;10;5;1;25;1510261377;25;255;1510261384;1
32;16;10;5;1;25;1510262257;25;255;1510262265;0
32;16;10;5;1;25;1510262264;25;255;1510262272;1
32;16;10;5;1;25;1510262293;25;255;1510262300;1
32;16;10;5;1;25;1510262312;25;255;1510262319;0
32;16;10;5;1;25;1510263189;25;255;1510263196;1
32;16;10;5;1;25;1510263196;25;255;1510263203;0
32;16;10;5;1;25;1510263228;25;255;1510263235;0
32;16;10;5;1;25;1510263247;25;255;1510263254;0
32;16;10;5;1;25;1510264119;25;255;1510264127;0
32;16;10;5;1;25;1510264128;25;255;1510264135;0
32;16;10;5;1;25;1510264165;25;255;1510264172;1
32;16;10;5;1;25;1510264182;25;255;1510264189;0
32;16;10;5;1;25;1510265052;25;255;1510265059;0
32;16;10;5;1;25;1510265059;25;255;1510265066;1
32;16;10;5;1;25;1510265101;25;255;1510265108;1
32;16;10;5;1;25;1510265117;25;255;1510265124;1
32;16;10;5;1;25;1510265982;25;255;1510265989;1
32;16;10;5;1;25;1510265990;25;255;1510265997;0
32;16;10;5;1;25;1510266037;25;255;1510266044;1
32;16;10;5;1;25;1510266053;25;255;1510266060;0
32;16;10;5;1;25;1510266913;25;255;1510266920;1
32;16;10;5;1;25;1510266922;25;255;1510266929;1
32;16;10;5;1;25;1510266973;25;255;1510266980;1
32;16;10;5;1;25;1510266987;25;255;1510266995;1
32;16;10;5;1;25;1510267844;25;255;1510267851;1
32;16;10;5;1;25;1510267853;25;255;1510267861;1
32;16;10;5;1;25;1510267911;25;255;1510267918;1
32;16;10;5;1;25;1510267922;25;255;1510267929;0
32;16;10;5;1;25;1510268774;25;255;1510268782;0
32;16;10;5;1;25;1510268785;25;255;1510268792;1
32;16;10;5;1;25;1510268848;25;255;1510268855;1
32;16;10;5;1;25;1510268857;25;255;1510268864;0
32;16;10;5;1;25;1510269706;25;255;1510269714;1
32;16;10;5;1;25;1510269717;25;255;1510269724;0
32;16;10;5;1;25;1510269784;25;255;1510269792;1
32;16;10;5;1;25;1510269793;25;255;1510269800;1
32;16;10;5;1;25;1510270637;25;255;1510270645;0
32;16;10;5;1;25;1510270650;25;255;1510270657;1
32;16;10;5;1;25;1510270722;25;255;1510270730;0
32;16;10;5;1;25;1510270728;25;255;1510270736;1
32;16;10;5;1;25;1510271568;25;255;1510271575;0
32;16;10;5;1;25;1510271583;25;255;1510271591;1
32;16;10;5;1;25;1510271657;25;255;1510271665;0
32;16;10;5;1;25;1510271664;25;255;1510271671;0
32;16;10;5;1;25;1510272501;25;255;1510272508;1
32;16;10;5;1;25;1510272520;25;255;1510272527;1
32;16;10;5;1;25;1510272589;25;255;1510272596;0
32;16;10;5;1;25;1510272599;25;255;1510272607;1
32;16;10;5;1;25;1510273431;25;255;1510273439;0
32;16;10;5;1;25;1510273457;25;255;1510273464;1
32;16;10;5;1;25;1510273520;25;255;1510273528;0
32;16;10;5;1;25;1510273537;25;255;1510273544;1
32;16;10;5;1;25;1510274362;25;255;1510274369;1
32;16;10;5;1;25;1510274393;25;255;1510274400;1
32;16;10;5;1;25;1510274452;25;255;1510274459;1
32;16;10;5;1;25;1510274472;25;255;1510274479;1
32;16;10;5;1;25;1510275293;25;255;1510275300;1
32;16;10;5;1;25;1510275330;25;255;1510275337;1
32;16;10;5;1;25;1510275384;25;255;1510275391;1
32;16;10;5;1;25;1510275407;25;255;1510275415;0
32;16;10;5;1;25;1510276224;25;255;1510276231;0
32;16;10;5;1;25;1510276266;25;255;1510276274;0
32;16;10;5;1;25;1510276320;25;255;1510276327;0
32;16;10;5;1;25;1510276339;25;255;1510276346;1
32;16;10;5;1;25;1510277156;25;255;1510277163;0
32;16;10;5;1;25;1510277203;25;255;1510277211;1
32;16;10;5;1;25;1510277256;25;255;1510277264;0
32;16;10;5;1;25;1510277270;25;255;1510277277;1
32;16;10;5;1;25;1510278088;25;255;1510278095;0
32;16;10;5;1;25;1510278139;25;255;1510278147;1
32;16;10;5;1;25;1510278192;25;255;1510278200;1
32;16;10;5;1;25;1510278202;25;255;1510278209;0
32;16;10;5;1;25;1510279019;25;255;1510279026;1
32;16;10;5;1;25;1510279077;25;255;1510279084;1
32;16;10;5;1;25;1510279128;25;255;1510279135;1
32;16;10;5;1;25;1510279133;25;255;1510279140;1
32;16;10;5;1;25;1510279950;25;255;1510279957;1
32;16;10;5;1;25;1510280013;25;255;1510280021;1
32;16;10;5;1;25;1510280064;25;255;1510280071;0
32;16;10;5;1;25;1510280065;25;255;1510280072;1
32;16;10;5;1;25;1510280880;25;255;1510280887;1
32;16;10;5;1;25;1510280951;25;255;1510280958;0
32;16;10;5;1;25;1510280996;25;255;1510281003;1
32;16;10;5;1;25;1510281000;25;255;1510281007;0
32;16;10;5;1;25;1510281811;25;255;1510281818;1
32;16;10;5;1;25;1510281890;25;255;1510281897;1
32;16;10;5;1;25;1510281927;25;255;1510281935;1
32;16;10;5;1;25;1510281935;25;255;1510281942;1
32;16;10;5;1;25;1510282742;25;255;1510282749;1
32;16;10;5;1;25;1510282829;25;255;1510282836;0
32;16;10;5;1;25;1510282859;25;255;1510282866;1
32;16;10;5;1;25;1510282871;25;255;1510282878;0
32;16;10;5;1;25;1510283673;25;255;1510283680;1
32;16;10;5;1;25;1510283766;25;255;1510283773;0
32;16;10;5;1;25;1510283790;25;255;1510283798;1
32;16;10;5;1;25;1510283806;25;255;1510283814;0
32;16;10;5;1;25;1510284603;25;255;1510284611;0
32;16;10;5;1;25;1510284704;25;255;1510284711;1
32;16;10;5;1;25;1510284722;25;255;1510284729;1
32;16;10;5;1;25;1510284741;25;255;1510284749;0
32;16;10;5;1;25;1510285534;25;255;1510285541;1
32;16;10;5;1;25;1510285641;25;255;1510285649;1
32;16;10;5;1;25;1510285657;25;255;1510285664;1
32;16;10;5;1;25;1510285673;25;255;1510285680;1
32;16;10;5;1;25;1510286465;25;255;1510286473;0
32;16;10;5;1;25;1510286579;25;255;1510286586;0
32;16;10;5;1;25;1510286593;25;255;1510286600;1
32;16;10;5;1;25;1510286605;25;255;1510286612;1
32;16;10;5;1;25;1510287396;25;255;1510287404;1
32;16;10;5;1;25;1510287516;25;255;1510287523;1
32;16;10;5;1;25;1510287530;25;255;1510287537;1
32;16;10;5;1;25;1510287536;25;255;1510287544;0
32;16;10;5;1;25;1510288328;25;255;1510288335;1
32;16;10;5;1;25;1510288453;25;255;1510288461;1
32;16;10;5;1;25;1510288466;25;255;1510288473;1
32;16;10;5;1;25;1510288468;25;255;1510288475;1
32;16;10;5;1;25;1510289260;25;255;1510289267;0
32;16;10;5;1;25;1510289392;25;255;1510289399;1
32;16;10;5;1;25;1510289400;25;255;1510289407;1
32;16;10;5;1;25;1510289400;25;255;1510289407;0
32;16;10;5;1;25;1510290193;25;255;1510290200;1
32;16;10;5;1;25;1510290329;25;255;1510290337;1
32;16;10;5;1;25;1510290331;25;255;1510290338;1
32;16;10;5;1;25;1510290335;25;255;1510290342;0
32;16;10;5;1;25;1510291125;25;255;1510291132;0
32;16;10;5;1;25;1510291264;25;255;1510291271;0
32;16;10;5;1;25;1510291268;25;255;1510291275;1
32;16;10;5;1;25;1510291270;25;255;1510291277;1
32;16;10;5;1;25;1510292057;25;255;1510292064;1
32;16;10;5;1;25;1510292195;25;255;1510292202;0
32;16;10;5;1;25;1510292205;25;255;1510292212;1
32;16;10;5;1;25;1510292205;25;255;1510292213;1
32;16;10;5;1;25;1510292990;25;255;1510292997;1
32;16;10;5;1;25;1510293126;25;255;1510293134;1
32;16;10;5;1;25;1510293139;25;255;1510293146;0
32;16;10;5;1;25;1510293143;25;255;1510293150;1
32;16;10;5;1;25;1510293922;25;255;1510293929;1
32;16;10;5;1;25;1510294058;25;255;1510294066;0
32;16;10;5;1;25;1510294073;25;255;1510294081;1
32;16;10;5;1;25;1510294082;25;255;1510294089;1
32;16;10;5;1;25;1510294855;25;255;1510294862;1
32;16;10;5;1;25;1510294990;25;255;1510294997;1
32;16;10;5;1;25;1510295008;25;255;1510295015;0
32;16;10;5;1;25;1510295020;25;255;1510295028;1
32;16;10;5;1;25;1510295788;25;255;1510295795;0
32;16;10;5;1;25;1510295922;25;255;1510295929;1
32;16;10;5;1;25;1510295942;25;255;1510295949;1
32;16;10;5;1;25;1510295959;25;255;1510295966;0
32;16;10;5;1;25;1510296721;25;255;1510296728;1
32;16;10;5;1;25;1510296854;25;255;1510296862;1
32;16;10;5;1;25;1510296878;25;255;1510296885;1
32;16;10;5;1;25;1510296896;25;255;1510296903;1
32;16;10;5;1;25;1510297654;25;255;1510297661;1
32;16;10;5;1;25;1510297786;25;255;1510297793;0
32;16;10;5;1;25;1510297812;25;255;1510297819;0
32;16;10;5;1;25;1510297834;25;255;1510297842;0
32;16;10;5;1;25;1510298586;25;255;1510298593;0
32;16;10;5;1;25;1510298718;25;255;1510298725;1
32;16;10;5;1;25;1510298748;25;255;1510298755;1
32;16;10;5;1;25;1510298772;25;255;1510298779;1
32;16;10;5;1;25;1510299518;25;255;1510299525;1
32;16;10;5;1;25;1510299649;25;255;1510299656;0
32;16;10;5;1;25;1510299683;25;255;1510299690;0
32;16;10;5;1;25;1510299710;25;255;1510299718;1
32;16;10;5;1;25;1510300451;25;255;1510300458;0
32;16;10;5;1;25;1510300581;25;255;1510300588;1
32;16;10;5;1;25;1510300617;25;255;1510300625;0
32;16;10;5;1;25;1510300649;25;255;1510300656;0
32;16;10;5;1;25;1510301384;25;255;1510301391;1
32;16;10;5;1;25;1510301513;25;255;1510301521;0
32;16;10;5;1;25;1510301556;25;255;1510301564;0
32;16;10;5;1;25;1510301583;25;255;1510301591;1
32;16;10;5;1;25;1510302317;25;255;1510302324;1
32;16;10;5;1;25;1510302445;25;255;1510302452;1
32;16;10;5;1;25;1510302495;25;255;1510302502;0
32;16;10;5;1;25;1510302519;25;255;1510302526;1
32;16;10;5;1;25;1510303279;25;255;1510303286;1
32;16;10;5;1;25;1510303420;25;255;1510303427;1
32;16;10;5;1;25;1510303478;25;255;1510303485;1
32;16;10;5;1;25;1510303510;25;255;1510303517;1
32;16;10;5;1;25;1510304255;25;255;1510304263;1
32;16;10;5;1;25;1510304396;25;255;1510304405;0
32;16;10;5;1;25;1510304446;25;255;1510304453;1
32;16;10;5;1;25;1510304495;25;255;1510304504;0
32;16;10;5;1;25;1510305238;25;255;1510305245;0
32;16;10;5;1;25;1510305361;25;255;1510305368;1
32;16;10;5;1;25;1510305417;25;255;1510305425;1
32;16;10;5;1;25;1510305464;25;255;1510305471;0
32;16;10;5;1;25;1510306193;25;255;1510306201;1
32;16;10;5;1;25;1510306333;25;255;1510306341;1
32;16;10;5;1;25;1510306386;25;255;1510306394;0
32;16;10;5;1;25;1510306473;25;255;1510306482;0
32;16;10;5;1;25;1510307219;25;255;1510307227;1
32;16;10;5;1;25;1510307372;25;255;1510307380;1
