32;16;10;5;1;28;1509981631;28;255;1509981638;1
32;16;10;5;1;28;1509981698;28;255;1509981706;1
32;16;10;5;1;28;1509981772;28;255;1509981780;0
32;16;10;5;1;28;1509981878;28;255;1509981886;1
32;16;10;5;1;28;1509982627;28;255;1509982635;1
32;16;10;5;1;28;1509982688;28;255;1509982696;0
32;16;10;5;1;28;1509982757;28;255;1509982765;0
32;16;10;5;1;28;1509982857;28;255;1509982865;0
32;16;10;5;1;28;1509983575;28;255;1509983582;1
32;16;10;5;1;28;1509983633;28;255;1509983641;1
32;16;10;5;1;28;1509983701;28;255;1509983708;1
32;16;10;5;1;28;1509983813;28;255;1509983820;1
32;16;10;5;1;28;1509984518;28;255;1509984525;1
32;16;10;5;1;28;1509984573;28;255;1509984580;1
32;16;10;5;1;28;1509984643;28;255;1509984651;0
32;16;10;5;1;28;1509984752;28;255;1509984759;0
32;16;10;5;1;28;1509985458;28;255;1509985465;0
32;16;10;5;1;28;1509985515;28;255;1509985522;1
32;16;10;5;1;28;1509985585;28;255;1509985593;1
32;16;10;5;1;28;1509985693;28;255;1509985701;0
32;16;10;5;1;28;1509986399;28;255;1509986406;0
32;16;10;5;1;28;1509986457;28;255;1509986464;0
32;16;10;5;1;28;1509986526;28;255;1509986534;0
32;16;10;5;1;28;1509986637;28;255;1509986645;1
32;16;10;5;1;28;1509987339;28;255;1509987346;1
32;16;10;5;1;28;1509987401;28;255;1509987408;1
32;16;10;5;1;28;1509987465;28;255;1509987472;1
32;16;10;5;1;28;1509987579;28;255;1509987586;1
32;16;10;5;1;28;1509988281;28;255;1509988289;0
32;16;10;5;1;28;1509988343;28;255;1509988350;1
32;16;10;5;1;28;1509988406;28;255;1509988413;1
32;16;10;5;1;28;1509988520;28;255;1509988528;1
32;16;10;5;1;28;1509989223;28;255;1509989231;1
32;16;10;5;1;28;1509989285;28;255;1509989292;1
32;16;10;5;1;28;1509989350;28;255;1509989357;1
32;16;10;5;1;28;1509989461;28;255;1509989469;0
32;16;10;5;1;28;1509990164;28;255;1509990171;1
32;16;10;5;1;28;1509990227;28;255;1509990234;1
32;16;10;5;1;28;1509990290;28;255;1509990298;0
32;16;10;5;1;28;1509990404;28;255;1509990411;0
32;16;10;5;1;28;1509991106;28;255;1509991113;1
32;16;10;5;1;28;1509991168;28;255;1509991175;1
32;16;10;5;1;28;1509991231;28;255;1509991238;1
32;16;10;5;1;28;1509991347;28;255;1509991354;1
32;16;10;5;1;28;1509992048;28;255;1509992056;1
32;16;10;5;1;28;1509992109;28;255;1509992117;0
32;16;10;5;1;28;1509992170;28;255;1509992178;1
32;16;10;5;1;28;1509992288;28;255;1509992296;1
32;16;10;5;1;28;1509992991;28;255;1509992999;1
32;16;10;5;1;28;1509993051;28;255;1509993058;0
32;16;10;5;1;28;1509993112;28;255;1509993119;1
32;16;10;5;1;28;1509993229;28;255;1509993237;1
32;16;10;5;1;28;1509993932;28;255;1509993939;1
32;16;10;5;1;28;1509993992;28;255;1509993999;1
32;16;10;5;1;28;1509994053;28;255;1509994060;1
32;16;10;5;1;28;1509994172;28;255;1509994179;0
32;16;10;5;1;28;1509994873;28;255;1509994881;0
32;16;10;5;1;28;1509994933;28;255;1509994940;0
32;16;10;5;1;28;1509994993;28;255;1509995001;0
32;16;10;5;1;28;1509995113;28;255;1509995120;1
32;16;10;5;1;28;1509995820;28;255;1509995828;1
32;16;10;5;1;28;1509995876;28;255;1509995883;1
32;16;10;5;1;28;1509995950;28;255;1509995958;1
32;16;10;5;1;28;1509996055;28;255;1509996062;0
32;16;10;5;1;28;1509996762;28;255;1509996770;1
32;16;10;5;1;28;1509996816;28;255;1509996823;1
32;16;10;5;1;28;1509996893;28;255;1509996901;0
32;16;10;5;1;28;1509996996;28;255;1509997004;0
32;16;10;5;1;28;1509997704;28;255;1509997712;1
32;16;10;5;1;28;1509997760;28;255;1509997767;0
32;16;10;5;1;28;1509997835;28;255;1509997842;1
32;16;10;5;1;28;1509997936;28;255;1509997943;1
32;16;10;5;1;28;1509998645;28;255;1509998653;0
32;16;10;5;1;28;1509998701;28;255;1509998708;0
32;16;10;5;1;28;1509998775;28;255;1509998782;0
32;16;10;5;1;28;1509998878;28;255;1509998886;1
32;16;10;5;1;28;1509999590;28;255;1509999598;1
32;16;10;5;1;28;1509999643;28;255;1509999651;0
32;16;10;5;1;28;1509999714;28;255;1509999721;1
32;16;10;5;1;28;1509999818;28;255;1509999825;0
32;16;10;5;1;28;1510000532;28;255;1510000539;0
32;16;10;5;1;28;1510000586;28;255;1510000594;0
32;16;10;5;1;28;1510000655;28;255;1510000662;1
32;16;10;5;1;28;1510000757;28;255;1510000764;0
32;16;10;5;1;28;1510001473;28;255;1510001481;1
32;16;10;5;1;28;1510001530;28;255;1510001538;1
32;16;10;5;1;28;1510001595;28;255;1510001602;1
32;16;10;5;1;28;1510001698;28;255;1510001706;1
32;16;10;5;1;28;1510002414;28;255;1510002421;1
32;16;10;5;1;28;1510002474;28;255;1510002481;0
32;16;10;5;1;28;1510002536;28;255;1510002544;0
32;16;10;5;1;28;1510002637;28;255;1510002645;0
32;16;10;5;1;28;1510003357;28;255;1510003364;1
32;16;10;5;1;28;1510003415;28;255;1510003423;1
32;16;10;5;1;28;1510003479;28;255;1510003486;0
32;16;10;5;1;28;1510003580;28;255;1510003588;0
32;16;10;5;1;28;1510004295;28;255;1510004302;0
32;16;10;5;1;28;1510004355;28;255;1510004362;1
32;16;10;5;1;28;1510004425;28;255;1510004432;0
32;16;10;5;1;28;1510004523;28;255;1510004530;1
32;16;10;5;1;28;1510005237;28;255;1510005245;1
32;16;10;5;1;28;1510005297;28;255;1510005305;0
32;16;10;5;1;28;1510005365;28;255;1510005372;0
32;16;10;5;1;28;1510005463;28;255;1510005471;1
32;16;10;5;1;28;1510006178;28;255;1510006185;0
32;16;10;5;1;28;1510006237;28;255;1510006244;0
32;16;10;5;1;28;1510006310;28;255;1510006317;0
32;16;10;5;1;28;1510006405;28;255;1510006412;1
32;16;10;5;1;28;1510007118;28;255;1510007126;0
32;16;10;5;1;28;1510007177;28;255;1510007184;1
32;16;10;5;1;28;1510007254;28;255;1510007262;1
32;16;10;5;1;28;1510007344;28;255;1510007352;0
32;16;10;5;1;28;1510008058;28;255;1510008066;1
32;16;10;5;1;28;1510008116;28;255;1510008124;0
32;16;10;5;1;28;1510008195;28;255;1510008203;1
32;16;10;5;1;28;1510008288;28;255;1510008295;1
32;16;10;5;1;28;1510008999;28;255;1510009007;0
32;16;10;5;1;28;1510009057;28;255;1510009064;1
32;16;10;5;1;28;1510009136;28;255;1510009144;0
32;16;10;5;1;28;1510009229;28;255;1510009237;0
32;16;10;5;1;28;1510009942;28;255;1510009950;1
32;16;10;5;1;28;1510009998;28;255;1510010006;0
32;16;10;5;1;28;1510010078;28;255;1510010086;1
32;16;10;5;1;28;1510010174;28;255;1510010181;1
32;16;10;5;1;28;1510010882;28;255;1510010889;0
32;16;10;5;1;28;1510010940;28;255;1510010947;0
32;16;10;5;1;28;1510011020;28;255;1510011027;1
32;16;10;5;1;28;1510011115;28;255;1510011123;0
32;16;10;5;1;28;1510011821;28;255;1510011828;1
32;16;10;5;1;28;1510011883;28;255;1510011891;0
32;16;10;5;1;28;1510011963;28;255;1510011970;0
32;16;10;5;1;28;1510012055;28;255;1510012062;1
32;16;10;5;1;28;1510012765;28;255;1510012772;0
32;16;10;5;1;28;1510012826;28;255;1510012834;0
32;16;10;5;1;28;1510012902;28;255;1510012909;1
32;16;10;5;1;28;1510012997;28;255;1510013005;0
32;16;10;5;1;28;1510013706;28;255;1510013713;0
32;16;10;5;1;28;1510013770;28;255;1510013777;0
32;16;10;5;1;28;1510013843;28;255;1510013850;0
32;16;10;5;1;28;1510013939;28;255;1510013947;0
32;16;10;5;1;28;1510014648;28;255;1510014656;0
32;16;10;5;1;28;1510014711;28;255;1510014718;0
32;16;10;5;1;28;1510014783;28;255;1510014791;1
32;16;10;5;1;28;1510014880;28;255;1510014887;1
32;16;10;5;1;28;1510015589;28;255;1510015596;1
32;16;10;5;1;28;1510015652;28;255;1510015660;1
32;16;10;5;1;28;1510015725;28;255;1510015732;0
32;16;10;5;1;28;1510015821;28;255;1510015828;1
32;16;10;5;1;28;1510016530;28;255;1510016538;0
32;16;10;5;1;28;1510016595;28;255;1510016602;1
32;16;10;5;1;28;1510016665;28;255;1510016673;0
32;16;10;5;1;28;1510016762;28;255;1510016770;0
32;16;10;5;1;28;1510017471;28;255;1510017479;0
32;16;10;5;1;28;1510017538;28;255;1510017545;1
32;16;10;5;1;28;1510017606;28;255;1510017614;1
32;16;10;5;1;28;1510017703;28;255;1510017711;0
32;16;10;5;1;28;1510018411;28;255;1510018419;0
32;16;10;5;1;28;1510018480;28;255;1510018487;0
32;16;10;5;1;28;1510018548;28;255;1510018555;1
32;16;10;5;1;28;1510018645;28;255;1510018653;1
32;16;10;5;1;28;1510019354;28;255;1510019362;1
32;16;10;5;1;28;1510019423;28;255;1510019431;1
32;16;10;5;1;28;1510019488;28;255;1510019495;1
32;16;10;5;1;28;1510019587;28;255;1510019595;1
32;16;10;5;1;28;1510020295;28;255;1510020302;1
32;16;10;5;1;28;1510020368;28;255;1510020375;1
32;16;10;5;1;28;1510020429;28;255;1510020436;1
32;16;10;5;1;28;1510020526;28;255;1510020534;0
32;16;10;5;1;28;1510021235;28;255;1510021242;0
32;16;10;5;1;28;1510021309;28;255;1510021317;1
32;16;10;5;1;28;1510021369;28;255;1510021377;0
32;16;10;5;1;28;1510021469;28;255;1510021477;1
32;16;10;5;1;28;1510022176;28;255;1510022183;1
32;16;10;5;1;28;1510022249;28;255;1510022257;1
32;16;10;5;1;28;1510022311;28;255;1510022318;1
32;16;10;5;1;28;1510022411;28;255;1510022418;1
32;16;10;5;1;28;1510023117;28;255;1510023125;0
32;16;10;5;1;28;1510023189;28;255;1510023197;0
32;16;10;5;1;28;1510023256;28;255;1510023264;1
32;16;10;5;1;28;1510023350;28;255;1510023358;1
32;16;10;5;1;28;1510024060;28;255;1510024067;1
32;16;10;5;1;28;1510024131;28;255;1510024138;1
32;16;10;5;1;28;1510024198;28;255;1510024205;1
32;16;10;5;1;28;1510024292;28;255;1510024300;1
32;16;10;5;1;28;1510025003;28;255;1510025011;1
32;16;10;5;1;28;1510025071;28;255;1510025078;1
32;16;10;5;1;28;1510025140;28;255;1510025147;1
32;16;10;5;1;28;1510025232;28;255;1510025240;1
32;16;10;5;1;28;1510025947;28;255;1510025954;1
32;16;10;5;1;28;1510026011;28;255;1510026019;1
32;16;10;5;1;28;1510026081;28;255;1510026089;1
32;16;10;5;1;28;1510026173;28;255;1510026180;1
32;16;10;5;1;28;1510026887;28;255;1510026894;1
32;16;10;5;1;28;1510026953;28;255;1510026960;1
32;16;10;5;1;28;1510027024;28;255;1510027031;1
32;16;10;5;1;28;1510027114;28;255;1510027122;1
32;16;10;5;1;28;1510027828;28;255;1510027836;0
32;16;10;5;1;28;1510027894;28;255;1510027902;0
32;16;10;5;1;28;1510027965;28;255;1510027973;1
32;16;10;5;1;28;1510028054;28;255;1510028062;1
32;16;10;5;1;28;1510028770;28;255;1510028778;0
32;16;10;5;1;28;1510028837;28;255;1510028844;1
32;16;10;5;1;28;1510028908;28;255;1510028916;1
32;16;10;5;1;28;1510028992;28;255;1510029000;0
32;16;10;5;1;28;1510029713;28;255;1510029720;0
32;16;10;5;1;28;1510029779;28;255;1510029786;0
32;16;10;5;1;28;1510029848;28;255;1510029856;1
32;16;10;5;1;28;1510029934;28;255;1510029942;0
32;16;10;5;1;28;1510030653;28;255;1510030661;1
32;16;10;5;1;28;1510030721;28;255;1510030729;0
32;16;10;5;1;28;1510030794;28;255;1510030801;1
32;16;10;5;1;28;1510030875;28;255;1510030883;0
32;16;10;5;1;28;1510031595;28;255;1510031603;0
32;16;10;5;1;28;1510031661;28;255;1510031668;0
32;16;10;5;1;28;1510031736;28;255;1510031744;0
32;16;10;5;1;28;1510031817;28;255;1510031825;0
32;16;10;5;1;28;1510032534;28;255;1510032542;0
32;16;10;5;1;28;1510032603;28;255;1510032610;0
32;16;10;5;1;28;1510032679;28;255;1510032687;0
32;16;10;5;1;28;1510032759;28;255;1510032767;1
32;16;10;5;1;28;1510033477;28;255;1510033485;1
32;16;10;5;1;28;1510033543;28;255;1510033550;1
32;16;10;5;1;28;1510033621;28;255;1510033628;1
32;16;10;5;1;28;1510033699;28;255;1510033706;0
32;16;10;5;1;28;1510034421;28;255;1510034428;1
32;16;10;5;1;28;1510034485;28;255;1510034493;1
32;16;10;5;1;28;1510034561;28;255;1510034569;1
32;16;10;5;1;28;1510034640;28;255;1510034647;0
32;16;10;5;1;28;1510035360;28;255;1510035368;1
32;16;10;5;1;28;1510035428;28;255;1510035435;0
32;16;10;5;1;28;1510035502;28;255;1510035510;0
32;16;10;5;1;28;1510035582;28;255;1510035589;0
32;16;10;5;1;28;1510036303;28;255;1510036311;1
32;16;10;5;1;28;1510036369;28;255;1510036377;0
32;16;10;5;1;28;1510036444;28;255;1510036451;0
32;16;10;5;1;28;1510036521;28;255;1510036529;0
32;16;10;5;1;28;1510037246;28;255;1510037253;1
32;16;10;5;1;28;1510037312;28;255;1510037319;0
32;16;10;5;1;28;1510037384;28;255;1510037392;1
32;16;10;5;1;28;1510037461;28;255;1510037468;0
32;16;10;5;1;28;1510038186;28;255;1510038193;0
32;16;10;5;1;28;1510038254;28;255;1510038262;0
32;16;10;5;1;28;1510038324;28;255;1510038332;1
32;16;10;5;1;28;1510038403;28;255;1510038410;1
32;16;10;5;1;28;1510039128;28;255;1510039136;1
32;16;10;5;1;28;1510039197;28;255;1510039204;0
32;16;10;5;1;28;1510039267;28;255;1510039275;0
32;16;10;5;1;28;1510039343;28;255;1510039350;1
32;16;10;5;1;28;1510040069;28;255;1510040077;0
32;16;10;5;1;28;1510040136;28;255;1510040144;0
32;16;10;5;1;28;1510040210;28;255;1510040217;0
32;16;10;5;1;28;1510040284;28;255;1510040291;1
32;16;10;5;1;28;1510041010;28;255;1510041018;0
32;16;10;5;1;28;1510041078;28;255;1510041085;0
32;16;10;5;1;28;1510041153;28;255;1510041160;1
32;16;10;5;1;28;1510041224;28;255;1510041231;0
32;16;10;5;1;28;1510041954;28;255;1510041961;1
32;16;10;5;1;28;1510042020;28;255;1510042027;1
32;16;10;5;1;28;1510042097;28;255;1510042104;1
32;16;10;5;1;28;1510042165;28;255;1510042172;1
32;16;10;5;1;28;1510042894;28;255;1510042901;0
32;16;10;5;1;28;1510042962;28;255;1510042969;0
32;16;10;5;1;28;1510043037;28;255;1510043045;0
32;16;10;5;1;28;1510043107;28;255;1510043115;1
32;16;10;5;1;28;1510043833;28;255;1510043841;1
32;16;10;5;1;28;1510043905;28;255;1510043912;1
32;16;10;5;1;28;1510043977;28;255;1510043984;0
32;16;10;5;1;28;1510044050;28;255;1510044057;0
32;16;10;5;1;28;1510044788;28;255;1510044795;0
32;16;10;5;1;28;1510044861;28;255;1510044868;1
32;16;10;5;1;28;1510044936;28;255;1510044944;1
32;16;10;5;1;28;1510045014;28;255;1510045021;0
32;16;10;5;1;28;1510045799;28;255;1510045807;0
32;16;10;5;1;28;1510045874;28;255;1510045882;0
32;16;10;5;1;28;1510045946;28;255;1510045955;0
32;16;10;5;1;28;1510046022;28;255;1510046030;1
32;16;10;5;1;28;1510046797;28;255;1510046804;1
32;16;10;5;1;28;1510046806;28;255;1510046813;0
32;16;10;5;1;28;1510046817;28;255;1510046825;0
32;16;10;5;1;28;1510046820;28;255;1510046828;0
32;16;10;5;1;28;1510047773;28;255;1510047782;0
32;16;10;5;1;28;1510047790;28;255;1510047800;1
32;16;10;5;1;28;1510047792;28;255;1510047801;0
32;16;10;5;1;28;1510047796;28;255;1510047805;1
32;16;10;5;1;28;1510048738;28;255;1510048745;0
32;16;10;5;1;28;1510048749;28;255;1510048757;0
32;16;10;5;1;28;1510048754;28;255;1510048761;0
32;16;10;5;1;28;1510048765;28;255;1510048773;1
32;16;10;5;1;28;1510049771;28;255;1510049779;1
32;16;10;5;1;28;1510049779;28;255;1510049786;0
32;16;10;5;1;28;1510049795;28;255;1510049803;0
32;16;10;5;1;28;1510050729;28;255;1510050736;1
32;16;10;5;1;28;1510050735;28;255;1510050743;0
32;16;10;5;1;28;1510050752;28;255;1510050760;0
32;16;10;5;1;28;1510051688;28;255;1510051695;1
32;16;10;5;1;28;1510051694;28;255;1510051702;0
32;16;10;5;1;28;1510051713;28;255;1510051721;1
32;16;10;5;1;28;1510052644;28;255;1510052652;0
32;16;10;5;1;28;1510052652;28;255;1510052659;0
32;16;10;5;1;28;1510052670;28;255;1510052677;0
32;16;10;5;1;28;1510053602;28;255;1510053610;1
32;16;10;5;1;28;1510053608;28;255;1510053616;1
32;16;10;5;1;28;1510053627;28;255;1510053635;0
32;16;10;5;1;28;1510054561;28;255;1510054568;0
32;16;10;5;1;28;1510054568;28;255;1510054576;0
32;16;10;5;1;28;1510054587;28;255;1510054595;0
32;16;10;5;1;28;1510055529;28;255;1510055536;0
32;16;10;5;1;28;1510055540;28;255;1510055547;1
32;16;10;5;1;28;1510055559;28;255;1510055567;1
32;16;10;5;1;28;1510056488;28;255;1510056495;1
32;16;10;5;1;28;1510056505;28;255;1510056513;0
32;16;10;5;1;28;1510056533;28;255;1510056541;0
32;16;10;5;1;28;1510057440;28;255;1510057447;1
32;16;10;5;1;28;1510057461;28;255;1510057468;1
32;16;10;5;1;28;1510057488;28;255;1510057496;1
32;16;10;5;1;28;1510058381;28;255;1510058388;1
32;16;10;5;1;28;1510058403;28;255;1510058410;1
32;16;10;5;1;28;1510058429;28;255;1510058437;0
32;16;10;5;1;28;1510059322;28;255;1510059329;1
32;16;10;5;1;28;1510059342;28;255;1510059350;0
32;16;10;5;1;28;1510059370;28;255;1510059378;1
32;16;10;5;1;28;1510060270;28;255;1510060277;1
32;16;10;5;1;28;1510060290;28;255;1510060297;0
32;16;10;5;1;28;1510060320;28;255;1510060328;1
32;16;10;5;1;28;1510061231;28;255;1510061238;0
32;16;10;5;1;28;1510061248;28;255;1510061255;0
32;16;10;5;1;28;1510061283;28;255;1510061290;1
32;16;10;5;1;28;1510062226;28;255;1510062234;0
32;16;10;5;1;28;1510062231;28;255;1510062238;1
32;16;10;5;1;28;1510062274;28;255;1510062282;1
32;16;10;5;1;28;1510063182;28;255;1510063190;1
32;16;10;5;1;28;1510063187;28;255;1510063195;0
32;16;10;5;1;28;1510063230;28;255;1510063237;0
32;16;10;5;1;28;1510064138;28;255;1510064146;1
32;16;10;5;1;28;1510064139;28;255;1510064147;1
32;16;10;5;1;28;1510064186;28;255;1510064194;0
32;16;10;5;1;28;1510065110;28;255;1510065118;1
32;16;10;5;1;28;1510065111;28;255;1510065118;1
32;16;10;5;1;28;1510065157;28;255;1510065164;0
32;16;10;5;1;28;1510066068;28;255;1510066076;0
32;16;10;5;1;28;1510066071;28;255;1510066079;0
32;16;10;5;1;28;1510066120;28;255;1510066128;1
32;16;10;5;1;28;1510067029;28;255;1510067037;1
32;16;10;5;1;28;1510067032;28;255;1510067040;0
32;16;10;5;1;28;1510067084;28;255;1510067091;1
32;16;10;5;1;28;1510067987;28;255;1510067995;0
32;16;10;5;1;28;1510067991;28;255;1510067998;0
32;16;10;5;1;28;1510068043;28;255;1510068051;1
32;16;10;5;1;28;1510068936;28;255;1510068944;0
32;16;10;5;1;28;1510068938;28;255;1510068946;1
32;16;10;5;1;28;1510068992;28;255;1510068999;0
32;16;10;5;1;28;1510069897;28;255;1510069905;0
32;16;10;5;1;28;1510069914;28;255;1510069922;1
32;16;10;5;1;28;1510069958;28;255;1510069966;0
32;16;10;5;1;28;1510070863;28;255;1510070871;1
32;16;10;5;1;28;1510070876;28;255;1510070883;1
32;16;10;5;1;28;1510070924;28;255;1510070931;0
32;16;10;5;1;28;1510071838;28;255;1510071845;1
32;16;10;5;1;28;1510071842;28;255;1510071850;1
32;16;10;5;1;28;1510071886;28;255;1510071894;0
32;16;10;5;1;28;1510072788;28;255;1510072795;1
32;16;10;5;1;28;1510072794;28;255;1510072801;0
32;16;10;5;1;28;1510072834;28;255;1510072842;0
32;16;10;5;1;28;1510073731;28;255;1510073738;1
32;16;10;5;1;28;1510073737;28;255;1510073744;0
32;16;10;5;1;28;1510073777;28;255;1510073785;1
32;16;10;5;1;28;1510074674;28;255;1510074682;1
32;16;10;5;1;28;1510074680;28;255;1510074687;0
32;16;10;5;1;28;1510074721;28;255;1510074728;1
32;16;10;5;1;28;1510075473;28;255;1510075480;1
32;16;10;5;1;28;1510075649;28;255;1510075656;1
32;16;10;5;1;28;1510075662;28;255;1510075669;1
32;16;10;5;1;28;1510075701;28;255;1510075708;1
32;16;10;5;1;28;1510076427;28;255;1510076435;0
32;16;10;5;1;28;1510076598;28;255;1510076606;0
32;16;10;5;1;28;1510076604;28;255;1510076611;0
32;16;10;5;1;28;1510076645;28;255;1510076652;1
32;16;10;5;1;28;1510077368;28;255;1510077375;1
32;16;10;5;1;28;1510077538;28;255;1510077545;1
32;16;10;5;1;28;1510077545;28;255;1510077552;0
32;16;10;5;1;28;1510077584;28;255;1510077592;1
32;16;10;5;1;28;1510078306;28;255;1510078313;1
32;16;10;5;1;28;1510078477;28;255;1510078485;0
32;16;10;5;1;28;1510078485;28;255;1510078493;1
32;16;10;5;1;28;1510078525;28;255;1510078533;0
32;16;10;5;1;28;1510079245;28;255;1510079253;1
32;16;10;5;1;28;1510079416;28;255;1510079424;1
32;16;10;5;1;28;1510079424;28;255;1510079432;0
32;16;10;5;1;28;1510079465;28;255;1510079473;0
32;16;10;5;1;28;1510080187;28;255;1510080194;0
32;16;10;5;1;28;1510080357;28;255;1510080364;1
32;16;10;5;1;28;1510080363;28;255;1510080371;0
32;16;10;5;1;28;1510080405;28;255;1510080413;0
32;16;10;5;1;28;1510081127;28;255;1510081135;1
32;16;10;5;1;28;1510081296;28;255;1510081303;0
32;16;10;5;1;28;1510081302;28;255;1510081309;1
32;16;10;5;1;28;1510081347;28;255;1510081354;1
32;16;10;5;1;28;1510082067;28;255;1510082074;1
32;16;10;5;1;28;1510082235;28;255;1510082243;1
32;16;10;5;1;28;1510082242;28;255;1510082249;1
32;16;10;5;1;28;1510082286;28;255;1510082294;0
32;16;10;5;1;28;1510083004;28;255;1510083012;0
32;16;10;5;1;28;1510083176;28;255;1510083183;1
32;16;10;5;1;28;1510083183;28;255;1510083191;1
32;16;10;5;1;28;1510083227;28;255;1510083234;1
32;16;10;5;1;28;1510083944;28;255;1510083952;1
32;16;10;5;1;28;1510084114;28;255;1510084122;0
32;16;10;5;1;28;1510084126;28;255;1510084133;1
32;16;10;5;1;28;1510084166;28;255;1510084174;0
32;16;10;5;1;28;1510084882;28;255;1510084890;1
32;16;10;5;1;28;1510085055;28;255;1510085062;1
32;16;10;5;1;28;1510085067;28;255;1510085075;1
32;16;10;5;1;28;1510085106;28;255;1510085114;1
32;16;10;5;1;28;1510085822;28;255;1510085829;1
32;16;10;5;1;28;1510085996;28;255;1510086004;0
32;16;10;5;1;28;1510086009;28;255;1510086017;0
32;16;10;5;1;28;1510086045;28;255;1510086053;1
32;16;10;5;1;28;1510086760;28;255;1510086768;0
32;16;10;5;1;28;1510086936;28;255;1510086944;1
32;16;10;5;1;28;1510086950;28;255;1510086957;1
32;16;10;5;1;28;1510086986;28;255;1510086993;1
32;16;10;5;1;28;1510087701;28;255;1510087709;0
32;16;10;5;1;28;1510087877;28;255;1510087884;0
32;16;10;5;1;28;1510087890;28;255;1510087897;1
32;16;10;5;1;28;1510087925;28;255;1510087932;0
32;16;10;5;1;28;1510088641;28;255;1510088649;1
32;16;10;5;1;28;1510088817;28;255;1510088825;0
32;16;10;5;1;28;1510088829;28;255;1510088837;1
32;16;10;5;1;28;1510088864;28;255;1510088871;0
32;16;10;5;1;28;1510089580;28;255;1510089588;0
32;16;10;5;1;28;1510089757;28;255;1510089764;0
32;16;10;5;1;28;1510089770;28;255;1510089778;1
32;16;10;5;1;28;1510089806;28;255;1510089814;1
32;16;10;5;1;28;1510090519;28;255;1510090526;0
32;16;10;5;1;28;1510090697;28;255;1510090704;1
32;16;10;5;1;28;1510090710;28;255;1510090718;1
32;16;10;5;1;28;1510090749;28;255;1510090756;1
32;16;10;5;1;28;1510091458;28;255;1510091466;1
32;16;10;5;1;28;1510091636;28;255;1510091643;1
32;16;10;5;1;28;1510091651;28;255;1510091659;0
32;16;10;5;1;28;1510091689;28;255;1510091697;1
32;16;10;5;1;28;1510092397;28;255;1510092405;1
32;16;10;5;1;28;1510092577;28;255;1510092584;1
32;16;10;5;1;28;1510092591;28;255;1510092598;1
32;16;10;5;1;28;1510092629;28;255;1510092637;0
32;16;10;5;1;28;1510093337;28;255;1510093345;0
32;16;10;5;1;28;1510093516;28;255;1510093524;1
32;16;10;5;1;28;1510093532;28;255;1510093539;1
32;16;10;5;1;28;1510093570;28;255;1510093578;1
32;16;10;5;1;28;1510094278;28;255;1510094285;1
32;16;10;5;1;28;1510094454;28;255;1510094462;0
32;16;10;5;1;28;1510094471;28;255;1510094478;1
32;16;10;5;1;28;1510094512;28;255;1510094520;0
32;16;10;5;1;28;1510095220;28;255;1510095227;1
32;16;10;5;1;28;1510095394;28;255;1510095402;1
32;16;10;5;1;28;1510095409;28;255;1510095417;1
32;16;10;5;1;28;1510095452;28;255;1510095460;1
32;16;10;5;1;28;1510096162;28;255;1510096169;0
32;16;10;5;1;28;1510096333;28;255;1510096341;0
32;16;10;5;1;28;1510096348;28;255;1510096355;0
32;16;10;5;1;28;1510096392;28;255;1510096400;1
32;16;10;5;1;28;1510097103;28;255;1510097110;1
32;16;10;5;1;28;1510097273;28;255;1510097281;1
32;16;10;5;1;28;1510097287;28;255;1510097295;0
32;16;10;5;1;28;1510097334;28;255;1510097342;1
32;16;10;5;1;28;1510098041;28;255;1510098049;1
32;16;10;5;1;28;1510098214;28;255;1510098222;1
32;16;10;5;1;28;1510098226;28;255;1510098234;0
32;16;10;5;1;28;1510098273;28;255;1510098281;1
32;16;10;5;1;28;1510098981;28;255;1510098989;1
32;16;10;5;1;28;1510099156;28;255;1510099163;0
32;16;10;5;1;28;1510099164;28;255;1510099171;1
32;16;10;5;1;28;1510099214;28;255;1510099222;0
32;16;10;5;1;28;1510099922;28;255;1510099930;1
32;16;10;5;1;28;1510100098;28;255;1510100105;1
32;16;10;5;1;28;1510100102;28;255;1510100109;0
32;16;10;5;1;28;1510100155;28;255;1510100162;1
32;16;10;5;1;28;1510100864;28;255;1510100871;1
32;16;10;5;1;28;1510101036;28;255;1510101043;0
32;16;10;5;1;28;1510101043;28;255;1510101050;1
32;16;10;5;1;28;1510101094;28;255;1510101102;0
32;16;10;5;1;28;1510101804;28;255;1510101811;0
32;16;10;5;1;28;1510101975;28;255;1510101982;0
32;16;10;5;1;28;1510101983;28;255;1510101991;1
32;16;10;5;1;28;1510102034;28;255;1510102042;0
32;16;10;5;1;28;1510102743;28;255;1510102750;1
32;16;10;5;1;28;1510102914;28;255;1510102922;0
32;16;10;5;1;28;1510102922;28;255;1510102930;0
32;16;10;5;1;28;1510102977;28;255;1510102985;0
32;16;10;5;1;28;1510103681;28;255;1510103688;0
32;16;10;5;1;28;1510103854;28;255;1510103862;1
32;16;10;5;1;28;1510103864;28;255;1510103872;0
32;16;10;5;1;28;1510103917;28;255;1510103925;1
32;16;10;5;1;28;1510104619;28;255;1510104626;1
32;16;10;5;1;28;1510104793;28;255;1510104800;1
32;16;10;5;1;28;1510104805;28;255;1510104813;1
32;16;10;5;1;28;1510104857;28;255;1510104864;1
32;16;10;5;1;28;1510105559;28;255;1510105567;0
32;16;10;5;1;28;1510105732;28;255;1510105740;1
32;16;10;5;1;28;1510105745;28;255;1510105752;1
32;16;10;5;1;28;1510105796;28;255;1510105804;0
32;16;10;5;1;28;1510106501;28;255;1510106508;1
32;16;10;5;1;28;1510106674;28;255;1510106682;0
32;16;10;5;1;28;1510106685;28;255;1510106692;0
32;16;10;5;1;28;1510106735;28;255;1510106742;1
32;16;10;5;1;28;1510107439;28;255;1510107446;0
32;16;10;5;1;28;1510107618;28;255;1510107625;0
32;16;10;5;1;28;1510107623;28;255;1510107631;1
32;16;10;5;1;28;1510107678;28;255;1510107685;1
32;16;10;5;1;28;1510108377;28;255;1510108385;0
32;16;10;5;1;28;1510108558;28;255;1510108565;1
32;16;10;5;1;28;1510108563;28;255;1510108571;0
32;16;10;5;1;28;1510108617;28;255;1510108625;0
32;16;10;5;1;28;1510109317;28;255;1510109324;1
32;16;10;5;1;28;1510109499;28;255;1510109506;0
32;16;10;5;1;28;1510109504;28;255;1510109511;0
32;16;10;5;1;28;1510109559;28;255;1510109566;0
32;16;10;5;1;28;1510110257;28;255;1510110264;1
32;16;10;5;1;28;1510110438;28;255;1510110446;0
32;16;10;5;1;28;1510110444;28;255;1510110452;1
32;16;10;5;1;28;1510110499;28;255;1510110507;1
32;16;10;5;1;28;1510111197;28;255;1510111204;0
32;16;10;5;1;28;1510111379;28;255;1510111386;0
32;16;10;5;1;28;1510111386;28;255;1510111393;0
32;16;10;5;1;28;1510111438;28;255;1510111445;0
32;16;10;5;1;28;1510112136;28;255;1510112143;1
32;16;10;5;1;28;1510112320;28;255;1510112328;0
32;16;10;5;1;28;1510112326;28;255;1510112333;1
32;16;10;5;1;28;1510112377;28;255;1510112385;0
32;16;10;5;1;28;1510113073;28;255;1510113080;0
32;16;10;5;1;28;1510113262;28;255;1510113270;1
32;16;10;5;1;28;1510113266;28;255;1510113274;0
32;16;10;5;1;28;1510113317;28;255;1510113325;0
32;16;10;5;1;28;1510114011;28;255;1510114018;0
32;16;10;5;1;28;1510114204;28;255;1510114211;0
32;16;10;5;1;28;1510114207;28;255;1510114214;1
32;16;10;5;1;28;1510114258;28;255;1510114265;1
32;16;10;5;1;28;1510114951;28;255;1510114958;0
32;16;10;5;1;28;1510115144;28;255;1510115151;0
32;16;10;5;1;28;1510115147;28;255;1510115154;1
32;16;10;5;1;28;1510115197;28;255;1510115205;1
32;16;10;5;1;28;1510115892;28;255;1510115900;1
32;16;10;5;1;28;1510116083;28;255;1510116091;0
32;16;10;5;1;28;1510116085;28;255;1510116093;1
32;16;10;5;1;28;1510116136;28;255;1510116144;1
32;16;10;5;1;28;1510116834;28;255;1510116841;0
32;16;10;5;1;28;1510117022;28;255;1510117030;0
32;16;10;5;1;28;1510117026;28;255;1510117034;0
32;16;10;5;1;28;1510117075;28;255;1510117082;0
32;16;10;5;1;28;1510117773;28;255;1510117780;0
32;16;10;5;1;28;1510117961;28;255;1510117969;0
32;16;10;5;1;28;1510117968;28;255;1510117976;0
32;16;10;5;1;28;1510118015;28;255;1510118023;0
32;16;10;5;1;28;1510118716;28;255;1510118723;1
32;16;10;5;1;28;1510118902;28;255;1510118909;1
32;16;10;5;1;28;1510118909;28;255;1510118917;0
32;16;10;5;1;28;1510118954;28;255;1510118962;0
32;16;10;5;1;28;1510119659;28;255;1510119666;1
32;16;10;5;1;28;1510119840;28;255;1510119848;0
32;16;10;5;1;28;1510119848;28;255;1510119855;0
32;16;10;5;1;28;1510119893;28;255;1510119900;0
32;16;10;5;1;28;1510120600;28;255;1510120608;1
32;16;10;5;1;28;1510120780;28;255;1510120788;0
32;16;10;5;1;28;1510120788;28;255;1510120795;0
32;16;10;5;1;28;1510120833;28;255;1510120840;0
32;16;10;5;1;28;1510121541;28;255;1510121549;0
32;16;10;5;1;28;1510121720;28;255;1510121727;1
32;16;10;5;1;28;1510121728;28;255;1510121736;0
32;16;10;5;1;28;1510121771;28;255;1510121779;0
32;16;10;5;1;28;1510122482;28;255;1510122489;0
32;16;10;5;1;28;1510122659;28;255;1510122667;1
32;16;10;5;1;28;1510122668;28;255;1510122675;0
32;16;10;5;1;28;1510122713;28;255;1510122720;1
32;16;10;5;1;28;1510123422;28;255;1510123429;1
32;16;10;5;1;28;1510123600;28;255;1510123608;1
32;16;10;5;1;28;1510123609;28;255;1510123617;1
32;16;10;5;1;28;1510123654;28;255;1510123662;0
32;16;10;5;1;28;1510124363;28;255;1510124371;1
32;16;10;5;1;28;1510124539;28;255;1510124546;0
32;16;10;5;1;28;1510124550;28;255;1510124557;1
32;16;10;5;1;28;1510124594;28;255;1510124601;1
32;16;10;5;1;28;1510125302;28;255;1510125310;0
32;16;10;5;1;28;1510125479;28;255;1510125486;0
32;16;10;5;1;28;1510125490;28;255;1510125497;0
32;16;10;5;1;28;1510125534;28;255;1510125541;1
32;16;10;5;1;28;1510126241;28;255;1510126249;1
32;16;10;5;1;28;1510126419;28;255;1510126427;0
32;16;10;5;1;28;1510126430;28;255;1510126437;0
32;16;10;5;1;28;1510126475;28;255;1510126482;1
32;16;10;5;1;28;1510127181;28;255;1510127189;0
32;16;10;5;1;28;1510127358;28;255;1510127365;1
32;16;10;5;1;28;1510127368;28;255;1510127375;1
32;16;10;5;1;28;1510127417;28;255;1510127424;1
32;16;10;5;1;28;1510128120;28;255;1510128127;0
32;16;10;5;1;28;1510128298;28;255;1510128306;0
32;16;10;5;1;28;1510128307;28;255;1510128314;1
32;16;10;5;1;28;1510128357;28;255;1510128364;0
32;16;10;5;1;28;1510129059;28;255;1510129067;1
32;16;10;5;1;28;1510129238;28;255;1510129246;0
32;16;10;5;1;28;1510129248;28;255;1510129255;1
32;16;10;5;1;28;1510129295;28;255;1510129303;1
32;16;10;5;1;28;1510130013;28;255;1510130022;0
32;16;10;5;1;28;1510130221;28;255;1510130228;1
32;16;10;5;1;28;1510130226;28;255;1510130234;0
32;16;10;5;1;28;1510130274;28;255;1510130282;0
32;16;10;5;1;28;1510131023;28;255;1510131031;0
32;16;10;5;1;28;1510131224;28;255;1510131233;0
32;16;10;5;1;28;1510131226;28;255;1510131234;1
32;16;10;5;1;28;1510131275;28;255;1510131283;0
32;16;10;5;1;28;1510132013;28;255;1510132020;0
32;16;10;5;1;28;1510132196;28;255;1510132203;1
32;16;10;5;1;28;1510132214;28;255;1510132222;1
32;16;10;5;1;28;1510132252;28;255;1510132260;1
32;16;10;5;1;28;1510132997;28;255;1510133005;1
32;16;10;5;1;28;1510133175;28;255;1510133182;0
32;16;10;5;1;28;1510133193;28;255;1510133200;0
32;16;10;5;1;28;1510133238;28;255;1510133246;1
32;16;10;5;1;28;1510134014;28;255;1510134023;0
32;16;10;5;1;28;1510134179;28;255;1510134187;1
32;16;10;5;1;28;1510134212;28;255;1510134220;0
32;16;10;5;1;28;1510134256;28;255;1510134265;0
32;16;10;5;1;28;1510135014;28;255;1510135022;1
32;16;10;5;1;28;1510135181;28;255;1510135191;0
32;16;10;5;1;28;1510135215;28;255;1510135223;0
32;16;10;5;1;28;1510135248;28;255;1510135257;0
32;16;10;5;1;28;1510136005;28;255;1510136013;0
32;16;10;5;1;28;1510136173;28;255;1510136180;0
32;16;10;5;1;28;1510136213;28;255;1510136221;1
32;16;10;5;1;28;1510136235;28;255;1510136243;0
32;16;10;5;1;28;1510137005;28;255;1510137013;1
32;16;10;5;1;28;1510137189;28;255;1510137196;1
32;16;10;5;1;28;1510137208;28;255;1510137215;0
32;16;10;5;1;28;1510137250;28;255;1510137258;0
32;16;10;5;1;28;1510137992;28;255;1510138001;1
32;16;10;5;1;28;1510138189;28;255;1510138197;0
32;16;10;5;1;28;1510138195;28;255;1510138203;1
32;16;10;5;1;28;1510138242;28;255;1510138251;0
32;16;10;5;1;28;1510139011;28;255;1510139018;1
32;16;10;5;1;28;1510139187;28;255;1510139195;1
32;16;10;5;1;28;1510139212;28;255;1510139219;1
32;16;10;5;1;28;1510139249;28;255;1510139258;0
32;16;10;5;1;28;1510139984;28;255;1510139992;0
32;16;10;5;1;28;1510140145;28;255;1510140152;1
32;16;10;5;1;28;1510140225;28;255;1510140232;1
32;16;10;5;1;28;1510140234;28;255;1510140242;1
32;16;10;5;1;28;1510140988;28;255;1510140996;1
32;16;10;5;1;28;1510141128;28;255;1510141136;0
32;16;10;5;1;28;1510141197;28;255;1510141204;0
32;16;10;5;1;28;1510141204;28;255;1510141213;1
32;16;10;5;1;28;1510141957;28;255;1510141964;1
32;16;10;5;1;28;1510142127;28;255;1510142135;1
32;16;10;5;1;28;1510142168;28;255;1510142177;0
32;16;10;5;1;28;1510142227;28;255;1510142234;0
32;16;10;5;1;28;1510142993;28;255;1510143002;0
32;16;10;5;1;28;1510143180;28;255;1510143188;1
32;16;10;5;1;28;1510143214;28;255;1510143223;0
32;16;10;5;1;28;1510143284;28;255;1510143293;0
32;16;10;5;1;28;1510143994;28;255;1510144002;0
32;16;10;5;1;28;1510144170;28;255;1510144178;0
32;16;10;5;1;28;1510144202;28;255;1510144210;1
32;16;10;5;1;28;1510144276;28;255;1510144283;1
32;16;10;5;1;28;1510144949;28;255;1510144957;1
32;16;10;5;1;28;1510145117;28;255;1510145124;1
32;16;10;5;1;28;1510145147;28;255;1510145155;1
32;16;10;5;1;28;1510145224;28;255;1510145231;1
32;16;10;5;1;28;1510145889;28;255;1510145896;1
32;16;10;5;1;28;1510146059;28;255;1510146067;0
32;16;10;5;1;28;1510146091;28;255;1510146098;0
32;16;10;5;1;28;1510146164;28;255;1510146172;1
32;16;10;5;1;28;1510146834;28;255;1510146842;0
32;16;10;5;1;28;1510147007;28;255;1510147014;1
32;16;10;5;1;28;1510147040;28;255;1510147047;1
32;16;10;5;1;28;1510147112;28;255;1510147120;1
32;16;10;5;1;28;1510147808;28;255;1510147816;1
32;16;10;5;1;28;1510147990;28;255;1510147998;0
32;16;10;5;1;28;1510148014;28;255;1510148022;0
32;16;10;5;1;28;1510148094;28;255;1510148101;1
32;16;10;5;1;28;1510148787;28;255;1510148794;0
32;16;10;5;1;28;1510148960;28;255;1510148968;1
32;16;10;5;1;28;1510148980;28;255;1510148988;1
32;16;10;5;1;28;1510149058;28;255;1510149066;0
32;16;10;5;1;28;1510149737;28;255;1510149745;1
32;16;10;5;1;28;1510149912;28;255;1510149920;1
32;16;10;5;1;28;1510149923;28;255;1510149930;1
32;16;10;5;1;28;1510150002;28;255;1510150009;0
32;16;10;5;1;28;1510150690;28;255;1510150697;0
32;16;10;5;1;28;1510150867;28;255;1510150875;0
32;16;10;5;1;28;1510150878;28;255;1510150885;1
32;16;10;5;1;28;1510150962;28;255;1510150970;1
32;16;10;5;1;28;1510151650;28;255;1510151657;1
32;16;10;5;1;28;1510151835;28;255;1510151843;1
32;16;10;5;1;28;1510151847;28;255;1510151855;0
32;16;10;5;1;28;1510151940;28;255;1510151948;1
32;16;10;5;1;28;1510152649;28;255;1510152658;0
32;16;10;5;1;28;1510152820;28;255;1510152828;0
32;16;10;5;1;28;1510152846;28;255;1510152853;1
32;16;10;5;1;28;1510152921;28;255;1510152930;1
32;16;10;5;1;28;1510153617;28;255;1510153625;0
32;16;10;5;1;28;1510153792;28;255;1510153800;1
32;16;10;5;1;28;1510153816;28;255;1510153824;0
32;16;10;5;1;28;1510153888;28;255;1510153896;0
32;16;10;5;1;28;1510154585;28;255;1510154593;1
32;16;10;5;1;28;1510154761;28;255;1510154768;1
32;16;10;5;1;28;1510154786;28;255;1510154793;1
32;16;10;5;1;28;1510154854;28;255;1510154861;1
32;16;10;5;1;28;1510155542;28;255;1510155549;1
32;16;10;5;1;28;1510155715;28;255;1510155723;1
32;16;10;5;1;28;1510155743;28;255;1510155751;1
32;16;10;5;1;28;1510155816;28;255;1510155824;1
32;16;10;5;1;28;1510156528;28;255;1510156535;1
32;16;10;5;1;28;1510156699;28;255;1510156707;0
32;16;10;5;1;28;1510156730;28;255;1510156737;0
32;16;10;5;1;28;1510156802;28;255;1510156810;0
32;16;10;5;1;28;1510157516;28;255;1510157524;1
32;16;10;5;1;28;1510157702;28;255;1510157710;0
32;16;10;5;1;28;1510157728;28;255;1510157736;0
32;16;10;5;1;28;1510157799;28;255;1510157806;0
32;16;10;5;1;28;1510158485;28;255;1510158493;0
32;16;10;5;1;28;1510158665;28;255;1510158672;0
32;16;10;5;1;28;1510158697;28;255;1510158705;0
32;16;10;5;1;28;1510158760;28;255;1510158768;1
32;16;10;5;1;28;1510159440;28;255;1510159448;0
32;16;10;5;1;28;1510159623;28;255;1510159630;1
32;16;10;5;1;28;1510159652;28;255;1510159660;0
32;16;10;5;1;28;1510159719;28;255;1510159728;0
32;16;10;5;1;28;1510160422;28;255;1510160429;0
32;16;10;5;1;28;1510160597;28;255;1510160605;1
32;16;10;5;1;28;1510160628;28;255;1510160635;0
32;16;10;5;1;28;1510160697;28;255;1510160705;0
32;16;10;5;1;28;1510161399;28;255;1510161406;1
32;16;10;5;1;28;1510161574;28;255;1510161581;1
32;16;10;5;1;28;1510161611;28;255;1510161619;0
32;16;10;5;1;28;1510161669;28;255;1510161677;1
32;16;10;5;1;28;1510162365;28;255;1510162372;1
32;16;10;5;1;28;1510162534;28;255;1510162541;0
32;16;10;5;1;28;1510162576;28;255;1510162584;1
32;16;10;5;1;28;1510162634;28;255;1510162641;1
32;16;10;5;1;28;1510163315;28;255;1510163323;0
32;16;10;5;1;28;1510163497;28;255;1510163504;1
32;16;10;5;1;28;1510163558;28;255;1510163565;1
32;16;10;5;1;28;1510163585;28;255;1510163592;1
32;16;10;5;1;28;1510164257;28;255;1510164264;1
32;16;10;5;1;28;1510164440;28;255;1510164448;0
32;16;10;5;1;28;1510164500;28;255;1510164508;0
32;16;10;5;1;28;1510164530;28;255;1510164537;0
32;16;10;5;1;28;1510165199;28;255;1510165207;1
32;16;10;5;1;28;1510165382;28;255;1510165389;0
32;16;10;5;1;28;1510165443;28;255;1510165450;1
32;16;10;5;1;28;1510165473;28;255;1510165481;0
32;16;10;5;1;28;1510166143;28;255;1510166151;0
32;16;10;5;1;28;1510166324;28;255;1510166332;1
32;16;10;5;1;28;1510166386;28;255;1510166394;0
32;16;10;5;1;28;1510166416;28;255;1510166423;0
32;16;10;5;1;28;1510167086;28;255;1510167093;0
32;16;10;5;1;28;1510167267;28;255;1510167274;1
32;16;10;5;1;28;1510167328;28;255;1510167335;1
32;16;10;5;1;28;1510167359;28;255;1510167368;0
32;16;10;5;1;28;1510168029;28;255;1510168036;1
32;16;10;5;1;28;1510168208;28;255;1510168215;0
32;16;10;5;1;28;1510168271;28;255;1510168278;1
32;16;10;5;1;28;1510168305;28;255;1510168312;0
32;16;10;5;1;28;1510168969;28;255;1510168977;1
32;16;10;5;1;28;1510169150;28;255;1510169158;1
32;16;10;5;1;28;1510169213;28;255;1510169221;0
32;16;10;5;1;28;1510169245;28;255;1510169253;0
32;16;10;5;1;28;1510169913;28;255;1510169920;0
32;16;10;5;1;28;1510170094;28;255;1510170101;1
32;16;10;5;1;28;1510170157;28;255;1510170164;0
32;16;10;5;1;28;1510170187;28;255;1510170195;0
32;16;10;5;1;28;1510170855;28;255;1510170863;0
32;16;10;5;1;28;1510171035;28;255;1510171043;1
32;16;10;5;1;28;1510171101;28;255;1510171108;0
32;16;10;5;1;28;1510171129;28;255;1510171137;1
32;16;10;5;1;28;1510171796;28;255;1510171804;0
32;16;10;5;1;28;1510171978;28;255;1510171986;1
32;16;10;5;1;28;1510172044;28;255;1510172052;0
32;16;10;5;1;28;1510172073;28;255;1510172080;0
32;16;10;5;1;28;1510172739;28;255;1510172747;1
32;16;10;5;1;28;1510172919;28;255;1510172927;1
32;16;10;5;1;28;1510172985;28;255;1510172994;0
32;16;10;5;1;28;1510173017;28;255;1510173024;0
32;16;10;5;1;28;1510173682;28;255;1510173690;1
32;16;10;5;1;28;1510173860;28;255;1510173868;1
32;16;10;5;1;28;1510173930;28;255;1510173938;1
32;16;10;5;1;28;1510173958;28;255;1510173966;0
32;16;10;5;1;28;1510174627;28;255;1510174634;1
32;16;10;5;1;28;1510174804;28;255;1510174811;0
32;16;10;5;1;28;1510174873;28;255;1510174880;0
32;16;10;5;1;28;1510174899;28;255;1510174907;0
32;16;10;5;1;28;1510175570;28;255;1510175578;1
32;16;10;5;1;28;1510175744;28;255;1510175752;1
32;16;10;5;1;28;1510175815;28;255;1510175822;1
32;16;10;5;1;28;1510175841;28;255;1510175848;0
32;16;10;5;1;28;1510176515;28;255;1510176522;0
32;16;10;5;1;28;1510176685;28;255;1510176693;0
32;16;10;5;1;28;1510176756;28;255;1510176764;1
32;16;10;5;1;28;1510176782;28;255;1510176789;1
32;16;10;5;1;28;1510177457;28;255;1510177464;0
32;16;10;5;1;28;1510177628;28;255;1510177636;0
32;16;10;5;1;28;1510177699;28;255;1510177707;0
32;16;10;5;1;28;1510177722;28;255;1510177730;1
32;16;10;5;1;28;1510178400;28;255;1510178408;0
32;16;10;5;1;28;1510178572;28;255;1510178580;1
32;16;10;5;1;28;1510178641;28;255;1510178648;1
32;16;10;5;1;28;1510178665;28;255;1510178672;0
32;16;10;5;1;28;1510179343;28;255;1510179350;0
32;16;10;5;1;28;1510179516;28;255;1510179523;1
32;16;10;5;1;28;1510179581;28;255;1510179588;0
32;16;10;5;1;28;1510179606;28;255;1510179613;1
32;16;10;5;1;28;1510180286;28;255;1510180293;0
32;16;10;5;1;28;1510180458;28;255;1510180465;0
32;16;10;5;1;28;1510180522;28;255;1510180529;0
32;16;10;5;1;28;1510180549;28;255;1510180556;1
32;16;10;5;1;28;1510181231;28;255;1510181238;0
32;16;10;5;1;28;1510181400;28;255;1510181407;0
32;16;10;5;1;28;1510181464;28;255;1510181472;1
32;16;10;5;1;28;1510181492;28;255;1510181499;0
32;16;10;5;1;28;1510182174;28;255;1510182182;0
32;16;10;5;1;28;1510182343;28;255;1510182350;1
32;16;10;5;1;28;1510182407;28;255;1510182415;1
32;16;10;5;1;28;1510182434;28;255;1510182442;0
32;16;10;5;1;28;1510183118;28;255;1510183125;1
32;16;10;5;1;28;1510183284;28;255;1510183292;0
32;16;10;5;1;28;1510183349;28;255;1510183356;1
32;16;10;5;1;28;1510183375;28;255;1510183383;0
32;16;10;5;1;28;1510184060;28;255;1510184068;1
32;16;10;5;1;28;1510184227;28;255;1510184234;0
32;16;10;5;1;28;1510184291;28;255;1510184298;0
32;16;10;5;1;28;1510184317;28;255;1510184324;0
32;16;10;5;1;28;1510185004;28;255;1510185012;1
32;16;10;5;1;28;1510185170;28;255;1510185177;1
32;16;10;5;1;28;1510185234;28;255;1510185242;1
32;16;10;5;1;28;1510185257;28;255;1510185264;0
32;16;10;5;1;28;1510185946;28;255;1510185954;0
32;16;10;5;1;28;1510186114;28;255;1510186122;1
32;16;10;5;1;28;1510186177;28;255;1510186185;0
32;16;10;5;1;28;1510186200;28;255;1510186207;0
32;16;10;5;1;28;1510186888;28;255;1510186896;1
32;16;10;5;1;28;1510187057;28;255;1510187064;1
32;16;10;5;1;28;1510187117;28;255;1510187124;1
32;16;10;5;1;28;1510187140;28;255;1510187148;1
32;16;10;5;1;28;1510187831;28;255;1510187838;0
32;16;10;5;1;28;1510188000;28;255;1510188007;0
32;16;10;5;1;28;1510188059;28;255;1510188066;0
32;16;10;5;1;28;1510188083;28;255;1510188091;0
32;16;10;5;1;28;1510188772;28;255;1510188779;0
32;16;10;5;1;28;1510188942;28;255;1510188950;1
32;16;10;5;1;28;1510189000;28;255;1510189008;1
32;16;10;5;1;28;1510189027;28;255;1510189034;0
32;16;10;5;1;28;1510189712;28;255;1510189719;1
32;16;10;5;1;28;1510189886;28;255;1510189893;1
32;16;10;5;1;28;1510189941;28;255;1510189948;1
32;16;10;5;1;28;1510189971;28;255;1510189978;1
32;16;10;5;1;28;1510190652;28;255;1510190660;0
32;16;10;5;1;28;1510190827;28;255;1510190835;0
32;16;10;5;1;28;1510190880;28;255;1510190887;1
32;16;10;5;1;28;1510190914;28;255;1510190922;0
32;16;10;5;1;28;1510191594;28;255;1510191601;0
32;16;10;5;1;28;1510191772;28;255;1510191779;0
32;16;10;5;1;28;1510191821;28;255;1510191829;1
32;16;10;5;1;28;1510191857;28;255;1510191865;0
32;16;10;5;1;28;1510192538;28;255;1510192545;1
32;16;10;5;1;28;1510192714;28;255;1510192721;0
32;16;10;5;1;28;1510192762;28;255;1510192770;0
32;16;10;5;1;28;1510192801;28;255;1510192808;1
32;16;10;5;1;28;1510193478;28;255;1510193486;1
32;16;10;5;1;28;1510193655;28;255;1510193662;1
32;16;10;5;1;28;1510193705;28;255;1510193712;0
32;16;10;5;1;28;1510193744;28;255;1510193751;0
32;16;10;5;1;28;1510194418;28;255;1510194426;1
32;16;10;5;1;28;1510194597;28;255;1510194604;1
32;16;10;5;1;28;1510194647;28;255;1510194654;1
32;16;10;5;1;28;1510194686;28;255;1510194693;0
32;16;10;5;1;28;1510195362;28;255;1510195370;1
32;16;10;5;1;28;1510195541;28;255;1510195549;0
32;16;10;5;1;28;1510195589;28;255;1510195596;0
32;16;10;5;1;28;1510195628;28;255;1510195635;1
32;16;10;5;1;28;1510196304;28;255;1510196312;0
32;16;10;5;1;28;1510196486;28;255;1510196493;1
32;16;10;5;1;28;1510196532;28;255;1510196539;1
32;16;10;5;1;28;1510196568;28;255;1510196575;1
32;16;10;5;1;28;1510197248;28;255;1510197256;0
32;16;10;5;1;28;1510197426;28;255;1510197433;1
32;16;10;5;1;28;1510197475;28;255;1510197482;1
32;16;10;5;1;28;1510197508;28;255;1510197516;0
32;16;10;5;1;28;1510198189;28;255;1510198197;1
32;16;10;5;1;28;1510198368;28;255;1510198375;0
32;16;10;5;1;28;1510198420;28;255;1510198427;1
32;16;10;5;1;28;1510198450;28;255;1510198458;1
32;16;10;5;1;28;1510199130;28;255;1510199137;1
32;16;10;5;1;28;1510199308;28;255;1510199316;1
32;16;10;5;1;28;1510199366;28;255;1510199373;1
32;16;10;5;1;28;1510199392;28;255;1510199399;1
32;16;10;5;1;28;1510200072;28;255;1510200080;0
32;16;10;5;1;28;1510200250;28;255;1510200258;0
32;16;10;5;1;28;1510200311;28;255;1510200319;0
32;16;10;5;1;28;1510200332;28;255;1510200339;1
32;16;10;5;1;28;1510201013;28;255;1510201021;1
32;16;10;5;1;28;1510201190;28;255;1510201197;0
32;16;10;5;1;28;1510201255;28;255;1510201263;1
32;16;10;5;1;28;1510201271;28;255;1510201279;0
32;16;10;5;1;28;1510201956;28;255;1510201963;0
32;16;10;5;1;28;1510202132;28;255;1510202140;0
32;16;10;5;1;28;1510202199;28;255;1510202206;1
32;16;10;5;1;28;1510202214;28;255;1510202222;0
32;16;10;5;1;28;1510202897;28;255;1510202905;0
32;16;10;5;1;28;1510203077;28;255;1510203085;0
32;16;10;5;1;28;1510203139;28;255;1510203146;0
32;16;10;5;1;28;1510203157;28;255;1510203165;1
32;16;10;5;1;28;1510203838;28;255;1510203846;1
32;16;10;5;1;28;1510204020;28;255;1510204028;1
32;16;10;5;1;28;1510204081;28;255;1510204089;0
32;16;10;5;1;28;1510204103;28;255;1510204110;0
32;16;10;5;1;28;1510204778;28;255;1510204786;1
32;16;10;5;1;28;1510204960;28;255;1510204967;0
32;16;10;5;1;28;1510205023;28;255;1510205031;0
32;16;10;5;1;28;1510205046;28;255;1510205054;1
32;16;10;5;1;28;1510205722;28;255;1510205730;1
32;16;10;5;1;28;1510205902;28;255;1510205909;1
32;16;10;5;1;28;1510205969;28;255;1510205976;0
32;16;10;5;1;28;1510205989;28;255;1510205997;0
32;16;10;5;1;28;1510206664;28;255;1510206672;1
32;16;10;5;1;28;1510206844;28;255;1510206852;0
32;16;10;5;1;28;1510206910;28;255;1510206918;1
32;16;10;5;1;28;1510206932;28;255;1510206940;0
32;16;10;5;1;28;1510207607;28;255;1510207615;1
32;16;10;5;1;28;1510207787;28;255;1510207795;0
32;16;10;5;1;28;1510207853;28;255;1510207861;0
32;16;10;5;1;28;1510207874;28;255;1510207881;1
32;16;10;5;1;28;1510208547;28;255;1510208554;0
32;16;10;5;1;28;1510208729;28;255;1510208737;1
32;16;10;5;1;28;1510208795;28;255;1510208802;1
32;16;10;5;1;28;1510208815;28;255;1510208823;0
32;16;10;5;1;28;1510209489;28;255;1510209497;1
32;16;10;5;1;28;1510209672;28;255;1510209679;1
32;16;10;5;1;28;1510209738;28;255;1510209746;1
32;16;10;5;1;28;1510209758;28;255;1510209765;0
32;16;10;5;1;28;1510210433;28;255;1510210440;1
32;16;10;5;1;28;1510210612;28;255;1510210620;1
32;16;10;5;1;28;1510210680;28;255;1510210687;0
32;16;10;5;1;28;1510210702;28;255;1510210709;0
32;16;10;5;1;28;1510211376;28;255;1510211383;0
32;16;10;5;1;28;1510211554;28;255;1510211562;1
32;16;10;5;1;28;1510211621;28;255;1510211629;0
32;16;10;5;1;28;1510211643;28;255;1510211651;0
32;16;10;5;1;28;1510212318;28;255;1510212325;0
32;16;10;5;1;28;1510212496;28;255;1510212504;0
32;16;10;5;1;28;1510212561;28;255;1510212569;0
32;16;10;5;1;28;1510212585;28;255;1510212592;0
32;16;10;5;1;28;1510213260;28;255;1510213267;1
32;16;10;5;1;28;1510213439;28;255;1510213447;0
32;16;10;5;1;28;1510213506;28;255;1510213513;0
32;16;10;5;1;28;1510213528;28;255;1510213535;1
32;16;10;5;1;28;1510214202;28;255;1510214210;1
32;16;10;5;1;28;1510214381;28;255;1510214389;1
32;16;10;5;1;28;1510214447;28;255;1510214454;1
32;16;10;5;1;28;1510214472;28;255;1510214479;1
32;16;10;5;1;28;1510215146;28;255;1510215153;0
32;16;10;5;1;28;1510215322;28;255;1510215330;1
32;16;10;5;1;28;1510215388;28;255;1510215396;0
32;16;10;5;1;28;1510215415;28;255;1510215423;1
32;16;10;5;1;28;1510216086;28;255;1510216094;1
32;16;10;5;1;28;1510216262;28;255;1510216270;1
32;16;10;5;1;28;1510216330;28;255;1510216338;0
32;16;10;5;1;28;1510216358;28;255;1510216365;0
32;16;10;5;1;28;1510217029;28;255;1510217037;1
32;16;10;5;1;28;1510217205;28;255;1510217213;1
32;16;10;5;1;28;1510217272;28;255;1510217279;1
32;16;10;5;1;28;1510217301;28;255;1510217309;1
32;16;10;5;1;28;1510217972;28;255;1510217979;0
32;16;10;5;1;28;1510218148;28;255;1510218156;0
32;16;10;5;1;28;1510218214;28;255;1510218222;1
32;16;10;5;1;28;1510218244;28;255;1510218252;0
32;16;10;5;1;28;1510218917;28;255;1510218924;0
32;16;10;5;1;28;1510219108;28;255;1510219115;1
32;16;10;5;1;28;1510219164;28;255;1510219172;1
32;16;10;5;1;28;1510219199;28;255;1510219207;1
32;16;10;5;1;28;1510219912;28;255;1510219919;0
32;16;10;5;1;28;1510220108;28;255;1510220116;1
32;16;10;5;1;28;1510220169;28;255;1510220178;1
32;16;10;5;1;28;1510220205;28;255;1510220213;1
32;16;10;5;1;28;1510220935;28;255;1510220942;0
32;16;10;5;1;28;1510221118;28;255;1510221126;0
32;16;10;5;1;28;1510221163;28;255;1510221171;0
32;16;10;5;1;28;1510221203;28;255;1510221212;0
32;16;10;5;1;28;1510221908;28;255;1510221916;0
32;16;10;5;1;28;1510222099;28;255;1510222107;0
32;16;10;5;1;28;1510222156;28;255;1510222163;1
32;16;10;5;1;28;1510222222;28;255;1510222230;1
32;16;10;5;1;28;1510222916;28;255;1510222924;1
32;16;10;5;1;28;1510223117;28;255;1510223124;1
32;16;10;5;1;28;1510223169;28;255;1510223177;0
32;16;10;5;1;28;1510223235;28;255;1510223243;1
32;16;10;5;1;28;1510223939;28;255;1510223946;0
32;16;10;5;1;28;1510224131;28;255;1510224138;0
32;16;10;5;1;28;1510224191;28;255;1510224199;1
32;16;10;5;1;28;1510224243;28;255;1510224251;0
32;16;10;5;1;28;1510224945;28;255;1510224953;0
32;16;10;5;1;28;1510225135;28;255;1510225142;0
32;16;10;5;1;28;1510225185;28;255;1510225193;0
32;16;10;5;1;28;1510225241;28;255;1510225249;0
32;16;10;5;1;28;1510225938;28;255;1510225946;1
32;16;10;5;1;28;1510226133;28;255;1510226143;1
32;16;10;5;1;28;1510226192;28;255;1510226200;0
32;16;10;5;1;28;1510226242;28;255;1510226250;1
32;16;10;5;1;28;1510226956;28;255;1510226963;1
32;16;10;5;1;28;1510227136;28;255;1510227144;1
32;16;10;5;1;28;1510227190;28;255;1510227199;0
32;16;10;5;1;28;1510252929;28;255;1510252937;0
32;16;10;5;1;28;1510252932;28;255;1510252940;0
32;16;10;5;1;28;1510252938;28;255;1510252945;1
32;16;10;5;1;28;1510252939;28;255;1510252947;1
32;16;10;5;1;28;1510253896;28;255;1510253903;1
32;16;10;5;1;28;1510253898;28;255;1510253906;1
32;16;10;5;1;28;1510253901;28;255;1510253909;1
32;16;10;5;1;28;1510253919;28;255;1510253926;0
32;16;10;5;1;28;1510254830;28;255;1510254837;1
32;16;10;5;1;28;1510254831;28;255;1510254838;1
32;16;10;5;1;28;1510254832;28;255;1510254839;1
32;16;10;5;1;28;1510254853;28;255;1510254861;0
32;16;10;5;1;28;1510255762;28;255;1510255770;0
32;16;10;5;1;28;1510255763;28;255;1510255770;0
32;16;10;5;1;28;1510255766;28;255;1510255774;0
32;16;10;5;1;28;1510255788;28;255;1510255795;0
32;16;10;5;1;28;1510256693;28;255;1510256701;1
32;16;10;5;1;28;1510256695;28;255;1510256702;0
32;16;10;5;1;28;1510256702;28;255;1510256709;1
32;16;10;5;1;28;1510256722;28;255;1510256729;0
32;16;10;5;1;28;1510257624;28;255;1510257631;0
32;16;10;5;1;28;1510257626;28;255;1510257634;1
32;16;10;5;1;28;1510257637;28;255;1510257644;0
32;16;10;5;1;28;1510257658;28;255;1510257665;0
32;16;10;5;1;28;1510258555;28;255;1510258562;1
32;16;10;5;1;28;1510258558;28;255;1510258566;0
32;16;10;5;1;28;1510258573;28;255;1510258580;1
32;16;10;5;1;28;1510258593;28;255;1510258600;1
32;16;10;5;1;28;1510259486;28;255;1510259493;1
32;16;10;5;1;28;1510259490;28;255;1510259498;0
32;16;10;5;1;28;1510259508;28;255;1510259516;1
32;16;10;5;1;28;1510259527;28;255;1510259535;0
32;16;10;5;1;28;1510260416;28;255;1510260424;0
32;16;10;5;1;28;1510260423;28;255;1510260430;1
32;16;10;5;1;28;1510260444;28;255;1510260452;1
32;16;10;5;1;28;1510260462;28;255;1510260469;0
32;16;10;5;1;28;1510261349;28;255;1510261356;1
32;16;10;5;1;28;1510261355;28;255;1510261362;0
32;16;10;5;1;28;1510261380;28;255;1510261387;0
32;16;10;5;1;28;1510261399;28;255;1510261406;1
32;16;10;5;1;28;1510262279;28;255;1510262287;0
32;16;10;5;1;28;1510262286;28;255;1510262294;0
32;16;10;5;1;28;1510262315;28;255;1510262322;1
32;16;10;5;1;28;1510262334;28;255;1510262341;0
32;16;10;5;1;28;1510263210;28;255;1510263218;0
32;16;10;5;1;28;1510263217;28;255;1510263225;1
32;16;10;5;1;28;1510263250;28;255;1510263257;1
32;16;10;5;1;28;1510263269;28;255;1510263277;1
32;16;10;5;1;28;1510264141;28;255;1510264149;0
32;16;10;5;1;28;1510264149;28;255;1510264157;1
32;16;10;5;1;28;1510264187;28;255;1510264194;1
32;16;10;5;1;28;1510264204;28;255;1510264211;1
32;16;10;5;1;28;1510265074;28;255;1510265081;1
32;16;10;5;1;28;1510265081;28;255;1510265088;0
32;16;10;5;1;28;1510265123;28;255;1510265130;1
32;16;10;5;1;28;1510265139;28;255;1510265146;0
32;16;10;5;1;28;1510266004;28;255;1510266012;0
32;16;10;5;1;28;1510266012;28;255;1510266019;1
32;16;10;5;1;28;1510266059;28;255;1510266066;1
32;16;10;5;1;28;1510266075;28;255;1510266082;1
32;16;10;5;1;28;1510266935;28;255;1510266942;0
32;16;10;5;1;28;1510266944;28;255;1510266951;1
32;16;10;5;1;28;1510266995;28;255;1510267002;1
32;16;10;5;1;28;1510267009;28;255;1510267017;1
32;16;10;5;1;28;1510267866;28;255;1510267873;1
32;16;10;5;1;28;1510267875;28;255;1510267883;1
32;16;10;5;1;28;1510267933;28;255;1510267940;0
32;16;10;5;1;28;1510267944;28;255;1510267952;1
32;16;10;5;1;28;1510268796;28;255;1510268804;1
32;16;10;5;1;28;1510268807;28;255;1510268815;0
32;16;10;5;1;28;1510268870;28;255;1510268877;1
32;16;10;5;1;28;1510268879;28;255;1510268886;1
32;16;10;5;1;28;1510269728;28;255;1510269736;0
32;16;10;5;1;28;1510269739;28;255;1510269746;0
32;16;10;5;1;28;1510269806;28;255;1510269814;1
32;16;10;5;1;28;1510269815;28;255;1510269822;1
32;16;10;5;1;28;1510270659;28;255;1510270667;0
32;16;10;5;1;28;1510270672;28;255;1510270679;0
32;16;10;5;1;28;1510270744;28;255;1510270752;0
32;16;10;5;1;28;1510270750;28;255;1510270758;0
32;16;10;5;1;28;1510271590;28;255;1510271598;1
32;16;10;5;1;28;1510271605;28;255;1510271613;0
32;16;10;5;1;28;1510271679;28;255;1510271687;1
32;16;10;5;1;28;1510271686;28;255;1510271694;0
32;16;10;5;1;28;1510272522;28;255;1510272530;1
32;16;10;5;1;28;1510272542;28;255;1510272549;1
32;16;10;5;1;28;1510272611;28;255;1510272618;0
32;16;10;5;1;28;1510272621;28;255;1510272629;1
32;16;10;5;1;28;1510273453;28;255;1510273461;1
32;16;10;5;1;28;1510273479;28;255;1510273486;1
32;16;10;5;1;28;1510273542;28;255;1510273550;1
32;16;10;5;1;28;1510273558;28;255;1510273566;0
32;16;10;5;1;28;1510274384;28;255;1510274391;0
32;16;10;5;1;28;1510274415;28;255;1510274422;1
32;16;10;5;1;28;1510274474;28;255;1510274481;1
32;16;10;5;1;28;1510274494;28;255;1510274501;0
32;16;10;5;1;28;1510275315;28;255;1510275322;1
32;16;10;5;1;28;1510275352;28;255;1510275360;1
32;16;10;5;1;28;1510275406;28;255;1510275414;1
32;16;10;5;1;28;1510275429;28;255;1510275437;0
32;16;10;5;1;28;1510276246;28;255;1510276254;1
32;16;10;5;1;28;1510276289;28;255;1510276296;1
32;16;10;5;1;28;1510276342;28;255;1510276349;0
32;16;10;5;1;28;1510276361;28;255;1510276368;0
32;16;10;5;1;28;1510277179;28;255;1510277186;0
32;16;10;5;1;28;1510277225;28;255;1510277233;0
32;16;10;5;1;28;1510277278;28;255;1510277286;1
32;16;10;5;1;28;1510277292;28;255;1510277300;1
32;16;10;5;1;28;1510278109;28;255;1510278117;0
32;16;10;5;1;28;1510278162;28;255;1510278169;1
32;16;10;5;1;28;1510278214;28;255;1510278222;0
32;16;10;5;1;28;1510278223;28;255;1510278231;1
32;16;10;5;1;28;1510279041;28;255;1510279048;0
32;16;10;5;1;28;1510279099;28;255;1510279106;1
32;16;10;5;1;28;1510279150;28;255;1510279157;0
32;16;10;5;1;28;1510279155;28;255;1510279162;1
32;16;10;5;1;28;1510279971;28;255;1510279979;1
32;16;10;5;1;28;1510280036;28;255;1510280043;0
32;16;10;5;1;28;1510280086;28;255;1510280093;1
32;16;10;5;1;28;1510280087;28;255;1510280094;0
32;16;10;5;1;28;1510280902;28;255;1510280909;0
32;16;10;5;1;28;1510280973;28;255;1510280980;1
32;16;10;5;1;28;1510281018;28;255;1510281025;0
32;16;10;5;1;28;1510281022;28;255;1510281029;1
32;16;10;5;1;28;1510281833;28;255;1510281840;0
32;16;10;5;1;28;1510281912;28;255;1510281919;0
32;16;10;5;1;28;1510281949;28;255;1510281957;1
32;16;10;5;1;28;1510281957;28;255;1510281964;1
32;16;10;5;1;28;1510282764;28;255;1510282771;1
32;16;10;5;1;28;1510282851;28;255;1510282858;0
32;16;10;5;1;28;1510282881;28;255;1510282888;0
32;16;10;5;1;28;1510282893;28;255;1510282900;1
32;16;10;5;1;28;1510283695;28;255;1510283702;1
32;16;10;5;1;28;1510283788;28;255;1510283795;0
32;16;10;5;1;28;1510283812;28;255;1510283820;1
32;16;10;5;1;28;1510283828;28;255;1510283836;1
32;16;10;5;1;28;1510284625;28;255;1510284633;0
32;16;10;5;1;28;1510284726;28;255;1510284734;0
32;16;10;5;1;28;1510284744;28;255;1510284751;0
32;16;10;5;1;28;1510284763;28;255;1510284771;1
32;16;10;5;1;28;1510285556;28;255;1510285564;1
32;16;10;5;1;28;1510285663;28;255;1510285671;1
32;16;10;5;1;28;1510285679;28;255;1510285686;1
32;16;10;5;1;28;1510285695;28;255;1510285703;0
32;16;10;5;1;28;1510286487;28;255;1510286495;1
32;16;10;5;1;28;1510286601;28;255;1510286608;0
32;16;10;5;1;28;1510286615;28;255;1510286622;1
32;16;10;5;1;28;1510286627;28;255;1510286634;0
32;16;10;5;1;28;1510287418;28;255;1510287426;0
32;16;10;5;1;28;1510287538;28;255;1510287546;1
32;16;10;5;1;28;1510287552;28;255;1510287559;0
32;16;10;5;1;28;1510287558;28;255;1510287566;1
32;16;10;5;1;28;1510288350;28;255;1510288357;1
32;16;10;5;1;28;1510288476;28;255;1510288483;0
32;16;10;5;1;28;1510288488;28;255;1510288495;1
32;16;10;5;1;28;1510288490;28;255;1510288498;0
32;16;10;5;1;28;1510289282;28;255;1510289289;0
32;16;10;5;1;28;1510289414;28;255;1510289421;1
32;16;10;5;1;28;1510289421;28;255;1510289429;0
32;16;10;5;1;28;1510289422;28;255;1510289430;0
32;16;10;5;1;28;1510290215;28;255;1510290222;1
32;16;10;5;1;28;1510290352;28;255;1510290359;0
32;16;10;5;1;28;1510290353;28;255;1510290361;1
32;16;10;5;1;28;1510290357;28;255;1510290364;1
32;16;10;5;1;28;1510291147;28;255;1510291154;0
32;16;10;5;1;28;1510291285;28;255;1510291293;1
32;16;10;5;1;28;1510291290;28;255;1510291297;0
32;16;10;5;1;28;1510291292;28;255;1510291299;0
32;16;10;5;1;28;1510292079;28;255;1510292086;0
32;16;10;5;1;28;1510292217;28;255;1510292224;1
32;16;10;5;1;28;1510292227;28;255;1510292234;1
32;16;10;5;1;28;1510292227;28;255;1510292235;1
32;16;10;5;1;28;1510293011;28;255;1510293019;0
32;16;10;5;1;28;1510293148;28;255;1510293156;1
32;16;10;5;1;28;1510293161;28;255;1510293169;0
32;16;10;5;1;28;1510293165;28;255;1510293172;1
32;16;10;5;1;28;1510293944;28;255;1510293951;1
32;16;10;5;1;28;1510294080;28;255;1510294088;1
32;16;10;5;1;28;1510294096;28;255;1510294103;0
32;16;10;5;1;28;1510294104;28;255;1510294112;0
32;16;10;5;1;28;1510294877;28;255;1510294885;1
32;16;10;5;1;28;1510295012;28;255;1510295020;0
32;16;10;5;1;28;1510295030;28;255;1510295037;1
32;16;10;5;1;28;1510295043;28;255;1510295050;1
32;16;10;5;1;28;1510295810;28;255;1510295818;1
32;16;10;5;1;28;1510295944;28;255;1510295951;0
32;16;10;5;1;28;1510295964;28;255;1510295971;0
32;16;10;5;1;28;1510295981;28;255;1510295989;0
32;16;10;5;1;28;1510296743;28;255;1510296750;1
32;16;10;5;1;28;1510296876;28;255;1510296884;1
32;16;10;5;1;28;1510296900;28;255;1510296907;1
32;16;10;5;1;28;1510296918;28;255;1510296926;0
32;16;10;5;1;28;1510297676;28;255;1510297683;1
32;16;10;5;1;28;1510297808;28;255;1510297815;0
32;16;10;5;1;28;1510297834;28;255;1510297842;0
32;16;10;5;1;28;1510297856;28;255;1510297864;1
32;16;10;5;1;28;1510298608;28;255;1510298615;0
32;16;10;5;1;28;1510298739;28;255;1510298747;1
32;16;10;5;1;28;1510298770;28;255;1510298777;0
32;16;10;5;1;28;1510298794;28;255;1510298802;0
32;16;10;5;1;28;1510299540;28;255;1510299547;1
32;16;10;5;1;28;1510299671;28;255;1510299678;1
32;16;10;5;1;28;1510299705;28;255;1510299712;0
32;16;10;5;1;28;1510299732;28;255;1510299740;1
32;16;10;5;1;28;1510300472;28;255;1510300480;1
32;16;10;5;1;28;1510300603;28;255;1510300610;1
32;16;10;5;1;28;1510300640;28;255;1510300647;1
32;16;10;5;1;28;1510300671;28;255;1510300678;0
32;16;10;5;1;28;1510301406;28;255;1510301413;0
32;16;10;5;1;28;1510301535;28;255;1510301543;0
32;16;10;5;1;28;1510301578;28;255;1510301586;1
32;16;10;5;1;28;1510301605;28;255;1510301613;0
32;16;10;5;1;28;1510302339;28;255;1510302346;1
32;16;10;5;1;28;1510302467;28;255;1510302474;1
32;16;10;5;1;28;1510302517;28;255;1510302524;1
32;16;10;5;1;28;1510302541;28;255;1510302548;0
32;16;10;5;1;28;1510303303;28;255;1510303311;0
32;16;10;5;1;28;1510303444;28;255;1510303452;1
32;16;10;5;1;28;1510303500;28;255;1510303507;0
32;16;10;5;1;28;1510303532;28;255;1510303540;1
32;16;10;5;1;28;1510304277;28;255;1510304285;1
32;16;10;5;1;28;1510304421;28;255;1510304429;0
32;16;10;5;1;28;1510304469;28;255;1510304477;0
32;16;10;5;1;28;1510304520;28;255;1510304527;0
32;16;10;5;1;28;1510305260;28;255;1510305267;1
32;16;10;5;1;28;1510305383;28;255;1510305390;0
32;16;10;5;1;28;1510305439;28;255;1510305447;1
32;16;10;5;1;28;1510305487;28;255;1510305495;1
32;16;10;5;1;28;1510306217;28;255;1510306226;1
32;16;10;5;1;28;1510306360;28;255;1510306369;1
32;16;10;5;1;28;1510306410;28;255;1510306420;1
32;16;10;5;1;28;1510306501;28;255;1510306509;0
32;16;10;5;1;28;1510307243;28;255;1510307251;0
