32;16;10;5;1;3;1509981454;3;255;1509981460;1
32;16;10;5;1;3;1509981523;3;255;1509981529;1
32;16;10;5;1;3;1509981588;3;255;1509981594;1
32;16;10;5;1;3;1509981697;3;255;1509981705;1
32;16;10;5;1;3;1509982444;3;255;1509982451;1
32;16;10;5;1;3;1509982509;3;255;1509982516;1
32;16;10;5;1;3;1509982580;3;255;1509982588;1
32;16;10;5;1;3;1509982678;3;255;1509982685;1
32;16;10;5;1;3;1509983401;3;255;1509983407;1
32;16;10;5;1;3;1509983460;3;255;1509983466;1
32;16;10;5;1;3;1509983527;3;255;1509983534;1
32;16;10;5;1;3;1509983638;3;255;1509983645;1
32;16;10;5;1;3;1509984343;3;255;1509984349;1
32;16;10;5;1;3;1509984398;3;255;1509984405;1
32;16;10;5;1;3;1509984470;3;255;1509984476;1
32;16;10;5;1;3;1509984578;3;255;1509984585;1
32;16;10;5;1;3;1509985284;3;255;1509985290;1
32;16;10;5;1;3;1509985341;3;255;1509985347;1
32;16;10;5;1;3;1509985410;3;255;1509985417;1
32;16;10;5;1;3;1509985520;3;255;1509985526;1
32;16;10;5;1;3;1509986224;3;255;1509986231;1
32;16;10;5;1;3;1509986283;3;255;1509986289;1
32;16;10;5;1;3;1509986352;3;255;1509986359;1
32;16;10;5;1;3;1509986462;3;255;1509986468;1
32;16;10;5;1;3;1509987165;3;255;1509987171;1
32;16;10;5;1;3;1509987226;3;255;1509987232;1
32;16;10;5;1;3;1509987292;3;255;1509987298;1
32;16;10;5;1;3;1509987405;3;255;1509987411;1
32;16;10;5;1;3;1509988106;3;255;1509988113;1
32;16;10;5;1;3;1509988169;3;255;1509988176;1
32;16;10;5;1;3;1509988232;3;255;1509988238;1
32;16;10;5;1;3;1509988346;3;255;1509988352;1
32;16;10;5;1;3;1509989048;3;255;1509989055;1
32;16;10;5;1;3;1509989110;3;255;1509989117;1
32;16;10;5;1;3;1509989175;3;255;1509989181;1
32;16;10;5;1;3;1509989287;3;255;1509989294;1
32;16;10;5;1;3;1509989990;3;255;1509989996;1
32;16;10;5;1;3;1509990053;3;255;1509990060;1
32;16;10;5;1;3;1509990116;3;255;1509990123;1
32;16;10;5;1;3;1509990230;3;255;1509990237;1
32;16;10;5;1;3;1509990932;3;255;1509990938;1
32;16;10;5;1;3;1509990994;3;255;1509991001;1
32;16;10;5;1;3;1509991057;3;255;1509991063;1
32;16;10;5;1;3;1509991172;3;255;1509991179;1
32;16;10;5;1;3;1509991874;3;255;1509991881;1
32;16;10;5;1;3;1509991936;3;255;1509991942;1
32;16;10;5;1;3;1509991997;3;255;1509992003;1
32;16;10;5;1;3;1509992114;3;255;1509992120;1
32;16;10;5;1;3;1509992817;3;255;1509992824;1
32;16;10;5;1;3;1509992876;3;255;1509992883;1
32;16;10;5;1;3;1509992937;3;255;1509992944;1
32;16;10;5;1;3;1509993055;3;255;1509993062;1
32;16;10;5;1;3;1509993758;3;255;1509993764;1
32;16;10;5;1;3;1509993818;3;255;1509993824;1
32;16;10;5;1;3;1509993879;3;255;1509993885;1
32;16;10;5;1;3;1509993997;3;255;1509994003;1
32;16;10;5;1;3;1509994699;3;255;1509994705;1
32;16;10;5;1;3;1509994759;3;255;1509994765;1
32;16;10;5;1;3;1509994819;3;255;1509994826;1
32;16;10;5;1;3;1509994939;3;255;1509994945;1
32;16;10;5;1;3;1509995645;3;255;1509995651;1
32;16;10;5;1;3;1509995700;3;255;1509995707;1
32;16;10;5;1;3;1509995777;3;255;1509995783;1
32;16;10;5;1;3;1509995881;3;255;1509995888;1
32;16;10;5;1;3;1509996588;3;255;1509996595;1
32;16;10;5;1;3;1509996642;3;255;1509996649;1
32;16;10;5;1;3;1509996720;3;255;1509996726;1
32;16;10;5;1;3;1509996821;3;255;1509996828;1
32;16;10;5;1;3;1509997530;3;255;1509997537;1
32;16;10;5;1;3;1509997586;3;255;1509997593;1
32;16;10;5;1;3;1509997660;3;255;1509997667;1
32;16;10;5;1;3;1509997762;3;255;1509997768;1
32;16;10;5;1;3;1509998471;3;255;1509998478;1
32;16;10;5;1;3;1509998527;3;255;1509998534;1
32;16;10;5;1;3;1509998601;3;255;1509998607;1
32;16;10;5;1;3;1509998705;3;255;1509998711;1
32;16;10;5;1;3;1509999416;3;255;1509999423;1
32;16;10;5;1;3;1509999468;3;255;1509999475;1
32;16;10;5;1;3;1509999540;3;255;1509999547;1
32;16;10;5;1;3;1509999644;3;255;1509999650;1
32;16;10;5;1;3;1510000357;3;255;1510000364;1
32;16;10;5;1;3;1510000413;3;255;1510000419;1
32;16;10;5;1;3;1510000481;3;255;1510000487;1
32;16;10;5;1;3;1510000583;3;255;1510000590;1
32;16;10;5;1;3;1510001299;3;255;1510001306;1
32;16;10;5;1;3;1510001355;3;255;1510001362;1
32;16;10;5;1;3;1510001421;3;255;1510001428;1
32;16;10;5;1;3;1510001524;3;255;1510001530;1
32;16;10;5;1;3;1510002241;3;255;1510002247;1
32;16;10;5;1;3;1510002298;3;255;1510002305;1
32;16;10;5;1;3;1510002362;3;255;1510002369;1
32;16;10;5;1;3;1510002464;3;255;1510002470;1
32;16;10;5;1;3;1510003182;3;255;1510003189;1
32;16;10;5;1;3;1510003242;3;255;1510003248;1
32;16;10;5;1;3;1510003305;3;255;1510003312;1
32;16;10;5;1;3;1510003406;3;255;1510003412;1
32;16;10;5;1;3;1510004122;3;255;1510004128;1
32;16;10;5;1;3;1510004181;3;255;1510004188;1
32;16;10;5;1;3;1510004250;3;255;1510004256;1
32;16;10;5;1;3;1510004349;3;255;1510004355;1
32;16;10;5;1;3;1510005064;3;255;1510005070;1
32;16;10;5;1;3;1510005123;3;255;1510005129;1
32;16;10;5;1;3;1510005190;3;255;1510005197;1
32;16;10;5;1;3;1510005290;3;255;1510005296;1
32;16;10;5;1;3;1510006005;3;255;1510006011;1
32;16;10;5;1;3;1510006063;3;255;1510006070;1
32;16;10;5;1;3;1510006135;3;255;1510006142;1
32;16;10;5;1;3;1510006230;3;255;1510006237;1
32;16;10;5;1;3;1510006944;3;255;1510006950;1
32;16;10;5;1;3;1510007004;3;255;1510007010;1
32;16;10;5;1;3;1510007079;3;255;1510007086;1
32;16;10;5;1;3;1510007170;3;255;1510007176;1
32;16;10;5;1;3;1510007884;3;255;1510007891;1
32;16;10;5;1;3;1510007942;3;255;1510007949;1
32;16;10;5;1;3;1510008021;3;255;1510008028;1
32;16;10;5;1;3;1510008114;3;255;1510008120;1
32;16;10;5;1;3;1510008826;3;255;1510008832;1
32;16;10;5;1;3;1510008883;3;255;1510008889;1
32;16;10;5;1;3;1510008963;3;255;1510008969;1
32;16;10;5;1;3;1510009056;3;255;1510009062;1
32;16;10;5;1;3;1510009769;3;255;1510009775;1
32;16;10;5;1;3;1510009824;3;255;1510009830;1
32;16;10;5;1;3;1510009905;3;255;1510009911;1
32;16;10;5;1;3;1510009998;3;255;1510010004;1
32;16;10;5;1;3;1510010708;3;255;1510010714;1
32;16;10;5;1;3;1510010765;3;255;1510010771;1
32;16;10;5;1;3;1510010846;3;255;1510010853;1
32;16;10;5;1;3;1510010941;3;255;1510010948;1
32;16;10;5;1;3;1510011647;3;255;1510011653;1
32;16;10;5;1;3;1510011709;3;255;1510011715;1
32;16;10;5;1;3;1510011788;3;255;1510011795;1
32;16;10;5;1;3;1510011881;3;255;1510011888;1
32;16;10;5;1;3;1510012590;3;255;1510012596;1
32;16;10;5;1;3;1510012653;3;255;1510012659;1
32;16;10;5;1;3;1510012728;3;255;1510012735;1
32;16;10;5;1;3;1510012822;3;255;1510012829;1
32;16;10;5;1;3;1510013533;3;255;1510013539;1
32;16;10;5;1;3;1510013596;3;255;1510013603;1
32;16;10;5;1;3;1510013669;3;255;1510013675;1
32;16;10;5;1;3;1510013764;3;255;1510013771;1
32;16;10;5;1;3;1510014474;3;255;1510014481;1
32;16;10;5;1;3;1510014537;3;255;1510014544;1
32;16;10;5;1;3;1510014610;3;255;1510014617;1
32;16;10;5;1;3;1510014705;3;255;1510014712;1
32;16;10;5;1;3;1510015415;3;255;1510015422;1
32;16;10;5;1;3;1510015478;3;255;1510015485;1
32;16;10;5;1;3;1510015550;3;255;1510015557;1
32;16;10;5;1;3;1510015647;3;255;1510015654;1
32;16;10;5;1;3;1510016357;3;255;1510016363;1
32;16;10;5;1;3;1510016420;3;255;1510016426;1
32;16;10;5;1;3;1510016492;3;255;1510016499;1
32;16;10;5;1;3;1510016588;3;255;1510016594;1
32;16;10;5;1;3;1510017298;3;255;1510017304;1
32;16;10;5;1;3;1510017364;3;255;1510017370;1
32;16;10;5;1;3;1510017432;3;255;1510017439;1
32;16;10;5;1;3;1510017529;3;255;1510017536;1
32;16;10;5;1;3;1510018237;3;255;1510018244;1
32;16;10;5;1;3;1510018306;3;255;1510018312;1
32;16;10;5;1;3;1510018374;3;255;1510018381;1
32;16;10;5;1;3;1510018472;3;255;1510018478;1
32;16;10;5;1;3;1510019179;3;255;1510019185;1
32;16;10;5;1;3;1510019249;3;255;1510019256;1
32;16;10;5;1;3;1510019314;3;255;1510019320;1
32;16;10;5;1;3;1510019413;3;255;1510019420;1
32;16;10;5;1;3;1510020120;3;255;1510020126;1
32;16;10;5;1;3;1510020194;3;255;1510020201;1
32;16;10;5;1;3;1510020254;3;255;1510020261;1
32;16;10;5;1;3;1510020352;3;255;1510020359;1
32;16;10;5;1;3;1510021062;3;255;1510021068;1
32;16;10;5;1;3;1510021135;3;255;1510021142;1
32;16;10;5;1;3;1510021195;3;255;1510021202;1
32;16;10;5;1;3;1510021295;3;255;1510021301;1
32;16;10;5;1;3;1510022002;3;255;1510022008;1
32;16;10;5;1;3;1510022075;3;255;1510022082;1
32;16;10;5;1;3;1510022137;3;255;1510022144;1
32;16;10;5;1;3;1510022236;3;255;1510022243;1
32;16;10;5;1;3;1510022942;3;255;1510022949;1
32;16;10;5;1;3;1510023015;3;255;1510023022;1
32;16;10;5;1;3;1510023082;3;255;1510023089;1
32;16;10;5;1;3;1510023176;3;255;1510023182;1
32;16;10;5;1;3;1510023886;3;255;1510023892;1
32;16;10;5;1;3;1510023957;3;255;1510023964;1
32;16;10;5;1;3;1510024024;3;255;1510024030;1
32;16;10;5;1;3;1510024117;3;255;1510024124;1
32;16;10;5;1;3;1510024828;3;255;1510024835;1
32;16;10;5;1;3;1510024898;3;255;1510024904;1
32;16;10;5;1;3;1510024966;3;255;1510024972;1
32;16;10;5;1;3;1510025059;3;255;1510025065;1
32;16;10;5;1;3;1510025773;3;255;1510025779;1
32;16;10;5;1;3;1510025838;3;255;1510025844;1
32;16;10;5;1;3;1510025907;3;255;1510025914;1
32;16;10;5;1;3;1510025998;3;255;1510026005;1
32;16;10;5;1;3;1510026713;3;255;1510026720;1
32;16;10;5;1;3;1510026779;3;255;1510026786;1
32;16;10;5;1;3;1510026849;3;255;1510026856;1
32;16;10;5;1;3;1510026940;3;255;1510026947;1
32;16;10;5;1;3;1510027654;3;255;1510027661;1
32;16;10;5;1;3;1510027719;3;255;1510027726;1
32;16;10;5;1;3;1510027792;3;255;1510027798;1
32;16;10;5;1;3;1510027880;3;255;1510027887;1
32;16;10;5;1;3;1510028596;3;255;1510028603;1
32;16;10;5;1;3;1510028663;3;255;1510028669;1
32;16;10;5;1;3;1510028734;3;255;1510028741;1
32;16;10;5;1;3;1510028819;3;255;1510028826;1
32;16;10;5;1;3;1510029539;3;255;1510029546;1
32;16;10;5;1;3;1510029604;3;255;1510029611;1
32;16;10;5;1;3;1510029673;3;255;1510029680;1
32;16;10;5;1;3;1510029761;3;255;1510029767;1
32;16;10;5;1;3;1510030478;3;255;1510030485;1
32;16;10;5;1;3;1510030548;3;255;1510030555;1
32;16;10;5;1;3;1510030621;3;255;1510030627;1
32;16;10;5;1;3;1510030701;3;255;1510030708;1
32;16;10;5;1;3;1510031421;3;255;1510031428;1
32;16;10;5;1;3;1510031487;3;255;1510031494;1
32;16;10;5;1;3;1510031561;3;255;1510031568;1
32;16;10;5;1;3;1510031643;3;255;1510031650;1
32;16;10;5;1;3;1510032361;3;255;1510032367;1
32;16;10;5;1;3;1510032429;3;255;1510032435;1
32;16;10;5;1;3;1510032506;3;255;1510032512;1
32;16;10;5;1;3;1510032585;3;255;1510032592;1
32;16;10;5;1;3;1510033303;3;255;1510033309;1
32;16;10;5;1;3;1510033369;3;255;1510033376;1
32;16;10;5;1;3;1510033447;3;255;1510033454;1
32;16;10;5;1;3;1510033525;3;255;1510033532;1
32;16;10;5;1;3;1510034246;3;255;1510034252;1
32;16;10;5;1;3;1510034311;3;255;1510034318;1
32;16;10;5;1;3;1510034387;3;255;1510034393;1
32;16;10;5;1;3;1510034465;3;255;1510034472;1
32;16;10;5;1;3;1510035186;3;255;1510035193;1
32;16;10;5;1;3;1510035253;3;255;1510035260;1
32;16;10;5;1;3;1510035327;3;255;1510035333;1
32;16;10;5;1;3;1510035408;3;255;1510035415;1
32;16;10;5;1;3;1510036128;3;255;1510036135;1
32;16;10;5;1;3;1510036195;3;255;1510036202;1
32;16;10;5;1;3;1510036270;3;255;1510036277;1
32;16;10;5;1;3;1510036347;3;255;1510036353;1
32;16;10;5;1;3;1510037070;3;255;1510037077;1
32;16;10;5;1;3;1510037138;3;255;1510037144;1
32;16;10;5;1;3;1510037210;3;255;1510037217;1
32;16;10;5;1;3;1510037287;3;255;1510037293;1
32;16;10;5;1;3;1510038012;3;255;1510038019;1
32;16;10;5;1;3;1510038080;3;255;1510038087;1
32;16;10;5;1;3;1510038151;3;255;1510038157;1
32;16;10;5;1;3;1510038229;3;255;1510038236;1
32;16;10;5;1;3;1510038954;3;255;1510038961;1
32;16;10;5;1;3;1510039022;3;255;1510039028;1
32;16;10;5;1;3;1510039092;3;255;1510039099;1
32;16;10;5;1;3;1510039169;3;255;1510039176;1
32;16;10;5;1;3;1510039896;3;255;1510039902;1
32;16;10;5;1;3;1510039962;3;255;1510039968;1
32;16;10;5;1;3;1510040035;3;255;1510040042;1
32;16;10;5;1;3;1510040111;3;255;1510040117;1
32;16;10;5;1;3;1510040837;3;255;1510040843;1
32;16;10;5;1;3;1510040903;3;255;1510040910;1
32;16;10;5;1;3;1510040979;3;255;1510040985;1
32;16;10;5;1;3;1510041050;3;255;1510041057;1
32;16;10;5;1;3;1510041779;3;255;1510041785;1
32;16;10;5;1;3;1510041846;3;255;1510041852;1
32;16;10;5;1;3;1510041922;3;255;1510041928;1
32;16;10;5;1;3;1510041990;3;255;1510041997;1
32;16;10;5;1;3;1510042720;3;255;1510042726;1
32;16;10;5;1;3;1510042787;3;255;1510042793;1
32;16;10;5;1;3;1510042864;3;255;1510042870;1
32;16;10;5;1;3;1510042933;3;255;1510042939;1
32;16;10;5;1;3;1510043659;3;255;1510043666;1
32;16;10;5;1;3;1510043731;3;255;1510043737;1
32;16;10;5;1;3;1510043803;3;255;1510043810;1
32;16;10;5;1;3;1510043876;3;255;1510043882;1
32;16;10;5;1;3;1510044610;3;255;1510044618;1
32;16;10;5;1;3;1510044681;3;255;1510044687;1
32;16;10;5;1;3;1510044754;3;255;1510044761;1
32;16;10;5;1;3;1510044830;3;255;1510044837;1
32;16;10;5;1;3;1510045609;3;255;1510045616;1
32;16;10;5;1;3;1510045683;3;255;1510045689;1
32;16;10;5;1;3;1510045758;3;255;1510045765;1
32;16;10;5;1;3;1510045839;3;255;1510045845;1
32;16;10;5;1;3;1510046619;3;255;1510046626;1
32;16;10;5;1;3;1510046628;3;255;1510046635;1
32;16;10;5;1;3;1510046638;3;255;1510046645;1
32;16;10;5;1;3;1510046643;3;255;1510046650;1
32;16;10;5;1;3;1510047584;3;255;1510047590;1
32;16;10;5;1;3;1510047602;3;255;1510047609;1
32;16;10;5;1;3;1510047605;3;255;1510047612;1
32;16;10;5;1;3;1510047606;3;255;1510047613;1
32;16;10;5;1;3;1510048558;3;255;1510048565;1
32;16;10;5;1;3;1510048572;3;255;1510048578;1
32;16;10;5;1;3;1510048575;3;255;1510048582;1
32;16;10;5;1;3;1510048583;3;255;1510048589;1
32;16;10;5;1;3;1510049594;3;255;1510049601;1
32;16;10;5;1;3;1510049601;3;255;1510049608;1
32;16;10;5;1;3;1510049616;3;255;1510049623;1
32;16;10;5;1;3;1510050551;3;255;1510050558;1
32;16;10;5;1;3;1510050559;3;255;1510050565;1
32;16;10;5;1;3;1510050575;3;255;1510050582;1
32;16;10;5;1;3;1510051511;3;255;1510051517;1
32;16;10;5;1;3;1510051517;3;255;1510051524;1
32;16;10;5;1;3;1510051536;3;255;1510051542;1
32;16;10;5;1;3;1510052468;3;255;1510052474;1
32;16;10;5;1;3;1510052474;3;255;1510052480;1
32;16;10;5;1;3;1510052492;3;255;1510052499;1
32;16;10;5;1;3;1510053424;3;255;1510053430;1
32;16;10;5;1;3;1510053430;3;255;1510053437;1
32;16;10;5;1;3;1510053450;3;255;1510053456;1
32;16;10;5;1;3;1510054382;3;255;1510054389;1
32;16;10;5;1;3;1510054390;3;255;1510054396;1
32;16;10;5;1;3;1510054409;3;255;1510054415;1
32;16;10;5;1;3;1510055345;3;255;1510055351;1
32;16;10;5;1;3;1510055357;3;255;1510055364;1
32;16;10;5;1;3;1510055374;3;255;1510055382;1
32;16;10;5;1;3;1510056314;3;255;1510056320;1
32;16;10;5;1;3;1510056331;3;255;1510056338;1
32;16;10;5;1;3;1510056355;3;255;1510056362;1
32;16;10;5;1;3;1510057265;3;255;1510057272;1
32;16;10;5;1;3;1510057287;3;255;1510057293;1
32;16;10;5;1;3;1510057314;3;255;1510057320;1
32;16;10;5;1;3;1510058207;3;255;1510058214;1
32;16;10;5;1;3;1510058228;3;255;1510058235;1
32;16;10;5;1;3;1510058255;3;255;1510058262;1
32;16;10;5;1;3;1510059147;3;255;1510059154;1
32;16;10;5;1;3;1510059169;3;255;1510059175;1
32;16;10;5;1;3;1510059196;3;255;1510059203;1
32;16;10;5;1;3;1510060092;3;255;1510060099;1
32;16;10;5;1;3;1510060113;3;255;1510060119;1
32;16;10;5;1;3;1510060144;3;255;1510060150;1
32;16;10;5;1;3;1510061054;3;255;1510061060;1
32;16;10;5;1;3;1510061072;3;255;1510061078;1
32;16;10;5;1;3;1510061106;3;255;1510061113;1
32;16;10;5;1;3;1510062040;3;255;1510062048;1
32;16;10;5;1;3;1510062048;3;255;1510062055;1
32;16;10;5;1;3;1510062093;3;255;1510062100;1
32;16;10;5;1;3;1510063008;3;255;1510063014;1
32;16;10;5;1;3;1510063013;3;255;1510063019;1
32;16;10;5;1;3;1510063055;3;255;1510063062;1
32;16;10;5;1;3;1510063959;3;255;1510063966;1
32;16;10;5;1;3;1510063962;3;255;1510063968;1
32;16;10;5;1;3;1510064006;3;255;1510064012;1
32;16;10;5;1;3;1510064929;3;255;1510064935;1
32;16;10;5;1;3;1510064932;3;255;1510064939;1
32;16;10;5;1;3;1510064979;3;255;1510064985;1
32;16;10;5;1;3;1510065890;3;255;1510065897;1
32;16;10;5;1;3;1510065891;3;255;1510065898;1
32;16;10;5;1;3;1510065942;3;255;1510065949;1
32;16;10;5;1;3;1510066852;3;255;1510066859;1
32;16;10;5;1;3;1510066853;3;255;1510066860;1
32;16;10;5;1;3;1510066904;3;255;1510066911;1
32;16;10;5;1;3;1510067813;3;255;1510067819;1
32;16;10;5;1;3;1510067816;3;255;1510067822;1
32;16;10;5;1;3;1510067868;3;255;1510067875;1
32;16;10;5;1;3;1510068761;3;255;1510068768;1
32;16;10;5;1;3;1510068763;3;255;1510068770;1
32;16;10;5;1;3;1510068816;3;255;1510068823;1
32;16;10;5;1;3;1510069720;3;255;1510069727;1
32;16;10;5;1;3;1510069735;3;255;1510069742;1
32;16;10;5;1;3;1510069780;3;255;1510069787;1
32;16;10;5;1;3;1510070685;3;255;1510070692;1
32;16;10;5;1;3;1510070698;3;255;1510070704;1
32;16;10;5;1;3;1510070745;3;255;1510070752;1
32;16;10;5;1;3;1510071659;3;255;1510071666;1
32;16;10;5;1;3;1510071666;3;255;1510071672;1
32;16;10;5;1;3;1510071710;3;255;1510071716;1
32;16;10;5;1;3;1510072613;3;255;1510072620;1
32;16;10;5;1;3;1510072619;3;255;1510072626;1
32;16;10;5;1;3;1510072660;3;255;1510072666;1
32;16;10;5;1;3;1510073557;3;255;1510073563;1
32;16;10;5;1;3;1510073563;3;255;1510073569;1
32;16;10;5;1;3;1510073603;3;255;1510073610;1
32;16;10;5;1;3;1510074500;3;255;1510074507;1
32;16;10;5;1;3;1510074506;3;255;1510074512;1
32;16;10;5;1;3;1510074547;3;255;1510074553;1
32;16;10;5;1;3;1510075277;3;255;1510075285;1
32;16;10;5;1;3;1510075464;3;255;1510075471;1
32;16;10;5;1;3;1510075477;3;255;1510075483;1
32;16;10;5;1;3;1510075518;3;255;1510075527;1
32;16;10;5;1;3;1510076254;3;255;1510076260;1
32;16;10;5;1;3;1510076425;3;255;1510076431;1
32;16;10;5;1;3;1510076431;3;255;1510076437;1
32;16;10;5;1;3;1510076471;3;255;1510076478;1
32;16;10;5;1;3;1510077194;3;255;1510077201;1
32;16;10;5;1;3;1510077364;3;255;1510077371;1
32;16;10;5;1;3;1510077371;3;255;1510077377;1
32;16;10;5;1;3;1510077411;3;255;1510077417;1
32;16;10;5;1;3;1510078133;3;255;1510078139;1
32;16;10;5;1;3;1510078303;3;255;1510078310;1
32;16;10;5;1;3;1510078311;3;255;1510078318;1
32;16;10;5;1;3;1510078351;3;255;1510078358;1
32;16;10;5;1;3;1510079072;3;255;1510079078;1
32;16;10;5;1;3;1510079243;3;255;1510079250;1
32;16;10;5;1;3;1510079251;3;255;1510079257;1
32;16;10;5;1;3;1510079291;3;255;1510079298;1
32;16;10;5;1;3;1510080013;3;255;1510080020;1
32;16;10;5;1;3;1510080182;3;255;1510080189;1
32;16;10;5;1;3;1510080190;3;255;1510080196;1
32;16;10;5;1;3;1510080232;3;255;1510080238;1
32;16;10;5;1;3;1510080954;3;255;1510080960;1
32;16;10;5;1;3;1510081122;3;255;1510081129;1
32;16;10;5;1;3;1510081128;3;255;1510081135;1
32;16;10;5;1;3;1510081173;3;255;1510081179;1
32;16;10;5;1;3;1510081894;3;255;1510081900;1
32;16;10;5;1;3;1510082062;3;255;1510082068;1
32;16;10;5;1;3;1510082068;3;255;1510082075;1
32;16;10;5;1;3;1510082112;3;255;1510082119;1
32;16;10;5;1;3;1510082831;3;255;1510082837;1
32;16;10;5;1;3;1510083002;3;255;1510083009;1
32;16;10;5;1;3;1510083010;3;255;1510083016;1
32;16;10;5;1;3;1510083053;3;255;1510083059;1
32;16;10;5;1;3;1510083770;3;255;1510083777;1
32;16;10;5;1;3;1510083940;3;255;1510083947;1
32;16;10;5;1;3;1510083952;3;255;1510083959;1
32;16;10;5;1;3;1510083992;3;255;1510083999;1
32;16;10;5;1;3;1510084709;3;255;1510084716;1
32;16;10;5;1;3;1510084881;3;255;1510084887;1
32;16;10;5;1;3;1510084893;3;255;1510084900;1
32;16;10;5;1;3;1510084933;3;255;1510084939;1
32;16;10;5;1;3;1510085648;3;255;1510085655;1
32;16;10;5;1;3;1510085822;3;255;1510085829;1
32;16;10;5;1;3;1510085835;3;255;1510085841;1
32;16;10;5;1;3;1510085872;3;255;1510085879;1
32;16;10;5;1;3;1510086587;3;255;1510086593;1
32;16;10;5;1;3;1510086762;3;255;1510086769;1
32;16;10;5;1;3;1510086776;3;255;1510086783;1
32;16;10;5;1;3;1510086812;3;255;1510086819;1
32;16;10;5;1;3;1510087527;3;255;1510087534;1
32;16;10;5;1;3;1510087703;3;255;1510087710;1
32;16;10;5;1;3;1510087716;3;255;1510087722;1
32;16;10;5;1;3;1510087751;3;255;1510087757;1
32;16;10;5;1;3;1510088467;3;255;1510088474;1
32;16;10;5;1;3;1510088643;3;255;1510088650;1
32;16;10;5;1;3;1510088655;3;255;1510088662;1
32;16;10;5;1;3;1510088690;3;255;1510088697;1
32;16;10;5;1;3;1510089407;3;255;1510089413;1
32;16;10;5;1;3;1510089583;3;255;1510089589;1
32;16;10;5;1;3;1510089597;3;255;1510089603;1
32;16;10;5;1;3;1510089632;3;255;1510089638;1
32;16;10;5;1;3;1510090345;3;255;1510090352;1
32;16;10;5;1;3;1510090522;3;255;1510090529;1
32;16;10;5;1;3;1510090537;3;255;1510090543;1
32;16;10;5;1;3;1510090575;3;255;1510090582;1
32;16;10;5;1;3;1510091285;3;255;1510091291;1
32;16;10;5;1;3;1510091462;3;255;1510091469;1
32;16;10;5;1;3;1510091477;3;255;1510091483;1
32;16;10;5;1;3;1510091515;3;255;1510091522;1
32;16;10;5;1;3;1510092224;3;255;1510092230;1
32;16;10;5;1;3;1510092403;3;255;1510092410;1
32;16;10;5;1;3;1510092417;3;255;1510092423;1
32;16;10;5;1;3;1510092455;3;255;1510092461;1
32;16;10;5;1;3;1510093164;3;255;1510093170;1
32;16;10;5;1;3;1510093342;3;255;1510093349;1
32;16;10;5;1;3;1510093358;3;255;1510093365;1
32;16;10;5;1;3;1510093396;3;255;1510093403;1
32;16;10;5;1;3;1510094103;3;255;1510094110;1
32;16;10;5;1;3;1510094281;3;255;1510094287;1
32;16;10;5;1;3;1510094297;3;255;1510094303;1
32;16;10;5;1;3;1510094338;3;255;1510094345;1
32;16;10;5;1;3;1510095046;3;255;1510095052;1
32;16;10;5;1;3;1510095221;3;255;1510095227;1
32;16;10;5;1;3;1510095236;3;255;1510095242;1
32;16;10;5;1;3;1510095278;3;255;1510095285;1
32;16;10;5;1;3;1510095988;3;255;1510095994;1
32;16;10;5;1;3;1510096160;3;255;1510096166;1
32;16;10;5;1;3;1510096174;3;255;1510096180;1
32;16;10;5;1;3;1510096219;3;255;1510096225;1
32;16;10;5;1;3;1510096929;3;255;1510096936;1
32;16;10;5;1;3;1510097099;3;255;1510097106;1
32;16;10;5;1;3;1510097114;3;255;1510097120;1
32;16;10;5;1;3;1510097160;3;255;1510097167;1
32;16;10;5;1;3;1510097868;3;255;1510097874;1
32;16;10;5;1;3;1510098041;3;255;1510098047;1
32;16;10;5;1;3;1510098052;3;255;1510098059;1
32;16;10;5;1;3;1510098100;3;255;1510098107;1
32;16;10;5;1;3;1510098808;3;255;1510098814;1
32;16;10;5;1;3;1510098982;3;255;1510098989;1
32;16;10;5;1;3;1510098991;3;255;1510098997;1
32;16;10;5;1;3;1510099040;3;255;1510099046;1
32;16;10;5;1;3;1510099748;3;255;1510099754;1
32;16;10;5;1;3;1510099924;3;255;1510099930;1
32;16;10;5;1;3;1510099928;3;255;1510099935;1
32;16;10;5;1;3;1510099981;3;255;1510099988;1
32;16;10;5;1;3;1510100689;3;255;1510100696;1
32;16;10;5;1;3;1510100863;3;255;1510100869;1
32;16;10;5;1;3;1510100868;3;255;1510100875;1
32;16;10;5;1;3;1510100920;3;255;1510100927;1
32;16;10;5;1;3;1510101629;3;255;1510101636;1
32;16;10;5;1;3;1510101801;3;255;1510101808;1
32;16;10;5;1;3;1510101810;3;255;1510101817;1
32;16;10;5;1;3;1510101860;3;255;1510101867;1
32;16;10;5;1;3;1510102570;3;255;1510102576;1
32;16;10;5;1;3;1510102740;3;255;1510102747;1
32;16;10;5;1;3;1510102749;3;255;1510102755;1
32;16;10;5;1;3;1510102803;3;255;1510102810;1
32;16;10;5;1;3;1510103507;3;255;1510103514;1
32;16;10;5;1;3;1510103680;3;255;1510103687;1
32;16;10;5;1;3;1510103690;3;255;1510103696;1
32;16;10;5;1;3;1510103744;3;255;1510103750;1
32;16;10;5;1;3;1510104446;3;255;1510104452;1
32;16;10;5;1;3;1510104619;3;255;1510104626;1
32;16;10;5;1;3;1510104632;3;255;1510104638;1
32;16;10;5;1;3;1510104684;3;255;1510104690;1
32;16;10;5;1;3;1510105385;3;255;1510105392;1
32;16;10;5;1;3;1510105558;3;255;1510105565;1
32;16;10;5;1;3;1510105572;3;255;1510105578;1
32;16;10;5;1;3;1510105623;3;255;1510105629;1
32;16;10;5;1;3;1510106327;3;255;1510106334;1
32;16;10;5;1;3;1510106499;3;255;1510106506;1
32;16;10;5;1;3;1510106511;3;255;1510106518;1
32;16;10;5;1;3;1510106562;3;255;1510106568;1
32;16;10;5;1;3;1510107265;3;255;1510107271;1
32;16;10;5;1;3;1510107444;3;255;1510107450;1
32;16;10;5;1;3;1510107450;3;255;1510107456;1
32;16;10;5;1;3;1510107504;3;255;1510107510;1
32;16;10;5;1;3;1510108204;3;255;1510108210;1
32;16;10;5;1;3;1510108384;3;255;1510108391;1
32;16;10;5;1;3;1510108390;3;255;1510108396;1
32;16;10;5;1;3;1510108443;3;255;1510108450;1
32;16;10;5;1;3;1510109143;3;255;1510109150;1
32;16;10;5;1;3;1510109324;3;255;1510109330;1
32;16;10;5;1;3;1510109330;3;255;1510109337;1
32;16;10;5;1;3;1510109384;3;255;1510109391;1
32;16;10;5;1;3;1510110083;3;255;1510110089;1
32;16;10;5;1;3;1510110265;3;255;1510110271;1
32;16;10;5;1;3;1510110271;3;255;1510110277;1
32;16;10;5;1;3;1510110326;3;255;1510110332;1
32;16;10;5;1;3;1510111023;3;255;1510111030;1
32;16;10;5;1;3;1510111204;3;255;1510111211;1
32;16;10;5;1;3;1510111212;3;255;1510111219;1
32;16;10;5;1;3;1510111265;3;255;1510111271;1
32;16;10;5;1;3;1510111962;3;255;1510111969;1
32;16;10;5;1;3;1510112146;3;255;1510112152;1
32;16;10;5;1;3;1510112152;3;255;1510112158;1
32;16;10;5;1;3;1510112203;3;255;1510112210;1
32;16;10;5;1;3;1510112900;3;255;1510112906;1
32;16;10;5;1;3;1510113088;3;255;1510113095;1
32;16;10;5;1;3;1510113092;3;255;1510113098;1
32;16;10;5;1;3;1510113144;3;255;1510113151;1
32;16;10;5;1;3;1510113838;3;255;1510113844;1
32;16;10;5;1;3;1510114030;3;255;1510114036;1
32;16;10;5;1;3;1510114033;3;255;1510114039;1
32;16;10;5;1;3;1510114084;3;255;1510114090;1
32;16;10;5;1;3;1510114777;3;255;1510114783;1
32;16;10;5;1;3;1510114970;3;255;1510114977;1
32;16;10;5;1;3;1510114973;3;255;1510114979;1
32;16;10;5;1;3;1510115023;3;255;1510115029;1
32;16;10;5;1;3;1510115718;3;255;1510115725;1
32;16;10;5;1;3;1510115909;3;255;1510115916;1
32;16;10;5;1;3;1510115912;3;255;1510115918;1
32;16;10;5;1;3;1510115963;3;255;1510115969;1
32;16;10;5;1;3;1510116659;3;255;1510116666;1
32;16;10;5;1;3;1510116849;3;255;1510116855;1
32;16;10;5;1;3;1510116852;3;255;1510116858;1
32;16;10;5;1;3;1510116901;3;255;1510116908;1
32;16;10;5;1;3;1510117599;3;255;1510117606;1
32;16;10;5;1;3;1510117788;3;255;1510117794;1
32;16;10;5;1;3;1510117794;3;255;1510117800;1
32;16;10;5;1;3;1510117842;3;255;1510117848;1
32;16;10;5;1;3;1510118541;3;255;1510118548;1
32;16;10;5;1;3;1510118728;3;255;1510118734;1
32;16;10;5;1;3;1510118735;3;255;1510118741;1
32;16;10;5;1;3;1510118781;3;255;1510118787;1
32;16;10;5;1;3;1510119484;3;255;1510119491;1
32;16;10;5;1;3;1510119667;3;255;1510119673;1
32;16;10;5;1;3;1510119674;3;255;1510119681;1
32;16;10;5;1;3;1510119719;3;255;1510119726;1
32;16;10;5;1;3;1510120426;3;255;1510120433;1
32;16;10;5;1;3;1510120605;3;255;1510120612;1
32;16;10;5;1;3;1510120614;3;255;1510120620;1
32;16;10;5;1;3;1510120659;3;255;1510120665;1
32;16;10;5;1;3;1510121367;3;255;1510121373;1
32;16;10;5;1;3;1510121546;3;255;1510121553;1
32;16;10;5;1;3;1510121554;3;255;1510121561;1
32;16;10;5;1;3;1510121597;3;255;1510121604;1
32;16;10;5;1;3;1510122308;3;255;1510122315;1
32;16;10;5;1;3;1510122485;3;255;1510122492;1
32;16;10;5;1;3;1510122494;3;255;1510122500;1
32;16;10;5;1;3;1510122539;3;255;1510122545;1
32;16;10;5;1;3;1510123248;3;255;1510123254;1
32;16;10;5;1;3;1510123426;3;255;1510123433;1
32;16;10;5;1;3;1510123435;3;255;1510123442;1
32;16;10;5;1;3;1510123481;3;255;1510123487;1
32;16;10;5;1;3;1510124189;3;255;1510124196;1
32;16;10;5;1;3;1510124365;3;255;1510124371;1
32;16;10;5;1;3;1510124376;3;255;1510124382;1
32;16;10;5;1;3;1510124420;3;255;1510124427;1
32;16;10;5;1;3;1510125129;3;255;1510125135;1
32;16;10;5;1;3;1510125305;3;255;1510125311;1
32;16;10;5;1;3;1510125316;3;255;1510125323;1
32;16;10;5;1;3;1510125360;3;255;1510125367;1
32;16;10;5;1;3;1510126068;3;255;1510126074;1
32;16;10;5;1;3;1510126245;3;255;1510126252;1
32;16;10;5;1;3;1510126256;3;255;1510126263;1
32;16;10;5;1;3;1510126301;3;255;1510126307;1
32;16;10;5;1;3;1510127008;3;255;1510127014;1
32;16;10;5;1;3;1510127184;3;255;1510127191;1
32;16;10;5;1;3;1510127194;3;255;1510127201;1
32;16;10;5;1;3;1510127242;3;255;1510127249;1
32;16;10;5;1;3;1510127947;3;255;1510127953;1
32;16;10;5;1;3;1510128124;3;255;1510128131;1
32;16;10;5;1;3;1510128133;3;255;1510128140;1
32;16;10;5;1;3;1510128183;3;255;1510128190;1
32;16;10;5;1;3;1510128885;3;255;1510128892;1
32;16;10;5;1;3;1510129064;3;255;1510129070;1
32;16;10;5;1;3;1510129074;3;255;1510129080;1
32;16;10;5;1;3;1510129122;3;255;1510129129;1
32;16;10;5;1;3;1510129827;3;255;1510129833;1
32;16;10;5;1;3;1510130027;3;255;1510130034;1
32;16;10;5;1;3;1510130035;3;255;1510130042;1
32;16;10;5;1;3;1510130085;3;255;1510130092;1
32;16;10;5;1;3;1510130840;3;255;1510130847;1
32;16;10;5;1;3;1510131036;3;255;1510131043;1
32;16;10;5;1;3;1510131040;3;255;1510131047;1
32;16;10;5;1;3;1510131085;3;255;1510131091;1
32;16;10;5;1;3;1510131837;3;255;1510131843;1
32;16;10;5;1;3;1510132022;3;255;1510132028;1
32;16;10;5;1;3;1510132036;3;255;1510132043;1
32;16;10;5;1;3;1510132076;3;255;1510132083;1
32;16;10;5;1;3;1510132806;3;255;1510132812;1
32;16;10;5;1;3;1510132991;3;255;1510132997;1
32;16;10;5;1;3;1510133011;3;255;1510133018;1
32;16;10;5;1;3;1510133052;3;255;1510133059;1
32;16;10;5;1;3;1510133830;3;255;1510133836;1
32;16;10;5;1;3;1510133998;3;255;1510134004;1
32;16;10;5;1;3;1510134029;3;255;1510134036;1
32;16;10;5;1;3;1510134072;3;255;1510134078;1
32;16;10;5;1;3;1510134822;3;255;1510134829;1
32;16;10;5;1;3;1510134994;3;255;1510135001;1
32;16;10;5;1;3;1510135023;3;255;1510135030;1
32;16;10;5;1;3;1510135058;3;255;1510135065;1
32;16;10;5;1;3;1510135817;3;255;1510135824;1
32;16;10;5;1;3;1510135985;3;255;1510135992;1
32;16;10;5;1;3;1510136026;3;255;1510136034;1
32;16;10;5;1;3;1510136051;3;255;1510136058;1
32;16;10;5;1;3;1510136820;3;255;1510136826;1
32;16;10;5;1;3;1510136993;3;255;1510137001;1
32;16;10;5;1;3;1510137019;3;255;1510137026;1
32;16;10;5;1;3;1510137064;3;255;1510137071;1
32;16;10;5;1;3;1510137806;3;255;1510137812;1
32;16;10;5;1;3;1510138002;3;255;1510138009;1
32;16;10;5;1;3;1510138004;3;255;1510138011;1
32;16;10;5;1;3;1510138058;3;255;1510138065;1
32;16;10;5;1;3;1510138828;3;255;1510138834;1
32;16;10;5;1;3;1510138999;3;255;1510139005;1
32;16;10;5;1;3;1510139022;3;255;1510139030;1
32;16;10;5;1;3;1510139065;3;255;1510139071;1
32;16;10;5;1;3;1510139807;3;255;1510139814;1
32;16;10;5;1;3;1510139970;3;255;1510139976;1
32;16;10;5;1;3;1510140038;3;255;1510140045;1
32;16;10;5;1;3;1510140050;3;255;1510140056;1
32;16;10;5;1;3;1510140792;3;255;1510140799;1
32;16;10;5;1;3;1510140944;3;255;1510140950;1
32;16;10;5;1;3;1510141010;3;255;1510141017;1
32;16;10;5;1;3;1510141021;3;255;1510141028;1
32;16;10;5;1;3;1510141781;3;255;1510141788;1
32;16;10;5;1;3;1510141933;3;255;1510141940;1
32;16;10;5;1;3;1510141978;3;255;1510141985;1
32;16;10;5;1;3;1510142035;3;255;1510142042;1
32;16;10;5;1;3;1510142799;3;255;1510142806;1
32;16;10;5;1;3;1510142983;3;255;1510142990;1
32;16;10;5;1;3;1510143015;3;255;1510143022;1
32;16;10;5;1;3;1510143094;3;255;1510143101;1
32;16;10;5;1;3;1510143813;3;255;1510143820;1
32;16;10;5;1;3;1510143990;3;255;1510143997;1
32;16;10;5;1;3;1510144019;3;255;1510144026;1
32;16;10;5;1;3;1510144100;3;255;1510144107;1
32;16;10;5;1;3;1510144776;3;255;1510144782;1
32;16;10;5;1;3;1510144943;3;255;1510144950;1
32;16;10;5;1;3;1510144972;3;255;1510144978;1
32;16;10;5;1;3;1510145050;3;255;1510145057;1
32;16;10;5;1;3;1510145715;3;255;1510145721;1
32;16;10;5;1;3;1510145884;3;255;1510145891;1
32;16;10;5;1;3;1510145916;3;255;1510145922;1
32;16;10;5;1;3;1510145989;3;255;1510145996;1
32;16;10;5;1;3;1510146656;3;255;1510146664;1
32;16;10;5;1;3;1510146831;3;255;1510146837;1
32;16;10;5;1;3;1510146865;3;255;1510146871;1
32;16;10;5;1;3;1510146936;3;255;1510146943;1
32;16;10;5;1;3;1510147632;3;255;1510147639;1
32;16;10;5;1;3;1510147806;3;255;1510147813;1
32;16;10;5;1;3;1510147830;3;255;1510147837;1
32;16;10;5;1;3;1510147904;3;255;1510147911;1
32;16;10;5;1;3;1510148604;3;255;1510148610;1
32;16;10;5;1;3;1510148785;3;255;1510148792;1
32;16;10;5;1;3;1510148804;3;255;1510148810;1
32;16;10;5;1;3;1510148884;3;255;1510148891;1
32;16;10;5;1;3;1510149563;3;255;1510149570;1
32;16;10;5;1;3;1510149737;3;255;1510149743;1
32;16;10;5;1;3;1510149749;3;255;1510149756;1
32;16;10;5;1;3;1510149828;3;255;1510149835;1
32;16;10;5;1;3;1510150513;3;255;1510150519;1
32;16;10;5;1;3;1510150692;3;255;1510150698;1
32;16;10;5;1;3;1510150702;3;255;1510150708;1
32;16;10;5;1;3;1510150782;3;255;1510150789;1
32;16;10;5;1;3;1510151472;3;255;1510151479;1
32;16;10;5;1;3;1510151652;3;255;1510151658;1
32;16;10;5;1;3;1510151664;3;255;1510151670;1
32;16;10;5;1;3;1510151753;3;255;1510151760;1
32;16;10;5;1;3;1510152464;3;255;1510152471;1
32;16;10;5;1;3;1510152639;3;255;1510152646;1
32;16;10;5;1;3;1510152664;3;255;1510152670;1
32;16;10;5;1;3;1510152742;3;255;1510152749;1
32;16;10;5;1;3;1510153438;3;255;1510153445;1
32;16;10;5;1;3;1510153612;3;255;1510153619;1
32;16;10;5;1;3;1510153634;3;255;1510153641;1
32;16;10;5;1;3;1510153707;3;255;1510153714;1
32;16;10;5;1;3;1510154409;3;255;1510154415;1
32;16;10;5;1;3;1510154581;3;255;1510154588;1
32;16;10;5;1;3;1510154607;3;255;1510154614;1
32;16;10;5;1;3;1510154675;3;255;1510154682;1
32;16;10;5;1;3;1510155366;3;255;1510155373;1
32;16;10;5;1;3;1510155534;3;255;1510155541;1
32;16;10;5;1;3;1510155561;3;255;1510155568;1
32;16;10;5;1;3;1510155633;3;255;1510155640;1
32;16;10;5;1;3;1510156344;3;255;1510156351;1
32;16;10;5;1;3;1510156521;3;255;1510156528;1
32;16;10;5;1;3;1510156552;3;255;1510156558;1
32;16;10;5;1;3;1510156619;3;255;1510156626;1
32;16;10;5;1;3;1510157334;3;255;1510157341;1
32;16;10;5;1;3;1510157516;3;255;1510157523;1
32;16;10;5;1;3;1510157546;3;255;1510157553;1
32;16;10;5;1;3;1510157618;3;255;1510157625;1
32;16;10;5;1;3;1510158310;3;255;1510158316;1
32;16;10;5;1;3;1510158487;3;255;1510158493;1
32;16;10;5;1;3;1510158522;3;255;1510158528;1
32;16;10;5;1;3;1510158584;3;255;1510158590;1
32;16;10;5;1;3;1510159264;3;255;1510159270;1
32;16;10;5;1;3;1510159443;3;255;1510159450;1
32;16;10;5;1;3;1510159476;3;255;1510159482;1
32;16;10;5;1;3;1510159540;3;255;1510159547;1
32;16;10;5;1;3;1510160241;3;255;1510160249;1
32;16;10;5;1;3;1510160423;3;255;1510160429;1
32;16;10;5;1;3;1510160451;3;255;1510160457;1
32;16;10;5;1;3;1510160521;3;255;1510160528;1
32;16;10;5;1;3;1510161217;3;255;1510161224;1
32;16;10;5;1;3;1510161393;3;255;1510161399;1
32;16;10;5;1;3;1510161431;3;255;1510161438;1
32;16;10;5;1;3;1510161490;3;255;1510161496;1
32;16;10;5;1;3;1510162182;3;255;1510162189;1
32;16;10;5;1;3;1510162358;3;255;1510162364;1
32;16;10;5;1;3;1510162399;3;255;1510162406;1
32;16;10;5;1;3;1510162456;3;255;1510162462;1
32;16;10;5;1;3;1510163139;3;255;1510163145;1
32;16;10;5;1;3;1510163322;3;255;1510163329;1
32;16;10;5;1;3;1510163384;3;255;1510163390;1
32;16;10;5;1;3;1510163410;3;255;1510163416;1
32;16;10;5;1;3;1510164083;3;255;1510164089;1
32;16;10;5;1;3;1510164265;3;255;1510164272;1
32;16;10;5;1;3;1510164326;3;255;1510164333;1
32;16;10;5;1;3;1510164355;3;255;1510164362;1
32;16;10;5;1;3;1510165024;3;255;1510165031;1
32;16;10;5;1;3;1510165208;3;255;1510165214;1
32;16;10;5;1;3;1510165268;3;255;1510165274;1
32;16;10;5;1;3;1510165299;3;255;1510165305;1
32;16;10;5;1;3;1510165968;3;255;1510165975;1
32;16;10;5;1;3;1510166151;3;255;1510166157;1
32;16;10;5;1;3;1510166212;3;255;1510166219;1
32;16;10;5;1;3;1510166241;3;255;1510166248;1
32;16;10;5;1;3;1510166911;3;255;1510166918;1
32;16;10;5;1;3;1510167092;3;255;1510167099;1
32;16;10;5;1;3;1510167154;3;255;1510167161;1
32;16;10;5;1;3;1510167185;3;255;1510167191;1
32;16;10;5;1;3;1510167855;3;255;1510167861;1
32;16;10;5;1;3;1510168034;3;255;1510168040;1
32;16;10;5;1;3;1510168097;3;255;1510168103;1
32;16;10;5;1;3;1510168130;3;255;1510168137;1
32;16;10;5;1;3;1510168795;3;255;1510168802;1
32;16;10;5;1;3;1510168976;3;255;1510168983;1
32;16;10;5;1;3;1510169040;3;255;1510169046;1
32;16;10;5;1;3;1510169071;3;255;1510169077;1
32;16;10;5;1;3;1510169739;3;255;1510169745;1
32;16;10;5;1;3;1510169920;3;255;1510169926;1
32;16;10;5;1;3;1510169982;3;255;1510169989;1
32;16;10;5;1;3;1510170013;3;255;1510170019;1
32;16;10;5;1;3;1510170681;3;255;1510170688;1
32;16;10;5;1;3;1510170861;3;255;1510170867;1
32;16;10;5;1;3;1510170926;3;255;1510170932;1
32;16;10;5;1;3;1510170956;3;255;1510170962;1
32;16;10;5;1;3;1510171623;3;255;1510171629;1
32;16;10;5;1;3;1510171804;3;255;1510171811;1
32;16;10;5;1;3;1510171870;3;255;1510171877;1
32;16;10;5;1;3;1510171898;3;255;1510171905;1
32;16;10;5;1;3;1510172565;3;255;1510172571;1
32;16;10;5;1;3;1510172745;3;255;1510172752;1
32;16;10;5;1;3;1510172811;3;255;1510172818;1
32;16;10;5;1;3;1510172842;3;255;1510172848;1
32;16;10;5;1;3;1510173508;3;255;1510173515;1
32;16;10;5;1;3;1510173686;3;255;1510173693;1
32;16;10;5;1;3;1510173756;3;255;1510173762;1
32;16;10;5;1;3;1510173785;3;255;1510173791;1
32;16;10;5;1;3;1510174452;3;255;1510174459;1
32;16;10;5;1;3;1510174629;3;255;1510174636;1
32;16;10;5;1;3;1510174698;3;255;1510174704;1
32;16;10;5;1;3;1510174725;3;255;1510174731;1
32;16;10;5;1;3;1510175396;3;255;1510175402;1
32;16;10;5;1;3;1510175570;3;255;1510175577;1
32;16;10;5;1;3;1510175641;3;255;1510175648;1
32;16;10;5;1;3;1510175667;3;255;1510175673;1
32;16;10;5;1;3;1510176341;3;255;1510176347;1
32;16;10;5;1;3;1510176511;3;255;1510176518;1
32;16;10;5;1;3;1510176582;3;255;1510176589;1
32;16;10;5;1;3;1510176608;3;255;1510176614;1
32;16;10;5;1;3;1510177283;3;255;1510177289;1
32;16;10;5;1;3;1510177454;3;255;1510177461;1
32;16;10;5;1;3;1510177525;3;255;1510177532;1
32;16;10;5;1;3;1510177549;3;255;1510177555;1
32;16;10;5;1;3;1510178226;3;255;1510178233;1
32;16;10;5;1;3;1510178398;3;255;1510178405;1
32;16;10;5;1;3;1510178467;3;255;1510178473;1
32;16;10;5;1;3;1510178491;3;255;1510178497;1
32;16;10;5;1;3;1510179169;3;255;1510179175;1
32;16;10;5;1;3;1510179342;3;255;1510179349;1
32;16;10;5;1;3;1510179407;3;255;1510179413;1
32;16;10;5;1;3;1510179432;3;255;1510179438;1
32;16;10;5;1;3;1510180112;3;255;1510180118;1
32;16;10;5;1;3;1510180283;3;255;1510180290;1
32;16;10;5;1;3;1510180347;3;255;1510180354;1
32;16;10;5;1;3;1510180374;3;255;1510180381;1
32;16;10;5;1;3;1510181056;3;255;1510181062;1
32;16;10;5;1;3;1510181225;3;255;1510181232;1
32;16;10;5;1;3;1510181290;3;255;1510181297;1
32;16;10;5;1;3;1510181318;3;255;1510181324;1
32;16;10;5;1;3;1510181999;3;255;1510182006;1
32;16;10;5;1;3;1510182169;3;255;1510182175;1
32;16;10;5;1;3;1510182233;3;255;1510182240;1
32;16;10;5;1;3;1510182260;3;255;1510182266;1
32;16;10;5;1;3;1510182944;3;255;1510182950;1
32;16;10;5;1;3;1510183110;3;255;1510183116;1
32;16;10;5;1;3;1510183174;3;255;1510183181;1
32;16;10;5;1;3;1510183201;3;255;1510183208;1
32;16;10;5;1;3;1510183886;3;255;1510183892;1
32;16;10;5;1;3;1510184053;3;255;1510184059;1
32;16;10;5;1;3;1510184116;3;255;1510184123;1
32;16;10;5;1;3;1510184143;3;255;1510184149;1
32;16;10;5;1;3;1510184829;3;255;1510184836;1
32;16;10;5;1;3;1510184996;3;255;1510185002;1
32;16;10;5;1;3;1510185060;3;255;1510185066;1
32;16;10;5;1;3;1510185083;3;255;1510185090;1
32;16;10;5;1;3;1510185773;3;255;1510185779;1
32;16;10;5;1;3;1510185940;3;255;1510185946;1
32;16;10;5;1;3;1510186003;3;255;1510186009;1
32;16;10;5;1;3;1510186026;3;255;1510186032;1
32;16;10;5;1;3;1510186714;3;255;1510186720;1
32;16;10;5;1;3;1510186883;3;255;1510186889;1
32;16;10;5;1;3;1510186942;3;255;1510186949;1
32;16;10;5;1;3;1510186967;3;255;1510186973;1
32;16;10;5;1;3;1510187657;3;255;1510187663;1
32;16;10;5;1;3;1510187826;3;255;1510187832;1
32;16;10;5;1;3;1510187884;3;255;1510187891;1
32;16;10;5;1;3;1510187908;3;255;1510187915;1
32;16;10;5;1;3;1510188598;3;255;1510188604;1
32;16;10;5;1;3;1510188768;3;255;1510188775;1
32;16;10;5;1;3;1510188826;3;255;1510188832;1
32;16;10;5;1;3;1510188852;3;255;1510188859;1
32;16;10;5;1;3;1510189537;3;255;1510189544;1
32;16;10;5;1;3;1510189712;3;255;1510189719;1
32;16;10;5;1;3;1510189767;3;255;1510189773;1
32;16;10;5;1;3;1510189796;3;255;1510189803;1
32;16;10;5;1;3;1510190478;3;255;1510190485;1
32;16;10;5;1;3;1510190653;3;255;1510190660;1
32;16;10;5;1;3;1510190707;3;255;1510190713;1
32;16;10;5;1;3;1510190740;3;255;1510190746;1
32;16;10;5;1;3;1510191420;3;255;1510191426;1
32;16;10;5;1;3;1510191597;3;255;1510191604;1
32;16;10;5;1;3;1510191648;3;255;1510191655;1
32;16;10;5;1;3;1510191683;3;255;1510191689;1
32;16;10;5;1;3;1510192364;3;255;1510192370;1
32;16;10;5;1;3;1510192540;3;255;1510192547;1
32;16;10;5;1;3;1510192587;3;255;1510192594;1
32;16;10;5;1;3;1510192627;3;255;1510192633;1
32;16;10;5;1;3;1510193305;3;255;1510193311;1
32;16;10;5;1;3;1510193481;3;255;1510193487;1
32;16;10;5;1;3;1510193531;3;255;1510193537;1
32;16;10;5;1;3;1510193570;3;255;1510193576;1
32;16;10;5;1;3;1510194245;3;255;1510194251;1
32;16;10;5;1;3;1510194423;3;255;1510194429;1
32;16;10;5;1;3;1510194473;3;255;1510194479;1
32;16;10;5;1;3;1510194512;3;255;1510194518;1
32;16;10;5;1;3;1510195188;3;255;1510195194;1
32;16;10;5;1;3;1510195367;3;255;1510195373;1
32;16;10;5;1;3;1510195414;3;255;1510195421;1
32;16;10;5;1;3;1510195454;3;255;1510195461;1
32;16;10;5;1;3;1510196130;3;255;1510196137;1
32;16;10;5;1;3;1510196311;3;255;1510196318;1
32;16;10;5;1;3;1510196358;3;255;1510196364;1
32;16;10;5;1;3;1510196394;3;255;1510196400;1
32;16;10;5;1;3;1510197074;3;255;1510197081;1
32;16;10;5;1;3;1510197252;3;255;1510197259;1
32;16;10;5;1;3;1510197300;3;255;1510197307;1
32;16;10;5;1;3;1510197334;3;255;1510197341;1
32;16;10;5;1;3;1510198015;3;255;1510198022;1
32;16;10;5;1;3;1510198194;3;255;1510198200;1
32;16;10;5;1;3;1510198244;3;255;1510198251;1
32;16;10;5;1;3;1510198276;3;255;1510198282;1
32;16;10;5;1;3;1510198956;3;255;1510198963;1
32;16;10;5;1;3;1510199135;3;255;1510199141;1
32;16;10;5;1;3;1510199191;3;255;1510199197;1
32;16;10;5;1;3;1510199217;3;255;1510199224;1
32;16;10;5;1;3;1510199898;3;255;1510199904;1
32;16;10;5;1;3;1510200076;3;255;1510200082;1
32;16;10;5;1;3;1510200136;3;255;1510200143;1
32;16;10;5;1;3;1510200158;3;255;1510200164;1
32;16;10;5;1;3;1510200840;3;255;1510200846;1
32;16;10;5;1;3;1510201016;3;255;1510201023;1
32;16;10;5;1;3;1510201081;3;255;1510201087;1
32;16;10;5;1;3;1510201098;3;255;1510201104;1
32;16;10;5;1;3;1510201780;3;255;1510201787;1
32;16;10;5;1;3;1510201958;3;255;1510201965;1
32;16;10;5;1;3;1510202024;3;255;1510202031;1
32;16;10;5;1;3;1510202040;3;255;1510202047;1
32;16;10;5;1;3;1510202724;3;255;1510202730;1
32;16;10;5;1;3;1510202902;3;255;1510202909;1
32;16;10;5;1;3;1510202965;3;255;1510202972;1
32;16;10;5;1;3;1510202983;3;255;1510202990;1
32;16;10;5;1;3;1510203664;3;255;1510203671;1
32;16;10;5;1;3;1510203846;3;255;1510203852;1
32;16;10;5;1;3;1510203907;3;255;1510203913;1
32;16;10;5;1;3;1510203929;3;255;1510203935;1
32;16;10;5;1;3;1510204605;3;255;1510204611;1
32;16;10;5;1;3;1510204786;3;255;1510204793;1
32;16;10;5;1;3;1510204849;3;255;1510204855;1
32;16;10;5;1;3;1510204872;3;255;1510204879;1
32;16;10;5;1;3;1510205548;3;255;1510205554;1
32;16;10;5;1;3;1510205727;3;255;1510205734;1
32;16;10;5;1;3;1510205792;3;255;1510205799;1
32;16;10;5;1;3;1510205815;3;255;1510205821;1
32;16;10;5;1;3;1510206491;3;255;1510206497;1
32;16;10;5;1;3;1510206669;3;255;1510206676;1
32;16;10;5;1;3;1510206736;3;255;1510206743;1
32;16;10;5;1;3;1510206758;3;255;1510206765;1
32;16;10;5;1;3;1510207434;3;255;1510207440;1
32;16;10;5;1;3;1510207613;3;255;1510207620;1
32;16;10;5;1;3;1510207679;3;255;1510207686;1
32;16;10;5;1;3;1510207700;3;255;1510207706;1
32;16;10;5;1;3;1510208373;3;255;1510208380;1
32;16;10;5;1;3;1510208555;3;255;1510208561;1
32;16;10;5;1;3;1510208621;3;255;1510208628;1
32;16;10;5;1;3;1510208641;3;255;1510208647;1
32;16;10;5;1;3;1510209315;3;255;1510209321;1
32;16;10;5;1;3;1510209498;3;255;1510209504;1
32;16;10;5;1;3;1510209564;3;255;1510209571;1
32;16;10;5;1;3;1510209584;3;255;1510209590;1
32;16;10;5;1;3;1510210258;3;255;1510210265;1
32;16;10;5;1;3;1510210439;3;255;1510210445;1
32;16;10;5;1;3;1510210506;3;255;1510210512;1
32;16;10;5;1;3;1510210527;3;255;1510210533;1
32;16;10;5;1;3;1510211202;3;255;1510211208;1
32;16;10;5;1;3;1510211380;3;255;1510211387;1
32;16;10;5;1;3;1510211447;3;255;1510211454;1
32;16;10;5;1;3;1510211469;3;255;1510211476;1
32;16;10;5;1;3;1510212144;3;255;1510212150;1
32;16;10;5;1;3;1510212322;3;255;1510212329;1
32;16;10;5;1;3;1510212387;3;255;1510212394;1
32;16;10;5;1;3;1510212410;3;255;1510212417;1
32;16;10;5;1;3;1510213086;3;255;1510213093;1
32;16;10;5;1;3;1510213265;3;255;1510213271;1
32;16;10;5;1;3;1510213331;3;255;1510213338;1
32;16;10;5;1;3;1510213353;3;255;1510213360;1
32;16;10;5;1;3;1510214027;3;255;1510214034;1
32;16;10;5;1;3;1510214207;3;255;1510214214;1
32;16;10;5;1;3;1510214273;3;255;1510214279;1
32;16;10;5;1;3;1510214297;3;255;1510214304;1
32;16;10;5;1;3;1510214972;3;255;1510214978;1
32;16;10;5;1;3;1510215148;3;255;1510215155;1
32;16;10;5;1;3;1510215214;3;255;1510215221;1
32;16;10;5;1;3;1510215240;3;255;1510215247;1
32;16;10;5;1;3;1510215912;3;255;1510215919;1
32;16;10;5;1;3;1510216089;3;255;1510216095;1
32;16;10;5;1;3;1510216156;3;255;1510216162;1
32;16;10;5;1;3;1510216184;3;255;1510216190;1
32;16;10;5;1;3;1510216855;3;255;1510216862;1
32;16;10;5;1;3;1510217031;3;255;1510217037;1
32;16;10;5;1;3;1510217098;3;255;1510217104;1
32;16;10;5;1;3;1510217127;3;255;1510217134;1
32;16;10;5;1;3;1510217798;3;255;1510217805;1
32;16;10;5;1;3;1510217974;3;255;1510217981;1
32;16;10;5;1;3;1510218040;3;255;1510218046;1
32;16;10;5;1;3;1510218071;3;255;1510218077;1
32;16;10;5;1;3;1510218740;3;255;1510218746;1
32;16;10;5;1;3;1510218918;3;255;1510218925;1
32;16;10;5;1;3;1510218987;3;255;1510218993;1
32;16;10;5;1;3;1510219022;3;255;1510219028;1
32;16;10;5;1;3;1510219731;3;255;1510219738;1
32;16;10;5;1;3;1510219920;3;255;1510219927;1
32;16;10;5;1;3;1510219975;3;255;1510219982;1
32;16;10;5;1;3;1510220008;3;255;1510220015;1
32;16;10;5;1;3;1510220751;3;255;1510220758;1
32;16;10;5;1;3;1510220938;3;255;1510220945;1
32;16;10;5;1;3;1510220987;3;255;1510220993;1
32;16;10;5;1;3;1510221019;3;255;1510221026;1
32;16;10;5;1;3;1510221724;3;255;1510221731;1
32;16;10;5;1;3;1510221916;3;255;1510221924;1
32;16;10;5;1;3;1510221967;3;255;1510221974;1
32;16;10;5;1;3;1510222029;3;255;1510222036;1
32;16;10;5;1;3;1510222735;3;255;1510222742;1
32;16;10;5;1;3;1510222925;3;255;1510222932;1
32;16;10;5;1;3;1510222972;3;255;1510222980;1
32;16;10;5;1;3;1510223042;3;255;1510223049;1
32;16;10;5;1;3;1510223755;3;255;1510223762;1
32;16;10;5;1;3;1510223950;3;255;1510223956;1
32;16;10;5;1;3;1510224004;3;255;1510224011;1
32;16;10;5;1;3;1510224064;3;255;1510224070;1
32;16;10;5;1;3;1510224758;3;255;1510224765;1
32;16;10;5;1;3;1510224951;3;255;1510224957;1
32;16;10;5;1;3;1510225005;3;255;1510225011;1
32;16;10;5;1;3;1510225060;3;255;1510225067;1
32;16;10;5;1;3;1510225751;3;255;1510225757;1
32;16;10;5;1;3;1510225940;3;255;1510225947;1
32;16;10;5;1;3;1510225997;3;255;1510226004;1
32;16;10;5;1;3;1510226042;3;255;1510226050;1
32;16;10;5;1;3;1510226769;3;255;1510226776;1
32;16;10;5;1;3;1510226954;3;255;1510226961;1
32;16;10;5;1;3;1510227000;3;255;1510227007;1
32;16;10;5;1;3;1510227060;3;255;1510227067;1
32;16;10;5;1;3;1510252748;3;255;1510252754;1
32;16;10;5;1;3;1510252751;3;255;1510252758;1
32;16;10;5;1;3;1510252751;3;255;1510252758;1
32;16;10;5;1;3;1510252753;3;255;1510252759;1
32;16;10;5;1;3;1510253723;3;255;1510253729;1
32;16;10;5;1;3;1510253726;3;255;1510253732;1
32;16;10;5;1;3;1510253729;3;255;1510253735;1
32;16;10;5;1;3;1510253737;3;255;1510253744;1
32;16;10;5;1;3;1510254658;3;255;1510254664;1
32;16;10;5;1;3;1510254658;3;255;1510254664;1
32;16;10;5;1;3;1510254660;3;255;1510254666;1
32;16;10;5;1;3;1510254681;3;255;1510254687;1
32;16;10;5;1;3;1510255590;3;255;1510255597;1
32;16;10;5;1;3;1510255591;3;255;1510255597;1
32;16;10;5;1;3;1510255593;3;255;1510255600;1
32;16;10;5;1;3;1510255615;3;255;1510255622;1
32;16;10;5;1;3;1510256521;3;255;1510256527;1
32;16;10;5;1;3;1510256523;3;255;1510256529;1
32;16;10;5;1;3;1510256529;3;255;1510256535;1
32;16;10;5;1;3;1510256549;3;255;1510256556;1
32;16;10;5;1;3;1510257452;3;255;1510257458;1
32;16;10;5;1;3;1510257454;3;255;1510257461;1
32;16;10;5;1;3;1510257464;3;255;1510257471;1
32;16;10;5;1;3;1510257485;3;255;1510257492;1
32;16;10;5;1;3;1510258383;3;255;1510258389;1
32;16;10;5;1;3;1510258386;3;255;1510258392;1
32;16;10;5;1;3;1510258400;3;255;1510258406;1
32;16;10;5;1;3;1510258420;3;255;1510258426;1
32;16;10;5;1;3;1510259314;3;255;1510259320;1
32;16;10;5;1;3;1510259318;3;255;1510259325;1
32;16;10;5;1;3;1510259335;3;255;1510259342;1
32;16;10;5;1;3;1510259354;3;255;1510259361;1
32;16;10;5;1;3;1510260244;3;255;1510260251;1
32;16;10;5;1;3;1510260250;3;255;1510260257;1
32;16;10;5;1;3;1510260271;3;255;1510260277;1
32;16;10;5;1;3;1510260289;3;255;1510260296;1
32;16;10;5;1;3;1510261176;3;255;1510261183;1
32;16;10;5;1;3;1510261183;3;255;1510261189;1
32;16;10;5;1;3;1510261207;3;255;1510261213;1
32;16;10;5;1;3;1510261225;3;255;1510261232;1
32;16;10;5;1;3;1510262107;3;255;1510262114;1
32;16;10;5;1;3;1510262114;3;255;1510262121;1
32;16;10;5;1;3;1510262142;3;255;1510262148;1
32;16;10;5;1;3;1510262161;3;255;1510262167;1
32;16;10;5;1;3;1510263038;3;255;1510263045;1
32;16;10;5;1;3;1510263045;3;255;1510263052;1
32;16;10;5;1;3;1510263077;3;255;1510263084;1
32;16;10;5;1;3;1510263096;3;255;1510263103;1
32;16;10;5;1;3;1510263969;3;255;1510263976;1
32;16;10;5;1;3;1510263977;3;255;1510263983;1
32;16;10;5;1;3;1510264014;3;255;1510264020;1
32;16;10;5;1;3;1510264031;3;255;1510264037;1
32;16;10;5;1;3;1510264901;3;255;1510264907;1
32;16;10;5;1;3;1510264909;3;255;1510264915;1
32;16;10;5;1;3;1510264949;3;255;1510264956;1
32;16;10;5;1;3;1510264966;3;255;1510264973;1
32;16;10;5;1;3;1510265832;3;255;1510265839;1
32;16;10;5;1;3;1510265840;3;255;1510265846;1
32;16;10;5;1;3;1510265886;3;255;1510265892;1
32;16;10;5;1;3;1510265901;3;255;1510265908;1
32;16;10;5;1;3;1510266763;3;255;1510266769;1
32;16;10;5;1;3;1510266772;3;255;1510266778;1
32;16;10;5;1;3;1510266822;3;255;1510266829;1
32;16;10;5;1;3;1510266836;3;255;1510266843;1
32;16;10;5;1;3;1510267693;3;255;1510267700;1
32;16;10;5;1;3;1510267703;3;255;1510267709;1
32;16;10;5;1;3;1510267760;3;255;1510267766;1
32;16;10;5;1;3;1510267771;3;255;1510267778;1
32;16;10;5;1;3;1510268624;3;255;1510268631;1
32;16;10;5;1;3;1510268635;3;255;1510268641;1
32;16;10;5;1;3;1510268696;3;255;1510268702;1
32;16;10;5;1;3;1510268706;3;255;1510268713;1
32;16;10;5;1;3;1510269556;3;255;1510269562;1
32;16;10;5;1;3;1510269566;3;255;1510269573;1
32;16;10;5;1;3;1510269633;3;255;1510269640;1
32;16;10;5;1;3;1510269641;3;255;1510269648;1
32;16;10;5;1;3;1510270487;3;255;1510270494;1
32;16;10;5;1;3;1510270499;3;255;1510270506;1
32;16;10;5;1;3;1510270571;3;255;1510270577;1
32;16;10;5;1;3;1510270577;3;255;1510270583;1
32;16;10;5;1;3;1510271418;3;255;1510271424;1
32;16;10;5;1;3;1510271432;3;255;1510271438;1
32;16;10;5;1;3;1510271507;3;255;1510271513;1
32;16;10;5;1;3;1510271513;3;255;1510271520;1
32;16;10;5;1;3;1510272350;3;255;1510272357;1
32;16;10;5;1;3;1510272369;3;255;1510272375;1
32;16;10;5;1;3;1510272439;3;255;1510272445;1
32;16;10;5;1;3;1510272448;3;255;1510272455;1
32;16;10;5;1;3;1510273281;3;255;1510273288;1
32;16;10;5;1;3;1510273306;3;255;1510273312;1
32;16;10;5;1;3;1510273370;3;255;1510273377;1
32;16;10;5;1;3;1510273385;3;255;1510273392;1
32;16;10;5;1;3;1510274212;3;255;1510274218;1
32;16;10;5;1;3;1510274242;3;255;1510274248;1
32;16;10;5;1;3;1510274302;3;255;1510274308;1
32;16;10;5;1;3;1510274321;3;255;1510274327;1
32;16;10;5;1;3;1510275143;3;255;1510275149;1
32;16;10;5;1;3;1510275179;3;255;1510275185;1
32;16;10;5;1;3;1510275233;3;255;1510275240;1
32;16;10;5;1;3;1510275257;3;255;1510275263;1
32;16;10;5;1;3;1510276074;3;255;1510276081;1
32;16;10;5;1;3;1510276115;3;255;1510276122;1
32;16;10;5;1;3;1510276169;3;255;1510276175;1
32;16;10;5;1;3;1510276188;3;255;1510276195;1
32;16;10;5;1;3;1510277005;3;255;1510277012;1
32;16;10;5;1;3;1510277052;3;255;1510277059;1
32;16;10;5;1;3;1510277106;3;255;1510277112;1
32;16;10;5;1;3;1510277120;3;255;1510277126;1
32;16;10;5;1;3;1510277937;3;255;1510277944;1
32;16;10;5;1;3;1510277988;3;255;1510277995;1
32;16;10;5;1;3;1510278041;3;255;1510278048;1
32;16;10;5;1;3;1510278051;3;255;1510278058;1
32;16;10;5;1;3;1510278869;3;255;1510278875;1
32;16;10;5;1;3;1510278926;3;255;1510278932;1
32;16;10;5;1;3;1510278977;3;255;1510278983;1
32;16;10;5;1;3;1510278983;3;255;1510278989;1
32;16;10;5;1;3;1510279799;3;255;1510279806;1
32;16;10;5;1;3;1510279862;3;255;1510279869;1
32;16;10;5;1;3;1510279913;3;255;1510279919;1
32;16;10;5;1;3;1510279914;3;255;1510279921;1
32;16;10;5;1;3;1510280730;3;255;1510280736;1
32;16;10;5;1;3;1510280800;3;255;1510280806;1
32;16;10;5;1;3;1510280846;3;255;1510280852;1
32;16;10;5;1;3;1510280849;3;255;1510280855;1
32;16;10;5;1;3;1510281661;3;255;1510281667;1
32;16;10;5;1;3;1510281738;3;255;1510281745;1
32;16;10;5;1;3;1510281777;3;255;1510281783;1
32;16;10;5;1;3;1510281784;3;255;1510281791;1
32;16;10;5;1;3;1510282592;3;255;1510282598;1
32;16;10;5;1;3;1510282678;3;255;1510282684;1
32;16;10;5;1;3;1510282709;3;255;1510282715;1
32;16;10;5;1;3;1510282720;3;255;1510282726;1
32;16;10;5;1;3;1510283523;3;255;1510283529;1
32;16;10;5;1;3;1510283615;3;255;1510283621;1
32;16;10;5;1;3;1510283640;3;255;1510283647;1
32;16;10;5;1;3;1510283655;3;255;1510283662;1
32;16;10;5;1;3;1510284453;3;255;1510284460;1
32;16;10;5;1;3;1510284553;3;255;1510284559;1
32;16;10;5;1;3;1510284572;3;255;1510284578;1
32;16;10;5;1;3;1510284591;3;255;1510284597;1
32;16;10;5;1;3;1510285384;3;255;1510285390;1
32;16;10;5;1;3;1510285490;3;255;1510285497;1
32;16;10;5;1;3;1510285506;3;255;1510285512;1
32;16;10;5;1;3;1510285523;3;255;1510285529;1
32;16;10;5;1;3;1510286315;3;255;1510286322;1
32;16;10;5;1;3;1510286428;3;255;1510286434;1
32;16;10;5;1;3;1510286442;3;255;1510286448;1
32;16;10;5;1;3;1510286454;3;255;1510286461;1
32;16;10;5;1;3;1510287246;3;255;1510287252;1
32;16;10;5;1;3;1510287365;3;255;1510287371;1
32;16;10;5;1;3;1510287379;3;255;1510287385;1
32;16;10;5;1;3;1510287386;3;255;1510287392;1
32;16;10;5;1;3;1510288178;3;255;1510288184;1
32;16;10;5;1;3;1510288302;3;255;1510288309;1
32;16;10;5;1;3;1510288315;3;255;1510288322;1
32;16;10;5;1;3;1510288318;3;255;1510288324;1
32;16;10;5;1;3;1510289110;3;255;1510289116;1
32;16;10;5;1;3;1510289240;3;255;1510289247;1
32;16;10;5;1;3;1510289249;3;255;1510289256;1
32;16;10;5;1;3;1510289249;3;255;1510289256;1
32;16;10;5;1;3;1510290042;3;255;1510290049;1
32;16;10;5;1;3;1510290178;3;255;1510290185;1
32;16;10;5;1;3;1510290181;3;255;1510290187;1
32;16;10;5;1;3;1510290184;3;255;1510290191;1
32;16;10;5;1;3;1510290974;3;255;1510290981;1
32;16;10;5;1;3;1510291113;3;255;1510291120;1
32;16;10;5;1;3;1510291116;3;255;1510291123;1
32;16;10;5;1;3;1510291119;3;255;1510291126;1
32;16;10;5;1;3;1510291907;3;255;1510291913;1
32;16;10;5;1;3;1510292045;3;255;1510292051;1
32;16;10;5;1;3;1510292054;3;255;1510292060;1
32;16;10;5;1;3;1510292054;3;255;1510292060;1
32;16;10;5;1;3;1510292839;3;255;1510292846;1
32;16;10;5;1;3;1510292976;3;255;1510292982;1
32;16;10;5;1;3;1510292988;3;255;1510292995;1
32;16;10;5;1;3;1510292992;3;255;1510292998;1
32;16;10;5;1;3;1510293772;3;255;1510293778;1
32;16;10;5;1;3;1510293908;3;255;1510293914;1
32;16;10;5;1;3;1510293923;3;255;1510293929;1
32;16;10;5;1;3;1510293931;3;255;1510293938;1
32;16;10;5;1;3;1510294705;3;255;1510294711;1
32;16;10;5;1;3;1510294840;3;255;1510294846;1
32;16;10;5;1;3;1510294857;3;255;1510294864;1
32;16;10;5;1;3;1510294869;3;255;1510294876;1
32;16;10;5;1;3;1510295637;3;255;1510295644;1
32;16;10;5;1;3;1510295772;3;255;1510295778;1
32;16;10;5;1;3;1510295791;3;255;1510295798;1
32;16;10;5;1;3;1510295807;3;255;1510295814;1
32;16;10;5;1;3;1510296570;3;255;1510296577;1
32;16;10;5;1;3;1510296704;3;255;1510296711;1
32;16;10;5;1;3;1510296726;3;255;1510296733;1
32;16;10;5;1;3;1510296746;3;255;1510296752;1
32;16;10;5;1;3;1510297503;3;255;1510297510;1
32;16;10;5;1;3;1510297636;3;255;1510297642;1
32;16;10;5;1;3;1510297661;3;255;1510297668;1
32;16;10;5;1;3;1510297683;3;255;1510297689;1
32;16;10;5;1;3;1510298435;3;255;1510298442;1
32;16;10;5;1;3;1510298567;3;255;1510298574;1
32;16;10;5;1;3;1510298597;3;255;1510298604;1
32;16;10;5;1;3;1510298621;3;255;1510298627;1
32;16;10;5;1;3;1510299368;3;255;1510299374;1
32;16;10;5;1;3;1510299499;3;255;1510299505;1
32;16;10;5;1;3;1510299532;3;255;1510299539;1
32;16;10;5;1;3;1510299559;3;255;1510299566;1
32;16;10;5;1;3;1510300300;3;255;1510300307;1
32;16;10;5;1;3;1510300431;3;255;1510300437;1
32;16;10;5;1;3;1510300467;3;255;1510300473;1
32;16;10;5;1;3;1510300497;3;255;1510300503;1
32;16;10;5;1;3;1510301234;3;255;1510301240;1
32;16;10;5;1;3;1510301363;3;255;1510301370;1
32;16;10;5;1;3;1510301405;3;255;1510301412;1
32;16;10;5;1;3;1510301433;3;255;1510301439;1
32;16;10;5;1;3;1510302166;3;255;1510302173;1
32;16;10;5;1;3;1510302295;3;255;1510302301;1
32;16;10;5;1;3;1510302343;3;255;1510302350;1
32;16;10;5;1;3;1510302368;3;255;1510302374;1
32;16;10;5;1;3;1510303120;3;255;1510303127;1
32;16;10;5;1;3;1510303263;3;255;1510303269;1
32;16;10;5;1;3;1510303315;3;255;1510303322;1
32;16;10;5;1;3;1510303352;3;255;1510303359;1
32;16;10;5;1;3;1510304104;3;255;1510304110;1
32;16;10;5;1;3;1510304244;3;255;1510304250;1
32;16;10;5;1;3;1510304289;3;255;1510304296;1
32;16;10;5;1;3;1510304335;3;255;1510304341;1
32;16;10;5;1;3;1510305084;3;255;1510305091;1
32;16;10;5;1;3;1510305209;3;255;1510305216;1
32;16;10;5;1;3;1510305265;3;255;1510305272;1
32;16;10;5;1;3;1510305305;3;255;1510305311;1
32;16;10;5;1;3;1510306031;3;255;1510306037;1
32;16;10;5;1;3;1510306165;3;255;1510306172;1
32;16;10;5;1;3;1510306220;3;255;1510306227;1
32;16;10;5;1;3;1510306301;3;255;1510306308;1
32;16;10;5;1;3;1510307055;3;255;1510307062;1
32;16;10;5;1;3;1510307211;3;255;1510307218;1
32;16;10;5;1;3;1510307244;3;255;1510307250;1
32;16;10;5;1;3;1510307337;3;255;1510307345;1
