32;16;10;5;1;30;1509981646;30;255;1509981654;1
32;16;10;5;1;30;1509981714;30;255;1509981722;1
32;16;10;5;1;30;1509981788;30;255;1509981796;1
32;16;10;5;1;30;1509981893;30;255;1509981901;0
32;16;10;5;1;30;1509982643;30;255;1509982650;1
32;16;10;5;1;30;1509982703;30;255;1509982711;1
32;16;10;5;1;30;1509982772;30;255;1509982780;1
32;16;10;5;1;30;1509982872;30;255;1509982880;0
32;16;10;5;1;30;1509983590;30;255;1509983597;1
32;16;10;5;1;30;1509983648;30;255;1509983656;0
32;16;10;5;1;30;1509983716;30;255;1509983723;1
32;16;10;5;1;30;1509983828;30;255;1509983835;1
32;16;10;5;1;30;1509984533;30;255;1509984540;0
32;16;10;5;1;30;1509984588;30;255;1509984595;0
32;16;10;5;1;30;1509984658;30;255;1509984666;0
32;16;10;5;1;30;1509984766;30;255;1509984774;0
32;16;10;5;1;30;1509985473;30;255;1509985480;1
32;16;10;5;1;30;1509985530;30;255;1509985537;1
32;16;10;5;1;30;1509985600;30;255;1509985608;1
32;16;10;5;1;30;1509985708;30;255;1509985716;0
32;16;10;5;1;30;1509986414;30;255;1509986421;1
32;16;10;5;1;30;1509986472;30;255;1509986479;1
32;16;10;5;1;30;1509986541;30;255;1509986549;1
32;16;10;5;1;30;1509986652;30;255;1509986660;1
32;16;10;5;1;30;1509987354;30;255;1509987361;0
32;16;10;5;1;30;1509987416;30;255;1509987424;0
32;16;10;5;1;30;1509987480;30;255;1509987487;1
32;16;10;5;1;30;1509987594;30;255;1509987601;0
32;16;10;5;1;30;1509988296;30;255;1509988304;0
32;16;10;5;1;30;1509988358;30;255;1509988365;0
32;16;10;5;1;30;1509988421;30;255;1509988428;1
32;16;10;5;1;30;1509988535;30;255;1509988543;1
32;16;10;5;1;30;1509989238;30;255;1509989246;0
32;16;10;5;1;30;1509989299;30;255;1509989307;1
32;16;10;5;1;30;1509989365;30;255;1509989372;0
32;16;10;5;1;30;1509989476;30;255;1509989484;0
32;16;10;5;1;30;1509990179;30;255;1509990186;0
32;16;10;5;1;30;1509990242;30;255;1509990249;0
32;16;10;5;1;30;1509990305;30;255;1509990313;1
32;16;10;5;1;30;1509990419;30;255;1509990427;0
32;16;10;5;1;30;1509991121;30;255;1509991128;1
32;16;10;5;1;30;1509991183;30;255;1509991190;0
32;16;10;5;1;30;1509991246;30;255;1509991253;0
32;16;10;5;1;30;1509991362;30;255;1509991369;0
32;16;10;5;1;30;1509992063;30;255;1509992071;0
32;16;10;5;1;30;1509992124;30;255;1509992132;1
32;16;10;5;1;30;1509992185;30;255;1509992193;0
32;16;10;5;1;30;1509992303;30;255;1509992311;0
32;16;10;5;1;30;1509993006;30;255;1509993014;1
32;16;10;5;1;30;1509993066;30;255;1509993073;0
32;16;10;5;1;30;1509993127;30;255;1509993134;1
32;16;10;5;1;30;1509993244;30;255;1509993252;1
32;16;10;5;1;30;1509993947;30;255;1509993954;0
32;16;10;5;1;30;1509994007;30;255;1509994014;1
32;16;10;5;1;30;1509994068;30;255;1509994075;0
32;16;10;5;1;30;1509994187;30;255;1509994194;1
32;16;10;5;1;30;1509994888;30;255;1509994896;0
32;16;10;5;1;30;1509994948;30;255;1509994955;1
32;16;10;5;1;30;1509995008;30;255;1509995016;1
32;16;10;5;1;30;1509995128;30;255;1509995135;1
32;16;10;5;1;30;1509995835;30;255;1509995843;0
32;16;10;5;1;30;1509995891;30;255;1509995898;0
32;16;10;5;1;30;1509995965;30;255;1509995973;0
32;16;10;5;1;30;1509996070;30;255;1509996077;1
32;16;10;5;1;30;1509996777;30;255;1509996785;0
32;16;10;5;1;30;1509996831;30;255;1509996838;0
32;16;10;5;1;30;1509996908;30;255;1509996916;1
32;16;10;5;1;30;1509997011;30;255;1509997019;0
32;16;10;5;1;30;1509997719;30;255;1509997727;0
32;16;10;5;1;30;1509997775;30;255;1509997783;1
32;16;10;5;1;30;1509997850;30;255;1509997857;1
32;16;10;5;1;30;1509997951;30;255;1509997958;0
32;16;10;5;1;30;1509998660;30;255;1509998668;0
32;16;10;5;1;30;1509998716;30;255;1509998723;0
32;16;10;5;1;30;1509998790;30;255;1509998797;1
32;16;10;5;1;30;1509998893;30;255;1509998901;1
32;16;10;5;1;30;1509999605;30;255;1509999613;1
32;16;10;5;1;30;1509999658;30;255;1509999666;0
32;16;10;5;1;30;1509999729;30;255;1509999737;1
32;16;10;5;1;30;1509999833;30;255;1509999840;1
32;16;10;5;1;30;1510000547;30;255;1510000554;0
32;16;10;5;1;30;1510000601;30;255;1510000609;0
32;16;10;5;1;30;1510000670;30;255;1510000677;1
32;16;10;5;1;30;1510000772;30;255;1510000779;0
32;16;10;5;1;30;1510001489;30;255;1510001496;1
32;16;10;5;1;30;1510001545;30;255;1510001553;0
32;16;10;5;1;30;1510001610;30;255;1510001617;0
32;16;10;5;1;30;1510001713;30;255;1510001721;1
32;16;10;5;1;30;1510002429;30;255;1510002436;0
32;16;10;5;1;30;1510002489;30;255;1510002496;0
32;16;10;5;1;30;1510002551;30;255;1510002559;0
32;16;10;5;1;30;1510002652;30;255;1510002660;1
32;16;10;5;1;30;1510003372;30;255;1510003379;0
32;16;10;5;1;30;1510003430;30;255;1510003438;1
32;16;10;5;1;30;1510003494;30;255;1510003501;1
32;16;10;5;1;30;1510003595;30;255;1510003603;1
32;16;10;5;1;30;1510004310;30;255;1510004317;0
32;16;10;5;1;30;1510004369;30;255;1510004377;0
32;16;10;5;1;30;1510004440;30;255;1510004447;0
32;16;10;5;1;30;1510004538;30;255;1510004545;0
32;16;10;5;1;30;1510005252;30;255;1510005260;1
32;16;10;5;1;30;1510005312;30;255;1510005320;1
32;16;10;5;1;30;1510005380;30;255;1510005387;1
32;16;10;5;1;30;1510005478;30;255;1510005486;1
32;16;10;5;1;30;1510006193;30;255;1510006200;0
32;16;10;5;1;30;1510006252;30;255;1510006259;0
32;16;10;5;1;30;1510006325;30;255;1510006332;0
32;16;10;5;1;30;1510006420;30;255;1510006427;0
32;16;10;5;1;30;1510007133;30;255;1510007141;0
32;16;10;5;1;30;1510007192;30;255;1510007199;1
32;16;10;5;1;30;1510007269;30;255;1510007277;0
32;16;10;5;1;30;1510007359;30;255;1510007367;0
32;16;10;5;1;30;1510008073;30;255;1510008081;0
32;16;10;5;1;30;1510008131;30;255;1510008139;0
32;16;10;5;1;30;1510008210;30;255;1510008218;1
32;16;10;5;1;30;1510008303;30;255;1510008311;0
32;16;10;5;1;30;1510009015;30;255;1510009022;0
32;16;10;5;1;30;1510009072;30;255;1510009079;1
32;16;10;5;1;30;1510009151;30;255;1510009159;0
32;16;10;5;1;30;1510009244;30;255;1510009252;0
32;16;10;5;1;30;1510009957;30;255;1510009965;1
32;16;10;5;1;30;1510010013;30;255;1510010021;0
32;16;10;5;1;30;1510010093;30;255;1510010101;1
32;16;10;5;1;30;1510010189;30;255;1510010196;1
32;16;10;5;1;30;1510010897;30;255;1510010904;1
32;16;10;5;1;30;1510010955;30;255;1510010963;1
32;16;10;5;1;30;1510011035;30;255;1510011042;1
32;16;10;5;1;30;1510011130;30;255;1510011138;1
32;16;10;5;1;30;1510011836;30;255;1510011843;1
32;16;10;5;1;30;1510011898;30;255;1510011906;1
32;16;10;5;1;30;1510011977;30;255;1510011985;1
32;16;10;5;1;30;1510012069;30;255;1510012077;1
32;16;10;5;1;30;1510012780;30;255;1510012787;0
32;16;10;5;1;30;1510012841;30;255;1510012849;0
32;16;10;5;1;30;1510012917;30;255;1510012924;1
32;16;10;5;1;30;1510013012;30;255;1510013020;1
32;16;10;5;1;30;1510013721;30;255;1510013729;1
32;16;10;5;1;30;1510013785;30;255;1510013792;1
32;16;10;5;1;30;1510013858;30;255;1510013865;0
32;16;10;5;1;30;1510013954;30;255;1510013962;0
32;16;10;5;1;30;1510014663;30;255;1510014671;1
32;16;10;5;1;30;1510014726;30;255;1510014733;1
32;16;10;5;1;30;1510014798;30;255;1510014806;1
32;16;10;5;1;30;1510014895;30;255;1510014902;1
32;16;10;5;1;30;1510015604;30;255;1510015612;0
32;16;10;5;1;30;1510015667;30;255;1510015675;1
32;16;10;5;1;30;1510015740;30;255;1510015747;0
32;16;10;5;1;30;1510015836;30;255;1510015843;1
32;16;10;5;1;30;1510016545;30;255;1510016553;0
32;16;10;5;1;30;1510016610;30;255;1510016617;1
32;16;10;5;1;30;1510016680;30;255;1510016688;1
32;16;10;5;1;30;1510016777;30;255;1510016785;0
32;16;10;5;1;30;1510017486;30;255;1510017494;0
32;16;10;5;1;30;1510017553;30;255;1510017560;0
32;16;10;5;1;30;1510017621;30;255;1510017629;1
32;16;10;5;1;30;1510017718;30;255;1510017726;0
32;16;10;5;1;30;1510018427;30;255;1510018434;1
32;16;10;5;1;30;1510018495;30;255;1510018502;1
32;16;10;5;1;30;1510018563;30;255;1510018571;1
32;16;10;5;1;30;1510018660;30;255;1510018668;0
32;16;10;5;1;30;1510019369;30;255;1510019377;1
32;16;10;5;1;30;1510019438;30;255;1510019446;0
32;16;10;5;1;30;1510019503;30;255;1510019510;0
32;16;10;5;1;30;1510019602;30;255;1510019610;1
32;16;10;5;1;30;1510020310;30;255;1510020317;0
32;16;10;5;1;30;1510020383;30;255;1510020391;0
32;16;10;5;1;30;1510020444;30;255;1510020451;1
32;16;10;5;1;30;1510020541;30;255;1510020549;0
32;16;10;5;1;30;1510021250;30;255;1510021257;0
32;16;10;5;1;30;1510021324;30;255;1510021332;0
32;16;10;5;1;30;1510021385;30;255;1510021392;0
32;16;10;5;1;30;1510021484;30;255;1510021492;1
32;16;10;5;1;30;1510022191;30;255;1510022198;1
32;16;10;5;1;30;1510022264;30;255;1510022272;1
32;16;10;5;1;30;1510022326;30;255;1510022334;0
32;16;10;5;1;30;1510022426;30;255;1510022433;1
32;16;10;5;1;30;1510023132;30;255;1510023140;1
32;16;10;5;1;30;1510023204;30;255;1510023212;1
32;16;10;5;1;30;1510023271;30;255;1510023279;1
32;16;10;5;1;30;1510023365;30;255;1510023373;1
32;16;10;5;1;30;1510024075;30;255;1510024082;1
32;16;10;5;1;30;1510024146;30;255;1510024153;1
32;16;10;5;1;30;1510024213;30;255;1510024220;1
32;16;10;5;1;30;1510024307;30;255;1510024315;0
32;16;10;5;1;30;1510025018;30;255;1510025026;1
32;16;10;5;1;30;1510025086;30;255;1510025094;1
32;16;10;5;1;30;1510025155;30;255;1510025162;1
32;16;10;5;1;30;1510025247;30;255;1510025255;0
32;16;10;5;1;30;1510025962;30;255;1510025969;0
32;16;10;5;1;30;1510026026;30;255;1510026034;0
32;16;10;5;1;30;1510026096;30;255;1510026104;1
32;16;10;5;1;30;1510026188;30;255;1510026195;1
32;16;10;5;1;30;1510026902;30;255;1510026909;1
32;16;10;5;1;30;1510026968;30;255;1510026975;0
32;16;10;5;1;30;1510027039;30;255;1510027047;0
32;16;10;5;1;30;1510027129;30;255;1510027137;1
32;16;10;5;1;30;1510027843;30;255;1510027851;1
32;16;10;5;1;30;1510027909;30;255;1510027917;0
32;16;10;5;1;30;1510027980;30;255;1510027988;0
32;16;10;5;1;30;1510028069;30;255;1510028077;0
32;16;10;5;1;30;1510028785;30;255;1510028793;1
32;16;10;5;1;30;1510028851;30;255;1510028859;0
32;16;10;5;1;30;1510028923;30;255;1510028931;0
32;16;10;5;1;30;1510029007;30;255;1510029015;1
32;16;10;5;1;30;1510029728;30;255;1510029735;1
32;16;10;5;1;30;1510029794;30;255;1510029801;0
32;16;10;5;1;30;1510029864;30;255;1510029871;0
32;16;10;5;1;30;1510029949;30;255;1510029957;1
32;16;10;5;1;30;1510030668;30;255;1510030676;0
32;16;10;5;1;30;1510030736;30;255;1510030744;0
32;16;10;5;1;30;1510030809;30;255;1510030816;0
32;16;10;5;1;30;1510030890;30;255;1510030898;1
32;16;10;5;1;30;1510031610;30;255;1510031618;1
32;16;10;5;1;30;1510031676;30;255;1510031683;0
32;16;10;5;1;30;1510031751;30;255;1510031759;1
32;16;10;5;1;30;1510031832;30;255;1510031840;1
32;16;10;5;1;30;1510032549;30;255;1510032557;0
32;16;10;5;1;30;1510032618;30;255;1510032625;1
32;16;10;5;1;30;1510032694;30;255;1510032702;1
32;16;10;5;1;30;1510032774;30;255;1510032782;0
32;16;10;5;1;30;1510033493;30;255;1510033500;0
32;16;10;5;1;30;1510033558;30;255;1510033565;0
32;16;10;5;1;30;1510033636;30;255;1510033643;1
32;16;10;5;1;30;1510033714;30;255;1510033721;0
32;16;10;5;1;30;1510034435;30;255;1510034443;1
32;16;10;5;1;30;1510034500;30;255;1510034508;0
32;16;10;5;1;30;1510034576;30;255;1510034584;1
32;16;10;5;1;30;1510034655;30;255;1510034662;1
32;16;10;5;1;30;1510035375;30;255;1510035383;0
32;16;10;5;1;30;1510035442;30;255;1510035450;1
32;16;10;5;1;30;1510035517;30;255;1510035525;0
32;16;10;5;1;30;1510035596;30;255;1510035604;0
32;16;10;5;1;30;1510036318;30;255;1510036325;0
32;16;10;5;1;30;1510036384;30;255;1510036392;1
32;16;10;5;1;30;1510036459;30;255;1510036467;1
32;16;10;5;1;30;1510036536;30;255;1510036544;0
32;16;10;5;1;30;1510037261;30;255;1510037268;0
32;16;10;5;1;30;1510037327;30;255;1510037334;0
32;16;10;5;1;30;1510037399;30;255;1510037407;1
32;16;10;5;1;30;1510037476;30;255;1510037483;0
32;16;10;5;1;30;1510038201;30;255;1510038208;1
32;16;10;5;1;30;1510038269;30;255;1510038277;0
32;16;10;5;1;30;1510038339;30;255;1510038347;1
32;16;10;5;1;30;1510038418;30;255;1510038425;0
32;16;10;5;1;30;1510039143;30;255;1510039151;1
32;16;10;5;1;30;1510039212;30;255;1510039219;0
32;16;10;5;1;30;1510039283;30;255;1510039290;0
32;16;10;5;1;30;1510039358;30;255;1510039365;0
32;16;10;5;1;30;1510040084;30;255;1510040092;0
32;16;10;5;1;30;1510040151;30;255;1510040159;1
32;16;10;5;1;30;1510040225;30;255;1510040232;0
32;16;10;5;1;30;1510040299;30;255;1510040307;0
32;16;10;5;1;30;1510041025;30;255;1510041033;1
32;16;10;5;1;30;1510041093;30;255;1510041101;1
32;16;10;5;1;30;1510041168;30;255;1510041175;0
32;16;10;5;1;30;1510041239;30;255;1510041246;1
32;16;10;5;1;30;1510041969;30;255;1510041976;1
32;16;10;5;1;30;1510042035;30;255;1510042042;1
32;16;10;5;1;30;1510042111;30;255;1510042119;1
32;16;10;5;1;30;1510042180;30;255;1510042187;0
32;16;10;5;1;30;1510042909;30;255;1510042916;1
32;16;10;5;1;30;1510042977;30;255;1510042985;1
32;16;10;5;1;30;1510043052;30;255;1510043060;0
32;16;10;5;1;30;1510043122;30;255;1510043130;1
32;16;10;5;1;30;1510043848;30;255;1510043856;1
32;16;10;5;1;30;1510043920;30;255;1510043927;1
32;16;10;5;1;30;1510043992;30;255;1510044000;0
32;16;10;5;1;30;1510044065;30;255;1510044072;0
32;16;10;5;1;30;1510044803;30;255;1510044811;0
32;16;10;5;1;30;1510044876;30;255;1510044884;1
32;16;10;5;1;30;1510044953;30;255;1510044960;0
32;16;10;5;1;30;1510045030;30;255;1510045037;0
32;16;10;5;1;30;1510045815;30;255;1510045823;0
32;16;10;5;1;30;1510045890;30;255;1510045897;0
32;16;10;5;1;30;1510045963;30;255;1510045971;0
32;16;10;5;1;30;1510046037;30;255;1510046045;0
32;16;10;5;1;30;1510046812;30;255;1510046820;1
32;16;10;5;1;30;1510046821;30;255;1510046829;0
32;16;10;5;1;30;1510046832;30;255;1510046840;1
32;16;10;5;1;30;1510046836;30;255;1510046843;1
32;16;10;5;1;30;1510047789;30;255;1510047799;0
32;16;10;5;1;30;1510047808;30;255;1510047816;1
32;16;10;5;1;30;1510047809;30;255;1510047817;0
32;16;10;5;1;30;1510047812;30;255;1510047820;1
32;16;10;5;1;30;1510048753;30;255;1510048761;1
32;16;10;5;1;30;1510048764;30;255;1510048772;0
32;16;10;5;1;30;1510048769;30;255;1510048777;0
32;16;10;5;1;30;1510048782;30;255;1510048790;1
32;16;10;5;1;30;1510049787;30;255;1510049794;0
32;16;10;5;1;30;1510049794;30;255;1510049802;0
32;16;10;5;1;30;1510049810;30;255;1510049818;1
32;16;10;5;1;30;1510050744;30;255;1510050752;0
32;16;10;5;1;30;1510050750;30;255;1510050758;0
32;16;10;5;1;30;1510050767;30;255;1510050775;1
32;16;10;5;1;30;1510051703;30;255;1510051711;1
32;16;10;5;1;30;1510051710;30;255;1510051717;0
32;16;10;5;1;30;1510051728;30;255;1510051736;0
32;16;10;5;1;30;1510052660;30;255;1510052668;0
32;16;10;5;1;30;1510052667;30;255;1510052675;1
32;16;10;5;1;30;1510052685;30;255;1510052693;1
32;16;10;5;1;30;1510053617;30;255;1510053625;1
32;16;10;5;1;30;1510053623;30;255;1510053631;0
32;16;10;5;1;30;1510053642;30;255;1510053650;1
32;16;10;5;1;30;1510054576;30;255;1510054583;1
32;16;10;5;1;30;1510054583;30;255;1510054591;0
32;16;10;5;1;30;1510054603;30;255;1510054611;1
32;16;10;5;1;30;1510055544;30;255;1510055552;0
32;16;10;5;1;30;1510055555;30;255;1510055563;1
32;16;10;5;1;30;1510055574;30;255;1510055582;0
32;16;10;5;1;30;1510056503;30;255;1510056511;1
32;16;10;5;1;30;1510056521;30;255;1510056529;1
32;16;10;5;1;30;1510056548;30;255;1510056556;0
32;16;10;5;1;30;1510057455;30;255;1510057462;1
32;16;10;5;1;30;1510057476;30;255;1510057484;1
32;16;10;5;1;30;1510057503;30;255;1510057511;1
32;16;10;5;1;30;1510058396;30;255;1510058403;0
32;16;10;5;1;30;1510058418;30;255;1510058425;0
32;16;10;5;1;30;1510058444;30;255;1510058452;1
32;16;10;5;1;30;1510059337;30;255;1510059344;0
32;16;10;5;1;30;1510059357;30;255;1510059365;1
32;16;10;5;1;30;1510059385;30;255;1510059393;0
32;16;10;5;1;30;1510060285;30;255;1510060293;0
32;16;10;5;1;30;1510060305;30;255;1510060313;1
32;16;10;5;1;30;1510060335;30;255;1510060343;1
32;16;10;5;1;30;1510061246;30;255;1510061253;0
32;16;10;5;1;30;1510061263;30;255;1510061270;1
32;16;10;5;1;30;1510061298;30;255;1510061306;1
32;16;10;5;1;30;1510062241;30;255;1510062249;1
32;16;10;5;1;30;1510062246;30;255;1510062254;0
32;16;10;5;1;30;1510062290;30;255;1510062297;0
32;16;10;5;1;30;1510063197;30;255;1510063205;0
32;16;10;5;1;30;1510063202;30;255;1510063210;1
32;16;10;5;1;30;1510063245;30;255;1510063252;0
32;16;10;5;1;30;1510064153;30;255;1510064161;1
32;16;10;5;1;30;1510064155;30;255;1510064163;0
32;16;10;5;1;30;1510064202;30;255;1510064210;0
32;16;10;5;1;30;1510065126;30;255;1510065133;1
32;16;10;5;1;30;1510065126;30;255;1510065134;0
32;16;10;5;1;30;1510065172;30;255;1510065180;0
32;16;10;5;1;30;1510066083;30;255;1510066091;1
32;16;10;5;1;30;1510066086;30;255;1510066094;1
32;16;10;5;1;30;1510066135;30;255;1510066143;0
32;16;10;5;1;30;1510067045;30;255;1510067052;0
32;16;10;5;1;30;1510067047;30;255;1510067055;1
32;16;10;5;1;30;1510067099;30;255;1510067107;1
32;16;10;5;1;30;1510068002;30;255;1510068010;0
32;16;10;5;1;30;1510068006;30;255;1510068013;1
32;16;10;5;1;30;1510068058;30;255;1510068066;1
32;16;10;5;1;30;1510068951;30;255;1510068959;0
32;16;10;5;1;30;1510068954;30;255;1510068962;1
32;16;10;5;1;30;1510069007;30;255;1510069015;1
32;16;10;5;1;30;1510069913;30;255;1510069920;0
32;16;10;5;1;30;1510069929;30;255;1510069937;1
32;16;10;5;1;30;1510069973;30;255;1510069981;1
32;16;10;5;1;30;1510070879;30;255;1510070887;1
32;16;10;5;1;30;1510070891;30;255;1510070899;1
32;16;10;5;1;30;1510070939;30;255;1510070947;1
32;16;10;5;1;30;1510071853;30;255;1510071861;0
32;16;10;5;1;30;1510071858;30;255;1510071866;0
32;16;10;5;1;30;1510071901;30;255;1510071909;1
32;16;10;5;1;30;1510072803;30;255;1510072810;1
32;16;10;5;1;30;1510072809;30;255;1510072816;0
32;16;10;5;1;30;1510072849;30;255;1510072857;1
32;16;10;5;1;30;1510073746;30;255;1510073754;0
32;16;10;5;1;30;1510073752;30;255;1510073760;1
32;16;10;5;1;30;1510073792;30;255;1510073800;1
32;16;10;5;1;30;1510074689;30;255;1510074697;1
32;16;10;5;1;30;1510074695;30;255;1510074703;0
32;16;10;5;1;30;1510074736;30;255;1510074744;1
32;16;10;5;1;30;1510075489;30;255;1510075497;0
32;16;10;5;1;30;1510075664;30;255;1510075671;0
32;16;10;5;1;30;1510075677;30;255;1510075684;0
32;16;10;5;1;30;1510075716;30;255;1510075723;0
32;16;10;5;1;30;1510076442;30;255;1510076450;0
32;16;10;5;1;30;1510076613;30;255;1510076621;0
32;16;10;5;1;30;1510076619;30;255;1510076626;1
32;16;10;5;1;30;1510076660;30;255;1510076667;0
32;16;10;5;1;30;1510077383;30;255;1510077390;1
32;16;10;5;1;30;1510077553;30;255;1510077560;1
32;16;10;5;1;30;1510077560;30;255;1510077567;0
32;16;10;5;1;30;1510077599;30;255;1510077607;0
32;16;10;5;1;30;1510078321;30;255;1510078328;0
32;16;10;5;1;30;1510078492;30;255;1510078500;1
32;16;10;5;1;30;1510078500;30;255;1510078508;0
32;16;10;5;1;30;1510078540;30;255;1510078548;1
32;16;10;5;1;30;1510079260;30;255;1510079268;0
32;16;10;5;1;30;1510079431;30;255;1510079439;1
32;16;10;5;1;30;1510079439;30;255;1510079447;1
32;16;10;5;1;30;1510079480;30;255;1510079488;1
32;16;10;5;1;30;1510080202;30;255;1510080209;1
32;16;10;5;1;30;1510080371;30;255;1510080379;0
32;16;10;5;1;30;1510080378;30;255;1510080386;1
32;16;10;5;1;30;1510080420;30;255;1510080428;0
32;16;10;5;1;30;1510081142;30;255;1510081150;1
32;16;10;5;1;30;1510081311;30;255;1510081318;0
32;16;10;5;1;30;1510081317;30;255;1510081324;0
32;16;10;5;1;30;1510081362;30;255;1510081369;1
32;16;10;5;1;30;1510082082;30;255;1510082089;1
32;16;10;5;1;30;1510082250;30;255;1510082258;0
32;16;10;5;1;30;1510082257;30;255;1510082264;0
32;16;10;5;1;30;1510082301;30;255;1510082309;0
32;16;10;5;1;30;1510083019;30;255;1510083027;1
32;16;10;5;1;30;1510083191;30;255;1510083198;1
32;16;10;5;1;30;1510083199;30;255;1510083206;0
32;16;10;5;1;30;1510083242;30;255;1510083249;0
32;16;10;5;1;30;1510083959;30;255;1510083967;1
32;16;10;5;1;30;1510084129;30;255;1510084137;1
32;16;10;5;1;30;1510084141;30;255;1510084148;0
32;16;10;5;1;30;1510084181;30;255;1510084189;1
32;16;10;5;1;30;1510084897;30;255;1510084905;1
32;16;10;5;1;30;1510085070;30;255;1510085077;1
32;16;10;5;1;30;1510085082;30;255;1510085090;0
32;16;10;5;1;30;1510085121;30;255;1510085129;0
32;16;10;5;1;30;1510085837;30;255;1510085844;0
32;16;10;5;1;30;1510086011;30;255;1510086019;1
32;16;10;5;1;30;1510086024;30;255;1510086032;0
32;16;10;5;1;30;1510086060;30;255;1510086068;0
32;16;10;5;1;30;1510086775;30;255;1510086783;0
32;16;10;5;1;30;1510086951;30;255;1510086959;0
32;16;10;5;1;30;1510086965;30;255;1510086972;1
32;16;10;5;1;30;1510087001;30;255;1510087008;1
32;16;10;5;1;30;1510087716;30;255;1510087724;1
32;16;10;5;1;30;1510087891;30;255;1510087899;0
32;16;10;5;1;30;1510087905;30;255;1510087912;0
32;16;10;5;1;30;1510087940;30;255;1510087947;1
32;16;10;5;1;30;1510088656;30;255;1510088664;1
32;16;10;5;1;30;1510088832;30;255;1510088840;1
32;16;10;5;1;30;1510088844;30;255;1510088852;0
32;16;10;5;1;30;1510088879;30;255;1510088886;1
32;16;10;5;1;30;1510089595;30;255;1510089602;0
32;16;10;5;1;30;1510089772;30;255;1510089779;1
32;16;10;5;1;30;1510089785;30;255;1510089793;1
32;16;10;5;1;30;1510089821;30;255;1510089829;1
32;16;10;5;1;30;1510090534;30;255;1510090541;1
32;16;10;5;1;30;1510090712;30;255;1510090719;0
32;16;10;5;1;30;1510090725;30;255;1510090733;1
32;16;10;5;1;30;1510090764;30;255;1510090771;1
32;16;10;5;1;30;1510091473;30;255;1510091481;0
32;16;10;5;1;30;1510091651;30;255;1510091659;1
32;16;10;5;1;30;1510091666;30;255;1510091674;1
32;16;10;5;1;30;1510091704;30;255;1510091712;0
32;16;10;5;1;30;1510092412;30;255;1510092420;1
32;16;10;5;1;30;1510092592;30;255;1510092599;0
32;16;10;5;1;30;1510092606;30;255;1510092613;0
32;16;10;5;1;30;1510092644;30;255;1510092652;0
32;16;10;5;1;30;1510093352;30;255;1510093360;1
32;16;10;5;1;30;1510093531;30;255;1510093539;1
32;16;10;5;1;30;1510093547;30;255;1510093554;1
32;16;10;5;1;30;1510093586;30;255;1510093593;1
32;16;10;5;1;30;1510094293;30;255;1510094300;0
32;16;10;5;1;30;1510094469;30;255;1510094477;0
32;16;10;5;1;30;1510094486;30;255;1510094493;0
32;16;10;5;1;30;1510094527;30;255;1510094535;0
32;16;10;5;1;30;1510095235;30;255;1510095242;1
32;16;10;5;1;30;1510095409;30;255;1510095417;1
32;16;10;5;1;30;1510095424;30;255;1510095432;1
32;16;10;5;1;30;1510095467;30;255;1510095475;0
32;16;10;5;1;30;1510096177;30;255;1510096185;0
32;16;10;5;1;30;1510096348;30;255;1510096356;0
32;16;10;5;1;30;1510096363;30;255;1510096371;1
32;16;10;5;1;30;1510096407;30;255;1510096415;0
32;16;10;5;1;30;1510097118;30;255;1510097125;1
32;16;10;5;1;30;1510097288;30;255;1510097296;1
32;16;10;5;1;30;1510097302;30;255;1510097310;0
32;16;10;5;1;30;1510097349;30;255;1510097357;1
32;16;10;5;1;30;1510098056;30;255;1510098064;0
32;16;10;5;1;30;1510098229;30;255;1510098237;1
32;16;10;5;1;30;1510098241;30;255;1510098249;0
32;16;10;5;1;30;1510098288;30;255;1510098296;1
32;16;10;5;1;30;1510098996;30;255;1510099004;0
32;16;10;5;1;30;1510099171;30;255;1510099179;1
32;16;10;5;1;30;1510099179;30;255;1510099186;0
32;16;10;5;1;30;1510099229;30;255;1510099237;0
32;16;10;5;1;30;1510099937;30;255;1510099946;1
32;16;10;5;1;30;1510100112;30;255;1510100120;0
32;16;10;5;1;30;1510100117;30;255;1510100124;1
32;16;10;5;1;30;1510100170;30;255;1510100177;0
32;16;10;5;1;30;1510100879;30;255;1510100886;0
32;16;10;5;1;30;1510101051;30;255;1510101058;1
32;16;10;5;1;30;1510101058;30;255;1510101065;1
32;16;10;5;1;30;1510101109;30;255;1510101117;0
32;16;10;5;1;30;1510101818;30;255;1510101826;0
32;16;10;5;1;30;1510101990;30;255;1510101997;0
32;16;10;5;1;30;1510101998;30;255;1510102006;0
32;16;10;5;1;30;1510102049;30;255;1510102057;1
32;16;10;5;1;30;1510102758;30;255;1510102765;1
32;16;10;5;1;30;1510102929;30;255;1510102937;1
32;16;10;5;1;30;1510102938;30;255;1510102945;1
32;16;10;5;1;30;1510102992;30;255;1510103000;0
32;16;10;5;1;30;1510103696;30;255;1510103703;0
32;16;10;5;1;30;1510103869;30;255;1510103877;0
32;16;10;5;1;30;1510103879;30;255;1510103887;1
32;16;10;5;1;30;1510103932;30;255;1510103940;0
32;16;10;5;1;30;1510104634;30;255;1510104641;1
32;16;10;5;1;30;1510104808;30;255;1510104815;1
32;16;10;5;1;30;1510104820;30;255;1510104828;1
32;16;10;5;1;30;1510104872;30;255;1510104879;1
32;16;10;5;1;30;1510105574;30;255;1510105582;0
32;16;10;5;1;30;1510105747;30;255;1510105755;0
32;16;10;5;1;30;1510105760;30;255;1510105767;1
32;16;10;5;1;30;1510105811;30;255;1510105819;0
32;16;10;5;1;30;1510106515;30;255;1510106523;0
32;16;10;5;1;30;1510106689;30;255;1510106697;1
32;16;10;5;1;30;1510106700;30;255;1510106707;0
32;16;10;5;1;30;1510106750;30;255;1510106757;0
32;16;10;5;1;30;1510107454;30;255;1510107461;0
32;16;10;5;1;30;1510107633;30;255;1510107640;0
32;16;10;5;1;30;1510107638;30;255;1510107646;0
32;16;10;5;1;30;1510107693;30;255;1510107701;1
32;16;10;5;1;30;1510108392;30;255;1510108400;1
32;16;10;5;1;30;1510108573;30;255;1510108580;1
32;16;10;5;1;30;1510108578;30;255;1510108586;1
32;16;10;5;1;30;1510108632;30;255;1510108640;1
32;16;10;5;1;30;1510109332;30;255;1510109339;0
32;16;10;5;1;30;1510109514;30;255;1510109521;0
32;16;10;5;1;30;1510109519;30;255;1510109526;1
32;16;10;5;1;30;1510109574;30;255;1510109581;0
32;16;10;5;1;30;1510110272;30;255;1510110279;1
32;16;10;5;1;30;1510110453;30;255;1510110461;0
32;16;10;5;1;30;1510110459;30;255;1510110467;0
32;16;10;5;1;30;1510110514;30;255;1510110522;0
32;16;10;5;1;30;1510111212;30;255;1510111219;1
32;16;10;5;1;30;1510111393;30;255;1510111401;0
32;16;10;5;1;30;1510111401;30;255;1510111409;1
32;16;10;5;1;30;1510111453;30;255;1510111460;0
32;16;10;5;1;30;1510112151;30;255;1510112158;1
32;16;10;5;1;30;1510112335;30;255;1510112343;1
32;16;10;5;1;30;1510112340;30;255;1510112348;1
32;16;10;5;1;30;1510112392;30;255;1510112400;0
32;16;10;5;1;30;1510113088;30;255;1510113095;1
32;16;10;5;1;30;1510113277;30;255;1510113285;0
32;16;10;5;1;30;1510113281;30;255;1510113289;0
32;16;10;5;1;30;1510113332;30;255;1510113340;1
32;16;10;5;1;30;1510114026;30;255;1510114033;1
32;16;10;5;1;30;1510114219;30;255;1510114226;0
32;16;10;5;1;30;1510114222;30;255;1510114229;1
32;16;10;5;1;30;1510114273;30;255;1510114280;1
32;16;10;5;1;30;1510114966;30;255;1510114973;0
32;16;10;5;1;30;1510115159;30;255;1510115166;0
32;16;10;5;1;30;1510115162;30;255;1510115169;1
32;16;10;5;1;30;1510115212;30;255;1510115220;1
32;16;10;5;1;30;1510115907;30;255;1510115915;1
32;16;10;5;1;30;1510116098;30;255;1510116106;0
32;16;10;5;1;30;1510116100;30;255;1510116108;1
32;16;10;5;1;30;1510116151;30;255;1510116159;1
32;16;10;5;1;30;1510116848;30;255;1510116856;0
32;16;10;5;1;30;1510117037;30;255;1510117045;1
32;16;10;5;1;30;1510117041;30;255;1510117049;1
32;16;10;5;1;30;1510117090;30;255;1510117097;0
32;16;10;5;1;30;1510117788;30;255;1510117795;0
32;16;10;5;1;30;1510117976;30;255;1510117984;0
32;16;10;5;1;30;1510117983;30;255;1510117991;1
32;16;10;5;1;30;1510118030;30;255;1510118038;1
32;16;10;5;1;30;1510118731;30;255;1510118738;0
32;16;10;5;1;30;1510118917;30;255;1510118924;1
32;16;10;5;1;30;1510118924;30;255;1510118932;0
32;16;10;5;1;30;1510118969;30;255;1510118977;0
32;16;10;5;1;30;1510119674;30;255;1510119681;0
32;16;10;5;1;30;1510119855;30;255;1510119863;0
32;16;10;5;1;30;1510119863;30;255;1510119870;0
32;16;10;5;1;30;1510119908;30;255;1510119915;0
32;16;10;5;1;30;1510120615;30;255;1510120623;0
32;16;10;5;1;30;1510120795;30;255;1510120803;0
32;16;10;5;1;30;1510120803;30;255;1510120810;1
32;16;10;5;1;30;1510120848;30;255;1510120855;1
32;16;10;5;1;30;1510121556;30;255;1510121564;1
32;16;10;5;1;30;1510121735;30;255;1510121742;0
32;16;10;5;1;30;1510121743;30;255;1510121751;0
32;16;10;5;1;30;1510121786;30;255;1510121794;0
32;16;10;5;1;30;1510122497;30;255;1510122504;0
32;16;10;5;1;30;1510122674;30;255;1510122682;0
32;16;10;5;1;30;1510122683;30;255;1510122690;0
32;16;10;5;1;30;1510122728;30;255;1510122736;1
32;16;10;5;1;30;1510123437;30;255;1510123444;0
32;16;10;5;1;30;1510123615;30;255;1510123623;1
32;16;10;5;1;30;1510123624;30;255;1510123632;1
32;16;10;5;1;30;1510123669;30;255;1510123677;1
32;16;10;5;1;30;1510124378;30;255;1510124386;1
32;16;10;5;1;30;1510124554;30;255;1510124561;0
32;16;10;5;1;30;1510124565;30;255;1510124572;1
32;16;10;5;1;30;1510124609;30;255;1510124616;1
32;16;10;5;1;30;1510125317;30;255;1510125325;0
32;16;10;5;1;30;1510125494;30;255;1510125501;1
32;16;10;5;1;30;1510125505;30;255;1510125512;1
32;16;10;5;1;30;1510125549;30;255;1510125556;1
32;16;10;5;1;30;1510126256;30;255;1510126264;1
32;16;10;5;1;30;1510126434;30;255;1510126442;0
32;16;10;5;1;30;1510126445;30;255;1510126452;1
32;16;10;5;1;30;1510126490;30;255;1510126497;0
32;16;10;5;1;30;1510127196;30;255;1510127204;0
32;16;10;5;1;30;1510127373;30;255;1510127380;0
32;16;10;5;1;30;1510127383;30;255;1510127390;1
32;16;10;5;1;30;1510127432;30;255;1510127439;1
32;16;10;5;1;30;1510128135;30;255;1510128142;0
32;16;10;5;1;30;1510128314;30;255;1510128321;1
32;16;10;5;1;30;1510128322;30;255;1510128329;0
32;16;10;5;1;30;1510128372;30;255;1510128379;0
32;16;10;5;1;30;1510129074;30;255;1510129082;0
32;16;10;5;1;30;1510129254;30;255;1510129261;1
32;16;10;5;1;30;1510129263;30;255;1510129271;1
32;16;10;5;1;30;1510129310;30;255;1510129318;1
32;16;10;5;1;30;1510130031;30;255;1510130039;1
32;16;10;5;1;30;1510130236;30;255;1510130244;1
32;16;10;5;1;30;1510130241;30;255;1510130249;0
32;16;10;5;1;30;1510130289;30;255;1510130297;1
32;16;10;5;1;30;1510131041;30;255;1510131049;0
32;16;10;5;1;30;1510131241;30;255;1510131249;0
32;16;10;5;1;30;1510131243;30;255;1510131251;1
32;16;10;5;1;30;1510131291;30;255;1510131300;1
32;16;10;5;1;30;1510132028;30;255;1510132036;0
32;16;10;5;1;30;1510132211;30;255;1510132219;0
32;16;10;5;1;30;1510132229;30;255;1510132237;0
32;16;10;5;1;30;1510132269;30;255;1510132278;1
32;16;10;5;1;30;1510133014;30;255;1510133021;1
32;16;10;5;1;30;1510133190;30;255;1510133197;0
32;16;10;5;1;30;1510133208;30;255;1510133216;0
32;16;10;5;1;30;1510133253;30;255;1510133261;1
32;16;10;5;1;30;1510134031;30;255;1510134038;0
32;16;10;5;1;30;1510134196;30;255;1510134204;0
32;16;10;5;1;30;1510134228;30;255;1510134236;0
32;16;10;5;1;30;1510134274;30;255;1510134282;1
32;16;10;5;1;30;1510135030;30;255;1510135037;1
32;16;10;5;1;30;1510135199;30;255;1510135208;1
32;16;10;5;1;30;1510135230;30;255;1510135238;0
32;16;10;5;1;30;1510135264;30;255;1510135272;0
32;16;10;5;1;30;1510136022;30;255;1510136030;0
32;16;10;5;1;30;1510136188;30;255;1510136196;0
32;16;10;5;1;30;1510136228;30;255;1510136236;0
32;16;10;5;1;30;1510136251;30;255;1510136260;1
32;16;10;5;1;30;1510137021;30;255;1510137030;1
32;16;10;5;1;30;1510137205;30;255;1510137212;0
32;16;10;5;1;30;1510137223;30;255;1510137231;0
32;16;10;5;1;30;1510137265;30;255;1510137273;1
32;16;10;5;1;30;1510138009;30;255;1510138018;0
32;16;10;5;1;30;1510138206;30;255;1510138215;0
32;16;10;5;1;30;1510138211;30;255;1510138219;1
32;16;10;5;1;30;1510138260;30;255;1510138269;1
32;16;10;5;1;30;1510139026;30;255;1510139033;0
32;16;10;5;1;30;1510139203;30;255;1510139210;1
32;16;10;5;1;30;1510139227;30;255;1510139235;0
32;16;10;5;1;30;1510139267;30;255;1510139275;1
32;16;10;5;1;30;1510139999;30;255;1510140007;1
32;16;10;5;1;30;1510140160;30;255;1510140168;1
32;16;10;5;1;30;1510140240;30;255;1510140247;0
32;16;10;5;1;30;1510140249;30;255;1510140257;0
32;16;10;5;1;30;1510141004;30;255;1510141011;0
32;16;10;5;1;30;1510141144;30;255;1510141151;1
32;16;10;5;1;30;1510141212;30;255;1510141219;1
32;16;10;5;1;30;1510141222;30;255;1510141231;0
32;16;10;5;1;30;1510141973;30;255;1510141981;1
32;16;10;5;1;30;1510142143;30;255;1510142151;1
32;16;10;5;1;30;1510142185;30;255;1510142193;0
32;16;10;5;1;30;1510142242;30;255;1510142250;1
32;16;10;5;1;30;1510143011;30;255;1510143020;1
32;16;10;5;1;30;1510143197;30;255;1510143206;1
32;16;10;5;1;30;1510143233;30;255;1510143242;1
32;16;10;5;1;30;1510143302;30;255;1510143310;1
32;16;10;5;1;30;1510144010;30;255;1510144017;1
32;16;10;5;1;30;1510144185;30;255;1510144193;1
32;16;10;5;1;30;1510144217;30;255;1510144225;1
32;16;10;5;1;30;1510144291;30;255;1510144298;0
32;16;10;5;1;30;1510144964;30;255;1510144972;0
32;16;10;5;1;30;1510145132;30;255;1510145139;0
32;16;10;5;1;30;1510145162;30;255;1510145170;1
32;16;10;5;1;30;1510145239;30;255;1510145246;0
32;16;10;5;1;30;1510145903;30;255;1510145911;1
32;16;10;5;1;30;1510146074;30;255;1510146082;1
32;16;10;5;1;30;1510146106;30;255;1510146114;0
32;16;10;5;1;30;1510146179;30;255;1510146187;1
32;16;10;5;1;30;1510146850;30;255;1510146857;0
32;16;10;5;1;30;1510147022;30;255;1510147029;1
32;16;10;5;1;30;1510147055;30;255;1510147063;1
32;16;10;5;1;30;1510147127;30;255;1510147135;0
32;16;10;5;1;30;1510147823;30;255;1510147831;0
32;16;10;5;1;30;1510148005;30;255;1510148013;0
32;16;10;5;1;30;1510148030;30;255;1510148038;0
32;16;10;5;1;30;1510148109;30;255;1510148116;0
32;16;10;5;1;30;1510148802;30;255;1510148810;0
32;16;10;5;1;30;1510148975;30;255;1510148983;0
32;16;10;5;1;30;1510148995;30;255;1510149003;1
32;16;10;5;1;30;1510149073;30;255;1510149081;0
32;16;10;5;1;30;1510149752;30;255;1510149760;0
32;16;10;5;1;30;1510149927;30;255;1510149935;1
32;16;10;5;1;30;1510149938;30;255;1510149945;0
32;16;10;5;1;30;1510150017;30;255;1510150024;1
32;16;10;5;1;30;1510150705;30;255;1510150713;0
32;16;10;5;1;30;1510150882;30;255;1510150890;0
32;16;10;5;1;30;1510150893;30;255;1510150900;0
32;16;10;5;1;30;1510150978;30;255;1510150987;0
32;16;10;5;1;30;1510151665;30;255;1510151672;0
32;16;10;5;1;30;1510151850;30;255;1510151858;0
32;16;10;5;1;30;1510151863;30;255;1510151870;1
32;16;10;5;1;30;1510151956;30;255;1510151964;1
32;16;10;5;1;30;1510152665;30;255;1510152673;1
32;16;10;5;1;30;1510152836;30;255;1510152845;1
32;16;10;5;1;30;1510152861;30;255;1510152869;1
32;16;10;5;1;30;1510152937;30;255;1510152945;1
32;16;10;5;1;30;1510153632;30;255;1510153640;0
32;16;10;5;1;30;1510153808;30;255;1510153815;0
32;16;10;5;1;30;1510153831;30;255;1510153839;1
32;16;10;5;1;30;1510153904;30;255;1510153912;0
32;16;10;5;1;30;1510154601;30;255;1510154608;0
32;16;10;5;1;30;1510154776;30;255;1510154784;1
32;16;10;5;1;30;1510154801;30;255;1510154809;0
32;16;10;5;1;30;1510154869;30;255;1510154877;1
32;16;10;5;1;30;1510155557;30;255;1510155565;0
32;16;10;5;1;30;1510155732;30;255;1510155739;1
32;16;10;5;1;30;1510155759;30;255;1510155767;1
32;16;10;5;1;30;1510155832;30;255;1510155840;1
32;16;10;5;1;30;1510156543;30;255;1510156551;1
32;16;10;5;1;30;1510156715;30;255;1510156724;0
32;16;10;5;1;30;1510156746;30;255;1510156755;1
32;16;10;5;1;30;1510156818;30;255;1510156827;0
32;16;10;5;1;30;1510157532;30;255;1510157540;1
32;16;10;5;1;30;1510157718;30;255;1510157726;1
32;16;10;5;1;30;1510157743;30;255;1510157751;1
32;16;10;5;1;30;1510157814;30;255;1510157822;1
32;16;10;5;1;30;1510158500;30;255;1510158508;0
32;16;10;5;1;30;1510158680;30;255;1510158688;1
32;16;10;5;1;30;1510158712;30;255;1510158720;0
32;16;10;5;1;30;1510158775;30;255;1510158783;0
32;16;10;5;1;30;1510159455;30;255;1510159463;1
32;16;10;5;1;30;1510159638;30;255;1510159646;0
32;16;10;5;1;30;1510159668;30;255;1510159676;0
32;16;10;5;1;30;1510159736;30;255;1510159744;1
32;16;10;5;1;30;1510160437;30;255;1510160445;0
32;16;10;5;1;30;1510160612;30;255;1510160620;1
32;16;10;5;1;30;1510160643;30;255;1510160650;1
32;16;10;5;1;30;1510160712;30;255;1510160720;1
32;16;10;5;1;30;1510161414;30;255;1510161422;0
32;16;10;5;1;30;1510161589;30;255;1510161597;1
32;16;10;5;1;30;1510161627;30;255;1510161635;1
32;16;10;5;1;30;1510161684;30;255;1510161692;0
32;16;10;5;1;30;1510162380;30;255;1510162387;0
32;16;10;5;1;30;1510162549;30;255;1510162557;1
32;16;10;5;1;30;1510162591;30;255;1510162600;1
32;16;10;5;1;30;1510162649;30;255;1510162656;1
32;16;10;5;1;30;1510163330;30;255;1510163338;1
32;16;10;5;1;30;1510163512;30;255;1510163519;1
32;16;10;5;1;30;1510163573;30;255;1510163580;1
32;16;10;5;1;30;1510163600;30;255;1510163607;0
32;16;10;5;1;30;1510164272;30;255;1510164279;1
32;16;10;5;1;30;1510164455;30;255;1510164463;1
32;16;10;5;1;30;1510164515;30;255;1510164523;1
32;16;10;5;1;30;1510164545;30;255;1510164552;0
32;16;10;5;1;30;1510165214;30;255;1510165222;0
32;16;10;5;1;30;1510165397;30;255;1510165405;0
32;16;10;5;1;30;1510165458;30;255;1510165465;0
32;16;10;5;1;30;1510165488;30;255;1510165496;0
32;16;10;5;1;30;1510166158;30;255;1510166166;1
32;16;10;5;1;30;1510166340;30;255;1510166347;1
32;16;10;5;1;30;1510166401;30;255;1510166409;0
32;16;10;5;1;30;1510166431;30;255;1510166438;1
32;16;10;5;1;30;1510167101;30;255;1510167108;1
32;16;10;5;1;30;1510167282;30;255;1510167289;1
32;16;10;5;1;30;1510167343;30;255;1510167351;1
32;16;10;5;1;30;1510167376;30;255;1510167383;0
32;16;10;5;1;30;1510168044;30;255;1510168051;0
32;16;10;5;1;30;1510168223;30;255;1510168230;0
32;16;10;5;1;30;1510168286;30;255;1510168294;0
32;16;10;5;1;30;1510168320;30;255;1510168327;1
32;16;10;5;1;30;1510168984;30;255;1510168992;0
32;16;10;5;1;30;1510169165;30;255;1510169173;1
32;16;10;5;1;30;1510169228;30;255;1510169236;1
32;16;10;5;1;30;1510169261;30;255;1510169268;0
32;16;10;5;1;30;1510169928;30;255;1510169936;0
32;16;10;5;1;30;1510170109;30;255;1510170116;1
32;16;10;5;1;30;1510170172;30;255;1510170179;0
32;16;10;5;1;30;1510170202;30;255;1510170210;0
32;16;10;5;1;30;1510170871;30;255;1510170878;0
32;16;10;5;1;30;1510171050;30;255;1510171058;0
32;16;10;5;1;30;1510171116;30;255;1510171123;0
32;16;10;5;1;30;1510171144;30;255;1510171152;1
32;16;10;5;1;30;1510171811;30;255;1510171819;1
32;16;10;5;1;30;1510171993;30;255;1510172001;1
32;16;10;5;1;30;1510172059;30;255;1510172067;1
32;16;10;5;1;30;1510172088;30;255;1510172095;1
32;16;10;5;1;30;1510172754;30;255;1510172762;0
32;16;10;5;1;30;1510172934;30;255;1510172942;0
32;16;10;5;1;30;1510173001;30;255;1510173009;0
32;16;10;5;1;30;1510173032;30;255;1510173039;1
32;16;10;5;1;30;1510173697;30;255;1510173705;0
32;16;10;5;1;30;1510173875;30;255;1510173883;1
32;16;10;5;1;30;1510173945;30;255;1510173953;0
32;16;10;5;1;30;1510173973;30;255;1510173981;0
32;16;10;5;1;30;1510174642;30;255;1510174650;0
32;16;10;5;1;30;1510174819;30;255;1510174826;1
32;16;10;5;1;30;1510174887;30;255;1510174895;1
32;16;10;5;1;30;1510174914;30;255;1510174922;0
32;16;10;5;1;30;1510175585;30;255;1510175593;1
32;16;10;5;1;30;1510175759;30;255;1510175767;0
32;16;10;5;1;30;1510175830;30;255;1510175838;1
32;16;10;5;1;30;1510175856;30;255;1510175863;1
32;16;10;5;1;30;1510176530;30;255;1510176537;1
32;16;10;5;1;30;1510176700;30;255;1510176708;0
32;16;10;5;1;30;1510176771;30;255;1510176779;0
32;16;10;5;1;30;1510176797;30;255;1510176804;0
32;16;10;5;1;30;1510177472;30;255;1510177479;1
32;16;10;5;1;30;1510177643;30;255;1510177651;1
32;16;10;5;1;30;1510177714;30;255;1510177722;1
32;16;10;5;1;30;1510177737;30;255;1510177745;0
32;16;10;5;1;30;1510178415;30;255;1510178423;1
32;16;10;5;1;30;1510178587;30;255;1510178595;1
32;16;10;5;1;30;1510178656;30;255;1510178663;0
32;16;10;5;1;30;1510178680;30;255;1510178687;0
32;16;10;5;1;30;1510179358;30;255;1510179366;0
32;16;10;5;1;30;1510179531;30;255;1510179538;0
32;16;10;5;1;30;1510179596;30;255;1510179603;0
32;16;10;5;1;30;1510179621;30;255;1510179628;1
32;16;10;5;1;30;1510180301;30;255;1510180309;0
32;16;10;5;1;30;1510180473;30;255;1510180480;1
32;16;10;5;1;30;1510180537;30;255;1510180544;1
32;16;10;5;1;30;1510180564;30;255;1510180571;0
32;16;10;5;1;30;1510181246;30;255;1510181253;1
32;16;10;5;1;30;1510181415;30;255;1510181422;0
32;16;10;5;1;30;1510181479;30;255;1510181487;1
32;16;10;5;1;30;1510181507;30;255;1510181514;0
32;16;10;5;1;30;1510182189;30;255;1510182197;0
32;16;10;5;1;30;1510182358;30;255;1510182365;1
32;16;10;5;1;30;1510182422;30;255;1510182430;1
32;16;10;5;1;30;1510182449;30;255;1510182457;0
32;16;10;5;1;30;1510183133;30;255;1510183141;1
32;16;10;5;1;30;1510183299;30;255;1510183307;1
32;16;10;5;1;30;1510183364;30;255;1510183371;1
32;16;10;5;1;30;1510183390;30;255;1510183398;1
32;16;10;5;1;30;1510184075;30;255;1510184083;1
32;16;10;5;1;30;1510184242;30;255;1510184250;1
32;16;10;5;1;30;1510184306;30;255;1510184313;1
32;16;10;5;1;30;1510184332;30;255;1510184339;1
32;16;10;5;1;30;1510185019;30;255;1510185027;1
32;16;10;5;1;30;1510185185;30;255;1510185192;1
32;16;10;5;1;30;1510185249;30;255;1510185257;0
32;16;10;5;1;30;1510185272;30;255;1510185279;0
32;16;10;5;1;30;1510185961;30;255;1510185969;1
32;16;10;5;1;30;1510186129;30;255;1510186137;0
32;16;10;5;1;30;1510186192;30;255;1510186200;1
32;16;10;5;1;30;1510186215;30;255;1510186222;1
32;16;10;5;1;30;1510186903;30;255;1510186911;0
32;16;10;5;1;30;1510187072;30;255;1510187079;1
32;16;10;5;1;30;1510187131;30;255;1510187139;1
32;16;10;5;1;30;1510187155;30;255;1510187163;0
32;16;10;5;1;30;1510187846;30;255;1510187853;1
32;16;10;5;1;30;1510188015;30;255;1510188022;0
32;16;10;5;1;30;1510188074;30;255;1510188081;0
32;16;10;5;1;30;1510188098;30;255;1510188106;0
32;16;10;5;1;30;1510188787;30;255;1510188794;1
32;16;10;5;1;30;1510188957;30;255;1510188965;0
32;16;10;5;1;30;1510189015;30;255;1510189023;1
32;16;10;5;1;30;1510189042;30;255;1510189049;1
32;16;10;5;1;30;1510189727;30;255;1510189734;1
32;16;10;5;1;30;1510189901;30;255;1510189908;0
32;16;10;5;1;30;1510189956;30;255;1510189963;1
32;16;10;5;1;30;1510189986;30;255;1510189993;0
32;16;10;5;1;30;1510190667;30;255;1510190675;0
32;16;10;5;1;30;1510190842;30;255;1510190850;1
32;16;10;5;1;30;1510190895;30;255;1510190903;0
32;16;10;5;1;30;1510190929;30;255;1510190937;1
32;16;10;5;1;30;1510191609;30;255;1510191616;1
32;16;10;5;1;30;1510191787;30;255;1510191794;1
32;16;10;5;1;30;1510191836;30;255;1510191844;0
32;16;10;5;1;30;1510191872;30;255;1510191880;0
32;16;10;5;1;30;1510192553;30;255;1510192561;1
32;16;10;5;1;30;1510192729;30;255;1510192736;0
32;16;10;5;1;30;1510192777;30;255;1510192785;0
32;16;10;5;1;30;1510192816;30;255;1510192823;0
32;16;10;5;1;30;1510193493;30;255;1510193501;0
32;16;10;5;1;30;1510193670;30;255;1510193677;1
32;16;10;5;1;30;1510193720;30;255;1510193727;0
32;16;10;5;1;30;1510193759;30;255;1510193766;1
32;16;10;5;1;30;1510194433;30;255;1510194441;0
32;16;10;5;1;30;1510194612;30;255;1510194619;1
32;16;10;5;1;30;1510194662;30;255;1510194669;0
32;16;10;5;1;30;1510194701;30;255;1510194708;0
32;16;10;5;1;30;1510195377;30;255;1510195385;0
32;16;10;5;1;30;1510195556;30;255;1510195564;0
32;16;10;5;1;30;1510195604;30;255;1510195611;0
32;16;10;5;1;30;1510195643;30;255;1510195650;1
32;16;10;5;1;30;1510196319;30;255;1510196327;1
32;16;10;5;1;30;1510196501;30;255;1510196508;1
32;16;10;5;1;30;1510196547;30;255;1510196555;1
32;16;10;5;1;30;1510196583;30;255;1510196590;1
32;16;10;5;1;30;1510197263;30;255;1510197271;0
32;16;10;5;1;30;1510197441;30;255;1510197448;0
32;16;10;5;1;30;1510197490;30;255;1510197497;0
32;16;10;5;1;30;1510197523;30;255;1510197531;1
32;16;10;5;1;30;1510198204;30;255;1510198212;0
32;16;10;5;1;30;1510198383;30;255;1510198390;0
32;16;10;5;1;30;1510198435;30;255;1510198442;0
32;16;10;5;1;30;1510198465;30;255;1510198473;0
32;16;10;5;1;30;1510199145;30;255;1510199153;0
32;16;10;5;1;30;1510199323;30;255;1510199331;1
32;16;10;5;1;30;1510199381;30;255;1510199388;0
32;16;10;5;1;30;1510199407;30;255;1510199414;0
32;16;10;5;1;30;1510200087;30;255;1510200095;0
32;16;10;5;1;30;1510200265;30;255;1510200273;0
32;16;10;5;1;30;1510200326;30;255;1510200334;1
32;16;10;5;1;30;1510200347;30;255;1510200354;1
32;16;10;5;1;30;1510201028;30;255;1510201036;0
32;16;10;5;1;30;1510201205;30;255;1510201212;0
32;16;10;5;1;30;1510201270;30;255;1510201278;1
32;16;10;5;1;30;1510201286;30;255;1510201294;1
32;16;10;5;1;30;1510201971;30;255;1510201978;0
32;16;10;5;1;30;1510202147;30;255;1510202155;1
32;16;10;5;1;30;1510202214;30;255;1510202221;0
32;16;10;5;1;30;1510202229;30;255;1510202237;1
32;16;10;5;1;30;1510202912;30;255;1510202920;1
32;16;10;5;1;30;1510203092;30;255;1510203100;1
32;16;10;5;1;30;1510203154;30;255;1510203162;1
32;16;10;5;1;30;1510203172;30;255;1510203180;1
32;16;10;5;1;30;1510203853;30;255;1510203861;1
32;16;10;5;1;30;1510204035;30;255;1510204043;0
32;16;10;5;1;30;1510204096;30;255;1510204104;1
32;16;10;5;1;30;1510204118;30;255;1510204126;1
32;16;10;5;1;30;1510204793;30;255;1510204801;0
32;16;10;5;1;30;1510204975;30;255;1510204982;1
32;16;10;5;1;30;1510205039;30;255;1510205046;1
32;16;10;5;1;30;1510205061;30;255;1510205069;0
32;16;10;5;1;30;1510205737;30;255;1510205745;0
32;16;10;5;1;30;1510205917;30;255;1510205924;0
32;16;10;5;1;30;1510205984;30;255;1510205991;1
32;16;10;5;1;30;1510206004;30;255;1510206012;0
32;16;10;5;1;30;1510206679;30;255;1510206687;1
32;16;10;5;1;30;1510206859;30;255;1510206867;1
32;16;10;5;1;30;1510206925;30;255;1510206933;0
32;16;10;5;1;30;1510206948;30;255;1510206955;1
32;16;10;5;1;30;1510207622;30;255;1510207630;0
32;16;10;5;1;30;1510207802;30;255;1510207810;1
32;16;10;5;1;30;1510207868;30;255;1510207876;0
32;16;10;5;1;30;1510207889;30;255;1510207896;0
32;16;10;5;1;30;1510208562;30;255;1510208569;0
32;16;10;5;1;30;1510208744;30;255;1510208752;1
32;16;10;5;1;30;1510208810;30;255;1510208817;1
32;16;10;5;1;30;1510208830;30;255;1510208837;0
32;16;10;5;1;30;1510209504;30;255;1510209512;0
32;16;10;5;1;30;1510209687;30;255;1510209695;0
32;16;10;5;1;30;1510209753;30;255;1510209761;1
32;16;10;5;1;30;1510209773;30;255;1510209780;0
32;16;10;5;1;30;1510210448;30;255;1510210455;1
32;16;10;5;1;30;1510210627;30;255;1510210635;0
32;16;10;5;1;30;1510210695;30;255;1510210702;1
32;16;10;5;1;30;1510210717;30;255;1510210724;1
32;16;10;5;1;30;1510211390;30;255;1510211398;1
32;16;10;5;1;30;1510211569;30;255;1510211577;1
32;16;10;5;1;30;1510211636;30;255;1510211644;1
32;16;10;5;1;30;1510211658;30;255;1510211666;0
32;16;10;5;1;30;1510212333;30;255;1510212340;1
32;16;10;5;1;30;1510212511;30;255;1510212519;0
32;16;10;5;1;30;1510212576;30;255;1510212584;1
32;16;10;5;1;30;1510212600;30;255;1510212607;1
32;16;10;5;1;30;1510213275;30;255;1510213283;1
32;16;10;5;1;30;1510213454;30;255;1510213462;1
32;16;10;5;1;30;1510213521;30;255;1510213529;1
32;16;10;5;1;30;1510213543;30;255;1510213550;1
32;16;10;5;1;30;1510214217;30;255;1510214225;0
32;16;10;5;1;30;1510214397;30;255;1510214404;1
32;16;10;5;1;30;1510214462;30;255;1510214469;0
32;16;10;5;1;30;1510214487;30;255;1510214494;1
32;16;10;5;1;30;1510215160;30;255;1510215168;1
32;16;10;5;1;30;1510215337;30;255;1510215345;1
32;16;10;5;1;30;1510215403;30;255;1510215411;1
32;16;10;5;1;30;1510215430;30;255;1510215438;0
32;16;10;5;1;30;1510216101;30;255;1510216109;1
32;16;10;5;1;30;1510216278;30;255;1510216285;0
32;16;10;5;1;30;1510216345;30;255;1510216353;1
32;16;10;5;1;30;1510216373;30;255;1510216380;1
32;16;10;5;1;30;1510217045;30;255;1510217052;0
32;16;10;5;1;30;1510217220;30;255;1510217228;0
32;16;10;5;1;30;1510217287;30;255;1510217294;1
32;16;10;5;1;30;1510217316;30;255;1510217324;0
32;16;10;5;1;30;1510217987;30;255;1510217994;0
32;16;10;5;1;30;1510218163;30;255;1510218171;0
32;16;10;5;1;30;1510218229;30;255;1510218237;1
32;16;10;5;1;30;1510218259;30;255;1510218267;0
32;16;10;5;1;30;1510218932;30;255;1510218939;0
32;16;10;5;1;30;1510219123;30;255;1510219131;0
32;16;10;5;1;30;1510219179;30;255;1510219188;1
32;16;10;5;1;30;1510219215;30;255;1510219224;0
32;16;10;5;1;30;1510219927;30;255;1510219935;1
32;16;10;5;1;30;1510220125;30;255;1510220134;0
32;16;10;5;1;30;1510220186;30;255;1510220195;0
32;16;10;5;1;30;1510220222;30;255;1510220229;0
32;16;10;5;1;30;1510220950;30;255;1510220958;0
32;16;10;5;1;30;1510221133;30;255;1510221141;1
32;16;10;5;1;30;1510221179;30;255;1510221186;1
32;16;10;5;1;30;1510221220;30;255;1510221228;1
32;16;10;5;1;30;1510221923;30;255;1510221932;0
32;16;10;5;1;30;1510222117;30;255;1510222125;0
32;16;10;5;1;30;1510222171;30;255;1510222178;1
32;16;10;5;1;30;1510222238;30;255;1510222246;0
32;16;10;5;1;30;1510222931;30;255;1510222939;0
32;16;10;5;1;30;1510223132;30;255;1510223140;0
32;16;10;5;1;30;1510223185;30;255;1510223193;0
32;16;10;5;1;30;1510223251;30;255;1510223259;0
32;16;10;5;1;30;1510223954;30;255;1510223962;1
32;16;10;5;1;30;1510224146;30;255;1510224154;0
32;16;10;5;1;30;1510224207;30;255;1510224214;1
32;16;10;5;1;30;1510224259;30;255;1510224267;0
32;16;10;5;1;30;1510224961;30;255;1510224969;0
32;16;10;5;1;30;1510225150;30;255;1510225158;1
32;16;10;5;1;30;1510225201;30;255;1510225208;1
32;16;10;5;1;30;1510225257;30;255;1510225265;1
32;16;10;5;1;30;1510225955;30;255;1510225965;1
32;16;10;5;1;30;1510226151;30;255;1510226159;0
32;16;10;5;1;30;1510226208;30;255;1510226216;1
32;16;10;5;1;30;1510226258;30;255;1510226267;1
32;16;10;5;1;30;1510226971;30;255;1510226979;1
32;16;10;5;1;30;1510227152;30;255;1510227161;0
32;16;10;5;1;30;1510227208;30;255;1510227217;1
32;16;10;5;1;30;1510252944;30;255;1510252952;1
32;16;10;5;1;30;1510252947;30;255;1510252955;1
32;16;10;5;1;30;1510252953;30;255;1510252962;0
32;16;10;5;1;30;1510252956;30;255;1510252964;1
32;16;10;5;1;30;1510253910;30;255;1510253918;0
32;16;10;5;1;30;1510253913;30;255;1510253921;1
32;16;10;5;1;30;1510253916;30;255;1510253923;0
32;16;10;5;1;30;1510253934;30;255;1510253941;1
32;16;10;5;1;30;1510254845;30;255;1510254852;1
32;16;10;5;1;30;1510254846;30;255;1510254853;1
32;16;10;5;1;30;1510254847;30;255;1510254854;0
32;16;10;5;1;30;1510254868;30;255;1510254876;0
32;16;10;5;1;30;1510255777;30;255;1510255785;0
32;16;10;5;1;30;1510255777;30;255;1510255785;1
32;16;10;5;1;30;1510255781;30;255;1510255789;1
32;16;10;5;1;30;1510255803;30;255;1510255810;1
32;16;10;5;1;30;1510256708;30;255;1510256715;0
32;16;10;5;1;30;1510256710;30;255;1510256717;0
32;16;10;5;1;30;1510256716;30;255;1510256724;0
32;16;10;5;1;30;1510256737;30;255;1510256744;1
32;16;10;5;1;30;1510257639;30;255;1510257646;1
32;16;10;5;1;30;1510257641;30;255;1510257649;0
32;16;10;5;1;30;1510257652;30;255;1510257659;1
32;16;10;5;1;30;1510257673;30;255;1510257680;0
32;16;10;5;1;30;1510258570;30;255;1510258577;1
32;16;10;5;1;30;1510258573;30;255;1510258581;0
32;16;10;5;1;30;1510258588;30;255;1510258595;1
32;16;10;5;1;30;1510258608;30;255;1510258615;1
32;16;10;5;1;30;1510259500;30;255;1510259508;0
32;16;10;5;1;30;1510259505;30;255;1510259513;0
32;16;10;5;1;30;1510259523;30;255;1510259531;1
32;16;10;5;1;30;1510259542;30;255;1510259550;0
32;16;10;5;1;30;1510260431;30;255;1510260439;0
32;16;10;5;1;30;1510260438;30;255;1510260445;0
32;16;10;5;1;30;1510260459;30;255;1510260467;1
32;16;10;5;1;30;1510260477;30;255;1510260484;0
32;16;10;5;1;30;1510261363;30;255;1510261371;1
32;16;10;5;1;30;1510261370;30;255;1510261377;0
32;16;10;5;1;30;1510261395;30;255;1510261402;1
32;16;10;5;1;30;1510261413;30;255;1510261421;1
32;16;10;5;1;30;1510262294;30;255;1510262302;0
32;16;10;5;1;30;1510262301;30;255;1510262308;0
32;16;10;5;1;30;1510262330;30;255;1510262337;0
32;16;10;5;1;30;1510262349;30;255;1510262356;1
32;16;10;5;1;30;1510263225;30;255;1510263233;1
32;16;10;5;1;30;1510263232;30;255;1510263240;0
32;16;10;5;1;30;1510263265;30;255;1510263272;0
32;16;10;5;1;30;1510263284;30;255;1510263291;0
32;16;10;5;1;30;1510264156;30;255;1510264163;0
32;16;10;5;1;30;1510264164;30;255;1510264172;0
32;16;10;5;1;30;1510264202;30;255;1510264209;1
32;16;10;5;1;30;1510264219;30;255;1510264226;0
32;16;10;5;1;30;1510265088;30;255;1510265096;0
32;16;10;5;1;30;1510265096;30;255;1510265103;1
32;16;10;5;1;30;1510265137;30;255;1510265145;1
32;16;10;5;1;30;1510265154;30;255;1510265161;1
32;16;10;5;1;30;1510266019;30;255;1510266026;1
32;16;10;5;1;30;1510266027;30;255;1510266034;1
32;16;10;5;1;30;1510266074;30;255;1510266081;0
32;16;10;5;1;30;1510266090;30;255;1510266097;1
32;16;10;5;1;30;1510266950;30;255;1510266957;1
32;16;10;5;1;30;1510266959;30;255;1510266966;1
32;16;10;5;1;30;1510267010;30;255;1510267017;0
32;16;10;5;1;30;1510267024;30;255;1510267032;0
32;16;10;5;1;30;1510267880;30;255;1510267888;0
32;16;10;5;1;30;1510267890;30;255;1510267898;1
32;16;10;5;1;30;1510267948;30;255;1510267955;1
32;16;10;5;1;30;1510267959;30;255;1510267967;0
32;16;10;5;1;30;1510268811;30;255;1510268819;0
32;16;10;5;1;30;1510268822;30;255;1510268829;1
32;16;10;5;1;30;1510268885;30;255;1510268892;1
32;16;10;5;1;30;1510268894;30;255;1510268901;1
32;16;10;5;1;30;1510269743;30;255;1510269750;0
32;16;10;5;1;30;1510269753;30;255;1510269761;1
32;16;10;5;1;30;1510269821;30;255;1510269829;0
32;16;10;5;1;30;1510269830;30;255;1510269837;0
32;16;10;5;1;30;1510270674;30;255;1510270681;0
32;16;10;5;1;30;1510270686;30;255;1510270694;1
32;16;10;5;1;30;1510270759;30;255;1510270767;0
32;16;10;5;1;30;1510270765;30;255;1510270773;0
32;16;10;5;1;30;1510271605;30;255;1510271612;0
32;16;10;5;1;30;1510271620;30;255;1510271628;0
32;16;10;5;1;30;1510271694;30;255;1510271702;0
32;16;10;5;1;30;1510271701;30;255;1510271709;0
32;16;10;5;1;30;1510272537;30;255;1510272545;0
32;16;10;5;1;30;1510272557;30;255;1510272564;1
32;16;10;5;1;30;1510272626;30;255;1510272633;1
32;16;10;5;1;30;1510272636;30;255;1510272644;1
32;16;10;5;1;30;1510273468;30;255;1510273475;1
32;16;10;5;1;30;1510273494;30;255;1510273501;1
32;16;10;5;1;30;1510273557;30;255;1510273565;0
32;16;10;5;1;30;1510273573;30;255;1510273581;1
32;16;10;5;1;30;1510274399;30;255;1510274406;0
32;16;10;5;1;30;1510274430;30;255;1510274437;0
32;16;10;5;1;30;1510274489;30;255;1510274496;1
32;16;10;5;1;30;1510274509;30;255;1510274516;1
32;16;10;5;1;30;1510275330;30;255;1510275337;1
32;16;10;5;1;30;1510275367;30;255;1510275375;0
32;16;10;5;1;30;1510275421;30;255;1510275429;0
32;16;10;5;1;30;1510275444;30;255;1510275451;1
32;16;10;5;1;30;1510276261;30;255;1510276268;1
32;16;10;5;1;30;1510276303;30;255;1510276311;0
32;16;10;5;1;30;1510276357;30;255;1510276364;0
32;16;10;5;1;30;1510276376;30;255;1510276383;0
32;16;10;5;1;30;1510277193;30;255;1510277201;0
32;16;10;5;1;30;1510277240;30;255;1510277248;0
32;16;10;5;1;30;1510277293;30;255;1510277301;1
32;16;10;5;1;30;1510277307;30;255;1510277314;0
32;16;10;5;1;30;1510278124;30;255;1510278132;1
32;16;10;5;1;30;1510278176;30;255;1510278184;0
32;16;10;5;1;30;1510278229;30;255;1510278237;1
32;16;10;5;1;30;1510278238;30;255;1510278246;1
32;16;10;5;1;30;1510279055;30;255;1510279063;0
32;16;10;5;1;30;1510279114;30;255;1510279121;1
32;16;10;5;1;30;1510279165;30;255;1510279172;1
32;16;10;5;1;30;1510279170;30;255;1510279177;0
32;16;10;5;1;30;1510279986;30;255;1510279994;0
32;16;10;5;1;30;1510280051;30;255;1510280058;1
32;16;10;5;1;30;1510280101;30;255;1510280108;0
32;16;10;5;1;30;1510280101;30;255;1510280109;0
32;16;10;5;1;30;1510280917;30;255;1510280924;1
32;16;10;5;1;30;1510280988;30;255;1510280995;0
32;16;10;5;1;30;1510281033;30;255;1510281040;0
32;16;10;5;1;30;1510281037;30;255;1510281044;0
32;16;10;5;1;30;1510281848;30;255;1510281855;0
32;16;10;5;1;30;1510281927;30;255;1510281934;0
32;16;10;5;1;30;1510281964;30;255;1510281972;1
32;16;10;5;1;30;1510281972;30;255;1510281979;1
32;16;10;5;1;30;1510282778;30;255;1510282786;1
32;16;10;5;1;30;1510282866;30;255;1510282873;1
32;16;10;5;1;30;1510282896;30;255;1510282903;0
32;16;10;5;1;30;1510282908;30;255;1510282915;1
32;16;10;5;1;30;1510283709;30;255;1510283717;1
32;16;10;5;1;30;1510283803;30;255;1510283810;1
32;16;10;5;1;30;1510283827;30;255;1510283835;0
32;16;10;5;1;30;1510283843;30;255;1510283851;0
32;16;10;5;1;30;1510284640;30;255;1510284648;1
32;16;10;5;1;30;1510284741;30;255;1510284749;0
32;16;10;5;1;30;1510284758;30;255;1510284766;1
32;16;10;5;1;30;1510284778;30;255;1510284786;1
32;16;10;5;1;30;1510285571;30;255;1510285578;1
32;16;10;5;1;30;1510285678;30;255;1510285686;0
32;16;10;5;1;30;1510285694;30;255;1510285701;1
32;16;10;5;1;30;1510285710;30;255;1510285718;0
32;16;10;5;1;30;1510286502;30;255;1510286509;0
32;16;10;5;1;30;1510286616;30;255;1510286623;1
32;16;10;5;1;30;1510286630;30;255;1510286637;0
32;16;10;5;1;30;1510286642;30;255;1510286649;1
32;16;10;5;1;30;1510287433;30;255;1510287440;1
32;16;10;5;1;30;1510287553;30;255;1510287561;0
32;16;10;5;1;30;1510287567;30;255;1510287574;1
32;16;10;5;1;30;1510287573;30;255;1510287580;1
32;16;10;5;1;30;1510288365;30;255;1510288372;1
32;16;10;5;1;30;1510288490;30;255;1510288498;1
32;16;10;5;1;30;1510288503;30;255;1510288510;0
32;16;10;5;1;30;1510288505;30;255;1510288512;0
32;16;10;5;1;30;1510289297;30;255;1510289304;1
32;16;10;5;1;30;1510289429;30;255;1510289436;0
32;16;10;5;1;30;1510289436;30;255;1510289444;1
32;16;10;5;1;30;1510289437;30;255;1510289444;0
32;16;10;5;1;30;1510290229;30;255;1510290237;0
32;16;10;5;1;30;1510290367;30;255;1510290374;0
32;16;10;5;1;30;1510290369;30;255;1510290376;1
32;16;10;5;1;30;1510290372;30;255;1510290379;0
32;16;10;5;1;30;1510291162;30;255;1510291169;0
32;16;10;5;1;30;1510291300;30;255;1510291308;1
32;16;10;5;1;30;1510291305;30;255;1510291312;0
32;16;10;5;1;30;1510291307;30;255;1510291314;1
32;16;10;5;1;30;1510292094;30;255;1510292101;1
32;16;10;5;1;30;1510292232;30;255;1510292239;0
32;16;10;5;1;30;1510292241;30;255;1510292249;1
32;16;10;5;1;30;1510292242;30;255;1510292250;1
32;16;10;5;1;30;1510293026;30;255;1510293034;1
32;16;10;5;1;30;1510293163;30;255;1510293171;1
32;16;10;5;1;30;1510293176;30;255;1510293184;1
32;16;10;5;1;30;1510293180;30;255;1510293187;0
32;16;10;5;1;30;1510293959;30;255;1510293966;0
32;16;10;5;1;30;1510294095;30;255;1510294103;1
32;16;10;5;1;30;1510294110;30;255;1510294118;1
32;16;10;5;1;30;1510294119;30;255;1510294127;0
32;16;10;5;1;30;1510294892;30;255;1510294899;1
32;16;10;5;1;30;1510295027;30;255;1510295034;0
32;16;10;5;1;30;1510295045;30;255;1510295052;0
32;16;10;5;1;30;1510295058;30;255;1510295065;1
32;16;10;5;1;30;1510295825;30;255;1510295833;0
32;16;10;5;1;30;1510295959;30;255;1510295966;0
32;16;10;5;1;30;1510295979;30;255;1510295986;0
32;16;10;5;1;30;1510295996;30;255;1510296004;1
32;16;10;5;1;30;1510296757;30;255;1510296765;1
32;16;10;5;1;30;1510296891;30;255;1510296899;1
32;16;10;5;1;30;1510296915;30;255;1510296922;1
32;16;10;5;1;30;1510296933;30;255;1510296941;1
32;16;10;5;1;30;1510297690;30;255;1510297698;1
32;16;10;5;1;30;1510297823;30;255;1510297830;1
32;16;10;5;1;30;1510297849;30;255;1510297857;1
32;16;10;5;1;30;1510297871;30;255;1510297879;0
32;16;10;5;1;30;1510298623;30;255;1510298630;0
32;16;10;5;1;30;1510298754;30;255;1510298762;1
32;16;10;5;1;30;1510298785;30;255;1510298792;0
32;16;10;5;1;30;1510298809;30;255;1510298817;0
32;16;10;5;1;30;1510299555;30;255;1510299562;1
32;16;10;5;1;30;1510299686;30;255;1510299693;0
32;16;10;5;1;30;1510299720;30;255;1510299727;0
32;16;10;5;1;30;1510299747;30;255;1510299755;1
32;16;10;5;1;30;1510300487;30;255;1510300495;0
32;16;10;5;1;30;1510300618;30;255;1510300625;0
32;16;10;5;1;30;1510300654;30;255;1510300662;0
32;16;10;5;1;30;1510300686;30;255;1510300693;0
32;16;10;5;1;30;1510301421;30;255;1510301428;0
32;16;10;5;1;30;1510301550;30;255;1510301558;1
32;16;10;5;1;30;1510301593;30;255;1510301601;1
32;16;10;5;1;30;1510301620;30;255;1510301628;1
32;16;10;5;1;30;1510302354;30;255;1510302361;0
32;16;10;5;1;30;1510302482;30;255;1510302489;0
32;16;10;5;1;30;1510302532;30;255;1510302539;0
32;16;10;5;1;30;1510302556;30;255;1510302563;1
32;16;10;5;1;30;1510303318;30;255;1510303326;1
32;16;10;5;1;30;1510303461;30;255;1510303469;0
32;16;10;5;1;30;1510303515;30;255;1510303522;1
32;16;10;5;1;30;1510303547;30;255;1510303556;1
32;16;10;5;1;30;1510304292;30;255;1510304300;0
32;16;10;5;1;30;1510304437;30;255;1510304445;0
32;16;10;5;1;30;1510304485;30;255;1510304493;1
32;16;10;5;1;30;1510304535;30;255;1510304543;0
32;16;10;5;1;30;1510305274;30;255;1510305282;1
32;16;10;5;1;30;1510305398;30;255;1510305405;0
32;16;10;5;1;30;1510305454;30;255;1510305462;0
32;16;10;5;1;30;1510305503;30;255;1510305510;0
32;16;10;5;1;30;1510306233;30;255;1510306242;0
32;16;10;5;1;30;1510306377;30;255;1510306386;1
32;16;10;5;1;30;1510306429;30;255;1510306439;1
32;16;10;5;1;30;1510306517;30;255;1510306526;0
32;16;10;5;1;30;1510307259;30;255;1510307268;1
