32;16;10;5;1;32;1509981662;32;255;1509981670;0
32;16;10;5;1;32;1509981730;32;255;1509981738;1
32;16;10;5;1;32;1509981803;32;255;1509981811;0
32;16;10;5;1;32;1509981909;32;255;1509981916;1
32;16;10;5;1;32;1509982658;32;255;1509982666;1
32;16;10;5;1;32;1509982719;32;255;1509982726;0
32;16;10;5;1;32;1509982787;32;255;1509982795;0
32;16;10;5;1;32;1509982888;32;255;1509982896;0
32;16;10;5;1;32;1509983605;32;255;1509983612;1
32;16;10;5;1;32;1509983663;32;255;1509983671;0
32;16;10;5;1;32;1509983731;32;255;1509983739;1
32;16;10;5;1;32;1509983843;32;255;1509983850;0
32;16;10;5;1;32;1509984548;32;255;1509984555;0
32;16;10;5;1;32;1509984603;32;255;1509984610;0
32;16;10;5;1;32;1509984673;32;255;1509984681;1
32;16;10;5;1;32;1509984782;32;255;1509984789;0
32;16;10;5;1;32;1509985488;32;255;1509985495;1
32;16;10;5;1;32;1509985545;32;255;1509985552;0
32;16;10;5;1;32;1509985615;32;255;1509985623;0
32;16;10;5;1;32;1509985723;32;255;1509985731;0
32;16;10;5;1;32;1509986429;32;255;1509986436;1
32;16;10;5;1;32;1509986487;32;255;1509986495;0
32;16;10;5;1;32;1509986556;32;255;1509986564;0
32;16;10;5;1;32;1509986667;32;255;1509986675;1
32;16;10;5;1;32;1509987369;32;255;1509987376;1
32;16;10;5;1;32;1509987431;32;255;1509987439;0
32;16;10;5;1;32;1509987495;32;255;1509987503;1
32;16;10;5;1;32;1509987609;32;255;1509987616;0
32;16;10;5;1;32;1509988311;32;255;1509988319;1
32;16;10;5;1;32;1509988373;32;255;1509988380;0
32;16;10;5;1;32;1509988436;32;255;1509988443;1
32;16;10;5;1;32;1509988551;32;255;1509988558;1
32;16;10;5;1;32;1509989253;32;255;1509989261;0
32;16;10;5;1;32;1509989315;32;255;1509989322;0
32;16;10;5;1;32;1509989380;32;255;1509989388;1
32;16;10;5;1;32;1509989492;32;255;1509989499;1
32;16;10;5;1;32;1509990194;32;255;1509990201;1
32;16;10;5;1;32;1509990257;32;255;1509990264;1
32;16;10;5;1;32;1509990320;32;255;1509990328;0
32;16;10;5;1;32;1509990434;32;255;1509990442;1
32;16;10;5;1;32;1509991136;32;255;1509991144;0
32;16;10;5;1;32;1509991198;32;255;1509991205;0
32;16;10;5;1;32;1509991261;32;255;1509991269;1
32;16;10;5;1;32;1509991377;32;255;1509991384;1
32;16;10;5;1;32;1509992078;32;255;1509992086;0
32;16;10;5;1;32;1509992139;32;255;1509992147;1
32;16;10;5;1;32;1509992201;32;255;1509992208;1
32;16;10;5;1;32;1509992318;32;255;1509992326;0
32;16;10;5;1;32;1509993022;32;255;1509993029;1
32;16;10;5;1;32;1509993081;32;255;1509993088;1
32;16;10;5;1;32;1509993142;32;255;1509993149;1
32;16;10;5;1;32;1509993260;32;255;1509993267;1
32;16;10;5;1;32;1509993962;32;255;1509993970;0
32;16;10;5;1;32;1509994022;32;255;1509994029;1
32;16;10;5;1;32;1509994083;32;255;1509994091;0
32;16;10;5;1;32;1509994202;32;255;1509994209;1
32;16;10;5;1;32;1509994904;32;255;1509994911;0
32;16;10;5;1;32;1509994963;32;255;1509994970;0
32;16;10;5;1;32;1509995023;32;255;1509995031;1
32;16;10;5;1;32;1509995143;32;255;1509995150;1
32;16;10;5;1;32;1509995850;32;255;1509995858;1
32;16;10;5;1;32;1509995906;32;255;1509995913;1
32;16;10;5;1;32;1509995981;32;255;1509995988;0
32;16;10;5;1;32;1509996085;32;255;1509996092;1
32;16;10;5;1;32;1509996793;32;255;1509996800;0
32;16;10;5;1;32;1509996846;32;255;1509996854;0
32;16;10;5;1;32;1509996923;32;255;1509996931;0
32;16;10;5;1;32;1509997026;32;255;1509997034;1
32;16;10;5;1;32;1509997734;32;255;1509997742;0
32;16;10;5;1;32;1509997790;32;255;1509997798;1
32;16;10;5;1;32;1509997865;32;255;1509997872;0
32;16;10;5;1;32;1509997966;32;255;1509997974;0
32;16;10;5;1;32;1509998675;32;255;1509998683;1
32;16;10;5;1;32;1509998731;32;255;1509998738;0
32;16;10;5;1;32;1509998805;32;255;1509998812;0
32;16;10;5;1;32;1509998908;32;255;1509998916;0
32;16;10;5;1;32;1509999620;32;255;1509999628;1
32;16;10;5;1;32;1509999673;32;255;1509999681;1
32;16;10;5;1;32;1509999744;32;255;1509999752;1
32;16;10;5;1;32;1509999848;32;255;1509999856;1
32;16;10;5;1;32;1510000562;32;255;1510000569;0
32;16;10;5;1;32;1510000616;32;255;1510000624;0
32;16;10;5;1;32;1510000685;32;255;1510000693;1
32;16;10;5;1;32;1510000787;32;255;1510000795;0
32;16;10;5;1;32;1510001504;32;255;1510001511;1
32;16;10;5;1;32;1510001560;32;255;1510001568;0
32;16;10;5;1;32;1510001625;32;255;1510001632;1
32;16;10;5;1;32;1510001728;32;255;1510001736;0
32;16;10;5;1;32;1510002444;32;255;1510002452;0
32;16;10;5;1;32;1510002504;32;255;1510002512;0
32;16;10;5;1;32;1510002567;32;255;1510002574;1
32;16;10;5;1;32;1510002667;32;255;1510002675;1
32;16;10;5;1;32;1510003387;32;255;1510003395;1
32;16;10;5;1;32;1510003445;32;255;1510003453;0
32;16;10;5;1;32;1510003509;32;255;1510003516;1
32;16;10;5;1;32;1510003611;32;255;1510003618;0
32;16;10;5;1;32;1510004325;32;255;1510004333;1
32;16;10;5;1;32;1510004385;32;255;1510004392;0
32;16;10;5;1;32;1510004455;32;255;1510004462;1
32;16;10;5;1;32;1510004553;32;255;1510004560;0
32;16;10;5;1;32;1510005268;32;255;1510005275;1
32;16;10;5;1;32;1510005327;32;255;1510005335;1
32;16;10;5;1;32;1510005395;32;255;1510005402;1
32;16;10;5;1;32;1510005493;32;255;1510005501;0
32;16;10;5;1;32;1510006208;32;255;1510006215;1
32;16;10;5;1;32;1510006267;32;255;1510006274;0
32;16;10;5;1;32;1510006340;32;255;1510006348;1
32;16;10;5;1;32;1510006435;32;255;1510006442;0
32;16;10;5;1;32;1510007148;32;255;1510007156;1
32;16;10;5;1;32;1510007207;32;255;1510007214;0
32;16;10;5;1;32;1510007284;32;255;1510007292;1
32;16;10;5;1;32;1510007374;32;255;1510007382;0
32;16;10;5;1;32;1510008088;32;255;1510008096;1
32;16;10;5;1;32;1510008146;32;255;1510008154;1
32;16;10;5;1;32;1510008225;32;255;1510008233;1
32;16;10;5;1;32;1510008318;32;255;1510008326;0
32;16;10;5;1;32;1510009030;32;255;1510009037;1
32;16;10;5;1;32;1510009087;32;255;1510009095;0
32;16;10;5;1;32;1510009166;32;255;1510009174;0
32;16;10;5;1;32;1510009260;32;255;1510009267;0
32;16;10;5;1;32;1510009972;32;255;1510009980;0
32;16;10;5;1;32;1510010028;32;255;1510010036;0
32;16;10;5;1;32;1510010108;32;255;1510010116;1
32;16;10;5;1;32;1510010204;32;255;1510010211;1
32;16;10;5;1;32;1510010912;32;255;1510010919;1
32;16;10;5;1;32;1510010970;32;255;1510010978;0
32;16;10;5;1;32;1510011050;32;255;1510011057;0
32;16;10;5;1;32;1510011146;32;255;1510011153;0
32;16;10;5;1;32;1510011851;32;255;1510011859;1
32;16;10;5;1;32;1510011914;32;255;1510011921;0
32;16;10;5;1;32;1510011993;32;255;1510012000;0
32;16;10;5;1;32;1510012084;32;255;1510012092;0
32;16;10;5;1;32;1510012795;32;255;1510012802;1
32;16;10;5;1;32;1510012857;32;255;1510012864;0
32;16;10;5;1;32;1510012932;32;255;1510012940;0
32;16;10;5;1;32;1510013027;32;255;1510013035;0
32;16;10;5;1;32;1510013736;32;255;1510013744;0
32;16;10;5;1;32;1510013800;32;255;1510013807;1
32;16;10;5;1;32;1510013873;32;255;1510013881;0
32;16;10;5;1;32;1510013969;32;255;1510013977;1
32;16;10;5;1;32;1510014678;32;255;1510014686;0
32;16;10;5;1;32;1510014741;32;255;1510014748;0
32;16;10;5;1;32;1510014813;32;255;1510014821;0
32;16;10;5;1;32;1510014910;32;255;1510014918;0
32;16;10;5;1;32;1510015619;32;255;1510015627;0
32;16;10;5;1;32;1510015682;32;255;1510015690;1
32;16;10;5;1;32;1510015755;32;255;1510015763;1
32;16;10;5;1;32;1510015851;32;255;1510015859;0
32;16;10;5;1;32;1510016560;32;255;1510016568;1
32;16;10;5;1;32;1510016625;32;255;1510016633;0
32;16;10;5;1;32;1510016695;32;255;1510016703;0
32;16;10;5;1;32;1510016793;32;255;1510016800;0
32;16;10;5;1;32;1510017501;32;255;1510017509;1
32;16;10;5;1;32;1510017568;32;255;1510017575;1
32;16;10;5;1;32;1510017636;32;255;1510017644;1
32;16;10;5;1;32;1510017734;32;255;1510017741;1
32;16;10;5;1;32;1510018442;32;255;1510018449;1
32;16;10;5;1;32;1510018510;32;255;1510018518;0
32;16;10;5;1;32;1510018578;32;255;1510018586;0
32;16;10;5;1;32;1510018675;32;255;1510018683;0
32;16;10;5;1;32;1510019384;32;255;1510019392;1
32;16;10;5;1;32;1510019453;32;255;1510019461;0
32;16;10;5;1;32;1510019518;32;255;1510019526;1
32;16;10;5;1;32;1510019617;32;255;1510019625;0
32;16;10;5;1;32;1510020325;32;255;1510020333;1
32;16;10;5;1;32;1510020398;32;255;1510020406;0
32;16;10;5;1;32;1510020459;32;255;1510020466;0
32;16;10;5;1;32;1510020556;32;255;1510020564;0
32;16;10;5;1;32;1510021265;32;255;1510021273;1
32;16;10;5;1;32;1510021339;32;255;1510021347;1
32;16;10;5;1;32;1510021400;32;255;1510021407;0
32;16;10;5;1;32;1510021499;32;255;1510021507;1
32;16;10;5;1;32;1510022206;32;255;1510022214;0
32;16;10;5;1;32;1510022279;32;255;1510022287;0
32;16;10;5;1;32;1510022341;32;255;1510022349;0
32;16;10;5;1;32;1510022441;32;255;1510022449;0
32;16;10;5;1;32;1510023148;32;255;1510023155;0
32;16;10;5;1;32;1510023221;32;255;1510023228;1
32;16;10;5;1;32;1510023286;32;255;1510023294;1
32;16;10;5;1;32;1510023380;32;255;1510023388;0
32;16;10;5;1;32;1510024090;32;255;1510024098;0
32;16;10;5;1;32;1510024161;32;255;1510024168;1
32;16;10;5;1;32;1510024228;32;255;1510024235;0
32;16;10;5;1;32;1510024322;32;255;1510024330;1
32;16;10;5;1;32;1510025034;32;255;1510025041;0
32;16;10;5;1;32;1510025101;32;255;1510025109;0
32;16;10;5;1;32;1510025170;32;255;1510025177;0
32;16;10;5;1;32;1510025262;32;255;1510025270;0
32;16;10;5;1;32;1510025977;32;255;1510025985;0
32;16;10;5;1;32;1510026042;32;255;1510026049;0
32;16;10;5;1;32;1510026111;32;255;1510026119;0
32;16;10;5;1;32;1510026203;32;255;1510026210;1
32;16;10;5;1;32;1510026917;32;255;1510026925;1
32;16;10;5;1;32;1510026983;32;255;1510026990;1
32;16;10;5;1;32;1510027054;32;255;1510027062;1
32;16;10;5;1;32;1510027144;32;255;1510027152;1
32;16;10;5;1;32;1510027858;32;255;1510027866;0
32;16;10;5;1;32;1510027924;32;255;1510027932;0
32;16;10;5;1;32;1510027996;32;255;1510028003;0
32;16;10;5;1;32;1510028084;32;255;1510028092;0
32;16;10;5;1;32;1510028800;32;255;1510028808;1
32;16;10;5;1;32;1510028867;32;255;1510028874;1
32;16;10;5;1;32;1510028938;32;255;1510028946;1
32;16;10;5;1;32;1510029023;32;255;1510029030;0
32;16;10;5;1;32;1510029743;32;255;1510029750;1
32;16;10;5;1;32;1510029809;32;255;1510029817;0
32;16;10;5;1;32;1510029879;32;255;1510029887;1
32;16;10;5;1;32;1510029964;32;255;1510029972;0
32;16;10;5;1;32;1510030683;32;255;1510030691;0
32;16;10;5;1;32;1510030751;32;255;1510030759;0
32;16;10;5;1;32;1510030824;32;255;1510030832;0
32;16;10;5;1;32;1510030905;32;255;1510030913;1
32;16;10;5;1;32;1510031625;32;255;1510031633;1
32;16;10;5;1;32;1510031691;32;255;1510031698;0
32;16;10;5;1;32;1510031767;32;255;1510031774;1
32;16;10;5;1;32;1510031847;32;255;1510031855;0
32;16;10;5;1;32;1510032564;32;255;1510032572;1
32;16;10;5;1;32;1510032633;32;255;1510032640;1
32;16;10;5;1;32;1510032709;32;255;1510032717;0
32;16;10;5;1;32;1510032789;32;255;1510032797;0
32;16;10;5;1;32;1510033508;32;255;1510033516;0
32;16;10;5;1;32;1510033573;32;255;1510033580;1
32;16;10;5;1;32;1510033651;32;255;1510033658;1
32;16;10;5;1;32;1510033729;32;255;1510033737;1
32;16;10;5;1;32;1510034451;32;255;1510034458;1
32;16;10;5;1;32;1510034515;32;255;1510034523;0
32;16;10;5;1;32;1510034592;32;255;1510034599;0
32;16;10;5;1;32;1510034670;32;255;1510034677;1
32;16;10;5;1;32;1510035390;32;255;1510035398;1
32;16;10;5;1;32;1510035457;32;255;1510035465;0
32;16;10;5;1;32;1510035532;32;255;1510035540;1
32;16;10;5;1;32;1510035612;32;255;1510035619;1
32;16;10;5;1;32;1510036333;32;255;1510036341;0
32;16;10;5;1;32;1510036399;32;255;1510036407;1
32;16;10;5;1;32;1510036474;32;255;1510036482;1
32;16;10;5;1;32;1510036551;32;255;1510036559;1
32;16;10;5;1;32;1510037276;32;255;1510037284;1
32;16;10;5;1;32;1510037342;32;255;1510037350;0
32;16;10;5;1;32;1510037414;32;255;1510037422;1
32;16;10;5;1;32;1510037491;32;255;1510037499;1
32;16;10;5;1;32;1510038216;32;255;1510038223;1
32;16;10;5;1;32;1510038285;32;255;1510038292;1
32;16;10;5;1;32;1510038355;32;255;1510038362;1
32;16;10;5;1;32;1510038433;32;255;1510038440;1
32;16;10;5;1;32;1510039159;32;255;1510039166;1
32;16;10;5;1;32;1510039227;32;255;1510039234;1
32;16;10;5;1;32;1510039298;32;255;1510039306;1
32;16;10;5;1;32;1510039373;32;255;1510039380;0
32;16;10;5;1;32;1510040099;32;255;1510040107;0
32;16;10;5;1;32;1510040166;32;255;1510040174;0
32;16;10;5;1;32;1510040240;32;255;1510040248;0
32;16;10;5;1;32;1510040314;32;255;1510040322;0
32;16;10;5;1;32;1510041040;32;255;1510041048;1
32;16;10;5;1;32;1510041108;32;255;1510041116;1
32;16;10;5;1;32;1510041183;32;255;1510041190;0
32;16;10;5;1;32;1510041254;32;255;1510041261;0
32;16;10;5;1;32;1510041984;32;255;1510041991;0
32;16;10;5;1;32;1510042050;32;255;1510042058;0
32;16;10;5;1;32;1510042127;32;255;1510042134;0
32;16;10;5;1;32;1510042195;32;255;1510042203;0
32;16;10;5;1;32;1510042924;32;255;1510042931;0
32;16;10;5;1;32;1510042992;32;255;1510043000;0
32;16;10;5;1;32;1510043067;32;255;1510043075;1
32;16;10;5;1;32;1510043137;32;255;1510043145;0
32;16;10;5;1;32;1510043864;32;255;1510043871;0
32;16;10;5;1;32;1510043935;32;255;1510043942;0
32;16;10;5;1;32;1510044008;32;255;1510044015;1
32;16;10;5;1;32;1510044080;32;255;1510044088;1
32;16;10;5;1;32;1510044820;32;255;1510044828;1
32;16;10;5;1;32;1510044892;32;255;1510044900;1
32;16;10;5;1;32;1510044968;32;255;1510044976;0
32;16;10;5;1;32;1510045045;32;255;1510045053;1
32;16;10;5;1;32;1510045831;32;255;1510045838;1
32;16;10;5;1;32;1510045907;32;255;1510045916;0
32;16;10;5;1;32;1510045979;32;255;1510045987;0
32;16;10;5;1;32;1510046053;32;255;1510046061;0
32;16;10;5;1;32;1510046829;32;255;1510046836;0
32;16;10;5;1;32;1510046837;32;255;1510046845;1
32;16;10;5;1;32;1510046848;32;255;1510046855;0
32;16;10;5;1;32;1510046851;32;255;1510046858;1
32;16;10;5;1;32;1510047809;32;255;1510047817;1
32;16;10;5;1;32;1510047824;32;255;1510047832;1
32;16;10;5;1;32;1510047824;32;255;1510047832;1
32;16;10;5;1;32;1510047827;32;255;1510047835;0
32;16;10;5;1;32;1510048768;32;255;1510048776;0
32;16;10;5;1;32;1510048780;32;255;1510048788;0
32;16;10;5;1;32;1510048786;32;255;1510048794;1
32;16;10;5;1;32;1510048798;32;255;1510048806;0
32;16;10;5;1;32;1510049802;32;255;1510049810;0
32;16;10;5;1;32;1510049809;32;255;1510049817;0
32;16;10;5;1;32;1510049826;32;255;1510049834;0
32;16;10;5;1;32;1510050760;32;255;1510050768;0
32;16;10;5;1;32;1510050766;32;255;1510050774;0
32;16;10;5;1;32;1510050783;32;255;1510050790;0
32;16;10;5;1;32;1510051718;32;255;1510051726;0
32;16;10;5;1;32;1510051725;32;255;1510051733;1
32;16;10;5;1;32;1510051743;32;255;1510051751;1
32;16;10;5;1;32;1510052676;32;255;1510052683;1
32;16;10;5;1;32;1510052682;32;255;1510052690;1
32;16;10;5;1;32;1510052700;32;255;1510052708;0
32;16;10;5;1;32;1510053633;32;255;1510053640;1
32;16;10;5;1;32;1510053639;32;255;1510053646;0
32;16;10;5;1;32;1510053658;32;255;1510053666;1
32;16;10;5;1;32;1510054591;32;255;1510054599;0
32;16;10;5;1;32;1510054599;32;255;1510054607;1
32;16;10;5;1;32;1510054618;32;255;1510054626;0
32;16;10;5;1;32;1510055560;32;255;1510055568;0
32;16;10;5;1;32;1510055570;32;255;1510055578;1
32;16;10;5;1;32;1510055590;32;255;1510055598;0
32;16;10;5;1;32;1510056518;32;255;1510056526;1
32;16;10;5;1;32;1510056536;32;255;1510056544;1
32;16;10;5;1;32;1510056564;32;255;1510056572;1
32;16;10;5;1;32;1510057470;32;255;1510057478;1
32;16;10;5;1;32;1510057491;32;255;1510057499;0
32;16;10;5;1;32;1510057518;32;255;1510057526;0
32;16;10;5;1;32;1510058411;32;255;1510058419;0
32;16;10;5;1;32;1510058433;32;255;1510058440;0
32;16;10;5;1;32;1510058459;32;255;1510058467;1
32;16;10;5;1;32;1510059352;32;255;1510059359;0
32;16;10;5;1;32;1510059373;32;255;1510059380;0
32;16;10;5;1;32;1510059400;32;255;1510059408;1
32;16;10;5;1;32;1510060300;32;255;1510060308;0
32;16;10;5;1;32;1510060320;32;255;1510060328;0
32;16;10;5;1;32;1510060351;32;255;1510060358;1
32;16;10;5;1;32;1510061261;32;255;1510061268;1
32;16;10;5;1;32;1510061278;32;255;1510061286;1
32;16;10;5;1;32;1510061313;32;255;1510061321;0
32;16;10;5;1;32;1510062257;32;255;1510062264;0
32;16;10;5;1;32;1510062262;32;255;1510062269;0
32;16;10;5;1;32;1510062305;32;255;1510062313;0
32;16;10;5;1;32;1510063212;32;255;1510063220;1
32;16;10;5;1;32;1510063217;32;255;1510063225;0
32;16;10;5;1;32;1510063260;32;255;1510063267;0
32;16;10;5;1;32;1510064169;32;255;1510064177;1
32;16;10;5;1;32;1510064171;32;255;1510064178;0
32;16;10;5;1;32;1510064219;32;255;1510064227;1
32;16;10;5;1;32;1510065141;32;255;1510065149;0
32;16;10;5;1;32;1510065141;32;255;1510065149;0
32;16;10;5;1;32;1510065189;32;255;1510065197;1
32;16;10;5;1;32;1510066099;32;255;1510066106;1
32;16;10;5;1;32;1510066101;32;255;1510066109;1
32;16;10;5;1;32;1510066151;32;255;1510066159;1
32;16;10;5;1;32;1510067060;32;255;1510067068;0
32;16;10;5;1;32;1510067063;32;255;1510067070;0
32;16;10;5;1;32;1510067114;32;255;1510067122;1
32;16;10;5;1;32;1510068018;32;255;1510068025;1
32;16;10;5;1;32;1510068021;32;255;1510068029;1
32;16;10;5;1;32;1510068073;32;255;1510068081;0
32;16;10;5;1;32;1510068967;32;255;1510068975;1
32;16;10;5;1;32;1510068970;32;255;1510068977;1
32;16;10;5;1;32;1510069022;32;255;1510069030;0
32;16;10;5;1;32;1510069928;32;255;1510069936;1
32;16;10;5;1;32;1510069945;32;255;1510069953;0
32;16;10;5;1;32;1510069989;32;255;1510069997;0
32;16;10;5;1;32;1510070895;32;255;1510070902;0
32;16;10;5;1;32;1510070906;32;255;1510070914;0
32;16;10;5;1;32;1510070955;32;255;1510070962;1
32;16;10;5;1;32;1510071869;32;255;1510071876;0
32;16;10;5;1;32;1510071873;32;255;1510071881;0
32;16;10;5;1;32;1510071916;32;255;1510071924;0
32;16;10;5;1;32;1510072818;32;255;1510072825;0
32;16;10;5;1;32;1510072824;32;255;1510072832;1
32;16;10;5;1;32;1510072865;32;255;1510072872;0
32;16;10;5;1;32;1510073761;32;255;1510073769;1
32;16;10;5;1;32;1510073767;32;255;1510073775;0
32;16;10;5;1;32;1510073808;32;255;1510073815;1
32;16;10;5;1;32;1510074704;32;255;1510074712;1
32;16;10;5;1;32;1510074710;32;255;1510074718;1
32;16;10;5;1;32;1510074751;32;255;1510074759;0
32;16;10;5;1;32;1510075506;32;255;1510075515;0
32;16;10;5;1;32;1510075679;32;255;1510075687;0
32;16;10;5;1;32;1510075692;32;255;1510075699;0
32;16;10;5;1;32;1510075731;32;255;1510075739;0
32;16;10;5;1;32;1510076457;32;255;1510076465;0
32;16;10;5;1;32;1510076628;32;255;1510076636;1
32;16;10;5;1;32;1510076634;32;255;1510076642;1
32;16;10;5;1;32;1510076675;32;255;1510076683;0
32;16;10;5;1;32;1510077398;32;255;1510077405;1
32;16;10;5;1;32;1510077568;32;255;1510077575;0
32;16;10;5;1;32;1510077575;32;255;1510077583;0
32;16;10;5;1;32;1510077615;32;255;1510077622;0
32;16;10;5;1;32;1510078336;32;255;1510078344;0
32;16;10;5;1;32;1510078507;32;255;1510078515;1
32;16;10;5;1;32;1510078515;32;255;1510078523;0
32;16;10;5;1;32;1510078555;32;255;1510078563;0
32;16;10;5;1;32;1510079275;32;255;1510079284;1
32;16;10;5;1;32;1510079446;32;255;1510079454;0
32;16;10;5;1;32;1510079454;32;255;1510079462;0
32;16;10;5;1;32;1510079495;32;255;1510079503;0
32;16;10;5;1;32;1510080217;32;255;1510080225;0
32;16;10;5;1;32;1510080387;32;255;1510080394;1
32;16;10;5;1;32;1510080393;32;255;1510080401;1
32;16;10;5;1;32;1510080435;32;255;1510080443;0
32;16;10;5;1;32;1510081157;32;255;1510081165;0
32;16;10;5;1;32;1510081326;32;255;1510081333;1
32;16;10;5;1;32;1510081332;32;255;1510081340;0
32;16;10;5;1;32;1510081377;32;255;1510081384;1
32;16;10;5;1;32;1510082097;32;255;1510082105;0
32;16;10;5;1;32;1510082265;32;255;1510082273;0
32;16;10;5;1;32;1510082272;32;255;1510082280;1
32;16;10;5;1;32;1510082316;32;255;1510082324;0
32;16;10;5;1;32;1510083034;32;255;1510083042;0
32;16;10;5;1;32;1510083206;32;255;1510083213;1
32;16;10;5;1;32;1510083214;32;255;1510083221;0
32;16;10;5;1;32;1510083257;32;255;1510083264;1
32;16;10;5;1;32;1510083974;32;255;1510083982;1
32;16;10;5;1;32;1510084144;32;255;1510084152;0
32;16;10;5;1;32;1510084156;32;255;1510084164;0
32;16;10;5;1;32;1510084197;32;255;1510084204;1
32;16;10;5;1;32;1510084912;32;255;1510084920;1
32;16;10;5;1;32;1510085085;32;255;1510085093;1
32;16;10;5;1;32;1510085097;32;255;1510085105;0
32;16;10;5;1;32;1510085136;32;255;1510085144;1
32;16;10;5;1;32;1510085852;32;255;1510085859;0
32;16;10;5;1;32;1510086026;32;255;1510086034;0
32;16;10;5;1;32;1510086039;32;255;1510086047;0
32;16;10;5;1;32;1510086076;32;255;1510086083;1
32;16;10;5;1;32;1510086790;32;255;1510086798;0
32;16;10;5;1;32;1510086966;32;255;1510086974;1
32;16;10;5;1;32;1510086980;32;255;1510086987;1
32;16;10;5;1;32;1510087016;32;255;1510087023;1
32;16;10;5;1;32;1510087731;32;255;1510087739;1
32;16;10;5;1;32;1510087907;32;255;1510087914;0
32;16;10;5;1;32;1510087920;32;255;1510087927;1
32;16;10;5;1;32;1510087955;32;255;1510087962;1
32;16;10;5;1;32;1510088671;32;255;1510088679;0
32;16;10;5;1;32;1510088847;32;255;1510088855;1
32;16;10;5;1;32;1510088859;32;255;1510088867;0
32;16;10;5;1;32;1510088894;32;255;1510088901;0
32;16;10;5;1;32;1510089610;32;255;1510089618;1
32;16;10;5;1;32;1510089787;32;255;1510089795;0
32;16;10;5;1;32;1510089800;32;255;1510089808;0
32;16;10;5;1;32;1510089836;32;255;1510089844;0
32;16;10;5;1;32;1510090549;32;255;1510090556;0
32;16;10;5;1;32;1510090727;32;255;1510090734;1
32;16;10;5;1;32;1510090740;32;255;1510090748;1
32;16;10;5;1;32;1510090779;32;255;1510090787;1
32;16;10;5;1;32;1510091488;32;255;1510091496;0
32;16;10;5;1;32;1510091666;32;255;1510091674;1
32;16;10;5;1;32;1510091681;32;255;1510091689;0
32;16;10;5;1;32;1510091719;32;255;1510091727;0
32;16;10;5;1;32;1510092427;32;255;1510092435;1
32;16;10;5;1;32;1510092607;32;255;1510092614;1
32;16;10;5;1;32;1510092621;32;255;1510092628;0
32;16;10;5;1;32;1510092659;32;255;1510092667;0
32;16;10;5;1;32;1510093367;32;255;1510093375;0
32;16;10;5;1;32;1510093546;32;255;1510093554;0
32;16;10;5;1;32;1510093562;32;255;1510093569;1
32;16;10;5;1;32;1510093601;32;255;1510093609;0
32;16;10;5;1;32;1510094308;32;255;1510094315;1
32;16;10;5;1;32;1510094484;32;255;1510094492;0
32;16;10;5;1;32;1510094501;32;255;1510094509;0
32;16;10;5;1;32;1510094542;32;255;1510094550;1
32;16;10;5;1;32;1510095250;32;255;1510095257;1
32;16;10;5;1;32;1510095424;32;255;1510095432;1
32;16;10;5;1;32;1510095439;32;255;1510095447;1
32;16;10;5;1;32;1510095482;32;255;1510095490;0
32;16;10;5;1;32;1510096192;32;255;1510096200;0
32;16;10;5;1;32;1510096363;32;255;1510096371;0
32;16;10;5;1;32;1510096378;32;255;1510096386;0
32;16;10;5;1;32;1510096422;32;255;1510096430;0
32;16;10;5;1;32;1510097133;32;255;1510097141;0
32;16;10;5;1;32;1510097303;32;255;1510097311;0
32;16;10;5;1;32;1510097317;32;255;1510097325;1
32;16;10;5;1;32;1510097365;32;255;1510097372;1
32;16;10;5;1;32;1510098071;32;255;1510098079;1
32;16;10;5;1;32;1510098244;32;255;1510098253;0
32;16;10;5;1;32;1510098256;32;255;1510098264;1
32;16;10;5;1;32;1510098304;32;255;1510098311;0
32;16;10;5;1;32;1510099011;32;255;1510099019;0
32;16;10;5;1;32;1510099186;32;255;1510099194;1
32;16;10;5;1;32;1510099194;32;255;1510099201;0
32;16;10;5;1;32;1510099245;32;255;1510099252;1
32;16;10;5;1;32;1510099953;32;255;1510099961;0
32;16;10;5;1;32;1510100128;32;255;1510100135;0
32;16;10;5;1;32;1510100132;32;255;1510100139;1
32;16;10;5;1;32;1510100185;32;255;1510100193;1
32;16;10;5;1;32;1510100894;32;255;1510100901;1
32;16;10;5;1;32;1510101066;32;255;1510101074;0
32;16;10;5;1;32;1510101073;32;255;1510101080;1
32;16;10;5;1;32;1510101124;32;255;1510101132;0
32;16;10;5;1;32;1510101834;32;255;1510101841;0
32;16;10;5;1;32;1510102005;32;255;1510102013;0
32;16;10;5;1;32;1510102014;32;255;1510102021;0
32;16;10;5;1;32;1510102064;32;255;1510102072;0
32;16;10;5;1;32;1510102773;32;255;1510102780;0
32;16;10;5;1;32;1510102944;32;255;1510102952;1
32;16;10;5;1;32;1510102953;32;255;1510102960;0
32;16;10;5;1;32;1510103007;32;255;1510103015;0
32;16;10;5;1;32;1510103711;32;255;1510103718;1
32;16;10;5;1;32;1510103884;32;255;1510103892;0
32;16;10;5;1;32;1510103894;32;255;1510103902;0
32;16;10;5;1;32;1510103947;32;255;1510103955;0
32;16;10;5;1;32;1510104649;32;255;1510104657;0
32;16;10;5;1;32;1510104823;32;255;1510104830;1
32;16;10;5;1;32;1510104835;32;255;1510104843;0
32;16;10;5;1;32;1510104887;32;255;1510104895;1
32;16;10;5;1;32;1510105589;32;255;1510105597;0
32;16;10;5;1;32;1510105762;32;255;1510105770;1
32;16;10;5;1;32;1510105775;32;255;1510105782;1
32;16;10;5;1;32;1510105826;32;255;1510105834;0
32;16;10;5;1;32;1510106531;32;255;1510106538;0
32;16;10;5;1;32;1510106704;32;255;1510106712;0
32;16;10;5;1;32;1510106715;32;255;1510106722;0
32;16;10;5;1;32;1510106765;32;255;1510106773;0
32;16;10;5;1;32;1510107469;32;255;1510107477;0
32;16;10;5;1;32;1510107648;32;255;1510107655;0
32;16;10;5;1;32;1510107653;32;255;1510107661;0
32;16;10;5;1;32;1510107708;32;255;1510107716;1
32;16;10;5;1;32;1510108407;32;255;1510108415;0
32;16;10;5;1;32;1510108588;32;255;1510108596;0
32;16;10;5;1;32;1510108593;32;255;1510108601;1
32;16;10;5;1;32;1510108648;32;255;1510108655;1
32;16;10;5;1;32;1510109347;32;255;1510109354;1
32;16;10;5;1;32;1510109529;32;255;1510109536;1
32;16;10;5;1;32;1510109534;32;255;1510109542;1
32;16;10;5;1;32;1510109589;32;255;1510109596;1
32;16;10;5;1;32;1510110287;32;255;1510110294;0
32;16;10;5;1;32;1510110468;32;255;1510110476;1
32;16;10;5;1;32;1510110475;32;255;1510110482;1
32;16;10;5;1;32;1510110529;32;255;1510110537;1
32;16;10;5;1;32;1510111227;32;255;1510111235;1
32;16;10;5;1;32;1510111409;32;255;1510111416;1
32;16;10;5;1;32;1510111416;32;255;1510111424;0
32;16;10;5;1;32;1510111468;32;255;1510111476;0
32;16;10;5;1;32;1510112166;32;255;1510112174;1
32;16;10;5;1;32;1510112350;32;255;1510112358;0
32;16;10;5;1;32;1510112356;32;255;1510112363;0
32;16;10;5;1;32;1510112408;32;255;1510112415;0
32;16;10;5;1;32;1510113103;32;255;1510113110;0
32;16;10;5;1;32;1510113292;32;255;1510113300;1
32;16;10;5;1;32;1510113296;32;255;1510113304;0
32;16;10;5;1;32;1510113347;32;255;1510113355;0
32;16;10;5;1;32;1510114041;32;255;1510114048;0
32;16;10;5;1;32;1510114234;32;255;1510114242;1
32;16;10;5;1;32;1510114237;32;255;1510114244;0
32;16;10;5;1;32;1510114288;32;255;1510114295;0
32;16;10;5;1;32;1510114981;32;255;1510114989;1
32;16;10;5;1;32;1510115174;32;255;1510115181;0
32;16;10;5;1;32;1510115177;32;255;1510115185;0
32;16;10;5;1;32;1510115227;32;255;1510115235;1
32;16;10;5;1;32;1510115923;32;255;1510115930;0
32;16;10;5;1;32;1510116113;32;255;1510116121;0
32;16;10;5;1;32;1510116115;32;255;1510116123;1
32;16;10;5;1;32;1510116167;32;255;1510116174;0
32;16;10;5;1;32;1510116864;32;255;1510116871;0
32;16;10;5;1;32;1510117052;32;255;1510117060;0
32;16;10;5;1;32;1510117056;32;255;1510117064;0
32;16;10;5;1;32;1510117105;32;255;1510117112;1
32;16;10;5;1;32;1510117803;32;255;1510117810;0
32;16;10;5;1;32;1510117991;32;255;1510117999;1
32;16;10;5;1;32;1510117998;32;255;1510118006;0
32;16;10;5;1;32;1510118045;32;255;1510118053;0
32;16;10;5;1;32;1510118746;32;255;1510118754;1
32;16;10;5;1;32;1510118932;32;255;1510118939;1
32;16;10;5;1;32;1510118939;32;255;1510118947;1
32;16;10;5;1;32;1510118985;32;255;1510118992;0
32;16;10;5;1;32;1510119689;32;255;1510119696;1
32;16;10;5;1;32;1510119870;32;255;1510119878;0
32;16;10;5;1;32;1510119878;32;255;1510119886;1
32;16;10;5;1;32;1510119923;32;255;1510119930;0
32;16;10;5;1;32;1510120631;32;255;1510120638;0
32;16;10;5;1;32;1510120810;32;255;1510120818;0
32;16;10;5;1;32;1510120818;32;255;1510120826;0
32;16;10;5;1;32;1510120863;32;255;1510120870;1
32;16;10;5;1;32;1510121571;32;255;1510121579;0
32;16;10;5;1;32;1510121750;32;255;1510121758;0
32;16;10;5;1;32;1510121758;32;255;1510121766;0
32;16;10;5;1;32;1510121801;32;255;1510121809;1
32;16;10;5;1;32;1510122512;32;255;1510122520;0
32;16;10;5;1;32;1510122689;32;255;1510122697;0
32;16;10;5;1;32;1510122698;32;255;1510122705;0
32;16;10;5;1;32;1510122743;32;255;1510122751;0
32;16;10;5;1;32;1510123452;32;255;1510123459;1
32;16;10;5;1;32;1510123630;32;255;1510123638;1
32;16;10;5;1;32;1510123640;32;255;1510123647;0
32;16;10;5;1;32;1510123684;32;255;1510123692;1
32;16;10;5;1;32;1510124393;32;255;1510124401;0
32;16;10;5;1;32;1510124569;32;255;1510124577;0
32;16;10;5;1;32;1510124580;32;255;1510124588;1
32;16;10;5;1;32;1510124624;32;255;1510124632;0
32;16;10;5;1;32;1510125332;32;255;1510125340;1
32;16;10;5;1;32;1510125510;32;255;1510125518;1
32;16;10;5;1;32;1510125520;32;255;1510125527;0
32;16;10;5;1;32;1510125564;32;255;1510125572;1
32;16;10;5;1;32;1510126271;32;255;1510126279;1
32;16;10;5;1;32;1510126449;32;255;1510126457;1
32;16;10;5;1;32;1510126460;32;255;1510126467;0
32;16;10;5;1;32;1510126505;32;255;1510126513;0
32;16;10;5;1;32;1510127211;32;255;1510127219;1
32;16;10;5;1;32;1510127388;32;255;1510127395;0
32;16;10;5;1;32;1510127398;32;255;1510127405;0
32;16;10;5;1;32;1510127447;32;255;1510127455;1
32;16;10;5;1;32;1510128150;32;255;1510128158;0
32;16;10;5;1;32;1510128329;32;255;1510128336;1
32;16;10;5;1;32;1510128337;32;255;1510128344;1
32;16;10;5;1;32;1510128387;32;255;1510128394;1
32;16;10;5;1;32;1510129089;32;255;1510129097;1
32;16;10;5;1;32;1510129269;32;255;1510129276;1
32;16;10;5;1;32;1510129278;32;255;1510129286;0
32;16;10;5;1;32;1510129325;32;255;1510129333;0
32;16;10;5;1;32;1510130048;32;255;1510130057;0
32;16;10;5;1;32;1510130251;32;255;1510130259;0
32;16;10;5;1;32;1510130257;32;255;1510130265;1
32;16;10;5;1;32;1510130305;32;255;1510130314;0
32;16;10;5;1;32;1510131056;32;255;1510131066;0
32;16;10;5;1;32;1510131256;32;255;1510131265;1
32;16;10;5;1;32;1510131259;32;255;1510131268;1
32;16;10;5;1;32;1510131308;32;255;1510131317;1
32;16;10;5;1;32;1510132043;32;255;1510132051;1
32;16;10;5;1;32;1510132226;32;255;1510132234;0
32;16;10;5;1;32;1510132245;32;255;1510132252;1
32;16;10;5;1;32;1510132287;32;255;1510132296;0
32;16;10;5;1;32;1510133030;32;255;1510133038;0
32;16;10;5;1;32;1510133205;32;255;1510133213;0
32;16;10;5;1;32;1510133224;32;255;1510133232;1
32;16;10;5;1;32;1510133269;32;255;1510133277;0
32;16;10;5;1;32;1510134046;32;255;1510134054;0
32;16;10;5;1;32;1510134212;32;255;1510134220;0
32;16;10;5;1;32;1510134244;32;255;1510134251;0
32;16;10;5;1;32;1510134290;32;255;1510134298;0
32;16;10;5;1;32;1510135045;32;255;1510135054;0
32;16;10;5;1;32;1510135216;32;255;1510135224;1
32;16;10;5;1;32;1510135246;32;255;1510135255;1
32;16;10;5;1;32;1510135280;32;255;1510135288;0
32;16;10;5;1;32;1510136038;32;255;1510136046;0
32;16;10;5;1;32;1510136204;32;255;1510136211;0
32;16;10;5;1;32;1510136243;32;255;1510136251;0
32;16;10;5;1;32;1510136268;32;255;1510136276;0
32;16;10;5;1;32;1510137039;32;255;1510137047;0
32;16;10;5;1;32;1510137220;32;255;1510137228;0
32;16;10;5;1;32;1510137239;32;255;1510137247;1
32;16;10;5;1;32;1510137280;32;255;1510137288;1
32;16;10;5;1;32;1510138027;32;255;1510138035;0
32;16;10;5;1;32;1510138224;32;255;1510138232;1
32;16;10;5;1;32;1510138227;32;255;1510138235;1
32;16;10;5;1;32;1510138278;32;255;1510138286;0
32;16;10;5;1;32;1510139041;32;255;1510139049;1
32;16;10;5;1;32;1510139218;32;255;1510139226;0
32;16;10;5;1;32;1510139243;32;255;1510139251;1
32;16;10;5;1;32;1510139284;32;255;1510139292;0
32;16;10;5;1;32;1510140014;32;255;1510140022;1
32;16;10;5;1;32;1510140175;32;255;1510140183;0
32;16;10;5;1;32;1510140255;32;255;1510140263;0
32;16;10;5;1;32;1510140265;32;255;1510140272;1
32;16;10;5;1;32;1510141019;32;255;1510141027;0
32;16;10;5;1;32;1510141159;32;255;1510141167;0
32;16;10;5;1;32;1510141227;32;255;1510141235;0
32;16;10;5;1;32;1510141239;32;255;1510141248;1
32;16;10;5;1;32;1510141990;32;255;1510141998;0
32;16;10;5;1;32;1510142159;32;255;1510142168;0
32;16;10;5;1;32;1510142201;32;255;1510142208;0
32;16;10;5;1;32;1510142258;32;255;1510142266;0
32;16;10;5;1;32;1510143028;32;255;1510143036;1
32;16;10;5;1;32;1510143215;32;255;1510143224;0
32;16;10;5;1;32;1510143250;32;255;1510143257;0
32;16;10;5;1;32;1510143319;32;255;1510143327;1
32;16;10;5;1;32;1510144025;32;255;1510144033;0
32;16;10;5;1;32;1510144200;32;255;1510144208;0
32;16;10;5;1;32;1510144232;32;255;1510144240;0
32;16;10;5;1;32;1510144306;32;255;1510144314;0
32;16;10;5;1;32;1510144979;32;255;1510144987;0
32;16;10;5;1;32;1510145147;32;255;1510145154;0
32;16;10;5;1;32;1510145178;32;255;1510145185;1
32;16;10;5;1;32;1510145254;32;255;1510145261;0
32;16;10;5;1;32;1510145919;32;255;1510145926;0
32;16;10;5;1;32;1510146089;32;255;1510146097;1
32;16;10;5;1;32;1510146121;32;255;1510146129;0
32;16;10;5;1;32;1510146194;32;255;1510146202;0
32;16;10;5;1;32;1510146865;32;255;1510146873;1
32;16;10;5;1;32;1510147037;32;255;1510147044;0
32;16;10;5;1;32;1510147070;32;255;1510147078;0
32;16;10;5;1;32;1510147144;32;255;1510147152;0
32;16;10;5;1;32;1510147839;32;255;1510147846;0
32;16;10;5;1;32;1510148021;32;255;1510148030;0
32;16;10;5;1;32;1510148046;32;255;1510148054;0
32;16;10;5;1;32;1510148124;32;255;1510148132;1
32;16;10;5;1;32;1510148818;32;255;1510148826;0
32;16;10;5;1;32;1510148991;32;255;1510148999;1
32;16;10;5;1;32;1510149011;32;255;1510149018;0
32;16;10;5;1;32;1510149088;32;255;1510149096;0
32;16;10;5;1;32;1510149767;32;255;1510149775;0
32;16;10;5;1;32;1510149942;32;255;1510149950;1
32;16;10;5;1;32;1510149953;32;255;1510149960;1
32;16;10;5;1;32;1510150032;32;255;1510150040;1
32;16;10;5;1;32;1510150720;32;255;1510150728;1
32;16;10;5;1;32;1510150898;32;255;1510150905;0
32;16;10;5;1;32;1510150908;32;255;1510150915;1
32;16;10;5;1;32;1510150995;32;255;1510151003;1
32;16;10;5;1;32;1510151680;32;255;1510151688;1
32;16;10;5;1;32;1510151865;32;255;1510151873;0
32;16;10;5;1;32;1510151879;32;255;1510151887;0
32;16;10;5;1;32;1510151972;32;255;1510151979;0
32;16;10;5;1;32;1510152680;32;255;1510152688;1
32;16;10;5;1;32;1510152853;32;255;1510152861;0
32;16;10;5;1;32;1510152877;32;255;1510152885;1
32;16;10;5;1;32;1510152952;32;255;1510152960;0
32;16;10;5;1;32;1510153648;32;255;1510153655;1
32;16;10;5;1;32;1510153823;32;255;1510153831;1
32;16;10;5;1;32;1510153848;32;255;1510153856;0
32;16;10;5;1;32;1510153919;32;255;1510153927;0
32;16;10;5;1;32;1510154616;32;255;1510154623;0
32;16;10;5;1;32;1510154791;32;255;1510154799;0
32;16;10;5;1;32;1510154816;32;255;1510154824;0
32;16;10;5;1;32;1510154884;32;255;1510154892;0
32;16;10;5;1;32;1510155572;32;255;1510155580;0
32;16;10;5;1;32;1510155747;32;255;1510155754;0
32;16;10;5;1;32;1510155775;32;255;1510155784;0
32;16;10;5;1;32;1510155848;32;255;1510155856;0
32;16;10;5;1;32;1510156558;32;255;1510156566;1
32;16;10;5;1;32;1510156732;32;255;1510156740;1
32;16;10;5;1;32;1510156763;32;255;1510156771;1
32;16;10;5;1;32;1510156836;32;255;1510156845;0
32;16;10;5;1;32;1510157547;32;255;1510157555;0
32;16;10;5;1;32;1510157733;32;255;1510157741;0
32;16;10;5;1;32;1510157759;32;255;1510157767;0
32;16;10;5;1;32;1510157830;32;255;1510157837;1
32;16;10;5;1;32;1510158515;32;255;1510158523;1
32;16;10;5;1;32;1510158695;32;255;1510158703;0
32;16;10;5;1;32;1510158728;32;255;1510158736;0
32;16;10;5;1;32;1510158791;32;255;1510158799;0
32;16;10;5;1;32;1510159470;32;255;1510159478;0
32;16;10;5;1;32;1510159653;32;255;1510159661;0
32;16;10;5;1;32;1510159684;32;255;1510159693;0
32;16;10;5;1;32;1510159752;32;255;1510159760;0
32;16;10;5;1;32;1510160453;32;255;1510160460;0
32;16;10;5;1;32;1510160627;32;255;1510160635;0
32;16;10;5;1;32;1510160658;32;255;1510160666;0
32;16;10;5;1;32;1510160728;32;255;1510160735;0
32;16;10;5;1;32;1510161429;32;255;1510161437;0
32;16;10;5;1;32;1510161605;32;255;1510161613;0
32;16;10;5;1;32;1510161643;32;255;1510161651;0
32;16;10;5;1;32;1510161701;32;255;1510161709;0
32;16;10;5;1;32;1510162395;32;255;1510162403;1
32;16;10;5;1;32;1510162564;32;255;1510162572;0
32;16;10;5;1;32;1510162609;32;255;1510162617;0
32;16;10;5;1;32;1510162664;32;255;1510162672;1
32;16;10;5;1;32;1510163346;32;255;1510163353;1
32;16;10;5;1;32;1510163527;32;255;1510163535;0
32;16;10;5;1;32;1510163588;32;255;1510163596;0
32;16;10;5;1;32;1510163615;32;255;1510163623;0
32;16;10;5;1;32;1510164287;32;255;1510164294;1
32;16;10;5;1;32;1510164470;32;255;1510164478;0
32;16;10;5;1;32;1510164531;32;255;1510164538;0
32;16;10;5;1;32;1510164560;32;255;1510164568;0
32;16;10;5;1;32;1510165230;32;255;1510165238;1
32;16;10;5;1;32;1510165412;32;255;1510165420;0
32;16;10;5;1;32;1510165473;32;255;1510165481;1
32;16;10;5;1;32;1510165503;32;255;1510165511;1
32;16;10;5;1;32;1510166173;32;255;1510166181;0
32;16;10;5;1;32;1510166355;32;255;1510166362;1
32;16;10;5;1;32;1510166416;32;255;1510166424;0
32;16;10;5;1;32;1510166446;32;255;1510166454;0
32;16;10;5;1;32;1510167116;32;255;1510167124;0
32;16;10;5;1;32;1510167297;32;255;1510167304;0
32;16;10;5;1;32;1510167358;32;255;1510167366;1
32;16;10;5;1;32;1510167391;32;255;1510167398;0
32;16;10;5;1;32;1510168059;32;255;1510168066;0
32;16;10;5;1;32;1510168238;32;255;1510168246;1
32;16;10;5;1;32;1510168301;32;255;1510168309;0
32;16;10;5;1;32;1510168335;32;255;1510168342;0
32;16;10;5;1;32;1510168999;32;255;1510169007;0
32;16;10;5;1;32;1510169180;32;255;1510169188;0
32;16;10;5;1;32;1510169243;32;255;1510169251;1
32;16;10;5;1;32;1510169276;32;255;1510169283;1
32;16;10;5;1;32;1510169943;32;255;1510169951;0
32;16;10;5;1;32;1510170124;32;255;1510170132;0
32;16;10;5;1;32;1510170187;32;255;1510170194;1
32;16;10;5;1;32;1510170218;32;255;1510170225;1
32;16;10;5;1;32;1510170886;32;255;1510170893;0
32;16;10;5;1;32;1510171066;32;255;1510171073;0
32;16;10;5;1;32;1510171131;32;255;1510171139;1
32;16;10;5;1;32;1510171159;32;255;1510171167;1
32;16;10;5;1;32;1510171826;32;255;1510171834;0
32;16;10;5;1;32;1510172008;32;255;1510172016;0
32;16;10;5;1;32;1510172075;32;255;1510172082;0
32;16;10;5;1;32;1510172103;32;255;1510172111;0
32;16;10;5;1;32;1510172769;32;255;1510172777;0
32;16;10;5;1;32;1510172949;32;255;1510172957;0
32;16;10;5;1;32;1510173016;32;255;1510173024;1
32;16;10;5;1;32;1510173047;32;255;1510173055;0
32;16;10;5;1;32;1510173713;32;255;1510173720;1
32;16;10;5;1;32;1510173890;32;255;1510173898;1
32;16;10;5;1;32;1510173960;32;255;1510173968;0
32;16;10;5;1;32;1510173989;32;255;1510173996;0
32;16;10;5;1;32;1510174657;32;255;1510174665;1
32;16;10;5;1;32;1510174834;32;255;1510174841;0
32;16;10;5;1;32;1510174903;32;255;1510174910;0
32;16;10;5;1;32;1510174930;32;255;1510174937;0
32;16;10;5;1;32;1510175600;32;255;1510175608;0
32;16;10;5;1;32;1510175774;32;255;1510175782;1
32;16;10;5;1;32;1510175845;32;255;1510175853;1
32;16;10;5;1;32;1510175871;32;255;1510175878;0
32;16;10;5;1;32;1510176545;32;255;1510176553;0
32;16;10;5;1;32;1510176716;32;255;1510176723;0
32;16;10;5;1;32;1510176786;32;255;1510176794;1
32;16;10;5;1;32;1510176812;32;255;1510176820;0
32;16;10;5;1;32;1510177487;32;255;1510177495;0
32;16;10;5;1;32;1510177659;32;255;1510177666;0
32;16;10;5;1;32;1510177730;32;255;1510177737;1
32;16;10;5;1;32;1510177753;32;255;1510177760;0
32;16;10;5;1;32;1510178430;32;255;1510178438;0
32;16;10;5;1;32;1510178603;32;255;1510178611;0
32;16;10;5;1;32;1510178671;32;255;1510178679;1
32;16;10;5;1;32;1510178695;32;255;1510178703;0
32;16;10;5;1;32;1510179373;32;255;1510179381;1
32;16;10;5;1;32;1510179546;32;255;1510179554;1
32;16;10;5;1;32;1510179611;32;255;1510179618;0
32;16;10;5;1;32;1510179636;32;255;1510179643;1
32;16;10;5;1;32;1510180316;32;255;1510180324;1
32;16;10;5;1;32;1510180488;32;255;1510180495;1
32;16;10;5;1;32;1510180552;32;255;1510180560;1
32;16;10;5;1;32;1510180579;32;255;1510180587;1
32;16;10;5;1;32;1510181261;32;255;1510181268;0
32;16;10;5;1;32;1510181430;32;255;1510181438;0
32;16;10;5;1;32;1510181495;32;255;1510181502;1
32;16;10;5;1;32;1510181522;32;255;1510181529;0
32;16;10;5;1;32;1510182205;32;255;1510182212;1
32;16;10;5;1;32;1510182373;32;255;1510182381;1
32;16;10;5;1;32;1510182437;32;255;1510182445;0
32;16;10;5;1;32;1510182464;32;255;1510182472;0
32;16;10;5;1;32;1510183148;32;255;1510183156;1
32;16;10;5;1;32;1510183314;32;255;1510183322;0
32;16;10;5;1;32;1510183379;32;255;1510183387;1
32;16;10;5;1;32;1510183405;32;255;1510183413;1
32;16;10;5;1;32;1510184091;32;255;1510184098;0
32;16;10;5;1;32;1510184257;32;255;1510184265;1
32;16;10;5;1;32;1510184321;32;255;1510184328;1
32;16;10;5;1;32;1510184347;32;255;1510184354;1
32;16;10;5;1;32;1510185034;32;255;1510185042;0
32;16;10;5;1;32;1510185200;32;255;1510185208;0
32;16;10;5;1;32;1510185265;32;255;1510185272;1
32;16;10;5;1;32;1510185287;32;255;1510185294;0
32;16;10;5;1;32;1510185976;32;255;1510185984;1
32;16;10;5;1;32;1510186144;32;255;1510186152;1
32;16;10;5;1;32;1510186207;32;255;1510186215;0
32;16;10;5;1;32;1510186230;32;255;1510186238;0
32;16;10;5;1;32;1510186918;32;255;1510186926;0
32;16;10;5;1;32;1510187087;32;255;1510187095;0
32;16;10;5;1;32;1510187147;32;255;1510187154;1
32;16;10;5;1;32;1510187170;32;255;1510187178;0
32;16;10;5;1;32;1510187861;32;255;1510187869;0
32;16;10;5;1;32;1510188030;32;255;1510188037;0
32;16;10;5;1;32;1510188089;32;255;1510188097;0
32;16;10;5;1;32;1510188113;32;255;1510188121;0
32;16;10;5;1;32;1510188802;32;255;1510188809;0
32;16;10;5;1;32;1510188973;32;255;1510188980;1
32;16;10;5;1;32;1510189030;32;255;1510189038;1
32;16;10;5;1;32;1510189057;32;255;1510189064;0
32;16;10;5;1;32;1510189742;32;255;1510189750;0
32;16;10;5;1;32;1510189916;32;255;1510189924;0
32;16;10;5;1;32;1510189971;32;255;1510189978;0
32;16;10;5;1;32;1510190001;32;255;1510190008;1
32;16;10;5;1;32;1510190682;32;255;1510190690;1
32;16;10;5;1;32;1510190858;32;255;1510190865;0
32;16;10;5;1;32;1510190910;32;255;1510190918;0
32;16;10;5;1;32;1510190944;32;255;1510190952;1
32;16;10;5;1;32;1510191624;32;255;1510191632;1
32;16;10;5;1;32;1510191802;32;255;1510191809;0
32;16;10;5;1;32;1510191851;32;255;1510191859;0
32;16;10;5;1;32;1510191887;32;255;1510191895;0
32;16;10;5;1;32;1510192568;32;255;1510192576;1
32;16;10;5;1;32;1510192744;32;255;1510192752;0
32;16;10;5;1;32;1510192793;32;255;1510192800;0
32;16;10;5;1;32;1510192831;32;255;1510192838;1
32;16;10;5;1;32;1510193508;32;255;1510193516;0
32;16;10;5;1;32;1510193685;32;255;1510193692;0
32;16;10;5;1;32;1510193735;32;255;1510193742;0
32;16;10;5;1;32;1510193774;32;255;1510193781;0
32;16;10;5;1;32;1510194448;32;255;1510194456;1
32;16;10;5;1;32;1510194627;32;255;1510194635;1
32;16;10;5;1;32;1510194677;32;255;1510194684;1
32;16;10;5;1;32;1510194716;32;255;1510194724;1
32;16;10;5;1;32;1510195392;32;255;1510195400;1
32;16;10;5;1;32;1510195571;32;255;1510195579;0
32;16;10;5;1;32;1510195619;32;255;1510195627;1
32;16;10;5;1;32;1510195658;32;255;1510195665;1
32;16;10;5;1;32;1510196334;32;255;1510196342;0
32;16;10;5;1;32;1510196516;32;255;1510196523;0
32;16;10;5;1;32;1510196562;32;255;1510196570;0
32;16;10;5;1;32;1510196598;32;255;1510196605;0
32;16;10;5;1;32;1510197279;32;255;1510197286;1
32;16;10;5;1;32;1510197456;32;255;1510197464;1
32;16;10;5;1;32;1510197505;32;255;1510197513;0
32;16;10;5;1;32;1510197539;32;255;1510197546;1
32;16;10;5;1;32;1510198219;32;255;1510198227;0
32;16;10;5;1;32;1510198398;32;255;1510198406;0
32;16;10;5;1;32;1510198450;32;255;1510198458;1
32;16;10;5;1;32;1510198480;32;255;1510198488;1
32;16;10;5;1;32;1510199160;32;255;1510199168;0
32;16;10;5;1;32;1510199338;32;255;1510199346;1
32;16;10;5;1;32;1510199396;32;255;1510199404;0
32;16;10;5;1;32;1510199422;32;255;1510199429;1
32;16;10;5;1;32;1510200102;32;255;1510200110;0
32;16;10;5;1;32;1510200280;32;255;1510200288;0
32;16;10;5;1;32;1510200342;32;255;1510200349;0
32;16;10;5;1;32;1510200362;32;255;1510200369;1
32;16;10;5;1;32;1510201043;32;255;1510201051;0
32;16;10;5;1;32;1510201220;32;255;1510201228;1
32;16;10;5;1;32;1510201285;32;255;1510201293;0
32;16;10;5;1;32;1510201302;32;255;1510201309;0
32;16;10;5;1;32;1510201986;32;255;1510201993;1
32;16;10;5;1;32;1510202163;32;255;1510202170;0
32;16;10;5;1;32;1510202229;32;255;1510202237;1
32;16;10;5;1;32;1510202244;32;255;1510202252;0
32;16;10;5;1;32;1510202927;32;255;1510202935;0
32;16;10;5;1;32;1510203108;32;255;1510203115;0
32;16;10;5;1;32;1510203169;32;255;1510203177;0
32;16;10;5;1;32;1510203187;32;255;1510203195;0
32;16;10;5;1;32;1510203868;32;255;1510203876;0
32;16;10;5;1;32;1510204050;32;255;1510204058;1
32;16;10;5;1;32;1510204111;32;255;1510204119;0
32;16;10;5;1;32;1510204133;32;255;1510204141;1
32;16;10;5;1;32;1510204808;32;255;1510204816;0
32;16;10;5;1;32;1510204990;32;255;1510204998;1
32;16;10;5;1;32;1510205054;32;255;1510205061;0
32;16;10;5;1;32;1510205076;32;255;1510205084;1
32;16;10;5;1;32;1510205753;32;255;1510205760;1
32;16;10;5;1;32;1510205932;32;255;1510205940;1
32;16;10;5;1;32;1510205999;32;255;1510206006;0
32;16;10;5;1;32;1510206019;32;255;1510206027;0
32;16;10;5;1;32;1510206695;32;255;1510206702;0
32;16;10;5;1;32;1510206874;32;255;1510206882;1
32;16;10;5;1;32;1510206940;32;255;1510206948;0
32;16;10;5;1;32;1510206963;32;255;1510206970;0
32;16;10;5;1;32;1510207637;32;255;1510207645;0
32;16;10;5;1;32;1510207817;32;255;1510207825;0
32;16;10;5;1;32;1510207884;32;255;1510207891;0
32;16;10;5;1;32;1510207904;32;255;1510207912;1
32;16;10;5;1;32;1510208577;32;255;1510208585;1
32;16;10;5;1;32;1510208760;32;255;1510208767;1
32;16;10;5;1;32;1510208825;32;255;1510208833;0
32;16;10;5;1;32;1510208845;32;255;1510208853;1
32;16;10;5;1;32;1510209519;32;255;1510209527;0
32;16;10;5;1;32;1510209702;32;255;1510209710;0
32;16;10;5;1;32;1510209768;32;255;1510209776;0
32;16;10;5;1;32;1510209788;32;255;1510209796;1
32;16;10;5;1;32;1510210463;32;255;1510210471;0
32;16;10;5;1;32;1510210643;32;255;1510210650;1
32;16;10;5;1;32;1510210710;32;255;1510210718;0
32;16;10;5;1;32;1510210732;32;255;1510210739;0
32;16;10;5;1;32;1510211406;32;255;1510211413;0
32;16;10;5;1;32;1510211584;32;255;1510211592;0
32;16;10;5;1;32;1510211651;32;255;1510211659;0
32;16;10;5;1;32;1510211673;32;255;1510211681;1
32;16;10;5;1;32;1510212348;32;255;1510212356;0
32;16;10;5;1;32;1510212526;32;255;1510212534;1
32;16;10;5;1;32;1510212591;32;255;1510212599;1
32;16;10;5;1;32;1510212615;32;255;1510212623;1
32;16;10;5;1;32;1510213290;32;255;1510213298;0
32;16;10;5;1;32;1510213469;32;255;1510213477;0
32;16;10;5;1;32;1510213536;32;255;1510213544;0
32;16;10;5;1;32;1510213558;32;255;1510213566;1
32;16;10;5;1;32;1510214232;32;255;1510214240;0
32;16;10;5;1;32;1510214412;32;255;1510214419;1
32;16;10;5;1;32;1510214477;32;255;1510214485;1
32;16;10;5;1;32;1510214502;32;255;1510214510;0
32;16;10;5;1;32;1510215176;32;255;1510215183;0
32;16;10;5;1;32;1510215352;32;255;1510215360;0
32;16;10;5;1;32;1510215418;32;255;1510215426;0
32;16;10;5;1;32;1510215445;32;255;1510215453;0
32;16;10;5;1;32;1510216116;32;255;1510216124;0
32;16;10;5;1;32;1510216293;32;255;1510216300;1
32;16;10;5;1;32;1510216360;32;255;1510216368;0
32;16;10;5;1;32;1510216388;32;255;1510216396;1
32;16;10;5;1;32;1510217060;32;255;1510217067;1
32;16;10;5;1;32;1510217236;32;255;1510217243;0
32;16;10;5;1;32;1510217302;32;255;1510217309;0
32;16;10;5;1;32;1510217332;32;255;1510217339;0
32;16;10;5;1;32;1510218002;32;255;1510218010;1
32;16;10;5;1;32;1510218179;32;255;1510218186;0
32;16;10;5;1;32;1510218244;32;255;1510218252;1
32;16;10;5;1;32;1510218274;32;255;1510218282;0
32;16;10;5;1;32;1510218947;32;255;1510218955;0
32;16;10;5;1;32;1510219138;32;255;1510219146;1
32;16;10;5;1;32;1510219196;32;255;1510219204;0
32;16;10;5;1;32;1510219232;32;255;1510219240;1
32;16;10;5;1;32;1510219943;32;255;1510219950;0
32;16;10;5;1;32;1510220142;32;255;1510220150;1
32;16;10;5;1;32;1510220204;32;255;1510220213;0
32;16;10;5;1;32;1510220238;32;255;1510220246;0
32;16;10;5;1;32;1510220965;32;255;1510220973;1
32;16;10;5;1;32;1510221149;32;255;1510221157;1
32;16;10;5;1;32;1510221194;32;255;1510221202;1
32;16;10;5;1;32;1510221236;32;255;1510221244;1
32;16;10;5;1;32;1510221939;32;255;1510221947;0
32;16;10;5;1;32;1510222133;32;255;1510222142;0
32;16;10;5;1;32;1510222186;32;255;1510222194;1
32;16;10;5;1;32;1510222255;32;255;1510222262;0
32;16;10;5;1;32;1510222947;32;255;1510222955;0
32;16;10;5;1;32;1510223148;32;255;1510223156;1
32;16;10;5;1;32;1510223201;32;255;1510223209;1
32;16;10;5;1;32;1510223267;32;255;1510223276;0
32;16;10;5;1;32;1510223969;32;255;1510223977;1
32;16;10;5;1;32;1510224162;32;255;1510224169;0
32;16;10;5;1;32;1510224222;32;255;1510224230;0
32;16;10;5;1;32;1510224275;32;255;1510224283;1
32;16;10;5;1;32;1510224977;32;255;1510224985;0
32;16;10;5;1;32;1510225166;32;255;1510225174;0
32;16;10;5;1;32;1510225216;32;255;1510225224;1
32;16;10;5;1;32;1510225273;32;255;1510225281;0
32;16;10;5;1;32;1510225973;32;255;1510225981;0
32;16;10;5;1;32;1510226168;32;255;1510226177;1
32;16;10;5;1;32;1510226224;32;255;1510226232;0
32;16;10;5;1;32;1510226276;32;255;1510226285;0
32;16;10;5;1;32;1510226987;32;255;1510226996;0
32;16;10;5;1;32;1510227170;32;255;1510227180;0
32;16;10;5;1;32;1510227225;32;255;1510227234;1
32;16;10;5;1;32;1510252960;32;255;1510252968;1
32;16;10;5;1;32;1510252963;32;255;1510252970;1
32;16;10;5;1;32;1510252970;32;255;1510252978;1
32;16;10;5;1;32;1510252972;32;255;1510252980;0
32;16;10;5;1;32;1510253925;32;255;1510253933;0
32;16;10;5;1;32;1510253928;32;255;1510253936;1
32;16;10;5;1;32;1510253931;32;255;1510253939;1
32;16;10;5;1;32;1510253949;32;255;1510253957;0
32;16;10;5;1;32;1510254860;32;255;1510254867;0
32;16;10;5;1;32;1510254861;32;255;1510254868;0
32;16;10;5;1;32;1510254862;32;255;1510254869;0
32;16;10;5;1;32;1510254883;32;255;1510254891;0
32;16;10;5;1;32;1510255792;32;255;1510255800;0
32;16;10;5;1;32;1510255792;32;255;1510255800;1
32;16;10;5;1;32;1510255796;32;255;1510255804;0
32;16;10;5;1;32;1510255818;32;255;1510255825;1
32;16;10;5;1;32;1510256723;32;255;1510256731;0
32;16;10;5;1;32;1510256725;32;255;1510256732;1
32;16;10;5;1;32;1510256732;32;255;1510256739;1
32;16;10;5;1;32;1510256752;32;255;1510256760;0
32;16;10;5;1;32;1510257654;32;255;1510257661;0
32;16;10;5;1;32;1510257656;32;255;1510257664;0
32;16;10;5;1;32;1510257667;32;255;1510257674;1
32;16;10;5;1;32;1510257688;32;255;1510257695;0
32;16;10;5;1;32;1510258585;32;255;1510258592;0
32;16;10;5;1;32;1510258588;32;255;1510258596;0
32;16;10;5;1;32;1510258603;32;255;1510258610;0
32;16;10;5;1;32;1510258623;32;255;1510258630;1
32;16;10;5;1;32;1510259515;32;255;1510259523;1
32;16;10;5;1;32;1510259520;32;255;1510259528;0
32;16;10;5;1;32;1510259538;32;255;1510259546;0
32;16;10;5;1;32;1510259557;32;255;1510259565;0
32;16;10;5;1;32;1510260446;32;255;1510260454;0
32;16;10;5;1;32;1510260452;32;255;1510260460;0
32;16;10;5;1;32;1510260474;32;255;1510260482;0
32;16;10;5;1;32;1510260492;32;255;1510260500;1
32;16;10;5;1;32;1510261378;32;255;1510261386;1
32;16;10;5;1;32;1510261385;32;255;1510261392;1
32;16;10;5;1;32;1510261410;32;255;1510261417;0
32;16;10;5;1;32;1510261428;32;255;1510261436;0
32;16;10;5;1;32;1510262309;32;255;1510262317;1
32;16;10;5;1;32;1510262316;32;255;1510262324;1
32;16;10;5;1;32;1510262345;32;255;1510262352;1
32;16;10;5;1;32;1510262364;32;255;1510262371;0
32;16;10;5;1;32;1510263240;32;255;1510263248;1
32;16;10;5;1;32;1510263247;32;255;1510263255;1
32;16;10;5;1;32;1510263280;32;255;1510263288;0
32;16;10;5;1;32;1510263299;32;255;1510263307;0
32;16;10;5;1;32;1510264171;32;255;1510264179;0
32;16;10;5;1;32;1510264179;32;255;1510264187;0
32;16;10;5;1;32;1510264217;32;255;1510264225;0
32;16;10;5;1;32;1510264234;32;255;1510264241;1
32;16;10;5;1;32;1510265103;32;255;1510265111;0
32;16;10;5;1;32;1510265111;32;255;1510265118;0
32;16;10;5;1;32;1510265153;32;255;1510265161;0
32;16;10;5;1;32;1510265169;32;255;1510265177;1
32;16;10;5;1;32;1510266034;32;255;1510266041;0
32;16;10;5;1;32;1510266042;32;255;1510266049;1
32;16;10;5;1;32;1510266089;32;255;1510266096;1
32;16;10;5;1;32;1510266105;32;255;1510266112;0
32;16;10;5;1;32;1510266965;32;255;1510266972;0
32;16;10;5;1;32;1510266974;32;255;1510266981;0
32;16;10;5;1;32;1510267025;32;255;1510267032;0
32;16;10;5;1;32;1510267039;32;255;1510267047;1
32;16;10;5;1;32;1510267895;32;255;1510267903;1
32;16;10;5;1;32;1510267905;32;255;1510267913;0
32;16;10;5;1;32;1510267963;32;255;1510267970;0
32;16;10;5;1;32;1510267974;32;255;1510267982;1
32;16;10;5;1;32;1510268826;32;255;1510268834;1
32;16;10;5;1;32;1510268837;32;255;1510268844;0
32;16;10;5;1;32;1510268900;32;255;1510268908;1
32;16;10;5;1;32;1510268909;32;255;1510268916;0
32;16;10;5;1;32;1510269758;32;255;1510269766;0
32;16;10;5;1;32;1510269768;32;255;1510269776;0
32;16;10;5;1;32;1510269837;32;255;1510269844;0
32;16;10;5;1;32;1510269845;32;255;1510269852;0
32;16;10;5;1;32;1510270689;32;255;1510270697;0
32;16;10;5;1;32;1510270701;32;255;1510270709;0
32;16;10;5;1;32;1510270774;32;255;1510270782;0
32;16;10;5;1;32;1510270780;32;255;1510270788;0
32;16;10;5;1;32;1510271620;32;255;1510271627;1
32;16;10;5;1;32;1510271635;32;255;1510271643;0
32;16;10;5;1;32;1510271709;32;255;1510271717;0
32;16;10;5;1;32;1510271716;32;255;1510271724;1
32;16;10;5;1;32;1510272552;32;255;1510272560;1
32;16;10;5;1;32;1510272572;32;255;1510272579;0
32;16;10;5;1;32;1510272641;32;255;1510272648;0
32;16;10;5;1;32;1510272651;32;255;1510272659;0
32;16;10;5;1;32;1510273483;32;255;1510273491;1
32;16;10;5;1;32;1510273509;32;255;1510273516;0
32;16;10;5;1;32;1510273572;32;255;1510273580;0
32;16;10;5;1;32;1510273588;32;255;1510273596;0
32;16;10;5;1;32;1510274414;32;255;1510274421;0
32;16;10;5;1;32;1510274445;32;255;1510274452;1
32;16;10;5;1;32;1510274504;32;255;1510274511;1
32;16;10;5;1;32;1510274524;32;255;1510274531;0
32;16;10;5;1;32;1510275345;32;255;1510275352;0
32;16;10;5;1;32;1510275382;32;255;1510275390;1
32;16;10;5;1;32;1510275436;32;255;1510275444;1
32;16;10;5;1;32;1510275459;32;255;1510275467;0
32;16;10;5;1;32;1510276276;32;255;1510276283;1
32;16;10;5;1;32;1510276318;32;255;1510276326;0
32;16;10;5;1;32;1510276372;32;255;1510276380;1
32;16;10;5;1;32;1510276391;32;255;1510276398;0
32;16;10;5;1;32;1510277208;32;255;1510277216;0
32;16;10;5;1;32;1510277255;32;255;1510277263;0
32;16;10;5;1;32;1510277308;32;255;1510277316;1
32;16;10;5;1;32;1510277322;32;255;1510277330;0
32;16;10;5;1;32;1510278139;32;255;1510278147;0
32;16;10;5;1;32;1510278192;32;255;1510278199;0
32;16;10;5;1;32;1510278244;32;255;1510278252;0
32;16;10;5;1;32;1510278253;32;255;1510278261;0
32;16;10;5;1;32;1510279070;32;255;1510279078;1
32;16;10;5;1;32;1510279129;32;255;1510279136;1
32;16;10;5;1;32;1510279180;32;255;1510279188;0
32;16;10;5;1;32;1510279185;32;255;1510279192;0
32;16;10;5;1;32;1510280001;32;255;1510280009;1
32;16;10;5;1;32;1510280066;32;255;1510280073;0
32;16;10;5;1;32;1510280116;32;255;1510280123;0
32;16;10;5;1;32;1510280116;32;255;1510280124;1
32;16;10;5;1;32;1510280932;32;255;1510280939;0
32;16;10;5;1;32;1510281003;32;255;1510281010;0
32;16;10;5;1;32;1510281048;32;255;1510281055;1
32;16;10;5;1;32;1510281052;32;255;1510281059;0
32;16;10;5;1;32;1510281863;32;255;1510281870;0
32;16;10;5;1;32;1510281942;32;255;1510281949;1
32;16;10;5;1;32;1510281979;32;255;1510281987;1
32;16;10;5;1;32;1510281987;32;255;1510281994;1
32;16;10;5;1;32;1510282793;32;255;1510282801;0
32;16;10;5;1;32;1510282881;32;255;1510282888;1
32;16;10;5;1;32;1510282911;32;255;1510282918;0
32;16;10;5;1;32;1510282923;32;255;1510282930;0
32;16;10;5;1;32;1510283724;32;255;1510283732;1
32;16;10;5;1;32;1510283818;32;255;1510283826;1
32;16;10;5;1;32;1510283842;32;255;1510283850;0
32;16;10;5;1;32;1510283858;32;255;1510283866;0
32;16;10;5;1;32;1510284655;32;255;1510284663;0
32;16;10;5;1;32;1510284756;32;255;1510284764;0
32;16;10;5;1;32;1510284773;32;255;1510284781;1
32;16;10;5;1;32;1510284793;32;255;1510284801;1
32;16;10;5;1;32;1510285586;32;255;1510285594;0
32;16;10;5;1;32;1510285694;32;255;1510285701;0
32;16;10;5;1;32;1510285709;32;255;1510285716;0
32;16;10;5;1;32;1510285725;32;255;1510285733;0
32;16;10;5;1;32;1510286517;32;255;1510286525;0
32;16;10;5;1;32;1510286631;32;255;1510286638;0
32;16;10;5;1;32;1510286645;32;255;1510286653;1
32;16;10;5;1;32;1510286657;32;255;1510286664;1
32;16;10;5;1;32;1510287448;32;255;1510287456;0
32;16;10;5;1;32;1510287568;32;255;1510287576;0
32;16;10;5;1;32;1510287582;32;255;1510287589;0
32;16;10;5;1;32;1510287588;32;255;1510287596;1
32;16;10;5;1;32;1510288380;32;255;1510288387;0
32;16;10;5;1;32;1510288505;32;255;1510288513;1
32;16;10;5;1;32;1510288518;32;255;1510288525;1
32;16;10;5;1;32;1510288520;32;255;1510288528;0
32;16;10;5;1;32;1510289312;32;255;1510289319;0
32;16;10;5;1;32;1510289444;32;255;1510289451;1
32;16;10;5;1;32;1510289451;32;255;1510289459;0
32;16;10;5;1;32;1510289452;32;255;1510289460;0
32;16;10;5;1;32;1510290244;32;255;1510290252;0
32;16;10;5;1;32;1510290382;32;255;1510290389;1
32;16;10;5;1;32;1510290384;32;255;1510290391;0
32;16;10;5;1;32;1510290387;32;255;1510290394;1
32;16;10;5;1;32;1510291177;32;255;1510291184;1
32;16;10;5;1;32;1510291315;32;255;1510291323;0
32;16;10;5;1;32;1510291320;32;255;1510291327;1
32;16;10;5;1;32;1510291322;32;255;1510291330;1
32;16;10;5;1;32;1510292109;32;255;1510292116;0
32;16;10;5;1;32;1510292247;32;255;1510292254;1
32;16;10;5;1;32;1510292256;32;255;1510292264;0
32;16;10;5;1;32;1510292257;32;255;1510292265;1
32;16;10;5;1;32;1510293041;32;255;1510293049;0
32;16;10;5;1;32;1510293178;32;255;1510293186;1
32;16;10;5;1;32;1510293191;32;255;1510293199;1
32;16;10;5;1;32;1510293195;32;255;1510293202;1
32;16;10;5;1;32;1510293974;32;255;1510293981;0
32;16;10;5;1;32;1510294110;32;255;1510294118;0
32;16;10;5;1;32;1510294125;32;255;1510294133;1
32;16;10;5;1;32;1510294134;32;255;1510294142;1
32;16;10;5;1;32;1510294907;32;255;1510294914;1
32;16;10;5;1;32;1510295042;32;255;1510295050;1
32;16;10;5;1;32;1510295060;32;255;1510295067;0
32;16;10;5;1;32;1510295073;32;255;1510295080;1
32;16;10;5;1;32;1510295840;32;255;1510295848;0
32;16;10;5;1;32;1510295974;32;255;1510295981;1
32;16;10;5;1;32;1510295994;32;255;1510296001;1
32;16;10;5;1;32;1510296011;32;255;1510296019;0
32;16;10;5;1;32;1510296773;32;255;1510296780;0
32;16;10;5;1;32;1510296906;32;255;1510296914;0
32;16;10;5;1;32;1510296930;32;255;1510296937;0
32;16;10;5;1;32;1510296948;32;255;1510296956;0
32;16;10;5;1;32;1510297705;32;255;1510297713;0
32;16;10;5;1;32;1510297838;32;255;1510297845;1
32;16;10;5;1;32;1510297864;32;255;1510297872;0
32;16;10;5;1;32;1510297886;32;255;1510297894;1
32;16;10;5;1;32;1510298638;32;255;1510298645;1
32;16;10;5;1;32;1510298769;32;255;1510298777;0
32;16;10;5;1;32;1510298800;32;255;1510298807;0
32;16;10;5;1;32;1510298824;32;255;1510298832;1
32;16;10;5;1;32;1510299570;32;255;1510299577;1
32;16;10;5;1;32;1510299701;32;255;1510299709;0
32;16;10;5;1;32;1510299735;32;255;1510299742;1
32;16;10;5;1;32;1510299763;32;255;1510299770;0
32;16;10;5;1;32;1510300502;32;255;1510300510;1
32;16;10;5;1;32;1510300633;32;255;1510300640;0
32;16;10;5;1;32;1510300669;32;255;1510300677;0
32;16;10;5;1;32;1510300701;32;255;1510300708;0
32;16;10;5;1;32;1510301436;32;255;1510301443;1
32;16;10;5;1;32;1510301565;32;255;1510301573;0
32;16;10;5;1;32;1510301608;32;255;1510301616;1
32;16;10;5;1;32;1510301635;32;255;1510301643;1
32;16;10;5;1;32;1510302368;32;255;1510302376;1
32;16;10;5;1;32;1510302497;32;255;1510302504;0
32;16;10;5;1;32;1510302547;32;255;1510302555;1
32;16;10;5;1;32;1510302571;32;255;1510302578;0
32;16;10;5;1;32;1510303335;32;255;1510303342;1
32;16;10;5;1;32;1510303478;32;255;1510303486;0
32;16;10;5;1;32;1510303530;32;255;1510303537;1
32;16;10;5;1;32;1510303565;32;255;1510303573;0
32;16;10;5;1;32;1510304308;32;255;1510304315;1
32;16;10;5;1;32;1510304453;32;255;1510304461;0
32;16;10;5;1;32;1510304502;32;255;1510304510;1
32;16;10;5;1;32;1510304551;32;255;1510304559;0
32;16;10;5;1;32;1510305289;32;255;1510305297;0
32;16;10;5;1;32;1510305413;32;255;1510305420;1
32;16;10;5;1;32;1510305469;32;255;1510305477;1
32;16;10;5;1;32;1510305518;32;255;1510305526;1
32;16;10;5;1;32;1510306251;32;255;1510306260;1
32;16;10;5;1;32;1510306394;32;255;1510306403;1
32;16;10;5;1;32;1510306447;32;255;1510306455;0
32;16;10;5;1;32;1510306534;32;255;1510306542;0
32;16;10;5;1;32;1510307276;32;255;1510307284;1
