32;16;10;5;1;34;1509981678;34;255;1509981685;1
32;16;10;5;1;34;1509981747;34;255;1509981755;1
32;16;10;5;1;34;1509981819;34;255;1509981826;1
32;16;10;5;1;34;1509981924;34;255;1509981932;0
32;16;10;5;1;34;1509982674;34;255;1509982682;0
32;16;10;5;1;34;1509982734;34;255;1509982742;1
32;16;10;5;1;34;1509982803;34;255;1509982811;1
32;16;10;5;1;34;1509982904;34;255;1509982911;0
32;16;10;5;1;34;1509983620;34;255;1509983628;0
32;16;10;5;1;34;1509983678;34;255;1509983686;0
32;16;10;5;1;34;1509983746;34;255;1509983754;1
32;16;10;5;1;34;1509983858;34;255;1509983866;1
32;16;10;5;1;34;1509984563;34;255;1509984571;0
32;16;10;5;1;34;1509984618;34;255;1509984626;0
32;16;10;5;1;34;1509984689;34;255;1509984696;0
32;16;10;5;1;34;1509984797;34;255;1509984805;0
32;16;10;5;1;34;1509985503;34;255;1509985511;0
32;16;10;5;1;34;1509985560;34;255;1509985568;0
32;16;10;5;1;34;1509985631;34;255;1509985639;0
32;16;10;5;1;34;1509985739;34;255;1509985746;0
32;16;10;5;1;34;1509986444;34;255;1509986452;0
32;16;10;5;1;34;1509986502;34;255;1509986510;0
32;16;10;5;1;34;1509986572;34;255;1509986579;0
32;16;10;5;1;34;1509986683;34;255;1509986690;0
32;16;10;5;1;34;1509987384;34;255;1509987392;0
32;16;10;5;1;34;1509987446;34;255;1509987454;0
32;16;10;5;1;34;1509987510;34;255;1509987518;1
32;16;10;5;1;34;1509987624;34;255;1509987632;0
32;16;10;5;1;34;1509988327;34;255;1509988335;0
32;16;10;5;1;34;1509988388;34;255;1509988396;0
32;16;10;5;1;34;1509988451;34;255;1509988459;1
32;16;10;5;1;34;1509988566;34;255;1509988574;0
32;16;10;5;1;34;1509989268;34;255;1509989276;1
32;16;10;5;1;34;1509989331;34;255;1509989338;1
32;16;10;5;1;34;1509989395;34;255;1509989403;0
32;16;10;5;1;34;1509989507;34;255;1509989515;0
32;16;10;5;1;34;1509990209;34;255;1509990217;0
32;16;10;5;1;34;1509990272;34;255;1509990280;1
32;16;10;5;1;34;1509990336;34;255;1509990343;0
32;16;10;5;1;34;1509990450;34;255;1509990457;1
32;16;10;5;1;34;1509991152;34;255;1509991159;0
32;16;10;5;1;34;1509991213;34;255;1509991221;1
32;16;10;5;1;34;1509991276;34;255;1509991284;1
32;16;10;5;1;34;1509991392;34;255;1509991400;0
32;16;10;5;1;34;1509992094;34;255;1509992101;1
32;16;10;5;1;34;1509992155;34;255;1509992162;0
32;16;10;5;1;34;1509992216;34;255;1509992223;0
32;16;10;5;1;34;1509992333;34;255;1509992341;1
32;16;10;5;1;34;1509993037;34;255;1509993045;1
32;16;10;5;1;34;1509993096;34;255;1509993104;1
32;16;10;5;1;34;1509993157;34;255;1509993165;0
32;16;10;5;1;34;1509993275;34;255;1509993283;1
32;16;10;5;1;34;1509993977;34;255;1509993985;0
32;16;10;5;1;34;1509994037;34;255;1509994045;1
32;16;10;5;1;34;1509994098;34;255;1509994106;0
32;16;10;5;1;34;1509994217;34;255;1509994225;0
32;16;10;5;1;34;1509994919;34;255;1509994927;0
32;16;10;5;1;34;1509994978;34;255;1509994986;0
32;16;10;5;1;34;1509995039;34;255;1509995047;0
32;16;10;5;1;34;1509995158;34;255;1509995166;0
32;16;10;5;1;34;1509995866;34;255;1509995873;0
32;16;10;5;1;34;1509995921;34;255;1509995929;0
32;16;10;5;1;34;1509995996;34;255;1509996003;0
32;16;10;5;1;34;1509996100;34;255;1509996108;1
32;16;10;5;1;34;1509996808;34;255;1509996816;1
32;16;10;5;1;34;1509996861;34;255;1509996869;0
32;16;10;5;1;34;1509996939;34;255;1509996946;0
32;16;10;5;1;34;1509997042;34;255;1509997049;1
32;16;10;5;1;34;1509997750;34;255;1509997757;0
32;16;10;5;1;34;1509997806;34;255;1509997813;0
32;16;10;5;1;34;1509997880;34;255;1509997888;1
32;16;10;5;1;34;1509997981;34;255;1509997989;0
32;16;10;5;1;34;1509998691;34;255;1509998698;1
32;16;10;5;1;34;1509998746;34;255;1509998754;0
32;16;10;5;1;34;1509998820;34;255;1509998828;0
32;16;10;5;1;34;1509998924;34;255;1509998931;0
32;16;10;5;1;34;1509999635;34;255;1509999643;1
32;16;10;5;1;34;1509999689;34;255;1509999696;0
32;16;10;5;1;34;1509999759;34;255;1509999767;1
32;16;10;5;1;34;1509999863;34;255;1509999871;1
32;16;10;5;1;34;1510000577;34;255;1510000585;1
32;16;10;5;1;34;1510000632;34;255;1510000639;0
32;16;10;5;1;34;1510000700;34;255;1510000708;1
32;16;10;5;1;34;1510000802;34;255;1510000810;0
32;16;10;5;1;34;1510001519;34;255;1510001527;0
32;16;10;5;1;34;1510001576;34;255;1510001583;0
32;16;10;5;1;34;1510001640;34;255;1510001648;0
32;16;10;5;1;34;1510001744;34;255;1510001751;0
32;16;10;5;1;34;1510002459;34;255;1510002467;0
32;16;10;5;1;34;1510002519;34;255;1510002527;1
32;16;10;5;1;34;1510002582;34;255;1510002590;0
32;16;10;5;1;34;1510002683;34;255;1510002690;0
32;16;10;5;1;34;1510003402;34;255;1510003410;1
32;16;10;5;1;34;1510003461;34;255;1510003468;1
32;16;10;5;1;34;1510003524;34;255;1510003532;0
32;16;10;5;1;34;1510003626;34;255;1510003634;0
32;16;10;5;1;34;1510004340;34;255;1510004348;1
32;16;10;5;1;34;1510004400;34;255;1510004407;1
32;16;10;5;1;34;1510004470;34;255;1510004478;0
32;16;10;5;1;34;1510004568;34;255;1510004576;1
32;16;10;5;1;34;1510005283;34;255;1510005291;0
32;16;10;5;1;34;1510005342;34;255;1510005350;1
32;16;10;5;1;34;1510005410;34;255;1510005418;1
32;16;10;5;1;34;1510005509;34;255;1510005516;0
32;16;10;5;1;34;1510006223;34;255;1510006231;0
32;16;10;5;1;34;1510006282;34;255;1510006290;0
32;16;10;5;1;34;1510006355;34;255;1510006363;1
32;16;10;5;1;34;1510006450;34;255;1510006458;1
32;16;10;5;1;34;1510007163;34;255;1510007171;0
32;16;10;5;1;34;1510007222;34;255;1510007230;0
32;16;10;5;1;34;1510007300;34;255;1510007308;0
32;16;10;5;1;34;1510007389;34;255;1510007397;1
32;16;10;5;1;34;1510008104;34;255;1510008111;0
32;16;10;5;1;34;1510008161;34;255;1510008169;0
32;16;10;5;1;34;1510008240;34;255;1510008248;0
32;16;10;5;1;34;1510008333;34;255;1510008341;1
32;16;10;5;1;34;1510009045;34;255;1510009053;0
32;16;10;5;1;34;1510009102;34;255;1510009110;0
32;16;10;5;1;34;1510009182;34;255;1510009189;0
32;16;10;5;1;34;1510009275;34;255;1510009283;0
32;16;10;5;1;34;1510009987;34;255;1510009995;0
32;16;10;5;1;34;1510010044;34;255;1510010051;0
32;16;10;5;1;34;1510010123;34;255;1510010131;0
32;16;10;5;1;34;1510010219;34;255;1510010227;0
32;16;10;5;1;34;1510010927;34;255;1510010935;0
32;16;10;5;1;34;1510010985;34;255;1510010993;0
32;16;10;5;1;34;1510011065;34;255;1510011073;1
32;16;10;5;1;34;1510011161;34;255;1510011169;1
32;16;10;5;1;34;1510011866;34;255;1510011874;0
32;16;10;5;1;34;1510011929;34;255;1510011937;0
32;16;10;5;1;34;1510012008;34;255;1510012016;0
32;16;10;5;1;34;1510012100;34;255;1510012107;0
32;16;10;5;1;34;1510012810;34;255;1510012818;1
32;16;10;5;1;34;1510012872;34;255;1510012880;1
32;16;10;5;1;34;1510012947;34;255;1510012955;1
32;16;10;5;1;34;1510013042;34;255;1510013050;1
32;16;10;5;1;34;1510013751;34;255;1510013759;0
32;16;10;5;1;34;1510013815;34;255;1510013823;0
32;16;10;5;1;34;1510013888;34;255;1510013896;1
32;16;10;5;1;34;1510013984;34;255;1510013992;1
32;16;10;5;1;34;1510014694;34;255;1510014701;1
32;16;10;5;1;34;1510014756;34;255;1510014764;0
32;16;10;5;1;34;1510014829;34;255;1510014836;0
32;16;10;5;1;34;1510014925;34;255;1510014933;0
32;16;10;5;1;34;1510015635;34;255;1510015642;0
32;16;10;5;1;34;1510015698;34;255;1510015705;0
32;16;10;5;1;34;1510015770;34;255;1510015778;1
32;16;10;5;1;34;1510015866;34;255;1510015874;0
32;16;10;5;1;34;1510016576;34;255;1510016583;0
32;16;10;5;1;34;1510016641;34;255;1510016648;0
32;16;10;5;1;34;1510016711;34;255;1510016718;0
32;16;10;5;1;34;1510016808;34;255;1510016816;1
32;16;10;5;1;34;1510017517;34;255;1510017524;1
32;16;10;5;1;34;1510017583;34;255;1510017591;0
32;16;10;5;1;34;1510017652;34;255;1510017659;0
32;16;10;5;1;34;1510017749;34;255;1510017757;0
32;16;10;5;1;34;1510018457;34;255;1510018465;0
32;16;10;5;1;34;1510018526;34;255;1510018533;1
32;16;10;5;1;34;1510018593;34;255;1510018601;0
32;16;10;5;1;34;1510018691;34;255;1510018698;0
32;16;10;5;1;34;1510019400;34;255;1510019408;0
32;16;10;5;1;34;1510019469;34;255;1510019476;0
32;16;10;5;1;34;1510019533;34;255;1510019541;1
32;16;10;5;1;34;1510019633;34;255;1510019640;1
32;16;10;5;1;34;1510020340;34;255;1510020348;1
32;16;10;5;1;34;1510020413;34;255;1510020421;1
32;16;10;5;1;34;1510020474;34;255;1510020482;0
32;16;10;5;1;34;1510020572;34;255;1510020579;0
32;16;10;5;1;34;1510021280;34;255;1510021288;1
32;16;10;5;1;34;1510021354;34;255;1510021362;0
32;16;10;5;1;34;1510021415;34;255;1510021423;0
32;16;10;5;1;34;1510021515;34;255;1510021522;1
32;16;10;5;1;34;1510022221;34;255;1510022229;0
32;16;10;5;1;34;1510022294;34;255;1510022302;1
32;16;10;5;1;34;1510022357;34;255;1510022364;0
32;16;10;5;1;34;1510022456;34;255;1510022464;1
32;16;10;5;1;34;1510023163;34;255;1510023171;0
32;16;10;5;1;34;1510023236;34;255;1510023244;0
32;16;10;5;1;34;1510023302;34;255;1510023309;1
32;16;10;5;1;34;1510023396;34;255;1510023403;0
32;16;10;5;1;34;1510024105;34;255;1510024113;1
32;16;10;5;1;34;1510024176;34;255;1510024184;0
32;16;10;5;1;34;1510024243;34;255;1510024251;0
32;16;10;5;1;34;1510024338;34;255;1510024345;1
32;16;10;5;1;34;1510025049;34;255;1510025057;1
32;16;10;5;1;34;1510025117;34;255;1510025124;1
32;16;10;5;1;34;1510025185;34;255;1510025193;0
32;16;10;5;1;34;1510025277;34;255;1510025285;1
32;16;10;5;1;34;1510025992;34;255;1510026000;0
32;16;10;5;1;34;1510026057;34;255;1510026064;0
32;16;10;5;1;34;1510026126;34;255;1510026134;1
32;16;10;5;1;34;1510026218;34;255;1510026226;0
32;16;10;5;1;34;1510026932;34;255;1510026940;0
32;16;10;5;1;34;1510026998;34;255;1510027006;0
32;16;10;5;1;34;1510027070;34;255;1510027078;1
32;16;10;5;1;34;1510027159;34;255;1510027167;0
32;16;10;5;1;34;1510027874;34;255;1510027882;0
32;16;10;5;1;34;1510027939;34;255;1510027947;1
32;16;10;5;1;34;1510028011;34;255;1510028018;1
32;16;10;5;1;34;1510028099;34;255;1510028107;0
32;16;10;5;1;34;1510028816;34;255;1510028824;1
32;16;10;5;1;34;1510028882;34;255;1510028890;1
32;16;10;5;1;34;1510028953;34;255;1510028961;0
32;16;10;5;1;34;1510029038;34;255;1510029046;0
32;16;10;5;1;34;1510029758;34;255;1510029766;1
32;16;10;5;1;34;1510029824;34;255;1510029832;0
32;16;10;5;1;34;1510029894;34;255;1510029902;0
32;16;10;5;1;34;1510029979;34;255;1510029987;1
32;16;10;5;1;34;1510030699;34;255;1510030706;1
32;16;10;5;1;34;1510030767;34;255;1510030774;1
32;16;10;5;1;34;1510030839;34;255;1510030847;1
32;16;10;5;1;34;1510030921;34;255;1510030928;1
32;16;10;5;1;34;1510031641;34;255;1510031648;0
32;16;10;5;1;34;1510031706;34;255;1510031714;0
32;16;10;5;1;34;1510031782;34;255;1510031790;1
32;16;10;5;1;34;1510031862;34;255;1510031870;1
32;16;10;5;1;34;1510032580;34;255;1510032587;1
32;16;10;5;1;34;1510032648;34;255;1510032656;0
32;16;10;5;1;34;1510032724;34;255;1510032732;0
32;16;10;5;1;34;1510032805;34;255;1510032812;0
32;16;10;5;1;34;1510033523;34;255;1510033531;0
32;16;10;5;1;34;1510033588;34;255;1510033596;0
32;16;10;5;1;34;1510033666;34;255;1510033674;1
32;16;10;5;1;34;1510033745;34;255;1510033753;0
32;16;10;5;1;34;1510034466;34;255;1510034473;1
32;16;10;5;1;34;1510034530;34;255;1510034538;0
32;16;10;5;1;34;1510034607;34;255;1510034615;0
32;16;10;5;1;34;1510034685;34;255;1510034693;0
32;16;10;5;1;34;1510035406;34;255;1510035413;0
32;16;10;5;1;34;1510035473;34;255;1510035480;1
32;16;10;5;1;34;1510035548;34;255;1510035556;0
32;16;10;5;1;34;1510035627;34;255;1510035634;0
32;16;10;5;1;34;1510036348;34;255;1510036356;1
32;16;10;5;1;34;1510036415;34;255;1510036422;1
32;16;10;5;1;34;1510036489;34;255;1510036497;0
32;16;10;5;1;34;1510036567;34;255;1510036574;0
32;16;10;5;1;34;1510037291;34;255;1510037299;0
32;16;10;5;1;34;1510037357;34;255;1510037365;0
32;16;10;5;1;34;1510037430;34;255;1510037437;1
32;16;10;5;1;34;1510037506;34;255;1510037514;0
32;16;10;5;1;34;1510038231;34;255;1510038239;0
32;16;10;5;1;34;1510038300;34;255;1510038308;0
32;16;10;5;1;34;1510038370;34;255;1510038378;0
32;16;10;5;1;34;1510038448;34;255;1510038456;0
32;16;10;5;1;34;1510039174;34;255;1510039182;0
32;16;10;5;1;34;1510039242;34;255;1510039250;0
32;16;10;5;1;34;1510039313;34;255;1510039321;0
32;16;10;5;1;34;1510039388;34;255;1510039396;0
32;16;10;5;1;34;1510040115;34;255;1510040122;0
32;16;10;5;1;34;1510040182;34;255;1510040189;1
32;16;10;5;1;34;1510040255;34;255;1510040263;0
32;16;10;5;1;34;1510040329;34;255;1510040337;0
32;16;10;5;1;34;1510041055;34;255;1510041063;0
32;16;10;5;1;34;1510041124;34;255;1510041131;1
32;16;10;5;1;34;1510041199;34;255;1510041206;1
32;16;10;5;1;34;1510041269;34;255;1510041277;1
32;16;10;5;1;34;1510041999;34;255;1510042007;1
32;16;10;5;1;34;1510042065;34;255;1510042073;0
32;16;10;5;1;34;1510042142;34;255;1510042150;0
32;16;10;5;1;34;1510042210;34;255;1510042218;0
32;16;10;5;1;34;1510042939;34;255;1510042947;0
32;16;10;5;1;34;1510043008;34;255;1510043015;0
32;16;10;5;1;34;1510043082;34;255;1510043090;0
32;16;10;5;1;34;1510043153;34;255;1510043160;0
32;16;10;5;1;34;1510043879;34;255;1510043887;1
32;16;10;5;1;34;1510043950;34;255;1510043958;0
32;16;10;5;1;34;1510044023;34;255;1510044031;0
32;16;10;5;1;34;1510044095;34;255;1510044103;1
32;16;10;5;1;34;1510044837;34;255;1510044845;0
32;16;10;5;1;34;1510044908;34;255;1510044916;1
32;16;10;5;1;34;1510044984;34;255;1510044992;0
32;16;10;5;1;34;1510045062;34;255;1510045070;0
32;16;10;5;1;34;1510045846;34;255;1510045854;0
32;16;10;5;1;34;1510045925;34;255;1510045933;1
32;16;10;5;1;34;1510045995;34;255;1510046003;0
32;16;10;5;1;34;1510046069;34;255;1510046077;1
32;16;10;5;1;34;1510046844;34;255;1510046852;0
32;16;10;5;1;34;1510046852;34;255;1510046860;1
32;16;10;5;1;34;1510046863;34;255;1510046871;0
32;16;10;5;1;34;1510046866;34;255;1510046874;0
32;16;10;5;1;34;1510047825;34;255;1510047832;0
32;16;10;5;1;34;1510047840;34;255;1510047848;0
32;16;10;5;1;34;1510047840;34;255;1510047848;1
32;16;10;5;1;34;1510047844;34;255;1510047853;1
32;16;10;5;1;34;1510048785;34;255;1510048793;1
32;16;10;5;1;34;1510048796;34;255;1510048803;1
32;16;10;5;1;34;1510048802;34;255;1510048811;0
32;16;10;5;1;34;1510048814;34;255;1510048822;0
32;16;10;5;1;34;1510049818;34;255;1510049826;0
32;16;10;5;1;34;1510049825;34;255;1510049833;1
32;16;10;5;1;34;1510049842;34;255;1510049850;1
32;16;10;5;1;34;1510050775;34;255;1510050783;1
32;16;10;5;1;34;1510050782;34;255;1510050790;0
32;16;10;5;1;34;1510050798;34;255;1510050806;0
32;16;10;5;1;34;1510051734;34;255;1510051742;0
32;16;10;5;1;34;1510051740;34;255;1510051748;0
32;16;10;5;1;34;1510051759;34;255;1510051766;0
32;16;10;5;1;34;1510052691;34;255;1510052699;0
32;16;10;5;1;34;1510052698;34;255;1510052706;0
32;16;10;5;1;34;1510052716;34;255;1510052724;0
32;16;10;5;1;34;1510053648;34;255;1510053656;1
32;16;10;5;1;34;1510053654;34;255;1510053662;1
32;16;10;5;1;34;1510053673;34;255;1510053681;0
32;16;10;5;1;34;1510054607;34;255;1510054615;0
32;16;10;5;1;34;1510054614;34;255;1510054622;1
32;16;10;5;1;34;1510054634;34;255;1510054642;0
32;16;10;5;1;34;1510055576;34;255;1510055584;1
32;16;10;5;1;34;1510055586;34;255;1510055593;1
32;16;10;5;1;34;1510055605;34;255;1510055613;1
32;16;10;5;1;34;1510056533;34;255;1510056541;1
32;16;10;5;1;34;1510056552;34;255;1510056560;0
32;16;10;5;1;34;1510056580;34;255;1510056588;0
32;16;10;5;1;34;1510057485;34;255;1510057493;1
32;16;10;5;1;34;1510057506;34;255;1510057514;0
32;16;10;5;1;34;1510057534;34;255;1510057541;0
32;16;10;5;1;34;1510058426;34;255;1510058434;0
32;16;10;5;1;34;1510058448;34;255;1510058456;0
32;16;10;5;1;34;1510058475;34;255;1510058482;1
32;16;10;5;1;34;1510059367;34;255;1510059375;0
32;16;10;5;1;34;1510059388;34;255;1510059396;0
32;16;10;5;1;34;1510059416;34;255;1510059423;0
32;16;10;5;1;34;1510060316;34;255;1510060324;0
32;16;10;5;1;34;1510060336;34;255;1510060344;0
32;16;10;5;1;34;1510060366;34;255;1510060374;1
32;16;10;5;1;34;1510061276;34;255;1510061284;1
32;16;10;5;1;34;1510061293;34;255;1510061301;1
32;16;10;5;1;34;1510061329;34;255;1510061336;0
32;16;10;5;1;34;1510062272;34;255;1510062280;0
32;16;10;5;1;34;1510062277;34;255;1510062285;1
32;16;10;5;1;34;1510062321;34;255;1510062329;0
32;16;10;5;1;34;1510063228;34;255;1510063235;1
32;16;10;5;1;34;1510063233;34;255;1510063240;0
32;16;10;5;1;34;1510063275;34;255;1510063283;0
32;16;10;5;1;34;1510064185;34;255;1510064193;0
32;16;10;5;1;34;1510064186;34;255;1510064194;1
32;16;10;5;1;34;1510064234;34;255;1510064242;1
32;16;10;5;1;34;1510065157;34;255;1510065164;0
32;16;10;5;1;34;1510065157;34;255;1510065165;0
32;16;10;5;1;34;1510065205;34;255;1510065213;0
32;16;10;5;1;34;1510066114;34;255;1510066122;1
32;16;10;5;1;34;1510066117;34;255;1510066125;0
32;16;10;5;1;34;1510066166;34;255;1510066174;1
32;16;10;5;1;34;1510067076;34;255;1510067083;0
32;16;10;5;1;34;1510067078;34;255;1510067086;0
32;16;10;5;1;34;1510067130;34;255;1510067138;0
32;16;10;5;1;34;1510068033;34;255;1510068041;0
32;16;10;5;1;34;1510068036;34;255;1510068044;0
32;16;10;5;1;34;1510068089;34;255;1510068096;0
32;16;10;5;1;34;1510068983;34;255;1510068991;0
32;16;10;5;1;34;1510068985;34;255;1510068995;1
32;16;10;5;1;34;1510069038;34;255;1510069045;0
32;16;10;5;1;34;1510069944;34;255;1510069951;0
32;16;10;5;1;34;1510069960;34;255;1510069968;1
32;16;10;5;1;34;1510070004;34;255;1510070012;1
32;16;10;5;1;34;1510070910;34;255;1510070918;1
32;16;10;5;1;34;1510070922;34;255;1510070930;0
32;16;10;5;1;34;1510070971;34;255;1510070979;1
32;16;10;5;1;34;1510071884;34;255;1510071892;0
32;16;10;5;1;34;1510071889;34;255;1510071897;1
32;16;10;5;1;34;1510071932;34;255;1510071940;1
32;16;10;5;1;34;1510072833;34;255;1510072841;0
32;16;10;5;1;34;1510072839;34;255;1510072847;0
32;16;10;5;1;34;1510072880;34;255;1510072888;0
32;16;10;5;1;34;1510073776;34;255;1510073784;0
32;16;10;5;1;34;1510073782;34;255;1510073790;0
32;16;10;5;1;34;1510073823;34;255;1510073831;0
32;16;10;5;1;34;1510074720;34;255;1510074727;1
32;16;10;5;1;34;1510074725;34;255;1510074733;1
32;16;10;5;1;34;1510074766;34;255;1510074774;0
32;16;10;5;1;34;1510075523;34;255;1510075531;0
32;16;10;5;1;34;1510075694;34;255;1510075702;0
32;16;10;5;1;34;1510075707;34;255;1510075715;0
32;16;10;5;1;34;1510075747;34;255;1510075755;0
32;16;10;5;1;34;1510076472;34;255;1510076480;0
32;16;10;5;1;34;1510076644;34;255;1510076652;0
32;16;10;5;1;34;1510076649;34;255;1510076657;1
32;16;10;5;1;34;1510076690;34;255;1510076698;0
32;16;10;5;1;34;1510077413;34;255;1510077421;0
32;16;10;5;1;34;1510077583;34;255;1510077591;1
32;16;10;5;1;34;1510077590;34;255;1510077598;1
32;16;10;5;1;34;1510077630;34;255;1510077637;0
32;16;10;5;1;34;1510078351;34;255;1510078359;0
32;16;10;5;1;34;1510078522;34;255;1510078530;0
32;16;10;5;1;34;1510078531;34;255;1510078538;0
32;16;10;5;1;34;1510078571;34;255;1510078578;0
32;16;10;5;1;34;1510079291;34;255;1510079299;1
32;16;10;5;1;34;1510079462;34;255;1510079469;1
32;16;10;5;1;34;1510079470;34;255;1510079477;1
32;16;10;5;1;34;1510079510;34;255;1510079518;0
32;16;10;5;1;34;1510080232;34;255;1510080240;0
32;16;10;5;1;34;1510080402;34;255;1510080410;0
32;16;10;5;1;34;1510080409;34;255;1510080416;1
32;16;10;5;1;34;1510080450;34;255;1510080458;0
32;16;10;5;1;34;1510081173;34;255;1510081180;0
32;16;10;5;1;34;1510081341;34;255;1510081349;1
32;16;10;5;1;34;1510081347;34;255;1510081355;0
32;16;10;5;1;34;1510081392;34;255;1510081400;1
32;16;10;5;1;34;1510082112;34;255;1510082120;0
32;16;10;5;1;34;1510082281;34;255;1510082288;1
32;16;10;5;1;34;1510082287;34;255;1510082295;0
32;16;10;5;1;34;1510082332;34;255;1510082339;1
32;16;10;5;1;34;1510083050;34;255;1510083057;0
32;16;10;5;1;34;1510083221;34;255;1510083229;1
32;16;10;5;1;34;1510083229;34;255;1510083237;1
32;16;10;5;1;34;1510083272;34;255;1510083280;0
32;16;10;5;1;34;1510083990;34;255;1510083997;0
32;16;10;5;1;34;1510084159;34;255;1510084167;0
32;16;10;5;1;34;1510084171;34;255;1510084179;1
32;16;10;5;1;34;1510084212;34;255;1510084220;0
32;16;10;5;1;34;1510084928;34;255;1510084936;1
32;16;10;5;1;34;1510085100;34;255;1510085108;0
32;16;10;5;1;34;1510085112;34;255;1510085120;0
32;16;10;5;1;34;1510085151;34;255;1510085159;0
32;16;10;5;1;34;1510085867;34;255;1510085875;1
32;16;10;5;1;34;1510086042;34;255;1510086049;0
32;16;10;5;1;34;1510086054;34;255;1510086062;0
32;16;10;5;1;34;1510086091;34;255;1510086099;0
32;16;10;5;1;34;1510086806;34;255;1510086813;1
32;16;10;5;1;34;1510086982;34;255;1510086989;0
32;16;10;5;1;34;1510086995;34;255;1510087003;0
32;16;10;5;1;34;1510087031;34;255;1510087039;0
32;16;10;5;1;34;1510087746;34;255;1510087754;0
32;16;10;5;1;34;1510087922;34;255;1510087930;0
32;16;10;5;1;34;1510087935;34;255;1510087943;0
32;16;10;5;1;34;1510087970;34;255;1510087978;1
32;16;10;5;1;34;1510088687;34;255;1510088695;0
32;16;10;5;1;34;1510088862;34;255;1510088870;1
32;16;10;5;1;34;1510088875;34;255;1510088882;0
32;16;10;5;1;34;1510088909;34;255;1510088917;1
32;16;10;5;1;34;1510089625;34;255;1510089633;0
32;16;10;5;1;34;1510089802;34;255;1510089810;0
32;16;10;5;1;34;1510089815;34;255;1510089823;1
32;16;10;5;1;34;1510089852;34;255;1510089859;0
32;16;10;5;1;34;1510090564;34;255;1510090572;0
32;16;10;5;1;34;1510090742;34;255;1510090750;0
32;16;10;5;1;34;1510090755;34;255;1510090763;1
32;16;10;5;1;34;1510090794;34;255;1510090802;0
32;16;10;5;1;34;1510091504;34;255;1510091511;1
32;16;10;5;1;34;1510091681;34;255;1510091689;0
32;16;10;5;1;34;1510091697;34;255;1510091704;1
32;16;10;5;1;34;1510091734;34;255;1510091742;0
32;16;10;5;1;34;1510092443;34;255;1510092450;0
32;16;10;5;1;34;1510092622;34;255;1510092630;0
32;16;10;5;1;34;1510092636;34;255;1510092644;1
32;16;10;5;1;34;1510092675;34;255;1510092682;0
32;16;10;5;1;34;1510093383;34;255;1510093390;1
32;16;10;5;1;34;1510093562;34;255;1510093569;0
32;16;10;5;1;34;1510093577;34;255;1510093585;0
32;16;10;5;1;34;1510093616;34;255;1510093624;0
32;16;10;5;1;34;1510094323;34;255;1510094331;0
32;16;10;5;1;34;1510094499;34;255;1510094507;1
32;16;10;5;1;34;1510094516;34;255;1510094524;0
32;16;10;5;1;34;1510094558;34;255;1510094565;1
32;16;10;5;1;34;1510095265;34;255;1510095273;0
32;16;10;5;1;34;1510095440;34;255;1510095447;1
32;16;10;5;1;34;1510095455;34;255;1510095462;1
32;16;10;5;1;34;1510095497;34;255;1510095505;0
32;16;10;5;1;34;1510096208;34;255;1510096215;0
32;16;10;5;1;34;1510096378;34;255;1510096386;0
32;16;10;5;1;34;1510096393;34;255;1510096401;0
32;16;10;5;1;34;1510096438;34;255;1510096445;1
32;16;10;5;1;34;1510097148;34;255;1510097156;0
32;16;10;5;1;34;1510097319;34;255;1510097326;0
32;16;10;5;1;34;1510097333;34;255;1510097340;0
32;16;10;5;1;34;1510097380;34;255;1510097387;0
32;16;10;5;1;34;1510098087;34;255;1510098094;0
32;16;10;5;1;34;1510098261;34;255;1510098268;1
32;16;10;5;1;34;1510098271;34;255;1510098279;0
32;16;10;5;1;34;1510098319;34;255;1510098326;1
32;16;10;5;1;34;1510099027;34;255;1510099034;0
32;16;10;5;1;34;1510099201;34;255;1510099209;0
32;16;10;5;1;34;1510099209;34;255;1510099217;1
32;16;10;5;1;34;1510099260;34;255;1510099268;1
32;16;10;5;1;34;1510099969;34;255;1510099976;1
32;16;10;5;1;34;1510100143;34;255;1510100151;0
32;16;10;5;1;34;1510100147;34;255;1510100155;0
32;16;10;5;1;34;1510100200;34;255;1510100208;1
32;16;10;5;1;34;1510100909;34;255;1510100917;0
32;16;10;5;1;34;1510101081;34;255;1510101089;0
32;16;10;5;1;34;1510101088;34;255;1510101096;1
32;16;10;5;1;34;1510101139;34;255;1510101147;0
32;16;10;5;1;34;1510101849;34;255;1510101857;0
32;16;10;5;1;34;1510102020;34;255;1510102028;1
32;16;10;5;1;34;1510102029;34;255;1510102037;1
32;16;10;5;1;34;1510102080;34;255;1510102088;0
32;16;10;5;1;34;1510102788;34;255;1510102796;1
32;16;10;5;1;34;1510102960;34;255;1510102967;1
32;16;10;5;1;34;1510102968;34;255;1510102976;1
32;16;10;5;1;34;1510103023;34;255;1510103030;0
32;16;10;5;1;34;1510103726;34;255;1510103734;1
32;16;10;5;1;34;1510103900;34;255;1510103907;0
32;16;10;5;1;34;1510103909;34;255;1510103917;0
32;16;10;5;1;34;1510103963;34;255;1510103970;0
32;16;10;5;1;34;1510104664;34;255;1510104672;0
32;16;10;5;1;34;1510104838;34;255;1510104846;1
32;16;10;5;1;34;1510104851;34;255;1510104858;0
32;16;10;5;1;34;1510104902;34;255;1510104910;0
32;16;10;5;1;34;1510105605;34;255;1510105613;1
32;16;10;5;1;34;1510105777;34;255;1510105785;1
32;16;10;5;1;34;1510105790;34;255;1510105798;0
32;16;10;5;1;34;1510105841;34;255;1510105849;1
32;16;10;5;1;34;1510106546;34;255;1510106553;0
32;16;10;5;1;34;1510106720;34;255;1510106728;0
32;16;10;5;1;34;1510106730;34;255;1510106738;0
32;16;10;5;1;34;1510106780;34;255;1510106788;0
32;16;10;5;1;34;1510107484;34;255;1510107492;0
32;16;10;5;1;34;1510107663;34;255;1510107671;0
32;16;10;5;1;34;1510107669;34;255;1510107676;0
32;16;10;5;1;34;1510107723;34;255;1510107731;0
32;16;10;5;1;34;1510108423;34;255;1510108430;0
32;16;10;5;1;34;1510108603;34;255;1510108611;1
32;16;10;5;1;34;1510108608;34;255;1510108616;1
32;16;10;5;1;34;1510108663;34;255;1510108670;0
32;16;10;5;1;34;1510109362;34;255;1510109370;0
32;16;10;5;1;34;1510109544;34;255;1510109552;1
32;16;10;5;1;34;1510109549;34;255;1510109557;0
32;16;10;5;1;34;1510109604;34;255;1510109612;0
32;16;10;5;1;34;1510110302;34;255;1510110310;1
32;16;10;5;1;34;1510110484;34;255;1510110491;1
32;16;10;5;1;34;1510110490;34;255;1510110497;1
32;16;10;5;1;34;1510110545;34;255;1510110552;0
32;16;10;5;1;34;1510111242;34;255;1510111250;0
32;16;10;5;1;34;1510111424;34;255;1510111431;0
32;16;10;5;1;34;1510111432;34;255;1510111439;0
32;16;10;5;1;34;1510111483;34;255;1510111491;1
32;16;10;5;1;34;1510112181;34;255;1510112189;1
32;16;10;5;1;34;1510112366;34;255;1510112373;0
32;16;10;5;1;34;1510112371;34;255;1510112378;1
32;16;10;5;1;34;1510112423;34;255;1510112431;1
32;16;10;5;1;34;1510113118;34;255;1510113126;0
32;16;10;5;1;34;1510113308;34;255;1510113315;1
32;16;10;5;1;34;1510113311;34;255;1510113319;1
32;16;10;5;1;34;1510113363;34;255;1510113370;0
32;16;10;5;1;34;1510114056;34;255;1510114064;0
32;16;10;5;1;34;1510114249;34;255;1510114257;0
32;16;10;5;1;34;1510114252;34;255;1510114260;0
32;16;10;5;1;34;1510114303;34;255;1510114311;0
32;16;10;5;1;34;1510114996;34;255;1510115004;0
32;16;10;5;1;34;1510115189;34;255;1510115197;1
32;16;10;5;1;34;1510115192;34;255;1510115200;1
32;16;10;5;1;34;1510115243;34;255;1510115250;0
32;16;10;5;1;34;1510115938;34;255;1510115946;0
32;16;10;5;1;34;1510116128;34;255;1510116136;0
32;16;10;5;1;34;1510116131;34;255;1510116138;0
32;16;10;5;1;34;1510116182;34;255;1510116189;0
32;16;10;5;1;34;1510116879;34;255;1510116887;0
32;16;10;5;1;34;1510117068;34;255;1510117076;1
32;16;10;5;1;34;1510117072;34;255;1510117079;0
32;16;10;5;1;34;1510117120;34;255;1510117128;0
32;16;10;5;1;34;1510117818;34;255;1510117826;1
32;16;10;5;1;34;1510118006;34;255;1510118014;1
32;16;10;5;1;34;1510118013;34;255;1510118021;1
32;16;10;5;1;34;1510118061;34;255;1510118068;1
32;16;10;5;1;34;1510118761;34;255;1510118769;0
32;16;10;5;1;34;1510118947;34;255;1510118955;1
32;16;10;5;1;34;1510118955;34;255;1510118962;1
32;16;10;5;1;34;1510119000;34;255;1510119007;1
32;16;10;5;1;34;1510119704;34;255;1510119712;0
32;16;10;5;1;34;1510119885;34;255;1510119893;1
32;16;10;5;1;34;1510119893;34;255;1510119901;0
32;16;10;5;1;34;1510119938;34;255;1510119946;1
32;16;10;5;1;34;1510120646;34;255;1510120654;0
32;16;10;5;1;34;1510120826;34;255;1510120833;0
32;16;10;5;1;34;1510120833;34;255;1510120841;0
32;16;10;5;1;34;1510120878;34;255;1510120886;0
32;16;10;5;1;34;1510121587;34;255;1510121594;1
32;16;10;5;1;34;1510121765;34;255;1510121773;0
32;16;10;5;1;34;1510121773;34;255;1510121781;1
32;16;10;5;1;34;1510121817;34;255;1510121824;0
32;16;10;5;1;34;1510122527;34;255;1510122535;0
32;16;10;5;1;34;1510122704;34;255;1510122712;0
32;16;10;5;1;34;1510122713;34;255;1510122721;0
32;16;10;5;1;34;1510122758;34;255;1510122766;0
32;16;10;5;1;34;1510123467;34;255;1510123475;0
32;16;10;5;1;34;1510123646;34;255;1510123653;0
32;16;10;5;1;34;1510123655;34;255;1510123663;0
32;16;10;5;1;34;1510123700;34;255;1510123707;1
32;16;10;5;1;34;1510124408;34;255;1510124416;0
32;16;10;5;1;34;1510124584;34;255;1510124592;1
32;16;10;5;1;34;1510124595;34;255;1510124603;0
32;16;10;5;1;34;1510124639;34;255;1510124647;0
32;16;10;5;1;34;1510125347;34;255;1510125355;0
32;16;10;5;1;34;1510125525;34;255;1510125533;1
32;16;10;5;1;34;1510125535;34;255;1510125543;0
32;16;10;5;1;34;1510125579;34;255;1510125587;0
32;16;10;5;1;34;1510126287;34;255;1510126294;0
32;16;10;5;1;34;1510126465;34;255;1510126472;0
32;16;10;5;1;34;1510126475;34;255;1510126483;1
32;16;10;5;1;34;1510126520;34;255;1510126528;1
32;16;10;5;1;34;1510127226;34;255;1510127234;1
32;16;10;5;1;34;1510127403;34;255;1510127411;1
32;16;10;5;1;34;1510127413;34;255;1510127421;0
32;16;10;5;1;34;1510127462;34;255;1510127470;1
32;16;10;5;1;34;1510128165;34;255;1510128173;0
32;16;10;5;1;34;1510128344;34;255;1510128351;1
32;16;10;5;1;34;1510128352;34;255;1510128360;0
32;16;10;5;1;34;1510128402;34;255;1510128410;1
32;16;10;5;1;34;1510129105;34;255;1510129112;0
32;16;10;5;1;34;1510129284;34;255;1510129292;0
32;16;10;5;1;34;1510129293;34;255;1510129301;0
32;16;10;5;1;34;1510129340;34;255;1510129348;1
32;16;10;5;1;34;1510130064;34;255;1510130072;0
32;16;10;5;1;34;1510130267;34;255;1510130276;1
32;16;10;5;1;34;1510130273;34;255;1510130281;1
32;16;10;5;1;34;1510130323;34;255;1510130331;0
32;16;10;5;1;34;1510131075;34;255;1510131082;1
32;16;10;5;1;34;1510131274;34;255;1510131282;0
32;16;10;5;1;34;1510131276;34;255;1510131283;0
32;16;10;5;1;34;1510131326;34;255;1510131334;1
32;16;10;5;1;34;1510132059;34;255;1510132067;0
32;16;10;5;1;34;1510132242;34;255;1510132250;0
32;16;10;5;1;34;1510132260;34;255;1510132269;1
32;16;10;5;1;34;1510132304;34;255;1510132313;0
32;16;10;5;1;34;1510133046;34;255;1510133054;1
32;16;10;5;1;34;1510133221;34;255;1510133229;0
32;16;10;5;1;34;1510133240;34;255;1510133248;0
32;16;10;5;1;34;1510133286;34;255;1510133295;1
32;16;10;5;1;34;1510134062;34;255;1510134070;0
32;16;10;5;1;34;1510134228;34;255;1510134235;1
32;16;10;5;1;34;1510134259;34;255;1510134268;1
32;16;10;5;1;34;1510134306;34;255;1510134314;1
32;16;10;5;1;34;1510135062;34;255;1510135069;0
32;16;10;5;1;34;1510135232;34;255;1510135240;1
32;16;10;5;1;34;1510135263;34;255;1510135272;1
32;16;10;5;1;34;1510135296;34;255;1510135304;0
32;16;10;5;1;34;1510136055;34;255;1510136064;0
32;16;10;5;1;34;1510136219;34;255;1510136227;0
32;16;10;5;1;34;1510136259;34;255;1510136267;0
32;16;10;5;1;34;1510136284;34;255;1510136292;0
32;16;10;5;1;34;1510137055;34;255;1510137063;0
32;16;10;5;1;34;1510137236;34;255;1510137245;0
32;16;10;5;1;34;1510137254;34;255;1510137262;0
32;16;10;5;1;34;1510137296;34;255;1510137304;1
32;16;10;5;1;34;1510138043;34;255;1510138052;0
32;16;10;5;1;34;1510138240;34;255;1510138248;0
32;16;10;5;1;34;1510138244;34;255;1510138252;0
32;16;10;5;1;34;1510138295;34;255;1510138303;0
32;16;10;5;1;34;1510139057;34;255;1510139064;0
32;16;10;5;1;34;1510139233;34;255;1510139241;1
32;16;10;5;1;34;1510139259;34;255;1510139267;1
32;16;10;5;1;34;1510139299;34;255;1510139307;1
32;16;10;5;1;34;1510140030;34;255;1510140037;0
32;16;10;5;1;34;1510140191;34;255;1510140199;0
32;16;10;5;1;34;1510140271;34;255;1510140278;0
32;16;10;5;1;34;1510140280;34;255;1510140288;0
32;16;10;5;1;34;1510141036;34;255;1510141045;0
32;16;10;5;1;34;1510141174;34;255;1510141182;0
32;16;10;5;1;34;1510141242;34;255;1510141250;0
32;16;10;5;1;34;1510141257;34;255;1510141266;0
32;16;10;5;1;34;1510142007;34;255;1510142016;0
32;16;10;5;1;34;1510142178;34;255;1510142187;0
32;16;10;5;1;34;1510142217;34;255;1510142225;0
32;16;10;5;1;34;1510142274;34;255;1510142282;0
32;16;10;5;1;34;1510143044;34;255;1510143053;0
32;16;10;5;1;34;1510143232;34;255;1510143240;0
32;16;10;5;1;34;1510143265;34;255;1510143274;0
32;16;10;5;1;34;1510143335;34;255;1510143344;0
32;16;10;5;1;34;1510144041;34;255;1510144049;0
32;16;10;5;1;34;1510144216;34;255;1510144224;1
32;16;10;5;1;34;1510144248;34;255;1510144255;0
32;16;10;5;1;34;1510144321;34;255;1510144329;1
32;16;10;5;1;34;1510144994;34;255;1510145002;0
32;16;10;5;1;34;1510145162;34;255;1510145170;1
32;16;10;5;1;34;1510145193;34;255;1510145201;0
32;16;10;5;1;34;1510145269;34;255;1510145277;0
32;16;10;5;1;34;1510145934;34;255;1510145942;1
32;16;10;5;1;34;1510146105;34;255;1510146112;0
32;16;10;5;1;34;1510146137;34;255;1510146144;0
32;16;10;5;1;34;1510146209;34;255;1510146217;0
32;16;10;5;1;34;1510146880;34;255;1510146888;1
32;16;10;5;1;34;1510147052;34;255;1510147060;0
32;16;10;5;1;34;1510147086;34;255;1510147093;0
32;16;10;5;1;34;1510147162;34;255;1510147171;0
32;16;10;5;1;34;1510147854;34;255;1510147862;0
32;16;10;5;1;34;1510148038;34;255;1510148045;1
32;16;10;5;1;34;1510148062;34;255;1510148070;0
32;16;10;5;1;34;1510148139;34;255;1510148147;1
32;16;10;5;1;34;1510148834;34;255;1510148842;1
32;16;10;5;1;34;1510149007;34;255;1510149014;0
32;16;10;5;1;34;1510149026;34;255;1510149034;0
32;16;10;5;1;34;1510149104;34;255;1510149111;1
32;16;10;5;1;34;1510149783;34;255;1510149790;0
32;16;10;5;1;34;1510149957;34;255;1510149965;0
32;16;10;5;1;34;1510149968;34;255;1510149976;1
32;16;10;5;1;34;1510150047;34;255;1510150055;1
32;16;10;5;1;34;1510150736;34;255;1510150743;0
32;16;10;5;1;34;1510150913;34;255;1510150921;1
32;16;10;5;1;34;1510150923;34;255;1510150931;0
32;16;10;5;1;34;1510151011;34;255;1510151019;0
32;16;10;5;1;34;1510151695;34;255;1510151703;0
32;16;10;5;1;34;1510151881;34;255;1510151890;0
32;16;10;5;1;34;1510151896;34;255;1510151906;0
32;16;10;5;1;34;1510151987;34;255;1510151995;0
32;16;10;5;1;34;1510152696;34;255;1510152704;0
32;16;10;5;1;34;1510152869;34;255;1510152877;0
32;16;10;5;1;34;1510152893;34;255;1510152900;0
32;16;10;5;1;34;1510152968;34;255;1510152975;0
32;16;10;5;1;34;1510153663;34;255;1510153671;0
32;16;10;5;1;34;1510153838;34;255;1510153847;1
32;16;10;5;1;34;1510153863;34;255;1510153871;0
32;16;10;5;1;34;1510153935;34;255;1510153942;1
32;16;10;5;1;34;1510154631;34;255;1510154639;0
32;16;10;5;1;34;1510154807;34;255;1510154814;0
32;16;10;5;1;34;1510154832;34;255;1510154840;1
32;16;10;5;1;34;1510154899;34;255;1510154907;0
32;16;10;5;1;34;1510155588;34;255;1510155596;1
32;16;10;5;1;34;1510155762;34;255;1510155770;0
32;16;10;5;1;34;1510155793;34;255;1510155801;0
32;16;10;5;1;34;1510155864;34;255;1510155873;0
32;16;10;5;1;34;1510156574;34;255;1510156582;1
32;16;10;5;1;34;1510156749;34;255;1510156758;1
32;16;10;5;1;34;1510156779;34;255;1510156787;1
32;16;10;5;1;34;1510156853;34;255;1510156861;0
32;16;10;5;1;34;1510157563;34;255;1510157571;0
32;16;10;5;1;34;1510157749;34;255;1510157757;0
32;16;10;5;1;34;1510157774;34;255;1510157782;0
32;16;10;5;1;34;1510157845;34;255;1510157853;0
32;16;10;5;1;34;1510158531;34;255;1510158539;1
32;16;10;5;1;34;1510158711;34;255;1510158718;0
32;16;10;5;1;34;1510158743;34;255;1510158751;1
32;16;10;5;1;34;1510158807;34;255;1510158814;0
32;16;10;5;1;34;1510159486;34;255;1510159493;0
32;16;10;5;1;34;1510159669;34;255;1510159677;0
32;16;10;5;1;34;1510159701;34;255;1510159709;1
32;16;10;5;1;34;1510159768;34;255;1510159776;1
32;16;10;5;1;34;1510160468;34;255;1510160476;0
32;16;10;5;1;34;1510160643;34;255;1510160651;1
32;16;10;5;1;34;1510160674;34;255;1510160681;0
32;16;10;5;1;34;1510160743;34;255;1510160751;0
32;16;10;5;1;34;1510161445;34;255;1510161453;0
32;16;10;5;1;34;1510161621;34;255;1510161629;0
32;16;10;5;1;34;1510161658;34;255;1510161666;1
32;16;10;5;1;34;1510161717;34;255;1510161725;0
32;16;10;5;1;34;1510162411;34;255;1510162419;0
32;16;10;5;1;34;1510162580;34;255;1510162588;0
32;16;10;5;1;34;1510162625;34;255;1510162633;1
32;16;10;5;1;34;1510162679;34;255;1510162687;0
32;16;10;5;1;34;1510163361;34;255;1510163368;0
32;16;10;5;1;34;1510163542;34;255;1510163550;0
32;16;10;5;1;34;1510163603;34;255;1510163611;1
32;16;10;5;1;34;1510163630;34;255;1510163638;1
32;16;10;5;1;34;1510164302;34;255;1510164310;0
32;16;10;5;1;34;1510164486;34;255;1510164493;0
32;16;10;5;1;34;1510164546;34;255;1510164554;1
32;16;10;5;1;34;1510164575;34;255;1510164583;1
32;16;10;5;1;34;1510165245;34;255;1510165253;0
32;16;10;5;1;34;1510165427;34;255;1510165435;0
32;16;10;5;1;34;1510165488;34;255;1510165496;1
32;16;10;5;1;34;1510165519;34;255;1510165526;1
32;16;10;5;1;34;1510166189;34;255;1510166196;0
32;16;10;5;1;34;1510166370;34;255;1510166378;1
32;16;10;5;1;34;1510166431;34;255;1510166439;1
32;16;10;5;1;34;1510166461;34;255;1510166469;1
32;16;10;5;1;34;1510167131;34;255;1510167139;0
32;16;10;5;1;34;1510167312;34;255;1510167320;1
32;16;10;5;1;34;1510167373;34;255;1510167381;0
32;16;10;5;1;34;1510167406;34;255;1510167414;0
32;16;10;5;1;34;1510168074;34;255;1510168082;1
32;16;10;5;1;34;1510168253;34;255;1510168261;1
32;16;10;5;1;34;1510168316;34;255;1510168324;1
32;16;10;5;1;34;1510168350;34;255;1510168358;1
32;16;10;5;1;34;1510169015;34;255;1510169022;1
32;16;10;5;1;34;1510169196;34;255;1510169203;0
32;16;10;5;1;34;1510169259;34;255;1510169266;0
32;16;10;5;1;34;1510169291;34;255;1510169299;1
32;16;10;5;1;34;1510169958;34;255;1510169966;1
32;16;10;5;1;34;1510170139;34;255;1510170147;0
32;16;10;5;1;34;1510170202;34;255;1510170210;1
32;16;10;5;1;34;1510170233;34;255;1510170241;1
32;16;10;5;1;34;1510170901;34;255;1510170909;1
32;16;10;5;1;34;1510171081;34;255;1510171089;1
32;16;10;5;1;34;1510171147;34;255;1510171154;1
32;16;10;5;1;34;1510171175;34;255;1510171182;0
32;16;10;5;1;34;1510171841;34;255;1510171849;1
32;16;10;5;1;34;1510172024;34;255;1510172031;0
32;16;10;5;1;34;1510172090;34;255;1510172098;0
32;16;10;5;1;34;1510172118;34;255;1510172126;0
32;16;10;5;1;34;1510172784;34;255;1510172792;0
32;16;10;5;1;34;1510172964;34;255;1510172972;0
32;16;10;5;1;34;1510173031;34;255;1510173039;0
32;16;10;5;1;34;1510173062;34;255;1510173070;0
32;16;10;5;1;34;1510173728;34;255;1510173736;0
32;16;10;5;1;34;1510173906;34;255;1510173913;0
32;16;10;5;1;34;1510173976;34;255;1510173983;0
32;16;10;5;1;34;1510174004;34;255;1510174012;0
32;16;10;5;1;34;1510174672;34;255;1510174680;0
32;16;10;5;1;34;1510174849;34;255;1510174857;1
32;16;10;5;1;34;1510174918;34;255;1510174926;0
32;16;10;5;1;34;1510174945;34;255;1510174953;0
32;16;10;5;1;34;1510175616;34;255;1510175624;0
32;16;10;5;1;34;1510175790;34;255;1510175797;1
32;16;10;5;1;34;1510175860;34;255;1510175868;1
32;16;10;5;1;34;1510175886;34;255;1510175894;1
32;16;10;5;1;34;1510176560;34;255;1510176568;0
32;16;10;5;1;34;1510176731;34;255;1510176739;0
32;16;10;5;1;34;1510176802;34;255;1510176809;0
32;16;10;5;1;34;1510176827;34;255;1510176835;1
32;16;10;5;1;34;1510177502;34;255;1510177510;0
32;16;10;5;1;34;1510177674;34;255;1510177682;0
32;16;10;5;1;34;1510177745;34;255;1510177753;0
32;16;10;5;1;34;1510177768;34;255;1510177776;1
32;16;10;5;1;34;1510178446;34;255;1510178453;0
32;16;10;5;1;34;1510178618;34;255;1510178626;0
32;16;10;5;1;34;1510178686;34;255;1510178694;1
32;16;10;5;1;34;1510178710;34;255;1510178718;1
32;16;10;5;1;34;1510179389;34;255;1510179396;1
32;16;10;5;1;34;1510179561;34;255;1510179569;1
32;16;10;5;1;34;1510179626;34;255;1510179634;0
32;16;10;5;1;34;1510179651;34;255;1510179659;0
32;16;10;5;1;34;1510180332;34;255;1510180339;1
32;16;10;5;1;34;1510180503;34;255;1510180511;1
32;16;10;5;1;34;1510180567;34;255;1510180575;0
32;16;10;5;1;34;1510180594;34;255;1510180602;0
32;16;10;5;1;34;1510181276;34;255;1510181284;0
32;16;10;5;1;34;1510181445;34;255;1510181453;0
32;16;10;5;1;34;1510181510;34;255;1510181518;0
32;16;10;5;1;34;1510181537;34;255;1510181545;0
32;16;10;5;1;34;1510182220;34;255;1510182228;0
32;16;10;5;1;34;1510182388;34;255;1510182396;1
32;16;10;5;1;34;1510182453;34;255;1510182460;1
32;16;10;5;1;34;1510182480;34;255;1510182488;0
32;16;10;5;1;34;1510183163;34;255;1510183171;1
32;16;10;5;1;34;1510183329;34;255;1510183337;0
32;16;10;5;1;34;1510183394;34;255;1510183402;1
32;16;10;5;1;34;1510183420;34;255;1510183428;1
32;16;10;5;1;34;1510184106;34;255;1510184114;0
32;16;10;5;1;34;1510184272;34;255;1510184280;0
32;16;10;5;1;34;1510184336;34;255;1510184344;1
32;16;10;5;1;34;1510184362;34;255;1510184370;0
32;16;10;5;1;34;1510185050;34;255;1510185057;0
32;16;10;5;1;34;1510185215;34;255;1510185223;1
32;16;10;5;1;34;1510185280;34;255;1510185288;1
32;16;10;5;1;34;1510185302;34;255;1510185310;0
32;16;10;5;1;34;1510185992;34;255;1510186000;0
32;16;10;5;1;34;1510186159;34;255;1510186167;0
32;16;10;5;1;34;1510186222;34;255;1510186230;0
32;16;10;5;1;34;1510186245;34;255;1510186253;0
32;16;10;5;1;34;1510186933;34;255;1510186941;0
32;16;10;5;1;34;1510187102;34;255;1510187110;0
32;16;10;5;1;34;1510187162;34;255;1510187170;0
32;16;10;5;1;34;1510187186;34;255;1510187193;0
32;16;10;5;1;34;1510187876;34;255;1510187884;1
32;16;10;5;1;34;1510188045;34;255;1510188053;1
32;16;10;5;1;34;1510188104;34;255;1510188112;1
32;16;10;5;1;34;1510188129;34;255;1510188136;0
32;16;10;5;1;34;1510188817;34;255;1510188825;0
32;16;10;5;1;34;1510188988;34;255;1510188996;0
32;16;10;5;1;34;1510189046;34;255;1510189053;1
32;16;10;5;1;34;1510189072;34;255;1510189080;0
32;16;10;5;1;34;1510189757;34;255;1510189765;0
32;16;10;5;1;34;1510189931;34;255;1510189939;0
32;16;10;5;1;34;1510189986;34;255;1510189994;1
32;16;10;5;1;34;1510190016;34;255;1510190024;1
32;16;10;5;1;34;1510190697;34;255;1510190705;0
32;16;10;5;1;34;1510190873;34;255;1510190881;1
32;16;10;5;1;34;1510190926;34;255;1510190933;0
32;16;10;5;1;34;1510190960;34;255;1510190968;0
32;16;10;5;1;34;1510191640;34;255;1510191647;1
32;16;10;5;1;34;1510191817;34;255;1510191825;1
32;16;10;5;1;34;1510191867;34;255;1510191874;0
32;16;10;5;1;34;1510191903;34;255;1510191910;0
32;16;10;5;1;34;1510192583;34;255;1510192591;0
32;16;10;5;1;34;1510192759;34;255;1510192767;0
32;16;10;5;1;34;1510192808;34;255;1510192816;1
32;16;10;5;1;34;1510192846;34;255;1510192854;0
32;16;10;5;1;34;1510193524;34;255;1510193531;0
32;16;10;5;1;34;1510193700;34;255;1510193709;0
32;16;10;5;1;34;1510193750;34;255;1510193758;0
32;16;10;5;1;34;1510193789;34;255;1510193797;1
32;16;10;5;1;34;1510194464;34;255;1510194472;0
32;16;10;5;1;34;1510194642;34;255;1510194650;0
32;16;10;5;1;34;1510194692;34;255;1510194700;1
32;16;10;5;1;34;1510194732;34;255;1510194739;0
32;16;10;5;1;34;1510195408;34;255;1510195415;1
32;16;10;5;1;34;1510195587;34;255;1510195594;0
32;16;10;5;1;34;1510195634;34;255;1510195642;1
32;16;10;5;1;34;1510195673;34;255;1510195681;0
32;16;10;5;1;34;1510196350;34;255;1510196358;1
32;16;10;5;1;34;1510196531;34;255;1510196539;0
32;16;10;5;1;34;1510196578;34;255;1510196585;1
32;16;10;5;1;34;1510196613;34;255;1510196621;1
32;16;10;5;1;34;1510197294;34;255;1510197302;0
32;16;10;5;1;34;1510197471;34;255;1510197479;1
32;16;10;5;1;34;1510197520;34;255;1510197528;1
32;16;10;5;1;34;1510197554;34;255;1510197562;0
32;16;10;5;1;34;1510198235;34;255;1510198242;0
32;16;10;5;1;34;1510198413;34;255;1510198421;1
32;16;10;5;1;34;1510198465;34;255;1510198473;0
32;16;10;5;1;34;1510198496;34;255;1510198503;1
32;16;10;5;1;34;1510199175;34;255;1510199183;1
32;16;10;5;1;34;1510199354;34;255;1510199361;1
32;16;10;5;1;34;1510199411;34;255;1510199419;0
32;16;10;5;1;34;1510199437;34;255;1510199445;0
32;16;10;5;1;34;1510200118;34;255;1510200126;1
32;16;10;5;1;34;1510200296;34;255;1510200303;0
32;16;10;5;1;34;1510200357;34;255;1510200365;1
32;16;10;5;1;34;1510200377;34;255;1510200385;1
32;16;10;5;1;34;1510201059;34;255;1510201066;1
32;16;10;5;1;34;1510201235;34;255;1510201243;0
32;16;10;5;1;34;1510201301;34;255;1510201308;1
32;16;10;5;1;34;1510201317;34;255;1510201325;1
32;16;10;5;1;34;1510202001;34;255;1510202009;1
32;16;10;5;1;34;1510202178;34;255;1510202186;0
32;16;10;5;1;34;1510202244;34;255;1510202252;1
32;16;10;5;1;34;1510202260;34;255;1510202267;0
32;16;10;5;1;34;1510202943;34;255;1510202950;0
32;16;10;5;1;34;1510203123;34;255;1510203131;0
32;16;10;5;1;34;1510203185;34;255;1510203192;0
32;16;10;5;1;34;1510203204;34;255;1510203211;0
32;16;10;5;1;34;1510203883;34;255;1510203891;0
32;16;10;5;1;34;1510204066;34;255;1510204073;0
32;16;10;5;1;34;1510204127;34;255;1510204134;1
32;16;10;5;1;34;1510204148;34;255;1510204156;0
32;16;10;5;1;34;1510204824;34;255;1510204831;1
32;16;10;5;1;34;1510205005;34;255;1510205013;0
32;16;10;5;1;34;1510205069;34;255;1510205077;1
32;16;10;5;1;34;1510205092;34;255;1510205099;1
32;16;10;5;1;34;1510205768;34;255;1510205776;0
32;16;10;5;1;34;1510205947;34;255;1510205955;0
32;16;10;5;1;34;1510206014;34;255;1510206022;1
32;16;10;5;1;34;1510206035;34;255;1510206043;1
32;16;10;5;1;34;1510206710;34;255;1510206718;1
32;16;10;5;1;34;1510206890;34;255;1510206897;0
32;16;10;5;1;34;1510206956;34;255;1510206964;0
32;16;10;5;1;34;1510206978;34;255;1510206986;1
32;16;10;5;1;34;1510207653;34;255;1510207660;0
32;16;10;5;1;34;1510207833;34;255;1510207840;0
32;16;10;5;1;34;1510207899;34;255;1510207907;1
32;16;10;5;1;34;1510207919;34;255;1510207927;0
32;16;10;5;1;34;1510208592;34;255;1510208600;0
32;16;10;5;1;34;1510208775;34;255;1510208783;1
32;16;10;5;1;34;1510208840;34;255;1510208848;0
32;16;10;5;1;34;1510208860;34;255;1510208868;0
32;16;10;5;1;34;1510209534;34;255;1510209542;1
32;16;10;5;1;34;1510209718;34;255;1510209725;1
32;16;10;5;1;34;1510209784;34;255;1510209792;0
32;16;10;5;1;34;1510209803;34;255;1510209811;0
32;16;10;5;1;34;1510210478;34;255;1510210486;0
32;16;10;5;1;34;1510210658;34;255;1510210666;1
32;16;10;5;1;34;1510210725;34;255;1510210733;0
32;16;10;5;1;34;1510210747;34;255;1510210755;0
32;16;10;5;1;34;1510211421;34;255;1510211429;1
32;16;10;5;1;34;1510211600;34;255;1510211607;1
32;16;10;5;1;34;1510211667;34;255;1510211674;0
32;16;10;5;1;34;1510211689;34;255;1510211696;1
32;16;10;5;1;34;1510212363;34;255;1510212371;1
32;16;10;5;1;34;1510212542;34;255;1510212549;0
32;16;10;5;1;34;1510212607;34;255;1510212614;0
32;16;10;5;1;34;1510212630;34;255;1510212638;0
32;16;10;5;1;34;1510213305;34;255;1510213313;0
32;16;10;5;1;34;1510213485;34;255;1510213492;0
32;16;10;5;1;34;1510213551;34;255;1510213559;0
32;16;10;5;1;34;1510213573;34;255;1510213581;0
32;16;10;5;1;34;1510214248;34;255;1510214256;0
32;16;10;5;1;34;1510214427;34;255;1510214435;0
32;16;10;5;1;34;1510214492;34;255;1510214500;0
32;16;10;5;1;34;1510214517;34;255;1510214525;0
32;16;10;5;1;34;1510215191;34;255;1510215198;1
32;16;10;5;1;34;1510215368;34;255;1510215375;0
32;16;10;5;1;34;1510215434;34;255;1510215441;0
32;16;10;5;1;34;1510215461;34;255;1510215468;0
32;16;10;5;1;34;1510216132;34;255;1510216140;0
32;16;10;5;1;34;1510216308;34;255;1510216316;0
32;16;10;5;1;34;1510216376;34;255;1510216383;0
32;16;10;5;1;34;1510216403;34;255;1510216411;0
32;16;10;5;1;34;1510217075;34;255;1510217083;0
32;16;10;5;1;34;1510217251;34;255;1510217259;1
32;16;10;5;1;34;1510217317;34;255;1510217325;1
32;16;10;5;1;34;1510217347;34;255;1510217355;0
32;16;10;5;1;34;1510218017;34;255;1510218025;0
32;16;10;5;1;34;1510218194;34;255;1510218202;0
32;16;10;5;1;34;1510218260;34;255;1510218267;0
32;16;10;5;1;34;1510218290;34;255;1510218297;1
32;16;10;5;1;34;1510218963;34;255;1510218970;1
32;16;10;5;1;34;1510219155;34;255;1510219163;0
32;16;10;5;1;34;1510219212;34;255;1510219220;1
32;16;10;5;1;34;1510219248;34;255;1510219256;0
32;16;10;5;1;34;1510219958;34;255;1510219968;0
32;16;10;5;1;34;1510220159;34;255;1510220167;1
32;16;10;5;1;34;1510220221;34;255;1510220229;0
32;16;10;5;1;34;1510220255;34;255;1510220263;0
32;16;10;5;1;34;1510220981;34;255;1510220988;0
32;16;10;5;1;34;1510221165;34;255;1510221173;1
32;16;10;5;1;34;1510221210;34;255;1510221218;1
32;16;10;5;1;34;1510221253;34;255;1510221261;0
32;16;10;5;1;34;1510221955;34;255;1510221964;0
32;16;10;5;1;34;1510222150;34;255;1510222159;0
32;16;10;5;1;34;1510222202;34;255;1510222210;1
32;16;10;5;1;34;1510222270;34;255;1510222278;1
32;16;10;5;1;34;1510222962;34;255;1510222970;1
32;16;10;5;1;34;1510223164;34;255;1510223172;1
32;16;10;5;1;34;1510223218;34;255;1510223226;0
32;16;10;5;1;34;1510223284;34;255;1510223292;1
32;16;10;5;1;34;1510223985;34;255;1510223993;0
32;16;10;5;1;34;1510224177;34;255;1510224185;1
32;16;10;5;1;34;1510224237;34;255;1510224245;1
32;16;10;5;1;34;1510224291;34;255;1510224300;0
32;16;10;5;1;34;1510224993;34;255;1510225001;1
32;16;10;5;1;34;1510225182;34;255;1510225190;1
32;16;10;5;1;34;1510225233;34;255;1510225242;0
32;16;10;5;1;34;1510225289;34;255;1510225297;0
32;16;10;5;1;34;1510225990;34;255;1510225998;0
32;16;10;5;1;34;1510226185;34;255;1510226194;0
32;16;10;5;1;34;1510226241;34;255;1510226250;1
32;16;10;5;1;34;1510226293;34;255;1510226302;1
32;16;10;5;1;34;1510227004;34;255;1510227012;0
32;16;10;5;1;34;1510227190;34;255;1510227199;0
32;16;10;5;1;34;1510252976;34;255;1510252985;0
32;16;10;5;1;34;1510252978;34;255;1510252986;1
32;16;10;5;1;34;1510252986;34;255;1510252994;0
32;16;10;5;1;34;1510252988;34;255;1510252996;0
32;16;10;5;1;34;1510253941;34;255;1510253948;0
32;16;10;5;1;34;1510253943;34;255;1510253951;0
32;16;10;5;1;34;1510253946;34;255;1510253954;1
32;16;10;5;1;34;1510253964;34;255;1510253972;0
32;16;10;5;1;34;1510254875;34;255;1510254882;0
32;16;10;5;1;34;1510254876;34;255;1510254883;1
32;16;10;5;1;34;1510254877;34;255;1510254884;0
32;16;10;5;1;34;1510254899;34;255;1510254906;0
32;16;10;5;1;34;1510255807;34;255;1510255815;1
32;16;10;5;1;34;1510255808;34;255;1510255815;1
32;16;10;5;1;34;1510255811;34;255;1510255819;0
32;16;10;5;1;34;1510255833;34;255;1510255840;0
32;16;10;5;1;34;1510256738;34;255;1510256746;0
32;16;10;5;1;34;1510256740;34;255;1510256748;0
32;16;10;5;1;34;1510256747;34;255;1510256754;1
32;16;10;5;1;34;1510256767;34;255;1510256775;1
32;16;10;5;1;34;1510257669;34;255;1510257677;0
32;16;10;5;1;34;1510257671;34;255;1510257679;0
32;16;10;5;1;34;1510257682;34;255;1510257690;0
32;16;10;5;1;34;1510257703;34;255;1510257711;0
32;16;10;5;1;34;1510258600;34;255;1510258607;0
32;16;10;5;1;34;1510258603;34;255;1510258611;0
32;16;10;5;1;34;1510258618;34;255;1510258625;0
32;16;10;5;1;34;1510258638;34;255;1510258645;1
32;16;10;5;1;34;1510259530;34;255;1510259538;0
32;16;10;5;1;34;1510259535;34;255;1510259543;0
32;16;10;5;1;34;1510259553;34;255;1510259561;1
32;16;10;5;1;34;1510259572;34;255;1510259580;1
32;16;10;5;1;34;1510260461;34;255;1510260469;1
32;16;10;5;1;34;1510260468;34;255;1510260475;1
32;16;10;5;1;34;1510260489;34;255;1510260497;0
32;16;10;5;1;34;1510260507;34;255;1510260515;0
32;16;10;5;1;34;1510261394;34;255;1510261401;0
32;16;10;5;1;34;1510261400;34;255;1510261407;0
32;16;10;5;1;34;1510261425;34;255;1510261433;0
32;16;10;5;1;34;1510261444;34;255;1510261451;1
32;16;10;5;1;34;1510262325;34;255;1510262332;0
32;16;10;5;1;34;1510262331;34;255;1510262339;1
32;16;10;5;1;34;1510262360;34;255;1510262368;1
32;16;10;5;1;34;1510262379;34;255;1510262386;0
32;16;10;5;1;34;1510263255;34;255;1510263263;0
32;16;10;5;1;34;1510263262;34;255;1510263270;0
32;16;10;5;1;34;1510263295;34;255;1510263303;1
32;16;10;5;1;34;1510263314;34;255;1510263322;0
32;16;10;5;1;34;1510264186;34;255;1510264194;1
32;16;10;5;1;34;1510264194;34;255;1510264202;1
32;16;10;5;1;34;1510264232;34;255;1510264240;0
32;16;10;5;1;34;1510264249;34;255;1510264256;1
32;16;10;5;1;34;1510265119;34;255;1510265126;0
32;16;10;5;1;34;1510265126;34;255;1510265133;0
32;16;10;5;1;34;1510265168;34;255;1510265176;1
32;16;10;5;1;34;1510265184;34;255;1510265192;0
32;16;10;5;1;34;1510266049;34;255;1510266057;1
32;16;10;5;1;34;1510266057;34;255;1510266065;0
32;16;10;5;1;34;1510266104;34;255;1510266112;0
32;16;10;5;1;34;1510266120;34;255;1510266127;1
32;16;10;5;1;34;1510266980;34;255;1510266987;0
32;16;10;5;1;34;1510266989;34;255;1510266996;0
32;16;10;5;1;34;1510267040;34;255;1510267048;0
32;16;10;5;1;34;1510267055;34;255;1510267062;1
32;16;10;5;1;34;1510267910;34;255;1510267918;0
32;16;10;5;1;34;1510267920;34;255;1510267928;0
32;16;10;5;1;34;1510267978;34;255;1510267986;0
32;16;10;5;1;34;1510267989;34;255;1510267997;0
32;16;10;5;1;34;1510268841;34;255;1510268849;0
32;16;10;5;1;34;1510268852;34;255;1510268860;1
32;16;10;5;1;34;1510268915;34;255;1510268923;0
32;16;10;5;1;34;1510268924;34;255;1510268932;0
32;16;10;5;1;34;1510269773;34;255;1510269781;1
32;16;10;5;1;34;1510269784;34;255;1510269791;1
32;16;10;5;1;34;1510269852;34;255;1510269859;1
32;16;10;5;1;34;1510269860;34;255;1510269868;1
32;16;10;5;1;34;1510270704;34;255;1510270712;0
32;16;10;5;1;34;1510270717;34;255;1510270724;0
32;16;10;5;1;34;1510270789;34;255;1510270797;1
32;16;10;5;1;34;1510270795;34;255;1510270803;1
32;16;10;5;1;34;1510271635;34;255;1510271643;0
32;16;10;5;1;34;1510271651;34;255;1510271658;0
32;16;10;5;1;34;1510271724;34;255;1510271732;1
32;16;10;5;1;34;1510271731;34;255;1510271739;1
32;16;10;5;1;34;1510272567;34;255;1510272575;0
32;16;10;5;1;34;1510272587;34;255;1510272595;0
32;16;10;5;1;34;1510272656;34;255;1510272663;1
32;16;10;5;1;34;1510272667;34;255;1510272674;1
32;16;10;5;1;34;1510273498;34;255;1510273506;0
32;16;10;5;1;34;1510273524;34;255;1510273531;0
32;16;10;5;1;34;1510273587;34;255;1510273595;0
32;16;10;5;1;34;1510273604;34;255;1510273611;0
32;16;10;5;1;34;1510274429;34;255;1510274437;0
32;16;10;5;1;34;1510274460;34;255;1510274467;1
32;16;10;5;1;34;1510274519;34;255;1510274527;0
32;16;10;5;1;34;1510274539;34;255;1510274547;0
32;16;10;5;1;34;1510275360;34;255;1510275367;1
32;16;10;5;1;34;1510275397;34;255;1510275405;0
32;16;10;5;1;34;1510275451;34;255;1510275459;0
32;16;10;5;1;34;1510275474;34;255;1510275482;0
32;16;10;5;1;34;1510276291;34;255;1510276299;1
32;16;10;5;1;34;1510276334;34;255;1510276341;1
32;16;10;5;1;34;1510276387;34;255;1510276395;1
32;16;10;5;1;34;1510276406;34;255;1510276413;0
32;16;10;5;1;34;1510277223;34;255;1510277231;0
32;16;10;5;1;34;1510277271;34;255;1510277278;1
32;16;10;5;1;34;1510277323;34;255;1510277331;0
32;16;10;5;1;34;1510277337;34;255;1510277345;0
32;16;10;5;1;34;1510278154;34;255;1510278162;0
32;16;10;5;1;34;1510278207;34;255;1510278214;0
32;16;10;5;1;34;1510278259;34;255;1510278267;0
32;16;10;5;1;34;1510278268;34;255;1510278276;0
32;16;10;5;1;34;1510279086;34;255;1510279093;0
32;16;10;5;1;34;1510279144;34;255;1510279152;0
32;16;10;5;1;34;1510279195;34;255;1510279203;0
32;16;10;5;1;34;1510279200;34;255;1510279208;0
32;16;10;5;1;34;1510280016;34;255;1510280024;0
32;16;10;5;1;34;1510280081;34;255;1510280089;0
32;16;10;5;1;34;1510280131;34;255;1510280139;0
32;16;10;5;1;34;1510280132;34;255;1510280139;0
32;16;10;5;1;34;1510280947;34;255;1510280955;0
32;16;10;5;1;34;1510281018;34;255;1510281026;0
32;16;10;5;1;34;1510281063;34;255;1510281070;1
32;16;10;5;1;34;1510281067;34;255;1510281075;1
32;16;10;5;1;34;1510281878;34;255;1510281885;0
32;16;10;5;1;34;1510281957;34;255;1510281965;1
32;16;10;5;1;34;1510281994;34;255;1510282002;1
32;16;10;5;1;34;1510282002;34;255;1510282010;1
32;16;10;5;1;34;1510282809;34;255;1510282816;0
32;16;10;5;1;34;1510282896;34;255;1510282904;0
32;16;10;5;1;34;1510282926;34;255;1510282934;0
32;16;10;5;1;34;1510282938;34;255;1510282945;0
32;16;10;5;1;34;1510283740;34;255;1510283747;0
32;16;10;5;1;34;1510283833;34;255;1510283841;0
32;16;10;5;1;34;1510283857;34;255;1510283865;1
32;16;10;5;1;34;1510283873;34;255;1510283881;0
32;16;10;5;1;34;1510284670;34;255;1510284678;0
32;16;10;5;1;34;1510284771;34;255;1510284779;1
32;16;10;5;1;34;1510284789;34;255;1510284796;0
32;16;10;5;1;34;1510284809;34;255;1510284816;0
32;16;10;5;1;34;1510285601;34;255;1510285609;0
32;16;10;5;1;34;1510285709;34;255;1510285716;0
32;16;10;5;1;34;1510285724;34;255;1510285731;0
32;16;10;5;1;34;1510285740;34;255;1510285748;0
32;16;10;5;1;34;1510286532;34;255;1510286540;0
32;16;10;5;1;34;1510286646;34;255;1510286654;1
32;16;10;5;1;34;1510286660;34;255;1510286668;0
32;16;10;5;1;34;1510286672;34;255;1510286679;0
32;16;10;5;1;34;1510287463;34;255;1510287471;1
32;16;10;5;1;34;1510287583;34;255;1510287591;0
32;16;10;5;1;34;1510287597;34;255;1510287605;0
32;16;10;5;1;34;1510287603;34;255;1510287611;1
32;16;10;5;1;34;1510288395;34;255;1510288402;0
32;16;10;5;1;34;1510288521;34;255;1510288528;0
32;16;10;5;1;34;1510288533;34;255;1510288540;1
32;16;10;5;1;34;1510288535;34;255;1510288543;1
32;16;10;5;1;34;1510289327;34;255;1510289335;0
32;16;10;5;1;34;1510289459;34;255;1510289467;0
32;16;10;5;1;34;1510289466;34;255;1510289474;0
32;16;10;5;1;34;1510289467;34;255;1510289475;0
32;16;10;5;1;34;1510290259;34;255;1510290267;1
32;16;10;5;1;34;1510290397;34;255;1510290405;1
32;16;10;5;1;34;1510290399;34;255;1510290406;1
32;16;10;5;1;34;1510290402;34;255;1510290409;0
32;16;10;5;1;34;1510291192;34;255;1510291199;0
32;16;10;5;1;34;1510291330;34;255;1510291338;1
32;16;10;5;1;34;1510291335;34;255;1510291343;0
32;16;10;5;1;34;1510291337;34;255;1510291345;0
32;16;10;5;1;34;1510292124;34;255;1510292132;0
32;16;10;5;1;34;1510292262;34;255;1510292269;0
32;16;10;5;1;34;1510292272;34;255;1510292279;0
32;16;10;5;1;34;1510292273;34;255;1510292280;0
32;16;10;5;1;34;1510293057;34;255;1510293064;1
32;16;10;5;1;34;1510293193;34;255;1510293201;0
32;16;10;5;1;34;1510293206;34;255;1510293214;0
32;16;10;5;1;34;1510293210;34;255;1510293218;1
32;16;10;5;1;34;1510293989;34;255;1510293996;0
32;16;10;5;1;34;1510294125;34;255;1510294133;0
32;16;10;5;1;34;1510294141;34;255;1510294148;1
32;16;10;5;1;34;1510294149;34;255;1510294157;1
32;16;10;5;1;34;1510294922;34;255;1510294930;1
32;16;10;5;1;34;1510295057;34;255;1510295065;1
32;16;10;5;1;34;1510295075;34;255;1510295083;0
32;16;10;5;1;34;1510295088;34;255;1510295095;0
32;16;10;5;1;34;1510295855;34;255;1510295863;1
32;16;10;5;1;34;1510295989;34;255;1510295996;0
32;16;10;5;1;34;1510296009;34;255;1510296017;1
32;16;10;5;1;34;1510296026;34;255;1510296034;0
32;16;10;5;1;34;1510296788;34;255;1510296795;1
32;16;10;5;1;34;1510296921;34;255;1510296929;0
32;16;10;5;1;34;1510296945;34;255;1510296952;0
32;16;10;5;1;34;1510296964;34;255;1510296971;1
32;16;10;5;1;34;1510297721;34;255;1510297728;1
32;16;10;5;1;34;1510297853;34;255;1510297860;0
32;16;10;5;1;34;1510297879;34;255;1510297887;1
32;16;10;5;1;34;1510297901;34;255;1510297909;0
32;16;10;5;1;34;1510298653;34;255;1510298660;0
32;16;10;5;1;34;1510298784;34;255;1510298792;1
32;16;10;5;1;34;1510298815;34;255;1510298823;0
32;16;10;5;1;34;1510298839;34;255;1510298847;1
32;16;10;5;1;34;1510299585;34;255;1510299593;0
32;16;10;5;1;34;1510299716;34;255;1510299724;0
32;16;10;5;1;34;1510299750;34;255;1510299758;0
32;16;10;5;1;34;1510299778;34;255;1510299785;0
32;16;10;5;1;34;1510300518;34;255;1510300525;0
32;16;10;5;1;34;1510300648;34;255;1510300656;0
32;16;10;5;1;34;1510300685;34;255;1510300692;1
32;16;10;5;1;34;1510300716;34;255;1510300724;0
32;16;10;5;1;34;1510301451;34;255;1510301459;0
32;16;10;5;1;34;1510301580;34;255;1510301588;1
32;16;10;5;1;34;1510301624;34;255;1510301631;0
32;16;10;5;1;34;1510301650;34;255;1510301658;0
32;16;10;5;1;34;1510302384;34;255;1510302391;1
32;16;10;5;1;34;1510302512;34;255;1510302519;1
32;16;10;5;1;34;1510302562;34;255;1510302570;1
32;16;10;5;1;34;1510302586;34;255;1510302593;1
32;16;10;5;1;34;1510303350;34;255;1510303358;0
32;16;10;5;1;34;1510303494;34;255;1510303502;1
32;16;10;5;1;34;1510303545;34;255;1510303554;1
32;16;10;5;1;34;1510303581;34;255;1510303588;0
32;16;10;5;1;34;1510304323;34;255;1510304332;0
32;16;10;5;1;34;1510304470;34;255;1510304479;0
32;16;10;5;1;34;1510304517;34;255;1510304525;1
32;16;10;5;1;34;1510304567;34;255;1510304575;0
32;16;10;5;1;34;1510305305;34;255;1510305312;0
32;16;10;5;1;34;1510305428;34;255;1510305436;0
32;16;10;5;1;34;1510305485;34;255;1510305492;0
32;16;10;5;1;34;1510305534;34;255;1510305542;0
32;16;10;5;1;34;1510306269;34;255;1510306277;0
32;16;10;5;1;34;1510306412;34;255;1510306421;0
32;16;10;5;1;34;1510306464;34;255;1510306472;0
32;16;10;5;1;34;1510306550;34;255;1510306559;0
32;16;10;5;1;34;1510307293;34;255;1510307302;1
