32;16;10;5;1;35;1509981685;35;255;1509981693;0
32;16;10;5;1;35;1509981755;35;255;1509981763;0
32;16;10;5;1;35;1509981826;35;255;1509981834;1
32;16;10;5;1;35;1509981932;35;255;1509981940;0
32;16;10;5;1;35;1509982682;35;255;1509982690;1
32;16;10;5;1;35;1509982742;35;255;1509982750;0
32;16;10;5;1;35;1509982811;35;255;1509982819;1
32;16;10;5;1;35;1509982911;35;255;1509982919;0
32;16;10;5;1;35;1509983628;35;255;1509983635;1
32;16;10;5;1;35;1509983686;35;255;1509983694;1
32;16;10;5;1;35;1509983754;35;255;1509983762;1
32;16;10;5;1;35;1509983866;35;255;1509983873;0
32;16;10;5;1;35;1509984571;35;255;1509984578;0
32;16;10;5;1;35;1509984626;35;255;1509984633;0
32;16;10;5;1;35;1509984696;35;255;1509984704;1
32;16;10;5;1;35;1509984805;35;255;1509984812;0
32;16;10;5;1;35;1509985511;35;255;1509985518;0
32;16;10;5;1;35;1509985568;35;255;1509985575;0
32;16;10;5;1;35;1509985639;35;255;1509985647;0
32;16;10;5;1;35;1509985746;35;255;1509985754;0
32;16;10;5;1;35;1509986452;35;255;1509986459;0
32;16;10;5;1;35;1509986510;35;255;1509986518;0
32;16;10;5;1;35;1509986579;35;255;1509986587;0
32;16;10;5;1;35;1509986690;35;255;1509986698;0
32;16;10;5;1;35;1509987392;35;255;1509987399;0
32;16;10;5;1;35;1509987454;35;255;1509987462;0
32;16;10;5;1;35;1509987518;35;255;1509987526;1
32;16;10;5;1;35;1509987632;35;255;1509987639;0
32;16;10;5;1;35;1509988335;35;255;1509988342;0
32;16;10;5;1;35;1509988396;35;255;1509988403;0
32;16;10;5;1;35;1509988459;35;255;1509988466;1
32;16;10;5;1;35;1509988574;35;255;1509988582;1
32;16;10;5;1;35;1509989276;35;255;1509989284;1
32;16;10;5;1;35;1509989338;35;255;1509989346;0
32;16;10;5;1;35;1509989403;35;255;1509989411;0
32;16;10;5;1;35;1509989515;35;255;1509989522;0
32;16;10;5;1;35;1509990217;35;255;1509990225;0
32;16;10;5;1;35;1509990280;35;255;1509990288;0
32;16;10;5;1;35;1509990343;35;255;1509990351;0
32;16;10;5;1;35;1509990457;35;255;1509990465;1
32;16;10;5;1;35;1509991159;35;255;1509991167;1
32;16;10;5;1;35;1509991221;35;255;1509991228;1
32;16;10;5;1;35;1509991284;35;255;1509991292;0
32;16;10;5;1;35;1509991400;35;255;1509991407;0
32;16;10;5;1;35;1509992101;35;255;1509992109;1
32;16;10;5;1;35;1509992162;35;255;1509992170;1
32;16;10;5;1;35;1509992223;35;255;1509992231;0
32;16;10;5;1;35;1509992341;35;255;1509992349;0
32;16;10;5;1;35;1509993045;35;255;1509993053;0
32;16;10;5;1;35;1509993104;35;255;1509993111;0
32;16;10;5;1;35;1509993165;35;255;1509993172;0
32;16;10;5;1;35;1509993283;35;255;1509993291;1
32;16;10;5;1;35;1509993985;35;255;1509993993;1
32;16;10;5;1;35;1509994045;35;255;1509994053;0
32;16;10;5;1;35;1509994106;35;255;1509994114;0
32;16;10;5;1;35;1509994225;35;255;1509994233;0
32;16;10;5;1;35;1509994927;35;255;1509994935;0
32;16;10;5;1;35;1509994986;35;255;1509994993;0
32;16;10;5;1;35;1509995047;35;255;1509995054;0
32;16;10;5;1;35;1509995166;35;255;1509995174;0
32;16;10;5;1;35;1509995873;35;255;1509995881;1
32;16;10;5;1;35;1509995929;35;255;1509995937;0
32;16;10;5;1;35;1509996003;35;255;1509996011;0
32;16;10;5;1;35;1509996108;35;255;1509996115;0
32;16;10;5;1;35;1509996816;35;255;1509996824;0
32;16;10;5;1;35;1509996869;35;255;1509996877;1
32;16;10;5;1;35;1509996946;35;255;1509996954;0
32;16;10;5;1;35;1509997049;35;255;1509997057;0
32;16;10;5;1;35;1509997757;35;255;1509997765;1
32;16;10;5;1;35;1509997813;35;255;1509997821;0
32;16;10;5;1;35;1509997888;35;255;1509997896;0
32;16;10;5;1;35;1509997989;35;255;1509997997;0
32;16;10;5;1;35;1509998698;35;255;1509998706;0
32;16;10;5;1;35;1509998754;35;255;1509998761;1
32;16;10;5;1;35;1509998828;35;255;1509998836;1
32;16;10;5;1;35;1509998931;35;255;1509998939;1
32;16;10;5;1;35;1509999643;35;255;1509999651;1
32;16;10;5;1;35;1509999696;35;255;1509999704;1
32;16;10;5;1;35;1509999767;35;255;1509999775;0
32;16;10;5;1;35;1509999871;35;255;1509999879;0
32;16;10;5;1;35;1510000585;35;255;1510000593;1
32;16;10;5;1;35;1510000639;35;255;1510000647;0
32;16;10;5;1;35;1510000708;35;255;1510000716;0
32;16;10;5;1;35;1510000810;35;255;1510000818;1
32;16;10;5;1;35;1510001527;35;255;1510001534;0
32;16;10;5;1;35;1510001583;35;255;1510001591;0
32;16;10;5;1;35;1510001648;35;255;1510001655;1
32;16;10;5;1;35;1510001751;35;255;1510001759;0
32;16;10;5;1;35;1510002467;35;255;1510002475;0
32;16;10;5;1;35;1510002527;35;255;1510002535;0
32;16;10;5;1;35;1510002590;35;255;1510002597;0
32;16;10;5;1;35;1510002690;35;255;1510002698;0
32;16;10;5;1;35;1510003410;35;255;1510003418;0
32;16;10;5;1;35;1510003468;35;255;1510003476;0
32;16;10;5;1;35;1510003532;35;255;1510003540;0
32;16;10;5;1;35;1510003634;35;255;1510003641;0
32;16;10;5;1;35;1510004348;35;255;1510004356;0
32;16;10;5;1;35;1510004407;35;255;1510004415;0
32;16;10;5;1;35;1510004478;35;255;1510004485;0
32;16;10;5;1;35;1510004576;35;255;1510004583;0
32;16;10;5;1;35;1510005291;35;255;1510005299;1
32;16;10;5;1;35;1510005350;35;255;1510005358;0
32;16;10;5;1;35;1510005418;35;255;1510005425;0
32;16;10;5;1;35;1510005516;35;255;1510005524;1
32;16;10;5;1;35;1510006231;35;255;1510006238;1
32;16;10;5;1;35;1510006290;35;255;1510006298;0
32;16;10;5;1;35;1510006363;35;255;1510006371;0
32;16;10;5;1;35;1510006458;35;255;1510006465;1
32;16;10;5;1;35;1510007171;35;255;1510007179;1
32;16;10;5;1;35;1510007230;35;255;1510007237;0
32;16;10;5;1;35;1510007308;35;255;1510007315;0
32;16;10;5;1;35;1510007397;35;255;1510007405;0
32;16;10;5;1;35;1510008111;35;255;1510008119;1
32;16;10;5;1;35;1510008169;35;255;1510008177;1
32;16;10;5;1;35;1510008248;35;255;1510008256;0
32;16;10;5;1;35;1510008341;35;255;1510008349;0
32;16;10;5;1;35;1510009053;35;255;1510009061;0
32;16;10;5;1;35;1510009110;35;255;1510009118;0
32;16;10;5;1;35;1510009189;35;255;1510009197;0
32;16;10;5;1;35;1510009283;35;255;1510009291;0
32;16;10;5;1;35;1510009995;35;255;1510010003;0
32;16;10;5;1;35;1510010051;35;255;1510010059;1
32;16;10;5;1;35;1510010131;35;255;1510010139;0
32;16;10;5;1;35;1510010227;35;255;1510010234;1
32;16;10;5;1;35;1510010935;35;255;1510010943;0
32;16;10;5;1;35;1510010993;35;255;1510011001;0
32;16;10;5;1;35;1510011073;35;255;1510011080;1
32;16;10;5;1;35;1510011169;35;255;1510011176;0
32;16;10;5;1;35;1510011874;35;255;1510011882;0
32;16;10;5;1;35;1510011937;35;255;1510011944;0
32;16;10;5;1;35;1510012016;35;255;1510012023;1
32;16;10;5;1;35;1510012107;35;255;1510012115;1
32;16;10;5;1;35;1510012818;35;255;1510012825;0
32;16;10;5;1;35;1510012880;35;255;1510012887;1
32;16;10;5;1;35;1510012955;35;255;1510012963;0
32;16;10;5;1;35;1510013050;35;255;1510013058;0
32;16;10;5;1;35;1510013759;35;255;1510013767;1
32;16;10;5;1;35;1510013823;35;255;1510013830;1
32;16;10;5;1;35;1510013896;35;255;1510013904;0
32;16;10;5;1;35;1510013992;35;255;1510014000;0
32;16;10;5;1;35;1510014701;35;255;1510014709;0
32;16;10;5;1;35;1510014764;35;255;1510014772;1
32;16;10;5;1;35;1510014836;35;255;1510014844;1
32;16;10;5;1;35;1510014933;35;255;1510014941;0
32;16;10;5;1;35;1510015642;35;255;1510015650;0
32;16;10;5;1;35;1510015705;35;255;1510015713;1
32;16;10;5;1;35;1510015778;35;255;1510015786;1
32;16;10;5;1;35;1510015874;35;255;1510015882;0
32;16;10;5;1;35;1510016583;35;255;1510016591;0
32;16;10;5;1;35;1510016648;35;255;1510016656;0
32;16;10;5;1;35;1510016718;35;255;1510016726;0
32;16;10;5;1;35;1510016816;35;255;1510016824;0
32;16;10;5;1;35;1510017524;35;255;1510017532;0
32;16;10;5;1;35;1510017591;35;255;1510017598;0
32;16;10;5;1;35;1510017659;35;255;1510017667;0
32;16;10;5;1;35;1510017757;35;255;1510017764;0
32;16;10;5;1;35;1510018465;35;255;1510018472;0
32;16;10;5;1;35;1510018533;35;255;1510018541;0
32;16;10;5;1;35;1510018601;35;255;1510018609;1
32;16;10;5;1;35;1510018698;35;255;1510018706;0
32;16;10;5;1;35;1510019408;35;255;1510019415;0
32;16;10;5;1;35;1510019476;35;255;1510019484;0
32;16;10;5;1;35;1510019541;35;255;1510019549;0
32;16;10;5;1;35;1510019640;35;255;1510019648;0
32;16;10;5;1;35;1510020348;35;255;1510020356;1
32;16;10;5;1;35;1510020421;35;255;1510020429;1
32;16;10;5;1;35;1510020482;35;255;1510020490;1
32;16;10;5;1;35;1510020579;35;255;1510020587;0
32;16;10;5;1;35;1510021288;35;255;1510021296;1
32;16;10;5;1;35;1510021362;35;255;1510021370;0
32;16;10;5;1;35;1510021423;35;255;1510021431;0
32;16;10;5;1;35;1510021522;35;255;1510021530;0
32;16;10;5;1;35;1510022229;35;255;1510022237;0
32;16;10;5;1;35;1510022302;35;255;1510022310;0
32;16;10;5;1;35;1510022364;35;255;1510022372;1
32;16;10;5;1;35;1510022464;35;255;1510022472;1
32;16;10;5;1;35;1510023171;35;255;1510023179;1
32;16;10;5;1;35;1510023244;35;255;1510023251;1
32;16;10;5;1;35;1510023310;35;255;1510023317;1
32;16;10;5;1;35;1510023403;35;255;1510023411;1
32;16;10;5;1;35;1510024113;35;255;1510024121;1
32;16;10;5;1;35;1510024184;35;255;1510024191;1
32;16;10;5;1;35;1510024251;35;255;1510024258;0
32;16;10;5;1;35;1510024345;35;255;1510024353;0
32;16;10;5;1;35;1510025057;35;255;1510025065;1
32;16;10;5;1;35;1510025124;35;255;1510025132;0
32;16;10;5;1;35;1510025193;35;255;1510025200;0
32;16;10;5;1;35;1510025285;35;255;1510025293;1
32;16;10;5;1;35;1510026000;35;255;1510026008;1
32;16;10;5;1;35;1510026064;35;255;1510026072;0
32;16;10;5;1;35;1510026134;35;255;1510026142;1
32;16;10;5;1;35;1510026226;35;255;1510026234;1
32;16;10;5;1;35;1510026940;35;255;1510026948;0
32;16;10;5;1;35;1510027006;35;255;1510027013;0
32;16;10;5;1;35;1510027078;35;255;1510027085;0
32;16;10;5;1;35;1510027167;35;255;1510027175;1
32;16;10;5;1;35;1510027882;35;255;1510027889;0
32;16;10;5;1;35;1510027947;35;255;1510027955;0
32;16;10;5;1;35;1510028018;35;255;1510028026;1
32;16;10;5;1;35;1510028107;35;255;1510028115;1
32;16;10;5;1;35;1510028824;35;255;1510028831;1
32;16;10;5;1;35;1510028890;35;255;1510028898;0
32;16;10;5;1;35;1510028961;35;255;1510028969;0
32;16;10;5;1;35;1510029046;35;255;1510029054;0
32;16;10;5;1;35;1510029766;35;255;1510029773;0
32;16;10;5;1;35;1510029832;35;255;1510029840;1
32;16;10;5;1;35;1510029902;35;255;1510029910;1
32;16;10;5;1;35;1510029987;35;255;1510029995;0
32;16;10;5;1;35;1510030706;35;255;1510030714;0
32;16;10;5;1;35;1510030774;35;255;1510030782;1
32;16;10;5;1;35;1510030847;35;255;1510030855;0
32;16;10;5;1;35;1510030928;35;255;1510030936;1
32;16;10;5;1;35;1510031648;35;255;1510031656;0
32;16;10;5;1;35;1510031714;35;255;1510031722;0
32;16;10;5;1;35;1510031790;35;255;1510031797;1
32;16;10;5;1;35;1510031870;35;255;1510031878;0
32;16;10;5;1;35;1510032587;35;255;1510032595;1
32;16;10;5;1;35;1510032656;35;255;1510032664;0
32;16;10;5;1;35;1510032732;35;255;1510032740;0
32;16;10;5;1;35;1510032812;35;255;1510032820;0
32;16;10;5;1;35;1510033531;35;255;1510033539;0
32;16;10;5;1;35;1510033596;35;255;1510033603;0
32;16;10;5;1;35;1510033674;35;255;1510033681;0
32;16;10;5;1;35;1510033753;35;255;1510033760;0
32;16;10;5;1;35;1510034473;35;255;1510034481;0
32;16;10;5;1;35;1510034538;35;255;1510034546;1
32;16;10;5;1;35;1510034615;35;255;1510034622;0
32;16;10;5;1;35;1510034693;35;255;1510034701;1
32;16;10;5;1;35;1510035413;35;255;1510035421;1
32;16;10;5;1;35;1510035480;35;255;1510035488;0
32;16;10;5;1;35;1510035556;35;255;1510035563;1
32;16;10;5;1;35;1510035634;35;255;1510035642;1
32;16;10;5;1;35;1510036356;35;255;1510036364;1
32;16;10;5;1;35;1510036422;35;255;1510036430;1
32;16;10;5;1;35;1510036497;35;255;1510036505;0
32;16;10;5;1;35;1510036574;35;255;1510036582;1
32;16;10;5;1;35;1510037299;35;255;1510037307;1
32;16;10;5;1;35;1510037365;35;255;1510037373;1
32;16;10;5;1;35;1510037437;35;255;1510037445;1
32;16;10;5;1;35;1510037514;35;255;1510037522;0
32;16;10;5;1;35;1510038239;35;255;1510038247;1
32;16;10;5;1;35;1510038308;35;255;1510038315;1
32;16;10;5;1;35;1510038378;35;255;1510038385;0
32;16;10;5;1;35;1510038456;35;255;1510038464;1
32;16;10;5;1;35;1510039182;35;255;1510039190;0
32;16;10;5;1;35;1510039250;35;255;1510039257;1
32;16;10;5;1;35;1510039321;35;255;1510039329;1
32;16;10;5;1;35;1510039396;35;255;1510039403;0
32;16;10;5;1;35;1510040122;35;255;1510040130;1
32;16;10;5;1;35;1510040189;35;255;1510040197;1
32;16;10;5;1;35;1510040263;35;255;1510040271;1
32;16;10;5;1;35;1510040337;35;255;1510040345;1
32;16;10;5;1;35;1510041063;35;255;1510041071;0
32;16;10;5;1;35;1510041131;35;255;1510041139;0
32;16;10;5;1;35;1510041206;35;255;1510041214;0
32;16;10;5;1;35;1510041277;35;255;1510041284;1
32;16;10;5;1;35;1510042007;35;255;1510042014;1
32;16;10;5;1;35;1510042073;35;255;1510042081;1
32;16;10;5;1;35;1510042150;35;255;1510042157;0
32;16;10;5;1;35;1510042218;35;255;1510042226;0
32;16;10;5;1;35;1510042947;35;255;1510042954;0
32;16;10;5;1;35;1510043015;35;255;1510043023;0
32;16;10;5;1;35;1510043090;35;255;1510043098;0
32;16;10;5;1;35;1510043160;35;255;1510043168;0
32;16;10;5;1;35;1510043887;35;255;1510043894;0
32;16;10;5;1;35;1510043958;35;255;1510043966;0
32;16;10;5;1;35;1510044031;35;255;1510044038;0
32;16;10;5;1;35;1510044103;35;255;1510044111;0
32;16;10;5;1;35;1510044845;35;255;1510044853;0
32;16;10;5;1;35;1510044916;35;255;1510044924;0
32;16;10;5;1;35;1510044992;35;255;1510045000;0
32;16;10;5;1;35;1510045070;35;255;1510045079;1
