32;16;10;5;1;36;1509981693;36;255;1509981701;0
32;16;10;5;1;36;1509981763;36;255;1509981771;0
32;16;10;5;1;36;1509981834;36;255;1509981842;0
32;16;10;5;1;36;1509981940;36;255;1509981947;0
32;16;10;5;1;36;1509982690;36;255;1509982698;0
32;16;10;5;1;36;1509982750;36;255;1509982757;0
32;16;10;5;1;36;1509982819;36;255;1509982826;0
32;16;10;5;1;36;1509982919;36;255;1509982927;0
32;16;10;5;1;36;1509983635;36;255;1509983643;0
32;16;10;5;1;36;1509983694;36;255;1509983702;0
32;16;10;5;1;36;1509983762;36;255;1509983770;0
32;16;10;5;1;36;1509983873;36;255;1509983881;0
32;16;10;5;1;36;1509984579;36;255;1509984586;1
32;16;10;5;1;36;1509984633;36;255;1509984641;1
32;16;10;5;1;36;1509984704;36;255;1509984712;1
32;16;10;5;1;36;1509984812;36;255;1509984820;0
32;16;10;5;1;36;1509985518;36;255;1509985526;1
32;16;10;5;1;36;1509985575;36;255;1509985583;1
32;16;10;5;1;36;1509985647;36;255;1509985655;0
32;16;10;5;1;36;1509985754;36;255;1509985762;0
32;16;10;5;1;36;1509986459;36;255;1509986467;0
32;16;10;5;1;36;1509986518;36;255;1509986526;1
32;16;10;5;1;36;1509986587;36;255;1509986595;0
32;16;10;5;1;36;1509986698;36;255;1509986706;0
32;16;10;5;1;36;1509987399;36;255;1509987407;0
32;16;10;5;1;36;1509987462;36;255;1509987470;0
32;16;10;5;1;36;1509987526;36;255;1509987534;1
32;16;10;5;1;36;1509987639;36;255;1509987647;0
32;16;10;5;1;36;1509988342;36;255;1509988350;1
32;16;10;5;1;36;1509988403;36;255;1509988411;1
32;16;10;5;1;36;1509988466;36;255;1509988474;1
32;16;10;5;1;36;1509988582;36;255;1509988589;0
32;16;10;5;1;36;1509989284;36;255;1509989292;1
32;16;10;5;1;36;1509989346;36;255;1509989354;0
32;16;10;5;1;36;1509989411;36;255;1509989419;1
32;16;10;5;1;36;1509989522;36;255;1509989530;0
32;16;10;5;1;36;1509990225;36;255;1509990232;0
32;16;10;5;1;36;1509990288;36;255;1509990295;0
32;16;10;5;1;36;1509990351;36;255;1509990359;1
32;16;10;5;1;36;1509990465;36;255;1509990473;0
32;16;10;5;1;36;1509991167;36;255;1509991175;1
32;16;10;5;1;36;1509991228;36;255;1509991236;1
32;16;10;5;1;36;1509991292;36;255;1509991299;0
32;16;10;5;1;36;1509991407;36;255;1509991415;0
32;16;10;5;1;36;1509992109;36;255;1509992117;1
32;16;10;5;1;36;1509992170;36;255;1509992178;0
32;16;10;5;1;36;1509992231;36;255;1509992239;0
32;16;10;5;1;36;1509992349;36;255;1509992357;1
32;16;10;5;1;36;1509993053;36;255;1509993060;0
32;16;10;5;1;36;1509993111;36;255;1509993119;0
32;16;10;5;1;36;1509993172;36;255;1509993180;1
32;16;10;5;1;36;1509993291;36;255;1509993298;1
32;16;10;5;1;36;1509993993;36;255;1509994001;0
32;16;10;5;1;36;1509994053;36;255;1509994060;1
32;16;10;5;1;36;1509994114;36;255;1509994121;0
32;16;10;5;1;36;1509994233;36;255;1509994240;0
32;16;10;5;1;36;1509994935;36;255;1509994942;0
32;16;10;5;1;36;1509994993;36;255;1509995001;0
32;16;10;5;1;36;1509995054;36;255;1509995062;0
32;16;10;5;1;36;1509995174;36;255;1509995181;0
32;16;10;5;1;36;1509995881;36;255;1509995889;0
32;16;10;5;1;36;1509995937;36;255;1509995944;0
32;16;10;5;1;36;1509996011;36;255;1509996019;1
32;16;10;5;1;36;1509996115;36;255;1509996123;0
32;16;10;5;1;36;1509996824;36;255;1509996831;1
32;16;10;5;1;36;1509996877;36;255;1509996885;1
32;16;10;5;1;36;1509996954;36;255;1509996962;1
32;16;10;5;1;36;1509997057;36;255;1509997065;0
32;16;10;5;1;36;1509997765;36;255;1509997773;1
32;16;10;5;1;36;1509997821;36;255;1509997829;0
32;16;10;5;1;36;1509997896;36;255;1509997903;0
32;16;10;5;1;36;1509997997;36;255;1509998004;0
32;16;10;5;1;36;1509998706;36;255;1509998714;0
32;16;10;5;1;36;1509998761;36;255;1509998769;1
32;16;10;5;1;36;1509998836;36;255;1509998843;0
32;16;10;5;1;36;1509998939;36;255;1509998947;1
32;16;10;5;1;36;1509999651;36;255;1509999659;1
32;16;10;5;1;36;1509999704;36;255;1509999712;0
32;16;10;5;1;36;1509999775;36;255;1509999783;0
32;16;10;5;1;36;1509999879;36;255;1509999886;0
32;16;10;5;1;36;1510000593;36;255;1510000600;0
32;16;10;5;1;36;1510000647;36;255;1510000655;1
32;16;10;5;1;36;1510000716;36;255;1510000724;0
32;16;10;5;1;36;1510000818;36;255;1510000825;1
32;16;10;5;1;36;1510001535;36;255;1510001542;0
32;16;10;5;1;36;1510001591;36;255;1510001599;0
32;16;10;5;1;36;1510001655;36;255;1510001663;0
32;16;10;5;1;36;1510001759;36;255;1510001767;1
32;16;10;5;1;36;1510002475;36;255;1510002483;1
32;16;10;5;1;36;1510002535;36;255;1510002543;0
32;16;10;5;1;36;1510002597;36;255;1510002605;1
32;16;10;5;1;36;1510002698;36;255;1510002706;0
32;16;10;5;1;36;1510003418;36;255;1510003425;0
32;16;10;5;1;36;1510003476;36;255;1510003484;0
32;16;10;5;1;36;1510003540;36;255;1510003548;0
32;16;10;5;1;36;1510003641;36;255;1510003649;0
32;16;10;5;1;36;1510004356;36;255;1510004364;0
32;16;10;5;1;36;1510004415;36;255;1510004423;0
32;16;10;5;1;36;1510004485;36;255;1510004493;0
32;16;10;5;1;36;1510004583;36;255;1510004591;0
32;16;10;5;1;36;1510005299;36;255;1510005306;1
32;16;10;5;1;36;1510005358;36;255;1510005366;1
32;16;10;5;1;36;1510005425;36;255;1510005433;0
32;16;10;5;1;36;1510005524;36;255;1510005532;1
32;16;10;5;1;36;1510006238;36;255;1510006246;1
32;16;10;5;1;36;1510006298;36;255;1510006305;0
32;16;10;5;1;36;1510006371;36;255;1510006379;0
32;16;10;5;1;36;1510006465;36;255;1510006473;1
32;16;10;5;1;36;1510007179;36;255;1510007187;0
32;16;10;5;1;36;1510007237;36;255;1510007245;0
32;16;10;5;1;36;1510007315;36;255;1510007323;1
32;16;10;5;1;36;1510007405;36;255;1510007413;0
32;16;10;5;1;36;1510008119;36;255;1510008127;0
32;16;10;5;1;36;1510008177;36;255;1510008185;0
32;16;10;5;1;36;1510008256;36;255;1510008263;0
32;16;10;5;1;36;1510008349;36;255;1510008357;0
32;16;10;5;1;36;1510009061;36;255;1510009068;0
32;16;10;5;1;36;1510009118;36;255;1510009126;1
32;16;10;5;1;36;1510009197;36;255;1510009205;1
32;16;10;5;1;36;1510009291;36;255;1510009298;1
32;16;10;5;1;36;1510010003;36;255;1510010010;1
32;16;10;5;1;36;1510010059;36;255;1510010067;1
32;16;10;5;1;36;1510010139;36;255;1510010147;1
32;16;10;5;1;36;1510010234;36;255;1510010242;0
32;16;10;5;1;36;1510010943;36;255;1510010950;0
32;16;10;5;1;36;1510011001;36;255;1510011009;0
32;16;10;5;1;36;1510011080;36;255;1510011088;0
32;16;10;5;1;36;1510011176;36;255;1510011184;0
32;16;10;5;1;36;1510011882;36;255;1510011890;0
32;16;10;5;1;36;1510011944;36;255;1510011952;0
32;16;10;5;1;36;1510012023;36;255;1510012031;0
32;16;10;5;1;36;1510012115;36;255;1510012123;0
32;16;10;5;1;36;1510012825;36;255;1510012833;1
32;16;10;5;1;36;1510012887;36;255;1510012895;0
32;16;10;5;1;36;1510012963;36;255;1510012971;0
32;16;10;5;1;36;1510013058;36;255;1510013065;0
32;16;10;5;1;36;1510013767;36;255;1510013775;0
32;16;10;5;1;36;1510013830;36;255;1510013838;0
32;16;10;5;1;36;1510013904;36;255;1510013911;0
32;16;10;5;1;36;1510014000;36;255;1510014008;1
32;16;10;5;1;36;1510014709;36;255;1510014717;0
32;16;10;5;1;36;1510014772;36;255;1510014780;1
32;16;10;5;1;36;1510014844;36;255;1510014852;0
32;16;10;5;1;36;1510014941;36;255;1510014949;0
32;16;10;5;1;36;1510015650;36;255;1510015658;0
32;16;10;5;1;36;1510015713;36;255;1510015721;0
32;16;10;5;1;36;1510015786;36;255;1510015793;1
32;16;10;5;1;36;1510015882;36;255;1510015890;1
32;16;10;5;1;36;1510016591;36;255;1510016599;0
32;16;10;5;1;36;1510016656;36;255;1510016664;0
32;16;10;5;1;36;1510016726;36;255;1510016734;1
32;16;10;5;1;36;1510016824;36;255;1510016831;1
32;16;10;5;1;36;1510017532;36;255;1510017540;0
32;16;10;5;1;36;1510017598;36;255;1510017606;1
32;16;10;5;1;36;1510017667;36;255;1510017675;0
32;16;10;5;1;36;1510017764;36;255;1510017772;0
32;16;10;5;1;36;1510018472;36;255;1510018480;0
32;16;10;5;1;36;1510018541;36;255;1510018549;1
32;16;10;5;1;36;1510018609;36;255;1510018617;0
32;16;10;5;1;36;1510018706;36;255;1510018714;0
32;16;10;5;1;36;1510019415;36;255;1510019423;0
32;16;10;5;1;36;1510019484;36;255;1510019492;0
32;16;10;5;1;36;1510019549;36;255;1510019556;0
32;16;10;5;1;36;1510019648;36;255;1510019656;0
32;16;10;5;1;36;1510020356;36;255;1510020363;1
32;16;10;5;1;36;1510020429;36;255;1510020436;1
32;16;10;5;1;36;1510020490;36;255;1510020497;1
32;16;10;5;1;36;1510020587;36;255;1510020595;1
32;16;10;5;1;36;1510021296;36;255;1510021304;0
32;16;10;5;1;36;1510021370;36;255;1510021377;1
32;16;10;5;1;36;1510021431;36;255;1510021439;1
32;16;10;5;1;36;1510021530;36;255;1510021538;1
32;16;10;5;1;36;1510022237;36;255;1510022245;0
32;16;10;5;1;36;1510022310;36;255;1510022318;0
32;16;10;5;1;36;1510022372;36;255;1510022380;1
32;16;10;5;1;36;1510022472;36;255;1510022479;1
32;16;10;5;1;36;1510023179;36;255;1510023186;0
32;16;10;5;1;36;1510023251;36;255;1510023259;0
32;16;10;5;1;36;1510023317;36;255;1510023325;1
32;16;10;5;1;36;1510023411;36;255;1510023419;0
32;16;10;5;1;36;1510024121;36;255;1510024129;1
32;16;10;5;1;36;1510024191;36;255;1510024199;0
32;16;10;5;1;36;1510024258;36;255;1510024266;1
32;16;10;5;1;36;1510024353;36;255;1510024361;0
32;16;10;5;1;36;1510025065;36;255;1510025072;0
32;16;10;5;1;36;1510025132;36;255;1510025140;0
32;16;10;5;1;36;1510025200;36;255;1510025208;0
32;16;10;5;1;36;1510025293;36;255;1510025301;0
32;16;10;5;1;36;1510026008;36;255;1510026015;1
32;16;10;5;1;36;1510026072;36;255;1510026080;1
32;16;10;5;1;36;1510026142;36;255;1510026150;1
32;16;10;5;1;36;1510026234;36;255;1510026241;1
32;16;10;5;1;36;1510026948;36;255;1510026956;0
32;16;10;5;1;36;1510027013;36;255;1510027021;0
32;16;10;5;1;36;1510027085;36;255;1510027093;1
32;16;10;5;1;36;1510027175;36;255;1510027183;0
32;16;10;5;1;36;1510027889;36;255;1510027897;1
32;16;10;5;1;36;1510027955;36;255;1510027963;0
32;16;10;5;1;36;1510028026;36;255;1510028034;1
32;16;10;5;1;36;1510028115;36;255;1510028122;1
32;16;10;5;1;36;1510028831;36;255;1510028839;1
32;16;10;5;1;36;1510028898;36;255;1510028905;0
32;16;10;5;1;36;1510028969;36;255;1510028976;0
32;16;10;5;1;36;1510029054;36;255;1510029061;0
32;16;10;5;1;36;1510029773;36;255;1510029781;1
32;16;10;5;1;36;1510029840;36;255;1510029848;0
32;16;10;5;1;36;1510029910;36;255;1510029918;0
32;16;10;5;1;36;1510029995;36;255;1510030002;1
32;16;10;5;1;36;1510030714;36;255;1510030722;0
32;16;10;5;1;36;1510030782;36;255;1510030790;0
32;16;10;5;1;36;1510030855;36;255;1510030863;0
32;16;10;5;1;36;1510030936;36;255;1510030944;0
32;16;10;5;1;36;1510031656;36;255;1510031664;0
32;16;10;5;1;36;1510031722;36;255;1510031729;0
32;16;10;5;1;36;1510031797;36;255;1510031805;0
32;16;10;5;1;36;1510031878;36;255;1510031886;0
32;16;10;5;1;36;1510032595;36;255;1510032603;0
32;16;10;5;1;36;1510032664;36;255;1510032671;0
32;16;10;5;1;36;1510032740;36;255;1510032748;0
32;16;10;5;1;36;1510032820;36;255;1510032828;0
32;16;10;5;1;36;1510033539;36;255;1510033547;0
32;16;10;5;1;36;1510033603;36;255;1510033611;0
32;16;10;5;1;36;1510033681;36;255;1510033689;0
32;16;10;5;1;36;1510033760;36;255;1510033768;1
32;16;10;5;1;36;1510034481;36;255;1510034489;0
32;16;10;5;1;36;1510034546;36;255;1510034554;0
32;16;10;5;1;36;1510034622;36;255;1510034630;0
32;16;10;5;1;36;1510034701;36;255;1510034708;1
32;16;10;5;1;36;1510035421;36;255;1510035429;0
32;16;10;5;1;36;1510035488;36;255;1510035496;1
32;16;10;5;1;36;1510035563;36;255;1510035571;0
32;16;10;5;1;36;1510035642;36;255;1510035650;0
32;16;10;5;1;36;1510036364;36;255;1510036371;0
32;16;10;5;1;36;1510036430;36;255;1510036438;1
32;16;10;5;1;36;1510036505;36;255;1510036513;1
32;16;10;5;1;36;1510036582;36;255;1510036590;0
32;16;10;5;1;36;1510037307;36;255;1510037314;1
32;16;10;5;1;36;1510037373;36;255;1510037380;1
32;16;10;5;1;36;1510037445;36;255;1510037453;0
32;16;10;5;1;36;1510037522;36;255;1510037530;1
32;16;10;5;1;36;1510038247;36;255;1510038254;0
32;16;10;5;1;36;1510038315;36;255;1510038323;0
32;16;10;5;1;36;1510038385;36;255;1510038393;0
32;16;10;5;1;36;1510038464;36;255;1510038471;0
32;16;10;5;1;36;1510039190;36;255;1510039197;0
32;16;10;5;1;36;1510039257;36;255;1510039265;0
32;16;10;5;1;36;1510039329;36;255;1510039337;1
32;16;10;5;1;36;1510039403;36;255;1510039411;1
32;16;10;5;1;36;1510040130;36;255;1510040138;0
32;16;10;5;1;36;1510040197;36;255;1510040205;0
32;16;10;5;1;36;1510040271;36;255;1510040279;0
32;16;10;5;1;36;1510040345;36;255;1510040353;0
32;16;10;5;1;36;1510041071;36;255;1510041079;0
32;16;10;5;1;36;1510041139;36;255;1510041147;0
32;16;10;5;1;36;1510041214;36;255;1510041222;0
32;16;10;5;1;36;1510041284;36;255;1510041292;0
32;16;10;5;1;36;1510042014;36;255;1510042022;0
32;16;10;5;1;36;1510042081;36;255;1510042088;0
32;16;10;5;1;36;1510042157;36;255;1510042165;0
32;16;10;5;1;36;1510042226;36;255;1510042234;0
32;16;10;5;1;36;1510042954;36;255;1510042962;0
32;16;10;5;1;36;1510043023;36;255;1510043031;0
32;16;10;5;1;36;1510043098;36;255;1510043106;1
32;16;10;5;1;36;1510043168;36;255;1510043176;0
32;16;10;5;1;36;1510043894;36;255;1510043902;1
32;16;10;5;1;36;1510043966;36;255;1510043973;1
32;16;10;5;1;36;1510044038;36;255;1510044046;1
32;16;10;5;1;36;1510044111;36;255;1510044118;0
32;16;10;5;1;36;1510044853;36;255;1510044861;1
32;16;10;5;1;36;1510044924;36;255;1510044932;0
32;16;10;5;1;36;1510045000;36;255;1510045008;1
32;16;10;5;1;36;1510045079;36;255;1510045088;0
32;16;10;5;1;36;1510045862;36;255;1510045870;0
32;16;10;5;1;36;1510045942;36;255;1510045951;1
32;16;10;5;1;36;1510046011;36;255;1510046020;0
32;16;10;5;1;36;1510046085;36;255;1510046093;1
32;16;10;5;1;36;1510046860;36;255;1510046867;1
32;16;10;5;1;36;1510046868;36;255;1510046876;0
32;16;10;5;1;36;1510046879;36;255;1510046887;1
32;16;10;5;1;36;1510046882;36;255;1510046889;1
32;16;10;5;1;36;1510047840;36;255;1510047848;0
32;16;10;5;1;36;1510047856;36;255;1510047863;1
32;16;10;5;1;36;1510047856;36;255;1510047864;0
32;16;10;5;1;36;1510047860;36;255;1510047868;0
32;16;10;5;1;36;1510048801;36;255;1510048810;1
32;16;10;5;1;36;1510048811;36;255;1510048819;0
32;16;10;5;1;36;1510048819;36;255;1510048827;0
32;16;10;5;1;36;1510048830;36;255;1510048838;0
32;16;10;5;1;36;1510049834;36;255;1510049842;1
32;16;10;5;1;36;1510049841;36;255;1510049849;0
32;16;10;5;1;36;1510049858;36;255;1510049866;0
32;16;10;5;1;36;1510050791;36;255;1510050799;0
32;16;10;5;1;36;1510050798;36;255;1510050805;0
32;16;10;5;1;36;1510050814;36;255;1510050822;0
32;16;10;5;1;36;1510051749;36;255;1510051757;1
32;16;10;5;1;36;1510051756;36;255;1510051764;0
32;16;10;5;1;36;1510051774;36;255;1510051782;0
32;16;10;5;1;36;1510052707;36;255;1510052714;0
32;16;10;5;1;36;1510052714;36;255;1510052722;0
32;16;10;5;1;36;1510052731;36;255;1510052739;0
32;16;10;5;1;36;1510053664;36;255;1510053672;0
32;16;10;5;1;36;1510053670;36;255;1510053678;0
32;16;10;5;1;36;1510053689;36;255;1510053697;1
32;16;10;5;1;36;1510054622;36;255;1510054630;1
32;16;10;5;1;36;1510054630;36;255;1510054638;1
32;16;10;5;1;36;1510054650;36;255;1510054658;1
32;16;10;5;1;36;1510055592;36;255;1510055600;1
32;16;10;5;1;36;1510055601;36;255;1510055609;0
32;16;10;5;1;36;1510055621;36;255;1510055629;0
32;16;10;5;1;36;1510056549;36;255;1510056557;0
32;16;10;5;1;36;1510056568;36;255;1510056575;1
32;16;10;5;1;36;1510056596;36;255;1510056604;0
32;16;10;5;1;36;1510057501;36;255;1510057509;0
32;16;10;5;1;36;1510057522;36;255;1510057530;1
32;16;10;5;1;36;1510057549;36;255;1510057557;0
32;16;10;5;1;36;1510058442;36;255;1510058449;0
32;16;10;5;1;36;1510058463;36;255;1510058471;0
32;16;10;5;1;36;1510058490;36;255;1510058498;0
32;16;10;5;1;36;1510059383;36;255;1510059390;1
32;16;10;5;1;36;1510059403;36;255;1510059411;0
32;16;10;5;1;36;1510059431;36;255;1510059439;1
32;16;10;5;1;36;1510060332;36;255;1510060339;0
32;16;10;5;1;36;1510060351;36;255;1510060359;0
32;16;10;5;1;36;1510060382;36;255;1510060390;0
32;16;10;5;1;36;1510061292;36;255;1510061300;0
32;16;10;5;1;36;1510061309;36;255;1510061317;0
32;16;10;5;1;36;1510061344;36;255;1510061352;0
32;16;10;5;1;36;1510062288;36;255;1510062296;0
32;16;10;5;1;36;1510062293;36;255;1510062301;0
32;16;10;5;1;36;1510062337;36;255;1510062345;0
32;16;10;5;1;36;1510063243;36;255;1510063251;1
32;16;10;5;1;36;1510063248;36;255;1510063256;0
32;16;10;5;1;36;1510063291;36;255;1510063298;0
32;16;10;5;1;36;1510064201;36;255;1510064209;1
32;16;10;5;1;36;1510064203;36;255;1510064211;0
32;16;10;5;1;36;1510064250;36;255;1510064258;0
32;16;10;5;1;36;1510065172;36;255;1510065180;0
32;16;10;5;1;36;1510065173;36;255;1510065180;0
32;16;10;5;1;36;1510065221;36;255;1510065229;1
32;16;10;5;1;36;1510066130;36;255;1510066137;1
32;16;10;5;1;36;1510066132;36;255;1510066140;1
32;16;10;5;1;36;1510066182;36;255;1510066190;0
32;16;10;5;1;36;1510067091;36;255;1510067099;1
32;16;10;5;1;36;1510067094;36;255;1510067102;1
32;16;10;5;1;36;1510067146;36;255;1510067154;1
32;16;10;5;1;36;1510068049;36;255;1510068056;1
32;16;10;5;1;36;1510068052;36;255;1510068060;1
32;16;10;5;1;36;1510068104;36;255;1510068112;1
32;16;10;5;1;36;1510068999;36;255;1510069007;0
32;16;10;5;1;36;1510069003;36;255;1510069011;0
32;16;10;5;1;36;1510069053;36;255;1510069061;1
32;16;10;5;1;36;1510069959;36;255;1510069967;0
32;16;10;5;1;36;1510069976;36;255;1510069984;0
32;16;10;5;1;36;1510070020;36;255;1510070028;0
32;16;10;5;1;36;1510070926;36;255;1510070934;0
32;16;10;5;1;36;1510070938;36;255;1510070946;1
32;16;10;5;1;36;1510070986;36;255;1510070994;0
32;16;10;5;1;36;1510071900;36;255;1510071907;1
32;16;10;5;1;36;1510071905;36;255;1510071912;0
32;16;10;5;1;36;1510071947;36;255;1510071956;0
32;16;10;5;1;36;1510072849;36;255;1510072856;0
32;16;10;5;1;36;1510072855;36;255;1510072863;0
32;16;10;5;1;36;1510072895;36;255;1510072903;0
32;16;10;5;1;36;1510073792;36;255;1510073800;1
32;16;10;5;1;36;1510073798;36;255;1510073806;0
32;16;10;5;1;36;1510073838;36;255;1510073846;0
32;16;10;5;1;36;1510074735;36;255;1510074743;0
32;16;10;5;1;36;1510074741;36;255;1510074749;0
32;16;10;5;1;36;1510074782;36;255;1510074790;1
32;16;10;5;1;36;1510075540;36;255;1510075549;1
32;16;10;5;1;36;1510075710;36;255;1510075718;1
32;16;10;5;1;36;1510075723;36;255;1510075731;0
32;16;10;5;1;36;1510075763;36;255;1510075771;1
32;16;10;5;1;36;1510076488;36;255;1510076496;0
32;16;10;5;1;36;1510076660;36;255;1510076667;1
32;16;10;5;1;36;1510076665;36;255;1510076672;0
32;16;10;5;1;36;1510076706;36;255;1510076713;1
32;16;10;5;1;36;1510077429;36;255;1510077436;1
32;16;10;5;1;36;1510077598;36;255;1510077606;1
32;16;10;5;1;36;1510077606;36;255;1510077614;0
32;16;10;5;1;36;1510077645;36;255;1510077653;1
32;16;10;5;1;36;1510078367;36;255;1510078374;1
32;16;10;5;1;36;1510078538;36;255;1510078546;0
32;16;10;5;1;36;1510078546;36;255;1510078554;0
32;16;10;5;1;36;1510078586;36;255;1510078594;0
32;16;10;5;1;36;1510079307;36;255;1510079315;1
32;16;10;5;1;36;1510079477;36;255;1510079485;0
32;16;10;5;1;36;1510079485;36;255;1510079493;0
32;16;10;5;1;36;1510079526;36;255;1510079534;0
32;16;10;5;1;36;1510080248;36;255;1510080255;0
32;16;10;5;1;36;1510080417;36;255;1510080425;0
32;16;10;5;1;36;1510080424;36;255;1510080432;0
32;16;10;5;1;36;1510080466;36;255;1510080474;0
32;16;10;5;1;36;1510081188;36;255;1510081196;1
32;16;10;5;1;36;1510081357;36;255;1510081364;0
32;16;10;5;1;36;1510081363;36;255;1510081371;0
32;16;10;5;1;36;1510081407;36;255;1510081415;0
32;16;10;5;1;36;1510082128;36;255;1510082135;0
32;16;10;5;1;36;1510082296;36;255;1510082304;0
32;16;10;5;1;36;1510082303;36;255;1510082310;1
32;16;10;5;1;36;1510082347;36;255;1510082355;0
32;16;10;5;1;36;1510083065;36;255;1510083073;1
32;16;10;5;1;36;1510083237;36;255;1510083244;1
32;16;10;5;1;36;1510083245;36;255;1510083252;1
32;16;10;5;1;36;1510083287;36;255;1510083295;0
32;16;10;5;1;36;1510084005;36;255;1510084013;1
32;16;10;5;1;36;1510084175;36;255;1510084183;1
32;16;10;5;1;36;1510084187;36;255;1510084194;0
32;16;10;5;1;36;1510084227;36;255;1510084235;0
32;16;10;5;1;36;1510084943;36;255;1510084951;0
32;16;10;5;1;36;1510085116;36;255;1510085123;0
32;16;10;5;1;36;1510085128;36;255;1510085136;1
32;16;10;5;1;36;1510085167;36;255;1510085175;0
32;16;10;5;1;36;1510085882;36;255;1510085890;0
32;16;10;5;1;36;1510086057;36;255;1510086065;0
32;16;10;5;1;36;1510086070;36;255;1510086078;0
32;16;10;5;1;36;1510086106;36;255;1510086114;0
32;16;10;5;1;36;1510086821;36;255;1510086829;0
32;16;10;5;1;36;1510086997;36;255;1510087005;0
32;16;10;5;1;36;1510087011;36;255;1510087018;1
32;16;10;5;1;36;1510087046;36;255;1510087054;0
32;16;10;5;1;36;1510087762;36;255;1510087770;1
32;16;10;5;1;36;1510087937;36;255;1510087945;1
32;16;10;5;1;36;1510087950;36;255;1510087958;0
32;16;10;5;1;36;1510087985;36;255;1510087993;0
32;16;10;5;1;36;1510088702;36;255;1510088710;0
32;16;10;5;1;36;1510088878;36;255;1510088886;1
32;16;10;5;1;36;1510088890;36;255;1510088898;0
32;16;10;5;1;36;1510088924;36;255;1510088932;0
32;16;10;5;1;36;1510089641;36;255;1510089649;0
32;16;10;5;1;36;1510089818;36;255;1510089825;0
32;16;10;5;1;36;1510089831;36;255;1510089839;0
32;16;10;5;1;36;1510089867;36;255;1510089875;0
32;16;10;5;1;36;1510090579;36;255;1510090587;1
32;16;10;5;1;36;1510090757;36;255;1510090765;0
32;16;10;5;1;36;1510090771;36;255;1510090779;0
32;16;10;5;1;36;1510090810;36;255;1510090817;0
32;16;10;5;1;36;1510091519;36;255;1510091527;0
32;16;10;5;1;36;1510091697;36;255;1510091704;0
32;16;10;5;1;36;1510091712;36;255;1510091720;0
32;16;10;5;1;36;1510091750;36;255;1510091758;0
32;16;10;5;1;36;1510092458;36;255;1510092466;0
32;16;10;5;1;36;1510092637;36;255;1510092645;0
32;16;10;5;1;36;1510092652;36;255;1510092660;0
32;16;10;5;1;36;1510092690;36;255;1510092698;0
32;16;10;5;1;36;1510093398;36;255;1510093406;0
32;16;10;5;1;36;1510093577;36;255;1510093585;0
32;16;10;5;1;36;1510093592;36;255;1510093600;0
32;16;10;5;1;36;1510093632;36;255;1510093640;0
32;16;10;5;1;36;1510094338;36;255;1510094346;0
32;16;10;5;1;36;1510094515;36;255;1510094523;0
32;16;10;5;1;36;1510094532;36;255;1510094539;1
32;16;10;5;1;36;1510094573;36;255;1510094581;0
32;16;10;5;1;36;1510095280;36;255;1510095288;0
32;16;10;5;1;36;1510095455;36;255;1510095463;1
32;16;10;5;1;36;1510095470;36;255;1510095478;1
32;16;10;5;1;36;1510095513;36;255;1510095521;0
32;16;10;5;1;36;1510096223;36;255;1510096231;0
32;16;10;5;1;36;1510096394;36;255;1510096402;1
32;16;10;5;1;36;1510096409;36;255;1510096417;0
32;16;10;5;1;36;1510096453;36;255;1510096461;1
32;16;10;5;1;36;1510097164;36;255;1510097171;0
32;16;10;5;1;36;1510097334;36;255;1510097342;0
32;16;10;5;1;36;1510097348;36;255;1510097356;0
32;16;10;5;1;36;1510097395;36;255;1510097403;0
32;16;10;5;1;36;1510098102;36;255;1510098110;0
32;16;10;5;1;36;1510098276;36;255;1510098284;0
32;16;10;5;1;36;1510098287;36;255;1510098295;0
32;16;10;5;1;36;1510098334;36;255;1510098342;0
32;16;10;5;1;36;1510099042;36;255;1510099050;1
32;16;10;5;1;36;1510099217;36;255;1510099225;0
32;16;10;5;1;36;1510099225;36;255;1510099232;0
32;16;10;5;1;36;1510099275;36;255;1510099283;0
32;16;10;5;1;36;1510099984;36;255;1510099992;0
32;16;10;5;1;36;1510100159;36;255;1510100166;0
32;16;10;5;1;36;1510100162;36;255;1510100170;0
32;16;10;5;1;36;1510100216;36;255;1510100223;0
32;16;10;5;1;36;1510100924;36;255;1510100932;1
32;16;10;5;1;36;1510101097;36;255;1510101104;1
32;16;10;5;1;36;1510101104;36;255;1510101112;0
32;16;10;5;1;36;1510101155;36;255;1510101163;1
32;16;10;5;1;36;1510101864;36;255;1510101872;1
32;16;10;5;1;36;1510102036;36;255;1510102043;0
32;16;10;5;1;36;1510102044;36;255;1510102052;0
32;16;10;5;1;36;1510102095;36;255;1510102103;0
32;16;10;5;1;36;1510102803;36;255;1510102811;1
32;16;10;5;1;36;1510102975;36;255;1510102983;0
32;16;10;5;1;36;1510102984;36;255;1510102991;0
32;16;10;5;1;36;1510103038;36;255;1510103046;1
32;16;10;5;1;36;1510103741;36;255;1510103749;0
32;16;10;5;1;36;1510103915;36;255;1510103923;0
32;16;10;5;1;36;1510103925;36;255;1510103933;0
32;16;10;5;1;36;1510103978;36;255;1510103986;0
32;16;10;5;1;36;1510104680;36;255;1510104688;1
32;16;10;5;1;36;1510104853;36;255;1510104861;1
32;16;10;5;1;36;1510104866;36;255;1510104874;1
32;16;10;5;1;36;1510104918;36;255;1510104925;0
32;16;10;5;1;36;1510105620;36;255;1510105628;0
32;16;10;5;1;36;1510105793;36;255;1510105801;1
32;16;10;5;1;36;1510105805;36;255;1510105813;1
32;16;10;5;1;36;1510105857;36;255;1510105865;0
32;16;10;5;1;36;1510106561;36;255;1510106569;0
32;16;10;5;1;36;1510106735;36;255;1510106743;1
32;16;10;5;1;36;1510106745;36;255;1510106753;1
32;16;10;5;1;36;1510106796;36;255;1510106803;0
32;16;10;5;1;36;1510107500;36;255;1510107507;0
32;16;10;5;1;36;1510107678;36;255;1510107686;0
32;16;10;5;1;36;1510107684;36;255;1510107692;0
32;16;10;5;1;36;1510107739;36;255;1510107747;0
32;16;10;5;1;36;1510108438;36;255;1510108446;0
32;16;10;5;1;36;1510108619;36;255;1510108626;0
32;16;10;5;1;36;1510108624;36;255;1510108632;1
32;16;10;5;1;36;1510108678;36;255;1510108686;0
32;16;10;5;1;36;1510109377;36;255;1510109385;0
32;16;10;5;1;36;1510109560;36;255;1510109567;0
32;16;10;5;1;36;1510109565;36;255;1510109572;0
32;16;10;5;1;36;1510109619;36;255;1510109627;0
32;16;10;5;1;36;1510110317;36;255;1510110325;1
32;16;10;5;1;36;1510110499;36;255;1510110507;0
32;16;10;5;1;36;1510110505;36;255;1510110513;0
32;16;10;5;1;36;1510110560;36;255;1510110568;0
32;16;10;5;1;36;1510111258;36;255;1510111265;0
32;16;10;5;1;36;1510111439;36;255;1510111447;1
32;16;10;5;1;36;1510111447;36;255;1510111455;0
32;16;10;5;1;36;1510111499;36;255;1510111506;0
32;16;10;5;1;36;1510112197;36;255;1510112204;0
32;16;10;5;1;36;1510112381;36;255;1510112389;0
32;16;10;5;1;36;1510112386;36;255;1510112394;0
32;16;10;5;1;36;1510112438;36;255;1510112446;0
32;16;10;5;1;36;1510113133;36;255;1510113141;0
32;16;10;5;1;36;1510113323;36;255;1510113331;0
32;16;10;5;1;36;1510113327;36;255;1510113335;1
32;16;10;5;1;36;1510113378;36;255;1510113386;1
32;16;10;5;1;36;1510114071;36;255;1510114079;0
32;16;10;5;1;36;1510114265;36;255;1510114272;0
32;16;10;5;1;36;1510114268;36;255;1510114275;1
32;16;10;5;1;36;1510114319;36;255;1510114326;0
32;16;10;5;1;36;1510115012;36;255;1510115019;0
32;16;10;5;1;36;1510115204;36;255;1510115212;0
32;16;10;5;1;36;1510115208;36;255;1510115216;1
32;16;10;5;1;36;1510115258;36;255;1510115266;0
32;16;10;5;1;36;1510115953;36;255;1510115961;1
32;16;10;5;1;36;1510116144;36;255;1510116152;0
32;16;10;5;1;36;1510116146;36;255;1510116154;0
32;16;10;5;1;36;1510116197;36;255;1510116205;0
32;16;10;5;1;36;1510116894;36;255;1510116902;0
32;16;10;5;1;36;1510117083;36;255;1510117091;0
32;16;10;5;1;36;1510117087;36;255;1510117095;1
32;16;10;5;1;36;1510117136;36;255;1510117143;1
32;16;10;5;1;36;1510117834;36;255;1510117841;0
32;16;10;5;1;36;1510118022;36;255;1510118030;1
32;16;10;5;1;36;1510118029;36;255;1510118037;0
32;16;10;5;1;36;1510118076;36;255;1510118084;0
32;16;10;5;1;36;1510118777;36;255;1510118784;1
32;16;10;5;1;36;1510118962;36;255;1510118970;1
32;16;10;5;1;36;1510118970;36;255;1510118978;1
32;16;10;5;1;36;1510119015;36;255;1510119023;1
32;16;10;5;1;36;1510119720;36;255;1510119727;0
32;16;10;5;1;36;1510119901;36;255;1510119909;0
32;16;10;5;1;36;1510119909;36;255;1510119917;1
32;16;10;5;1;36;1510119953;36;255;1510119961;1
32;16;10;5;1;36;1510120661;36;255;1510120669;0
32;16;10;5;1;36;1510120841;36;255;1510120849;1
32;16;10;5;1;36;1510120849;36;255;1510120856;1
32;16;10;5;1;36;1510120893;36;255;1510120901;0
32;16;10;5;1;36;1510121602;36;255;1510121610;0
32;16;10;5;1;36;1510121781;36;255;1510121789;0
32;16;10;5;1;36;1510121789;36;255;1510121797;0
32;16;10;5;1;36;1510121832;36;255;1510121840;0
32;16;10;5;1;36;1510122543;36;255;1510122550;0
32;16;10;5;1;36;1510122720;36;255;1510122728;0
32;16;10;5;1;36;1510122728;36;255;1510122736;0
32;16;10;5;1;36;1510122774;36;255;1510122782;0
32;16;10;5;1;36;1510123482;36;255;1510123490;1
32;16;10;5;1;36;1510123661;36;255;1510123669;0
32;16;10;5;1;36;1510123670;36;255;1510123678;0
32;16;10;5;1;36;1510123715;36;255;1510123723;1
32;16;10;5;1;36;1510124424;36;255;1510124432;1
32;16;10;5;1;36;1510124600;36;255;1510124607;1
32;16;10;5;1;36;1510124611;36;255;1510124618;0
32;16;10;5;1;36;1510124655;36;255;1510124663;1
32;16;10;5;1;36;1510125363;36;255;1510125371;1
32;16;10;5;1;36;1510125541;36;255;1510125549;0
32;16;10;5;1;36;1510125550;36;255;1510125558;1
32;16;10;5;1;36;1510125595;36;255;1510125603;1
32;16;10;5;1;36;1510126302;36;255;1510126310;1
32;16;10;5;1;36;1510126480;36;255;1510126488;0
32;16;10;5;1;36;1510126490;36;255;1510126498;1
32;16;10;5;1;36;1510126536;36;255;1510126544;0
32;16;10;5;1;36;1510127242;36;255;1510127250;1
32;16;10;5;1;36;1510127418;36;255;1510127426;0
32;16;10;5;1;36;1510127428;36;255;1510127436;0
32;16;10;5;1;36;1510127478;36;255;1510127486;0
32;16;10;5;1;36;1510128181;36;255;1510128188;0
32;16;10;5;1;36;1510128359;36;255;1510128367;1
32;16;10;5;1;36;1510128368;36;255;1510128376;0
32;16;10;5;1;36;1510128418;36;255;1510128425;0
32;16;10;5;1;36;1510129120;36;255;1510129128;0
32;16;10;5;1;36;1510129300;36;255;1510129307;0
32;16;10;5;1;36;1510129309;36;255;1510129317;0
32;16;10;5;1;36;1510129356;36;255;1510129364;1
32;16;10;5;1;36;1510130081;36;255;1510130090;1
32;16;10;5;1;36;1510130284;36;255;1510130293;0
32;16;10;5;1;36;1510130289;36;255;1510130297;0
32;16;10;5;1;36;1510130338;36;255;1510130347;0
32;16;10;5;1;36;1510131091;36;255;1510131099;0
32;16;10;5;1;36;1510131291;36;255;1510131300;0
32;16;10;5;1;36;1510131291;36;255;1510131300;0
32;16;10;5;1;36;1510131342;36;255;1510131350;0
32;16;10;5;1;36;1510132075;36;255;1510132083;0
32;16;10;5;1;36;1510132258;36;255;1510132266;0
32;16;10;5;1;36;1510132279;36;255;1510132288;1
32;16;10;5;1;36;1510132320;36;255;1510132328;0
32;16;10;5;1;36;1510133062;36;255;1510133070;1
32;16;10;5;1;36;1510133237;36;255;1510133244;0
32;16;10;5;1;36;1510133256;36;255;1510133263;0
32;16;10;5;1;36;1510133304;36;255;1510133313;1
32;16;10;5;1;36;1510134078;36;255;1510134086;0
32;16;10;5;1;36;1510134243;36;255;1510134251;1
32;16;10;5;1;36;1510134276;36;255;1510134284;0
32;16;10;5;1;36;1510134322;36;255;1510134330;0
32;16;10;5;1;36;1510135077;36;255;1510135085;1
32;16;10;5;1;36;1510135249;36;255;1510135258;0
32;16;10;5;1;36;1510135280;36;255;1510135288;1
32;16;10;5;1;36;1510135312;36;255;1510135320;0
32;16;10;5;1;36;1510136073;36;255;1510136081;0
32;16;10;5;1;36;1510136235;36;255;1510136243;1
32;16;10;5;1;36;1510136275;36;255;1510136283;0
32;16;10;5;1;36;1510136300;36;255;1510136308;1
32;16;10;5;1;36;1510137073;36;255;1510137082;1
32;16;10;5;1;36;1510137252;36;255;1510137260;0
32;16;10;5;1;36;1510137270;36;255;1510137278;0
32;16;10;5;1;36;1510137312;36;255;1510137320;0
32;16;10;5;1;36;1510138061;36;255;1510138070;0
32;16;10;5;1;36;1510138256;36;255;1510138265;0
32;16;10;5;1;36;1510138261;36;255;1510138269;0
32;16;10;5;1;36;1510138311;36;255;1510138319;0
32;16;10;5;1;36;1510139072;36;255;1510139080;1
32;16;10;5;1;36;1510139249;36;255;1510139257;0
32;16;10;5;1;36;1510139274;36;255;1510139283;1
32;16;10;5;1;36;1510139315;36;255;1510139323;1
32;16;10;5;1;36;1510140045;36;255;1510140053;0
32;16;10;5;1;36;1510140206;36;255;1510140214;1
32;16;10;5;1;36;1510140286;36;255;1510140294;1
32;16;10;5;1;36;1510140296;36;255;1510140304;0
32;16;10;5;1;36;1510141054;36;255;1510141063;0
32;16;10;5;1;36;1510141190;36;255;1510141198;1
32;16;10;5;1;36;1510141258;36;255;1510141266;0
32;16;10;5;1;36;1510141275;36;255;1510141284;1
32;16;10;5;1;36;1510142024;36;255;1510142032;0
32;16;10;5;1;36;1510142196;36;255;1510142205;1
32;16;10;5;1;36;1510142233;36;255;1510142242;0
32;16;10;5;1;36;1510142290;36;255;1510142298;0
32;16;10;5;1;36;1510143061;36;255;1510143070;1
32;16;10;5;1;36;1510143249;36;255;1510143256;0
32;16;10;5;1;36;1510143283;36;255;1510143292;1
32;16;10;5;1;36;1510143352;36;255;1510143360;1
32;16;10;5;1;36;1510144058;36;255;1510144066;0
32;16;10;5;1;36;1510144232;36;255;1510144239;0
32;16;10;5;1;36;1510144263;36;255;1510144271;0
32;16;10;5;1;36;1510144337;36;255;1510144345;1
32;16;10;5;1;36;1510145010;36;255;1510145018;0
32;16;10;5;1;36;1510145177;36;255;1510145185;1
32;16;10;5;1;36;1510145208;36;255;1510145216;0
32;16;10;5;1;36;1510145284;36;255;1510145292;0
32;16;10;5;1;36;1510145949;36;255;1510145957;1
32;16;10;5;1;36;1510146120;36;255;1510146128;0
32;16;10;5;1;36;1510146152;36;255;1510146160;1
32;16;10;5;1;36;1510146225;36;255;1510146233;0
32;16;10;5;1;36;1510146896;36;255;1510146904;0
32;16;10;5;1;36;1510147068;36;255;1510147076;0
32;16;10;5;1;36;1510147101;36;255;1510147109;0
32;16;10;5;1;36;1510147180;36;255;1510147189;0
32;16;10;5;1;36;1510147869;36;255;1510147877;0
32;16;10;5;1;36;1510148054;36;255;1510148062;0
32;16;10;5;1;36;1510148079;36;255;1510148087;0
32;16;10;5;1;36;1510148156;36;255;1510148164;1
32;16;10;5;1;36;1510148850;36;255;1510148858;0
32;16;10;5;1;36;1510149022;36;255;1510149031;0
32;16;10;5;1;36;1510149042;36;255;1510149049;1
32;16;10;5;1;36;1510149119;36;255;1510149127;0
32;16;10;5;1;36;1510149798;36;255;1510149806;1
32;16;10;5;1;36;1510149973;36;255;1510149981;1
32;16;10;5;1;36;1510149984;36;255;1510149991;1
32;16;10;5;1;36;1510150063;36;255;1510150071;0
32;16;10;5;1;36;1510150751;36;255;1510150759;0
32;16;10;5;1;36;1510150928;36;255;1510150936;1
32;16;10;5;1;36;1510150939;36;255;1510150947;1
32;16;10;5;1;36;1510151027;36;255;1510151035;0
32;16;10;5;1;36;1510151711;36;255;1510151720;0
32;16;10;5;1;36;1510151899;36;255;1510151908;0
32;16;10;5;1;36;1510151915;36;255;1510151923;0
32;16;10;5;1;36;1510152003;36;255;1510152012;0
32;16;10;5;1;36;1510152712;36;255;1510152720;1
32;16;10;5;1;36;1510152886;36;255;1510152894;0
32;16;10;5;1;36;1510152908;36;255;1510152917;0
32;16;10;5;1;36;1510152983;36;255;1510152991;0
32;16;10;5;1;36;1510153678;36;255;1510153686;0
32;16;10;5;1;36;1510153855;36;255;1510153863;0
32;16;10;5;1;36;1510153879;36;255;1510153887;0
32;16;10;5;1;36;1510153950;36;255;1510153958;1
32;16;10;5;1;36;1510154647;36;255;1510154655;0
32;16;10;5;1;36;1510154822;36;255;1510154830;1
32;16;10;5;1;36;1510154847;36;255;1510154855;1
32;16;10;5;1;36;1510154915;36;255;1510154923;0
32;16;10;5;1;36;1510155604;36;255;1510155612;1
32;16;10;5;1;36;1510155778;36;255;1510155786;0
32;16;10;5;1;36;1510155809;36;255;1510155818;1
32;16;10;5;1;36;1510155881;36;255;1510155889;1
32;16;10;5;1;36;1510156589;36;255;1510156597;1
32;16;10;5;1;36;1510156768;36;255;1510156777;1
32;16;10;5;1;36;1510156795;36;255;1510156802;1
32;16;10;5;1;36;1510156869;36;255;1510156877;0
32;16;10;5;1;36;1510157579;36;255;1510157587;1
32;16;10;5;1;36;1510157765;36;255;1510157773;1
32;16;10;5;1;36;1510157790;36;255;1510157798;1
32;16;10;5;1;36;1510157861;36;255;1510157869;1
32;16;10;5;1;36;1510158546;36;255;1510158554;1
32;16;10;5;1;36;1510158726;36;255;1510158735;1
32;16;10;5;1;36;1510158759;36;255;1510158766;0
32;16;10;5;1;36;1510158822;36;255;1510158830;0
32;16;10;5;1;36;1510159501;36;255;1510159509;1
32;16;10;5;1;36;1510159686;36;255;1510159694;0
32;16;10;5;1;36;1510159717;36;255;1510159725;1
32;16;10;5;1;36;1510159784;36;255;1510159792;0
32;16;10;5;1;36;1510160484;36;255;1510160492;0
32;16;10;5;1;36;1510160659;36;255;1510160666;1
32;16;10;5;1;36;1510160689;36;255;1510160697;0
32;16;10;5;1;36;1510160759;36;255;1510160767;0
32;16;10;5;1;36;1510161461;36;255;1510161469;0
32;16;10;5;1;36;1510161637;36;255;1510161645;0
32;16;10;5;1;36;1510161674;36;255;1510161682;0
32;16;10;5;1;36;1510161734;36;255;1510161742;0
32;16;10;5;1;36;1510162427;36;255;1510162435;1
32;16;10;5;1;36;1510162597;36;255;1510162606;0
32;16;10;5;1;36;1510162641;36;255;1510162649;1
32;16;10;5;1;36;1510162695;36;255;1510162703;0
32;16;10;5;1;36;1510163376;36;255;1510163384;0
32;16;10;5;1;36;1510163558;36;255;1510163566;0
32;16;10;5;1;36;1510163619;36;255;1510163626;0
32;16;10;5;1;36;1510163646;36;255;1510163653;1
32;16;10;5;1;36;1510164318;36;255;1510164325;0
32;16;10;5;1;36;1510164501;36;255;1510164509;0
32;16;10;5;1;36;1510164561;36;255;1510164569;0
32;16;10;5;1;36;1510164591;36;255;1510164599;0
32;16;10;5;1;36;1510165261;36;255;1510165269;1
32;16;10;5;1;36;1510165443;36;255;1510165451;0
32;16;10;5;1;36;1510165504;36;255;1510165512;1
32;16;10;5;1;36;1510165534;36;255;1510165542;0
32;16;10;5;1;36;1510166204;36;255;1510166212;0
32;16;10;5;1;36;1510166385;36;255;1510166393;1
32;16;10;5;1;36;1510166447;36;255;1510166455;1
32;16;10;5;1;36;1510166477;36;255;1510166484;0
32;16;10;5;1;36;1510167147;36;255;1510167154;1
32;16;10;5;1;36;1510167327;36;255;1510167335;0
32;16;10;5;1;36;1510167389;36;255;1510167397;0
32;16;10;5;1;36;1510167422;36;255;1510167430;1
32;16;10;5;1;36;1510168090;36;255;1510168097;1
32;16;10;5;1;36;1510168269;36;255;1510168277;0
32;16;10;5;1;36;1510168332;36;255;1510168340;0
32;16;10;5;1;36;1510168366;36;255;1510168373;0
32;16;10;5;1;36;1510169030;36;255;1510169038;1
32;16;10;5;1;36;1510169211;36;255;1510169219;0
32;16;10;5;1;36;1510169274;36;255;1510169282;1
32;16;10;5;1;36;1510169306;36;255;1510169314;0
32;16;10;5;1;36;1510169974;36;255;1510169982;1
32;16;10;5;1;36;1510170155;36;255;1510170163;0
32;16;10;5;1;36;1510170217;36;255;1510170225;1
32;16;10;5;1;36;1510170248;36;255;1510170256;1
32;16;10;5;1;36;1510170917;36;255;1510170924;0
32;16;10;5;1;36;1510171096;36;255;1510171104;1
32;16;10;5;1;36;1510171162;36;255;1510171170;1
32;16;10;5;1;36;1510171190;36;255;1510171198;0
32;16;10;5;1;36;1510171857;36;255;1510171865;1
32;16;10;5;1;36;1510172039;36;255;1510172047;1
32;16;10;5;1;36;1510172105;36;255;1510172113;0
32;16;10;5;1;36;1510172134;36;255;1510172142;1
32;16;10;5;1;36;1510172800;36;255;1510172808;1
32;16;10;5;1;36;1510172980;36;255;1510172988;0
32;16;10;5;1;36;1510173047;36;255;1510173055;1
32;16;10;5;1;36;1510173078;36;255;1510173086;0
32;16;10;5;1;36;1510173743;36;255;1510173751;0
32;16;10;5;1;36;1510173921;36;255;1510173929;0
32;16;10;5;1;36;1510173991;36;255;1510173999;1
32;16;10;5;1;36;1510174019;36;255;1510174027;0
32;16;10;5;1;36;1510174688;36;255;1510174696;1
32;16;10;5;1;36;1510174864;36;255;1510174872;0
32;16;10;5;1;36;1510174933;36;255;1510174941;0
32;16;10;5;1;36;1510174960;36;255;1510174968;1
32;16;10;5;1;36;1510175631;36;255;1510175639;0
32;16;10;5;1;36;1510175805;36;255;1510175813;0
32;16;10;5;1;36;1510175876;36;255;1510175884;1
32;16;10;5;1;36;1510175901;36;255;1510175909;0
32;16;10;5;1;36;1510176576;36;255;1510176583;0
32;16;10;5;1;36;1510176747;36;255;1510176755;1
32;16;10;5;1;36;1510176817;36;255;1510176825;1
32;16;10;5;1;36;1510176843;36;255;1510176850;0
32;16;10;5;1;36;1510177518;36;255;1510177526;0
32;16;10;5;1;36;1510177689;36;255;1510177697;1
32;16;10;5;1;36;1510177760;36;255;1510177768;0
32;16;10;5;1;36;1510177783;36;255;1510177791;1
32;16;10;5;1;36;1510178461;36;255;1510178469;1
32;16;10;5;1;36;1510178634;36;255;1510178642;1
32;16;10;5;1;36;1510178702;36;255;1510178709;0
32;16;10;5;1;36;1510178726;36;255;1510178733;0
32;16;10;5;1;36;1510179404;36;255;1510179412;0
32;16;10;5;1;36;1510179577;36;255;1510179585;0
32;16;10;5;1;36;1510179642;36;255;1510179649;0
32;16;10;5;1;36;1510179666;36;255;1510179674;0
32;16;10;5;1;36;1510180347;36;255;1510180355;0
32;16;10;5;1;36;1510180519;36;255;1510180526;1
32;16;10;5;1;36;1510180583;36;255;1510180591;1
32;16;10;5;1;36;1510180610;36;255;1510180617;0
32;16;10;5;1;36;1510181291;36;255;1510181299;0
32;16;10;5;1;36;1510181461;36;255;1510181468;1
32;16;10;5;1;36;1510181525;36;255;1510181533;1
32;16;10;5;1;36;1510181553;36;255;1510181560;0
32;16;10;5;1;36;1510182235;36;255;1510182243;1
32;16;10;5;1;36;1510182404;36;255;1510182412;1
32;16;10;5;1;36;1510182468;36;255;1510182476;0
32;16;10;5;1;36;1510182495;36;255;1510182503;0
32;16;10;5;1;36;1510183179;36;255;1510183187;0
32;16;10;5;1;36;1510183345;36;255;1510183353;0
32;16;10;5;1;36;1510183410;36;255;1510183418;0
32;16;10;5;1;36;1510183436;36;255;1510183444;0
32;16;10;5;1;36;1510184121;36;255;1510184129;0
32;16;10;5;1;36;1510184288;36;255;1510184296;0
32;16;10;5;1;36;1510184352;36;255;1510184359;1
32;16;10;5;1;36;1510184378;36;255;1510184385;0
32;16;10;5;1;36;1510185065;36;255;1510185073;1
32;16;10;5;1;36;1510185231;36;255;1510185239;0
32;16;10;5;1;36;1510185296;36;255;1510185303;1
32;16;10;5;1;36;1510185317;36;255;1510185325;0
32;16;10;5;1;36;1510186007;36;255;1510186015;0
32;16;10;5;1;36;1510186175;36;255;1510186183;1
32;16;10;5;1;36;1510186238;36;255;1510186246;0
32;16;10;5;1;36;1510186261;36;255;1510186269;1
32;16;10;5;1;36;1510186949;36;255;1510186957;0
32;16;10;5;1;36;1510187118;36;255;1510187126;0
32;16;10;5;1;36;1510187177;36;255;1510187185;1
32;16;10;5;1;36;1510187201;36;255;1510187209;1
32;16;10;5;1;36;1510187892;36;255;1510187900;0
32;16;10;5;1;36;1510188061;36;255;1510188068;0
32;16;10;5;1;36;1510188120;36;255;1510188127;1
32;16;10;5;1;36;1510188144;36;255;1510188152;1
32;16;10;5;1;36;1510188832;36;255;1510188840;1
32;16;10;5;1;36;1510189004;36;255;1510189011;0
32;16;10;5;1;36;1510189061;36;255;1510189069;0
32;16;10;5;1;36;1510189087;36;255;1510189095;0
32;16;10;5;1;36;1510189773;36;255;1510189780;0
32;16;10;5;1;36;1510189947;36;255;1510189954;1
32;16;10;5;1;36;1510190002;36;255;1510190009;0
32;16;10;5;1;36;1510190032;36;255;1510190039;0
32;16;10;5;1;36;1510190713;36;255;1510190721;0
32;16;10;5;1;36;1510190888;36;255;1510190896;0
32;16;10;5;1;36;1510190941;36;255;1510190949;0
32;16;10;5;1;36;1510190975;36;255;1510190983;0
32;16;10;5;1;36;1510191655;36;255;1510191663;1
32;16;10;5;1;36;1510191833;36;255;1510191841;1
32;16;10;5;1;36;1510191882;36;255;1510191890;1
32;16;10;5;1;36;1510191918;36;255;1510191926;0
32;16;10;5;1;36;1510192599;36;255;1510192607;0
32;16;10;5;1;36;1510192775;36;255;1510192782;1
32;16;10;5;1;36;1510192823;36;255;1510192831;0
32;16;10;5;1;36;1510192862;36;255;1510192869;0
32;16;10;5;1;36;1510193539;36;255;1510193547;0
32;16;10;5;1;36;1510193717;36;255;1510193724;0
32;16;10;5;1;36;1510193766;36;255;1510193773;1
32;16;10;5;1;36;1510193805;36;255;1510193812;0
32;16;10;5;1;36;1510194479;36;255;1510194487;1
32;16;10;5;1;36;1510194658;36;255;1510194666;0
32;16;10;5;1;36;1510194707;36;255;1510194715;0
32;16;10;5;1;36;1510194747;36;255;1510194755;0
32;16;10;5;1;36;1510195423;36;255;1510195431;0
32;16;10;5;1;36;1510195602;36;255;1510195610;0
32;16;10;5;1;36;1510195650;36;255;1510195658;1
32;16;10;5;1;36;1510195688;36;255;1510195696;0
32;16;10;5;1;36;1510196365;36;255;1510196373;1
32;16;10;5;1;36;1510196546;36;255;1510196554;0
32;16;10;5;1;36;1510196593;36;255;1510196601;0
32;16;10;5;1;36;1510196628;36;255;1510196636;0
32;16;10;5;1;36;1510197309;36;255;1510197317;0
32;16;10;5;1;36;1510197487;36;255;1510197494;1
32;16;10;5;1;36;1510197536;36;255;1510197544;0
32;16;10;5;1;36;1510197569;36;255;1510197577;0
32;16;10;5;1;36;1510198250;36;255;1510198258;0
32;16;10;5;1;36;1510198429;36;255;1510198436;1
32;16;10;5;1;36;1510198481;36;255;1510198489;0
32;16;10;5;1;36;1510198511;36;255;1510198519;0
32;16;10;5;1;36;1510199191;36;255;1510199199;0
32;16;10;5;1;36;1510199369;36;255;1510199377;1
32;16;10;5;1;36;1510199427;36;255;1510199435;0
32;16;10;5;1;36;1510199452;36;255;1510199460;0
32;16;10;5;1;36;1510200133;36;255;1510200141;0
32;16;10;5;1;36;1510200311;36;255;1510200319;1
32;16;10;5;1;36;1510200373;36;255;1510200380;1
32;16;10;5;1;36;1510200392;36;255;1510200400;0
32;16;10;5;1;36;1510201074;36;255;1510201082;0
32;16;10;5;1;36;1510201251;36;255;1510201258;0
32;16;10;5;1;36;1510201316;36;255;1510201324;1
32;16;10;5;1;36;1510201332;36;255;1510201340;0
32;16;10;5;1;36;1510202016;36;255;1510202024;0
32;16;10;5;1;36;1510202193;36;255;1510202201;0
32;16;10;5;1;36;1510202260;36;255;1510202267;0
32;16;10;5;1;36;1510202275;36;255;1510202283;0
32;16;10;5;1;36;1510202958;36;255;1510202966;1
32;16;10;5;1;36;1510203138;36;255;1510203146;0
32;16;10;5;1;36;1510203200;36;255;1510203208;0
32;16;10;5;1;36;1510203219;36;255;1510203227;1
32;16;10;5;1;36;1510203899;36;255;1510203907;0
32;16;10;5;1;36;1510204081;36;255;1510204089;0
32;16;10;5;1;36;1510204142;36;255;1510204150;1
32;16;10;5;1;36;1510204164;36;255;1510204172;0
32;16;10;5;1;36;1510204840;36;255;1510204848;0
32;16;10;5;1;36;1510205021;36;255;1510205028;1
32;16;10;5;1;36;1510205085;36;255;1510205092;0
32;16;10;5;1;36;1510205107;36;255;1510205115;1
32;16;10;5;1;36;1510205783;36;255;1510205791;1
32;16;10;5;1;36;1510205963;36;255;1510205971;0
32;16;10;5;1;36;1510206029;36;255;1510206037;1
32;16;10;5;1;36;1510206050;36;255;1510206058;1
32;16;10;5;1;36;1510206726;36;255;1510206733;0
32;16;10;5;1;36;1510206905;36;255;1510206913;1
32;16;10;5;1;36;1510206971;36;255;1510206979;0
32;16;10;5;1;36;1510206994;36;255;1510207001;0
32;16;10;5;1;36;1510207668;36;255;1510207676;0
32;16;10;5;1;36;1510207848;36;255;1510207856;0
32;16;10;5;1;36;1510207914;36;255;1510207922;0
32;16;10;5;1;36;1510207935;36;255;1510207943;1
32;16;10;5;1;36;1510208608;36;255;1510208615;0
32;16;10;5;1;36;1510208790;36;255;1510208798;1
32;16;10;5;1;36;1510208856;36;255;1510208863;0
32;16;10;5;1;36;1510208876;36;255;1510208884;0
32;16;10;5;1;36;1510209550;36;255;1510209558;0
32;16;10;5;1;36;1510209733;36;255;1510209741;0
32;16;10;5;1;36;1510209799;36;255;1510209807;0
32;16;10;5;1;36;1510209819;36;255;1510209827;0
32;16;10;5;1;36;1510210494;36;255;1510210502;0
32;16;10;5;1;36;1510210673;36;255;1510210681;1
32;16;10;5;1;36;1510210741;36;255;1510210749;0
32;16;10;5;1;36;1510210763;36;255;1510210770;0
32;16;10;5;1;36;1510211436;36;255;1510211444;0
32;16;10;5;1;36;1510211615;36;255;1510211623;0
32;16;10;5;1;36;1510211682;36;255;1510211690;0
32;16;10;5;1;36;1510211704;36;255;1510211712;0
32;16;10;5;1;36;1510212379;36;255;1510212386;1
32;16;10;5;1;36;1510212557;36;255;1510212565;0
32;16;10;5;1;36;1510212622;36;255;1510212630;0
32;16;10;5;1;36;1510212646;36;255;1510212654;0
32;16;10;5;1;36;1510213321;36;255;1510213329;0
32;16;10;5;1;36;1510213500;36;255;1510213508;1
32;16;10;5;1;36;1510213567;36;255;1510213575;0
32;16;10;5;1;36;1510213589;36;255;1510213597;0
32;16;10;5;1;36;1510214263;36;255;1510214271;1
32;16;10;5;1;36;1510214443;36;255;1510214450;0
32;16;10;5;1;36;1510214508;36;255;1510214516;0
32;16;10;5;1;36;1510214533;36;255;1510214541;0
32;16;10;5;1;36;1510215206;36;255;1510215214;0
32;16;10;5;1;36;1510215383;36;255;1510215391;0
32;16;10;5;1;36;1510215449;36;255;1510215457;0
32;16;10;5;1;36;1510215476;36;255;1510215484;0
32;16;10;5;1;36;1510216147;36;255;1510216155;0
32;16;10;5;1;36;1510216324;36;255;1510216332;0
32;16;10;5;1;36;1510216391;36;255;1510216399;0
32;16;10;5;1;36;1510216419;36;255;1510216427;1
32;16;10;5;1;36;1510217091;36;255;1510217099;0
32;16;10;5;1;36;1510217266;36;255;1510217274;0
32;16;10;5;1;36;1510217332;36;255;1510217340;0
32;16;10;5;1;36;1510217363;36;255;1510217371;0
32;16;10;5;1;36;1510218033;36;255;1510218041;0
32;16;10;5;1;36;1510218209;36;255;1510218217;0
32;16;10;5;1;36;1510218275;36;255;1510218283;0
32;16;10;5;1;36;1510218305;36;255;1510218313;1
32;16;10;5;1;36;1510218978;36;255;1510218986;0
32;16;10;5;1;36;1510219171;36;255;1510219179;0
32;16;10;5;1;36;1510219227;36;255;1510219235;0
32;16;10;5;1;36;1510219264;36;255;1510219272;0
32;16;10;5;1;36;1510219976;36;255;1510219985;0
32;16;10;5;1;36;1510220175;36;255;1510220184;0
32;16;10;5;1;36;1510220237;36;255;1510220246;0
32;16;10;5;1;36;1510220272;36;255;1510220280;0
32;16;10;5;1;36;1510220996;36;255;1510221004;0
32;16;10;5;1;36;1510221181;36;255;1510221189;0
32;16;10;5;1;36;1510221225;36;255;1510221233;0
32;16;10;5;1;36;1510221269;36;255;1510221278;0
32;16;10;5;1;36;1510221972;36;255;1510221981;0
32;16;10;5;1;36;1510222167;36;255;1510222175;1
32;16;10;5;1;36;1510222219;36;255;1510222227;0
32;16;10;5;1;36;1510222286;36;255;1510222294;0
32;16;10;5;1;36;1510222978;36;255;1510222986;1
32;16;10;5;1;36;1510223180;36;255;1510223189;0
32;16;10;5;1;36;1510223235;36;255;1510223243;0
32;16;10;5;1;36;1510223301;36;255;1510223310;0
32;16;10;5;1;36;1510224001;36;255;1510224009;1
32;16;10;5;1;36;1510224192;36;255;1510224200;0
32;16;10;5;1;36;1510224253;36;255;1510224260;1
32;16;10;5;1;36;1510224309;36;255;1510224317;0
32;16;10;5;1;36;1510225009;36;255;1510225017;0
32;16;10;5;1;36;1510225198;36;255;1510225206;0
32;16;10;5;1;36;1510225250;36;255;1510225258;1
32;16;10;5;1;36;1510225305;36;255;1510225313;1
32;16;10;5;1;36;1510226006;36;255;1510226014;0
32;16;10;5;1;36;1510226203;36;255;1510226212;0
32;16;10;5;1;36;1510226258;36;255;1510226267;0
32;16;10;5;1;36;1510226311;36;255;1510226320;0
32;16;10;5;1;36;1510227021;36;255;1510227029;1
32;16;10;5;1;36;1510227209;36;255;1510227217;1
32;16;10;5;1;36;1510252993;36;255;1510253001;1
32;16;10;5;1;36;1510252994;36;255;1510253002;0
32;16;10;5;1;36;1510253002;36;255;1510253010;0
32;16;10;5;1;36;1510253003;36;255;1510253011;0
32;16;10;5;1;36;1510253956;36;255;1510253964;0
32;16;10;5;1;36;1510253959;36;255;1510253966;0
32;16;10;5;1;36;1510253961;36;255;1510253969;0
32;16;10;5;1;36;1510253980;36;255;1510253987;1
32;16;10;5;1;36;1510254890;36;255;1510254898;0
32;16;10;5;1;36;1510254891;36;255;1510254899;0
32;16;10;5;1;36;1510254892;36;255;1510254900;1
32;16;10;5;1;36;1510254914;36;255;1510254922;0
32;16;10;5;1;36;1510255823;36;255;1510255830;0
32;16;10;5;1;36;1510255823;36;255;1510255830;0
32;16;10;5;1;36;1510255827;36;255;1510255834;0
32;16;10;5;1;36;1510255848;36;255;1510255856;0
32;16;10;5;1;36;1510256753;36;255;1510256761;1
32;16;10;5;1;36;1510256755;36;255;1510256763;0
32;16;10;5;1;36;1510256762;36;255;1510256770;1
32;16;10;5;1;36;1510256783;36;255;1510256790;1
32;16;10;5;1;36;1510257684;36;255;1510257692;0
32;16;10;5;1;36;1510257687;36;255;1510257694;1
32;16;10;5;1;36;1510257697;36;255;1510257705;0
32;16;10;5;1;36;1510257718;36;255;1510257726;1
32;16;10;5;1;36;1510258615;36;255;1510258623;0
32;16;10;5;1;36;1510258619;36;255;1510258626;0
32;16;10;5;1;36;1510258633;36;255;1510258641;1
32;16;10;5;1;36;1510258653;36;255;1510258661;1
32;16;10;5;1;36;1510259546;36;255;1510259553;0
32;16;10;5;1;36;1510259550;36;255;1510259558;0
32;16;10;5;1;36;1510259569;36;255;1510259576;0
32;16;10;5;1;36;1510259588;36;255;1510259596;0
32;16;10;5;1;36;1510260477;36;255;1510260484;1
32;16;10;5;1;36;1510260483;36;255;1510260491;0
32;16;10;5;1;36;1510260505;36;255;1510260512;0
32;16;10;5;1;36;1510260523;36;255;1510260530;0
32;16;10;5;1;36;1510261409;36;255;1510261417;0
32;16;10;5;1;36;1510261415;36;255;1510261423;1
32;16;10;5;1;36;1510261440;36;255;1510261448;1
32;16;10;5;1;36;1510261459;36;255;1510261467;1
32;16;10;5;1;36;1510262340;36;255;1510262348;0
32;16;10;5;1;36;1510262346;36;255;1510262354;0
32;16;10;5;1;36;1510262375;36;255;1510262383;0
32;16;10;5;1;36;1510262394;36;255;1510262402;0
32;16;10;5;1;36;1510263271;36;255;1510263278;0
32;16;10;5;1;36;1510263278;36;255;1510263285;0
32;16;10;5;1;36;1510263310;36;255;1510263318;0
32;16;10;5;1;36;1510263330;36;255;1510263337;0
32;16;10;5;1;36;1510264201;36;255;1510264209;0
32;16;10;5;1;36;1510264210;36;255;1510264217;1
32;16;10;5;1;36;1510264248;36;255;1510264255;1
32;16;10;5;1;36;1510264264;36;255;1510264272;0
32;16;10;5;1;36;1510265134;36;255;1510265142;0
32;16;10;5;1;36;1510265141;36;255;1510265149;1
32;16;10;5;1;36;1510265183;36;255;1510265191;0
32;16;10;5;1;36;1510265200;36;255;1510265207;0
32;16;10;5;1;36;1510266064;36;255;1510266072;0
32;16;10;5;1;36;1510266072;36;255;1510266080;0
32;16;10;5;1;36;1510266120;36;255;1510266127;1
32;16;10;5;1;36;1510266135;36;255;1510266143;1
32;16;10;5;1;36;1510266995;36;255;1510267003;1
32;16;10;5;1;36;1510267004;36;255;1510267012;0
32;16;10;5;1;36;1510267056;36;255;1510267063;0
32;16;10;5;1;36;1510267070;36;255;1510267078;1
32;16;10;5;1;36;1510267926;36;255;1510267933;0
32;16;10;5;1;36;1510267936;36;255;1510267943;0
32;16;10;5;1;36;1510267993;36;255;1510268001;0
32;16;10;5;1;36;1510268005;36;255;1510268012;1
32;16;10;5;1;36;1510268856;36;255;1510268865;0
32;16;10;5;1;36;1510268867;36;255;1510268875;1
32;16;10;5;1;36;1510268930;36;255;1510268938;0
32;16;10;5;1;36;1510268940;36;255;1510268947;0
32;16;10;5;1;36;1510269788;36;255;1510269796;0
32;16;10;5;1;36;1510269799;36;255;1510269806;1
32;16;10;5;1;36;1510269867;36;255;1510269875;1
32;16;10;5;1;36;1510269875;36;255;1510269883;0
32;16;10;5;1;36;1510270719;36;255;1510270727;1
32;16;10;5;1;36;1510270732;36;255;1510270740;0
32;16;10;5;1;36;1510270805;36;255;1510270813;0
32;16;10;5;1;36;1510270811;36;255;1510270818;0
32;16;10;5;1;36;1510271650;36;255;1510271658;1
32;16;10;5;1;36;1510271666;36;255;1510271674;1
32;16;10;5;1;36;1510271739;36;255;1510271747;0
32;16;10;5;1;36;1510271747;36;255;1510271754;1
32;16;10;5;1;36;1510272583;36;255;1510272590;0
32;16;10;5;1;36;1510272602;36;255;1510272610;0
32;16;10;5;1;36;1510272671;36;255;1510272679;1
32;16;10;5;1;36;1510272682;36;255;1510272690;0
32;16;10;5;1;36;1510273514;36;255;1510273521;0
32;16;10;5;1;36;1510273539;36;255;1510273547;1
32;16;10;5;1;36;1510273602;36;255;1510273610;0
32;16;10;5;1;36;1510273619;36;255;1510273627;0
32;16;10;5;1;36;1510274444;36;255;1510274452;0
32;16;10;5;1;36;1510274475;36;255;1510274483;0
32;16;10;5;1;36;1510274534;36;255;1510274542;0
32;16;10;5;1;36;1510274554;36;255;1510274562;1
32;16;10;5;1;36;1510275375;36;255;1510275383;0
32;16;10;5;1;36;1510275413;36;255;1510275420;0
32;16;10;5;1;36;1510275467;36;255;1510275474;1
32;16;10;5;1;36;1510275489;36;255;1510275497;0
32;16;10;5;1;36;1510276306;36;255;1510276314;0
32;16;10;5;1;36;1510276349;36;255;1510276357;0
32;16;10;5;1;36;1510276402;36;255;1510276410;0
32;16;10;5;1;36;1510276421;36;255;1510276429;1
32;16;10;5;1;36;1510277239;36;255;1510277246;0
32;16;10;5;1;36;1510277286;36;255;1510277294;1
32;16;10;5;1;36;1510277339;36;255;1510277347;1
32;16;10;5;1;36;1510277352;36;255;1510277360;0
32;16;10;5;1;36;1510278170;36;255;1510278177;1
32;16;10;5;1;36;1510278222;36;255;1510278230;0
32;16;10;5;1;36;1510278275;36;255;1510278282;0
32;16;10;5;1;36;1510278284;36;255;1510278291;0
32;16;10;5;1;36;1510279101;36;255;1510279109;1
32;16;10;5;1;36;1510279159;36;255;1510279167;1
32;16;10;5;1;36;1510279210;36;255;1510279218;0
32;16;10;5;1;36;1510279215;36;255;1510279223;0
32;16;10;5;1;36;1510280032;36;255;1510280039;1
32;16;10;5;1;36;1510280096;36;255;1510280104;1
32;16;10;5;1;36;1510280146;36;255;1510280154;0
32;16;10;5;1;36;1510280147;36;255;1510280155;0
32;16;10;5;1;36;1510280962;36;255;1510280970;0
32;16;10;5;1;36;1510281033;36;255;1510281041;0
32;16;10;5;1;36;1510281078;36;255;1510281086;0
32;16;10;5;1;36;1510281082;36;255;1510281090;0
32;16;10;5;1;36;1510281893;36;255;1510281901;0
32;16;10;5;1;36;1510281972;36;255;1510281980;1
32;16;10;5;1;36;1510282010;36;255;1510282017;0
32;16;10;5;1;36;1510282018;36;255;1510282025;0
32;16;10;5;1;36;1510282824;36;255;1510282832;0
32;16;10;5;1;36;1510282911;36;255;1510282919;0
32;16;10;5;1;36;1510282941;36;255;1510282949;1
32;16;10;5;1;36;1510282953;36;255;1510282961;0
32;16;10;5;1;36;1510283755;36;255;1510283763;1
32;16;10;5;1;36;1510283849;36;255;1510283856;0
32;16;10;5;1;36;1510283873;36;255;1510283880;1
32;16;10;5;1;36;1510283889;36;255;1510283896;0
32;16;10;5;1;36;1510284686;36;255;1510284693;0
32;16;10;5;1;36;1510284787;36;255;1510284794;1
32;16;10;5;1;36;1510284804;36;255;1510284812;0
32;16;10;5;1;36;1510284824;36;255;1510284832;0
32;16;10;5;1;36;1510285616;36;255;1510285624;1
32;16;10;5;1;36;1510285724;36;255;1510285732;0
32;16;10;5;1;36;1510285739;36;255;1510285747;1
32;16;10;5;1;36;1510285755;36;255;1510285763;1
32;16;10;5;1;36;1510286547;36;255;1510286555;0
32;16;10;5;1;36;1510286661;36;255;1510286669;1
32;16;10;5;1;36;1510286676;36;255;1510286683;0
32;16;10;5;1;36;1510286687;36;255;1510286695;1
32;16;10;5;1;36;1510287478;36;255;1510287486;1
32;16;10;5;1;36;1510287599;36;255;1510287607;1
32;16;10;5;1;36;1510287612;36;255;1510287620;1
32;16;10;5;1;36;1510287618;36;255;1510287626;1
32;16;10;5;1;36;1510288410;36;255;1510288418;0
32;16;10;5;1;36;1510288536;36;255;1510288544;0
32;16;10;5;1;36;1510288548;36;255;1510288556;0
32;16;10;5;1;36;1510288550;36;255;1510288558;1
32;16;10;5;1;36;1510289342;36;255;1510289350;0
32;16;10;5;1;36;1510289474;36;255;1510289482;0
32;16;10;5;1;36;1510289482;36;255;1510289489;0
32;16;10;5;1;36;1510289482;36;255;1510289490;1
32;16;10;5;1;36;1510290275;36;255;1510290282;0
32;16;10;5;1;36;1510290412;36;255;1510290420;1
32;16;10;5;1;36;1510290414;36;255;1510290422;0
32;16;10;5;1;36;1510290417;36;255;1510290425;0
32;16;10;5;1;36;1510291207;36;255;1510291215;0
32;16;10;5;1;36;1510291346;36;255;1510291353;0
32;16;10;5;1;36;1510291350;36;255;1510291358;0
32;16;10;5;1;36;1510291352;36;255;1510291360;0
32;16;10;5;1;36;1510292139;36;255;1510292147;0
32;16;10;5;1;36;1510292277;36;255;1510292285;1
32;16;10;5;1;36;1510292287;36;255;1510292295;0
32;16;10;5;1;36;1510292288;36;255;1510292296;1
32;16;10;5;1;36;1510293072;36;255;1510293080;0
32;16;10;5;1;36;1510293208;36;255;1510293216;0
32;16;10;5;1;36;1510293222;36;255;1510293229;0
32;16;10;5;1;36;1510293225;36;255;1510293233;1
32;16;10;5;1;36;1510294004;36;255;1510294012;1
32;16;10;5;1;36;1510294141;36;255;1510294148;0
32;16;10;5;1;36;1510294156;36;255;1510294164;0
32;16;10;5;1;36;1510294165;36;255;1510294173;0
32;16;10;5;1;36;1510294937;36;255;1510294945;1
32;16;10;5;1;36;1510295072;36;255;1510295080;0
32;16;10;5;1;36;1510295090;36;255;1510295098;1
32;16;10;5;1;36;1510295103;36;255;1510295111;0
32;16;10;5;1;36;1510295870;36;255;1510295878;0
32;16;10;5;1;36;1510296004;36;255;1510296012;1
32;16;10;5;1;36;1510296024;36;255;1510296032;0
32;16;10;5;1;36;1510296042;36;255;1510296050;0
32;16;10;5;1;36;1510296803;36;255;1510296811;1
32;16;10;5;1;36;1510296937;36;255;1510296944;1
32;16;10;5;1;36;1510296960;36;255;1510296968;1
32;16;10;5;1;36;1510296979;36;255;1510296987;0
32;16;10;5;1;36;1510297736;36;255;1510297744;0
32;16;10;5;1;36;1510297868;36;255;1510297876;1
32;16;10;5;1;36;1510297895;36;255;1510297903;0
32;16;10;5;1;36;1510297917;36;255;1510297925;1
32;16;10;5;1;36;1510298668;36;255;1510298676;0
32;16;10;5;1;36;1510298800;36;255;1510298807;0
32;16;10;5;1;36;1510298830;36;255;1510298838;0
32;16;10;5;1;36;1510298855;36;255;1510298863;0
32;16;10;5;1;36;1510299600;36;255;1510299608;0
32;16;10;5;1;36;1510299731;36;255;1510299739;1
32;16;10;5;1;36;1510299765;36;255;1510299773;0
32;16;10;5;1;36;1510299793;36;255;1510299801;0
32;16;10;5;1;36;1510300533;36;255;1510300541;0
32;16;10;5;1;36;1510300663;36;255;1510300671;1
32;16;10;5;1;36;1510300700;36;255;1510300708;0
32;16;10;5;1;36;1510300731;36;255;1510300739;0
32;16;10;5;1;36;1510301467;36;255;1510301474;0
32;16;10;5;1;36;1510301596;36;255;1510301603;0
32;16;10;5;1;36;1510301639;36;255;1510301647;1
32;16;10;5;1;36;1510301666;36;255;1510301674;1
32;16;10;5;1;36;1510302399;36;255;1510302407;1
32;16;10;5;1;36;1510302527;36;255;1510302535;0
32;16;10;5;1;36;1510302578;36;255;1510302586;0
32;16;10;5;1;36;1510302601;36;255;1510302609;0
32;16;10;5;1;36;1510303367;36;255;1510303376;0
32;16;10;5;1;36;1510303510;36;255;1510303519;0
32;16;10;5;1;36;1510303563;36;255;1510303572;0
32;16;10;5;1;36;1510303596;36;255;1510303604;0
32;16;10;5;1;36;1510304340;36;255;1510304348;1
32;16;10;5;1;36;1510304487;36;255;1510304495;1
32;16;10;5;1;36;1510304533;36;255;1510304540;1
32;16;10;5;1;36;1510304583;36;255;1510304590;1
32;16;10;5;1;36;1510305320;36;255;1510305328;0
32;16;10;5;1;36;1510305443;36;255;1510305451;1
32;16;10;5;1;36;1510305500;36;255;1510305508;0
32;16;10;5;1;36;1510305550;36;255;1510305559;0
32;16;10;5;1;36;1510306286;36;255;1510306295;0
32;16;10;5;1;36;1510306430;36;255;1510306439;1
32;16;10;5;1;36;1510306481;36;255;1510306490;0
32;16;10;5;1;36;1510306568;36;255;1510306577;1
32;16;10;5;1;36;1510307311;36;255;1510307319;0
