32;16;10;5;1;37;1509981701;37;255;1509981710;0
32;16;10;5;1;37;1509981771;37;255;1509981779;0
32;16;10;5;1;37;1509981842;37;255;1509981850;0
32;16;10;5;1;37;1509981948;37;255;1509981956;0
32;16;10;5;1;37;1509982698;37;255;1509982706;0
32;16;10;5;1;37;1509982757;37;255;1509982765;0
32;16;10;5;1;37;1509982826;37;255;1509982834;0
32;16;10;5;1;37;1509982927;37;255;1509982935;0
32;16;10;5;1;37;1509983643;37;255;1509983651;0
32;16;10;5;1;37;1509983702;37;255;1509983710;1
32;16;10;5;1;37;1509983770;37;255;1509983778;0
32;16;10;5;1;37;1509983881;37;255;1509983889;1
32;16;10;5;1;37;1509984586;37;255;1509984594;1
32;16;10;5;1;37;1509984641;37;255;1509984649;1
32;16;10;5;1;37;1509984712;37;255;1509984720;1
32;16;10;5;1;37;1509984820;37;255;1509984828;0
32;16;10;5;1;37;1509985526;37;255;1509985534;0
32;16;10;5;1;37;1509985583;37;255;1509985591;1
32;16;10;5;1;37;1509985655;37;255;1509985663;0
32;16;10;5;1;37;1509985762;37;255;1509985770;1
32;16;10;5;1;37;1509986467;37;255;1509986475;1
32;16;10;5;1;37;1509986526;37;255;1509986533;1
32;16;10;5;1;37;1509986595;37;255;1509986602;0
32;16;10;5;1;37;1509986706;37;255;1509986713;1
32;16;10;5;1;37;1509987407;37;255;1509987415;1
32;16;10;5;1;37;1509987470;37;255;1509987478;1
32;16;10;5;1;37;1509987534;37;255;1509987541;0
32;16;10;5;1;37;1509987647;37;255;1509987655;0
32;16;10;5;1;37;1509988350;37;255;1509988358;1
32;16;10;5;1;37;1509988411;37;255;1509988419;0
32;16;10;5;1;37;1509988474;37;255;1509988482;0
32;16;10;5;1;37;1509988589;37;255;1509988597;0
32;16;10;5;1;37;1509989292;37;255;1509989299;0
32;16;10;5;1;37;1509989354;37;255;1509989362;0
32;16;10;5;1;37;1509989419;37;255;1509989427;0
32;16;10;5;1;37;1509989530;37;255;1509989538;0
32;16;10;5;1;37;1509990232;37;255;1509990240;0
32;16;10;5;1;37;1509990295;37;255;1509990304;1
32;16;10;5;1;37;1509990359;37;255;1509990367;0
32;16;10;5;1;37;1509990473;37;255;1509990481;0
32;16;10;5;1;37;1509991175;37;255;1509991183;1
32;16;10;5;1;37;1509991236;37;255;1509991244;0
32;16;10;5;1;37;1509991299;37;255;1509991307;1
32;16;10;5;1;37;1509991415;37;255;1509991423;0
32;16;10;5;1;37;1509992117;37;255;1509992125;0
32;16;10;5;1;37;1509992178;37;255;1509992186;1
32;16;10;5;1;37;1509992239;37;255;1509992247;1
32;16;10;5;1;37;1509992357;37;255;1509992364;0
32;16;10;5;1;37;1509993060;37;255;1509993068;0
32;16;10;5;1;37;1509993119;37;255;1509993127;0
32;16;10;5;1;37;1509993180;37;255;1509993188;0
32;16;10;5;1;37;1509993298;37;255;1509993306;1
32;16;10;5;1;37;1509994001;37;255;1509994008;0
32;16;10;5;1;37;1509994060;37;255;1509994068;0
32;16;10;5;1;37;1509994121;37;255;1509994129;0
32;16;10;5;1;37;1509994240;37;255;1509994248;0
32;16;10;5;1;37;1509994942;37;255;1509994950;1
32;16;10;5;1;37;1509995001;37;255;1509995009;1
32;16;10;5;1;37;1509995062;37;255;1509995070;0
32;16;10;5;1;37;1509995181;37;255;1509995189;1
32;16;10;5;1;37;1509995889;37;255;1509995897;0
32;16;10;5;1;37;1509995944;37;255;1509995952;0
32;16;10;5;1;37;1509996019;37;255;1509996027;0
32;16;10;5;1;37;1509996123;37;255;1509996131;0
32;16;10;5;1;37;1509996831;37;255;1509996839;0
32;16;10;5;1;37;1509996885;37;255;1509996892;0
32;16;10;5;1;37;1509996962;37;255;1509996970;0
32;16;10;5;1;37;1509997065;37;255;1509997073;0
32;16;10;5;1;37;1509997773;37;255;1509997781;0
32;16;10;5;1;37;1509997829;37;255;1509997837;0
32;16;10;5;1;37;1509997903;37;255;1509997911;0
32;16;10;5;1;37;1509998004;37;255;1509998012;0
32;16;10;5;1;37;1509998714;37;255;1509998722;0
32;16;10;5;1;37;1509998769;37;255;1509998777;0
32;16;10;5;1;37;1509998843;37;255;1509998851;1
32;16;10;5;1;37;1509998947;37;255;1509998954;0
32;16;10;5;1;37;1509999659;37;255;1509999666;0
32;16;10;5;1;37;1509999712;37;255;1509999720;1
32;16;10;5;1;37;1509999783;37;255;1509999791;0
32;16;10;5;1;37;1509999886;37;255;1509999894;0
32;16;10;5;1;37;1510000600;37;255;1510000608;0
32;16;10;5;1;37;1510000655;37;255;1510000663;0
32;16;10;5;1;37;1510000724;37;255;1510000731;1
32;16;10;5;1;37;1510000825;37;255;1510000833;0
32;16;10;5;1;37;1510001542;37;255;1510001550;0
32;16;10;5;1;37;1510001599;37;255;1510001607;0
32;16;10;5;1;37;1510001663;37;255;1510001671;0
32;16;10;5;1;37;1510001767;37;255;1510001775;0
32;16;10;5;1;37;1510002483;37;255;1510002490;1
32;16;10;5;1;37;1510002543;37;255;1510002551;0
32;16;10;5;1;37;1510002605;37;255;1510002613;0
32;16;10;5;1;37;1510002706;37;255;1510002714;1
32;16;10;5;1;37;1510003425;37;255;1510003433;0
32;16;10;5;1;37;1510003484;37;255;1510003492;0
32;16;10;5;1;37;1510003548;37;255;1510003556;0
32;16;10;5;1;37;1510003649;37;255;1510003657;1
32;16;10;5;1;37;1510004364;37;255;1510004372;1
32;16;10;5;1;37;1510004423;37;255;1510004431;1
32;16;10;5;1;37;1510004493;37;255;1510004501;1
32;16;10;5;1;37;1510004591;37;255;1510004599;0
32;16;10;5;1;37;1510005306;37;255;1510005314;1
32;16;10;5;1;37;1510005366;37;255;1510005374;0
32;16;10;5;1;37;1510005433;37;255;1510005441;0
32;16;10;5;1;37;1510005532;37;255;1510005540;0
32;16;10;5;1;37;1510006246;37;255;1510006254;1
32;16;10;5;1;37;1510006305;37;255;1510006313;1
32;16;10;5;1;37;1510006379;37;255;1510006386;0
32;16;10;5;1;37;1510006473;37;255;1510006481;0
32;16;10;5;1;37;1510007187;37;255;1510007195;0
32;16;10;5;1;37;1510007245;37;255;1510007253;0
32;16;10;5;1;37;1510007323;37;255;1510007331;1
32;16;10;5;1;37;1510007413;37;255;1510007420;0
32;16;10;5;1;37;1510008127;37;255;1510008135;0
32;16;10;5;1;37;1510008185;37;255;1510008192;0
32;16;10;5;1;37;1510008263;37;255;1510008271;1
32;16;10;5;1;37;1510008357;37;255;1510008365;1
32;16;10;5;1;37;1510009068;37;255;1510009076;0
32;16;10;5;1;37;1510009126;37;255;1510009134;0
32;16;10;5;1;37;1510009205;37;255;1510009212;1
32;16;10;5;1;37;1510009298;37;255;1510009306;0
32;16;10;5;1;37;1510010010;37;255;1510010018;0
32;16;10;5;1;37;1510010067;37;255;1510010075;1
32;16;10;5;1;37;1510010147;37;255;1510010155;0
32;16;10;5;1;37;1510010242;37;255;1510010250;1
32;16;10;5;1;37;1510010950;37;255;1510010958;0
32;16;10;5;1;37;1510011009;37;255;1510011017;0
32;16;10;5;1;37;1510011088;37;255;1510011096;0
32;16;10;5;1;37;1510011184;37;255;1510011192;0
32;16;10;5;1;37;1510011890;37;255;1510011897;1
32;16;10;5;1;37;1510011952;37;255;1510011960;1
32;16;10;5;1;37;1510012031;37;255;1510012039;1
32;16;10;5;1;37;1510012123;37;255;1510012131;0
32;16;10;5;1;37;1510012833;37;255;1510012841;1
32;16;10;5;1;37;1510012895;37;255;1510012903;0
32;16;10;5;1;37;1510012971;37;255;1510012978;1
32;16;10;5;1;37;1510013065;37;255;1510013073;1
32;16;10;5;1;37;1510013775;37;255;1510013782;0
32;16;10;5;1;37;1510013838;37;255;1510013846;0
32;16;10;5;1;37;1510013911;37;255;1510013919;0
32;16;10;5;1;37;1510014008;37;255;1510014015;0
32;16;10;5;1;37;1510014717;37;255;1510014725;0
32;16;10;5;1;37;1510014780;37;255;1510014788;0
32;16;10;5;1;37;1510014852;37;255;1510014860;0
32;16;10;5;1;37;1510014949;37;255;1510014957;0
32;16;10;5;1;37;1510015658;37;255;1510015666;0
32;16;10;5;1;37;1510015721;37;255;1510015729;0
32;16;10;5;1;37;1510015793;37;255;1510015801;1
32;16;10;5;1;37;1510015890;37;255;1510015897;0
32;16;10;5;1;37;1510016599;37;255;1510016607;0
32;16;10;5;1;37;1510016664;37;255;1510016672;0
32;16;10;5;1;37;1510016734;37;255;1510016742;1
32;16;10;5;1;37;1510016831;37;255;1510016839;0
32;16;10;5;1;37;1510017540;37;255;1510017548;0
32;16;10;5;1;37;1510017606;37;255;1510017614;0
32;16;10;5;1;37;1510017675;37;255;1510017683;1
32;16;10;5;1;37;1510017772;37;255;1510017780;0
32;16;10;5;1;37;1510018480;37;255;1510018488;0
32;16;10;5;1;37;1510018549;37;255;1510018557;0
32;16;10;5;1;37;1510018617;37;255;1510018624;0
32;16;10;5;1;37;1510018714;37;255;1510018722;0
32;16;10;5;1;37;1510019423;37;255;1510019431;0
32;16;10;5;1;37;1510019492;37;255;1510019500;0
32;16;10;5;1;37;1510019556;37;255;1510019564;0
32;16;10;5;1;37;1510019656;37;255;1510019663;0
32;16;10;5;1;37;1510020363;37;255;1510020371;0
32;16;10;5;1;37;1510020436;37;255;1510020444;0
32;16;10;5;1;37;1510020497;37;255;1510020505;0
32;16;10;5;1;37;1510020595;37;255;1510020603;0
32;16;10;5;1;37;1510021304;37;255;1510021312;0
32;16;10;5;1;37;1510021377;37;255;1510021385;0
32;16;10;5;1;37;1510021439;37;255;1510021447;1
32;16;10;5;1;37;1510021538;37;255;1510021546;0
32;16;10;5;1;37;1510022245;37;255;1510022253;1
32;16;10;5;1;37;1510022318;37;255;1510022325;0
32;16;10;5;1;37;1510022380;37;255;1510022388;0
32;16;10;5;1;37;1510022479;37;255;1510022487;0
32;16;10;5;1;37;1510023186;37;255;1510023194;0
32;16;10;5;1;37;1510023259;37;255;1510023267;0
32;16;10;5;1;37;1510023325;37;255;1510023333;0
32;16;10;5;1;37;1510023419;37;255;1510023427;0
32;16;10;5;1;37;1510024129;37;255;1510024136;1
32;16;10;5;1;37;1510024199;37;255;1510024207;0
32;16;10;5;1;37;1510024266;37;255;1510024274;0
32;16;10;5;1;37;1510024361;37;255;1510024369;0
32;16;10;5;1;37;1510025072;37;255;1510025080;1
32;16;10;5;1;37;1510025140;37;255;1510025148;1
32;16;10;5;1;37;1510025208;37;255;1510025216;1
32;16;10;5;1;37;1510025301;37;255;1510025308;1
32;16;10;5;1;37;1510026015;37;255;1510026023;1
32;16;10;5;1;37;1510026080;37;255;1510026088;0
32;16;10;5;1;37;1510026150;37;255;1510026157;0
32;16;10;5;1;37;1510026241;37;255;1510026249;1
32;16;10;5;1;37;1510026956;37;255;1510026963;1
32;16;10;5;1;37;1510027021;37;255;1510027029;0
32;16;10;5;1;37;1510027093;37;255;1510027101;0
32;16;10;5;1;37;1510027183;37;255;1510027191;0
32;16;10;5;1;37;1510027897;37;255;1510027905;1
32;16;10;5;1;37;1510027963;37;255;1510027970;0
32;16;10;5;1;37;1510028034;37;255;1510028042;0
32;16;10;5;1;37;1510028122;37;255;1510028130;0
32;16;10;5;1;37;1510028839;37;255;1510028847;1
32;16;10;5;1;37;1510028906;37;255;1510028913;0
32;16;10;5;1;37;1510028976;37;255;1510028984;0
32;16;10;5;1;37;1510029061;37;255;1510029069;1
32;16;10;5;1;37;1510029781;37;255;1510029789;1
32;16;10;5;1;37;1510029848;37;255;1510029856;1
32;16;10;5;1;37;1510029918;37;255;1510029925;0
32;16;10;5;1;37;1510030002;37;255;1510030010;0
32;16;10;5;1;37;1510030722;37;255;1510030730;0
32;16;10;5;1;37;1510030790;37;255;1510030798;0
32;16;10;5;1;37;1510030863;37;255;1510030870;0
32;16;10;5;1;37;1510030944;37;255;1510030952;0
32;16;10;5;1;37;1510031664;37;255;1510031672;1
32;16;10;5;1;37;1510031729;37;255;1510031737;1
32;16;10;5;1;37;1510031805;37;255;1510031813;0
32;16;10;5;1;37;1510031886;37;255;1510031894;1
32;16;10;5;1;37;1510032603;37;255;1510032611;0
32;16;10;5;1;37;1510032671;37;255;1510032679;0
32;16;10;5;1;37;1510032748;37;255;1510032756;1
32;16;10;5;1;37;1510032828;37;255;1510032836;1
32;16;10;5;1;37;1510033547;37;255;1510033554;1
32;16;10;5;1;37;1510033611;37;255;1510033619;0
32;16;10;5;1;37;1510033689;37;255;1510033697;0
32;16;10;5;1;37;1510033768;37;255;1510033776;0
32;16;10;5;1;37;1510034489;37;255;1510034497;1
32;16;10;5;1;37;1510034554;37;255;1510034562;0
32;16;10;5;1;37;1510034630;37;255;1510034638;0
32;16;10;5;1;37;1510034708;37;255;1510034716;0
32;16;10;5;1;37;1510035429;37;255;1510035437;1
32;16;10;5;1;37;1510035496;37;255;1510035504;1
32;16;10;5;1;37;1510035571;37;255;1510035579;0
32;16;10;5;1;37;1510035650;37;255;1510035658;0
32;16;10;5;1;37;1510036371;37;255;1510036379;0
32;16;10;5;1;37;1510036438;37;255;1510036446;0
32;16;10;5;1;37;1510036513;37;255;1510036520;0
32;16;10;5;1;37;1510036590;37;255;1510036598;0
32;16;10;5;1;37;1510037314;37;255;1510037322;0
32;16;10;5;1;37;1510037380;37;255;1510037388;1
32;16;10;5;1;37;1510037453;37;255;1510037461;1
32;16;10;5;1;37;1510037530;37;255;1510037537;1
32;16;10;5;1;37;1510038254;37;255;1510038262;1
32;16;10;5;1;37;1510038323;37;255;1510038331;1
32;16;10;5;1;37;1510038393;37;255;1510038401;0
32;16;10;5;1;37;1510038471;37;255;1510038479;0
32;16;10;5;1;37;1510039197;37;255;1510039205;0
32;16;10;5;1;37;1510039265;37;255;1510039273;0
32;16;10;5;1;37;1510039337;37;255;1510039344;1
32;16;10;5;1;37;1510039411;37;255;1510039419;0
32;16;10;5;1;37;1510040138;37;255;1510040146;1
32;16;10;5;1;37;1510040205;37;255;1510040213;1
32;16;10;5;1;37;1510040279;37;255;1510040287;0
32;16;10;5;1;37;1510040353;37;255;1510040360;0
32;16;10;5;1;37;1510041079;37;255;1510041086;0
32;16;10;5;1;37;1510041147;37;255;1510041155;1
32;16;10;5;1;37;1510041222;37;255;1510041230;0
32;16;10;5;1;37;1510041292;37;255;1510041300;0
32;16;10;5;1;37;1510042022;37;255;1510042030;0
32;16;10;5;1;37;1510042088;37;255;1510042096;0
32;16;10;5;1;37;1510042165;37;255;1510042173;0
32;16;10;5;1;37;1510042234;37;255;1510042242;0
32;16;10;5;1;37;1510042962;37;255;1510042970;0
32;16;10;5;1;37;1510043031;37;255;1510043039;0
32;16;10;5;1;37;1510043106;37;255;1510043113;0
32;16;10;5;1;37;1510043176;37;255;1510043184;0
32;16;10;5;1;37;1510043902;37;255;1510043910;0
32;16;10;5;1;37;1510043973;37;255;1510043981;1
32;16;10;5;1;37;1510044046;37;255;1510044054;0
32;16;10;5;1;37;1510044118;37;255;1510044126;0
32;16;10;5;1;37;1510044861;37;255;1510044869;0
32;16;10;5;1;37;1510044932;37;255;1510044940;0
32;16;10;5;1;37;1510045008;37;255;1510045016;1
32;16;10;5;1;37;1510045088;37;255;1510045096;0
32;16;10;5;1;37;1510045870;37;255;1510045878;0
32;16;10;5;1;37;1510045951;37;255;1510045959;0
32;16;10;5;1;37;1510046020;37;255;1510046028;0
32;16;10;5;1;37;1510046093;37;255;1510046102;0
32;16;10;5;1;37;1510046867;37;255;1510046875;0
32;16;10;5;1;37;1510046876;37;255;1510046884;0
32;16;10;5;1;37;1510046887;37;255;1510046895;0
32;16;10;5;1;37;1510046889;37;255;1510046897;1
32;16;10;5;1;37;1510047848;37;255;1510047856;1
32;16;10;5;1;37;1510047863;37;255;1510047871;0
32;16;10;5;1;37;1510047864;37;255;1510047871;1
32;16;10;5;1;37;1510047868;37;255;1510047876;1
32;16;10;5;1;37;1510048810;37;255;1510048819;0
32;16;10;5;1;37;1510048819;37;255;1510048828;1
32;16;10;5;1;37;1510048827;37;255;1510048835;0
32;16;10;5;1;37;1510048838;37;255;1510048846;0
32;16;10;5;1;37;1510049842;37;255;1510049850;0
32;16;10;5;1;37;1510049849;37;255;1510049857;0
32;16;10;5;1;37;1510049866;37;255;1510049874;1
32;16;10;5;1;37;1510050799;37;255;1510050807;0
32;16;10;5;1;37;1510050805;37;255;1510050813;0
32;16;10;5;1;37;1510050822;37;255;1510050830;0
32;16;10;5;1;37;1510051757;37;255;1510051765;0
32;16;10;5;1;37;1510051764;37;255;1510051772;0
32;16;10;5;1;37;1510051782;37;255;1510051790;0
32;16;10;5;1;37;1510052714;37;255;1510052722;0
32;16;10;5;1;37;1510052722;37;255;1510052730;0
32;16;10;5;1;37;1510052739;37;255;1510052747;0
32;16;10;5;1;37;1510053672;37;255;1510053680;1
32;16;10;5;1;37;1510053678;37;255;1510053686;0
32;16;10;5;1;37;1510053697;37;255;1510053705;0
32;16;10;5;1;37;1510054630;37;255;1510054638;0
32;16;10;5;1;37;1510054638;37;255;1510054647;1
32;16;10;5;1;37;1510054658;37;255;1510054666;1
32;16;10;5;1;37;1510055600;37;255;1510055608;1
32;16;10;5;1;37;1510055609;37;255;1510055617;0
32;16;10;5;1;37;1510055629;37;255;1510055637;1
32;16;10;5;1;37;1510056557;37;255;1510056564;0
32;16;10;5;1;37;1510056575;37;255;1510056583;0
32;16;10;5;1;37;1510056604;37;255;1510056612;1
32;16;10;5;1;37;1510057509;37;255;1510057516;1
32;16;10;5;1;37;1510057530;37;255;1510057538;1
32;16;10;5;1;37;1510057557;37;255;1510057565;1
32;16;10;5;1;37;1510058449;37;255;1510058457;1
32;16;10;5;1;37;1510058471;37;255;1510058479;0
32;16;10;5;1;37;1510058498;37;255;1510058506;1
32;16;10;5;1;37;1510059390;37;255;1510059398;0
32;16;10;5;1;37;1510059411;37;255;1510059419;1
32;16;10;5;1;37;1510059439;37;255;1510059447;0
32;16;10;5;1;37;1510060339;37;255;1510060347;1
32;16;10;5;1;37;1510060359;37;255;1510060367;0
32;16;10;5;1;37;1510060390;37;255;1510060397;0
32;16;10;5;1;37;1510061300;37;255;1510061308;0
32;16;10;5;1;37;1510061317;37;255;1510061325;0
32;16;10;5;1;37;1510061352;37;255;1510061360;0
32;16;10;5;1;37;1510062296;37;255;1510062304;1
32;16;10;5;1;37;1510062301;37;255;1510062309;0
32;16;10;5;1;37;1510062345;37;255;1510062353;1
32;16;10;5;1;37;1510063251;37;255;1510063259;1
32;16;10;5;1;37;1510063256;37;255;1510063264;0
32;16;10;5;1;37;1510063298;37;255;1510063306;0
32;16;10;5;1;37;1510064209;37;255;1510064217;0
32;16;10;5;1;37;1510064211;37;255;1510064220;0
32;16;10;5;1;37;1510064258;37;255;1510064267;0
32;16;10;5;1;37;1510065180;37;255;1510065188;0
32;16;10;5;1;37;1510065180;37;255;1510065188;0
32;16;10;5;1;37;1510065229;37;255;1510065237;0
32;16;10;5;1;37;1510066137;37;255;1510066145;0
32;16;10;5;1;37;1510066140;37;255;1510066148;1
32;16;10;5;1;37;1510066190;37;255;1510066198;0
32;16;10;5;1;37;1510067099;37;255;1510067107;0
32;16;10;5;1;37;1510067102;37;255;1510067110;1
32;16;10;5;1;37;1510067154;37;255;1510067162;1
32;16;10;5;1;37;1510068056;37;255;1510068064;0
32;16;10;5;1;37;1510068060;37;255;1510068068;1
32;16;10;5;1;37;1510068112;37;255;1510068120;0
32;16;10;5;1;37;1510069007;37;255;1510069014;1
32;16;10;5;1;37;1510069011;37;255;1510069019;1
32;16;10;5;1;37;1510069061;37;255;1510069069;1
32;16;10;5;1;37;1510069967;37;255;1510069975;0
32;16;10;5;1;37;1510069984;37;255;1510069992;1
32;16;10;5;1;37;1510070028;37;255;1510070036;0
32;16;10;5;1;37;1510070934;37;255;1510070942;1
32;16;10;5;1;37;1510070946;37;255;1510070954;0
32;16;10;5;1;37;1510070994;37;255;1510071002;1
32;16;10;5;1;37;1510071907;37;255;1510071915;1
32;16;10;5;1;37;1510071912;37;255;1510071920;0
32;16;10;5;1;37;1510071956;37;255;1510071964;0
32;16;10;5;1;37;1510072856;37;255;1510072864;0
32;16;10;5;1;37;1510072863;37;255;1510072870;0
32;16;10;5;1;37;1510072903;37;255;1510072911;0
32;16;10;5;1;37;1510073800;37;255;1510073808;0
32;16;10;5;1;37;1510073806;37;255;1510073814;0
32;16;10;5;1;37;1510073846;37;255;1510073854;1
32;16;10;5;1;37;1510074743;37;255;1510074751;1
32;16;10;5;1;37;1510074749;37;255;1510074757;1
32;16;10;5;1;37;1510074790;37;255;1510074798;1
32;16;10;5;1;37;1510075549;37;255;1510075558;0
32;16;10;5;1;37;1510075718;37;255;1510075725;1
32;16;10;5;1;37;1510075731;37;255;1510075738;0
32;16;10;5;1;37;1510075771;37;255;1510075778;0
32;16;10;5;1;37;1510076496;37;255;1510076504;1
32;16;10;5;1;37;1510076667;37;255;1510076675;0
32;16;10;5;1;37;1510076672;37;255;1510076680;0
32;16;10;5;1;37;1510076713;37;255;1510076721;0
32;16;10;5;1;37;1510077436;37;255;1510077444;0
32;16;10;5;1;37;1510077606;37;255;1510077614;0
32;16;10;5;1;37;1510077614;37;255;1510077621;1
32;16;10;5;1;37;1510077653;37;255;1510077661;1
32;16;10;5;1;37;1510078374;37;255;1510078382;0
32;16;10;5;1;37;1510078546;37;255;1510078553;1
32;16;10;5;1;37;1510078554;37;255;1510078562;1
32;16;10;5;1;37;1510078594;37;255;1510078602;0
32;16;10;5;1;37;1510079315;37;255;1510079322;0
32;16;10;5;1;37;1510079485;37;255;1510079492;0
32;16;10;5;1;37;1510079493;37;255;1510079501;1
32;16;10;5;1;37;1510079534;37;255;1510079541;0
32;16;10;5;1;37;1510080255;37;255;1510080263;0
32;16;10;5;1;37;1510080425;37;255;1510080433;1
32;16;10;5;1;37;1510080432;37;255;1510080440;1
32;16;10;5;1;37;1510080474;37;255;1510080482;1
32;16;10;5;1;37;1510081196;37;255;1510081204;1
32;16;10;5;1;37;1510081364;37;255;1510081372;0
32;16;10;5;1;37;1510081371;37;255;1510081378;0
32;16;10;5;1;37;1510081415;37;255;1510081423;0
32;16;10;5;1;37;1510082135;37;255;1510082143;1
32;16;10;5;1;37;1510082304;37;255;1510082312;1
32;16;10;5;1;37;1510082310;37;255;1510082318;1
32;16;10;5;1;37;1510082355;37;255;1510082363;0
32;16;10;5;1;37;1510083073;37;255;1510083081;0
32;16;10;5;1;37;1510083244;37;255;1510083252;0
32;16;10;5;1;37;1510083252;37;255;1510083260;1
32;16;10;5;1;37;1510083295;37;255;1510083303;0
32;16;10;5;1;37;1510084013;37;255;1510084021;0
32;16;10;5;1;37;1510084183;37;255;1510084190;0
32;16;10;5;1;37;1510084194;37;255;1510084202;0
32;16;10;5;1;37;1510084235;37;255;1510084243;0
32;16;10;5;1;37;1510084951;37;255;1510084959;0
32;16;10;5;1;37;1510085123;37;255;1510085131;1
32;16;10;5;1;37;1510085136;37;255;1510085144;1
32;16;10;5;1;37;1510085175;37;255;1510085182;1
32;16;10;5;1;37;1510085890;37;255;1510085898;1
32;16;10;5;1;37;1510086065;37;255;1510086073;0
32;16;10;5;1;37;1510086078;37;255;1510086085;0
32;16;10;5;1;37;1510086114;37;255;1510086122;0
32;16;10;5;1;37;1510086829;37;255;1510086837;1
32;16;10;5;1;37;1510087005;37;255;1510087013;1
32;16;10;5;1;37;1510087018;37;255;1510087026;0
32;16;10;5;1;37;1510087054;37;255;1510087062;0
32;16;10;5;1;37;1510087770;37;255;1510087777;0
32;16;10;5;1;37;1510087945;37;255;1510087953;0
32;16;10;5;1;37;1510087958;37;255;1510087966;1
32;16;10;5;1;37;1510087993;37;255;1510088001;0
32;16;10;5;1;37;1510088710;37;255;1510088718;1
32;16;10;5;1;37;1510088886;37;255;1510088894;0
32;16;10;5;1;37;1510088898;37;255;1510088906;0
32;16;10;5;1;37;1510088932;37;255;1510088940;0
32;16;10;5;1;37;1510089649;37;255;1510089656;0
32;16;10;5;1;37;1510089825;37;255;1510089833;1
32;16;10;5;1;37;1510089839;37;255;1510089846;0
32;16;10;5;1;37;1510089875;37;255;1510089883;0
32;16;10;5;1;37;1510090587;37;255;1510090595;0
32;16;10;5;1;37;1510090765;37;255;1510090773;0
32;16;10;5;1;37;1510090779;37;255;1510090786;0
32;16;10;5;1;37;1510090817;37;255;1510090825;0
32;16;10;5;1;37;1510091527;37;255;1510091535;1
32;16;10;5;1;37;1510091704;37;255;1510091712;1
32;16;10;5;1;37;1510091720;37;255;1510091728;0
32;16;10;5;1;37;1510091758;37;255;1510091765;0
32;16;10;5;1;37;1510092466;37;255;1510092474;1
32;16;10;5;1;37;1510092645;37;255;1510092653;0
32;16;10;5;1;37;1510092660;37;255;1510092667;0
32;16;10;5;1;37;1510092698;37;255;1510092706;0
32;16;10;5;1;37;1510093406;37;255;1510093414;0
32;16;10;5;1;37;1510093585;37;255;1510093593;0
32;16;10;5;1;37;1510093600;37;255;1510093608;0
32;16;10;5;1;37;1510093640;37;255;1510093647;0
32;16;10;5;1;37;1510094346;37;255;1510094354;0
32;16;10;5;1;37;1510094523;37;255;1510094531;1
32;16;10;5;1;37;1510094539;37;255;1510094547;1
32;16;10;5;1;37;1510094581;37;255;1510094589;0
32;16;10;5;1;37;1510095288;37;255;1510095296;0
32;16;10;5;1;37;1510095463;37;255;1510095471;0
32;16;10;5;1;37;1510095478;37;255;1510095485;0
32;16;10;5;1;37;1510095521;37;255;1510095528;0
32;16;10;5;1;37;1510096231;37;255;1510096239;0
32;16;10;5;1;37;1510096402;37;255;1510096409;0
32;16;10;5;1;37;1510096417;37;255;1510096424;1
32;16;10;5;1;37;1510096461;37;255;1510096469;0
32;16;10;5;1;37;1510097171;37;255;1510097179;1
32;16;10;5;1;37;1510097342;37;255;1510097350;1
32;16;10;5;1;37;1510097356;37;255;1510097364;1
32;16;10;5;1;37;1510097403;37;255;1510097411;1
32;16;10;5;1;37;1510098110;37;255;1510098118;0
32;16;10;5;1;37;1510098284;37;255;1510098292;1
32;16;10;5;1;37;1510098295;37;255;1510098302;0
32;16;10;5;1;37;1510098342;37;255;1510098350;1
32;16;10;5;1;37;1510099050;37;255;1510099058;0
32;16;10;5;1;37;1510099225;37;255;1510099233;0
32;16;10;5;1;37;1510099232;37;255;1510099240;0
32;16;10;5;1;37;1510099283;37;255;1510099291;1
32;16;10;5;1;37;1510099992;37;255;1510100000;0
32;16;10;5;1;37;1510100166;37;255;1510100174;1
32;16;10;5;1;37;1510100170;37;255;1510100178;0
32;16;10;5;1;37;1510100223;37;255;1510100231;0
32;16;10;5;1;37;1510100932;37;255;1510100940;1
32;16;10;5;1;37;1510101104;37;255;1510101112;0
32;16;10;5;1;37;1510101112;37;255;1510101119;0
32;16;10;5;1;37;1510101163;37;255;1510101171;1
32;16;10;5;1;37;1510101872;37;255;1510101880;0
32;16;10;5;1;37;1510102043;37;255;1510102051;0
32;16;10;5;1;37;1510102052;37;255;1510102060;0
32;16;10;5;1;37;1510102103;37;255;1510102111;0
32;16;10;5;1;37;1510102811;37;255;1510102819;0
32;16;10;5;1;37;1510102983;37;255;1510102991;0
32;16;10;5;1;37;1510102991;37;255;1510102999;1
32;16;10;5;1;37;1510103046;37;255;1510103053;0
32;16;10;5;1;37;1510103749;37;255;1510103757;0
32;16;10;5;1;37;1510103923;37;255;1510103930;1
32;16;10;5;1;37;1510103933;37;255;1510103940;0
32;16;10;5;1;37;1510103986;37;255;1510103994;0
32;16;10;5;1;37;1510104688;37;255;1510104695;0
32;16;10;5;1;37;1510104861;37;255;1510104869;0
32;16;10;5;1;37;1510104874;37;255;1510104882;0
32;16;10;5;1;37;1510104925;37;255;1510104933;0
32;16;10;5;1;37;1510105628;37;255;1510105636;0
32;16;10;5;1;37;1510105801;37;255;1510105808;0
32;16;10;5;1;37;1510105813;37;255;1510105821;0
32;16;10;5;1;37;1510105865;37;255;1510105872;0
32;16;10;5;1;37;1510106569;37;255;1510106577;0
32;16;10;5;1;37;1510106743;37;255;1510106751;0
32;16;10;5;1;37;1510106753;37;255;1510106761;0
32;16;10;5;1;37;1510106803;37;255;1510106811;1
32;16;10;5;1;37;1510107507;37;255;1510107515;0
32;16;10;5;1;37;1510107686;37;255;1510107694;0
32;16;10;5;1;37;1510107692;37;255;1510107700;0
32;16;10;5;1;37;1510107747;37;255;1510107754;1
32;16;10;5;1;37;1510108446;37;255;1510108454;1
32;16;10;5;1;37;1510108626;37;255;1510108634;0
32;16;10;5;1;37;1510108632;37;255;1510108639;1
32;16;10;5;1;37;1510108686;37;255;1510108694;0
32;16;10;5;1;37;1510109385;37;255;1510109393;0
32;16;10;5;1;37;1510109567;37;255;1510109575;0
32;16;10;5;1;37;1510109572;37;255;1510109580;0
32;16;10;5;1;37;1510109627;37;255;1510109635;0
32;16;10;5;1;37;1510110325;37;255;1510110333;1
32;16;10;5;1;37;1510110507;37;255;1510110515;0
32;16;10;5;1;37;1510110513;37;255;1510110521;1
32;16;10;5;1;37;1510110568;37;255;1510110576;1
32;16;10;5;1;37;1510111265;37;255;1510111273;0
32;16;10;5;1;37;1510111447;37;255;1510111455;0
32;16;10;5;1;37;1510111455;37;255;1510111463;0
32;16;10;5;1;37;1510111506;37;255;1510111514;0
32;16;10;5;1;37;1510112204;37;255;1510112212;1
32;16;10;5;1;37;1510112389;37;255;1510112397;0
32;16;10;5;1;37;1510112394;37;255;1510112402;0
32;16;10;5;1;37;1510112446;37;255;1510112454;0
32;16;10;5;1;37;1510113141;37;255;1510113149;0
32;16;10;5;1;37;1510113331;37;255;1510113339;1
32;16;10;5;1;37;1510113335;37;255;1510113342;1
32;16;10;5;1;37;1510113386;37;255;1510113394;0
32;16;10;5;1;37;1510114079;37;255;1510114087;0
32;16;10;5;1;37;1510114272;37;255;1510114280;0
32;16;10;5;1;37;1510114275;37;255;1510114283;0
32;16;10;5;1;37;1510114326;37;255;1510114334;0
32;16;10;5;1;37;1510115019;37;255;1510115027;0
32;16;10;5;1;37;1510115212;37;255;1510115220;0
32;16;10;5;1;37;1510115216;37;255;1510115223;1
32;16;10;5;1;37;1510115266;37;255;1510115274;0
32;16;10;5;1;37;1510115961;37;255;1510115969;0
32;16;10;5;1;37;1510116152;37;255;1510116159;0
32;16;10;5;1;37;1510116154;37;255;1510116162;1
32;16;10;5;1;37;1510116205;37;255;1510116213;0
32;16;10;5;1;37;1510116902;37;255;1510116910;0
32;16;10;5;1;37;1510117091;37;255;1510117099;0
32;16;10;5;1;37;1510117095;37;255;1510117103;0
32;16;10;5;1;37;1510117143;37;255;1510117151;0
32;16;10;5;1;37;1510117841;37;255;1510117849;1
32;16;10;5;1;37;1510118030;37;255;1510118037;1
32;16;10;5;1;37;1510118037;37;255;1510118045;0
32;16;10;5;1;37;1510118084;37;255;1510118092;0
32;16;10;5;1;37;1510118784;37;255;1510118792;0
32;16;10;5;1;37;1510118970;37;255;1510118978;1
32;16;10;5;1;37;1510118978;37;255;1510118986;1
32;16;10;5;1;37;1510119023;37;255;1510119031;0
32;16;10;5;1;37;1510119727;37;255;1510119735;1
32;16;10;5;1;37;1510119909;37;255;1510119916;0
32;16;10;5;1;37;1510119917;37;255;1510119924;0
32;16;10;5;1;37;1510119961;37;255;1510119969;0
32;16;10;5;1;37;1510120669;37;255;1510120677;0
32;16;10;5;1;37;1510120849;37;255;1510120857;1
32;16;10;5;1;37;1510120856;37;255;1510120864;0
32;16;10;5;1;37;1510120901;37;255;1510120909;1
32;16;10;5;1;37;1510121610;37;255;1510121618;0
32;16;10;5;1;37;1510121789;37;255;1510121796;0
32;16;10;5;1;37;1510121797;37;255;1510121805;0
32;16;10;5;1;37;1510121840;37;255;1510121848;1
32;16;10;5;1;37;1510122550;37;255;1510122558;1
32;16;10;5;1;37;1510122728;37;255;1510122735;1
32;16;10;5;1;37;1510122736;37;255;1510122744;0
32;16;10;5;1;37;1510122782;37;255;1510122790;1
32;16;10;5;1;37;1510123490;37;255;1510123498;1
32;16;10;5;1;37;1510123669;37;255;1510123677;0
32;16;10;5;1;37;1510123678;37;255;1510123686;1
32;16;10;5;1;37;1510123723;37;255;1510123731;1
32;16;10;5;1;37;1510124432;37;255;1510124439;0
32;16;10;5;1;37;1510124607;37;255;1510124615;0
32;16;10;5;1;37;1510124618;37;255;1510124626;0
32;16;10;5;1;37;1510124663;37;255;1510124670;0
32;16;10;5;1;37;1510125371;37;255;1510125379;0
32;16;10;5;1;37;1510125549;37;255;1510125556;0
32;16;10;5;1;37;1510125558;37;255;1510125566;0
32;16;10;5;1;37;1510125603;37;255;1510125610;0
32;16;10;5;1;37;1510126310;37;255;1510126317;0
32;16;10;5;1;37;1510126488;37;255;1510126496;0
32;16;10;5;1;37;1510126498;37;255;1510126506;0
32;16;10;5;1;37;1510126544;37;255;1510126551;0
32;16;10;5;1;37;1510127250;37;255;1510127257;0
32;16;10;5;1;37;1510127426;37;255;1510127434;1
32;16;10;5;1;37;1510127436;37;255;1510127444;1
32;16;10;5;1;37;1510127486;37;255;1510127494;0
32;16;10;5;1;37;1510128188;37;255;1510128196;0
32;16;10;5;1;37;1510128367;37;255;1510128375;1
32;16;10;5;1;37;1510128376;37;255;1510128383;0
32;16;10;5;1;37;1510128425;37;255;1510128433;0
32;16;10;5;1;37;1510129128;37;255;1510129136;0
32;16;10;5;1;37;1510129307;37;255;1510129315;1
32;16;10;5;1;37;1510129317;37;255;1510129324;0
32;16;10;5;1;37;1510129364;37;255;1510129371;0
32;16;10;5;1;37;1510130090;37;255;1510130099;0
32;16;10;5;1;37;1510130293;37;255;1510130301;1
32;16;10;5;1;37;1510130297;37;255;1510130306;0
32;16;10;5;1;37;1510130347;37;255;1510130355;1
32;16;10;5;1;37;1510131099;37;255;1510131108;0
32;16;10;5;1;37;1510131300;37;255;1510131308;0
32;16;10;5;1;37;1510131300;37;255;1510131308;1
32;16;10;5;1;37;1510131350;37;255;1510131358;0
32;16;10;5;1;37;1510132083;37;255;1510132091;0
32;16;10;5;1;37;1510132266;37;255;1510132276;0
32;16;10;5;1;37;1510132288;37;255;1510132297;0
32;16;10;5;1;37;1510132328;37;255;1510132336;0
32;16;10;5;1;37;1510133070;37;255;1510133079;0
32;16;10;5;1;37;1510133244;37;255;1510133252;1
32;16;10;5;1;37;1510133263;37;255;1510133272;0
32;16;10;5;1;37;1510133313;37;255;1510133321;0
32;16;10;5;1;37;1510134086;37;255;1510134094;0
32;16;10;5;1;37;1510134251;37;255;1510134259;0
32;16;10;5;1;37;1510134284;37;255;1510134293;0
32;16;10;5;1;37;1510134330;37;255;1510134338;0
32;16;10;5;1;37;1510135085;37;255;1510135093;0
32;16;10;5;1;37;1510135258;37;255;1510135266;0
32;16;10;5;1;37;1510135288;37;255;1510135296;1
32;16;10;5;1;37;1510135320;37;255;1510135328;1
32;16;10;5;1;37;1510136081;37;255;1510136089;0
32;16;10;5;1;37;1510136243;37;255;1510136251;0
32;16;10;5;1;37;1510136283;37;255;1510136291;1
32;16;10;5;1;37;1510136308;37;255;1510136316;0
32;16;10;5;1;37;1510137082;37;255;1510137090;0
32;16;10;5;1;37;1510137260;37;255;1510137268;1
32;16;10;5;1;37;1510137278;37;255;1510137286;0
32;16;10;5;1;37;1510137320;37;255;1510137329;0
32;16;10;5;1;37;1510138070;37;255;1510138079;0
32;16;10;5;1;37;1510138265;37;255;1510138273;1
32;16;10;5;1;37;1510138269;37;255;1510138277;0
32;16;10;5;1;37;1510138319;37;255;1510138327;0
32;16;10;5;1;37;1510139080;37;255;1510139088;0
32;16;10;5;1;37;1510139257;37;255;1510139265;0
32;16;10;5;1;37;1510139283;37;255;1510139292;1
32;16;10;5;1;37;1510139323;37;255;1510139331;0
32;16;10;5;1;37;1510140053;37;255;1510140061;0
32;16;10;5;1;37;1510140214;37;255;1510140222;0
32;16;10;5;1;37;1510140294;37;255;1510140302;0
32;16;10;5;1;37;1510140304;37;255;1510140311;1
32;16;10;5;1;37;1510141063;37;255;1510141071;0
32;16;10;5;1;37;1510141198;37;255;1510141206;1
32;16;10;5;1;37;1510141266;37;255;1510141274;0
32;16;10;5;1;37;1510141284;37;255;1510141293;0
32;16;10;5;1;37;1510142032;37;255;1510142040;1
32;16;10;5;1;37;1510142205;37;255;1510142214;1
32;16;10;5;1;37;1510142242;37;255;1510142251;0
32;16;10;5;1;37;1510142298;37;255;1510142306;0
32;16;10;5;1;37;1510143070;37;255;1510143078;0
32;16;10;5;1;37;1510143256;37;255;1510143265;0
32;16;10;5;1;37;1510143292;37;255;1510143302;0
32;16;10;5;1;37;1510143360;37;255;1510143368;0
32;16;10;5;1;37;1510144066;37;255;1510144076;0
32;16;10;5;1;37;1510144239;37;255;1510144247;0
32;16;10;5;1;37;1510144271;37;255;1510144279;0
32;16;10;5;1;37;1510144345;37;255;1510144353;0
32;16;10;5;1;37;1510145018;37;255;1510145025;1
32;16;10;5;1;37;1510145185;37;255;1510145193;0
32;16;10;5;1;37;1510145216;37;255;1510145224;0
32;16;10;5;1;37;1510145292;37;255;1510145300;1
32;16;10;5;1;37;1510145957;37;255;1510145965;0
32;16;10;5;1;37;1510146128;37;255;1510146136;0
32;16;10;5;1;37;1510146160;37;255;1510146168;0
32;16;10;5;1;37;1510146233;37;255;1510146241;0
32;16;10;5;1;37;1510146904;37;255;1510146911;1
32;16;10;5;1;37;1510147076;37;255;1510147084;0
32;16;10;5;1;37;1510147109;37;255;1510147117;0
32;16;10;5;1;37;1510147189;37;255;1510147198;0
32;16;10;5;1;37;1510147877;37;255;1510147885;0
32;16;10;5;1;37;1510148062;37;255;1510148070;0
32;16;10;5;1;37;1510148087;37;255;1510148095;0
32;16;10;5;1;37;1510148164;37;255;1510148172;0
32;16;10;5;1;37;1510148858;37;255;1510148866;0
32;16;10;5;1;37;1510149031;37;255;1510149039;1
32;16;10;5;1;37;1510149049;37;255;1510149057;0
32;16;10;5;1;37;1510149127;37;255;1510149135;0
32;16;10;5;1;37;1510149806;37;255;1510149814;1
32;16;10;5;1;37;1510149981;37;255;1510149989;0
32;16;10;5;1;37;1510149991;37;255;1510149999;0
32;16;10;5;1;37;1510150071;37;255;1510150078;0
32;16;10;5;1;37;1510150759;37;255;1510150767;0
32;16;10;5;1;37;1510150936;37;255;1510150945;1
32;16;10;5;1;37;1510150947;37;255;1510150954;0
32;16;10;5;1;37;1510151035;37;255;1510151043;0
32;16;10;5;1;37;1510151720;37;255;1510151728;0
32;16;10;5;1;37;1510151908;37;255;1510151917;0
32;16;10;5;1;37;1510151923;37;255;1510151932;0
32;16;10;5;1;37;1510152012;37;255;1510152020;0
32;16;10;5;1;37;1510152720;37;255;1510152728;0
32;16;10;5;1;37;1510152894;37;255;1510152903;0
32;16;10;5;1;37;1510152917;37;255;1510152924;0
32;16;10;5;1;37;1510152991;37;255;1510152999;0
32;16;10;5;1;37;1510153686;37;255;1510153694;1
32;16;10;5;1;37;1510153863;37;255;1510153872;0
32;16;10;5;1;37;1510153887;37;255;1510153895;0
32;16;10;5;1;37;1510153958;37;255;1510153966;1
32;16;10;5;1;37;1510154655;37;255;1510154663;1
32;16;10;5;1;37;1510154830;37;255;1510154838;1
32;16;10;5;1;37;1510154855;37;255;1510154863;1
32;16;10;5;1;37;1510154923;37;255;1510154931;1
32;16;10;5;1;37;1510155612;37;255;1510155622;1
32;16;10;5;1;37;1510155786;37;255;1510155795;0
32;16;10;5;1;37;1510155818;37;255;1510155826;0
32;16;10;5;1;37;1510155889;37;255;1510155898;0
32;16;10;5;1;37;1510156597;37;255;1510156606;1
32;16;10;5;1;37;1510156777;37;255;1510156785;0
32;16;10;5;1;37;1510156802;37;255;1510156810;1
32;16;10;5;1;37;1510156877;37;255;1510156885;0
32;16;10;5;1;37;1510157587;37;255;1510157596;0
32;16;10;5;1;37;1510157773;37;255;1510157781;0
32;16;10;5;1;37;1510157798;37;255;1510157806;1
32;16;10;5;1;37;1510157869;37;255;1510157877;1
32;16;10;5;1;37;1510158554;37;255;1510158562;1
32;16;10;5;1;37;1510158735;37;255;1510158743;0
32;16;10;5;1;37;1510158766;37;255;1510158774;0
32;16;10;5;1;37;1510158830;37;255;1510158838;1
32;16;10;5;1;37;1510159509;37;255;1510159517;0
32;16;10;5;1;37;1510159694;37;255;1510159703;0
32;16;10;5;1;37;1510159725;37;255;1510159733;0
32;16;10;5;1;37;1510159792;37;255;1510159801;0
32;16;10;5;1;37;1510160492;37;255;1510160500;0
32;16;10;5;1;37;1510160666;37;255;1510160674;0
32;16;10;5;1;37;1510160697;37;255;1510160705;0
32;16;10;5;1;37;1510160767;37;255;1510160775;0
32;16;10;5;1;37;1510161469;37;255;1510161477;0
32;16;10;5;1;37;1510161645;37;255;1510161653;0
32;16;10;5;1;37;1510161682;37;255;1510161690;1
32;16;10;5;1;37;1510161742;37;255;1510161751;1
32;16;10;5;1;37;1510162435;37;255;1510162442;0
32;16;10;5;1;37;1510162606;37;255;1510162614;0
32;16;10;5;1;37;1510162650;37;255;1510162658;1
32;16;10;5;1;37;1510162703;37;255;1510162711;0
32;16;10;5;1;37;1510163384;37;255;1510163392;0
32;16;10;5;1;37;1510163566;37;255;1510163573;0
32;16;10;5;1;37;1510163626;37;255;1510163634;0
32;16;10;5;1;37;1510163653;37;255;1510163661;1
32;16;10;5;1;37;1510164325;37;255;1510164333;0
32;16;10;5;1;37;1510164509;37;255;1510164517;0
32;16;10;5;1;37;1510164569;37;255;1510164577;1
32;16;10;5;1;37;1510164599;37;255;1510164607;0
32;16;10;5;1;37;1510165269;37;255;1510165277;1
32;16;10;5;1;37;1510165451;37;255;1510165458;1
32;16;10;5;1;37;1510165512;37;255;1510165519;0
32;16;10;5;1;37;1510165542;37;255;1510165550;0
32;16;10;5;1;37;1510166212;37;255;1510166220;0
32;16;10;5;1;37;1510166393;37;255;1510166401;0
32;16;10;5;1;37;1510166455;37;255;1510166463;0
32;16;10;5;1;37;1510166484;37;255;1510166492;0
32;16;10;5;1;37;1510167154;37;255;1510167162;1
32;16;10;5;1;37;1510167335;37;255;1510167343;0
32;16;10;5;1;37;1510167397;37;255;1510167405;0
32;16;10;5;1;37;1510167430;37;255;1510167437;1
32;16;10;5;1;37;1510168097;37;255;1510168105;0
32;16;10;5;1;37;1510168277;37;255;1510168285;0
32;16;10;5;1;37;1510168340;37;255;1510168348;0
32;16;10;5;1;37;1510168373;37;255;1510168381;0
32;16;10;5;1;37;1510169038;37;255;1510169046;0
32;16;10;5;1;37;1510169219;37;255;1510169227;0
32;16;10;5;1;37;1510169282;37;255;1510169290;0
32;16;10;5;1;37;1510169314;37;255;1510169322;1
32;16;10;5;1;37;1510169982;37;255;1510169990;0
32;16;10;5;1;37;1510170163;37;255;1510170170;0
32;16;10;5;1;37;1510170225;37;255;1510170233;0
32;16;10;5;1;37;1510170256;37;255;1510170264;0
32;16;10;5;1;37;1510170924;37;255;1510170932;0
32;16;10;5;1;37;1510171104;37;255;1510171112;1
32;16;10;5;1;37;1510171170;37;255;1510171178;1
32;16;10;5;1;37;1510171198;37;255;1510171206;0
32;16;10;5;1;37;1510171865;37;255;1510171872;0
32;16;10;5;1;37;1510172047;37;255;1510172055;1
32;16;10;5;1;37;1510172113;37;255;1510172121;1
32;16;10;5;1;37;1510172142;37;255;1510172149;1
32;16;10;5;1;37;1510172808;37;255;1510172815;1
32;16;10;5;1;37;1510172988;37;255;1510172996;0
32;16;10;5;1;37;1510173055;37;255;1510173063;0
32;16;10;5;1;37;1510173086;37;255;1510173094;0
32;16;10;5;1;37;1510173751;37;255;1510173759;0
32;16;10;5;1;37;1510173929;37;255;1510173937;1
32;16;10;5;1;37;1510173999;37;255;1510174007;0
32;16;10;5;1;37;1510174027;37;255;1510174035;0
32;16;10;5;1;37;1510174696;37;255;1510174703;0
32;16;10;5;1;37;1510174872;37;255;1510174880;0
32;16;10;5;1;37;1510174941;37;255;1510174949;1
32;16;10;5;1;37;1510174968;37;255;1510174976;0
32;16;10;5;1;37;1510175639;37;255;1510175647;0
32;16;10;5;1;37;1510175813;37;255;1510175821;1
32;16;10;5;1;37;1510175884;37;255;1510175892;0
32;16;10;5;1;37;1510175909;37;255;1510175917;0
32;16;10;5;1;37;1510176583;37;255;1510176591;0
32;16;10;5;1;37;1510176755;37;255;1510176762;0
32;16;10;5;1;37;1510176825;37;255;1510176833;1
32;16;10;5;1;37;1510176850;37;255;1510176858;0
32;16;10;5;1;37;1510177526;37;255;1510177533;0
32;16;10;5;1;37;1510177697;37;255;1510177705;0
32;16;10;5;1;37;1510177768;37;255;1510177776;1
32;16;10;5;1;37;1510177791;37;255;1510177799;0
32;16;10;5;1;37;1510178469;37;255;1510178477;1
32;16;10;5;1;37;1510178642;37;255;1510178650;0
32;16;10;5;1;37;1510178709;37;255;1510178717;0
32;16;10;5;1;37;1510178733;37;255;1510178741;0
32;16;10;5;1;37;1510179412;37;255;1510179420;0
32;16;10;5;1;37;1510179585;37;255;1510179592;0
32;16;10;5;1;37;1510179649;37;255;1510179657;1
32;16;10;5;1;37;1510179674;37;255;1510179682;1
32;16;10;5;1;37;1510180355;37;255;1510180363;0
32;16;10;5;1;37;1510180526;37;255;1510180534;0
32;16;10;5;1;37;1510180591;37;255;1510180598;1
32;16;10;5;1;37;1510180617;37;255;1510180625;0
32;16;10;5;1;37;1510181299;37;255;1510181307;0
32;16;10;5;1;37;1510181468;37;255;1510181476;0
32;16;10;5;1;37;1510181533;37;255;1510181541;0
32;16;10;5;1;37;1510181560;37;255;1510181568;0
32;16;10;5;1;37;1510182243;37;255;1510182251;0
32;16;10;5;1;37;1510182412;37;255;1510182420;0
32;16;10;5;1;37;1510182476;37;255;1510182484;0
32;16;10;5;1;37;1510182503;37;255;1510182511;1
32;16;10;5;1;37;1510183187;37;255;1510183194;1
32;16;10;5;1;37;1510183353;37;255;1510183360;0
32;16;10;5;1;37;1510183418;37;255;1510183425;0
32;16;10;5;1;37;1510183444;37;255;1510183451;0
32;16;10;5;1;37;1510184129;37;255;1510184137;1
32;16;10;5;1;37;1510184296;37;255;1510184303;1
32;16;10;5;1;37;1510184359;37;255;1510184367;0
32;16;10;5;1;37;1510184385;37;255;1510184393;0
32;16;10;5;1;37;1510185073;37;255;1510185081;1
32;16;10;5;1;37;1510185239;37;255;1510185246;0
32;16;10;5;1;37;1510185303;37;255;1510185311;0
32;16;10;5;1;37;1510185325;37;255;1510185333;0
32;16;10;5;1;37;1510186015;37;255;1510186023;0
32;16;10;5;1;37;1510186183;37;255;1510186190;0
32;16;10;5;1;37;1510186246;37;255;1510186253;0
32;16;10;5;1;37;1510186269;37;255;1510186276;0
32;16;10;5;1;37;1510186957;37;255;1510186965;0
32;16;10;5;1;37;1510187126;37;255;1510187134;0
32;16;10;5;1;37;1510187185;37;255;1510187193;0
32;16;10;5;1;37;1510187209;37;255;1510187217;1
32;16;10;5;1;37;1510187900;37;255;1510187907;1
32;16;10;5;1;37;1510188068;37;255;1510188076;0
32;16;10;5;1;37;1510188127;37;255;1510188135;0
32;16;10;5;1;37;1510188152;37;255;1510188160;0
32;16;10;5;1;37;1510188840;37;255;1510188848;0
32;16;10;5;1;37;1510189011;37;255;1510189019;0
32;16;10;5;1;37;1510189069;37;255;1510189077;0
32;16;10;5;1;37;1510189095;37;255;1510189103;1
32;16;10;5;1;37;1510189780;37;255;1510189788;0
32;16;10;5;1;37;1510189954;37;255;1510189962;0
32;16;10;5;1;37;1510190009;37;255;1510190017;0
32;16;10;5;1;37;1510190039;37;255;1510190047;0
32;16;10;5;1;37;1510190721;37;255;1510190728;1
32;16;10;5;1;37;1510190896;37;255;1510190904;0
32;16;10;5;1;37;1510190949;37;255;1510190957;0
32;16;10;5;1;37;1510190983;37;255;1510190991;1
32;16;10;5;1;37;1510191663;37;255;1510191671;0
32;16;10;5;1;37;1510191841;37;255;1510191848;0
32;16;10;5;1;37;1510191890;37;255;1510191898;1
32;16;10;5;1;37;1510191926;37;255;1510191934;1
32;16;10;5;1;37;1510192607;37;255;1510192614;0
32;16;10;5;1;37;1510192782;37;255;1510192790;0
32;16;10;5;1;37;1510192831;37;255;1510192839;1
32;16;10;5;1;37;1510192869;37;255;1510192877;0
32;16;10;5;1;37;1510193547;37;255;1510193555;0
32;16;10;5;1;37;1510193724;37;255;1510193732;0
32;16;10;5;1;37;1510193773;37;255;1510193781;1
32;16;10;5;1;37;1510193812;37;255;1510193820;0
32;16;10;5;1;37;1510194487;37;255;1510194495;0
32;16;10;5;1;37;1510194666;37;255;1510194673;0
32;16;10;5;1;37;1510194715;37;255;1510194723;0
32;16;10;5;1;37;1510194755;37;255;1510194763;0
32;16;10;5;1;37;1510195431;37;255;1510195439;0
32;16;10;5;1;37;1510195610;37;255;1510195618;0
32;16;10;5;1;37;1510195658;37;255;1510195666;0
32;16;10;5;1;37;1510195696;37;255;1510195704;0
32;16;10;5;1;37;1510196373;37;255;1510196381;0
32;16;10;5;1;37;1510196554;37;255;1510196562;0
32;16;10;5;1;37;1510196601;37;255;1510196609;0
32;16;10;5;1;37;1510196636;37;255;1510196644;1
32;16;10;5;1;37;1510197317;37;255;1510197325;0
32;16;10;5;1;37;1510197494;37;255;1510197502;0
32;16;10;5;1;37;1510197544;37;255;1510197551;1
32;16;10;5;1;37;1510197577;37;255;1510197585;1
32;16;10;5;1;37;1510198258;37;255;1510198266;0
32;16;10;5;1;37;1510198436;37;255;1510198444;0
32;16;10;5;1;37;1510198489;37;255;1510198497;1
32;16;10;5;1;37;1510198519;37;255;1510198527;0
32;16;10;5;1;37;1510199199;37;255;1510199207;0
32;16;10;5;1;37;1510199377;37;255;1510199385;0
32;16;10;5;1;37;1510199435;37;255;1510199443;0
32;16;10;5;1;37;1510199460;37;255;1510199468;0
32;16;10;5;1;37;1510200141;37;255;1510200149;1
32;16;10;5;1;37;1510200319;37;255;1510200327;1
32;16;10;5;1;37;1510200380;37;255;1510200388;1
32;16;10;5;1;37;1510200400;37;255;1510200408;0
32;16;10;5;1;37;1510201082;37;255;1510201090;0
32;16;10;5;1;37;1510201258;37;255;1510201266;1
32;16;10;5;1;37;1510201324;37;255;1510201332;0
32;16;10;5;1;37;1510201340;37;255;1510201348;0
32;16;10;5;1;37;1510202024;37;255;1510202032;1
32;16;10;5;1;37;1510202201;37;255;1510202209;0
32;16;10;5;1;37;1510202267;37;255;1510202275;0
32;16;10;5;1;37;1510202283;37;255;1510202291;0
32;16;10;5;1;37;1510202966;37;255;1510202974;1
32;16;10;5;1;37;1510203146;37;255;1510203154;0
32;16;10;5;1;37;1510203208;37;255;1510203216;0
32;16;10;5;1;37;1510203227;37;255;1510203235;0
32;16;10;5;1;37;1510203907;37;255;1510203914;0
32;16;10;5;1;37;1510204089;37;255;1510204097;0
32;16;10;5;1;37;1510204150;37;255;1510204158;0
32;16;10;5;1;37;1510204172;37;255;1510204179;1
32;16;10;5;1;37;1510204848;37;255;1510204856;0
32;16;10;5;1;37;1510205028;37;255;1510205036;1
32;16;10;5;1;37;1510205092;37;255;1510205100;0
32;16;10;5;1;37;1510205115;37;255;1510205123;0
32;16;10;5;1;37;1510205791;37;255;1510205799;0
32;16;10;5;1;37;1510205971;37;255;1510205979;0
32;16;10;5;1;37;1510206037;37;255;1510206045;0
32;16;10;5;1;37;1510206058;37;255;1510206066;1
32;16;10;5;1;37;1510206733;37;255;1510206741;0
32;16;10;5;1;37;1510206913;37;255;1510206921;0
32;16;10;5;1;37;1510206979;37;255;1510206987;0
32;16;10;5;1;37;1510207001;37;255;1510207009;0
32;16;10;5;1;37;1510207676;37;255;1510207684;1
32;16;10;5;1;37;1510207856;37;255;1510207864;0
32;16;10;5;1;37;1510207922;37;255;1510207930;0
32;16;10;5;1;37;1510207943;37;255;1510207950;1
32;16;10;5;1;37;1510208615;37;255;1510208623;0
32;16;10;5;1;37;1510208798;37;255;1510208806;0
32;16;10;5;1;37;1510208863;37;255;1510208871;1
32;16;10;5;1;37;1510208884;37;255;1510208891;0
32;16;10;5;1;37;1510209558;37;255;1510209565;0
32;16;10;5;1;37;1510209741;37;255;1510209749;0
32;16;10;5;1;37;1510209807;37;255;1510209815;0
32;16;10;5;1;37;1510209827;37;255;1510209834;0
32;16;10;5;1;37;1510210502;37;255;1510210510;0
32;16;10;5;1;37;1510210681;37;255;1510210689;0
32;16;10;5;1;37;1510210749;37;255;1510210757;1
32;16;10;5;1;37;1510210770;37;255;1510210778;0
32;16;10;5;1;37;1510211444;37;255;1510211452;0
32;16;10;5;1;37;1510211623;37;255;1510211631;0
32;16;10;5;1;37;1510211690;37;255;1510211698;1
32;16;10;5;1;37;1510211712;37;255;1510211720;0
32;16;10;5;1;37;1510212386;37;255;1510212394;1
32;16;10;5;1;37;1510212565;37;255;1510212573;1
32;16;10;5;1;37;1510212630;37;255;1510212638;0
32;16;10;5;1;37;1510212654;37;255;1510212661;0
32;16;10;5;1;37;1510213329;37;255;1510213337;0
32;16;10;5;1;37;1510213508;37;255;1510213516;1
32;16;10;5;1;37;1510213575;37;255;1510213583;0
32;16;10;5;1;37;1510213597;37;255;1510213605;0
32;16;10;5;1;37;1510214271;37;255;1510214279;1
32;16;10;5;1;37;1510214450;37;255;1510214458;1
32;16;10;5;1;37;1510214516;37;255;1510214523;0
32;16;10;5;1;37;1510214541;37;255;1510214549;0
32;16;10;5;1;37;1510215214;37;255;1510215222;1
32;16;10;5;1;37;1510215391;37;255;1510215399;0
32;16;10;5;1;37;1510215457;37;255;1510215465;0
32;16;10;5;1;37;1510215484;37;255;1510215492;1
32;16;10;5;1;37;1510216155;37;255;1510216163;0
32;16;10;5;1;37;1510216332;37;255;1510216340;0
32;16;10;5;1;37;1510216399;37;255;1510216407;0
32;16;10;5;1;37;1510216427;37;255;1510216434;0
32;16;10;5;1;37;1510217099;37;255;1510217106;0
32;16;10;5;1;37;1510217274;37;255;1510217282;0
32;16;10;5;1;37;1510217340;37;255;1510217348;1
32;16;10;5;1;37;1510217371;37;255;1510217378;0
32;16;10;5;1;37;1510218041;37;255;1510218048;0
32;16;10;5;1;37;1510218217;37;255;1510218225;1
32;16;10;5;1;37;1510218283;37;255;1510218291;1
32;16;10;5;1;37;1510218313;37;255;1510218321;1
32;16;10;5;1;37;1510218986;37;255;1510218994;0
32;16;10;5;1;37;1510219179;37;255;1510219189;1
32;16;10;5;1;37;1510219235;37;255;1510219243;0
32;16;10;5;1;37;1510219272;37;255;1510219281;0
32;16;10;5;1;37;1510219985;37;255;1510219995;1
32;16;10;5;1;37;1510220184;37;255;1510220192;0
32;16;10;5;1;37;1510220246;37;255;1510220254;1
32;16;10;5;1;37;1510220280;37;255;1510220288;0
32;16;10;5;1;37;1510221004;37;255;1510221012;0
32;16;10;5;1;37;1510221189;37;255;1510221196;0
32;16;10;5;1;37;1510221233;37;255;1510221241;0
32;16;10;5;1;37;1510221278;37;255;1510221286;0
32;16;10;5;1;37;1510221981;37;255;1510221989;0
32;16;10;5;1;37;1510222175;37;255;1510222184;1
32;16;10;5;1;37;1510222227;37;255;1510222236;0
32;16;10;5;1;37;1510222294;37;255;1510222302;0
32;16;10;5;1;37;1510222986;37;255;1510222995;0
32;16;10;5;1;37;1510223189;37;255;1510223197;0
32;16;10;5;1;37;1510223243;37;255;1510223251;0
32;16;10;5;1;37;1510223310;37;255;1510223319;0
32;16;10;5;1;37;1510224009;37;255;1510224017;1
32;16;10;5;1;37;1510224200;37;255;1510224209;1
32;16;10;5;1;37;1510224260;37;255;1510224268;0
32;16;10;5;1;37;1510224317;37;255;1510224326;0
32;16;10;5;1;37;1510225017;37;255;1510225025;1
32;16;10;5;1;37;1510225206;37;255;1510225214;0
32;16;10;5;1;37;1510225258;37;255;1510225267;0
32;16;10;5;1;37;1510225313;37;255;1510225321;0
32;16;10;5;1;37;1510226014;37;255;1510226022;0
32;16;10;5;1;37;1510226212;37;255;1510226221;0
32;16;10;5;1;37;1510226267;37;255;1510226275;0
32;16;10;5;1;37;1510226320;37;255;1510226328;0
32;16;10;5;1;37;1510227029;37;255;1510227037;1
32;16;10;5;1;37;1510227217;37;255;1510227226;0
32;16;10;5;1;37;1510253001;37;255;1510253010;0
32;16;10;5;1;37;1510253002;37;255;1510253011;0
32;16;10;5;1;37;1510253010;37;255;1510253018;0
32;16;10;5;1;37;1510253011;37;255;1510253019;0
32;16;10;5;1;37;1510253964;37;255;1510253971;0
32;16;10;5;1;37;1510253966;37;255;1510253974;0
32;16;10;5;1;37;1510253969;37;255;1510253977;0
32;16;10;5;1;37;1510253987;37;255;1510253995;1
32;16;10;5;1;37;1510254898;37;255;1510254906;0
32;16;10;5;1;37;1510254899;37;255;1510254907;1
32;16;10;5;1;37;1510254900;37;255;1510254907;1
32;16;10;5;1;37;1510254922;37;255;1510254929;1
32;16;10;5;1;37;1510255830;37;255;1510255838;0
32;16;10;5;1;37;1510255830;37;255;1510255838;1
32;16;10;5;1;37;1510255834;37;255;1510255842;0
32;16;10;5;1;37;1510255856;37;255;1510255864;0
32;16;10;5;1;37;1510256761;37;255;1510256769;0
32;16;10;5;1;37;1510256763;37;255;1510256771;1
32;16;10;5;1;37;1510256770;37;255;1510256778;0
32;16;10;5;1;37;1510256790;37;255;1510256798;0
32;16;10;5;1;37;1510257692;37;255;1510257700;1
32;16;10;5;1;37;1510257694;37;255;1510257702;0
32;16;10;5;1;37;1510257705;37;255;1510257713;1
32;16;10;5;1;37;1510257726;37;255;1510257734;0
32;16;10;5;1;37;1510258623;37;255;1510258631;1
32;16;10;5;1;37;1510258626;37;255;1510258634;0
32;16;10;5;1;37;1510258641;37;255;1510258649;1
32;16;10;5;1;37;1510258661;37;255;1510258669;0
32;16;10;5;1;37;1510259553;37;255;1510259561;0
32;16;10;5;1;37;1510259558;37;255;1510259566;0
32;16;10;5;1;37;1510259576;37;255;1510259584;0
32;16;10;5;1;37;1510259596;37;255;1510259603;0
32;16;10;5;1;37;1510260484;37;255;1510260492;0
32;16;10;5;1;37;1510260491;37;255;1510260498;0
32;16;10;5;1;37;1510260512;37;255;1510260520;0
32;16;10;5;1;37;1510260530;37;255;1510260538;0
32;16;10;5;1;37;1510261417;37;255;1510261424;1
32;16;10;5;1;37;1510261423;37;255;1510261431;1
32;16;10;5;1;37;1510261448;37;255;1510261456;0
32;16;10;5;1;37;1510261467;37;255;1510261475;0
32;16;10;5;1;37;1510262348;37;255;1510262355;0
32;16;10;5;1;37;1510262354;37;255;1510262362;0
32;16;10;5;1;37;1510262383;37;255;1510262391;1
32;16;10;5;1;37;1510262402;37;255;1510262410;0
32;16;10;5;1;37;1510263278;37;255;1510263286;1
32;16;10;5;1;37;1510263285;37;255;1510263293;0
32;16;10;5;1;37;1510263318;37;255;1510263326;1
32;16;10;5;1;37;1510263337;37;255;1510263345;0
32;16;10;5;1;37;1510264209;37;255;1510264217;0
32;16;10;5;1;37;1510264217;37;255;1510264225;0
32;16;10;5;1;37;1510264255;37;255;1510264263;1
32;16;10;5;1;37;1510264272;37;255;1510264280;1
32;16;10;5;1;37;1510265142;37;255;1510265149;1
32;16;10;5;1;37;1510265149;37;255;1510265156;0
32;16;10;5;1;37;1510265191;37;255;1510265199;1
32;16;10;5;1;37;1510265207;37;255;1510265215;0
32;16;10;5;1;37;1510266072;37;255;1510266080;0
32;16;10;5;1;37;1510266080;37;255;1510266088;0
32;16;10;5;1;37;1510266127;37;255;1510266135;0
32;16;10;5;1;37;1510266143;37;255;1510266151;1
32;16;10;5;1;37;1510267003;37;255;1510267010;0
32;16;10;5;1;37;1510267012;37;255;1510267019;0
32;16;10;5;1;37;1510267063;37;255;1510267071;1
32;16;10;5;1;37;1510267078;37;255;1510267085;0
32;16;10;5;1;37;1510267933;37;255;1510267941;0
32;16;10;5;1;37;1510267943;37;255;1510267951;0
32;16;10;5;1;37;1510268001;37;255;1510268009;1
32;16;10;5;1;37;1510268012;37;255;1510268020;1
32;16;10;5;1;37;1510268865;37;255;1510268872;0
32;16;10;5;1;37;1510268875;37;255;1510268883;0
32;16;10;5;1;37;1510268938;37;255;1510268946;1
32;16;10;5;1;37;1510268947;37;255;1510268955;0
32;16;10;5;1;37;1510269796;37;255;1510269804;0
32;16;10;5;1;37;1510269806;37;255;1510269814;0
32;16;10;5;1;37;1510269875;37;255;1510269883;1
32;16;10;5;1;37;1510269883;37;255;1510269891;1
32;16;10;5;1;37;1510270727;37;255;1510270735;0
32;16;10;5;1;37;1510270740;37;255;1510270747;0
32;16;10;5;1;37;1510270813;37;255;1510270820;0
32;16;10;5;1;37;1510270818;37;255;1510270826;1
32;16;10;5;1;37;1510271658;37;255;1510271666;0
32;16;10;5;1;37;1510271674;37;255;1510271682;0
32;16;10;5;1;37;1510271747;37;255;1510271755;0
32;16;10;5;1;37;1510271754;37;255;1510271762;0
32;16;10;5;1;37;1510272590;37;255;1510272598;0
32;16;10;5;1;37;1510272610;37;255;1510272618;1
32;16;10;5;1;37;1510272679;37;255;1510272687;1
32;16;10;5;1;37;1510272690;37;255;1510272697;0
32;16;10;5;1;37;1510273521;37;255;1510273529;0
32;16;10;5;1;37;1510273547;37;255;1510273555;0
32;16;10;5;1;37;1510273610;37;255;1510273618;0
32;16;10;5;1;37;1510273627;37;255;1510273635;1
32;16;10;5;1;37;1510274452;37;255;1510274460;0
32;16;10;5;1;37;1510274483;37;255;1510274491;0
32;16;10;5;1;37;1510274542;37;255;1510274550;1
32;16;10;5;1;37;1510274562;37;255;1510274570;1
32;16;10;5;1;37;1510275383;37;255;1510275391;0
32;16;10;5;1;37;1510275420;37;255;1510275428;1
32;16;10;5;1;37;1510275474;37;255;1510275482;0
32;16;10;5;1;37;1510275497;37;255;1510275505;0
32;16;10;5;1;37;1510276314;37;255;1510276322;0
32;16;10;5;1;37;1510276357;37;255;1510276365;1
32;16;10;5;1;37;1510276410;37;255;1510276418;1
32;16;10;5;1;37;1510276429;37;255;1510276436;0
32;16;10;5;1;37;1510277246;37;255;1510277254;1
32;16;10;5;1;37;1510277294;37;255;1510277302;1
32;16;10;5;1;37;1510277347;37;255;1510277354;0
32;16;10;5;1;37;1510277360;37;255;1510277368;1
32;16;10;5;1;37;1510278177;37;255;1510278185;0
32;16;10;5;1;37;1510278230;37;255;1510278238;1
32;16;10;5;1;37;1510278282;37;255;1510278290;1
32;16;10;5;1;37;1510278291;37;255;1510278299;0
32;16;10;5;1;37;1510279109;37;255;1510279116;0
32;16;10;5;1;37;1510279167;37;255;1510279175;1
32;16;10;5;1;37;1510279218;37;255;1510279226;0
32;16;10;5;1;37;1510279223;37;255;1510279231;0
32;16;10;5;1;37;1510280039;37;255;1510280047;0
32;16;10;5;1;37;1510280104;37;255;1510280112;0
32;16;10;5;1;37;1510280154;37;255;1510280162;0
32;16;10;5;1;37;1510280155;37;255;1510280162;0
32;16;10;5;1;37;1510280970;37;255;1510280978;0
32;16;10;5;1;37;1510281041;37;255;1510281049;1
32;16;10;5;1;37;1510281086;37;255;1510281094;0
32;16;10;5;1;37;1510281090;37;255;1510281098;0
32;16;10;5;1;37;1510281901;37;255;1510281908;0
32;16;10;5;1;37;1510281980;37;255;1510281988;0
32;16;10;5;1;37;1510282017;37;255;1510282025;1
32;16;10;5;1;37;1510282025;37;255;1510282033;0
32;16;10;5;1;37;1510282832;37;255;1510282839;1
32;16;10;5;1;37;1510282919;37;255;1510282927;1
32;16;10;5;1;37;1510282949;37;255;1510282957;0
32;16;10;5;1;37;1510282961;37;255;1510282969;0
32;16;10;5;1;37;1510283763;37;255;1510283770;1
32;16;10;5;1;37;1510283856;37;255;1510283864;0
32;16;10;5;1;37;1510283880;37;255;1510283888;0
32;16;10;5;1;37;1510283896;37;255;1510283904;1
32;16;10;5;1;37;1510284693;37;255;1510284701;0
32;16;10;5;1;37;1510284794;37;255;1510284802;0
32;16;10;5;1;37;1510284812;37;255;1510284819;0
32;16;10;5;1;37;1510284832;37;255;1510284839;0
32;16;10;5;1;37;1510285624;37;255;1510285632;1
32;16;10;5;1;37;1510285732;37;255;1510285740;1
32;16;10;5;1;37;1510285747;37;255;1510285755;0
32;16;10;5;1;37;1510285763;37;255;1510285771;0
32;16;10;5;1;37;1510286555;37;255;1510286563;0
32;16;10;5;1;37;1510286669;37;255;1510286677;1
32;16;10;5;1;37;1510286683;37;255;1510286691;1
32;16;10;5;1;37;1510286695;37;255;1510286702;0
32;16;10;5;1;37;1510287486;37;255;1510287494;0
32;16;10;5;1;37;1510287607;37;255;1510287614;0
32;16;10;5;1;37;1510287620;37;255;1510287628;0
32;16;10;5;1;37;1510287626;37;255;1510287634;0
32;16;10;5;1;37;1510288418;37;255;1510288426;1
32;16;10;5;1;37;1510288544;37;255;1510288552;0
32;16;10;5;1;37;1510288556;37;255;1510288564;0
32;16;10;5;1;37;1510288558;37;255;1510288566;0
32;16;10;5;1;37;1510289350;37;255;1510289358;1
32;16;10;5;1;37;1510289482;37;255;1510289490;1
32;16;10;5;1;37;1510289489;37;255;1510289497;0
32;16;10;5;1;37;1510289490;37;255;1510289498;1
32;16;10;5;1;37;1510290282;37;255;1510290290;0
32;16;10;5;1;37;1510290420;37;255;1510290428;0
32;16;10;5;1;37;1510290422;37;255;1510290430;0
32;16;10;5;1;37;1510290425;37;255;1510290433;0
32;16;10;5;1;37;1510291215;37;255;1510291222;0
32;16;10;5;1;37;1510291353;37;255;1510291361;1
32;16;10;5;1;37;1510291358;37;255;1510291366;0
32;16;10;5;1;37;1510291360;37;255;1510291368;0
32;16;10;5;1;37;1510292147;37;255;1510292155;0
32;16;10;5;1;37;1510292285;37;255;1510292292;0
32;16;10;5;1;37;1510292295;37;255;1510292302;1
32;16;10;5;1;37;1510292296;37;255;1510292304;0
32;16;10;5;1;37;1510293080;37;255;1510293087;1
32;16;10;5;1;37;1510293216;37;255;1510293224;0
32;16;10;5;1;37;1510293229;37;255;1510293237;0
32;16;10;5;1;37;1510293233;37;255;1510293241;0
32;16;10;5;1;37;1510294012;37;255;1510294020;1
32;16;10;5;1;37;1510294148;37;255;1510294156;0
32;16;10;5;1;37;1510294164;37;255;1510294172;1
32;16;10;5;1;37;1510294173;37;255;1510294180;0
32;16;10;5;1;37;1510294945;37;255;1510294953;0
32;16;10;5;1;37;1510295080;37;255;1510295088;1
32;16;10;5;1;37;1510295098;37;255;1510295106;0
32;16;10;5;1;37;1510295111;37;255;1510295119;1
32;16;10;5;1;37;1510295878;37;255;1510295886;0
32;16;10;5;1;37;1510296012;37;255;1510296019;0
32;16;10;5;1;37;1510296032;37;255;1510296040;0
32;16;10;5;1;37;1510296050;37;255;1510296057;1
32;16;10;5;1;37;1510296811;37;255;1510296818;0
32;16;10;5;1;37;1510296944;37;255;1510296952;0
32;16;10;5;1;37;1510296968;37;255;1510296976;1
32;16;10;5;1;37;1510296987;37;255;1510296995;0
32;16;10;5;1;37;1510297744;37;255;1510297752;0
32;16;10;5;1;37;1510297876;37;255;1510297884;0
32;16;10;5;1;37;1510297903;37;255;1510297910;0
32;16;10;5;1;37;1510297925;37;255;1510297932;0
32;16;10;5;1;37;1510298676;37;255;1510298684;1
32;16;10;5;1;37;1510298807;37;255;1510298815;1
32;16;10;5;1;37;1510298838;37;255;1510298846;0
32;16;10;5;1;37;1510298863;37;255;1510298871;0
32;16;10;5;1;37;1510299608;37;255;1510299616;0
32;16;10;5;1;37;1510299739;37;255;1510299747;0
32;16;10;5;1;37;1510299773;37;255;1510299781;1
32;16;10;5;1;37;1510299801;37;255;1510299809;0
32;16;10;5;1;37;1510300541;37;255;1510300548;0
32;16;10;5;1;37;1510300671;37;255;1510300679;0
32;16;10;5;1;37;1510300708;37;255;1510300716;0
32;16;10;5;1;37;1510300739;37;255;1510300747;0
32;16;10;5;1;37;1510301474;37;255;1510301482;1
32;16;10;5;1;37;1510301603;37;255;1510301611;0
32;16;10;5;1;37;1510301647;37;255;1510301655;0
32;16;10;5;1;37;1510301674;37;255;1510301681;1
32;16;10;5;1;37;1510302407;37;255;1510302415;0
32;16;10;5;1;37;1510302535;37;255;1510302543;0
32;16;10;5;1;37;1510302586;37;255;1510302593;1
32;16;10;5;1;37;1510302609;37;255;1510302617;0
32;16;10;5;1;37;1510303376;37;255;1510303384;0
32;16;10;5;1;37;1510303519;37;255;1510303527;0
32;16;10;5;1;37;1510303572;37;255;1510303579;0
32;16;10;5;1;37;1510303604;37;255;1510303612;0
32;16;10;5;1;37;1510304348;37;255;1510304357;0
32;16;10;5;1;37;1510304495;37;255;1510304503;0
32;16;10;5;1;37;1510304540;37;255;1510304548;1
32;16;10;5;1;37;1510304590;37;255;1510304599;0
32;16;10;5;1;37;1510305328;37;255;1510305336;0
32;16;10;5;1;37;1510305451;37;255;1510305459;0
32;16;10;5;1;37;1510305508;37;255;1510305516;0
32;16;10;5;1;37;1510305559;37;255;1510305567;1
32;16;10;5;1;37;1510306295;37;255;1510306304;0
32;16;10;5;1;37;1510306439;37;255;1510306448;0
32;16;10;5;1;37;1510306490;37;255;1510306498;0
32;16;10;5;1;37;1510306577;37;255;1510306586;0
32;16;10;5;1;37;1510307319;37;255;1510307327;0
