32;16;10;5;1;40;1509981727;40;255;1509981735;0
32;16;10;5;1;40;1509981796;40;255;1509981805;0
32;16;10;5;1;40;1509981866;40;255;1509981874;0
32;16;10;5;1;40;1509981973;40;255;1509981982;0
32;16;10;5;1;40;1509982723;40;255;1509982731;0
32;16;10;5;1;40;1509982781;40;255;1509982789;1
32;16;10;5;1;40;1509982850;40;255;1509982858;0
32;16;10;5;1;40;1509982952;40;255;1509982960;0
32;16;10;5;1;40;1509983667;40;255;1509983675;1
32;16;10;5;1;40;1509983725;40;255;1509983733;0
32;16;10;5;1;40;1509983793;40;255;1509983801;1
32;16;10;5;1;40;1509983905;40;255;1509983913;0
32;16;10;5;1;40;1509984610;40;255;1509984618;0
32;16;10;5;1;40;1509984665;40;255;1509984673;0
32;16;10;5;1;40;1509984735;40;255;1509984743;0
32;16;10;5;1;40;1509984844;40;255;1509984851;0
32;16;10;5;1;40;1509985550;40;255;1509985558;0
32;16;10;5;1;40;1509985607;40;255;1509985615;1
32;16;10;5;1;40;1509985678;40;255;1509985686;0
32;16;10;5;1;40;1509985785;40;255;1509985793;0
32;16;10;5;1;40;1509986491;40;255;1509986499;0
32;16;10;5;1;40;1509986549;40;255;1509986557;0
32;16;10;5;1;40;1509986618;40;255;1509986626;1
32;16;10;5;1;40;1509986729;40;255;1509986737;0
32;16;10;5;1;40;1509987431;40;255;1509987439;0
32;16;10;5;1;40;1509987493;40;255;1509987501;1
32;16;10;5;1;40;1509987557;40;255;1509987565;0
32;16;10;5;1;40;1509987671;40;255;1509987679;1
32;16;10;5;1;40;1509988374;40;255;1509988382;0
32;16;10;5;1;40;1509988435;40;255;1509988443;0
32;16;10;5;1;40;1509988498;40;255;1509988506;0
32;16;10;5;1;40;1509988613;40;255;1509988621;1
32;16;10;5;1;40;1509989315;40;255;1509989323;0
32;16;10;5;1;40;1509989377;40;255;1509989385;0
32;16;10;5;1;40;1509989442;40;255;1509989450;0
32;16;10;5;1;40;1509989554;40;255;1509989562;0
32;16;10;5;1;40;1509990256;40;255;1509990264;1
32;16;10;5;1;40;1509990320;40;255;1509990328;0
32;16;10;5;1;40;1509990382;40;255;1509990390;1
32;16;10;5;1;40;1509990496;40;255;1509990504;0
32;16;10;5;1;40;1509991199;40;255;1509991206;0
32;16;10;5;1;40;1509991260;40;255;1509991268;0
32;16;10;5;1;40;1509991323;40;255;1509991331;1
32;16;10;5;1;40;1509991439;40;255;1509991447;0
32;16;10;5;1;40;1509992140;40;255;1509992148;0
32;16;10;5;1;40;1509992201;40;255;1509992209;0
32;16;10;5;1;40;1509992262;40;255;1509992270;0
32;16;10;5;1;40;1509992380;40;255;1509992388;0
32;16;10;5;1;40;1509993084;40;255;1509993092;1
32;16;10;5;1;40;1509993143;40;255;1509993151;1
32;16;10;5;1;40;1509993204;40;255;1509993212;0
32;16;10;5;1;40;1509993322;40;255;1509993330;0
32;16;10;5;1;40;1509994024;40;255;1509994032;0
32;16;10;5;1;40;1509994084;40;255;1509994092;0
32;16;10;5;1;40;1509994145;40;255;1509994153;0
32;16;10;5;1;40;1509994264;40;255;1509994272;0
32;16;10;5;1;40;1509994966;40;255;1509994974;0
32;16;10;5;1;40;1509995025;40;255;1509995033;0
32;16;10;5;1;40;1509995086;40;255;1509995094;0
32;16;10;5;1;40;1509995205;40;255;1509995213;0
32;16;10;5;1;40;1509995913;40;255;1509995921;0
32;16;10;5;1;40;1509995968;40;255;1509995976;0
32;16;10;5;1;40;1509996044;40;255;1509996052;1
32;16;10;5;1;40;1509996146;40;255;1509996154;0
32;16;10;5;1;40;1509996855;40;255;1509996863;0
32;16;10;5;1;40;1509996908;40;255;1509996916;1
32;16;10;5;1;40;1509996985;40;255;1509996993;0
32;16;10;5;1;40;1509997088;40;255;1509997096;0
32;16;10;5;1;40;1509997796;40;255;1509997804;0
32;16;10;5;1;40;1509997853;40;255;1509997861;1
32;16;10;5;1;40;1509997927;40;255;1509997935;1
32;16;10;5;1;40;1509998028;40;255;1509998036;0
32;16;10;5;1;40;1509998738;40;255;1509998746;0
32;16;10;5;1;40;1509998793;40;255;1509998801;0
32;16;10;5;1;40;1509998867;40;255;1509998875;0
32;16;10;5;1;40;1509998970;40;255;1509998978;0
32;16;10;5;1;40;1509999682;40;255;1509999690;0
32;16;10;5;1;40;1509999735;40;255;1509999743;0
32;16;10;5;1;40;1509999806;40;255;1509999814;0
32;16;10;5;1;40;1509999910;40;255;1509999918;1
32;16;10;5;1;40;1510000624;40;255;1510000632;0
32;16;10;5;1;40;1510000678;40;255;1510000686;0
32;16;10;5;1;40;1510000747;40;255;1510000755;0
32;16;10;5;1;40;1510000849;40;255;1510000857;0
32;16;10;5;1;40;1510001566;40;255;1510001574;0
32;16;10;5;1;40;1510001623;40;255;1510001631;0
32;16;10;5;1;40;1510001687;40;255;1510001695;0
32;16;10;5;1;40;1510001790;40;255;1510001798;1
32;16;10;5;1;40;1510002506;40;255;1510002514;1
32;16;10;5;1;40;1510002566;40;255;1510002574;1
32;16;10;5;1;40;1510002629;40;255;1510002636;1
32;16;10;5;1;40;1510002729;40;255;1510002737;0
32;16;10;5;1;40;1510003449;40;255;1510003457;0
32;16;10;5;1;40;1510003507;40;255;1510003515;0
32;16;10;5;1;40;1510003571;40;255;1510003579;1
32;16;10;5;1;40;1510003673;40;255;1510003681;0
32;16;10;5;1;40;1510004387;40;255;1510004395;0
32;16;10;5;1;40;1510004446;40;255;1510004454;0
32;16;10;5;1;40;1510004517;40;255;1510004525;0
32;16;10;5;1;40;1510004615;40;255;1510004623;0
32;16;10;5;1;40;1510005330;40;255;1510005338;0
32;16;10;5;1;40;1510005390;40;255;1510005398;1
32;16;10;5;1;40;1510005457;40;255;1510005465;0
32;16;10;5;1;40;1510005555;40;255;1510005563;1
32;16;10;5;1;40;1510006270;40;255;1510006278;0
32;16;10;5;1;40;1510006329;40;255;1510006337;0
32;16;10;5;1;40;1510006402;40;255;1510006410;0
32;16;10;5;1;40;1510006497;40;255;1510006505;0
32;16;10;5;1;40;1510007210;40;255;1510007218;0
32;16;10;5;1;40;1510007269;40;255;1510007277;0
32;16;10;5;1;40;1510007347;40;255;1510007355;0
32;16;10;5;1;40;1510007436;40;255;1510007444;1
32;16;10;5;1;40;1510008151;40;255;1510008159;0
32;16;10;5;1;40;1510008208;40;255;1510008216;0
32;16;10;5;1;40;1510008287;40;255;1510008295;1
32;16;10;5;1;40;1510008381;40;255;1510008389;0
32;16;10;5;1;40;1510009092;40;255;1510009100;0
32;16;10;5;1;40;1510009149;40;255;1510009157;1
32;16;10;5;1;40;1510009228;40;255;1510009236;0
32;16;10;5;1;40;1510009322;40;255;1510009330;0
32;16;10;5;1;40;1510010034;40;255;1510010042;1
32;16;10;5;1;40;1510010090;40;255;1510010098;0
32;16;10;5;1;40;1510010170;40;255;1510010178;1
32;16;10;5;1;40;1510010266;40;255;1510010274;1
32;16;10;5;1;40;1510010974;40;255;1510010982;0
32;16;10;5;1;40;1510011032;40;255;1510011040;0
32;16;10;5;1;40;1510011112;40;255;1510011120;0
32;16;10;5;1;40;1510011208;40;255;1510011216;0
32;16;10;5;1;40;1510011913;40;255;1510011921;0
32;16;10;5;1;40;1510011976;40;255;1510011984;0
32;16;10;5;1;40;1510012054;40;255;1510012062;0
32;16;10;5;1;40;1510012146;40;255;1510012154;0
32;16;10;5;1;40;1510012857;40;255;1510012865;0
32;16;10;5;1;40;1510012919;40;255;1510012927;1
32;16;10;5;1;40;1510012994;40;255;1510013002;0
32;16;10;5;1;40;1510013089;40;255;1510013097;1
32;16;10;5;1;40;1510013798;40;255;1510013806;1
32;16;10;5;1;40;1510013862;40;255;1510013870;1
32;16;10;5;1;40;1510013935;40;255;1510013943;0
32;16;10;5;1;40;1510014031;40;255;1510014039;0
32;16;10;5;1;40;1510014741;40;255;1510014749;1
32;16;10;5;1;40;1510014803;40;255;1510014811;0
32;16;10;5;1;40;1510014875;40;255;1510014883;0
32;16;10;5;1;40;1510014973;40;255;1510014980;1
32;16;10;5;1;40;1510015682;40;255;1510015690;0
32;16;10;5;1;40;1510015744;40;255;1510015752;0
32;16;10;5;1;40;1510015817;40;255;1510015825;0
32;16;10;5;1;40;1510015913;40;255;1510015921;0
32;16;10;5;1;40;1510016622;40;255;1510016630;1
32;16;10;5;1;40;1510016688;40;255;1510016696;0
32;16;10;5;1;40;1510016757;40;255;1510016765;0
32;16;10;5;1;40;1510016855;40;255;1510016863;0
32;16;10;5;1;40;1510017563;40;255;1510017571;0
32;16;10;5;1;40;1510017630;40;255;1510017638;1
32;16;10;5;1;40;1510017698;40;255;1510017706;0
32;16;10;5;1;40;1510017796;40;255;1510017804;0
32;16;10;5;1;40;1510018504;40;255;1510018512;0
32;16;10;5;1;40;1510018573;40;255;1510018581;1
32;16;10;5;1;40;1510018640;40;255;1510018648;0
32;16;10;5;1;40;1510018737;40;255;1510018745;0
32;16;10;5;1;40;1510019447;40;255;1510019455;0
32;16;10;5;1;40;1510019516;40;255;1510019523;0
32;16;10;5;1;40;1510019580;40;255;1510019588;1
32;16;10;5;1;40;1510019679;40;255;1510019687;0
32;16;10;5;1;40;1510020387;40;255;1510020395;1
32;16;10;5;1;40;1510020460;40;255;1510020468;0
32;16;10;5;1;40;1510020521;40;255;1510020529;1
32;16;10;5;1;40;1510020618;40;255;1510020626;0
32;16;10;5;1;40;1510021327;40;255;1510021335;1
32;16;10;5;1;40;1510021401;40;255;1510021409;0
32;16;10;5;1;40;1510021462;40;255;1510021470;0
32;16;10;5;1;40;1510021562;40;255;1510021570;1
32;16;10;5;1;40;1510022268;40;255;1510022276;1
32;16;10;5;1;40;1510022341;40;255;1510022349;0
32;16;10;5;1;40;1510022403;40;255;1510022411;0
32;16;10;5;1;40;1510022503;40;255;1510022511;0
32;16;10;5;1;40;1510023210;40;255;1510023218;1
32;16;10;5;1;40;1510023283;40;255;1510023291;0
32;16;10;5;1;40;1510023349;40;255;1510023357;0
32;16;10;5;1;40;1510023443;40;255;1510023451;0
32;16;10;5;1;40;1510024152;40;255;1510024160;0
32;16;10;5;1;40;1510024223;40;255;1510024231;0
32;16;10;5;1;40;1510024290;40;255;1510024298;0
32;16;10;5;1;40;1510024385;40;255;1510024392;0
32;16;10;5;1;40;1510025096;40;255;1510025104;0
32;16;10;5;1;40;1510025163;40;255;1510025171;0
32;16;10;5;1;40;1510025232;40;255;1510025240;1
32;16;10;5;1;40;1510025324;40;255;1510025332;1
32;16;10;5;1;40;1510026039;40;255;1510026047;1
32;16;10;5;1;40;1510026104;40;255;1510026112;0
32;16;10;5;1;40;1510026173;40;255;1510026181;0
32;16;10;5;1;40;1510026265;40;255;1510026273;0
32;16;10;5;1;40;1510026979;40;255;1510026987;0
32;16;10;5;1;40;1510027045;40;255;1510027053;0
32;16;10;5;1;40;1510027117;40;255;1510027125;0
32;16;10;5;1;40;1510027206;40;255;1510027214;0
32;16;10;5;1;40;1510027921;40;255;1510027929;0
32;16;10;5;1;40;1510027986;40;255;1510027994;0
32;16;10;5;1;40;1510028057;40;255;1510028065;0
32;16;10;5;1;40;1510028146;40;255;1510028154;0
32;16;10;5;1;40;1510028863;40;255;1510028871;0
32;16;10;5;1;40;1510028929;40;255;1510028937;1
32;16;10;5;1;40;1510029000;40;255;1510029008;1
32;16;10;5;1;40;1510029085;40;255;1510029093;1
32;16;10;5;1;40;1510029804;40;255;1510029812;0
32;16;10;5;1;40;1510029871;40;255;1510029879;0
32;16;10;5;1;40;1510029941;40;255;1510029949;1
32;16;10;5;1;40;1510030026;40;255;1510030034;0
32;16;10;5;1;40;1510030746;40;255;1510030754;0
32;16;10;5;1;40;1510030813;40;255;1510030821;0
32;16;10;5;1;40;1510030887;40;255;1510030894;1
32;16;10;5;1;40;1510030967;40;255;1510030975;1
32;16;10;5;1;40;1510031688;40;255;1510031696;0
32;16;10;5;1;40;1510031753;40;255;1510031761;1
32;16;10;5;1;40;1510031829;40;255;1510031837;0
32;16;10;5;1;40;1510031909;40;255;1510031917;0
32;16;10;5;1;40;1510032626;40;255;1510032634;1
32;16;10;5;1;40;1510032695;40;255;1510032703;1
32;16;10;5;1;40;1510032771;40;255;1510032779;0
32;16;10;5;1;40;1510032851;40;255;1510032859;0
32;16;10;5;1;40;1510033570;40;255;1510033578;0
32;16;10;5;1;40;1510033635;40;255;1510033643;0
32;16;10;5;1;40;1510033713;40;255;1510033720;0
32;16;10;5;1;40;1510033792;40;255;1510033800;0
32;16;10;5;1;40;1510034512;40;255;1510034520;1
32;16;10;5;1;40;1510034577;40;255;1510034585;0
32;16;10;5;1;40;1510034654;40;255;1510034662;0
32;16;10;5;1;40;1510034732;40;255;1510034740;1
32;16;10;5;1;40;1510035453;40;255;1510035461;0
32;16;10;5;1;40;1510035519;40;255;1510035527;0
32;16;10;5;1;40;1510035595;40;255;1510035603;0
32;16;10;5;1;40;1510035673;40;255;1510035681;0
32;16;10;5;1;40;1510036395;40;255;1510036403;1
32;16;10;5;1;40;1510036461;40;255;1510036469;0
32;16;10;5;1;40;1510036536;40;255;1510036544;1
32;16;10;5;1;40;1510036613;40;255;1510036621;0
32;16;10;5;1;40;1510037338;40;255;1510037346;0
32;16;10;5;1;40;1510037404;40;255;1510037412;0
32;16;10;5;1;40;1510037477;40;255;1510037484;0
32;16;10;5;1;40;1510037553;40;255;1510037561;0
32;16;10;5;1;40;1510038278;40;255;1510038286;1
32;16;10;5;1;40;1510038347;40;255;1510038355;0
32;16;10;5;1;40;1510038417;40;255;1510038424;0
32;16;10;5;1;40;1510038495;40;255;1510038503;0
32;16;10;5;1;40;1510039221;40;255;1510039229;0
32;16;10;5;1;40;1510039289;40;255;1510039297;0
32;16;10;5;1;40;1510039360;40;255;1510039368;0
32;16;10;5;1;40;1510039435;40;255;1510039443;0
32;16;10;5;1;40;1510040161;40;255;1510040169;1
32;16;10;5;1;40;1510040228;40;255;1510040236;0
32;16;10;5;1;40;1510040303;40;255;1510040311;0
32;16;10;5;1;40;1510040376;40;255;1510040384;0
32;16;10;5;1;40;1510041102;40;255;1510041110;0
32;16;10;5;1;40;1510041171;40;255;1510041179;0
32;16;10;5;1;40;1510041245;40;255;1510041253;0
32;16;10;5;1;40;1510041316;40;255;1510041324;0
32;16;10;5;1;40;1510042046;40;255;1510042054;0
32;16;10;5;1;40;1510042112;40;255;1510042120;0
32;16;10;5;1;40;1510042189;40;255;1510042197;0
32;16;10;5;1;40;1510042258;40;255;1510042266;0
32;16;10;5;1;40;1510042986;40;255;1510042994;1
32;16;10;5;1;40;1510043055;40;255;1510043063;1
32;16;10;5;1;40;1510043129;40;255;1510043137;1
32;16;10;5;1;40;1510043200;40;255;1510043208;1
32;16;10;5;1;40;1510043926;40;255;1510043933;0
32;16;10;5;1;40;1510043997;40;255;1510044005;1
32;16;10;5;1;40;1510044070;40;255;1510044078;0
32;16;10;5;1;40;1510044142;40;255;1510044150;0
32;16;10;5;1;40;1510044886;40;255;1510044894;0
32;16;10;5;1;40;1510044956;40;255;1510044964;1
32;16;10;5;1;40;1510045033;40;255;1510045041;0
32;16;10;5;1;40;1510045113;40;255;1510045121;0
32;16;10;5;1;40;1510045894;40;255;1510045904;0
32;16;10;5;1;40;1510045975;40;255;1510045983;1
32;16;10;5;1;40;1510046045;40;255;1510046053;0
32;16;10;5;1;40;1510046119;40;255;1510046128;0
32;16;10;5;1;40;1510046891;40;255;1510046899;0
32;16;10;5;1;40;1510046900;40;255;1510046908;0
32;16;10;5;1;40;1510046910;40;255;1510046918;1
32;16;10;5;1;40;1510046913;40;255;1510046921;0
32;16;10;5;1;40;1510047873;40;255;1510047881;0
32;16;10;5;1;40;1510047887;40;255;1510047895;0
32;16;10;5;1;40;1510047887;40;255;1510047896;0
32;16;10;5;1;40;1510047893;40;255;1510047901;0
32;16;10;5;1;40;1510048835;40;255;1510048843;0
32;16;10;5;1;40;1510048843;40;255;1510048851;1
32;16;10;5;1;40;1510048851;40;255;1510048859;0
32;16;10;5;1;40;1510048862;40;255;1510048870;0
32;16;10;5;1;40;1510049866;40;255;1510049874;1
32;16;10;5;1;40;1510049873;40;255;1510049881;0
32;16;10;5;1;40;1510049890;40;255;1510049898;1
32;16;10;5;1;40;1510050824;40;255;1510050832;0
32;16;10;5;1;40;1510050830;40;255;1510050838;1
32;16;10;5;1;40;1510050846;40;255;1510050854;1
32;16;10;5;1;40;1510051781;40;255;1510051789;0
32;16;10;5;1;40;1510051788;40;255;1510051796;0
32;16;10;5;1;40;1510051806;40;255;1510051814;1
32;16;10;5;1;40;1510052738;40;255;1510052746;1
32;16;10;5;1;40;1510052746;40;255;1510052754;0
32;16;10;5;1;40;1510052763;40;255;1510052771;1
32;16;10;5;1;40;1510053696;40;255;1510053704;0
32;16;10;5;1;40;1510053702;40;255;1510053710;0
32;16;10;5;1;40;1510053721;40;255;1510053729;1
32;16;10;5;1;40;1510054654;40;255;1510054663;0
32;16;10;5;1;40;1510054664;40;255;1510054672;1
32;16;10;5;1;40;1510054682;40;255;1510054690;0
32;16;10;5;1;40;1510055623;40;255;1510055632;1
32;16;10;5;1;40;1510055633;40;255;1510055641;1
32;16;10;5;1;40;1510055654;40;255;1510055662;0
32;16;10;5;1;40;1510056580;40;255;1510056588;0
32;16;10;5;1;40;1510056599;40;255;1510056607;0
32;16;10;5;1;40;1510056628;40;255;1510056636;0
32;16;10;5;1;40;1510057532;40;255;1510057540;0
32;16;10;5;1;40;1510057553;40;255;1510057561;1
32;16;10;5;1;40;1510057581;40;255;1510057589;0
32;16;10;5;1;40;1510058473;40;255;1510058481;0
32;16;10;5;1;40;1510058495;40;255;1510058503;0
32;16;10;5;1;40;1510058521;40;255;1510058529;0
32;16;10;5;1;40;1510059414;40;255;1510059422;0
32;16;10;5;1;40;1510059435;40;255;1510059443;0
32;16;10;5;1;40;1510059462;40;255;1510059470;0
32;16;10;5;1;40;1510060363;40;255;1510060371;0
32;16;10;5;1;40;1510060383;40;255;1510060391;1
32;16;10;5;1;40;1510060414;40;255;1510060422;0
32;16;10;5;1;40;1510061324;40;255;1510061332;0
32;16;10;5;1;40;1510061341;40;255;1510061349;0
32;16;10;5;1;40;1510061376;40;255;1510061384;1
32;16;10;5;1;40;1510062320;40;255;1510062328;0
32;16;10;5;1;40;1510062325;40;255;1510062333;0
32;16;10;5;1;40;1510062369;40;255;1510062377;0
32;16;10;5;1;40;1510063275;40;255;1510063283;0
32;16;10;5;1;40;1510063279;40;255;1510063287;1
32;16;10;5;1;40;1510063322;40;255;1510063330;0
32;16;10;5;1;40;1510064233;40;255;1510064242;0
32;16;10;5;1;40;1510064236;40;255;1510064244;0
32;16;10;5;1;40;1510064283;40;255;1510064292;0
32;16;10;5;1;40;1510065204;40;255;1510065212;0
32;16;10;5;1;40;1510065205;40;255;1510065213;0
32;16;10;5;1;40;1510065254;40;255;1510065262;0
32;16;10;5;1;40;1510066161;40;255;1510066169;1
32;16;10;5;1;40;1510066164;40;255;1510066172;1
32;16;10;5;1;40;1510066214;40;255;1510066222;1
32;16;10;5;1;40;1510067123;40;255;1510067131;0
32;16;10;5;1;40;1510067126;40;255;1510067134;0
32;16;10;5;1;40;1510067178;40;255;1510067186;0
32;16;10;5;1;40;1510068080;40;255;1510068088;0
32;16;10;5;1;40;1510068083;40;255;1510068091;0
32;16;10;5;1;40;1510068136;40;255;1510068144;0
32;16;10;5;1;40;1510069030;40;255;1510069038;1
32;16;10;5;1;40;1510069034;40;255;1510069042;0
32;16;10;5;1;40;1510069085;40;255;1510069093;0
32;16;10;5;1;40;1510069991;40;255;1510069999;1
32;16;10;5;1;40;1510070008;40;255;1510070016;0
32;16;10;5;1;40;1510070052;40;255;1510070060;1
32;16;10;5;1;40;1510070959;40;255;1510070967;1
32;16;10;5;1;40;1510070970;40;255;1510070978;0
32;16;10;5;1;40;1510071019;40;255;1510071027;0
32;16;10;5;1;40;1510071931;40;255;1510071939;0
32;16;10;5;1;40;1510071936;40;255;1510071945;0
32;16;10;5;1;40;1510071980;40;255;1510071988;1
32;16;10;5;1;40;1510072880;40;255;1510072888;0
32;16;10;5;1;40;1510072886;40;255;1510072894;0
32;16;10;5;1;40;1510072927;40;255;1510072935;0
32;16;10;5;1;40;1510073823;40;255;1510073831;0
32;16;10;5;1;40;1510073829;40;255;1510073837;0
32;16;10;5;1;40;1510073870;40;255;1510073878;0
32;16;10;5;1;40;1510074767;40;255;1510074775;1
32;16;10;5;1;40;1510074772;40;255;1510074780;0
32;16;10;5;1;40;1510074813;40;255;1510074821;1
32;16;10;5;1;40;1510075575;40;255;1510075583;0
32;16;10;5;1;40;1510075741;40;255;1510075750;0
32;16;10;5;1;40;1510075754;40;255;1510075762;0
32;16;10;5;1;40;1510075794;40;255;1510075802;0
32;16;10;5;1;40;1510076519;40;255;1510076527;0
32;16;10;5;1;40;1510076691;40;255;1510076699;1
32;16;10;5;1;40;1510076696;40;255;1510076704;0
32;16;10;5;1;40;1510076737;40;255;1510076745;0
32;16;10;5;1;40;1510077460;40;255;1510077468;1
32;16;10;5;1;40;1510077630;40;255;1510077638;0
32;16;10;5;1;40;1510077637;40;255;1510077645;1
32;16;10;5;1;40;1510077677;40;255;1510077684;0
32;16;10;5;1;40;1510078398;40;255;1510078406;0
32;16;10;5;1;40;1510078569;40;255;1510078577;1
32;16;10;5;1;40;1510078577;40;255;1510078585;1
32;16;10;5;1;40;1510078617;40;255;1510078625;0
32;16;10;5;1;40;1510079338;40;255;1510079346;0
32;16;10;5;1;40;1510079508;40;255;1510079516;0
32;16;10;5;1;40;1510079516;40;255;1510079524;0
32;16;10;5;1;40;1510079557;40;255;1510079565;1
32;16;10;5;1;40;1510080279;40;255;1510080287;0
32;16;10;5;1;40;1510080449;40;255;1510080456;0
32;16;10;5;1;40;1510080455;40;255;1510080463;0
32;16;10;5;1;40;1510080498;40;255;1510080506;0
32;16;10;5;1;40;1510081219;40;255;1510081227;1
32;16;10;5;1;40;1510081388;40;255;1510081396;0
32;16;10;5;1;40;1510081394;40;255;1510081402;0
32;16;10;5;1;40;1510081439;40;255;1510081447;0
32;16;10;5;1;40;1510082159;40;255;1510082167;1
32;16;10;5;1;40;1510082327;40;255;1510082335;0
32;16;10;5;1;40;1510082334;40;255;1510082342;0
32;16;10;5;1;40;1510082379;40;255;1510082387;0
32;16;10;5;1;40;1510083096;40;255;1510083104;1
32;16;10;5;1;40;1510083268;40;255;1510083276;1
32;16;10;5;1;40;1510083276;40;255;1510083284;1
32;16;10;5;1;40;1510083319;40;255;1510083327;0
32;16;10;5;1;40;1510084037;40;255;1510084045;0
32;16;10;5;1;40;1510084206;40;255;1510084214;1
32;16;10;5;1;40;1510084218;40;255;1510084226;0
32;16;10;5;1;40;1510084259;40;255;1510084267;0
32;16;10;5;1;40;1510084975;40;255;1510084983;0
32;16;10;5;1;40;1510085147;40;255;1510085155;1
32;16;10;5;1;40;1510085159;40;255;1510085167;0
32;16;10;5;1;40;1510085198;40;255;1510085206;0
32;16;10;5;1;40;1510085914;40;255;1510085922;1
32;16;10;5;1;40;1510086089;40;255;1510086097;0
32;16;10;5;1;40;1510086101;40;255;1510086109;0
32;16;10;5;1;40;1510086138;40;255;1510086146;0
32;16;10;5;1;40;1510086852;40;255;1510086860;0
32;16;10;5;1;40;1510087029;40;255;1510087037;0
32;16;10;5;1;40;1510087042;40;255;1510087050;0
32;16;10;5;1;40;1510087078;40;255;1510087086;0
32;16;10;5;1;40;1510087793;40;255;1510087801;0
32;16;10;5;1;40;1510087969;40;255;1510087977;0
32;16;10;5;1;40;1510087982;40;255;1510087990;0
32;16;10;5;1;40;1510088017;40;255;1510088025;1
32;16;10;5;1;40;1510088734;40;255;1510088742;0
32;16;10;5;1;40;1510088909;40;255;1510088917;0
32;16;10;5;1;40;1510088922;40;255;1510088930;0
32;16;10;5;1;40;1510088956;40;255;1510088964;0
32;16;10;5;1;40;1510089672;40;255;1510089680;0
32;16;10;5;1;40;1510089849;40;255;1510089857;0
32;16;10;5;1;40;1510089862;40;255;1510089870;0
32;16;10;5;1;40;1510089899;40;255;1510089907;0
32;16;10;5;1;40;1510090611;40;255;1510090619;0
32;16;10;5;1;40;1510090789;40;255;1510090797;0
32;16;10;5;1;40;1510090802;40;255;1510090810;1
32;16;10;5;1;40;1510090841;40;255;1510090849;0
32;16;10;5;1;40;1510091551;40;255;1510091558;0
32;16;10;5;1;40;1510091728;40;255;1510091736;0
32;16;10;5;1;40;1510091743;40;255;1510091751;0
32;16;10;5;1;40;1510091781;40;255;1510091789;0
32;16;10;5;1;40;1510092489;40;255;1510092497;1
32;16;10;5;1;40;1510092669;40;255;1510092677;0
32;16;10;5;1;40;1510092683;40;255;1510092691;1
32;16;10;5;1;40;1510092721;40;255;1510092729;0
32;16;10;5;1;40;1510093429;40;255;1510093437;0
32;16;10;5;1;40;1510093608;40;255;1510093616;1
32;16;10;5;1;40;1510093624;40;255;1510093632;1
32;16;10;5;1;40;1510093663;40;255;1510093671;0
32;16;10;5;1;40;1510094370;40;255;1510094378;0
32;16;10;5;1;40;1510094546;40;255;1510094554;0
32;16;10;5;1;40;1510094563;40;255;1510094571;0
32;16;10;5;1;40;1510094604;40;255;1510094612;0
32;16;10;5;1;40;1510095312;40;255;1510095320;0
32;16;10;5;1;40;1510095486;40;255;1510095494;0
32;16;10;5;1;40;1510095501;40;255;1510095509;0
32;16;10;5;1;40;1510095544;40;255;1510095552;0
32;16;10;5;1;40;1510096255;40;255;1510096262;0
32;16;10;5;1;40;1510096425;40;255;1510096433;0
32;16;10;5;1;40;1510096440;40;255;1510096448;1
32;16;10;5;1;40;1510096484;40;255;1510096492;1
32;16;10;5;1;40;1510097195;40;255;1510097203;0
32;16;10;5;1;40;1510097365;40;255;1510097373;0
32;16;10;5;1;40;1510097379;40;255;1510097387;0
32;16;10;5;1;40;1510097427;40;255;1510097434;0
32;16;10;5;1;40;1510098134;40;255;1510098142;0
32;16;10;5;1;40;1510098307;40;255;1510098315;0
32;16;10;5;1;40;1510098318;40;255;1510098326;0
32;16;10;5;1;40;1510098366;40;255;1510098374;0
32;16;10;5;1;40;1510099074;40;255;1510099082;0
32;16;10;5;1;40;1510099248;40;255;1510099256;0
32;16;10;5;1;40;1510099256;40;255;1510099264;0
32;16;10;5;1;40;1510099307;40;255;1510099315;1
32;16;10;5;1;40;1510100016;40;255;1510100024;1
32;16;10;5;1;40;1510100190;40;255;1510100198;0
32;16;10;5;1;40;1510100194;40;255;1510100202;0
32;16;10;5;1;40;1510100247;40;255;1510100255;0
32;16;10;5;1;40;1510100956;40;255;1510100964;0
32;16;10;5;1;40;1510101129;40;255;1510101136;0
32;16;10;5;1;40;1510101135;40;255;1510101143;0
32;16;10;5;1;40;1510101186;40;255;1510101194;0
32;16;10;5;1;40;1510101896;40;255;1510101904;0
32;16;10;5;1;40;1510102067;40;255;1510102075;1
32;16;10;5;1;40;1510102076;40;255;1510102084;0
32;16;10;5;1;40;1510102127;40;255;1510102136;1
32;16;10;5;1;40;1510102835;40;255;1510102843;1
32;16;10;5;1;40;1510103006;40;255;1510103014;0
32;16;10;5;1;40;1510103015;40;255;1510103023;0
32;16;10;5;1;40;1510103069;40;255;1510103077;0
32;16;10;5;1;40;1510103773;40;255;1510103781;0
32;16;10;5;1;40;1510103946;40;255;1510103954;0
32;16;10;5;1;40;1510103956;40;255;1510103964;0
32;16;10;5;1;40;1510104010;40;255;1510104017;0
32;16;10;5;1;40;1510104711;40;255;1510104719;1
32;16;10;5;1;40;1510104885;40;255;1510104893;0
32;16;10;5;1;40;1510104898;40;255;1510104906;0
32;16;10;5;1;40;1510104949;40;255;1510104957;0
32;16;10;5;1;40;1510105652;40;255;1510105660;0
32;16;10;5;1;40;1510105824;40;255;1510105832;0
32;16;10;5;1;40;1510105837;40;255;1510105845;0
32;16;10;5;1;40;1510105888;40;255;1510105896;0
32;16;10;5;1;40;1510106592;40;255;1510106600;0
32;16;10;5;1;40;1510106767;40;255;1510106775;0
32;16;10;5;1;40;1510106777;40;255;1510106785;0
32;16;10;5;1;40;1510106827;40;255;1510106835;0
32;16;10;5;1;40;1510107531;40;255;1510107539;0
32;16;10;5;1;40;1510107710;40;255;1510107718;0
32;16;10;5;1;40;1510107715;40;255;1510107723;0
32;16;10;5;1;40;1510107770;40;255;1510107778;1
32;16;10;5;1;40;1510108470;40;255;1510108478;1
32;16;10;5;1;40;1510108650;40;255;1510108658;0
32;16;10;5;1;40;1510108655;40;255;1510108663;0
32;16;10;5;1;40;1510108709;40;255;1510108717;0
32;16;10;5;1;40;1510109409;40;255;1510109417;0
32;16;10;5;1;40;1510109591;40;255;1510109599;0
32;16;10;5;1;40;1510109596;40;255;1510109604;1
32;16;10;5;1;40;1510109651;40;255;1510109659;1
32;16;10;5;1;40;1510110349;40;255;1510110357;0
32;16;10;5;1;40;1510110530;40;255;1510110538;1
32;16;10;5;1;40;1510110537;40;255;1510110545;1
32;16;10;5;1;40;1510110592;40;255;1510110600;1
32;16;10;5;1;40;1510111289;40;255;1510111297;1
32;16;10;5;1;40;1510111470;40;255;1510111478;0
32;16;10;5;1;40;1510111478;40;255;1510111486;0
32;16;10;5;1;40;1510111530;40;255;1510111538;0
32;16;10;5;1;40;1510112228;40;255;1510112236;0
32;16;10;5;1;40;1510112412;40;255;1510112420;0
32;16;10;5;1;40;1510112418;40;255;1510112425;0
32;16;10;5;1;40;1510112470;40;255;1510112478;0
32;16;10;5;1;40;1510113165;40;255;1510113172;0
32;16;10;5;1;40;1510113355;40;255;1510113363;0
32;16;10;5;1;40;1510113358;40;255;1510113366;0
32;16;10;5;1;40;1510113410;40;255;1510113417;1
32;16;10;5;1;40;1510114103;40;255;1510114111;1
32;16;10;5;1;40;1510114296;40;255;1510114304;0
32;16;10;5;1;40;1510114299;40;255;1510114307;0
32;16;10;5;1;40;1510114350;40;255;1510114358;0
32;16;10;5;1;40;1510115043;40;255;1510115051;0
32;16;10;5;1;40;1510115236;40;255;1510115243;0
32;16;10;5;1;40;1510115239;40;255;1510115247;0
32;16;10;5;1;40;1510115289;40;255;1510115297;0
32;16;10;5;1;40;1510115985;40;255;1510115993;0
32;16;10;5;1;40;1510116175;40;255;1510116183;0
32;16;10;5;1;40;1510116177;40;255;1510116185;1
32;16;10;5;1;40;1510116228;40;255;1510116236;0
32;16;10;5;1;40;1510116926;40;255;1510116934;1
32;16;10;5;1;40;1510117115;40;255;1510117122;1
32;16;10;5;1;40;1510117119;40;255;1510117127;1
32;16;10;5;1;40;1510117167;40;255;1510117175;1
32;16;10;5;1;40;1510117865;40;255;1510117873;1
32;16;10;5;1;40;1510118053;40;255;1510118061;1
32;16;10;5;1;40;1510118060;40;255;1510118068;0
32;16;10;5;1;40;1510118107;40;255;1510118115;1
32;16;10;5;1;40;1510118808;40;255;1510118816;0
32;16;10;5;1;40;1510118994;40;255;1510119002;1
32;16;10;5;1;40;1510119001;40;255;1510119009;0
32;16;10;5;1;40;1510119046;40;255;1510119054;0
32;16;10;5;1;40;1510119751;40;255;1510119759;1
32;16;10;5;1;40;1510119932;40;255;1510119940;0
32;16;10;5;1;40;1510119940;40;255;1510119948;0
32;16;10;5;1;40;1510119985;40;255;1510119993;1
32;16;10;5;1;40;1510120693;40;255;1510120701;1
32;16;10;5;1;40;1510120872;40;255;1510120880;0
32;16;10;5;1;40;1510120880;40;255;1510120888;0
32;16;10;5;1;40;1510120925;40;255;1510120933;0
32;16;10;5;1;40;1510121633;40;255;1510121641;1
32;16;10;5;1;40;1510121812;40;255;1510121820;0
32;16;10;5;1;40;1510121821;40;255;1510121828;0
32;16;10;5;1;40;1510121863;40;255;1510121871;0
32;16;10;5;1;40;1510122574;40;255;1510122582;0
32;16;10;5;1;40;1510122751;40;255;1510122759;0
32;16;10;5;1;40;1510122760;40;255;1510122768;0
32;16;10;5;1;40;1510122805;40;255;1510122813;0
32;16;10;5;1;40;1510123514;40;255;1510123522;0
32;16;10;5;1;40;1510123692;40;255;1510123700;1
32;16;10;5;1;40;1510123702;40;255;1510123710;0
32;16;10;5;1;40;1510123746;40;255;1510123754;1
32;16;10;5;1;40;1510124455;40;255;1510124463;1
32;16;10;5;1;40;1510124631;40;255;1510124639;0
32;16;10;5;1;40;1510124642;40;255;1510124650;1
32;16;10;5;1;40;1510124686;40;255;1510124694;0
32;16;10;5;1;40;1510125394;40;255;1510125402;1
32;16;10;5;1;40;1510125572;40;255;1510125580;0
32;16;10;5;1;40;1510125582;40;255;1510125590;0
32;16;10;5;1;40;1510125626;40;255;1510125634;1
32;16;10;5;1;40;1510126333;40;255;1510126341;0
32;16;10;5;1;40;1510126511;40;255;1510126519;0
32;16;10;5;1;40;1510126522;40;255;1510126530;0
32;16;10;5;1;40;1510126567;40;255;1510126575;0
32;16;10;5;1;40;1510127273;40;255;1510127281;0
32;16;10;5;1;40;1510127450;40;255;1510127457;0
32;16;10;5;1;40;1510127460;40;255;1510127467;0
32;16;10;5;1;40;1510127509;40;255;1510127517;0
32;16;10;5;1;40;1510128212;40;255;1510128220;0
32;16;10;5;1;40;1510128390;40;255;1510128398;0
32;16;10;5;1;40;1510128399;40;255;1510128407;1
32;16;10;5;1;40;1510128449;40;255;1510128457;0
32;16;10;5;1;40;1510129152;40;255;1510129159;1
32;16;10;5;1;40;1510129331;40;255;1510129339;0
32;16;10;5;1;40;1510129340;40;255;1510129348;0
32;16;10;5;1;40;1510129387;40;255;1510129395;1
32;16;10;5;1;40;1510130117;40;255;1510130126;1
32;16;10;5;1;40;1510130319;40;255;1510130327;1
32;16;10;5;1;40;1510130323;40;255;1510130331;0
32;16;10;5;1;40;1510130371;40;255;1510130379;0
32;16;10;5;1;40;1510131126;40;255;1510131134;1
32;16;10;5;1;40;1510131324;40;255;1510131331;0
32;16;10;5;1;40;1510131325;40;255;1510131333;0
32;16;10;5;1;40;1510131374;40;255;1510131382;0
32;16;10;5;1;40;1510132107;40;255;1510132115;1
32;16;10;5;1;40;1510132294;40;255;1510132303;0
32;16;10;5;1;40;1510132314;40;255;1510132322;0
32;16;10;5;1;40;1510132352;40;255;1510132360;0
32;16;10;5;1;40;1510133098;40;255;1510133106;0
32;16;10;5;1;40;1510133268;40;255;1510133277;0
32;16;10;5;1;40;1510133288;40;255;1510133297;1
32;16;10;5;1;40;1510133338;40;255;1510133348;0
32;16;10;5;1;40;1510134110;40;255;1510134119;0
32;16;10;5;1;40;1510134277;40;255;1510134285;1
32;16;10;5;1;40;1510134309;40;255;1510134318;0
32;16;10;5;1;40;1510134354;40;255;1510134362;0
32;16;10;5;1;40;1510135109;40;255;1510135117;0
32;16;10;5;1;40;1510135284;40;255;1510135292;0
32;16;10;5;1;40;1510135314;40;255;1510135322;0
32;16;10;5;1;40;1510135345;40;255;1510135353;0
32;16;10;5;1;40;1510136106;40;255;1510136115;0
32;16;10;5;1;40;1510136267;40;255;1510136275;0
32;16;10;5;1;40;1510136307;40;255;1510136315;1
32;16;10;5;1;40;1510136331;40;255;1510136339;0
32;16;10;5;1;40;1510137106;40;255;1510137115;0
32;16;10;5;1;40;1510137284;40;255;1510137292;1
32;16;10;5;1;40;1510137302;40;255;1510137311;0
32;16;10;5;1;40;1510137345;40;255;1510137353;0
32;16;10;5;1;40;1510138098;40;255;1510138107;0
32;16;10;5;1;40;1510138289;40;255;1510138298;1
32;16;10;5;1;40;1510138294;40;255;1510138303;0
32;16;10;5;1;40;1510138344;40;255;1510138352;1
32;16;10;5;1;40;1510139104;40;255;1510139112;1
32;16;10;5;1;40;1510139281;40;255;1510139289;0
32;16;10;5;1;40;1510139307;40;255;1510139316;0
32;16;10;5;1;40;1510139347;40;255;1510139355;1
32;16;10;5;1;40;1510140077;40;255;1510140085;1
32;16;10;5;1;40;1510140238;40;255;1510140246;0
32;16;10;5;1;40;1510140318;40;255;1510140326;1
32;16;10;5;1;40;1510140327;40;255;1510140335;0
32;16;10;5;1;40;1510141087;40;255;1510141095;0
32;16;10;5;1;40;1510141222;40;255;1510141230;0
32;16;10;5;1;40;1510141289;40;255;1510141297;0
32;16;10;5;1;40;1510141312;40;255;1510141321;1
32;16;10;5;1;40;1510142060;40;255;1510142068;0
32;16;10;5;1;40;1510142231;40;255;1510142239;0
32;16;10;5;1;40;1510142269;40;255;1510142278;0
32;16;10;5;1;40;1510142325;40;255;1510142334;0
32;16;10;5;1;40;1510143097;40;255;1510143107;0
32;16;10;5;1;40;1510143282;40;255;1510143292;0
32;16;10;5;1;40;1510143320;40;255;1510143329;0
32;16;10;5;1;40;1510143385;40;255;1510143393;1
32;16;10;5;1;40;1510144092;40;255;1510144101;0
32;16;10;5;1;40;1510144263;40;255;1510144271;0
32;16;10;5;1;40;1510144295;40;255;1510144302;1
32;16;10;5;1;40;1510144369;40;255;1510144377;0
32;16;10;5;1;40;1510145041;40;255;1510145049;1
32;16;10;5;1;40;1510145208;40;255;1510145216;0
32;16;10;5;1;40;1510145240;40;255;1510145248;1
32;16;10;5;1;40;1510145316;40;255;1510145324;0
32;16;10;5;1;40;1510145981;40;255;1510145989;0
32;16;10;5;1;40;1510146152;40;255;1510146160;1
32;16;10;5;1;40;1510146183;40;255;1510146191;0
32;16;10;5;1;40;1510146257;40;255;1510146265;1
32;16;10;5;1;40;1510146927;40;255;1510146935;0
32;16;10;5;1;40;1510147100;40;255;1510147108;0
32;16;10;5;1;40;1510147132;40;255;1510147141;0
32;16;10;5;1;40;1510147215;40;255;1510147224;0
32;16;10;5;1;40;1510147901;40;255;1510147909;0
32;16;10;5;1;40;1510148088;40;255;1510148096;1
32;16;10;5;1;40;1510148110;40;255;1510148118;0
32;16;10;5;1;40;1510148188;40;255;1510148196;0
32;16;10;5;1;40;1510148882;40;255;1510148890;0
32;16;10;5;1;40;1510149054;40;255;1510149062;0
32;16;10;5;1;40;1510149073;40;255;1510149081;0
32;16;10;5;1;40;1510149150;40;255;1510149158;0
32;16;10;5;1;40;1510149829;40;255;1510149837;0
32;16;10;5;1;40;1510150004;40;255;1510150012;0
32;16;10;5;1;40;1510150015;40;255;1510150023;0
32;16;10;5;1;40;1510150094;40;255;1510150102;0
32;16;10;5;1;40;1510150783;40;255;1510150791;0
32;16;10;5;1;40;1510150962;40;255;1510150970;0
32;16;10;5;1;40;1510150972;40;255;1510150980;0
32;16;10;5;1;40;1510151059;40;255;1510151067;0
32;16;10;5;1;40;1510151745;40;255;1510151754;0
32;16;10;5;1;40;1510151934;40;255;1510151942;0
32;16;10;5;1;40;1510151948;40;255;1510151957;0
32;16;10;5;1;40;1510152037;40;255;1510152045;0
32;16;10;5;1;40;1510152745;40;255;1510152753;0
32;16;10;5;1;40;1510152919;40;255;1510152927;0
32;16;10;5;1;40;1510152941;40;255;1510152949;0
32;16;10;5;1;40;1510153015;40;255;1510153022;1
32;16;10;5;1;40;1510153710;40;255;1510153718;0
32;16;10;5;1;40;1510153888;40;255;1510153896;0
32;16;10;5;1;40;1510153910;40;255;1510153918;1
32;16;10;5;1;40;1510153983;40;255;1510153991;0
32;16;10;5;1;40;1510154679;40;255;1510154688;0
32;16;10;5;1;40;1510154854;40;255;1510154862;0
32;16;10;5;1;40;1510154879;40;255;1510154887;1
32;16;10;5;1;40;1510154947;40;255;1510154955;0
32;16;10;5;1;40;1510155639;40;255;1510155647;0
32;16;10;5;1;40;1510155812;40;255;1510155820;1
32;16;10;5;1;40;1510155843;40;255;1510155851;0
32;16;10;5;1;40;1510155915;40;255;1510155923;0
32;16;10;5;1;40;1510156621;40;255;1510156630;1
32;16;10;5;1;40;1510156801;40;255;1510156810;1
32;16;10;5;1;40;1510156827;40;255;1510156836;0
32;16;10;5;1;40;1510156902;40;255;1510156910;0
32;16;10;5;1;40;1510157612;40;255;1510157621;0
32;16;10;5;1;40;1510157797;40;255;1510157805;1
32;16;10;5;1;40;1510157822;40;255;1510157830;0
32;16;10;5;1;40;1510157893;40;255;1510157901;1
32;16;10;5;1;40;1510158578;40;255;1510158586;1
32;16;10;5;1;40;1510158759;40;255;1510158767;0
32;16;10;5;1;40;1510158790;40;255;1510158799;0
32;16;10;5;1;40;1510158854;40;255;1510158862;0
32;16;10;5;1;40;1510159532;40;255;1510159540;0
32;16;10;5;1;40;1510159719;40;255;1510159727;1
32;16;10;5;1;40;1510159749;40;255;1510159757;0
32;16;10;5;1;40;1510159817;40;255;1510159825;0
32;16;10;5;1;40;1510160516;40;255;1510160524;0
32;16;10;5;1;40;1510160690;40;255;1510160698;0
32;16;10;5;1;40;1510160721;40;255;1510160729;1
32;16;10;5;1;40;1510160791;40;255;1510160799;0
32;16;10;5;1;40;1510161493;40;255;1510161501;1
32;16;10;5;1;40;1510161669;40;255;1510161677;0
32;16;10;5;1;40;1510161706;40;255;1510161715;0
32;16;10;5;1;40;1510161767;40;255;1510161775;0
32;16;10;5;1;40;1510162458;40;255;1510162466;0
32;16;10;5;1;40;1510162630;40;255;1510162639;0
32;16;10;5;1;40;1510162674;40;255;1510162682;1
32;16;10;5;1;40;1510162727;40;255;1510162735;0
32;16;10;5;1;40;1510163407;40;255;1510163416;0
32;16;10;5;1;40;1510163589;40;255;1510163597;0
32;16;10;5;1;40;1510163650;40;255;1510163658;0
32;16;10;5;1;40;1510163677;40;255;1510163685;0
32;16;10;5;1;40;1510164349;40;255;1510164357;1
32;16;10;5;1;40;1510164532;40;255;1510164540;0
32;16;10;5;1;40;1510164593;40;255;1510164601;1
32;16;10;5;1;40;1510164622;40;255;1510164630;0
32;16;10;5;1;40;1510165292;40;255;1510165300;0
32;16;10;5;1;40;1510165474;40;255;1510165482;1
32;16;10;5;1;40;1510165535;40;255;1510165543;1
32;16;10;5;1;40;1510165566;40;255;1510165573;0
32;16;10;5;1;40;1510166236;40;255;1510166244;0
32;16;10;5;1;40;1510166417;40;255;1510166425;1
32;16;10;5;1;40;1510166478;40;255;1510166486;0
32;16;10;5;1;40;1510166509;40;255;1510166517;0
32;16;10;5;1;40;1510167178;40;255;1510167186;0
32;16;10;5;1;40;1510167359;40;255;1510167367;0
32;16;10;5;1;40;1510167420;40;255;1510167428;0
32;16;10;5;1;40;1510167453;40;255;1510167461;0
32;16;10;5;1;40;1510168121;40;255;1510168129;0
32;16;10;5;1;40;1510168300;40;255;1510168308;0
32;16;10;5;1;40;1510168363;40;255;1510168371;0
32;16;10;5;1;40;1510168397;40;255;1510168405;0
32;16;10;5;1;40;1510169061;40;255;1510169069;0
32;16;10;5;1;40;1510169243;40;255;1510169251;0
32;16;10;5;1;40;1510169305;40;255;1510169313;1
32;16;10;5;1;40;1510169338;40;255;1510169346;0
32;16;10;5;1;40;1510170005;40;255;1510170013;1
32;16;10;5;1;40;1510170186;40;255;1510170194;1
32;16;10;5;1;40;1510170249;40;255;1510170257;0
32;16;10;5;1;40;1510170280;40;255;1510170288;1
32;16;10;5;1;40;1510170948;40;255;1510170956;0
32;16;10;5;1;40;1510171128;40;255;1510171136;0
32;16;10;5;1;40;1510171194;40;255;1510171201;0
32;16;10;5;1;40;1510171222;40;255;1510171229;1
32;16;10;5;1;40;1510171888;40;255;1510171896;0
32;16;10;5;1;40;1510172070;40;255;1510172078;0
32;16;10;5;1;40;1510172137;40;255;1510172145;0
32;16;10;5;1;40;1510172165;40;255;1510172173;1
32;16;10;5;1;40;1510172831;40;255;1510172839;1
32;16;10;5;1;40;1510173011;40;255;1510173019;0
32;16;10;5;1;40;1510173078;40;255;1510173086;0
32;16;10;5;1;40;1510173109;40;255;1510173117;1
32;16;10;5;1;40;1510173775;40;255;1510173783;0
32;16;10;5;1;40;1510173952;40;255;1510173960;0
32;16;10;5;1;40;1510174022;40;255;1510174030;0
32;16;10;5;1;40;1510174051;40;255;1510174059;0
32;16;10;5;1;40;1510174719;40;255;1510174727;0
32;16;10;5;1;40;1510174896;40;255;1510174904;0
32;16;10;5;1;40;1510174965;40;255;1510174973;0
32;16;10;5;1;40;1510174992;40;255;1510175000;0
32;16;10;5;1;40;1510175663;40;255;1510175671;1
32;16;10;5;1;40;1510175837;40;255;1510175844;0
32;16;10;5;1;40;1510175907;40;255;1510175915;1
32;16;10;5;1;40;1510175933;40;255;1510175940;1
32;16;10;5;1;40;1510176607;40;255;1510176615;0
32;16;10;5;1;40;1510176778;40;255;1510176786;0
32;16;10;5;1;40;1510176848;40;255;1510176856;0
32;16;10;5;1;40;1510176874;40;255;1510176882;1
32;16;10;5;1;40;1510177549;40;255;1510177557;0
32;16;10;5;1;40;1510177721;40;255;1510177729;0
32;16;10;5;1;40;1510177792;40;255;1510177800;0
32;16;10;5;1;40;1510177815;40;255;1510177823;0
32;16;10;5;1;40;1510178493;40;255;1510178501;0
32;16;10;5;1;40;1510178665;40;255;1510178673;1
32;16;10;5;1;40;1510178733;40;255;1510178741;0
32;16;10;5;1;40;1510178757;40;255;1510178765;0
32;16;10;5;1;40;1510179435;40;255;1510179443;0
32;16;10;5;1;40;1510179608;40;255;1510179616;0
32;16;10;5;1;40;1510179673;40;255;1510179681;1
32;16;10;5;1;40;1510179698;40;255;1510179706;1
32;16;10;5;1;40;1510180379;40;255;1510180387;0
32;16;10;5;1;40;1510180550;40;255;1510180558;0
32;16;10;5;1;40;1510180614;40;255;1510180622;0
32;16;10;5;1;40;1510180641;40;255;1510180649;1
32;16;10;5;1;40;1510181323;40;255;1510181331;0
32;16;10;5;1;40;1510181492;40;255;1510181500;0
32;16;10;5;1;40;1510181557;40;255;1510181565;1
32;16;10;5;1;40;1510181584;40;255;1510181592;1
32;16;10;5;1;40;1510182267;40;255;1510182275;1
32;16;10;5;1;40;1510182435;40;255;1510182443;0
32;16;10;5;1;40;1510182500;40;255;1510182508;0
32;16;10;5;1;40;1510182527;40;255;1510182535;1
32;16;10;5;1;40;1510183210;40;255;1510183218;0
32;16;10;5;1;40;1510183376;40;255;1510183384;0
32;16;10;5;1;40;1510183441;40;255;1510183449;0
32;16;10;5;1;40;1510183467;40;255;1510183475;0
32;16;10;5;1;40;1510184153;40;255;1510184161;1
32;16;10;5;1;40;1510184319;40;255;1510184327;0
32;16;10;5;1;40;1510184383;40;255;1510184391;0
32;16;10;5;1;40;1510184409;40;255;1510184417;1
32;16;10;5;1;40;1510185097;40;255;1510185104;1
32;16;10;5;1;40;1510185262;40;255;1510185270;0
32;16;10;5;1;40;1510185327;40;255;1510185335;1
32;16;10;5;1;40;1510185349;40;255;1510185357;0
32;16;10;5;1;40;1510186039;40;255;1510186047;1
32;16;10;5;1;40;1510186206;40;255;1510186214;0
32;16;10;5;1;40;1510186269;40;255;1510186277;1
32;16;10;5;1;40;1510186292;40;255;1510186300;0
32;16;10;5;1;40;1510186980;40;255;1510186988;0
32;16;10;5;1;40;1510187149;40;255;1510187157;0
32;16;10;5;1;40;1510187209;40;255;1510187217;1
32;16;10;5;1;40;1510187232;40;255;1510187240;0
32;16;10;5;1;40;1510187923;40;255;1510187931;1
32;16;10;5;1;40;1510188092;40;255;1510188100;0
32;16;10;5;1;40;1510188151;40;255;1510188159;1
32;16;10;5;1;40;1510188176;40;255;1510188183;0
32;16;10;5;1;40;1510188864;40;255;1510188872;0
32;16;10;5;1;40;1510189035;40;255;1510189043;0
32;16;10;5;1;40;1510189092;40;255;1510189100;0
32;16;10;5;1;40;1510189119;40;255;1510189127;0
32;16;10;5;1;40;1510189804;40;255;1510189812;1
32;16;10;5;1;40;1510189978;40;255;1510189986;1
32;16;10;5;1;40;1510190033;40;255;1510190041;0
32;16;10;5;1;40;1510190063;40;255;1510190071;1
32;16;10;5;1;40;1510190744;40;255;1510190752;0
32;16;10;5;1;40;1510190920;40;255;1510190928;0
32;16;10;5;1;40;1510190972;40;255;1510190980;0
32;16;10;5;1;40;1510191007;40;255;1510191015;0
32;16;10;5;1;40;1510191687;40;255;1510191695;0
32;16;10;5;1;40;1510191864;40;255;1510191872;1
32;16;10;5;1;40;1510191913;40;255;1510191921;0
32;16;10;5;1;40;1510191950;40;255;1510191958;0
32;16;10;5;1;40;1510192630;40;255;1510192638;0
32;16;10;5;1;40;1510192806;40;255;1510192814;1
32;16;10;5;1;40;1510192855;40;255;1510192863;0
32;16;10;5;1;40;1510192893;40;255;1510192901;0
32;16;10;5;1;40;1510193570;40;255;1510193578;0
32;16;10;5;1;40;1510193748;40;255;1510193756;1
32;16;10;5;1;40;1510193797;40;255;1510193805;1
32;16;10;5;1;40;1510193836;40;255;1510193844;0
32;16;10;5;1;40;1510194511;40;255;1510194519;0
32;16;10;5;1;40;1510194689;40;255;1510194697;1
32;16;10;5;1;40;1510194739;40;255;1510194747;1
32;16;10;5;1;40;1510194779;40;255;1510194786;0
32;16;10;5;1;40;1510195455;40;255;1510195462;0
32;16;10;5;1;40;1510195634;40;255;1510195642;1
32;16;10;5;1;40;1510195682;40;255;1510195690;1
32;16;10;5;1;40;1510195720;40;255;1510195728;0
32;16;10;5;1;40;1510196397;40;255;1510196405;1
32;16;10;5;1;40;1510196578;40;255;1510196586;1
32;16;10;5;1;40;1510196625;40;255;1510196633;0
32;16;10;5;1;40;1510196660;40;255;1510196668;0
32;16;10;5;1;40;1510197341;40;255;1510197349;0
32;16;10;5;1;40;1510197519;40;255;1510197527;0
32;16;10;5;1;40;1510197567;40;255;1510197575;0
32;16;10;5;1;40;1510197600;40;255;1510197608;1
32;16;10;5;1;40;1510198281;40;255;1510198289;0
32;16;10;5;1;40;1510198460;40;255;1510198468;0
32;16;10;5;1;40;1510198513;40;255;1510198521;0
32;16;10;5;1;40;1510198542;40;255;1510198550;0
32;16;10;5;1;40;1510199222;40;255;1510199230;1
32;16;10;5;1;40;1510199401;40;255;1510199408;0
32;16;10;5;1;40;1510199458;40;255;1510199467;0
32;16;10;5;1;40;1510199484;40;255;1510199492;0
32;16;10;5;1;40;1510200165;40;255;1510200173;0
32;16;10;5;1;40;1510200342;40;255;1510200350;1
32;16;10;5;1;40;1510200404;40;255;1510200412;0
32;16;10;5;1;40;1510200424;40;255;1510200431;0
32;16;10;5;1;40;1510201106;40;255;1510201113;0
32;16;10;5;1;40;1510201282;40;255;1510201290;0
32;16;10;5;1;40;1510201347;40;255;1510201356;1
32;16;10;5;1;40;1510201364;40;255;1510201372;0
32;16;10;5;1;40;1510202048;40;255;1510202056;0
32;16;10;5;1;40;1510202225;40;255;1510202233;0
32;16;10;5;1;40;1510202291;40;255;1510202299;0
32;16;10;5;1;40;1510202307;40;255;1510202315;1
32;16;10;5;1;40;1510202989;40;255;1510202997;1
32;16;10;5;1;40;1510203170;40;255;1510203178;0
32;16;10;5;1;40;1510203231;40;255;1510203239;0
32;16;10;5;1;40;1510203250;40;255;1510203258;0
32;16;10;5;1;40;1510203930;40;255;1510203938;0
32;16;10;5;1;40;1510204112;40;255;1510204120;0
32;16;10;5;1;40;1510204173;40;255;1510204181;0
32;16;10;5;1;40;1510204195;40;255;1510204203;0
32;16;10;5;1;40;1510204872;40;255;1510204880;0
32;16;10;5;1;40;1510205052;40;255;1510205060;0
32;16;10;5;1;40;1510205116;40;255;1510205124;0
32;16;10;5;1;40;1510205139;40;255;1510205147;0
32;16;10;5;1;40;1510205816;40;255;1510205823;0
32;16;10;5;1;40;1510205994;40;255;1510206002;0
32;16;10;5;1;40;1510206061;40;255;1510206069;0
32;16;10;5;1;40;1510206082;40;255;1510206090;0
32;16;10;5;1;40;1510206757;40;255;1510206765;0
32;16;10;5;1;40;1510206937;40;255;1510206945;0
32;16;10;5;1;40;1510207003;40;255;1510207011;0
32;16;10;5;1;40;1510207025;40;255;1510207033;0
32;16;10;5;1;40;1510207700;40;255;1510207707;0
32;16;10;5;1;40;1510207879;40;255;1510207887;1
32;16;10;5;1;40;1510207946;40;255;1510207954;0
32;16;10;5;1;40;1510207966;40;255;1510207974;1
32;16;10;5;1;40;1510208639;40;255;1510208647;0
32;16;10;5;1;40;1510208822;40;255;1510208830;0
32;16;10;5;1;40;1510208887;40;255;1510208895;0
32;16;10;5;1;40;1510208907;40;255;1510208915;0
32;16;10;5;1;40;1510209581;40;255;1510209589;1
32;16;10;5;1;40;1510209764;40;255;1510209772;0
32;16;10;5;1;40;1510209831;40;255;1510209839;0
32;16;10;5;1;40;1510209850;40;255;1510209858;0
32;16;10;5;1;40;1510210525;40;255;1510210533;1
32;16;10;5;1;40;1510210705;40;255;1510210712;1
32;16;10;5;1;40;1510210773;40;255;1510210781;0
32;16;10;5;1;40;1510210794;40;255;1510210802;1
32;16;10;5;1;40;1510211468;40;255;1510211476;1
32;16;10;5;1;40;1510211647;40;255;1510211654;0
32;16;10;5;1;40;1510211713;40;255;1510211721;0
32;16;10;5;1;40;1510211735;40;255;1510211743;0
32;16;10;5;1;40;1510212410;40;255;1510212418;0
32;16;10;5;1;40;1510212589;40;255;1510212597;1
32;16;10;5;1;40;1510212654;40;255;1510212662;0
32;16;10;5;1;40;1510212677;40;255;1510212685;0
32;16;10;5;1;40;1510213352;40;255;1510213360;0
32;16;10;5;1;40;1510213532;40;255;1510213539;1
32;16;10;5;1;40;1510213598;40;255;1510213606;1
32;16;10;5;1;40;1510213620;40;255;1510213628;0
32;16;10;5;1;40;1510214295;40;255;1510214303;1
32;16;10;5;1;40;1510214474;40;255;1510214482;1
32;16;10;5;1;40;1510214539;40;255;1510214547;0
32;16;10;5;1;40;1510214564;40;255;1510214573;0
32;16;10;5;1;40;1510215237;40;255;1510215245;0
32;16;10;5;1;40;1510215414;40;255;1510215422;1
32;16;10;5;1;40;1510215481;40;255;1510215489;0
32;16;10;5;1;40;1510215508;40;255;1510215516;0
32;16;10;5;1;40;1510216179;40;255;1510216187;1
32;16;10;5;1;40;1510216356;40;255;1510216364;0
32;16;10;5;1;40;1510216423;40;255;1510216431;1
32;16;10;5;1;40;1510216450;40;255;1510216458;0
32;16;10;5;1;40;1510217122;40;255;1510217130;1
32;16;10;5;1;40;1510217298;40;255;1510217306;0
32;16;10;5;1;40;1510217364;40;255;1510217372;1
32;16;10;5;1;40;1510217394;40;255;1510217402;0
32;16;10;5;1;40;1510218064;40;255;1510218072;0
32;16;10;5;1;40;1510218241;40;255;1510218249;0
32;16;10;5;1;40;1510218307;40;255;1510218314;0
32;16;10;5;1;40;1510218337;40;255;1510218345;0
32;16;10;5;1;40;1510219012;40;255;1510219021;0
32;16;10;5;1;40;1510219206;40;255;1510219214;0
32;16;10;5;1;40;1510219260;40;255;1510219269;0
32;16;10;5;1;40;1510219299;40;255;1510219308;0
32;16;10;5;1;40;1510220012;40;255;1510220021;0
32;16;10;5;1;40;1510220210;40;255;1510220220;0
32;16;10;5;1;40;1510220272;40;255;1510220281;0
32;16;10;5;1;40;1510220306;40;255;1510220315;0
32;16;10;5;1;40;1510221028;40;255;1510221036;0
32;16;10;5;1;40;1510221212;40;255;1510221220;0
32;16;10;5;1;40;1510221257;40;255;1510221265;0
32;16;10;5;1;40;1510221303;40;255;1510221312;1
32;16;10;5;1;40;1510222005;40;255;1510222013;0
32;16;10;5;1;40;1510222202;40;255;1510222210;0
32;16;10;5;1;40;1510222252;40;255;1510222261;0
32;16;10;5;1;40;1510222320;40;255;1510222329;0
32;16;10;5;1;40;1510223011;40;255;1510223020;0
32;16;10;5;1;40;1510223215;40;255;1510223224;0
32;16;10;5;1;40;1510223268;40;255;1510223277;1
32;16;10;5;1;40;1510223335;40;255;1510223343;0
32;16;10;5;1;40;1510224034;40;255;1510224042;1
32;16;10;5;1;40;1510224226;40;255;1510224234;0
32;16;10;5;1;40;1510224285;40;255;1510224294;0
32;16;10;5;1;40;1510224343;40;255;1510224352;1
32;16;10;5;1;40;1510225041;40;255;1510225049;0
32;16;10;5;1;40;1510225231;40;255;1510225239;0
32;16;10;5;1;40;1510225284;40;255;1510225294;1
32;16;10;5;1;40;1510225337;40;255;1510225345;0
32;16;10;5;1;40;1510226039;40;255;1510226048;0
32;16;10;5;1;40;1510226238;40;255;1510226247;1
32;16;10;5;1;40;1510226292;40;255;1510226301;1
32;16;10;5;1;40;1510226345;40;255;1510226353;0
32;16;10;5;1;40;1510227054;40;255;1510227062;0
32;16;10;5;1;40;1510253027;40;255;1510253035;1
32;16;10;5;1;40;1510253027;40;255;1510253036;1
32;16;10;5;1;40;1510253035;40;255;1510253043;0
32;16;10;5;1;40;1510253036;40;255;1510253046;1
32;16;10;5;1;40;1510253987;40;255;1510253995;1
32;16;10;5;1;40;1510253990;40;255;1510253998;0
32;16;10;5;1;40;1510253992;40;255;1510254000;1
32;16;10;5;1;40;1510254011;40;255;1510254018;1
32;16;10;5;1;40;1510254921;40;255;1510254929;0
32;16;10;5;1;40;1510254922;40;255;1510254930;0
32;16;10;5;1;40;1510254923;40;255;1510254931;1
32;16;10;5;1;40;1510254945;40;255;1510254953;0
32;16;10;5;1;40;1510255854;40;255;1510255862;1
32;16;10;5;1;40;1510255854;40;255;1510255862;0
32;16;10;5;1;40;1510255858;40;255;1510255866;1
32;16;10;5;1;40;1510255879;40;255;1510255887;0
32;16;10;5;1;40;1510256784;40;255;1510256792;0
32;16;10;5;1;40;1510256786;40;255;1510256794;0
32;16;10;5;1;40;1510256793;40;255;1510256801;1
32;16;10;5;1;40;1510256814;40;255;1510256822;0
32;16;10;5;1;40;1510257715;40;255;1510257723;0
32;16;10;5;1;40;1510257718;40;255;1510257726;0
32;16;10;5;1;40;1510257729;40;255;1510257737;1
32;16;10;5;1;40;1510257749;40;255;1510257757;0
32;16;10;5;1;40;1510258646;40;255;1510258654;1
32;16;10;5;1;40;1510258650;40;255;1510258658;0
32;16;10;5;1;40;1510258664;40;255;1510258672;0
32;16;10;5;1;40;1510258684;40;255;1510258692;0
32;16;10;5;1;40;1510259577;40;255;1510259585;0
32;16;10;5;1;40;1510259582;40;255;1510259589;1
32;16;10;5;1;40;1510259600;40;255;1510259608;0
32;16;10;5;1;40;1510259619;40;255;1510259627;0
32;16;10;5;1;40;1510260508;40;255;1510260516;0
32;16;10;5;1;40;1510260514;40;255;1510260522;0
32;16;10;5;1;40;1510260536;40;255;1510260544;1
32;16;10;5;1;40;1510260554;40;255;1510260562;0
32;16;10;5;1;40;1510261440;40;255;1510261448;1
32;16;10;5;1;40;1510261446;40;255;1510261454;0
32;16;10;5;1;40;1510261471;40;255;1510261479;0
32;16;10;5;1;40;1510261490;40;255;1510261498;0
32;16;10;5;1;40;1510262371;40;255;1510262379;1
32;16;10;5;1;40;1510262377;40;255;1510262385;0
32;16;10;5;1;40;1510262407;40;255;1510262415;0
32;16;10;5;1;40;1510262425;40;255;1510262433;0
32;16;10;5;1;40;1510263302;40;255;1510263310;0
32;16;10;5;1;40;1510263309;40;255;1510263317;0
32;16;10;5;1;40;1510263342;40;255;1510263350;1
32;16;10;5;1;40;1510263361;40;255;1510263369;1
32;16;10;5;1;40;1510264232;40;255;1510264240;1
32;16;10;5;1;40;1510264241;40;255;1510264249;0
32;16;10;5;1;40;1510264279;40;255;1510264287;0
32;16;10;5;1;40;1510264295;40;255;1510264303;0
32;16;10;5;1;40;1510265165;40;255;1510265173;1
32;16;10;5;1;40;1510265172;40;255;1510265180;0
32;16;10;5;1;40;1510265215;40;255;1510265222;0
32;16;10;5;1;40;1510265231;40;255;1510265239;1
32;16;10;5;1;40;1510266095;40;255;1510266103;0
32;16;10;5;1;40;1510266103;40;255;1510266111;0
32;16;10;5;1;40;1510266151;40;255;1510266159;0
32;16;10;5;1;40;1510266166;40;255;1510266174;0
32;16;10;5;1;40;1510267026;40;255;1510267034;1
32;16;10;5;1;40;1510267035;40;255;1510267043;1
32;16;10;5;1;40;1510267087;40;255;1510267095;0
32;16;10;5;1;40;1510267101;40;255;1510267109;0
32;16;10;5;1;40;1510267957;40;255;1510267965;1
32;16;10;5;1;40;1510267967;40;255;1510267974;1
32;16;10;5;1;40;1510268025;40;255;1510268033;0
32;16;10;5;1;40;1510268036;40;255;1510268044;1
32;16;10;5;1;40;1510268888;40;255;1510268896;0
32;16;10;5;1;40;1510268898;40;255;1510268906;0
32;16;10;5;1;40;1510268962;40;255;1510268970;0
32;16;10;5;1;40;1510268971;40;255;1510268979;0
32;16;10;5;1;40;1510269819;40;255;1510269827;0
32;16;10;5;1;40;1510269830;40;255;1510269838;0
32;16;10;5;1;40;1510269898;40;255;1510269906;0
32;16;10;5;1;40;1510269907;40;255;1510269915;1
32;16;10;5;1;40;1510270750;40;255;1510270758;0
32;16;10;5;1;40;1510270763;40;255;1510270771;1
32;16;10;5;1;40;1510270836;40;255;1510270844;0
32;16;10;5;1;40;1510270842;40;255;1510270850;0
32;16;10;5;1;40;1510271681;40;255;1510271689;0
32;16;10;5;1;40;1510271697;40;255;1510271705;0
32;16;10;5;1;40;1510271771;40;255;1510271778;0
32;16;10;5;1;40;1510271778;40;255;1510271786;0
32;16;10;5;1;40;1510272614;40;255;1510272622;1
32;16;10;5;1;40;1510272634;40;255;1510272642;0
32;16;10;5;1;40;1510272702;40;255;1510272710;1
32;16;10;5;1;40;1510272713;40;255;1510272721;0
32;16;10;5;1;40;1510273545;40;255;1510273552;0
32;16;10;5;1;40;1510273570;40;255;1510273578;0
32;16;10;5;1;40;1510273634;40;255;1510273641;1
32;16;10;5;1;40;1510273650;40;255;1510273658;0
32;16;10;5;1;40;1510274475;40;255;1510274483;0
32;16;10;5;1;40;1510274506;40;255;1510274514;1
32;16;10;5;1;40;1510274565;40;255;1510274573;1
32;16;10;5;1;40;1510274586;40;255;1510274594;0
32;16;10;5;1;40;1510275406;40;255;1510275414;0
32;16;10;5;1;40;1510275444;40;255;1510275452;0
32;16;10;5;1;40;1510275498;40;255;1510275506;0
32;16;10;5;1;40;1510275521;40;255;1510275528;0
32;16;10;5;1;40;1510276337;40;255;1510276345;0
32;16;10;5;1;40;1510276380;40;255;1510276388;0
32;16;10;5;1;40;1510276434;40;255;1510276442;0
32;16;10;5;1;40;1510276452;40;255;1510276460;0
32;16;10;5;1;40;1510277270;40;255;1510277278;1
32;16;10;5;1;40;1510277317;40;255;1510277325;0
32;16;10;5;1;40;1510277370;40;255;1510277378;0
32;16;10;5;1;40;1510277383;40;255;1510277391;1
32;16;10;5;1;40;1510278201;40;255;1510278209;1
32;16;10;5;1;40;1510278254;40;255;1510278261;0
32;16;10;5;1;40;1510278306;40;255;1510278314;0
32;16;10;5;1;40;1510278315;40;255;1510278323;0
32;16;10;5;1;40;1510279132;40;255;1510279140;0
32;16;10;5;1;40;1510279190;40;255;1510279198;0
32;16;10;5;1;40;1510279242;40;255;1510279250;0
32;16;10;5;1;40;1510279246;40;255;1510279254;1
32;16;10;5;1;40;1510280063;40;255;1510280071;0
32;16;10;5;1;40;1510280127;40;255;1510280135;0
32;16;10;5;1;40;1510280177;40;255;1510280185;1
32;16;10;5;1;40;1510280178;40;255;1510280186;0
32;16;10;5;1;40;1510280993;40;255;1510281001;0
32;16;10;5;1;40;1510281064;40;255;1510281072;1
32;16;10;5;1;40;1510281109;40;255;1510281117;0
32;16;10;5;1;40;1510281113;40;255;1510281121;0
32;16;10;5;1;40;1510281924;40;255;1510281932;0
32;16;10;5;1;40;1510282004;40;255;1510282011;1
32;16;10;5;1;40;1510282041;40;255;1510282048;0
32;16;10;5;1;40;1510282049;40;255;1510282057;0
32;16;10;5;1;40;1510282855;40;255;1510282863;0
32;16;10;5;1;40;1510282943;40;255;1510282951;0
32;16;10;5;1;40;1510282972;40;255;1510282980;0
32;16;10;5;1;40;1510282985;40;255;1510282992;0
32;16;10;5;1;40;1510283786;40;255;1510283794;0
32;16;10;5;1;40;1510283880;40;255;1510283888;0
32;16;10;5;1;40;1510283904;40;255;1510283912;0
32;16;10;5;1;40;1510283920;40;255;1510283928;0
32;16;10;5;1;40;1510284717;40;255;1510284724;0
32;16;10;5;1;40;1510284818;40;255;1510284826;0
32;16;10;5;1;40;1510284835;40;255;1510284843;0
32;16;10;5;1;40;1510284855;40;255;1510284863;0
32;16;10;5;1;40;1510285647;40;255;1510285655;0
32;16;10;5;1;40;1510285755;40;255;1510285763;0
32;16;10;5;1;40;1510285770;40;255;1510285778;0
32;16;10;5;1;40;1510285787;40;255;1510285794;0
32;16;10;5;1;40;1510286578;40;255;1510286586;0
32;16;10;5;1;40;1510286692;40;255;1510286700;0
32;16;10;5;1;40;1510286707;40;255;1510286715;0
32;16;10;5;1;40;1510286718;40;255;1510286726;1
32;16;10;5;1;40;1510287509;40;255;1510287517;0
32;16;10;5;1;40;1510287630;40;255;1510287638;0
32;16;10;5;1;40;1510287644;40;255;1510287652;0
32;16;10;5;1;40;1510287649;40;255;1510287657;0
32;16;10;5;1;40;1510288441;40;255;1510288449;0
32;16;10;5;1;40;1510288568;40;255;1510288575;0
32;16;10;5;1;40;1510288579;40;255;1510288587;0
32;16;10;5;1;40;1510288581;40;255;1510288589;0
32;16;10;5;1;40;1510289373;40;255;1510289381;0
32;16;10;5;1;40;1510289506;40;255;1510289514;1
32;16;10;5;1;40;1510289513;40;255;1510289521;1
32;16;10;5;1;40;1510289514;40;255;1510289522;1
32;16;10;5;1;40;1510290306;40;255;1510290314;0
32;16;10;5;1;40;1510290444;40;255;1510290451;0
32;16;10;5;1;40;1510290445;40;255;1510290453;0
32;16;10;5;1;40;1510290448;40;255;1510290456;0
32;16;10;5;1;40;1510291238;40;255;1510291246;0
32;16;10;5;1;40;1510291377;40;255;1510291385;1
32;16;10;5;1;40;1510291382;40;255;1510291389;0
32;16;10;5;1;40;1510291384;40;255;1510291392;0
32;16;10;5;1;40;1510292170;40;255;1510292178;0
32;16;10;5;1;40;1510292308;40;255;1510292316;1
32;16;10;5;1;40;1510292318;40;255;1510292326;0
32;16;10;5;1;40;1510292319;40;255;1510292327;0
32;16;10;5;1;40;1510293103;40;255;1510293111;0
32;16;10;5;1;40;1510293240;40;255;1510293247;0
32;16;10;5;1;40;1510293253;40;255;1510293261;0
32;16;10;5;1;40;1510293257;40;255;1510293265;0
32;16;10;5;1;40;1510294035;40;255;1510294043;1
32;16;10;5;1;40;1510294172;40;255;1510294180;0
32;16;10;5;1;40;1510294187;40;255;1510294195;1
32;16;10;5;1;40;1510294196;40;255;1510294204;0
32;16;10;5;1;40;1510294968;40;255;1510294976;0
32;16;10;5;1;40;1510295104;40;255;1510295111;0
32;16;10;5;1;40;1510295121;40;255;1510295129;0
32;16;10;5;1;40;1510295134;40;255;1510295142;0
32;16;10;5;1;40;1510295901;40;255;1510295909;1
32;16;10;5;1;40;1510296035;40;255;1510296043;0
32;16;10;5;1;40;1510296056;40;255;1510296063;1
32;16;10;5;1;40;1510296073;40;255;1510296081;1
32;16;10;5;1;40;1510296834;40;255;1510296842;0
32;16;10;5;1;40;1510296968;40;255;1510296976;0
32;16;10;5;1;40;1510296991;40;255;1510296999;0
32;16;10;5;1;40;1510297010;40;255;1510297018;1
32;16;10;5;1;40;1510297767;40;255;1510297775;1
32;16;10;5;1;40;1510297899;40;255;1510297907;1
32;16;10;5;1;40;1510297926;40;255;1510297934;0
32;16;10;5;1;40;1510297948;40;255;1510297956;1
32;16;10;5;1;40;1510298699;40;255;1510298707;0
32;16;10;5;1;40;1510298831;40;255;1510298839;0
32;16;10;5;1;40;1510298862;40;255;1510298869;0
32;16;10;5;1;40;1510298886;40;255;1510298894;0
32;16;10;5;1;40;1510299631;40;255;1510299639;0
32;16;10;5;1;40;1510299762;40;255;1510299770;0
32;16;10;5;1;40;1510299796;40;255;1510299804;0
32;16;10;5;1;40;1510299824;40;255;1510299832;1
32;16;10;5;1;40;1510300564;40;255;1510300572;0
32;16;10;5;1;40;1510300694;40;255;1510300702;0
32;16;10;5;1;40;1510300731;40;255;1510300739;1
32;16;10;5;1;40;1510300762;40;255;1510300770;1
32;16;10;5;1;40;1510301498;40;255;1510301506;0
32;16;10;5;1;40;1510301627;40;255;1510301635;0
32;16;10;5;1;40;1510301670;40;255;1510301678;0
32;16;10;5;1;40;1510301697;40;255;1510301705;0
32;16;10;5;1;40;1510302430;40;255;1510302438;0
32;16;10;5;1;40;1510302558;40;255;1510302566;0
32;16;10;5;1;40;1510302609;40;255;1510302617;1
32;16;10;5;1;40;1510302632;40;255;1510302640;0
32;16;10;5;1;40;1510303400;40;255;1510303408;0
32;16;10;5;1;40;1510303544;40;255;1510303553;1
32;16;10;5;1;40;1510303595;40;255;1510303603;1
32;16;10;5;1;40;1510303629;40;255;1510303637;1
32;16;10;5;1;40;1510304373;40;255;1510304381;0
32;16;10;5;1;40;1510304519;40;255;1510304527;1
32;16;10;5;1;40;1510304564;40;255;1510304572;0
32;16;10;5;1;40;1510304615;40;255;1510304623;0
32;16;10;5;1;40;1510305351;40;255;1510305359;0
32;16;10;5;1;40;1510305475;40;255;1510305483;1
32;16;10;5;1;40;1510305531;40;255;1510305539;0
32;16;10;5;1;40;1510305583;40;255;1510305592;1
32;16;10;5;1;40;1510306320;40;255;1510306328;0
32;16;10;5;1;40;1510306465;40;255;1510306475;1
32;16;10;5;1;40;1510306516;40;255;1510306524;1
32;16;10;5;1;40;1510306604;40;255;1510306613;0
32;16;10;5;1;40;1510307344;40;255;1510307353;0
