32;16;10;5;1;46;1509981780;46;255;1509981788;0
32;16;10;5;1;46;1509981848;46;255;1509981856;0
32;16;10;5;1;46;1509981915;46;255;1509981923;0
32;16;10;5;1;46;1509982026;46;255;1509982035;0
32;16;10;5;1;46;1509982772;46;255;1509982780;0
32;16;10;5;1;46;1509982829;46;255;1509982838;0
32;16;10;5;1;46;1509982898;46;255;1509982906;0
32;16;10;5;1;46;1509983001;46;255;1509983010;0
32;16;10;5;1;46;1509983715;46;255;1509983723;1
32;16;10;5;1;46;1509983773;46;255;1509983782;0
32;16;10;5;1;46;1509983842;46;255;1509983850;1
32;16;10;5;1;46;1509983953;46;255;1509983961;0
32;16;10;5;1;46;1509984658;46;255;1509984667;0
32;16;10;5;1;46;1509984714;46;255;1509984722;1
32;16;10;5;1;46;1509984783;46;255;1509984792;0
32;16;10;5;1;46;1509984892;46;255;1509984900;1
32;16;10;5;1;46;1509985598;46;255;1509985606;0
32;16;10;5;1;46;1509985655;46;255;1509985663;0
32;16;10;5;1;46;1509985727;46;255;1509985735;0
32;16;10;5;1;46;1509985833;46;255;1509985842;1
32;16;10;5;1;46;1509986539;46;255;1509986547;1
32;16;10;5;1;46;1509986597;46;255;1509986605;0
32;16;10;5;1;46;1509986666;46;255;1509986674;1
32;16;10;5;1;46;1509986777;46;255;1509986785;0
32;16;10;5;1;46;1509987479;46;255;1509987487;0
32;16;10;5;1;46;1509987541;46;255;1509987550;0
32;16;10;5;1;46;1509987605;46;255;1509987613;0
32;16;10;5;1;46;1509987719;46;255;1509987727;0
32;16;10;5;1;46;1509988422;46;255;1509988431;0
32;16;10;5;1;46;1509988483;46;255;1509988492;0
32;16;10;5;1;46;1509988546;46;255;1509988554;0
32;16;10;5;1;46;1509988662;46;255;1509988670;0
32;16;10;5;1;46;1509989363;46;255;1509989371;0
32;16;10;5;1;46;1509989426;46;255;1509989434;1
32;16;10;5;1;46;1509989491;46;255;1509989499;0
32;16;10;5;1;46;1509989602;46;255;1509989610;0
32;16;10;5;1;46;1509990304;46;255;1509990313;1
32;16;10;5;1;46;1509990369;46;255;1509990377;0
32;16;10;5;1;46;1509990430;46;255;1509990439;0
32;16;10;5;1;46;1509990545;46;255;1509990553;0
32;16;10;5;1;46;1509991247;46;255;1509991255;0
32;16;10;5;1;46;1509991308;46;255;1509991316;0
32;16;10;5;1;46;1509991371;46;255;1509991379;0
32;16;10;5;1;46;1509991487;46;255;1509991495;0
32;16;10;5;1;46;1509992189;46;255;1509992197;0
32;16;10;5;1;46;1509992250;46;255;1509992258;0
32;16;10;5;1;46;1509992310;46;255;1509992319;0
32;16;10;5;1;46;1509992428;46;255;1509992437;0
32;16;10;5;1;46;1509993132;46;255;1509993140;0
32;16;10;5;1;46;1509993191;46;255;1509993200;0
32;16;10;5;1;46;1509993252;46;255;1509993260;0
32;16;10;5;1;46;1509993371;46;255;1509993379;0
32;16;10;5;1;46;1509994072;46;255;1509994080;0
32;16;10;5;1;46;1509994132;46;255;1509994140;0
32;16;10;5;1;46;1509994193;46;255;1509994201;0
32;16;10;5;1;46;1509994313;46;255;1509994321;1
32;16;10;5;1;46;1509995014;46;255;1509995023;0
32;16;10;5;1;46;1509995073;46;255;1509995081;0
32;16;10;5;1;46;1509995134;46;255;1509995142;0
32;16;10;5;1;46;1509995253;46;255;1509995261;0
32;16;10;5;1;46;1509995961;46;255;1509995969;0
32;16;10;5;1;46;1509996016;46;255;1509996024;0
32;16;10;5;1;46;1509996092;46;255;1509996100;1
32;16;10;5;1;46;1509996195;46;255;1509996203;1
32;16;10;5;1;46;1509996904;46;255;1509996912;1
32;16;10;5;1;46;1509996956;46;255;1509996964;1
32;16;10;5;1;46;1509997034;46;255;1509997042;1
32;16;10;5;1;46;1509997136;46;255;1509997145;0
32;16;10;5;1;46;1509997844;46;255;1509997853;0
32;16;10;5;1;46;1509997901;46;255;1509997909;0
32;16;10;5;1;46;1509997975;46;255;1509997983;0
32;16;10;5;1;46;1509998077;46;255;1509998085;1
32;16;10;5;1;46;1509998786;46;255;1509998794;0
32;16;10;5;1;46;1509998841;46;255;1509998849;0
32;16;10;5;1;46;1509998915;46;255;1509998923;0
32;16;10;5;1;46;1509999018;46;255;1509999026;0
32;16;10;5;1;46;1509999730;46;255;1509999738;0
32;16;10;5;1;46;1509999784;46;255;1509999792;0
32;16;10;5;1;46;1509999855;46;255;1509999863;0
32;16;10;5;1;46;1509999958;46;255;1509999967;1
32;16;10;5;1;46;1510000673;46;255;1510000681;0
32;16;10;5;1;46;1510000726;46;255;1510000735;0
32;16;10;5;1;46;1510000795;46;255;1510000803;0
32;16;10;5;1;46;1510000897;46;255;1510000905;1
32;16;10;5;1;46;1510001614;46;255;1510001622;0
32;16;10;5;1;46;1510001671;46;255;1510001679;1
32;16;10;5;1;46;1510001735;46;255;1510001743;0
32;16;10;5;1;46;1510001838;46;255;1510001846;0
32;16;10;5;1;46;1510002554;46;255;1510002563;0
32;16;10;5;1;46;1510002616;46;255;1510002624;0
32;16;10;5;1;46;1510002678;46;255;1510002686;0
32;16;10;5;1;46;1510002778;46;255;1510002786;1
32;16;10;5;1;46;1510003497;46;255;1510003505;0
32;16;10;5;1;46;1510003555;46;255;1510003564;0
32;16;10;5;1;46;1510003619;46;255;1510003628;0
32;16;10;5;1;46;1510003721;46;255;1510003729;0
32;16;10;5;1;46;1510004436;46;255;1510004444;0
32;16;10;5;1;46;1510004495;46;255;1510004504;0
32;16;10;5;1;46;1510004565;46;255;1510004573;0
32;16;10;5;1;46;1510004663;46;255;1510004671;0
32;16;10;5;1;46;1510005379;46;255;1510005387;0
32;16;10;5;1;46;1510005438;46;255;1510005446;0
32;16;10;5;1;46;1510005505;46;255;1510005513;0
32;16;10;5;1;46;1510005604;46;255;1510005612;0
32;16;10;5;1;46;1510006318;46;255;1510006326;0
32;16;10;5;1;46;1510006377;46;255;1510006385;0
32;16;10;5;1;46;1510006450;46;255;1510006459;0
32;16;10;5;1;46;1510006545;46;255;1510006553;0
32;16;10;5;1;46;1510007258;46;255;1510007266;0
32;16;10;5;1;46;1510007317;46;255;1510007325;0
32;16;10;5;1;46;1510007396;46;255;1510007404;0
32;16;10;5;1;46;1510007484;46;255;1510007493;1
32;16;10;5;1;46;1510008199;46;255;1510008207;1
32;16;10;5;1;46;1510008257;46;255;1510008265;0
32;16;10;5;1;46;1510008335;46;255;1510008344;0
32;16;10;5;1;46;1510008429;46;255;1510008437;0
32;16;10;5;1;46;1510009140;46;255;1510009149;0
32;16;10;5;1;46;1510009198;46;255;1510009206;0
32;16;10;5;1;46;1510009276;46;255;1510009285;1
32;16;10;5;1;46;1510009370;46;255;1510009379;0
32;16;10;5;1;46;1510010082;46;255;1510010090;1
32;16;10;5;1;46;1510010139;46;255;1510010147;0
32;16;10;5;1;46;1510010219;46;255;1510010227;0
32;16;10;5;1;46;1510010314;46;255;1510010322;1
32;16;10;5;1;46;1510011022;46;255;1510011030;0
32;16;10;5;1;46;1510011081;46;255;1510011089;0
32;16;10;5;1;46;1510011160;46;255;1510011168;0
32;16;10;5;1;46;1510011256;46;255;1510011264;0
32;16;10;5;1;46;1510011962;46;255;1510011970;0
32;16;10;5;1;46;1510012025;46;255;1510012033;0
32;16;10;5;1;46;1510012103;46;255;1510012111;0
32;16;10;5;1;46;1510012195;46;255;1510012203;0
32;16;10;5;1;46;1510012905;46;255;1510012913;0
32;16;10;5;1;46;1510012967;46;255;1510012975;0
32;16;10;5;1;46;1510013043;46;255;1510013051;0
32;16;10;5;1;46;1510013137;46;255;1510013145;0
32;16;10;5;1;46;1510013846;46;255;1510013854;0
32;16;10;5;1;46;1510013910;46;255;1510013918;0
32;16;10;5;1;46;1510013983;46;255;1510013991;0
32;16;10;5;1;46;1510014080;46;255;1510014088;0
32;16;10;5;1;46;1510014789;46;255;1510014797;0
32;16;10;5;1;46;1510014852;46;255;1510014860;0
32;16;10;5;1;46;1510014924;46;255;1510014932;0
32;16;10;5;1;46;1510015021;46;255;1510015029;0
32;16;10;5;1;46;1510015730;46;255;1510015738;0
32;16;10;5;1;46;1510015793;46;255;1510015801;0
32;16;10;5;1;46;1510015865;46;255;1510015873;0
32;16;10;5;1;46;1510015962;46;255;1510015970;0
32;16;10;5;1;46;1510016671;46;255;1510016679;0
32;16;10;5;1;46;1510016736;46;255;1510016744;0
32;16;10;5;1;46;1510016806;46;255;1510016814;0
32;16;10;5;1;46;1510016903;46;255;1510016911;0
32;16;10;5;1;46;1510017612;46;255;1510017620;1
32;16;10;5;1;46;1510017678;46;255;1510017686;0
32;16;10;5;1;46;1510017747;46;255;1510017755;0
32;16;10;5;1;46;1510017844;46;255;1510017852;0
32;16;10;5;1;46;1510018552;46;255;1510018561;0
32;16;10;5;1;46;1510018621;46;255;1510018630;0
32;16;10;5;1;46;1510018688;46;255;1510018697;1
32;16;10;5;1;46;1510018786;46;255;1510018794;0
32;16;10;5;1;46;1510019495;46;255;1510019503;0
32;16;10;5;1;46;1510019564;46;255;1510019572;0
32;16;10;5;1;46;1510019628;46;255;1510019636;0
32;16;10;5;1;46;1510019727;46;255;1510019736;0
32;16;10;5;1;46;1510020435;46;255;1510020443;1
32;16;10;5;1;46;1510020508;46;255;1510020516;0
32;16;10;5;1;46;1510020570;46;255;1510020578;0
32;16;10;5;1;46;1510020667;46;255;1510020675;0
32;16;10;5;1;46;1510021375;46;255;1510021384;1
32;16;10;5;1;46;1510021449;46;255;1510021457;0
32;16;10;5;1;46;1510021511;46;255;1510021519;0
32;16;10;5;1;46;1510021610;46;255;1510021618;0
32;16;10;5;1;46;1510022316;46;255;1510022324;0
32;16;10;5;1;46;1510022390;46;255;1510022398;0
32;16;10;5;1;46;1510022451;46;255;1510022460;0
32;16;10;5;1;46;1510022551;46;255;1510022559;0
32;16;10;5;1;46;1510023258;46;255;1510023266;0
32;16;10;5;1;46;1510023331;46;255;1510023339;0
32;16;10;5;1;46;1510023397;46;255;1510023405;0
32;16;10;5;1;46;1510023491;46;255;1510023500;1
32;16;10;5;1;46;1510024200;46;255;1510024209;0
32;16;10;5;1;46;1510024271;46;255;1510024279;0
32;16;10;5;1;46;1510024338;46;255;1510024346;0
32;16;10;5;1;46;1510024433;46;255;1510024441;0
32;16;10;5;1;46;1510025144;46;255;1510025153;0
32;16;10;5;1;46;1510025211;46;255;1510025220;1
32;16;10;5;1;46;1510025281;46;255;1510025289;0
32;16;10;5;1;46;1510025372;46;255;1510025380;1
32;16;10;5;1;46;1510026087;46;255;1510026095;0
32;16;10;5;1;46;1510026152;46;255;1510026160;0
32;16;10;5;1;46;1510026222;46;255;1510026230;0
32;16;10;5;1;46;1510026314;46;255;1510026322;1
32;16;10;5;1;46;1510027027;46;255;1510027035;0
32;16;10;5;1;46;1510027093;46;255;1510027101;1
32;16;10;5;1;46;1510027165;46;255;1510027173;0
32;16;10;5;1;46;1510027254;46;255;1510027263;0
32;16;10;5;1;46;1510027969;46;255;1510027978;0
32;16;10;5;1;46;1510028034;46;255;1510028043;0
32;16;10;5;1;46;1510028106;46;255;1510028114;0
32;16;10;5;1;46;1510028194;46;255;1510028202;0
32;16;10;5;1;46;1510028911;46;255;1510028919;0
32;16;10;5;1;46;1510028978;46;255;1510028986;0
32;16;10;5;1;46;1510029048;46;255;1510029056;0
32;16;10;5;1;46;1510029134;46;255;1510029142;1
32;16;10;5;1;46;1510029853;46;255;1510029861;1
32;16;10;5;1;46;1510029920;46;255;1510029928;0
32;16;10;5;1;46;1510029990;46;255;1510029998;0
32;16;10;5;1;46;1510030074;46;255;1510030082;1
32;16;10;5;1;46;1510030794;46;255;1510030802;0
32;16;10;5;1;46;1510030861;46;255;1510030870;0
32;16;10;5;1;46;1510030935;46;255;1510030943;0
32;16;10;5;1;46;1510031016;46;255;1510031024;0
32;16;10;5;1;46;1510031736;46;255;1510031744;0
32;16;10;5;1;46;1510031802;46;255;1510031810;1
32;16;10;5;1;46;1510031877;46;255;1510031885;0
32;16;10;5;1;46;1510031958;46;255;1510031966;1
32;16;10;5;1;46;1510032675;46;255;1510032683;1
32;16;10;5;1;46;1510032743;46;255;1510032752;0
32;16;10;5;1;46;1510032820;46;255;1510032828;0
32;16;10;5;1;46;1510032899;46;255;1510032908;0
32;16;10;5;1;46;1510033619;46;255;1510033627;1
32;16;10;5;1;46;1510033683;46;255;1510033691;0
32;16;10;5;1;46;1510033761;46;255;1510033769;0
32;16;10;5;1;46;1510033840;46;255;1510033848;0
32;16;10;5;1;46;1510034560;46;255;1510034569;0
32;16;10;5;1;46;1510034626;46;255;1510034634;0
32;16;10;5;1;46;1510034702;46;255;1510034710;0
32;16;10;5;1;46;1510034781;46;255;1510034789;0
32;16;10;5;1;46;1510035501;46;255;1510035509;0
32;16;10;5;1;46;1510035567;46;255;1510035576;0
32;16;10;5;1;46;1510035643;46;255;1510035651;0
32;16;10;5;1;46;1510035721;46;255;1510035730;1
32;16;10;5;1;46;1510036443;46;255;1510036451;0
32;16;10;5;1;46;1510036510;46;255;1510036518;0
32;16;10;5;1;46;1510036584;46;255;1510036593;0
32;16;10;5;1;46;1510036661;46;255;1510036669;1
32;16;10;5;1;46;1510037386;46;255;1510037394;0
32;16;10;5;1;46;1510037452;46;255;1510037460;0
32;16;10;5;1;46;1510037525;46;255;1510037533;0
32;16;10;5;1;46;1510037601;46;255;1510037610;0
32;16;10;5;1;46;1510038326;46;255;1510038335;0
32;16;10;5;1;46;1510038395;46;255;1510038403;1
32;16;10;5;1;46;1510038465;46;255;1510038473;0
32;16;10;5;1;46;1510038543;46;255;1510038552;0
32;16;10;5;1;46;1510039269;46;255;1510039277;0
32;16;10;5;1;46;1510039337;46;255;1510039345;1
32;16;10;5;1;46;1510039409;46;255;1510039417;1
32;16;10;5;1;46;1510039483;46;255;1510039492;1
32;16;10;5;1;46;1510040210;46;255;1510040218;0
32;16;10;5;1;46;1510040277;46;255;1510040285;0
32;16;10;5;1;46;1510040351;46;255;1510040359;0
32;16;10;5;1;46;1510040424;46;255;1510040432;0
32;16;10;5;1;46;1510041150;46;255;1510041158;1
32;16;10;5;1;46;1510041219;46;255;1510041228;1
32;16;10;5;1;46;1510041294;46;255;1510041303;0
32;16;10;5;1;46;1510041364;46;255;1510041372;0
32;16;10;5;1;46;1510042094;46;255;1510042102;0
32;16;10;5;1;46;1510042160;46;255;1510042168;0
32;16;10;5;1;46;1510042237;46;255;1510042245;1
32;16;10;5;1;46;1510042306;46;255;1510042314;0
32;16;10;5;1;46;1510043034;46;255;1510043042;1
32;16;10;5;1;46;1510043103;46;255;1510043111;0
32;16;10;5;1;46;1510043177;46;255;1510043185;0
32;16;10;5;1;46;1510043248;46;255;1510043256;0
32;16;10;5;1;46;1510043974;46;255;1510043982;1
32;16;10;5;1;46;1510044046;46;255;1510044054;1
32;16;10;5;1;46;1510044118;46;255;1510044126;0
32;16;10;5;1;46;1510044190;46;255;1510044198;0
32;16;10;5;1;46;1510044935;46;255;1510044944;0
32;16;10;5;1;46;1510045007;46;255;1510045015;0
32;16;10;5;1;46;1510045084;46;255;1510045092;0
32;16;10;5;1;46;1510045166;46;255;1510045175;0
