32;16;10;5;1;47;1509981788;47;255;1509981796;1
32;16;10;5;1;47;1509981856;47;255;1509981865;0
32;16;10;5;1;47;1509981923;47;255;1509981932;0
32;16;10;5;1;47;1509982035;47;255;1509982043;0
32;16;10;5;1;47;1509982780;47;255;1509982788;0
32;16;10;5;1;47;1509982838;47;255;1509982846;0
32;16;10;5;1;47;1509982906;47;255;1509982914;0
32;16;10;5;1;47;1509983010;47;255;1509983018;0
32;16;10;5;1;47;1509983723;47;255;1509983731;0
32;16;10;5;1;47;1509983782;47;255;1509983790;0
32;16;10;5;1;47;1509983850;47;255;1509983858;0
32;16;10;5;1;47;1509983961;47;255;1509983969;0
32;16;10;5;1;47;1509984667;47;255;1509984675;0
32;16;10;5;1;47;1509984722;47;255;1509984730;0
32;16;10;5;1;47;1509984792;47;255;1509984800;0
32;16;10;5;1;47;1509984900;47;255;1509984908;0
32;16;10;5;1;47;1509985606;47;255;1509985615;0
32;16;10;5;1;47;1509985663;47;255;1509985671;0
32;16;10;5;1;47;1509985735;47;255;1509985743;0
32;16;10;5;1;47;1509985842;47;255;1509985850;0
32;16;10;5;1;47;1509986547;47;255;1509986555;0
32;16;10;5;1;47;1509986605;47;255;1509986613;0
32;16;10;5;1;47;1509986674;47;255;1509986683;0
32;16;10;5;1;47;1509986785;47;255;1509986794;0
32;16;10;5;1;47;1509987487;47;255;1509987496;0
32;16;10;5;1;47;1509987550;47;255;1509987558;0
32;16;10;5;1;47;1509987613;47;255;1509987622;0
32;16;10;5;1;47;1509987727;47;255;1509987736;0
32;16;10;5;1;47;1509988431;47;255;1509988439;0
32;16;10;5;1;47;1509988492;47;255;1509988500;0
32;16;10;5;1;47;1509988554;47;255;1509988562;0
32;16;10;5;1;47;1509988670;47;255;1509988678;0
32;16;10;5;1;47;1509989371;47;255;1509989380;0
32;16;10;5;1;47;1509989434;47;255;1509989442;0
32;16;10;5;1;47;1509989499;47;255;1509989507;0
32;16;10;5;1;47;1509989610;47;255;1509989619;0
32;16;10;5;1;47;1509990313;47;255;1509990321;0
32;16;10;5;1;47;1509990377;47;255;1509990385;0
32;16;10;5;1;47;1509990439;47;255;1509990447;0
32;16;10;5;1;47;1509990553;47;255;1509990561;0
32;16;10;5;1;47;1509991255;47;255;1509991263;0
32;16;10;5;1;47;1509991316;47;255;1509991324;0
32;16;10;5;1;47;1509991379;47;255;1509991387;1
32;16;10;5;1;47;1509991495;47;255;1509991504;0
32;16;10;5;1;47;1509992197;47;255;1509992205;0
32;16;10;5;1;47;1509992258;47;255;1509992266;0
32;16;10;5;1;47;1509992319;47;255;1509992327;0
32;16;10;5;1;47;1509992437;47;255;1509992445;0
32;16;10;5;1;47;1509993140;47;255;1509993148;0
32;16;10;5;1;47;1509993200;47;255;1509993208;0
32;16;10;5;1;47;1509993260;47;255;1509993268;1
32;16;10;5;1;47;1509993379;47;255;1509993387;0
32;16;10;5;1;47;1509994080;47;255;1509994089;0
32;16;10;5;1;47;1509994140;47;255;1509994149;1
32;16;10;5;1;47;1509994201;47;255;1509994210;0
32;16;10;5;1;47;1509994321;47;255;1509994329;0
32;16;10;5;1;47;1509995023;47;255;1509995031;0
32;16;10;5;1;47;1509995081;47;255;1509995089;0
32;16;10;5;1;47;1509995142;47;255;1509995150;1
32;16;10;5;1;47;1509995261;47;255;1509995269;0
32;16;10;5;1;47;1509995969;47;255;1509995978;1
32;16;10;5;1;47;1509996024;47;255;1509996032;0
32;16;10;5;1;47;1509996100;47;255;1509996108;0
32;16;10;5;1;47;1509996203;47;255;1509996211;0
32;16;10;5;1;47;1509996912;47;255;1509996920;0
32;16;10;5;1;47;1509996964;47;255;1509996973;0
32;16;10;5;1;47;1509997042;47;255;1509997050;0
32;16;10;5;1;47;1509997145;47;255;1509997153;0
32;16;10;5;1;47;1509997853;47;255;1509997861;0
32;16;10;5;1;47;1509997909;47;255;1509997918;0
32;16;10;5;1;47;1509997983;47;255;1509997991;0
32;16;10;5;1;47;1509998085;47;255;1509998093;0
32;16;10;5;1;47;1509998794;47;255;1509998803;0
32;16;10;5;1;47;1509998849;47;255;1509998857;1
32;16;10;5;1;47;1509998923;47;255;1509998931;1
32;16;10;5;1;47;1509999026;47;255;1509999035;0
32;16;10;5;1;47;1509999738;47;255;1509999747;0
32;16;10;5;1;47;1509999792;47;255;1509999800;0
32;16;10;5;1;47;1509999863;47;255;1509999871;0
32;16;10;5;1;47;1509999967;47;255;1509999975;0
32;16;10;5;1;47;1510000681;47;255;1510000689;0
32;16;10;5;1;47;1510000735;47;255;1510000743;0
32;16;10;5;1;47;1510000803;47;255;1510000812;0
32;16;10;5;1;47;1510000905;47;255;1510000913;0
32;16;10;5;1;47;1510001622;47;255;1510001630;0
32;16;10;5;1;47;1510001679;47;255;1510001687;0
32;16;10;5;1;47;1510001743;47;255;1510001751;0
32;16;10;5;1;47;1510001846;47;255;1510001855;0
32;16;10;5;1;47;1510002563;47;255;1510002571;0
32;16;10;5;1;47;1510002624;47;255;1510002632;0
32;16;10;5;1;47;1510002686;47;255;1510002694;1
32;16;10;5;1;47;1510002786;47;255;1510002795;0
32;16;10;5;1;47;1510003505;47;255;1510003513;0
32;16;10;5;1;47;1510003564;47;255;1510003572;1
32;16;10;5;1;47;1510003628;47;255;1510003636;0
32;16;10;5;1;47;1510003729;47;255;1510003737;0
32;16;10;5;1;47;1510004444;47;255;1510004452;0
32;16;10;5;1;47;1510004504;47;255;1510004512;0
32;16;10;5;1;47;1510004573;47;255;1510004581;0
32;16;10;5;1;47;1510004671;47;255;1510004679;0
32;16;10;5;1;47;1510005387;47;255;1510005395;0
32;16;10;5;1;47;1510005446;47;255;1510005454;0
32;16;10;5;1;47;1510005513;47;255;1510005522;0
32;16;10;5;1;47;1510005612;47;255;1510005620;0
32;16;10;5;1;47;1510006326;47;255;1510006334;0
32;16;10;5;1;47;1510006385;47;255;1510006393;0
32;16;10;5;1;47;1510006459;47;255;1510006467;0
32;16;10;5;1;47;1510006553;47;255;1510006561;0
32;16;10;5;1;47;1510007266;47;255;1510007275;1
32;16;10;5;1;47;1510007325;47;255;1510007333;0
32;16;10;5;1;47;1510007404;47;255;1510007412;0
32;16;10;5;1;47;1510007493;47;255;1510007501;0
32;16;10;5;1;47;1510008207;47;255;1510008215;0
32;16;10;5;1;47;1510008265;47;255;1510008273;1
32;16;10;5;1;47;1510008344;47;255;1510008352;0
32;16;10;5;1;47;1510008437;47;255;1510008445;0
32;16;10;5;1;47;1510009149;47;255;1510009157;0
32;16;10;5;1;47;1510009206;47;255;1510009215;0
32;16;10;5;1;47;1510009285;47;255;1510009294;0
32;16;10;5;1;47;1510009379;47;255;1510009387;0
32;16;10;5;1;47;1510010090;47;255;1510010098;0
32;16;10;5;1;47;1510010147;47;255;1510010155;0
32;16;10;5;1;47;1510010227;47;255;1510010235;1
32;16;10;5;1;47;1510010322;47;255;1510010331;0
32;16;10;5;1;47;1510011030;47;255;1510011038;0
32;16;10;5;1;47;1510011089;47;255;1510011098;0
32;16;10;5;1;47;1510011168;47;255;1510011176;0
32;16;10;5;1;47;1510011264;47;255;1510011272;0
32;16;10;5;1;47;1510011970;47;255;1510011978;0
32;16;10;5;1;47;1510012033;47;255;1510012041;0
32;16;10;5;1;47;1510012111;47;255;1510012119;0
32;16;10;5;1;47;1510012203;47;255;1510012211;0
32;16;10;5;1;47;1510012913;47;255;1510012922;0
32;16;10;5;1;47;1510012975;47;255;1510012984;1
32;16;10;5;1;47;1510013051;47;255;1510013059;0
32;16;10;5;1;47;1510013145;47;255;1510013153;0
32;16;10;5;1;47;1510013854;47;255;1510013862;0
32;16;10;5;1;47;1510013918;47;255;1510013927;0
32;16;10;5;1;47;1510013991;47;255;1510014000;1
32;16;10;5;1;47;1510014088;47;255;1510014096;0
32;16;10;5;1;47;1510014797;47;255;1510014805;0
32;16;10;5;1;47;1510014860;47;255;1510014868;1
32;16;10;5;1;47;1510014932;47;255;1510014940;0
32;16;10;5;1;47;1510015029;47;255;1510015037;0
32;16;10;5;1;47;1510015738;47;255;1510015747;1
32;16;10;5;1;47;1510015801;47;255;1510015809;0
32;16;10;5;1;47;1510015873;47;255;1510015882;0
32;16;10;5;1;47;1510015970;47;255;1510015978;1
32;16;10;5;1;47;1510016679;47;255;1510016687;0
32;16;10;5;1;47;1510016744;47;255;1510016752;0
32;16;10;5;1;47;1510016814;47;255;1510016822;0
32;16;10;5;1;47;1510016911;47;255;1510016920;0
32;16;10;5;1;47;1510017620;47;255;1510017628;0
32;16;10;5;1;47;1510017686;47;255;1510017695;0
32;16;10;5;1;47;1510017755;47;255;1510017764;0
32;16;10;5;1;47;1510017852;47;255;1510017860;1
32;16;10;5;1;47;1510018561;47;255;1510018569;0
32;16;10;5;1;47;1510018630;47;255;1510018638;0
32;16;10;5;1;47;1510018697;47;255;1510018705;1
32;16;10;5;1;47;1510018794;47;255;1510018802;0
32;16;10;5;1;47;1510019503;47;255;1510019511;0
32;16;10;5;1;47;1510019572;47;255;1510019580;0
32;16;10;5;1;47;1510019636;47;255;1510019644;0
32;16;10;5;1;47;1510019736;47;255;1510019744;0
32;16;10;5;1;47;1510020443;47;255;1510020451;1
32;16;10;5;1;47;1510020516;47;255;1510020525;0
32;16;10;5;1;47;1510020578;47;255;1510020586;0
32;16;10;5;1;47;1510020675;47;255;1510020683;1
32;16;10;5;1;47;1510021384;47;255;1510021392;0
32;16;10;5;1;47;1510021457;47;255;1510021465;0
32;16;10;5;1;47;1510021519;47;255;1510021527;0
32;16;10;5;1;47;1510021618;47;255;1510021626;0
32;16;10;5;1;47;1510022324;47;255;1510022333;0
32;16;10;5;1;47;1510022398;47;255;1510022406;0
32;16;10;5;1;47;1510022460;47;255;1510022468;0
32;16;10;5;1;47;1510022559;47;255;1510022567;0
32;16;10;5;1;47;1510023266;47;255;1510023274;1
32;16;10;5;1;47;1510023339;47;255;1510023347;0
32;16;10;5;1;47;1510023405;47;255;1510023414;0
32;16;10;5;1;47;1510023500;47;255;1510023508;0
32;16;10;5;1;47;1510024209;47;255;1510024217;0
32;16;10;5;1;47;1510024279;47;255;1510024287;0
32;16;10;5;1;47;1510024346;47;255;1510024355;0
32;16;10;5;1;47;1510024441;47;255;1510024449;0
32;16;10;5;1;47;1510025153;47;255;1510025161;0
32;16;10;5;1;47;1510025220;47;255;1510025228;1
32;16;10;5;1;47;1510025289;47;255;1510025297;0
32;16;10;5;1;47;1510025380;47;255;1510025389;0
32;16;10;5;1;47;1510026095;47;255;1510026104;0
32;16;10;5;1;47;1510026160;47;255;1510026169;1
32;16;10;5;1;47;1510026230;47;255;1510026238;0
32;16;10;5;1;47;1510026322;47;255;1510026330;0
32;16;10;5;1;47;1510027035;47;255;1510027044;0
32;16;10;5;1;47;1510027101;47;255;1510027109;0
32;16;10;5;1;47;1510027173;47;255;1510027182;0
32;16;10;5;1;47;1510027263;47;255;1510027271;0
32;16;10;5;1;47;1510027978;47;255;1510027986;0
32;16;10;5;1;47;1510028043;47;255;1510028051;0
32;16;10;5;1;47;1510028114;47;255;1510028122;0
32;16;10;5;1;47;1510028202;47;255;1510028210;0
32;16;10;5;1;47;1510028919;47;255;1510028928;0
32;16;10;5;1;47;1510028986;47;255;1510028994;0
32;16;10;5;1;47;1510029056;47;255;1510029064;0
32;16;10;5;1;47;1510029142;47;255;1510029150;0
32;16;10;5;1;47;1510029861;47;255;1510029869;0
32;16;10;5;1;47;1510029928;47;255;1510029936;0
32;16;10;5;1;47;1510029998;47;255;1510030006;0
32;16;10;5;1;47;1510030082;47;255;1510030090;0
32;16;10;5;1;47;1510030802;47;255;1510030811;1
32;16;10;5;1;47;1510030870;47;255;1510030878;0
32;16;10;5;1;47;1510030943;47;255;1510030951;0
32;16;10;5;1;47;1510031024;47;255;1510031032;0
32;16;10;5;1;47;1510031744;47;255;1510031752;0
32;16;10;5;1;47;1510031810;47;255;1510031818;0
32;16;10;5;1;47;1510031885;47;255;1510031894;0
32;16;10;5;1;47;1510031966;47;255;1510031974;0
32;16;10;5;1;47;1510032683;47;255;1510032691;0
32;16;10;5;1;47;1510032752;47;255;1510032760;0
32;16;10;5;1;47;1510032828;47;255;1510032836;0
32;16;10;5;1;47;1510032908;47;255;1510032916;0
32;16;10;5;1;47;1510033627;47;255;1510033635;0
32;16;10;5;1;47;1510033691;47;255;1510033700;0
32;16;10;5;1;47;1510033769;47;255;1510033777;0
32;16;10;5;1;47;1510033848;47;255;1510033856;0
32;16;10;5;1;47;1510034569;47;255;1510034577;1
32;16;10;5;1;47;1510034634;47;255;1510034642;0
32;16;10;5;1;47;1510034710;47;255;1510034718;0
32;16;10;5;1;47;1510034789;47;255;1510034797;0
32;16;10;5;1;47;1510035509;47;255;1510035518;0
32;16;10;5;1;47;1510035576;47;255;1510035584;0
32;16;10;5;1;47;1510035651;47;255;1510035659;0
32;16;10;5;1;47;1510035730;47;255;1510035738;0
32;16;10;5;1;47;1510036451;47;255;1510036460;0
32;16;10;5;1;47;1510036518;47;255;1510036526;1
32;16;10;5;1;47;1510036593;47;255;1510036601;0
32;16;10;5;1;47;1510036669;47;255;1510036678;0
32;16;10;5;1;47;1510037394;47;255;1510037403;1
32;16;10;5;1;47;1510037460;47;255;1510037468;0
32;16;10;5;1;47;1510037533;47;255;1510037541;0
32;16;10;5;1;47;1510037610;47;255;1510037618;0
32;16;10;5;1;47;1510038335;47;255;1510038343;0
32;16;10;5;1;47;1510038403;47;255;1510038412;0
32;16;10;5;1;47;1510038473;47;255;1510038481;1
32;16;10;5;1;47;1510038552;47;255;1510038560;1
32;16;10;5;1;47;1510039277;47;255;1510039285;0
32;16;10;5;1;47;1510039345;47;255;1510039353;0
32;16;10;5;1;47;1510039417;47;255;1510039425;1
32;16;10;5;1;47;1510039492;47;255;1510039500;1
32;16;10;5;1;47;1510040218;47;255;1510040226;0
32;16;10;5;1;47;1510040285;47;255;1510040293;0
32;16;10;5;1;47;1510040359;47;255;1510040367;1
32;16;10;5;1;47;1510040432;47;255;1510040440;1
32;16;10;5;1;47;1510041158;47;255;1510041167;0
32;16;10;5;1;47;1510041228;47;255;1510041236;0
32;16;10;5;1;47;1510041303;47;255;1510041311;1
32;16;10;5;1;47;1510041372;47;255;1510041381;0
32;16;10;5;1;47;1510042102;47;255;1510042110;0
32;16;10;5;1;47;1510042168;47;255;1510042177;0
32;16;10;5;1;47;1510042245;47;255;1510042253;0
32;16;10;5;1;47;1510042314;47;255;1510042323;0
32;16;10;5;1;47;1510043042;47;255;1510043050;0
32;16;10;5;1;47;1510043111;47;255;1510043120;0
32;16;10;5;1;47;1510043185;47;255;1510043194;0
32;16;10;5;1;47;1510043256;47;255;1510043264;0
32;16;10;5;1;47;1510043982;47;255;1510043990;1
32;16;10;5;1;47;1510044054;47;255;1510044063;0
32;16;10;5;1;47;1510044126;47;255;1510044134;0
32;16;10;5;1;47;1510044198;47;255;1510044207;0
32;16;10;5;1;47;1510044944;47;255;1510044953;0
32;16;10;5;1;47;1510045015;47;255;1510045023;0
32;16;10;5;1;47;1510045092;47;255;1510045101;0
32;16;10;5;1;47;1510045175;47;255;1510045184;0
32;16;10;5;1;47;1510045959;47;255;1510045968;1
32;16;10;5;1;47;1510046033;47;255;1510046042;0
32;16;10;5;1;47;1510046108;47;255;1510046118;1
32;16;10;5;1;47;1510046179;47;255;1510046189;0
32;16;10;5;1;47;1510046947;47;255;1510046956;0
32;16;10;5;1;47;1510046958;47;255;1510046966;0
32;16;10;5;1;47;1510046968;47;255;1510046976;0
32;16;10;5;1;47;1510046969;47;255;1510046977;0
32;16;10;5;1;47;1510047929;47;255;1510047938;1
32;16;10;5;1;47;1510047944;47;255;1510047952;0
32;16;10;5;1;47;1510047946;47;255;1510047956;0
32;16;10;5;1;47;1510047952;47;255;1510047961;0
32;16;10;5;1;47;1510048892;47;255;1510048900;0
32;16;10;5;1;47;1510048900;47;255;1510048909;1
32;16;10;5;1;47;1510048908;47;255;1510048916;0
32;16;10;5;1;47;1510048920;47;255;1510048928;0
32;16;10;5;1;47;1510049924;47;255;1510049932;0
32;16;10;5;1;47;1510049930;47;255;1510049938;1
32;16;10;5;1;47;1510049947;47;255;1510049955;0
32;16;10;5;1;47;1510050881;47;255;1510050890;0
32;16;10;5;1;47;1510050887;47;255;1510050895;0
32;16;10;5;1;47;1510050904;47;255;1510050912;1
32;16;10;5;1;47;1510051839;47;255;1510051847;0
32;16;10;5;1;47;1510051846;47;255;1510051854;0
32;16;10;5;1;47;1510051864;47;255;1510051872;0
32;16;10;5;1;47;1510052796;47;255;1510052805;0
32;16;10;5;1;47;1510052803;47;255;1510052811;1
32;16;10;5;1;47;1510052820;47;255;1510052829;0
32;16;10;5;1;47;1510053754;47;255;1510053762;1
32;16;10;5;1;47;1510053760;47;255;1510053768;0
32;16;10;5;1;47;1510053778;47;255;1510053787;0
32;16;10;5;1;47;1510054712;47;255;1510054720;0
32;16;10;5;1;47;1510054722;47;255;1510054730;1
32;16;10;5;1;47;1510054740;47;255;1510054748;0
32;16;10;5;1;47;1510055682;47;255;1510055690;0
32;16;10;5;1;47;1510055691;47;255;1510055699;0
32;16;10;5;1;47;1510055712;47;255;1510055720;0
32;16;10;5;1;47;1510056637;47;255;1510056645;0
32;16;10;5;1;47;1510056657;47;255;1510056665;0
32;16;10;5;1;47;1510056685;47;255;1510056693;1
32;16;10;5;1;47;1510057589;47;255;1510057597;0
32;16;10;5;1;47;1510057610;47;255;1510057618;0
32;16;10;5;1;47;1510057637;47;255;1510057645;0
32;16;10;5;1;47;1510058529;47;255;1510058538;0
32;16;10;5;1;47;1510058551;47;255;1510058559;0
32;16;10;5;1;47;1510058578;47;255;1510058586;0
32;16;10;5;1;47;1510059470;47;255;1510059478;0
32;16;10;5;1;47;1510059491;47;255;1510059499;1
32;16;10;5;1;47;1510059519;47;255;1510059527;0
32;16;10;5;1;47;1510060421;47;255;1510060429;1
32;16;10;5;1;47;1510060441;47;255;1510060449;1
32;16;10;5;1;47;1510060471;47;255;1510060480;0
32;16;10;5;1;47;1510061381;47;255;1510061390;0
32;16;10;5;1;47;1510061398;47;255;1510061406;0
32;16;10;5;1;47;1510061433;47;255;1510061441;0
32;16;10;5;1;47;1510062377;47;255;1510062386;1
32;16;10;5;1;47;1510062383;47;255;1510062391;0
32;16;10;5;1;47;1510062426;47;255;1510062435;1
32;16;10;5;1;47;1510063331;47;255;1510063340;0
32;16;10;5;1;47;1510063336;47;255;1510063345;0
32;16;10;5;1;47;1510063380;47;255;1510063388;0
32;16;10;5;1;47;1510064292;47;255;1510064300;1
32;16;10;5;1;47;1510064294;47;255;1510064303;1
32;16;10;5;1;47;1510064342;47;255;1510064351;0
32;16;10;5;1;47;1510065262;47;255;1510065270;0
32;16;10;5;1;47;1510065262;47;255;1510065270;1
32;16;10;5;1;47;1510065312;47;255;1510065320;0
32;16;10;5;1;47;1510066218;47;255;1510066227;1
32;16;10;5;1;47;1510066221;47;255;1510066229;0
32;16;10;5;1;47;1510066271;47;255;1510066280;0
32;16;10;5;1;47;1510067181;47;255;1510067189;0
32;16;10;5;1;47;1510067183;47;255;1510067192;0
32;16;10;5;1;47;1510067236;47;255;1510067245;0
32;16;10;5;1;47;1510068137;47;255;1510068146;0
32;16;10;5;1;47;1510068140;47;255;1510068149;0
32;16;10;5;1;47;1510068193;47;255;1510068202;0
32;16;10;5;1;47;1510069087;47;255;1510069095;0
32;16;10;5;1;47;1510069091;47;255;1510069100;0
32;16;10;5;1;47;1510069142;47;255;1510069150;0
32;16;10;5;1;47;1510070050;47;255;1510070059;1
32;16;10;5;1;47;1510070067;47;255;1510070075;0
32;16;10;5;1;47;1510070110;47;255;1510070118;0
32;16;10;5;1;47;1510071016;47;255;1510071025;0
32;16;10;5;1;47;1510071027;47;255;1510071035;0
32;16;10;5;1;47;1510071076;47;255;1510071085;0
32;16;10;5;1;47;1510071989;47;255;1510071998;0
32;16;10;5;1;47;1510071995;47;255;1510072004;0
32;16;10;5;1;47;1510072038;47;255;1510072046;0
32;16;10;5;1;47;1510072937;47;255;1510072945;0
32;16;10;5;1;47;1510072943;47;255;1510072951;1
32;16;10;5;1;47;1510072983;47;255;1510072992;0
32;16;10;5;1;47;1510073880;47;255;1510073888;0
32;16;10;5;1;47;1510073886;47;255;1510073894;0
32;16;10;5;1;47;1510073927;47;255;1510073935;0
32;16;10;5;1;47;1510074823;47;255;1510074831;0
32;16;10;5;1;47;1510074829;47;255;1510074837;1
32;16;10;5;1;47;1510074870;47;255;1510074878;0
32;16;10;5;1;47;1510075632;47;255;1510075640;0
32;16;10;5;1;47;1510075799;47;255;1510075808;0
32;16;10;5;1;47;1510075811;47;255;1510075819;0
32;16;10;5;1;47;1510075850;47;255;1510075859;1
32;16;10;5;1;47;1510076576;47;255;1510076584;0
32;16;10;5;1;47;1510076747;47;255;1510076755;0
32;16;10;5;1;47;1510076752;47;255;1510076761;0
32;16;10;5;1;47;1510076793;47;255;1510076801;1
32;16;10;5;1;47;1510077516;47;255;1510077524;0
32;16;10;5;1;47;1510077686;47;255;1510077694;0
32;16;10;5;1;47;1510077693;47;255;1510077702;0
32;16;10;5;1;47;1510077733;47;255;1510077741;0
32;16;10;5;1;47;1510078454;47;255;1510078463;0
32;16;10;5;1;47;1510078626;47;255;1510078634;1
32;16;10;5;1;47;1510078634;47;255;1510078642;0
32;16;10;5;1;47;1510078674;47;255;1510078682;0
32;16;10;5;1;47;1510079395;47;255;1510079403;0
32;16;10;5;1;47;1510079565;47;255;1510079573;0
32;16;10;5;1;47;1510079573;47;255;1510079581;0
32;16;10;5;1;47;1510079614;47;255;1510079622;1
32;16;10;5;1;47;1510080335;47;255;1510080344;0
32;16;10;5;1;47;1510080505;47;255;1510080513;1
32;16;10;5;1;47;1510080512;47;255;1510080520;0
32;16;10;5;1;47;1510080554;47;255;1510080563;0
32;16;10;5;1;47;1510081276;47;255;1510081284;1
32;16;10;5;1;47;1510081444;47;255;1510081452;0
32;16;10;5;1;47;1510081450;47;255;1510081459;0
32;16;10;5;1;47;1510081495;47;255;1510081503;0
32;16;10;5;1;47;1510082215;47;255;1510082223;0
32;16;10;5;1;47;1510082384;47;255;1510082392;1
32;16;10;5;1;47;1510082391;47;255;1510082399;0
32;16;10;5;1;47;1510082435;47;255;1510082443;1
32;16;10;5;1;47;1510083153;47;255;1510083161;1
32;16;10;5;1;47;1510083324;47;255;1510083332;0
32;16;10;5;1;47;1510083333;47;255;1510083341;0
32;16;10;5;1;47;1510083375;47;255;1510083383;0
32;16;10;5;1;47;1510084093;47;255;1510084101;0
32;16;10;5;1;47;1510084263;47;255;1510084271;0
32;16;10;5;1;47;1510084274;47;255;1510084282;0
32;16;10;5;1;47;1510084315;47;255;1510084323;0
32;16;10;5;1;47;1510085031;47;255;1510085039;0
32;16;10;5;1;47;1510085203;47;255;1510085212;0
32;16;10;5;1;47;1510085216;47;255;1510085224;0
32;16;10;5;1;47;1510085254;47;255;1510085263;0
32;16;10;5;1;47;1510085970;47;255;1510085978;0
32;16;10;5;1;47;1510086145;47;255;1510086153;0
32;16;10;5;1;47;1510086157;47;255;1510086166;0
32;16;10;5;1;47;1510086194;47;255;1510086203;0
32;16;10;5;1;47;1510086909;47;255;1510086917;0
32;16;10;5;1;47;1510087085;47;255;1510087093;0
32;16;10;5;1;47;1510087098;47;255;1510087106;0
32;16;10;5;1;47;1510087134;47;255;1510087142;0
32;16;10;5;1;47;1510087849;47;255;1510087858;0
32;16;10;5;1;47;1510088025;47;255;1510088033;1
32;16;10;5;1;47;1510088038;47;255;1510088046;0
32;16;10;5;1;47;1510088073;47;255;1510088081;0
32;16;10;5;1;47;1510088790;47;255;1510088798;0
32;16;10;5;1;47;1510088966;47;255;1510088974;0
32;16;10;5;1;47;1510088978;47;255;1510088986;0
32;16;10;5;1;47;1510089012;47;255;1510089020;0
32;16;10;5;1;47;1510089728;47;255;1510089736;0
32;16;10;5;1;47;1510089905;47;255;1510089913;0
32;16;10;5;1;47;1510089919;47;255;1510089927;1
32;16;10;5;1;47;1510089955;47;255;1510089963;0
32;16;10;5;1;47;1510090667;47;255;1510090675;0
32;16;10;5;1;47;1510090845;47;255;1510090853;0
32;16;10;5;1;47;1510090858;47;255;1510090867;0
32;16;10;5;1;47;1510090897;47;255;1510090905;0
32;16;10;5;1;47;1510091607;47;255;1510091615;0
32;16;10;5;1;47;1510091785;47;255;1510091793;1
32;16;10;5;1;47;1510091800;47;255;1510091808;0
32;16;10;5;1;47;1510091838;47;255;1510091846;0
32;16;10;5;1;47;1510092546;47;255;1510092554;0
32;16;10;5;1;47;1510092725;47;255;1510092733;0
32;16;10;5;1;47;1510092740;47;255;1510092748;0
32;16;10;5;1;47;1510092778;47;255;1510092786;0
32;16;10;5;1;47;1510093486;47;255;1510093494;0
32;16;10;5;1;47;1510093664;47;255;1510093673;0
32;16;10;5;1;47;1510093680;47;255;1510093688;0
32;16;10;5;1;47;1510093720;47;255;1510093728;0
32;16;10;5;1;47;1510094426;47;255;1510094434;0
32;16;10;5;1;47;1510094603;47;255;1510094611;0
32;16;10;5;1;47;1510094619;47;255;1510094627;1
32;16;10;5;1;47;1510094661;47;255;1510094669;1
32;16;10;5;1;47;1510095368;47;255;1510095376;0
32;16;10;5;1;47;1510095543;47;255;1510095551;0
32;16;10;5;1;47;1510095557;47;255;1510095566;0
32;16;10;5;1;47;1510095601;47;255;1510095609;0
32;16;10;5;1;47;1510096311;47;255;1510096319;0
32;16;10;5;1;47;1510096481;47;255;1510096489;0
32;16;10;5;1;47;1510096497;47;255;1510096505;0
32;16;10;5;1;47;1510096541;47;255;1510096549;0
32;16;10;5;1;47;1510097251;47;255;1510097259;1
32;16;10;5;1;47;1510097422;47;255;1510097430;0
32;16;10;5;1;47;1510097435;47;255;1510097444;1
32;16;10;5;1;47;1510097483;47;255;1510097491;0
32;16;10;5;1;47;1510098190;47;255;1510098198;0
32;16;10;5;1;47;1510098364;47;255;1510098372;1
32;16;10;5;1;47;1510098374;47;255;1510098382;0
32;16;10;5;1;47;1510098422;47;255;1510098430;0
32;16;10;5;1;47;1510099130;47;255;1510099138;0
32;16;10;5;1;47;1510099305;47;255;1510099313;0
32;16;10;5;1;47;1510099312;47;255;1510099320;0
32;16;10;5;1;47;1510099363;47;255;1510099372;0
32;16;10;5;1;47;1510100072;47;255;1510100080;0
32;16;10;5;1;47;1510100246;47;255;1510100254;1
32;16;10;5;1;47;1510100250;47;255;1510100258;0
32;16;10;5;1;47;1510100303;47;255;1510100311;0
32;16;10;5;1;47;1510101012;47;255;1510101020;0
32;16;10;5;1;47;1510101185;47;255;1510101193;0
32;16;10;5;1;47;1510101192;47;255;1510101200;0
32;16;10;5;1;47;1510101243;47;255;1510101251;0
32;16;10;5;1;47;1510101952;47;255;1510101960;0
32;16;10;5;1;47;1510102123;47;255;1510102131;1
32;16;10;5;1;47;1510102132;47;255;1510102140;0
32;16;10;5;1;47;1510102184;47;255;1510102193;0
32;16;10;5;1;47;1510102891;47;255;1510102899;0
32;16;10;5;1;47;1510103063;47;255;1510103071;1
32;16;10;5;1;47;1510103071;47;255;1510103080;1
32;16;10;5;1;47;1510103126;47;255;1510103134;0
32;16;10;5;1;47;1510103829;47;255;1510103837;0
32;16;10;5;1;47;1510104002;47;255;1510104011;0
32;16;10;5;1;47;1510104013;47;255;1510104021;0
32;16;10;5;1;47;1510104066;47;255;1510104074;0
32;16;10;5;1;47;1510104768;47;255;1510104776;0
32;16;10;5;1;47;1510104941;47;255;1510104949;0
32;16;10;5;1;47;1510104954;47;255;1510104962;0
32;16;10;5;1;47;1510105005;47;255;1510105014;0
32;16;10;5;1;47;1510105708;47;255;1510105717;0
32;16;10;5;1;47;1510105880;47;255;1510105889;0
32;16;10;5;1;47;1510105893;47;255;1510105901;0
32;16;10;5;1;47;1510105945;47;255;1510105953;0
32;16;10;5;1;47;1510106649;47;255;1510106657;0
32;16;10;5;1;47;1510106823;47;255;1510106832;0
32;16;10;5;1;47;1510106833;47;255;1510106842;0
32;16;10;5;1;47;1510106884;47;255;1510106892;0
32;16;10;5;1;47;1510107587;47;255;1510107595;0
32;16;10;5;1;47;1510107766;47;255;1510107774;0
32;16;10;5;1;47;1510107772;47;255;1510107780;0
32;16;10;5;1;47;1510107827;47;255;1510107835;0
32;16;10;5;1;47;1510108526;47;255;1510108534;1
32;16;10;5;1;47;1510108706;47;255;1510108714;0
32;16;10;5;1;47;1510108712;47;255;1510108720;0
32;16;10;5;1;47;1510108766;47;255;1510108774;0
32;16;10;5;1;47;1510109465;47;255;1510109473;0
32;16;10;5;1;47;1510109647;47;255;1510109656;0
32;16;10;5;1;47;1510109653;47;255;1510109661;0
32;16;10;5;1;47;1510109707;47;255;1510109715;0
32;16;10;5;1;47;1510110405;47;255;1510110413;0
32;16;10;5;1;47;1510110587;47;255;1510110595;1
32;16;10;5;1;47;1510110593;47;255;1510110601;0
32;16;10;5;1;47;1510110648;47;255;1510110656;0
32;16;10;5;1;47;1510111345;47;255;1510111353;1
32;16;10;5;1;47;1510111527;47;255;1510111535;0
32;16;10;5;1;47;1510111535;47;255;1510111543;1
32;16;10;5;1;47;1510111586;47;255;1510111594;0
32;16;10;5;1;47;1510112284;47;255;1510112292;1
32;16;10;5;1;47;1510112469;47;255;1510112478;0
32;16;10;5;1;47;1510112474;47;255;1510112482;0
32;16;10;5;1;47;1510112526;47;255;1510112534;1
32;16;10;5;1;47;1510113221;47;255;1510113229;0
32;16;10;5;1;47;1510113411;47;255;1510113419;0
32;16;10;5;1;47;1510113414;47;255;1510113422;0
32;16;10;5;1;47;1510113466;47;255;1510113474;0
32;16;10;5;1;47;1510114159;47;255;1510114167;0
32;16;10;5;1;47;1510114352;47;255;1510114360;0
32;16;10;5;1;47;1510114355;47;255;1510114364;0
32;16;10;5;1;47;1510114406;47;255;1510114415;0
32;16;10;5;1;47;1510115099;47;255;1510115107;0
32;16;10;5;1;47;1510115292;47;255;1510115300;0
32;16;10;5;1;47;1510115296;47;255;1510115304;0
32;16;10;5;1;47;1510115346;47;255;1510115354;0
32;16;10;5;1;47;1510116041;47;255;1510116049;0
32;16;10;5;1;47;1510116232;47;255;1510116240;0
32;16;10;5;1;47;1510116234;47;255;1510116242;0
32;16;10;5;1;47;1510116285;47;255;1510116293;0
32;16;10;5;1;47;1510116982;47;255;1510116990;1
32;16;10;5;1;47;1510117171;47;255;1510117179;0
32;16;10;5;1;47;1510117175;47;255;1510117183;0
32;16;10;5;1;47;1510117223;47;255;1510117231;0
32;16;10;5;1;47;1510117921;47;255;1510117929;0
32;16;10;5;1;47;1510118109;47;255;1510118118;0
32;16;10;5;1;47;1510118117;47;255;1510118125;0
32;16;10;5;1;47;1510118165;47;255;1510118173;0
32;16;10;5;1;47;1510118865;47;255;1510118873;0
32;16;10;5;1;47;1510119050;47;255;1510119058;0
32;16;10;5;1;47;1510119058;47;255;1510119066;0
32;16;10;5;1;47;1510119103;47;255;1510119111;0
32;16;10;5;1;47;1510119808;47;255;1510119816;0
32;16;10;5;1;47;1510119988;47;255;1510119997;0
32;16;10;5;1;47;1510119996;47;255;1510120005;0
32;16;10;5;1;47;1510120041;47;255;1510120049;0
32;16;10;5;1;47;1510120749;47;255;1510120757;0
32;16;10;5;1;47;1510120929;47;255;1510120937;0
32;16;10;5;1;47;1510120936;47;255;1510120945;0
32;16;10;5;1;47;1510120981;47;255;1510120989;0
32;16;10;5;1;47;1510121689;47;255;1510121698;0
32;16;10;5;1;47;1510121868;47;255;1510121877;0
32;16;10;5;1;47;1510121877;47;255;1510121885;0
32;16;10;5;1;47;1510121920;47;255;1510121928;0
32;16;10;5;1;47;1510122630;47;255;1510122638;0
32;16;10;5;1;47;1510122808;47;255;1510122816;0
32;16;10;5;1;47;1510122816;47;255;1510122824;0
32;16;10;5;1;47;1510122862;47;255;1510122870;0
32;16;10;5;1;47;1510123570;47;255;1510123579;0
32;16;10;5;1;47;1510123749;47;255;1510123757;0
32;16;10;5;1;47;1510123758;47;255;1510123766;0
32;16;10;5;1;47;1510123803;47;255;1510123811;0
32;16;10;5;1;47;1510124511;47;255;1510124519;0
32;16;10;5;1;47;1510124687;47;255;1510124695;0
32;16;10;5;1;47;1510124698;47;255;1510124707;1
32;16;10;5;1;47;1510124743;47;255;1510124751;0
32;16;10;5;1;47;1510125451;47;255;1510125459;0
32;16;10;5;1;47;1510125628;47;255;1510125637;0
32;16;10;5;1;47;1510125638;47;255;1510125646;0
32;16;10;5;1;47;1510125683;47;255;1510125691;0
32;16;10;5;1;47;1510126389;47;255;1510126398;0
32;16;10;5;1;47;1510126568;47;255;1510126576;0
32;16;10;5;1;47;1510126578;47;255;1510126586;0
32;16;10;5;1;47;1510126624;47;255;1510126632;0
32;16;10;5;1;47;1510127330;47;255;1510127338;0
32;16;10;5;1;47;1510127506;47;255;1510127514;0
32;16;10;5;1;47;1510127516;47;255;1510127524;0
32;16;10;5;1;47;1510127566;47;255;1510127574;0
32;16;10;5;1;47;1510128268;47;255;1510128277;0
32;16;10;5;1;47;1510128447;47;255;1510128455;0
32;16;10;5;1;47;1510128456;47;255;1510128464;0
32;16;10;5;1;47;1510128506;47;255;1510128514;0
32;16;10;5;1;47;1510129208;47;255;1510129216;0
32;16;10;5;1;47;1510129387;47;255;1510129396;0
32;16;10;5;1;47;1510129397;47;255;1510129405;0
32;16;10;5;1;47;1510129443;47;255;1510129451;0
32;16;10;5;1;47;1510130180;47;255;1510130190;0
32;16;10;5;1;47;1510130379;47;255;1510130388;0
32;16;10;5;1;47;1510130384;47;255;1510130392;0
32;16;10;5;1;47;1510130431;47;255;1510130439;0
32;16;10;5;1;47;1510131188;47;255;1510131197;1
32;16;10;5;1;47;1510131382;47;255;1510131390;0
32;16;10;5;1;47;1510131384;47;255;1510131393;1
32;16;10;5;1;47;1510131434;47;255;1510131443;0
32;16;10;5;1;47;1510132163;47;255;1510132171;0
32;16;10;5;1;47;1510132352;47;255;1510132360;0
32;16;10;5;1;47;1510132371;47;255;1510132380;1
32;16;10;5;1;47;1510132409;47;255;1510132418;1
32;16;10;5;1;47;1510133158;47;255;1510133166;0
32;16;10;5;1;47;1510133327;47;255;1510133336;0
32;16;10;5;1;47;1510133350;47;255;1510133359;1
32;16;10;5;1;47;1510133401;47;255;1510133411;0
32;16;10;5;1;47;1510134172;47;255;1510134181;0
32;16;10;5;1;47;1510134336;47;255;1510134344;1
32;16;10;5;1;47;1510134369;47;255;1510134377;0
32;16;10;5;1;47;1510134410;47;255;1510134419;0
32;16;10;5;1;47;1510135171;47;255;1510135180;0
32;16;10;5;1;47;1510135345;47;255;1510135353;0
32;16;10;5;1;47;1510135373;47;255;1510135382;0
32;16;10;5;1;47;1510135404;47;255;1510135412;0
32;16;10;5;1;47;1510136169;47;255;1510136177;0
32;16;10;5;1;47;1510136324;47;255;1510136333;0
32;16;10;5;1;47;1510136364;47;255;1510136372;0
32;16;10;5;1;47;1510136392;47;255;1510136401;0
32;16;10;5;1;47;1510137170;47;255;1510137179;1
32;16;10;5;1;47;1510137343;47;255;1510137351;0
32;16;10;5;1;47;1510137360;47;255;1510137368;0
32;16;10;5;1;47;1510137401;47;255;1510137410;0
32;16;10;5;1;47;1510138159;47;255;1510138168;1
32;16;10;5;1;47;1510138347;47;255;1510138356;0
32;16;10;5;1;47;1510138354;47;255;1510138362;1
32;16;10;5;1;47;1510138406;47;255;1510138415;0
32;16;10;5;1;47;1510139161;47;255;1510139170;0
32;16;10;5;1;47;1510139341;47;255;1510139349;0
32;16;10;5;1;47;1510139365;47;255;1510139373;0
32;16;10;5;1;47;1510139404;47;255;1510139413;0
32;16;10;5;1;47;1510140134;47;255;1510140142;0
32;16;10;5;1;47;1510140295;47;255;1510140303;0
32;16;10;5;1;47;1510140375;47;255;1510140383;0
32;16;10;5;1;47;1510140384;47;255;1510140392;0
32;16;10;5;1;47;1510141144;47;255;1510141152;0
32;16;10;5;1;47;1510141278;47;255;1510141287;0
32;16;10;5;1;47;1510141348;47;255;1510141357;0
32;16;10;5;1;47;1510141371;47;255;1510141379;0
32;16;10;5;1;47;1510142117;47;255;1510142126;0
32;16;10;5;1;47;1510142290;47;255;1510142298;0
32;16;10;5;1;47;1510142331;47;255;1510142340;0
32;16;10;5;1;47;1510142387;47;255;1510142395;0
32;16;10;5;1;47;1510143159;47;255;1510143168;0
32;16;10;5;1;47;1510143347;47;255;1510143355;0
32;16;10;5;1;47;1510143379;47;255;1510143388;0
32;16;10;5;1;47;1510143444;47;255;1510143452;0
32;16;10;5;1;47;1510144150;47;255;1510144159;0
32;16;10;5;1;47;1510144320;47;255;1510144329;0
32;16;10;5;1;47;1510144351;47;255;1510144359;0
32;16;10;5;1;47;1510144427;47;255;1510144435;0
32;16;10;5;1;47;1510145097;47;255;1510145106;0
32;16;10;5;1;47;1510145265;47;255;1510145273;0
32;16;10;5;1;47;1510145296;47;255;1510145304;1
32;16;10;5;1;47;1510145372;47;255;1510145380;0
32;16;10;5;1;47;1510146037;47;255;1510146045;0
32;16;10;5;1;47;1510146208;47;255;1510146217;0
32;16;10;5;1;47;1510146240;47;255;1510146248;0
32;16;10;5;1;47;1510146314;47;255;1510146322;0
32;16;10;5;1;47;1510146984;47;255;1510146993;0
32;16;10;5;1;47;1510147159;47;255;1510147169;0
32;16;10;5;1;47;1510147197;47;255;1510147207;1
32;16;10;5;1;47;1510147275;47;255;1510147284;0
32;16;10;5;1;47;1510147960;47;255;1510147969;1
32;16;10;5;1;47;1510148145;47;255;1510148154;0
32;16;10;5;1;47;1510148168;47;255;1510148176;1
32;16;10;5;1;47;1510148247;47;255;1510148256;0
32;16;10;5;1;47;1510148940;47;255;1510148949;0
32;16;10;5;1;47;1510149112;47;255;1510149120;0
32;16;10;5;1;47;1510149130;47;255;1510149139;0
32;16;10;5;1;47;1510149207;47;255;1510149216;0
32;16;10;5;1;47;1510149886;47;255;1510149894;0
32;16;10;5;1;47;1510150061;47;255;1510150069;0
32;16;10;5;1;47;1510150071;47;255;1510150079;1
32;16;10;5;1;47;1510150151;47;255;1510150159;0
32;16;10;5;1;47;1510150839;47;255;1510150848;0
32;16;10;5;1;47;1510151021;47;255;1510151030;0
32;16;10;5;1;47;1510151032;47;255;1510151041;0
32;16;10;5;1;47;1510151120;47;255;1510151130;0
32;16;10;5;1;47;1510151808;47;255;1510151816;0
32;16;10;5;1;47;1510151993;47;255;1510152002;0
32;16;10;5;1;47;1510152011;47;255;1510152019;0
32;16;10;5;1;47;1510152095;47;255;1510152104;0
32;16;10;5;1;47;1510152804;47;255;1510152812;0
32;16;10;5;1;47;1510152977;47;255;1510152985;0
32;16;10;5;1;47;1510152998;47;255;1510153006;0
32;16;10;5;1;47;1510153071;47;255;1510153079;0
32;16;10;5;1;47;1510153768;47;255;1510153777;0
32;16;10;5;1;47;1510153945;47;255;1510153953;0
32;16;10;5;1;47;1510153968;47;255;1510153977;0
32;16;10;5;1;47;1510154041;47;255;1510154049;0
32;16;10;5;1;47;1510154739;47;255;1510154748;1
32;16;10;5;1;47;1510154911;47;255;1510154919;0
32;16;10;5;1;47;1510154937;47;255;1510154945;1
32;16;10;5;1;47;1510155004;47;255;1510155012;0
32;16;10;5;1;47;1510155697;47;255;1510155707;0
32;16;10;5;1;47;1510155873;47;255;1510155882;0
32;16;10;5;1;47;1510155903;47;255;1510155911;0
32;16;10;5;1;47;1510155973;47;255;1510155982;0
32;16;10;5;1;47;1510156679;47;255;1510156687;0
32;16;10;5;1;47;1510156863;47;255;1510156872;1
32;16;10;5;1;47;1510156888;47;255;1510156896;1
32;16;10;5;1;47;1510156961;47;255;1510156970;0
32;16;10;5;1;47;1510157671;47;255;1510157679;0
32;16;10;5;1;47;1510157854;47;255;1510157862;0
32;16;10;5;1;47;1510157878;47;255;1510157886;0
32;16;10;5;1;47;1510157950;47;255;1510157959;0
32;16;10;5;1;47;1510158635;47;255;1510158644;0
32;16;10;5;1;47;1510158817;47;255;1510158826;0
32;16;10;5;1;47;1510158849;47;255;1510158857;0
32;16;10;5;1;47;1510158912;47;255;1510158921;1
32;16;10;5;1;47;1510159590;47;255;1510159598;0
32;16;10;5;1;47;1510159777;47;255;1510159786;0
32;16;10;5;1;47;1510159807;47;255;1510159815;0
32;16;10;5;1;47;1510159874;47;255;1510159883;0
32;16;10;5;1;47;1510160574;47;255;1510160582;0
32;16;10;5;1;47;1510160747;47;255;1510160756;0
32;16;10;5;1;47;1510160778;47;255;1510160786;1
32;16;10;5;1;47;1510160849;47;255;1510160858;0
32;16;10;5;1;47;1510161552;47;255;1510161560;0
32;16;10;5;1;47;1510161727;47;255;1510161736;0
32;16;10;5;1;47;1510161765;47;255;1510161773;0
32;16;10;5;1;47;1510161824;47;255;1510161832;0
32;16;10;5;1;47;1510162516;47;255;1510162524;0
32;16;10;5;1;47;1510162690;47;255;1510162699;0
32;16;10;5;1;47;1510162733;47;255;1510162742;0
32;16;10;5;1;47;1510162785;47;255;1510162793;0
32;16;10;5;1;47;1510163464;47;255;1510163472;0
32;16;10;5;1;47;1510163646;47;255;1510163654;0
32;16;10;5;1;47;1510163706;47;255;1510163715;0
32;16;10;5;1;47;1510163734;47;255;1510163742;1
32;16;10;5;1;47;1510164405;47;255;1510164414;0
32;16;10;5;1;47;1510164589;47;255;1510164598;0
32;16;10;5;1;47;1510164649;47;255;1510164658;0
32;16;10;5;1;47;1510164679;47;255;1510164687;0
32;16;10;5;1;47;1510165349;47;255;1510165357;0
32;16;10;5;1;47;1510165531;47;255;1510165539;0
32;16;10;5;1;47;1510165592;47;255;1510165600;0
32;16;10;5;1;47;1510165622;47;255;1510165630;0
32;16;10;5;1;47;1510166292;47;255;1510166301;0
32;16;10;5;1;47;1510166473;47;255;1510166481;0
32;16;10;5;1;47;1510166535;47;255;1510166543;0
32;16;10;5;1;47;1510166565;47;255;1510166574;1
32;16;10;5;1;47;1510167234;47;255;1510167243;0
32;16;10;5;1;47;1510167415;47;255;1510167424;1
32;16;10;5;1;47;1510167477;47;255;1510167485;0
32;16;10;5;1;47;1510167510;47;255;1510167518;0
32;16;10;5;1;47;1510168177;47;255;1510168185;0
32;16;10;5;1;47;1510168357;47;255;1510168365;0
32;16;10;5;1;47;1510168420;47;255;1510168428;0
32;16;10;5;1;47;1510168453;47;255;1510168461;1
32;16;10;5;1;47;1510169118;47;255;1510169126;0
32;16;10;5;1;47;1510169299;47;255;1510169308;0
32;16;10;5;1;47;1510169362;47;255;1510169370;0
32;16;10;5;1;47;1510169394;47;255;1510169402;0
32;16;10;5;1;47;1510170062;47;255;1510170070;1
32;16;10;5;1;47;1510170243;47;255;1510170251;0
32;16;10;5;1;47;1510170306;47;255;1510170314;0
32;16;10;5;1;47;1510170336;47;255;1510170345;1
32;16;10;5;1;47;1510171005;47;255;1510171013;0
32;16;10;5;1;47;1510171184;47;255;1510171193;0
32;16;10;5;1;47;1510171250;47;255;1510171258;0
32;16;10;5;1;47;1510171278;47;255;1510171286;0
32;16;10;5;1;47;1510171945;47;255;1510171953;0
32;16;10;5;1;47;1510172127;47;255;1510172135;0
32;16;10;5;1;47;1510172193;47;255;1510172201;0
32;16;10;5;1;47;1510172223;47;255;1510172231;0
32;16;10;5;1;47;1510172888;47;255;1510172897;0
32;16;10;5;1;47;1510173068;47;255;1510173076;0
32;16;10;5;1;47;1510173136;47;255;1510173144;0
32;16;10;5;1;47;1510173166;47;255;1510173175;0
32;16;10;5;1;47;1510173832;47;255;1510173840;0
32;16;10;5;1;47;1510174009;47;255;1510174018;0
32;16;10;5;1;47;1510174079;47;255;1510174087;1
32;16;10;5;1;47;1510174107;47;255;1510174115;0
32;16;10;5;1;47;1510174776;47;255;1510174784;0
32;16;10;5;1;47;1510174952;47;255;1510174960;0
32;16;10;5;1;47;1510175022;47;255;1510175030;0
32;16;10;5;1;47;1510175048;47;255;1510175057;0
32;16;10;5;1;47;1510175719;47;255;1510175728;0
32;16;10;5;1;47;1510175893;47;255;1510175901;1
32;16;10;5;1;47;1510175964;47;255;1510175972;1
32;16;10;5;1;47;1510175989;47;255;1510175997;0
32;16;10;5;1;47;1510176664;47;255;1510176672;0
32;16;10;5;1;47;1510176835;47;255;1510176843;1
32;16;10;5;1;47;1510176905;47;255;1510176913;0
32;16;10;5;1;47;1510176931;47;255;1510176939;0
32;16;10;5;1;47;1510177606;47;255;1510177614;0
32;16;10;5;1;47;1510177777;47;255;1510177786;0
32;16;10;5;1;47;1510177848;47;255;1510177857;0
32;16;10;5;1;47;1510177871;47;255;1510177879;0
32;16;10;5;1;47;1510178549;47;255;1510178558;0
32;16;10;5;1;47;1510178722;47;255;1510178731;0
32;16;10;5;1;47;1510178789;47;255;1510178797;0
32;16;10;5;1;47;1510178814;47;255;1510178822;0
32;16;10;5;1;47;1510179492;47;255;1510179500;0
32;16;10;5;1;47;1510179665;47;255;1510179673;0
32;16;10;5;1;47;1510179729;47;255;1510179738;0
32;16;10;5;1;47;1510179754;47;255;1510179763;0
32;16;10;5;1;47;1510180435;47;255;1510180443;0
32;16;10;5;1;47;1510180607;47;255;1510180615;0
32;16;10;5;1;47;1510180671;47;255;1510180679;0
32;16;10;5;1;47;1510180698;47;255;1510180706;0
32;16;10;5;1;47;1510181379;47;255;1510181388;1
32;16;10;5;1;47;1510181548;47;255;1510181557;0
32;16;10;5;1;47;1510181613;47;255;1510181622;0
32;16;10;5;1;47;1510181641;47;255;1510181649;1
32;16;10;5;1;47;1510182323;47;255;1510182331;1
32;16;10;5;1;47;1510182492;47;255;1510182500;0
32;16;10;5;1;47;1510182556;47;255;1510182564;1
32;16;10;5;1;47;1510182583;47;255;1510182591;0
32;16;10;5;1;47;1510183267;47;255;1510183275;0
32;16;10;5;1;47;1510183432;47;255;1510183441;0
32;16;10;5;1;47;1510183498;47;255;1510183506;0
32;16;10;5;1;47;1510183524;47;255;1510183532;1
32;16;10;5;1;47;1510184210;47;255;1510184218;0
32;16;10;5;1;47;1510184376;47;255;1510184384;0
32;16;10;5;1;47;1510184439;47;255;1510184448;0
32;16;10;5;1;47;1510184465;47;255;1510184473;0
32;16;10;5;1;47;1510185153;47;255;1510185161;0
32;16;10;5;1;47;1510185319;47;255;1510185327;0
32;16;10;5;1;47;1510185384;47;255;1510185392;0
32;16;10;5;1;47;1510185405;47;255;1510185414;0
32;16;10;5;1;47;1510186095;47;255;1510186103;0
32;16;10;5;1;47;1510186263;47;255;1510186271;0
32;16;10;5;1;47;1510186326;47;255;1510186334;1
32;16;10;5;1;47;1510186348;47;255;1510186357;0
32;16;10;5;1;47;1510187037;47;255;1510187045;0
32;16;10;5;1;47;1510187206;47;255;1510187214;0
32;16;10;5;1;47;1510187265;47;255;1510187273;0
32;16;10;5;1;47;1510187289;47;255;1510187297;0
32;16;10;5;1;47;1510187980;47;255;1510187988;0
32;16;10;5;1;47;1510188148;47;255;1510188157;0
32;16;10;5;1;47;1510188208;47;255;1510188216;1
32;16;10;5;1;47;1510188232;47;255;1510188240;0
32;16;10;5;1;47;1510188920;47;255;1510188928;0
32;16;10;5;1;47;1510189092;47;255;1510189100;1
32;16;10;5;1;47;1510189149;47;255;1510189157;0
32;16;10;5;1;47;1510189176;47;255;1510189184;0
32;16;10;5;1;47;1510189860;47;255;1510189868;0
32;16;10;5;1;47;1510190034;47;255;1510190042;0
32;16;10;5;1;47;1510190090;47;255;1510190098;0
32;16;10;5;1;47;1510190120;47;255;1510190128;0
32;16;10;5;1;47;1510190801;47;255;1510190809;0
32;16;10;5;1;47;1510190976;47;255;1510190984;1
32;16;10;5;1;47;1510191029;47;255;1510191037;0
32;16;10;5;1;47;1510191063;47;255;1510191072;1
32;16;10;5;1;47;1510191743;47;255;1510191751;0
32;16;10;5;1;47;1510191921;47;255;1510191929;1
32;16;10;5;1;47;1510191970;47;255;1510191978;0
32;16;10;5;1;47;1510192006;47;255;1510192014;1
32;16;10;5;1;47;1510192686;47;255;1510192695;0
32;16;10;5;1;47;1510192862;47;255;1510192871;0
32;16;10;5;1;47;1510192911;47;255;1510192920;0
32;16;10;5;1;47;1510192950;47;255;1510192958;0
32;16;10;5;1;47;1510193627;47;255;1510193635;0
32;16;10;5;1;47;1510193804;47;255;1510193813;1
32;16;10;5;1;47;1510193854;47;255;1510193862;0
32;16;10;5;1;47;1510193892;47;255;1510193901;0
32;16;10;5;1;47;1510194567;47;255;1510194576;0
32;16;10;5;1;47;1510194747;47;255;1510194755;0
32;16;10;5;1;47;1510194795;47;255;1510194803;0
32;16;10;5;1;47;1510194835;47;255;1510194843;0
32;16;10;5;1;47;1510195511;47;255;1510195519;0
32;16;10;5;1;47;1510195690;47;255;1510195698;0
32;16;10;5;1;47;1510195738;47;255;1510195746;0
32;16;10;5;1;47;1510195776;47;255;1510195784;0
32;16;10;5;1;47;1510196454;47;255;1510196462;0
32;16;10;5;1;47;1510196634;47;255;1510196642;0
32;16;10;5;1;47;1510196681;47;255;1510196689;0
32;16;10;5;1;47;1510196716;47;255;1510196724;0
32;16;10;5;1;47;1510197397;47;255;1510197405;0
32;16;10;5;1;47;1510197575;47;255;1510197584;0
32;16;10;5;1;47;1510197624;47;255;1510197632;0
32;16;10;5;1;47;1510197657;47;255;1510197665;0
32;16;10;5;1;47;1510198338;47;255;1510198346;0
32;16;10;5;1;47;1510198516;47;255;1510198525;0
32;16;10;5;1;47;1510198569;47;255;1510198578;0
32;16;10;5;1;47;1510198599;47;255;1510198607;0
32;16;10;5;1;47;1510199279;47;255;1510199287;0
32;16;10;5;1;47;1510199457;47;255;1510199465;0
32;16;10;5;1;47;1510199515;47;255;1510199524;0
32;16;10;5;1;47;1510199540;47;255;1510199548;0
32;16;10;5;1;47;1510200221;47;255;1510200230;0
32;16;10;5;1;47;1510200399;47;255;1510200407;0
32;16;10;5;1;47;1510200461;47;255;1510200469;0
32;16;10;5;1;47;1510200480;47;255;1510200488;1
32;16;10;5;1;47;1510201162;47;255;1510201170;0
32;16;10;5;1;47;1510201338;47;255;1510201347;0
32;16;10;5;1;47;1510201404;47;255;1510201412;1
32;16;10;5;1;47;1510201420;47;255;1510201428;0
32;16;10;5;1;47;1510202104;47;255;1510202112;0
32;16;10;5;1;47;1510202281;47;255;1510202290;0
32;16;10;5;1;47;1510202347;47;255;1510202356;1
32;16;10;5;1;47;1510202363;47;255;1510202372;0
32;16;10;5;1;47;1510203046;47;255;1510203054;0
32;16;10;5;1;47;1510203226;47;255;1510203235;0
32;16;10;5;1;47;1510203288;47;255;1510203296;0
32;16;10;5;1;47;1510203307;47;255;1510203315;0
32;16;10;5;1;47;1510203987;47;255;1510203995;0
32;16;10;5;1;47;1510204169;47;255;1510204177;0
32;16;10;5;1;47;1510204230;47;255;1510204238;0
32;16;10;5;1;47;1510204252;47;255;1510204260;0
32;16;10;5;1;47;1510204929;47;255;1510204937;0
32;16;10;5;1;47;1510205108;47;255;1510205117;0
32;16;10;5;1;47;1510205173;47;255;1510205181;0
32;16;10;5;1;47;1510205195;47;255;1510205203;0
32;16;10;5;1;47;1510205872;47;255;1510205880;0
32;16;10;5;1;47;1510206051;47;255;1510206059;0
32;16;10;5;1;47;1510206117;47;255;1510206125;0
32;16;10;5;1;47;1510206139;47;255;1510206147;0
32;16;10;5;1;47;1510206814;47;255;1510206822;0
32;16;10;5;1;47;1510206993;47;255;1510207001;0
32;16;10;5;1;47;1510207060;47;255;1510207068;0
32;16;10;5;1;47;1510207081;47;255;1510207090;1
32;16;10;5;1;47;1510207756;47;255;1510207764;0
32;16;10;5;1;47;1510207936;47;255;1510207944;1
32;16;10;5;1;47;1510208002;47;255;1510208011;0
32;16;10;5;1;47;1510208022;47;255;1510208031;0
32;16;10;5;1;47;1510208696;47;255;1510208704;0
32;16;10;5;1;47;1510208878;47;255;1510208887;1
32;16;10;5;1;47;1510208943;47;255;1510208951;0
32;16;10;5;1;47;1510208964;47;255;1510208972;0
32;16;10;5;1;47;1510209638;47;255;1510209646;0
32;16;10;5;1;47;1510209821;47;255;1510209829;0
32;16;10;5;1;47;1510209887;47;255;1510209895;0
32;16;10;5;1;47;1510209907;47;255;1510209915;0
32;16;10;5;1;47;1510210582;47;255;1510210590;0
32;16;10;5;1;47;1510210761;47;255;1510210769;1
32;16;10;5;1;47;1510210830;47;255;1510210838;1
32;16;10;5;1;47;1510210851;47;255;1510210859;0
32;16;10;5;1;47;1510211524;47;255;1510211532;0
32;16;10;5;1;47;1510211703;47;255;1510211711;0
32;16;10;5;1;47;1510211770;47;255;1510211778;0
32;16;10;5;1;47;1510211792;47;255;1510211800;0
32;16;10;5;1;47;1510212466;47;255;1510212475;0
32;16;10;5;1;47;1510212645;47;255;1510212653;0
32;16;10;5;1;47;1510212710;47;255;1510212719;0
32;16;10;5;1;47;1510212734;47;255;1510212742;1
32;16;10;5;1;47;1510213409;47;255;1510213417;0
32;16;10;5;1;47;1510213588;47;255;1510213596;0
32;16;10;5;1;47;1510213655;47;255;1510213663;0
32;16;10;5;1;47;1510213677;47;255;1510213685;0
32;16;10;5;1;47;1510214351;47;255;1510214360;0
32;16;10;5;1;47;1510214531;47;255;1510214539;0
32;16;10;5;1;47;1510214596;47;255;1510214604;0
32;16;10;5;1;47;1510214621;47;255;1510214629;0
32;16;10;5;1;47;1510215294;47;255;1510215302;0
32;16;10;5;1;47;1510215471;47;255;1510215479;1
32;16;10;5;1;47;1510215537;47;255;1510215545;0
32;16;10;5;1;47;1510215564;47;255;1510215573;0
32;16;10;5;1;47;1510216235;47;255;1510216243;0
32;16;10;5;1;47;1510216413;47;255;1510216421;0
32;16;10;5;1;47;1510216479;47;255;1510216487;0
32;16;10;5;1;47;1510216507;47;255;1510216515;0
32;16;10;5;1;47;1510217179;47;255;1510217187;0
32;16;10;5;1;47;1510217354;47;255;1510217362;0
32;16;10;5;1;47;1510217420;47;255;1510217428;0
32;16;10;5;1;47;1510217451;47;255;1510217459;0
32;16;10;5;1;47;1510218121;47;255;1510218129;0
32;16;10;5;1;47;1510218297;47;255;1510218306;0
32;16;10;5;1;47;1510218363;47;255;1510218371;0
32;16;10;5;1;47;1510218393;47;255;1510218401;0
32;16;10;5;1;47;1510219072;47;255;1510219081;0
32;16;10;5;1;47;1510219266;47;255;1510219275;0
32;16;10;5;1;47;1510219322;47;255;1510219331;1
32;16;10;5;1;47;1510219359;47;255;1510219367;0
32;16;10;5;1;47;1510220079;47;255;1510220088;0
32;16;10;5;1;47;1510220276;47;255;1510220285;0
32;16;10;5;1;47;1510220334;47;255;1510220343;0
32;16;10;5;1;47;1510220366;47;255;1510220375;0
32;16;10;5;1;47;1510221085;47;255;1510221094;0
32;16;10;5;1;47;1510221269;47;255;1510221278;0
32;16;10;5;1;47;1510221315;47;255;1510221323;0
32;16;10;5;1;47;1510221364;47;255;1510221373;1
32;16;10;5;1;47;1510222065;47;255;1510222075;0
32;16;10;5;1;47;1510222263;47;255;1510222272;0
32;16;10;5;1;47;1510222316;47;255;1510222325;1
32;16;10;5;1;47;1510222384;47;255;1510222393;0
32;16;10;5;1;47;1510223076;47;255;1510223086;0
32;16;10;5;1;47;1510223276;47;255;1510223284;0
32;16;10;5;1;47;1510223328;47;255;1510223337;0
32;16;10;5;1;47;1510223394;47;255;1510223402;0
32;16;10;5;1;47;1510224095;47;255;1510224104;0
32;16;10;5;1;47;1510224285;47;255;1510224293;0
32;16;10;5;1;47;1510224346;47;255;1510224354;0
32;16;10;5;1;47;1510224404;47;255;1510224412;0
32;16;10;5;1;47;1510225099;47;255;1510225107;1
32;16;10;5;1;47;1510225289;47;255;1510225298;1
32;16;10;5;1;47;1510225346;47;255;1510225355;0
32;16;10;5;1;47;1510225395;47;255;1510225403;0
32;16;10;5;1;47;1510226104;47;255;1510226113;0
32;16;10;5;1;47;1510226301;47;255;1510226310;0
32;16;10;5;1;47;1510226352;47;255;1510226360;0
32;16;10;5;1;47;1510226405;47;255;1510226413;1
32;16;10;5;1;47;1510227116;47;255;1510227126;0
32;16;10;5;1;47;1510253087;47;255;1510253095;0
32;16;10;5;1;47;1510253089;47;255;1510253098;1
32;16;10;5;1;47;1510253096;47;255;1510253105;0
32;16;10;5;1;47;1510253097;47;255;1510253106;1
32;16;10;5;1;47;1510254043;47;255;1510254051;0
32;16;10;5;1;47;1510254046;47;255;1510254054;0
32;16;10;5;1;47;1510254048;47;255;1510254056;0
32;16;10;5;1;47;1510254067;47;255;1510254075;0
32;16;10;5;1;47;1510254978;47;255;1510254986;0
32;16;10;5;1;47;1510254978;47;255;1510254986;0
32;16;10;5;1;47;1510254979;47;255;1510254987;0
32;16;10;5;1;47;1510255001;47;255;1510255009;0
32;16;10;5;1;47;1510255910;47;255;1510255918;1
32;16;10;5;1;47;1510255910;47;255;1510255918;0
32;16;10;5;1;47;1510255914;47;255;1510255922;0
32;16;10;5;1;47;1510255935;47;255;1510255944;0
32;16;10;5;1;47;1510256840;47;255;1510256848;0
32;16;10;5;1;47;1510256842;47;255;1510256850;0
32;16;10;5;1;47;1510256849;47;255;1510256858;0
32;16;10;5;1;47;1510256870;47;255;1510256878;0
32;16;10;5;1;47;1510257771;47;255;1510257779;0
32;16;10;5;1;47;1510257774;47;255;1510257782;0
32;16;10;5;1;47;1510257785;47;255;1510257793;0
32;16;10;5;1;47;1510257805;47;255;1510257814;0
32;16;10;5;1;47;1510258702;47;255;1510258710;0
32;16;10;5;1;47;1510258706;47;255;1510258714;0
32;16;10;5;1;47;1510258720;47;255;1510258729;0
32;16;10;5;1;47;1510258740;47;255;1510258749;0
32;16;10;5;1;47;1510259633;47;255;1510259641;0
32;16;10;5;1;47;1510259637;47;255;1510259645;1
32;16;10;5;1;47;1510259656;47;255;1510259664;0
32;16;10;5;1;47;1510259675;47;255;1510259683;0
32;16;10;5;1;47;1510260563;47;255;1510260572;0
32;16;10;5;1;47;1510260570;47;255;1510260578;0
32;16;10;5;1;47;1510260592;47;255;1510260600;0
32;16;10;5;1;47;1510260610;47;255;1510260618;0
32;16;10;5;1;47;1510261496;47;255;1510261504;0
32;16;10;5;1;47;1510261502;47;255;1510261510;1
32;16;10;5;1;47;1510261528;47;255;1510261536;0
32;16;10;5;1;47;1510261546;47;255;1510261554;0
32;16;10;5;1;47;1510262427;47;255;1510262435;0
32;16;10;5;1;47;1510262433;47;255;1510262441;0
32;16;10;5;1;47;1510262463;47;255;1510262471;1
32;16;10;5;1;47;1510262481;47;255;1510262490;1
32;16;10;5;1;47;1510263358;47;255;1510263366;0
32;16;10;5;1;47;1510263365;47;255;1510263373;0
32;16;10;5;1;47;1510263398;47;255;1510263406;0
32;16;10;5;1;47;1510263417;47;255;1510263425;0
32;16;10;5;1;47;1510264288;47;255;1510264296;0
32;16;10;5;1;47;1510264297;47;255;1510264305;1
32;16;10;5;1;47;1510264335;47;255;1510264343;0
32;16;10;5;1;47;1510264352;47;255;1510264360;1
32;16;10;5;1;47;1510265221;47;255;1510265229;1
32;16;10;5;1;47;1510265228;47;255;1510265236;0
32;16;10;5;1;47;1510265271;47;255;1510265279;0
32;16;10;5;1;47;1510265287;47;255;1510265295;0
32;16;10;5;1;47;1510266151;47;255;1510266159;0
32;16;10;5;1;47;1510266159;47;255;1510266167;0
32;16;10;5;1;47;1510266207;47;255;1510266215;0
32;16;10;5;1;47;1510266222;47;255;1510266230;0
32;16;10;5;1;47;1510267082;47;255;1510267090;0
32;16;10;5;1;47;1510267091;47;255;1510267099;0
32;16;10;5;1;47;1510267143;47;255;1510267151;0
32;16;10;5;1;47;1510267157;47;255;1510267165;0
32;16;10;5;1;47;1510268013;47;255;1510268021;0
32;16;10;5;1;47;1510268022;47;255;1510268031;0
32;16;10;5;1;47;1510268081;47;255;1510268089;0
32;16;10;5;1;47;1510268092;47;255;1510268100;1
32;16;10;5;1;47;1510268944;47;255;1510268952;0
32;16;10;5;1;47;1510268954;47;255;1510268962;0
32;16;10;5;1;47;1510269018;47;255;1510269026;1
32;16;10;5;1;47;1510269027;47;255;1510269035;0
32;16;10;5;1;47;1510269875;47;255;1510269883;0
32;16;10;5;1;47;1510269886;47;255;1510269894;0
32;16;10;5;1;47;1510269954;47;255;1510269963;0
32;16;10;5;1;47;1510269963;47;255;1510269971;0
32;16;10;5;1;47;1510270806;47;255;1510270814;0
32;16;10;5;1;47;1510270819;47;255;1510270827;1
32;16;10;5;1;47;1510270892;47;255;1510270900;0
32;16;10;5;1;47;1510270898;47;255;1510270906;0
32;16;10;5;1;47;1510271737;47;255;1510271745;0
32;16;10;5;1;47;1510271753;47;255;1510271762;0
32;16;10;5;1;47;1510271826;47;255;1510271835;0
32;16;10;5;1;47;1510271834;47;255;1510271842;0
32;16;10;5;1;47;1510272670;47;255;1510272678;0
32;16;10;5;1;47;1510272690;47;255;1510272698;0
32;16;10;5;1;47;1510272758;47;255;1510272766;0
32;16;10;5;1;47;1510272769;47;255;1510272777;0
32;16;10;5;1;47;1510273600;47;255;1510273609;0
32;16;10;5;1;47;1510273627;47;255;1510273635;0
32;16;10;5;1;47;1510273689;47;255;1510273698;0
32;16;10;5;1;47;1510273706;47;255;1510273714;0
32;16;10;5;1;47;1510274531;47;255;1510274539;0
32;16;10;5;1;47;1510274563;47;255;1510274571;0
32;16;10;5;1;47;1510274621;47;255;1510274629;0
32;16;10;5;1;47;1510274642;47;255;1510274650;0
32;16;10;5;1;47;1510275462;47;255;1510275470;1
32;16;10;5;1;47;1510275500;47;255;1510275508;0
32;16;10;5;1;47;1510275554;47;255;1510275562;0
32;16;10;5;1;47;1510275576;47;255;1510275584;0
32;16;10;5;1;47;1510276393;47;255;1510276402;0
32;16;10;5;1;47;1510276436;47;255;1510276445;1
32;16;10;5;1;47;1510276491;47;255;1510276499;0
32;16;10;5;1;47;1510276508;47;255;1510276516;0
32;16;10;5;1;47;1510277326;47;255;1510277334;0
32;16;10;5;1;47;1510277373;47;255;1510277382;0
32;16;10;5;1;47;1510277426;47;255;1510277434;0
32;16;10;5;1;47;1510277439;47;255;1510277447;0
32;16;10;5;1;47;1510278257;47;255;1510278265;0
32;16;10;5;1;47;1510278310;47;255;1510278318;1
32;16;10;5;1;47;1510278362;47;255;1510278370;0
32;16;10;5;1;47;1510278371;47;255;1510278379;0
32;16;10;5;1;47;1510279188;47;255;1510279196;0
32;16;10;5;1;47;1510279247;47;255;1510279255;1
32;16;10;5;1;47;1510279298;47;255;1510279306;0
32;16;10;5;1;47;1510279302;47;255;1510279310;0
32;16;10;5;1;47;1510280118;47;255;1510280127;1
32;16;10;5;1;47;1510280184;47;255;1510280192;0
32;16;10;5;1;47;1510280234;47;255;1510280242;0
32;16;10;5;1;47;1510280234;47;255;1510280242;0
32;16;10;5;1;47;1510281049;47;255;1510281057;0
32;16;10;5;1;47;1510281121;47;255;1510281129;0
32;16;10;5;1;47;1510281165;47;255;1510281173;0
32;16;10;5;1;47;1510281170;47;255;1510281178;0
32;16;10;5;1;47;1510281980;47;255;1510281988;0
32;16;10;5;1;47;1510282059;47;255;1510282068;0
32;16;10;5;1;47;1510282097;47;255;1510282105;0
32;16;10;5;1;47;1510282105;47;255;1510282113;1
32;16;10;5;1;47;1510282911;47;255;1510282919;0
32;16;10;5;1;47;1510282999;47;255;1510283007;0
32;16;10;5;1;47;1510283028;47;255;1510283036;0
32;16;10;5;1;47;1510283040;47;255;1510283049;0
32;16;10;5;1;47;1510283842;47;255;1510283850;0
32;16;10;5;1;47;1510283936;47;255;1510283944;0
32;16;10;5;1;47;1510283960;47;255;1510283968;0
32;16;10;5;1;47;1510283976;47;255;1510283984;0
32;16;10;5;1;47;1510284772;47;255;1510284781;0
32;16;10;5;1;47;1510284874;47;255;1510284882;1
32;16;10;5;1;47;1510284891;47;255;1510284899;0
32;16;10;5;1;47;1510284911;47;255;1510284919;0
32;16;10;5;1;47;1510285703;47;255;1510285711;0
32;16;10;5;1;47;1510285812;47;255;1510285820;0
32;16;10;5;1;47;1510285826;47;255;1510285835;0
32;16;10;5;1;47;1510285842;47;255;1510285850;1
32;16;10;5;1;47;1510286634;47;255;1510286642;0
32;16;10;5;1;47;1510286749;47;255;1510286757;1
32;16;10;5;1;47;1510286764;47;255;1510286772;0
32;16;10;5;1;47;1510286774;47;255;1510286782;1
32;16;10;5;1;47;1510287565;47;255;1510287573;1
32;16;10;5;1;47;1510287686;47;255;1510287694;0
32;16;10;5;1;47;1510287700;47;255;1510287708;0
32;16;10;5;1;47;1510287706;47;255;1510287714;0
32;16;10;5;1;47;1510288497;47;255;1510288505;1
32;16;10;5;1;47;1510288624;47;255;1510288632;1
32;16;10;5;1;47;1510288635;47;255;1510288643;0
32;16;10;5;1;47;1510288637;47;255;1510288645;1
32;16;10;5;1;47;1510289429;47;255;1510289437;0
32;16;10;5;1;47;1510289562;47;255;1510289570;1
32;16;10;5;1;47;1510289569;47;255;1510289577;0
32;16;10;5;1;47;1510289570;47;255;1510289578;0
32;16;10;5;1;47;1510290362;47;255;1510290370;0
32;16;10;5;1;47;1510290500;47;255;1510290508;0
32;16;10;5;1;47;1510290501;47;255;1510290509;1
32;16;10;5;1;47;1510290504;47;255;1510290512;0
32;16;10;5;1;47;1510291294;47;255;1510291302;0
32;16;10;5;1;47;1510291433;47;255;1510291441;0
32;16;10;5;1;47;1510291438;47;255;1510291446;0
32;16;10;5;1;47;1510291440;47;255;1510291448;1
32;16;10;5;1;47;1510292226;47;255;1510292235;0
32;16;10;5;1;47;1510292364;47;255;1510292372;0
32;16;10;5;1;47;1510292374;47;255;1510292382;0
32;16;10;5;1;47;1510292376;47;255;1510292384;0
32;16;10;5;1;47;1510293159;47;255;1510293167;0
32;16;10;5;1;47;1510293295;47;255;1510293304;0
32;16;10;5;1;47;1510293309;47;255;1510293317;0
32;16;10;5;1;47;1510293313;47;255;1510293321;1
32;16;10;5;1;47;1510294091;47;255;1510294099;0
32;16;10;5;1;47;1510294228;47;255;1510294236;0
32;16;10;5;1;47;1510294243;47;255;1510294251;0
32;16;10;5;1;47;1510294253;47;255;1510294261;0
32;16;10;5;1;47;1510295024;47;255;1510295032;0
32;16;10;5;1;47;1510295159;47;255;1510295168;0
32;16;10;5;1;47;1510295177;47;255;1510295186;0
32;16;10;5;1;47;1510295191;47;255;1510295199;0
32;16;10;5;1;47;1510295957;47;255;1510295965;0
32;16;10;5;1;47;1510296091;47;255;1510296099;0
32;16;10;5;1;47;1510296112;47;255;1510296120;0
32;16;10;5;1;47;1510296129;47;255;1510296137;0
32;16;10;5;1;47;1510296890;47;255;1510296898;0
32;16;10;5;1;47;1510297024;47;255;1510297032;0
32;16;10;5;1;47;1510297047;47;255;1510297055;1
32;16;10;5;1;47;1510297067;47;255;1510297075;1
32;16;10;5;1;47;1510297823;47;255;1510297831;0
32;16;10;5;1;47;1510297955;47;255;1510297963;1
32;16;10;5;1;47;1510297982;47;255;1510297990;0
32;16;10;5;1;47;1510298004;47;255;1510298012;0
32;16;10;5;1;47;1510298755;47;255;1510298763;0
32;16;10;5;1;47;1510298887;47;255;1510298895;0
32;16;10;5;1;47;1510298918;47;255;1510298926;1
32;16;10;5;1;47;1510298942;47;255;1510298951;0
32;16;10;5;1;47;1510299687;47;255;1510299695;0
32;16;10;5;1;47;1510299818;47;255;1510299826;0
32;16;10;5;1;47;1510299852;47;255;1510299861;0
32;16;10;5;1;47;1510299881;47;255;1510299889;0
32;16;10;5;1;47;1510300620;47;255;1510300628;1
32;16;10;5;1;47;1510300750;47;255;1510300758;0
32;16;10;5;1;47;1510300788;47;255;1510300796;1
32;16;10;5;1;47;1510300818;47;255;1510300827;1
32;16;10;5;1;47;1510301554;47;255;1510301562;0
32;16;10;5;1;47;1510301683;47;255;1510301691;0
32;16;10;5;1;47;1510301727;47;255;1510301735;0
32;16;10;5;1;47;1510301753;47;255;1510301761;0
32;16;10;5;1;47;1510302486;47;255;1510302494;0
32;16;10;5;1;47;1510302614;47;255;1510302622;0
32;16;10;5;1;47;1510302665;47;255;1510302673;0
32;16;10;5;1;47;1510302688;47;255;1510302697;0
32;16;10;5;1;47;1510303458;47;255;1510303468;0
32;16;10;5;1;47;1510303607;47;255;1510303617;0
32;16;10;5;1;47;1510303655;47;255;1510303664;0
32;16;10;5;1;47;1510303687;47;255;1510303696;0
32;16;10;5;1;47;1510304433;47;255;1510304442;0
32;16;10;5;1;47;1510304576;47;255;1510304584;0
32;16;10;5;1;47;1510304623;47;255;1510304632;1
32;16;10;5;1;47;1510304675;47;255;1510304684;0
32;16;10;5;1;47;1510305407;47;255;1510305416;1
32;16;10;5;1;47;1510305531;47;255;1510305540;0
32;16;10;5;1;47;1510305587;47;255;1510305596;0
32;16;10;5;1;47;1510305642;47;255;1510305650;0
32;16;10;5;1;47;1510306381;47;255;1510306390;0
32;16;10;5;1;47;1510306530;47;255;1510306539;0
32;16;10;5;1;47;1510306581;47;255;1510306590;1
32;16;10;5;1;47;1510306668;47;255;1510306676;0
