32;16;10;5;1;48;1509981796;48;255;1509981804;1
32;16;10;5;1;48;1509981865;48;255;1509981874;0
32;16;10;5;1;48;1509981932;48;255;1509981940;0
32;16;10;5;1;48;1509982043;48;255;1509982052;0
32;16;10;5;1;48;1509982788;48;255;1509982797;0
32;16;10;5;1;48;1509982846;48;255;1509982854;0
32;16;10;5;1;48;1509982914;48;255;1509982923;0
32;16;10;5;1;48;1509983018;48;255;1509983027;0
32;16;10;5;1;48;1509983731;48;255;1509983739;0
32;16;10;5;1;48;1509983790;48;255;1509983798;1
32;16;10;5;1;48;1509983858;48;255;1509983867;0
32;16;10;5;1;48;1509983969;48;255;1509983977;0
32;16;10;5;1;48;1509984675;48;255;1509984683;0
32;16;10;5;1;48;1509984730;48;255;1509984739;0
32;16;10;5;1;48;1509984800;48;255;1509984808;0
32;16;10;5;1;48;1509984908;48;255;1509984916;0
32;16;10;5;1;48;1509985615;48;255;1509985623;0
32;16;10;5;1;48;1509985671;48;255;1509985679;1
32;16;10;5;1;48;1509985743;48;255;1509985751;0
32;16;10;5;1;48;1509985850;48;255;1509985858;0
32;16;10;5;1;48;1509986555;48;255;1509986564;0
32;16;10;5;1;48;1509986613;48;255;1509986622;0
32;16;10;5;1;48;1509986683;48;255;1509986691;0
32;16;10;5;1;48;1509986794;48;255;1509986802;1
32;16;10;5;1;48;1509987496;48;255;1509987504;1
32;16;10;5;1;48;1509987558;48;255;1509987566;0
32;16;10;5;1;48;1509987622;48;255;1509987630;0
32;16;10;5;1;48;1509987736;48;255;1509987744;0
32;16;10;5;1;48;1509988439;48;255;1509988447;0
32;16;10;5;1;48;1509988500;48;255;1509988508;0
32;16;10;5;1;48;1509988562;48;255;1509988570;0
32;16;10;5;1;48;1509988678;48;255;1509988686;0
32;16;10;5;1;48;1509989380;48;255;1509989388;0
32;16;10;5;1;48;1509989442;48;255;1509989450;1
32;16;10;5;1;48;1509989507;48;255;1509989516;0
32;16;10;5;1;48;1509989619;48;255;1509989627;0
32;16;10;5;1;48;1509990321;48;255;1509990329;0
32;16;10;5;1;48;1509990385;48;255;1509990394;0
32;16;10;5;1;48;1509990447;48;255;1509990455;0
32;16;10;5;1;48;1509990561;48;255;1509990569;0
32;16;10;5;1;48;1509991263;48;255;1509991272;0
32;16;10;5;1;48;1509991324;48;255;1509991332;0
32;16;10;5;1;48;1509991387;48;255;1509991396;1
32;16;10;5;1;48;1509991504;48;255;1509991512;0
32;16;10;5;1;48;1509992205;48;255;1509992214;0
32;16;10;5;1;48;1509992266;48;255;1509992274;1
32;16;10;5;1;48;1509992327;48;255;1509992335;0
32;16;10;5;1;48;1509992445;48;255;1509992453;0
32;16;10;5;1;48;1509993148;48;255;1509993157;0
32;16;10;5;1;48;1509993208;48;255;1509993216;0
32;16;10;5;1;48;1509993268;48;255;1509993276;1
32;16;10;5;1;48;1509993387;48;255;1509993395;0
32;16;10;5;1;48;1509994089;48;255;1509994097;0
32;16;10;5;1;48;1509994149;48;255;1509994157;0
32;16;10;5;1;48;1509994210;48;255;1509994218;0
32;16;10;5;1;48;1509994329;48;255;1509994337;0
32;16;10;5;1;48;1509995031;48;255;1509995039;0
32;16;10;5;1;48;1509995089;48;255;1509995098;0
32;16;10;5;1;48;1509995150;48;255;1509995158;1
32;16;10;5;1;48;1509995269;48;255;1509995278;0
32;16;10;5;1;48;1509995978;48;255;1509995986;0
32;16;10;5;1;48;1509996032;48;255;1509996041;0
32;16;10;5;1;48;1509996108;48;255;1509996117;1
32;16;10;5;1;48;1509996211;48;255;1509996219;0
32;16;10;5;1;48;1509996920;48;255;1509996928;0
32;16;10;5;1;48;1509996973;48;255;1509996981;0
32;16;10;5;1;48;1509997050;48;255;1509997058;0
32;16;10;5;1;48;1509997153;48;255;1509997161;0
32;16;10;5;1;48;1509997861;48;255;1509997869;0
32;16;10;5;1;48;1509997918;48;255;1509997926;0
32;16;10;5;1;48;1509997992;48;255;1509998000;1
32;16;10;5;1;48;1509998093;48;255;1509998102;0
32;16;10;5;1;48;1509998803;48;255;1509998811;0
32;16;10;5;1;48;1509998857;48;255;1509998865;0
32;16;10;5;1;48;1509998931;48;255;1509998940;0
32;16;10;5;1;48;1509999035;48;255;1509999043;1
32;16;10;5;1;48;1509999747;48;255;1509999755;0
32;16;10;5;1;48;1509999800;48;255;1509999808;0
32;16;10;5;1;48;1509999871;48;255;1509999879;0
32;16;10;5;1;48;1509999975;48;255;1509999983;1
32;16;10;5;1;48;1510000689;48;255;1510000697;0
32;16;10;5;1;48;1510000743;48;255;1510000751;0
32;16;10;5;1;48;1510000812;48;255;1510000820;1
32;16;10;5;1;48;1510000913;48;255;1510000922;0
32;16;10;5;1;48;1510001630;48;255;1510001639;0
32;16;10;5;1;48;1510001687;48;255;1510001696;0
32;16;10;5;1;48;1510001751;48;255;1510001760;0
32;16;10;5;1;48;1510001855;48;255;1510001863;1
32;16;10;5;1;48;1510002571;48;255;1510002579;0
32;16;10;5;1;48;1510002632;48;255;1510002640;1
32;16;10;5;1;48;1510002694;48;255;1510002702;0
32;16;10;5;1;48;1510002795;48;255;1510002803;0
32;16;10;5;1;48;1510003513;48;255;1510003521;0
32;16;10;5;1;48;1510003572;48;255;1510003580;0
32;16;10;5;1;48;1510003636;48;255;1510003644;0
32;16;10;5;1;48;1510003737;48;255;1510003746;1
32;16;10;5;1;48;1510004452;48;255;1510004461;0
32;16;10;5;1;48;1510004512;48;255;1510004520;0
32;16;10;5;1;48;1510004581;48;255;1510004590;1
32;16;10;5;1;48;1510004679;48;255;1510004687;0
32;16;10;5;1;48;1510005395;48;255;1510005403;0
32;16;10;5;1;48;1510005454;48;255;1510005462;1
32;16;10;5;1;48;1510005522;48;255;1510005530;0
32;16;10;5;1;48;1510005620;48;255;1510005628;0
32;16;10;5;1;48;1510006334;48;255;1510006342;0
32;16;10;5;1;48;1510006393;48;255;1510006401;0
32;16;10;5;1;48;1510006467;48;255;1510006475;0
32;16;10;5;1;48;1510006561;48;255;1510006570;1
32;16;10;5;1;48;1510007275;48;255;1510007283;1
32;16;10;5;1;48;1510007333;48;255;1510007342;0
32;16;10;5;1;48;1510007412;48;255;1510007421;0
32;16;10;5;1;48;1510007501;48;255;1510007509;0
32;16;10;5;1;48;1510008215;48;255;1510008223;0
32;16;10;5;1;48;1510008273;48;255;1510008281;1
32;16;10;5;1;48;1510008352;48;255;1510008360;0
32;16;10;5;1;48;1510008445;48;255;1510008454;0
32;16;10;5;1;48;1510009157;48;255;1510009165;0
32;16;10;5;1;48;1510009215;48;255;1510009223;0
32;16;10;5;1;48;1510009294;48;255;1510009302;0
32;16;10;5;1;48;1510009387;48;255;1510009396;0
32;16;10;5;1;48;1510010098;48;255;1510010107;0
32;16;10;5;1;48;1510010155;48;255;1510010163;0
32;16;10;5;1;48;1510010235;48;255;1510010243;0
32;16;10;5;1;48;1510010331;48;255;1510010339;0
32;16;10;5;1;48;1510011038;48;255;1510011047;0
32;16;10;5;1;48;1510011098;48;255;1510011106;0
32;16;10;5;1;48;1510011176;48;255;1510011184;1
32;16;10;5;1;48;1510011272;48;255;1510011280;0
32;16;10;5;1;48;1510011978;48;255;1510011986;1
32;16;10;5;1;48;1510012041;48;255;1510012050;1
32;16;10;5;1;48;1510012119;48;255;1510012127;0
32;16;10;5;1;48;1510012211;48;255;1510012219;0
32;16;10;5;1;48;1510012922;48;255;1510012930;0
32;16;10;5;1;48;1510012984;48;255;1510012992;0
32;16;10;5;1;48;1510013059;48;255;1510013067;0
32;16;10;5;1;48;1510013153;48;255;1510013162;0
32;16;10;5;1;48;1510013862;48;255;1510013871;0
32;16;10;5;1;48;1510013927;48;255;1510013936;0
32;16;10;5;1;48;1510014000;48;255;1510014008;0
32;16;10;5;1;48;1510014096;48;255;1510014104;1
32;16;10;5;1;48;1510014805;48;255;1510014814;0
32;16;10;5;1;48;1510014868;48;255;1510014876;0
32;16;10;5;1;48;1510014940;48;255;1510014948;1
32;16;10;5;1;48;1510015037;48;255;1510015045;1
32;16;10;5;1;48;1510015747;48;255;1510015755;0
32;16;10;5;1;48;1510015809;48;255;1510015817;0
32;16;10;5;1;48;1510015882;48;255;1510015890;0
32;16;10;5;1;48;1510015978;48;255;1510015986;0
32;16;10;5;1;48;1510016687;48;255;1510016695;0
32;16;10;5;1;48;1510016752;48;255;1510016760;0
32;16;10;5;1;48;1510016822;48;255;1510016830;0
32;16;10;5;1;48;1510016920;48;255;1510016928;0
32;16;10;5;1;48;1510017628;48;255;1510017637;0
32;16;10;5;1;48;1510017695;48;255;1510017703;1
32;16;10;5;1;48;1510017764;48;255;1510017772;1
32;16;10;5;1;48;1510017860;48;255;1510017869;0
32;16;10;5;1;48;1510018569;48;255;1510018577;0
32;16;10;5;1;48;1510018638;48;255;1510018646;1
32;16;10;5;1;48;1510018705;48;255;1510018713;0
32;16;10;5;1;48;1510018802;48;255;1510018811;1
32;16;10;5;1;48;1510019511;48;255;1510019520;0
32;16;10;5;1;48;1510019580;48;255;1510019589;0
32;16;10;5;1;48;1510019644;48;255;1510019652;0
32;16;10;5;1;48;1510019744;48;255;1510019752;0
32;16;10;5;1;48;1510020451;48;255;1510020460;0
32;16;10;5;1;48;1510020525;48;255;1510020533;0
32;16;10;5;1;48;1510020586;48;255;1510020594;0
32;16;10;5;1;48;1510020683;48;255;1510020691;0
32;16;10;5;1;48;1510021392;48;255;1510021400;0
32;16;10;5;1;48;1510021465;48;255;1510021474;0
32;16;10;5;1;48;1510021527;48;255;1510021535;0
32;16;10;5;1;48;1510021626;48;255;1510021635;1
32;16;10;5;1;48;1510022333;48;255;1510022341;0
32;16;10;5;1;48;1510022406;48;255;1510022415;0
32;16;10;5;1;48;1510022468;48;255;1510022476;1
32;16;10;5;1;48;1510022567;48;255;1510022575;0
32;16;10;5;1;48;1510023274;48;255;1510023283;1
32;16;10;5;1;48;1510023347;48;255;1510023355;0
32;16;10;5;1;48;1510023414;48;255;1510023422;0
32;16;10;5;1;48;1510023508;48;255;1510023516;0
32;16;10;5;1;48;1510024217;48;255;1510024225;0
32;16;10;5;1;48;1510024287;48;255;1510024296;0
32;16;10;5;1;48;1510024355;48;255;1510024363;0
32;16;10;5;1;48;1510024449;48;255;1510024457;0
32;16;10;5;1;48;1510025161;48;255;1510025169;1
32;16;10;5;1;48;1510025228;48;255;1510025236;0
32;16;10;5;1;48;1510025297;48;255;1510025306;0
32;16;10;5;1;48;1510025389;48;255;1510025397;0
32;16;10;5;1;48;1510026104;48;255;1510026112;0
32;16;10;5;1;48;1510026169;48;255;1510026177;0
32;16;10;5;1;48;1510026238;48;255;1510026246;0
32;16;10;5;1;48;1510026330;48;255;1510026338;0
32;16;10;5;1;48;1510027044;48;255;1510027052;0
32;16;10;5;1;48;1510027109;48;255;1510027117;0
32;16;10;5;1;48;1510027182;48;255;1510027190;0
32;16;10;5;1;48;1510027271;48;255;1510027279;1
32;16;10;5;1;48;1510027986;48;255;1510027994;0
32;16;10;5;1;48;1510028051;48;255;1510028059;0
32;16;10;5;1;48;1510028122;48;255;1510028130;0
32;16;10;5;1;48;1510028210;48;255;1510028218;0
32;16;10;5;1;48;1510028928;48;255;1510028936;0
32;16;10;5;1;48;1510028995;48;255;1510029003;0
32;16;10;5;1;48;1510029064;48;255;1510029073;0
32;16;10;5;1;48;1510029150;48;255;1510029159;0
32;16;10;5;1;48;1510029869;48;255;1510029877;1
32;16;10;5;1;48;1510029936;48;255;1510029944;0
32;16;10;5;1;48;1510030006;48;255;1510030014;0
32;16;10;5;1;48;1510030090;48;255;1510030099;0
32;16;10;5;1;48;1510030811;48;255;1510030819;0
32;16;10;5;1;48;1510030878;48;255;1510030886;0
32;16;10;5;1;48;1510030951;48;255;1510030959;0
32;16;10;5;1;48;1510031032;48;255;1510031041;0
32;16;10;5;1;48;1510031752;48;255;1510031760;0
32;16;10;5;1;48;1510031818;48;255;1510031826;0
32;16;10;5;1;48;1510031894;48;255;1510031902;0
32;16;10;5;1;48;1510031974;48;255;1510031982;0
32;16;10;5;1;48;1510032691;48;255;1510032699;0
32;16;10;5;1;48;1510032760;48;255;1510032768;0
32;16;10;5;1;48;1510032836;48;255;1510032844;0
32;16;10;5;1;48;1510032916;48;255;1510032924;1
32;16;10;5;1;48;1510033635;48;255;1510033643;0
32;16;10;5;1;48;1510033700;48;255;1510033708;0
32;16;10;5;1;48;1510033777;48;255;1510033785;0
32;16;10;5;1;48;1510033856;48;255;1510033865;0
32;16;10;5;1;48;1510034577;48;255;1510034585;0
32;16;10;5;1;48;1510034642;48;255;1510034650;0
32;16;10;5;1;48;1510034718;48;255;1510034727;0
32;16;10;5;1;48;1510034797;48;255;1510034806;0
32;16;10;5;1;48;1510035518;48;255;1510035526;0
32;16;10;5;1;48;1510035584;48;255;1510035592;0
32;16;10;5;1;48;1510035659;48;255;1510035667;1
32;16;10;5;1;48;1510035738;48;255;1510035746;0
32;16;10;5;1;48;1510036460;48;255;1510036468;0
32;16;10;5;1;48;1510036526;48;255;1510036535;0
32;16;10;5;1;48;1510036601;48;255;1510036609;0
32;16;10;5;1;48;1510036678;48;255;1510036686;0
32;16;10;5;1;48;1510037403;48;255;1510037411;0
32;16;10;5;1;48;1510037468;48;255;1510037476;0
32;16;10;5;1;48;1510037541;48;255;1510037549;0
32;16;10;5;1;48;1510037618;48;255;1510037626;0
32;16;10;5;1;48;1510038343;48;255;1510038351;0
32;16;10;5;1;48;1510038412;48;255;1510038420;0
32;16;10;5;1;48;1510038481;48;255;1510038489;0
32;16;10;5;1;48;1510038560;48;255;1510038568;0
32;16;10;5;1;48;1510039285;48;255;1510039294;0
32;16;10;5;1;48;1510039353;48;255;1510039361;0
32;16;10;5;1;48;1510039425;48;255;1510039434;0
32;16;10;5;1;48;1510039500;48;255;1510039508;0
32;16;10;5;1;48;1510040226;48;255;1510040234;0
32;16;10;5;1;48;1510040293;48;255;1510040301;0
32;16;10;5;1;48;1510040367;48;255;1510040376;0
32;16;10;5;1;48;1510040440;48;255;1510040449;0
32;16;10;5;1;48;1510041167;48;255;1510041175;1
32;16;10;5;1;48;1510041236;48;255;1510041244;0
32;16;10;5;1;48;1510041311;48;255;1510041319;0
32;16;10;5;1;48;1510041381;48;255;1510041389;0
32;16;10;5;1;48;1510042110;48;255;1510042119;1
32;16;10;5;1;48;1510042177;48;255;1510042185;0
32;16;10;5;1;48;1510042253;48;255;1510042262;1
32;16;10;5;1;48;1510042323;48;255;1510042331;0
32;16;10;5;1;48;1510043050;48;255;1510043058;0
32;16;10;5;1;48;1510043120;48;255;1510043128;0
32;16;10;5;1;48;1510043194;48;255;1510043202;0
32;16;10;5;1;48;1510043264;48;255;1510043273;0
32;16;10;5;1;48;1510043990;48;255;1510043998;0
32;16;10;5;1;48;1510044063;48;255;1510044071;0
32;16;10;5;1;48;1510044134;48;255;1510044142;0
32;16;10;5;1;48;1510044207;48;255;1510044215;1
32;16;10;5;1;48;1510044953;48;255;1510044961;1
32;16;10;5;1;48;1510045023;48;255;1510045032;0
32;16;10;5;1;48;1510045101;48;255;1510045110;0
32;16;10;5;1;48;1510045184;48;255;1510045193;0
32;16;10;5;1;48;1510045968;48;255;1510045976;0
32;16;10;5;1;48;1510046042;48;255;1510046050;0
32;16;10;5;1;48;1510046118;48;255;1510046128;0
32;16;10;5;1;48;1510046189;48;255;1510046198;0
32;16;10;5;1;48;1510046956;48;255;1510046964;0
32;16;10;5;1;48;1510046966;48;255;1510046975;0
32;16;10;5;1;48;1510046976;48;255;1510046984;0
32;16;10;5;1;48;1510046977;48;255;1510046986;0
32;16;10;5;1;48;1510047938;48;255;1510047946;0
32;16;10;5;1;48;1510047952;48;255;1510047961;0
32;16;10;5;1;48;1510047956;48;255;1510047965;0
32;16;10;5;1;48;1510047961;48;255;1510047970;1
32;16;10;5;1;48;1510048900;48;255;1510048909;0
32;16;10;5;1;48;1510048909;48;255;1510048918;0
32;16;10;5;1;48;1510048916;48;255;1510048925;1
32;16;10;5;1;48;1510048928;48;255;1510048936;0
32;16;10;5;1;48;1510049932;48;255;1510049940;1
32;16;10;5;1;48;1510049938;48;255;1510049947;0
32;16;10;5;1;48;1510049955;48;255;1510049964;0
32;16;10;5;1;48;1510050890;48;255;1510050898;0
32;16;10;5;1;48;1510050895;48;255;1510050904;0
32;16;10;5;1;48;1510050912;48;255;1510050920;0
32;16;10;5;1;48;1510051847;48;255;1510051856;0
32;16;10;5;1;48;1510051854;48;255;1510051862;0
32;16;10;5;1;48;1510051872;48;255;1510051881;1
32;16;10;5;1;48;1510052805;48;255;1510052813;0
32;16;10;5;1;48;1510052811;48;255;1510052820;0
32;16;10;5;1;48;1510052829;48;255;1510052837;0
32;16;10;5;1;48;1510053762;48;255;1510053770;0
32;16;10;5;1;48;1510053768;48;255;1510053777;0
32;16;10;5;1;48;1510053787;48;255;1510053795;0
32;16;10;5;1;48;1510054720;48;255;1510054729;0
32;16;10;5;1;48;1510054730;48;255;1510054739;0
32;16;10;5;1;48;1510054748;48;255;1510054757;0
32;16;10;5;1;48;1510055690;48;255;1510055699;0
32;16;10;5;1;48;1510055699;48;255;1510055707;0
32;16;10;5;1;48;1510055720;48;255;1510055729;0
32;16;10;5;1;48;1510056645;48;255;1510056653;1
32;16;10;5;1;48;1510056665;48;255;1510056674;0
32;16;10;5;1;48;1510056693;48;255;1510056701;0
32;16;10;5;1;48;1510057597;48;255;1510057605;0
32;16;10;5;1;48;1510057618;48;255;1510057626;1
32;16;10;5;1;48;1510057645;48;255;1510057654;0
32;16;10;5;1;48;1510058538;48;255;1510058546;1
32;16;10;5;1;48;1510058559;48;255;1510058567;0
32;16;10;5;1;48;1510058586;48;255;1510058594;0
32;16;10;5;1;48;1510059478;48;255;1510059487;0
32;16;10;5;1;48;1510059499;48;255;1510059508;0
32;16;10;5;1;48;1510059527;48;255;1510059535;0
32;16;10;5;1;48;1510060429;48;255;1510060438;0
32;16;10;5;1;48;1510060449;48;255;1510060458;0
32;16;10;5;1;48;1510060480;48;255;1510060488;0
32;16;10;5;1;48;1510061390;48;255;1510061398;1
32;16;10;5;1;48;1510061406;48;255;1510061415;0
32;16;10;5;1;48;1510061441;48;255;1510061450;0
32;16;10;5;1;48;1510062386;48;255;1510062394;0
32;16;10;5;1;48;1510062391;48;255;1510062400;1
32;16;10;5;1;48;1510062435;48;255;1510062443;1
32;16;10;5;1;48;1510063340;48;255;1510063348;1
32;16;10;5;1;48;1510063345;48;255;1510063353;0
32;16;10;5;1;48;1510063388;48;255;1510063396;0
32;16;10;5;1;48;1510064300;48;255;1510064308;0
32;16;10;5;1;48;1510064303;48;255;1510064311;0
32;16;10;5;1;48;1510064351;48;255;1510064359;0
32;16;10;5;1;48;1510065270;48;255;1510065278;0
32;16;10;5;1;48;1510065270;48;255;1510065279;0
32;16;10;5;1;48;1510065320;48;255;1510065329;0
32;16;10;5;1;48;1510066227;48;255;1510066235;0
32;16;10;5;1;48;1510066229;48;255;1510066238;0
32;16;10;5;1;48;1510066280;48;255;1510066288;0
32;16;10;5;1;48;1510067189;48;255;1510067197;0
32;16;10;5;1;48;1510067192;48;255;1510067200;0
32;16;10;5;1;48;1510067245;48;255;1510067253;0
32;16;10;5;1;48;1510068146;48;255;1510068154;0
32;16;10;5;1;48;1510068149;48;255;1510068157;0
32;16;10;5;1;48;1510068202;48;255;1510068210;0
32;16;10;5;1;48;1510069095;48;255;1510069103;0
32;16;10;5;1;48;1510069100;48;255;1510069108;0
32;16;10;5;1;48;1510069150;48;255;1510069159;0
32;16;10;5;1;48;1510070059;48;255;1510070067;0
32;16;10;5;1;48;1510070075;48;255;1510070084;1
32;16;10;5;1;48;1510070118;48;255;1510070127;0
32;16;10;5;1;48;1510071025;48;255;1510071033;0
32;16;10;5;1;48;1510071035;48;255;1510071044;0
32;16;10;5;1;48;1510071085;48;255;1510071093;1
32;16;10;5;1;48;1510071998;48;255;1510072006;0
32;16;10;5;1;48;1510072004;48;255;1510072013;1
32;16;10;5;1;48;1510072046;48;255;1510072054;0
32;16;10;5;1;48;1510072945;48;255;1510072953;1
32;16;10;5;1;48;1510072951;48;255;1510072959;1
32;16;10;5;1;48;1510072992;48;255;1510073000;0
32;16;10;5;1;48;1510073888;48;255;1510073897;0
32;16;10;5;1;48;1510073894;48;255;1510073902;0
32;16;10;5;1;48;1510073935;48;255;1510073943;0
32;16;10;5;1;48;1510074831;48;255;1510074840;0
32;16;10;5;1;48;1510074837;48;255;1510074845;0
32;16;10;5;1;48;1510074878;48;255;1510074886;1
32;16;10;5;1;48;1510075640;48;255;1510075649;0
32;16;10;5;1;48;1510075808;48;255;1510075816;1
32;16;10;5;1;48;1510075819;48;255;1510075828;0
32;16;10;5;1;48;1510075859;48;255;1510075867;0
32;16;10;5;1;48;1510076584;48;255;1510076592;0
32;16;10;5;1;48;1510076755;48;255;1510076764;0
32;16;10;5;1;48;1510076761;48;255;1510076769;0
32;16;10;5;1;48;1510076801;48;255;1510076810;0
32;16;10;5;1;48;1510077524;48;255;1510077532;0
32;16;10;5;1;48;1510077694;48;255;1510077703;0
32;16;10;5;1;48;1510077702;48;255;1510077710;0
32;16;10;5;1;48;1510077741;48;255;1510077750;0
32;16;10;5;1;48;1510078463;48;255;1510078471;0
32;16;10;5;1;48;1510078634;48;255;1510078642;0
32;16;10;5;1;48;1510078642;48;255;1510078650;0
32;16;10;5;1;48;1510078682;48;255;1510078690;0
32;16;10;5;1;48;1510079403;48;255;1510079411;0
32;16;10;5;1;48;1510079573;48;255;1510079581;0
32;16;10;5;1;48;1510079581;48;255;1510079589;0
32;16;10;5;1;48;1510079622;48;255;1510079630;0
32;16;10;5;1;48;1510080344;48;255;1510080352;1
32;16;10;5;1;48;1510080513;48;255;1510080521;1
32;16;10;5;1;48;1510080520;48;255;1510080528;0
32;16;10;5;1;48;1510080563;48;255;1510080571;0
32;16;10;5;1;48;1510081284;48;255;1510081292;1
32;16;10;5;1;48;1510081452;48;255;1510081460;0
32;16;10;5;1;48;1510081459;48;255;1510081467;0
32;16;10;5;1;48;1510081503;48;255;1510081512;0
32;16;10;5;1;48;1510082223;48;255;1510082231;0
32;16;10;5;1;48;1510082392;48;255;1510082400;0
32;16;10;5;1;48;1510082399;48;255;1510082407;0
32;16;10;5;1;48;1510082443;48;255;1510082452;0
32;16;10;5;1;48;1510083161;48;255;1510083169;0
32;16;10;5;1;48;1510083332;48;255;1510083340;0
32;16;10;5;1;48;1510083341;48;255;1510083349;0
32;16;10;5;1;48;1510083383;48;255;1510083392;0
32;16;10;5;1;48;1510084101;48;255;1510084109;0
32;16;10;5;1;48;1510084271;48;255;1510084279;1
32;16;10;5;1;48;1510084282;48;255;1510084291;0
32;16;10;5;1;48;1510084323;48;255;1510084332;0
32;16;10;5;1;48;1510085039;48;255;1510085048;0
32;16;10;5;1;48;1510085212;48;255;1510085220;0
32;16;10;5;1;48;1510085224;48;255;1510085233;1
32;16;10;5;1;48;1510085263;48;255;1510085271;0
32;16;10;5;1;48;1510085978;48;255;1510085987;0
32;16;10;5;1;48;1510086153;48;255;1510086161;0
32;16;10;5;1;48;1510086166;48;255;1510086174;0
32;16;10;5;1;48;1510086203;48;255;1510086211;0
32;16;10;5;1;48;1510086917;48;255;1510086925;0
32;16;10;5;1;48;1510087093;48;255;1510087102;0
32;16;10;5;1;48;1510087106;48;255;1510087114;0
32;16;10;5;1;48;1510087142;48;255;1510087150;1
32;16;10;5;1;48;1510087858;48;255;1510087866;0
32;16;10;5;1;48;1510088033;48;255;1510088041;0
32;16;10;5;1;48;1510088046;48;255;1510088054;0
32;16;10;5;1;48;1510088081;48;255;1510088089;0
32;16;10;5;1;48;1510088798;48;255;1510088806;0
32;16;10;5;1;48;1510088974;48;255;1510088982;0
32;16;10;5;1;48;1510088986;48;255;1510088994;0
32;16;10;5;1;48;1510089020;48;255;1510089028;0
32;16;10;5;1;48;1510089736;48;255;1510089745;0
32;16;10;5;1;48;1510089913;48;255;1510089922;0
32;16;10;5;1;48;1510089927;48;255;1510089935;0
32;16;10;5;1;48;1510089963;48;255;1510089972;0
32;16;10;5;1;48;1510090675;48;255;1510090683;1
32;16;10;5;1;48;1510090853;48;255;1510090862;0
32;16;10;5;1;48;1510090867;48;255;1510090875;0
32;16;10;5;1;48;1510090905;48;255;1510090914;0
32;16;10;5;1;48;1510091615;48;255;1510091624;0
32;16;10;5;1;48;1510091793;48;255;1510091801;0
32;16;10;5;1;48;1510091808;48;255;1510091816;0
32;16;10;5;1;48;1510091846;48;255;1510091854;0
32;16;10;5;1;48;1510092554;48;255;1510092562;0
32;16;10;5;1;48;1510092733;48;255;1510092741;0
32;16;10;5;1;48;1510092748;48;255;1510092756;0
32;16;10;5;1;48;1510092786;48;255;1510092794;1
32;16;10;5;1;48;1510093494;48;255;1510093502;0
32;16;10;5;1;48;1510093673;48;255;1510093681;0
32;16;10;5;1;48;1510093688;48;255;1510093696;0
32;16;10;5;1;48;1510093728;48;255;1510093736;0
32;16;10;5;1;48;1510094434;48;255;1510094443;0
32;16;10;5;1;48;1510094611;48;255;1510094619;0
32;16;10;5;1;48;1510094627;48;255;1510094635;0
32;16;10;5;1;48;1510094669;48;255;1510094677;0
32;16;10;5;1;48;1510095376;48;255;1510095385;0
32;16;10;5;1;48;1510095551;48;255;1510095559;0
32;16;10;5;1;48;1510095566;48;255;1510095574;0
32;16;10;5;1;48;1510095609;48;255;1510095617;0
32;16;10;5;1;48;1510096319;48;255;1510096327;0
32;16;10;5;1;48;1510096489;48;255;1510096498;0
32;16;10;5;1;48;1510096505;48;255;1510096513;1
32;16;10;5;1;48;1510096549;48;255;1510096557;1
32;16;10;5;1;48;1510097259;48;255;1510097267;1
32;16;10;5;1;48;1510097430;48;255;1510097438;0
32;16;10;5;1;48;1510097444;48;255;1510097452;0
32;16;10;5;1;48;1510097491;48;255;1510097499;0
32;16;10;5;1;48;1510098198;48;255;1510098207;0
32;16;10;5;1;48;1510098372;48;255;1510098380;1
32;16;10;5;1;48;1510098382;48;255;1510098391;0
32;16;10;5;1;48;1510098430;48;255;1510098439;0
32;16;10;5;1;48;1510099138;48;255;1510099147;0
32;16;10;5;1;48;1510099313;48;255;1510099321;0
32;16;10;5;1;48;1510099320;48;255;1510099328;0
32;16;10;5;1;48;1510099372;48;255;1510099380;0
32;16;10;5;1;48;1510100080;48;255;1510100089;0
32;16;10;5;1;48;1510100254;48;255;1510100263;1
32;16;10;5;1;48;1510100258;48;255;1510100267;0
32;16;10;5;1;48;1510100311;48;255;1510100320;0
32;16;10;5;1;48;1510101020;48;255;1510101028;0
32;16;10;5;1;48;1510101193;48;255;1510101201;0
32;16;10;5;1;48;1510101200;48;255;1510101208;0
32;16;10;5;1;48;1510101251;48;255;1510101259;0
32;16;10;5;1;48;1510101960;48;255;1510101969;1
32;16;10;5;1;48;1510102131;48;255;1510102140;1
32;16;10;5;1;48;1510102140;48;255;1510102148;0
32;16;10;5;1;48;1510102193;48;255;1510102201;0
32;16;10;5;1;48;1510102899;48;255;1510102907;0
32;16;10;5;1;48;1510103071;48;255;1510103080;0
32;16;10;5;1;48;1510103080;48;255;1510103088;0
32;16;10;5;1;48;1510103134;48;255;1510103142;0
32;16;10;5;1;48;1510103837;48;255;1510103845;0
32;16;10;5;1;48;1510104011;48;255;1510104019;0
32;16;10;5;1;48;1510104021;48;255;1510104029;0
32;16;10;5;1;48;1510104074;48;255;1510104082;1
32;16;10;5;1;48;1510104776;48;255;1510104784;0
32;16;10;5;1;48;1510104949;48;255;1510104957;0
32;16;10;5;1;48;1510104962;48;255;1510104971;0
32;16;10;5;1;48;1510105014;48;255;1510105022;0
32;16;10;5;1;48;1510105717;48;255;1510105725;0
32;16;10;5;1;48;1510105889;48;255;1510105897;0
32;16;10;5;1;48;1510105901;48;255;1510105909;0
32;16;10;5;1;48;1510105953;48;255;1510105961;0
32;16;10;5;1;48;1510106657;48;255;1510106665;0
32;16;10;5;1;48;1510106832;48;255;1510106840;0
32;16;10;5;1;48;1510106842;48;255;1510106850;1
32;16;10;5;1;48;1510106892;48;255;1510106901;0
32;16;10;5;1;48;1510107595;48;255;1510107604;1
32;16;10;5;1;48;1510107774;48;255;1510107782;0
32;16;10;5;1;48;1510107780;48;255;1510107788;0
32;16;10;5;1;48;1510107835;48;255;1510107843;0
32;16;10;5;1;48;1510108534;48;255;1510108543;0
32;16;10;5;1;48;1510108714;48;255;1510108723;0
32;16;10;5;1;48;1510108720;48;255;1510108728;0
32;16;10;5;1;48;1510108774;48;255;1510108782;0
32;16;10;5;1;48;1510109473;48;255;1510109481;0
32;16;10;5;1;48;1510109656;48;255;1510109664;0
32;16;10;5;1;48;1510109661;48;255;1510109669;0
32;16;10;5;1;48;1510109715;48;255;1510109724;0
32;16;10;5;1;48;1510110413;48;255;1510110422;0
32;16;10;5;1;48;1510110595;48;255;1510110603;0
32;16;10;5;1;48;1510110601;48;255;1510110610;0
32;16;10;5;1;48;1510110656;48;255;1510110665;0
32;16;10;5;1;48;1510111353;48;255;1510111362;0
32;16;10;5;1;48;1510111535;48;255;1510111543;0
32;16;10;5;1;48;1510111543;48;255;1510111551;0
32;16;10;5;1;48;1510111594;48;255;1510111603;0
32;16;10;5;1;48;1510112292;48;255;1510112300;1
32;16;10;5;1;48;1510112478;48;255;1510112487;1
32;16;10;5;1;48;1510112482;48;255;1510112490;0
32;16;10;5;1;48;1510112534;48;255;1510112543;1
32;16;10;5;1;48;1510113229;48;255;1510113237;0
32;16;10;5;1;48;1510113419;48;255;1510113428;0
32;16;10;5;1;48;1510113422;48;255;1510113431;1
32;16;10;5;1;48;1510113474;48;255;1510113482;0
32;16;10;5;1;48;1510114167;48;255;1510114175;1
32;16;10;5;1;48;1510114360;48;255;1510114369;0
32;16;10;5;1;48;1510114364;48;255;1510114372;0
32;16;10;5;1;48;1510114415;48;255;1510114423;0
32;16;10;5;1;48;1510115107;48;255;1510115116;0
32;16;10;5;1;48;1510115300;48;255;1510115308;0
32;16;10;5;1;48;1510115304;48;255;1510115312;1
32;16;10;5;1;48;1510115354;48;255;1510115362;1
32;16;10;5;1;48;1510116049;48;255;1510116058;0
32;16;10;5;1;48;1510116240;48;255;1510116248;0
32;16;10;5;1;48;1510116242;48;255;1510116250;0
32;16;10;5;1;48;1510116293;48;255;1510116301;0
32;16;10;5;1;48;1510116990;48;255;1510116998;0
32;16;10;5;1;48;1510117179;48;255;1510117188;0
32;16;10;5;1;48;1510117183;48;255;1510117191;0
32;16;10;5;1;48;1510117231;48;255;1510117240;0
32;16;10;5;1;48;1510117929;48;255;1510117938;1
32;16;10;5;1;48;1510118118;48;255;1510118126;0
32;16;10;5;1;48;1510118125;48;255;1510118133;0
32;16;10;5;1;48;1510118173;48;255;1510118181;0
32;16;10;5;1;48;1510118873;48;255;1510118881;0
32;16;10;5;1;48;1510119058;48;255;1510119066;0
32;16;10;5;1;48;1510119066;48;255;1510119074;0
32;16;10;5;1;48;1510119111;48;255;1510119119;0
32;16;10;5;1;48;1510119816;48;255;1510119824;0
32;16;10;5;1;48;1510119997;48;255;1510120005;0
32;16;10;5;1;48;1510120005;48;255;1510120013;0
32;16;10;5;1;48;1510120049;48;255;1510120058;0
32;16;10;5;1;48;1510120757;48;255;1510120765;0
32;16;10;5;1;48;1510120937;48;255;1510120945;0
32;16;10;5;1;48;1510120945;48;255;1510120953;0
32;16;10;5;1;48;1510120989;48;255;1510120998;0
32;16;10;5;1;48;1510121698;48;255;1510121706;0
32;16;10;5;1;48;1510121877;48;255;1510121885;0
32;16;10;5;1;48;1510121885;48;255;1510121894;0
32;16;10;5;1;48;1510121928;48;255;1510121936;0
32;16;10;5;1;48;1510122638;48;255;1510122647;0
32;16;10;5;1;48;1510122816;48;255;1510122824;1
32;16;10;5;1;48;1510122824;48;255;1510122833;0
32;16;10;5;1;48;1510122870;48;255;1510122878;0
32;16;10;5;1;48;1510123579;48;255;1510123587;0
32;16;10;5;1;48;1510123757;48;255;1510123765;0
32;16;10;5;1;48;1510123766;48;255;1510123774;0
32;16;10;5;1;48;1510123811;48;255;1510123819;0
32;16;10;5;1;48;1510124519;48;255;1510124528;1
32;16;10;5;1;48;1510124695;48;255;1510124704;0
32;16;10;5;1;48;1510124707;48;255;1510124715;0
32;16;10;5;1;48;1510124751;48;255;1510124759;0
32;16;10;5;1;48;1510125459;48;255;1510125467;0
32;16;10;5;1;48;1510125637;48;255;1510125645;1
32;16;10;5;1;48;1510125646;48;255;1510125655;0
32;16;10;5;1;48;1510125691;48;255;1510125699;0
32;16;10;5;1;48;1510126398;48;255;1510126406;0
32;16;10;5;1;48;1510126576;48;255;1510126584;1
32;16;10;5;1;48;1510126586;48;255;1510126594;0
32;16;10;5;1;48;1510126632;48;255;1510126640;0
32;16;10;5;1;48;1510127338;48;255;1510127346;0
32;16;10;5;1;48;1510127514;48;255;1510127522;0
32;16;10;5;1;48;1510127524;48;255;1510127532;1
32;16;10;5;1;48;1510127574;48;255;1510127582;0
32;16;10;5;1;48;1510128277;48;255;1510128285;0
32;16;10;5;1;48;1510128455;48;255;1510128463;0
32;16;10;5;1;48;1510128464;48;255;1510128472;0
32;16;10;5;1;48;1510128514;48;255;1510128522;0
32;16;10;5;1;48;1510129216;48;255;1510129224;0
32;16;10;5;1;48;1510129396;48;255;1510129404;0
32;16;10;5;1;48;1510129405;48;255;1510129413;0
32;16;10;5;1;48;1510129451;48;255;1510129460;0
32;16;10;5;1;48;1510130190;48;255;1510130199;1
32;16;10;5;1;48;1510130388;48;255;1510130397;0
32;16;10;5;1;48;1510130392;48;255;1510130401;0
32;16;10;5;1;48;1510130440;48;255;1510130448;0
32;16;10;5;1;48;1510131197;48;255;1510131206;0
32;16;10;5;1;48;1510131390;48;255;1510131398;0
32;16;10;5;1;48;1510131393;48;255;1510131403;0
32;16;10;5;1;48;1510131443;48;255;1510131451;0
32;16;10;5;1;48;1510132171;48;255;1510132180;0
32;16;10;5;1;48;1510132360;48;255;1510132368;0
32;16;10;5;1;48;1510132380;48;255;1510132389;0
32;16;10;5;1;48;1510132418;48;255;1510132426;0
32;16;10;5;1;48;1510133166;48;255;1510133175;0
32;16;10;5;1;48;1510133336;48;255;1510133345;1
32;16;10;5;1;48;1510133359;48;255;1510133369;1
32;16;10;5;1;48;1510133411;48;255;1510133420;0
32;16;10;5;1;48;1510134181;48;255;1510134191;0
32;16;10;5;1;48;1510134344;48;255;1510134353;0
32;16;10;5;1;48;1510134377;48;255;1510134386;0
32;16;10;5;1;48;1510134419;48;255;1510134427;0
32;16;10;5;1;48;1510135180;48;255;1510135190;0
32;16;10;5;1;48;1510135353;48;255;1510135361;0
32;16;10;5;1;48;1510135382;48;255;1510135391;1
32;16;10;5;1;48;1510135412;48;255;1510135420;0
32;16;10;5;1;48;1510136177;48;255;1510136186;0
32;16;10;5;1;48;1510136333;48;255;1510136341;0
32;16;10;5;1;48;1510136372;48;255;1510136382;0
32;16;10;5;1;48;1510136401;48;255;1510136409;0
32;16;10;5;1;48;1510137179;48;255;1510137187;0
32;16;10;5;1;48;1510137351;48;255;1510137360;0
32;16;10;5;1;48;1510137368;48;255;1510137377;0
32;16;10;5;1;48;1510137410;48;255;1510137418;0
32;16;10;5;1;48;1510138168;48;255;1510138177;0
32;16;10;5;1;48;1510138356;48;255;1510138364;1
32;16;10;5;1;48;1510138362;48;255;1510138371;0
32;16;10;5;1;48;1510138415;48;255;1510138424;0
32;16;10;5;1;48;1510139170;48;255;1510139178;0
32;16;10;5;1;48;1510139349;48;255;1510139358;0
32;16;10;5;1;48;1510139373;48;255;1510139382;0
32;16;10;5;1;48;1510139413;48;255;1510139421;0
32;16;10;5;1;48;1510140142;48;255;1510140151;0
32;16;10;5;1;48;1510140303;48;255;1510140311;1
32;16;10;5;1;48;1510140383;48;255;1510140391;0
32;16;10;5;1;48;1510140392;48;255;1510140400;0
32;16;10;5;1;48;1510141152;48;255;1510141161;0
32;16;10;5;1;48;1510141287;48;255;1510141295;0
32;16;10;5;1;48;1510141357;48;255;1510141367;0
32;16;10;5;1;48;1510141379;48;255;1510141387;0
32;16;10;5;1;48;1510142126;48;255;1510142135;0
32;16;10;5;1;48;1510142298;48;255;1510142307;0
32;16;10;5;1;48;1510142340;48;255;1510142348;0
32;16;10;5;1;48;1510142395;48;255;1510142403;0
32;16;10;5;1;48;1510143168;48;255;1510143177;0
32;16;10;5;1;48;1510143355;48;255;1510143364;0
32;16;10;5;1;48;1510143388;48;255;1510143397;0
32;16;10;5;1;48;1510143452;48;255;1510143461;1
32;16;10;5;1;48;1510144159;48;255;1510144167;0
32;16;10;5;1;48;1510144329;48;255;1510144338;0
32;16;10;5;1;48;1510144359;48;255;1510144368;0
32;16;10;5;1;48;1510144435;48;255;1510144443;0
32;16;10;5;1;48;1510145106;48;255;1510145114;0
32;16;10;5;1;48;1510145273;48;255;1510145281;0
32;16;10;5;1;48;1510145304;48;255;1510145313;0
32;16;10;5;1;48;1510145380;48;255;1510145388;1
32;16;10;5;1;48;1510146045;48;255;1510146053;0
32;16;10;5;1;48;1510146217;48;255;1510146225;0
32;16;10;5;1;48;1510146248;48;255;1510146256;0
32;16;10;5;1;48;1510146322;48;255;1510146330;0
32;16;10;5;1;48;1510146993;48;255;1510147001;0
32;16;10;5;1;48;1510147169;48;255;1510147178;0
32;16;10;5;1;48;1510147207;48;255;1510147215;1
32;16;10;5;1;48;1510147284;48;255;1510147292;0
32;16;10;5;1;48;1510147969;48;255;1510147979;1
32;16;10;5;1;48;1510148154;48;255;1510148163;0
32;16;10;5;1;48;1510148176;48;255;1510148185;0
32;16;10;5;1;48;1510148256;48;255;1510148264;1
32;16;10;5;1;48;1510148949;48;255;1510148957;0
32;16;10;5;1;48;1510149120;48;255;1510149128;1
32;16;10;5;1;48;1510149139;48;255;1510149147;0
32;16;10;5;1;48;1510149216;48;255;1510149224;0
32;16;10;5;1;48;1510149894;48;255;1510149902;0
32;16;10;5;1;48;1510150069;48;255;1510150077;0
32;16;10;5;1;48;1510150079;48;255;1510150087;0
32;16;10;5;1;48;1510150159;48;255;1510150167;0
32;16;10;5;1;48;1510150848;48;255;1510150856;0
32;16;10;5;1;48;1510151030;48;255;1510151039;0
32;16;10;5;1;48;1510151041;48;255;1510151050;0
32;16;10;5;1;48;1510151130;48;255;1510151138;0
32;16;10;5;1;48;1510151816;48;255;1510151825;0
32;16;10;5;1;48;1510152002;48;255;1510152011;0
32;16;10;5;1;48;1510152019;48;255;1510152028;0
32;16;10;5;1;48;1510152104;48;255;1510152112;0
32;16;10;5;1;48;1510152812;48;255;1510152821;0
32;16;10;5;1;48;1510152985;48;255;1510152994;0
32;16;10;5;1;48;1510153006;48;255;1510153014;1
32;16;10;5;1;48;1510153079;48;255;1510153087;0
32;16;10;5;1;48;1510153777;48;255;1510153785;0
32;16;10;5;1;48;1510153953;48;255;1510153962;0
32;16;10;5;1;48;1510153977;48;255;1510153986;0
32;16;10;5;1;48;1510154049;48;255;1510154058;0
32;16;10;5;1;48;1510154748;48;255;1510154756;0
32;16;10;5;1;48;1510154919;48;255;1510154927;1
32;16;10;5;1;48;1510154945;48;255;1510154953;0
32;16;10;5;1;48;1510155012;48;255;1510155020;0
32;16;10;5;1;48;1510155707;48;255;1510155716;1
32;16;10;5;1;48;1510155882;48;255;1510155890;0
32;16;10;5;1;48;1510155911;48;255;1510155921;0
32;16;10;5;1;48;1510155982;48;255;1510155991;0
32;16;10;5;1;48;1510156687;48;255;1510156696;0
32;16;10;5;1;48;1510156872;48;255;1510156881;0
32;16;10;5;1;48;1510156896;48;255;1510156905;0
32;16;10;5;1;48;1510156970;48;255;1510156979;0
32;16;10;5;1;48;1510157679;48;255;1510157688;0
32;16;10;5;1;48;1510157862;48;255;1510157870;0
32;16;10;5;1;48;1510157886;48;255;1510157895;1
32;16;10;5;1;48;1510157959;48;255;1510157967;0
32;16;10;5;1;48;1510158644;48;255;1510158652;1
32;16;10;5;1;48;1510158826;48;255;1510158834;0
32;16;10;5;1;48;1510158857;48;255;1510158866;0
32;16;10;5;1;48;1510158921;48;255;1510158930;0
32;16;10;5;1;48;1510159598;48;255;1510159606;0
32;16;10;5;1;48;1510159786;48;255;1510159794;0
32;16;10;5;1;48;1510159815;48;255;1510159824;0
32;16;10;5;1;48;1510159883;48;255;1510159892;1
32;16;10;5;1;48;1510160582;48;255;1510160590;1
32;16;10;5;1;48;1510160756;48;255;1510160764;0
32;16;10;5;1;48;1510160786;48;255;1510160795;0
32;16;10;5;1;48;1510160858;48;255;1510160867;0
32;16;10;5;1;48;1510161560;48;255;1510161569;0
32;16;10;5;1;48;1510161736;48;255;1510161745;1
32;16;10;5;1;48;1510161773;48;255;1510161781;0
32;16;10;5;1;48;1510161832;48;255;1510161841;0
32;16;10;5;1;48;1510162524;48;255;1510162532;0
32;16;10;5;1;48;1510162699;48;255;1510162708;0
32;16;10;5;1;48;1510162742;48;255;1510162750;0
32;16;10;5;1;48;1510162793;48;255;1510162802;0
32;16;10;5;1;48;1510163472;48;255;1510163481;0
32;16;10;5;1;48;1510163654;48;255;1510163662;0
32;16;10;5;1;48;1510163715;48;255;1510163723;0
32;16;10;5;1;48;1510163742;48;255;1510163750;0
32;16;10;5;1;48;1510164414;48;255;1510164422;0
32;16;10;5;1;48;1510164598;48;255;1510164606;0
32;16;10;5;1;48;1510164658;48;255;1510164666;0
32;16;10;5;1;48;1510164687;48;255;1510164696;0
32;16;10;5;1;48;1510165357;48;255;1510165365;0
32;16;10;5;1;48;1510165539;48;255;1510165547;1
32;16;10;5;1;48;1510165600;48;255;1510165608;0
32;16;10;5;1;48;1510165630;48;255;1510165638;0
32;16;10;5;1;48;1510166301;48;255;1510166309;0
32;16;10;5;1;48;1510166481;48;255;1510166490;0
32;16;10;5;1;48;1510166543;48;255;1510166551;1
32;16;10;5;1;48;1510166574;48;255;1510166582;0
32;16;10;5;1;48;1510167243;48;255;1510167251;1
32;16;10;5;1;48;1510167424;48;255;1510167432;0
32;16;10;5;1;48;1510167485;48;255;1510167494;0
32;16;10;5;1;48;1510167518;48;255;1510167527;0
32;16;10;5;1;48;1510168185;48;255;1510168194;0
32;16;10;5;1;48;1510168365;48;255;1510168374;1
32;16;10;5;1;48;1510168428;48;255;1510168436;0
32;16;10;5;1;48;1510168461;48;255;1510168470;0
32;16;10;5;1;48;1510169126;48;255;1510169135;0
32;16;10;5;1;48;1510169308;48;255;1510169316;0
32;16;10;5;1;48;1510169370;48;255;1510169378;0
32;16;10;5;1;48;1510169402;48;255;1510169410;0
32;16;10;5;1;48;1510170070;48;255;1510170078;1
32;16;10;5;1;48;1510170251;48;255;1510170259;0
32;16;10;5;1;48;1510170314;48;255;1510170322;0
32;16;10;5;1;48;1510170345;48;255;1510170353;0
32;16;10;5;1;48;1510171013;48;255;1510171021;0
32;16;10;5;1;48;1510171193;48;255;1510171201;1
32;16;10;5;1;48;1510171258;48;255;1510171267;0
32;16;10;5;1;48;1510171286;48;255;1510171294;0
32;16;10;5;1;48;1510171953;48;255;1510171961;0
32;16;10;5;1;48;1510172135;48;255;1510172143;0
32;16;10;5;1;48;1510172201;48;255;1510172209;0
32;16;10;5;1;48;1510172231;48;255;1510172239;0
32;16;10;5;1;48;1510172897;48;255;1510172905;0
32;16;10;5;1;48;1510173076;48;255;1510173084;1
32;16;10;5;1;48;1510173144;48;255;1510173152;0
32;16;10;5;1;48;1510173175;48;255;1510173183;0
32;16;10;5;1;48;1510173840;48;255;1510173848;0
32;16;10;5;1;48;1510174018;48;255;1510174026;0
32;16;10;5;1;48;1510174087;48;255;1510174095;0
32;16;10;5;1;48;1510174115;48;255;1510174123;0
32;16;10;5;1;48;1510174784;48;255;1510174792;0
32;16;10;5;1;48;1510174960;48;255;1510174969;0
32;16;10;5;1;48;1510175030;48;255;1510175038;0
32;16;10;5;1;48;1510175057;48;255;1510175065;0
32;16;10;5;1;48;1510175728;48;255;1510175736;0
32;16;10;5;1;48;1510175901;48;255;1510175909;0
32;16;10;5;1;48;1510175972;48;255;1510175980;1
32;16;10;5;1;48;1510175997;48;255;1510176005;0
32;16;10;5;1;48;1510176672;48;255;1510176680;0
32;16;10;5;1;48;1510176843;48;255;1510176852;0
32;16;10;5;1;48;1510176913;48;255;1510176922;1
32;16;10;5;1;48;1510176939;48;255;1510176947;0
32;16;10;5;1;48;1510177614;48;255;1510177622;0
32;16;10;5;1;48;1510177786;48;255;1510177794;0
32;16;10;5;1;48;1510177857;48;255;1510177865;0
32;16;10;5;1;48;1510177879;48;255;1510177888;1
32;16;10;5;1;48;1510178558;48;255;1510178566;1
32;16;10;5;1;48;1510178731;48;255;1510178739;0
32;16;10;5;1;48;1510178797;48;255;1510178806;0
32;16;10;5;1;48;1510178822;48;255;1510178830;0
32;16;10;5;1;48;1510179500;48;255;1510179509;0
32;16;10;5;1;48;1510179673;48;255;1510179681;0
32;16;10;5;1;48;1510179738;48;255;1510179746;0
32;16;10;5;1;48;1510179763;48;255;1510179771;0
32;16;10;5;1;48;1510180443;48;255;1510180451;0
32;16;10;5;1;48;1510180615;48;255;1510180623;0
32;16;10;5;1;48;1510180679;48;255;1510180687;0
32;16;10;5;1;48;1510180706;48;255;1510180714;0
32;16;10;5;1;48;1510181388;48;255;1510181396;0
32;16;10;5;1;48;1510181557;48;255;1510181565;0
32;16;10;5;1;48;1510181622;48;255;1510181630;0
32;16;10;5;1;48;1510181649;48;255;1510181657;0
32;16;10;5;1;48;1510182331;48;255;1510182340;0
32;16;10;5;1;48;1510182500;48;255;1510182508;0
32;16;10;5;1;48;1510182564;48;255;1510182573;0
32;16;10;5;1;48;1510182591;48;255;1510182599;0
32;16;10;5;1;48;1510183275;48;255;1510183283;0
32;16;10;5;1;48;1510183441;48;255;1510183449;0
32;16;10;5;1;48;1510183506;48;255;1510183514;1
32;16;10;5;1;48;1510183532;48;255;1510183540;0
32;16;10;5;1;48;1510184218;48;255;1510184226;0
32;16;10;5;1;48;1510184384;48;255;1510184392;0
32;16;10;5;1;48;1510184448;48;255;1510184456;0
32;16;10;5;1;48;1510184473;48;255;1510184482;0
32;16;10;5;1;48;1510185161;48;255;1510185170;0
32;16;10;5;1;48;1510185327;48;255;1510185335;0
32;16;10;5;1;48;1510185392;48;255;1510185400;1
32;16;10;5;1;48;1510185414;48;255;1510185422;0
32;16;10;5;1;48;1510186103;48;255;1510186111;0
32;16;10;5;1;48;1510186271;48;255;1510186279;0
32;16;10;5;1;48;1510186334;48;255;1510186342;0
32;16;10;5;1;48;1510186357;48;255;1510186365;0
32;16;10;5;1;48;1510187045;48;255;1510187053;0
32;16;10;5;1;48;1510187214;48;255;1510187222;0
32;16;10;5;1;48;1510187273;48;255;1510187282;0
32;16;10;5;1;48;1510187297;48;255;1510187306;0
32;16;10;5;1;48;1510187988;48;255;1510187996;1
32;16;10;5;1;48;1510188157;48;255;1510188165;0
32;16;10;5;1;48;1510188216;48;255;1510188224;0
32;16;10;5;1;48;1510188240;48;255;1510188248;0
32;16;10;5;1;48;1510188928;48;255;1510188936;0
32;16;10;5;1;48;1510189100;48;255;1510189109;0
32;16;10;5;1;48;1510189157;48;255;1510189166;0
32;16;10;5;1;48;1510189184;48;255;1510189192;0
32;16;10;5;1;48;1510189868;48;255;1510189877;0
32;16;10;5;1;48;1510190042;48;255;1510190051;0
32;16;10;5;1;48;1510190098;48;255;1510190106;0
32;16;10;5;1;48;1510190128;48;255;1510190136;0
32;16;10;5;1;48;1510190809;48;255;1510190817;0
32;16;10;5;1;48;1510190984;48;255;1510190993;0
32;16;10;5;1;48;1510191037;48;255;1510191045;0
32;16;10;5;1;48;1510191072;48;255;1510191080;1
32;16;10;5;1;48;1510191751;48;255;1510191760;0
32;16;10;5;1;48;1510191929;48;255;1510191937;0
32;16;10;5;1;48;1510191978;48;255;1510191986;0
32;16;10;5;1;48;1510192014;48;255;1510192023;0
32;16;10;5;1;48;1510192695;48;255;1510192703;0
32;16;10;5;1;48;1510192871;48;255;1510192879;1
32;16;10;5;1;48;1510192920;48;255;1510192928;0
32;16;10;5;1;48;1510192958;48;255;1510192967;0
32;16;10;5;1;48;1510193635;48;255;1510193643;0
32;16;10;5;1;48;1510193813;48;255;1510193821;0
32;16;10;5;1;48;1510193862;48;255;1510193870;0
32;16;10;5;1;48;1510193901;48;255;1510193909;0
32;16;10;5;1;48;1510194576;48;255;1510194584;0
32;16;10;5;1;48;1510194755;48;255;1510194763;0
32;16;10;5;1;48;1510194803;48;255;1510194812;0
32;16;10;5;1;48;1510194843;48;255;1510194852;0
32;16;10;5;1;48;1510195519;48;255;1510195527;0
32;16;10;5;1;48;1510195698;48;255;1510195707;0
32;16;10;5;1;48;1510195746;48;255;1510195755;1
32;16;10;5;1;48;1510195784;48;255;1510195793;0
32;16;10;5;1;48;1510196462;48;255;1510196470;0
32;16;10;5;1;48;1510196642;48;255;1510196651;1
32;16;10;5;1;48;1510196689;48;255;1510196698;0
32;16;10;5;1;48;1510196724;48;255;1510196733;0
32;16;10;5;1;48;1510197405;48;255;1510197414;0
32;16;10;5;1;48;1510197584;48;255;1510197592;0
32;16;10;5;1;48;1510197632;48;255;1510197640;0
32;16;10;5;1;48;1510197665;48;255;1510197673;1
32;16;10;5;1;48;1510198346;48;255;1510198354;0
32;16;10;5;1;48;1510198525;48;255;1510198533;0
32;16;10;5;1;48;1510198578;48;255;1510198586;1
32;16;10;5;1;48;1510198607;48;255;1510198615;0
32;16;10;5;1;48;1510199287;48;255;1510199295;0
32;16;10;5;1;48;1510199465;48;255;1510199473;1
32;16;10;5;1;48;1510199524;48;255;1510199532;0
32;16;10;5;1;48;1510199548;48;255;1510199557;1
32;16;10;5;1;48;1510200230;48;255;1510200238;1
32;16;10;5;1;48;1510200407;48;255;1510200415;0
32;16;10;5;1;48;1510200469;48;255;1510200477;0
32;16;10;5;1;48;1510200488;48;255;1510200496;0
32;16;10;5;1;48;1510201170;48;255;1510201179;0
32;16;10;5;1;48;1510201347;48;255;1510201355;0
32;16;10;5;1;48;1510201412;48;255;1510201421;0
32;16;10;5;1;48;1510201428;48;255;1510201437;0
32;16;10;5;1;48;1510202112;48;255;1510202121;0
32;16;10;5;1;48;1510202290;48;255;1510202298;0
32;16;10;5;1;48;1510202356;48;255;1510202364;0
32;16;10;5;1;48;1510202372;48;255;1510202380;1
32;16;10;5;1;48;1510203054;48;255;1510203062;0
32;16;10;5;1;48;1510203235;48;255;1510203243;0
32;16;10;5;1;48;1510203296;48;255;1510203304;0
32;16;10;5;1;48;1510203315;48;255;1510203324;0
32;16;10;5;1;48;1510203995;48;255;1510204003;1
32;16;10;5;1;48;1510204177;48;255;1510204185;1
32;16;10;5;1;48;1510204238;48;255;1510204246;1
32;16;10;5;1;48;1510204260;48;255;1510204268;0
32;16;10;5;1;48;1510204937;48;255;1510204945;1
32;16;10;5;1;48;1510205117;48;255;1510205125;1
32;16;10;5;1;48;1510205181;48;255;1510205189;0
32;16;10;5;1;48;1510205203;48;255;1510205211;0
32;16;10;5;1;48;1510205880;48;255;1510205888;0
32;16;10;5;1;48;1510206059;48;255;1510206067;0
32;16;10;5;1;48;1510206125;48;255;1510206134;0
32;16;10;5;1;48;1510206147;48;255;1510206155;0
32;16;10;5;1;48;1510206822;48;255;1510206830;0
32;16;10;5;1;48;1510207001;48;255;1510207009;0
32;16;10;5;1;48;1510207068;48;255;1510207076;0
32;16;10;5;1;48;1510207090;48;255;1510207098;0
32;16;10;5;1;48;1510207764;48;255;1510207772;0
32;16;10;5;1;48;1510207944;48;255;1510207952;1
32;16;10;5;1;48;1510208011;48;255;1510208019;0
32;16;10;5;1;48;1510208031;48;255;1510208039;0
32;16;10;5;1;48;1510208704;48;255;1510208712;0
32;16;10;5;1;48;1510208887;48;255;1510208895;0
32;16;10;5;1;48;1510208951;48;255;1510208960;0
32;16;10;5;1;48;1510208972;48;255;1510208980;0
32;16;10;5;1;48;1510209646;48;255;1510209654;0
32;16;10;5;1;48;1510209829;48;255;1510209837;0
32;16;10;5;1;48;1510209895;48;255;1510209904;1
32;16;10;5;1;48;1510209915;48;255;1510209923;0
32;16;10;5;1;48;1510210590;48;255;1510210598;1
32;16;10;5;1;48;1510210769;48;255;1510210777;0
32;16;10;5;1;48;1510210838;48;255;1510210846;0
32;16;10;5;1;48;1510210859;48;255;1510210867;0
32;16;10;5;1;48;1510211532;48;255;1510211541;0
32;16;10;5;1;48;1510211711;48;255;1510211720;0
32;16;10;5;1;48;1510211778;48;255;1510211786;0
32;16;10;5;1;48;1510211800;48;255;1510211808;0
32;16;10;5;1;48;1510212475;48;255;1510212483;0
32;16;10;5;1;48;1510212653;48;255;1510212662;0
32;16;10;5;1;48;1510212719;48;255;1510212727;0
32;16;10;5;1;48;1510212742;48;255;1510212750;0
32;16;10;5;1;48;1510213417;48;255;1510213425;1
32;16;10;5;1;48;1510213596;48;255;1510213605;0
32;16;10;5;1;48;1510213663;48;255;1510213671;1
32;16;10;5;1;48;1510213685;48;255;1510213694;0
32;16;10;5;1;48;1510214360;48;255;1510214368;0
32;16;10;5;1;48;1510214539;48;255;1510214547;0
32;16;10;5;1;48;1510214604;48;255;1510214613;0
32;16;10;5;1;48;1510214629;48;255;1510214638;0
32;16;10;5;1;48;1510215302;48;255;1510215310;0
32;16;10;5;1;48;1510215479;48;255;1510215487;1
32;16;10;5;1;48;1510215545;48;255;1510215554;0
32;16;10;5;1;48;1510215573;48;255;1510215581;0
32;16;10;5;1;48;1510216243;48;255;1510216252;0
32;16;10;5;1;48;1510216421;48;255;1510216429;0
32;16;10;5;1;48;1510216487;48;255;1510216495;0
32;16;10;5;1;48;1510216515;48;255;1510216523;1
32;16;10;5;1;48;1510217187;48;255;1510217195;0
32;16;10;5;1;48;1510217362;48;255;1510217371;0
32;16;10;5;1;48;1510217428;48;255;1510217437;0
32;16;10;5;1;48;1510217459;48;255;1510217468;0
32;16;10;5;1;48;1510218129;48;255;1510218137;0
32;16;10;5;1;48;1510218306;48;255;1510218314;0
32;16;10;5;1;48;1510218371;48;255;1510218380;0
32;16;10;5;1;48;1510218401;48;255;1510218410;0
32;16;10;5;1;48;1510219081;48;255;1510219090;0
32;16;10;5;1;48;1510219275;48;255;1510219284;1
32;16;10;5;1;48;1510219331;48;255;1510219340;0
32;16;10;5;1;48;1510219367;48;255;1510219376;0
32;16;10;5;1;48;1510220088;48;255;1510220097;0
32;16;10;5;1;48;1510220285;48;255;1510220294;1
32;16;10;5;1;48;1510220343;48;255;1510220352;1
32;16;10;5;1;48;1510220375;48;255;1510220385;0
32;16;10;5;1;48;1510221094;48;255;1510221102;0
32;16;10;5;1;48;1510221278;48;255;1510221286;0
32;16;10;5;1;48;1510221323;48;255;1510221331;0
32;16;10;5;1;48;1510221373;48;255;1510221382;1
32;16;10;5;1;48;1510222075;48;255;1510222083;1
32;16;10;5;1;48;1510222272;48;255;1510222281;0
32;16;10;5;1;48;1510222325;48;255;1510222334;0
32;16;10;5;1;48;1510222393;48;255;1510222402;0
32;16;10;5;1;48;1510223086;48;255;1510223096;0
32;16;10;5;1;48;1510223284;48;255;1510223293;0
32;16;10;5;1;48;1510223337;48;255;1510223346;0
32;16;10;5;1;48;1510223402;48;255;1510223411;0
32;16;10;5;1;48;1510224104;48;255;1510224113;0
32;16;10;5;1;48;1510224293;48;255;1510224302;0
32;16;10;5;1;48;1510224354;48;255;1510224363;0
32;16;10;5;1;48;1510224412;48;255;1510224421;0
32;16;10;5;1;48;1510225107;48;255;1510225116;0
32;16;10;5;1;48;1510225298;48;255;1510225306;1
32;16;10;5;1;48;1510225355;48;255;1510225365;1
32;16;10;5;1;48;1510225403;48;255;1510225412;0
32;16;10;5;1;48;1510226113;48;255;1510226124;1
32;16;10;5;1;48;1510226310;48;255;1510226319;0
32;16;10;5;1;48;1510226360;48;255;1510226369;1
32;16;10;5;1;48;1510226413;48;255;1510226422;0
32;16;10;5;1;48;1510227126;48;255;1510227136;1
32;16;10;5;1;48;1510253095;48;255;1510253103;0
32;16;10;5;1;48;1510253098;48;255;1510253107;0
32;16;10;5;1;48;1510253105;48;255;1510253114;1
32;16;10;5;1;48;1510253106;48;255;1510253115;0
32;16;10;5;1;48;1510254051;48;255;1510254060;0
32;16;10;5;1;48;1510254054;48;255;1510254062;0
32;16;10;5;1;48;1510254056;48;255;1510254065;1
32;16;10;5;1;48;1510254075;48;255;1510254083;1
32;16;10;5;1;48;1510254986;48;255;1510254994;0
32;16;10;5;1;48;1510254986;48;255;1510254994;0
32;16;10;5;1;48;1510254987;48;255;1510254995;0
32;16;10;5;1;48;1510255009;48;255;1510255017;0
32;16;10;5;1;48;1510255918;48;255;1510255926;0
32;16;10;5;1;48;1510255918;48;255;1510255926;0
32;16;10;5;1;48;1510255922;48;255;1510255930;0
32;16;10;5;1;48;1510255944;48;255;1510255952;1
32;16;10;5;1;48;1510256848;48;255;1510256857;0
32;16;10;5;1;48;1510256850;48;255;1510256858;0
32;16;10;5;1;48;1510256858;48;255;1510256866;0
32;16;10;5;1;48;1510256878;48;255;1510256886;0
32;16;10;5;1;48;1510257779;48;255;1510257787;0
32;16;10;5;1;48;1510257782;48;255;1510257790;0
32;16;10;5;1;48;1510257793;48;255;1510257801;1
32;16;10;5;1;48;1510257814;48;255;1510257822;0
32;16;10;5;1;48;1510258710;48;255;1510258718;0
32;16;10;5;1;48;1510258714;48;255;1510258722;0
32;16;10;5;1;48;1510258729;48;255;1510258737;0
32;16;10;5;1;48;1510258749;48;255;1510258757;0
32;16;10;5;1;48;1510259641;48;255;1510259649;0
32;16;10;5;1;48;1510259645;48;255;1510259654;1
32;16;10;5;1;48;1510259664;48;255;1510259672;0
32;16;10;5;1;48;1510259683;48;255;1510259691;0
32;16;10;5;1;48;1510260572;48;255;1510260580;0
32;16;10;5;1;48;1510260578;48;255;1510260586;0
32;16;10;5;1;48;1510260600;48;255;1510260608;0
32;16;10;5;1;48;1510260618;48;255;1510260626;0
32;16;10;5;1;48;1510261504;48;255;1510261512;0
32;16;10;5;1;48;1510261510;48;255;1510261518;0
32;16;10;5;1;48;1510261536;48;255;1510261544;0
32;16;10;5;1;48;1510261554;48;255;1510261563;1
32;16;10;5;1;48;1510262435;48;255;1510262443;0
32;16;10;5;1;48;1510262441;48;255;1510262450;0
32;16;10;5;1;48;1510262471;48;255;1510262479;0
32;16;10;5;1;48;1510262490;48;255;1510262498;0
32;16;10;5;1;48;1510263366;48;255;1510263374;0
32;16;10;5;1;48;1510263373;48;255;1510263381;0
32;16;10;5;1;48;1510263406;48;255;1510263414;0
32;16;10;5;1;48;1510263425;48;255;1510263433;0
32;16;10;5;1;48;1510264296;48;255;1510264305;0
32;16;10;5;1;48;1510264305;48;255;1510264313;0
32;16;10;5;1;48;1510264343;48;255;1510264351;0
32;16;10;5;1;48;1510264360;48;255;1510264368;1
32;16;10;5;1;48;1510265229;48;255;1510265237;0
32;16;10;5;1;48;1510265236;48;255;1510265244;0
32;16;10;5;1;48;1510265279;48;255;1510265287;0
32;16;10;5;1;48;1510265295;48;255;1510265303;0
32;16;10;5;1;48;1510266159;48;255;1510266167;0
32;16;10;5;1;48;1510266167;48;255;1510266176;0
32;16;10;5;1;48;1510266215;48;255;1510266223;0
32;16;10;5;1;48;1510266230;48;255;1510266239;0
32;16;10;5;1;48;1510267090;48;255;1510267098;0
32;16;10;5;1;48;1510267099;48;255;1510267107;0
32;16;10;5;1;48;1510267151;48;255;1510267159;0
32;16;10;5;1;48;1510267165;48;255;1510267173;0
32;16;10;5;1;48;1510268021;48;255;1510268029;0
32;16;10;5;1;48;1510268031;48;255;1510268039;0
32;16;10;5;1;48;1510268089;48;255;1510268097;0
32;16;10;5;1;48;1510268100;48;255;1510268108;0
32;16;10;5;1;48;1510268952;48;255;1510268960;0
32;16;10;5;1;48;1510268962;48;255;1510268971;0
32;16;10;5;1;48;1510269026;48;255;1510269034;1
32;16;10;5;1;48;1510269035;48;255;1510269043;0
32;16;10;5;1;48;1510269883;48;255;1510269892;0
32;16;10;5;1;48;1510269894;48;255;1510269902;0
32;16;10;5;1;48;1510269963;48;255;1510269971;0
32;16;10;5;1;48;1510269971;48;255;1510269979;0
32;16;10;5;1;48;1510270814;48;255;1510270823;0
32;16;10;5;1;48;1510270827;48;255;1510270835;0
32;16;10;5;1;48;1510270900;48;255;1510270909;0
32;16;10;5;1;48;1510270906;48;255;1510270914;0
32;16;10;5;1;48;1510271745;48;255;1510271754;0
32;16;10;5;1;48;1510271762;48;255;1510271770;0
32;16;10;5;1;48;1510271835;48;255;1510271843;0
32;16;10;5;1;48;1510271842;48;255;1510271850;0
32;16;10;5;1;48;1510272678;48;255;1510272686;0
32;16;10;5;1;48;1510272698;48;255;1510272706;0
32;16;10;5;1;48;1510272766;48;255;1510272774;0
32;16;10;5;1;48;1510272777;48;255;1510272786;1
32;16;10;5;1;48;1510273609;48;255;1510273617;0
32;16;10;5;1;48;1510273635;48;255;1510273643;0
32;16;10;5;1;48;1510273698;48;255;1510273706;1
32;16;10;5;1;48;1510273714;48;255;1510273723;0
32;16;10;5;1;48;1510274539;48;255;1510274548;0
32;16;10;5;1;48;1510274571;48;255;1510274579;0
32;16;10;5;1;48;1510274629;48;255;1510274637;0
32;16;10;5;1;48;1510274650;48;255;1510274658;0
32;16;10;5;1;48;1510275470;48;255;1510275478;0
32;16;10;5;1;48;1510275508;48;255;1510275517;1
32;16;10;5;1;48;1510275562;48;255;1510275570;0
32;16;10;5;1;48;1510275584;48;255;1510275593;0
32;16;10;5;1;48;1510276402;48;255;1510276410;0
32;16;10;5;1;48;1510276445;48;255;1510276453;0
32;16;10;5;1;48;1510276499;48;255;1510276507;0
32;16;10;5;1;48;1510276516;48;255;1510276524;0
32;16;10;5;1;48;1510277334;48;255;1510277342;0
32;16;10;5;1;48;1510277382;48;255;1510277390;0
32;16;10;5;1;48;1510277434;48;255;1510277442;0
32;16;10;5;1;48;1510277447;48;255;1510277456;0
32;16;10;5;1;48;1510278265;48;255;1510278273;0
32;16;10;5;1;48;1510278318;48;255;1510278326;0
32;16;10;5;1;48;1510278370;48;255;1510278379;0
32;16;10;5;1;48;1510278379;48;255;1510278387;0
32;16;10;5;1;48;1510279196;48;255;1510279204;1
32;16;10;5;1;48;1510279255;48;255;1510279263;0
32;16;10;5;1;48;1510279306;48;255;1510279314;0
32;16;10;5;1;48;1510279310;48;255;1510279318;0
32;16;10;5;1;48;1510280127;48;255;1510280135;0
32;16;10;5;1;48;1510280192;48;255;1510280200;0
32;16;10;5;1;48;1510280242;48;255;1510280250;0
32;16;10;5;1;48;1510280242;48;255;1510280250;0
32;16;10;5;1;48;1510281057;48;255;1510281065;0
32;16;10;5;1;48;1510281129;48;255;1510281137;0
32;16;10;5;1;48;1510281173;48;255;1510281181;1
32;16;10;5;1;48;1510281178;48;255;1510281186;0
32;16;10;5;1;48;1510281988;48;255;1510281996;0
32;16;10;5;1;48;1510282068;48;255;1510282076;0
32;16;10;5;1;48;1510282105;48;255;1510282113;1
32;16;10;5;1;48;1510282113;48;255;1510282121;0
32;16;10;5;1;48;1510282919;48;255;1510282927;0
32;16;10;5;1;48;1510283007;48;255;1510283015;0
32;16;10;5;1;48;1510283036;48;255;1510283044;0
32;16;10;5;1;48;1510283049;48;255;1510283057;0
32;16;10;5;1;48;1510283850;48;255;1510283858;0
32;16;10;5;1;48;1510283944;48;255;1510283953;0
32;16;10;5;1;48;1510283968;48;255;1510283976;0
32;16;10;5;1;48;1510283984;48;255;1510283992;1
32;16;10;5;1;48;1510284781;48;255;1510284789;1
32;16;10;5;1;48;1510284882;48;255;1510284891;0
32;16;10;5;1;48;1510284899;48;255;1510284907;1
32;16;10;5;1;48;1510284919;48;255;1510284927;0
32;16;10;5;1;48;1510285711;48;255;1510285720;0
32;16;10;5;1;48;1510285820;48;255;1510285828;0
32;16;10;5;1;48;1510285835;48;255;1510285843;0
32;16;10;5;1;48;1510285851;48;255;1510285859;0
32;16;10;5;1;48;1510286642;48;255;1510286651;0
32;16;10;5;1;48;1510286757;48;255;1510286765;0
32;16;10;5;1;48;1510286772;48;255;1510286780;0
32;16;10;5;1;48;1510286782;48;255;1510286790;0
32;16;10;5;1;48;1510287573;48;255;1510287582;0
32;16;10;5;1;48;1510287694;48;255;1510287703;1
32;16;10;5;1;48;1510287708;48;255;1510287716;0
32;16;10;5;1;48;1510287714;48;255;1510287722;0
32;16;10;5;1;48;1510288505;48;255;1510288513;0
32;16;10;5;1;48;1510288632;48;255;1510288640;0
32;16;10;5;1;48;1510288643;48;255;1510288652;0
32;16;10;5;1;48;1510288645;48;255;1510288654;0
32;16;10;5;1;48;1510289437;48;255;1510289446;0
32;16;10;5;1;48;1510289570;48;255;1510289578;0
32;16;10;5;1;48;1510289577;48;255;1510289585;0
32;16;10;5;1;48;1510289578;48;255;1510289586;0
32;16;10;5;1;48;1510290370;48;255;1510290378;0
32;16;10;5;1;48;1510290508;48;255;1510290516;0
32;16;10;5;1;48;1510290509;48;255;1510290517;0
32;16;10;5;1;48;1510290512;48;255;1510290521;0
32;16;10;5;1;48;1510291302;48;255;1510291310;0
32;16;10;5;1;48;1510291441;48;255;1510291449;0
32;16;10;5;1;48;1510291446;48;255;1510291454;1
32;16;10;5;1;48;1510291448;48;255;1510291456;0
32;16;10;5;1;48;1510292235;48;255;1510292243;0
32;16;10;5;1;48;1510292372;48;255;1510292380;1
32;16;10;5;1;48;1510292382;48;255;1510292390;0
32;16;10;5;1;48;1510292384;48;255;1510292392;0
32;16;10;5;1;48;1510293167;48;255;1510293175;0
32;16;10;5;1;48;1510293304;48;255;1510293312;0
32;16;10;5;1;48;1510293317;48;255;1510293325;0
32;16;10;5;1;48;1510293321;48;255;1510293329;0
32;16;10;5;1;48;1510294099;48;255;1510294107;1
32;16;10;5;1;48;1510294236;48;255;1510294244;0
32;16;10;5;1;48;1510294251;48;255;1510294260;1
32;16;10;5;1;48;1510294261;48;255;1510294269;0
32;16;10;5;1;48;1510295032;48;255;1510295041;0
32;16;10;5;1;48;1510295168;48;255;1510295176;1
32;16;10;5;1;48;1510295186;48;255;1510295194;0
32;16;10;5;1;48;1510295199;48;255;1510295207;1
32;16;10;5;1;48;1510295965;48;255;1510295974;0
32;16;10;5;1;48;1510296099;48;255;1510296107;0
32;16;10;5;1;48;1510296120;48;255;1510296128;0
32;16;10;5;1;48;1510296137;48;255;1510296146;0
32;16;10;5;1;48;1510296898;48;255;1510296906;0
32;16;10;5;1;48;1510297032;48;255;1510297040;0
32;16;10;5;1;48;1510297055;48;255;1510297064;0
32;16;10;5;1;48;1510297075;48;255;1510297083;1
32;16;10;5;1;48;1510297831;48;255;1510297839;1
32;16;10;5;1;48;1510297963;48;255;1510297972;0
32;16;10;5;1;48;1510297990;48;255;1510297998;0
32;16;10;5;1;48;1510298012;48;255;1510298021;0
32;16;10;5;1;48;1510298763;48;255;1510298771;1
32;16;10;5;1;48;1510298895;48;255;1510298903;0
32;16;10;5;1;48;1510298926;48;255;1510298934;0
32;16;10;5;1;48;1510298951;48;255;1510298959;0
32;16;10;5;1;48;1510299695;48;255;1510299704;0
32;16;10;5;1;48;1510299826;48;255;1510299835;1
32;16;10;5;1;48;1510299861;48;255;1510299869;1
32;16;10;5;1;48;1510299889;48;255;1510299897;0
32;16;10;5;1;48;1510300628;48;255;1510300636;0
32;16;10;5;1;48;1510300758;48;255;1510300767;0
32;16;10;5;1;48;1510300796;48;255;1510300804;0
32;16;10;5;1;48;1510300827;48;255;1510300835;0
32;16;10;5;1;48;1510301562;48;255;1510301570;0
32;16;10;5;1;48;1510301691;48;255;1510301699;0
32;16;10;5;1;48;1510301735;48;255;1510301743;0
32;16;10;5;1;48;1510301761;48;255;1510301769;0
32;16;10;5;1;48;1510302494;48;255;1510302502;0
32;16;10;5;1;48;1510302622;48;255;1510302631;1
32;16;10;5;1;48;1510302673;48;255;1510302682;0
32;16;10;5;1;48;1510302697;48;255;1510302705;0
32;16;10;5;1;48;1510303468;48;255;1510303477;1
32;16;10;5;1;48;1510303617;48;255;1510303626;0
32;16;10;5;1;48;1510303664;48;255;1510303672;0
32;16;10;5;1;48;1510303696;48;255;1510303704;0
32;16;10;5;1;48;1510304442;48;255;1510304450;0
32;16;10;5;1;48;1510304584;48;255;1510304592;1
32;16;10;5;1;48;1510304632;48;255;1510304641;0
32;16;10;5;1;48;1510304684;48;255;1510304693;0
32;16;10;5;1;48;1510305416;48;255;1510305424;0
32;16;10;5;1;48;1510305540;48;255;1510305548;1
32;16;10;5;1;48;1510305596;48;255;1510305604;1
32;16;10;5;1;48;1510305650;48;255;1510305659;0
32;16;10;5;1;48;1510306390;48;255;1510306399;0
32;16;10;5;1;48;1510306539;48;255;1510306548;0
32;16;10;5;1;48;1510306590;48;255;1510306599;0
32;16;10;5;1;48;1510306676;48;255;1510306685;0
