32;16;10;5;1;5;1509981467;5;255;1509981474;1
32;16;10;5;1;5;1509981536;5;255;1509981542;1
32;16;10;5;1;5;1509981601;5;255;1509981608;1
32;16;10;5;1;5;1509981713;5;255;1509981720;1
32;16;10;5;1;5;1509982457;5;255;1509982464;1
32;16;10;5;1;5;1509982523;5;255;1509982530;1
32;16;10;5;1;5;1509982594;5;255;1509982601;1
32;16;10;5;1;5;1509982691;5;255;1509982698;1
32;16;10;5;1;5;1509983414;5;255;1509983421;1
32;16;10;5;1;5;1509983473;5;255;1509983479;1
32;16;10;5;1;5;1509983540;5;255;1509983547;1
32;16;10;5;1;5;1509983651;5;255;1509983658;1
32;16;10;5;1;5;1509984356;5;255;1509984363;1
32;16;10;5;1;5;1509984411;5;255;1509984418;1
32;16;10;5;1;5;1509984483;5;255;1509984489;1
32;16;10;5;1;5;1509984591;5;255;1509984598;1
32;16;10;5;1;5;1509985297;5;255;1509985303;1
32;16;10;5;1;5;1509985354;5;255;1509985360;1
32;16;10;5;1;5;1509985423;5;255;1509985430;1
32;16;10;5;1;5;1509985533;5;255;1509985539;1
32;16;10;5;1;5;1509986237;5;255;1509986244;1
32;16;10;5;1;5;1509986296;5;255;1509986302;1
32;16;10;5;1;5;1509986365;5;255;1509986372;1
32;16;10;5;1;5;1509986475;5;255;1509986481;1
32;16;10;5;1;5;1509987178;5;255;1509987184;1
32;16;10;5;1;5;1509987239;5;255;1509987245;1
32;16;10;5;1;5;1509987305;5;255;1509987311;1
32;16;10;5;1;5;1509987418;5;255;1509987424;1
32;16;10;5;1;5;1509988119;5;255;1509988126;1
32;16;10;5;1;5;1509988182;5;255;1509988189;1
32;16;10;5;1;5;1509988245;5;255;1509988251;1
32;16;10;5;1;5;1509988359;5;255;1509988365;1
32;16;10;5;1;5;1509989062;5;255;1509989068;1
32;16;10;5;1;5;1509989123;5;255;1509989130;1
32;16;10;5;1;5;1509989188;5;255;1509989194;1
32;16;10;5;1;5;1509989300;5;255;1509989307;1
32;16;10;5;1;5;1509990003;5;255;1509990009;1
32;16;10;5;1;5;1509990066;5;255;1509990073;1
32;16;10;5;1;5;1509990129;5;255;1509990136;1
32;16;10;5;1;5;1509990243;5;255;1509990250;1
32;16;10;5;1;5;1509990945;5;255;1509990951;1
32;16;10;5;1;5;1509991007;5;255;1509991014;1
32;16;10;5;1;5;1509991070;5;255;1509991076;1
32;16;10;5;1;5;1509991185;5;255;1509991192;1
32;16;10;5;1;5;1509991887;5;255;1509991894;1
32;16;10;5;1;5;1509991949;5;255;1509991955;1
32;16;10;5;1;5;1509992010;5;255;1509992016;1
32;16;10;5;1;5;1509992127;5;255;1509992134;1
32;16;10;5;1;5;1509992830;5;255;1509992837;1
32;16;10;5;1;5;1509992889;5;255;1509992896;1
32;16;10;5;1;5;1509992950;5;255;1509992957;1
32;16;10;5;1;5;1509993068;5;255;1509993075;1
32;16;10;5;1;5;1509993771;5;255;1509993778;1
32;16;10;5;1;5;1509993831;5;255;1509993837;1
32;16;10;5;1;5;1509993892;5;255;1509993898;1
32;16;10;5;1;5;1509994010;5;255;1509994017;1
32;16;10;5;1;5;1509994712;5;255;1509994718;1
32;16;10;5;1;5;1509994772;5;255;1509994778;1
32;16;10;5;1;5;1509994832;5;255;1509994839;1
32;16;10;5;1;5;1509994952;5;255;1509994959;1
32;16;10;5;1;5;1509995658;5;255;1509995664;1
32;16;10;5;1;5;1509995713;5;255;1509995720;1
32;16;10;5;1;5;1509995790;5;255;1509995797;1
32;16;10;5;1;5;1509995894;5;255;1509995901;1
32;16;10;5;1;5;1509996601;5;255;1509996608;1
32;16;10;5;1;5;1509996655;5;255;1509996662;1
32;16;10;5;1;5;1509996733;5;255;1509996739;1
32;16;10;5;1;5;1509996834;5;255;1509996841;1
32;16;10;5;1;5;1509997543;5;255;1509997550;1
32;16;10;5;1;5;1509997599;5;255;1509997606;1
32;16;10;5;1;5;1509997673;5;255;1509997680;1
32;16;10;5;1;5;1509997775;5;255;1509997781;1
32;16;10;5;1;5;1509998484;5;255;1509998491;1
32;16;10;5;1;5;1509998540;5;255;1509998547;1
32;16;10;5;1;5;1509998614;5;255;1509998620;1
32;16;10;5;1;5;1509998718;5;255;1509998724;1
32;16;10;5;1;5;1509999429;5;255;1509999436;1
32;16;10;5;1;5;1509999482;5;255;1509999488;1
32;16;10;5;1;5;1509999553;5;255;1509999560;1
32;16;10;5;1;5;1509999657;5;255;1509999663;1
32;16;10;5;1;5;1510000370;5;255;1510000377;1
32;16;10;5;1;5;1510000426;5;255;1510000432;1
32;16;10;5;1;5;1510000494;5;255;1510000500;1
32;16;10;5;1;5;1510000596;5;255;1510000603;1
32;16;10;5;1;5;1510001312;5;255;1510001319;1
32;16;10;5;1;5;1510001368;5;255;1510001375;1
32;16;10;5;1;5;1510001434;5;255;1510001441;1
32;16;10;5;1;5;1510001537;5;255;1510001544;1
32;16;10;5;1;5;1510002253;5;255;1510002260;1
32;16;10;5;1;5;1510002311;5;255;1510002318;1
32;16;10;5;1;5;1510002375;5;255;1510002382;1
32;16;10;5;1;5;1510002477;5;255;1510002483;1
32;16;10;5;1;5;1510003196;5;255;1510003202;1
32;16;10;5;1;5;1510003255;5;255;1510003261;1
32;16;10;5;1;5;1510003318;5;255;1510003325;1
32;16;10;5;1;5;1510003419;5;255;1510003425;1
32;16;10;5;1;5;1510004135;5;255;1510004141;1
32;16;10;5;1;5;1510004194;5;255;1510004201;1
32;16;10;5;1;5;1510004263;5;255;1510004269;1
32;16;10;5;1;5;1510004362;5;255;1510004368;1
32;16;10;5;1;5;1510005077;5;255;1510005083;1
32;16;10;5;1;5;1510005136;5;255;1510005142;1
32;16;10;5;1;5;1510005204;5;255;1510005210;1
32;16;10;5;1;5;1510005303;5;255;1510005309;1
32;16;10;5;1;5;1510006018;5;255;1510006024;1
32;16;10;5;1;5;1510006076;5;255;1510006083;1
32;16;10;5;1;5;1510006148;5;255;1510006155;1
32;16;10;5;1;5;1510006244;5;255;1510006250;1
32;16;10;5;1;5;1510006957;5;255;1510006964;1
32;16;10;5;1;5;1510007017;5;255;1510007023;1
32;16;10;5;1;5;1510007092;5;255;1510007099;1
32;16;10;5;1;5;1510007183;5;255;1510007189;1
32;16;10;5;1;5;1510007897;5;255;1510007904;1
32;16;10;5;1;5;1510007955;5;255;1510007962;1
32;16;10;5;1;5;1510008034;5;255;1510008041;1
32;16;10;5;1;5;1510008127;5;255;1510008133;1
32;16;10;5;1;5;1510008838;5;255;1510008845;1
32;16;10;5;1;5;1510008896;5;255;1510008903;1
32;16;10;5;1;5;1510008976;5;255;1510008982;1
32;16;10;5;1;5;1510009069;5;255;1510009075;1
32;16;10;5;1;5;1510009782;5;255;1510009788;1
32;16;10;5;1;5;1510009837;5;255;1510009843;1
32;16;10;5;1;5;1510009918;5;255;1510009924;1
32;16;10;5;1;5;1510010011;5;255;1510010018;1
32;16;10;5;1;5;1510010721;5;255;1510010727;1
32;16;10;5;1;5;1510010778;5;255;1510010784;1
32;16;10;5;1;5;1510010859;5;255;1510010866;1
32;16;10;5;1;5;1510010954;5;255;1510010961;1
32;16;10;5;1;5;1510011660;5;255;1510011666;1
32;16;10;5;1;5;1510011722;5;255;1510011729;1
32;16;10;5;1;5;1510011801;5;255;1510011808;1
32;16;10;5;1;5;1510011894;5;255;1510011901;1
32;16;10;5;1;5;1510012603;5;255;1510012609;1
32;16;10;5;1;5;1510012666;5;255;1510012672;1
32;16;10;5;1;5;1510012741;5;255;1510012748;1
32;16;10;5;1;5;1510012835;5;255;1510012842;1
32;16;10;5;1;5;1510013546;5;255;1510013552;1
32;16;10;5;1;5;1510013609;5;255;1510013616;1
32;16;10;5;1;5;1510013682;5;255;1510013689;1
32;16;10;5;1;5;1510013777;5;255;1510013784;1
32;16;10;5;1;5;1510014487;5;255;1510014494;1
32;16;10;5;1;5;1510014550;5;255;1510014557;1
32;16;10;5;1;5;1510014623;5;255;1510014630;1
32;16;10;5;1;5;1510014718;5;255;1510014725;1
32;16;10;5;1;5;1510015428;5;255;1510015435;1
32;16;10;5;1;5;1510015491;5;255;1510015498;1
32;16;10;5;1;5;1510015563;5;255;1510015570;1
32;16;10;5;1;5;1510015660;5;255;1510015667;1
32;16;10;5;1;5;1510016370;5;255;1510016376;1
32;16;10;5;1;5;1510016433;5;255;1510016439;1
32;16;10;5;1;5;1510016505;5;255;1510016512;1
32;16;10;5;1;5;1510016601;5;255;1510016607;1
32;16;10;5;1;5;1510017311;5;255;1510017317;1
32;16;10;5;1;5;1510017377;5;255;1510017383;1
32;16;10;5;1;5;1510017445;5;255;1510017452;1
32;16;10;5;1;5;1510017542;5;255;1510017549;1
32;16;10;5;1;5;1510018250;5;255;1510018257;1
32;16;10;5;1;5;1510018319;5;255;1510018325;1
32;16;10;5;1;5;1510018387;5;255;1510018394;1
32;16;10;5;1;5;1510018485;5;255;1510018491;1
32;16;10;5;1;5;1510019192;5;255;1510019199;1
32;16;10;5;1;5;1510019262;5;255;1510019269;1
32;16;10;5;1;5;1510019327;5;255;1510019334;1
32;16;10;5;1;5;1510019426;5;255;1510019433;1
32;16;10;5;1;5;1510020133;5;255;1510020140;1
32;16;10;5;1;5;1510020207;5;255;1510020214;1
32;16;10;5;1;5;1510020267;5;255;1510020274;1
32;16;10;5;1;5;1510020365;5;255;1510020372;1
32;16;10;5;1;5;1510021075;5;255;1510021081;1
32;16;10;5;1;5;1510021148;5;255;1510021155;1
32;16;10;5;1;5;1510021208;5;255;1510021215;1
32;16;10;5;1;5;1510021308;5;255;1510021315;1
32;16;10;5;1;5;1510022015;5;255;1510022021;1
32;16;10;5;1;5;1510022088;5;255;1510022095;1
32;16;10;5;1;5;1510022150;5;255;1510022157;1
32;16;10;5;1;5;1510022249;5;255;1510022256;1
32;16;10;5;1;5;1510022955;5;255;1510022962;1
32;16;10;5;1;5;1510023028;5;255;1510023035;1
32;16;10;5;1;5;1510023095;5;255;1510023102;1
32;16;10;5;1;5;1510023189;5;255;1510023195;1
32;16;10;5;1;5;1510023899;5;255;1510023905;1
32;16;10;5;1;5;1510023970;5;255;1510023977;1
32;16;10;5;1;5;1510024037;5;255;1510024043;1
32;16;10;5;1;5;1510024130;5;255;1510024137;1
32;16;10;5;1;5;1510024842;5;255;1510024848;1
32;16;10;5;1;5;1510024910;5;255;1510024917;1
32;16;10;5;1;5;1510024979;5;255;1510024985;1
32;16;10;5;1;5;1510025072;5;255;1510025078;1
32;16;10;5;1;5;1510025786;5;255;1510025792;1
32;16;10;5;1;5;1510025851;5;255;1510025857;1
32;16;10;5;1;5;1510025920;5;255;1510025927;1
32;16;10;5;1;5;1510026011;5;255;1510026018;1
32;16;10;5;1;5;1510026726;5;255;1510026733;1
32;16;10;5;1;5;1510026792;5;255;1510026799;1
32;16;10;5;1;5;1510026862;5;255;1510026869;1
32;16;10;5;1;5;1510026953;5;255;1510026960;1
32;16;10;5;1;5;1510027667;5;255;1510027674;1
32;16;10;5;1;5;1510027733;5;255;1510027739;1
32;16;10;5;1;5;1510027805;5;255;1510027811;1
32;16;10;5;1;5;1510027893;5;255;1510027900;1
32;16;10;5;1;5;1510028609;5;255;1510028616;1
32;16;10;5;1;5;1510028676;5;255;1510028682;1
32;16;10;5;1;5;1510028747;5;255;1510028754;1
32;16;10;5;1;5;1510028832;5;255;1510028839;1
32;16;10;5;1;5;1510029552;5;255;1510029559;1
32;16;10;5;1;5;1510029617;5;255;1510029624;1
32;16;10;5;1;5;1510029686;5;255;1510029693;1
32;16;10;5;1;5;1510029774;5;255;1510029780;1
32;16;10;5;1;5;1510030491;5;255;1510030498;1
32;16;10;5;1;5;1510030561;5;255;1510030568;1
32;16;10;5;1;5;1510030634;5;255;1510030640;1
32;16;10;5;1;5;1510030714;5;255;1510030721;1
32;16;10;5;1;5;1510031434;5;255;1510031441;1
32;16;10;5;1;5;1510031500;5;255;1510031507;1
32;16;10;5;1;5;1510031574;5;255;1510031581;1
32;16;10;5;1;5;1510031656;5;255;1510031663;1
32;16;10;5;1;5;1510032374;5;255;1510032380;1
32;16;10;5;1;5;1510032442;5;255;1510032448;1
32;16;10;5;1;5;1510032519;5;255;1510032525;1
32;16;10;5;1;5;1510032599;5;255;1510032605;1
32;16;10;5;1;5;1510033316;5;255;1510033322;1
32;16;10;5;1;5;1510033382;5;255;1510033389;1
32;16;10;5;1;5;1510033460;5;255;1510033467;1
32;16;10;5;1;5;1510033538;5;255;1510033545;1
32;16;10;5;1;5;1510034259;5;255;1510034266;1
32;16;10;5;1;5;1510034324;5;255;1510034331;1
32;16;10;5;1;5;1510034400;5;255;1510034407;1
32;16;10;5;1;5;1510034478;5;255;1510034485;1
32;16;10;5;1;5;1510035199;5;255;1510035206;1
32;16;10;5;1;5;1510035266;5;255;1510035273;1
32;16;10;5;1;5;1510035340;5;255;1510035346;1
32;16;10;5;1;5;1510035421;5;255;1510035428;1
32;16;10;5;1;5;1510036142;5;255;1510036148;1
32;16;10;5;1;5;1510036208;5;255;1510036215;1
32;16;10;5;1;5;1510036283;5;255;1510036290;1
32;16;10;5;1;5;1510036360;5;255;1510036367;1
32;16;10;5;1;5;1510037083;5;255;1510037090;1
32;16;10;5;1;5;1510037151;5;255;1510037157;1
32;16;10;5;1;5;1510037223;5;255;1510037230;1
32;16;10;5;1;5;1510037300;5;255;1510037307;1
32;16;10;5;1;5;1510038025;5;255;1510038032;1
32;16;10;5;1;5;1510038093;5;255;1510038100;1
32;16;10;5;1;5;1510038164;5;255;1510038170;1
32;16;10;5;1;5;1510038242;5;255;1510038249;1
32;16;10;5;1;5;1510038967;5;255;1510038974;1
32;16;10;5;1;5;1510039035;5;255;1510039041;1
32;16;10;5;1;5;1510039106;5;255;1510039112;1
32;16;10;5;1;5;1510039182;5;255;1510039189;1
32;16;10;5;1;5;1510039909;5;255;1510039915;1
32;16;10;5;1;5;1510039975;5;255;1510039981;1
32;16;10;5;1;5;1510040048;5;255;1510040055;1
32;16;10;5;1;5;1510040123;5;255;1510040130;1
32;16;10;5;1;5;1510040850;5;255;1510040856;1
32;16;10;5;1;5;1510040916;5;255;1510040923;1
32;16;10;5;1;5;1510040992;5;255;1510040998;1
32;16;10;5;1;5;1510041063;5;255;1510041070;1
32;16;10;5;1;5;1510041792;5;255;1510041798;1
32;16;10;5;1;5;1510041859;5;255;1510041865;1
32;16;10;5;1;5;1510041935;5;255;1510041941;1
32;16;10;5;1;5;1510042003;5;255;1510042010;1
32;16;10;5;1;5;1510042733;5;255;1510042740;1
32;16;10;5;1;5;1510042800;5;255;1510042806;1
32;16;10;5;1;5;1510042877;5;255;1510042883;1
32;16;10;5;1;5;1510042946;5;255;1510042953;1
32;16;10;5;1;5;1510043672;5;255;1510043679;1
32;16;10;5;1;5;1510043744;5;255;1510043750;1
32;16;10;5;1;5;1510043816;5;255;1510043823;1
32;16;10;5;1;5;1510043889;5;255;1510043895;1
32;16;10;5;1;5;1510044625;5;255;1510044632;1
32;16;10;5;1;5;1510044694;5;255;1510044700;1
32;16;10;5;1;5;1510044767;5;255;1510044774;1
32;16;10;5;1;5;1510044845;5;255;1510044851;1
32;16;10;5;1;5;1510045623;5;255;1510045630;1
32;16;10;5;1;5;1510045696;5;255;1510045703;1
32;16;10;5;1;5;1510045772;5;255;1510045779;1
32;16;10;5;1;5;1510045852;5;255;1510045859;1
32;16;10;5;1;5;1510046632;5;255;1510046639;1
32;16;10;5;1;5;1510046642;5;255;1510046648;1
32;16;10;5;1;5;1510046651;5;255;1510046659;1
32;16;10;5;1;5;1510046657;5;255;1510046664;1
32;16;10;5;1;5;1510047597;5;255;1510047604;1
32;16;10;5;1;5;1510047616;5;255;1510047623;1
32;16;10;5;1;5;1510047619;5;255;1510047626;1
32;16;10;5;1;5;1510047620;5;255;1510047626;1
32;16;10;5;1;5;1510048571;5;255;1510048578;1
32;16;10;5;1;5;1510048585;5;255;1510048592;1
32;16;10;5;1;5;1510048588;5;255;1510048595;1
32;16;10;5;1;5;1510048596;5;255;1510048602;1
32;16;10;5;1;5;1510049607;5;255;1510049614;1
32;16;10;5;1;5;1510049614;5;255;1510049621;1
32;16;10;5;1;5;1510049630;5;255;1510049637;1
32;16;10;5;1;5;1510050564;5;255;1510050571;1
32;16;10;5;1;5;1510050572;5;255;1510050578;1
32;16;10;5;1;5;1510050588;5;255;1510050595;1
32;16;10;5;1;5;1510051524;5;255;1510051531;1
32;16;10;5;1;5;1510051530;5;255;1510051537;1
32;16;10;5;1;5;1510051549;5;255;1510051556;1
32;16;10;5;1;5;1510052481;5;255;1510052488;1
32;16;10;5;1;5;1510052487;5;255;1510052494;1
32;16;10;5;1;5;1510052505;5;255;1510052512;1
32;16;10;5;1;5;1510053437;5;255;1510053444;1
32;16;10;5;1;5;1510053444;5;255;1510053450;1
32;16;10;5;1;5;1510053463;5;255;1510053470;1
32;16;10;5;1;5;1510054396;5;255;1510054403;1
32;16;10;5;1;5;1510054403;5;255;1510054410;1
32;16;10;5;1;5;1510054422;5;255;1510054429;1
32;16;10;5;1;5;1510055358;5;255;1510055365;1
32;16;10;5;1;5;1510055371;5;255;1510055378;1
32;16;10;5;1;5;1510055389;5;255;1510055397;1
32;16;10;5;1;5;1510056327;5;255;1510056333;1
32;16;10;5;1;5;1510056344;5;255;1510056351;1
32;16;10;5;1;5;1510056368;5;255;1510056375;1
32;16;10;5;1;5;1510057279;5;255;1510057285;1
32;16;10;5;1;5;1510057300;5;255;1510057306;1
32;16;10;5;1;5;1510057327;5;255;1510057334;1
32;16;10;5;1;5;1510058220;5;255;1510058227;1
32;16;10;5;1;5;1510058242;5;255;1510058248;1
32;16;10;5;1;5;1510058268;5;255;1510058275;1
32;16;10;5;1;5;1510059160;5;255;1510059167;1
32;16;10;5;1;5;1510059182;5;255;1510059188;1
32;16;10;5;1;5;1510059209;5;255;1510059216;1
32;16;10;5;1;5;1510060105;5;255;1510060112;1
32;16;10;5;1;5;1510060126;5;255;1510060133;1
32;16;10;5;1;5;1510060157;5;255;1510060164;1
32;16;10;5;1;5;1510061067;5;255;1510061074;1
32;16;10;5;1;5;1510061085;5;255;1510061091;1
32;16;10;5;1;5;1510061120;5;255;1510061126;1
