32;16;10;5;1;51;1509981821;51;255;1509981830;0
32;16;10;5;1;51;1509981891;51;255;1509981900;0
32;16;10;5;1;51;1509981957;51;255;1509981966;0
32;16;10;5;1;51;1509982069;51;255;1509982077;1
32;16;10;5;1;51;1509982813;51;255;1509982822;1
32;16;10;5;1;51;1509982871;51;255;1509982879;0
32;16;10;5;1;51;1509982939;51;255;1509982948;0
32;16;10;5;1;51;1509983044;51;255;1509983053;0
32;16;10;5;1;51;1509983756;51;255;1509983764;0
32;16;10;5;1;51;1509983814;51;255;1509983823;0
32;16;10;5;1;51;1509983883;51;255;1509983892;1
32;16;10;5;1;51;1509983994;51;255;1509984002;0
32;16;10;5;1;51;1509984700;51;255;1509984708;0
32;16;10;5;1;51;1509984755;51;255;1509984764;0
32;16;10;5;1;51;1509984825;51;255;1509984833;0
32;16;10;5;1;51;1509984933;51;255;1509984941;0
32;16;10;5;1;51;1509985640;51;255;1509985648;1
32;16;10;5;1;51;1509985696;51;255;1509985704;0
32;16;10;5;1;51;1509985768;51;255;1509985776;0
32;16;10;5;1;51;1509985875;51;255;1509985883;0
32;16;10;5;1;51;1509986580;51;255;1509986589;1
32;16;10;5;1;51;1509986638;51;255;1509986647;0
32;16;10;5;1;51;1509986707;51;255;1509986716;0
32;16;10;5;1;51;1509986818;51;255;1509986827;0
32;16;10;5;1;51;1509987521;51;255;1509987529;0
32;16;10;5;1;51;1509987583;51;255;1509987591;0
32;16;10;5;1;51;1509987646;51;255;1509987655;0
32;16;10;5;1;51;1509987760;51;255;1509987769;0
32;16;10;5;1;51;1509988463;51;255;1509988472;0
32;16;10;5;1;51;1509988525;51;255;1509988533;0
32;16;10;5;1;51;1509988587;51;255;1509988595;0
32;16;10;5;1;51;1509988703;51;255;1509988711;0
32;16;10;5;1;51;1509989404;51;255;1509989413;0
32;16;10;5;1;51;1509989467;51;255;1509989475;1
32;16;10;5;1;51;1509989532;51;255;1509989541;0
32;16;10;5;1;51;1509989645;51;255;1509989653;0
32;16;10;5;1;51;1509990346;51;255;1509990354;0
32;16;10;5;1;51;1509990410;51;255;1509990419;0
32;16;10;5;1;51;1509990472;51;255;1509990480;0
32;16;10;5;1;51;1509990586;51;255;1509990594;1
32;16;10;5;1;51;1509991288;51;255;1509991297;0
32;16;10;5;1;51;1509991349;51;255;1509991357;0
32;16;10;5;1;51;1509991412;51;255;1509991420;1
32;16;10;5;1;51;1509991528;51;255;1509991537;0
32;16;10;5;1;51;1509992230;51;255;1509992239;0
32;16;10;5;1;51;1509992291;51;255;1509992299;1
32;16;10;5;1;51;1509992352;51;255;1509992360;1
32;16;10;5;1;51;1509992470;51;255;1509992478;0
32;16;10;5;1;51;1509993173;51;255;1509993182;0
32;16;10;5;1;51;1509993233;51;255;1509993241;1
32;16;10;5;1;51;1509993293;51;255;1509993301;0
32;16;10;5;1;51;1509993412;51;255;1509993420;0
32;16;10;5;1;51;1509994113;51;255;1509994122;0
32;16;10;5;1;51;1509994173;51;255;1509994182;0
32;16;10;5;1;51;1509994234;51;255;1509994243;0
32;16;10;5;1;51;1509994354;51;255;1509994362;0
32;16;10;5;1;51;1509995056;51;255;1509995064;0
32;16;10;5;1;51;1509995114;51;255;1509995123;0
32;16;10;5;1;51;1509995175;51;255;1509995184;0
32;16;10;5;1;51;1509995295;51;255;1509995303;0
32;16;10;5;1;51;1509996003;51;255;1509996011;0
32;16;10;5;1;51;1509996057;51;255;1509996065;0
32;16;10;5;1;51;1509996133;51;255;1509996142;0
32;16;10;5;1;51;1509996236;51;255;1509996244;0
32;16;10;5;1;51;1509996945;51;255;1509996953;0
32;16;10;5;1;51;1509996997;51;255;1509997006;1
32;16;10;5;1;51;1509997075;51;255;1509997083;0
32;16;10;5;1;51;1509997178;51;255;1509997186;0
32;16;10;5;1;51;1509997886;51;255;1509997894;0
32;16;10;5;1;51;1509997942;51;255;1509997951;0
32;16;10;5;1;51;1509998016;51;255;1509998025;0
32;16;10;5;1;51;1509998118;51;255;1509998127;0
32;16;10;5;1;51;1509998828;51;255;1509998836;0
32;16;10;5;1;51;1509998882;51;255;1509998890;0
32;16;10;5;1;51;1509998956;51;255;1509998965;0
32;16;10;5;1;51;1509999060;51;255;1509999068;0
32;16;10;5;1;51;1509999772;51;255;1509999780;0
32;16;10;5;1;51;1509999825;51;255;1509999833;0
32;16;10;5;1;51;1509999896;51;255;1509999904;0
32;16;10;5;1;51;1510000000;51;255;1510000008;1
32;16;10;5;1;51;1510000714;51;255;1510000723;1
32;16;10;5;1;51;1510000768;51;255;1510000776;0
32;16;10;5;1;51;1510000837;51;255;1510000845;0
32;16;10;5;1;51;1510000938;51;255;1510000947;0
32;16;10;5;1;51;1510001655;51;255;1510001664;0
32;16;10;5;1;51;1510001712;51;255;1510001721;0
32;16;10;5;1;51;1510001776;51;255;1510001785;0
32;16;10;5;1;51;1510001880;51;255;1510001888;0
32;16;10;5;1;51;1510002596;51;255;1510002604;0
32;16;10;5;1;51;1510002657;51;255;1510002666;0
32;16;10;5;1;51;1510002719;51;255;1510002727;0
32;16;10;5;1;51;1510002819;51;255;1510002828;0
32;16;10;5;1;51;1510003538;51;255;1510003546;0
32;16;10;5;1;51;1510003597;51;255;1510003605;0
32;16;10;5;1;51;1510003661;51;255;1510003669;0
32;16;10;5;1;51;1510003763;51;255;1510003771;0
32;16;10;5;1;51;1510004478;51;255;1510004486;0
32;16;10;5;1;51;1510004537;51;255;1510004545;0
32;16;10;5;1;51;1510004606;51;255;1510004615;0
32;16;10;5;1;51;1510004704;51;255;1510004712;0
32;16;10;5;1;51;1510005420;51;255;1510005428;1
32;16;10;5;1;51;1510005479;51;255;1510005487;0
32;16;10;5;1;51;1510005546;51;255;1510005555;0
32;16;10;5;1;51;1510005645;51;255;1510005654;0
32;16;10;5;1;51;1510006359;51;255;1510006367;0
32;16;10;5;1;51;1510006418;51;255;1510006426;0
32;16;10;5;1;51;1510006492;51;255;1510006500;0
32;16;10;5;1;51;1510006586;51;255;1510006594;0
32;16;10;5;1;51;1510007299;51;255;1510007308;0
32;16;10;5;1;51;1510007358;51;255;1510007367;0
32;16;10;5;1;51;1510007437;51;255;1510007446;0
32;16;10;5;1;51;1510007526;51;255;1510007534;0
32;16;10;5;1;51;1510008240;51;255;1510008248;0
32;16;10;5;1;51;1510008298;51;255;1510008306;0
32;16;10;5;1;51;1510008377;51;255;1510008385;0
32;16;10;5;1;51;1510008470;51;255;1510008479;0
32;16;10;5;1;51;1510009182;51;255;1510009191;0
32;16;10;5;1;51;1510009239;51;255;1510009248;0
32;16;10;5;1;51;1510009319;51;255;1510009327;0
32;16;10;5;1;51;1510009412;51;255;1510009421;0
32;16;10;5;1;51;1510010123;51;255;1510010132;0
32;16;10;5;1;51;1510010180;51;255;1510010188;1
32;16;10;5;1;51;1510010260;51;255;1510010268;0
32;16;10;5;1;51;1510010355;51;255;1510010364;0
32;16;10;5;1;51;1510011064;51;255;1510011072;0
32;16;10;5;1;51;1510011123;51;255;1510011131;0
32;16;10;5;1;51;1510011201;51;255;1510011209;0
32;16;10;5;1;51;1510011297;51;255;1510011305;0
32;16;10;5;1;51;1510012003;51;255;1510012011;0
32;16;10;5;1;51;1510012066;51;255;1510012075;0
32;16;10;5;1;51;1510012144;51;255;1510012152;0
32;16;10;5;1;51;1510012236;51;255;1510012244;0
32;16;10;5;1;51;1510012947;51;255;1510012955;0
32;16;10;5;1;51;1510013009;51;255;1510013017;0
32;16;10;5;1;51;1510013084;51;255;1510013093;0
32;16;10;5;1;51;1510013178;51;255;1510013187;0
32;16;10;5;1;51;1510013887;51;255;1510013895;0
32;16;10;5;1;51;1510013952;51;255;1510013961;0
32;16;10;5;1;51;1510014024;51;255;1510014033;0
32;16;10;5;1;51;1510014121;51;255;1510014129;0
32;16;10;5;1;51;1510014830;51;255;1510014839;0
32;16;10;5;1;51;1510014893;51;255;1510014901;0
32;16;10;5;1;51;1510014965;51;255;1510014973;1
32;16;10;5;1;51;1510015062;51;255;1510015070;0
32;16;10;5;1;51;1510015772;51;255;1510015780;0
32;16;10;5;1;51;1510015834;51;255;1510015842;0
32;16;10;5;1;51;1510015907;51;255;1510015915;0
32;16;10;5;1;51;1510016003;51;255;1510016011;0
32;16;10;5;1;51;1510016712;51;255;1510016720;0
32;16;10;5;1;51;1510016777;51;255;1510016785;0
32;16;10;5;1;51;1510016847;51;255;1510016855;0
32;16;10;5;1;51;1510016945;51;255;1510016953;1
32;16;10;5;1;51;1510017654;51;255;1510017662;0
32;16;10;5;1;51;1510017720;51;255;1510017728;0
32;16;10;5;1;51;1510017789;51;255;1510017797;0
32;16;10;5;1;51;1510017885;51;255;1510017894;0
32;16;10;5;1;51;1510018593;51;255;1510018602;0
32;16;10;5;1;51;1510018663;51;255;1510018672;0
32;16;10;5;1;51;1510018730;51;255;1510018738;0
32;16;10;5;1;51;1510018827;51;255;1510018836;0
32;16;10;5;1;51;1510019536;51;255;1510019545;0
32;16;10;5;1;51;1510019605;51;255;1510019614;0
32;16;10;5;1;51;1510019669;51;255;1510019678;0
32;16;10;5;1;51;1510019769;51;255;1510019777;0
32;16;10;5;1;51;1510020476;51;255;1510020485;0
32;16;10;5;1;51;1510020549;51;255;1510020558;0
32;16;10;5;1;51;1510020611;51;255;1510020619;0
32;16;10;5;1;51;1510020708;51;255;1510020717;1
32;16;10;5;1;51;1510021417;51;255;1510021425;1
32;16;10;5;1;51;1510021490;51;255;1510021498;1
32;16;10;5;1;51;1510021552;51;255;1510021561;0
32;16;10;5;1;51;1510021651;51;255;1510021660;0
32;16;10;5;1;51;1510022357;51;255;1510022366;0
32;16;10;5;1;51;1510022431;51;255;1510022440;0
32;16;10;5;1;51;1510022493;51;255;1510022502;0
32;16;10;5;1;51;1510022592;51;255;1510022600;0
32;16;10;5;1;51;1510023299;51;255;1510023308;0
32;16;10;5;1;51;1510023372;51;255;1510023380;0
32;16;10;5;1;51;1510023439;51;255;1510023447;0
32;16;10;5;1;51;1510023533;51;255;1510023541;1
32;16;10;5;1;51;1510024242;51;255;1510024250;0
32;16;10;5;1;51;1510024312;51;255;1510024321;1
32;16;10;5;1;51;1510024380;51;255;1510024388;0
32;16;10;5;1;51;1510024474;51;255;1510024482;1
32;16;10;5;1;51;1510025186;51;255;1510025195;0
32;16;10;5;1;51;1510025252;51;255;1510025261;0
32;16;10;5;1;51;1510025322;51;255;1510025331;0
32;16;10;5;1;51;1510025413;51;255;1510025422;0
32;16;10;5;1;51;1510026128;51;255;1510026137;0
32;16;10;5;1;51;1510026194;51;255;1510026202;0
32;16;10;5;1;51;1510026263;51;255;1510026272;0
32;16;10;5;1;51;1510026355;51;255;1510026363;0
32;16;10;5;1;51;1510027069;51;255;1510027077;0
32;16;10;5;1;51;1510027134;51;255;1510027142;0
32;16;10;5;1;51;1510027207;51;255;1510027215;0
32;16;10;5;1;51;1510027296;51;255;1510027304;0
32;16;10;5;1;51;1510028011;51;255;1510028019;0
32;16;10;5;1;51;1510028076;51;255;1510028084;0
32;16;10;5;1;51;1510028147;51;255;1510028155;0
32;16;10;5;1;51;1510028235;51;255;1510028243;0
32;16;10;5;1;51;1510028953;51;255;1510028961;0
32;16;10;5;1;51;1510029020;51;255;1510029028;0
32;16;10;5;1;51;1510029089;51;255;1510029098;0
32;16;10;5;1;51;1510029176;51;255;1510029184;1
32;16;10;5;1;51;1510029894;51;255;1510029902;1
32;16;10;5;1;51;1510029961;51;255;1510029970;0
32;16;10;5;1;51;1510030031;51;255;1510030040;0
32;16;10;5;1;51;1510030115;51;255;1510030124;0
32;16;10;5;1;51;1510030836;51;255;1510030844;1
32;16;10;5;1;51;1510030903;51;255;1510030911;0
32;16;10;5;1;51;1510030976;51;255;1510030984;0
32;16;10;5;1;51;1510031057;51;255;1510031065;0
32;16;10;5;1;51;1510031777;51;255;1510031785;0
32;16;10;5;1;51;1510031843;51;255;1510031851;0
32;16;10;5;1;51;1510031919;51;255;1510031927;0
32;16;10;5;1;51;1510031999;51;255;1510032007;1
32;16;10;5;1;51;1510032716;51;255;1510032724;0
32;16;10;5;1;51;1510032785;51;255;1510032793;0
32;16;10;5;1;51;1510032861;51;255;1510032869;0
32;16;10;5;1;51;1510032940;51;255;1510032949;0
32;16;10;5;1;51;1510033660;51;255;1510033668;0
32;16;10;5;1;51;1510033725;51;255;1510033733;0
32;16;10;5;1;51;1510033802;51;255;1510033810;1
32;16;10;5;1;51;1510033881;51;255;1510033890;0
32;16;10;5;1;51;1510034602;51;255;1510034610;1
32;16;10;5;1;51;1510034667;51;255;1510034675;0
32;16;10;5;1;51;1510034743;51;255;1510034751;0
32;16;10;5;1;51;1510034822;51;255;1510034831;0
32;16;10;5;1;51;1510035543;51;255;1510035551;0
32;16;10;5;1;51;1510035609;51;255;1510035617;0
32;16;10;5;1;51;1510035684;51;255;1510035693;1
32;16;10;5;1;51;1510035762;51;255;1510035771;0
32;16;10;5;1;51;1510036484;51;255;1510036493;0
32;16;10;5;1;51;1510036552;51;255;1510036560;1
32;16;10;5;1;51;1510036626;51;255;1510036634;1
32;16;10;5;1;51;1510036702;51;255;1510036711;0
32;16;10;5;1;51;1510037428;51;255;1510037436;0
32;16;10;5;1;51;1510037493;51;255;1510037501;0
32;16;10;5;1;51;1510037566;51;255;1510037574;0
32;16;10;5;1;51;1510037643;51;255;1510037651;0
32;16;10;5;1;51;1510038368;51;255;1510038376;0
32;16;10;5;1;51;1510038437;51;255;1510038445;0
32;16;10;5;1;51;1510038506;51;255;1510038514;0
32;16;10;5;1;51;1510038585;51;255;1510038593;0
32;16;10;5;1;51;1510039310;51;255;1510039319;0
32;16;10;5;1;51;1510039378;51;255;1510039386;0
32;16;10;5;1;51;1510039450;51;255;1510039459;0
32;16;10;5;1;51;1510039525;51;255;1510039533;0
32;16;10;5;1;51;1510040251;51;255;1510040259;0
32;16;10;5;1;51;1510040318;51;255;1510040326;1
32;16;10;5;1;51;1510040392;51;255;1510040401;0
32;16;10;5;1;51;1510040465;51;255;1510040474;0
32;16;10;5;1;51;1510041191;51;255;1510041200;0
32;16;10;5;1;51;1510041261;51;255;1510041269;1
32;16;10;5;1;51;1510041336;51;255;1510041344;0
32;16;10;5;1;51;1510041406;51;255;1510041414;0
32;16;10;5;1;51;1510042135;51;255;1510042144;1
32;16;10;5;1;51;1510042201;51;255;1510042210;0
32;16;10;5;1;51;1510042278;51;255;1510042286;0
32;16;10;5;1;51;1510042348;51;255;1510042356;0
32;16;10;5;1;51;1510043075;51;255;1510043083;0
32;16;10;5;1;51;1510043145;51;255;1510043153;0
32;16;10;5;1;51;1510043218;51;255;1510043227;0
32;16;10;5;1;51;1510043289;51;255;1510043298;0
32;16;10;5;1;51;1510044015;51;255;1510044023;0
32;16;10;5;1;51;1510044088;51;255;1510044096;0
32;16;10;5;1;51;1510044159;51;255;1510044167;0
32;16;10;5;1;51;1510044232;51;255;1510044240;0
32;16;10;5;1;51;1510044979;51;255;1510044987;0
32;16;10;5;1;51;1510045049;51;255;1510045057;0
32;16;10;5;1;51;1510045127;51;255;1510045136;0
32;16;10;5;1;51;1510045210;51;255;1510045219;0
32;16;10;5;1;51;1510045993;51;255;1510046002;0
32;16;10;5;1;51;1510046068;51;255;1510046077;0
32;16;10;5;1;51;1510046147;51;255;1510046156;0
32;16;10;5;1;51;1510046218;51;255;1510046227;0
32;16;10;5;1;51;1510046981;51;255;1510046989;0
32;16;10;5;1;51;1510046992;51;255;1510047000;0
32;16;10;5;1;51;1510047001;51;255;1510047010;0
32;16;10;5;1;51;1510047002;51;255;1510047010;1
32;16;10;5;1;51;1510047963;51;255;1510047972;0
32;16;10;5;1;51;1510047979;51;255;1510047988;0
32;16;10;5;1;51;1510047982;51;255;1510047990;0
32;16;10;5;1;51;1510047987;51;255;1510047995;0
32;16;10;5;1;51;1510048926;51;255;1510048935;0
32;16;10;5;1;51;1510048935;51;255;1510048943;0
32;16;10;5;1;51;1510048941;51;255;1510048950;0
32;16;10;5;1;51;1510048953;51;255;1510048962;0
32;16;10;5;1;51;1510049957;51;255;1510049966;0
32;16;10;5;1;51;1510049964;51;255;1510049972;1
32;16;10;5;1;51;1510049981;51;255;1510049989;0
32;16;10;5;1;51;1510050915;51;255;1510050924;1
32;16;10;5;1;51;1510050921;51;255;1510050929;0
32;16;10;5;1;51;1510050938;51;255;1510050946;0
32;16;10;5;1;51;1510051873;51;255;1510051882;0
32;16;10;5;1;51;1510051879;51;255;1510051888;0
32;16;10;5;1;51;1510051897;51;255;1510051906;1
32;16;10;5;1;51;1510052830;51;255;1510052838;1
32;16;10;5;1;51;1510052836;51;255;1510052845;0
32;16;10;5;1;51;1510052854;51;255;1510052863;0
32;16;10;5;1;51;1510053788;51;255;1510053796;0
32;16;10;5;1;51;1510053794;51;255;1510053802;0
32;16;10;5;1;51;1510053812;51;255;1510053821;0
32;16;10;5;1;51;1510054746;51;255;1510054754;0
32;16;10;5;1;51;1510054755;51;255;1510054764;0
32;16;10;5;1;51;1510054774;51;255;1510054782;0
32;16;10;5;1;51;1510055716;51;255;1510055724;0
32;16;10;5;1;51;1510055724;51;255;1510055733;0
32;16;10;5;1;51;1510055745;51;255;1510055754;0
32;16;10;5;1;51;1510056670;51;255;1510056678;0
32;16;10;5;1;51;1510056691;51;255;1510056700;0
32;16;10;5;1;51;1510056718;51;255;1510056726;0
32;16;10;5;1;51;1510057622;51;255;1510057630;0
32;16;10;5;1;51;1510057643;51;255;1510057651;0
32;16;10;5;1;51;1510057670;51;255;1510057679;0
32;16;10;5;1;51;1510058562;51;255;1510058571;0
32;16;10;5;1;51;1510058584;51;255;1510058592;0
32;16;10;5;1;51;1510058611;51;255;1510058619;0
32;16;10;5;1;51;1510059503;51;255;1510059512;0
32;16;10;5;1;51;1510059524;51;255;1510059533;0
32;16;10;5;1;51;1510059552;51;255;1510059560;0
32;16;10;5;1;51;1510060454;51;255;1510060463;0
32;16;10;5;1;51;1510060475;51;255;1510060483;0
32;16;10;5;1;51;1510060505;51;255;1510060514;0
32;16;10;5;1;51;1510061415;51;255;1510061423;0
32;16;10;5;1;51;1510061432;51;255;1510061440;0
32;16;10;5;1;51;1510061466;51;255;1510061475;0
32;16;10;5;1;51;1510062412;51;255;1510062420;0
32;16;10;5;1;51;1510062417;51;255;1510062425;0
32;16;10;5;1;51;1510062460;51;255;1510062468;0
32;16;10;5;1;51;1510063365;51;255;1510063374;0
32;16;10;5;1;51;1510063370;51;255;1510063378;0
32;16;10;5;1;51;1510063413;51;255;1510063422;0
32;16;10;5;1;51;1510064326;51;255;1510064334;0
32;16;10;5;1;51;1510064328;51;255;1510064337;0
32;16;10;5;1;51;1510064376;51;255;1510064385;0
32;16;10;5;1;51;1510065295;51;255;1510065304;1
32;16;10;5;1;51;1510065296;51;255;1510065304;0
32;16;10;5;1;51;1510065346;51;255;1510065354;0
32;16;10;5;1;51;1510066253;51;255;1510066261;0
32;16;10;5;1;51;1510066255;51;255;1510066263;0
32;16;10;5;1;51;1510066306;51;255;1510066314;0
32;16;10;5;1;51;1510067215;51;255;1510067223;0
32;16;10;5;1;51;1510067217;51;255;1510067226;0
32;16;10;5;1;51;1510067270;51;255;1510067279;0
32;16;10;5;1;51;1510068171;51;255;1510068179;0
32;16;10;5;1;51;1510068174;51;255;1510068183;0
32;16;10;5;1;51;1510068227;51;255;1510068235;0
32;16;10;5;1;51;1510069120;51;255;1510069129;0
32;16;10;5;1;51;1510069125;51;255;1510069133;0
32;16;10;5;1;51;1510069176;51;255;1510069185;0
32;16;10;5;1;51;1510070085;51;255;1510070093;0
32;16;10;5;1;51;1510070101;51;255;1510070109;0
32;16;10;5;1;51;1510070144;51;255;1510070154;0
32;16;10;5;1;51;1510071050;51;255;1510071059;0
32;16;10;5;1;51;1510071061;51;255;1510071069;1
32;16;10;5;1;51;1510071110;51;255;1510071119;0
32;16;10;5;1;51;1510072024;51;255;1510072033;0
32;16;10;5;1;51;1510072030;51;255;1510072038;1
32;16;10;5;1;51;1510072071;51;255;1510072080;0
32;16;10;5;1;51;1510072970;51;255;1510072978;0
32;16;10;5;1;51;1510072976;51;255;1510072984;0
32;16;10;5;1;51;1510073017;51;255;1510073025;0
32;16;10;5;1;51;1510073913;51;255;1510073922;1
32;16;10;5;1;51;1510073919;51;255;1510073928;0
32;16;10;5;1;51;1510073960;51;255;1510073968;0
32;16;10;5;1;51;1510074856;51;255;1510074865;0
32;16;10;5;1;51;1510074862;51;255;1510074870;0
32;16;10;5;1;51;1510074903;51;255;1510074912;0
32;16;10;5;1;51;1510075666;51;255;1510075675;0
32;16;10;5;1;51;1510075833;51;255;1510075841;0
32;16;10;5;1;51;1510075845;51;255;1510075853;0
32;16;10;5;1;51;1510075883;51;255;1510075892;0
32;16;10;5;1;51;1510076609;51;255;1510076618;0
32;16;10;5;1;51;1510076780;51;255;1510076789;0
32;16;10;5;1;51;1510076786;51;255;1510076794;0
32;16;10;5;1;51;1510076826;51;255;1510076834;1
32;16;10;5;1;51;1510077549;51;255;1510077557;0
32;16;10;5;1;51;1510077719;51;255;1510077727;0
32;16;10;5;1;51;1510077727;51;255;1510077735;1
32;16;10;5;1;51;1510077766;51;255;1510077775;0
32;16;10;5;1;51;1510078487;51;255;1510078496;1
32;16;10;5;1;51;1510078659;51;255;1510078667;0
32;16;10;5;1;51;1510078667;51;255;1510078675;0
32;16;10;5;1;51;1510078707;51;255;1510078715;0
32;16;10;5;1;51;1510079428;51;255;1510079436;0
32;16;10;5;1;51;1510079598;51;255;1510079606;0
32;16;10;5;1;51;1510079606;51;255;1510079614;0
32;16;10;5;1;51;1510079647;51;255;1510079655;0
32;16;10;5;1;51;1510080368;51;255;1510080377;0
32;16;10;5;1;51;1510080538;51;255;1510080546;0
32;16;10;5;1;51;1510080545;51;255;1510080553;0
32;16;10;5;1;51;1510080588;51;255;1510080596;0
32;16;10;5;1;51;1510081309;51;255;1510081317;1
32;16;10;5;1;51;1510081477;51;255;1510081485;0
32;16;10;5;1;51;1510081483;51;255;1510081492;0
32;16;10;5;1;51;1510081528;51;255;1510081537;0
32;16;10;5;1;51;1510082248;51;255;1510082256;0
32;16;10;5;1;51;1510082417;51;255;1510082425;0
32;16;10;5;1;51;1510082424;51;255;1510082432;0
32;16;10;5;1;51;1510082468;51;255;1510082477;0
32;16;10;5;1;51;1510083186;51;255;1510083194;0
32;16;10;5;1;51;1510083357;51;255;1510083365;0
32;16;10;5;1;51;1510083366;51;255;1510083374;0
32;16;10;5;1;51;1510083408;51;255;1510083416;0
32;16;10;5;1;51;1510084126;51;255;1510084134;0
32;16;10;5;1;51;1510084296;51;255;1510084304;0
32;16;10;5;1;51;1510084307;51;255;1510084316;0
32;16;10;5;1;51;1510084348;51;255;1510084357;1
32;16;10;5;1;51;1510085064;51;255;1510085073;1
32;16;10;5;1;51;1510085237;51;255;1510085245;0
32;16;10;5;1;51;1510085249;51;255;1510085258;0
32;16;10;5;1;51;1510085287;51;255;1510085296;0
32;16;10;5;1;51;1510086003;51;255;1510086011;0
32;16;10;5;1;51;1510086178;51;255;1510086186;0
32;16;10;5;1;51;1510086191;51;255;1510086199;0
32;16;10;5;1;51;1510086227;51;255;1510086236;0
32;16;10;5;1;51;1510086943;51;255;1510086951;1
32;16;10;5;1;51;1510087118;51;255;1510087127;0
32;16;10;5;1;51;1510087131;51;255;1510087139;0
32;16;10;5;1;51;1510087167;51;255;1510087175;0
32;16;10;5;1;51;1510087883;51;255;1510087891;0
32;16;10;5;1;51;1510088058;51;255;1510088067;0
32;16;10;5;1;51;1510088071;51;255;1510088079;0
32;16;10;5;1;51;1510088106;51;255;1510088114;0
32;16;10;5;1;51;1510088823;51;255;1510088831;1
32;16;10;5;1;51;1510088999;51;255;1510089007;0
32;16;10;5;1;51;1510089011;51;255;1510089020;0
32;16;10;5;1;51;1510089045;51;255;1510089053;0
32;16;10;5;1;51;1510089761;51;255;1510089770;0
32;16;10;5;1;51;1510089938;51;255;1510089947;0
32;16;10;5;1;51;1510089952;51;255;1510089960;0
32;16;10;5;1;51;1510089988;51;255;1510089996;0
32;16;10;5;1;51;1510090700;51;255;1510090708;0
32;16;10;5;1;51;1510090878;51;255;1510090887;0
32;16;10;5;1;51;1510090891;51;255;1510090900;0
32;16;10;5;1;51;1510090930;51;255;1510090939;0
32;16;10;5;1;51;1510091640;51;255;1510091649;1
32;16;10;5;1;51;1510091818;51;255;1510091826;0
32;16;10;5;1;51;1510091833;51;255;1510091841;0
32;16;10;5;1;51;1510091871;51;255;1510091880;0
32;16;10;5;1;51;1510092579;51;255;1510092587;0
32;16;10;5;1;51;1510092758;51;255;1510092766;1
32;16;10;5;1;51;1510092773;51;255;1510092781;0
32;16;10;5;1;51;1510092811;51;255;1510092819;0
32;16;10;5;1;51;1510093519;51;255;1510093527;0
32;16;10;5;1;51;1510093697;51;255;1510093706;0
32;16;10;5;1;51;1510093713;51;255;1510093721;0
32;16;10;5;1;51;1510093753;51;255;1510093761;1
32;16;10;5;1;51;1510094459;51;255;1510094468;1
32;16;10;5;1;51;1510094636;51;255;1510094644;0
32;16;10;5;1;51;1510094652;51;255;1510094660;0
32;16;10;5;1;51;1510094694;51;255;1510094702;1
32;16;10;5;1;51;1510095401;51;255;1510095410;0
32;16;10;5;1;51;1510095576;51;255;1510095584;0
32;16;10;5;1;51;1510095590;51;255;1510095599;0
32;16;10;5;1;51;1510095634;51;255;1510095642;0
32;16;10;5;1;51;1510096344;51;255;1510096352;1
32;16;10;5;1;51;1510096514;51;255;1510096523;0
32;16;10;5;1;51;1510096530;51;255;1510096538;0
32;16;10;5;1;51;1510096574;51;255;1510096582;0
32;16;10;5;1;51;1510097284;51;255;1510097292;0
32;16;10;5;1;51;1510097455;51;255;1510097464;0
32;16;10;5;1;51;1510097468;51;255;1510097477;0
32;16;10;5;1;51;1510097516;51;255;1510097524;1
32;16;10;5;1;51;1510098223;51;255;1510098232;0
32;16;10;5;1;51;1510098397;51;255;1510098405;0
32;16;10;5;1;51;1510098407;51;255;1510098416;0
32;16;10;5;1;51;1510098455;51;255;1510098464;0
32;16;10;5;1;51;1510099163;51;255;1510099171;0
32;16;10;5;1;51;1510099338;51;255;1510099346;0
32;16;10;5;1;51;1510099345;51;255;1510099353;0
32;16;10;5;1;51;1510099396;51;255;1510099405;0
32;16;10;5;1;51;1510100105;51;255;1510100113;0
32;16;10;5;1;51;1510100279;51;255;1510100287;0
32;16;10;5;1;51;1510100283;51;255;1510100292;0
32;16;10;5;1;51;1510100336;51;255;1510100345;1
32;16;10;5;1;51;1510101045;51;255;1510101053;0
32;16;10;5;1;51;1510101218;51;255;1510101226;1
32;16;10;5;1;51;1510101225;51;255;1510101233;1
32;16;10;5;1;51;1510101276;51;255;1510101284;0
32;16;10;5;1;51;1510101985;51;255;1510101994;0
32;16;10;5;1;51;1510102156;51;255;1510102165;0
32;16;10;5;1;51;1510102165;51;255;1510102173;1
32;16;10;5;1;51;1510102218;51;255;1510102226;0
32;16;10;5;1;51;1510102924;51;255;1510102932;0
32;16;10;5;1;51;1510103096;51;255;1510103105;0
32;16;10;5;1;51;1510103105;51;255;1510103113;0
32;16;10;5;1;51;1510103159;51;255;1510103167;0
32;16;10;5;1;51;1510103862;51;255;1510103870;0
32;16;10;5;1;51;1510104036;51;255;1510104044;0
32;16;10;5;1;51;1510104046;51;255;1510104054;0
32;16;10;5;1;51;1510104099;51;255;1510104107;0
32;16;10;5;1;51;1510104801;51;255;1510104809;0
32;16;10;5;1;51;1510104974;51;255;1510104982;0
32;16;10;5;1;51;1510104987;51;255;1510104996;0
32;16;10;5;1;51;1510105038;51;255;1510105047;0
32;16;10;5;1;51;1510105743;51;255;1510105751;0
32;16;10;5;1;51;1510105914;51;255;1510105922;0
32;16;10;5;1;51;1510105926;51;255;1510105934;0
32;16;10;5;1;51;1510105978;51;255;1510105986;0
32;16;10;5;1;51;1510106682;51;255;1510106690;0
32;16;10;5;1;51;1510106856;51;255;1510106865;0
32;16;10;5;1;51;1510106866;51;255;1510106875;0
32;16;10;5;1;51;1510106918;51;255;1510106926;0
32;16;10;5;1;51;1510107620;51;255;1510107629;0
32;16;10;5;1;51;1510107799;51;255;1510107807;1
32;16;10;5;1;51;1510107805;51;255;1510107813;0
32;16;10;5;1;51;1510107860;51;255;1510107868;0
32;16;10;5;1;51;1510108559;51;255;1510108568;0
32;16;10;5;1;51;1510108739;51;255;1510108748;1
32;16;10;5;1;51;1510108745;51;255;1510108753;0
32;16;10;5;1;51;1510108799;51;255;1510108807;0
32;16;10;5;1;51;1510109498;51;255;1510109506;0
32;16;10;5;1;51;1510109680;51;255;1510109689;0
32;16;10;5;1;51;1510109686;51;255;1510109694;0
32;16;10;5;1;51;1510109740;51;255;1510109749;0
32;16;10;5;1;51;1510110438;51;255;1510110447;1
32;16;10;5;1;51;1510110620;51;255;1510110628;1
32;16;10;5;1;51;1510110627;51;255;1510110635;0
32;16;10;5;1;51;1510110681;51;255;1510110690;0
32;16;10;5;1;51;1510111378;51;255;1510111387;0
32;16;10;5;1;51;1510111560;51;255;1510111568;0
32;16;10;5;1;51;1510111568;51;255;1510111576;1
32;16;10;5;1;51;1510111619;51;255;1510111628;0
32;16;10;5;1;51;1510112317;51;255;1510112325;0
32;16;10;5;1;51;1510112503;51;255;1510112512;0
32;16;10;5;1;51;1510112507;51;255;1510112515;0
32;16;10;5;1;51;1510112559;51;255;1510112568;0
32;16;10;5;1;51;1510113254;51;255;1510113262;0
32;16;10;5;1;51;1510113444;51;255;1510113453;0
32;16;10;5;1;51;1510113447;51;255;1510113456;1
32;16;10;5;1;51;1510113499;51;255;1510113507;1
32;16;10;5;1;51;1510114192;51;255;1510114200;0
32;16;10;5;1;51;1510114385;51;255;1510114393;0
32;16;10;5;1;51;1510114389;51;255;1510114397;0
32;16;10;5;1;51;1510114440;51;255;1510114448;0
32;16;10;5;1;51;1510115132;51;255;1510115141;0
32;16;10;5;1;51;1510115325;51;255;1510115333;0
32;16;10;5;1;51;1510115329;51;255;1510115337;0
32;16;10;5;1;51;1510115379;51;255;1510115387;0
32;16;10;5;1;51;1510116074;51;255;1510116083;0
32;16;10;5;1;51;1510116265;51;255;1510116273;0
32;16;10;5;1;51;1510116267;51;255;1510116275;0
32;16;10;5;1;51;1510116318;51;255;1510116326;0
32;16;10;5;1;51;1510117015;51;255;1510117023;0
32;16;10;5;1;51;1510117204;51;255;1510117213;0
32;16;10;5;1;51;1510117208;51;255;1510117216;0
32;16;10;5;1;51;1510117256;51;255;1510117265;0
32;16;10;5;1;51;1510117954;51;255;1510117962;1
32;16;10;5;1;51;1510118142;51;255;1510118151;0
32;16;10;5;1;51;1510118150;51;255;1510118159;0
32;16;10;5;1;51;1510118198;51;255;1510118206;0
32;16;10;5;1;51;1510118898;51;255;1510118906;0
32;16;10;5;1;51;1510119083;51;255;1510119091;0
32;16;10;5;1;51;1510119091;51;255;1510119099;0
32;16;10;5;1;51;1510119136;51;255;1510119144;1
32;16;10;5;1;51;1510119841;51;255;1510119849;1
32;16;10;5;1;51;1510120022;51;255;1510120030;0
32;16;10;5;1;51;1510120029;51;255;1510120038;1
32;16;10;5;1;51;1510120074;51;255;1510120083;0
32;16;10;5;1;51;1510120782;51;255;1510120790;0
32;16;10;5;1;51;1510120962;51;255;1510120970;0
32;16;10;5;1;51;1510120970;51;255;1510120978;0
32;16;10;5;1;51;1510121014;51;255;1510121023;0
32;16;10;5;1;51;1510121723;51;255;1510121731;0
32;16;10;5;1;51;1510121901;51;255;1510121910;0
32;16;10;5;1;51;1510121910;51;255;1510121918;0
32;16;10;5;1;51;1510121953;51;255;1510121961;0
32;16;10;5;1;51;1510122663;51;255;1510122672;1
32;16;10;5;1;51;1510122841;51;255;1510122849;0
32;16;10;5;1;51;1510122849;51;255;1510122857;0
32;16;10;5;1;51;1510122895;51;255;1510122903;0
32;16;10;5;1;51;1510123603;51;255;1510123612;0
32;16;10;5;1;51;1510123782;51;255;1510123790;0
32;16;10;5;1;51;1510123791;51;255;1510123799;0
32;16;10;5;1;51;1510123836;51;255;1510123844;0
32;16;10;5;1;51;1510124544;51;255;1510124553;0
32;16;10;5;1;51;1510124720;51;255;1510124729;0
32;16;10;5;1;51;1510124732;51;255;1510124740;1
32;16;10;5;1;51;1510124776;51;255;1510124784;0
32;16;10;5;1;51;1510125484;51;255;1510125492;1
32;16;10;5;1;51;1510125661;51;255;1510125670;0
32;16;10;5;1;51;1510125671;51;255;1510125680;1
32;16;10;5;1;51;1510125716;51;255;1510125724;0
32;16;10;5;1;51;1510126422;51;255;1510126431;1
32;16;10;5;1;51;1510126601;51;255;1510126609;0
32;16;10;5;1;51;1510126611;51;255;1510126619;0
32;16;10;5;1;51;1510126657;51;255;1510126665;0
32;16;10;5;1;51;1510127363;51;255;1510127371;1
32;16;10;5;1;51;1510127539;51;255;1510127547;0
32;16;10;5;1;51;1510127549;51;255;1510127557;0
32;16;10;5;1;51;1510127599;51;255;1510127607;0
32;16;10;5;1;51;1510128302;51;255;1510128310;0
32;16;10;5;1;51;1510128480;51;255;1510128488;0
32;16;10;5;1;51;1510128489;51;255;1510128497;0
32;16;10;5;1;51;1510128539;51;255;1510128547;1
32;16;10;5;1;51;1510129241;51;255;1510129249;1
32;16;10;5;1;51;1510129421;51;255;1510129429;0
32;16;10;5;1;51;1510129430;51;255;1510129438;1
32;16;10;5;1;51;1510129476;51;255;1510129485;0
32;16;10;5;1;51;1510130216;51;255;1510130225;0
32;16;10;5;1;51;1510130414;51;255;1510130423;0
32;16;10;5;1;51;1510130418;51;255;1510130427;0
32;16;10;5;1;51;1510130466;51;255;1510130474;0
32;16;10;5;1;51;1510131224;51;255;1510131232;0
32;16;10;5;1;51;1510131416;51;255;1510131425;1
32;16;10;5;1;51;1510131421;51;255;1510131430;0
32;16;10;5;1;51;1510131469;51;255;1510131478;0
32;16;10;5;1;51;1510132196;51;255;1510132205;0
32;16;10;5;1;51;1510132385;51;255;1510132393;0
32;16;10;5;1;51;1510132406;51;255;1510132415;1
32;16;10;5;1;51;1510132443;51;255;1510132452;0
32;16;10;5;1;51;1510133192;51;255;1510133200;0
32;16;10;5;1;51;1510133363;51;255;1510133373;1
32;16;10;5;1;51;1510133389;51;255;1510133398;0
32;16;10;5;1;51;1510133439;51;255;1510133448;0
32;16;10;5;1;51;1510134209;51;255;1510134218;0
32;16;10;5;1;51;1510134370;51;255;1510134379;0
32;16;10;5;1;51;1510134403;51;255;1510134412;1
32;16;10;5;1;51;1510134444;51;255;1510134452;0
32;16;10;5;1;51;1510135208;51;255;1510135217;0
32;16;10;5;1;51;1510135380;51;255;1510135389;1
32;16;10;5;1;51;1510135407;51;255;1510135416;0
32;16;10;5;1;51;1510135437;51;255;1510135446;0
32;16;10;5;1;51;1510136203;51;255;1510136212;0
32;16;10;5;1;51;1510136358;51;255;1510136366;0
32;16;10;5;1;51;1510136400;51;255;1510136410;0
32;16;10;5;1;51;1510136428;51;255;1510136437;0
32;16;10;5;1;51;1510137204;51;255;1510137213;0
32;16;10;5;1;51;1510137377;51;255;1510137386;0
32;16;10;5;1;51;1510137393;51;255;1510137402;0
32;16;10;5;1;51;1510137435;51;255;1510137443;0
32;16;10;5;1;51;1510138197;51;255;1510138206;0
32;16;10;5;1;51;1510138382;51;255;1510138391;0
32;16;10;5;1;51;1510138388;51;255;1510138397;0
32;16;10;5;1;51;1510138443;51;255;1510138453;0
32;16;10;5;1;51;1510139195;51;255;1510139203;0
32;16;10;5;1;51;1510139375;51;255;1510139383;0
32;16;10;5;1;51;1510139399;51;255;1510139409;0
32;16;10;5;1;51;1510139438;51;255;1510139447;0
32;16;10;5;1;51;1510140167;51;255;1510140176;0
32;16;10;5;1;51;1510140330;51;255;1510140339;1
32;16;10;5;1;51;1510140408;51;255;1510140417;0
32;16;10;5;1;51;1510140417;51;255;1510140426;0
32;16;10;5;1;51;1510141177;51;255;1510141186;0
32;16;10;5;1;51;1510141312;51;255;1510141321;1
32;16;10;5;1;51;1510141386;51;255;1510141395;1
32;16;10;5;1;51;1510141404;51;255;1510141412;0
32;16;10;5;1;51;1510142152;51;255;1510142162;0
32;16;10;5;1;51;1510142324;51;255;1510142332;0
32;16;10;5;1;51;1510142365;51;255;1510142374;0
32;16;10;5;1;51;1510142422;51;255;1510142431;0
32;16;10;5;1;51;1510143194;51;255;1510143203;0
32;16;10;5;1;51;1510143381;51;255;1510143390;0
32;16;10;5;1;51;1510143415;51;255;1510143423;1
32;16;10;5;1;51;1510143480;51;255;1510143489;0
32;16;10;5;1;51;1510144184;51;255;1510144193;0
32;16;10;5;1;51;1510144355;51;255;1510144364;1
32;16;10;5;1;51;1510144384;51;255;1510144393;0
32;16;10;5;1;51;1510144460;51;255;1510144468;0
32;16;10;5;1;51;1510145131;51;255;1510145139;0
32;16;10;5;1;51;1510145298;51;255;1510145307;0
32;16;10;5;1;51;1510145329;51;255;1510145338;0
32;16;10;5;1;51;1510145405;51;255;1510145413;0
32;16;10;5;1;51;1510146070;51;255;1510146078;0
32;16;10;5;1;51;1510146241;51;255;1510146250;0
32;16;10;5;1;51;1510146273;51;255;1510146281;0
32;16;10;5;1;51;1510146347;51;255;1510146355;0
32;16;10;5;1;51;1510147018;51;255;1510147027;0
32;16;10;5;1;51;1510147197;51;255;1510147207;0
32;16;10;5;1;51;1510147233;51;255;1510147242;0
32;16;10;5;1;51;1510147309;51;255;1510147318;0
32;16;10;5;1;51;1510147998;51;255;1510148006;1
32;16;10;5;1;51;1510148180;51;255;1510148189;0
32;16;10;5;1;51;1510148202;51;255;1510148210;0
32;16;10;5;1;51;1510148282;51;255;1510148291;0
32;16;10;5;1;51;1510148974;51;255;1510148983;0
32;16;10;5;1;51;1510149145;51;255;1510149154;0
32;16;10;5;1;51;1510149164;51;255;1510149172;0
32;16;10;5;1;51;1510149241;51;255;1510149249;0
32;16;10;5;1;51;1510149919;51;255;1510149927;0
32;16;10;5;1;51;1510150094;51;255;1510150102;0
32;16;10;5;1;51;1510150104;51;255;1510150112;0
32;16;10;5;1;51;1510150184;51;255;1510150192;0
32;16;10;5;1;51;1510150873;51;255;1510150881;0
32;16;10;5;1;51;1510151057;51;255;1510151065;1
32;16;10;5;1;51;1510151067;51;255;1510151076;0
32;16;10;5;1;51;1510151155;51;255;1510151164;0
32;16;10;5;1;51;1510151843;51;255;1510151851;0
32;16;10;5;1;51;1510152029;51;255;1510152037;0
32;16;10;5;1;51;1510152045;51;255;1510152053;0
32;16;10;5;1;51;1510152129;51;255;1510152138;1
32;16;10;5;1;51;1510152838;51;255;1510152847;0
32;16;10;5;1;51;1510153010;51;255;1510153019;0
32;16;10;5;1;51;1510153031;51;255;1510153040;0
32;16;10;5;1;51;1510153104;51;255;1510153112;0
32;16;10;5;1;51;1510153802;51;255;1510153810;0
32;16;10;5;1;51;1510153980;51;255;1510153989;0
32;16;10;5;1;51;1510154004;51;255;1510154013;0
32;16;10;5;1;51;1510154075;51;255;1510154084;0
32;16;10;5;1;51;1510154772;51;255;1510154781;0
32;16;10;5;1;51;1510154944;51;255;1510154953;0
32;16;10;5;1;51;1510154970;51;255;1510154979;0
32;16;10;5;1;51;1510155037;51;255;1510155045;0
32;16;10;5;1;51;1510155734;51;255;1510155742;0
32;16;10;5;1;51;1510155907;51;255;1510155916;0
32;16;10;5;1;51;1510155938;51;255;1510155947;0
32;16;10;5;1;51;1510156009;51;255;1510156018;0
32;16;10;5;1;51;1510156713;51;255;1510156722;0
32;16;10;5;1;51;1510156901;51;255;1510156911;0
32;16;10;5;1;51;1510156923;51;255;1510156931;1
32;16;10;5;1;51;1510156997;51;255;1510157007;0
32;16;10;5;1;51;1510157706;51;255;1510157716;0
32;16;10;5;1;51;1510157887;51;255;1510157895;0
32;16;10;5;1;51;1510157912;51;255;1510157920;1
32;16;10;5;1;51;1510157984;51;255;1510157993;0
32;16;10;5;1;51;1510158670;51;255;1510158678;0
32;16;10;5;1;51;1510158851;51;255;1510158859;0
32;16;10;5;1;51;1510158883;51;255;1510158892;0
32;16;10;5;1;51;1510158947;51;255;1510158956;0
32;16;10;5;1;51;1510159623;51;255;1510159631;0
32;16;10;5;1;51;1510159811;51;255;1510159819;0
32;16;10;5;1;51;1510159841;51;255;1510159849;0
32;16;10;5;1;51;1510159911;51;255;1510159919;0
32;16;10;5;1;51;1510160607;51;255;1510160616;0
32;16;10;5;1;51;1510160781;51;255;1510160790;0
32;16;10;5;1;51;1510160813;51;255;1510160821;0
32;16;10;5;1;51;1510160883;51;255;1510160892;0
32;16;10;5;1;51;1510161585;51;255;1510161594;0
32;16;10;5;1;51;1510161762;51;255;1510161770;0
32;16;10;5;1;51;1510161798;51;255;1510161806;1
32;16;10;5;1;51;1510161858;51;255;1510161867;0
32;16;10;5;1;51;1510162549;51;255;1510162557;1
32;16;10;5;1;51;1510162726;51;255;1510162735;0
32;16;10;5;1;51;1510162767;51;255;1510162776;0
32;16;10;5;1;51;1510162819;51;255;1510162828;0
32;16;10;5;1;51;1510163497;51;255;1510163506;0
32;16;10;5;1;51;1510163679;51;255;1510163687;0
32;16;10;5;1;51;1510163740;51;255;1510163748;0
32;16;10;5;1;51;1510163767;51;255;1510163776;0
32;16;10;5;1;51;1510164439;51;255;1510164447;0
32;16;10;5;1;51;1510164623;51;255;1510164631;0
32;16;10;5;1;51;1510164682;51;255;1510164691;1
32;16;10;5;1;51;1510164713;51;255;1510164721;0
32;16;10;5;1;51;1510165382;51;255;1510165390;1
32;16;10;5;1;51;1510165564;51;255;1510165572;1
32;16;10;5;1;51;1510165625;51;255;1510165634;0
32;16;10;5;1;51;1510165655;51;255;1510165663;1
32;16;10;5;1;51;1510166325;51;255;1510166334;0
32;16;10;5;1;51;1510166506;51;255;1510166515;0
32;16;10;5;1;51;1510166568;51;255;1510166576;0
32;16;10;5;1;51;1510166598;51;255;1510166607;0
32;16;10;5;1;51;1510167268;51;255;1510167276;0
32;16;10;5;1;51;1510167448;51;255;1510167457;0
32;16;10;5;1;51;1510167510;51;255;1510167519;0
32;16;10;5;1;51;1510167543;51;255;1510167552;0
32;16;10;5;1;51;1510168210;51;255;1510168219;0
32;16;10;5;1;51;1510168390;51;255;1510168399;0
32;16;10;5;1;51;1510168453;51;255;1510168461;1
32;16;10;5;1;51;1510168486;51;255;1510168495;0
32;16;10;5;1;51;1510169151;51;255;1510169160;0
32;16;10;5;1;51;1510169333;51;255;1510169341;0
32;16;10;5;1;51;1510169395;51;255;1510169404;0
32;16;10;5;1;51;1510169427;51;255;1510169435;1
32;16;10;5;1;51;1510170095;51;255;1510170103;0
32;16;10;5;1;51;1510170276;51;255;1510170284;0
32;16;10;5;1;51;1510170339;51;255;1510170347;0
32;16;10;5;1;51;1510170369;51;255;1510170378;1
32;16;10;5;1;51;1510171038;51;255;1510171046;0
32;16;10;5;1;51;1510171218;51;255;1510171226;0
32;16;10;5;1;51;1510171283;51;255;1510171292;0
32;16;10;5;1;51;1510171311;51;255;1510171319;1
32;16;10;5;1;51;1510171978;51;255;1510171986;0
32;16;10;5;1;51;1510172160;51;255;1510172168;0
32;16;10;5;1;51;1510172226;51;255;1510172235;0
32;16;10;5;1;51;1510172256;51;255;1510172264;1
32;16;10;5;1;51;1510172921;51;255;1510172930;0
32;16;10;5;1;51;1510173101;51;255;1510173109;0
32;16;10;5;1;51;1510173169;51;255;1510173177;0
32;16;10;5;1;51;1510173199;51;255;1510173208;1
32;16;10;5;1;51;1510173865;51;255;1510173874;0
32;16;10;5;1;51;1510174043;51;255;1510174051;0
32;16;10;5;1;51;1510174112;51;255;1510174120;0
32;16;10;5;1;51;1510174140;51;255;1510174148;0
32;16;10;5;1;51;1510174809;51;255;1510174817;0
32;16;10;5;1;51;1510174985;51;255;1510174994;0
32;16;10;5;1;51;1510175055;51;255;1510175063;0
32;16;10;5;1;51;1510175081;51;255;1510175090;0
32;16;10;5;1;51;1510175753;51;255;1510175761;0
32;16;10;5;1;51;1510175926;51;255;1510175934;0
32;16;10;5;1;51;1510175997;51;255;1510176005;0
32;16;10;5;1;51;1510176022;51;255;1510176030;0
32;16;10;5;1;51;1510176697;51;255;1510176705;0
32;16;10;5;1;51;1510176868;51;255;1510176877;0
32;16;10;5;1;51;1510176938;51;255;1510176947;0
32;16;10;5;1;51;1510176964;51;255;1510176972;0
32;16;10;5;1;51;1510177639;51;255;1510177648;0
32;16;10;5;1;51;1510177811;51;255;1510177819;1
32;16;10;5;1;51;1510177881;51;255;1510177890;0
32;16;10;5;1;51;1510177904;51;255;1510177913;0
32;16;10;5;1;51;1510178583;51;255;1510178591;0
32;16;10;5;1;51;1510178756;51;255;1510178764;0
32;16;10;5;1;51;1510178822;51;255;1510178830;1
32;16;10;5;1;51;1510178847;51;255;1510178855;0
32;16;10;5;1;51;1510179525;51;255;1510179534;0
32;16;10;5;1;51;1510179698;51;255;1510179706;1
32;16;10;5;1;51;1510179762;51;255;1510179771;0
32;16;10;5;1;51;1510179787;51;255;1510179796;0
32;16;10;5;1;51;1510180468;51;255;1510180476;0
32;16;10;5;1;51;1510180640;51;255;1510180648;0
32;16;10;5;1;51;1510180704;51;255;1510180712;0
32;16;10;5;1;51;1510180731;51;255;1510180739;0
32;16;10;5;1;51;1510181413;51;255;1510181421;0
32;16;10;5;1;51;1510181582;51;255;1510181590;0
32;16;10;5;1;51;1510181647;51;255;1510181655;0
32;16;10;5;1;51;1510181674;51;255;1510181682;0
32;16;10;5;1;51;1510182356;51;255;1510182365;0
32;16;10;5;1;51;1510182525;51;255;1510182533;0
32;16;10;5;1;51;1510182589;51;255;1510182598;0
32;16;10;5;1;51;1510182616;51;255;1510182624;0
32;16;10;5;1;51;1510183300;51;255;1510183308;1
32;16;10;5;1;51;1510183466;51;255;1510183474;0
32;16;10;5;1;51;1510183531;51;255;1510183539;0
32;16;10;5;1;51;1510183557;51;255;1510183565;0
32;16;10;5;1;51;1510184243;51;255;1510184251;0
32;16;10;5;1;51;1510184409;51;255;1510184417;1
32;16;10;5;1;51;1510184472;51;255;1510184481;0
32;16;10;5;1;51;1510184498;51;255;1510184507;0
32;16;10;5;1;51;1510185186;51;255;1510185195;1
32;16;10;5;1;51;1510185352;51;255;1510185360;0
32;16;10;5;1;51;1510185417;51;255;1510185425;0
32;16;10;5;1;51;1510185439;51;255;1510185447;0
32;16;10;5;1;51;1510186128;51;255;1510186136;0
32;16;10;5;1;51;1510186296;51;255;1510186305;0
32;16;10;5;1;51;1510186359;51;255;1510186367;0
32;16;10;5;1;51;1510186381;51;255;1510186390;0
32;16;10;5;1;51;1510187070;51;255;1510187078;0
32;16;10;5;1;51;1510187239;51;255;1510187247;0
32;16;10;5;1;51;1510187298;51;255;1510187306;0
32;16;10;5;1;51;1510187322;51;255;1510187330;0
32;16;10;5;1;51;1510188013;51;255;1510188021;0
32;16;10;5;1;51;1510188182;51;255;1510188190;1
32;16;10;5;1;51;1510188241;51;255;1510188249;1
32;16;10;5;1;51;1510188265;51;255;1510188274;0
32;16;10;5;1;51;1510188953;51;255;1510188961;0
32;16;10;5;1;51;1510189125;51;255;1510189134;0
32;16;10;5;1;51;1510189182;51;255;1510189191;0
32;16;10;5;1;51;1510189209;51;255;1510189218;0
32;16;10;5;1;51;1510189893;51;255;1510189902;0
32;16;10;5;1;51;1510190067;51;255;1510190076;0
32;16;10;5;1;51;1510190123;51;255;1510190131;0
32;16;10;5;1;51;1510190153;51;255;1510190161;0
32;16;10;5;1;51;1510190834;51;255;1510190842;0
32;16;10;5;1;51;1510191010;51;255;1510191018;0
32;16;10;5;1;51;1510191062;51;255;1510191070;0
32;16;10;5;1;51;1510191096;51;255;1510191105;0
32;16;10;5;1;51;1510191776;51;255;1510191785;0
32;16;10;5;1;51;1510191954;51;255;1510191962;0
32;16;10;5;1;51;1510192003;51;255;1510192011;0
32;16;10;5;1;51;1510192039;51;255;1510192048;0
32;16;10;5;1;51;1510192720;51;255;1510192728;0
32;16;10;5;1;51;1510192895;51;255;1510192904;0
32;16;10;5;1;51;1510192945;51;255;1510192953;0
32;16;10;5;1;51;1510192983;51;255;1510192992;0
32;16;10;5;1;51;1510193660;51;255;1510193668;1
32;16;10;5;1;51;1510193838;51;255;1510193846;0
32;16;10;5;1;51;1510193887;51;255;1510193895;0
32;16;10;5;1;51;1510193926;51;255;1510193934;0
32;16;10;5;1;51;1510194601;51;255;1510194609;0
32;16;10;5;1;51;1510194780;51;255;1510194788;0
32;16;10;5;1;51;1510194828;51;255;1510194837;0
32;16;10;5;1;51;1510194868;51;255;1510194877;0
32;16;10;5;1;51;1510195544;51;255;1510195552;0
32;16;10;5;1;51;1510195723;51;255;1510195732;0
32;16;10;5;1;51;1510195771;51;255;1510195780;0
32;16;10;5;1;51;1510195809;51;255;1510195817;0
32;16;10;5;1;51;1510196487;51;255;1510196495;0
32;16;10;5;1;51;1510196667;51;255;1510196676;0
32;16;10;5;1;51;1510196714;51;255;1510196723;0
32;16;10;5;1;51;1510196749;51;255;1510196758;1
32;16;10;5;1;51;1510197430;51;255;1510197439;0
32;16;10;5;1;51;1510197608;51;255;1510197617;0
32;16;10;5;1;51;1510197657;51;255;1510197666;0
32;16;10;5;1;51;1510197690;51;255;1510197698;0
32;16;10;5;1;51;1510198371;51;255;1510198379;0
32;16;10;5;1;51;1510198549;51;255;1510198558;0
32;16;10;5;1;51;1510198603;51;255;1510198611;0
32;16;10;5;1;51;1510198632;51;255;1510198640;0
32;16;10;5;1;51;1510199312;51;255;1510199320;0
32;16;10;5;1;51;1510199490;51;255;1510199498;0
32;16;10;5;1;51;1510199549;51;255;1510199557;0
32;16;10;5;1;51;1510199573;51;255;1510199582;0
32;16;10;5;1;51;1510200254;51;255;1510200263;1
32;16;10;5;1;51;1510200432;51;255;1510200440;0
32;16;10;5;1;51;1510200494;51;255;1510200502;1
32;16;10;5;1;51;1510200513;51;255;1510200521;0
32;16;10;5;1;51;1510201195;51;255;1510201204;0
32;16;10;5;1;51;1510201372;51;255;1510201380;0
32;16;10;5;1;51;1510201437;51;255;1510201446;0
32;16;10;5;1;51;1510201453;51;255;1510201462;0
32;16;10;5;1;51;1510202137;51;255;1510202146;0
32;16;10;5;1;51;1510202315;51;255;1510202323;0
32;16;10;5;1;51;1510202380;51;255;1510202389;0
32;16;10;5;1;51;1510202397;51;255;1510202405;0
32;16;10;5;1;51;1510203079;51;255;1510203087;0
32;16;10;5;1;51;1510203260;51;255;1510203268;0
32;16;10;5;1;51;1510203321;51;255;1510203329;0
32;16;10;5;1;51;1510203340;51;255;1510203349;0
32;16;10;5;1;51;1510204020;51;255;1510204028;0
32;16;10;5;1;51;1510204202;51;255;1510204210;0
32;16;10;5;1;51;1510204263;51;255;1510204271;1
32;16;10;5;1;51;1510204285;51;255;1510204294;0
32;16;10;5;1;51;1510204962;51;255;1510204970;0
32;16;10;5;1;51;1510205141;51;255;1510205150;0
32;16;10;5;1;51;1510205206;51;255;1510205214;1
32;16;10;5;1;51;1510205228;51;255;1510205236;0
32;16;10;5;1;51;1510205905;51;255;1510205913;0
32;16;10;5;1;51;1510206084;51;255;1510206092;0
32;16;10;5;1;51;1510206150;51;255;1510206159;0
32;16;10;5;1;51;1510206172;51;255;1510206180;0
32;16;10;5;1;51;1510206847;51;255;1510206855;0
32;16;10;5;1;51;1510207026;51;255;1510207034;0
32;16;10;5;1;51;1510207093;51;255;1510207101;0
32;16;10;5;1;51;1510207114;51;255;1510207123;0
32;16;10;5;1;51;1510207789;51;255;1510207797;0
32;16;10;5;1;51;1510207969;51;255;1510207977;0
32;16;10;5;1;51;1510208036;51;255;1510208044;1
32;16;10;5;1;51;1510208056;51;255;1510208064;1
32;16;10;5;1;51;1510208729;51;255;1510208737;0
32;16;10;5;1;51;1510208912;51;255;1510208920;0
32;16;10;5;1;51;1510208976;51;255;1510208985;0
32;16;10;5;1;51;1510208997;51;255;1510209005;0
32;16;10;5;1;51;1510209671;51;255;1510209679;0
32;16;10;5;1;51;1510209854;51;255;1510209862;0
32;16;10;5;1;51;1510209920;51;255;1510209929;0
32;16;10;5;1;51;1510209940;51;255;1510209948;1
32;16;10;5;1;51;1510210615;51;255;1510210623;0
32;16;10;5;1;51;1510210794;51;255;1510210802;0
32;16;10;5;1;51;1510210863;51;255;1510210871;0
32;16;10;5;1;51;1510210884;51;255;1510210892;0
32;16;10;5;1;51;1510211557;51;255;1510211566;0
32;16;10;5;1;51;1510211736;51;255;1510211745;0
32;16;10;5;1;51;1510211803;51;255;1510211811;0
32;16;10;5;1;51;1510211825;51;255;1510211833;0
32;16;10;5;1;51;1510212500;51;255;1510212508;0
32;16;10;5;1;51;1510212678;51;255;1510212687;0
32;16;10;5;1;51;1510212744;51;255;1510212753;0
32;16;10;5;1;51;1510212767;51;255;1510212775;0
32;16;10;5;1;51;1510213442;51;255;1510213450;0
32;16;10;5;1;51;1510213621;51;255;1510213630;0
32;16;10;5;1;51;1510213688;51;255;1510213696;0
32;16;10;5;1;51;1510213710;51;255;1510213719;0
32;16;10;5;1;51;1510214384;51;255;1510214393;0
32;16;10;5;1;51;1510214564;51;255;1510214572;0
32;16;10;5;1;51;1510214629;51;255;1510214638;1
32;16;10;5;1;51;1510214654;51;255;1510214663;1
32;16;10;5;1;51;1510215327;51;255;1510215335;0
32;16;10;5;1;51;1510215504;51;255;1510215513;1
32;16;10;5;1;51;1510215570;51;255;1510215579;0
32;16;10;5;1;51;1510215598;51;255;1510215606;0
32;16;10;5;1;51;1510216269;51;255;1510216277;0
32;16;10;5;1;51;1510216446;51;255;1510216454;0
32;16;10;5;1;51;1510216512;51;255;1510216520;0
32;16;10;5;1;51;1510216540;51;255;1510216548;0
32;16;10;5;1;51;1510217212;51;255;1510217220;0
32;16;10;5;1;51;1510217387;51;255;1510217396;0
32;16;10;5;1;51;1510217453;51;255;1510217462;0
32;16;10;5;1;51;1510217484;51;255;1510217493;0
32;16;10;5;1;51;1510218154;51;255;1510218162;0
32;16;10;5;1;51;1510218331;51;255;1510218339;0
32;16;10;5;1;51;1510218396;51;255;1510218405;0
32;16;10;5;1;51;1510218426;51;255;1510218435;0
32;16;10;5;1;51;1510219108;51;255;1510219117;0
32;16;10;5;1;51;1510219301;51;255;1510219310;0
32;16;10;5;1;51;1510219357;51;255;1510219365;0
32;16;10;5;1;51;1510219394;51;255;1510219403;0
32;16;10;5;1;51;1510220115;51;255;1510220125;0
32;16;10;5;1;51;1510220313;51;255;1510220322;0
32;16;10;5;1;51;1510220369;51;255;1510220378;0
32;16;10;5;1;51;1510220404;51;255;1510220414;1
32;16;10;5;1;51;1510221119;51;255;1510221127;0
32;16;10;5;1;51;1510221303;51;255;1510221311;0
32;16;10;5;1;51;1510221348;51;255;1510221356;0
32;16;10;5;1;51;1510221400;51;255;1510221409;0
32;16;10;5;1;51;1510222102;51;255;1510222113;0
32;16;10;5;1;51;1510222299;51;255;1510222309;0
32;16;10;5;1;51;1510222351;51;255;1510222360;0
32;16;10;5;1;51;1510222421;51;255;1510222430;0
32;16;10;5;1;51;1510223116;51;255;1510223125;0
32;16;10;5;1;51;1510223311;51;255;1510223321;0
32;16;10;5;1;51;1510223364;51;255;1510223373;1
32;16;10;5;1;51;1510223428;51;255;1510223438;1
32;16;10;5;1;51;1510224130;51;255;1510224139;0
32;16;10;5;1;51;1510224321;51;255;1510224331;0
32;16;10;5;1;51;1510224380;51;255;1510224389;0
32;16;10;5;1;51;1510224439;51;255;1510224448;0
32;16;10;5;1;51;1510225134;51;255;1510225143;0
32;16;10;5;1;51;1510225323;51;255;1510225332;0
32;16;10;5;1;51;1510225382;51;255;1510225391;0
32;16;10;5;1;51;1510225428;51;255;1510225437;0
32;16;10;5;1;51;1510226143;51;255;1510226152;0
32;16;10;5;1;51;1510226337;51;255;1510226346;0
32;16;10;5;1;51;1510226386;51;255;1510226395;1
32;16;10;5;1;51;1510226441;51;255;1510226450;0
32;16;10;5;1;51;1510227154;51;255;1510227164;0
32;16;10;5;1;51;1510253121;51;255;1510253129;0
32;16;10;5;1;51;1510253125;51;255;1510253133;0
32;16;10;5;1;51;1510253132;51;255;1510253141;1
32;16;10;5;1;51;1510253132;51;255;1510253141;0
32;16;10;5;1;51;1510254076;51;255;1510254085;0
32;16;10;5;1;51;1510254078;51;255;1510254087;0
32;16;10;5;1;51;1510254081;51;255;1510254089;1
32;16;10;5;1;51;1510254100;51;255;1510254108;0
32;16;10;5;1;51;1510255010;51;255;1510255019;1
32;16;10;5;1;51;1510255011;51;255;1510255019;1
32;16;10;5;1;51;1510255012;51;255;1510255020;0
32;16;10;5;1;51;1510255034;51;255;1510255042;1
32;16;10;5;1;51;1510255942;51;255;1510255951;0
32;16;10;5;1;51;1510255942;51;255;1510255951;0
32;16;10;5;1;51;1510255947;51;255;1510255955;0
32;16;10;5;1;51;1510255968;51;255;1510255977;0
32;16;10;5;1;51;1510256873;51;255;1510256881;0
32;16;10;5;1;51;1510256875;51;255;1510256883;1
32;16;10;5;1;51;1510256882;51;255;1510256891;0
32;16;10;5;1;51;1510256903;51;255;1510256911;1
32;16;10;5;1;51;1510257804;51;255;1510257812;1
32;16;10;5;1;51;1510257806;51;255;1510257815;0
32;16;10;5;1;51;1510257818;51;255;1510257826;0
32;16;10;5;1;51;1510257838;51;255;1510257847;0
32;16;10;5;1;51;1510258735;51;255;1510258743;0
32;16;10;5;1;51;1510258738;51;255;1510258747;0
32;16;10;5;1;51;1510258753;51;255;1510258762;0
32;16;10;5;1;51;1510258773;51;255;1510258782;0
32;16;10;5;1;51;1510259665;51;255;1510259674;0
32;16;10;5;1;51;1510259670;51;255;1510259678;0
32;16;10;5;1;51;1510259689;51;255;1510259697;0
32;16;10;5;1;51;1510259708;51;255;1510259716;0
32;16;10;5;1;51;1510260596;51;255;1510260605;0
32;16;10;5;1;51;1510260603;51;255;1510260612;0
32;16;10;5;1;51;1510260625;51;255;1510260633;0
32;16;10;5;1;51;1510260643;51;255;1510260651;0
32;16;10;5;1;51;1510261528;51;255;1510261537;0
32;16;10;5;1;51;1510261535;51;255;1510261543;0
32;16;10;5;1;51;1510261561;51;255;1510261569;0
32;16;10;5;1;51;1510261579;51;255;1510261588;0
32;16;10;5;1;51;1510262459;51;255;1510262468;0
32;16;10;5;1;51;1510262466;51;255;1510262474;0
32;16;10;5;1;51;1510262496;51;255;1510262504;1
32;16;10;5;1;51;1510262514;51;255;1510262523;0
32;16;10;5;1;51;1510263390;51;255;1510263399;0
32;16;10;5;1;51;1510263397;51;255;1510263406;0
32;16;10;5;1;51;1510263431;51;255;1510263439;0
32;16;10;5;1;51;1510263450;51;255;1510263458;1
32;16;10;5;1;51;1510264321;51;255;1510264329;0
32;16;10;5;1;51;1510264329;51;255;1510264338;1
32;16;10;5;1;51;1510264368;51;255;1510264376;1
32;16;10;5;1;51;1510264385;51;255;1510264393;0
32;16;10;5;1;51;1510265253;51;255;1510265262;0
32;16;10;5;1;51;1510265261;51;255;1510265269;0
32;16;10;5;1;51;1510265304;51;255;1510265312;0
32;16;10;5;1;51;1510265320;51;255;1510265328;1
32;16;10;5;1;51;1510266184;51;255;1510266192;0
32;16;10;5;1;51;1510266192;51;255;1510266200;0
32;16;10;5;1;51;1510266240;51;255;1510266248;0
32;16;10;5;1;51;1510266255;51;255;1510266263;1
32;16;10;5;1;51;1510267115;51;255;1510267123;0
32;16;10;5;1;51;1510267124;51;255;1510267132;0
32;16;10;5;1;51;1510267176;51;255;1510267184;0
32;16;10;5;1;51;1510267190;51;255;1510267198;0
32;16;10;5;1;51;1510268045;51;255;1510268054;0
32;16;10;5;1;51;1510268055;51;255;1510268063;0
32;16;10;5;1;51;1510268114;51;255;1510268122;0
32;16;10;5;1;51;1510268125;51;255;1510268133;0
32;16;10;5;1;51;1510268977;51;255;1510268985;0
32;16;10;5;1;51;1510268987;51;255;1510268995;0
32;16;10;5;1;51;1510269051;51;255;1510269059;0
32;16;10;5;1;51;1510269060;51;255;1510269068;0
32;16;10;5;1;51;1510269908;51;255;1510269916;1
32;16;10;5;1;51;1510269919;51;255;1510269927;1
32;16;10;5;1;51;1510269988;51;255;1510269997;0
32;16;10;5;1;51;1510269996;51;255;1510270004;0
32;16;10;5;1;51;1510270839;51;255;1510270847;0
32;16;10;5;1;51;1510270852;51;255;1510270860;0
32;16;10;5;1;51;1510270925;51;255;1510270933;0
32;16;10;5;1;51;1510270931;51;255;1510270939;0
32;16;10;5;1;51;1510271770;51;255;1510271778;0
32;16;10;5;1;51;1510271786;51;255;1510271795;0
32;16;10;5;1;51;1510271859;51;255;1510271867;0
32;16;10;5;1;51;1510271867;51;255;1510271875;0
32;16;10;5;1;51;1510272702;51;255;1510272711;0
32;16;10;5;1;51;1510272723;51;255;1510272731;0
32;16;10;5;1;51;1510272791;51;255;1510272799;0
32;16;10;5;1;51;1510272802;51;255;1510272810;0
32;16;10;5;1;51;1510273633;51;255;1510273641;1
32;16;10;5;1;51;1510273660;51;255;1510273668;0
32;16;10;5;1;51;1510273722;51;255;1510273730;0
32;16;10;5;1;51;1510273739;51;255;1510273748;0
32;16;10;5;1;51;1510274564;51;255;1510274572;1
32;16;10;5;1;51;1510274596;51;255;1510274604;0
32;16;10;5;1;51;1510274654;51;255;1510274662;1
32;16;10;5;1;51;1510274675;51;255;1510274683;0
32;16;10;5;1;51;1510275495;51;255;1510275503;0
32;16;10;5;1;51;1510275533;51;255;1510275541;0
32;16;10;5;1;51;1510275587;51;255;1510275595;0
32;16;10;5;1;51;1510275609;51;255;1510275617;0
32;16;10;5;1;51;1510276426;51;255;1510276435;0
32;16;10;5;1;51;1510276469;51;255;1510276478;1
32;16;10;5;1;51;1510276524;51;255;1510276532;0
32;16;10;5;1;51;1510276541;51;255;1510276549;0
32;16;10;5;1;51;1510277358;51;255;1510277367;0
32;16;10;5;1;51;1510277406;51;255;1510277415;0
32;16;10;5;1;51;1510277459;51;255;1510277467;0
32;16;10;5;1;51;1510277472;51;255;1510277480;0
32;16;10;5;1;51;1510278289;51;255;1510278298;0
32;16;10;5;1;51;1510278343;51;255;1510278351;0
32;16;10;5;1;51;1510278395;51;255;1510278403;0
32;16;10;5;1;51;1510278403;51;255;1510278412;0
32;16;10;5;1;51;1510279220;51;255;1510279229;0
32;16;10;5;1;51;1510279280;51;255;1510279288;0
32;16;10;5;1;51;1510279331;51;255;1510279339;0
32;16;10;5;1;51;1510279335;51;255;1510279343;0
32;16;10;5;1;51;1510280151;51;255;1510280159;0
32;16;10;5;1;51;1510280217;51;255;1510280225;0
32;16;10;5;1;51;1510280266;51;255;1510280275;1
32;16;10;5;1;51;1510280266;51;255;1510280275;0
32;16;10;5;1;51;1510281082;51;255;1510281090;1
32;16;10;5;1;51;1510281154;51;255;1510281162;0
32;16;10;5;1;51;1510281198;51;255;1510281206;1
32;16;10;5;1;51;1510281202;51;255;1510281211;0
32;16;10;5;1;51;1510282013;51;255;1510282021;1
32;16;10;5;1;51;1510282093;51;255;1510282101;0
32;16;10;5;1;51;1510282129;51;255;1510282138;0
32;16;10;5;1;51;1510282138;51;255;1510282146;1
32;16;10;5;1;51;1510282944;51;255;1510282952;0
32;16;10;5;1;51;1510283032;51;255;1510283040;0
32;16;10;5;1;51;1510283061;51;255;1510283069;0
32;16;10;5;1;51;1510283073;51;255;1510283082;0
32;16;10;5;1;51;1510283874;51;255;1510283883;0
32;16;10;5;1;51;1510283969;51;255;1510283978;1
32;16;10;5;1;51;1510283992;51;255;1510284001;0
32;16;10;5;1;51;1510284009;51;255;1510284017;0
32;16;10;5;1;51;1510284805;51;255;1510284814;0
32;16;10;5;1;51;1510284907;51;255;1510284915;0
32;16;10;5;1;51;1510284924;51;255;1510284932;0
32;16;10;5;1;51;1510284944;51;255;1510284952;0
32;16;10;5;1;51;1510285736;51;255;1510285744;0
32;16;10;5;1;51;1510285845;51;255;1510285853;0
32;16;10;5;1;51;1510285860;51;255;1510285868;0
32;16;10;5;1;51;1510285875;51;255;1510285883;1
32;16;10;5;1;51;1510286667;51;255;1510286675;1
32;16;10;5;1;51;1510286782;51;255;1510286790;1
32;16;10;5;1;51;1510286796;51;255;1510286805;0
32;16;10;5;1;51;1510286807;51;255;1510286815;1
32;16;10;5;1;51;1510287598;51;255;1510287606;0
32;16;10;5;1;51;1510287719;51;255;1510287728;0
32;16;10;5;1;51;1510287733;51;255;1510287741;0
32;16;10;5;1;51;1510287739;51;255;1510287747;0
32;16;10;5;1;51;1510288530;51;255;1510288538;0
32;16;10;5;1;51;1510288657;51;255;1510288665;0
32;16;10;5;1;51;1510288668;51;255;1510288676;0
32;16;10;5;1;51;1510288670;51;255;1510288678;0
32;16;10;5;1;51;1510289462;51;255;1510289470;0
32;16;10;5;1;51;1510289595;51;255;1510289603;0
32;16;10;5;1;51;1510289601;51;255;1510289610;0
32;16;10;5;1;51;1510289602;51;255;1510289611;0
32;16;10;5;1;51;1510290394;51;255;1510290403;0
32;16;10;5;1;51;1510290533;51;255;1510290541;0
32;16;10;5;1;51;1510290534;51;255;1510290542;0
32;16;10;5;1;51;1510290537;51;255;1510290546;0
32;16;10;5;1;51;1510291327;51;255;1510291335;0
32;16;10;5;1;51;1510291465;51;255;1510291474;0
32;16;10;5;1;51;1510291471;51;255;1510291479;0
32;16;10;5;1;51;1510291473;51;255;1510291481;1
32;16;10;5;1;51;1510292259;51;255;1510292267;0
32;16;10;5;1;51;1510292397;51;255;1510292405;0
32;16;10;5;1;51;1510292407;51;255;1510292415;0
32;16;10;5;1;51;1510292409;51;255;1510292417;0
32;16;10;5;1;51;1510293192;51;255;1510293200;0
32;16;10;5;1;51;1510293328;51;255;1510293337;0
32;16;10;5;1;51;1510293342;51;255;1510293350;0
32;16;10;5;1;51;1510293346;51;255;1510293355;0
32;16;10;5;1;51;1510294124;51;255;1510294132;0
32;16;10;5;1;51;1510294260;51;255;1510294269;0
32;16;10;5;1;51;1510294276;51;255;1510294285;0
32;16;10;5;1;51;1510294286;51;255;1510294294;0
32;16;10;5;1;51;1510295057;51;255;1510295065;0
32;16;10;5;1;51;1510295192;51;255;1510295200;0
32;16;10;5;1;51;1510295210;51;255;1510295219;0
32;16;10;5;1;51;1510295224;51;255;1510295232;0
32;16;10;5;1;51;1510295990;51;255;1510295998;0
32;16;10;5;1;51;1510296124;51;255;1510296132;1
32;16;10;5;1;51;1510296144;51;255;1510296153;0
32;16;10;5;1;51;1510296162;51;255;1510296171;0
32;16;10;5;1;51;1510296923;51;255;1510296931;0
32;16;10;5;1;51;1510297056;51;255;1510297065;0
32;16;10;5;1;51;1510297080;51;255;1510297088;0
32;16;10;5;1;51;1510297099;51;255;1510297108;1
32;16;10;5;1;51;1510297856;51;255;1510297864;1
32;16;10;5;1;51;1510297988;51;255;1510297996;0
32;16;10;5;1;51;1510298015;51;255;1510298023;0
32;16;10;5;1;51;1510298037;51;255;1510298046;1
32;16;10;5;1;51;1510298788;51;255;1510298796;0
32;16;10;5;1;51;1510298920;51;255;1510298928;0
32;16;10;5;1;51;1510298950;51;255;1510298959;0
32;16;10;5;1;51;1510298976;51;255;1510298984;0
32;16;10;5;1;51;1510299720;51;255;1510299728;0
32;16;10;5;1;51;1510299851;51;255;1510299860;0
32;16;10;5;1;51;1510299885;51;255;1510299894;0
32;16;10;5;1;51;1510299914;51;255;1510299922;0
32;16;10;5;1;51;1510300653;51;255;1510300661;0
32;16;10;5;1;51;1510300783;51;255;1510300791;0
32;16;10;5;1;51;1510300821;51;255;1510300829;0
32;16;10;5;1;51;1510300851;51;255;1510300860;0
32;16;10;5;1;51;1510301587;51;255;1510301595;1
32;16;10;5;1;51;1510301715;51;255;1510301724;0
32;16;10;5;1;51;1510301760;51;255;1510301768;1
32;16;10;5;1;51;1510301786;51;255;1510301794;0
32;16;10;5;1;51;1510302519;51;255;1510302527;0
32;16;10;5;1;51;1510302647;51;255;1510302655;0
32;16;10;5;1;51;1510302698;51;255;1510302707;0
32;16;10;5;1;51;1510302721;51;255;1510302731;0
32;16;10;5;1;51;1510303494;51;255;1510303503;0
32;16;10;5;1;51;1510303644;51;255;1510303653;0
32;16;10;5;1;51;1510303690;51;255;1510303699;0
32;16;10;5;1;51;1510303722;51;255;1510303731;0
32;16;10;5;1;51;1510304468;51;255;1510304477;0
32;16;10;5;1;51;1510304609;51;255;1510304617;0
32;16;10;5;1;51;1510304659;51;255;1510304668;0
32;16;10;5;1;51;1510304710;51;255;1510304719;0
32;16;10;5;1;51;1510305440;51;255;1510305449;1
32;16;10;5;1;51;1510305564;51;255;1510305573;0
32;16;10;5;1;51;1510305620;51;255;1510305629;0
32;16;10;5;1;51;1510305677;51;255;1510305686;0
32;16;10;5;1;51;1510306418;51;255;1510306427;0
32;16;10;5;1;51;1510306567;51;255;1510306578;0
32;16;10;5;1;51;1510306621;51;255;1510306631;0
32;16;10;5;1;51;1510306706;51;255;1510306715;0
