32;16;10;5;1;52;1509981830;52;255;1509981838;0
32;16;10;5;1;52;1509981900;52;255;1509981908;0
32;16;10;5;1;52;1509981966;52;255;1509981975;0
32;16;10;5;1;52;1509982077;52;255;1509982086;0
32;16;10;5;1;52;1509982822;52;255;1509982830;0
32;16;10;5;1;52;1509982879;52;255;1509982888;0
32;16;10;5;1;52;1509982948;52;255;1509982956;0
32;16;10;5;1;52;1509983053;52;255;1509983062;0
32;16;10;5;1;52;1509983764;52;255;1509983773;1
32;16;10;5;1;52;1509983823;52;255;1509983831;0
32;16;10;5;1;52;1509983892;52;255;1509983900;0
32;16;10;5;1;52;1509984002;52;255;1509984011;1
32;16;10;5;1;52;1509984708;52;255;1509984717;0
32;16;10;5;1;52;1509984764;52;255;1509984772;0
32;16;10;5;1;52;1509984833;52;255;1509984841;0
32;16;10;5;1;52;1509984941;52;255;1509984950;1
32;16;10;5;1;52;1509985648;52;255;1509985656;0
32;16;10;5;1;52;1509985705;52;255;1509985713;0
32;16;10;5;1;52;1509985776;52;255;1509985785;0
32;16;10;5;1;52;1509985883;52;255;1509985891;0
32;16;10;5;1;52;1509986589;52;255;1509986597;0
32;16;10;5;1;52;1509986647;52;255;1509986655;0
32;16;10;5;1;52;1509986716;52;255;1509986724;1
32;16;10;5;1;52;1509986827;52;255;1509986835;0
32;16;10;5;1;52;1509987529;52;255;1509987538;0
32;16;10;5;1;52;1509987591;52;255;1509987600;0
32;16;10;5;1;52;1509987655;52;255;1509987663;0
32;16;10;5;1;52;1509987769;52;255;1509987777;0
32;16;10;5;1;52;1509988472;52;255;1509988480;0
32;16;10;5;1;52;1509988533;52;255;1509988541;0
32;16;10;5;1;52;1509988595;52;255;1509988604;0
32;16;10;5;1;52;1509988711;52;255;1509988720;0
32;16;10;5;1;52;1509989413;52;255;1509989421;0
32;16;10;5;1;52;1509989475;52;255;1509989483;1
32;16;10;5;1;52;1509989541;52;255;1509989549;1
32;16;10;5;1;52;1509989653;52;255;1509989662;0
32;16;10;5;1;52;1509990354;52;255;1509990362;0
32;16;10;5;1;52;1509990419;52;255;1509990427;0
32;16;10;5;1;52;1509990480;52;255;1509990488;0
32;16;10;5;1;52;1509990594;52;255;1509990603;1
32;16;10;5;1;52;1509991297;52;255;1509991305;0
32;16;10;5;1;52;1509991357;52;255;1509991366;0
32;16;10;5;1;52;1509991420;52;255;1509991429;0
32;16;10;5;1;52;1509991537;52;255;1509991545;0
32;16;10;5;1;52;1509992239;52;255;1509992247;0
32;16;10;5;1;52;1509992299;52;255;1509992308;0
32;16;10;5;1;52;1509992360;52;255;1509992368;0
32;16;10;5;1;52;1509992478;52;255;1509992487;0
32;16;10;5;1;52;1509993182;52;255;1509993190;1
32;16;10;5;1;52;1509993241;52;255;1509993249;0
32;16;10;5;1;52;1509993301;52;255;1509993310;0
32;16;10;5;1;52;1509993420;52;255;1509993429;0
32;16;10;5;1;52;1509994122;52;255;1509994130;0
32;16;10;5;1;52;1509994182;52;255;1509994190;1
32;16;10;5;1;52;1509994243;52;255;1509994251;0
32;16;10;5;1;52;1509994362;52;255;1509994371;0
32;16;10;5;1;52;1509995064;52;255;1509995073;0
32;16;10;5;1;52;1509995123;52;255;1509995131;0
32;16;10;5;1;52;1509995184;52;255;1509995192;0
32;16;10;5;1;52;1509995303;52;255;1509995311;1
32;16;10;5;1;52;1509996011;52;255;1509996020;1
32;16;10;5;1;52;1509996065;52;255;1509996074;0
32;16;10;5;1;52;1509996142;52;255;1509996150;0
32;16;10;5;1;52;1509996244;52;255;1509996252;0
32;16;10;5;1;52;1509996953;52;255;1509996962;0
32;16;10;5;1;52;1509997006;52;255;1509997014;1
32;16;10;5;1;52;1509997083;52;255;1509997091;1
32;16;10;5;1;52;1509997186;52;255;1509997194;0
32;16;10;5;1;52;1509997894;52;255;1509997902;0
32;16;10;5;1;52;1509997951;52;255;1509997959;0
32;16;10;5;1;52;1509998025;52;255;1509998033;0
32;16;10;5;1;52;1509998127;52;255;1509998135;0
32;16;10;5;1;52;1509998836;52;255;1509998844;0
32;16;10;5;1;52;1509998890;52;255;1509998899;0
32;16;10;5;1;52;1509998965;52;255;1509998973;0
32;16;10;5;1;52;1509999068;52;255;1509999076;1
32;16;10;5;1;52;1509999780;52;255;1509999788;0
32;16;10;5;1;52;1509999833;52;255;1509999841;0
32;16;10;5;1;52;1509999904;52;255;1509999913;0
32;16;10;5;1;52;1510000008;52;255;1510000016;0
32;16;10;5;1;52;1510000723;52;255;1510000731;1
32;16;10;5;1;52;1510000776;52;255;1510000784;0
32;16;10;5;1;52;1510000845;52;255;1510000853;0
32;16;10;5;1;52;1510000947;52;255;1510000955;0
32;16;10;5;1;52;1510001664;52;255;1510001672;0
32;16;10;5;1;52;1510001721;52;255;1510001729;1
32;16;10;5;1;52;1510001785;52;255;1510001793;0
32;16;10;5;1;52;1510001888;52;255;1510001896;0
32;16;10;5;1;52;1510002604;52;255;1510002612;0
32;16;10;5;1;52;1510002666;52;255;1510002674;0
32;16;10;5;1;52;1510002727;52;255;1510002736;0
32;16;10;5;1;52;1510002828;52;255;1510002836;0
32;16;10;5;1;52;1510003547;52;255;1510003555;0
32;16;10;5;1;52;1510003605;52;255;1510003614;0
32;16;10;5;1;52;1510003669;52;255;1510003678;0
32;16;10;5;1;52;1510003771;52;255;1510003780;0
32;16;10;5;1;52;1510004486;52;255;1510004494;0
32;16;10;5;1;52;1510004545;52;255;1510004554;0
32;16;10;5;1;52;1510004615;52;255;1510004623;0
32;16;10;5;1;52;1510004712;52;255;1510004721;0
32;16;10;5;1;52;1510005428;52;255;1510005437;0
32;16;10;5;1;52;1510005487;52;255;1510005496;0
32;16;10;5;1;52;1510005555;52;255;1510005563;0
32;16;10;5;1;52;1510005654;52;255;1510005662;0
32;16;10;5;1;52;1510006367;52;255;1510006376;0
32;16;10;5;1;52;1510006426;52;255;1510006435;0
32;16;10;5;1;52;1510006500;52;255;1510006509;0
32;16;10;5;1;52;1510006595;52;255;1510006603;0
32;16;10;5;1;52;1510007308;52;255;1510007316;1
32;16;10;5;1;52;1510007367;52;255;1510007375;0
32;16;10;5;1;52;1510007446;52;255;1510007454;0
32;16;10;5;1;52;1510007534;52;255;1510007543;0
32;16;10;5;1;52;1510008248;52;255;1510008257;0
32;16;10;5;1;52;1510008306;52;255;1510008315;0
32;16;10;5;1;52;1510008385;52;255;1510008394;0
32;16;10;5;1;52;1510008479;52;255;1510008487;0
32;16;10;5;1;52;1510009191;52;255;1510009199;0
32;16;10;5;1;52;1510009248;52;255;1510009256;0
32;16;10;5;1;52;1510009327;52;255;1510009336;0
32;16;10;5;1;52;1510009421;52;255;1510009429;0
32;16;10;5;1;52;1510010132;52;255;1510010140;0
32;16;10;5;1;52;1510010188;52;255;1510010197;1
32;16;10;5;1;52;1510010268;52;255;1510010276;0
32;16;10;5;1;52;1510010364;52;255;1510010372;0
32;16;10;5;1;52;1510011072;52;255;1510011080;0
32;16;10;5;1;52;1510011131;52;255;1510011139;0
32;16;10;5;1;52;1510011209;52;255;1510011218;0
32;16;10;5;1;52;1510011305;52;255;1510011314;1
32;16;10;5;1;52;1510012011;52;255;1510012020;0
32;16;10;5;1;52;1510012075;52;255;1510012083;1
32;16;10;5;1;52;1510012152;52;255;1510012161;0
32;16;10;5;1;52;1510012244;52;255;1510012253;0
32;16;10;5;1;52;1510012955;52;255;1510012963;1
32;16;10;5;1;52;1510013017;52;255;1510013025;0
32;16;10;5;1;52;1510013093;52;255;1510013101;1
32;16;10;5;1;52;1510013187;52;255;1510013195;0
32;16;10;5;1;52;1510013895;52;255;1510013905;0
32;16;10;5;1;52;1510013961;52;255;1510013969;0
32;16;10;5;1;52;1510014033;52;255;1510014041;0
32;16;10;5;1;52;1510014129;52;255;1510014138;0
32;16;10;5;1;52;1510014839;52;255;1510014847;0
32;16;10;5;1;52;1510014901;52;255;1510014910;1
32;16;10;5;1;52;1510014973;52;255;1510014982;0
32;16;10;5;1;52;1510015070;52;255;1510015079;0
32;16;10;5;1;52;1510015780;52;255;1510015788;0
32;16;10;5;1;52;1510015842;52;255;1510015851;0
32;16;10;5;1;52;1510015915;52;255;1510015923;0
32;16;10;5;1;52;1510016011;52;255;1510016020;0
32;16;10;5;1;52;1510016720;52;255;1510016729;0
32;16;10;5;1;52;1510016785;52;255;1510016794;0
32;16;10;5;1;52;1510016855;52;255;1510016864;0
32;16;10;5;1;52;1510016953;52;255;1510016961;0
32;16;10;5;1;52;1510017662;52;255;1510017670;0
32;16;10;5;1;52;1510017728;52;255;1510017737;0
32;16;10;5;1;52;1510017797;52;255;1510017805;0
32;16;10;5;1;52;1510017894;52;255;1510017902;0
32;16;10;5;1;52;1510018602;52;255;1510018610;0
32;16;10;5;1;52;1510018672;52;255;1510018680;0
32;16;10;5;1;52;1510018738;52;255;1510018746;0
32;16;10;5;1;52;1510018836;52;255;1510018844;0
32;16;10;5;1;52;1510019545;52;255;1510019553;0
32;16;10;5;1;52;1510019614;52;255;1510019622;0
32;16;10;5;1;52;1510019678;52;255;1510019686;0
32;16;10;5;1;52;1510019777;52;255;1510019785;0
32;16;10;5;1;52;1510020485;52;255;1510020493;0
32;16;10;5;1;52;1510020558;52;255;1510020566;0
32;16;10;5;1;52;1510020619;52;255;1510020627;0
32;16;10;5;1;52;1510020717;52;255;1510020725;0
32;16;10;5;1;52;1510021425;52;255;1510021433;0
32;16;10;5;1;52;1510021498;52;255;1510021507;0
32;16;10;5;1;52;1510021561;52;255;1510021569;1
32;16;10;5;1;52;1510021660;52;255;1510021668;0
32;16;10;5;1;52;1510022366;52;255;1510022374;0
32;16;10;5;1;52;1510022440;52;255;1510022448;0
32;16;10;5;1;52;1510022502;52;255;1510022510;0
32;16;10;5;1;52;1510022600;52;255;1510022609;0
32;16;10;5;1;52;1510023308;52;255;1510023316;1
32;16;10;5;1;52;1510023380;52;255;1510023388;0
32;16;10;5;1;52;1510023447;52;255;1510023455;0
32;16;10;5;1;52;1510023541;52;255;1510023550;1
32;16;10;5;1;52;1510024250;52;255;1510024259;0
32;16;10;5;1;52;1510024321;52;255;1510024329;0
32;16;10;5;1;52;1510024388;52;255;1510024396;1
32;16;10;5;1;52;1510024482;52;255;1510024491;0
32;16;10;5;1;52;1510025195;52;255;1510025203;0
32;16;10;5;1;52;1510025261;52;255;1510025269;0
32;16;10;5;1;52;1510025331;52;255;1510025339;0
32;16;10;5;1;52;1510025422;52;255;1510025430;0
32;16;10;5;1;52;1510026137;52;255;1510026145;0
32;16;10;5;1;52;1510026202;52;255;1510026210;1
32;16;10;5;1;52;1510026272;52;255;1510026280;0
32;16;10;5;1;52;1510026363;52;255;1510026372;1
32;16;10;5;1;52;1510027077;52;255;1510027085;1
32;16;10;5;1;52;1510027142;52;255;1510027151;1
32;16;10;5;1;52;1510027215;52;255;1510027223;0
32;16;10;5;1;52;1510027304;52;255;1510027313;0
32;16;10;5;1;52;1510028019;52;255;1510028028;0
32;16;10;5;1;52;1510028084;52;255;1510028093;0
32;16;10;5;1;52;1510028155;52;255;1510028164;0
32;16;10;5;1;52;1510028243;52;255;1510028252;0
32;16;10;5;1;52;1510028961;52;255;1510028969;0
32;16;10;5;1;52;1510029028;52;255;1510029036;0
32;16;10;5;1;52;1510029098;52;255;1510029106;0
32;16;10;5;1;52;1510029184;52;255;1510029192;0
32;16;10;5;1;52;1510029902;52;255;1510029910;0
32;16;10;5;1;52;1510029970;52;255;1510029978;0
32;16;10;5;1;52;1510030040;52;255;1510030048;0
32;16;10;5;1;52;1510030124;52;255;1510030132;0
32;16;10;5;1;52;1510030844;52;255;1510030853;1
32;16;10;5;1;52;1510030911;52;255;1510030919;0
32;16;10;5;1;52;1510030984;52;255;1510030993;0
32;16;10;5;1;52;1510031066;52;255;1510031074;0
32;16;10;5;1;52;1510031785;52;255;1510031794;0
32;16;10;5;1;52;1510031851;52;255;1510031860;0
32;16;10;5;1;52;1510031927;52;255;1510031935;0
32;16;10;5;1;52;1510032007;52;255;1510032016;0
32;16;10;5;1;52;1510032724;52;255;1510032733;1
32;16;10;5;1;52;1510032793;52;255;1510032801;0
32;16;10;5;1;52;1510032869;52;255;1510032878;0
32;16;10;5;1;52;1510032949;52;255;1510032957;0
32;16;10;5;1;52;1510033668;52;255;1510033677;0
32;16;10;5;1;52;1510033733;52;255;1510033741;0
32;16;10;5;1;52;1510033810;52;255;1510033818;1
32;16;10;5;1;52;1510033890;52;255;1510033898;0
32;16;10;5;1;52;1510034610;52;255;1510034618;0
32;16;10;5;1;52;1510034675;52;255;1510034684;0
32;16;10;5;1;52;1510034751;52;255;1510034760;0
32;16;10;5;1;52;1510034831;52;255;1510034839;0
32;16;10;5;1;52;1510035551;52;255;1510035560;0
32;16;10;5;1;52;1510035617;52;255;1510035626;0
32;16;10;5;1;52;1510035693;52;255;1510035701;0
32;16;10;5;1;52;1510035771;52;255;1510035779;0
32;16;10;5;1;52;1510036493;52;255;1510036501;0
32;16;10;5;1;52;1510036560;52;255;1510036569;0
32;16;10;5;1;52;1510036634;52;255;1510036642;0
32;16;10;5;1;52;1510036711;52;255;1510036719;0
32;16;10;5;1;52;1510037436;52;255;1510037445;0
32;16;10;5;1;52;1510037501;52;255;1510037510;0
32;16;10;5;1;52;1510037574;52;255;1510037583;0
32;16;10;5;1;52;1510037651;52;255;1510037660;0
32;16;10;5;1;52;1510038376;52;255;1510038384;0
32;16;10;5;1;52;1510038445;52;255;1510038453;1
32;16;10;5;1;52;1510038514;52;255;1510038523;0
32;16;10;5;1;52;1510038593;52;255;1510038601;0
32;16;10;5;1;52;1510039319;52;255;1510039327;1
32;16;10;5;1;52;1510039386;52;255;1510039395;0
32;16;10;5;1;52;1510039459;52;255;1510039467;0
32;16;10;5;1;52;1510039533;52;255;1510039542;0
32;16;10;5;1;52;1510040259;52;255;1510040268;0
32;16;10;5;1;52;1510040326;52;255;1510040335;1
32;16;10;5;1;52;1510040401;52;255;1510040409;0
32;16;10;5;1;52;1510040474;52;255;1510040482;0
32;16;10;5;1;52;1510041200;52;255;1510041208;0
32;16;10;5;1;52;1510041269;52;255;1510041277;0
32;16;10;5;1;52;1510041344;52;255;1510041352;0
32;16;10;5;1;52;1510041414;52;255;1510041422;0
32;16;10;5;1;52;1510042144;52;255;1510042152;1
32;16;10;5;1;52;1510042210;52;255;1510042218;0
32;16;10;5;1;52;1510042286;52;255;1510042295;0
32;16;10;5;1;52;1510042356;52;255;1510042365;0
32;16;10;5;1;52;1510043083;52;255;1510043092;0
32;16;10;5;1;52;1510043153;52;255;1510043161;0
32;16;10;5;1;52;1510043227;52;255;1510043235;0
32;16;10;5;1;52;1510043298;52;255;1510043306;0
32;16;10;5;1;52;1510044023;52;255;1510044032;0
32;16;10;5;1;52;1510044096;52;255;1510044105;0
32;16;10;5;1;52;1510044167;52;255;1510044176;0
32;16;10;5;1;52;1510044240;52;255;1510044248;0
32;16;10;5;1;52;1510044987;52;255;1510044997;0
32;16;10;5;1;52;1510045057;52;255;1510045067;0
32;16;10;5;1;52;1510045136;52;255;1510045145;0
32;16;10;5;1;52;1510045219;52;255;1510045228;0
32;16;10;5;1;52;1510046002;52;255;1510046011;0
32;16;10;5;1;52;1510046077;52;255;1510046086;0
32;16;10;5;1;52;1510046156;52;255;1510046164;0
32;16;10;5;1;52;1510046227;52;255;1510046237;0
32;16;10;5;1;52;1510046989;52;255;1510046997;0
32;16;10;5;1;52;1510047000;52;255;1510047009;0
32;16;10;5;1;52;1510047010;52;255;1510047018;0
32;16;10;5;1;52;1510047011;52;255;1510047019;0
32;16;10;5;1;52;1510047972;52;255;1510047980;0
32;16;10;5;1;52;1510047988;52;255;1510047996;1
32;16;10;5;1;52;1510047990;52;255;1510047999;0
32;16;10;5;1;52;1510047995;52;255;1510048004;0
32;16;10;5;1;52;1510048935;52;255;1510048943;0
32;16;10;5;1;52;1510048943;52;255;1510048952;0
32;16;10;5;1;52;1510048950;52;255;1510048958;0
32;16;10;5;1;52;1510048962;52;255;1510048970;0
32;16;10;5;1;52;1510049966;52;255;1510049974;0
32;16;10;5;1;52;1510049972;52;255;1510049981;0
32;16;10;5;1;52;1510049989;52;255;1510049998;0
32;16;10;5;1;52;1510050924;52;255;1510050933;0
32;16;10;5;1;52;1510050929;52;255;1510050938;0
32;16;10;5;1;52;1510050946;52;255;1510050955;0
32;16;10;5;1;52;1510051882;52;255;1510051890;0
32;16;10;5;1;52;1510051888;52;255;1510051896;0
32;16;10;5;1;52;1510051906;52;255;1510051914;0
32;16;10;5;1;52;1510052838;52;255;1510052847;0
32;16;10;5;1;52;1510052845;52;255;1510052854;0
32;16;10;5;1;52;1510052863;52;255;1510052871;0
32;16;10;5;1;52;1510053796;52;255;1510053805;0
32;16;10;5;1;52;1510053802;52;255;1510053811;0
32;16;10;5;1;52;1510053821;52;255;1510053830;0
32;16;10;5;1;52;1510054754;52;255;1510054763;0
32;16;10;5;1;52;1510054764;52;255;1510054773;0
32;16;10;5;1;52;1510054782;52;255;1510054791;0
32;16;10;5;1;52;1510055724;52;255;1510055732;0
32;16;10;5;1;52;1510055733;52;255;1510055742;0
32;16;10;5;1;52;1510055754;52;255;1510055762;0
32;16;10;5;1;52;1510056678;52;255;1510056686;0
32;16;10;5;1;52;1510056700;52;255;1510056709;0
32;16;10;5;1;52;1510056726;52;255;1510056735;0
32;16;10;5;1;52;1510057630;52;255;1510057639;0
32;16;10;5;1;52;1510057651;52;255;1510057660;0
32;16;10;5;1;52;1510057679;52;255;1510057687;0
32;16;10;5;1;52;1510058571;52;255;1510058579;0
32;16;10;5;1;52;1510058592;52;255;1510058601;0
32;16;10;5;1;52;1510058619;52;255;1510058627;0
32;16;10;5;1;52;1510059512;52;255;1510059520;0
32;16;10;5;1;52;1510059533;52;255;1510059541;0
32;16;10;5;1;52;1510059560;52;255;1510059569;0
32;16;10;5;1;52;1510060463;52;255;1510060471;0
32;16;10;5;1;52;1510060483;52;255;1510060492;1
32;16;10;5;1;52;1510060514;52;255;1510060522;0
32;16;10;5;1;52;1510061423;52;255;1510061432;0
32;16;10;5;1;52;1510061440;52;255;1510061449;0
32;16;10;5;1;52;1510061475;52;255;1510061484;0
32;16;10;5;1;52;1510062420;52;255;1510062429;0
32;16;10;5;1;52;1510062425;52;255;1510062434;0
32;16;10;5;1;52;1510062468;52;255;1510062477;0
32;16;10;5;1;52;1510063374;52;255;1510063382;0
32;16;10;5;1;52;1510063378;52;255;1510063387;0
32;16;10;5;1;52;1510063422;52;255;1510063431;0
32;16;10;5;1;52;1510064334;52;255;1510064343;1
32;16;10;5;1;52;1510064337;52;255;1510064346;0
32;16;10;5;1;52;1510064385;52;255;1510064394;0
32;16;10;5;1;52;1510065304;52;255;1510065312;0
32;16;10;5;1;52;1510065304;52;255;1510065313;0
32;16;10;5;1;52;1510065354;52;255;1510065363;0
32;16;10;5;1;52;1510066261;52;255;1510066270;0
32;16;10;5;1;52;1510066263;52;255;1510066272;0
32;16;10;5;1;52;1510066314;52;255;1510066323;1
32;16;10;5;1;52;1510067223;52;255;1510067232;0
32;16;10;5;1;52;1510067226;52;255;1510067234;0
32;16;10;5;1;52;1510067279;52;255;1510067288;1
32;16;10;5;1;52;1510068179;52;255;1510068188;0
32;16;10;5;1;52;1510068183;52;255;1510068191;1
32;16;10;5;1;52;1510068235;52;255;1510068244;0
32;16;10;5;1;52;1510069129;52;255;1510069137;0
32;16;10;5;1;52;1510069133;52;255;1510069142;0
32;16;10;5;1;52;1510069185;52;255;1510069194;0
32;16;10;5;1;52;1510070093;52;255;1510070102;0
32;16;10;5;1;52;1510070109;52;255;1510070118;0
32;16;10;5;1;52;1510070154;52;255;1510070163;0
32;16;10;5;1;52;1510071059;52;255;1510071068;1
32;16;10;5;1;52;1510071069;52;255;1510071078;1
32;16;10;5;1;52;1510071119;52;255;1510071127;0
32;16;10;5;1;52;1510072033;52;255;1510072041;1
32;16;10;5;1;52;1510072038;52;255;1510072047;0
32;16;10;5;1;52;1510072080;52;255;1510072088;0
32;16;10;5;1;52;1510072978;52;255;1510072987;0
32;16;10;5;1;52;1510072984;52;255;1510072993;0
32;16;10;5;1;52;1510073025;52;255;1510073033;1
32;16;10;5;1;52;1510073922;52;255;1510073930;0
32;16;10;5;1;52;1510073928;52;255;1510073936;0
32;16;10;5;1;52;1510073968;52;255;1510073977;0
32;16;10;5;1;52;1510074865;52;255;1510074873;0
32;16;10;5;1;52;1510074870;52;255;1510074879;0
32;16;10;5;1;52;1510074912;52;255;1510074920;1
32;16;10;5;1;52;1510075675;52;255;1510075683;0
32;16;10;5;1;52;1510075841;52;255;1510075850;0
32;16;10;5;1;52;1510075853;52;255;1510075862;0
32;16;10;5;1;52;1510075892;52;255;1510075900;1
32;16;10;5;1;52;1510076618;52;255;1510076626;1
32;16;10;5;1;52;1510076789;52;255;1510076797;0
32;16;10;5;1;52;1510076794;52;255;1510076802;0
32;16;10;5;1;52;1510076834;52;255;1510076843;0
32;16;10;5;1;52;1510077557;52;255;1510077566;0
32;16;10;5;1;52;1510077727;52;255;1510077736;0
32;16;10;5;1;52;1510077735;52;255;1510077743;0
32;16;10;5;1;52;1510077775;52;255;1510077783;0
32;16;10;5;1;52;1510078496;52;255;1510078504;0
32;16;10;5;1;52;1510078667;52;255;1510078676;0
32;16;10;5;1;52;1510078675;52;255;1510078683;0
32;16;10;5;1;52;1510078715;52;255;1510078723;0
32;16;10;5;1;52;1510079436;52;255;1510079445;0
32;16;10;5;1;52;1510079606;52;255;1510079614;0
32;16;10;5;1;52;1510079614;52;255;1510079622;0
32;16;10;5;1;52;1510079655;52;255;1510079663;0
32;16;10;5;1;52;1510080377;52;255;1510080385;0
32;16;10;5;1;52;1510080546;52;255;1510080555;0
32;16;10;5;1;52;1510080553;52;255;1510080561;0
32;16;10;5;1;52;1510080596;52;255;1510080604;0
32;16;10;5;1;52;1510081317;52;255;1510081326;0
32;16;10;5;1;52;1510081485;52;255;1510081494;0
32;16;10;5;1;52;1510081492;52;255;1510081500;0
32;16;10;5;1;52;1510081537;52;255;1510081545;0
32;16;10;5;1;52;1510082256;52;255;1510082265;0
32;16;10;5;1;52;1510082425;52;255;1510082434;0
32;16;10;5;1;52;1510082432;52;255;1510082440;0
32;16;10;5;1;52;1510082477;52;255;1510082485;1
32;16;10;5;1;52;1510083194;52;255;1510083203;0
32;16;10;5;1;52;1510083365;52;255;1510083374;0
32;16;10;5;1;52;1510083374;52;255;1510083383;0
32;16;10;5;1;52;1510083416;52;255;1510083425;0
32;16;10;5;1;52;1510084134;52;255;1510084143;0
32;16;10;5;1;52;1510084304;52;255;1510084312;0
32;16;10;5;1;52;1510084316;52;255;1510084324;0
32;16;10;5;1;52;1510084357;52;255;1510084365;0
32;16;10;5;1;52;1510085073;52;255;1510085081;0
32;16;10;5;1;52;1510085245;52;255;1510085253;0
32;16;10;5;1;52;1510085258;52;255;1510085266;0
32;16;10;5;1;52;1510085296;52;255;1510085304;0
32;16;10;5;1;52;1510086011;52;255;1510086020;0
32;16;10;5;1;52;1510086186;52;255;1510086195;1
32;16;10;5;1;52;1510086199;52;255;1510086207;0
32;16;10;5;1;52;1510086236;52;255;1510086244;1
32;16;10;5;1;52;1510086951;52;255;1510086960;1
32;16;10;5;1;52;1510087127;52;255;1510087135;0
32;16;10;5;1;52;1510087139;52;255;1510087148;0
32;16;10;5;1;52;1510087175;52;255;1510087184;0
32;16;10;5;1;52;1510087891;52;255;1510087899;0
32;16;10;5;1;52;1510088067;52;255;1510088075;0
32;16;10;5;1;52;1510088079;52;255;1510088088;0
32;16;10;5;1;52;1510088114;52;255;1510088123;1
32;16;10;5;1;52;1510088831;52;255;1510088839;0
32;16;10;5;1;52;1510089007;52;255;1510089016;1
32;16;10;5;1;52;1510089020;52;255;1510089028;0
32;16;10;5;1;52;1510089053;52;255;1510089062;0
32;16;10;5;1;52;1510089770;52;255;1510089778;1
32;16;10;5;1;52;1510089947;52;255;1510089955;1
32;16;10;5;1;52;1510089960;52;255;1510089968;0
32;16;10;5;1;52;1510089996;52;255;1510090005;0
32;16;10;5;1;52;1510090708;52;255;1510090717;0
32;16;10;5;1;52;1510090887;52;255;1510090895;0
32;16;10;5;1;52;1510090900;52;255;1510090908;1
32;16;10;5;1;52;1510090939;52;255;1510090947;0
32;16;10;5;1;52;1510091649;52;255;1510091657;0
32;16;10;5;1;52;1510091826;52;255;1510091834;0
32;16;10;5;1;52;1510091841;52;255;1510091850;0
32;16;10;5;1;52;1510091880;52;255;1510091888;0
32;16;10;5;1;52;1510092587;52;255;1510092596;0
32;16;10;5;1;52;1510092766;52;255;1510092775;0
32;16;10;5;1;52;1510092781;52;255;1510092789;0
32;16;10;5;1;52;1510092819;52;255;1510092828;0
32;16;10;5;1;52;1510093527;52;255;1510093536;0
32;16;10;5;1;52;1510093706;52;255;1510093714;0
32;16;10;5;1;52;1510093721;52;255;1510093730;0
32;16;10;5;1;52;1510093761;52;255;1510093770;0
32;16;10;5;1;52;1510094468;52;255;1510094476;1
32;16;10;5;1;52;1510094644;52;255;1510094653;0
32;16;10;5;1;52;1510094660;52;255;1510094669;0
32;16;10;5;1;52;1510094702;52;255;1510094711;0
32;16;10;5;1;52;1510095410;52;255;1510095418;0
32;16;10;5;1;52;1510095584;52;255;1510095592;0
32;16;10;5;1;52;1510095599;52;255;1510095607;0
32;16;10;5;1;52;1510095642;52;255;1510095651;0
32;16;10;5;1;52;1510096352;52;255;1510096361;0
32;16;10;5;1;52;1510096523;52;255;1510096531;0
32;16;10;5;1;52;1510096538;52;255;1510096546;0
32;16;10;5;1;52;1510096582;52;255;1510096591;0
32;16;10;5;1;52;1510097292;52;255;1510097301;0
32;16;10;5;1;52;1510097464;52;255;1510097472;0
32;16;10;5;1;52;1510097477;52;255;1510097485;0
32;16;10;5;1;52;1510097524;52;255;1510097533;0
32;16;10;5;1;52;1510098232;52;255;1510098240;0
32;16;10;5;1;52;1510098405;52;255;1510098414;0
32;16;10;5;1;52;1510098416;52;255;1510098424;0
32;16;10;5;1;52;1510098464;52;255;1510098472;0
32;16;10;5;1;52;1510099171;52;255;1510099180;0
32;16;10;5;1;52;1510099346;52;255;1510099355;0
32;16;10;5;1;52;1510099353;52;255;1510099362;0
32;16;10;5;1;52;1510099405;52;255;1510099413;0
32;16;10;5;1;52;1510100113;52;255;1510100122;0
32;16;10;5;1;52;1510100287;52;255;1510100296;0
32;16;10;5;1;52;1510100292;52;255;1510100300;0
32;16;10;5;1;52;1510100345;52;255;1510100353;1
32;16;10;5;1;52;1510101053;52;255;1510101062;1
32;16;10;5;1;52;1510101226;52;255;1510101235;0
32;16;10;5;1;52;1510101233;52;255;1510101242;0
32;16;10;5;1;52;1510101284;52;255;1510101292;1
32;16;10;5;1;52;1510101994;52;255;1510102002;0
32;16;10;5;1;52;1510102165;52;255;1510102173;1
32;16;10;5;1;52;1510102173;52;255;1510102182;0
32;16;10;5;1;52;1510102226;52;255;1510102235;0
32;16;10;5;1;52;1510102932;52;255;1510102941;0
32;16;10;5;1;52;1510103105;52;255;1510103113;0
32;16;10;5;1;52;1510103113;52;255;1510103121;0
32;16;10;5;1;52;1510103167;52;255;1510103175;0
32;16;10;5;1;52;1510103870;52;255;1510103879;0
32;16;10;5;1;52;1510104044;52;255;1510104052;0
32;16;10;5;1;52;1510104054;52;255;1510104063;0
32;16;10;5;1;52;1510104107;52;255;1510104116;0
32;16;10;5;1;52;1510104809;52;255;1510104817;0
32;16;10;5;1;52;1510104982;52;255;1510104991;0
32;16;10;5;1;52;1510104996;52;255;1510105004;0
32;16;10;5;1;52;1510105047;52;255;1510105055;0
32;16;10;5;1;52;1510105751;52;255;1510105759;1
32;16;10;5;1;52;1510105922;52;255;1510105930;1
32;16;10;5;1;52;1510105934;52;255;1510105943;0
32;16;10;5;1;52;1510105986;52;255;1510105994;0
32;16;10;5;1;52;1510106690;52;255;1510106698;0
32;16;10;5;1;52;1510106865;52;255;1510106873;0
32;16;10;5;1;52;1510106875;52;255;1510106883;0
32;16;10;5;1;52;1510106926;52;255;1510106935;0
32;16;10;5;1;52;1510107629;52;255;1510107637;0
32;16;10;5;1;52;1510107807;52;255;1510107816;0
32;16;10;5;1;52;1510107813;52;255;1510107821;1
32;16;10;5;1;52;1510107868;52;255;1510107876;0
32;16;10;5;1;52;1510108568;52;255;1510108576;1
32;16;10;5;1;52;1510108748;52;255;1510108756;1
32;16;10;5;1;52;1510108753;52;255;1510108761;0
32;16;10;5;1;52;1510108807;52;255;1510108816;1
32;16;10;5;1;52;1510109506;52;255;1510109515;0
32;16;10;5;1;52;1510109689;52;255;1510109697;0
32;16;10;5;1;52;1510109694;52;255;1510109702;0
32;16;10;5;1;52;1510109749;52;255;1510109757;0
32;16;10;5;1;52;1510110447;52;255;1510110455;0
32;16;10;5;1;52;1510110628;52;255;1510110637;0
32;16;10;5;1;52;1510110635;52;255;1510110643;0
32;16;10;5;1;52;1510110690;52;255;1510110698;0
32;16;10;5;1;52;1510111387;52;255;1510111395;0
32;16;10;5;1;52;1510111568;52;255;1510111576;1
32;16;10;5;1;52;1510111576;52;255;1510111585;0
32;16;10;5;1;52;1510111628;52;255;1510111636;0
32;16;10;5;1;52;1510112325;52;255;1510112334;0
32;16;10;5;1;52;1510112512;52;255;1510112520;0
32;16;10;5;1;52;1510112515;52;255;1510112524;0
32;16;10;5;1;52;1510112568;52;255;1510112576;0
32;16;10;5;1;52;1510113262;52;255;1510113271;0
32;16;10;5;1;52;1510113453;52;255;1510113461;0
32;16;10;5;1;52;1510113456;52;255;1510113464;0
32;16;10;5;1;52;1510113507;52;255;1510113516;0
32;16;10;5;1;52;1510114200;52;255;1510114209;1
32;16;10;5;1;52;1510114393;52;255;1510114402;0
32;16;10;5;1;52;1510114397;52;255;1510114405;0
32;16;10;5;1;52;1510114448;52;255;1510114456;0
32;16;10;5;1;52;1510115141;52;255;1510115149;0
32;16;10;5;1;52;1510115333;52;255;1510115342;0
32;16;10;5;1;52;1510115337;52;255;1510115345;0
32;16;10;5;1;52;1510115387;52;255;1510115396;0
32;16;10;5;1;52;1510116083;52;255;1510116091;0
32;16;10;5;1;52;1510116273;52;255;1510116282;1
32;16;10;5;1;52;1510116275;52;255;1510116283;0
32;16;10;5;1;52;1510116326;52;255;1510116335;0
32;16;10;5;1;52;1510117023;52;255;1510117032;0
32;16;10;5;1;52;1510117213;52;255;1510117221;0
32;16;10;5;1;52;1510117216;52;255;1510117225;0
32;16;10;5;1;52;1510117265;52;255;1510117273;0
32;16;10;5;1;52;1510117962;52;255;1510117971;0
32;16;10;5;1;52;1510118151;52;255;1510118161;1
32;16;10;5;1;52;1510118159;52;255;1510118167;0
32;16;10;5;1;52;1510118206;52;255;1510118215;0
32;16;10;5;1;52;1510118906;52;255;1510118915;0
32;16;10;5;1;52;1510119091;52;255;1510119100;1
32;16;10;5;1;52;1510119099;52;255;1510119107;1
32;16;10;5;1;52;1510119144;52;255;1510119153;0
32;16;10;5;1;52;1510119849;52;255;1510119858;0
32;16;10;5;1;52;1510120030;52;255;1510120038;0
32;16;10;5;1;52;1510120038;52;255;1510120046;0
32;16;10;5;1;52;1510120083;52;255;1510120091;0
32;16;10;5;1;52;1510120790;52;255;1510120799;0
32;16;10;5;1;52;1510120970;52;255;1510120979;0
32;16;10;5;1;52;1510120978;52;255;1510120986;0
32;16;10;5;1;52;1510121023;52;255;1510121031;0
32;16;10;5;1;52;1510121731;52;255;1510121739;0
32;16;10;5;1;52;1510121910;52;255;1510121918;1
32;16;10;5;1;52;1510121918;52;255;1510121927;0
32;16;10;5;1;52;1510121961;52;255;1510121970;0
32;16;10;5;1;52;1510122672;52;255;1510122681;1
32;16;10;5;1;52;1510122849;52;255;1510122857;0
32;16;10;5;1;52;1510122857;52;255;1510122866;1
32;16;10;5;1;52;1510122903;52;255;1510122912;0
32;16;10;5;1;52;1510123612;52;255;1510123620;0
32;16;10;5;1;52;1510123790;52;255;1510123798;0
32;16;10;5;1;52;1510123799;52;255;1510123808;0
32;16;10;5;1;52;1510123844;52;255;1510123853;0
32;16;10;5;1;52;1510124553;52;255;1510124561;0
32;16;10;5;1;52;1510124729;52;255;1510124737;0
32;16;10;5;1;52;1510124740;52;255;1510124748;0
32;16;10;5;1;52;1510124784;52;255;1510124792;0
32;16;10;5;1;52;1510125492;52;255;1510125501;0
32;16;10;5;1;52;1510125670;52;255;1510125678;1
32;16;10;5;1;52;1510125680;52;255;1510125688;1
32;16;10;5;1;52;1510125724;52;255;1510125733;0
32;16;10;5;1;52;1510126431;52;255;1510126439;0
32;16;10;5;1;52;1510126609;52;255;1510126618;0
32;16;10;5;1;52;1510126619;52;255;1510126628;0
32;16;10;5;1;52;1510126665;52;255;1510126674;0
32;16;10;5;1;52;1510127371;52;255;1510127380;1
32;16;10;5;1;52;1510127547;52;255;1510127556;0
32;16;10;5;1;52;1510127557;52;255;1510127565;0
32;16;10;5;1;52;1510127607;52;255;1510127616;0
32;16;10;5;1;52;1510128310;52;255;1510128318;0
32;16;10;5;1;52;1510128488;52;255;1510128496;1
32;16;10;5;1;52;1510128497;52;255;1510128506;0
32;16;10;5;1;52;1510128547;52;255;1510128556;0
32;16;10;5;1;52;1510129249;52;255;1510129258;0
32;16;10;5;1;52;1510129429;52;255;1510129438;0
32;16;10;5;1;52;1510129438;52;255;1510129446;0
32;16;10;5;1;52;1510129485;52;255;1510129493;0
32;16;10;5;1;52;1510130225;52;255;1510130234;0
32;16;10;5;1;52;1510130423;52;255;1510130432;0
32;16;10;5;1;52;1510130427;52;255;1510130435;0
32;16;10;5;1;52;1510130474;52;255;1510130482;1
32;16;10;5;1;52;1510131232;52;255;1510131241;0
32;16;10;5;1;52;1510131425;52;255;1510131434;0
32;16;10;5;1;52;1510131430;52;255;1510131439;0
32;16;10;5;1;52;1510131478;52;255;1510131488;0
32;16;10;5;1;52;1510132205;52;255;1510132213;1
32;16;10;5;1;52;1510132393;52;255;1510132402;1
32;16;10;5;1;52;1510132415;52;255;1510132424;1
32;16;10;5;1;52;1510132452;52;255;1510132461;0
32;16;10;5;1;52;1510133200;52;255;1510133210;0
32;16;10;5;1;52;1510133373;52;255;1510133383;0
32;16;10;5;1;52;1510133398;52;255;1510133408;0
32;16;10;5;1;52;1510133448;52;255;1510133458;0
32;16;10;5;1;52;1510134218;52;255;1510134227;0
32;16;10;5;1;52;1510134379;52;255;1510134388;0
32;16;10;5;1;52;1510134412;52;255;1510134421;0
32;16;10;5;1;52;1510134452;52;255;1510134461;0
32;16;10;5;1;52;1510135217;52;255;1510135225;0
32;16;10;5;1;52;1510135389;52;255;1510135397;0
32;16;10;5;1;52;1510135416;52;255;1510135425;0
32;16;10;5;1;52;1510135446;52;255;1510135454;0
32;16;10;5;1;52;1510136212;52;255;1510136220;0
32;16;10;5;1;52;1510136366;52;255;1510136375;0
32;16;10;5;1;52;1510136410;52;255;1510136418;0
32;16;10;5;1;52;1510136437;52;255;1510136446;0
32;16;10;5;1;52;1510137213;52;255;1510137222;1
32;16;10;5;1;52;1510137386;52;255;1510137394;0
32;16;10;5;1;52;1510137402;52;255;1510137410;0
32;16;10;5;1;52;1510137443;52;255;1510137451;0
32;16;10;5;1;52;1510138206;52;255;1510138215;1
32;16;10;5;1;52;1510138391;52;255;1510138400;0
32;16;10;5;1;52;1510138397;52;255;1510138405;0
32;16;10;5;1;52;1510138453;52;255;1510138463;0
32;16;10;5;1;52;1510139203;52;255;1510139212;0
32;16;10;5;1;52;1510139383;52;255;1510139392;0
32;16;10;5;1;52;1510139409;52;255;1510139419;0
32;16;10;5;1;52;1510139447;52;255;1510139457;0
32;16;10;5;1;52;1510140176;52;255;1510140184;1
32;16;10;5;1;52;1510140339;52;255;1510140349;1
32;16;10;5;1;52;1510140417;52;255;1510140425;0
32;16;10;5;1;52;1510140426;52;255;1510140436;0
32;16;10;5;1;52;1510141186;52;255;1510141194;0
32;16;10;5;1;52;1510141321;52;255;1510141329;0
32;16;10;5;1;52;1510141395;52;255;1510141404;0
32;16;10;5;1;52;1510141412;52;255;1510141421;0
32;16;10;5;1;52;1510142162;52;255;1510142171;0
32;16;10;5;1;52;1510142332;52;255;1510142341;0
32;16;10;5;1;52;1510142374;52;255;1510142383;0
32;16;10;5;1;52;1510142431;52;255;1510142441;1
32;16;10;5;1;52;1510143203;52;255;1510143213;0
32;16;10;5;1;52;1510143390;52;255;1510143398;0
32;16;10;5;1;52;1510143423;52;255;1510143432;0
32;16;10;5;1;52;1510143489;52;255;1510143499;1
32;16;10;5;1;52;1510144193;52;255;1510144202;0
32;16;10;5;1;52;1510144364;52;255;1510144372;0
32;16;10;5;1;52;1510144393;52;255;1510144402;0
32;16;10;5;1;52;1510144468;52;255;1510144477;0
32;16;10;5;1;52;1510145139;52;255;1510145147;0
32;16;10;5;1;52;1510145307;52;255;1510145315;0
32;16;10;5;1;52;1510145338;52;255;1510145346;0
32;16;10;5;1;52;1510145413;52;255;1510145422;0
32;16;10;5;1;52;1510146078;52;255;1510146087;0
32;16;10;5;1;52;1510146250;52;255;1510146258;0
32;16;10;5;1;52;1510146281;52;255;1510146289;0
32;16;10;5;1;52;1510146355;52;255;1510146363;0
32;16;10;5;1;52;1510147027;52;255;1510147035;0
32;16;10;5;1;52;1510147207;52;255;1510147216;0
32;16;10;5;1;52;1510147242;52;255;1510147250;0
32;16;10;5;1;52;1510147318;52;255;1510147326;0
32;16;10;5;1;52;1510148006;52;255;1510148015;0
32;16;10;5;1;52;1510148189;52;255;1510148198;0
32;16;10;5;1;52;1510148210;52;255;1510148219;0
32;16;10;5;1;52;1510148291;52;255;1510148299;0
32;16;10;5;1;52;1510148983;52;255;1510148991;1
32;16;10;5;1;52;1510149154;52;255;1510149163;0
32;16;10;5;1;52;1510149172;52;255;1510149180;0
32;16;10;5;1;52;1510149249;52;255;1510149258;0
32;16;10;5;1;52;1510149927;52;255;1510149936;0
32;16;10;5;1;52;1510150102;52;255;1510150111;0
32;16;10;5;1;52;1510150112;52;255;1510150121;0
32;16;10;5;1;52;1510150192;52;255;1510150201;0
32;16;10;5;1;52;1510150881;52;255;1510150890;0
32;16;10;5;1;52;1510151065;52;255;1510151074;0
32;16;10;5;1;52;1510151076;52;255;1510151085;0
32;16;10;5;1;52;1510151164;52;255;1510151172;1
32;16;10;5;1;52;1510151851;52;255;1510151860;0
32;16;10;5;1;52;1510152037;52;255;1510152046;0
32;16;10;5;1;52;1510152053;52;255;1510152062;0
32;16;10;5;1;52;1510152138;52;255;1510152146;0
32;16;10;5;1;52;1510152847;52;255;1510152856;0
32;16;10;5;1;52;1510153019;52;255;1510153027;0
32;16;10;5;1;52;1510153040;52;255;1510153048;1
32;16;10;5;1;52;1510153112;52;255;1510153121;0
32;16;10;5;1;52;1510153810;52;255;1510153819;0
32;16;10;5;1;52;1510153989;52;255;1510153998;0
32;16;10;5;1;52;1510154013;52;255;1510154022;1
32;16;10;5;1;52;1510154084;52;255;1510154092;0
32;16;10;5;1;52;1510154781;52;255;1510154789;0
32;16;10;5;1;52;1510154953;52;255;1510154961;0
32;16;10;5;1;52;1510154979;52;255;1510154987;0
32;16;10;5;1;52;1510155045;52;255;1510155054;0
32;16;10;5;1;52;1510155742;52;255;1510155751;0
32;16;10;5;1;52;1510155916;52;255;1510155924;0
32;16;10;5;1;52;1510155947;52;255;1510155955;0
32;16;10;5;1;52;1510156018;52;255;1510156026;0
32;16;10;5;1;52;1510156722;52;255;1510156732;0
32;16;10;5;1;52;1510156911;52;255;1510156920;0
32;16;10;5;1;52;1510156931;52;255;1510156940;1
32;16;10;5;1;52;1510157007;52;255;1510157015;0
32;16;10;5;1;52;1510157716;52;255;1510157725;0
32;16;10;5;1;52;1510157895;52;255;1510157904;0
32;16;10;5;1;52;1510157920;52;255;1510157929;0
32;16;10;5;1;52;1510157993;52;255;1510158001;1
32;16;10;5;1;52;1510158678;52;255;1510158687;0
32;16;10;5;1;52;1510158859;52;255;1510158868;0
32;16;10;5;1;52;1510158892;52;255;1510158900;0
32;16;10;5;1;52;1510158956;52;255;1510158965;0
32;16;10;5;1;52;1510159631;52;255;1510159640;0
32;16;10;5;1;52;1510159819;52;255;1510159827;0
32;16;10;5;1;52;1510159849;52;255;1510159858;0
32;16;10;5;1;52;1510159919;52;255;1510159928;0
32;16;10;5;1;52;1510160616;52;255;1510160624;0
32;16;10;5;1;52;1510160790;52;255;1510160798;0
32;16;10;5;1;52;1510160821;52;255;1510160830;0
32;16;10;5;1;52;1510160892;52;255;1510160900;0
32;16;10;5;1;52;1510161594;52;255;1510161602;0
32;16;10;5;1;52;1510161770;52;255;1510161779;0
32;16;10;5;1;52;1510161806;52;255;1510161815;0
32;16;10;5;1;52;1510161867;52;255;1510161875;0
32;16;10;5;1;52;1510162557;52;255;1510162566;0
32;16;10;5;1;52;1510162735;52;255;1510162744;0
32;16;10;5;1;52;1510162776;52;255;1510162784;1
32;16;10;5;1;52;1510162828;52;255;1510162837;0
32;16;10;5;1;52;1510163506;52;255;1510163514;0
32;16;10;5;1;52;1510163687;52;255;1510163696;0
32;16;10;5;1;52;1510163748;52;255;1510163757;1
32;16;10;5;1;52;1510163776;52;255;1510163784;0
32;16;10;5;1;52;1510164447;52;255;1510164455;0
32;16;10;5;1;52;1510164631;52;255;1510164639;0
32;16;10;5;1;52;1510164691;52;255;1510164699;0
32;16;10;5;1;52;1510164721;52;255;1510164729;0
32;16;10;5;1;52;1510165390;52;255;1510165399;1
32;16;10;5;1;52;1510165572;52;255;1510165581;1
32;16;10;5;1;52;1510165634;52;255;1510165642;0
32;16;10;5;1;52;1510165663;52;255;1510165672;1
32;16;10;5;1;52;1510166334;52;255;1510166342;0
32;16;10;5;1;52;1510166515;52;255;1510166523;0
32;16;10;5;1;52;1510166576;52;255;1510166585;0
32;16;10;5;1;52;1510166607;52;255;1510166615;0
32;16;10;5;1;52;1510167276;52;255;1510167285;0
32;16;10;5;1;52;1510167457;52;255;1510167465;0
32;16;10;5;1;52;1510167519;52;255;1510167527;0
32;16;10;5;1;52;1510167552;52;255;1510167560;0
32;16;10;5;1;52;1510168219;52;255;1510168227;0
32;16;10;5;1;52;1510168399;52;255;1510168407;0
32;16;10;5;1;52;1510168461;52;255;1510168470;0
32;16;10;5;1;52;1510168495;52;255;1510168503;0
32;16;10;5;1;52;1510169160;52;255;1510169168;0
32;16;10;5;1;52;1510169341;52;255;1510169349;0
32;16;10;5;1;52;1510169404;52;255;1510169412;1
32;16;10;5;1;52;1510169435;52;255;1510169444;1
32;16;10;5;1;52;1510170103;52;255;1510170112;1
32;16;10;5;1;52;1510170284;52;255;1510170293;0
32;16;10;5;1;52;1510170347;52;255;1510170356;0
32;16;10;5;1;52;1510170378;52;255;1510170386;0
32;16;10;5;1;52;1510171046;52;255;1510171055;0
32;16;10;5;1;52;1510171226;52;255;1510171235;0
32;16;10;5;1;52;1510171292;52;255;1510171300;0
32;16;10;5;1;52;1510171319;52;255;1510171328;0
32;16;10;5;1;52;1510171986;52;255;1510171994;0
32;16;10;5;1;52;1510172168;52;255;1510172177;0
32;16;10;5;1;52;1510172235;52;255;1510172243;0
32;16;10;5;1;52;1510172264;52;255;1510172272;1
32;16;10;5;1;52;1510172930;52;255;1510172938;1
32;16;10;5;1;52;1510173109;52;255;1510173118;0
32;16;10;5;1;52;1510173177;52;255;1510173186;0
32;16;10;5;1;52;1510173208;52;255;1510173216;1
32;16;10;5;1;52;1510173874;52;255;1510173882;1
32;16;10;5;1;52;1510174051;52;255;1510174059;0
32;16;10;5;1;52;1510174120;52;255;1510174129;0
32;16;10;5;1;52;1510174148;52;255;1510174157;0
32;16;10;5;1;52;1510174817;52;255;1510174826;0
32;16;10;5;1;52;1510174994;52;255;1510175002;0
32;16;10;5;1;52;1510175063;52;255;1510175072;0
32;16;10;5;1;52;1510175090;52;255;1510175098;0
32;16;10;5;1;52;1510175761;52;255;1510175769;0
32;16;10;5;1;52;1510175934;52;255;1510175943;0
32;16;10;5;1;52;1510176005;52;255;1510176014;0
32;16;10;5;1;52;1510176030;52;255;1510176039;0
32;16;10;5;1;52;1510176705;52;255;1510176714;0
32;16;10;5;1;52;1510176877;52;255;1510176885;1
32;16;10;5;1;52;1510176947;52;255;1510176955;1
32;16;10;5;1;52;1510176972;52;255;1510176981;0
32;16;10;5;1;52;1510177648;52;255;1510177656;0
32;16;10;5;1;52;1510177819;52;255;1510177827;0
32;16;10;5;1;52;1510177890;52;255;1510177898;0
32;16;10;5;1;52;1510177913;52;255;1510177921;0
32;16;10;5;1;52;1510178591;52;255;1510178599;0
32;16;10;5;1;52;1510178764;52;255;1510178772;1
32;16;10;5;1;52;1510178830;52;255;1510178839;0
32;16;10;5;1;52;1510178855;52;255;1510178864;1
32;16;10;5;1;52;1510179534;52;255;1510179542;0
32;16;10;5;1;52;1510179706;52;255;1510179715;0
32;16;10;5;1;52;1510179771;52;255;1510179779;0
32;16;10;5;1;52;1510179796;52;255;1510179804;0
32;16;10;5;1;52;1510180476;52;255;1510180485;0
32;16;10;5;1;52;1510180648;52;255;1510180657;0
32;16;10;5;1;52;1510180712;52;255;1510180721;0
32;16;10;5;1;52;1510180739;52;255;1510180747;0
32;16;10;5;1;52;1510181421;52;255;1510181429;0
32;16;10;5;1;52;1510181590;52;255;1510181598;1
32;16;10;5;1;52;1510181655;52;255;1510181663;0
32;16;10;5;1;52;1510181682;52;255;1510181690;0
32;16;10;5;1;52;1510182365;52;255;1510182373;0
32;16;10;5;1;52;1510182533;52;255;1510182541;0
32;16;10;5;1;52;1510182598;52;255;1510182606;0
32;16;10;5;1;52;1510182624;52;255;1510182633;1
32;16;10;5;1;52;1510183308;52;255;1510183317;0
32;16;10;5;1;52;1510183474;52;255;1510183482;0
32;16;10;5;1;52;1510183539;52;255;1510183548;0
32;16;10;5;1;52;1510183565;52;255;1510183574;0
32;16;10;5;1;52;1510184251;52;255;1510184260;0
32;16;10;5;1;52;1510184417;52;255;1510184426;0
32;16;10;5;1;52;1510184481;52;255;1510184489;0
32;16;10;5;1;52;1510184507;52;255;1510184516;1
32;16;10;5;1;52;1510185195;52;255;1510185203;0
32;16;10;5;1;52;1510185360;52;255;1510185369;1
32;16;10;5;1;52;1510185425;52;255;1510185433;0
32;16;10;5;1;52;1510185447;52;255;1510185455;0
32;16;10;5;1;52;1510186136;52;255;1510186145;0
32;16;10;5;1;52;1510186305;52;255;1510186313;0
32;16;10;5;1;52;1510186367;52;255;1510186375;0
32;16;10;5;1;52;1510186390;52;255;1510186398;0
32;16;10;5;1;52;1510187078;52;255;1510187087;0
32;16;10;5;1;52;1510187247;52;255;1510187256;0
32;16;10;5;1;52;1510187306;52;255;1510187315;0
32;16;10;5;1;52;1510187330;52;255;1510187339;0
32;16;10;5;1;52;1510188021;52;255;1510188030;0
32;16;10;5;1;52;1510188190;52;255;1510188199;0
32;16;10;5;1;52;1510188249;52;255;1510188258;0
32;16;10;5;1;52;1510188274;52;255;1510188282;0
32;16;10;5;1;52;1510188961;52;255;1510188970;0
32;16;10;5;1;52;1510189134;52;255;1510189142;0
32;16;10;5;1;52;1510189191;52;255;1510189199;0
32;16;10;5;1;52;1510189218;52;255;1510189226;0
32;16;10;5;1;52;1510189902;52;255;1510189910;0
32;16;10;5;1;52;1510190076;52;255;1510190084;0
32;16;10;5;1;52;1510190131;52;255;1510190139;0
32;16;10;5;1;52;1510190161;52;255;1510190170;0
32;16;10;5;1;52;1510190842;52;255;1510190851;0
32;16;10;5;1;52;1510191018;52;255;1510191026;1
32;16;10;5;1;52;1510191070;52;255;1510191079;1
32;16;10;5;1;52;1510191105;52;255;1510191113;0
32;16;10;5;1;52;1510191785;52;255;1510191793;0
32;16;10;5;1;52;1510191962;52;255;1510191971;0
32;16;10;5;1;52;1510192011;52;255;1510192019;0
32;16;10;5;1;52;1510192048;52;255;1510192056;0
32;16;10;5;1;52;1510192728;52;255;1510192737;0
32;16;10;5;1;52;1510192904;52;255;1510192912;0
32;16;10;5;1;52;1510192953;52;255;1510192961;0
32;16;10;5;1;52;1510192992;52;255;1510193000;0
32;16;10;5;1;52;1510193668;52;255;1510193677;0
32;16;10;5;1;52;1510193846;52;255;1510193854;0
32;16;10;5;1;52;1510193895;52;255;1510193903;0
32;16;10;5;1;52;1510193934;52;255;1510193942;0
32;16;10;5;1;52;1510194609;52;255;1510194617;0
32;16;10;5;1;52;1510194788;52;255;1510194797;0
32;16;10;5;1;52;1510194837;52;255;1510194845;0
32;16;10;5;1;52;1510194877;52;255;1510194885;0
32;16;10;5;1;52;1510195552;52;255;1510195561;0
32;16;10;5;1;52;1510195732;52;255;1510195740;0
32;16;10;5;1;52;1510195780;52;255;1510195788;0
32;16;10;5;1;52;1510195817;52;255;1510195826;0
32;16;10;5;1;52;1510196495;52;255;1510196504;0
32;16;10;5;1;52;1510196676;52;255;1510196684;0
32;16;10;5;1;52;1510196723;52;255;1510196731;0
32;16;10;5;1;52;1510196758;52;255;1510196766;0
32;16;10;5;1;52;1510197439;52;255;1510197447;1
32;16;10;5;1;52;1510197617;52;255;1510197625;0
32;16;10;5;1;52;1510197666;52;255;1510197674;1
32;16;10;5;1;52;1510197698;52;255;1510197707;1
32;16;10;5;1;52;1510198379;52;255;1510198388;1
32;16;10;5;1;52;1510198558;52;255;1510198566;0
32;16;10;5;1;52;1510198611;52;255;1510198620;0
32;16;10;5;1;52;1510198640;52;255;1510198649;0
32;16;10;5;1;52;1510199320;52;255;1510199328;0
32;16;10;5;1;52;1510199498;52;255;1510199507;1
32;16;10;5;1;52;1510199557;52;255;1510199565;0
32;16;10;5;1;52;1510199582;52;255;1510199590;1
32;16;10;5;1;52;1510200263;52;255;1510200271;0
32;16;10;5;1;52;1510200440;52;255;1510200448;0
32;16;10;5;1;52;1510200502;52;255;1510200511;0
32;16;10;5;1;52;1510200521;52;255;1510200530;0
32;16;10;5;1;52;1510201204;52;255;1510201212;0
32;16;10;5;1;52;1510201380;52;255;1510201388;0
32;16;10;5;1;52;1510201446;52;255;1510201454;0
32;16;10;5;1;52;1510201462;52;255;1510201470;0
32;16;10;5;1;52;1510202146;52;255;1510202154;1
32;16;10;5;1;52;1510202323;52;255;1510202331;0
32;16;10;5;1;52;1510202389;52;255;1510202397;1
32;16;10;5;1;52;1510202405;52;255;1510202413;0
32;16;10;5;1;52;1510203087;52;255;1510203096;1
32;16;10;5;1;52;1510203268;52;255;1510203276;0
32;16;10;5;1;52;1510203329;52;255;1510203338;0
32;16;10;5;1;52;1510203349;52;255;1510203357;0
32;16;10;5;1;52;1510204028;52;255;1510204037;0
32;16;10;5;1;52;1510204210;52;255;1510204219;0
32;16;10;5;1;52;1510204271;52;255;1510204280;0
32;16;10;5;1;52;1510204294;52;255;1510204302;0
32;16;10;5;1;52;1510204970;52;255;1510204979;0
32;16;10;5;1;52;1510205150;52;255;1510205158;0
32;16;10;5;1;52;1510205214;52;255;1510205223;0
32;16;10;5;1;52;1510205236;52;255;1510205245;0
32;16;10;5;1;52;1510205913;52;255;1510205922;0
32;16;10;5;1;52;1510206092;52;255;1510206101;1
32;16;10;5;1;52;1510206159;52;255;1510206167;1
32;16;10;5;1;52;1510206180;52;255;1510206189;0
32;16;10;5;1;52;1510206855;52;255;1510206864;0
32;16;10;5;1;52;1510207034;52;255;1510207043;0
32;16;10;5;1;52;1510207101;52;255;1510207110;0
32;16;10;5;1;52;1510207123;52;255;1510207131;1
32;16;10;5;1;52;1510207797;52;255;1510207806;0
32;16;10;5;1;52;1510207977;52;255;1510207986;0
32;16;10;5;1;52;1510208044;52;255;1510208053;0
32;16;10;5;1;52;1510208064;52;255;1510208072;0
32;16;10;5;1;52;1510208737;52;255;1510208745;0
32;16;10;5;1;52;1510208920;52;255;1510208929;0
32;16;10;5;1;52;1510208985;52;255;1510208993;0
32;16;10;5;1;52;1510209005;52;255;1510209014;0
32;16;10;5;1;52;1510209679;52;255;1510209688;0
32;16;10;5;1;52;1510209862;52;255;1510209870;0
32;16;10;5;1;52;1510209929;52;255;1510209937;0
32;16;10;5;1;52;1510209948;52;255;1510209956;1
32;16;10;5;1;52;1510210623;52;255;1510210632;0
32;16;10;5;1;52;1510210802;52;255;1510210811;1
32;16;10;5;1;52;1510210871;52;255;1510210879;0
32;16;10;5;1;52;1510210892;52;255;1510210901;0
32;16;10;5;1;52;1510211566;52;255;1510211574;0
32;16;10;5;1;52;1510211745;52;255;1510211753;0
32;16;10;5;1;52;1510211811;52;255;1510211820;0
32;16;10;5;1;52;1510211833;52;255;1510211841;0
32;16;10;5;1;52;1510212508;52;255;1510212516;0
32;16;10;5;1;52;1510212687;52;255;1510212695;0
32;16;10;5;1;52;1510212753;52;255;1510212761;0
32;16;10;5;1;52;1510212775;52;255;1510212784;0
32;16;10;5;1;52;1510213450;52;255;1510213459;0
32;16;10;5;1;52;1510213630;52;255;1510213638;1
32;16;10;5;1;52;1510213696;52;255;1510213704;0
32;16;10;5;1;52;1510213719;52;255;1510213727;0
32;16;10;5;1;52;1510214393;52;255;1510214401;0
32;16;10;5;1;52;1510214572;52;255;1510214581;0
32;16;10;5;1;52;1510214638;52;255;1510214646;1
32;16;10;5;1;52;1510214663;52;255;1510214671;0
32;16;10;5;1;52;1510215335;52;255;1510215343;0
32;16;10;5;1;52;1510215513;52;255;1510215521;0
32;16;10;5;1;52;1510215579;52;255;1510215587;0
32;16;10;5;1;52;1510215606;52;255;1510215614;0
32;16;10;5;1;52;1510216277;52;255;1510216285;0
32;16;10;5;1;52;1510216454;52;255;1510216463;1
32;16;10;5;1;52;1510216520;52;255;1510216529;0
32;16;10;5;1;52;1510216548;52;255;1510216556;0
32;16;10;5;1;52;1510217220;52;255;1510217229;0
32;16;10;5;1;52;1510217396;52;255;1510217404;0
32;16;10;5;1;52;1510217462;52;255;1510217470;0
32;16;10;5;1;52;1510217493;52;255;1510217501;0
32;16;10;5;1;52;1510218162;52;255;1510218171;0
32;16;10;5;1;52;1510218339;52;255;1510218347;0
32;16;10;5;1;52;1510218405;52;255;1510218413;0
32;16;10;5;1;52;1510218435;52;255;1510218443;0
32;16;10;5;1;52;1510219117;52;255;1510219126;1
32;16;10;5;1;52;1510219310;52;255;1510219320;0
32;16;10;5;1;52;1510219365;52;255;1510219374;0
32;16;10;5;1;52;1510219403;52;255;1510219411;0
32;16;10;5;1;52;1510220125;52;255;1510220135;0
32;16;10;5;1;52;1510220322;52;255;1510220331;1
32;16;10;5;1;52;1510220378;52;255;1510220387;1
32;16;10;5;1;52;1510220414;52;255;1510220423;0
32;16;10;5;1;52;1510221127;52;255;1510221136;0
32;16;10;5;1;52;1510221311;52;255;1510221320;0
32;16;10;5;1;52;1510221356;52;255;1510221365;0
32;16;10;5;1;52;1510221409;52;255;1510221419;0
32;16;10;5;1;52;1510222113;52;255;1510222123;0
32;16;10;5;1;52;1510222309;52;255;1510222318;0
32;16;10;5;1;52;1510222360;52;255;1510222369;0
32;16;10;5;1;52;1510222430;52;255;1510222439;0
32;16;10;5;1;52;1510223125;52;255;1510223134;0
32;16;10;5;1;52;1510223321;52;255;1510223330;0
32;16;10;5;1;52;1510223373;52;255;1510223383;0
32;16;10;5;1;52;1510223438;52;255;1510223448;0
32;16;10;5;1;52;1510224139;52;255;1510224148;0
32;16;10;5;1;52;1510224331;52;255;1510224341;0
32;16;10;5;1;52;1510224389;52;255;1510224398;0
32;16;10;5;1;52;1510224448;52;255;1510224456;0
32;16;10;5;1;52;1510225143;52;255;1510225151;0
32;16;10;5;1;52;1510225332;52;255;1510225341;0
32;16;10;5;1;52;1510225391;52;255;1510225399;0
32;16;10;5;1;52;1510225437;52;255;1510225445;1
32;16;10;5;1;52;1510226152;52;255;1510226161;0
32;16;10;5;1;52;1510226346;52;255;1510226354;0
32;16;10;5;1;52;1510226395;52;255;1510226404;0
32;16;10;5;1;52;1510226450;52;255;1510226460;0
32;16;10;5;1;52;1510227164;52;255;1510227175;0
32;16;10;5;1;52;1510253129;52;255;1510253138;0
32;16;10;5;1;52;1510253133;52;255;1510253143;0
32;16;10;5;1;52;1510253141;52;255;1510253150;0
32;16;10;5;1;52;1510253141;52;255;1510253151;0
32;16;10;5;1;52;1510254085;52;255;1510254093;0
32;16;10;5;1;52;1510254087;52;255;1510254095;1
32;16;10;5;1;52;1510254089;52;255;1510254098;1
32;16;10;5;1;52;1510254108;52;255;1510254116;0
32;16;10;5;1;52;1510255019;52;255;1510255027;0
32;16;10;5;1;52;1510255019;52;255;1510255027;1
32;16;10;5;1;52;1510255020;52;255;1510255028;0
32;16;10;5;1;52;1510255042;52;255;1510255051;0
32;16;10;5;1;52;1510255951;52;255;1510255959;0
32;16;10;5;1;52;1510255951;52;255;1510255959;1
32;16;10;5;1;52;1510255955;52;255;1510255963;0
32;16;10;5;1;52;1510255977;52;255;1510255985;0
32;16;10;5;1;52;1510256881;52;255;1510256890;0
32;16;10;5;1;52;1510256883;52;255;1510256892;0
32;16;10;5;1;52;1510256891;52;255;1510256899;0
32;16;10;5;1;52;1510256911;52;255;1510256919;0
32;16;10;5;1;52;1510257812;52;255;1510257820;0
32;16;10;5;1;52;1510257815;52;255;1510257823;0
32;16;10;5;1;52;1510257826;52;255;1510257834;0
32;16;10;5;1;52;1510257847;52;255;1510257855;0
32;16;10;5;1;52;1510258743;52;255;1510258751;0
32;16;10;5;1;52;1510258747;52;255;1510258755;0
32;16;10;5;1;52;1510258762;52;255;1510258770;1
32;16;10;5;1;52;1510258782;52;255;1510258790;0
32;16;10;5;1;52;1510259674;52;255;1510259682;0
32;16;10;5;1;52;1510259678;52;255;1510259687;0
32;16;10;5;1;52;1510259697;52;255;1510259706;0
32;16;10;5;1;52;1510259716;52;255;1510259724;0
32;16;10;5;1;52;1510260605;52;255;1510260613;0
32;16;10;5;1;52;1510260612;52;255;1510260620;1
32;16;10;5;1;52;1510260633;52;255;1510260641;1
32;16;10;5;1;52;1510260651;52;255;1510260659;0
32;16;10;5;1;52;1510261537;52;255;1510261545;0
32;16;10;5;1;52;1510261543;52;255;1510261551;0
32;16;10;5;1;52;1510261569;52;255;1510261577;0
32;16;10;5;1;52;1510261588;52;255;1510261596;0
32;16;10;5;1;52;1510262468;52;255;1510262476;0
32;16;10;5;1;52;1510262474;52;255;1510262483;0
32;16;10;5;1;52;1510262504;52;255;1510262512;1
32;16;10;5;1;52;1510262523;52;255;1510262531;0
32;16;10;5;1;52;1510263399;52;255;1510263407;0
32;16;10;5;1;52;1510263406;52;255;1510263414;0
32;16;10;5;1;52;1510263439;52;255;1510263448;0
32;16;10;5;1;52;1510263458;52;255;1510263466;1
32;16;10;5;1;52;1510264329;52;255;1510264338;0
32;16;10;5;1;52;1510264338;52;255;1510264346;0
32;16;10;5;1;52;1510264376;52;255;1510264384;0
32;16;10;5;1;52;1510264393;52;255;1510264401;0
32;16;10;5;1;52;1510265262;52;255;1510265270;0
32;16;10;5;1;52;1510265269;52;255;1510265277;0
32;16;10;5;1;52;1510265312;52;255;1510265320;0
32;16;10;5;1;52;1510265328;52;255;1510265336;0
32;16;10;5;1;52;1510266192;52;255;1510266201;0
32;16;10;5;1;52;1510266200;52;255;1510266209;0
32;16;10;5;1;52;1510266248;52;255;1510266257;0
32;16;10;5;1;52;1510266263;52;255;1510266272;0
32;16;10;5;1;52;1510267123;52;255;1510267131;0
32;16;10;5;1;52;1510267132;52;255;1510267140;0
32;16;10;5;1;52;1510267184;52;255;1510267193;0
32;16;10;5;1;52;1510267198;52;255;1510267207;0
32;16;10;5;1;52;1510268054;52;255;1510268062;0
32;16;10;5;1;52;1510268063;52;255;1510268072;0
32;16;10;5;1;52;1510268122;52;255;1510268130;0
32;16;10;5;1;52;1510268133;52;255;1510268142;0
32;16;10;5;1;52;1510268985;52;255;1510268993;0
32;16;10;5;1;52;1510268995;52;255;1510269004;0
32;16;10;5;1;52;1510269059;52;255;1510269067;0
32;16;10;5;1;52;1510269068;52;255;1510269076;1
32;16;10;5;1;52;1510269916;52;255;1510269925;1
32;16;10;5;1;52;1510269927;52;255;1510269935;0
32;16;10;5;1;52;1510269997;52;255;1510270005;0
32;16;10;5;1;52;1510270004;52;255;1510270012;0
32;16;10;5;1;52;1510270847;52;255;1510270856;0
32;16;10;5;1;52;1510270860;52;255;1510270868;0
32;16;10;5;1;52;1510270933;52;255;1510270942;0
32;16;10;5;1;52;1510270939;52;255;1510270948;0
32;16;10;5;1;52;1510271778;52;255;1510271787;0
32;16;10;5;1;52;1510271795;52;255;1510271803;0
32;16;10;5;1;52;1510271868;52;255;1510271876;0
32;16;10;5;1;52;1510271875;52;255;1510271883;0
32;16;10;5;1;52;1510272711;52;255;1510272719;1
32;16;10;5;1;52;1510272731;52;255;1510272740;0
32;16;10;5;1;52;1510272799;52;255;1510272807;0
32;16;10;5;1;52;1510272810;52;255;1510272819;1
32;16;10;5;1;52;1510273641;52;255;1510273650;0
32;16;10;5;1;52;1510273668;52;255;1510273676;1
32;16;10;5;1;52;1510273730;52;255;1510273739;0
32;16;10;5;1;52;1510273748;52;255;1510273756;0
32;16;10;5;1;52;1510274572;52;255;1510274581;0
32;16;10;5;1;52;1510274604;52;255;1510274612;0
32;16;10;5;1;52;1510274662;52;255;1510274671;0
32;16;10;5;1;52;1510274683;52;255;1510274691;1
32;16;10;5;1;52;1510275503;52;255;1510275511;0
32;16;10;5;1;52;1510275541;52;255;1510275550;1
32;16;10;5;1;52;1510275595;52;255;1510275604;0
32;16;10;5;1;52;1510275617;52;255;1510275626;0
32;16;10;5;1;52;1510276435;52;255;1510276443;0
32;16;10;5;1;52;1510276478;52;255;1510276486;0
32;16;10;5;1;52;1510276532;52;255;1510276540;0
32;16;10;5;1;52;1510276549;52;255;1510276557;0
32;16;10;5;1;52;1510277367;52;255;1510277375;0
32;16;10;5;1;52;1510277415;52;255;1510277423;0
32;16;10;5;1;52;1510277467;52;255;1510277476;1
32;16;10;5;1;52;1510277480;52;255;1510277489;0
32;16;10;5;1;52;1510278298;52;255;1510278306;0
32;16;10;5;1;52;1510278351;52;255;1510278359;0
32;16;10;5;1;52;1510278403;52;255;1510278412;0
32;16;10;5;1;52;1510278412;52;255;1510278420;0
32;16;10;5;1;52;1510279229;52;255;1510279237;0
32;16;10;5;1;52;1510279288;52;255;1510279296;1
32;16;10;5;1;52;1510279339;52;255;1510279347;0
32;16;10;5;1;52;1510279343;52;255;1510279351;1
32;16;10;5;1;52;1510280159;52;255;1510280168;1
32;16;10;5;1;52;1510280225;52;255;1510280233;0
32;16;10;5;1;52;1510280275;52;255;1510280283;0
32;16;10;5;1;52;1510280275;52;255;1510280283;0
32;16;10;5;1;52;1510281090;52;255;1510281098;1
32;16;10;5;1;52;1510281162;52;255;1510281170;0
32;16;10;5;1;52;1510281206;52;255;1510281214;1
32;16;10;5;1;52;1510281211;52;255;1510281219;0
32;16;10;5;1;52;1510282021;52;255;1510282029;0
32;16;10;5;1;52;1510282101;52;255;1510282110;0
32;16;10;5;1;52;1510282138;52;255;1510282146;0
32;16;10;5;1;52;1510282146;52;255;1510282155;0
32;16;10;5;1;52;1510282952;52;255;1510282960;0
32;16;10;5;1;52;1510283040;52;255;1510283049;1
32;16;10;5;1;52;1510283069;52;255;1510283078;0
32;16;10;5;1;52;1510283082;52;255;1510283090;0
32;16;10;5;1;52;1510283883;52;255;1510283891;0
32;16;10;5;1;52;1510283978;52;255;1510283986;0
32;16;10;5;1;52;1510284001;52;255;1510284009;0
32;16;10;5;1;52;1510284017;52;255;1510284026;0
32;16;10;5;1;52;1510284814;52;255;1510284822;1
32;16;10;5;1;52;1510284915;52;255;1510284924;0
32;16;10;5;1;52;1510284932;52;255;1510284941;0
32;16;10;5;1;52;1510284952;52;255;1510284960;1
32;16;10;5;1;52;1510285744;52;255;1510285753;0
32;16;10;5;1;52;1510285853;52;255;1510285861;0
32;16;10;5;1;52;1510285868;52;255;1510285876;0
32;16;10;5;1;52;1510285883;52;255;1510285892;0
32;16;10;5;1;52;1510286675;52;255;1510286684;1
32;16;10;5;1;52;1510286790;52;255;1510286799;0
32;16;10;5;1;52;1510286805;52;255;1510286813;0
32;16;10;5;1;52;1510286815;52;255;1510286823;0
32;16;10;5;1;52;1510287606;52;255;1510287615;0
32;16;10;5;1;52;1510287728;52;255;1510287736;0
32;16;10;5;1;52;1510287741;52;255;1510287750;0
32;16;10;5;1;52;1510287747;52;255;1510287755;1
32;16;10;5;1;52;1510288538;52;255;1510288546;0
32;16;10;5;1;52;1510288665;52;255;1510288674;0
32;16;10;5;1;52;1510288676;52;255;1510288685;0
32;16;10;5;1;52;1510288678;52;255;1510288687;0
32;16;10;5;1;52;1510289471;52;255;1510289479;0
32;16;10;5;1;52;1510289603;52;255;1510289612;0
32;16;10;5;1;52;1510289610;52;255;1510289618;0
32;16;10;5;1;52;1510289611;52;255;1510289619;0
32;16;10;5;1;52;1510290403;52;255;1510290411;0
32;16;10;5;1;52;1510290541;52;255;1510290550;0
32;16;10;5;1;52;1510290542;52;255;1510290551;0
32;16;10;5;1;52;1510290546;52;255;1510290554;1
32;16;10;5;1;52;1510291335;52;255;1510291343;0
32;16;10;5;1;52;1510291474;52;255;1510291482;0
32;16;10;5;1;52;1510291479;52;255;1510291488;0
32;16;10;5;1;52;1510291481;52;255;1510291489;0
32;16;10;5;1;52;1510292267;52;255;1510292276;0
32;16;10;5;1;52;1510292405;52;255;1510292413;0
32;16;10;5;1;52;1510292415;52;255;1510292424;0
32;16;10;5;1;52;1510292417;52;255;1510292425;0
32;16;10;5;1;52;1510293200;52;255;1510293208;0
32;16;10;5;1;52;1510293337;52;255;1510293345;0
32;16;10;5;1;52;1510293350;52;255;1510293358;0
32;16;10;5;1;52;1510293355;52;255;1510293363;0
32;16;10;5;1;52;1510294132;52;255;1510294141;0
32;16;10;5;1;52;1510294269;52;255;1510294277;0
32;16;10;5;1;52;1510294285;52;255;1510294293;0
32;16;10;5;1;52;1510294294;52;255;1510294302;0
32;16;10;5;1;52;1510295065;52;255;1510295074;0
32;16;10;5;1;52;1510295200;52;255;1510295209;0
32;16;10;5;1;52;1510295219;52;255;1510295227;0
32;16;10;5;1;52;1510295232;52;255;1510295240;0
32;16;10;5;1;52;1510295998;52;255;1510296007;0
32;16;10;5;1;52;1510296132;52;255;1510296141;0
32;16;10;5;1;52;1510296153;52;255;1510296161;1
32;16;10;5;1;52;1510296171;52;255;1510296179;0
32;16;10;5;1;52;1510296931;52;255;1510296940;0
32;16;10;5;1;52;1510297065;52;255;1510297073;0
32;16;10;5;1;52;1510297088;52;255;1510297097;0
32;16;10;5;1;52;1510297108;52;255;1510297116;0
32;16;10;5;1;52;1510297864;52;255;1510297872;0
32;16;10;5;1;52;1510297996;52;255;1510298005;0
32;16;10;5;1;52;1510298023;52;255;1510298032;1
32;16;10;5;1;52;1510298046;52;255;1510298054;0
32;16;10;5;1;52;1510298796;52;255;1510298804;0
32;16;10;5;1;52;1510298928;52;255;1510298936;0
32;16;10;5;1;52;1510298959;52;255;1510298967;0
32;16;10;5;1;52;1510298984;52;255;1510298992;1
32;16;10;5;1;52;1510299728;52;255;1510299737;0
32;16;10;5;1;52;1510299860;52;255;1510299868;0
32;16;10;5;1;52;1510299894;52;255;1510299902;0
32;16;10;5;1;52;1510299922;52;255;1510299931;0
32;16;10;5;1;52;1510300661;52;255;1510300669;0
32;16;10;5;1;52;1510300791;52;255;1510300800;0
32;16;10;5;1;52;1510300829;52;255;1510300838;0
32;16;10;5;1;52;1510300860;52;255;1510300868;0
32;16;10;5;1;52;1510301595;52;255;1510301603;1
32;16;10;5;1;52;1510301724;52;255;1510301732;0
32;16;10;5;1;52;1510301768;52;255;1510301776;0
32;16;10;5;1;52;1510301794;52;255;1510301803;0
32;16;10;5;1;52;1510302527;52;255;1510302536;0
32;16;10;5;1;52;1510302655;52;255;1510302664;0
32;16;10;5;1;52;1510302707;52;255;1510302715;0
32;16;10;5;1;52;1510302731;52;255;1510302740;0
32;16;10;5;1;52;1510303503;52;255;1510303512;0
32;16;10;5;1;52;1510303653;52;255;1510303661;0
32;16;10;5;1;52;1510303699;52;255;1510303707;0
32;16;10;5;1;52;1510303731;52;255;1510303739;0
32;16;10;5;1;52;1510304477;52;255;1510304486;0
32;16;10;5;1;52;1510304617;52;255;1510304625;0
32;16;10;5;1;52;1510304668;52;255;1510304677;0
32;16;10;5;1;52;1510304719;52;255;1510304728;0
32;16;10;5;1;52;1510305449;52;255;1510305457;1
32;16;10;5;1;52;1510305573;52;255;1510305581;0
32;16;10;5;1;52;1510305629;52;255;1510305637;0
32;16;10;5;1;52;1510305686;52;255;1510305694;0
32;16;10;5;1;52;1510306427;52;255;1510306437;0
32;16;10;5;1;52;1510306578;52;255;1510306587;1
32;16;10;5;1;52;1510306631;52;255;1510306640;0
32;16;10;5;1;52;1510306715;52;255;1510306724;0
