32;16;10;5;1;53;1509981838;53;255;1509981847;0
32;16;10;5;1;53;1509981908;53;255;1509981917;0
32;16;10;5;1;53;1509981975;53;255;1509981985;0
32;16;10;5;1;53;1509982086;53;255;1509982095;0
32;16;10;5;1;53;1509982830;53;255;1509982839;0
32;16;10;5;1;53;1509982888;53;255;1509982896;0
32;16;10;5;1;53;1509982956;53;255;1509982964;0
32;16;10;5;1;53;1509983062;53;255;1509983070;0
32;16;10;5;1;53;1509983773;53;255;1509983781;0
32;16;10;5;1;53;1509983831;53;255;1509983840;0
32;16;10;5;1;53;1509983900;53;255;1509983908;0
32;16;10;5;1;53;1509984011;53;255;1509984019;0
32;16;10;5;1;53;1509984717;53;255;1509984725;0
32;16;10;5;1;53;1509984772;53;255;1509984781;0
32;16;10;5;1;53;1509984841;53;255;1509984850;0
32;16;10;5;1;53;1509984950;53;255;1509984958;0
32;16;10;5;1;53;1509985656;53;255;1509985665;1
32;16;10;5;1;53;1509985713;53;255;1509985721;0
32;16;10;5;1;53;1509985785;53;255;1509985793;0
32;16;10;5;1;53;1509985891;53;255;1509985900;0
32;16;10;5;1;53;1509986597;53;255;1509986606;0
32;16;10;5;1;53;1509986655;53;255;1509986664;1
32;16;10;5;1;53;1509986724;53;255;1509986733;0
32;16;10;5;1;53;1509986835;53;255;1509986844;0
32;16;10;5;1;53;1509987538;53;255;1509987546;0
32;16;10;5;1;53;1509987600;53;255;1509987608;0
32;16;10;5;1;53;1509987663;53;255;1509987672;0
32;16;10;5;1;53;1509987777;53;255;1509987786;0
32;16;10;5;1;53;1509988480;53;255;1509988489;1
32;16;10;5;1;53;1509988541;53;255;1509988550;0
32;16;10;5;1;53;1509988604;53;255;1509988612;0
32;16;10;5;1;53;1509988720;53;255;1509988728;0
32;16;10;5;1;53;1509989421;53;255;1509989430;0
32;16;10;5;1;53;1509989483;53;255;1509989492;0
32;16;10;5;1;53;1509989549;53;255;1509989557;0
32;16;10;5;1;53;1509989662;53;255;1509989670;0
32;16;10;5;1;53;1509990362;53;255;1509990371;1
32;16;10;5;1;53;1509990427;53;255;1509990436;1
32;16;10;5;1;53;1509990488;53;255;1509990497;0
32;16;10;5;1;53;1509990603;53;255;1509990611;0
32;16;10;5;1;53;1509991305;53;255;1509991314;0
32;16;10;5;1;53;1509991366;53;255;1509991374;0
32;16;10;5;1;53;1509991429;53;255;1509991437;0
32;16;10;5;1;53;1509991545;53;255;1509991554;0
32;16;10;5;1;53;1509992247;53;255;1509992256;0
32;16;10;5;1;53;1509992308;53;255;1509992316;1
32;16;10;5;1;53;1509992368;53;255;1509992377;0
32;16;10;5;1;53;1509992487;53;255;1509992495;0
32;16;10;5;1;53;1509993190;53;255;1509993199;0
32;16;10;5;1;53;1509993249;53;255;1509993258;0
32;16;10;5;1;53;1509993310;53;255;1509993318;0
32;16;10;5;1;53;1509993429;53;255;1509993437;0
32;16;10;5;1;53;1509994130;53;255;1509994139;1
32;16;10;5;1;53;1509994190;53;255;1509994199;0
32;16;10;5;1;53;1509994251;53;255;1509994260;0
32;16;10;5;1;53;1509994371;53;255;1509994379;0
32;16;10;5;1;53;1509995073;53;255;1509995081;0
32;16;10;5;1;53;1509995131;53;255;1509995139;0
32;16;10;5;1;53;1509995192;53;255;1509995201;0
32;16;10;5;1;53;1509995311;53;255;1509995320;0
32;16;10;5;1;53;1509996020;53;255;1509996028;0
32;16;10;5;1;53;1509996074;53;255;1509996082;0
32;16;10;5;1;53;1509996150;53;255;1509996158;0
32;16;10;5;1;53;1509996252;53;255;1509996261;0
32;16;10;5;1;53;1509996962;53;255;1509996970;0
32;16;10;5;1;53;1509997014;53;255;1509997023;0
32;16;10;5;1;53;1509997091;53;255;1509997100;0
32;16;10;5;1;53;1509997194;53;255;1509997203;1
32;16;10;5;1;53;1509997902;53;255;1509997911;0
32;16;10;5;1;53;1509997959;53;255;1509997968;0
32;16;10;5;1;53;1509998033;53;255;1509998042;1
32;16;10;5;1;53;1509998135;53;255;1509998144;0
32;16;10;5;1;53;1509998844;53;255;1509998853;0
32;16;10;5;1;53;1509998899;53;255;1509998907;0
32;16;10;5;1;53;1509998973;53;255;1509998981;0
32;16;10;5;1;53;1509999076;53;255;1509999085;0
32;16;10;5;1;53;1509999788;53;255;1509999797;0
32;16;10;5;1;53;1509999841;53;255;1509999850;0
32;16;10;5;1;53;1509999913;53;255;1509999921;0
32;16;10;5;1;53;1510000016;53;255;1510000025;1
32;16;10;5;1;53;1510000731;53;255;1510000740;0
32;16;10;5;1;53;1510000784;53;255;1510000793;0
32;16;10;5;1;53;1510000853;53;255;1510000862;0
32;16;10;5;1;53;1510000955;53;255;1510000964;1
32;16;10;5;1;53;1510001672;53;255;1510001681;0
32;16;10;5;1;53;1510001729;53;255;1510001738;0
32;16;10;5;1;53;1510001793;53;255;1510001801;0
32;16;10;5;1;53;1510001896;53;255;1510001905;0
32;16;10;5;1;53;1510002612;53;255;1510002621;0
32;16;10;5;1;53;1510002674;53;255;1510002683;0
32;16;10;5;1;53;1510002736;53;255;1510002744;0
32;16;10;5;1;53;1510002836;53;255;1510002845;0
32;16;10;5;1;53;1510003555;53;255;1510003563;0
32;16;10;5;1;53;1510003614;53;255;1510003622;0
32;16;10;5;1;53;1510003678;53;255;1510003686;0
32;16;10;5;1;53;1510003780;53;255;1510003788;0
32;16;10;5;1;53;1510004494;53;255;1510004503;0
32;16;10;5;1;53;1510004554;53;255;1510004562;0
32;16;10;5;1;53;1510004623;53;255;1510004631;0
32;16;10;5;1;53;1510004721;53;255;1510004729;0
32;16;10;5;1;53;1510005437;53;255;1510005445;0
32;16;10;5;1;53;1510005496;53;255;1510005504;1
32;16;10;5;1;53;1510005563;53;255;1510005572;0
32;16;10;5;1;53;1510005662;53;255;1510005670;0
32;16;10;5;1;53;1510006376;53;255;1510006384;0
32;16;10;5;1;53;1510006435;53;255;1510006443;0
32;16;10;5;1;53;1510006509;53;255;1510006517;1
32;16;10;5;1;53;1510006603;53;255;1510006611;0
32;16;10;5;1;53;1510007316;53;255;1510007324;0
32;16;10;5;1;53;1510007375;53;255;1510007383;0
32;16;10;5;1;53;1510007454;53;255;1510007463;1
32;16;10;5;1;53;1510007543;53;255;1510007551;0
32;16;10;5;1;53;1510008257;53;255;1510008265;0
32;16;10;5;1;53;1510008315;53;255;1510008323;0
32;16;10;5;1;53;1510008394;53;255;1510008402;0
32;16;10;5;1;53;1510008487;53;255;1510008495;0
32;16;10;5;1;53;1510009199;53;255;1510009208;0
32;16;10;5;1;53;1510009256;53;255;1510009265;0
32;16;10;5;1;53;1510009336;53;255;1510009344;1
32;16;10;5;1;53;1510009429;53;255;1510009437;0
32;16;10;5;1;53;1510010140;53;255;1510010148;0
32;16;10;5;1;53;1510010197;53;255;1510010205;0
32;16;10;5;1;53;1510010276;53;255;1510010285;0
32;16;10;5;1;53;1510010372;53;255;1510010381;1
32;16;10;5;1;53;1510011080;53;255;1510011089;0
32;16;10;5;1;53;1510011139;53;255;1510011148;1
32;16;10;5;1;53;1510011218;53;255;1510011226;0
32;16;10;5;1;53;1510011314;53;255;1510011322;0
32;16;10;5;1;53;1510012020;53;255;1510012028;0
32;16;10;5;1;53;1510012083;53;255;1510012092;0
32;16;10;5;1;53;1510012161;53;255;1510012169;0
32;16;10;5;1;53;1510012253;53;255;1510012261;0
32;16;10;5;1;53;1510012963;53;255;1510012972;0
32;16;10;5;1;53;1510013025;53;255;1510013034;0
32;16;10;5;1;53;1510013101;53;255;1510013109;0
32;16;10;5;1;53;1510013195;53;255;1510013204;0
32;16;10;5;1;53;1510013905;53;255;1510013913;0
32;16;10;5;1;53;1510013969;53;255;1510013978;0
32;16;10;5;1;53;1510014041;53;255;1510014050;0
32;16;10;5;1;53;1510014138;53;255;1510014146;0
32;16;10;5;1;53;1510014847;53;255;1510014856;0
32;16;10;5;1;53;1510014910;53;255;1510014918;0
32;16;10;5;1;53;1510014982;53;255;1510014990;0
32;16;10;5;1;53;1510015079;53;255;1510015087;0
32;16;10;5;1;53;1510015788;53;255;1510015797;0
32;16;10;5;1;53;1510015851;53;255;1510015859;0
32;16;10;5;1;53;1510015923;53;255;1510015932;0
32;16;10;5;1;53;1510016020;53;255;1510016028;0
32;16;10;5;1;53;1510016729;53;255;1510016737;0
32;16;10;5;1;53;1510016794;53;255;1510016802;0
32;16;10;5;1;53;1510016864;53;255;1510016872;0
32;16;10;5;1;53;1510016961;53;255;1510016970;0
32;16;10;5;1;53;1510017670;53;255;1510017679;0
32;16;10;5;1;53;1510017737;53;255;1510017745;1
32;16;10;5;1;53;1510017805;53;255;1510017814;0
32;16;10;5;1;53;1510017902;53;255;1510017911;0
32;16;10;5;1;53;1510018610;53;255;1510018619;1
32;16;10;5;1;53;1510018680;53;255;1510018689;0
32;16;10;5;1;53;1510018746;53;255;1510018755;0
32;16;10;5;1;53;1510018844;53;255;1510018853;0
32;16;10;5;1;53;1510019553;53;255;1510019562;1
32;16;10;5;1;53;1510019622;53;255;1510019631;0
32;16;10;5;1;53;1510019686;53;255;1510019695;0
32;16;10;5;1;53;1510019785;53;255;1510019794;1
32;16;10;5;1;53;1510020493;53;255;1510020502;0
32;16;10;5;1;53;1510020566;53;255;1510020575;0
32;16;10;5;1;53;1510020627;53;255;1510020636;0
32;16;10;5;1;53;1510020725;53;255;1510020733;0
32;16;10;5;1;53;1510021433;53;255;1510021442;0
32;16;10;5;1;53;1510021507;53;255;1510021515;1
32;16;10;5;1;53;1510021569;53;255;1510021577;1
32;16;10;5;1;53;1510021668;53;255;1510021677;0
32;16;10;5;1;53;1510022374;53;255;1510022383;0
32;16;10;5;1;53;1510022448;53;255;1510022457;0
32;16;10;5;1;53;1510022510;53;255;1510022519;0
32;16;10;5;1;53;1510022609;53;255;1510022617;0
32;16;10;5;1;53;1510023316;53;255;1510023325;0
32;16;10;5;1;53;1510023388;53;255;1510023397;0
32;16;10;5;1;53;1510023455;53;255;1510023464;0
32;16;10;5;1;53;1510023550;53;255;1510023558;0
32;16;10;5;1;53;1510024259;53;255;1510024267;0
32;16;10;5;1;53;1510024329;53;255;1510024338;0
32;16;10;5;1;53;1510024396;53;255;1510024405;1
32;16;10;5;1;53;1510024491;53;255;1510024499;0
32;16;10;5;1;53;1510025203;53;255;1510025211;0
32;16;10;5;1;53;1510025269;53;255;1510025278;0
32;16;10;5;1;53;1510025339;53;255;1510025348;0
32;16;10;5;1;53;1510025430;53;255;1510025439;0
32;16;10;5;1;53;1510026145;53;255;1510026154;0
32;16;10;5;1;53;1510026210;53;255;1510026219;0
32;16;10;5;1;53;1510026280;53;255;1510026288;0
32;16;10;5;1;53;1510026372;53;255;1510026380;0
32;16;10;5;1;53;1510027085;53;255;1510027094;0
32;16;10;5;1;53;1510027151;53;255;1510027159;0
32;16;10;5;1;53;1510027223;53;255;1510027232;0
32;16;10;5;1;53;1510027313;53;255;1510027321;0
32;16;10;5;1;53;1510028028;53;255;1510028036;0
32;16;10;5;1;53;1510028093;53;255;1510028101;0
32;16;10;5;1;53;1510028164;53;255;1510028172;1
32;16;10;5;1;53;1510028252;53;255;1510028260;0
32;16;10;5;1;53;1510028969;53;255;1510028978;0
32;16;10;5;1;53;1510029036;53;255;1510029045;0
32;16;10;5;1;53;1510029106;53;255;1510029114;0
32;16;10;5;1;53;1510029192;53;255;1510029201;1
32;16;10;5;1;53;1510029910;53;255;1510029919;0
32;16;10;5;1;53;1510029978;53;255;1510029987;0
32;16;10;5;1;53;1510030048;53;255;1510030057;0
32;16;10;5;1;53;1510030132;53;255;1510030141;0
32;16;10;5;1;53;1510030853;53;255;1510030861;0
32;16;10;5;1;53;1510030919;53;255;1510030928;0
32;16;10;5;1;53;1510030993;53;255;1510031001;0
32;16;10;5;1;53;1510031074;53;255;1510031082;0
32;16;10;5;1;53;1510031794;53;255;1510031802;0
32;16;10;5;1;53;1510031860;53;255;1510031868;0
32;16;10;5;1;53;1510031935;53;255;1510031944;0
32;16;10;5;1;53;1510032016;53;255;1510032024;1
32;16;10;5;1;53;1510032733;53;255;1510032741;0
32;16;10;5;1;53;1510032801;53;255;1510032810;0
32;16;10;5;1;53;1510032878;53;255;1510032886;0
32;16;10;5;1;53;1510032957;53;255;1510032966;0
32;16;10;5;1;53;1510033677;53;255;1510033685;0
32;16;10;5;1;53;1510033741;53;255;1510033750;0
32;16;10;5;1;53;1510033818;53;255;1510033827;0
32;16;10;5;1;53;1510033898;53;255;1510033907;0
32;16;10;5;1;53;1510034618;53;255;1510034627;0
32;16;10;5;1;53;1510034684;53;255;1510034692;1
32;16;10;5;1;53;1510034760;53;255;1510034768;0
32;16;10;5;1;53;1510034839;53;255;1510034848;0
32;16;10;5;1;53;1510035560;53;255;1510035568;0
32;16;10;5;1;53;1510035626;53;255;1510035634;0
32;16;10;5;1;53;1510035701;53;255;1510035709;0
32;16;10;5;1;53;1510035779;53;255;1510035788;0
32;16;10;5;1;53;1510036501;53;255;1510036510;0
32;16;10;5;1;53;1510036569;53;255;1510036577;0
32;16;10;5;1;53;1510036642;53;255;1510036651;0
32;16;10;5;1;53;1510036719;53;255;1510036728;0
32;16;10;5;1;53;1510037445;53;255;1510037453;0
32;16;10;5;1;53;1510037510;53;255;1510037518;0
32;16;10;5;1;53;1510037583;53;255;1510037591;0
32;16;10;5;1;53;1510037660;53;255;1510037668;0
32;16;10;5;1;53;1510038384;53;255;1510038393;0
32;16;10;5;1;53;1510038453;53;255;1510038462;0
32;16;10;5;1;53;1510038523;53;255;1510038531;0
32;16;10;5;1;53;1510038601;53;255;1510038610;0
32;16;10;5;1;53;1510039327;53;255;1510039335;0
32;16;10;5;1;53;1510039395;53;255;1510039403;0
32;16;10;5;1;53;1510039467;53;255;1510039476;0
32;16;10;5;1;53;1510039542;53;255;1510039550;0
32;16;10;5;1;53;1510040268;53;255;1510040276;0
32;16;10;5;1;53;1510040335;53;255;1510040343;0
32;16;10;5;1;53;1510040409;53;255;1510040418;0
32;16;10;5;1;53;1510040482;53;255;1510040490;0
32;16;10;5;1;53;1510041208;53;255;1510041217;0
32;16;10;5;1;53;1510041277;53;255;1510041286;0
32;16;10;5;1;53;1510041352;53;255;1510041361;0
32;16;10;5;1;53;1510041422;53;255;1510041431;0
32;16;10;5;1;53;1510042152;53;255;1510042160;1
32;16;10;5;1;53;1510042218;53;255;1510042227;0
32;16;10;5;1;53;1510042295;53;255;1510042303;0
32;16;10;5;1;53;1510042365;53;255;1510042373;0
32;16;10;5;1;53;1510043092;53;255;1510043100;0
32;16;10;5;1;53;1510043161;53;255;1510043170;0
32;16;10;5;1;53;1510043235;53;255;1510043243;0
32;16;10;5;1;53;1510043306;53;255;1510043315;0
32;16;10;5;1;53;1510044032;53;255;1510044040;0
32;16;10;5;1;53;1510044105;53;255;1510044113;0
32;16;10;5;1;53;1510044176;53;255;1510044184;0
32;16;10;5;1;53;1510044248;53;255;1510044257;0
32;16;10;5;1;53;1510044997;53;255;1510045006;0
32;16;10;5;1;53;1510045067;53;255;1510045075;0
32;16;10;5;1;53;1510045145;53;255;1510045154;0
32;16;10;5;1;53;1510045228;53;255;1510045237;0
32;16;10;5;1;53;1510046011;53;255;1510046020;0
32;16;10;5;1;53;1510046086;53;255;1510046095;1
32;16;10;5;1;53;1510046164;53;255;1510046173;0
32;16;10;5;1;53;1510046237;53;255;1510046246;0
32;16;10;5;1;53;1510046997;53;255;1510047006;0
32;16;10;5;1;53;1510047009;53;255;1510047018;0
32;16;10;5;1;53;1510047018;53;255;1510047026;0
32;16;10;5;1;53;1510047019;53;255;1510047027;0
32;16;10;5;1;53;1510047980;53;255;1510047989;0
32;16;10;5;1;53;1510047996;53;255;1510048005;0
32;16;10;5;1;53;1510047999;53;255;1510048007;0
32;16;10;5;1;53;1510048004;53;255;1510048012;0
32;16;10;5;1;53;1510048943;53;255;1510048952;0
32;16;10;5;1;53;1510048952;53;255;1510048960;0
32;16;10;5;1;53;1510048958;53;255;1510048966;0
32;16;10;5;1;53;1510048970;53;255;1510048978;0
32;16;10;5;1;53;1510049974;53;255;1510049983;0
32;16;10;5;1;53;1510049981;53;255;1510049989;0
32;16;10;5;1;53;1510049998;53;255;1510050006;0
32;16;10;5;1;53;1510050933;53;255;1510050941;0
32;16;10;5;1;53;1510050938;53;255;1510050947;0
32;16;10;5;1;53;1510050955;53;255;1510050963;0
32;16;10;5;1;53;1510051890;53;255;1510051899;0
32;16;10;5;1;53;1510051896;53;255;1510051905;0
32;16;10;5;1;53;1510051914;53;255;1510051923;1
32;16;10;5;1;53;1510052847;53;255;1510052856;0
32;16;10;5;1;53;1510052854;53;255;1510052863;0
32;16;10;5;1;53;1510052871;53;255;1510052880;0
32;16;10;5;1;53;1510053805;53;255;1510053814;0
32;16;10;5;1;53;1510053811;53;255;1510053820;0
32;16;10;5;1;53;1510053830;53;255;1510053839;0
32;16;10;5;1;53;1510054763;53;255;1510054771;0
32;16;10;5;1;53;1510054773;53;255;1510054781;0
32;16;10;5;1;53;1510054791;53;255;1510054800;0
32;16;10;5;1;53;1510055732;53;255;1510055741;0
32;16;10;5;1;53;1510055742;53;255;1510055751;0
32;16;10;5;1;53;1510055762;53;255;1510055771;1
32;16;10;5;1;53;1510056686;53;255;1510056695;0
32;16;10;5;1;53;1510056709;53;255;1510056717;1
32;16;10;5;1;53;1510056735;53;255;1510056744;0
32;16;10;5;1;53;1510057639;53;255;1510057647;0
32;16;10;5;1;53;1510057660;53;255;1510057668;1
32;16;10;5;1;53;1510057687;53;255;1510057696;0
32;16;10;5;1;53;1510058579;53;255;1510058587;0
32;16;10;5;1;53;1510058601;53;255;1510058609;0
32;16;10;5;1;53;1510058627;53;255;1510058636;0
32;16;10;5;1;53;1510059520;53;255;1510059529;0
32;16;10;5;1;53;1510059541;53;255;1510059549;0
32;16;10;5;1;53;1510059569;53;255;1510059577;1
32;16;10;5;1;53;1510060471;53;255;1510060480;0
32;16;10;5;1;53;1510060492;53;255;1510060501;0
32;16;10;5;1;53;1510060522;53;255;1510060531;1
32;16;10;5;1;53;1510061432;53;255;1510061440;0
32;16;10;5;1;53;1510061449;53;255;1510061457;0
32;16;10;5;1;53;1510061484;53;255;1510061492;1
32;16;10;5;1;53;1510062429;53;255;1510062438;0
32;16;10;5;1;53;1510062434;53;255;1510062442;0
32;16;10;5;1;53;1510062477;53;255;1510062486;0
32;16;10;5;1;53;1510063382;53;255;1510063391;0
32;16;10;5;1;53;1510063387;53;255;1510063396;0
32;16;10;5;1;53;1510063431;53;255;1510063440;0
32;16;10;5;1;53;1510064343;53;255;1510064352;1
32;16;10;5;1;53;1510064346;53;255;1510064355;1
32;16;10;5;1;53;1510064394;53;255;1510064403;1
32;16;10;5;1;53;1510065312;53;255;1510065321;0
32;16;10;5;1;53;1510065313;53;255;1510065321;0
32;16;10;5;1;53;1510065363;53;255;1510065371;0
32;16;10;5;1;53;1510066270;53;255;1510066278;0
32;16;10;5;1;53;1510066272;53;255;1510066280;0
32;16;10;5;1;53;1510066323;53;255;1510066331;0
32;16;10;5;1;53;1510067232;53;255;1510067240;0
32;16;10;5;1;53;1510067234;53;255;1510067243;0
32;16;10;5;1;53;1510067288;53;255;1510067296;0
32;16;10;5;1;53;1510068188;53;255;1510068196;0
32;16;10;5;1;53;1510068191;53;255;1510068200;1
32;16;10;5;1;53;1510068244;53;255;1510068253;0
32;16;10;5;1;53;1510069137;53;255;1510069146;0
32;16;10;5;1;53;1510069142;53;255;1510069151;0
32;16;10;5;1;53;1510069194;53;255;1510069203;1
32;16;10;5;1;53;1510070102;53;255;1510070111;0
32;16;10;5;1;53;1510070118;53;255;1510070127;0
32;16;10;5;1;53;1510070163;53;255;1510070172;0
32;16;10;5;1;53;1510071068;53;255;1510071076;0
32;16;10;5;1;53;1510071078;53;255;1510071087;0
32;16;10;5;1;53;1510071127;53;255;1510071136;0
32;16;10;5;1;53;1510072041;53;255;1510072050;0
32;16;10;5;1;53;1510072047;53;255;1510072056;1
32;16;10;5;1;53;1510072088;53;255;1510072097;1
32;16;10;5;1;53;1510072987;53;255;1510072995;1
32;16;10;5;1;53;1510072993;53;255;1510073001;0
32;16;10;5;1;53;1510073033;53;255;1510073042;0
32;16;10;5;1;53;1510073930;53;255;1510073939;0
32;16;10;5;1;53;1510073936;53;255;1510073944;0
32;16;10;5;1;53;1510073977;53;255;1510073985;0
32;16;10;5;1;53;1510074873;53;255;1510074882;0
32;16;10;5;1;53;1510074879;53;255;1510074887;0
32;16;10;5;1;53;1510074920;53;255;1510074928;1
32;16;10;5;1;53;1510075683;53;255;1510075692;0
32;16;10;5;1;53;1510075850;53;255;1510075859;0
32;16;10;5;1;53;1510075862;53;255;1510075870;1
32;16;10;5;1;53;1510075900;53;255;1510075909;0
32;16;10;5;1;53;1510076626;53;255;1510076635;0
32;16;10;5;1;53;1510076797;53;255;1510076805;0
32;16;10;5;1;53;1510076802;53;255;1510076811;0
32;16;10;5;1;53;1510076843;53;255;1510076851;0
32;16;10;5;1;53;1510077566;53;255;1510077574;0
32;16;10;5;1;53;1510077736;53;255;1510077744;0
32;16;10;5;1;53;1510077743;53;255;1510077752;0
32;16;10;5;1;53;1510077783;53;255;1510077792;0
32;16;10;5;1;53;1510078504;53;255;1510078513;1
32;16;10;5;1;53;1510078676;53;255;1510078684;0
32;16;10;5;1;53;1510078683;53;255;1510078692;0
32;16;10;5;1;53;1510078723;53;255;1510078732;0
32;16;10;5;1;53;1510079445;53;255;1510079453;0
32;16;10;5;1;53;1510079614;53;255;1510079623;0
32;16;10;5;1;53;1510079622;53;255;1510079631;0
32;16;10;5;1;53;1510079663;53;255;1510079672;0
32;16;10;5;1;53;1510080385;53;255;1510080394;1
32;16;10;5;1;53;1510080555;53;255;1510080563;0
32;16;10;5;1;53;1510080561;53;255;1510080570;0
32;16;10;5;1;53;1510080604;53;255;1510080613;0
32;16;10;5;1;53;1510081326;53;255;1510081334;0
32;16;10;5;1;53;1510081494;53;255;1510081502;0
32;16;10;5;1;53;1510081500;53;255;1510081509;0
32;16;10;5;1;53;1510081545;53;255;1510081553;0
32;16;10;5;1;53;1510082265;53;255;1510082273;0
32;16;10;5;1;53;1510082434;53;255;1510082442;0
32;16;10;5;1;53;1510082440;53;255;1510082449;0
32;16;10;5;1;53;1510082485;53;255;1510082494;0
32;16;10;5;1;53;1510083203;53;255;1510083211;1
32;16;10;5;1;53;1510083374;53;255;1510083382;0
32;16;10;5;1;53;1510083383;53;255;1510083391;0
32;16;10;5;1;53;1510083425;53;255;1510083433;0
32;16;10;5;1;53;1510084143;53;255;1510084151;0
32;16;10;5;1;53;1510084312;53;255;1510084321;0
32;16;10;5;1;53;1510084324;53;255;1510084333;0
32;16;10;5;1;53;1510084365;53;255;1510084373;0
32;16;10;5;1;53;1510085081;53;255;1510085090;0
32;16;10;5;1;53;1510085253;53;255;1510085262;0
32;16;10;5;1;53;1510085266;53;255;1510085274;0
32;16;10;5;1;53;1510085304;53;255;1510085313;0
32;16;10;5;1;53;1510086020;53;255;1510086028;0
32;16;10;5;1;53;1510086195;53;255;1510086203;0
32;16;10;5;1;53;1510086207;53;255;1510086216;0
32;16;10;5;1;53;1510086244;53;255;1510086253;0
32;16;10;5;1;53;1510086960;53;255;1510086968;1
32;16;10;5;1;53;1510087135;53;255;1510087144;0
32;16;10;5;1;53;1510087148;53;255;1510087156;0
32;16;10;5;1;53;1510087184;53;255;1510087192;0
32;16;10;5;1;53;1510087899;53;255;1510087908;0
32;16;10;5;1;53;1510088075;53;255;1510088083;0
32;16;10;5;1;53;1510088088;53;255;1510088096;0
32;16;10;5;1;53;1510088123;53;255;1510088131;0
32;16;10;5;1;53;1510088839;53;255;1510088848;0
32;16;10;5;1;53;1510089016;53;255;1510089024;0
32;16;10;5;1;53;1510089028;53;255;1510089036;0
32;16;10;5;1;53;1510089062;53;255;1510089070;1
32;16;10;5;1;53;1510089778;53;255;1510089786;0
32;16;10;5;1;53;1510089955;53;255;1510089963;0
32;16;10;5;1;53;1510089968;53;255;1510089977;0
32;16;10;5;1;53;1510090005;53;255;1510090013;0
32;16;10;5;1;53;1510090717;53;255;1510090725;0
32;16;10;5;1;53;1510090895;53;255;1510090903;0
32;16;10;5;1;53;1510090908;53;255;1510090917;0
32;16;10;5;1;53;1510090947;53;255;1510090956;1
32;16;10;5;1;53;1510091657;53;255;1510091665;0
32;16;10;5;1;53;1510091834;53;255;1510091843;0
32;16;10;5;1;53;1510091850;53;255;1510091858;0
32;16;10;5;1;53;1510091888;53;255;1510091896;0
32;16;10;5;1;53;1510092596;53;255;1510092604;0
32;16;10;5;1;53;1510092775;53;255;1510092783;0
32;16;10;5;1;53;1510092789;53;255;1510092798;0
32;16;10;5;1;53;1510092828;53;255;1510092836;0
32;16;10;5;1;53;1510093536;53;255;1510093544;0
32;16;10;5;1;53;1510093714;53;255;1510093722;0
32;16;10;5;1;53;1510093730;53;255;1510093738;0
32;16;10;5;1;53;1510093770;53;255;1510093778;0
32;16;10;5;1;53;1510094476;53;255;1510094484;1
32;16;10;5;1;53;1510094653;53;255;1510094661;0
32;16;10;5;1;53;1510094669;53;255;1510094677;0
32;16;10;5;1;53;1510094711;53;255;1510094719;0
32;16;10;5;1;53;1510095418;53;255;1510095426;0
32;16;10;5;1;53;1510095592;53;255;1510095601;0
32;16;10;5;1;53;1510095607;53;255;1510095616;0
32;16;10;5;1;53;1510095651;53;255;1510095659;1
32;16;10;5;1;53;1510096361;53;255;1510096369;1
32;16;10;5;1;53;1510096531;53;255;1510096540;0
32;16;10;5;1;53;1510096546;53;255;1510096555;0
32;16;10;5;1;53;1510096591;53;255;1510096599;0
32;16;10;5;1;53;1510097301;53;255;1510097309;1
32;16;10;5;1;53;1510097472;53;255;1510097480;1
32;16;10;5;1;53;1510097485;53;255;1510097494;1
32;16;10;5;1;53;1510097533;53;255;1510097541;1
32;16;10;5;1;53;1510098240;53;255;1510098249;0
32;16;10;5;1;53;1510098414;53;255;1510098422;0
32;16;10;5;1;53;1510098424;53;255;1510098432;1
32;16;10;5;1;53;1510098472;53;255;1510098480;0
32;16;10;5;1;53;1510099180;53;255;1510099188;0
32;16;10;5;1;53;1510099355;53;255;1510099363;0
32;16;10;5;1;53;1510099362;53;255;1510099370;0
32;16;10;5;1;53;1510099413;53;255;1510099422;0
32;16;10;5;1;53;1510100122;53;255;1510100130;0
32;16;10;5;1;53;1510100296;53;255;1510100304;0
32;16;10;5;1;53;1510100300;53;255;1510100309;0
32;16;10;5;1;53;1510100353;53;255;1510100361;0
32;16;10;5;1;53;1510101062;53;255;1510101070;0
32;16;10;5;1;53;1510101235;53;255;1510101243;0
32;16;10;5;1;53;1510101242;53;255;1510101250;1
32;16;10;5;1;53;1510101292;53;255;1510101301;0
32;16;10;5;1;53;1510102002;53;255;1510102010;1
32;16;10;5;1;53;1510102173;53;255;1510102181;0
32;16;10;5;1;53;1510102182;53;255;1510102190;1
32;16;10;5;1;53;1510102235;53;255;1510102243;1
32;16;10;5;1;53;1510102941;53;255;1510102949;0
32;16;10;5;1;53;1510103113;53;255;1510103122;0
32;16;10;5;1;53;1510103121;53;255;1510103130;0
32;16;10;5;1;53;1510103175;53;255;1510103184;0
32;16;10;5;1;53;1510103879;53;255;1510103887;0
32;16;10;5;1;53;1510104052;53;255;1510104061;0
32;16;10;5;1;53;1510104063;53;255;1510104071;0
32;16;10;5;1;53;1510104116;53;255;1510104124;0
32;16;10;5;1;53;1510104817;53;255;1510104826;0
32;16;10;5;1;53;1510104991;53;255;1510104999;0
32;16;10;5;1;53;1510105004;53;255;1510105012;0
32;16;10;5;1;53;1510105055;53;255;1510105064;0
32;16;10;5;1;53;1510105759;53;255;1510105768;0
32;16;10;5;1;53;1510105930;53;255;1510105939;0
32;16;10;5;1;53;1510105943;53;255;1510105951;0
32;16;10;5;1;53;1510105994;53;255;1510106003;0
32;16;10;5;1;53;1510106698;53;255;1510106707;0
32;16;10;5;1;53;1510106873;53;255;1510106882;0
32;16;10;5;1;53;1510106883;53;255;1510106892;0
32;16;10;5;1;53;1510106935;53;255;1510106943;0
32;16;10;5;1;53;1510107637;53;255;1510107645;0
32;16;10;5;1;53;1510107816;53;255;1510107824;0
32;16;10;5;1;53;1510107821;53;255;1510107830;0
32;16;10;5;1;53;1510107876;53;255;1510107885;0
32;16;10;5;1;53;1510108576;53;255;1510108585;0
32;16;10;5;1;53;1510108756;53;255;1510108764;0
32;16;10;5;1;53;1510108762;53;255;1510108770;0
32;16;10;5;1;53;1510108816;53;255;1510108824;0
32;16;10;5;1;53;1510109515;53;255;1510109523;0
32;16;10;5;1;53;1510109697;53;255;1510109706;0
32;16;10;5;1;53;1510109702;53;255;1510109711;0
32;16;10;5;1;53;1510109757;53;255;1510109766;0
32;16;10;5;1;53;1510110455;53;255;1510110464;0
32;16;10;5;1;53;1510110637;53;255;1510110645;0
32;16;10;5;1;53;1510110643;53;255;1510110652;0
32;16;10;5;1;53;1510110698;53;255;1510110706;0
32;16;10;5;1;53;1510111395;53;255;1510111403;0
32;16;10;5;1;53;1510111576;53;255;1510111585;0
32;16;10;5;1;53;1510111585;53;255;1510111593;0
32;16;10;5;1;53;1510111636;53;255;1510111644;0
32;16;10;5;1;53;1510112334;53;255;1510112342;1
32;16;10;5;1;53;1510112520;53;255;1510112529;0
32;16;10;5;1;53;1510112524;53;255;1510112532;0
32;16;10;5;1;53;1510112576;53;255;1510112584;0
32;16;10;5;1;53;1510113271;53;255;1510113279;0
32;16;10;5;1;53;1510113461;53;255;1510113470;0
32;16;10;5;1;53;1510113464;53;255;1510113473;0
32;16;10;5;1;53;1510113516;53;255;1510113524;0
32;16;10;5;1;53;1510114209;53;255;1510114217;0
32;16;10;5;1;53;1510114402;53;255;1510114410;0
32;16;10;5;1;53;1510114405;53;255;1510114414;1
32;16;10;5;1;53;1510114456;53;255;1510114465;0
32;16;10;5;1;53;1510115149;53;255;1510115158;1
32;16;10;5;1;53;1510115342;53;255;1510115350;0
32;16;10;5;1;53;1510115345;53;255;1510115354;0
32;16;10;5;1;53;1510115396;53;255;1510115404;1
32;16;10;5;1;53;1510116091;53;255;1510116100;0
32;16;10;5;1;53;1510116282;53;255;1510116290;0
32;16;10;5;1;53;1510116284;53;255;1510116292;0
32;16;10;5;1;53;1510116335;53;255;1510116343;0
32;16;10;5;1;53;1510117032;53;255;1510117040;0
32;16;10;5;1;53;1510117221;53;255;1510117229;0
32;16;10;5;1;53;1510117225;53;255;1510117233;0
32;16;10;5;1;53;1510117273;53;255;1510117282;0
32;16;10;5;1;53;1510117971;53;255;1510117979;0
32;16;10;5;1;53;1510118161;53;255;1510118170;0
32;16;10;5;1;53;1510118167;53;255;1510118176;0
32;16;10;5;1;53;1510118215;53;255;1510118223;0
32;16;10;5;1;53;1510118915;53;255;1510118923;1
32;16;10;5;1;53;1510119100;53;255;1510119108;0
32;16;10;5;1;53;1510119107;53;255;1510119116;0
32;16;10;5;1;53;1510119153;53;255;1510119161;0
32;16;10;5;1;53;1510119858;53;255;1510119866;0
32;16;10;5;1;53;1510120038;53;255;1510120047;0
32;16;10;5;1;53;1510120046;53;255;1510120055;0
32;16;10;5;1;53;1510120091;53;255;1510120100;0
32;16;10;5;1;53;1510120799;53;255;1510120807;0
32;16;10;5;1;53;1510120979;53;255;1510120987;0
32;16;10;5;1;53;1510120986;53;255;1510120995;0
32;16;10;5;1;53;1510121031;53;255;1510121039;0
32;16;10;5;1;53;1510121739;53;255;1510121748;0
32;16;10;5;1;53;1510121918;53;255;1510121927;0
32;16;10;5;1;53;1510121927;53;255;1510121935;0
32;16;10;5;1;53;1510121970;53;255;1510121978;0
32;16;10;5;1;53;1510122681;53;255;1510122689;1
32;16;10;5;1;53;1510122857;53;255;1510122866;0
32;16;10;5;1;53;1510122866;53;255;1510122874;0
32;16;10;5;1;53;1510122912;53;255;1510122920;0
32;16;10;5;1;53;1510123620;53;255;1510123629;0
32;16;10;5;1;53;1510123798;53;255;1510123807;1
32;16;10;5;1;53;1510123808;53;255;1510123816;0
32;16;10;5;1;53;1510123853;53;255;1510123861;0
32;16;10;5;1;53;1510124561;53;255;1510124569;0
32;16;10;5;1;53;1510124737;53;255;1510124745;0
32;16;10;5;1;53;1510124748;53;255;1510124757;0
32;16;10;5;1;53;1510124792;53;255;1510124801;0
32;16;10;5;1;53;1510125501;53;255;1510125509;0
32;16;10;5;1;53;1510125678;53;255;1510125687;0
32;16;10;5;1;53;1510125688;53;255;1510125696;1
32;16;10;5;1;53;1510125733;53;255;1510125741;0
32;16;10;5;1;53;1510126439;53;255;1510126448;0
32;16;10;5;1;53;1510126618;53;255;1510126626;0
32;16;10;5;1;53;1510126628;53;255;1510126636;0
32;16;10;5;1;53;1510126674;53;255;1510126682;0
32;16;10;5;1;53;1510127380;53;255;1510127388;0
32;16;10;5;1;53;1510127556;53;255;1510127564;0
32;16;10;5;1;53;1510127565;53;255;1510127574;0
32;16;10;5;1;53;1510127616;53;255;1510127624;0
32;16;10;5;1;53;1510128318;53;255;1510128327;0
32;16;10;5;1;53;1510128496;53;255;1510128505;0
32;16;10;5;1;53;1510128506;53;255;1510128514;0
32;16;10;5;1;53;1510128556;53;255;1510128564;0
32;16;10;5;1;53;1510129258;53;255;1510129266;0
32;16;10;5;1;53;1510129438;53;255;1510129446;1
32;16;10;5;1;53;1510129446;53;255;1510129455;0
32;16;10;5;1;53;1510129493;53;255;1510129501;0
32;16;10;5;1;53;1510130234;53;255;1510130242;0
32;16;10;5;1;53;1510130432;53;255;1510130440;0
32;16;10;5;1;53;1510130435;53;255;1510130444;0
32;16;10;5;1;53;1510130482;53;255;1510130492;0
32;16;10;5;1;53;1510131241;53;255;1510131250;0
32;16;10;5;1;53;1510131434;53;255;1510131442;0
32;16;10;5;1;53;1510131439;53;255;1510131448;0
32;16;10;5;1;53;1510131488;53;255;1510131498;0
32;16;10;5;1;53;1510132213;53;255;1510132221;0
32;16;10;5;1;53;1510132402;53;255;1510132410;0
32;16;10;5;1;53;1510132424;53;255;1510132433;0
32;16;10;5;1;53;1510132461;53;255;1510132470;0
32;16;10;5;1;53;1510133210;53;255;1510133219;1
32;16;10;5;1;53;1510133383;53;255;1510133392;0
32;16;10;5;1;53;1510133408;53;255;1510133418;0
32;16;10;5;1;53;1510133458;53;255;1510133467;0
32;16;10;5;1;53;1510134227;53;255;1510134235;1
32;16;10;5;1;53;1510134388;53;255;1510134396;0
32;16;10;5;1;53;1510134421;53;255;1510134429;0
32;16;10;5;1;53;1510134461;53;255;1510134469;0
32;16;10;5;1;53;1510135225;53;255;1510135234;0
32;16;10;5;1;53;1510135397;53;255;1510135406;0
32;16;10;5;1;53;1510135425;53;255;1510135433;0
32;16;10;5;1;53;1510135454;53;255;1510135463;0
32;16;10;5;1;53;1510136220;53;255;1510136229;0
32;16;10;5;1;53;1510136375;53;255;1510136384;1
32;16;10;5;1;53;1510136418;53;255;1510136427;0
32;16;10;5;1;53;1510136446;53;255;1510136455;0
32;16;10;5;1;53;1510137222;53;255;1510137230;0
32;16;10;5;1;53;1510137394;53;255;1510137403;0
32;16;10;5;1;53;1510137410;53;255;1510137419;0
32;16;10;5;1;53;1510137451;53;255;1510137460;0
32;16;10;5;1;53;1510138215;53;255;1510138224;0
32;16;10;5;1;53;1510138400;53;255;1510138408;0
32;16;10;5;1;53;1510138405;53;255;1510138414;0
32;16;10;5;1;53;1510138463;53;255;1510138473;0
32;16;10;5;1;53;1510139212;53;255;1510139221;0
32;16;10;5;1;53;1510139392;53;255;1510139400;0
32;16;10;5;1;53;1510139419;53;255;1510139429;0
32;16;10;5;1;53;1510139457;53;255;1510139466;0
32;16;10;5;1;53;1510140184;53;255;1510140193;0
32;16;10;5;1;53;1510140349;53;255;1510140359;0
32;16;10;5;1;53;1510140425;53;255;1510140434;0
32;16;10;5;1;53;1510140436;53;255;1510140444;0
32;16;10;5;1;53;1510141194;53;255;1510141203;0
32;16;10;5;1;53;1510141329;53;255;1510141338;0
32;16;10;5;1;53;1510141404;53;255;1510141412;0
32;16;10;5;1;53;1510141421;53;255;1510141429;0
32;16;10;5;1;53;1510142171;53;255;1510142180;0
32;16;10;5;1;53;1510142341;53;255;1510142350;0
32;16;10;5;1;53;1510142383;53;255;1510142392;0
32;16;10;5;1;53;1510142441;53;255;1510142452;0
32;16;10;5;1;53;1510143213;53;255;1510143222;0
32;16;10;5;1;53;1510143398;53;255;1510143407;0
32;16;10;5;1;53;1510143432;53;255;1510143440;0
32;16;10;5;1;53;1510143499;53;255;1510143508;0
32;16;10;5;1;53;1510144202;53;255;1510144210;0
32;16;10;5;1;53;1510144372;53;255;1510144381;0
32;16;10;5;1;53;1510144402;53;255;1510144410;0
32;16;10;5;1;53;1510144477;53;255;1510144486;0
32;16;10;5;1;53;1510145147;53;255;1510145156;0
32;16;10;5;1;53;1510145315;53;255;1510145324;0
32;16;10;5;1;53;1510145346;53;255;1510145355;1
32;16;10;5;1;53;1510145422;53;255;1510145430;0
32;16;10;5;1;53;1510146087;53;255;1510146095;0
32;16;10;5;1;53;1510146258;53;255;1510146267;1
32;16;10;5;1;53;1510146289;53;255;1510146298;0
32;16;10;5;1;53;1510146363;53;255;1510146372;0
32;16;10;5;1;53;1510147035;53;255;1510147044;0
32;16;10;5;1;53;1510147216;53;255;1510147225;0
32;16;10;5;1;53;1510147250;53;255;1510147259;0
32;16;10;5;1;53;1510147326;53;255;1510147336;0
32;16;10;5;1;53;1510148015;53;255;1510148024;0
32;16;10;5;1;53;1510148198;53;255;1510148207;0
32;16;10;5;1;53;1510148219;53;255;1510148228;0
32;16;10;5;1;53;1510148299;53;255;1510148308;0
32;16;10;5;1;53;1510148991;53;255;1510149000;0
32;16;10;5;1;53;1510149163;53;255;1510149171;0
32;16;10;5;1;53;1510149180;53;255;1510149189;0
32;16;10;5;1;53;1510149258;53;255;1510149266;0
32;16;10;5;1;53;1510149936;53;255;1510149944;0
32;16;10;5;1;53;1510150111;53;255;1510150119;0
32;16;10;5;1;53;1510150121;53;255;1510150129;0
32;16;10;5;1;53;1510150201;53;255;1510150209;0
32;16;10;5;1;53;1510150890;53;255;1510150898;0
32;16;10;5;1;53;1510151074;53;255;1510151083;0
32;16;10;5;1;53;1510151085;53;255;1510151094;0
32;16;10;5;1;53;1510151172;53;255;1510151181;0
32;16;10;5;1;53;1510151860;53;255;1510151870;0
32;16;10;5;1;53;1510152046;53;255;1510152055;0
32;16;10;5;1;53;1510152062;53;255;1510152070;0
32;16;10;5;1;53;1510152146;53;255;1510152155;1
32;16;10;5;1;53;1510152856;53;255;1510152865;0
32;16;10;5;1;53;1510153027;53;255;1510153035;0
32;16;10;5;1;53;1510153048;53;255;1510153056;0
32;16;10;5;1;53;1510153121;53;255;1510153129;0
32;16;10;5;1;53;1510153819;53;255;1510153827;0
32;16;10;5;1;53;1510153998;53;255;1510154008;0
32;16;10;5;1;53;1510154022;53;255;1510154030;0
32;16;10;5;1;53;1510154092;53;255;1510154101;0
32;16;10;5;1;53;1510154789;53;255;1510154798;0
32;16;10;5;1;53;1510154961;53;255;1510154970;1
32;16;10;5;1;53;1510154987;53;255;1510154996;0
32;16;10;5;1;53;1510155054;53;255;1510155062;0
32;16;10;5;1;53;1510155751;53;255;1510155759;0
32;16;10;5;1;53;1510155924;53;255;1510155933;0
32;16;10;5;1;53;1510155955;53;255;1510155964;0
32;16;10;5;1;53;1510156026;53;255;1510156035;0
32;16;10;5;1;53;1510156732;53;255;1510156741;0
32;16;10;5;1;53;1510156920;53;255;1510156929;0
32;16;10;5;1;53;1510156940;53;255;1510156949;1
32;16;10;5;1;53;1510157015;53;255;1510157025;0
32;16;10;5;1;53;1510157725;53;255;1510157735;1
32;16;10;5;1;53;1510157904;53;255;1510157912;0
32;16;10;5;1;53;1510157929;53;255;1510157937;0
32;16;10;5;1;53;1510158001;53;255;1510158010;0
32;16;10;5;1;53;1510158687;53;255;1510158696;0
32;16;10;5;1;53;1510158868;53;255;1510158876;0
32;16;10;5;1;53;1510158900;53;255;1510158909;0
32;16;10;5;1;53;1510158965;53;255;1510158973;0
32;16;10;5;1;53;1510159640;53;255;1510159649;0
32;16;10;5;1;53;1510159827;53;255;1510159836;0
32;16;10;5;1;53;1510159858;53;255;1510159867;0
32;16;10;5;1;53;1510159928;53;255;1510159937;0
32;16;10;5;1;53;1510160624;53;255;1510160633;1
32;16;10;5;1;53;1510160798;53;255;1510160808;0
32;16;10;5;1;53;1510160830;53;255;1510160839;0
32;16;10;5;1;53;1510160900;53;255;1510160909;1
32;16;10;5;1;53;1510161602;53;255;1510161611;0
32;16;10;5;1;53;1510161779;53;255;1510161787;0
32;16;10;5;1;53;1510161815;53;255;1510161824;0
32;16;10;5;1;53;1510161875;53;255;1510161884;0
32;16;10;5;1;53;1510162566;53;255;1510162574;0
32;16;10;5;1;53;1510162744;53;255;1510162752;0
32;16;10;5;1;53;1510162784;53;255;1510162793;0
32;16;10;5;1;53;1510162837;53;255;1510162845;0
32;16;10;5;1;53;1510163514;53;255;1510163523;0
32;16;10;5;1;53;1510163696;53;255;1510163704;0
32;16;10;5;1;53;1510163757;53;255;1510163765;0
32;16;10;5;1;53;1510163784;53;255;1510163792;1
32;16;10;5;1;53;1510164455;53;255;1510164464;0
32;16;10;5;1;53;1510164639;53;255;1510164648;0
32;16;10;5;1;53;1510164699;53;255;1510164708;0
32;16;10;5;1;53;1510164729;53;255;1510164738;0
32;16;10;5;1;53;1510165399;53;255;1510165407;0
32;16;10;5;1;53;1510165581;53;255;1510165589;0
32;16;10;5;1;53;1510165642;53;255;1510165651;0
32;16;10;5;1;53;1510165672;53;255;1510165680;0
32;16;10;5;1;53;1510166342;53;255;1510166351;0
32;16;10;5;1;53;1510166523;53;255;1510166531;0
32;16;10;5;1;53;1510166585;53;255;1510166593;0
32;16;10;5;1;53;1510166615;53;255;1510166624;1
32;16;10;5;1;53;1510167285;53;255;1510167293;0
32;16;10;5;1;53;1510167465;53;255;1510167474;0
32;16;10;5;1;53;1510167527;53;255;1510167535;0
32;16;10;5;1;53;1510167560;53;255;1510167568;0
32;16;10;5;1;53;1510168227;53;255;1510168235;0
32;16;10;5;1;53;1510168407;53;255;1510168416;0
32;16;10;5;1;53;1510168470;53;255;1510168478;1
32;16;10;5;1;53;1510168503;53;255;1510168511;0
32;16;10;5;1;53;1510169168;53;255;1510169177;0
32;16;10;5;1;53;1510169349;53;255;1510169358;0
32;16;10;5;1;53;1510169412;53;255;1510169421;0
32;16;10;5;1;53;1510169444;53;255;1510169452;0
32;16;10;5;1;53;1510170112;53;255;1510170120;0
32;16;10;5;1;53;1510170293;53;255;1510170301;0
32;16;10;5;1;53;1510170356;53;255;1510170364;0
32;16;10;5;1;53;1510170386;53;255;1510170395;0
32;16;10;5;1;53;1510171055;53;255;1510171063;0
32;16;10;5;1;53;1510171235;53;255;1510171243;0
32;16;10;5;1;53;1510171300;53;255;1510171309;0
32;16;10;5;1;53;1510171328;53;255;1510171336;0
32;16;10;5;1;53;1510171994;53;255;1510172003;0
32;16;10;5;1;53;1510172177;53;255;1510172185;0
32;16;10;5;1;53;1510172243;53;255;1510172251;0
32;16;10;5;1;53;1510172272;53;255;1510172281;0
32;16;10;5;1;53;1510172938;53;255;1510172947;0
32;16;10;5;1;53;1510173118;53;255;1510173126;0
32;16;10;5;1;53;1510173186;53;255;1510173194;0
32;16;10;5;1;53;1510173216;53;255;1510173225;0
32;16;10;5;1;53;1510173882;53;255;1510173890;0
32;16;10;5;1;53;1510174059;53;255;1510174068;0
32;16;10;5;1;53;1510174129;53;255;1510174137;0
32;16;10;5;1;53;1510174157;53;255;1510174165;0
32;16;10;5;1;53;1510174826;53;255;1510174834;0
32;16;10;5;1;53;1510175002;53;255;1510175011;0
32;16;10;5;1;53;1510175072;53;255;1510175080;0
32;16;10;5;1;53;1510175098;53;255;1510175107;0
32;16;10;5;1;53;1510175769;53;255;1510175778;0
32;16;10;5;1;53;1510175943;53;255;1510175951;0
32;16;10;5;1;53;1510176014;53;255;1510176022;0
32;16;10;5;1;53;1510176039;53;255;1510176047;0
32;16;10;5;1;53;1510176714;53;255;1510176722;0
32;16;10;5;1;53;1510176885;53;255;1510176894;0
32;16;10;5;1;53;1510176955;53;255;1510176964;1
32;16;10;5;1;53;1510176981;53;255;1510176989;0
32;16;10;5;1;53;1510177656;53;255;1510177664;0
32;16;10;5;1;53;1510177827;53;255;1510177836;0
32;16;10;5;1;53;1510177898;53;255;1510177907;0
32;16;10;5;1;53;1510177921;53;255;1510177930;0
32;16;10;5;1;53;1510178599;53;255;1510178608;0
32;16;10;5;1;53;1510178772;53;255;1510178781;0
32;16;10;5;1;53;1510178839;53;255;1510178847;0
32;16;10;5;1;53;1510178864;53;255;1510178872;0
32;16;10;5;1;53;1510179542;53;255;1510179550;0
32;16;10;5;1;53;1510179715;53;255;1510179723;0
32;16;10;5;1;53;1510179779;53;255;1510179787;1
32;16;10;5;1;53;1510179804;53;255;1510179813;0
32;16;10;5;1;53;1510180485;53;255;1510180493;0
32;16;10;5;1;53;1510180657;53;255;1510180665;0
32;16;10;5;1;53;1510180721;53;255;1510180729;0
32;16;10;5;1;53;1510180747;53;255;1510180756;0
32;16;10;5;1;53;1510181429;53;255;1510181438;0
32;16;10;5;1;53;1510181598;53;255;1510181607;0
32;16;10;5;1;53;1510181663;53;255;1510181672;0
32;16;10;5;1;53;1510181690;53;255;1510181699;0
32;16;10;5;1;53;1510182373;53;255;1510182382;0
32;16;10;5;1;53;1510182541;53;255;1510182550;0
32;16;10;5;1;53;1510182606;53;255;1510182614;0
32;16;10;5;1;53;1510182633;53;255;1510182641;0
32;16;10;5;1;53;1510183317;53;255;1510183325;1
32;16;10;5;1;53;1510183482;53;255;1510183491;0
32;16;10;5;1;53;1510183548;53;255;1510183556;0
32;16;10;5;1;53;1510183574;53;255;1510183582;0
32;16;10;5;1;53;1510184260;53;255;1510184268;0
32;16;10;5;1;53;1510184426;53;255;1510184434;0
32;16;10;5;1;53;1510184489;53;255;1510184498;0
32;16;10;5;1;53;1510184516;53;255;1510184524;1
32;16;10;5;1;53;1510185203;53;255;1510185211;0
32;16;10;5;1;53;1510185369;53;255;1510185377;0
32;16;10;5;1;53;1510185433;53;255;1510185442;0
32;16;10;5;1;53;1510185455;53;255;1510185464;1
32;16;10;5;1;53;1510186145;53;255;1510186153;0
32;16;10;5;1;53;1510186313;53;255;1510186321;0
32;16;10;5;1;53;1510186375;53;255;1510186384;0
32;16;10;5;1;53;1510186398;53;255;1510186407;0
32;16;10;5;1;53;1510187087;53;255;1510187096;0
32;16;10;5;1;53;1510187256;53;255;1510187264;0
32;16;10;5;1;53;1510187315;53;255;1510187323;0
32;16;10;5;1;53;1510187339;53;255;1510187347;0
32;16;10;5;1;53;1510188030;53;255;1510188038;1
32;16;10;5;1;53;1510188199;53;255;1510188207;0
32;16;10;5;1;53;1510188258;53;255;1510188266;0
32;16;10;5;1;53;1510188282;53;255;1510188290;0
32;16;10;5;1;53;1510188970;53;255;1510188978;0
32;16;10;5;1;53;1510189142;53;255;1510189150;1
32;16;10;5;1;53;1510189199;53;255;1510189207;0
32;16;10;5;1;53;1510189226;53;255;1510189235;0
32;16;10;5;1;53;1510189910;53;255;1510189919;0
32;16;10;5;1;53;1510190084;53;255;1510190092;0
32;16;10;5;1;53;1510190139;53;255;1510190148;0
32;16;10;5;1;53;1510190170;53;255;1510190178;0
32;16;10;5;1;53;1510190851;53;255;1510190859;0
32;16;10;5;1;53;1510191026;53;255;1510191035;0
32;16;10;5;1;53;1510191079;53;255;1510191087;0
32;16;10;5;1;53;1510191113;53;255;1510191122;0
32;16;10;5;1;53;1510191793;53;255;1510191802;0
32;16;10;5;1;53;1510191971;53;255;1510191979;0
32;16;10;5;1;53;1510192019;53;255;1510192028;0
32;16;10;5;1;53;1510192056;53;255;1510192065;0
32;16;10;5;1;53;1510192737;53;255;1510192745;0
32;16;10;5;1;53;1510192912;53;255;1510192921;0
32;16;10;5;1;53;1510192961;53;255;1510192970;0
32;16;10;5;1;53;1510193000;53;255;1510193009;0
32;16;10;5;1;53;1510193677;53;255;1510193685;1
32;16;10;5;1;53;1510193854;53;255;1510193863;0
32;16;10;5;1;53;1510193903;53;255;1510193912;1
32;16;10;5;1;53;1510193942;53;255;1510193951;0
32;16;10;5;1;53;1510194617;53;255;1510194626;0
32;16;10;5;1;53;1510194797;53;255;1510194805;0
32;16;10;5;1;53;1510194845;53;255;1510194853;0
32;16;10;5;1;53;1510194885;53;255;1510194894;0
32;16;10;5;1;53;1510195561;53;255;1510195569;0
32;16;10;5;1;53;1510195740;53;255;1510195749;1
32;16;10;5;1;53;1510195788;53;255;1510195797;0
32;16;10;5;1;53;1510195826;53;255;1510195834;1
32;16;10;5;1;53;1510196504;53;255;1510196512;0
32;16;10;5;1;53;1510196684;53;255;1510196693;0
32;16;10;5;1;53;1510196731;53;255;1510196740;0
32;16;10;5;1;53;1510196766;53;255;1510196774;0
32;16;10;5;1;53;1510197447;53;255;1510197455;0
32;16;10;5;1;53;1510197625;53;255;1510197634;0
32;16;10;5;1;53;1510197674;53;255;1510197683;1
32;16;10;5;1;53;1510197707;53;255;1510197715;0
32;16;10;5;1;53;1510198388;53;255;1510198396;0
32;16;10;5;1;53;1510198566;53;255;1510198575;0
32;16;10;5;1;53;1510198620;53;255;1510198628;0
32;16;10;5;1;53;1510198649;53;255;1510198657;0
32;16;10;5;1;53;1510199328;53;255;1510199337;0
32;16;10;5;1;53;1510199507;53;255;1510199515;0
32;16;10;5;1;53;1510199565;53;255;1510199574;0
32;16;10;5;1;53;1510199590;53;255;1510199599;0
32;16;10;5;1;53;1510200271;53;255;1510200280;0
32;16;10;5;1;53;1510200448;53;255;1510200457;0
32;16;10;5;1;53;1510200511;53;255;1510200519;1
32;16;10;5;1;53;1510200530;53;255;1510200538;0
32;16;10;5;1;53;1510201212;53;255;1510201221;0
32;16;10;5;1;53;1510201388;53;255;1510201397;0
32;16;10;5;1;53;1510201454;53;255;1510201463;1
32;16;10;5;1;53;1510201470;53;255;1510201479;0
32;16;10;5;1;53;1510202154;53;255;1510202163;0
32;16;10;5;1;53;1510202331;53;255;1510202340;0
32;16;10;5;1;53;1510202397;53;255;1510202406;0
32;16;10;5;1;53;1510202413;53;255;1510202422;0
32;16;10;5;1;53;1510203096;53;255;1510203104;1
32;16;10;5;1;53;1510203276;53;255;1510203285;0
32;16;10;5;1;53;1510203338;53;255;1510203346;1
32;16;10;5;1;53;1510203357;53;255;1510203366;0
32;16;10;5;1;53;1510204037;53;255;1510204045;0
32;16;10;5;1;53;1510204219;53;255;1510204227;0
32;16;10;5;1;53;1510204280;53;255;1510204288;1
32;16;10;5;1;53;1510204302;53;255;1510204310;0
32;16;10;5;1;53;1510204979;53;255;1510204987;0
32;16;10;5;1;53;1510205158;53;255;1510205167;0
32;16;10;5;1;53;1510205223;53;255;1510205231;0
32;16;10;5;1;53;1510205245;53;255;1510205253;1
32;16;10;5;1;53;1510205922;53;255;1510205930;0
32;16;10;5;1;53;1510206101;53;255;1510206109;0
32;16;10;5;1;53;1510206167;53;255;1510206176;0
32;16;10;5;1;53;1510206189;53;255;1510206197;1
32;16;10;5;1;53;1510206864;53;255;1510206872;0
32;16;10;5;1;53;1510207043;53;255;1510207051;0
32;16;10;5;1;53;1510207110;53;255;1510207118;0
32;16;10;5;1;53;1510207131;53;255;1510207140;0
32;16;10;5;1;53;1510207806;53;255;1510207814;0
32;16;10;5;1;53;1510207986;53;255;1510207994;0
32;16;10;5;1;53;1510208053;53;255;1510208061;0
32;16;10;5;1;53;1510208072;53;255;1510208081;0
32;16;10;5;1;53;1510208745;53;255;1510208754;0
32;16;10;5;1;53;1510208929;53;255;1510208937;0
32;16;10;5;1;53;1510208993;53;255;1510209002;0
32;16;10;5;1;53;1510209014;53;255;1510209022;0
32;16;10;5;1;53;1510209688;53;255;1510209696;0
32;16;10;5;1;53;1510209870;53;255;1510209879;0
32;16;10;5;1;53;1510209937;53;255;1510209946;0
32;16;10;5;1;53;1510209956;53;255;1510209965;0
32;16;10;5;1;53;1510210632;53;255;1510210640;1
32;16;10;5;1;53;1510210811;53;255;1510210819;0
32;16;10;5;1;53;1510210879;53;255;1510210888;0
32;16;10;5;1;53;1510210901;53;255;1510210909;0
32;16;10;5;1;53;1510211574;53;255;1510211583;0
32;16;10;5;1;53;1510211753;53;255;1510211761;0
32;16;10;5;1;53;1510211820;53;255;1510211828;1
32;16;10;5;1;53;1510211841;53;255;1510211850;0
32;16;10;5;1;53;1510212516;53;255;1510212525;0
32;16;10;5;1;53;1510212695;53;255;1510212704;0
32;16;10;5;1;53;1510212761;53;255;1510212770;0
32;16;10;5;1;53;1510212784;53;255;1510212792;0
32;16;10;5;1;53;1510213459;53;255;1510213467;0
32;16;10;5;1;53;1510213638;53;255;1510213646;0
32;16;10;5;1;53;1510213704;53;255;1510213713;0
32;16;10;5;1;53;1510213727;53;255;1510213736;0
32;16;10;5;1;53;1510214401;53;255;1510214410;0
32;16;10;5;1;53;1510214581;53;255;1510214589;0
32;16;10;5;1;53;1510214646;53;255;1510214655;0
32;16;10;5;1;53;1510214671;53;255;1510214680;0
32;16;10;5;1;53;1510215343;53;255;1510215352;0
32;16;10;5;1;53;1510215521;53;255;1510215529;0
32;16;10;5;1;53;1510215587;53;255;1510215596;0
32;16;10;5;1;53;1510215614;53;255;1510215623;0
32;16;10;5;1;53;1510216285;53;255;1510216294;0
32;16;10;5;1;53;1510216463;53;255;1510216471;0
32;16;10;5;1;53;1510216529;53;255;1510216537;0
32;16;10;5;1;53;1510216556;53;255;1510216565;0
32;16;10;5;1;53;1510217229;53;255;1510217237;0
32;16;10;5;1;53;1510217404;53;255;1510217413;0
32;16;10;5;1;53;1510217470;53;255;1510217478;0
32;16;10;5;1;53;1510217501;53;255;1510217509;0
32;16;10;5;1;53;1510218171;53;255;1510218179;0
32;16;10;5;1;53;1510218347;53;255;1510218356;0
32;16;10;5;1;53;1510218413;53;255;1510218421;0
32;16;10;5;1;53;1510218443;53;255;1510218452;0
32;16;10;5;1;53;1510219126;53;255;1510219136;0
32;16;10;5;1;53;1510219320;53;255;1510219329;0
32;16;10;5;1;53;1510219375;53;255;1510219383;0
32;16;10;5;1;53;1510219411;53;255;1510219420;0
32;16;10;5;1;53;1510220135;53;255;1510220144;0
32;16;10;5;1;53;1510220331;53;255;1510220341;0
32;16;10;5;1;53;1510220387;53;255;1510220396;0
32;16;10;5;1;53;1510220423;53;255;1510220433;0
32;16;10;5;1;53;1510221136;53;255;1510221144;0
32;16;10;5;1;53;1510221320;53;255;1510221328;0
32;16;10;5;1;53;1510221365;53;255;1510221373;0
32;16;10;5;1;53;1510221419;53;255;1510221428;0
32;16;10;5;1;53;1510222123;53;255;1510222132;1
32;16;10;5;1;53;1510222318;53;255;1510222327;0
32;16;10;5;1;53;1510222369;53;255;1510222378;0
32;16;10;5;1;53;1510222439;53;255;1510222449;0
32;16;10;5;1;53;1510223134;53;255;1510223142;0
32;16;10;5;1;53;1510223330;53;255;1510223339;0
32;16;10;5;1;53;1510223383;53;255;1510223392;1
32;16;10;5;1;53;1510223448;53;255;1510223456;0
32;16;10;5;1;53;1510224148;53;255;1510224156;1
32;16;10;5;1;53;1510224341;53;255;1510224351;0
32;16;10;5;1;53;1510224398;53;255;1510224407;0
32;16;10;5;1;53;1510224456;53;255;1510224465;0
32;16;10;5;1;53;1510225151;53;255;1510225160;0
32;16;10;5;1;53;1510225341;53;255;1510225350;0
32;16;10;5;1;53;1510225399;53;255;1510225407;1
32;16;10;5;1;53;1510225445;53;255;1510225454;0
32;16;10;5;1;53;1510226161;53;255;1510226170;0
32;16;10;5;1;53;1510226354;53;255;1510226362;0
32;16;10;5;1;53;1510226404;53;255;1510226412;0
32;16;10;5;1;53;1510226460;53;255;1510226469;0
32;16;10;5;1;53;1510227175;53;255;1510227185;0
32;16;10;5;1;53;1510253138;53;255;1510253147;0
32;16;10;5;1;53;1510253143;53;255;1510253152;0
32;16;10;5;1;53;1510253150;53;255;1510253160;0
32;16;10;5;1;53;1510253151;53;255;1510253160;0
32;16;10;5;1;53;1510254093;53;255;1510254101;0
32;16;10;5;1;53;1510254095;53;255;1510254103;0
32;16;10;5;1;53;1510254098;53;255;1510254106;0
32;16;10;5;1;53;1510254116;53;255;1510254125;0
32;16;10;5;1;53;1510255027;53;255;1510255035;0
32;16;10;5;1;53;1510255027;53;255;1510255036;0
32;16;10;5;1;53;1510255028;53;255;1510255037;0
32;16;10;5;1;53;1510255051;53;255;1510255059;0
32;16;10;5;1;53;1510255959;53;255;1510255967;1
32;16;10;5;1;53;1510255959;53;255;1510255967;0
32;16;10;5;1;53;1510255963;53;255;1510255972;0
32;16;10;5;1;53;1510255985;53;255;1510255993;1
32;16;10;5;1;53;1510256890;53;255;1510256898;0
32;16;10;5;1;53;1510256892;53;255;1510256900;0
32;16;10;5;1;53;1510256899;53;255;1510256907;0
32;16;10;5;1;53;1510256919;53;255;1510256928;0
32;16;10;5;1;53;1510257820;53;255;1510257829;0
32;16;10;5;1;53;1510257823;53;255;1510257832;0
32;16;10;5;1;53;1510257834;53;255;1510257843;0
32;16;10;5;1;53;1510257855;53;255;1510257863;0
32;16;10;5;1;53;1510258751;53;255;1510258760;0
32;16;10;5;1;53;1510258755;53;255;1510258763;0
32;16;10;5;1;53;1510258770;53;255;1510258778;0
32;16;10;5;1;53;1510258790;53;255;1510258798;0
32;16;10;5;1;53;1510259682;53;255;1510259690;0
32;16;10;5;1;53;1510259687;53;255;1510259695;1
32;16;10;5;1;53;1510259706;53;255;1510259714;0
32;16;10;5;1;53;1510259724;53;255;1510259733;0
32;16;10;5;1;53;1510260613;53;255;1510260621;0
32;16;10;5;1;53;1510260620;53;255;1510260628;0
32;16;10;5;1;53;1510260641;53;255;1510260650;0
32;16;10;5;1;53;1510260659;53;255;1510260668;0
32;16;10;5;1;53;1510261545;53;255;1510261553;1
32;16;10;5;1;53;1510261551;53;255;1510261560;0
32;16;10;5;1;53;1510261577;53;255;1510261586;0
32;16;10;5;1;53;1510261596;53;255;1510261604;0
32;16;10;5;1;53;1510262476;53;255;1510262484;1
32;16;10;5;1;53;1510262483;53;255;1510262491;0
32;16;10;5;1;53;1510262512;53;255;1510262521;1
32;16;10;5;1;53;1510262531;53;255;1510262539;0
32;16;10;5;1;53;1510263407;53;255;1510263415;0
32;16;10;5;1;53;1510263414;53;255;1510263422;0
32;16;10;5;1;53;1510263448;53;255;1510263456;0
32;16;10;5;1;53;1510263466;53;255;1510263475;0
32;16;10;5;1;53;1510264338;53;255;1510264346;0
32;16;10;5;1;53;1510264346;53;255;1510264354;0
32;16;10;5;1;53;1510264384;53;255;1510264393;0
32;16;10;5;1;53;1510264401;53;255;1510264410;0
32;16;10;5;1;53;1510265270;53;255;1510265278;0
32;16;10;5;1;53;1510265277;53;255;1510265286;1
32;16;10;5;1;53;1510265320;53;255;1510265329;0
32;16;10;5;1;53;1510265336;53;255;1510265345;0
32;16;10;5;1;53;1510266201;53;255;1510266209;0
32;16;10;5;1;53;1510266209;53;255;1510266217;0
32;16;10;5;1;53;1510266257;53;255;1510266265;0
32;16;10;5;1;53;1510266272;53;255;1510266280;0
32;16;10;5;1;53;1510267131;53;255;1510267140;0
32;16;10;5;1;53;1510267140;53;255;1510267149;0
32;16;10;5;1;53;1510267193;53;255;1510267201;0
32;16;10;5;1;53;1510267207;53;255;1510267215;1
32;16;10;5;1;53;1510268062;53;255;1510268070;0
32;16;10;5;1;53;1510268072;53;255;1510268080;0
32;16;10;5;1;53;1510268130;53;255;1510268139;0
32;16;10;5;1;53;1510268142;53;255;1510268150;0
32;16;10;5;1;53;1510268993;53;255;1510269002;0
32;16;10;5;1;53;1510269004;53;255;1510269012;0
32;16;10;5;1;53;1510269067;53;255;1510269076;0
32;16;10;5;1;53;1510269076;53;255;1510269085;0
32;16;10;5;1;53;1510269925;53;255;1510269933;0
32;16;10;5;1;53;1510269935;53;255;1510269944;0
32;16;10;5;1;53;1510270005;53;255;1510270014;0
32;16;10;5;1;53;1510270012;53;255;1510270021;1
32;16;10;5;1;53;1510270856;53;255;1510270864;0
32;16;10;5;1;53;1510270868;53;255;1510270877;0
32;16;10;5;1;53;1510270942;53;255;1510270950;0
32;16;10;5;1;53;1510270948;53;255;1510270956;0
32;16;10;5;1;53;1510271787;53;255;1510271795;0
32;16;10;5;1;53;1510271803;53;255;1510271811;0
32;16;10;5;1;53;1510271876;53;255;1510271884;0
32;16;10;5;1;53;1510271883;53;255;1510271892;0
32;16;10;5;1;53;1510272719;53;255;1510272727;0
32;16;10;5;1;53;1510272740;53;255;1510272748;0
32;16;10;5;1;53;1510272807;53;255;1510272816;1
32;16;10;5;1;53;1510272819;53;255;1510272827;0
32;16;10;5;1;53;1510273650;53;255;1510273658;0
32;16;10;5;1;53;1510273676;53;255;1510273685;0
32;16;10;5;1;53;1510273739;53;255;1510273747;0
32;16;10;5;1;53;1510273756;53;255;1510273764;0
32;16;10;5;1;53;1510274581;53;255;1510274589;0
32;16;10;5;1;53;1510274612;53;255;1510274621;0
32;16;10;5;1;53;1510274671;53;255;1510274679;0
32;16;10;5;1;53;1510274691;53;255;1510274700;0
32;16;10;5;1;53;1510275511;53;255;1510275520;0
32;16;10;5;1;53;1510275550;53;255;1510275558;0
32;16;10;5;1;53;1510275604;53;255;1510275612;0
32;16;10;5;1;53;1510275626;53;255;1510275634;1
32;16;10;5;1;53;1510276443;53;255;1510276452;0
32;16;10;5;1;53;1510276486;53;255;1510276495;0
32;16;10;5;1;53;1510276540;53;255;1510276549;0
32;16;10;5;1;53;1510276557;53;255;1510276566;0
32;16;10;5;1;53;1510277375;53;255;1510277383;1
32;16;10;5;1;53;1510277423;53;255;1510277432;1
32;16;10;5;1;53;1510277476;53;255;1510277484;1
32;16;10;5;1;53;1510277489;53;255;1510277497;0
32;16;10;5;1;53;1510278306;53;255;1510278314;0
32;16;10;5;1;53;1510278359;53;255;1510278368;0
32;16;10;5;1;53;1510278412;53;255;1510278420;0
32;16;10;5;1;53;1510278420;53;255;1510278428;0
32;16;10;5;1;53;1510279237;53;255;1510279245;1
32;16;10;5;1;53;1510279296;53;255;1510279305;0
32;16;10;5;1;53;1510279347;53;255;1510279356;0
32;16;10;5;1;53;1510279351;53;255;1510279360;1
32;16;10;5;1;53;1510280168;53;255;1510280176;0
32;16;10;5;1;53;1510280233;53;255;1510280242;1
32;16;10;5;1;53;1510280283;53;255;1510280292;0
32;16;10;5;1;53;1510280283;53;255;1510280292;0
32;16;10;5;1;53;1510281098;53;255;1510281107;1
32;16;10;5;1;53;1510281170;53;255;1510281179;0
32;16;10;5;1;53;1510281214;53;255;1510281223;0
32;16;10;5;1;53;1510281219;53;255;1510281228;0
32;16;10;5;1;53;1510282029;53;255;1510282038;0
32;16;10;5;1;53;1510282110;53;255;1510282119;0
32;16;10;5;1;53;1510282146;53;255;1510282154;0
32;16;10;5;1;53;1510282155;53;255;1510282163;0
32;16;10;5;1;53;1510282960;53;255;1510282969;1
32;16;10;5;1;53;1510283049;53;255;1510283057;0
32;16;10;5;1;53;1510283078;53;255;1510283086;0
32;16;10;5;1;53;1510283090;53;255;1510283099;1
32;16;10;5;1;53;1510283891;53;255;1510283899;0
32;16;10;5;1;53;1510283986;53;255;1510283994;0
32;16;10;5;1;53;1510284009;53;255;1510284017;0
32;16;10;5;1;53;1510284026;53;255;1510284034;0
32;16;10;5;1;53;1510284822;53;255;1510284830;0
32;16;10;5;1;53;1510284924;53;255;1510284932;0
32;16;10;5;1;53;1510284941;53;255;1510284949;0
32;16;10;5;1;53;1510284960;53;255;1510284969;0
32;16;10;5;1;53;1510285753;53;255;1510285761;0
32;16;10;5;1;53;1510285861;53;255;1510285870;0
32;16;10;5;1;53;1510285876;53;255;1510285885;0
32;16;10;5;1;53;1510285892;53;255;1510285900;0
32;16;10;5;1;53;1510286684;53;255;1510286692;0
32;16;10;5;1;53;1510286799;53;255;1510286807;0
32;16;10;5;1;53;1510286813;53;255;1510286822;0
32;16;10;5;1;53;1510286823;53;255;1510286832;0
32;16;10;5;1;53;1510287615;53;255;1510287623;0
32;16;10;5;1;53;1510287736;53;255;1510287744;0
32;16;10;5;1;53;1510287750;53;255;1510287758;0
32;16;10;5;1;53;1510287755;53;255;1510287764;0
32;16;10;5;1;53;1510288546;53;255;1510288555;0
32;16;10;5;1;53;1510288674;53;255;1510288682;0
32;16;10;5;1;53;1510288685;53;255;1510288693;0
32;16;10;5;1;53;1510288687;53;255;1510288695;0
32;16;10;5;1;53;1510289479;53;255;1510289487;0
32;16;10;5;1;53;1510289612;53;255;1510289620;0
32;16;10;5;1;53;1510289618;53;255;1510289626;1
32;16;10;5;1;53;1510289619;53;255;1510289628;0
32;16;10;5;1;53;1510290411;53;255;1510290420;0
32;16;10;5;1;53;1510290550;53;255;1510290558;0
32;16;10;5;1;53;1510290551;53;255;1510290559;0
32;16;10;5;1;53;1510290554;53;255;1510290562;0
32;16;10;5;1;53;1510291343;53;255;1510291352;0
32;16;10;5;1;53;1510291482;53;255;1510291490;0
32;16;10;5;1;53;1510291488;53;255;1510291496;1
32;16;10;5;1;53;1510291489;53;255;1510291498;0
32;16;10;5;1;53;1510292276;53;255;1510292284;0
32;16;10;5;1;53;1510292413;53;255;1510292422;0
32;16;10;5;1;53;1510292424;53;255;1510292432;1
32;16;10;5;1;53;1510292425;53;255;1510292434;0
32;16;10;5;1;53;1510293208;53;255;1510293217;0
32;16;10;5;1;53;1510293345;53;255;1510293353;0
32;16;10;5;1;53;1510293358;53;255;1510293367;0
32;16;10;5;1;53;1510293363;53;255;1510293372;0
32;16;10;5;1;53;1510294141;53;255;1510294149;1
32;16;10;5;1;53;1510294277;53;255;1510294285;0
32;16;10;5;1;53;1510294293;53;255;1510294301;0
32;16;10;5;1;53;1510294302;53;255;1510294311;0
32;16;10;5;1;53;1510295074;53;255;1510295082;0
32;16;10;5;1;53;1510295209;53;255;1510295217;0
32;16;10;5;1;53;1510295227;53;255;1510295235;0
32;16;10;5;1;53;1510295241;53;255;1510295249;0
32;16;10;5;1;53;1510296007;53;255;1510296015;0
32;16;10;5;1;53;1510296141;53;255;1510296149;0
32;16;10;5;1;53;1510296161;53;255;1510296170;0
32;16;10;5;1;53;1510296179;53;255;1510296187;0
32;16;10;5;1;53;1510296940;53;255;1510296948;1
32;16;10;5;1;53;1510297073;53;255;1510297081;0
32;16;10;5;1;53;1510297097;53;255;1510297105;0
32;16;10;5;1;53;1510297116;53;255;1510297125;0
32;16;10;5;1;53;1510297872;53;255;1510297881;0
32;16;10;5;1;53;1510298005;53;255;1510298013;0
32;16;10;5;1;53;1510298032;53;255;1510298040;0
32;16;10;5;1;53;1510298054;53;255;1510298063;0
32;16;10;5;1;53;1510298804;53;255;1510298813;1
32;16;10;5;1;53;1510298936;53;255;1510298945;0
32;16;10;5;1;53;1510298967;53;255;1510298976;0
32;16;10;5;1;53;1510298992;53;255;1510299001;0
32;16;10;5;1;53;1510299737;53;255;1510299745;0
32;16;10;5;1;53;1510299868;53;255;1510299876;0
32;16;10;5;1;53;1510299902;53;255;1510299911;0
32;16;10;5;1;53;1510299931;53;255;1510299939;0
32;16;10;5;1;53;1510300669;53;255;1510300678;0
32;16;10;5;1;53;1510300800;53;255;1510300808;0
32;16;10;5;1;53;1510300838;53;255;1510300846;0
32;16;10;5;1;53;1510300868;53;255;1510300877;0
32;16;10;5;1;53;1510301603;53;255;1510301612;0
32;16;10;5;1;53;1510301732;53;255;1510301740;0
32;16;10;5;1;53;1510301776;53;255;1510301785;0
32;16;10;5;1;53;1510301803;53;255;1510301811;0
32;16;10;5;1;53;1510302536;53;255;1510302544;0
32;16;10;5;1;53;1510302664;53;255;1510302672;0
32;16;10;5;1;53;1510302715;53;255;1510302723;1
32;16;10;5;1;53;1510302740;53;255;1510302749;0
32;16;10;5;1;53;1510303512;53;255;1510303521;0
32;16;10;5;1;53;1510303661;53;255;1510303671;0
32;16;10;5;1;53;1510303707;53;255;1510303715;0
32;16;10;5;1;53;1510303739;53;255;1510303748;0
32;16;10;5;1;53;1510304486;53;255;1510304495;0
32;16;10;5;1;53;1510304625;53;255;1510304634;0
32;16;10;5;1;53;1510304677;53;255;1510304686;0
32;16;10;5;1;53;1510304728;53;255;1510304736;0
32;16;10;5;1;53;1510305457;53;255;1510305465;0
32;16;10;5;1;53;1510305581;53;255;1510305589;0
32;16;10;5;1;53;1510305637;53;255;1510305645;0
32;16;10;5;1;53;1510305694;53;255;1510305703;0
32;16;10;5;1;53;1510306437;53;255;1510306448;0
32;16;10;5;1;53;1510306587;53;255;1510306597;0
32;16;10;5;1;53;1510306640;53;255;1510306650;0
32;16;10;5;1;53;1510306724;53;255;1510306733;1
