32;16;10;5;1;54;1509981847;54;255;1509981856;0
32;16;10;5;1;54;1509981917;54;255;1509981926;0
32;16;10;5;1;54;1509981985;54;255;1509981995;0
32;16;10;5;1;54;1509982095;54;255;1509982104;0
32;16;10;5;1;54;1509982839;54;255;1509982847;0
32;16;10;5;1;54;1509982896;54;255;1509982905;0
32;16;10;5;1;54;1509982964;54;255;1509982973;0
32;16;10;5;1;54;1509983070;54;255;1509983079;0
32;16;10;5;1;54;1509983781;54;255;1509983790;0
32;16;10;5;1;54;1509983840;54;255;1509983848;0
32;16;10;5;1;54;1509983908;54;255;1509983917;1
32;16;10;5;1;54;1509984019;54;255;1509984028;0
32;16;10;5;1;54;1509984725;54;255;1509984733;0
32;16;10;5;1;54;1509984781;54;255;1509984789;0
32;16;10;5;1;54;1509984850;54;255;1509984858;0
32;16;10;5;1;54;1509984958;54;255;1509984967;0
32;16;10;5;1;54;1509985665;54;255;1509985673;0
32;16;10;5;1;54;1509985721;54;255;1509985730;0
32;16;10;5;1;54;1509985793;54;255;1509985802;0
32;16;10;5;1;54;1509985900;54;255;1509985908;0
32;16;10;5;1;54;1509986606;54;255;1509986614;1
32;16;10;5;1;54;1509986664;54;255;1509986672;0
32;16;10;5;1;54;1509986733;54;255;1509986741;0
32;16;10;5;1;54;1509986844;54;255;1509986852;1
32;16;10;5;1;54;1509987546;54;255;1509987555;0
32;16;10;5;1;54;1509987608;54;255;1509987617;0
32;16;10;5;1;54;1509987672;54;255;1509987680;0
32;16;10;5;1;54;1509987786;54;255;1509987794;1
32;16;10;5;1;54;1509988489;54;255;1509988497;0
32;16;10;5;1;54;1509988550;54;255;1509988558;0
32;16;10;5;1;54;1509988612;54;255;1509988621;0
32;16;10;5;1;54;1509988728;54;255;1509988737;0
32;16;10;5;1;54;1509989430;54;255;1509989438;0
32;16;10;5;1;54;1509989492;54;255;1509989500;0
32;16;10;5;1;54;1509989557;54;255;1509989566;0
32;16;10;5;1;54;1509989670;54;255;1509989678;0
32;16;10;5;1;54;1509990371;54;255;1509990379;0
32;16;10;5;1;54;1509990436;54;255;1509990444;0
32;16;10;5;1;54;1509990497;54;255;1509990505;0
32;16;10;5;1;54;1509990611;54;255;1509990620;0
32;16;10;5;1;54;1509991314;54;255;1509991322;0
32;16;10;5;1;54;1509991374;54;255;1509991382;0
32;16;10;5;1;54;1509991437;54;255;1509991446;0
32;16;10;5;1;54;1509991554;54;255;1509991562;0
32;16;10;5;1;54;1509992256;54;255;1509992264;0
32;16;10;5;1;54;1509992316;54;255;1509992325;0
32;16;10;5;1;54;1509992377;54;255;1509992385;0
32;16;10;5;1;54;1509992495;54;255;1509992504;0
32;16;10;5;1;54;1509993199;54;255;1509993207;0
32;16;10;5;1;54;1509993258;54;255;1509993266;0
32;16;10;5;1;54;1509993318;54;255;1509993327;0
32;16;10;5;1;54;1509993437;54;255;1509993446;0
32;16;10;5;1;54;1509994139;54;255;1509994147;0
32;16;10;5;1;54;1509994199;54;255;1509994207;0
32;16;10;5;1;54;1509994260;54;255;1509994268;0
32;16;10;5;1;54;1509994379;54;255;1509994388;1
32;16;10;5;1;54;1509995081;54;255;1509995090;0
32;16;10;5;1;54;1509995139;54;255;1509995148;1
32;16;10;5;1;54;1509995201;54;255;1509995210;1
32;16;10;5;1;54;1509995320;54;255;1509995329;0
32;16;10;5;1;54;1509996028;54;255;1509996037;0
32;16;10;5;1;54;1509996082;54;255;1509996091;0
32;16;10;5;1;54;1509996158;54;255;1509996167;0
32;16;10;5;1;54;1509996261;54;255;1509996269;0
32;16;10;5;1;54;1509996970;54;255;1509996979;0
32;16;10;5;1;54;1509997023;54;255;1509997031;0
32;16;10;5;1;54;1509997100;54;255;1509997108;0
32;16;10;5;1;54;1509997203;54;255;1509997211;0
32;16;10;5;1;54;1509997911;54;255;1509997920;0
32;16;10;5;1;54;1509997968;54;255;1509997976;0
32;16;10;5;1;54;1509998042;54;255;1509998050;0
32;16;10;5;1;54;1509998144;54;255;1509998152;0
32;16;10;5;1;54;1509998853;54;255;1509998862;0
32;16;10;5;1;54;1509998907;54;255;1509998916;0
32;16;10;5;1;54;1509998981;54;255;1509998990;0
32;16;10;5;1;54;1509999085;54;255;1509999093;0
32;16;10;5;1;54;1509999797;54;255;1509999805;0
32;16;10;5;1;54;1509999850;54;255;1509999858;0
32;16;10;5;1;54;1509999921;54;255;1509999930;0
32;16;10;5;1;54;1510000025;54;255;1510000033;0
32;16;10;5;1;54;1510000740;54;255;1510000748;0
32;16;10;5;1;54;1510000793;54;255;1510000801;0
32;16;10;5;1;54;1510000862;54;255;1510000870;1
32;16;10;5;1;54;1510000964;54;255;1510000972;0
32;16;10;5;1;54;1510001681;54;255;1510001689;0
32;16;10;5;1;54;1510001738;54;255;1510001746;0
32;16;10;5;1;54;1510001801;54;255;1510001810;0
32;16;10;5;1;54;1510001905;54;255;1510001913;0
32;16;10;5;1;54;1510002621;54;255;1510002629;0
32;16;10;5;1;54;1510002683;54;255;1510002691;0
32;16;10;5;1;54;1510002744;54;255;1510002753;0
32;16;10;5;1;54;1510002845;54;255;1510002853;0
32;16;10;5;1;54;1510003563;54;255;1510003572;0
32;16;10;5;1;54;1510003622;54;255;1510003631;0
32;16;10;5;1;54;1510003686;54;255;1510003695;0
32;16;10;5;1;54;1510003788;54;255;1510003797;0
32;16;10;5;1;54;1510004503;54;255;1510004511;0
32;16;10;5;1;54;1510004562;54;255;1510004571;1
32;16;10;5;1;54;1510004631;54;255;1510004640;0
32;16;10;5;1;54;1510004729;54;255;1510004738;0
32;16;10;5;1;54;1510005445;54;255;1510005454;0
32;16;10;5;1;54;1510005504;54;255;1510005513;0
32;16;10;5;1;54;1510005572;54;255;1510005580;0
32;16;10;5;1;54;1510005670;54;255;1510005679;0
32;16;10;5;1;54;1510006384;54;255;1510006393;0
32;16;10;5;1;54;1510006443;54;255;1510006452;0
32;16;10;5;1;54;1510006517;54;255;1510006526;0
32;16;10;5;1;54;1510006611;54;255;1510006620;0
32;16;10;5;1;54;1510007324;54;255;1510007333;0
32;16;10;5;1;54;1510007383;54;255;1510007392;0
32;16;10;5;1;54;1510007463;54;255;1510007471;0
32;16;10;5;1;54;1510007551;54;255;1510007560;0
32;16;10;5;1;54;1510008265;54;255;1510008274;0
32;16;10;5;1;54;1510008323;54;255;1510008331;0
32;16;10;5;1;54;1510008402;54;255;1510008411;0
32;16;10;5;1;54;1510008495;54;255;1510008504;0
32;16;10;5;1;54;1510009208;54;255;1510009216;0
32;16;10;5;1;54;1510009265;54;255;1510009273;0
32;16;10;5;1;54;1510009344;54;255;1510009353;0
32;16;10;5;1;54;1510009437;54;255;1510009446;0
32;16;10;5;1;54;1510010148;54;255;1510010157;0
32;16;10;5;1;54;1510010205;54;255;1510010214;0
32;16;10;5;1;54;1510010285;54;255;1510010293;1
32;16;10;5;1;54;1510010381;54;255;1510010389;0
32;16;10;5;1;54;1510011089;54;255;1510011097;1
32;16;10;5;1;54;1510011148;54;255;1510011156;0
32;16;10;5;1;54;1510011226;54;255;1510011235;0
32;16;10;5;1;54;1510011322;54;255;1510011331;0
32;16;10;5;1;54;1510012028;54;255;1510012037;0
32;16;10;5;1;54;1510012092;54;255;1510012100;0
32;16;10;5;1;54;1510012169;54;255;1510012178;1
32;16;10;5;1;54;1510012261;54;255;1510012270;0
32;16;10;5;1;54;1510012972;54;255;1510012980;0
32;16;10;5;1;54;1510013034;54;255;1510013042;0
32;16;10;5;1;54;1510013109;54;255;1510013118;0
32;16;10;5;1;54;1510013204;54;255;1510013213;0
32;16;10;5;1;54;1510013913;54;255;1510013921;0
32;16;10;5;1;54;1510013978;54;255;1510013986;0
32;16;10;5;1;54;1510014050;54;255;1510014058;1
32;16;10;5;1;54;1510014146;54;255;1510014155;0
32;16;10;5;1;54;1510014856;54;255;1510014864;0
32;16;10;5;1;54;1510014918;54;255;1510014927;0
32;16;10;5;1;54;1510014990;54;255;1510014999;0
32;16;10;5;1;54;1510015087;54;255;1510015096;0
32;16;10;5;1;54;1510015797;54;255;1510015805;0
32;16;10;5;1;54;1510015859;54;255;1510015868;0
32;16;10;5;1;54;1510015932;54;255;1510015940;0
32;16;10;5;1;54;1510016028;54;255;1510016037;0
32;16;10;5;1;54;1510016737;54;255;1510016745;0
32;16;10;5;1;54;1510016802;54;255;1510016811;0
32;16;10;5;1;54;1510016872;54;255;1510016881;0
32;16;10;5;1;54;1510016970;54;255;1510016978;0
32;16;10;5;1;54;1510017679;54;255;1510017687;0
32;16;10;5;1;54;1510017745;54;255;1510017754;0
32;16;10;5;1;54;1510017814;54;255;1510017822;0
32;16;10;5;1;54;1510017911;54;255;1510017919;0
32;16;10;5;1;54;1510018619;54;255;1510018627;0
32;16;10;5;1;54;1510018689;54;255;1510018697;0
32;16;10;5;1;54;1510018755;54;255;1510018763;1
32;16;10;5;1;54;1510018853;54;255;1510018861;0
32;16;10;5;1;54;1510019562;54;255;1510019570;0
32;16;10;5;1;54;1510019631;54;255;1510019640;0
32;16;10;5;1;54;1510019695;54;255;1510019703;1
32;16;10;5;1;54;1510019794;54;255;1510019802;0
32;16;10;5;1;54;1510020502;54;255;1510020510;0
32;16;10;5;1;54;1510020575;54;255;1510020583;0
32;16;10;5;1;54;1510020636;54;255;1510020644;0
32;16;10;5;1;54;1510020733;54;255;1510020742;0
32;16;10;5;1;54;1510021442;54;255;1510021450;0
32;16;10;5;1;54;1510021515;54;255;1510021524;1
32;16;10;5;1;54;1510021577;54;255;1510021586;0
32;16;10;5;1;54;1510021677;54;255;1510021685;1
32;16;10;5;1;54;1510022383;54;255;1510022391;0
32;16;10;5;1;54;1510022457;54;255;1510022465;0
32;16;10;5;1;54;1510022519;54;255;1510022527;0
32;16;10;5;1;54;1510022617;54;255;1510022626;0
32;16;10;5;1;54;1510023325;54;255;1510023333;0
32;16;10;5;1;54;1510023397;54;255;1510023405;0
32;16;10;5;1;54;1510023464;54;255;1510023472;0
32;16;10;5;1;54;1510023558;54;255;1510023566;0
32;16;10;5;1;54;1510024267;54;255;1510024275;0
32;16;10;5;1;54;1510024338;54;255;1510024346;0
32;16;10;5;1;54;1510024405;54;255;1510024413;0
32;16;10;5;1;54;1510024499;54;255;1510024508;0
32;16;10;5;1;54;1510025211;54;255;1510025220;0
32;16;10;5;1;54;1510025278;54;255;1510025286;0
32;16;10;5;1;54;1510025348;54;255;1510025356;0
32;16;10;5;1;54;1510025439;54;255;1510025447;0
32;16;10;5;1;54;1510026154;54;255;1510026162;0
32;16;10;5;1;54;1510026219;54;255;1510026227;0
32;16;10;5;1;54;1510026288;54;255;1510026297;0
32;16;10;5;1;54;1510026380;54;255;1510026389;0
32;16;10;5;1;54;1510027094;54;255;1510027102;0
32;16;10;5;1;54;1510027159;54;255;1510027168;0
32;16;10;5;1;54;1510027232;54;255;1510027240;0
32;16;10;5;1;54;1510027321;54;255;1510027330;0
32;16;10;5;1;54;1510028036;54;255;1510028045;0
32;16;10;5;1;54;1510028101;54;255;1510028110;0
32;16;10;5;1;54;1510028172;54;255;1510028181;1
32;16;10;5;1;54;1510028260;54;255;1510028269;0
32;16;10;5;1;54;1510028978;54;255;1510028986;0
32;16;10;5;1;54;1510029045;54;255;1510029053;0
32;16;10;5;1;54;1510029114;54;255;1510029123;1
32;16;10;5;1;54;1510029201;54;255;1510029209;1
32;16;10;5;1;54;1510029919;54;255;1510029927;0
32;16;10;5;1;54;1510029987;54;255;1510029995;0
32;16;10;5;1;54;1510030057;54;255;1510030065;0
32;16;10;5;1;54;1510030141;54;255;1510030149;1
32;16;10;5;1;54;1510030861;54;255;1510030870;0
32;16;10;5;1;54;1510030928;54;255;1510030936;0
32;16;10;5;1;54;1510031001;54;255;1510031010;0
32;16;10;5;1;54;1510031082;54;255;1510031091;0
32;16;10;5;1;54;1510031802;54;255;1510031811;0
32;16;10;5;1;54;1510031868;54;255;1510031877;0
32;16;10;5;1;54;1510031944;54;255;1510031952;0
32;16;10;5;1;54;1510032024;54;255;1510032032;0
32;16;10;5;1;54;1510032741;54;255;1510032750;0
32;16;10;5;1;54;1510032810;54;255;1510032818;0
32;16;10;5;1;54;1510032886;54;255;1510032895;0
32;16;10;5;1;54;1510032966;54;255;1510032974;0
32;16;10;5;1;54;1510033685;54;255;1510033694;0
32;16;10;5;1;54;1510033750;54;255;1510033759;1
32;16;10;5;1;54;1510033827;54;255;1510033835;0
32;16;10;5;1;54;1510033907;54;255;1510033915;0
32;16;10;5;1;54;1510034627;54;255;1510034635;0
32;16;10;5;1;54;1510034692;54;255;1510034701;0
32;16;10;5;1;54;1510034768;54;255;1510034777;0
32;16;10;5;1;54;1510034848;54;255;1510034856;1
32;16;10;5;1;54;1510035568;54;255;1510035577;1
32;16;10;5;1;54;1510035634;54;255;1510035643;1
32;16;10;5;1;54;1510035709;54;255;1510035718;0
32;16;10;5;1;54;1510035788;54;255;1510035796;0
32;16;10;5;1;54;1510036510;54;255;1510036518;0
32;16;10;5;1;54;1510036577;54;255;1510036586;0
32;16;10;5;1;54;1510036651;54;255;1510036659;0
32;16;10;5;1;54;1510036728;54;255;1510036736;0
32;16;10;5;1;54;1510037453;54;255;1510037462;0
32;16;10;5;1;54;1510037518;54;255;1510037527;0
32;16;10;5;1;54;1510037591;54;255;1510037600;0
32;16;10;5;1;54;1510037668;54;255;1510037676;1
32;16;10;5;1;54;1510038393;54;255;1510038401;0
32;16;10;5;1;54;1510038462;54;255;1510038470;0
32;16;10;5;1;54;1510038531;54;255;1510038540;0
32;16;10;5;1;54;1510038610;54;255;1510038618;0
32;16;10;5;1;54;1510039335;54;255;1510039344;0
32;16;10;5;1;54;1510039403;54;255;1510039411;0
32;16;10;5;1;54;1510039476;54;255;1510039484;0
32;16;10;5;1;54;1510039550;54;255;1510039558;0
32;16;10;5;1;54;1510040276;54;255;1510040285;0
32;16;10;5;1;54;1510040343;54;255;1510040352;0
32;16;10;5;1;54;1510040418;54;255;1510040426;0
32;16;10;5;1;54;1510040490;54;255;1510040499;0
32;16;10;5;1;54;1510041217;54;255;1510041225;0
32;16;10;5;1;54;1510041286;54;255;1510041294;0
32;16;10;5;1;54;1510041361;54;255;1510041369;0
32;16;10;5;1;54;1510041431;54;255;1510041439;0
32;16;10;5;1;54;1510042160;54;255;1510042169;0
32;16;10;5;1;54;1510042227;54;255;1510042235;0
32;16;10;5;1;54;1510042303;54;255;1510042312;0
32;16;10;5;1;54;1510042373;54;255;1510042382;0
32;16;10;5;1;54;1510043100;54;255;1510043108;0
32;16;10;5;1;54;1510043170;54;255;1510043178;0
32;16;10;5;1;54;1510043243;54;255;1510043252;1
32;16;10;5;1;54;1510043315;54;255;1510043323;0
32;16;10;5;1;54;1510044040;54;255;1510044049;0
32;16;10;5;1;54;1510044113;54;255;1510044122;1
32;16;10;5;1;54;1510044184;54;255;1510044193;0
32;16;10;5;1;54;1510044257;54;255;1510044265;0
32;16;10;5;1;54;1510045006;54;255;1510045016;1
32;16;10;5;1;54;1510045075;54;255;1510045084;1
32;16;10;5;1;54;1510045154;54;255;1510045163;1
32;16;10;5;1;54;1510045237;54;255;1510045248;0
32;16;10;5;1;54;1510046020;54;255;1510046029;0
32;16;10;5;1;54;1510046095;54;255;1510046105;0
32;16;10;5;1;54;1510046173;54;255;1510046182;0
32;16;10;5;1;54;1510046246;54;255;1510046257;0
32;16;10;5;1;54;1510047006;54;255;1510047014;0
32;16;10;5;1;54;1510047018;54;255;1510047027;0
32;16;10;5;1;54;1510047026;54;255;1510047035;0
32;16;10;5;1;54;1510047027;54;255;1510047036;0
32;16;10;5;1;54;1510047989;54;255;1510047998;0
32;16;10;5;1;54;1510048005;54;255;1510048014;0
32;16;10;5;1;54;1510048007;54;255;1510048016;0
32;16;10;5;1;54;1510048012;54;255;1510048021;0
32;16;10;5;1;54;1510048952;54;255;1510048960;0
32;16;10;5;1;54;1510048960;54;255;1510048969;0
32;16;10;5;1;54;1510048966;54;255;1510048975;0
32;16;10;5;1;54;1510048978;54;255;1510048987;0
32;16;10;5;1;54;1510049983;54;255;1510049992;0
32;16;10;5;1;54;1510049989;54;255;1510049998;0
32;16;10;5;1;54;1510050006;54;255;1510050015;0
32;16;10;5;1;54;1510050941;54;255;1510050950;0
32;16;10;5;1;54;1510050947;54;255;1510050955;0
32;16;10;5;1;54;1510050963;54;255;1510050972;0
32;16;10;5;1;54;1510051899;54;255;1510051907;0
32;16;10;5;1;54;1510051905;54;255;1510051913;0
32;16;10;5;1;54;1510051923;54;255;1510051931;0
32;16;10;5;1;54;1510052856;54;255;1510052864;0
32;16;10;5;1;54;1510052863;54;255;1510052871;0
32;16;10;5;1;54;1510052880;54;255;1510052889;1
32;16;10;5;1;54;1510053814;54;255;1510053822;0
32;16;10;5;1;54;1510053820;54;255;1510053828;0
32;16;10;5;1;54;1510053839;54;255;1510053847;1
32;16;10;5;1;54;1510054771;54;255;1510054780;0
32;16;10;5;1;54;1510054781;54;255;1510054790;0
32;16;10;5;1;54;1510054800;54;255;1510054808;0
32;16;10;5;1;54;1510055741;54;255;1510055749;0
32;16;10;5;1;54;1510055751;54;255;1510055760;0
32;16;10;5;1;54;1510055771;54;255;1510055779;0
32;16;10;5;1;54;1510056695;54;255;1510056703;1
32;16;10;5;1;54;1510056717;54;255;1510056726;0
32;16;10;5;1;54;1510056744;54;255;1510056752;0
32;16;10;5;1;54;1510057647;54;255;1510057656;0
32;16;10;5;1;54;1510057668;54;255;1510057677;0
32;16;10;5;1;54;1510057696;54;255;1510057704;0
32;16;10;5;1;54;1510058587;54;255;1510058596;1
32;16;10;5;1;54;1510058609;54;255;1510058618;0
32;16;10;5;1;54;1510058636;54;255;1510058644;0
32;16;10;5;1;54;1510059529;54;255;1510059537;0
32;16;10;5;1;54;1510059549;54;255;1510059558;0
32;16;10;5;1;54;1510059577;54;255;1510059586;0
32;16;10;5;1;54;1510060480;54;255;1510060489;0
32;16;10;5;1;54;1510060501;54;255;1510060510;0
32;16;10;5;1;54;1510060531;54;255;1510060540;0
32;16;10;5;1;54;1510061440;54;255;1510061449;0
32;16;10;5;1;54;1510061457;54;255;1510061466;0
32;16;10;5;1;54;1510061492;54;255;1510061501;0
32;16;10;5;1;54;1510062438;54;255;1510062446;0
32;16;10;5;1;54;1510062442;54;255;1510062451;0
32;16;10;5;1;54;1510062486;54;255;1510062494;0
32;16;10;5;1;54;1510063391;54;255;1510063399;0
32;16;10;5;1;54;1510063396;54;255;1510063404;0
32;16;10;5;1;54;1510063440;54;255;1510063449;0
32;16;10;5;1;54;1510064352;54;255;1510064361;0
32;16;10;5;1;54;1510064355;54;255;1510064364;0
32;16;10;5;1;54;1510064403;54;255;1510064412;1
32;16;10;5;1;54;1510065321;54;255;1510065329;0
32;16;10;5;1;54;1510065321;54;255;1510065330;0
32;16;10;5;1;54;1510065371;54;255;1510065380;1
32;16;10;5;1;54;1510066278;54;255;1510066287;0
32;16;10;5;1;54;1510066280;54;255;1510066289;0
32;16;10;5;1;54;1510066331;54;255;1510066340;0
32;16;10;5;1;54;1510067240;54;255;1510067249;0
32;16;10;5;1;54;1510067243;54;255;1510067252;0
32;16;10;5;1;54;1510067296;54;255;1510067306;0
32;16;10;5;1;54;1510068196;54;255;1510068205;0
32;16;10;5;1;54;1510068200;54;255;1510068208;0
32;16;10;5;1;54;1510068253;54;255;1510068261;0
32;16;10;5;1;54;1510069146;54;255;1510069155;0
32;16;10;5;1;54;1510069151;54;255;1510069160;0
32;16;10;5;1;54;1510069203;54;255;1510069211;0
32;16;10;5;1;54;1510070111;54;255;1510070119;0
32;16;10;5;1;54;1510070127;54;255;1510070135;0
32;16;10;5;1;54;1510070172;54;255;1510070181;0
32;16;10;5;1;54;1510071076;54;255;1510071085;0
32;16;10;5;1;54;1510071087;54;255;1510071095;0
32;16;10;5;1;54;1510071136;54;255;1510071145;1
32;16;10;5;1;54;1510072050;54;255;1510072059;0
32;16;10;5;1;54;1510072056;54;255;1510072064;0
32;16;10;5;1;54;1510072097;54;255;1510072105;0
32;16;10;5;1;54;1510072995;54;255;1510073004;0
32;16;10;5;1;54;1510073001;54;255;1510073010;0
32;16;10;5;1;54;1510073042;54;255;1510073050;0
32;16;10;5;1;54;1510073939;54;255;1510073947;0
32;16;10;5;1;54;1510073944;54;255;1510073953;0
32;16;10;5;1;54;1510073985;54;255;1510073994;0
32;16;10;5;1;54;1510074882;54;255;1510074890;0
32;16;10;5;1;54;1510074887;54;255;1510074896;0
32;16;10;5;1;54;1510074928;54;255;1510074937;0
32;16;10;5;1;54;1510075692;54;255;1510075701;0
32;16;10;5;1;54;1510075859;54;255;1510075868;0
32;16;10;5;1;54;1510075870;54;255;1510075879;0
32;16;10;5;1;54;1510075909;54;255;1510075917;0
32;16;10;5;1;54;1510076635;54;255;1510076643;0
32;16;10;5;1;54;1510076805;54;255;1510076814;0
32;16;10;5;1;54;1510076811;54;255;1510076819;0
32;16;10;5;1;54;1510076851;54;255;1510076860;0
32;16;10;5;1;54;1510077574;54;255;1510077583;0
32;16;10;5;1;54;1510077744;54;255;1510077753;0
32;16;10;5;1;54;1510077752;54;255;1510077760;0
32;16;10;5;1;54;1510077792;54;255;1510077800;0
32;16;10;5;1;54;1510078513;54;255;1510078521;0
32;16;10;5;1;54;1510078684;54;255;1510078692;0
32;16;10;5;1;54;1510078692;54;255;1510078700;0
32;16;10;5;1;54;1510078732;54;255;1510078740;0
32;16;10;5;1;54;1510079453;54;255;1510079462;0
32;16;10;5;1;54;1510079623;54;255;1510079631;0
32;16;10;5;1;54;1510079631;54;255;1510079639;0
32;16;10;5;1;54;1510079672;54;255;1510079680;0
32;16;10;5;1;54;1510080394;54;255;1510080402;0
32;16;10;5;1;54;1510080563;54;255;1510080572;0
32;16;10;5;1;54;1510080570;54;255;1510080578;0
32;16;10;5;1;54;1510080613;54;255;1510080621;0
32;16;10;5;1;54;1510081334;54;255;1510081343;0
32;16;10;5;1;54;1510081502;54;255;1510081511;0
32;16;10;5;1;54;1510081509;54;255;1510081517;1
32;16;10;5;1;54;1510081553;54;255;1510081562;0
32;16;10;5;1;54;1510082273;54;255;1510082282;0
32;16;10;5;1;54;1510082442;54;255;1510082451;0
32;16;10;5;1;54;1510082449;54;255;1510082457;0
32;16;10;5;1;54;1510082494;54;255;1510082502;0
32;16;10;5;1;54;1510083211;54;255;1510083220;0
32;16;10;5;1;54;1510083382;54;255;1510083391;0
32;16;10;5;1;54;1510083391;54;255;1510083400;0
32;16;10;5;1;54;1510083433;54;255;1510083442;1
32;16;10;5;1;54;1510084151;54;255;1510084160;0
32;16;10;5;1;54;1510084321;54;255;1510084329;0
32;16;10;5;1;54;1510084333;54;255;1510084341;0
32;16;10;5;1;54;1510084373;54;255;1510084382;0
32;16;10;5;1;54;1510085090;54;255;1510085098;0
32;16;10;5;1;54;1510085262;54;255;1510085270;1
32;16;10;5;1;54;1510085274;54;255;1510085283;0
32;16;10;5;1;54;1510085313;54;255;1510085321;0
32;16;10;5;1;54;1510086028;54;255;1510086037;0
32;16;10;5;1;54;1510086203;54;255;1510086212;0
32;16;10;5;1;54;1510086216;54;255;1510086224;0
32;16;10;5;1;54;1510086253;54;255;1510086261;0
32;16;10;5;1;54;1510086968;54;255;1510086977;0
32;16;10;5;1;54;1510087144;54;255;1510087152;0
32;16;10;5;1;54;1510087156;54;255;1510087165;0
32;16;10;5;1;54;1510087192;54;255;1510087201;0
32;16;10;5;1;54;1510087908;54;255;1510087916;0
32;16;10;5;1;54;1510088083;54;255;1510088092;1
32;16;10;5;1;54;1510088096;54;255;1510088105;0
32;16;10;5;1;54;1510088131;54;255;1510088140;0
32;16;10;5;1;54;1510088848;54;255;1510088856;0
32;16;10;5;1;54;1510089024;54;255;1510089033;1
32;16;10;5;1;54;1510089036;54;255;1510089045;1
32;16;10;5;1;54;1510089070;54;255;1510089079;0
32;16;10;5;1;54;1510089786;54;255;1510089795;0
32;16;10;5;1;54;1510089963;54;255;1510089972;1
32;16;10;5;1;54;1510089977;54;255;1510089985;0
32;16;10;5;1;54;1510090013;54;255;1510090022;1
32;16;10;5;1;54;1510090725;54;255;1510090733;0
32;16;10;5;1;54;1510090903;54;255;1510090912;0
32;16;10;5;1;54;1510090917;54;255;1510090925;0
32;16;10;5;1;54;1510090956;54;255;1510090964;0
32;16;10;5;1;54;1510091665;54;255;1510091674;0
32;16;10;5;1;54;1510091843;54;255;1510091851;0
32;16;10;5;1;54;1510091858;54;255;1510091866;0
32;16;10;5;1;54;1510091896;54;255;1510091905;0
32;16;10;5;1;54;1510092604;54;255;1510092613;0
32;16;10;5;1;54;1510092783;54;255;1510092792;0
32;16;10;5;1;54;1510092798;54;255;1510092806;0
32;16;10;5;1;54;1510092836;54;255;1510092845;1
32;16;10;5;1;54;1510093544;54;255;1510093552;0
32;16;10;5;1;54;1510093722;54;255;1510093731;1
32;16;10;5;1;54;1510093738;54;255;1510093747;0
32;16;10;5;1;54;1510093778;54;255;1510093787;0
32;16;10;5;1;54;1510094484;54;255;1510094493;0
32;16;10;5;1;54;1510094661;54;255;1510094670;0
32;16;10;5;1;54;1510094677;54;255;1510094686;0
32;16;10;5;1;54;1510094719;54;255;1510094728;0
32;16;10;5;1;54;1510095426;54;255;1510095435;1
32;16;10;5;1;54;1510095601;54;255;1510095609;0
32;16;10;5;1;54;1510095616;54;255;1510095624;0
32;16;10;5;1;54;1510095659;54;255;1510095668;1
32;16;10;5;1;54;1510096369;54;255;1510096378;0
32;16;10;5;1;54;1510096540;54;255;1510096548;1
32;16;10;5;1;54;1510096555;54;255;1510096563;0
32;16;10;5;1;54;1510096599;54;255;1510096608;0
32;16;10;5;1;54;1510097309;54;255;1510097318;0
32;16;10;5;1;54;1510097480;54;255;1510097489;0
32;16;10;5;1;54;1510097494;54;255;1510097502;0
32;16;10;5;1;54;1510097541;54;255;1510097550;0
32;16;10;5;1;54;1510098249;54;255;1510098257;0
32;16;10;5;1;54;1510098422;54;255;1510098431;1
32;16;10;5;1;54;1510098432;54;255;1510098441;1
32;16;10;5;1;54;1510098480;54;255;1510098489;0
32;16;10;5;1;54;1510099188;54;255;1510099197;0
32;16;10;5;1;54;1510099363;54;255;1510099372;0
32;16;10;5;1;54;1510099370;54;255;1510099379;0
32;16;10;5;1;54;1510099422;54;255;1510099430;0
32;16;10;5;1;54;1510100130;54;255;1510100139;1
32;16;10;5;1;54;1510100304;54;255;1510100313;1
32;16;10;5;1;54;1510100309;54;255;1510100317;0
32;16;10;5;1;54;1510100361;54;255;1510100370;1
32;16;10;5;1;54;1510101070;54;255;1510101079;0
32;16;10;5;1;54;1510101243;54;255;1510101252;0
32;16;10;5;1;54;1510101250;54;255;1510101259;1
32;16;10;5;1;54;1510101301;54;255;1510101309;0
32;16;10;5;1;54;1510102010;54;255;1510102019;0
32;16;10;5;1;54;1510102181;54;255;1510102190;0
32;16;10;5;1;54;1510102190;54;255;1510102199;0
32;16;10;5;1;54;1510102243;54;255;1510102252;0
32;16;10;5;1;54;1510102949;54;255;1510102957;0
32;16;10;5;1;54;1510103122;54;255;1510103130;0
32;16;10;5;1;54;1510103130;54;255;1510103138;1
32;16;10;5;1;54;1510103184;54;255;1510103192;0
32;16;10;5;1;54;1510103887;54;255;1510103896;0
32;16;10;5;1;54;1510104061;54;255;1510104069;0
32;16;10;5;1;54;1510104071;54;255;1510104080;0
32;16;10;5;1;54;1510104124;54;255;1510104133;0
32;16;10;5;1;54;1510104826;54;255;1510104834;0
32;16;10;5;1;54;1510104999;54;255;1510105008;0
32;16;10;5;1;54;1510105012;54;255;1510105021;0
32;16;10;5;1;54;1510105064;54;255;1510105072;0
32;16;10;5;1;54;1510105768;54;255;1510105776;0
32;16;10;5;1;54;1510105939;54;255;1510105947;0
32;16;10;5;1;54;1510105951;54;255;1510105960;0
32;16;10;5;1;54;1510106003;54;255;1510106011;0
32;16;10;5;1;54;1510106707;54;255;1510106715;0
32;16;10;5;1;54;1510106882;54;255;1510106890;0
32;16;10;5;1;54;1510106892;54;255;1510106900;0
32;16;10;5;1;54;1510106943;54;255;1510106952;1
32;16;10;5;1;54;1510107645;54;255;1510107654;0
32;16;10;5;1;54;1510107824;54;255;1510107833;0
32;16;10;5;1;54;1510107830;54;255;1510107838;0
32;16;10;5;1;54;1510107885;54;255;1510107893;0
32;16;10;5;1;54;1510108585;54;255;1510108593;0
32;16;10;5;1;54;1510108764;54;255;1510108773;0
32;16;10;5;1;54;1510108770;54;255;1510108778;1
32;16;10;5;1;54;1510108824;54;255;1510108833;0
32;16;10;5;1;54;1510109523;54;255;1510109532;0
32;16;10;5;1;54;1510109706;54;255;1510109714;1
32;16;10;5;1;54;1510109711;54;255;1510109719;0
32;16;10;5;1;54;1510109766;54;255;1510109774;0
32;16;10;5;1;54;1510110464;54;255;1510110472;0
32;16;10;5;1;54;1510110645;54;255;1510110654;1
32;16;10;5;1;54;1510110652;54;255;1510110660;0
32;16;10;5;1;54;1510110706;54;255;1510110715;0
32;16;10;5;1;54;1510111403;54;255;1510111412;0
32;16;10;5;1;54;1510111585;54;255;1510111593;0
32;16;10;5;1;54;1510111593;54;255;1510111602;0
32;16;10;5;1;54;1510111644;54;255;1510111653;0
32;16;10;5;1;54;1510112342;54;255;1510112350;0
32;16;10;5;1;54;1510112529;54;255;1510112537;0
32;16;10;5;1;54;1510112532;54;255;1510112541;0
32;16;10;5;1;54;1510112584;54;255;1510112593;0
32;16;10;5;1;54;1510113279;54;255;1510113288;0
32;16;10;5;1;54;1510113470;54;255;1510113478;1
32;16;10;5;1;54;1510113473;54;255;1510113481;1
32;16;10;5;1;54;1510113524;54;255;1510113533;0
32;16;10;5;1;54;1510114217;54;255;1510114226;0
32;16;10;5;1;54;1510114410;54;255;1510114419;0
32;16;10;5;1;54;1510114414;54;255;1510114422;0
32;16;10;5;1;54;1510114465;54;255;1510114473;1
32;16;10;5;1;54;1510115158;54;255;1510115166;0
32;16;10;5;1;54;1510115350;54;255;1510115359;0
32;16;10;5;1;54;1510115354;54;255;1510115362;0
32;16;10;5;1;54;1510115404;54;255;1510115413;0
32;16;10;5;1;54;1510116100;54;255;1510116108;0
32;16;10;5;1;54;1510116290;54;255;1510116298;0
32;16;10;5;1;54;1510116292;54;255;1510116300;0
32;16;10;5;1;54;1510116343;54;255;1510116352;0
32;16;10;5;1;54;1510117040;54;255;1510117049;0
32;16;10;5;1;54;1510117229;54;255;1510117238;1
32;16;10;5;1;54;1510117233;54;255;1510117242;0
32;16;10;5;1;54;1510117282;54;255;1510117290;1
32;16;10;5;1;54;1510117979;54;255;1510117988;0
32;16;10;5;1;54;1510118170;54;255;1510118178;0
32;16;10;5;1;54;1510118176;54;255;1510118184;0
32;16;10;5;1;54;1510118223;54;255;1510118231;0
32;16;10;5;1;54;1510118923;54;255;1510118931;1
32;16;10;5;1;54;1510119108;54;255;1510119117;0
32;16;10;5;1;54;1510119116;54;255;1510119124;0
32;16;10;5;1;54;1510119161;54;255;1510119169;0
32;16;10;5;1;54;1510119866;54;255;1510119875;0
32;16;10;5;1;54;1510120047;54;255;1510120055;0
32;16;10;5;1;54;1510120055;54;255;1510120063;0
32;16;10;5;1;54;1510120100;54;255;1510120108;0
32;16;10;5;1;54;1510120807;54;255;1510120816;0
32;16;10;5;1;54;1510120987;54;255;1510120995;0
32;16;10;5;1;54;1510120995;54;255;1510121003;0
32;16;10;5;1;54;1510121039;54;255;1510121048;0
32;16;10;5;1;54;1510121748;54;255;1510121756;0
32;16;10;5;1;54;1510121927;54;255;1510121935;0
32;16;10;5;1;54;1510121935;54;255;1510121944;0
32;16;10;5;1;54;1510121978;54;255;1510121987;0
32;16;10;5;1;54;1510122689;54;255;1510122697;0
32;16;10;5;1;54;1510122866;54;255;1510122874;0
32;16;10;5;1;54;1510122874;54;255;1510122883;0
32;16;10;5;1;54;1510122920;54;255;1510122929;0
32;16;10;5;1;54;1510123629;54;255;1510123637;0
32;16;10;5;1;54;1510123807;54;255;1510123815;1
32;16;10;5;1;54;1510123816;54;255;1510123825;0
32;16;10;5;1;54;1510123861;54;255;1510123870;0
32;16;10;5;1;54;1510124569;54;255;1510124578;1
32;16;10;5;1;54;1510124745;54;255;1510124754;0
32;16;10;5;1;54;1510124757;54;255;1510124765;0
32;16;10;5;1;54;1510124801;54;255;1510124809;0
32;16;10;5;1;54;1510125509;54;255;1510125518;0
32;16;10;5;1;54;1510125687;54;255;1510125695;0
32;16;10;5;1;54;1510125696;54;255;1510125705;0
32;16;10;5;1;54;1510125741;54;255;1510125750;0
32;16;10;5;1;54;1510126448;54;255;1510126456;0
32;16;10;5;1;54;1510126626;54;255;1510126634;0
32;16;10;5;1;54;1510126636;54;255;1510126645;0
32;16;10;5;1;54;1510126682;54;255;1510126690;0
32;16;10;5;1;54;1510127388;54;255;1510127396;0
32;16;10;5;1;54;1510127564;54;255;1510127572;0
32;16;10;5;1;54;1510127574;54;255;1510127582;0
32;16;10;5;1;54;1510127624;54;255;1510127633;0
32;16;10;5;1;54;1510128327;54;255;1510128335;1
32;16;10;5;1;54;1510128505;54;255;1510128513;0
32;16;10;5;1;54;1510128514;54;255;1510128522;0
32;16;10;5;1;54;1510128564;54;255;1510128572;0
32;16;10;5;1;54;1510129266;54;255;1510129275;0
32;16;10;5;1;54;1510129446;54;255;1510129455;0
32;16;10;5;1;54;1510129455;54;255;1510129463;0
32;16;10;5;1;54;1510129501;54;255;1510129510;0
32;16;10;5;1;54;1510130242;54;255;1510130251;0
32;16;10;5;1;54;1510130440;54;255;1510130449;0
32;16;10;5;1;54;1510130444;54;255;1510130453;0
32;16;10;5;1;54;1510130492;54;255;1510130501;0
32;16;10;5;1;54;1510131250;54;255;1510131259;0
32;16;10;5;1;54;1510131442;54;255;1510131451;0
32;16;10;5;1;54;1510131448;54;255;1510131457;0
32;16;10;5;1;54;1510131498;54;255;1510131507;0
32;16;10;5;1;54;1510132221;54;255;1510132230;0
32;16;10;5;1;54;1510132410;54;255;1510132419;0
32;16;10;5;1;54;1510132433;54;255;1510132441;0
32;16;10;5;1;54;1510132470;54;255;1510132480;0
32;16;10;5;1;54;1510133219;54;255;1510133228;0
32;16;10;5;1;54;1510133392;54;255;1510133401;0
32;16;10;5;1;54;1510133418;54;255;1510133428;1
32;16;10;5;1;54;1510133467;54;255;1510133478;0
32;16;10;5;1;54;1510134235;54;255;1510134244;0
32;16;10;5;1;54;1510134397;54;255;1510134405;0
32;16;10;5;1;54;1510134429;54;255;1510134438;0
32;16;10;5;1;54;1510134469;54;255;1510134478;0
32;16;10;5;1;54;1510135234;54;255;1510135242;0
32;16;10;5;1;54;1510135406;54;255;1510135414;0
32;16;10;5;1;54;1510135433;54;255;1510135442;0
32;16;10;5;1;54;1510135463;54;255;1510135472;1
32;16;10;5;1;54;1510136229;54;255;1510136237;0
32;16;10;5;1;54;1510136384;54;255;1510136393;1
32;16;10;5;1;54;1510136427;54;255;1510136436;0
32;16;10;5;1;54;1510136455;54;255;1510136463;1
32;16;10;5;1;54;1510137230;54;255;1510137239;0
32;16;10;5;1;54;1510137403;54;255;1510137412;0
32;16;10;5;1;54;1510137419;54;255;1510137427;0
32;16;10;5;1;54;1510137460;54;255;1510137469;0
32;16;10;5;1;54;1510138224;54;255;1510138234;0
32;16;10;5;1;54;1510138408;54;255;1510138417;0
32;16;10;5;1;54;1510138414;54;255;1510138423;1
32;16;10;5;1;54;1510138473;54;255;1510138482;0
32;16;10;5;1;54;1510139221;54;255;1510139229;0
32;16;10;5;1;54;1510139400;54;255;1510139408;0
32;16;10;5;1;54;1510139429;54;255;1510139438;0
32;16;10;5;1;54;1510139466;54;255;1510139474;0
32;16;10;5;1;54;1510140193;54;255;1510140203;0
32;16;10;5;1;54;1510140359;54;255;1510140369;0
32;16;10;5;1;54;1510140434;54;255;1510140443;0
32;16;10;5;1;54;1510140444;54;255;1510140453;1
32;16;10;5;1;54;1510141203;54;255;1510141211;0
32;16;10;5;1;54;1510141338;54;255;1510141346;0
32;16;10;5;1;54;1510141412;54;255;1510141421;0
32;16;10;5;1;54;1510141429;54;255;1510141438;0
32;16;10;5;1;54;1510142180;54;255;1510142190;0
32;16;10;5;1;54;1510142350;54;255;1510142359;1
32;16;10;5;1;54;1510142392;54;255;1510142401;0
32;16;10;5;1;54;1510142452;54;255;1510142462;1
32;16;10;5;1;54;1510143222;54;255;1510143231;0
32;16;10;5;1;54;1510143407;54;255;1510143416;0
32;16;10;5;1;54;1510143440;54;255;1510143449;1
32;16;10;5;1;54;1510143508;54;255;1510143517;0
32;16;10;5;1;54;1510144210;54;255;1510144219;0
32;16;10;5;1;54;1510144381;54;255;1510144389;1
32;16;10;5;1;54;1510144410;54;255;1510144419;0
32;16;10;5;1;54;1510144486;54;255;1510144494;0
32;16;10;5;1;54;1510145156;54;255;1510145164;0
32;16;10;5;1;54;1510145324;54;255;1510145332;0
32;16;10;5;1;54;1510145355;54;255;1510145363;0
32;16;10;5;1;54;1510145430;54;255;1510145439;0
32;16;10;5;1;54;1510146095;54;255;1510146104;0
32;16;10;5;1;54;1510146267;54;255;1510146275;0
32;16;10;5;1;54;1510146298;54;255;1510146306;0
32;16;10;5;1;54;1510146372;54;255;1510146380;0
32;16;10;5;1;54;1510147044;54;255;1510147053;1
32;16;10;5;1;54;1510147225;54;255;1510147234;0
32;16;10;5;1;54;1510147259;54;255;1510147268;0
32;16;10;5;1;54;1510147336;54;255;1510147345;0
32;16;10;5;1;54;1510148025;54;255;1510148033;1
32;16;10;5;1;54;1510148207;54;255;1510148216;0
32;16;10;5;1;54;1510148228;54;255;1510148237;0
32;16;10;5;1;54;1510148308;54;255;1510148316;0
32;16;10;5;1;54;1510149000;54;255;1510149008;0
32;16;10;5;1;54;1510149171;54;255;1510149180;0
32;16;10;5;1;54;1510149189;54;255;1510149197;0
32;16;10;5;1;54;1510149266;54;255;1510149275;0
32;16;10;5;1;54;1510149944;54;255;1510149952;0
32;16;10;5;1;54;1510150119;54;255;1510150128;0
32;16;10;5;1;54;1510150129;54;255;1510150138;0
32;16;10;5;1;54;1510150209;54;255;1510150218;1
32;16;10;5;1;54;1510150898;54;255;1510150906;0
32;16;10;5;1;54;1510151083;54;255;1510151092;0
32;16;10;5;1;54;1510151094;54;255;1510151103;0
32;16;10;5;1;54;1510151181;54;255;1510151189;0
32;16;10;5;1;54;1510151870;54;255;1510151878;0
32;16;10;5;1;54;1510152055;54;255;1510152064;0
32;16;10;5;1;54;1510152070;54;255;1510152079;0
32;16;10;5;1;54;1510152155;54;255;1510152164;0
32;16;10;5;1;54;1510152865;54;255;1510152873;0
32;16;10;5;1;54;1510153035;54;255;1510153044;0
32;16;10;5;1;54;1510153056;54;255;1510153065;0
32;16;10;5;1;54;1510153129;54;255;1510153138;0
32;16;10;5;1;54;1510153827;54;255;1510153836;0
32;16;10;5;1;54;1510154008;54;255;1510154017;0
32;16;10;5;1;54;1510154030;54;255;1510154039;0
32;16;10;5;1;54;1510154101;54;255;1510154109;0
32;16;10;5;1;54;1510154798;54;255;1510154806;0
32;16;10;5;1;54;1510154970;54;255;1510154979;0
32;16;10;5;1;54;1510154996;54;255;1510155004;0
32;16;10;5;1;54;1510155062;54;255;1510155071;0
32;16;10;5;1;54;1510155759;54;255;1510155768;0
32;16;10;5;1;54;1510155933;54;255;1510155941;0
32;16;10;5;1;54;1510155964;54;255;1510155973;0
32;16;10;5;1;54;1510156035;54;255;1510156043;1
32;16;10;5;1;54;1510156741;54;255;1510156751;0
32;16;10;5;1;54;1510156929;54;255;1510156938;0
32;16;10;5;1;54;1510156949;54;255;1510156957;0
32;16;10;5;1;54;1510157025;54;255;1510157034;0
32;16;10;5;1;54;1510157735;54;255;1510157743;0
32;16;10;5;1;54;1510157912;54;255;1510157921;0
32;16;10;5;1;54;1510157937;54;255;1510157946;0
32;16;10;5;1;54;1510158010;54;255;1510158019;0
32;16;10;5;1;54;1510158696;54;255;1510158705;0
32;16;10;5;1;54;1510158876;54;255;1510158885;0
32;16;10;5;1;54;1510158909;54;255;1510158918;0
32;16;10;5;1;54;1510158973;54;255;1510158982;0
32;16;10;5;1;54;1510159649;54;255;1510159657;0
32;16;10;5;1;54;1510159836;54;255;1510159844;0
32;16;10;5;1;54;1510159867;54;255;1510159875;0
32;16;10;5;1;54;1510159937;54;255;1510159945;0
32;16;10;5;1;54;1510160633;54;255;1510160641;0
32;16;10;5;1;54;1510160808;54;255;1510160816;1
32;16;10;5;1;54;1510160839;54;255;1510160849;1
32;16;10;5;1;54;1510160909;54;255;1510160917;0
32;16;10;5;1;54;1510161611;54;255;1510161620;1
32;16;10;5;1;54;1510161787;54;255;1510161796;0
32;16;10;5;1;54;1510161824;54;255;1510161833;1
32;16;10;5;1;54;1510161884;54;255;1510161892;0
32;16;10;5;1;54;1510162574;54;255;1510162583;0
32;16;10;5;1;54;1510162752;54;255;1510162761;0
32;16;10;5;1;54;1510162793;54;255;1510162802;0
32;16;10;5;1;54;1510162845;54;255;1510162854;0
32;16;10;5;1;54;1510163523;54;255;1510163531;0
32;16;10;5;1;54;1510163704;54;255;1510163713;0
32;16;10;5;1;54;1510163765;54;255;1510163774;0
32;16;10;5;1;54;1510163792;54;255;1510163801;0
32;16;10;5;1;54;1510164464;54;255;1510164472;1
32;16;10;5;1;54;1510164648;54;255;1510164656;1
32;16;10;5;1;54;1510164708;54;255;1510164716;0
32;16;10;5;1;54;1510164738;54;255;1510164746;0
32;16;10;5;1;54;1510165407;54;255;1510165416;0
32;16;10;5;1;54;1510165589;54;255;1510165598;0
32;16;10;5;1;54;1510165651;54;255;1510165659;0
32;16;10;5;1;54;1510165680;54;255;1510165689;0
32;16;10;5;1;54;1510166351;54;255;1510166359;1
32;16;10;5;1;54;1510166532;54;255;1510166540;0
32;16;10;5;1;54;1510166593;54;255;1510166602;0
32;16;10;5;1;54;1510166624;54;255;1510166632;1
32;16;10;5;1;54;1510167293;54;255;1510167301;0
32;16;10;5;1;54;1510167474;54;255;1510167482;0
32;16;10;5;1;54;1510167535;54;255;1510167544;1
32;16;10;5;1;54;1510167568;54;255;1510167577;0
32;16;10;5;1;54;1510168235;54;255;1510168244;0
32;16;10;5;1;54;1510168416;54;255;1510168424;0
32;16;10;5;1;54;1510168478;54;255;1510168487;0
32;16;10;5;1;54;1510168511;54;255;1510168520;0
32;16;10;5;1;54;1510169177;54;255;1510169185;0
32;16;10;5;1;54;1510169358;54;255;1510169366;0
32;16;10;5;1;54;1510169421;54;255;1510169430;0
32;16;10;5;1;54;1510169452;54;255;1510169461;0
32;16;10;5;1;54;1510170120;54;255;1510170129;0
32;16;10;5;1;54;1510170301;54;255;1510170309;0
32;16;10;5;1;54;1510170364;54;255;1510170373;0
32;16;10;5;1;54;1510170395;54;255;1510170403;0
32;16;10;5;1;54;1510171063;54;255;1510171072;0
32;16;10;5;1;54;1510171243;54;255;1510171252;0
32;16;10;5;1;54;1510171309;54;255;1510171317;0
32;16;10;5;1;54;1510171336;54;255;1510171345;1
32;16;10;5;1;54;1510172003;54;255;1510172011;0
32;16;10;5;1;54;1510172185;54;255;1510172194;0
32;16;10;5;1;54;1510172251;54;255;1510172260;0
32;16;10;5;1;54;1510172281;54;255;1510172289;0
32;16;10;5;1;54;1510172947;54;255;1510172955;0
32;16;10;5;1;54;1510173126;54;255;1510173135;0
32;16;10;5;1;54;1510173194;54;255;1510173203;0
32;16;10;5;1;54;1510173225;54;255;1510173233;0
32;16;10;5;1;54;1510173890;54;255;1510173899;0
32;16;10;5;1;54;1510174068;54;255;1510174076;0
32;16;10;5;1;54;1510174137;54;255;1510174146;0
32;16;10;5;1;54;1510174165;54;255;1510174174;0
32;16;10;5;1;54;1510174834;54;255;1510174843;0
32;16;10;5;1;54;1510175011;54;255;1510175019;0
32;16;10;5;1;54;1510175080;54;255;1510175089;0
32;16;10;5;1;54;1510175107;54;255;1510175115;0
32;16;10;5;1;54;1510175778;54;255;1510175786;0
32;16;10;5;1;54;1510175951;54;255;1510175960;0
32;16;10;5;1;54;1510176022;54;255;1510176031;0
32;16;10;5;1;54;1510176047;54;255;1510176056;0
32;16;10;5;1;54;1510176722;54;255;1510176731;0
32;16;10;5;1;54;1510176894;54;255;1510176902;0
32;16;10;5;1;54;1510176964;54;255;1510176972;0
32;16;10;5;1;54;1510176989;54;255;1510176998;0
32;16;10;5;1;54;1510177665;54;255;1510177673;0
32;16;10;5;1;54;1510177836;54;255;1510177844;0
32;16;10;5;1;54;1510177907;54;255;1510177915;0
32;16;10;5;1;54;1510177930;54;255;1510177938;0
32;16;10;5;1;54;1510178608;54;255;1510178616;1
32;16;10;5;1;54;1510178781;54;255;1510178789;0
32;16;10;5;1;54;1510178847;54;255;1510178856;1
32;16;10;5;1;54;1510178872;54;255;1510178881;0
32;16;10;5;1;54;1510179550;54;255;1510179559;0
32;16;10;5;1;54;1510179723;54;255;1510179732;0
32;16;10;5;1;54;1510179787;54;255;1510179796;0
32;16;10;5;1;54;1510179813;54;255;1510179821;0
32;16;10;5;1;54;1510180493;54;255;1510180502;0
32;16;10;5;1;54;1510180665;54;255;1510180674;0
32;16;10;5;1;54;1510180729;54;255;1510180738;0
32;16;10;5;1;54;1510180756;54;255;1510180764;0
32;16;10;5;1;54;1510181438;54;255;1510181446;0
32;16;10;5;1;54;1510181607;54;255;1510181615;1
32;16;10;5;1;54;1510181672;54;255;1510181680;0
32;16;10;5;1;54;1510181699;54;255;1510181707;0
32;16;10;5;1;54;1510182382;54;255;1510182390;0
32;16;10;5;1;54;1510182550;54;255;1510182558;0
32;16;10;5;1;54;1510182614;54;255;1510182623;0
32;16;10;5;1;54;1510182641;54;255;1510182650;0
32;16;10;5;1;54;1510183325;54;255;1510183334;1
32;16;10;5;1;54;1510183491;54;255;1510183499;0
32;16;10;5;1;54;1510183556;54;255;1510183565;0
32;16;10;5;1;54;1510183582;54;255;1510183590;0
32;16;10;5;1;54;1510184268;54;255;1510184277;0
32;16;10;5;1;54;1510184434;54;255;1510184443;0
32;16;10;5;1;54;1510184498;54;255;1510184506;0
32;16;10;5;1;54;1510184524;54;255;1510184532;0
32;16;10;5;1;54;1510185211;54;255;1510185220;0
32;16;10;5;1;54;1510185377;54;255;1510185386;0
32;16;10;5;1;54;1510185442;54;255;1510185450;0
32;16;10;5;1;54;1510185464;54;255;1510185472;0
32;16;10;5;1;54;1510186153;54;255;1510186162;0
32;16;10;5;1;54;1510186321;54;255;1510186330;1
32;16;10;5;1;54;1510186384;54;255;1510186392;0
32;16;10;5;1;54;1510186407;54;255;1510186415;0
32;16;10;5;1;54;1510187096;54;255;1510187104;0
32;16;10;5;1;54;1510187264;54;255;1510187273;0
32;16;10;5;1;54;1510187323;54;255;1510187332;0
32;16;10;5;1;54;1510187347;54;255;1510187356;0
32;16;10;5;1;54;1510188038;54;255;1510188046;0
32;16;10;5;1;54;1510188207;54;255;1510188216;0
32;16;10;5;1;54;1510188266;54;255;1510188274;0
32;16;10;5;1;54;1510188291;54;255;1510188299;0
32;16;10;5;1;54;1510188978;54;255;1510188987;0
32;16;10;5;1;54;1510189150;54;255;1510189159;0
32;16;10;5;1;54;1510189207;54;255;1510189216;0
32;16;10;5;1;54;1510189235;54;255;1510189243;0
32;16;10;5;1;54;1510189919;54;255;1510189927;0
32;16;10;5;1;54;1510190092;54;255;1510190101;0
32;16;10;5;1;54;1510190148;54;255;1510190156;0
32;16;10;5;1;54;1510190178;54;255;1510190187;0
32;16;10;5;1;54;1510190859;54;255;1510190868;0
32;16;10;5;1;54;1510191035;54;255;1510191043;0
32;16;10;5;1;54;1510191087;54;255;1510191096;0
32;16;10;5;1;54;1510191122;54;255;1510191130;0
32;16;10;5;1;54;1510191802;54;255;1510191810;0
32;16;10;5;1;54;1510191979;54;255;1510191988;0
32;16;10;5;1;54;1510192028;54;255;1510192036;0
32;16;10;5;1;54;1510192065;54;255;1510192073;1
32;16;10;5;1;54;1510192745;54;255;1510192753;1
32;16;10;5;1;54;1510192921;54;255;1510192929;1
32;16;10;5;1;54;1510192970;54;255;1510192978;1
32;16;10;5;1;54;1510193009;54;255;1510193017;0
32;16;10;5;1;54;1510193685;54;255;1510193694;0
32;16;10;5;1;54;1510193863;54;255;1510193871;0
32;16;10;5;1;54;1510193912;54;255;1510193920;0
32;16;10;5;1;54;1510193951;54;255;1510193959;0
32;16;10;5;1;54;1510194626;54;255;1510194634;0
32;16;10;5;1;54;1510194805;54;255;1510194814;0
32;16;10;5;1;54;1510194853;54;255;1510194862;0
32;16;10;5;1;54;1510194894;54;255;1510194903;0
32;16;10;5;1;54;1510195569;54;255;1510195578;0
32;16;10;5;1;54;1510195749;54;255;1510195757;0
32;16;10;5;1;54;1510195797;54;255;1510195805;0
32;16;10;5;1;54;1510195834;54;255;1510195843;0
32;16;10;5;1;54;1510196512;54;255;1510196521;0
32;16;10;5;1;54;1510196693;54;255;1510196701;0
32;16;10;5;1;54;1510196740;54;255;1510196748;0
32;16;10;5;1;54;1510196774;54;255;1510196783;0
32;16;10;5;1;54;1510197455;54;255;1510197464;0
32;16;10;5;1;54;1510197634;54;255;1510197642;0
32;16;10;5;1;54;1510197683;54;255;1510197691;0
32;16;10;5;1;54;1510197715;54;255;1510197723;0
32;16;10;5;1;54;1510198396;54;255;1510198405;0
32;16;10;5;1;54;1510198575;54;255;1510198583;0
32;16;10;5;1;54;1510198628;54;255;1510198636;0
32;16;10;5;1;54;1510198657;54;255;1510198665;0
32;16;10;5;1;54;1510199337;54;255;1510199345;0
32;16;10;5;1;54;1510199515;54;255;1510199524;0
32;16;10;5;1;54;1510199574;54;255;1510199583;0
32;16;10;5;1;54;1510199599;54;255;1510199607;0
32;16;10;5;1;54;1510200280;54;255;1510200288;0
32;16;10;5;1;54;1510200457;54;255;1510200466;0
32;16;10;5;1;54;1510200519;54;255;1510200528;0
32;16;10;5;1;54;1510200538;54;255;1510200547;0
32;16;10;5;1;54;1510201221;54;255;1510201229;0
32;16;10;5;1;54;1510201397;54;255;1510201405;0
32;16;10;5;1;54;1510201463;54;255;1510201471;1
32;16;10;5;1;54;1510201479;54;255;1510201487;0
32;16;10;5;1;54;1510202163;54;255;1510202171;0
32;16;10;5;1;54;1510202340;54;255;1510202349;0
32;16;10;5;1;54;1510202406;54;255;1510202414;0
32;16;10;5;1;54;1510202422;54;255;1510202431;0
32;16;10;5;1;54;1510203104;54;255;1510203113;0
32;16;10;5;1;54;1510203285;54;255;1510203293;0
32;16;10;5;1;54;1510203346;54;255;1510203355;0
32;16;10;5;1;54;1510203366;54;255;1510203374;0
32;16;10;5;1;54;1510204045;54;255;1510204054;1
32;16;10;5;1;54;1510204227;54;255;1510204236;0
32;16;10;5;1;54;1510204288;54;255;1510204297;0
32;16;10;5;1;54;1510204310;54;255;1510204319;0
32;16;10;5;1;54;1510204987;54;255;1510204996;0
32;16;10;5;1;54;1510205167;54;255;1510205175;0
32;16;10;5;1;54;1510205231;54;255;1510205240;0
32;16;10;5;1;54;1510205253;54;255;1510205262;0
32;16;10;5;1;54;1510205930;54;255;1510205939;0
32;16;10;5;1;54;1510206109;54;255;1510206118;0
32;16;10;5;1;54;1510206176;54;255;1510206184;0
32;16;10;5;1;54;1510206197;54;255;1510206206;0
32;16;10;5;1;54;1510206872;54;255;1510206881;0
32;16;10;5;1;54;1510207051;54;255;1510207060;0
32;16;10;5;1;54;1510207118;54;255;1510207127;0
32;16;10;5;1;54;1510207140;54;255;1510207148;0
32;16;10;5;1;54;1510207814;54;255;1510207823;0
32;16;10;5;1;54;1510207994;54;255;1510208003;0
32;16;10;5;1;54;1510208061;54;255;1510208070;0
32;16;10;5;1;54;1510208081;54;255;1510208089;0
32;16;10;5;1;54;1510208754;54;255;1510208762;0
32;16;10;5;1;54;1510208937;54;255;1510208946;0
32;16;10;5;1;54;1510209002;54;255;1510209010;0
32;16;10;5;1;54;1510209022;54;255;1510209031;0
32;16;10;5;1;54;1510209696;54;255;1510209705;0
32;16;10;5;1;54;1510209879;54;255;1510209887;0
32;16;10;5;1;54;1510209946;54;255;1510209954;0
32;16;10;5;1;54;1510209965;54;255;1510209973;0
32;16;10;5;1;54;1510210640;54;255;1510210649;0
32;16;10;5;1;54;1510210819;54;255;1510210828;0
32;16;10;5;1;54;1510210888;54;255;1510210896;0
32;16;10;5;1;54;1510210909;54;255;1510210918;0
32;16;10;5;1;54;1510211583;54;255;1510211591;0
32;16;10;5;1;54;1510211761;54;255;1510211770;0
32;16;10;5;1;54;1510211828;54;255;1510211837;0
32;16;10;5;1;54;1510211850;54;255;1510211858;1
32;16;10;5;1;54;1510212525;54;255;1510212533;0
32;16;10;5;1;54;1510212704;54;255;1510212712;0
32;16;10;5;1;54;1510212770;54;255;1510212778;0
32;16;10;5;1;54;1510212792;54;255;1510212801;0
32;16;10;5;1;54;1510213467;54;255;1510213475;0
32;16;10;5;1;54;1510213646;54;255;1510213655;0
32;16;10;5;1;54;1510213713;54;255;1510213721;0
32;16;10;5;1;54;1510213736;54;255;1510213744;0
32;16;10;5;1;54;1510214410;54;255;1510214418;0
32;16;10;5;1;54;1510214589;54;255;1510214598;0
32;16;10;5;1;54;1510214655;54;255;1510214663;0
32;16;10;5;1;54;1510214680;54;255;1510214688;0
32;16;10;5;1;54;1510215352;54;255;1510215360;0
32;16;10;5;1;54;1510215529;54;255;1510215538;1
32;16;10;5;1;54;1510215596;54;255;1510215604;0
32;16;10;5;1;54;1510215623;54;255;1510215632;1
32;16;10;5;1;54;1510216294;54;255;1510216302;0
32;16;10;5;1;54;1510216471;54;255;1510216480;1
32;16;10;5;1;54;1510216537;54;255;1510216546;0
32;16;10;5;1;54;1510216565;54;255;1510216573;0
32;16;10;5;1;54;1510217237;54;255;1510217246;0
32;16;10;5;1;54;1510217413;54;255;1510217421;0
32;16;10;5;1;54;1510217478;54;255;1510217487;0
32;16;10;5;1;54;1510217509;54;255;1510217518;0
32;16;10;5;1;54;1510218179;54;255;1510218188;0
32;16;10;5;1;54;1510218356;54;255;1510218364;0
32;16;10;5;1;54;1510218421;54;255;1510218430;0
32;16;10;5;1;54;1510218452;54;255;1510218460;0
32;16;10;5;1;54;1510219136;54;255;1510219145;1
32;16;10;5;1;54;1510219329;54;255;1510219338;0
32;16;10;5;1;54;1510219383;54;255;1510219392;0
32;16;10;5;1;54;1510219420;54;255;1510219428;0
32;16;10;5;1;54;1510220144;54;255;1510220154;0
32;16;10;5;1;54;1510220341;54;255;1510220350;0
32;16;10;5;1;54;1510220396;54;255;1510220405;0
32;16;10;5;1;54;1510220433;54;255;1510220443;1
32;16;10;5;1;54;1510221144;54;255;1510221153;0
32;16;10;5;1;54;1510221328;54;255;1510221336;0
32;16;10;5;1;54;1510221373;54;255;1510221382;0
32;16;10;5;1;54;1510221428;54;255;1510221436;0
32;16;10;5;1;54;1510222132;54;255;1510222142;0
32;16;10;5;1;54;1510222327;54;255;1510222336;0
32;16;10;5;1;54;1510222378;54;255;1510222388;0
32;16;10;5;1;54;1510222449;54;255;1510222457;1
32;16;10;5;1;54;1510223142;54;255;1510223151;0
32;16;10;5;1;54;1510223339;54;255;1510223348;0
32;16;10;5;1;54;1510223392;54;255;1510223401;0
32;16;10;5;1;54;1510223456;54;255;1510223465;0
32;16;10;5;1;54;1510224156;54;255;1510224165;0
32;16;10;5;1;54;1510224351;54;255;1510224360;0
32;16;10;5;1;54;1510224407;54;255;1510224417;0
32;16;10;5;1;54;1510224465;54;255;1510224474;1
32;16;10;5;1;54;1510225160;54;255;1510225170;0
32;16;10;5;1;54;1510225350;54;255;1510225361;1
32;16;10;5;1;54;1510225407;54;255;1510225416;1
32;16;10;5;1;54;1510225454;54;255;1510225462;0
32;16;10;5;1;54;1510226170;54;255;1510226179;1
32;16;10;5;1;54;1510226362;54;255;1510226371;0
32;16;10;5;1;54;1510226412;54;255;1510226421;0
32;16;10;5;1;54;1510226469;54;255;1510226478;0
32;16;10;5;1;54;1510227185;54;255;1510227195;0
32;16;10;5;1;54;1510253147;54;255;1510253156;0
32;16;10;5;1;54;1510253152;54;255;1510253161;0
32;16;10;5;1;54;1510253160;54;255;1510253169;0
32;16;10;5;1;54;1510253160;54;255;1510253169;0
32;16;10;5;1;54;1510254101;54;255;1510254110;0
32;16;10;5;1;54;1510254103;54;255;1510254112;0
32;16;10;5;1;54;1510254106;54;255;1510254114;1
32;16;10;5;1;54;1510254125;54;255;1510254133;0
32;16;10;5;1;54;1510255035;54;255;1510255044;0
32;16;10;5;1;54;1510255036;54;255;1510255044;0
32;16;10;5;1;54;1510255037;54;255;1510255045;0
32;16;10;5;1;54;1510255059;54;255;1510255068;0
32;16;10;5;1;54;1510255967;54;255;1510255976;1
32;16;10;5;1;54;1510255967;54;255;1510255976;0
32;16;10;5;1;54;1510255972;54;255;1510255980;0
32;16;10;5;1;54;1510255993;54;255;1510256002;0
32;16;10;5;1;54;1510256898;54;255;1510256906;0
32;16;10;5;1;54;1510256900;54;255;1510256908;0
32;16;10;5;1;54;1510256907;54;255;1510256916;0
32;16;10;5;1;54;1510256928;54;255;1510256936;0
32;16;10;5;1;54;1510257829;54;255;1510257837;1
32;16;10;5;1;54;1510257832;54;255;1510257840;0
32;16;10;5;1;54;1510257843;54;255;1510257851;0
32;16;10;5;1;54;1510257863;54;255;1510257872;0
32;16;10;5;1;54;1510258760;54;255;1510258768;0
32;16;10;5;1;54;1510258763;54;255;1510258772;0
32;16;10;5;1;54;1510258778;54;255;1510258787;0
32;16;10;5;1;54;1510258798;54;255;1510258807;0
32;16;10;5;1;54;1510259690;54;255;1510259699;1
32;16;10;5;1;54;1510259695;54;255;1510259704;0
32;16;10;5;1;54;1510259714;54;255;1510259722;0
32;16;10;5;1;54;1510259733;54;255;1510259741;0
32;16;10;5;1;54;1510260621;54;255;1510260630;0
32;16;10;5;1;54;1510260628;54;255;1510260637;0
32;16;10;5;1;54;1510260650;54;255;1510260658;0
32;16;10;5;1;54;1510260668;54;255;1510260676;0
32;16;10;5;1;54;1510261553;54;255;1510261562;0
32;16;10;5;1;54;1510261560;54;255;1510261568;0
32;16;10;5;1;54;1510261586;54;255;1510261594;0
32;16;10;5;1;54;1510261604;54;255;1510261613;0
32;16;10;5;1;54;1510262484;54;255;1510262493;1
32;16;10;5;1;54;1510262491;54;255;1510262499;0
32;16;10;5;1;54;1510262521;54;255;1510262529;0
32;16;10;5;1;54;1510262539;54;255;1510262548;0
32;16;10;5;1;54;1510263415;54;255;1510263424;0
32;16;10;5;1;54;1510263422;54;255;1510263431;0
32;16;10;5;1;54;1510263456;54;255;1510263464;1
32;16;10;5;1;54;1510263475;54;255;1510263483;0
32;16;10;5;1;54;1510264346;54;255;1510264354;0
32;16;10;5;1;54;1510264354;54;255;1510264363;0
32;16;10;5;1;54;1510264393;54;255;1510264401;0
32;16;10;5;1;54;1510264410;54;255;1510264418;0
32;16;10;5;1;54;1510265278;54;255;1510265287;0
32;16;10;5;1;54;1510265286;54;255;1510265294;0
32;16;10;5;1;54;1510265329;54;255;1510265337;0
32;16;10;5;1;54;1510265345;54;255;1510265353;0
32;16;10;5;1;54;1510266209;54;255;1510266217;0
32;16;10;5;1;54;1510266217;54;255;1510266225;0
32;16;10;5;1;54;1510266265;54;255;1510266273;0
32;16;10;5;1;54;1510266280;54;255;1510266289;0
32;16;10;5;1;54;1510267140;54;255;1510267148;0
32;16;10;5;1;54;1510267149;54;255;1510267157;0
32;16;10;5;1;54;1510267201;54;255;1510267209;1
32;16;10;5;1;54;1510267215;54;255;1510267223;0
32;16;10;5;1;54;1510268070;54;255;1510268079;0
32;16;10;5;1;54;1510268080;54;255;1510268089;0
32;16;10;5;1;54;1510268139;54;255;1510268147;0
32;16;10;5;1;54;1510268150;54;255;1510268158;0
32;16;10;5;1;54;1510269002;54;255;1510269010;0
32;16;10;5;1;54;1510269012;54;255;1510269020;0
32;16;10;5;1;54;1510269076;54;255;1510269084;1
32;16;10;5;1;54;1510269085;54;255;1510269093;0
32;16;10;5;1;54;1510269933;54;255;1510269941;0
32;16;10;5;1;54;1510269944;54;255;1510269952;0
32;16;10;5;1;54;1510270014;54;255;1510270022;0
32;16;10;5;1;54;1510270021;54;255;1510270029;0
32;16;10;5;1;54;1510270864;54;255;1510270872;0
32;16;10;5;1;54;1510270877;54;255;1510270885;0
32;16;10;5;1;54;1510270950;54;255;1510270959;0
32;16;10;5;1;54;1510270956;54;255;1510270965;1
32;16;10;5;1;54;1510271795;54;255;1510271803;0
32;16;10;5;1;54;1510271811;54;255;1510271820;0
32;16;10;5;1;54;1510271884;54;255;1510271893;0
32;16;10;5;1;54;1510271892;54;255;1510271900;0
32;16;10;5;1;54;1510272727;54;255;1510272736;1
32;16;10;5;1;54;1510272748;54;255;1510272756;0
32;16;10;5;1;54;1510272816;54;255;1510272824;0
32;16;10;5;1;54;1510272827;54;255;1510272835;0
32;16;10;5;1;54;1510273658;54;255;1510273666;1
32;16;10;5;1;54;1510273685;54;255;1510273693;0
32;16;10;5;1;54;1510273747;54;255;1510273756;1
32;16;10;5;1;54;1510273764;54;255;1510273773;0
32;16;10;5;1;54;1510274589;54;255;1510274597;0
32;16;10;5;1;54;1510274621;54;255;1510274629;0
32;16;10;5;1;54;1510274679;54;255;1510274687;0
32;16;10;5;1;54;1510274700;54;255;1510274709;0
32;16;10;5;1;54;1510275520;54;255;1510275528;0
32;16;10;5;1;54;1510275558;54;255;1510275567;1
32;16;10;5;1;54;1510275612;54;255;1510275620;0
32;16;10;5;1;54;1510275634;54;255;1510275643;0
32;16;10;5;1;54;1510276452;54;255;1510276460;0
32;16;10;5;1;54;1510276495;54;255;1510276503;0
32;16;10;5;1;54;1510276549;54;255;1510276557;0
32;16;10;5;1;54;1510276566;54;255;1510276574;1
32;16;10;5;1;54;1510277383;54;255;1510277392;0
32;16;10;5;1;54;1510277432;54;255;1510277440;0
32;16;10;5;1;54;1510277484;54;255;1510277493;0
32;16;10;5;1;54;1510277497;54;255;1510277505;0
32;16;10;5;1;54;1510278314;54;255;1510278323;0
32;16;10;5;1;54;1510278368;54;255;1510278376;0
32;16;10;5;1;54;1510278420;54;255;1510278429;0
32;16;10;5;1;54;1510278428;54;255;1510278437;0
32;16;10;5;1;54;1510279245;54;255;1510279254;0
32;16;10;5;1;54;1510279305;54;255;1510279313;0
32;16;10;5;1;54;1510279356;54;255;1510279364;0
32;16;10;5;1;54;1510279360;54;255;1510279368;0
32;16;10;5;1;54;1510280176;54;255;1510280185;0
32;16;10;5;1;54;1510280242;54;255;1510280250;0
32;16;10;5;1;54;1510280292;54;255;1510280300;0
32;16;10;5;1;54;1510280292;54;255;1510280300;0
32;16;10;5;1;54;1510281107;54;255;1510281115;1
32;16;10;5;1;54;1510281179;54;255;1510281187;1
32;16;10;5;1;54;1510281223;54;255;1510281231;0
32;16;10;5;1;54;1510281228;54;255;1510281236;0
32;16;10;5;1;54;1510282038;54;255;1510282046;0
32;16;10;5;1;54;1510282119;54;255;1510282127;0
32;16;10;5;1;54;1510282154;54;255;1510282163;0
32;16;10;5;1;54;1510282163;54;255;1510282171;0
32;16;10;5;1;54;1510282969;54;255;1510282977;1
32;16;10;5;1;54;1510283057;54;255;1510283066;1
32;16;10;5;1;54;1510283086;54;255;1510283094;0
32;16;10;5;1;54;1510283099;54;255;1510283107;0
32;16;10;5;1;54;1510283899;54;255;1510283908;0
32;16;10;5;1;54;1510283994;54;255;1510284003;0
32;16;10;5;1;54;1510284017;54;255;1510284026;0
32;16;10;5;1;54;1510284034;54;255;1510284042;0
32;16;10;5;1;54;1510284830;54;255;1510284839;0
32;16;10;5;1;54;1510284932;54;255;1510284941;0
32;16;10;5;1;54;1510284949;54;255;1510284958;0
32;16;10;5;1;54;1510284969;54;255;1510284977;0
32;16;10;5;1;54;1510285761;54;255;1510285769;0
32;16;10;5;1;54;1510285870;54;255;1510285878;0
32;16;10;5;1;54;1510285885;54;255;1510285893;1
32;16;10;5;1;54;1510285900;54;255;1510285909;1
32;16;10;5;1;54;1510286692;54;255;1510286700;1
32;16;10;5;1;54;1510286807;54;255;1510286815;0
32;16;10;5;1;54;1510286822;54;255;1510286830;0
32;16;10;5;1;54;1510286832;54;255;1510286840;0
32;16;10;5;1;54;1510287623;54;255;1510287631;0
32;16;10;5;1;54;1510287744;54;255;1510287753;0
32;16;10;5;1;54;1510287758;54;255;1510287766;0
32;16;10;5;1;54;1510287764;54;255;1510287772;1
32;16;10;5;1;54;1510288555;54;255;1510288563;1
32;16;10;5;1;54;1510288682;54;255;1510288690;0
32;16;10;5;1;54;1510288693;54;255;1510288702;0
32;16;10;5;1;54;1510288695;54;255;1510288703;0
32;16;10;5;1;54;1510289487;54;255;1510289496;0
32;16;10;5;1;54;1510289620;54;255;1510289629;0
32;16;10;5;1;54;1510289626;54;255;1510289635;0
32;16;10;5;1;54;1510289628;54;255;1510289636;0
32;16;10;5;1;54;1510290420;54;255;1510290428;0
32;16;10;5;1;54;1510290558;54;255;1510290566;0
32;16;10;5;1;54;1510290559;54;255;1510290567;0
32;16;10;5;1;54;1510290562;54;255;1510290571;0
32;16;10;5;1;54;1510291352;54;255;1510291360;0
32;16;10;5;1;54;1510291490;54;255;1510291499;0
32;16;10;5;1;54;1510291496;54;255;1510291504;1
32;16;10;5;1;54;1510291498;54;255;1510291506;1
32;16;10;5;1;54;1510292284;54;255;1510292293;0
32;16;10;5;1;54;1510292422;54;255;1510292430;0
32;16;10;5;1;54;1510292432;54;255;1510292441;0
32;16;10;5;1;54;1510292434;54;255;1510292442;0
32;16;10;5;1;54;1510293217;54;255;1510293225;0
32;16;10;5;1;54;1510293353;54;255;1510293362;0
32;16;10;5;1;54;1510293367;54;255;1510293375;0
32;16;10;5;1;54;1510293372;54;255;1510293380;0
32;16;10;5;1;54;1510294149;54;255;1510294158;0
32;16;10;5;1;54;1510294285;54;255;1510294294;0
32;16;10;5;1;54;1510294301;54;255;1510294310;1
32;16;10;5;1;54;1510294311;54;255;1510294319;0
32;16;10;5;1;54;1510295082;54;255;1510295091;1
32;16;10;5;1;54;1510295217;54;255;1510295226;0
32;16;10;5;1;54;1510295235;54;255;1510295244;1
32;16;10;5;1;54;1510295249;54;255;1510295257;0
32;16;10;5;1;54;1510296015;54;255;1510296023;0
32;16;10;5;1;54;1510296149;54;255;1510296157;1
32;16;10;5;1;54;1510296170;54;255;1510296178;0
32;16;10;5;1;54;1510296187;54;255;1510296196;0
32;16;10;5;1;54;1510296948;54;255;1510296956;0
32;16;10;5;1;54;1510297081;54;255;1510297090;0
32;16;10;5;1;54;1510297105;54;255;1510297114;0
32;16;10;5;1;54;1510297125;54;255;1510297133;0
32;16;10;5;1;54;1510297881;54;255;1510297889;0
32;16;10;5;1;54;1510298013;54;255;1510298021;1
32;16;10;5;1;54;1510298040;54;255;1510298049;0
32;16;10;5;1;54;1510298063;54;255;1510298071;0
32;16;10;5;1;54;1510298813;54;255;1510298821;1
32;16;10;5;1;54;1510298945;54;255;1510298953;0
32;16;10;5;1;54;1510298976;54;255;1510298984;0
32;16;10;5;1;54;1510299001;54;255;1510299009;0
32;16;10;5;1;54;1510299745;54;255;1510299753;1
32;16;10;5;1;54;1510299876;54;255;1510299885;0
32;16;10;5;1;54;1510299911;54;255;1510299919;0
32;16;10;5;1;54;1510299939;54;255;1510299948;0
32;16;10;5;1;54;1510300678;54;255;1510300686;0
32;16;10;5;1;54;1510300808;54;255;1510300816;0
32;16;10;5;1;54;1510300846;54;255;1510300854;0
32;16;10;5;1;54;1510300877;54;255;1510300885;0
32;16;10;5;1;54;1510301612;54;255;1510301620;0
32;16;10;5;1;54;1510301740;54;255;1510301749;1
32;16;10;5;1;54;1510301785;54;255;1510301793;0
32;16;10;5;1;54;1510301811;54;255;1510301819;0
32;16;10;5;1;54;1510302544;54;255;1510302552;1
32;16;10;5;1;54;1510302672;54;255;1510302681;0
32;16;10;5;1;54;1510302723;54;255;1510302733;0
32;16;10;5;1;54;1510302749;54;255;1510302758;0
32;16;10;5;1;54;1510303521;54;255;1510303530;1
32;16;10;5;1;54;1510303671;54;255;1510303680;1
32;16;10;5;1;54;1510303715;54;255;1510303724;0
32;16;10;5;1;54;1510303748;54;255;1510303758;0
32;16;10;5;1;54;1510304495;54;255;1510304505;0
32;16;10;5;1;54;1510304634;54;255;1510304643;0
32;16;10;5;1;54;1510304686;54;255;1510304694;0
32;16;10;5;1;54;1510304736;54;255;1510304745;0
32;16;10;5;1;54;1510305465;54;255;1510305474;0
32;16;10;5;1;54;1510305589;54;255;1510305598;0
32;16;10;5;1;54;1510305645;54;255;1510305654;0
32;16;10;5;1;54;1510305703;54;255;1510305712;0
32;16;10;5;1;54;1510306448;54;255;1510306457;0
32;16;10;5;1;54;1510306597;54;255;1510306608;0
32;16;10;5;1;54;1510306650;54;255;1510306660;0
32;16;10;5;1;54;1510306733;54;255;1510306741;0
