32;16;10;5;1;55;1509981856;55;255;1509981864;0
32;16;10;5;1;55;1509981926;55;255;1509981934;0
32;16;10;5;1;55;1509981995;55;255;1509982004;0
32;16;10;5;1;55;1509982104;55;255;1509982112;0
32;16;10;5;1;55;1509982847;55;255;1509982856;1
32;16;10;5;1;55;1509982905;55;255;1509982914;0
32;16;10;5;1;55;1509982973;55;255;1509982982;0
32;16;10;5;1;55;1509983079;55;255;1509983088;0
32;16;10;5;1;55;1509983790;55;255;1509983798;0
32;16;10;5;1;55;1509983848;55;255;1509983857;0
32;16;10;5;1;55;1509983917;55;255;1509983925;0
32;16;10;5;1;55;1509984028;55;255;1509984036;0
32;16;10;5;1;55;1509984733;55;255;1509984742;0
32;16;10;5;1;55;1509984789;55;255;1509984798;0
32;16;10;5;1;55;1509984858;55;255;1509984867;0
32;16;10;5;1;55;1509984967;55;255;1509984975;0
32;16;10;5;1;55;1509985673;55;255;1509985682;0
32;16;10;5;1;55;1509985730;55;255;1509985738;0
32;16;10;5;1;55;1509985802;55;255;1509985810;0
32;16;10;5;1;55;1509985908;55;255;1509985917;0
32;16;10;5;1;55;1509986614;55;255;1509986623;0
32;16;10;5;1;55;1509986672;55;255;1509986681;0
32;16;10;5;1;55;1509986741;55;255;1509986750;0
32;16;10;5;1;55;1509986852;55;255;1509986861;0
32;16;10;5;1;55;1509987555;55;255;1509987563;0
32;16;10;5;1;55;1509987617;55;255;1509987625;0
32;16;10;5;1;55;1509987680;55;255;1509987689;0
32;16;10;5;1;55;1509987794;55;255;1509987803;0
32;16;10;5;1;55;1509988497;55;255;1509988506;0
32;16;10;5;1;55;1509988558;55;255;1509988567;1
32;16;10;5;1;55;1509988621;55;255;1509988629;0
32;16;10;5;1;55;1509988737;55;255;1509988745;0
32;16;10;5;1;55;1509989438;55;255;1509989447;0
32;16;10;5;1;55;1509989500;55;255;1509989509;0
32;16;10;5;1;55;1509989566;55;255;1509989574;0
32;16;10;5;1;55;1509989678;55;255;1509989687;1
32;16;10;5;1;55;1509990379;55;255;1509990388;1
32;16;10;5;1;55;1509990444;55;255;1509990453;0
32;16;10;5;1;55;1509990505;55;255;1509990514;0
32;16;10;5;1;55;1509990620;55;255;1509990628;0
32;16;10;5;1;55;1509991322;55;255;1509991331;0
32;16;10;5;1;55;1509991382;55;255;1509991391;0
32;16;10;5;1;55;1509991446;55;255;1509991454;0
32;16;10;5;1;55;1509991562;55;255;1509991571;0
32;16;10;5;1;55;1509992264;55;255;1509992273;0
32;16;10;5;1;55;1509992325;55;255;1509992333;0
32;16;10;5;1;55;1509992385;55;255;1509992394;0
32;16;10;5;1;55;1509992504;55;255;1509992512;0
32;16;10;5;1;55;1509993207;55;255;1509993215;0
32;16;10;5;1;55;1509993266;55;255;1509993275;0
32;16;10;5;1;55;1509993327;55;255;1509993335;0
32;16;10;5;1;55;1509993446;55;255;1509993454;0
32;16;10;5;1;55;1509994147;55;255;1509994156;0
32;16;10;5;1;55;1509994207;55;255;1509994216;0
32;16;10;5;1;55;1509994268;55;255;1509994277;0
32;16;10;5;1;55;1509994388;55;255;1509994396;0
32;16;10;5;1;55;1509995090;55;255;1509995098;0
32;16;10;5;1;55;1509995148;55;255;1509995157;0
32;16;10;5;1;55;1509995210;55;255;1509995219;0
32;16;10;5;1;55;1509995329;55;255;1509995337;0
32;16;10;5;1;55;1509996037;55;255;1509996046;0
32;16;10;5;1;55;1509996091;55;255;1509996099;0
32;16;10;5;1;55;1509996167;55;255;1509996176;1
32;16;10;5;1;55;1509996269;55;255;1509996278;0
32;16;10;5;1;55;1509996979;55;255;1509996987;0
32;16;10;5;1;55;1509997031;55;255;1509997040;1
32;16;10;5;1;55;1509997108;55;255;1509997117;0
32;16;10;5;1;55;1509997211;55;255;1509997220;0
32;16;10;5;1;55;1509997920;55;255;1509997928;0
32;16;10;5;1;55;1509997976;55;255;1509997985;0
32;16;10;5;1;55;1509998050;55;255;1509998059;0
32;16;10;5;1;55;1509998152;55;255;1509998161;0
32;16;10;5;1;55;1509998862;55;255;1509998870;0
32;16;10;5;1;55;1509998916;55;255;1509998924;0
32;16;10;5;1;55;1509998990;55;255;1509998998;0
32;16;10;5;1;55;1509999093;55;255;1509999102;0
32;16;10;5;1;55;1509999805;55;255;1509999814;0
32;16;10;5;1;55;1509999858;55;255;1509999867;1
32;16;10;5;1;55;1509999930;55;255;1509999938;1
32;16;10;5;1;55;1510000033;55;255;1510000042;0
32;16;10;5;1;55;1510000748;55;255;1510000757;0
32;16;10;5;1;55;1510000801;55;255;1510000810;0
32;16;10;5;1;55;1510000870;55;255;1510000879;0
32;16;10;5;1;55;1510000972;55;255;1510000981;0
32;16;10;5;1;55;1510001689;55;255;1510001698;0
32;16;10;5;1;55;1510001746;55;255;1510001755;0
32;16;10;5;1;55;1510001810;55;255;1510001818;0
32;16;10;5;1;55;1510001913;55;255;1510001922;1
32;16;10;5;1;55;1510002629;55;255;1510002638;0
32;16;10;5;1;55;1510002691;55;255;1510002700;0
32;16;10;5;1;55;1510002753;55;255;1510002761;0
32;16;10;5;1;55;1510002853;55;255;1510002861;1
32;16;10;5;1;55;1510003572;55;255;1510003580;0
32;16;10;5;1;55;1510003631;55;255;1510003639;0
32;16;10;5;1;55;1510003695;55;255;1510003703;1
32;16;10;5;1;55;1510003797;55;255;1510003805;0
32;16;10;5;1;55;1510004511;55;255;1510004520;0
32;16;10;5;1;55;1510004571;55;255;1510004579;0
32;16;10;5;1;55;1510004640;55;255;1510004648;0
32;16;10;5;1;55;1510004738;55;255;1510004747;0
32;16;10;5;1;55;1510005454;55;255;1510005462;0
32;16;10;5;1;55;1510005513;55;255;1510005521;0
32;16;10;5;1;55;1510005580;55;255;1510005589;0
32;16;10;5;1;55;1510005679;55;255;1510005687;0
32;16;10;5;1;55;1510006393;55;255;1510006401;0
32;16;10;5;1;55;1510006452;55;255;1510006460;0
32;16;10;5;1;55;1510006526;55;255;1510006534;0
32;16;10;5;1;55;1510006620;55;255;1510006628;0
32;16;10;5;1;55;1510007333;55;255;1510007341;0
32;16;10;5;1;55;1510007392;55;255;1510007400;0
32;16;10;5;1;55;1510007471;55;255;1510007480;0
32;16;10;5;1;55;1510007560;55;255;1510007568;0
32;16;10;5;1;55;1510008274;55;255;1510008282;0
32;16;10;5;1;55;1510008331;55;255;1510008340;1
32;16;10;5;1;55;1510008411;55;255;1510008419;0
32;16;10;5;1;55;1510008504;55;255;1510008512;0
32;16;10;5;1;55;1510009216;55;255;1510009225;0
32;16;10;5;1;55;1510009273;55;255;1510009282;0
32;16;10;5;1;55;1510009353;55;255;1510009361;0
32;16;10;5;1;55;1510009446;55;255;1510009454;0
32;16;10;5;1;55;1510010157;55;255;1510010165;0
32;16;10;5;1;55;1510010214;55;255;1510010222;0
32;16;10;5;1;55;1510010293;55;255;1510010302;0
32;16;10;5;1;55;1510010389;55;255;1510010398;0
32;16;10;5;1;55;1510011097;55;255;1510011106;0
32;16;10;5;1;55;1510011156;55;255;1510011165;0
32;16;10;5;1;55;1510011235;55;255;1510011243;0
32;16;10;5;1;55;1510011331;55;255;1510011339;1
32;16;10;5;1;55;1510012037;55;255;1510012045;0
32;16;10;5;1;55;1510012100;55;255;1510012109;0
32;16;10;5;1;55;1510012178;55;255;1510012186;1
32;16;10;5;1;55;1510012270;55;255;1510012278;0
32;16;10;5;1;55;1510012980;55;255;1510012989;0
32;16;10;5;1;55;1510013042;55;255;1510013051;1
32;16;10;5;1;55;1510013118;55;255;1510013126;0
32;16;10;5;1;55;1510013213;55;255;1510013221;1
32;16;10;5;1;55;1510013921;55;255;1510013930;0
32;16;10;5;1;55;1510013986;55;255;1510013995;0
32;16;10;5;1;55;1510014058;55;255;1510014067;0
32;16;10;5;1;55;1510014155;55;255;1510014163;0
32;16;10;5;1;55;1510014864;55;255;1510014873;0
32;16;10;5;1;55;1510014927;55;255;1510014935;0
32;16;10;5;1;55;1510014999;55;255;1510015007;0
32;16;10;5;1;55;1510015096;55;255;1510015104;1
32;16;10;5;1;55;1510015805;55;255;1510015814;0
32;16;10;5;1;55;1510015868;55;255;1510015876;0
32;16;10;5;1;55;1510015940;55;255;1510015949;1
32;16;10;5;1;55;1510016037;55;255;1510016045;0
32;16;10;5;1;55;1510016745;55;255;1510016754;0
32;16;10;5;1;55;1510016811;55;255;1510016819;1
32;16;10;5;1;55;1510016881;55;255;1510016889;0
32;16;10;5;1;55;1510016978;55;255;1510016987;0
32;16;10;5;1;55;1510017687;55;255;1510017696;0
32;16;10;5;1;55;1510017754;55;255;1510017762;0
32;16;10;5;1;55;1510017822;55;255;1510017831;0
32;16;10;5;1;55;1510017919;55;255;1510017928;0
32;16;10;5;1;55;1510018627;55;255;1510018636;0
32;16;10;5;1;55;1510018697;55;255;1510018706;0
32;16;10;5;1;55;1510018763;55;255;1510018772;0
32;16;10;5;1;55;1510018861;55;255;1510018870;0
32;16;10;5;1;55;1510019570;55;255;1510019579;0
32;16;10;5;1;55;1510019640;55;255;1510019648;0
32;16;10;5;1;55;1510019703;55;255;1510019712;0
32;16;10;5;1;55;1510019802;55;255;1510019811;0
32;16;10;5;1;55;1510020510;55;255;1510020519;0
32;16;10;5;1;55;1510020583;55;255;1510020592;0
32;16;10;5;1;55;1510020644;55;255;1510020653;0
32;16;10;5;1;55;1510020742;55;255;1510020750;0
32;16;10;5;1;55;1510021450;55;255;1510021459;0
32;16;10;5;1;55;1510021524;55;255;1510021532;0
32;16;10;5;1;55;1510021586;55;255;1510021594;0
32;16;10;5;1;55;1510021685;55;255;1510021693;0
32;16;10;5;1;55;1510022391;55;255;1510022400;0
32;16;10;5;1;55;1510022465;55;255;1510022474;0
32;16;10;5;1;55;1510022527;55;255;1510022536;0
32;16;10;5;1;55;1510022626;55;255;1510022634;0
32;16;10;5;1;55;1510023333;55;255;1510023342;0
32;16;10;5;1;55;1510023405;55;255;1510023414;0
32;16;10;5;1;55;1510023472;55;255;1510023481;0
32;16;10;5;1;55;1510023566;55;255;1510023575;0
32;16;10;5;1;55;1510024275;55;255;1510024284;0
32;16;10;5;1;55;1510024346;55;255;1510024355;0
32;16;10;5;1;55;1510024413;55;255;1510024422;1
32;16;10;5;1;55;1510024508;55;255;1510024516;0
32;16;10;5;1;55;1510025220;55;255;1510025228;0
32;16;10;5;1;55;1510025286;55;255;1510025295;0
32;16;10;5;1;55;1510025356;55;255;1510025365;0
32;16;10;5;1;55;1510025447;55;255;1510025456;0
32;16;10;5;1;55;1510026162;55;255;1510026171;0
32;16;10;5;1;55;1510026227;55;255;1510026236;0
32;16;10;5;1;55;1510026297;55;255;1510026306;0
32;16;10;5;1;55;1510026389;55;255;1510026397;0
32;16;10;5;1;55;1510027102;55;255;1510027111;0
32;16;10;5;1;55;1510027168;55;255;1510027176;1
32;16;10;5;1;55;1510027240;55;255;1510027249;0
32;16;10;5;1;55;1510027330;55;255;1510027338;0
32;16;10;5;1;55;1510028045;55;255;1510028054;0
32;16;10;5;1;55;1510028110;55;255;1510028119;0
32;16;10;5;1;55;1510028181;55;255;1510028189;0
32;16;10;5;1;55;1510028269;55;255;1510028277;0
32;16;10;5;1;55;1510028986;55;255;1510028995;1
32;16;10;5;1;55;1510029053;55;255;1510029062;0
32;16;10;5;1;55;1510029123;55;255;1510029131;0
32;16;10;5;1;55;1510029209;55;255;1510029218;1
32;16;10;5;1;55;1510029927;55;255;1510029936;0
32;16;10;5;1;55;1510029995;55;255;1510030004;0
32;16;10;5;1;55;1510030065;55;255;1510030074;0
32;16;10;5;1;55;1510030149;55;255;1510030158;0
32;16;10;5;1;55;1510030870;55;255;1510030878;0
32;16;10;5;1;55;1510030936;55;255;1510030945;0
32;16;10;5;1;55;1510031010;55;255;1510031018;0
32;16;10;5;1;55;1510031091;55;255;1510031099;1
32;16;10;5;1;55;1510031811;55;255;1510031819;0
32;16;10;5;1;55;1510031877;55;255;1510031885;0
32;16;10;5;1;55;1510031952;55;255;1510031961;0
32;16;10;5;1;55;1510032032;55;255;1510032041;0
32;16;10;5;1;55;1510032750;55;255;1510032758;0
32;16;10;5;1;55;1510032818;55;255;1510032827;0
32;16;10;5;1;55;1510032895;55;255;1510032904;0
32;16;10;5;1;55;1510032974;55;255;1510032983;1
32;16;10;5;1;55;1510033694;55;255;1510033702;1
32;16;10;5;1;55;1510033759;55;255;1510033767;0
32;16;10;5;1;55;1510033835;55;255;1510033844;0
32;16;10;5;1;55;1510033915;55;255;1510033924;0
32;16;10;5;1;55;1510034635;55;255;1510034644;0
32;16;10;5;1;55;1510034701;55;255;1510034709;0
32;16;10;5;1;55;1510034777;55;255;1510034785;0
32;16;10;5;1;55;1510034856;55;255;1510034865;0
32;16;10;5;1;55;1510035577;55;255;1510035585;1
32;16;10;5;1;55;1510035643;55;255;1510035651;0
32;16;10;5;1;55;1510035718;55;255;1510035727;1
32;16;10;5;1;55;1510035796;55;255;1510035805;0
32;16;10;5;1;55;1510036518;55;255;1510036527;0
32;16;10;5;1;55;1510036586;55;255;1510036594;0
32;16;10;5;1;55;1510036659;55;255;1510036668;0
32;16;10;5;1;55;1510036736;55;255;1510036745;1
32;16;10;5;1;55;1510037462;55;255;1510037470;0
32;16;10;5;1;55;1510037527;55;255;1510037535;0
32;16;10;5;1;55;1510037600;55;255;1510037608;1
32;16;10;5;1;55;1510037676;55;255;1510037685;0
32;16;10;5;1;55;1510038401;55;255;1510038410;0
32;16;10;5;1;55;1510038470;55;255;1510038479;0
32;16;10;5;1;55;1510038540;55;255;1510038548;0
32;16;10;5;1;55;1510038618;55;255;1510038627;0
32;16;10;5;1;55;1510039344;55;255;1510039352;0
32;16;10;5;1;55;1510039411;55;255;1510039420;0
32;16;10;5;1;55;1510039484;55;255;1510039493;1
32;16;10;5;1;55;1510039558;55;255;1510039567;0
32;16;10;5;1;55;1510040285;55;255;1510040293;0
32;16;10;5;1;55;1510040352;55;255;1510040360;0
32;16;10;5;1;55;1510040426;55;255;1510040435;0
32;16;10;5;1;55;1510040499;55;255;1510040507;0
32;16;10;5;1;55;1510041225;55;255;1510041234;0
32;16;10;5;1;55;1510041294;55;255;1510041303;0
32;16;10;5;1;55;1510041369;55;255;1510041378;0
32;16;10;5;1;55;1510041439;55;255;1510041448;0
32;16;10;5;1;55;1510042169;55;255;1510042177;0
32;16;10;5;1;55;1510042235;55;255;1510042244;0
32;16;10;5;1;55;1510042312;55;255;1510042320;0
32;16;10;5;1;55;1510042382;55;255;1510042390;0
32;16;10;5;1;55;1510043108;55;255;1510043117;0
32;16;10;5;1;55;1510043178;55;255;1510043187;0
32;16;10;5;1;55;1510043252;55;255;1510043260;0
32;16;10;5;1;55;1510043323;55;255;1510043332;1
32;16;10;5;1;55;1510044049;55;255;1510044057;0
32;16;10;5;1;55;1510044122;55;255;1510044130;0
32;16;10;5;1;55;1510044193;55;255;1510044201;0
32;16;10;5;1;55;1510044265;55;255;1510044274;0
32;16;10;5;1;55;1510045016;55;255;1510045024;0
32;16;10;5;1;55;1510045084;55;255;1510045093;0
32;16;10;5;1;55;1510045163;55;255;1510045173;1
32;16;10;5;1;55;1510045248;55;255;1510045257;1
32;16;10;5;1;55;1510046029;55;255;1510046037;1
32;16;10;5;1;55;1510046105;55;255;1510046115;0
32;16;10;5;1;55;1510046182;55;255;1510046192;0
32;16;10;5;1;55;1510046257;55;255;1510046268;1
32;16;10;5;1;55;1510047014;55;255;1510047023;0
32;16;10;5;1;55;1510047027;55;255;1510047035;0
32;16;10;5;1;55;1510047035;55;255;1510047044;0
32;16;10;5;1;55;1510047036;55;255;1510047044;0
32;16;10;5;1;55;1510047998;55;255;1510048006;0
32;16;10;5;1;55;1510048014;55;255;1510048022;0
32;16;10;5;1;55;1510048016;55;255;1510048025;0
32;16;10;5;1;55;1510048021;55;255;1510048030;0
32;16;10;5;1;55;1510048960;55;255;1510048969;1
32;16;10;5;1;55;1510048969;55;255;1510048978;0
32;16;10;5;1;55;1510048975;55;255;1510048984;1
32;16;10;5;1;55;1510048987;55;255;1510048996;0
32;16;10;5;1;55;1510049992;55;255;1510050001;0
32;16;10;5;1;55;1510049998;55;255;1510050006;0
32;16;10;5;1;55;1510050015;55;255;1510050024;0
32;16;10;5;1;55;1510050950;55;255;1510050959;0
32;16;10;5;1;55;1510050955;55;255;1510050964;0
32;16;10;5;1;55;1510050972;55;255;1510050981;0
32;16;10;5;1;55;1510051907;55;255;1510051916;0
32;16;10;5;1;55;1510051913;55;255;1510051922;0
32;16;10;5;1;55;1510051931;55;255;1510051940;0
32;16;10;5;1;55;1510052864;55;255;1510052873;0
32;16;10;5;1;55;1510052871;55;255;1510052880;0
32;16;10;5;1;55;1510052889;55;255;1510052898;0
32;16;10;5;1;55;1510053822;55;255;1510053831;0
32;16;10;5;1;55;1510053828;55;255;1510053837;0
32;16;10;5;1;55;1510053847;55;255;1510053856;0
32;16;10;5;1;55;1510054780;55;255;1510054789;1
32;16;10;5;1;55;1510054790;55;255;1510054799;0
32;16;10;5;1;55;1510054808;55;255;1510054817;0
32;16;10;5;1;55;1510055749;55;255;1510055758;0
32;16;10;5;1;55;1510055760;55;255;1510055769;0
32;16;10;5;1;55;1510055779;55;255;1510055788;0
32;16;10;5;1;55;1510056703;55;255;1510056712;0
32;16;10;5;1;55;1510056726;55;255;1510056734;0
32;16;10;5;1;55;1510056752;55;255;1510056760;0
32;16;10;5;1;55;1510057656;55;255;1510057664;0
32;16;10;5;1;55;1510057677;55;255;1510057685;0
32;16;10;5;1;55;1510057704;55;255;1510057713;0
32;16;10;5;1;55;1510058596;55;255;1510058604;0
32;16;10;5;1;55;1510058618;55;255;1510058626;0
32;16;10;5;1;55;1510058644;55;255;1510058653;0
32;16;10;5;1;55;1510059537;55;255;1510059546;0
32;16;10;5;1;55;1510059558;55;255;1510059566;0
32;16;10;5;1;55;1510059586;55;255;1510059594;1
32;16;10;5;1;55;1510060489;55;255;1510060497;0
32;16;10;5;1;55;1510060510;55;255;1510060518;0
32;16;10;5;1;55;1510060540;55;255;1510060548;0
32;16;10;5;1;55;1510061449;55;255;1510061458;1
32;16;10;5;1;55;1510061466;55;255;1510061474;0
32;16;10;5;1;55;1510061501;55;255;1510061509;0
32;16;10;5;1;55;1510062446;55;255;1510062455;0
32;16;10;5;1;55;1510062451;55;255;1510062460;0
32;16;10;5;1;55;1510062494;55;255;1510062503;0
32;16;10;5;1;55;1510063399;55;255;1510063408;0
32;16;10;5;1;55;1510063404;55;255;1510063413;0
32;16;10;5;1;55;1510063449;55;255;1510063458;0
32;16;10;5;1;55;1510064361;55;255;1510064370;0
32;16;10;5;1;55;1510064364;55;255;1510064372;0
32;16;10;5;1;55;1510064412;55;255;1510064421;0
32;16;10;5;1;55;1510065329;55;255;1510065338;0
32;16;10;5;1;55;1510065330;55;255;1510065339;0
32;16;10;5;1;55;1510065380;55;255;1510065388;0
32;16;10;5;1;55;1510066287;55;255;1510066296;0
32;16;10;5;1;55;1510066289;55;255;1510066298;0
32;16;10;5;1;55;1510066340;55;255;1510066349;0
32;16;10;5;1;55;1510067249;55;255;1510067258;0
32;16;10;5;1;55;1510067252;55;255;1510067260;0
32;16;10;5;1;55;1510067306;55;255;1510067315;0
32;16;10;5;1;55;1510068205;55;255;1510068214;0
32;16;10;5;1;55;1510068208;55;255;1510068217;0
32;16;10;5;1;55;1510068261;55;255;1510068270;0
32;16;10;5;1;55;1510069155;55;255;1510069163;0
32;16;10;5;1;55;1510069160;55;255;1510069169;0
32;16;10;5;1;55;1510069211;55;255;1510069220;0
32;16;10;5;1;55;1510070119;55;255;1510070128;1
32;16;10;5;1;55;1510070135;55;255;1510070144;0
32;16;10;5;1;55;1510070181;55;255;1510070190;0
32;16;10;5;1;55;1510071085;55;255;1510071094;1
32;16;10;5;1;55;1510071095;55;255;1510071104;0
32;16;10;5;1;55;1510071145;55;255;1510071153;0
32;16;10;5;1;55;1510072059;55;255;1510072067;0
32;16;10;5;1;55;1510072064;55;255;1510072073;0
32;16;10;5;1;55;1510072105;55;255;1510072114;0
32;16;10;5;1;55;1510073004;55;255;1510073012;0
32;16;10;5;1;55;1510073010;55;255;1510073018;0
32;16;10;5;1;55;1510073050;55;255;1510073059;0
32;16;10;5;1;55;1510073947;55;255;1510073956;0
32;16;10;5;1;55;1510073953;55;255;1510073962;0
32;16;10;5;1;55;1510073994;55;255;1510074002;0
32;16;10;5;1;55;1510074890;55;255;1510074899;0
32;16;10;5;1;55;1510074896;55;255;1510074904;0
32;16;10;5;1;55;1510074937;55;255;1510074946;0
32;16;10;5;1;55;1510075701;55;255;1510075709;0
32;16;10;5;1;55;1510075868;55;255;1510075877;0
32;16;10;5;1;55;1510075879;55;255;1510075888;0
32;16;10;5;1;55;1510075917;55;255;1510075926;0
32;16;10;5;1;55;1510076643;55;255;1510076652;1
32;16;10;5;1;55;1510076814;55;255;1510076822;0
32;16;10;5;1;55;1510076819;55;255;1510076828;0
32;16;10;5;1;55;1510076860;55;255;1510076868;0
32;16;10;5;1;55;1510077583;55;255;1510077591;0
32;16;10;5;1;55;1510077753;55;255;1510077761;0
32;16;10;5;1;55;1510077760;55;255;1510077769;0
32;16;10;5;1;55;1510077800;55;255;1510077809;0
32;16;10;5;1;55;1510078521;55;255;1510078530;0
32;16;10;5;1;55;1510078692;55;255;1510078701;0
32;16;10;5;1;55;1510078700;55;255;1510078709;0
32;16;10;5;1;55;1510078740;55;255;1510078749;0
32;16;10;5;1;55;1510079462;55;255;1510079470;0
32;16;10;5;1;55;1510079631;55;255;1510079640;0
32;16;10;5;1;55;1510079639;55;255;1510079648;0
32;16;10;5;1;55;1510079680;55;255;1510079689;0
32;16;10;5;1;55;1510080402;55;255;1510080411;0
32;16;10;5;1;55;1510080572;55;255;1510080580;1
32;16;10;5;1;55;1510080578;55;255;1510080587;0
32;16;10;5;1;55;1510080621;55;255;1510080630;0
32;16;10;5;1;55;1510081343;55;255;1510081351;0
32;16;10;5;1;55;1510081511;55;255;1510081519;0
32;16;10;5;1;55;1510081517;55;255;1510081525;0
32;16;10;5;1;55;1510081562;55;255;1510081571;0
32;16;10;5;1;55;1510082282;55;255;1510082290;0
32;16;10;5;1;55;1510082451;55;255;1510082459;1
32;16;10;5;1;55;1510082457;55;255;1510082466;0
32;16;10;5;1;55;1510082502;55;255;1510082511;0
32;16;10;5;1;55;1510083220;55;255;1510083228;0
32;16;10;5;1;55;1510083391;55;255;1510083399;0
32;16;10;5;1;55;1510083400;55;255;1510083408;0
32;16;10;5;1;55;1510083442;55;255;1510083450;0
32;16;10;5;1;55;1510084160;55;255;1510084168;0
32;16;10;5;1;55;1510084329;55;255;1510084338;0
32;16;10;5;1;55;1510084341;55;255;1510084350;0
32;16;10;5;1;55;1510084382;55;255;1510084390;0
32;16;10;5;1;55;1510085098;55;255;1510085107;0
32;16;10;5;1;55;1510085270;55;255;1510085279;0
32;16;10;5;1;55;1510085283;55;255;1510085292;0
32;16;10;5;1;55;1510085321;55;255;1510085330;0
32;16;10;5;1;55;1510086037;55;255;1510086045;1
32;16;10;5;1;55;1510086212;55;255;1510086220;0
32;16;10;5;1;55;1510086224;55;255;1510086233;0
32;16;10;5;1;55;1510086261;55;255;1510086270;0
32;16;10;5;1;55;1510086977;55;255;1510086985;0
32;16;10;5;1;55;1510087152;55;255;1510087161;0
32;16;10;5;1;55;1510087165;55;255;1510087173;0
32;16;10;5;1;55;1510087201;55;255;1510087209;0
32;16;10;5;1;55;1510087916;55;255;1510087925;0
32;16;10;5;1;55;1510088092;55;255;1510088101;0
32;16;10;5;1;55;1510088105;55;255;1510088113;0
32;16;10;5;1;55;1510088140;55;255;1510088148;0
32;16;10;5;1;55;1510088856;55;255;1510088865;0
32;16;10;5;1;55;1510089033;55;255;1510089041;0
32;16;10;5;1;55;1510089045;55;255;1510089053;0
32;16;10;5;1;55;1510089079;55;255;1510089088;0
32;16;10;5;1;55;1510089795;55;255;1510089803;0
32;16;10;5;1;55;1510089972;55;255;1510089980;0
32;16;10;5;1;55;1510089985;55;255;1510089994;0
32;16;10;5;1;55;1510090022;55;255;1510090030;0
32;16;10;5;1;55;1510090733;55;255;1510090742;0
32;16;10;5;1;55;1510090912;55;255;1510090920;0
32;16;10;5;1;55;1510090925;55;255;1510090934;0
32;16;10;5;1;55;1510090964;55;255;1510090972;0
32;16;10;5;1;55;1510091674;55;255;1510091683;0
32;16;10;5;1;55;1510091851;55;255;1510091860;0
32;16;10;5;1;55;1510091866;55;255;1510091875;0
32;16;10;5;1;55;1510091905;55;255;1510091913;0
32;16;10;5;1;55;1510092613;55;255;1510092621;1
32;16;10;5;1;55;1510092792;55;255;1510092800;0
32;16;10;5;1;55;1510092806;55;255;1510092815;0
32;16;10;5;1;55;1510092845;55;255;1510092853;0
32;16;10;5;1;55;1510093552;55;255;1510093561;0
32;16;10;5;1;55;1510093731;55;255;1510093739;0
32;16;10;5;1;55;1510093747;55;255;1510093755;0
32;16;10;5;1;55;1510093787;55;255;1510093795;1
32;16;10;5;1;55;1510094493;55;255;1510094501;0
32;16;10;5;1;55;1510094670;55;255;1510094678;0
32;16;10;5;1;55;1510094686;55;255;1510094694;0
32;16;10;5;1;55;1510094728;55;255;1510094736;0
32;16;10;5;1;55;1510095435;55;255;1510095443;1
32;16;10;5;1;55;1510095609;55;255;1510095618;0
32;16;10;5;1;55;1510095624;55;255;1510095632;1
32;16;10;5;1;55;1510095668;55;255;1510095676;0
32;16;10;5;1;55;1510096378;55;255;1510096386;0
32;16;10;5;1;55;1510096548;55;255;1510096556;0
32;16;10;5;1;55;1510096563;55;255;1510096572;0
32;16;10;5;1;55;1510096608;55;255;1510096616;0
32;16;10;5;1;55;1510097318;55;255;1510097326;0
32;16;10;5;1;55;1510097489;55;255;1510097497;0
32;16;10;5;1;55;1510097502;55;255;1510097511;0
32;16;10;5;1;55;1510097550;55;255;1510097558;0
32;16;10;5;1;55;1510098257;55;255;1510098266;1
32;16;10;5;1;55;1510098431;55;255;1510098439;0
32;16;10;5;1;55;1510098441;55;255;1510098449;0
32;16;10;5;1;55;1510098489;55;255;1510098498;1
32;16;10;5;1;55;1510099197;55;255;1510099206;1
32;16;10;5;1;55;1510099372;55;255;1510099380;0
32;16;10;5;1;55;1510099379;55;255;1510099387;0
32;16;10;5;1;55;1510099430;55;255;1510099439;0
32;16;10;5;1;55;1510100139;55;255;1510100147;0
32;16;10;5;1;55;1510100313;55;255;1510100321;0
32;16;10;5;1;55;1510100317;55;255;1510100326;0
32;16;10;5;1;55;1510100370;55;255;1510100378;0
32;16;10;5;1;55;1510101079;55;255;1510101087;0
32;16;10;5;1;55;1510101252;55;255;1510101260;1
32;16;10;5;1;55;1510101259;55;255;1510101267;1
32;16;10;5;1;55;1510101309;55;255;1510101318;0
32;16;10;5;1;55;1510102019;55;255;1510102027;0
32;16;10;5;1;55;1510102190;55;255;1510102198;0
32;16;10;5;1;55;1510102199;55;255;1510102207;1
32;16;10;5;1;55;1510102252;55;255;1510102260;0
32;16;10;5;1;55;1510102957;55;255;1510102966;0
32;16;10;5;1;55;1510103130;55;255;1510103139;0
32;16;10;5;1;55;1510103138;55;255;1510103147;0
32;16;10;5;1;55;1510103192;55;255;1510103201;0
32;16;10;5;1;55;1510103896;55;255;1510103904;0
32;16;10;5;1;55;1510104069;55;255;1510104078;0
32;16;10;5;1;55;1510104080;55;255;1510104088;0
32;16;10;5;1;55;1510104133;55;255;1510104141;0
32;16;10;5;1;55;1510104834;55;255;1510104843;0
32;16;10;5;1;55;1510105008;55;255;1510105016;0
32;16;10;5;1;55;1510105021;55;255;1510105029;0
32;16;10;5;1;55;1510105072;55;255;1510105081;0
32;16;10;5;1;55;1510105776;55;255;1510105785;0
32;16;10;5;1;55;1510105947;55;255;1510105956;0
32;16;10;5;1;55;1510105960;55;255;1510105968;0
32;16;10;5;1;55;1510106011;55;255;1510106020;1
32;16;10;5;1;55;1510106715;55;255;1510106724;0
32;16;10;5;1;55;1510106890;55;255;1510106899;0
32;16;10;5;1;55;1510106900;55;255;1510106909;0
32;16;10;5;1;55;1510106952;55;255;1510106960;1
32;16;10;5;1;55;1510107654;55;255;1510107662;1
32;16;10;5;1;55;1510107833;55;255;1510107841;0
32;16;10;5;1;55;1510107838;55;255;1510107847;0
32;16;10;5;1;55;1510107893;55;255;1510107902;0
32;16;10;5;1;55;1510108593;55;255;1510108602;1
32;16;10;5;1;55;1510108773;55;255;1510108781;0
32;16;10;5;1;55;1510108778;55;255;1510108787;0
32;16;10;5;1;55;1510108833;55;255;1510108841;0
32;16;10;5;1;55;1510109532;55;255;1510109540;0
32;16;10;5;1;55;1510109714;55;255;1510109723;0
32;16;10;5;1;55;1510109719;55;255;1510109728;0
32;16;10;5;1;55;1510109774;55;255;1510109783;1
32;16;10;5;1;55;1510110472;55;255;1510110481;0
32;16;10;5;1;55;1510110654;55;255;1510110662;0
32;16;10;5;1;55;1510110660;55;255;1510110669;0
32;16;10;5;1;55;1510110715;55;255;1510110723;0
32;16;10;5;1;55;1510111412;55;255;1510111420;0
32;16;10;5;1;55;1510111593;55;255;1510111602;0
32;16;10;5;1;55;1510111602;55;255;1510111610;0
32;16;10;5;1;55;1510111653;55;255;1510111661;0
32;16;10;5;1;55;1510112350;55;255;1510112359;0
32;16;10;5;1;55;1510112537;55;255;1510112546;0
32;16;10;5;1;55;1510112541;55;255;1510112549;0
32;16;10;5;1;55;1510112593;55;255;1510112601;0
32;16;10;5;1;55;1510113288;55;255;1510113296;0
32;16;10;5;1;55;1510113478;55;255;1510113487;0
32;16;10;5;1;55;1510113481;55;255;1510113489;0
32;16;10;5;1;55;1510113533;55;255;1510113541;0
32;16;10;5;1;55;1510114226;55;255;1510114234;0
32;16;10;5;1;55;1510114419;55;255;1510114427;0
32;16;10;5;1;55;1510114422;55;255;1510114431;0
32;16;10;5;1;55;1510114473;55;255;1510114482;0
32;16;10;5;1;55;1510115166;55;255;1510115175;0
32;16;10;5;1;55;1510115359;55;255;1510115367;0
32;16;10;5;1;55;1510115362;55;255;1510115371;0
32;16;10;5;1;55;1510115413;55;255;1510115421;1
32;16;10;5;1;55;1510116108;55;255;1510116116;0
32;16;10;5;1;55;1510116298;55;255;1510116307;0
32;16;10;5;1;55;1510116300;55;255;1510116309;0
32;16;10;5;1;55;1510116352;55;255;1510116360;0
32;16;10;5;1;55;1510117049;55;255;1510117057;1
32;16;10;5;1;55;1510117238;55;255;1510117246;0
32;16;10;5;1;55;1510117242;55;255;1510117250;0
32;16;10;5;1;55;1510117290;55;255;1510117299;1
32;16;10;5;1;55;1510117988;55;255;1510117996;0
32;16;10;5;1;55;1510118178;55;255;1510118187;0
32;16;10;5;1;55;1510118184;55;255;1510118193;0
32;16;10;5;1;55;1510118231;55;255;1510118240;1
32;16;10;5;1;55;1510118931;55;255;1510118940;0
32;16;10;5;1;55;1510119117;55;255;1510119125;0
32;16;10;5;1;55;1510119124;55;255;1510119133;0
32;16;10;5;1;55;1510119169;55;255;1510119178;1
32;16;10;5;1;55;1510119875;55;255;1510119883;0
32;16;10;5;1;55;1510120055;55;255;1510120064;0
32;16;10;5;1;55;1510120063;55;255;1510120072;0
32;16;10;5;1;55;1510120108;55;255;1510120117;0
32;16;10;5;1;55;1510120816;55;255;1510120824;0
32;16;10;5;1;55;1510120995;55;255;1510121004;0
32;16;10;5;1;55;1510121003;55;255;1510121012;0
32;16;10;5;1;55;1510121048;55;255;1510121056;0
32;16;10;5;1;55;1510121756;55;255;1510121765;0
32;16;10;5;1;55;1510121935;55;255;1510121944;0
32;16;10;5;1;55;1510121944;55;255;1510121952;0
32;16;10;5;1;55;1510121987;55;255;1510121995;0
32;16;10;5;1;55;1510122697;55;255;1510122706;0
32;16;10;5;1;55;1510122874;55;255;1510122883;0
32;16;10;5;1;55;1510122883;55;255;1510122891;0
32;16;10;5;1;55;1510122929;55;255;1510122938;0
32;16;10;5;1;55;1510123637;55;255;1510123646;0
32;16;10;5;1;55;1510123815;55;255;1510123824;0
32;16;10;5;1;55;1510123825;55;255;1510123834;0
32;16;10;5;1;55;1510123870;55;255;1510123878;0
32;16;10;5;1;55;1510124578;55;255;1510124586;0
32;16;10;5;1;55;1510124754;55;255;1510124762;0
32;16;10;5;1;55;1510124765;55;255;1510124774;0
32;16;10;5;1;55;1510124809;55;255;1510124818;0
32;16;10;5;1;55;1510125518;55;255;1510125526;0
32;16;10;5;1;55;1510125695;55;255;1510125703;0
32;16;10;5;1;55;1510125705;55;255;1510125713;1
32;16;10;5;1;55;1510125750;55;255;1510125758;0
32;16;10;5;1;55;1510126456;55;255;1510126464;0
32;16;10;5;1;55;1510126634;55;255;1510126643;0
32;16;10;5;1;55;1510126645;55;255;1510126653;0
32;16;10;5;1;55;1510126690;55;255;1510126699;0
32;16;10;5;1;55;1510127396;55;255;1510127405;0
32;16;10;5;1;55;1510127572;55;255;1510127581;0
32;16;10;5;1;55;1510127582;55;255;1510127591;0
32;16;10;5;1;55;1510127633;55;255;1510127641;0
32;16;10;5;1;55;1510128335;55;255;1510128344;0
32;16;10;5;1;55;1510128513;55;255;1510128522;0
32;16;10;5;1;55;1510128522;55;255;1510128531;0
32;16;10;5;1;55;1510128572;55;255;1510128581;0
32;16;10;5;1;55;1510129275;55;255;1510129283;1
32;16;10;5;1;55;1510129455;55;255;1510129463;0
32;16;10;5;1;55;1510129463;55;255;1510129472;0
32;16;10;5;1;55;1510129510;55;255;1510129519;0
32;16;10;5;1;55;1510130251;55;255;1510130260;1
32;16;10;5;1;55;1510130449;55;255;1510130458;0
32;16;10;5;1;55;1510130453;55;255;1510130462;0
32;16;10;5;1;55;1510130501;55;255;1510130511;0
32;16;10;5;1;55;1510131259;55;255;1510131268;0
32;16;10;5;1;55;1510131451;55;255;1510131459;0
32;16;10;5;1;55;1510131457;55;255;1510131467;0
32;16;10;5;1;55;1510131507;55;255;1510131517;0
32;16;10;5;1;55;1510132230;55;255;1510132238;0
32;16;10;5;1;55;1510132419;55;255;1510132427;1
32;16;10;5;1;55;1510132441;55;255;1510132450;0
32;16;10;5;1;55;1510132480;55;255;1510132489;0
32;16;10;5;1;55;1510133228;55;255;1510133236;0
32;16;10;5;1;55;1510133401;55;255;1510133411;1
32;16;10;5;1;55;1510133428;55;255;1510133438;0
32;16;10;5;1;55;1510133478;55;255;1510133488;0
32;16;10;5;1;55;1510134244;55;255;1510134253;0
32;16;10;5;1;55;1510134405;55;255;1510134414;0
32;16;10;5;1;55;1510134438;55;255;1510134447;0
32;16;10;5;1;55;1510134478;55;255;1510134486;0
32;16;10;5;1;55;1510135242;55;255;1510135252;0
32;16;10;5;1;55;1510135414;55;255;1510135423;0
32;16;10;5;1;55;1510135442;55;255;1510135450;0
32;16;10;5;1;55;1510135472;55;255;1510135482;0
32;16;10;5;1;55;1510136237;55;255;1510136246;0
32;16;10;5;1;55;1510136393;55;255;1510136402;0
32;16;10;5;1;55;1510136436;55;255;1510136445;0
32;16;10;5;1;55;1510136463;55;255;1510136472;1
32;16;10;5;1;55;1510137239;55;255;1510137247;0
32;16;10;5;1;55;1510137412;55;255;1510137421;0
32;16;10;5;1;55;1510137427;55;255;1510137436;0
32;16;10;5;1;55;1510137469;55;255;1510137477;0
32;16;10;5;1;55;1510138234;55;255;1510138243;0
32;16;10;5;1;55;1510138417;55;255;1510138426;1
32;16;10;5;1;55;1510138423;55;255;1510138431;0
32;16;10;5;1;55;1510138482;55;255;1510138492;1
32;16;10;5;1;55;1510139229;55;255;1510139238;0
32;16;10;5;1;55;1510139408;55;255;1510139417;1
32;16;10;5;1;55;1510139438;55;255;1510139448;0
32;16;10;5;1;55;1510139474;55;255;1510139483;0
32;16;10;5;1;55;1510140203;55;255;1510140212;0
32;16;10;5;1;55;1510140369;55;255;1510140379;0
32;16;10;5;1;55;1510140443;55;255;1510140453;0
32;16;10;5;1;55;1510140453;55;255;1510140462;0
32;16;10;5;1;55;1510141211;55;255;1510141220;0
32;16;10;5;1;55;1510141346;55;255;1510141355;0
32;16;10;5;1;55;1510141421;55;255;1510141430;0
32;16;10;5;1;55;1510141438;55;255;1510141446;0
32;16;10;5;1;55;1510142190;55;255;1510142199;0
32;16;10;5;1;55;1510142359;55;255;1510142370;0
32;16;10;5;1;55;1510142401;55;255;1510142410;1
32;16;10;5;1;55;1510142462;55;255;1510142471;0
32;16;10;5;1;55;1510143231;55;255;1510143241;0
32;16;10;5;1;55;1510143416;55;255;1510143425;0
32;16;10;5;1;55;1510143449;55;255;1510143458;0
32;16;10;5;1;55;1510143517;55;255;1510143526;0
32;16;10;5;1;55;1510144219;55;255;1510144228;1
32;16;10;5;1;55;1510144389;55;255;1510144398;0
32;16;10;5;1;55;1510144419;55;255;1510144427;0
32;16;10;5;1;55;1510144494;55;255;1510144503;0
32;16;10;5;1;55;1510145164;55;255;1510145173;0
32;16;10;5;1;55;1510145332;55;255;1510145341;0
32;16;10;5;1;55;1510145363;55;255;1510145372;0
32;16;10;5;1;55;1510145439;55;255;1510145447;0
32;16;10;5;1;55;1510146104;55;255;1510146112;0
32;16;10;5;1;55;1510146275;55;255;1510146284;0
32;16;10;5;1;55;1510146306;55;255;1510146315;0
32;16;10;5;1;55;1510146380;55;255;1510146389;1
32;16;10;5;1;55;1510147053;55;255;1510147061;0
32;16;10;5;1;55;1510147234;55;255;1510147242;0
32;16;10;5;1;55;1510147268;55;255;1510147276;0
32;16;10;5;1;55;1510147345;55;255;1510147354;0
32;16;10;5;1;55;1510148033;55;255;1510148042;0
32;16;10;5;1;55;1510148216;55;255;1510148225;0
32;16;10;5;1;55;1510148237;55;255;1510148245;0
32;16;10;5;1;55;1510148316;55;255;1510148325;0
32;16;10;5;1;55;1510149008;55;255;1510149017;0
32;16;10;5;1;55;1510149180;55;255;1510149189;1
32;16;10;5;1;55;1510149197;55;255;1510149206;0
32;16;10;5;1;55;1510149275;55;255;1510149283;0
32;16;10;5;1;55;1510149952;55;255;1510149961;0
32;16;10;5;1;55;1510150128;55;255;1510150136;0
32;16;10;5;1;55;1510150138;55;255;1510150146;0
32;16;10;5;1;55;1510150218;55;255;1510150226;0
32;16;10;5;1;55;1510150906;55;255;1510150915;0
32;16;10;5;1;55;1510151092;55;255;1510151101;0
32;16;10;5;1;55;1510151103;55;255;1510151112;0
32;16;10;5;1;55;1510151189;55;255;1510151198;0
32;16;10;5;1;55;1510151878;55;255;1510151888;0
32;16;10;5;1;55;1510152064;55;255;1510152073;0
32;16;10;5;1;55;1510152079;55;255;1510152088;0
32;16;10;5;1;55;1510152164;55;255;1510152173;0
32;16;10;5;1;55;1510152873;55;255;1510152882;1
32;16;10;5;1;55;1510153044;55;255;1510153052;0
32;16;10;5;1;55;1510153065;55;255;1510153073;0
32;16;10;5;1;55;1510153138;55;255;1510153146;0
32;16;10;5;1;55;1510153836;55;255;1510153845;0
32;16;10;5;1;55;1510154017;55;255;1510154027;0
32;16;10;5;1;55;1510154039;55;255;1510154048;0
32;16;10;5;1;55;1510154109;55;255;1510154118;0
32;16;10;5;1;55;1510154806;55;255;1510154815;1
32;16;10;5;1;55;1510154979;55;255;1510154988;0
32;16;10;5;1;55;1510155004;55;255;1510155013;0
32;16;10;5;1;55;1510155071;55;255;1510155080;0
32;16;10;5;1;55;1510155768;55;255;1510155777;0
32;16;10;5;1;55;1510155941;55;255;1510155951;0
32;16;10;5;1;55;1510155973;55;255;1510155982;0
32;16;10;5;1;55;1510156043;55;255;1510156052;0
32;16;10;5;1;55;1510156751;55;255;1510156761;0
32;16;10;5;1;55;1510156938;55;255;1510156947;0
32;16;10;5;1;55;1510156957;55;255;1510156966;0
32;16;10;5;1;55;1510157034;55;255;1510157043;0
32;16;10;5;1;55;1510157743;55;255;1510157752;0
32;16;10;5;1;55;1510157921;55;255;1510157929;0
32;16;10;5;1;55;1510157946;55;255;1510157955;0
32;16;10;5;1;55;1510158019;55;255;1510158029;0
32;16;10;5;1;55;1510158705;55;255;1510158713;0
32;16;10;5;1;55;1510158885;55;255;1510158893;1
32;16;10;5;1;55;1510158918;55;255;1510158927;0
32;16;10;5;1;55;1510158982;55;255;1510158991;0
32;16;10;5;1;55;1510159657;55;255;1510159666;0
32;16;10;5;1;55;1510159844;55;255;1510159853;0
32;16;10;5;1;55;1510159875;55;255;1510159886;0
32;16;10;5;1;55;1510159945;55;255;1510159954;0
32;16;10;5;1;55;1510160641;55;255;1510160650;1
32;16;10;5;1;55;1510160816;55;255;1510160825;0
32;16;10;5;1;55;1510160849;55;255;1510160858;0
32;16;10;5;1;55;1510160917;55;255;1510160926;0
32;16;10;5;1;55;1510161620;55;255;1510161629;0
32;16;10;5;1;55;1510161796;55;255;1510161804;0
32;16;10;5;1;55;1510161833;55;255;1510161842;0
32;16;10;5;1;55;1510161892;55;255;1510161901;0
32;16;10;5;1;55;1510162583;55;255;1510162591;0
32;16;10;5;1;55;1510162761;55;255;1510162770;1
32;16;10;5;1;55;1510162802;55;255;1510162811;0
32;16;10;5;1;55;1510162854;55;255;1510162862;0
32;16;10;5;1;55;1510163531;55;255;1510163540;0
32;16;10;5;1;55;1510163713;55;255;1510163721;1
32;16;10;5;1;55;1510163774;55;255;1510163782;0
32;16;10;5;1;55;1510163801;55;255;1510163810;0
32;16;10;5;1;55;1510164472;55;255;1510164481;0
32;16;10;5;1;55;1510164656;55;255;1510164665;0
32;16;10;5;1;55;1510164716;55;255;1510164725;0
32;16;10;5;1;55;1510164746;55;255;1510164755;0
32;16;10;5;1;55;1510165416;55;255;1510165424;1
32;16;10;5;1;55;1510165598;55;255;1510165606;1
32;16;10;5;1;55;1510165659;55;255;1510165668;0
32;16;10;5;1;55;1510165689;55;255;1510165697;0
32;16;10;5;1;55;1510166359;55;255;1510166368;0
32;16;10;5;1;55;1510166540;55;255;1510166548;0
32;16;10;5;1;55;1510166602;55;255;1510166610;0
32;16;10;5;1;55;1510166632;55;255;1510166641;1
32;16;10;5;1;55;1510167301;55;255;1510167310;0
32;16;10;5;1;55;1510167482;55;255;1510167490;0
32;16;10;5;1;55;1510167544;55;255;1510167553;0
32;16;10;5;1;55;1510167577;55;255;1510167586;0
32;16;10;5;1;55;1510168244;55;255;1510168253;1
32;16;10;5;1;55;1510168424;55;255;1510168433;0
32;16;10;5;1;55;1510168487;55;255;1510168495;1
32;16;10;5;1;55;1510168520;55;255;1510168528;0
32;16;10;5;1;55;1510169185;55;255;1510169194;0
32;16;10;5;1;55;1510169366;55;255;1510169375;0
32;16;10;5;1;55;1510169430;55;255;1510169438;0
32;16;10;5;1;55;1510169461;55;255;1510169469;0
32;16;10;5;1;55;1510170129;55;255;1510170137;0
32;16;10;5;1;55;1510170309;55;255;1510170318;0
32;16;10;5;1;55;1510170373;55;255;1510170381;0
32;16;10;5;1;55;1510170403;55;255;1510170412;0
32;16;10;5;1;55;1510171072;55;255;1510171080;0
32;16;10;5;1;55;1510171252;55;255;1510171260;0
32;16;10;5;1;55;1510171317;55;255;1510171326;0
32;16;10;5;1;55;1510171345;55;255;1510171353;1
32;16;10;5;1;55;1510172011;55;255;1510172020;0
32;16;10;5;1;55;1510172194;55;255;1510172202;1
32;16;10;5;1;55;1510172260;55;255;1510172268;0
32;16;10;5;1;55;1510172289;55;255;1510172298;0
32;16;10;5;1;55;1510172955;55;255;1510172964;0
32;16;10;5;1;55;1510173135;55;255;1510173144;0
32;16;10;5;1;55;1510173203;55;255;1510173211;0
32;16;10;5;1;55;1510173233;55;255;1510173242;0
32;16;10;5;1;55;1510173899;55;255;1510173907;1
32;16;10;5;1;55;1510174076;55;255;1510174085;0
32;16;10;5;1;55;1510174146;55;255;1510174154;0
32;16;10;5;1;55;1510174174;55;255;1510174182;0
32;16;10;5;1;55;1510174843;55;255;1510174851;0
32;16;10;5;1;55;1510175019;55;255;1510175028;0
32;16;10;5;1;55;1510175089;55;255;1510175097;0
32;16;10;5;1;55;1510175115;55;255;1510175124;0
32;16;10;5;1;55;1510175786;55;255;1510175795;0
32;16;10;5;1;55;1510175960;55;255;1510175968;0
32;16;10;5;1;55;1510176031;55;255;1510176039;0
32;16;10;5;1;55;1510176056;55;255;1510176064;0
32;16;10;5;1;55;1510176731;55;255;1510176740;0
32;16;10;5;1;55;1510176902;55;255;1510176911;0
32;16;10;5;1;55;1510176972;55;255;1510176981;0
32;16;10;5;1;55;1510176998;55;255;1510177006;0
32;16;10;5;1;55;1510177673;55;255;1510177682;0
32;16;10;5;1;55;1510177845;55;255;1510177853;0
32;16;10;5;1;55;1510177915;55;255;1510177924;0
32;16;10;5;1;55;1510177938;55;255;1510177947;0
32;16;10;5;1;55;1510178616;55;255;1510178625;0
32;16;10;5;1;55;1510178789;55;255;1510178798;0
32;16;10;5;1;55;1510178856;55;255;1510178864;0
32;16;10;5;1;55;1510178881;55;255;1510178889;0
32;16;10;5;1;55;1510179559;55;255;1510179568;0
32;16;10;5;1;55;1510179732;55;255;1510179740;0
32;16;10;5;1;55;1510179796;55;255;1510179804;0
32;16;10;5;1;55;1510179821;55;255;1510179830;0
32;16;10;5;1;55;1510180502;55;255;1510180510;0
32;16;10;5;1;55;1510180674;55;255;1510180682;0
32;16;10;5;1;55;1510180738;55;255;1510180746;0
32;16;10;5;1;55;1510180764;55;255;1510180773;0
32;16;10;5;1;55;1510181446;55;255;1510181455;0
32;16;10;5;1;55;1510181615;55;255;1510181624;0
32;16;10;5;1;55;1510181680;55;255;1510181689;0
32;16;10;5;1;55;1510181707;55;255;1510181716;0
32;16;10;5;1;55;1510182390;55;255;1510182399;0
32;16;10;5;1;55;1510182558;55;255;1510182567;0
32;16;10;5;1;55;1510182623;55;255;1510182632;0
32;16;10;5;1;55;1510182650;55;255;1510182658;0
32;16;10;5;1;55;1510183334;55;255;1510183342;0
32;16;10;5;1;55;1510183499;55;255;1510183508;0
32;16;10;5;1;55;1510183565;55;255;1510183573;0
32;16;10;5;1;55;1510183590;55;255;1510183599;0
32;16;10;5;1;55;1510184277;55;255;1510184285;0
32;16;10;5;1;55;1510184443;55;255;1510184451;0
32;16;10;5;1;55;1510184506;55;255;1510184515;0
32;16;10;5;1;55;1510184532;55;255;1510184541;0
32;16;10;5;1;55;1510185220;55;255;1510185229;0
32;16;10;5;1;55;1510185386;55;255;1510185394;0
32;16;10;5;1;55;1510185450;55;255;1510185459;0
32;16;10;5;1;55;1510185472;55;255;1510185481;0
32;16;10;5;1;55;1510186162;55;255;1510186170;0
32;16;10;5;1;55;1510186330;55;255;1510186339;0
32;16;10;5;1;55;1510186392;55;255;1510186401;0
32;16;10;5;1;55;1510186415;55;255;1510186424;0
32;16;10;5;1;55;1510187104;55;255;1510187113;0
32;16;10;5;1;55;1510187273;55;255;1510187281;0
32;16;10;5;1;55;1510187332;55;255;1510187340;0
32;16;10;5;1;55;1510187356;55;255;1510187364;0
32;16;10;5;1;55;1510188046;55;255;1510188055;0
32;16;10;5;1;55;1510188216;55;255;1510188224;0
32;16;10;5;1;55;1510188274;55;255;1510188283;0
32;16;10;5;1;55;1510188299;55;255;1510188308;0
32;16;10;5;1;55;1510188987;55;255;1510188995;0
32;16;10;5;1;55;1510189159;55;255;1510189167;0
32;16;10;5;1;55;1510189216;55;255;1510189224;0
32;16;10;5;1;55;1510189243;55;255;1510189252;0
32;16;10;5;1;55;1510189927;55;255;1510189936;0
32;16;10;5;1;55;1510190101;55;255;1510190109;0
32;16;10;5;1;55;1510190156;55;255;1510190165;0
32;16;10;5;1;55;1510190187;55;255;1510190195;1
32;16;10;5;1;55;1510190868;55;255;1510190876;0
32;16;10;5;1;55;1510191043;55;255;1510191052;0
32;16;10;5;1;55;1510191096;55;255;1510191104;0
32;16;10;5;1;55;1510191130;55;255;1510191139;0
32;16;10;5;1;55;1510191810;55;255;1510191819;0
32;16;10;5;1;55;1510191988;55;255;1510191996;1
32;16;10;5;1;55;1510192036;55;255;1510192045;0
32;16;10;5;1;55;1510192073;55;255;1510192082;0
32;16;10;5;1;55;1510192753;55;255;1510192762;0
32;16;10;5;1;55;1510192929;55;255;1510192938;0
32;16;10;5;1;55;1510192978;55;255;1510192987;0
32;16;10;5;1;55;1510193017;55;255;1510193026;0
32;16;10;5;1;55;1510193694;55;255;1510193702;0
32;16;10;5;1;55;1510193871;55;255;1510193880;0
32;16;10;5;1;55;1510193920;55;255;1510193929;0
32;16;10;5;1;55;1510193959;55;255;1510193968;1
32;16;10;5;1;55;1510194634;55;255;1510194643;1
32;16;10;5;1;55;1510194814;55;255;1510194822;0
32;16;10;5;1;55;1510194862;55;255;1510194870;1
32;16;10;5;1;55;1510194903;55;255;1510194911;0
32;16;10;5;1;55;1510195578;55;255;1510195586;0
32;16;10;5;1;55;1510195757;55;255;1510195766;0
32;16;10;5;1;55;1510195805;55;255;1510195814;0
32;16;10;5;1;55;1510195843;55;255;1510195851;0
32;16;10;5;1;55;1510196521;55;255;1510196529;0
32;16;10;5;1;55;1510196701;55;255;1510196710;0
32;16;10;5;1;55;1510196748;55;255;1510196757;0
32;16;10;5;1;55;1510196783;55;255;1510196791;0
32;16;10;5;1;55;1510197464;55;255;1510197472;0
32;16;10;5;1;55;1510197642;55;255;1510197651;0
32;16;10;5;1;55;1510197691;55;255;1510197700;0
32;16;10;5;1;55;1510197723;55;255;1510197732;0
32;16;10;5;1;55;1510198405;55;255;1510198413;0
32;16;10;5;1;55;1510198583;55;255;1510198592;1
32;16;10;5;1;55;1510198637;55;255;1510198645;0
32;16;10;5;1;55;1510198665;55;255;1510198674;0
32;16;10;5;1;55;1510199345;55;255;1510199354;0
32;16;10;5;1;55;1510199524;55;255;1510199532;0
32;16;10;5;1;55;1510199583;55;255;1510199591;1
32;16;10;5;1;55;1510199607;55;255;1510199616;0
32;16;10;5;1;55;1510200288;55;255;1510200297;0
32;16;10;5;1;55;1510200466;55;255;1510200474;0
32;16;10;5;1;55;1510200528;55;255;1510200537;1
32;16;10;5;1;55;1510200547;55;255;1510200555;0
32;16;10;5;1;55;1510201229;55;255;1510201237;0
32;16;10;5;1;55;1510201405;55;255;1510201414;0
32;16;10;5;1;55;1510201471;55;255;1510201480;0
32;16;10;5;1;55;1510201487;55;255;1510201496;0
32;16;10;5;1;55;1510202171;55;255;1510202180;1
32;16;10;5;1;55;1510202349;55;255;1510202357;0
32;16;10;5;1;55;1510202414;55;255;1510202422;1
32;16;10;5;1;55;1510202431;55;255;1510202439;0
32;16;10;5;1;55;1510203113;55;255;1510203121;1
32;16;10;5;1;55;1510203293;55;255;1510203302;0
32;16;10;5;1;55;1510203355;55;255;1510203363;1
32;16;10;5;1;55;1510203374;55;255;1510203383;0
32;16;10;5;1;55;1510204054;55;255;1510204062;0
32;16;10;5;1;55;1510204236;55;255;1510204244;0
32;16;10;5;1;55;1510204297;55;255;1510204305;0
32;16;10;5;1;55;1510204319;55;255;1510204328;0
32;16;10;5;1;55;1510204996;55;255;1510205004;0
32;16;10;5;1;55;1510205175;55;255;1510205184;0
32;16;10;5;1;55;1510205240;55;255;1510205248;0
32;16;10;5;1;55;1510205262;55;255;1510205270;1
32;16;10;5;1;55;1510205939;55;255;1510205947;0
32;16;10;5;1;55;1510206118;55;255;1510206126;0
32;16;10;5;1;55;1510206184;55;255;1510206193;0
32;16;10;5;1;55;1510206206;55;255;1510206214;0
32;16;10;5;1;55;1510206881;55;255;1510206889;0
32;16;10;5;1;55;1510207060;55;255;1510207068;0
32;16;10;5;1;55;1510207127;55;255;1510207135;0
32;16;10;5;1;55;1510207148;55;255;1510207157;0
32;16;10;5;1;55;1510207823;55;255;1510207831;0
32;16;10;5;1;55;1510208003;55;255;1510208011;0
32;16;10;5;1;55;1510208070;55;255;1510208078;1
32;16;10;5;1;55;1510208089;55;255;1510208098;0
32;16;10;5;1;55;1510208762;55;255;1510208771;0
32;16;10;5;1;55;1510208946;55;255;1510208954;0
32;16;10;5;1;55;1510209010;55;255;1510209019;1
32;16;10;5;1;55;1510209031;55;255;1510209039;0
32;16;10;5;1;55;1510209705;55;255;1510209713;0
32;16;10;5;1;55;1510209887;55;255;1510209896;0
32;16;10;5;1;55;1510209954;55;255;1510209963;0
32;16;10;5;1;55;1510209973;55;255;1510209982;0
32;16;10;5;1;55;1510210649;55;255;1510210657;0
32;16;10;5;1;55;1510210828;55;255;1510210836;0
32;16;10;5;1;55;1510210896;55;255;1510210905;1
32;16;10;5;1;55;1510210918;55;255;1510210926;0
32;16;10;5;1;55;1510211591;55;255;1510211600;0
32;16;10;5;1;55;1510211770;55;255;1510211778;0
32;16;10;5;1;55;1510211837;55;255;1510211845;0
32;16;10;5;1;55;1510211858;55;255;1510211867;0
32;16;10;5;1;55;1510212533;55;255;1510212542;0
32;16;10;5;1;55;1510212712;55;255;1510212721;0
32;16;10;5;1;55;1510212778;55;255;1510212787;0
32;16;10;5;1;55;1510212801;55;255;1510212809;0
32;16;10;5;1;55;1510213475;55;255;1510213484;0
32;16;10;5;1;55;1510213655;55;255;1510213663;0
32;16;10;5;1;55;1510213721;55;255;1510213730;0
32;16;10;5;1;55;1510213744;55;255;1510213753;0
32;16;10;5;1;55;1510214418;55;255;1510214427;1
32;16;10;5;1;55;1510214598;55;255;1510214606;0
32;16;10;5;1;55;1510214663;55;255;1510214672;0
32;16;10;5;1;55;1510214688;55;255;1510214697;0
32;16;10;5;1;55;1510215360;55;255;1510215369;0
32;16;10;5;1;55;1510215538;55;255;1510215546;0
32;16;10;5;1;55;1510215604;55;255;1510215613;0
32;16;10;5;1;55;1510215632;55;255;1510215640;0
32;16;10;5;1;55;1510216302;55;255;1510216311;0
32;16;10;5;1;55;1510216480;55;255;1510216488;0
32;16;10;5;1;55;1510216546;55;255;1510216554;0
32;16;10;5;1;55;1510216573;55;255;1510216582;1
32;16;10;5;1;55;1510217246;55;255;1510217254;0
32;16;10;5;1;55;1510217421;55;255;1510217430;0
32;16;10;5;1;55;1510217487;55;255;1510217496;0
32;16;10;5;1;55;1510217518;55;255;1510217527;0
32;16;10;5;1;55;1510218188;55;255;1510218196;0
32;16;10;5;1;55;1510218364;55;255;1510218373;0
32;16;10;5;1;55;1510218430;55;255;1510218438;0
32;16;10;5;1;55;1510218460;55;255;1510218469;0
32;16;10;5;1;55;1510219145;55;255;1510219154;0
32;16;10;5;1;55;1510219338;55;255;1510219348;0
32;16;10;5;1;55;1510219392;55;255;1510219402;0
32;16;10;5;1;55;1510219428;55;255;1510219437;0
32;16;10;5;1;55;1510220154;55;255;1510220164;0
32;16;10;5;1;55;1510220350;55;255;1510220359;0
32;16;10;5;1;55;1510220405;55;255;1510220414;0
32;16;10;5;1;55;1510220443;55;255;1510220452;0
32;16;10;5;1;55;1510221153;55;255;1510221161;0
32;16;10;5;1;55;1510221336;55;255;1510221345;0
32;16;10;5;1;55;1510221382;55;255;1510221390;1
32;16;10;5;1;55;1510221436;55;255;1510221445;0
32;16;10;5;1;55;1510222142;55;255;1510222152;0
32;16;10;5;1;55;1510222336;55;255;1510222345;1
32;16;10;5;1;55;1510222388;55;255;1510222398;0
32;16;10;5;1;55;1510222457;55;255;1510222466;0
32;16;10;5;1;55;1510223151;55;255;1510223160;1
32;16;10;5;1;55;1510223348;55;255;1510223357;1
32;16;10;5;1;55;1510223401;55;255;1510223410;0
32;16;10;5;1;55;1510223465;55;255;1510223473;0
32;16;10;5;1;55;1510224165;55;255;1510224173;1
32;16;10;5;1;55;1510224360;55;255;1510224369;0
32;16;10;5;1;55;1510224417;55;255;1510224426;1
32;16;10;5;1;55;1510224474;55;255;1510224483;1
32;16;10;5;1;55;1510225170;55;255;1510225178;0
32;16;10;5;1;55;1510225361;55;255;1510225370;0
32;16;10;5;1;55;1510225416;55;255;1510225424;0
32;16;10;5;1;55;1510225462;55;255;1510225471;0
32;16;10;5;1;55;1510226179;55;255;1510226189;0
32;16;10;5;1;55;1510226371;55;255;1510226381;0
32;16;10;5;1;55;1510226421;55;255;1510226429;0
32;16;10;5;1;55;1510226478;55;255;1510226488;0
32;16;10;5;1;55;1510227195;55;255;1510227205;0
32;16;10;5;1;55;1510253156;55;255;1510253165;0
32;16;10;5;1;55;1510253161;55;255;1510253170;0
32;16;10;5;1;55;1510253169;55;255;1510253178;0
32;16;10;5;1;55;1510253169;55;255;1510253178;0
32;16;10;5;1;55;1510254110;55;255;1510254118;0
32;16;10;5;1;55;1510254112;55;255;1510254120;0
32;16;10;5;1;55;1510254114;55;255;1510254123;0
32;16;10;5;1;55;1510254133;55;255;1510254141;0
32;16;10;5;1;55;1510255044;55;255;1510255052;0
32;16;10;5;1;55;1510255044;55;255;1510255053;0
32;16;10;5;1;55;1510255045;55;255;1510255053;0
32;16;10;5;1;55;1510255068;55;255;1510255076;0
32;16;10;5;1;55;1510255976;55;255;1510255984;1
32;16;10;5;1;55;1510255976;55;255;1510255984;0
32;16;10;5;1;55;1510255980;55;255;1510255989;1
32;16;10;5;1;55;1510256002;55;255;1510256010;0
32;16;10;5;1;55;1510256906;55;255;1510256915;0
32;16;10;5;1;55;1510256908;55;255;1510256917;0
32;16;10;5;1;55;1510256916;55;255;1510256924;0
32;16;10;5;1;55;1510256936;55;255;1510256945;0
32;16;10;5;1;55;1510257837;55;255;1510257846;1
32;16;10;5;1;55;1510257840;55;255;1510257849;0
32;16;10;5;1;55;1510257851;55;255;1510257860;0
32;16;10;5;1;55;1510257872;55;255;1510257880;0
32;16;10;5;1;55;1510258768;55;255;1510258777;0
32;16;10;5;1;55;1510258772;55;255;1510258780;0
32;16;10;5;1;55;1510258787;55;255;1510258795;0
32;16;10;5;1;55;1510258807;55;255;1510258815;0
32;16;10;5;1;55;1510259699;55;255;1510259707;0
32;16;10;5;1;55;1510259704;55;255;1510259712;0
32;16;10;5;1;55;1510259722;55;255;1510259731;0
32;16;10;5;1;55;1510259741;55;255;1510259750;0
32;16;10;5;1;55;1510260630;55;255;1510260638;0
32;16;10;5;1;55;1510260637;55;255;1510260645;0
32;16;10;5;1;55;1510260658;55;255;1510260667;0
32;16;10;5;1;55;1510260676;55;255;1510260685;0
32;16;10;5;1;55;1510261562;55;255;1510261570;0
32;16;10;5;1;55;1510261568;55;255;1510261577;0
32;16;10;5;1;55;1510261594;55;255;1510261603;0
32;16;10;5;1;55;1510261613;55;255;1510261621;0
32;16;10;5;1;55;1510262493;55;255;1510262501;0
32;16;10;5;1;55;1510262499;55;255;1510262508;0
32;16;10;5;1;55;1510262529;55;255;1510262538;0
32;16;10;5;1;55;1510262548;55;255;1510262556;0
32;16;10;5;1;55;1510263424;55;255;1510263432;0
32;16;10;5;1;55;1510263431;55;255;1510263439;0
32;16;10;5;1;55;1510263464;55;255;1510263473;0
32;16;10;5;1;55;1510263483;55;255;1510263492;0
32;16;10;5;1;55;1510264354;55;255;1510264363;0
32;16;10;5;1;55;1510264363;55;255;1510264371;0
32;16;10;5;1;55;1510264401;55;255;1510264410;0
32;16;10;5;1;55;1510264418;55;255;1510264427;0
32;16;10;5;1;55;1510265287;55;255;1510265295;0
32;16;10;5;1;55;1510265294;55;255;1510265303;0
32;16;10;5;1;55;1510265337;55;255;1510265346;0
32;16;10;5;1;55;1510265353;55;255;1510265362;0
32;16;10;5;1;55;1510266217;55;255;1510266226;0
32;16;10;5;1;55;1510266225;55;255;1510266234;1
32;16;10;5;1;55;1510266273;55;255;1510266282;0
32;16;10;5;1;55;1510266289;55;255;1510266297;0
32;16;10;5;1;55;1510267148;55;255;1510267156;0
32;16;10;5;1;55;1510267157;55;255;1510267166;1
32;16;10;5;1;55;1510267209;55;255;1510267218;0
32;16;10;5;1;55;1510267223;55;255;1510267232;0
32;16;10;5;1;55;1510268079;55;255;1510268087;0
32;16;10;5;1;55;1510268089;55;255;1510268097;0
32;16;10;5;1;55;1510268147;55;255;1510268156;0
32;16;10;5;1;55;1510268158;55;255;1510268167;0
32;16;10;5;1;55;1510269010;55;255;1510269018;0
32;16;10;5;1;55;1510269020;55;255;1510269029;0
32;16;10;5;1;55;1510269084;55;255;1510269093;1
32;16;10;5;1;55;1510269093;55;255;1510269102;0
32;16;10;5;1;55;1510269941;55;255;1510269950;0
32;16;10;5;1;55;1510269952;55;255;1510269960;0
32;16;10;5;1;55;1510270022;55;255;1510270030;0
32;16;10;5;1;55;1510270029;55;255;1510270038;0
32;16;10;5;1;55;1510270872;55;255;1510270881;0
32;16;10;5;1;55;1510270885;55;255;1510270894;0
32;16;10;5;1;55;1510270959;55;255;1510270967;0
32;16;10;5;1;55;1510270965;55;255;1510270973;0
32;16;10;5;1;55;1510271803;55;255;1510271812;0
32;16;10;5;1;55;1510271820;55;255;1510271828;0
32;16;10;5;1;55;1510271893;55;255;1510271901;0
32;16;10;5;1;55;1510271900;55;255;1510271909;0
32;16;10;5;1;55;1510272736;55;255;1510272744;0
32;16;10;5;1;55;1510272756;55;255;1510272765;0
32;16;10;5;1;55;1510272824;55;255;1510272833;0
32;16;10;5;1;55;1510272835;55;255;1510272844;0
32;16;10;5;1;55;1510273666;55;255;1510273675;0
32;16;10;5;1;55;1510273693;55;255;1510273702;0
32;16;10;5;1;55;1510273756;55;255;1510273764;0
32;16;10;5;1;55;1510273773;55;255;1510273781;0
32;16;10;5;1;55;1510274597;55;255;1510274606;0
32;16;10;5;1;55;1510274629;55;255;1510274638;1
32;16;10;5;1;55;1510274687;55;255;1510274696;0
32;16;10;5;1;55;1510274709;55;255;1510274718;0
32;16;10;5;1;55;1510275528;55;255;1510275536;0
32;16;10;5;1;55;1510275567;55;255;1510275575;0
32;16;10;5;1;55;1510275620;55;255;1510275629;0
32;16;10;5;1;55;1510275643;55;255;1510275651;1
32;16;10;5;1;55;1510276460;55;255;1510276468;0
32;16;10;5;1;55;1510276503;55;255;1510276511;1
32;16;10;5;1;55;1510276557;55;255;1510276566;0
32;16;10;5;1;55;1510276574;55;255;1510276583;0
32;16;10;5;1;55;1510277392;55;255;1510277400;0
32;16;10;5;1;55;1510277440;55;255;1510277448;0
32;16;10;5;1;55;1510277493;55;255;1510277501;0
32;16;10;5;1;55;1510277505;55;255;1510277514;0
32;16;10;5;1;55;1510278323;55;255;1510278331;1
32;16;10;5;1;55;1510278376;55;255;1510278385;1
32;16;10;5;1;55;1510278429;55;255;1510278437;0
32;16;10;5;1;55;1510278437;55;255;1510278445;0
32;16;10;5;1;55;1510279254;55;255;1510279262;0
32;16;10;5;1;55;1510279313;55;255;1510279322;0
32;16;10;5;1;55;1510279364;55;255;1510279373;0
32;16;10;5;1;55;1510279368;55;255;1510279377;0
32;16;10;5;1;55;1510280185;55;255;1510280193;0
32;16;10;5;1;55;1510280250;55;255;1510280259;0
32;16;10;5;1;55;1510280300;55;255;1510280308;0
32;16;10;5;1;55;1510280300;55;255;1510280308;0
32;16;10;5;1;55;1510281115;55;255;1510281124;0
32;16;10;5;1;55;1510281187;55;255;1510281196;0
32;16;10;5;1;55;1510281231;55;255;1510281240;0
32;16;10;5;1;55;1510281236;55;255;1510281244;0
32;16;10;5;1;55;1510282046;55;255;1510282054;0
32;16;10;5;1;55;1510282127;55;255;1510282136;0
32;16;10;5;1;55;1510282163;55;255;1510282171;0
32;16;10;5;1;55;1510282171;55;255;1510282180;0
32;16;10;5;1;55;1510282977;55;255;1510282986;0
32;16;10;5;1;55;1510283066;55;255;1510283074;0
32;16;10;5;1;55;1510283094;55;255;1510283103;1
32;16;10;5;1;55;1510283107;55;255;1510283115;0
32;16;10;5;1;55;1510283908;55;255;1510283916;0
32;16;10;5;1;55;1510284003;55;255;1510284011;0
32;16;10;5;1;55;1510284026;55;255;1510284034;0
32;16;10;5;1;55;1510284042;55;255;1510284051;0
32;16;10;5;1;55;1510284839;55;255;1510284847;0
32;16;10;5;1;55;1510284941;55;255;1510284949;0
32;16;10;5;1;55;1510284958;55;255;1510284966;0
32;16;10;5;1;55;1510284977;55;255;1510284986;0
32;16;10;5;1;55;1510285769;55;255;1510285778;0
32;16;10;5;1;55;1510285878;55;255;1510285887;0
32;16;10;5;1;55;1510285893;55;255;1510285902;0
32;16;10;5;1;55;1510285909;55;255;1510285917;0
32;16;10;5;1;55;1510286700;55;255;1510286709;0
32;16;10;5;1;55;1510286815;55;255;1510286824;1
32;16;10;5;1;55;1510286830;55;255;1510286839;0
32;16;10;5;1;55;1510286840;55;255;1510286849;0
32;16;10;5;1;55;1510287631;55;255;1510287640;1
32;16;10;5;1;55;1510287753;55;255;1510287761;0
32;16;10;5;1;55;1510287766;55;255;1510287775;0
32;16;10;5;1;55;1510287772;55;255;1510287781;1
32;16;10;5;1;55;1510288563;55;255;1510288572;0
32;16;10;5;1;55;1510288690;55;255;1510288699;0
32;16;10;5;1;55;1510288702;55;255;1510288710;0
32;16;10;5;1;55;1510288703;55;255;1510288712;0
32;16;10;5;1;55;1510289496;55;255;1510289504;0
32;16;10;5;1;55;1510289629;55;255;1510289637;0
32;16;10;5;1;55;1510289635;55;255;1510289643;0
32;16;10;5;1;55;1510289636;55;255;1510289645;0
32;16;10;5;1;55;1510290428;55;255;1510290437;0
32;16;10;5;1;55;1510290566;55;255;1510290575;0
32;16;10;5;1;55;1510290567;55;255;1510290576;0
32;16;10;5;1;55;1510290571;55;255;1510290579;1
32;16;10;5;1;55;1510291360;55;255;1510291369;1
32;16;10;5;1;55;1510291499;55;255;1510291507;0
32;16;10;5;1;55;1510291504;55;255;1510291513;0
32;16;10;5;1;55;1510291506;55;255;1510291514;0
32;16;10;5;1;55;1510292293;55;255;1510292301;0
32;16;10;5;1;55;1510292430;55;255;1510292438;0
32;16;10;5;1;55;1510292441;55;255;1510292449;0
32;16;10;5;1;55;1510292442;55;255;1510292451;0
32;16;10;5;1;55;1510293225;55;255;1510293233;0
32;16;10;5;1;55;1510293362;55;255;1510293370;0
32;16;10;5;1;55;1510293375;55;255;1510293384;0
32;16;10;5;1;55;1510293380;55;255;1510293389;0
32;16;10;5;1;55;1510294158;55;255;1510294166;0
32;16;10;5;1;55;1510294294;55;255;1510294302;0
32;16;10;5;1;55;1510294310;55;255;1510294318;0
32;16;10;5;1;55;1510294319;55;255;1510294328;0
32;16;10;5;1;55;1510295091;55;255;1510295099;0
32;16;10;5;1;55;1510295226;55;255;1510295234;1
32;16;10;5;1;55;1510295244;55;255;1510295252;0
32;16;10;5;1;55;1510295257;55;255;1510295266;0
32;16;10;5;1;55;1510296023;55;255;1510296032;0
32;16;10;5;1;55;1510296157;55;255;1510296166;0
32;16;10;5;1;55;1510296178;55;255;1510296187;1
32;16;10;5;1;55;1510296196;55;255;1510296204;0
32;16;10;5;1;55;1510296956;55;255;1510296965;0
32;16;10;5;1;55;1510297090;55;255;1510297098;0
32;16;10;5;1;55;1510297114;55;255;1510297122;0
32;16;10;5;1;55;1510297133;55;255;1510297141;0
32;16;10;5;1;55;1510297889;55;255;1510297898;0
32;16;10;5;1;55;1510298021;55;255;1510298030;0
32;16;10;5;1;55;1510298049;55;255;1510298057;0
32;16;10;5;1;55;1510298071;55;255;1510298080;0
32;16;10;5;1;55;1510298821;55;255;1510298830;0
32;16;10;5;1;55;1510298953;55;255;1510298961;0
32;16;10;5;1;55;1510298984;55;255;1510298992;0
32;16;10;5;1;55;1510299009;55;255;1510299018;1
32;16;10;5;1;55;1510299753;55;255;1510299762;0
32;16;10;5;1;55;1510299885;55;255;1510299893;0
32;16;10;5;1;55;1510299919;55;255;1510299927;0
32;16;10;5;1;55;1510299948;55;255;1510299956;0
32;16;10;5;1;55;1510300686;55;255;1510300695;0
32;16;10;5;1;55;1510300816;55;255;1510300825;0
32;16;10;5;1;55;1510300854;55;255;1510300863;0
32;16;10;5;1;55;1510300885;55;255;1510300894;0
32;16;10;5;1;55;1510301620;55;255;1510301628;0
32;16;10;5;1;55;1510301749;55;255;1510301757;0
32;16;10;5;1;55;1510301793;55;255;1510301802;0
32;16;10;5;1;55;1510301819;55;255;1510301828;0
32;16;10;5;1;55;1510302552;55;255;1510302561;0
32;16;10;5;1;55;1510302681;55;255;1510302689;0
32;16;10;5;1;55;1510302733;55;255;1510302742;0
32;16;10;5;1;55;1510302758;55;255;1510302767;1
32;16;10;5;1;55;1510303530;55;255;1510303539;0
32;16;10;5;1;55;1510303680;55;255;1510303690;0
32;16;10;5;1;55;1510303724;55;255;1510303733;0
32;16;10;5;1;55;1510303758;55;255;1510303767;0
32;16;10;5;1;55;1510304505;55;255;1510304514;0
32;16;10;5;1;55;1510304643;55;255;1510304652;0
32;16;10;5;1;55;1510304694;55;255;1510304703;0
32;16;10;5;1;55;1510304745;55;255;1510304753;0
32;16;10;5;1;55;1510305474;55;255;1510305482;0
32;16;10;5;1;55;1510305598;55;255;1510305606;0
32;16;10;5;1;55;1510305654;55;255;1510305663;0
32;16;10;5;1;55;1510305712;55;255;1510305721;0
32;16;10;5;1;55;1510306457;55;255;1510306468;0
32;16;10;5;1;55;1510306608;55;255;1510306619;0
32;16;10;5;1;55;1510306660;55;255;1510306669;0
32;16;10;5;1;55;1510306741;55;255;1510306750;0
