32;16;10;5;1;59;1509981891;59;255;1509981901;0
32;16;10;5;1;59;1509981963;59;255;1509981972;0
32;16;10;5;1;59;1509982034;59;255;1509982043;0
32;16;10;5;1;59;1509982140;59;255;1509982150;0
32;16;10;5;1;59;1509982881;59;255;1509982890;0
32;16;10;5;1;59;1509982940;59;255;1509982949;0
32;16;10;5;1;59;1509983008;59;255;1509983016;0
32;16;10;5;1;59;1509983114;59;255;1509983123;1
32;16;10;5;1;59;1509983824;59;255;1509983833;0
32;16;10;5;1;59;1509983882;59;255;1509983891;0
32;16;10;5;1;59;1509983951;59;255;1509983960;0
32;16;10;5;1;59;1509984062;59;255;1509984071;0
32;16;10;5;1;59;1509984768;59;255;1509984776;0
32;16;10;5;1;59;1509984824;59;255;1509984833;0
32;16;10;5;1;59;1509984893;59;255;1509984902;0
32;16;10;5;1;59;1509985001;59;255;1509985010;0
32;16;10;5;1;59;1509985708;59;255;1509985717;0
32;16;10;5;1;59;1509985764;59;255;1509985773;0
32;16;10;5;1;59;1509985836;59;255;1509985845;0
32;16;10;5;1;59;1509985943;59;255;1509985952;0
32;16;10;5;1;59;1509986648;59;255;1509986657;0
32;16;10;5;1;59;1509986707;59;255;1509986715;0
32;16;10;5;1;59;1509986776;59;255;1509986784;0
32;16;10;5;1;59;1509986886;59;255;1509986895;0
32;16;10;5;1;59;1509987589;59;255;1509987597;0
32;16;10;5;1;59;1509987651;59;255;1509987660;0
32;16;10;5;1;59;1509987714;59;255;1509987723;0
32;16;10;5;1;59;1509987828;59;255;1509987837;0
32;16;10;5;1;59;1509988531;59;255;1509988540;0
32;16;10;5;1;59;1509988593;59;255;1509988601;0
32;16;10;5;1;59;1509988655;59;255;1509988664;0
32;16;10;5;1;59;1509988771;59;255;1509988780;0
32;16;10;5;1;59;1509989472;59;255;1509989481;0
32;16;10;5;1;59;1509989535;59;255;1509989543;0
32;16;10;5;1;59;1509989600;59;255;1509989609;1
32;16;10;5;1;59;1509989713;59;255;1509989722;0
32;16;10;5;1;59;1509990414;59;255;1509990422;0
32;16;10;5;1;59;1509990479;59;255;1509990487;0
32;16;10;5;1;59;1509990540;59;255;1509990548;0
32;16;10;5;1;59;1509990654;59;255;1509990663;0
32;16;10;5;1;59;1509991357;59;255;1509991366;0
32;16;10;5;1;59;1509991417;59;255;1509991426;1
32;16;10;5;1;59;1509991480;59;255;1509991489;0
32;16;10;5;1;59;1509991597;59;255;1509991605;0
32;16;10;5;1;59;1509992299;59;255;1509992308;0
32;16;10;5;1;59;1509992359;59;255;1509992367;0
32;16;10;5;1;59;1509992420;59;255;1509992428;0
32;16;10;5;1;59;1509992538;59;255;1509992546;0
32;16;10;5;1;59;1509993241;59;255;1509993250;0
32;16;10;5;1;59;1509993301;59;255;1509993309;0
32;16;10;5;1;59;1509993361;59;255;1509993370;0
32;16;10;5;1;59;1509993480;59;255;1509993489;0
32;16;10;5;1;59;1509994181;59;255;1509994190;0
32;16;10;5;1;59;1509994241;59;255;1509994250;0
32;16;10;5;1;59;1509994302;59;255;1509994311;0
32;16;10;5;1;59;1509994422;59;255;1509994431;0
32;16;10;5;1;59;1509995124;59;255;1509995133;0
32;16;10;5;1;59;1509995182;59;255;1509995191;0
32;16;10;5;1;59;1509995245;59;255;1509995254;0
32;16;10;5;1;59;1509995363;59;255;1509995372;0
32;16;10;5;1;59;1509996072;59;255;1509996081;0
32;16;10;5;1;59;1509996125;59;255;1509996134;0
32;16;10;5;1;59;1509996201;59;255;1509996210;0
32;16;10;5;1;59;1509996304;59;255;1509996312;1
32;16;10;5;1;59;1509997013;59;255;1509997022;0
32;16;10;5;1;59;1509997066;59;255;1509997076;0
32;16;10;5;1;59;1509997143;59;255;1509997151;0
32;16;10;5;1;59;1509997246;59;255;1509997254;0
32;16;10;5;1;59;1509997954;59;255;1509997963;0
32;16;10;5;1;59;1509998011;59;255;1509998019;0
32;16;10;5;1;59;1509998084;59;255;1509998093;0
32;16;10;5;1;59;1509998187;59;255;1509998196;0
32;16;10;5;1;59;1509998896;59;255;1509998905;0
32;16;10;5;1;59;1509998950;59;255;1509998959;0
32;16;10;5;1;59;1509999024;59;255;1509999033;1
32;16;10;5;1;59;1509999127;59;255;1509999136;0
32;16;10;5;1;59;1509999840;59;255;1509999849;0
32;16;10;5;1;59;1509999893;59;255;1509999902;0
32;16;10;5;1;59;1509999964;59;255;1509999973;0
32;16;10;5;1;59;1510000068;59;255;1510000076;1
32;16;10;5;1;59;1510000783;59;255;1510000792;0
32;16;10;5;1;59;1510000836;59;255;1510000845;0
32;16;10;5;1;59;1510000904;59;255;1510000913;0
32;16;10;5;1;59;1510001006;59;255;1510001015;0
32;16;10;5;1;59;1510001724;59;255;1510001732;0
32;16;10;5;1;59;1510001781;59;255;1510001789;0
32;16;10;5;1;59;1510001844;59;255;1510001853;0
32;16;10;5;1;59;1510001948;59;255;1510001956;0
32;16;10;5;1;59;1510002664;59;255;1510002672;0
32;16;10;5;1;59;1510002725;59;255;1510002734;0
32;16;10;5;1;59;1510002788;59;255;1510002797;0
32;16;10;5;1;59;1510002887;59;255;1510002896;1
32;16;10;5;1;59;1510003606;59;255;1510003615;0
32;16;10;5;1;59;1510003665;59;255;1510003674;0
32;16;10;5;1;59;1510003729;59;255;1510003738;0
32;16;10;5;1;59;1510003831;59;255;1510003840;1
32;16;10;5;1;59;1510004546;59;255;1510004555;0
32;16;10;5;1;59;1510004605;59;255;1510004614;0
32;16;10;5;1;59;1510004674;59;255;1510004683;0
32;16;10;5;1;59;1510004772;59;255;1510004781;0
32;16;10;5;1;59;1510005488;59;255;1510005497;0
32;16;10;5;1;59;1510005547;59;255;1510005556;0
32;16;10;5;1;59;1510005615;59;255;1510005624;0
32;16;10;5;1;59;1510005713;59;255;1510005722;0
32;16;10;5;1;59;1510006427;59;255;1510006436;0
32;16;10;5;1;59;1510006486;59;255;1510006495;0
32;16;10;5;1;59;1510006560;59;255;1510006569;0
32;16;10;5;1;59;1510006654;59;255;1510006663;0
32;16;10;5;1;59;1510007367;59;255;1510007376;0
32;16;10;5;1;59;1510007426;59;255;1510007435;1
32;16;10;5;1;59;1510007505;59;255;1510007514;0
32;16;10;5;1;59;1510007594;59;255;1510007603;1
32;16;10;5;1;59;1510008308;59;255;1510008317;0
32;16;10;5;1;59;1510008366;59;255;1510008375;0
32;16;10;5;1;59;1510008445;59;255;1510008454;0
32;16;10;5;1;59;1510008538;59;255;1510008547;0
32;16;10;5;1;59;1510009251;59;255;1510009259;0
32;16;10;5;1;59;1510009308;59;255;1510009316;0
32;16;10;5;1;59;1510009387;59;255;1510009396;0
32;16;10;5;1;59;1510009480;59;255;1510009489;0
32;16;10;5;1;59;1510010191;59;255;1510010200;0
32;16;10;5;1;59;1510010248;59;255;1510010257;0
32;16;10;5;1;59;1510010328;59;255;1510010336;0
32;16;10;5;1;59;1510010424;59;255;1510010433;0
32;16;10;5;1;59;1510011132;59;255;1510011140;0
32;16;10;5;1;59;1510011191;59;255;1510011200;1
32;16;10;5;1;59;1510011269;59;255;1510011278;0
32;16;10;5;1;59;1510011365;59;255;1510011374;0
32;16;10;5;1;59;1510012071;59;255;1510012080;0
32;16;10;5;1;59;1510012135;59;255;1510012143;0
32;16;10;5;1;59;1510012212;59;255;1510012221;0
32;16;10;5;1;59;1510012304;59;255;1510012313;0
32;16;10;5;1;59;1510013014;59;255;1510013023;1
32;16;10;5;1;59;1510013077;59;255;1510013086;0
32;16;10;5;1;59;1510013152;59;255;1510013161;1
32;16;10;5;1;59;1510013247;59;255;1510013256;0
32;16;10;5;1;59;1510013956;59;255;1510013964;0
32;16;10;5;1;59;1510014020;59;255;1510014029;0
32;16;10;5;1;59;1510014093;59;255;1510014101;0
32;16;10;5;1;59;1510014189;59;255;1510014198;0
32;16;10;5;1;59;1510014898;59;255;1510014907;0
32;16;10;5;1;59;1510014961;59;255;1510014969;0
32;16;10;5;1;59;1510015033;59;255;1510015042;0
32;16;10;5;1;59;1510015130;59;255;1510015139;0
32;16;10;5;1;59;1510015840;59;255;1510015849;0
32;16;10;5;1;59;1510015902;59;255;1510015911;0
32;16;10;5;1;59;1510015975;59;255;1510015984;0
32;16;10;5;1;59;1510016071;59;255;1510016080;0
32;16;10;5;1;59;1510016780;59;255;1510016788;0
32;16;10;5;1;59;1510016845;59;255;1510016853;0
32;16;10;5;1;59;1510016915;59;255;1510016924;0
32;16;10;5;1;59;1510017013;59;255;1510017021;0
32;16;10;5;1;59;1510017721;59;255;1510017730;0
32;16;10;5;1;59;1510017788;59;255;1510017797;0
32;16;10;5;1;59;1510017857;59;255;1510017866;0
32;16;10;5;1;59;1510017953;59;255;1510017962;0
32;16;10;5;1;59;1510018661;59;255;1510018670;0
32;16;10;5;1;59;1510018732;59;255;1510018740;0
32;16;10;5;1;59;1510018798;59;255;1510018806;0
32;16;10;5;1;59;1510018896;59;255;1510018905;0
32;16;10;5;1;59;1510019605;59;255;1510019613;0
32;16;10;5;1;59;1510019674;59;255;1510019683;0
32;16;10;5;1;59;1510019738;59;255;1510019746;0
32;16;10;5;1;59;1510019836;59;255;1510019845;0
32;16;10;5;1;59;1510020545;59;255;1510020553;0
32;16;10;5;1;59;1510020618;59;255;1510020626;0
32;16;10;5;1;59;1510020679;59;255;1510020687;0
32;16;10;5;1;59;1510020776;59;255;1510020785;0
32;16;10;5;1;59;1510021484;59;255;1510021493;0
32;16;10;5;1;59;1510021558;59;255;1510021567;0
32;16;10;5;1;59;1510021620;59;255;1510021629;0
32;16;10;5;1;59;1510021719;59;255;1510021728;0
32;16;10;5;1;59;1510022425;59;255;1510022434;0
32;16;10;5;1;59;1510022499;59;255;1510022508;0
32;16;10;5;1;59;1510022562;59;255;1510022571;0
32;16;10;5;1;59;1510022660;59;255;1510022669;0
32;16;10;5;1;59;1510023368;59;255;1510023376;0
32;16;10;5;1;59;1510023440;59;255;1510023449;1
32;16;10;5;1;59;1510023506;59;255;1510023515;0
32;16;10;5;1;59;1510023601;59;255;1510023609;0
32;16;10;5;1;59;1510024310;59;255;1510024318;0
32;16;10;5;1;59;1510024380;59;255;1510024389;0
32;16;10;5;1;59;1510024448;59;255;1510024456;0
32;16;10;5;1;59;1510024542;59;255;1510024551;0
32;16;10;5;1;59;1510025254;59;255;1510025263;0
32;16;10;5;1;59;1510025321;59;255;1510025329;0
32;16;10;5;1;59;1510025390;59;255;1510025399;0
32;16;10;5;1;59;1510025482;59;255;1510025490;0
32;16;10;5;1;59;1510026196;59;255;1510026205;0
32;16;10;5;1;59;1510026262;59;255;1510026270;0
32;16;10;5;1;59;1510026331;59;255;1510026340;0
32;16;10;5;1;59;1510026423;59;255;1510026432;0
32;16;10;5;1;59;1510027137;59;255;1510027145;0
32;16;10;5;1;59;1510027202;59;255;1510027211;0
32;16;10;5;1;59;1510027275;59;255;1510027284;0
32;16;10;5;1;59;1510027364;59;255;1510027373;0
32;16;10;5;1;59;1510028079;59;255;1510028088;0
32;16;10;5;1;59;1510028145;59;255;1510028153;0
32;16;10;5;1;59;1510028215;59;255;1510028224;0
32;16;10;5;1;59;1510028303;59;255;1510028312;0
32;16;10;5;1;59;1510029020;59;255;1510029029;0
32;16;10;5;1;59;1510029088;59;255;1510029096;0
32;16;10;5;1;59;1510029157;59;255;1510029166;0
32;16;10;5;1;59;1510029244;59;255;1510029252;0
32;16;10;5;1;59;1510029961;59;255;1510029970;0
32;16;10;5;1;59;1510030030;59;255;1510030038;0
32;16;10;5;1;59;1510030100;59;255;1510030108;0
32;16;10;5;1;59;1510030183;59;255;1510030192;0
32;16;10;5;1;59;1510030904;59;255;1510030913;1
32;16;10;5;1;59;1510030971;59;255;1510030979;0
32;16;10;5;1;59;1510031044;59;255;1510031053;0
32;16;10;5;1;59;1510031125;59;255;1510031134;0
32;16;10;5;1;59;1510031845;59;255;1510031854;0
32;16;10;5;1;59;1510031911;59;255;1510031920;0
32;16;10;5;1;59;1510031987;59;255;1510031996;0
32;16;10;5;1;59;1510032067;59;255;1510032075;0
32;16;10;5;1;59;1510032785;59;255;1510032793;0
32;16;10;5;1;59;1510032853;59;255;1510032861;0
32;16;10;5;1;59;1510032929;59;255;1510032938;0
32;16;10;5;1;59;1510033008;59;255;1510033017;0
32;16;10;5;1;59;1510033728;59;255;1510033737;1
32;16;10;5;1;59;1510033793;59;255;1510033802;1
32;16;10;5;1;59;1510033870;59;255;1510033878;0
32;16;10;5;1;59;1510033949;59;255;1510033958;0
32;16;10;5;1;59;1510034670;59;255;1510034678;0
32;16;10;5;1;59;1510034735;59;255;1510034744;0
32;16;10;5;1;59;1510034811;59;255;1510034820;0
32;16;10;5;1;59;1510034891;59;255;1510034899;0
32;16;10;5;1;59;1510035611;59;255;1510035620;0
32;16;10;5;1;59;1510035677;59;255;1510035686;0
32;16;10;5;1;59;1510035753;59;255;1510035761;0
32;16;10;5;1;59;1510035830;59;255;1510035839;0
32;16;10;5;1;59;1510036552;59;255;1510036561;0
32;16;10;5;1;59;1510036620;59;255;1510036629;0
32;16;10;5;1;59;1510036694;59;255;1510036702;0
32;16;10;5;1;59;1510036771;59;255;1510036779;1
32;16;10;5;1;59;1510037496;59;255;1510037505;0
32;16;10;5;1;59;1510037561;59;255;1510037570;0
32;16;10;5;1;59;1510037634;59;255;1510037643;0
32;16;10;5;1;59;1510037711;59;255;1510037719;0
32;16;10;5;1;59;1510038436;59;255;1510038444;0
32;16;10;5;1;59;1510038504;59;255;1510038513;1
32;16;10;5;1;59;1510038574;59;255;1510038583;0
32;16;10;5;1;59;1510038652;59;255;1510038661;0
32;16;10;5;1;59;1510039378;59;255;1510039387;0
32;16;10;5;1;59;1510039446;59;255;1510039454;0
32;16;10;5;1;59;1510039518;59;255;1510039527;0
32;16;10;5;1;59;1510039593;59;255;1510039601;0
32;16;10;5;1;59;1510040319;59;255;1510040328;0
32;16;10;5;1;59;1510040386;59;255;1510040395;0
32;16;10;5;1;59;1510040461;59;255;1510040469;0
32;16;10;5;1;59;1510040533;59;255;1510040542;0
32;16;10;5;1;59;1510041260;59;255;1510041269;0
32;16;10;5;1;59;1510041329;59;255;1510041337;0
32;16;10;5;1;59;1510041403;59;255;1510041412;0
32;16;10;5;1;59;1510041474;59;255;1510041482;0
32;16;10;5;1;59;1510042203;59;255;1510042212;0
32;16;10;5;1;59;1510042269;59;255;1510042278;0
32;16;10;5;1;59;1510042346;59;255;1510042355;0
32;16;10;5;1;59;1510042416;59;255;1510042425;0
32;16;10;5;1;59;1510043143;59;255;1510043152;0
32;16;10;5;1;59;1510043213;59;255;1510043222;0
32;16;10;5;1;59;1510043286;59;255;1510043295;0
32;16;10;5;1;59;1510043358;59;255;1510043367;0
32;16;10;5;1;59;1510044083;59;255;1510044091;0
32;16;10;5;1;59;1510044156;59;255;1510044165;0
32;16;10;5;1;59;1510044227;59;255;1510044236;0
32;16;10;5;1;59;1510044300;59;255;1510044309;0
32;16;10;5;1;59;1510045051;59;255;1510045060;0
32;16;10;5;1;59;1510045121;59;255;1510045130;0
32;16;10;5;1;59;1510045200;59;255;1510045209;0
32;16;10;5;1;59;1510045285;59;255;1510045294;0
32;16;10;5;1;59;1510046063;59;255;1510046073;0
32;16;10;5;1;59;1510046144;59;255;1510046153;0
32;16;10;5;1;59;1510046225;59;255;1510046234;0
32;16;10;5;1;59;1510046297;59;255;1510046306;0
32;16;10;5;1;59;1510047049;59;255;1510047058;0
32;16;10;5;1;59;1510047062;59;255;1510047070;1
32;16;10;5;1;59;1510047070;59;255;1510047078;0
32;16;10;5;1;59;1510047070;59;255;1510047079;0
32;16;10;5;1;59;1510048032;59;255;1510048041;0
32;16;10;5;1;59;1510048049;59;255;1510048057;0
32;16;10;5;1;59;1510048050;59;255;1510048059;0
32;16;10;5;1;59;1510048056;59;255;1510048065;0
32;16;10;5;1;59;1510048995;59;255;1510049003;0
32;16;10;5;1;59;1510049004;59;255;1510049012;0
32;16;10;5;1;59;1510049010;59;255;1510049018;0
32;16;10;5;1;59;1510049022;59;255;1510049031;0
32;16;10;5;1;59;1510050027;59;255;1510050036;0
32;16;10;5;1;59;1510050033;59;255;1510050042;0
32;16;10;5;1;59;1510050050;59;255;1510050059;0
32;16;10;5;1;59;1510050985;59;255;1510050994;0
32;16;10;5;1;59;1510050990;59;255;1510050999;0
32;16;10;5;1;59;1510051007;59;255;1510051016;0
32;16;10;5;1;59;1510051942;59;255;1510051951;1
32;16;10;5;1;59;1510051948;59;255;1510051957;0
32;16;10;5;1;59;1510051966;59;255;1510051975;0
32;16;10;5;1;59;1510052899;59;255;1510052908;0
32;16;10;5;1;59;1510052906;59;255;1510052915;0
32;16;10;5;1;59;1510052924;59;255;1510052932;0
32;16;10;5;1;59;1510053858;59;255;1510053866;0
32;16;10;5;1;59;1510053863;59;255;1510053872;0
32;16;10;5;1;59;1510053882;59;255;1510053891;0
32;16;10;5;1;59;1510054815;59;255;1510054824;0
32;16;10;5;1;59;1510054825;59;255;1510054834;0
32;16;10;5;1;59;1510054843;59;255;1510054852;0
32;16;10;5;1;59;1510055784;59;255;1510055793;0
32;16;10;5;1;59;1510055796;59;255;1510055805;0
32;16;10;5;1;59;1510055814;59;255;1510055823;0
32;16;10;5;1;59;1510056738;59;255;1510056746;0
32;16;10;5;1;59;1510056761;59;255;1510056769;1
32;16;10;5;1;59;1510056786;59;255;1510056795;0
32;16;10;5;1;59;1510057690;59;255;1510057699;0
32;16;10;5;1;59;1510057711;59;255;1510057720;0
32;16;10;5;1;59;1510057739;59;255;1510057747;0
32;16;10;5;1;59;1510058630;59;255;1510058639;1
32;16;10;5;1;59;1510058652;59;255;1510058661;0
32;16;10;5;1;59;1510058679;59;255;1510058687;0
32;16;10;5;1;59;1510059571;59;255;1510059580;0
32;16;10;5;1;59;1510059592;59;255;1510059601;0
32;16;10;5;1;59;1510059620;59;255;1510059629;1
32;16;10;5;1;59;1510060524;59;255;1510060533;0
32;16;10;5;1;59;1510060545;59;255;1510060554;0
32;16;10;5;1;59;1510060574;59;255;1510060583;0
32;16;10;5;1;59;1510061484;59;255;1510061493;0
32;16;10;5;1;59;1510061501;59;255;1510061510;0
32;16;10;5;1;59;1510061536;59;255;1510061545;0
32;16;10;5;1;59;1510062481;59;255;1510062490;0
32;16;10;5;1;59;1510062486;59;255;1510062495;0
32;16;10;5;1;59;1510062530;59;255;1510062538;0
32;16;10;5;1;59;1510063435;59;255;1510063444;0
32;16;10;5;1;59;1510063440;59;255;1510063449;0
32;16;10;5;1;59;1510063485;59;255;1510063494;0
32;16;10;5;1;59;1510064396;59;255;1510064405;0
32;16;10;5;1;59;1510064399;59;255;1510064408;0
32;16;10;5;1;59;1510064447;59;255;1510064457;0
32;16;10;5;1;59;1510065364;59;255;1510065373;0
32;16;10;5;1;59;1510065365;59;255;1510065374;0
32;16;10;5;1;59;1510065415;59;255;1510065423;0
32;16;10;5;1;59;1510066322;59;255;1510066331;0
32;16;10;5;1;59;1510066324;59;255;1510066333;0
32;16;10;5;1;59;1510066375;59;255;1510066385;0
32;16;10;5;1;59;1510067284;59;255;1510067293;1
32;16;10;5;1;59;1510067287;59;255;1510067296;0
32;16;10;5;1;59;1510067341;59;255;1510067350;0
32;16;10;5;1;59;1510068241;59;255;1510068250;0
32;16;10;5;1;59;1510068243;59;255;1510068252;0
32;16;10;5;1;59;1510068296;59;255;1510068305;0
32;16;10;5;1;59;1510069190;59;255;1510069199;1
32;16;10;5;1;59;1510069196;59;255;1510069205;0
32;16;10;5;1;59;1510069247;59;255;1510069256;0
32;16;10;5;1;59;1510070155;59;255;1510070164;0
32;16;10;5;1;59;1510070172;59;255;1510070181;0
32;16;10;5;1;59;1510070217;59;255;1510070226;1
32;16;10;5;1;59;1510071120;59;255;1510071129;0
32;16;10;5;1;59;1510071131;59;255;1510071139;0
32;16;10;5;1;59;1510071180;59;255;1510071189;0
32;16;10;5;1;59;1510072093;59;255;1510072102;0
32;16;10;5;1;59;1510072099;59;255;1510072108;0
32;16;10;5;1;59;1510072140;59;255;1510072149;0
32;16;10;5;1;59;1510073038;59;255;1510073047;0
32;16;10;5;1;59;1510073044;59;255;1510073053;0
32;16;10;5;1;59;1510073085;59;255;1510073094;0
32;16;10;5;1;59;1510073981;59;255;1510073990;0
32;16;10;5;1;59;1510073987;59;255;1510073996;0
32;16;10;5;1;59;1510074028;59;255;1510074037;0
32;16;10;5;1;59;1510074925;59;255;1510074933;0
32;16;10;5;1;59;1510074930;59;255;1510074939;0
32;16;10;5;1;59;1510074971;59;255;1510074980;0
32;16;10;5;1;59;1510075735;59;255;1510075744;0
32;16;10;5;1;59;1510075903;59;255;1510075911;0
32;16;10;5;1;59;1510075914;59;255;1510075922;0
32;16;10;5;1;59;1510075952;59;255;1510075961;0
32;16;10;5;1;59;1510076678;59;255;1510076686;0
32;16;10;5;1;59;1510076848;59;255;1510076857;0
32;16;10;5;1;59;1510076854;59;255;1510076862;0
32;16;10;5;1;59;1510076894;59;255;1510076903;1
32;16;10;5;1;59;1510077617;59;255;1510077626;0
32;16;10;5;1;59;1510077787;59;255;1510077796;0
32;16;10;5;1;59;1510077795;59;255;1510077803;0
32;16;10;5;1;59;1510077834;59;255;1510077843;0
32;16;10;5;1;59;1510078555;59;255;1510078564;0
32;16;10;5;1;59;1510078727;59;255;1510078736;0
32;16;10;5;1;59;1510078735;59;255;1510078743;0
32;16;10;5;1;59;1510078775;59;255;1510078783;0
32;16;10;5;1;59;1510079496;59;255;1510079505;0
32;16;10;5;1;59;1510079666;59;255;1510079674;0
32;16;10;5;1;59;1510079674;59;255;1510079683;0
32;16;10;5;1;59;1510079715;59;255;1510079723;0
32;16;10;5;1;59;1510080436;59;255;1510080445;0
32;16;10;5;1;59;1510080606;59;255;1510080615;0
32;16;10;5;1;59;1510080613;59;255;1510080621;0
32;16;10;5;1;59;1510080656;59;255;1510080665;0
32;16;10;5;1;59;1510081377;59;255;1510081386;1
32;16;10;5;1;59;1510081545;59;255;1510081554;0
32;16;10;5;1;59;1510081551;59;255;1510081560;0
32;16;10;5;1;59;1510081597;59;255;1510081605;0
32;16;10;5;1;59;1510082316;59;255;1510082324;0
32;16;10;5;1;59;1510082485;59;255;1510082494;0
32;16;10;5;1;59;1510082492;59;255;1510082500;0
32;16;10;5;1;59;1510082537;59;255;1510082545;0
32;16;10;5;1;59;1510083254;59;255;1510083263;0
32;16;10;5;1;59;1510083425;59;255;1510083434;0
32;16;10;5;1;59;1510083434;59;255;1510083443;0
32;16;10;5;1;59;1510083476;59;255;1510083485;1
32;16;10;5;1;59;1510084194;59;255;1510084202;0
32;16;10;5;1;59;1510084364;59;255;1510084372;0
32;16;10;5;1;59;1510084376;59;255;1510084384;0
32;16;10;5;1;59;1510084416;59;255;1510084425;0
32;16;10;5;1;59;1510085132;59;255;1510085141;0
32;16;10;5;1;59;1510085305;59;255;1510085313;0
32;16;10;5;1;59;1510085317;59;255;1510085326;0
32;16;10;5;1;59;1510085355;59;255;1510085364;0
32;16;10;5;1;59;1510086071;59;255;1510086080;0
32;16;10;5;1;59;1510086246;59;255;1510086255;0
32;16;10;5;1;59;1510086259;59;255;1510086268;0
32;16;10;5;1;59;1510086295;59;255;1510086304;0
32;16;10;5;1;59;1510087011;59;255;1510087020;0
32;16;10;5;1;59;1510087187;59;255;1510087195;0
32;16;10;5;1;59;1510087199;59;255;1510087208;0
32;16;10;5;1;59;1510087235;59;255;1510087244;0
32;16;10;5;1;59;1510087951;59;255;1510087959;0
32;16;10;5;1;59;1510088127;59;255;1510088135;0
32;16;10;5;1;59;1510088139;59;255;1510088148;0
32;16;10;5;1;59;1510088174;59;255;1510088183;0
32;16;10;5;1;59;1510088891;59;255;1510088899;0
32;16;10;5;1;59;1510089067;59;255;1510089076;0
32;16;10;5;1;59;1510089079;59;255;1510089088;0
32;16;10;5;1;59;1510089113;59;255;1510089122;0
32;16;10;5;1;59;1510089829;59;255;1510089838;0
32;16;10;5;1;59;1510090006;59;255;1510090015;0
32;16;10;5;1;59;1510090020;59;255;1510090028;0
32;16;10;5;1;59;1510090056;59;255;1510090065;0
32;16;10;5;1;59;1510090769;59;255;1510090777;0
32;16;10;5;1;59;1510090946;59;255;1510090955;0
32;16;10;5;1;59;1510090960;59;255;1510090968;0
32;16;10;5;1;59;1510090998;59;255;1510091007;0
32;16;10;5;1;59;1510091708;59;255;1510091717;0
32;16;10;5;1;59;1510091886;59;255;1510091894;1
32;16;10;5;1;59;1510091901;59;255;1510091909;0
32;16;10;5;1;59;1510091939;59;255;1510091948;0
32;16;10;5;1;59;1510092647;59;255;1510092656;0
32;16;10;5;1;59;1510092826;59;255;1510092835;0
32;16;10;5;1;59;1510092841;59;255;1510092849;0
32;16;10;5;1;59;1510092879;59;255;1510092888;0
32;16;10;5;1;59;1510093587;59;255;1510093595;1
32;16;10;5;1;59;1510093765;59;255;1510093774;0
32;16;10;5;1;59;1510093781;59;255;1510093790;0
32;16;10;5;1;59;1510093821;59;255;1510093830;0
32;16;10;5;1;59;1510094527;59;255;1510094536;0
32;16;10;5;1;59;1510094704;59;255;1510094713;0
32;16;10;5;1;59;1510094720;59;255;1510094729;0
32;16;10;5;1;59;1510094762;59;255;1510094771;0
32;16;10;5;1;59;1510095469;59;255;1510095478;0
32;16;10;5;1;59;1510095644;59;255;1510095652;0
32;16;10;5;1;59;1510095658;59;255;1510095667;1
32;16;10;5;1;59;1510095702;59;255;1510095711;0
32;16;10;5;1;59;1510096412;59;255;1510096421;0
32;16;10;5;1;59;1510096582;59;255;1510096591;0
32;16;10;5;1;59;1510096598;59;255;1510096607;0
32;16;10;5;1;59;1510096642;59;255;1510096651;0
32;16;10;5;1;59;1510097352;59;255;1510097361;0
32;16;10;5;1;59;1510097523;59;255;1510097532;0
32;16;10;5;1;59;1510097536;59;255;1510097545;0
32;16;10;5;1;59;1510097584;59;255;1510097593;0
32;16;10;5;1;59;1510098292;59;255;1510098300;0
32;16;10;5;1;59;1510098465;59;255;1510098474;0
32;16;10;5;1;59;1510098475;59;255;1510098484;0
32;16;10;5;1;59;1510098523;59;255;1510098532;0
32;16;10;5;1;59;1510099232;59;255;1510099241;0
32;16;10;5;1;59;1510099406;59;255;1510099415;0
32;16;10;5;1;59;1510099413;59;255;1510099422;1
32;16;10;5;1;59;1510099464;59;255;1510099473;1
32;16;10;5;1;59;1510100173;59;255;1510100182;0
32;16;10;5;1;59;1510100347;59;255;1510100356;0
32;16;10;5;1;59;1510100352;59;255;1510100360;0
32;16;10;5;1;59;1510100404;59;255;1510100413;0
32;16;10;5;1;59;1510101113;59;255;1510101122;0
32;16;10;5;1;59;1510101286;59;255;1510101295;0
32;16;10;5;1;59;1510101293;59;255;1510101302;0
32;16;10;5;1;59;1510101344;59;255;1510101352;0
32;16;10;5;1;59;1510102053;59;255;1510102062;0
32;16;10;5;1;59;1510102224;59;255;1510102233;0
32;16;10;5;1;59;1510102233;59;255;1510102242;0
32;16;10;5;1;59;1510102286;59;255;1510102295;0
32;16;10;5;1;59;1510102992;59;255;1510103000;0
32;16;10;5;1;59;1510103164;59;255;1510103173;0
32;16;10;5;1;59;1510103173;59;255;1510103182;1
32;16;10;5;1;59;1510103227;59;255;1510103235;0
32;16;10;5;1;59;1510103930;59;255;1510103939;0
32;16;10;5;1;59;1510104103;59;255;1510104112;1
32;16;10;5;1;59;1510104114;59;255;1510104123;0
32;16;10;5;1;59;1510104167;59;255;1510104176;0
32;16;10;5;1;59;1510104869;59;255;1510104877;1
32;16;10;5;1;59;1510105042;59;255;1510105051;0
32;16;10;5;1;59;1510105055;59;255;1510105064;0
32;16;10;5;1;59;1510105106;59;255;1510105115;0
32;16;10;5;1;59;1510105811;59;255;1510105820;0
32;16;10;5;1;59;1510105982;59;255;1510105990;0
32;16;10;5;1;59;1510105994;59;255;1510106003;0
32;16;10;5;1;59;1510106046;59;255;1510106055;0
32;16;10;5;1;59;1510106749;59;255;1510106758;0
32;16;10;5;1;59;1510106925;59;255;1510106933;0
32;16;10;5;1;59;1510106934;59;255;1510106943;0
32;16;10;5;1;59;1510106986;59;255;1510106995;0
32;16;10;5;1;59;1510107688;59;255;1510107697;0
32;16;10;5;1;59;1510107867;59;255;1510107876;0
32;16;10;5;1;59;1510107872;59;255;1510107881;0
32;16;10;5;1;59;1510107928;59;255;1510107936;0
32;16;10;5;1;59;1510108627;59;255;1510108636;0
32;16;10;5;1;59;1510108807;59;255;1510108816;0
32;16;10;5;1;59;1510108813;59;255;1510108821;0
32;16;10;5;1;59;1510108867;59;255;1510108876;0
32;16;10;5;1;59;1510109566;59;255;1510109575;0
32;16;10;5;1;59;1510109748;59;255;1510109757;0
32;16;10;5;1;59;1510109754;59;255;1510109762;0
32;16;10;5;1;59;1510109808;59;255;1510109817;1
32;16;10;5;1;59;1510110507;59;255;1510110515;0
32;16;10;5;1;59;1510110688;59;255;1510110697;0
32;16;10;5;1;59;1510110695;59;255;1510110703;0
32;16;10;5;1;59;1510110749;59;255;1510110758;0
32;16;10;5;1;59;1510111446;59;255;1510111455;1
32;16;10;5;1;59;1510111628;59;255;1510111636;0
32;16;10;5;1;59;1510111636;59;255;1510111645;0
32;16;10;5;1;59;1510111687;59;255;1510111696;0
32;16;10;5;1;59;1510112385;59;255;1510112393;0
32;16;10;5;1;59;1510112572;59;255;1510112580;1
32;16;10;5;1;59;1510112575;59;255;1510112584;0
32;16;10;5;1;59;1510112627;59;255;1510112636;0
32;16;10;5;1;59;1510113322;59;255;1510113331;0
32;16;10;5;1;59;1510113513;59;255;1510113521;0
32;16;10;5;1;59;1510113515;59;255;1510113524;0
32;16;10;5;1;59;1510113567;59;255;1510113576;0
32;16;10;5;1;59;1510114260;59;255;1510114269;0
32;16;10;5;1;59;1510114453;59;255;1510114462;0
32;16;10;5;1;59;1510114456;59;255;1510114465;0
32;16;10;5;1;59;1510114508;59;255;1510114516;0
32;16;10;5;1;59;1510115200;59;255;1510115209;0
32;16;10;5;1;59;1510115393;59;255;1510115402;0
32;16;10;5;1;59;1510115396;59;255;1510115405;0
32;16;10;5;1;59;1510115447;59;255;1510115455;0
32;16;10;5;1;59;1510116142;59;255;1510116151;0
32;16;10;5;1;59;1510116333;59;255;1510116341;0
32;16;10;5;1;59;1510116335;59;255;1510116344;0
32;16;10;5;1;59;1510116386;59;255;1510116395;0
32;16;10;5;1;59;1510117083;59;255;1510117092;0
32;16;10;5;1;59;1510117272;59;255;1510117281;0
32;16;10;5;1;59;1510117276;59;255;1510117285;0
32;16;10;5;1;59;1510117324;59;255;1510117333;0
32;16;10;5;1;59;1510118022;59;255;1510118031;0
32;16;10;5;1;59;1510118212;59;255;1510118221;0
32;16;10;5;1;59;1510118219;59;255;1510118228;0
32;16;10;5;1;59;1510118266;59;255;1510118274;0
32;16;10;5;1;59;1510118966;59;255;1510118974;0
32;16;10;5;1;59;1510119151;59;255;1510119160;0
32;16;10;5;1;59;1510119159;59;255;1510119167;0
32;16;10;5;1;59;1510119204;59;255;1510119212;0
32;16;10;5;1;59;1510119909;59;255;1510119918;0
32;16;10;5;1;59;1510120090;59;255;1510120098;0
32;16;10;5;1;59;1510120097;59;255;1510120106;0
32;16;10;5;1;59;1510120142;59;255;1510120151;0
32;16;10;5;1;59;1510120850;59;255;1510120859;0
32;16;10;5;1;59;1510121030;59;255;1510121038;0
32;16;10;5;1;59;1510121038;59;255;1510121047;0
32;16;10;5;1;59;1510121082;59;255;1510121091;0
32;16;10;5;1;59;1510121790;59;255;1510121799;0
32;16;10;5;1;59;1510121969;59;255;1510121978;0
32;16;10;5;1;59;1510121978;59;255;1510121987;0
32;16;10;5;1;59;1510122021;59;255;1510122030;0
32;16;10;5;1;59;1510122732;59;255;1510122740;0
32;16;10;5;1;59;1510122909;59;255;1510122917;0
32;16;10;5;1;59;1510122917;59;255;1510122926;0
32;16;10;5;1;59;1510122964;59;255;1510122972;0
32;16;10;5;1;59;1510123671;59;255;1510123680;0
32;16;10;5;1;59;1510123849;59;255;1510123858;0
32;16;10;5;1;59;1510123859;59;255;1510123868;0
32;16;10;5;1;59;1510123904;59;255;1510123913;0
32;16;10;5;1;59;1510124612;59;255;1510124621;0
32;16;10;5;1;59;1510124788;59;255;1510124797;0
32;16;10;5;1;59;1510124800;59;255;1510124808;0
32;16;10;5;1;59;1510124844;59;255;1510124852;0
32;16;10;5;1;59;1510125552;59;255;1510125561;0
32;16;10;5;1;59;1510125729;59;255;1510125738;0
32;16;10;5;1;59;1510125739;59;255;1510125748;0
32;16;10;5;1;59;1510125784;59;255;1510125793;0
32;16;10;5;1;59;1510126490;59;255;1510126499;1
32;16;10;5;1;59;1510126669;59;255;1510126677;0
32;16;10;5;1;59;1510126679;59;255;1510126688;0
32;16;10;5;1;59;1510126725;59;255;1510126733;1
32;16;10;5;1;59;1510127431;59;255;1510127439;0
32;16;10;5;1;59;1510127607;59;255;1510127615;0
32;16;10;5;1;59;1510127617;59;255;1510127625;0
32;16;10;5;1;59;1510127667;59;255;1510127676;0
32;16;10;5;1;59;1510128369;59;255;1510128378;0
32;16;10;5;1;59;1510128548;59;255;1510128556;0
32;16;10;5;1;59;1510128557;59;255;1510128566;0
32;16;10;5;1;59;1510128607;59;255;1510128616;0
32;16;10;5;1;59;1510129309;59;255;1510129318;0
32;16;10;5;1;59;1510129489;59;255;1510129498;0
32;16;10;5;1;59;1510129498;59;255;1510129507;0
32;16;10;5;1;59;1510129544;59;255;1510129553;0
32;16;10;5;1;59;1510130287;59;255;1510130296;0
32;16;10;5;1;59;1510130485;59;255;1510130495;0
32;16;10;5;1;59;1510130489;59;255;1510130499;0
32;16;10;5;1;59;1510130538;59;255;1510130548;0
32;16;10;5;1;59;1510131295;59;255;1510131304;0
32;16;10;5;1;59;1510131487;59;255;1510131496;0
32;16;10;5;1;59;1510131496;59;255;1510131506;0
32;16;10;5;1;59;1510131543;59;255;1510131552;1
32;16;10;5;1;59;1510132265;59;255;1510132275;0
32;16;10;5;1;59;1510132453;59;255;1510132462;0
32;16;10;5;1;59;1510132477;59;255;1510132486;0
32;16;10;5;1;59;1510132515;59;255;1510132524;0
32;16;10;5;1;59;1510133263;59;255;1510133272;0
32;16;10;5;1;59;1510133439;59;255;1510133448;0
32;16;10;5;1;59;1510133467;59;255;1510133478;0
32;16;10;5;1;59;1510133518;59;255;1510133528;0
32;16;10;5;1;59;1510134280;59;255;1510134289;0
32;16;10;5;1;59;1510134441;59;255;1510134450;0
32;16;10;5;1;59;1510134474;59;255;1510134483;0
32;16;10;5;1;59;1510134512;59;255;1510134521;0
32;16;10;5;1;59;1510135279;59;255;1510135288;0
32;16;10;5;1;59;1510135449;59;255;1510135457;0
32;16;10;5;1;59;1510135477;59;255;1510135486;0
32;16;10;5;1;59;1510135509;59;255;1510135518;0
32;16;10;5;1;59;1510136273;59;255;1510136282;0
32;16;10;5;1;59;1510136431;59;255;1510136441;0
32;16;10;5;1;59;1510136472;59;255;1510136480;0
32;16;10;5;1;59;1510136498;59;255;1510136508;0
32;16;10;5;1;59;1510137274;59;255;1510137283;0
32;16;10;5;1;59;1510137447;59;255;1510137456;0
32;16;10;5;1;59;1510137462;59;255;1510137470;0
32;16;10;5;1;59;1510137503;59;255;1510137512;0
32;16;10;5;1;59;1510138270;59;255;1510138279;0
32;16;10;5;1;59;1510138453;59;255;1510138462;0
32;16;10;5;1;59;1510138458;59;255;1510138467;0
32;16;10;5;1;59;1510138520;59;255;1510138530;0
32;16;10;5;1;59;1510139265;59;255;1510139273;0
32;16;10;5;1;59;1510139443;59;255;1510139452;0
32;16;10;5;1;59;1510139476;59;255;1510139486;0
32;16;10;5;1;59;1510139509;59;255;1510139518;1
32;16;10;5;1;59;1510140242;59;255;1510140253;0
32;16;10;5;1;59;1510140409;59;255;1510140419;0
32;16;10;5;1;59;1510140482;59;255;1510140491;0
32;16;10;5;1;59;1510140488;59;255;1510140497;0
32;16;10;5;1;59;1510141246;59;255;1510141255;0
32;16;10;5;1;59;1510141381;59;255;1510141390;0
32;16;10;5;1;59;1510141456;59;255;1510141464;0
32;16;10;5;1;59;1510141472;59;255;1510141481;0
32;16;10;5;1;59;1510142228;59;255;1510142238;0
32;16;10;5;1;59;1510142400;59;255;1510142411;0
32;16;10;5;1;59;1510142439;59;255;1510142450;0
32;16;10;5;1;59;1510142500;59;255;1510142510;0
32;16;10;5;1;59;1510143270;59;255;1510143280;0
32;16;10;5;1;59;1510143451;59;255;1510143461;0
32;16;10;5;1;59;1510143484;59;255;1510143493;1
32;16;10;5;1;59;1510143554;59;255;1510143564;0
32;16;10;5;1;59;1510144254;59;255;1510144263;0
32;16;10;5;1;59;1510144424;59;255;1510144433;0
32;16;10;5;1;59;1510144453;59;255;1510144462;0
32;16;10;5;1;59;1510144529;59;255;1510144538;0
32;16;10;5;1;59;1510145199;59;255;1510145207;0
32;16;10;5;1;59;1510145366;59;255;1510145375;0
32;16;10;5;1;59;1510145398;59;255;1510145406;0
32;16;10;5;1;59;1510145473;59;255;1510145482;0
32;16;10;5;1;59;1510146138;59;255;1510146146;0
32;16;10;5;1;59;1510146309;59;255;1510146318;0
32;16;10;5;1;59;1510146340;59;255;1510146349;0
32;16;10;5;1;59;1510146414;59;255;1510146423;1
32;16;10;5;1;59;1510147087;59;255;1510147096;0
32;16;10;5;1;59;1510147269;59;255;1510147277;0
32;16;10;5;1;59;1510147302;59;255;1510147311;0
32;16;10;5;1;59;1510147382;59;255;1510147391;0
32;16;10;5;1;59;1510148071;59;255;1510148081;0
32;16;10;5;1;59;1510148251;59;255;1510148260;0
32;16;10;5;1;59;1510148271;59;255;1510148280;0
32;16;10;5;1;59;1510148352;59;255;1510148360;0
32;16;10;5;1;59;1510149043;59;255;1510149052;0
32;16;10;5;1;59;1510149215;59;255;1510149223;0
32;16;10;5;1;59;1510149232;59;255;1510149241;0
32;16;10;5;1;59;1510149309;59;255;1510149318;0
32;16;10;5;1;59;1510149987;59;255;1510149996;0
32;16;10;5;1;59;1510150162;59;255;1510150171;0
32;16;10;5;1;59;1510150172;59;255;1510150181;0
32;16;10;5;1;59;1510150252;59;255;1510150261;0
32;16;10;5;1;59;1510150941;59;255;1510150950;0
32;16;10;5;1;59;1510151127;59;255;1510151136;0
32;16;10;5;1;59;1510151139;59;255;1510151148;0
32;16;10;5;1;59;1510151224;59;255;1510151233;0
32;16;10;5;1;59;1510151918;59;255;1510151927;0
32;16;10;5;1;59;1510152099;59;255;1510152108;0
32;16;10;5;1;59;1510152115;59;255;1510152124;1
32;16;10;5;1;59;1510152200;59;255;1510152210;0
32;16;10;5;1;59;1510152908;59;255;1510152918;0
32;16;10;5;1;59;1510153078;59;255;1510153087;0
32;16;10;5;1;59;1510153099;59;255;1510153108;0
32;16;10;5;1;59;1510153172;59;255;1510153181;0
32;16;10;5;1;59;1510153872;59;255;1510153881;0
32;16;10;5;1;59;1510154053;59;255;1510154062;0
32;16;10;5;1;59;1510154075;59;255;1510154084;0
32;16;10;5;1;59;1510154144;59;255;1510154154;0
32;16;10;5;1;59;1510154841;59;255;1510154850;1
32;16;10;5;1;59;1510155014;59;255;1510155023;0
32;16;10;5;1;59;1510155040;59;255;1510155049;0
32;16;10;5;1;59;1510155106;59;255;1510155115;0
32;16;10;5;1;59;1510155806;59;255;1510155815;0
32;16;10;5;1;59;1510155979;59;255;1510155987;0
32;16;10;5;1;59;1510156009;59;255;1510156019;0
32;16;10;5;1;59;1510156078;59;255;1510156087;0
32;16;10;5;1;59;1510156789;59;255;1510156798;0
32;16;10;5;1;59;1510156975;59;255;1510156984;0
32;16;10;5;1;59;1510156994;59;255;1510157004;0
32;16;10;5;1;59;1510157070;59;255;1510157079;0
32;16;10;5;1;59;1510157778;59;255;1510157788;0
32;16;10;5;1;59;1510157956;59;255;1510157965;1
32;16;10;5;1;59;1510157982;59;255;1510157991;0
32;16;10;5;1;59;1510158057;59;255;1510158065;0
32;16;10;5;1;59;1510158740;59;255;1510158749;0
32;16;10;5;1;59;1510158919;59;255;1510158928;0
32;16;10;5;1;59;1510158953;59;255;1510158962;0
32;16;10;5;1;59;1510159017;59;255;1510159026;0
32;16;10;5;1;59;1510159694;59;255;1510159703;0
32;16;10;5;1;59;1510159879;59;255;1510159889;1
32;16;10;5;1;59;1510159915;59;255;1510159924;0
32;16;10;5;1;59;1510159979;59;255;1510159989;0
32;16;10;5;1;59;1510160676;59;255;1510160684;0
32;16;10;5;1;59;1510160852;59;255;1510160861;0
32;16;10;5;1;59;1510160884;59;255;1510160893;0
32;16;10;5;1;59;1510160952;59;255;1510160961;0
32;16;10;5;1;59;1510161655;59;255;1510161664;0
32;16;10;5;1;59;1510161830;59;255;1510161839;0
32;16;10;5;1;59;1510161869;59;255;1510161878;0
32;16;10;5;1;59;1510161928;59;255;1510161937;0
32;16;10;5;1;59;1510162619;59;255;1510162627;0
32;16;10;5;1;59;1510162796;59;255;1510162805;0
32;16;10;5;1;59;1510162838;59;255;1510162847;0
32;16;10;5;1;59;1510162888;59;255;1510162897;0
32;16;10;5;1;59;1510163566;59;255;1510163574;0
32;16;10;5;1;59;1510163747;59;255;1510163756;0
32;16;10;5;1;59;1510163808;59;255;1510163817;0
32;16;10;5;1;59;1510163835;59;255;1510163844;0
32;16;10;5;1;59;1510164507;59;255;1510164516;0
32;16;10;5;1;59;1510164690;59;255;1510164699;0
32;16;10;5;1;59;1510164750;59;255;1510164759;0
32;16;10;5;1;59;1510164781;59;255;1510164790;0
32;16;10;5;1;59;1510165450;59;255;1510165459;0
32;16;10;5;1;59;1510165632;59;255;1510165641;0
32;16;10;5;1;59;1510165694;59;255;1510165703;1
32;16;10;5;1;59;1510165723;59;255;1510165732;0
32;16;10;5;1;59;1510166394;59;255;1510166402;0
32;16;10;5;1;59;1510166575;59;255;1510166583;0
32;16;10;5;1;59;1510166636;59;255;1510166645;0
32;16;10;5;1;59;1510166666;59;255;1510166675;0
32;16;10;5;1;59;1510167336;59;255;1510167345;0
32;16;10;5;1;59;1510167516;59;255;1510167525;0
32;16;10;5;1;59;1510167579;59;255;1510167587;0
32;16;10;5;1;59;1510167612;59;255;1510167620;1
32;16;10;5;1;59;1510168278;59;255;1510168287;0
32;16;10;5;1;59;1510168459;59;255;1510168467;0
32;16;10;5;1;59;1510168521;59;255;1510168529;0
32;16;10;5;1;59;1510168554;59;255;1510168563;0
32;16;10;5;1;59;1510169220;59;255;1510169228;0
32;16;10;5;1;59;1510169401;59;255;1510169409;0
32;16;10;5;1;59;1510169464;59;255;1510169473;1
32;16;10;5;1;59;1510169495;59;255;1510169504;1
32;16;10;5;1;59;1510170163;59;255;1510170172;0
32;16;10;5;1;59;1510170344;59;255;1510170353;0
32;16;10;5;1;59;1510170407;59;255;1510170416;0
32;16;10;5;1;59;1510170438;59;255;1510170446;0
32;16;10;5;1;59;1510171106;59;255;1510171115;0
32;16;10;5;1;59;1510171286;59;255;1510171295;0
32;16;10;5;1;59;1510171352;59;255;1510171360;0
32;16;10;5;1;59;1510171380;59;255;1510171388;0
32;16;10;5;1;59;1510172046;59;255;1510172054;0
32;16;10;5;1;59;1510172228;59;255;1510172237;0
32;16;10;5;1;59;1510172294;59;255;1510172303;0
32;16;10;5;1;59;1510172324;59;255;1510172332;0
32;16;10;5;1;59;1510172989;59;255;1510172998;0
32;16;10;5;1;59;1510173170;59;255;1510173178;0
32;16;10;5;1;59;1510173237;59;255;1510173246;0
32;16;10;5;1;59;1510173268;59;255;1510173276;0
32;16;10;5;1;59;1510173933;59;255;1510173942;0
32;16;10;5;1;59;1510174111;59;255;1510174119;0
32;16;10;5;1;59;1510174180;59;255;1510174189;0
32;16;10;5;1;59;1510174208;59;255;1510174217;0
32;16;10;5;1;59;1510174877;59;255;1510174886;0
32;16;10;5;1;59;1510175054;59;255;1510175062;0
32;16;10;5;1;59;1510175123;59;255;1510175132;0
32;16;10;5;1;59;1510175150;59;255;1510175158;0
32;16;10;5;1;59;1510175821;59;255;1510175829;0
32;16;10;5;1;59;1510175994;59;255;1510176003;0
32;16;10;5;1;59;1510176065;59;255;1510176074;0
32;16;10;5;1;59;1510176090;59;255;1510176099;0
32;16;10;5;1;59;1510176766;59;255;1510176775;0
32;16;10;5;1;59;1510176937;59;255;1510176945;0
32;16;10;5;1;59;1510177006;59;255;1510177015;0
32;16;10;5;1;59;1510177032;59;255;1510177041;0
32;16;10;5;1;59;1510177707;59;255;1510177716;0
32;16;10;5;1;59;1510177879;59;255;1510177888;0
32;16;10;5;1;59;1510177950;59;255;1510177958;0
32;16;10;5;1;59;1510177973;59;255;1510177981;0
32;16;10;5;1;59;1510178651;59;255;1510178660;0
32;16;10;5;1;59;1510178824;59;255;1510178833;0
32;16;10;5;1;59;1510178890;59;255;1510178899;0
32;16;10;5;1;59;1510178915;59;255;1510178924;1
32;16;10;5;1;59;1510179593;59;255;1510179602;0
32;16;10;5;1;59;1510179766;59;255;1510179775;0
32;16;10;5;1;59;1510179830;59;255;1510179839;0
32;16;10;5;1;59;1510179856;59;255;1510179864;0
32;16;10;5;1;59;1510180536;59;255;1510180545;0
32;16;10;5;1;59;1510180708;59;255;1510180717;0
32;16;10;5;1;59;1510180772;59;255;1510180781;0
32;16;10;5;1;59;1510180799;59;255;1510180807;0
32;16;10;5;1;59;1510181481;59;255;1510181490;0
32;16;10;5;1;59;1510181649;59;255;1510181658;0
32;16;10;5;1;59;1510181715;59;255;1510181723;0
32;16;10;5;1;59;1510181742;59;255;1510181750;0
32;16;10;5;1;59;1510182425;59;255;1510182433;0
32;16;10;5;1;59;1510182593;59;255;1510182601;1
32;16;10;5;1;59;1510182657;59;255;1510182666;0
32;16;10;5;1;59;1510182684;59;255;1510182693;0
32;16;10;5;1;59;1510183368;59;255;1510183377;0
32;16;10;5;1;59;1510183534;59;255;1510183542;1
32;16;10;5;1;59;1510183599;59;255;1510183608;0
32;16;10;5;1;59;1510183625;59;255;1510183633;0
32;16;10;5;1;59;1510184311;59;255;1510184320;0
32;16;10;5;1;59;1510184477;59;255;1510184486;0
32;16;10;5;1;59;1510184541;59;255;1510184549;0
32;16;10;5;1;59;1510184567;59;255;1510184575;0
32;16;10;5;1;59;1510185255;59;255;1510185263;0
32;16;10;5;1;59;1510185420;59;255;1510185429;0
32;16;10;5;1;59;1510185485;59;255;1510185494;1
32;16;10;5;1;59;1510185507;59;255;1510185516;0
32;16;10;5;1;59;1510186196;59;255;1510186205;0
32;16;10;5;1;59;1510186364;59;255;1510186373;0
32;16;10;5;1;59;1510186427;59;255;1510186435;0
32;16;10;5;1;59;1510186450;59;255;1510186458;0
32;16;10;5;1;59;1510187139;59;255;1510187147;0
32;16;10;5;1;59;1510187307;59;255;1510187316;0
32;16;10;5;1;59;1510187366;59;255;1510187375;0
32;16;10;5;1;59;1510187390;59;255;1510187399;0
32;16;10;5;1;59;1510188081;59;255;1510188089;0
32;16;10;5;1;59;1510188250;59;255;1510188259;0
32;16;10;5;1;59;1510188309;59;255;1510188317;0
32;16;10;5;1;59;1510188334;59;255;1510188343;0
32;16;10;5;1;59;1510189021;59;255;1510189030;0
32;16;10;5;1;59;1510189193;59;255;1510189202;0
32;16;10;5;1;59;1510189250;59;255;1510189259;0
32;16;10;5;1;59;1510189278;59;255;1510189286;0
32;16;10;5;1;59;1510189962;59;255;1510189970;0
32;16;10;5;1;59;1510190135;59;255;1510190144;0
32;16;10;5;1;59;1510190191;59;255;1510190199;0
32;16;10;5;1;59;1510190221;59;255;1510190230;0
32;16;10;5;1;59;1510190902;59;255;1510190910;0
32;16;10;5;1;59;1510191078;59;255;1510191087;0
32;16;10;5;1;59;1510191130;59;255;1510191139;0
32;16;10;5;1;59;1510191165;59;255;1510191174;0
32;16;10;5;1;59;1510191845;59;255;1510191854;0
32;16;10;5;1;59;1510192022;59;255;1510192031;0
32;16;10;5;1;59;1510192070;59;255;1510192079;0
32;16;10;5;1;59;1510192108;59;255;1510192116;0
32;16;10;5;1;59;1510192788;59;255;1510192797;0
32;16;10;5;1;59;1510192963;59;255;1510192972;1
32;16;10;5;1;59;1510193013;59;255;1510193022;0
32;16;10;5;1;59;1510193052;59;255;1510193060;1
32;16;10;5;1;59;1510193728;59;255;1510193737;0
32;16;10;5;1;59;1510193906;59;255;1510193914;0
32;16;10;5;1;59;1510193955;59;255;1510193964;0
32;16;10;5;1;59;1510193994;59;255;1510194003;1
32;16;10;5;1;59;1510194669;59;255;1510194678;0
32;16;10;5;1;59;1510194848;59;255;1510194857;0
32;16;10;5;1;59;1510194896;59;255;1510194905;0
32;16;10;5;1;59;1510194937;59;255;1510194946;0
32;16;10;5;1;59;1510195612;59;255;1510195621;0
32;16;10;5;1;59;1510195792;59;255;1510195800;0
32;16;10;5;1;59;1510195840;59;255;1510195848;0
32;16;10;5;1;59;1510195877;59;255;1510195886;1
32;16;10;5;1;59;1510196555;59;255;1510196564;0
32;16;10;5;1;59;1510196736;59;255;1510196744;0
32;16;10;5;1;59;1510196783;59;255;1510196791;0
32;16;10;5;1;59;1510196817;59;255;1510196826;1
32;16;10;5;1;59;1510197498;59;255;1510197507;0
32;16;10;5;1;59;1510197676;59;255;1510197685;1
32;16;10;5;1;59;1510197725;59;255;1510197734;0
32;16;10;5;1;59;1510197758;59;255;1510197767;0
32;16;10;5;1;59;1510198439;59;255;1510198448;0
32;16;10;5;1;59;1510198617;59;255;1510198626;0
32;16;10;5;1;59;1510198671;59;255;1510198680;0
32;16;10;5;1;59;1510198700;59;255;1510198709;0
32;16;10;5;1;59;1510199379;59;255;1510199388;0
32;16;10;5;1;59;1510199558;59;255;1510199567;0
32;16;10;5;1;59;1510199617;59;255;1510199626;0
32;16;10;5;1;59;1510199641;59;255;1510199650;0
32;16;10;5;1;59;1510200323;59;255;1510200331;0
32;16;10;5;1;59;1510200500;59;255;1510200509;0
32;16;10;5;1;59;1510200563;59;255;1510200571;0
32;16;10;5;1;59;1510200581;59;255;1510200590;1
32;16;10;5;1;59;1510201263;59;255;1510201272;0
32;16;10;5;1;59;1510201440;59;255;1510201448;0
32;16;10;5;1;59;1510201506;59;255;1510201514;0
32;16;10;5;1;59;1510201521;59;255;1510201530;0
32;16;10;5;1;59;1510202205;59;255;1510202214;0
32;16;10;5;1;59;1510202383;59;255;1510202392;0
32;16;10;5;1;59;1510202448;59;255;1510202457;0
32;16;10;5;1;59;1510202465;59;255;1510202474;0
32;16;10;5;1;59;1510203147;59;255;1510203156;0
32;16;10;5;1;59;1510203328;59;255;1510203337;0
32;16;10;5;1;59;1510203389;59;255;1510203398;1
32;16;10;5;1;59;1510203409;59;255;1510203417;0
32;16;10;5;1;59;1510204088;59;255;1510204097;0
32;16;10;5;1;59;1510204270;59;255;1510204279;0
32;16;10;5;1;59;1510204331;59;255;1510204340;0
32;16;10;5;1;59;1510204354;59;255;1510204362;0
32;16;10;5;1;59;1510205030;59;255;1510205038;0
32;16;10;5;1;59;1510205210;59;255;1510205218;0
32;16;10;5;1;59;1510205274;59;255;1510205283;0
32;16;10;5;1;59;1510205296;59;255;1510205305;0
32;16;10;5;1;59;1510205973;59;255;1510205982;0
32;16;10;5;1;59;1510206152;59;255;1510206161;0
32;16;10;5;1;59;1510206219;59;255;1510206227;0
32;16;10;5;1;59;1510206240;59;255;1510206249;0
32;16;10;5;1;59;1510206915;59;255;1510206924;0
32;16;10;5;1;59;1510207094;59;255;1510207103;0
32;16;10;5;1;59;1510207161;59;255;1510207170;0
32;16;10;5;1;59;1510207182;59;255;1510207191;0
32;16;10;5;1;59;1510207857;59;255;1510207865;0
32;16;10;5;1;59;1510208037;59;255;1510208046;0
32;16;10;5;1;59;1510208104;59;255;1510208113;0
32;16;10;5;1;59;1510208124;59;255;1510208132;0
32;16;10;5;1;59;1510208797;59;255;1510208805;0
32;16;10;5;1;59;1510208980;59;255;1510208989;0
32;16;10;5;1;59;1510209045;59;255;1510209053;0
32;16;10;5;1;59;1510209065;59;255;1510209074;0
32;16;10;5;1;59;1510209739;59;255;1510209748;0
32;16;10;5;1;59;1510209922;59;255;1510209931;0
32;16;10;5;1;59;1510209988;59;255;1510209997;0
32;16;10;5;1;59;1510210008;59;255;1510210016;0
32;16;10;5;1;59;1510210683;59;255;1510210692;1
32;16;10;5;1;59;1510210862;59;255;1510210871;0
32;16;10;5;1;59;1510210931;59;255;1510210940;0
32;16;10;5;1;59;1510210952;59;255;1510210961;0
32;16;10;5;1;59;1510211626;59;255;1510211634;0
32;16;10;5;1;59;1510211804;59;255;1510211813;0
32;16;10;5;1;59;1510211871;59;255;1510211879;0
32;16;10;5;1;59;1510211893;59;255;1510211901;0
32;16;10;5;1;59;1510212568;59;255;1510212576;0
32;16;10;5;1;59;1510212747;59;255;1510212755;0
32;16;10;5;1;59;1510212813;59;255;1510212821;0
32;16;10;5;1;59;1510212835;59;255;1510212844;0
32;16;10;5;1;59;1510213510;59;255;1510213518;0
32;16;10;5;1;59;1510213689;59;255;1510213698;0
32;16;10;5;1;59;1510213756;59;255;1510213764;0
32;16;10;5;1;59;1510213779;59;255;1510213787;0
32;16;10;5;1;59;1510214453;59;255;1510214461;0
32;16;10;5;1;59;1510214632;59;255;1510214641;0
32;16;10;5;1;59;1510214697;59;255;1510214706;0
32;16;10;5;1;59;1510214722;59;255;1510214731;0
32;16;10;5;1;59;1510215395;59;255;1510215403;0
32;16;10;5;1;59;1510215572;59;255;1510215581;0
32;16;10;5;1;59;1510215639;59;255;1510215647;0
32;16;10;5;1;59;1510215666;59;255;1510215675;0
32;16;10;5;1;59;1510216338;59;255;1510216346;0
32;16;10;5;1;59;1510216514;59;255;1510216523;0
32;16;10;5;1;59;1510216580;59;255;1510216589;0
32;16;10;5;1;59;1510216608;59;255;1510216617;0
32;16;10;5;1;59;1510217280;59;255;1510217289;0
32;16;10;5;1;59;1510217456;59;255;1510217465;0
32;16;10;5;1;59;1510217521;59;255;1510217530;0
32;16;10;5;1;59;1510217552;59;255;1510217561;0
32;16;10;5;1;59;1510218222;59;255;1510218231;0
32;16;10;5;1;59;1510218399;59;255;1510218407;0
32;16;10;5;1;59;1510218464;59;255;1510218473;0
32;16;10;5;1;59;1510218494;59;255;1510218503;0
32;16;10;5;1;59;1510219181;59;255;1510219191;0
32;16;10;5;1;59;1510219376;59;255;1510219385;0
32;16;10;5;1;59;1510219429;59;255;1510219439;0
32;16;10;5;1;59;1510219464;59;255;1510219473;0
32;16;10;5;1;59;1510220193;59;255;1510220202;0
32;16;10;5;1;59;1510220388;59;255;1510220398;0
32;16;10;5;1;59;1510220442;59;255;1510220451;0
32;16;10;5;1;59;1510220479;59;255;1510220487;0
32;16;10;5;1;59;1510221187;59;255;1510221196;0
32;16;10;5;1;59;1510221371;59;255;1510221380;0
32;16;10;5;1;59;1510221418;59;255;1510221428;0
32;16;10;5;1;59;1510221473;59;255;1510221482;0
32;16;10;5;1;59;1510222179;59;255;1510222189;0
32;16;10;5;1;59;1510222372;59;255;1510222382;0
32;16;10;5;1;59;1510222427;59;255;1510222437;0
32;16;10;5;1;59;1510222494;59;255;1510222503;0
32;16;10;5;1;59;1510223187;59;255;1510223196;0
32;16;10;5;1;59;1510223386;59;255;1510223395;0
32;16;10;5;1;59;1510223439;59;255;1510223449;1
32;16;10;5;1;59;1510223500;59;255;1510223509;1
32;16;10;5;1;59;1510224200;59;255;1510224209;0
32;16;10;5;1;59;1510224397;59;255;1510224407;0
32;16;10;5;1;59;1510224453;59;255;1510224462;0
32;16;10;5;1;59;1510224511;59;255;1510224521;0
32;16;10;5;1;59;1510225204;59;255;1510225214;1
32;16;10;5;1;59;1510225397;59;255;1510225405;0
32;16;10;5;1;59;1510225451;59;255;1510225460;0
32;16;10;5;1;59;1510225497;59;255;1510225506;0
32;16;10;5;1;59;1510226217;59;255;1510226226;0
32;16;10;5;1;59;1510226407;59;255;1510226416;0
32;16;10;5;1;59;1510226457;59;255;1510226466;1
32;16;10;5;1;59;1510226516;59;255;1510226526;0
32;16;10;5;1;59;1510253193;59;255;1510253202;0
32;16;10;5;1;59;1510253198;59;255;1510253208;0
32;16;10;5;1;59;1510253206;59;255;1510253215;1
32;16;10;5;1;59;1510253207;59;255;1510253216;0
32;16;10;5;1;59;1510254144;59;255;1510254153;0
32;16;10;5;1;59;1510254146;59;255;1510254154;0
32;16;10;5;1;59;1510254148;59;255;1510254157;0
32;16;10;5;1;59;1510254167;59;255;1510254176;0
32;16;10;5;1;59;1510255078;59;255;1510255087;0
32;16;10;5;1;59;1510255078;59;255;1510255087;0
32;16;10;5;1;59;1510255079;59;255;1510255088;0
32;16;10;5;1;59;1510255102;59;255;1510255110;0
32;16;10;5;1;59;1510256010;59;255;1510256018;0
32;16;10;5;1;59;1510256011;59;255;1510256020;0
32;16;10;5;1;59;1510256014;59;255;1510256023;1
32;16;10;5;1;59;1510256036;59;255;1510256045;0
32;16;10;5;1;59;1510256940;59;255;1510256949;0
32;16;10;5;1;59;1510256942;59;255;1510256951;0
32;16;10;5;1;59;1510256950;59;255;1510256959;0
32;16;10;5;1;59;1510256970;59;255;1510256979;0
32;16;10;5;1;59;1510257871;59;255;1510257880;0
32;16;10;5;1;59;1510257874;59;255;1510257883;0
32;16;10;5;1;59;1510257886;59;255;1510257894;0
32;16;10;5;1;59;1510257906;59;255;1510257915;0
32;16;10;5;1;59;1510258802;59;255;1510258811;0
32;16;10;5;1;59;1510258806;59;255;1510258815;0
32;16;10;5;1;59;1510258821;59;255;1510258830;0
32;16;10;5;1;59;1510258841;59;255;1510258850;0
32;16;10;5;1;59;1510259733;59;255;1510259741;0
32;16;10;5;1;59;1510259738;59;255;1510259746;0
32;16;10;5;1;59;1510259757;59;255;1510259765;0
32;16;10;5;1;59;1510259775;59;255;1510259784;0
32;16;10;5;1;59;1510260664;59;255;1510260672;0
32;16;10;5;1;59;1510260671;59;255;1510260679;0
32;16;10;5;1;59;1510260692;59;255;1510260701;0
32;16;10;5;1;59;1510260710;59;255;1510260719;0
32;16;10;5;1;59;1510261596;59;255;1510261604;0
32;16;10;5;1;59;1510261602;59;255;1510261611;0
32;16;10;5;1;59;1510261628;59;255;1510261637;0
32;16;10;5;1;59;1510261647;59;255;1510261655;0
32;16;10;5;1;59;1510262527;59;255;1510262535;0
32;16;10;5;1;59;1510262533;59;255;1510262542;0
32;16;10;5;1;59;1510262563;59;255;1510262572;0
32;16;10;5;1;59;1510262582;59;255;1510262591;0
32;16;10;5;1;59;1510263458;59;255;1510263466;0
32;16;10;5;1;59;1510263465;59;255;1510263473;0
32;16;10;5;1;59;1510263500;59;255;1510263508;0
32;16;10;5;1;59;1510263517;59;255;1510263526;0
32;16;10;5;1;59;1510264389;59;255;1510264398;0
32;16;10;5;1;59;1510264397;59;255;1510264405;0
32;16;10;5;1;59;1510264435;59;255;1510264444;0
32;16;10;5;1;59;1510264452;59;255;1510264461;0
32;16;10;5;1;59;1510265321;59;255;1510265329;1
32;16;10;5;1;59;1510265328;59;255;1510265337;1
32;16;10;5;1;59;1510265371;59;255;1510265380;0
32;16;10;5;1;59;1510265387;59;255;1510265396;0
32;16;10;5;1;59;1510266251;59;255;1510266260;1
32;16;10;5;1;59;1510266259;59;255;1510266268;0
32;16;10;5;1;59;1510266308;59;255;1510266316;0
32;16;10;5;1;59;1510266323;59;255;1510266332;0
32;16;10;5;1;59;1510267182;59;255;1510267191;0
32;16;10;5;1;59;1510267191;59;255;1510267200;0
32;16;10;5;1;59;1510267244;59;255;1510267253;0
32;16;10;5;1;59;1510267258;59;255;1510267266;0
32;16;10;5;1;59;1510268113;59;255;1510268121;0
32;16;10;5;1;59;1510268123;59;255;1510268131;0
32;16;10;5;1;59;1510268181;59;255;1510268190;0
32;16;10;5;1;59;1510268193;59;255;1510268201;0
32;16;10;5;1;59;1510269044;59;255;1510269053;1
32;16;10;5;1;59;1510269055;59;255;1510269063;0
32;16;10;5;1;59;1510269119;59;255;1510269127;0
32;16;10;5;1;59;1510269127;59;255;1510269136;0
32;16;10;5;1;59;1510269975;59;255;1510269984;0
32;16;10;5;1;59;1510269986;59;255;1510269995;1
32;16;10;5;1;59;1510270056;59;255;1510270065;0
32;16;10;5;1;59;1510270063;59;255;1510270072;0
32;16;10;5;1;59;1510270906;59;255;1510270915;0
32;16;10;5;1;59;1510270919;59;255;1510270928;0
32;16;10;5;1;59;1510270993;59;255;1510271001;0
32;16;10;5;1;59;1510270999;59;255;1510271008;0
32;16;10;5;1;59;1510271837;59;255;1510271846;0
32;16;10;5;1;59;1510271854;59;255;1510271863;0
32;16;10;5;1;59;1510271927;59;255;1510271935;0
32;16;10;5;1;59;1510271934;59;255;1510271943;0
32;16;10;5;1;59;1510272770;59;255;1510272778;0
32;16;10;5;1;59;1510272791;59;255;1510272799;0
32;16;10;5;1;59;1510272858;59;255;1510272867;0
32;16;10;5;1;59;1510272870;59;255;1510272878;0
32;16;10;5;1;59;1510273700;59;255;1510273709;0
32;16;10;5;1;59;1510273727;59;255;1510273736;0
32;16;10;5;1;59;1510273790;59;255;1510273798;0
32;16;10;5;1;59;1510273807;59;255;1510273816;0
32;16;10;5;1;59;1510274631;59;255;1510274640;0
32;16;10;5;1;59;1510274663;59;255;1510274672;1
32;16;10;5;1;59;1510274721;59;255;1510274730;0
32;16;10;5;1;59;1510274743;59;255;1510274752;0
32;16;10;5;1;59;1510275563;59;255;1510275571;0
32;16;10;5;1;59;1510275601;59;255;1510275610;0
32;16;10;5;1;59;1510275655;59;255;1510275663;0
32;16;10;5;1;59;1510275677;59;255;1510275685;0
32;16;10;5;1;59;1510276494;59;255;1510276503;0
32;16;10;5;1;59;1510276537;59;255;1510276546;0
32;16;10;5;1;59;1510276591;59;255;1510276600;0
32;16;10;5;1;59;1510276608;59;255;1510276617;1
32;16;10;5;1;59;1510277426;59;255;1510277434;0
32;16;10;5;1;59;1510277474;59;255;1510277483;0
32;16;10;5;1;59;1510277527;59;255;1510277536;0
32;16;10;5;1;59;1510277539;59;255;1510277548;0
32;16;10;5;1;59;1510278357;59;255;1510278365;0
32;16;10;5;1;59;1510278410;59;255;1510278419;0
32;16;10;5;1;59;1510278463;59;255;1510278471;0
32;16;10;5;1;59;1510278471;59;255;1510278479;0
32;16;10;5;1;59;1510279288;59;255;1510279296;0
32;16;10;5;1;59;1510279348;59;255;1510279356;0
32;16;10;5;1;59;1510279398;59;255;1510279407;0
32;16;10;5;1;59;1510279402;59;255;1510279411;0
32;16;10;5;1;59;1510280219;59;255;1510280227;0
32;16;10;5;1;59;1510280284;59;255;1510280293;0
32;16;10;5;1;59;1510280334;59;255;1510280343;0
32;16;10;5;1;59;1510280334;59;255;1510280343;0
32;16;10;5;1;59;1510281149;59;255;1510281158;0
32;16;10;5;1;59;1510281222;59;255;1510281231;0
32;16;10;5;1;59;1510281265;59;255;1510281274;0
32;16;10;5;1;59;1510281270;59;255;1510281279;0
32;16;10;5;1;59;1510282080;59;255;1510282089;0
32;16;10;5;1;59;1510282161;59;255;1510282170;0
32;16;10;5;1;59;1510282197;59;255;1510282205;0
32;16;10;5;1;59;1510282206;59;255;1510282214;0
32;16;10;5;1;59;1510283011;59;255;1510283020;1
32;16;10;5;1;59;1510283100;59;255;1510283108;0
32;16;10;5;1;59;1510283128;59;255;1510283137;0
32;16;10;5;1;59;1510283141;59;255;1510283150;0
32;16;10;5;1;59;1510283942;59;255;1510283950;0
32;16;10;5;1;59;1510284037;59;255;1510284046;0
32;16;10;5;1;59;1510284060;59;255;1510284068;0
32;16;10;5;1;59;1510284077;59;255;1510284085;0
32;16;10;5;1;59;1510284873;59;255;1510284881;0
32;16;10;5;1;59;1510284975;59;255;1510284984;0
32;16;10;5;1;59;1510284992;59;255;1510285000;0
32;16;10;5;1;59;1510285011;59;255;1510285020;0
32;16;10;5;1;59;1510285803;59;255;1510285812;0
32;16;10;5;1;59;1510285912;59;255;1510285921;0
32;16;10;5;1;59;1510285927;59;255;1510285936;0
32;16;10;5;1;59;1510285943;59;255;1510285951;0
32;16;10;5;1;59;1510286734;59;255;1510286743;0
32;16;10;5;1;59;1510286850;59;255;1510286858;0
32;16;10;5;1;59;1510286864;59;255;1510286873;0
32;16;10;5;1;59;1510286874;59;255;1510286883;0
32;16;10;5;1;59;1510287665;59;255;1510287674;0
32;16;10;5;1;59;1510287787;59;255;1510287796;0
32;16;10;5;1;59;1510287801;59;255;1510287809;0
32;16;10;5;1;59;1510287806;59;255;1510287815;0
32;16;10;5;1;59;1510288597;59;255;1510288606;0
32;16;10;5;1;59;1510288725;59;255;1510288733;0
32;16;10;5;1;59;1510288736;59;255;1510288744;0
32;16;10;5;1;59;1510288737;59;255;1510288746;0
32;16;10;5;1;59;1510289530;59;255;1510289538;0
32;16;10;5;1;59;1510289663;59;255;1510289672;0
32;16;10;5;1;59;1510289669;59;255;1510289677;0
32;16;10;5;1;59;1510289670;59;255;1510289679;0
32;16;10;5;1;59;1510290462;59;255;1510290471;0
32;16;10;5;1;59;1510290601;59;255;1510290609;1
32;16;10;5;1;59;1510290601;59;255;1510290610;0
32;16;10;5;1;59;1510290605;59;255;1510290614;0
32;16;10;5;1;59;1510291394;59;255;1510291403;0
32;16;10;5;1;59;1510291533;59;255;1510291541;0
32;16;10;5;1;59;1510291539;59;255;1510291548;0
32;16;10;5;1;59;1510291540;59;255;1510291549;0
32;16;10;5;1;59;1510292327;59;255;1510292335;0
32;16;10;5;1;59;1510292464;59;255;1510292473;0
32;16;10;5;1;59;1510292475;59;255;1510292483;0
32;16;10;5;1;59;1510292476;59;255;1510292485;0
32;16;10;5;1;59;1510293259;59;255;1510293268;0
32;16;10;5;1;59;1510293396;59;255;1510293404;0
32;16;10;5;1;59;1510293409;59;255;1510293418;0
32;16;10;5;1;59;1510293415;59;255;1510293423;0
32;16;10;5;1;59;1510294192;59;255;1510294200;0
32;16;10;5;1;59;1510294328;59;255;1510294336;0
32;16;10;5;1;59;1510294344;59;255;1510294352;0
32;16;10;5;1;59;1510294354;59;255;1510294362;0
32;16;10;5;1;59;1510295125;59;255;1510295133;1
32;16;10;5;1;59;1510295260;59;255;1510295268;0
32;16;10;5;1;59;1510295278;59;255;1510295287;1
32;16;10;5;1;59;1510295292;59;255;1510295300;0
32;16;10;5;1;59;1510296058;59;255;1510296066;0
32;16;10;5;1;59;1510296192;59;255;1510296201;0
32;16;10;5;1;59;1510296212;59;255;1510296221;0
32;16;10;5;1;59;1510296230;59;255;1510296239;0
32;16;10;5;1;59;1510296990;59;255;1510296999;0
32;16;10;5;1;59;1510297124;59;255;1510297132;0
32;16;10;5;1;59;1510297148;59;255;1510297156;0
32;16;10;5;1;59;1510297167;59;255;1510297176;0
32;16;10;5;1;59;1510297923;59;255;1510297932;0
32;16;10;5;1;59;1510298055;59;255;1510298064;0
32;16;10;5;1;59;1510298083;59;255;1510298091;0
32;16;10;5;1;59;1510298105;59;255;1510298114;0
32;16;10;5;1;59;1510298855;59;255;1510298864;0
32;16;10;5;1;59;1510298987;59;255;1510298996;1
32;16;10;5;1;59;1510299018;59;255;1510299027;0
32;16;10;5;1;59;1510299044;59;255;1510299052;0
32;16;10;5;1;59;1510299788;59;255;1510299796;0
32;16;10;5;1;59;1510299919;59;255;1510299928;0
32;16;10;5;1;59;1510299953;59;255;1510299962;0
32;16;10;5;1;59;1510299982;59;255;1510299991;0
32;16;10;5;1;59;1510300720;59;255;1510300729;0
32;16;10;5;1;59;1510300850;59;255;1510300859;0
32;16;10;5;1;59;1510300888;59;255;1510300897;0
32;16;10;5;1;59;1510300919;59;255;1510300928;0
32;16;10;5;1;59;1510301654;59;255;1510301663;0
32;16;10;5;1;59;1510301783;59;255;1510301791;0
32;16;10;5;1;59;1510301827;59;255;1510301836;0
32;16;10;5;1;59;1510301854;59;255;1510301862;0
32;16;10;5;1;59;1510302586;59;255;1510302595;0
32;16;10;5;1;59;1510302715;59;255;1510302723;0
32;16;10;5;1;59;1510302769;59;255;1510302778;1
32;16;10;5;1;59;1510302794;59;255;1510302804;0
32;16;10;5;1;59;1510303568;59;255;1510303577;0
32;16;10;5;1;59;1510303715;59;255;1510303724;0
32;16;10;5;1;59;1510303760;59;255;1510303769;0
32;16;10;5;1;59;1510303795;59;255;1510303804;0
32;16;10;5;1;59;1510304541;59;255;1510304551;0
32;16;10;5;1;59;1510304681;59;255;1510304691;0
32;16;10;5;1;59;1510304729;59;255;1510304738;0
32;16;10;5;1;59;1510304779;59;255;1510304788;0
32;16;10;5;1;59;1510305508;59;255;1510305517;0
32;16;10;5;1;59;1510305632;59;255;1510305641;0
32;16;10;5;1;59;1510305689;59;255;1510305697;0
32;16;10;5;1;59;1510305748;59;255;1510305757;1
32;16;10;5;1;59;1510306497;59;255;1510306507;0
32;16;10;5;1;59;1510306649;59;255;1510306660;1
32;16;10;5;1;59;1510306697;59;255;1510306706;1
32;16;10;5;1;59;1510306778;59;255;1510306788;0
