32;16;10;5;1;64;1509981937;64;255;1509981947;0
32;16;10;5;1;64;1509982011;64;255;1509982020;0
32;16;10;5;1;64;1509982080;64;255;1509982090;0
32;16;10;5;1;64;1509982189;64;255;1509982198;0
32;16;10;5;1;64;1509982926;64;255;1509982935;1
32;16;10;5;1;64;1509982984;64;255;1509982993;0
32;16;10;5;1;64;1509983051;64;255;1509983061;0
32;16;10;5;1;64;1509983159;64;255;1509983168;0
32;16;10;5;1;64;1509983868;64;255;1509983877;0
32;16;10;5;1;64;1509983926;64;255;1509983935;1
32;16;10;5;1;64;1509983995;64;255;1509984004;0
32;16;10;5;1;64;1509984106;64;255;1509984115;0
32;16;10;5;1;64;1509984812;64;255;1509984820;0
32;16;10;5;1;64;1509984868;64;255;1509984877;0
32;16;10;5;1;64;1509984937;64;255;1509984946;0
32;16;10;5;1;64;1509985045;64;255;1509985054;0
32;16;10;5;1;64;1509985752;64;255;1509985761;0
32;16;10;5;1;64;1509985808;64;255;1509985817;0
32;16;10;5;1;64;1509985880;64;255;1509985889;0
32;16;10;5;1;64;1509985987;64;255;1509985996;1
32;16;10;5;1;64;1509986692;64;255;1509986701;0
32;16;10;5;1;64;1509986751;64;255;1509986760;0
32;16;10;5;1;64;1509986819;64;255;1509986828;0
32;16;10;5;1;64;1509986930;64;255;1509986939;0
32;16;10;5;1;64;1509987633;64;255;1509987641;0
32;16;10;5;1;64;1509987695;64;255;1509987704;1
32;16;10;5;1;64;1509987758;64;255;1509987767;1
32;16;10;5;1;64;1509987872;64;255;1509987881;0
32;16;10;5;1;64;1509988575;64;255;1509988584;0
32;16;10;5;1;64;1509988636;64;255;1509988645;0
32;16;10;5;1;64;1509988699;64;255;1509988708;0
32;16;10;5;1;64;1509988815;64;255;1509988824;0
32;16;10;5;1;64;1509989516;64;255;1509989525;0
32;16;10;5;1;64;1509989578;64;255;1509989587;0
32;16;10;5;1;64;1509989644;64;255;1509989653;0
32;16;10;5;1;64;1509989757;64;255;1509989766;0
32;16;10;5;1;64;1509990457;64;255;1509990466;1
32;16;10;5;1;64;1509990523;64;255;1509990531;0
32;16;10;5;1;64;1509990584;64;255;1509990592;1
32;16;10;5;1;64;1509990698;64;255;1509990707;0
32;16;10;5;1;64;1509991401;64;255;1509991410;0
32;16;10;5;1;64;1509991461;64;255;1509991470;0
32;16;10;5;1;64;1509991524;64;255;1509991533;0
32;16;10;5;1;64;1509991640;64;255;1509991649;0
32;16;10;5;1;64;1509992343;64;255;1509992352;0
32;16;10;5;1;64;1509992403;64;255;1509992412;0
32;16;10;5;1;64;1509992464;64;255;1509992472;0
32;16;10;5;1;64;1509992582;64;255;1509992591;0
32;16;10;5;1;64;1509993285;64;255;1509993294;0
32;16;10;5;1;64;1509993344;64;255;1509993353;0
32;16;10;5;1;64;1509993405;64;255;1509993414;0
32;16;10;5;1;64;1509993524;64;255;1509993533;0
32;16;10;5;1;64;1509994225;64;255;1509994234;0
32;16;10;5;1;64;1509994285;64;255;1509994294;0
32;16;10;5;1;64;1509994346;64;255;1509994355;0
32;16;10;5;1;64;1509994466;64;255;1509994475;0
32;16;10;5;1;64;1509995168;64;255;1509995177;0
32;16;10;5;1;64;1509995227;64;255;1509995236;0
32;16;10;5;1;64;1509995290;64;255;1509995300;0
32;16;10;5;1;64;1509995407;64;255;1509995416;0
32;16;10;5;1;64;1509996116;64;255;1509996125;0
32;16;10;5;1;64;1509996169;64;255;1509996178;0
32;16;10;5;1;64;1509996245;64;255;1509996254;0
32;16;10;5;1;64;1509996348;64;255;1509996357;1
32;16;10;5;1;64;1509997057;64;255;1509997066;1
32;16;10;5;1;64;1509997111;64;255;1509997120;0
32;16;10;5;1;64;1509997186;64;255;1509997195;0
32;16;10;5;1;64;1509997289;64;255;1509997298;0
32;16;10;5;1;64;1509997998;64;255;1509998007;0
32;16;10;5;1;64;1509998055;64;255;1509998063;0
32;16;10;5;1;64;1509998128;64;255;1509998137;0
32;16;10;5;1;64;1509998231;64;255;1509998240;0
32;16;10;5;1;64;1509998940;64;255;1509998949;0
32;16;10;5;1;64;1509998995;64;255;1509999003;0
32;16;10;5;1;64;1509999068;64;255;1509999077;0
32;16;10;5;1;64;1509999171;64;255;1509999180;0
32;16;10;5;1;64;1509999884;64;255;1509999893;0
32;16;10;5;1;64;1509999937;64;255;1509999946;0
32;16;10;5;1;64;1510000008;64;255;1510000017;0
32;16;10;5;1;64;1510000111;64;255;1510000120;0
32;16;10;5;1;64;1510000827;64;255;1510000836;0
32;16;10;5;1;64;1510000880;64;255;1510000889;0
32;16;10;5;1;64;1510000948;64;255;1510000957;0
32;16;10;5;1;64;1510001051;64;255;1510001060;0
32;16;10;5;1;64;1510001767;64;255;1510001776;0
32;16;10;5;1;64;1510001825;64;255;1510001834;0
32;16;10;5;1;64;1510001888;64;255;1510001897;0
32;16;10;5;1;64;1510001991;64;255;1510002000;0
32;16;10;5;1;64;1510002708;64;255;1510002716;0
32;16;10;5;1;64;1510002769;64;255;1510002778;1
32;16;10;5;1;64;1510002832;64;255;1510002840;0
32;16;10;5;1;64;1510002931;64;255;1510002940;0
32;16;10;5;1;64;1510003650;64;255;1510003659;0
32;16;10;5;1;64;1510003709;64;255;1510003718;0
32;16;10;5;1;64;1510003773;64;255;1510003782;0
32;16;10;5;1;64;1510003875;64;255;1510003884;0
32;16;10;5;1;64;1510004590;64;255;1510004599;0
32;16;10;5;1;64;1510004649;64;255;1510004658;0
32;16;10;5;1;64;1510004718;64;255;1510004727;1
32;16;10;5;1;64;1510004816;64;255;1510004825;0
32;16;10;5;1;64;1510005532;64;255;1510005541;0
32;16;10;5;1;64;1510005591;64;255;1510005600;0
32;16;10;5;1;64;1510005659;64;255;1510005668;0
32;16;10;5;1;64;1510005757;64;255;1510005766;0
32;16;10;5;1;64;1510006471;64;255;1510006480;0
32;16;10;5;1;64;1510006530;64;255;1510006539;0
32;16;10;5;1;64;1510006604;64;255;1510006613;1
32;16;10;5;1;64;1510006698;64;255;1510006707;0
32;16;10;5;1;64;1510007411;64;255;1510007420;0
32;16;10;5;1;64;1510007470;64;255;1510007479;0
32;16;10;5;1;64;1510007549;64;255;1510007558;0
32;16;10;5;1;64;1510007638;64;255;1510007647;0
32;16;10;5;1;64;1510008352;64;255;1510008361;0
32;16;10;5;1;64;1510008410;64;255;1510008419;0
32;16;10;5;1;64;1510008489;64;255;1510008498;0
32;16;10;5;1;64;1510008582;64;255;1510008591;0
32;16;10;5;1;64;1510009295;64;255;1510009304;0
32;16;10;5;1;64;1510009352;64;255;1510009360;0
32;16;10;5;1;64;1510009431;64;255;1510009440;0
32;16;10;5;1;64;1510009524;64;255;1510009533;0
32;16;10;5;1;64;1510010236;64;255;1510010245;0
32;16;10;5;1;64;1510010292;64;255;1510010301;0
32;16;10;5;1;64;1510010372;64;255;1510010380;0
32;16;10;5;1;64;1510010468;64;255;1510010476;0
32;16;10;5;1;64;1510011175;64;255;1510011184;0
32;16;10;5;1;64;1510011235;64;255;1510011244;0
32;16;10;5;1;64;1510011313;64;255;1510011322;0
32;16;10;5;1;64;1510011409;64;255;1510011418;0
32;16;10;5;1;64;1510012115;64;255;1510012124;0
32;16;10;5;1;64;1510012180;64;255;1510012189;0
32;16;10;5;1;64;1510012256;64;255;1510012264;0
32;16;10;5;1;64;1510012348;64;255;1510012357;0
32;16;10;5;1;64;1510013058;64;255;1510013067;0
32;16;10;5;1;64;1510013121;64;255;1510013130;0
32;16;10;5;1;64;1510013196;64;255;1510013205;0
32;16;10;5;1;64;1510013291;64;255;1510013300;1
32;16;10;5;1;64;1510014000;64;255;1510014009;1
32;16;10;5;1;64;1510014064;64;255;1510014073;0
32;16;10;5;1;64;1510014136;64;255;1510014145;0
32;16;10;5;1;64;1510014233;64;255;1510014242;0
32;16;10;5;1;64;1510014942;64;255;1510014951;0
32;16;10;5;1;64;1510015005;64;255;1510015014;0
32;16;10;5;1;64;1510015077;64;255;1510015086;0
32;16;10;5;1;64;1510015174;64;255;1510015183;0
32;16;10;5;1;64;1510015884;64;255;1510015892;0
32;16;10;5;1;64;1510015946;64;255;1510015955;0
32;16;10;5;1;64;1510016019;64;255;1510016028;0
32;16;10;5;1;64;1510016115;64;255;1510016124;0
32;16;10;5;1;64;1510016824;64;255;1510016833;0
32;16;10;5;1;64;1510016888;64;255;1510016897;0
32;16;10;5;1;64;1510016959;64;255;1510016968;0
32;16;10;5;1;64;1510017056;64;255;1510017065;0
32;16;10;5;1;64;1510017765;64;255;1510017774;1
32;16;10;5;1;64;1510017832;64;255;1510017841;0
32;16;10;5;1;64;1510017901;64;255;1510017910;0
32;16;10;5;1;64;1510017997;64;255;1510018006;0
32;16;10;5;1;64;1510018705;64;255;1510018714;1
32;16;10;5;1;64;1510018775;64;255;1510018784;0
32;16;10;5;1;64;1510018842;64;255;1510018850;0
32;16;10;5;1;64;1510018940;64;255;1510018949;0
32;16;10;5;1;64;1510019648;64;255;1510019657;0
32;16;10;5;1;64;1510019718;64;255;1510019727;0
32;16;10;5;1;64;1510019782;64;255;1510019790;0
32;16;10;5;1;64;1510019880;64;255;1510019889;0
32;16;10;5;1;64;1510020589;64;255;1510020598;0
32;16;10;5;1;64;1510020661;64;255;1510020670;0
32;16;10;5;1;64;1510020722;64;255;1510020731;0
32;16;10;5;1;64;1510020820;64;255;1510020829;0
32;16;10;5;1;64;1510021528;64;255;1510021537;0
32;16;10;5;1;64;1510021602;64;255;1510021611;0
32;16;10;5;1;64;1510021664;64;255;1510021673;0
32;16;10;5;1;64;1510021763;64;255;1510021772;0
32;16;10;5;1;64;1510022469;64;255;1510022478;1
32;16;10;5;1;64;1510022543;64;255;1510022552;0
32;16;10;5;1;64;1510022607;64;255;1510022615;0
32;16;10;5;1;64;1510022704;64;255;1510022713;0
32;16;10;5;1;64;1510023411;64;255;1510023420;0
32;16;10;5;1;64;1510023484;64;255;1510023493;0
32;16;10;5;1;64;1510023550;64;255;1510023559;0
32;16;10;5;1;64;1510023645;64;255;1510023653;0
32;16;10;5;1;64;1510024354;64;255;1510024362;0
32;16;10;5;1;64;1510024424;64;255;1510024433;0
32;16;10;5;1;64;1510024492;64;255;1510024501;0
32;16;10;5;1;64;1510024586;64;255;1510024595;0
32;16;10;5;1;64;1510025298;64;255;1510025307;0
32;16;10;5;1;64;1510025365;64;255;1510025373;0
32;16;10;5;1;64;1510025434;64;255;1510025443;0
32;16;10;5;1;64;1510025525;64;255;1510025534;0
32;16;10;5;1;64;1510026240;64;255;1510026249;0
32;16;10;5;1;64;1510026305;64;255;1510026314;0
32;16;10;5;1;64;1510026375;64;255;1510026384;0
32;16;10;5;1;64;1510026467;64;255;1510026476;0
32;16;10;5;1;64;1510027180;64;255;1510027189;0
32;16;10;5;1;64;1510027246;64;255;1510027255;0
32;16;10;5;1;64;1510027319;64;255;1510027328;0
32;16;10;5;1;64;1510027408;64;255;1510027417;0
32;16;10;5;1;64;1510028123;64;255;1510028132;0
32;16;10;5;1;64;1510028189;64;255;1510028198;0
32;16;10;5;1;64;1510028259;64;255;1510028268;0
32;16;10;5;1;64;1510028347;64;255;1510028356;0
32;16;10;5;1;64;1510029064;64;255;1510029073;0
32;16;10;5;1;64;1510029131;64;255;1510029140;1
32;16;10;5;1;64;1510029201;64;255;1510029210;0
32;16;10;5;1;64;1510029287;64;255;1510029296;0
32;16;10;5;1;64;1510030005;64;255;1510030014;0
32;16;10;5;1;64;1510030074;64;255;1510030083;0
32;16;10;5;1;64;1510030144;64;255;1510030153;0
32;16;10;5;1;64;1510030227;64;255;1510030236;1
32;16;10;5;1;64;1510030948;64;255;1510030957;1
32;16;10;5;1;64;1510031014;64;255;1510031023;0
32;16;10;5;1;64;1510031088;64;255;1510031097;0
32;16;10;5;1;64;1510031169;64;255;1510031178;0
32;16;10;5;1;64;1510031889;64;255;1510031897;0
32;16;10;5;1;64;1510031955;64;255;1510031964;0
32;16;10;5;1;64;1510032031;64;255;1510032040;0
32;16;10;5;1;64;1510032111;64;255;1510032119;0
32;16;10;5;1;64;1510032829;64;255;1510032838;0
32;16;10;5;1;64;1510032896;64;255;1510032905;0
32;16;10;5;1;64;1510032973;64;255;1510032982;0
32;16;10;5;1;64;1510033052;64;255;1510033061;0
32;16;10;5;1;64;1510033772;64;255;1510033781;0
32;16;10;5;1;64;1510033837;64;255;1510033846;0
32;16;10;5;1;64;1510033914;64;255;1510033923;0
32;16;10;5;1;64;1510033993;64;255;1510034002;0
32;16;10;5;1;64;1510034714;64;255;1510034723;0
32;16;10;5;1;64;1510034779;64;255;1510034788;0
32;16;10;5;1;64;1510034855;64;255;1510034864;0
32;16;10;5;1;64;1510034935;64;255;1510034944;0
32;16;10;5;1;64;1510035655;64;255;1510035664;0
32;16;10;5;1;64;1510035721;64;255;1510035730;0
32;16;10;5;1;64;1510035797;64;255;1510035806;0
32;16;10;5;1;64;1510035874;64;255;1510035883;0
32;16;10;5;1;64;1510036596;64;255;1510036605;0
32;16;10;5;1;64;1510036664;64;255;1510036673;0
32;16;10;5;1;64;1510036738;64;255;1510036746;0
32;16;10;5;1;64;1510036814;64;255;1510036823;0
32;16;10;5;1;64;1510037540;64;255;1510037549;0
32;16;10;5;1;64;1510037605;64;255;1510037614;0
32;16;10;5;1;64;1510037678;64;255;1510037687;0
32;16;10;5;1;64;1510037754;64;255;1510037763;0
32;16;10;5;1;64;1510038480;64;255;1510038489;0
32;16;10;5;1;64;1510038548;64;255;1510038557;0
32;16;10;5;1;64;1510038618;64;255;1510038627;0
32;16;10;5;1;64;1510038696;64;255;1510038705;0
32;16;10;5;1;64;1510039422;64;255;1510039431;0
32;16;10;5;1;64;1510039489;64;255;1510039498;0
32;16;10;5;1;64;1510039562;64;255;1510039571;0
32;16;10;5;1;64;1510039637;64;255;1510039646;0
32;16;10;5;1;64;1510040363;64;255;1510040372;0
32;16;10;5;1;64;1510040430;64;255;1510040439;0
32;16;10;5;1;64;1510040504;64;255;1510040513;0
32;16;10;5;1;64;1510040577;64;255;1510040586;0
32;16;10;5;1;64;1510041304;64;255;1510041313;0
32;16;10;5;1;64;1510041373;64;255;1510041382;0
32;16;10;5;1;64;1510041447;64;255;1510041456;0
32;16;10;5;1;64;1510041517;64;255;1510041526;0
32;16;10;5;1;64;1510042247;64;255;1510042256;0
32;16;10;5;1;64;1510042313;64;255;1510042322;0
32;16;10;5;1;64;1510042390;64;255;1510042399;0
32;16;10;5;1;64;1510042460;64;255;1510042469;0
32;16;10;5;1;64;1510043187;64;255;1510043196;0
32;16;10;5;1;64;1510043257;64;255;1510043266;0
32;16;10;5;1;64;1510043330;64;255;1510043339;0
32;16;10;5;1;64;1510043402;64;255;1510043411;0
32;16;10;5;1;64;1510044127;64;255;1510044135;0
32;16;10;5;1;64;1510044200;64;255;1510044209;0
32;16;10;5;1;64;1510044271;64;255;1510044280;0
32;16;10;5;1;64;1510044344;64;255;1510044352;0
32;16;10;5;1;64;1510045097;64;255;1510045106;0
32;16;10;5;1;64;1510045170;64;255;1510045179;0
32;16;10;5;1;64;1510045250;64;255;1510045259;0
32;16;10;5;1;64;1510045334;64;255;1510045343;0
32;16;10;5;1;64;1510046111;64;255;1510046122;1
32;16;10;5;1;64;1510046192;64;255;1510046202;0
32;16;10;5;1;64;1510046275;64;255;1510046285;0
32;16;10;5;1;64;1510046341;64;255;1510046351;1
32;16;10;5;1;64;1510047093;64;255;1510047102;0
32;16;10;5;1;64;1510047106;64;255;1510047115;0
32;16;10;5;1;64;1510047114;64;255;1510047123;0
32;16;10;5;1;64;1510047114;64;255;1510047123;0
32;16;10;5;1;64;1510048077;64;255;1510048086;0
32;16;10;5;1;64;1510048093;64;255;1510048102;0
32;16;10;5;1;64;1510048096;64;255;1510048105;1
32;16;10;5;1;64;1510048102;64;255;1510048111;0
32;16;10;5;1;64;1510049038;64;255;1510049047;0
32;16;10;5;1;64;1510049048;64;255;1510049057;0
32;16;10;5;1;64;1510049053;64;255;1510049062;0
32;16;10;5;1;64;1510049067;64;255;1510049076;0
32;16;10;5;1;64;1510050072;64;255;1510050081;0
32;16;10;5;1;64;1510050078;64;255;1510050087;0
32;16;10;5;1;64;1510050095;64;255;1510050104;0
32;16;10;5;1;64;1510051030;64;255;1510051039;0
32;16;10;5;1;64;1510051035;64;255;1510051044;0
32;16;10;5;1;64;1510051051;64;255;1510051061;0
32;16;10;5;1;64;1510051987;64;255;1510051996;0
32;16;10;5;1;64;1510051993;64;255;1510052002;0
32;16;10;5;1;64;1510052011;64;255;1510052020;0
32;16;10;5;1;64;1510052943;64;255;1510052952;0
32;16;10;5;1;64;1510052950;64;255;1510052959;0
32;16;10;5;1;64;1510052968;64;255;1510052977;0
32;16;10;5;1;64;1510053902;64;255;1510053911;0
32;16;10;5;1;64;1510053908;64;255;1510053917;0
32;16;10;5;1;64;1510053927;64;255;1510053936;0
32;16;10;5;1;64;1510054860;64;255;1510054869;0
32;16;10;5;1;64;1510054870;64;255;1510054879;0
32;16;10;5;1;64;1510054888;64;255;1510054897;0
32;16;10;5;1;64;1510055829;64;255;1510055838;1
32;16;10;5;1;64;1510055840;64;255;1510055850;1
32;16;10;5;1;64;1510055862;64;255;1510055871;0
32;16;10;5;1;64;1510056782;64;255;1510056791;0
32;16;10;5;1;64;1510056805;64;255;1510056814;1
32;16;10;5;1;64;1510056831;64;255;1510056840;1
32;16;10;5;1;64;1510057734;64;255;1510057743;0
32;16;10;5;1;64;1510057755;64;255;1510057764;0
32;16;10;5;1;64;1510057782;64;255;1510057791;0
32;16;10;5;1;64;1510058674;64;255;1510058683;0
32;16;10;5;1;64;1510058696;64;255;1510058705;0
32;16;10;5;1;64;1510058722;64;255;1510058731;0
32;16;10;5;1;64;1510059615;64;255;1510059624;0
32;16;10;5;1;64;1510059636;64;255;1510059645;0
32;16;10;5;1;64;1510059664;64;255;1510059673;0
32;16;10;5;1;64;1510060568;64;255;1510060577;0
32;16;10;5;1;64;1510060589;64;255;1510060598;0
32;16;10;5;1;64;1510060619;64;255;1510060629;0
32;16;10;5;1;64;1510061530;64;255;1510061540;0
32;16;10;5;1;64;1510061546;64;255;1510061555;0
32;16;10;5;1;64;1510061582;64;255;1510061592;0
32;16;10;5;1;64;1510062526;64;255;1510062535;0
32;16;10;5;1;64;1510062531;64;255;1510062540;0
32;16;10;5;1;64;1510062574;64;255;1510062583;0
32;16;10;5;1;64;1510063481;64;255;1510063490;0
32;16;10;5;1;64;1510063485;64;255;1510063494;0
32;16;10;5;1;64;1510063530;64;255;1510063539;0
32;16;10;5;1;64;1510064441;64;255;1510064450;0
32;16;10;5;1;64;1510064444;64;255;1510064453;0
32;16;10;5;1;64;1510064493;64;255;1510064502;0
32;16;10;5;1;64;1510065408;64;255;1510065418;0
32;16;10;5;1;64;1510065409;64;255;1510065419;0
32;16;10;5;1;64;1510065459;64;255;1510065468;0
32;16;10;5;1;64;1510066367;64;255;1510066376;0
32;16;10;5;1;64;1510066368;64;255;1510066377;0
32;16;10;5;1;64;1510066420;64;255;1510066429;0
32;16;10;5;1;64;1510067329;64;255;1510067339;0
32;16;10;5;1;64;1510067332;64;255;1510067341;0
32;16;10;5;1;64;1510067386;64;255;1510067395;0
32;16;10;5;1;64;1510068286;64;255;1510068295;0
32;16;10;5;1;64;1510068288;64;255;1510068297;0
32;16;10;5;1;64;1510068340;64;255;1510068349;0
32;16;10;5;1;64;1510069235;64;255;1510069244;0
32;16;10;5;1;64;1510069241;64;255;1510069250;0
32;16;10;5;1;64;1510069292;64;255;1510069301;0
32;16;10;5;1;64;1510070201;64;255;1510070210;0
32;16;10;5;1;64;1510070217;64;255;1510070226;0
32;16;10;5;1;64;1510070262;64;255;1510070271;0
32;16;10;5;1;64;1510071166;64;255;1510071175;0
32;16;10;5;1;64;1510071175;64;255;1510071185;0
32;16;10;5;1;64;1510071225;64;255;1510071234;1
32;16;10;5;1;64;1510072138;64;255;1510072147;0
32;16;10;5;1;64;1510072143;64;255;1510072152;0
32;16;10;5;1;64;1510072184;64;255;1510072193;0
32;16;10;5;1;64;1510073082;64;255;1510073091;0
32;16;10;5;1;64;1510073088;64;255;1510073097;0
32;16;10;5;1;64;1510073129;64;255;1510073138;0
32;16;10;5;1;64;1510074025;64;255;1510074034;0
32;16;10;5;1;64;1510074031;64;255;1510074040;0
32;16;10;5;1;64;1510074072;64;255;1510074081;0
32;16;10;5;1;64;1510074969;64;255;1510074978;0
32;16;10;5;1;64;1510074974;64;255;1510074983;0
32;16;10;5;1;64;1510075015;64;255;1510075024;0
32;16;10;5;1;64;1510075779;64;255;1510075788;0
32;16;10;5;1;64;1510075948;64;255;1510075956;0
32;16;10;5;1;64;1510075958;64;255;1510075967;0
32;16;10;5;1;64;1510075996;64;255;1510076005;0
32;16;10;5;1;64;1510076722;64;255;1510076730;0
32;16;10;5;1;64;1510076892;64;255;1510076901;0
32;16;10;5;1;64;1510076897;64;255;1510076906;0
32;16;10;5;1;64;1510076938;64;255;1510076947;0
32;16;10;5;1;64;1510077661;64;255;1510077670;0
32;16;10;5;1;64;1510077831;64;255;1510077840;0
32;16;10;5;1;64;1510077838;64;255;1510077847;0
32;16;10;5;1;64;1510077878;64;255;1510077887;0
32;16;10;5;1;64;1510078599;64;255;1510078608;0
32;16;10;5;1;64;1510078771;64;255;1510078780;0
32;16;10;5;1;64;1510078778;64;255;1510078787;0
32;16;10;5;1;64;1510078818;64;255;1510078827;1
32;16;10;5;1;64;1510079540;64;255;1510079549;0
32;16;10;5;1;64;1510079709;64;255;1510079718;0
32;16;10;5;1;64;1510079718;64;255;1510079727;0
32;16;10;5;1;64;1510079758;64;255;1510079767;0
32;16;10;5;1;64;1510080480;64;255;1510080489;0
32;16;10;5;1;64;1510080650;64;255;1510080659;0
32;16;10;5;1;64;1510080656;64;255;1510080665;0
32;16;10;5;1;64;1510080700;64;255;1510080709;0
32;16;10;5;1;64;1510081421;64;255;1510081430;0
32;16;10;5;1;64;1510081589;64;255;1510081598;0
32;16;10;5;1;64;1510081595;64;255;1510081604;0
32;16;10;5;1;64;1510081640;64;255;1510081649;0
32;16;10;5;1;64;1510082359;64;255;1510082368;0
32;16;10;5;1;64;1510082529;64;255;1510082538;0
32;16;10;5;1;64;1510082535;64;255;1510082544;0
32;16;10;5;1;64;1510082580;64;255;1510082589;0
32;16;10;5;1;64;1510083298;64;255;1510083307;0
32;16;10;5;1;64;1510083469;64;255;1510083478;0
32;16;10;5;1;64;1510083478;64;255;1510083487;0
32;16;10;5;1;64;1510083520;64;255;1510083528;0
32;16;10;5;1;64;1510084237;64;255;1510084246;0
32;16;10;5;1;64;1510084407;64;255;1510084416;0
32;16;10;5;1;64;1510084420;64;255;1510084429;0
32;16;10;5;1;64;1510084460;64;255;1510084469;0
32;16;10;5;1;64;1510085176;64;255;1510085185;0
32;16;10;5;1;64;1510085349;64;255;1510085357;0
32;16;10;5;1;64;1510085361;64;255;1510085370;0
32;16;10;5;1;64;1510085399;64;255;1510085408;0
32;16;10;5;1;64;1510086115;64;255;1510086124;0
32;16;10;5;1;64;1510086290;64;255;1510086299;0
32;16;10;5;1;64;1510086303;64;255;1510086312;0
32;16;10;5;1;64;1510086339;64;255;1510086348;1
32;16;10;5;1;64;1510087055;64;255;1510087064;0
32;16;10;5;1;64;1510087230;64;255;1510087239;0
32;16;10;5;1;64;1510087243;64;255;1510087252;0
32;16;10;5;1;64;1510087279;64;255;1510087287;0
32;16;10;5;1;64;1510087995;64;255;1510088004;0
32;16;10;5;1;64;1510088171;64;255;1510088180;0
32;16;10;5;1;64;1510088183;64;255;1510088192;0
32;16;10;5;1;64;1510088218;64;255;1510088226;0
32;16;10;5;1;64;1510088935;64;255;1510088943;0
32;16;10;5;1;64;1510089111;64;255;1510089120;0
32;16;10;5;1;64;1510089123;64;255;1510089132;0
32;16;10;5;1;64;1510089157;64;255;1510089166;0
32;16;10;5;1;64;1510089873;64;255;1510089882;0
32;16;10;5;1;64;1510090050;64;255;1510090059;0
32;16;10;5;1;64;1510090063;64;255;1510090072;0
32;16;10;5;1;64;1510090100;64;255;1510090109;0
32;16;10;5;1;64;1510090813;64;255;1510090821;0
32;16;10;5;1;64;1510090990;64;255;1510090999;0
32;16;10;5;1;64;1510091004;64;255;1510091013;0
32;16;10;5;1;64;1510091042;64;255;1510091051;0
32;16;10;5;1;64;1510091752;64;255;1510091761;0
32;16;10;5;1;64;1510091929;64;255;1510091938;0
32;16;10;5;1;64;1510091945;64;255;1510091953;0
32;16;10;5;1;64;1510091983;64;255;1510091992;0
32;16;10;5;1;64;1510092691;64;255;1510092700;0
32;16;10;5;1;64;1510092870;64;255;1510092879;0
32;16;10;5;1;64;1510092884;64;255;1510092893;0
32;16;10;5;1;64;1510092923;64;255;1510092932;0
32;16;10;5;1;64;1510093631;64;255;1510093639;0
32;16;10;5;1;64;1510093809;64;255;1510093818;1
32;16;10;5;1;64;1510093825;64;255;1510093834;0
32;16;10;5;1;64;1510093865;64;255;1510093874;0
32;16;10;5;1;64;1510094571;64;255;1510094580;0
32;16;10;5;1;64;1510094748;64;255;1510094757;0
32;16;10;5;1;64;1510094764;64;255;1510094773;0
32;16;10;5;1;64;1510094806;64;255;1510094814;0
32;16;10;5;1;64;1510095513;64;255;1510095522;0
32;16;10;5;1;64;1510095688;64;255;1510095697;0
32;16;10;5;1;64;1510095702;64;255;1510095711;0
32;16;10;5;1;64;1510095746;64;255;1510095755;0
32;16;10;5;1;64;1510096456;64;255;1510096465;0
32;16;10;5;1;64;1510096626;64;255;1510096635;0
32;16;10;5;1;64;1510096642;64;255;1510096651;0
32;16;10;5;1;64;1510096686;64;255;1510096695;0
32;16;10;5;1;64;1510097396;64;255;1510097405;0
32;16;10;5;1;64;1510097567;64;255;1510097576;0
32;16;10;5;1;64;1510097580;64;255;1510097589;1
32;16;10;5;1;64;1510097628;64;255;1510097637;0
32;16;10;5;1;64;1510098336;64;255;1510098345;0
32;16;10;5;1;64;1510098509;64;255;1510098518;0
32;16;10;5;1;64;1510098519;64;255;1510098528;0
32;16;10;5;1;64;1510098567;64;255;1510098576;0
32;16;10;5;1;64;1510099276;64;255;1510099285;1
32;16;10;5;1;64;1510099450;64;255;1510099459;0
32;16;10;5;1;64;1510099457;64;255;1510099466;0
32;16;10;5;1;64;1510099508;64;255;1510099517;0
32;16;10;5;1;64;1510100217;64;255;1510100226;0
32;16;10;5;1;64;1510100391;64;255;1510100400;0
32;16;10;5;1;64;1510100395;64;255;1510100404;0
32;16;10;5;1;64;1510100448;64;255;1510100457;1
32;16;10;5;1;64;1510101157;64;255;1510101166;0
32;16;10;5;1;64;1510101330;64;255;1510101339;0
32;16;10;5;1;64;1510101337;64;255;1510101346;0
32;16;10;5;1;64;1510101387;64;255;1510101396;0
32;16;10;5;1;64;1510102097;64;255;1510102106;0
32;16;10;5;1;64;1510102268;64;255;1510102277;0
32;16;10;5;1;64;1510102277;64;255;1510102286;0
32;16;10;5;1;64;1510102330;64;255;1510102339;0
32;16;10;5;1;64;1510103035;64;255;1510103044;0
32;16;10;5;1;64;1510103208;64;255;1510103217;0
32;16;10;5;1;64;1510103217;64;255;1510103226;1
32;16;10;5;1;64;1510103270;64;255;1510103279;0
32;16;10;5;1;64;1510103974;64;255;1510103983;0
32;16;10;5;1;64;1510104147;64;255;1510104156;0
32;16;10;5;1;64;1510104158;64;255;1510104167;0
32;16;10;5;1;64;1510104211;64;255;1510104220;0
32;16;10;5;1;64;1510104912;64;255;1510104921;0
32;16;10;5;1;64;1510105086;64;255;1510105095;0
32;16;10;5;1;64;1510105099;64;255;1510105108;0
32;16;10;5;1;64;1510105150;64;255;1510105159;0
32;16;10;5;1;64;1510105855;64;255;1510105864;0
32;16;10;5;1;64;1510106026;64;255;1510106034;0
32;16;10;5;1;64;1510106038;64;255;1510106047;0
32;16;10;5;1;64;1510106090;64;255;1510106099;0
32;16;10;5;1;64;1510106793;64;255;1510106802;0
32;16;10;5;1;64;1510106969;64;255;1510106978;0
32;16;10;5;1;64;1510106978;64;255;1510106987;1
32;16;10;5;1;64;1510107030;64;255;1510107039;0
32;16;10;5;1;64;1510107732;64;255;1510107741;0
32;16;10;5;1;64;1510107911;64;255;1510107920;0
32;16;10;5;1;64;1510107916;64;255;1510107925;0
32;16;10;5;1;64;1510107971;64;255;1510107980;0
32;16;10;5;1;64;1510108671;64;255;1510108680;0
32;16;10;5;1;64;1510108851;64;255;1510108860;0
32;16;10;5;1;64;1510108856;64;255;1510108865;0
32;16;10;5;1;64;1510108911;64;255;1510108920;0
32;16;10;5;1;64;1510109610;64;255;1510109619;0
32;16;10;5;1;64;1510109792;64;255;1510109801;0
32;16;10;5;1;64;1510109797;64;255;1510109806;0
32;16;10;5;1;64;1510109852;64;255;1510109861;0
32;16;10;5;1;64;1510110550;64;255;1510110559;0
32;16;10;5;1;64;1510110732;64;255;1510110741;0
32;16;10;5;1;64;1510110739;64;255;1510110747;0
32;16;10;5;1;64;1510110793;64;255;1510110802;0
32;16;10;5;1;64;1510111490;64;255;1510111499;0
32;16;10;5;1;64;1510111671;64;255;1510111680;0
32;16;10;5;1;64;1510111680;64;255;1510111688;0
32;16;10;5;1;64;1510111731;64;255;1510111740;1
32;16;10;5;1;64;1510112428;64;255;1510112437;0
32;16;10;5;1;64;1510112615;64;255;1510112624;0
32;16;10;5;1;64;1510112619;64;255;1510112628;0
32;16;10;5;1;64;1510112671;64;255;1510112680;0
32;16;10;5;1;64;1510113366;64;255;1510113375;1
32;16;10;5;1;64;1510113557;64;255;1510113565;0
32;16;10;5;1;64;1510113559;64;255;1510113568;0
32;16;10;5;1;64;1510113611;64;255;1510113620;0
32;16;10;5;1;64;1510114304;64;255;1510114313;0
32;16;10;5;1;64;1510114497;64;255;1510114506;0
32;16;10;5;1;64;1510114500;64;255;1510114509;0
32;16;10;5;1;64;1510114551;64;255;1510114560;0
32;16;10;5;1;64;1510115244;64;255;1510115253;0
32;16;10;5;1;64;1510115437;64;255;1510115446;1
32;16;10;5;1;64;1510115440;64;255;1510115449;0
32;16;10;5;1;64;1510115490;64;255;1510115499;0
32;16;10;5;1;64;1510116186;64;255;1510116195;0
32;16;10;5;1;64;1510116376;64;255;1510116385;0
32;16;10;5;1;64;1510116379;64;255;1510116388;0
32;16;10;5;1;64;1510116430;64;255;1510116439;0
32;16;10;5;1;64;1510117127;64;255;1510117136;0
32;16;10;5;1;64;1510117316;64;255;1510117325;0
32;16;10;5;1;64;1510117320;64;255;1510117329;0
32;16;10;5;1;64;1510117368;64;255;1510117377;0
32;16;10;5;1;64;1510118066;64;255;1510118075;0
32;16;10;5;1;64;1510118256;64;255;1510118265;0
32;16;10;5;1;64;1510118263;64;255;1510118272;0
32;16;10;5;1;64;1510118309;64;255;1510118318;0
32;16;10;5;1;64;1510119010;64;255;1510119019;0
32;16;10;5;1;64;1510119195;64;255;1510119203;0
32;16;10;5;1;64;1510119203;64;255;1510119211;0
32;16;10;5;1;64;1510119247;64;255;1510119256;0
32;16;10;5;1;64;1510119953;64;255;1510119962;0
32;16;10;5;1;64;1510120133;64;255;1510120142;0
32;16;10;5;1;64;1510120141;64;255;1510120150;0
32;16;10;5;1;64;1510120186;64;255;1510120195;0
32;16;10;5;1;64;1510120894;64;255;1510120903;0
32;16;10;5;1;64;1510121073;64;255;1510121082;0
32;16;10;5;1;64;1510121082;64;255;1510121091;0
32;16;10;5;1;64;1510121126;64;255;1510121135;0
32;16;10;5;1;64;1510121834;64;255;1510121843;0
32;16;10;5;1;64;1510122013;64;255;1510122022;0
32;16;10;5;1;64;1510122022;64;255;1510122031;0
32;16;10;5;1;64;1510122065;64;255;1510122074;0
32;16;10;5;1;64;1510122775;64;255;1510122784;0
32;16;10;5;1;64;1510122952;64;255;1510122961;0
32;16;10;5;1;64;1510122961;64;255;1510122970;0
32;16;10;5;1;64;1510123007;64;255;1510123016;0
32;16;10;5;1;64;1510123715;64;255;1510123724;0
32;16;10;5;1;64;1510123893;64;255;1510123902;0
32;16;10;5;1;64;1510123903;64;255;1510123912;0
32;16;10;5;1;64;1510123948;64;255;1510123957;0
32;16;10;5;1;64;1510124656;64;255;1510124665;0
32;16;10;5;1;64;1510124832;64;255;1510124841;0
32;16;10;5;1;64;1510124844;64;255;1510124853;0
32;16;10;5;1;64;1510124887;64;255;1510124896;0
32;16;10;5;1;64;1510125595;64;255;1510125604;0
32;16;10;5;1;64;1510125773;64;255;1510125782;0
32;16;10;5;1;64;1510125783;64;255;1510125792;0
32;16;10;5;1;64;1510125828;64;255;1510125837;0
32;16;10;5;1;64;1510126534;64;255;1510126543;0
32;16;10;5;1;64;1510126713;64;255;1510126721;0
32;16;10;5;1;64;1510126723;64;255;1510126732;0
32;16;10;5;1;64;1510126769;64;255;1510126778;0
32;16;10;5;1;64;1510127474;64;255;1510127483;0
32;16;10;5;1;64;1510127650;64;255;1510127659;0
32;16;10;5;1;64;1510127661;64;255;1510127669;0
32;16;10;5;1;64;1510127711;64;255;1510127720;0
32;16;10;5;1;64;1510128413;64;255;1510128422;0
32;16;10;5;1;64;1510128591;64;255;1510128600;0
32;16;10;5;1;64;1510128601;64;255;1510128609;0
32;16;10;5;1;64;1510128651;64;255;1510128659;0
32;16;10;5;1;64;1510129353;64;255;1510129361;0
32;16;10;5;1;64;1510129533;64;255;1510129542;0
32;16;10;5;1;64;1510129542;64;255;1510129551;0
32;16;10;5;1;64;1510129588;64;255;1510129597;0
32;16;10;5;1;64;1510130335;64;255;1510130345;0
32;16;10;5;1;64;1510130534;64;255;1510130544;0
32;16;10;5;1;64;1510130537;64;255;1510130546;0
32;16;10;5;1;64;1510130584;64;255;1510130593;0
32;16;10;5;1;64;1510131339;64;255;1510131348;1
32;16;10;5;1;64;1510131534;64;255;1510131543;0
32;16;10;5;1;64;1510131544;64;255;1510131553;1
32;16;10;5;1;64;1510131587;64;255;1510131596;0
32;16;10;5;1;64;1510132315;64;255;1510132324;0
32;16;10;5;1;64;1510132500;64;255;1510132508;0
32;16;10;5;1;64;1510132522;64;255;1510132531;0
32;16;10;5;1;64;1510132560;64;255;1510132569;0
32;16;10;5;1;64;1510133310;64;255;1510133320;0
32;16;10;5;1;64;1510133489;64;255;1510133500;0
32;16;10;5;1;64;1510133518;64;255;1510133527;0
32;16;10;5;1;64;1510133567;64;255;1510133577;0
32;16;10;5;1;64;1510134326;64;255;1510134335;0
32;16;10;5;1;64;1510134487;64;255;1510134496;0
32;16;10;5;1;64;1510134520;64;255;1510134530;0
32;16;10;5;1;64;1510134557;64;255;1510134567;0
32;16;10;5;1;64;1510135324;64;255;1510135334;0
32;16;10;5;1;64;1510135493;64;255;1510135502;0
32;16;10;5;1;64;1510135523;64;255;1510135532;0
32;16;10;5;1;64;1510135554;64;255;1510135563;0
32;16;10;5;1;64;1510136318;64;255;1510136327;0
32;16;10;5;1;64;1510136477;64;255;1510136486;0
32;16;10;5;1;64;1510136516;64;255;1510136525;0
32;16;10;5;1;64;1510136545;64;255;1510136557;0
32;16;10;5;1;64;1510137320;64;255;1510137329;0
32;16;10;5;1;64;1510137492;64;255;1510137501;0
32;16;10;5;1;64;1510137505;64;255;1510137514;0
32;16;10;5;1;64;1510137547;64;255;1510137556;0
32;16;10;5;1;64;1510138320;64;255;1510138331;0
32;16;10;5;1;64;1510138501;64;255;1510138512;0
32;16;10;5;1;64;1510138506;64;255;1510138515;0
32;16;10;5;1;64;1510138571;64;255;1510138580;0
32;16;10;5;1;64;1510139311;64;255;1510139321;0
32;16;10;5;1;64;1510139488;64;255;1510139497;0
32;16;10;5;1;64;1510139526;64;255;1510139535;0
32;16;10;5;1;64;1510139553;64;255;1510139562;0
32;16;10;5;1;64;1510140294;64;255;1510140305;1
32;16;10;5;1;64;1510140455;64;255;1510140464;0
32;16;10;5;1;64;1510140527;64;255;1510140536;0
32;16;10;5;1;64;1510140532;64;255;1510140541;0
32;16;10;5;1;64;1510141291;64;255;1510141299;0
32;16;10;5;1;64;1510141425;64;255;1510141436;0
32;16;10;5;1;64;1510141500;64;255;1510141509;0
32;16;10;5;1;64;1510141520;64;255;1510141531;0
32;16;10;5;1;64;1510142275;64;255;1510142284;0
32;16;10;5;1;64;1510142452;64;255;1510142463;0
32;16;10;5;1;64;1510142490;64;255;1510142501;0
32;16;10;5;1;64;1510142550;64;255;1510142561;0
32;16;10;5;1;64;1510143323;64;255;1510143333;0
32;16;10;5;1;64;1510143498;64;255;1510143508;0
32;16;10;5;1;64;1510143529;64;255;1510143538;0
32;16;10;5;1;64;1510143601;64;255;1510143611;0
32;16;10;5;1;64;1510144299;64;255;1510144308;0
32;16;10;5;1;64;1510144468;64;255;1510144477;0
32;16;10;5;1;64;1510144497;64;255;1510144506;0
32;16;10;5;1;64;1510144574;64;255;1510144583;0
32;16;10;5;1;64;1510145242;64;255;1510145251;0
32;16;10;5;1;64;1510145411;64;255;1510145420;0
32;16;10;5;1;64;1510145441;64;255;1510145450;0
32;16;10;5;1;64;1510145517;64;255;1510145526;0
32;16;10;5;1;64;1510146181;64;255;1510146190;0
32;16;10;5;1;64;1510146353;64;255;1510146362;0
32;16;10;5;1;64;1510146384;64;255;1510146393;0
32;16;10;5;1;64;1510146458;64;255;1510146467;0
32;16;10;5;1;64;1510147132;64;255;1510147142;0
32;16;10;5;1;64;1510147314;64;255;1510147323;0
32;16;10;5;1;64;1510147350;64;255;1510147359;0
32;16;10;5;1;64;1510147427;64;255;1510147436;0
32;16;10;5;1;64;1510148117;64;255;1510148126;0
32;16;10;5;1;64;1510148297;64;255;1510148305;1
32;16;10;5;1;64;1510148319;64;255;1510148328;0
32;16;10;5;1;64;1510148395;64;255;1510148404;0
32;16;10;5;1;64;1510149088;64;255;1510149097;0
32;16;10;5;1;64;1510149260;64;255;1510149269;0
32;16;10;5;1;64;1510149276;64;255;1510149286;0
32;16;10;5;1;64;1510149353;64;255;1510149362;0
32;16;10;5;1;64;1510150031;64;255;1510150040;0
32;16;10;5;1;64;1510150206;64;255;1510150215;0
32;16;10;5;1;64;1510150216;64;255;1510150224;0
32;16;10;5;1;64;1510150296;64;255;1510150305;0
32;16;10;5;1;64;1510150990;64;255;1510150999;0
32;16;10;5;1;64;1510151172;64;255;1510151181;1
32;16;10;5;1;64;1510151183;64;255;1510151192;0
32;16;10;5;1;64;1510151270;64;255;1510151279;0
32;16;10;5;1;64;1510151963;64;255;1510151972;0
32;16;10;5;1;64;1510152146;64;255;1510152155;0
32;16;10;5;1;64;1510152161;64;255;1510152170;0
32;16;10;5;1;64;1510152245;64;255;1510152254;1
32;16;10;5;1;64;1510152953;64;255;1510152962;0
32;16;10;5;1;64;1510153122;64;255;1510153131;0
32;16;10;5;1;64;1510153143;64;255;1510153152;0
32;16;10;5;1;64;1510153216;64;255;1510153225;0
32;16;10;5;1;64;1510153917;64;255;1510153926;0
32;16;10;5;1;64;1510154098;64;255;1510154107;1
32;16;10;5;1;64;1510154119;64;255;1510154128;0
32;16;10;5;1;64;1510154193;64;255;1510154204;0
32;16;10;5;1;64;1510154886;64;255;1510154895;0
32;16;10;5;1;64;1510155058;64;255;1510155067;0
32;16;10;5;1;64;1510155084;64;255;1510155093;0
32;16;10;5;1;64;1510155152;64;255;1510155161;1
32;16;10;5;1;64;1510155853;64;255;1510155862;0
32;16;10;5;1;64;1510156024;64;255;1510156033;1
32;16;10;5;1;64;1510156056;64;255;1510156065;0
32;16;10;5;1;64;1510156123;64;255;1510156132;0
32;16;10;5;1;64;1510156836;64;255;1510156846;0
32;16;10;5;1;64;1510157021;64;255;1510157030;0
32;16;10;5;1;64;1510157042;64;255;1510157051;0
32;16;10;5;1;64;1510157117;64;255;1510157126;0
32;16;10;5;1;64;1510157824;64;255;1510157833;1
32;16;10;5;1;64;1510158000;64;255;1510158009;0
32;16;10;5;1;64;1510158028;64;255;1510158038;1
32;16;10;5;1;64;1510158103;64;255;1510158112;0
32;16;10;5;1;64;1510158786;64;255;1510158795;0
32;16;10;5;1;64;1510158964;64;255;1510158973;0
32;16;10;5;1;64;1510158998;64;255;1510159007;0
32;16;10;5;1;64;1510159062;64;255;1510159071;0
32;16;10;5;1;64;1510159740;64;255;1510159750;0
32;16;10;5;1;64;1510159927;64;255;1510159937;0
32;16;10;5;1;64;1510159959;64;255;1510159968;0
32;16;10;5;1;64;1510160025;64;255;1510160034;0
32;16;10;5;1;64;1510160720;64;255;1510160729;0
32;16;10;5;1;64;1510160896;64;255;1510160906;0
32;16;10;5;1;64;1510160929;64;255;1510160938;0
32;16;10;5;1;64;1510160999;64;255;1510161009;0
32;16;10;5;1;64;1510161701;64;255;1510161711;0
32;16;10;5;1;64;1510161875;64;255;1510161884;0
32;16;10;5;1;64;1510161914;64;255;1510161923;0
32;16;10;5;1;64;1510161973;64;255;1510161982;0
32;16;10;5;1;64;1510162663;64;255;1510162671;0
32;16;10;5;1;64;1510162840;64;255;1510162849;0
32;16;10;5;1;64;1510162883;64;255;1510162892;1
32;16;10;5;1;64;1510162932;64;255;1510162941;0
32;16;10;5;1;64;1510163610;64;255;1510163618;0
32;16;10;5;1;64;1510163791;64;255;1510163800;0
32;16;10;5;1;64;1510163852;64;255;1510163861;0
32;16;10;5;1;64;1510163879;64;255;1510163888;0
32;16;10;5;1;64;1510164551;64;255;1510164560;1
32;16;10;5;1;64;1510164734;64;255;1510164743;0
32;16;10;5;1;64;1510164794;64;255;1510164803;0
32;16;10;5;1;64;1510164825;64;255;1510164834;0
32;16;10;5;1;64;1510165494;64;255;1510165503;0
32;16;10;5;1;64;1510165676;64;255;1510165685;0
32;16;10;5;1;64;1510165738;64;255;1510165747;0
32;16;10;5;1;64;1510165767;64;255;1510165775;0
32;16;10;5;1;64;1510166438;64;255;1510166446;0
32;16;10;5;1;64;1510166618;64;255;1510166627;0
32;16;10;5;1;64;1510166680;64;255;1510166689;0
32;16;10;5;1;64;1510166710;64;255;1510166719;0
32;16;10;5;1;64;1510167380;64;255;1510167389;1
32;16;10;5;1;64;1510167560;64;255;1510167569;0
32;16;10;5;1;64;1510167622;64;255;1510167631;0
32;16;10;5;1;64;1510167656;64;255;1510167664;0
32;16;10;5;1;64;1510168322;64;255;1510168331;0
32;16;10;5;1;64;1510168503;64;255;1510168511;0
32;16;10;5;1;64;1510168565;64;255;1510168573;1
32;16;10;5;1;64;1510168598;64;255;1510168607;0
32;16;10;5;1;64;1510169263;64;255;1510169272;0
32;16;10;5;1;64;1510169444;64;255;1510169453;0
32;16;10;5;1;64;1510169508;64;255;1510169517;0
32;16;10;5;1;64;1510169539;64;255;1510169548;0
32;16;10;5;1;64;1510170207;64;255;1510170216;0
32;16;10;5;1;64;1510170388;64;255;1510170397;0
32;16;10;5;1;64;1510170451;64;255;1510170460;0
32;16;10;5;1;64;1510170482;64;255;1510170491;0
32;16;10;5;1;64;1510171150;64;255;1510171159;0
32;16;10;5;1;64;1510171330;64;255;1510171339;0
32;16;10;5;1;64;1510171396;64;255;1510171405;0
32;16;10;5;1;64;1510171424;64;255;1510171433;0
32;16;10;5;1;64;1510172089;64;255;1510172098;0
32;16;10;5;1;64;1510172272;64;255;1510172281;0
32;16;10;5;1;64;1510172338;64;255;1510172347;0
32;16;10;5;1;64;1510172367;64;255;1510172376;0
32;16;10;5;1;64;1510173033;64;255;1510173042;0
32;16;10;5;1;64;1510173214;64;255;1510173222;0
32;16;10;5;1;64;1510173281;64;255;1510173290;0
32;16;10;5;1;64;1510173311;64;255;1510173320;0
32;16;10;5;1;64;1510173977;64;255;1510173986;0
32;16;10;5;1;64;1510174155;64;255;1510174164;0
32;16;10;5;1;64;1510174224;64;255;1510174233;1
32;16;10;5;1;64;1510174252;64;255;1510174261;0
32;16;10;5;1;64;1510174921;64;255;1510174930;0
32;16;10;5;1;64;1510175098;64;255;1510175106;0
32;16;10;5;1;64;1510175167;64;255;1510175176;0
32;16;10;5;1;64;1510175193;64;255;1510175202;0
32;16;10;5;1;64;1510175865;64;255;1510175874;0
32;16;10;5;1;64;1510176038;64;255;1510176047;0
32;16;10;5;1;64;1510176109;64;255;1510176118;0
32;16;10;5;1;64;1510176134;64;255;1510176143;0
32;16;10;5;1;64;1510176810;64;255;1510176819;0
32;16;10;5;1;64;1510176981;64;255;1510176989;0
32;16;10;5;1;64;1510177051;64;255;1510177059;0
32;16;10;5;1;64;1510177076;64;255;1510177085;0
32;16;10;5;1;64;1510177751;64;255;1510177760;0
32;16;10;5;1;64;1510177923;64;255;1510177932;1
32;16;10;5;1;64;1510177994;64;255;1510178003;0
32;16;10;5;1;64;1510178016;64;255;1510178025;0
32;16;10;5;1;64;1510178695;64;255;1510178704;0
32;16;10;5;1;64;1510178868;64;255;1510178877;0
32;16;10;5;1;64;1510178934;64;255;1510178943;0
32;16;10;5;1;64;1510178959;64;255;1510178968;0
32;16;10;5;1;64;1510179637;64;255;1510179646;0
32;16;10;5;1;64;1510179810;64;255;1510179819;0
32;16;10;5;1;64;1510179874;64;255;1510179883;0
32;16;10;5;1;64;1510179900;64;255;1510179909;0
32;16;10;5;1;64;1510180580;64;255;1510180589;0
32;16;10;5;1;64;1510180752;64;255;1510180761;0
32;16;10;5;1;64;1510180816;64;255;1510180825;0
32;16;10;5;1;64;1510180843;64;255;1510180852;0
32;16;10;5;1;64;1510181525;64;255;1510181534;0
32;16;10;5;1;64;1510181693;64;255;1510181702;0
32;16;10;5;1;64;1510181759;64;255;1510181767;0
32;16;10;5;1;64;1510181785;64;255;1510181794;0
32;16;10;5;1;64;1510182468;64;255;1510182477;0
32;16;10;5;1;64;1510182637;64;255;1510182645;1
32;16;10;5;1;64;1510182701;64;255;1510182710;0
32;16;10;5;1;64;1510182728;64;255;1510182737;0
32;16;10;5;1;64;1510183412;64;255;1510183421;0
32;16;10;5;1;64;1510183577;64;255;1510183586;0
32;16;10;5;1;64;1510183643;64;255;1510183652;0
32;16;10;5;1;64;1510183669;64;255;1510183677;0
32;16;10;5;1;64;1510184355;64;255;1510184364;0
32;16;10;5;1;64;1510184521;64;255;1510184530;0
32;16;10;5;1;64;1510184585;64;255;1510184594;0
32;16;10;5;1;64;1510184611;64;255;1510184619;0
32;16;10;5;1;64;1510185298;64;255;1510185307;0
32;16;10;5;1;64;1510185464;64;255;1510185473;0
32;16;10;5;1;64;1510185529;64;255;1510185538;0
32;16;10;5;1;64;1510185551;64;255;1510185560;0
32;16;10;5;1;64;1510186240;64;255;1510186249;0
32;16;10;5;1;64;1510186408;64;255;1510186417;0
32;16;10;5;1;64;1510186470;64;255;1510186479;0
32;16;10;5;1;64;1510186493;64;255;1510186502;0
32;16;10;5;1;64;1510187183;64;255;1510187192;0
32;16;10;5;1;64;1510187351;64;255;1510187360;0
32;16;10;5;1;64;1510187410;64;255;1510187419;0
32;16;10;5;1;64;1510187434;64;255;1510187443;0
32;16;10;5;1;64;1510188125;64;255;1510188133;0
32;16;10;5;1;64;1510188294;64;255;1510188303;0
32;16;10;5;1;64;1510188352;64;255;1510188361;0
32;16;10;5;1;64;1510188378;64;255;1510188387;0
32;16;10;5;1;64;1510189065;64;255;1510189074;0
32;16;10;5;1;64;1510189237;64;255;1510189246;0
32;16;10;5;1;64;1510189294;64;255;1510189303;1
32;16;10;5;1;64;1510189322;64;255;1510189331;0
32;16;10;5;1;64;1510190005;64;255;1510190014;0
32;16;10;5;1;64;1510190179;64;255;1510190188;0
32;16;10;5;1;64;1510190234;64;255;1510190243;0
32;16;10;5;1;64;1510190265;64;255;1510190274;0
32;16;10;5;1;64;1510190946;64;255;1510190954;0
32;16;10;5;1;64;1510191122;64;255;1510191132;0
32;16;10;5;1;64;1510191174;64;255;1510191183;0
32;16;10;5;1;64;1510191209;64;255;1510191218;0
32;16;10;5;1;64;1510191889;64;255;1510191898;0
32;16;10;5;1;64;1510192066;64;255;1510192075;0
32;16;10;5;1;64;1510192114;64;255;1510192123;0
32;16;10;5;1;64;1510192152;64;255;1510192161;0
32;16;10;5;1;64;1510192832;64;255;1510192841;0
32;16;10;5;1;64;1510193007;64;255;1510193016;0
32;16;10;5;1;64;1510193057;64;255;1510193066;1
32;16;10;5;1;64;1510193096;64;255;1510193105;0
32;16;10;5;1;64;1510193772;64;255;1510193781;0
32;16;10;5;1;64;1510193950;64;255;1510193958;0
32;16;10;5;1;64;1510193999;64;255;1510194008;0
32;16;10;5;1;64;1510194038;64;255;1510194047;0
32;16;10;5;1;64;1510194713;64;255;1510194722;0
32;16;10;5;1;64;1510194893;64;255;1510194902;0
32;16;10;5;1;64;1510194940;64;255;1510194949;0
32;16;10;5;1;64;1510194981;64;255;1510194990;1
32;16;10;5;1;64;1510195656;64;255;1510195665;0
32;16;10;5;1;64;1510195836;64;255;1510195845;0
32;16;10;5;1;64;1510195883;64;255;1510195892;0
32;16;10;5;1;64;1510195921;64;255;1510195930;0
32;16;10;5;1;64;1510196599;64;255;1510196608;0
32;16;10;5;1;64;1510196779;64;255;1510196788;0
32;16;10;5;1;64;1510196826;64;255;1510196835;0
32;16;10;5;1;64;1510196861;64;255;1510196870;0
32;16;10;5;1;64;1510197542;64;255;1510197551;0
32;16;10;5;1;64;1510197720;64;255;1510197729;0
32;16;10;5;1;64;1510197770;64;255;1510197778;0
32;16;10;5;1;64;1510197802;64;255;1510197811;0
32;16;10;5;1;64;1510198483;64;255;1510198492;1
32;16;10;5;1;64;1510198661;64;255;1510198670;0
32;16;10;5;1;64;1510198715;64;255;1510198724;0
32;16;10;5;1;64;1510198744;64;255;1510198753;0
32;16;10;5;1;64;1510199423;64;255;1510199432;1
32;16;10;5;1;64;1510199603;64;255;1510199612;0
32;16;10;5;1;64;1510199661;64;255;1510199670;0
32;16;10;5;1;64;1510199685;64;255;1510199694;0
32;16;10;5;1;64;1510200367;64;255;1510200375;0
32;16;10;5;1;64;1510200544;64;255;1510200553;0
32;16;10;5;1;64;1510200607;64;255;1510200615;0
32;16;10;5;1;64;1510200625;64;255;1510200634;0
32;16;10;5;1;64;1510201307;64;255;1510201316;0
32;16;10;5;1;64;1510201484;64;255;1510201492;0
32;16;10;5;1;64;1510201550;64;255;1510201559;0
32;16;10;5;1;64;1510201565;64;255;1510201574;0
32;16;10;5;1;64;1510202249;64;255;1510202258;0
32;16;10;5;1;64;1510202427;64;255;1510202436;0
32;16;10;5;1;64;1510202492;64;255;1510202501;0
32;16;10;5;1;64;1510202509;64;255;1510202518;0
32;16;10;5;1;64;1510203191;64;255;1510203200;0
32;16;10;5;1;64;1510203372;64;255;1510203381;1
32;16;10;5;1;64;1510203433;64;255;1510203442;0
32;16;10;5;1;64;1510203453;64;255;1510203462;0
32;16;10;5;1;64;1510204132;64;255;1510204141;0
32;16;10;5;1;64;1510204314;64;255;1510204323;0
32;16;10;5;1;64;1510204375;64;255;1510204384;0
32;16;10;5;1;64;1510204398;64;255;1510204407;0
32;16;10;5;1;64;1510205074;64;255;1510205083;0
32;16;10;5;1;64;1510205254;64;255;1510205262;0
32;16;10;5;1;64;1510205318;64;255;1510205327;0
32;16;10;5;1;64;1510205340;64;255;1510205349;0
32;16;10;5;1;64;1510206017;64;255;1510206026;0
32;16;10;5;1;64;1510206196;64;255;1510206205;0
32;16;10;5;1;64;1510206263;64;255;1510206271;0
32;16;10;5;1;64;1510206284;64;255;1510206293;0
32;16;10;5;1;64;1510206959;64;255;1510206968;0
32;16;10;5;1;64;1510207138;64;255;1510207147;1
32;16;10;5;1;64;1510207205;64;255;1510207214;1
32;16;10;5;1;64;1510207226;64;255;1510207235;0
32;16;10;5;1;64;1510207900;64;255;1510207909;0
32;16;10;5;1;64;1510208081;64;255;1510208090;0
32;16;10;5;1;64;1510208148;64;255;1510208157;0
32;16;10;5;1;64;1510208168;64;255;1510208177;0
32;16;10;5;1;64;1510208841;64;255;1510208850;0
32;16;10;5;1;64;1510209024;64;255;1510209033;0
32;16;10;5;1;64;1510209088;64;255;1510209097;0
32;16;10;5;1;64;1510209109;64;255;1510209118;0
32;16;10;5;1;64;1510209783;64;255;1510209792;0
32;16;10;5;1;64;1510209966;64;255;1510209975;0
32;16;10;5;1;64;1510210032;64;255;1510210041;0
32;16;10;5;1;64;1510210052;64;255;1510210061;1
32;16;10;5;1;64;1510210727;64;255;1510210736;0
32;16;10;5;1;64;1510210906;64;255;1510210915;0
32;16;10;5;1;64;1510210975;64;255;1510210984;0
32;16;10;5;1;64;1510210996;64;255;1510211005;0
32;16;10;5;1;64;1510211670;64;255;1510211679;0
32;16;10;5;1;64;1510211848;64;255;1510211857;0
32;16;10;5;1;64;1510211915;64;255;1510211924;0
32;16;10;5;1;64;1510211936;64;255;1510211945;0
32;16;10;5;1;64;1510212612;64;255;1510212620;0
32;16;10;5;1;64;1510212791;64;255;1510212800;0
32;16;10;5;1;64;1510212856;64;255;1510212865;0
32;16;10;5;1;64;1510212879;64;255;1510212888;0
32;16;10;5;1;64;1510213554;64;255;1510213562;0
32;16;10;5;1;64;1510213733;64;255;1510213742;0
32;16;10;5;1;64;1510213800;64;255;1510213809;0
32;16;10;5;1;64;1510213823;64;255;1510213831;0
32;16;10;5;1;64;1510214496;64;255;1510214505;0
32;16;10;5;1;64;1510214676;64;255;1510214685;0
32;16;10;5;1;64;1510214741;64;255;1510214750;0
32;16;10;5;1;64;1510214766;64;255;1510214775;0
32;16;10;5;1;64;1510215438;64;255;1510215447;0
32;16;10;5;1;64;1510215616;64;255;1510215625;0
32;16;10;5;1;64;1510215682;64;255;1510215691;0
32;16;10;5;1;64;1510215710;64;255;1510215719;0
32;16;10;5;1;64;1510216381;64;255;1510216390;1
32;16;10;5;1;64;1510216558;64;255;1510216567;0
32;16;10;5;1;64;1510216624;64;255;1510216633;0
32;16;10;5;1;64;1510216652;64;255;1510216661;0
32;16;10;5;1;64;1510217324;64;255;1510217333;0
32;16;10;5;1;64;1510217500;64;255;1510217509;0
32;16;10;5;1;64;1510217565;64;255;1510217574;0
32;16;10;5;1;64;1510217596;64;255;1510217605;0
32;16;10;5;1;64;1510218266;64;255;1510218275;0
32;16;10;5;1;64;1510218443;64;255;1510218451;0
32;16;10;5;1;64;1510218508;64;255;1510218517;0
32;16;10;5;1;64;1510218538;64;255;1510218547;0
32;16;10;5;1;64;1510219227;64;255;1510219236;0
32;16;10;5;1;64;1510219423;64;255;1510219432;1
32;16;10;5;1;64;1510219476;64;255;1510219485;0
32;16;10;5;1;64;1510219509;64;255;1510219520;0
32;16;10;5;1;64;1510220240;64;255;1510220250;0
32;16;10;5;1;64;1510220439;64;255;1510220448;0
32;16;10;5;1;64;1510220488;64;255;1510220497;0
32;16;10;5;1;64;1510220527;64;255;1510220536;0
32;16;10;5;1;64;1510221231;64;255;1510221240;0
32;16;10;5;1;64;1510221417;64;255;1510221426;0
32;16;10;5;1;64;1510221467;64;255;1510221476;0
32;16;10;5;1;64;1510221520;64;255;1510221530;0
32;16;10;5;1;64;1510222227;64;255;1510222237;0
32;16;10;5;1;64;1510222421;64;255;1510222430;0
32;16;10;5;1;64;1510222475;64;255;1510222484;0
32;16;10;5;1;64;1510222540;64;255;1510222550;1
32;16;10;5;1;64;1510223233;64;255;1510223242;0
32;16;10;5;1;64;1510223432;64;255;1510223441;0
32;16;10;5;1;64;1510223486;64;255;1510223496;0
32;16;10;5;1;64;1510223553;64;255;1510223563;0
32;16;10;5;1;64;1510224246;64;255;1510224255;0
32;16;10;5;1;64;1510224444;64;255;1510224454;0
32;16;10;5;1;64;1510224499;64;255;1510224509;0
32;16;10;5;1;64;1510224560;64;255;1510224570;0
32;16;10;5;1;64;1510225250;64;255;1510225259;0
32;16;10;5;1;64;1510225441;64;255;1510225450;0
32;16;10;5;1;64;1510225495;64;255;1510225504;0
32;16;10;5;1;64;1510225541;64;255;1510225550;0
32;16;10;5;1;64;1510226265;64;255;1510226275;0
32;16;10;5;1;64;1510226452;64;255;1510226462;0
32;16;10;5;1;64;1510226504;64;255;1510226514;0
32;16;10;5;1;64;1510226563;64;255;1510226573;0
32;16;10;5;1;64;1510253240;64;255;1510253250;0
32;16;10;5;1;64;1510253247;64;255;1510253258;0
32;16;10;5;1;64;1510253251;64;255;1510253262;0
32;16;10;5;1;64;1510253256;64;255;1510253266;0
32;16;10;5;1;64;1510254187;64;255;1510254196;0
32;16;10;5;1;64;1510254189;64;255;1510254198;0
32;16;10;5;1;64;1510254192;64;255;1510254201;1
32;16;10;5;1;64;1510254211;64;255;1510254220;0
32;16;10;5;1;64;1510255122;64;255;1510255130;0
32;16;10;5;1;64;1510255122;64;255;1510255130;0
32;16;10;5;1;64;1510255122;64;255;1510255131;0
32;16;10;5;1;64;1510255145;64;255;1510255154;0
32;16;10;5;1;64;1510256053;64;255;1510256062;0
32;16;10;5;1;64;1510256054;64;255;1510256063;0
32;16;10;5;1;64;1510256058;64;255;1510256067;0
32;16;10;5;1;64;1510256079;64;255;1510256088;0
32;16;10;5;1;64;1510256984;64;255;1510256993;0
32;16;10;5;1;64;1510256986;64;255;1510256995;0
32;16;10;5;1;64;1510256994;64;255;1510257002;0
32;16;10;5;1;64;1510257014;64;255;1510257023;0
32;16;10;5;1;64;1510257915;64;255;1510257923;0
32;16;10;5;1;64;1510257918;64;255;1510257926;0
32;16;10;5;1;64;1510257929;64;255;1510257938;0
32;16;10;5;1;64;1510257949;64;255;1510257958;0
32;16;10;5;1;64;1510258845;64;255;1510258854;0
32;16;10;5;1;64;1510258849;64;255;1510258858;0
32;16;10;5;1;64;1510258865;64;255;1510258874;0
32;16;10;5;1;64;1510258884;64;255;1510258893;0
32;16;10;5;1;64;1510259776;64;255;1510259785;0
32;16;10;5;1;64;1510259781;64;255;1510259790;1
32;16;10;5;1;64;1510259800;64;255;1510259809;0
32;16;10;5;1;64;1510259819;64;255;1510259828;0
32;16;10;5;1;64;1510260707;64;255;1510260716;0
32;16;10;5;1;64;1510260714;64;255;1510260723;0
32;16;10;5;1;64;1510260736;64;255;1510260745;0
32;16;10;5;1;64;1510260754;64;255;1510260763;0
32;16;10;5;1;64;1510261639;64;255;1510261648;0
32;16;10;5;1;64;1510261646;64;255;1510261654;0
32;16;10;5;1;64;1510261672;64;255;1510261681;0
32;16;10;5;1;64;1510261691;64;255;1510261699;0
32;16;10;5;1;64;1510262570;64;255;1510262579;0
32;16;10;5;1;64;1510262577;64;255;1510262586;0
32;16;10;5;1;64;1510262607;64;255;1510262616;0
32;16;10;5;1;64;1510262626;64;255;1510262635;0
32;16;10;5;1;64;1510263501;64;255;1510263510;0
32;16;10;5;1;64;1510263508;64;255;1510263517;0
32;16;10;5;1;64;1510263543;64;255;1510263552;0
32;16;10;5;1;64;1510263561;64;255;1510263570;0
32;16;10;5;1;64;1510264433;64;255;1510264441;0
32;16;10;5;1;64;1510264440;64;255;1510264449;0
32;16;10;5;1;64;1510264479;64;255;1510264488;0
32;16;10;5;1;64;1510264496;64;255;1510264505;0
32;16;10;5;1;64;1510265364;64;255;1510265373;0
32;16;10;5;1;64;1510265372;64;255;1510265380;0
32;16;10;5;1;64;1510265415;64;255;1510265424;0
32;16;10;5;1;64;1510265431;64;255;1510265440;0
32;16;10;5;1;64;1510266295;64;255;1510266304;0
32;16;10;5;1;64;1510266303;64;255;1510266312;0
32;16;10;5;1;64;1510266351;64;255;1510266360;0
32;16;10;5;1;64;1510266366;64;255;1510266375;0
32;16;10;5;1;64;1510267225;64;255;1510267234;0
32;16;10;5;1;64;1510267234;64;255;1510267243;0
32;16;10;5;1;64;1510267288;64;255;1510267297;0
32;16;10;5;1;64;1510267301;64;255;1510267310;0
32;16;10;5;1;64;1510268156;64;255;1510268165;0
32;16;10;5;1;64;1510268166;64;255;1510268175;0
32;16;10;5;1;64;1510268225;64;255;1510268234;0
32;16;10;5;1;64;1510268236;64;255;1510268245;0
32;16;10;5;1;64;1510269087;64;255;1510269096;0
32;16;10;5;1;64;1510269098;64;255;1510269107;0
32;16;10;5;1;64;1510269162;64;255;1510269171;0
32;16;10;5;1;64;1510269171;64;255;1510269180;0
32;16;10;5;1;64;1510270019;64;255;1510270028;0
32;16;10;5;1;64;1510270029;64;255;1510270038;0
32;16;10;5;1;64;1510270100;64;255;1510270109;0
32;16;10;5;1;64;1510270107;64;255;1510270116;0
32;16;10;5;1;64;1510270950;64;255;1510270959;0
32;16;10;5;1;64;1510270963;64;255;1510270971;0
32;16;10;5;1;64;1510271037;64;255;1510271045;0
32;16;10;5;1;64;1510271042;64;255;1510271051;0
32;16;10;5;1;64;1510271881;64;255;1510271890;0
32;16;10;5;1;64;1510271898;64;255;1510271907;0
32;16;10;5;1;64;1510271970;64;255;1510271979;0
32;16;10;5;1;64;1510271978;64;255;1510271987;0
32;16;10;5;1;64;1510272813;64;255;1510272822;0
32;16;10;5;1;64;1510272834;64;255;1510272843;0
32;16;10;5;1;64;1510272902;64;255;1510272910;0
32;16;10;5;1;64;1510272913;64;255;1510272922;0
32;16;10;5;1;64;1510273744;64;255;1510273753;0
32;16;10;5;1;64;1510273771;64;255;1510273780;0
32;16;10;5;1;64;1510273833;64;255;1510273842;0
32;16;10;5;1;64;1510273851;64;255;1510273860;0
32;16;10;5;1;64;1510274675;64;255;1510274684;0
32;16;10;5;1;64;1510274707;64;255;1510274716;0
32;16;10;5;1;64;1510274765;64;255;1510274774;0
32;16;10;5;1;64;1510274787;64;255;1510274796;0
32;16;10;5;1;64;1510275606;64;255;1510275615;1
32;16;10;5;1;64;1510275645;64;255;1510275653;1
32;16;10;5;1;64;1510275698;64;255;1510275707;1
32;16;10;5;1;64;1510275720;64;255;1510275729;0
32;16;10;5;1;64;1510276537;64;255;1510276546;0
32;16;10;5;1;64;1510276581;64;255;1510276590;0
32;16;10;5;1;64;1510276635;64;255;1510276644;0
32;16;10;5;1;64;1510276652;64;255;1510276660;0
32;16;10;5;1;64;1510277469;64;255;1510277478;0
32;16;10;5;1;64;1510277517;64;255;1510277526;0
32;16;10;5;1;64;1510277571;64;255;1510277580;0
32;16;10;5;1;64;1510277583;64;255;1510277592;0
32;16;10;5;1;64;1510278400;64;255;1510278409;0
32;16;10;5;1;64;1510278454;64;255;1510278463;0
32;16;10;5;1;64;1510278506;64;255;1510278515;0
32;16;10;5;1;64;1510278514;64;255;1510278523;0
32;16;10;5;1;64;1510279331;64;255;1510279340;0
32;16;10;5;1;64;1510279391;64;255;1510279400;0
32;16;10;5;1;64;1510279442;64;255;1510279451;0
32;16;10;5;1;64;1510279446;64;255;1510279454;0
32;16;10;5;1;64;1510280262;64;255;1510280271;0
32;16;10;5;1;64;1510280328;64;255;1510280337;0
32;16;10;5;1;64;1510280377;64;255;1510280386;0
32;16;10;5;1;64;1510280378;64;255;1510280387;0
32;16;10;5;1;64;1510281193;64;255;1510281201;0
32;16;10;5;1;64;1510281266;64;255;1510281275;0
32;16;10;5;1;64;1510281309;64;255;1510281317;0
32;16;10;5;1;64;1510281314;64;255;1510281323;0
32;16;10;5;1;64;1510282123;64;255;1510282132;0
32;16;10;5;1;64;1510282205;64;255;1510282214;0
32;16;10;5;1;64;1510282240;64;255;1510282249;0
32;16;10;5;1;64;1510282249;64;255;1510282258;0
32;16;10;5;1;64;1510283055;64;255;1510283063;0
32;16;10;5;1;64;1510283143;64;255;1510283152;0
32;16;10;5;1;64;1510283172;64;255;1510283181;0
32;16;10;5;1;64;1510283185;64;255;1510283194;0
32;16;10;5;1;64;1510283985;64;255;1510283994;0
32;16;10;5;1;64;1510284081;64;255;1510284090;0
32;16;10;5;1;64;1510284103;64;255;1510284112;0
32;16;10;5;1;64;1510284120;64;255;1510284129;0
32;16;10;5;1;64;1510284916;64;255;1510284925;0
32;16;10;5;1;64;1510285019;64;255;1510285027;0
32;16;10;5;1;64;1510285035;64;255;1510285044;0
32;16;10;5;1;64;1510285055;64;255;1510285063;0
32;16;10;5;1;64;1510285847;64;255;1510285856;0
32;16;10;5;1;64;1510285956;64;255;1510285965;0
32;16;10;5;1;64;1510285971;64;255;1510285980;0
32;16;10;5;1;64;1510285986;64;255;1510285995;0
32;16;10;5;1;64;1510286778;64;255;1510286787;0
32;16;10;5;1;64;1510286893;64;255;1510286902;0
32;16;10;5;1;64;1510286908;64;255;1510286917;0
32;16;10;5;1;64;1510286917;64;255;1510286926;0
32;16;10;5;1;64;1510287709;64;255;1510287718;0
32;16;10;5;1;64;1510287831;64;255;1510287840;0
32;16;10;5;1;64;1510287844;64;255;1510287853;0
32;16;10;5;1;64;1510287850;64;255;1510287858;0
32;16;10;5;1;64;1510288641;64;255;1510288650;0
32;16;10;5;1;64;1510288768;64;255;1510288777;0
32;16;10;5;1;64;1510288779;64;255;1510288788;0
32;16;10;5;1;64;1510288781;64;255;1510288790;0
32;16;10;5;1;64;1510289573;64;255;1510289582;0
32;16;10;5;1;64;1510289707;64;255;1510289715;0
32;16;10;5;1;64;1510289712;64;255;1510289721;0
32;16;10;5;1;64;1510289714;64;255;1510289723;0
32;16;10;5;1;64;1510290505;64;255;1510290514;0
32;16;10;5;1;64;1510290644;64;255;1510290653;0
32;16;10;5;1;64;1510290645;64;255;1510290654;0
32;16;10;5;1;64;1510290649;64;255;1510290657;0
32;16;10;5;1;64;1510291438;64;255;1510291446;0
32;16;10;5;1;64;1510291576;64;255;1510291585;0
32;16;10;5;1;64;1510291583;64;255;1510291591;0
32;16;10;5;1;64;1510291584;64;255;1510291593;0
32;16;10;5;1;64;1510292370;64;255;1510292379;0
32;16;10;5;1;64;1510292507;64;255;1510292516;0
32;16;10;5;1;64;1510292518;64;255;1510292527;1
32;16;10;5;1;64;1510292520;64;255;1510292529;0
32;16;10;5;1;64;1510293303;64;255;1510293311;0
32;16;10;5;1;64;1510293439;64;255;1510293448;1
32;16;10;5;1;64;1510293453;64;255;1510293462;0
32;16;10;5;1;64;1510293459;64;255;1510293468;0
32;16;10;5;1;64;1510294235;64;255;1510294244;0
32;16;10;5;1;64;1510294371;64;255;1510294380;0
32;16;10;5;1;64;1510294387;64;255;1510294396;0
32;16;10;5;1;64;1510294397;64;255;1510294406;0
32;16;10;5;1;64;1510295168;64;255;1510295177;1
32;16;10;5;1;64;1510295303;64;255;1510295312;0
32;16;10;5;1;64;1510295321;64;255;1510295330;0
32;16;10;5;1;64;1510295335;64;255;1510295344;0
32;16;10;5;1;64;1510296101;64;255;1510296110;0
32;16;10;5;1;64;1510296236;64;255;1510296245;0
32;16;10;5;1;64;1510296256;64;255;1510296264;1
32;16;10;5;1;64;1510296274;64;255;1510296283;0
32;16;10;5;1;64;1510297034;64;255;1510297043;0
32;16;10;5;1;64;1510297167;64;255;1510297176;0
32;16;10;5;1;64;1510297191;64;255;1510297200;1
32;16;10;5;1;64;1510297211;64;255;1510297220;0
32;16;10;5;1;64;1510297967;64;255;1510297976;0
32;16;10;5;1;64;1510298099;64;255;1510298108;0
32;16;10;5;1;64;1510298126;64;255;1510298135;0
32;16;10;5;1;64;1510298149;64;255;1510298158;0
32;16;10;5;1;64;1510298899;64;255;1510298908;0
32;16;10;5;1;64;1510299030;64;255;1510299039;0
32;16;10;5;1;64;1510299062;64;255;1510299071;0
32;16;10;5;1;64;1510299087;64;255;1510299096;0
32;16;10;5;1;64;1510299831;64;255;1510299840;0
32;16;10;5;1;64;1510299962;64;255;1510299971;0
32;16;10;5;1;64;1510299997;64;255;1510300005;0
32;16;10;5;1;64;1510300025;64;255;1510300034;0
32;16;10;5;1;64;1510300765;64;255;1510300774;0
32;16;10;5;1;64;1510300894;64;255;1510300903;0
32;16;10;5;1;64;1510300932;64;255;1510300941;0
32;16;10;5;1;64;1510300963;64;255;1510300972;0
32;16;10;5;1;64;1510301698;64;255;1510301706;0
32;16;10;5;1;64;1510301826;64;255;1510301835;0
32;16;10;5;1;64;1510301871;64;255;1510301880;0
32;16;10;5;1;64;1510301897;64;255;1510301906;0
32;16;10;5;1;64;1510302630;64;255;1510302638;0
32;16;10;5;1;64;1510302762;64;255;1510302772;0
32;16;10;5;1;64;1510302813;64;255;1510302822;0
32;16;10;5;1;64;1510302841;64;255;1510302851;0
32;16;10;5;1;64;1510303614;64;255;1510303624;0
32;16;10;5;1;64;1510303760;64;255;1510303769;0
32;16;10;5;1;64;1510303805;64;255;1510303814;0
32;16;10;5;1;64;1510303842;64;255;1510303851;0
32;16;10;5;1;64;1510304588;64;255;1510304597;0
32;16;10;5;1;64;1510304726;64;255;1510304735;0
32;16;10;5;1;64;1510304773;64;255;1510304781;0
32;16;10;5;1;64;1510304824;64;255;1510304832;0
32;16;10;5;1;64;1510305552;64;255;1510305560;0
32;16;10;5;1;64;1510305677;64;255;1510305686;0
32;16;10;5;1;64;1510305733;64;255;1510305741;0
32;16;10;5;1;64;1510305794;64;255;1510305803;0
32;16;10;5;1;64;1510306546;64;255;1510306557;0
32;16;10;5;1;64;1510306698;64;255;1510306708;0
32;16;10;5;1;64;1510306743;64;255;1510306752;0
32;16;10;5;1;64;1510306825;64;255;1510306835;0
