32;16;10;5;1;65;1509981947;65;255;1509981958;0
32;16;10;5;1;65;1509982020;65;255;1509982030;0
32;16;10;5;1;65;1509982090;65;255;1509982099;0
32;16;10;5;1;65;1509982198;65;255;1509982207;0
32;16;10;5;1;65;1509982935;65;255;1509982944;1
32;16;10;5;1;65;1509982993;65;255;1509983002;1
32;16;10;5;1;65;1509983061;65;255;1509983069;0
32;16;10;5;1;65;1509983168;65;255;1509983177;0
32;16;10;5;1;65;1509983877;65;255;1509983886;0
32;16;10;5;1;65;1509983935;65;255;1509983944;0
32;16;10;5;1;65;1509984004;65;255;1509984013;0
32;16;10;5;1;65;1509984115;65;255;1509984124;0
32;16;10;5;1;65;1509984820;65;255;1509984829;0
32;16;10;5;1;65;1509984877;65;255;1509984886;0
32;16;10;5;1;65;1509984946;65;255;1509984954;0
32;16;10;5;1;65;1509985054;65;255;1509985063;0
32;16;10;5;1;65;1509985761;65;255;1509985770;0
32;16;10;5;1;65;1509985817;65;255;1509985827;0
32;16;10;5;1;65;1509985889;65;255;1509985897;0
32;16;10;5;1;65;1509985996;65;255;1509986005;0
32;16;10;5;1;65;1509986701;65;255;1509986710;0
32;16;10;5;1;65;1509986760;65;255;1509986769;0
32;16;10;5;1;65;1509986828;65;255;1509986837;0
32;16;10;5;1;65;1509986939;65;255;1509986948;0
32;16;10;5;1;65;1509987641;65;255;1509987650;0
32;16;10;5;1;65;1509987704;65;255;1509987713;0
32;16;10;5;1;65;1509987767;65;255;1509987776;0
32;16;10;5;1;65;1509987881;65;255;1509987890;0
32;16;10;5;1;65;1509988584;65;255;1509988593;0
32;16;10;5;1;65;1509988645;65;255;1509988655;0
32;16;10;5;1;65;1509988708;65;255;1509988717;0
32;16;10;5;1;65;1509988824;65;255;1509988832;1
32;16;10;5;1;65;1509989525;65;255;1509989534;0
32;16;10;5;1;65;1509989587;65;255;1509989596;0
32;16;10;5;1;65;1509989653;65;255;1509989662;0
32;16;10;5;1;65;1509989766;65;255;1509989775;0
32;16;10;5;1;65;1509990466;65;255;1509990475;0
32;16;10;5;1;65;1509990531;65;255;1509990540;0
32;16;10;5;1;65;1509990592;65;255;1509990601;0
32;16;10;5;1;65;1509990707;65;255;1509990716;0
32;16;10;5;1;65;1509991410;65;255;1509991419;0
32;16;10;5;1;65;1509991470;65;255;1509991479;0
32;16;10;5;1;65;1509991533;65;255;1509991542;0
32;16;10;5;1;65;1509991649;65;255;1509991658;0
32;16;10;5;1;65;1509992352;65;255;1509992361;0
32;16;10;5;1;65;1509992412;65;255;1509992421;0
32;16;10;5;1;65;1509992472;65;255;1509992481;0
32;16;10;5;1;65;1509992591;65;255;1509992600;0
32;16;10;5;1;65;1509993294;65;255;1509993303;0
32;16;10;5;1;65;1509993353;65;255;1509993362;0
32;16;10;5;1;65;1509993414;65;255;1509993423;0
32;16;10;5;1;65;1509993533;65;255;1509993542;0
32;16;10;5;1;65;1509994234;65;255;1509994243;0
32;16;10;5;1;65;1509994294;65;255;1509994303;0
32;16;10;5;1;65;1509994355;65;255;1509994364;0
32;16;10;5;1;65;1509994475;65;255;1509994484;0
32;16;10;5;1;65;1509995177;65;255;1509995186;0
32;16;10;5;1;65;1509995236;65;255;1509995245;0
32;16;10;5;1;65;1509995300;65;255;1509995309;0
32;16;10;5;1;65;1509995416;65;255;1509995425;0
32;16;10;5;1;65;1509996125;65;255;1509996134;0
32;16;10;5;1;65;1509996178;65;255;1509996187;0
32;16;10;5;1;65;1509996254;65;255;1509996263;0
32;16;10;5;1;65;1509996357;65;255;1509996366;0
32;16;10;5;1;65;1509997066;65;255;1509997075;0
32;16;10;5;1;65;1509997120;65;255;1509997129;0
32;16;10;5;1;65;1509997195;65;255;1509997204;0
32;16;10;5;1;65;1509997298;65;255;1509997307;0
32;16;10;5;1;65;1509998007;65;255;1509998015;0
32;16;10;5;1;65;1509998063;65;255;1509998072;0
32;16;10;5;1;65;1509998137;65;255;1509998146;0
32;16;10;5;1;65;1509998240;65;255;1509998249;0
32;16;10;5;1;65;1509998949;65;255;1509998958;0
32;16;10;5;1;65;1509999003;65;255;1509999012;0
32;16;10;5;1;65;1509999077;65;255;1509999086;0
32;16;10;5;1;65;1509999180;65;255;1509999189;0
32;16;10;5;1;65;1509999893;65;255;1509999901;0
32;16;10;5;1;65;1509999946;65;255;1509999955;0
32;16;10;5;1;65;1510000017;65;255;1510000025;0
32;16;10;5;1;65;1510000120;65;255;1510000129;0
32;16;10;5;1;65;1510000836;65;255;1510000845;0
32;16;10;5;1;65;1510000889;65;255;1510000898;0
32;16;10;5;1;65;1510000957;65;255;1510000966;0
32;16;10;5;1;65;1510001060;65;255;1510001069;0
32;16;10;5;1;65;1510001776;65;255;1510001785;0
32;16;10;5;1;65;1510001834;65;255;1510001843;0
32;16;10;5;1;65;1510001897;65;255;1510001906;0
32;16;10;5;1;65;1510002000;65;255;1510002009;0
32;16;10;5;1;65;1510002716;65;255;1510002726;0
32;16;10;5;1;65;1510002778;65;255;1510002787;0
32;16;10;5;1;65;1510002840;65;255;1510002849;0
32;16;10;5;1;65;1510002940;65;255;1510002949;0
32;16;10;5;1;65;1510003659;65;255;1510003668;0
32;16;10;5;1;65;1510003718;65;255;1510003727;0
32;16;10;5;1;65;1510003782;65;255;1510003791;0
32;16;10;5;1;65;1510003884;65;255;1510003893;0
32;16;10;5;1;65;1510004599;65;255;1510004608;0
32;16;10;5;1;65;1510004658;65;255;1510004667;0
32;16;10;5;1;65;1510004727;65;255;1510004736;0
32;16;10;5;1;65;1510004825;65;255;1510004834;1
32;16;10;5;1;65;1510005541;65;255;1510005550;0
32;16;10;5;1;65;1510005600;65;255;1510005609;0
32;16;10;5;1;65;1510005668;65;255;1510005677;0
32;16;10;5;1;65;1510005766;65;255;1510005775;0
32;16;10;5;1;65;1510006480;65;255;1510006489;0
32;16;10;5;1;65;1510006539;65;255;1510006548;0
32;16;10;5;1;65;1510006613;65;255;1510006622;1
32;16;10;5;1;65;1510006707;65;255;1510006716;0
32;16;10;5;1;65;1510007420;65;255;1510007429;0
32;16;10;5;1;65;1510007479;65;255;1510007488;0
32;16;10;5;1;65;1510007558;65;255;1510007567;0
32;16;10;5;1;65;1510007647;65;255;1510007656;0
32;16;10;5;1;65;1510008361;65;255;1510008370;0
32;16;10;5;1;65;1510008419;65;255;1510008428;0
32;16;10;5;1;65;1510008498;65;255;1510008507;0
32;16;10;5;1;65;1510008591;65;255;1510008600;0
32;16;10;5;1;65;1510009304;65;255;1510009312;0
32;16;10;5;1;65;1510009360;65;255;1510009369;0
32;16;10;5;1;65;1510009440;65;255;1510009449;0
32;16;10;5;1;65;1510009533;65;255;1510009542;0
32;16;10;5;1;65;1510010245;65;255;1510010254;0
32;16;10;5;1;65;1510010301;65;255;1510010310;0
32;16;10;5;1;65;1510010380;65;255;1510010389;0
32;16;10;5;1;65;1510010476;65;255;1510010485;0
32;16;10;5;1;65;1510011184;65;255;1510011193;0
32;16;10;5;1;65;1510011244;65;255;1510011253;0
32;16;10;5;1;65;1510011322;65;255;1510011331;0
32;16;10;5;1;65;1510011418;65;255;1510011427;0
32;16;10;5;1;65;1510012124;65;255;1510012133;0
32;16;10;5;1;65;1510012189;65;255;1510012197;0
32;16;10;5;1;65;1510012264;65;255;1510012273;0
32;16;10;5;1;65;1510012357;65;255;1510012366;0
32;16;10;5;1;65;1510013067;65;255;1510013076;0
32;16;10;5;1;65;1510013130;65;255;1510013139;0
32;16;10;5;1;65;1510013205;65;255;1510013214;0
32;16;10;5;1;65;1510013300;65;255;1510013309;0
32;16;10;5;1;65;1510014009;65;255;1510014018;0
32;16;10;5;1;65;1510014073;65;255;1510014082;0
32;16;10;5;1;65;1510014145;65;255;1510014154;0
32;16;10;5;1;65;1510014242;65;255;1510014250;0
32;16;10;5;1;65;1510014951;65;255;1510014960;0
32;16;10;5;1;65;1510015014;65;255;1510015023;0
32;16;10;5;1;65;1510015086;65;255;1510015095;0
32;16;10;5;1;65;1510015183;65;255;1510015192;0
32;16;10;5;1;65;1510015892;65;255;1510015901;0
32;16;10;5;1;65;1510015955;65;255;1510015964;0
32;16;10;5;1;65;1510016028;65;255;1510016036;0
32;16;10;5;1;65;1510016124;65;255;1510016132;1
32;16;10;5;1;65;1510016833;65;255;1510016842;0
32;16;10;5;1;65;1510016897;65;255;1510016906;0
32;16;10;5;1;65;1510016968;65;255;1510016976;0
32;16;10;5;1;65;1510017065;65;255;1510017074;0
32;16;10;5;1;65;1510017774;65;255;1510017783;0
32;16;10;5;1;65;1510017841;65;255;1510017849;0
32;16;10;5;1;65;1510017910;65;255;1510017919;0
32;16;10;5;1;65;1510018006;65;255;1510018015;0
32;16;10;5;1;65;1510018714;65;255;1510018723;1
32;16;10;5;1;65;1510018784;65;255;1510018793;0
32;16;10;5;1;65;1510018850;65;255;1510018859;0
32;16;10;5;1;65;1510018949;65;255;1510018958;0
32;16;10;5;1;65;1510019657;65;255;1510019666;0
32;16;10;5;1;65;1510019727;65;255;1510019736;0
32;16;10;5;1;65;1510019790;65;255;1510019799;0
32;16;10;5;1;65;1510019889;65;255;1510019898;0
32;16;10;5;1;65;1510020598;65;255;1510020607;0
32;16;10;5;1;65;1510020670;65;255;1510020679;0
32;16;10;5;1;65;1510020731;65;255;1510020740;0
32;16;10;5;1;65;1510020829;65;255;1510020838;0
32;16;10;5;1;65;1510021537;65;255;1510021546;0
32;16;10;5;1;65;1510021611;65;255;1510021620;0
32;16;10;5;1;65;1510021673;65;255;1510021682;0
32;16;10;5;1;65;1510021772;65;255;1510021781;0
32;16;10;5;1;65;1510022478;65;255;1510022487;1
32;16;10;5;1;65;1510022552;65;255;1510022561;0
32;16;10;5;1;65;1510022615;65;255;1510022624;0
32;16;10;5;1;65;1510022713;65;255;1510022721;0
32;16;10;5;1;65;1510023420;65;255;1510023429;0
32;16;10;5;1;65;1510023493;65;255;1510023502;0
32;16;10;5;1;65;1510023559;65;255;1510023568;1
32;16;10;5;1;65;1510023653;65;255;1510023662;0
32;16;10;5;1;65;1510024362;65;255;1510024371;0
32;16;10;5;1;65;1510024433;65;255;1510024442;0
32;16;10;5;1;65;1510024501;65;255;1510024510;0
32;16;10;5;1;65;1510024595;65;255;1510024604;0
32;16;10;5;1;65;1510025307;65;255;1510025316;0
32;16;10;5;1;65;1510025373;65;255;1510025382;0
32;16;10;5;1;65;1510025443;65;255;1510025452;0
32;16;10;5;1;65;1510025534;65;255;1510025543;0
32;16;10;5;1;65;1510026249;65;255;1510026258;0
32;16;10;5;1;65;1510026314;65;255;1510026323;0
32;16;10;5;1;65;1510026384;65;255;1510026393;0
32;16;10;5;1;65;1510026476;65;255;1510026485;0
32;16;10;5;1;65;1510027189;65;255;1510027198;0
32;16;10;5;1;65;1510027255;65;255;1510027264;0
32;16;10;5;1;65;1510027328;65;255;1510027337;0
32;16;10;5;1;65;1510027417;65;255;1510027426;0
32;16;10;5;1;65;1510028132;65;255;1510028141;0
32;16;10;5;1;65;1510028198;65;255;1510028207;0
32;16;10;5;1;65;1510028268;65;255;1510028277;0
32;16;10;5;1;65;1510028356;65;255;1510028365;0
32;16;10;5;1;65;1510029073;65;255;1510029082;0
32;16;10;5;1;65;1510029140;65;255;1510029149;0
32;16;10;5;1;65;1510029210;65;255;1510029219;0
32;16;10;5;1;65;1510029296;65;255;1510029305;0
32;16;10;5;1;65;1510030014;65;255;1510030023;0
32;16;10;5;1;65;1510030083;65;255;1510030092;0
32;16;10;5;1;65;1510030153;65;255;1510030162;0
32;16;10;5;1;65;1510030236;65;255;1510030245;0
32;16;10;5;1;65;1510030957;65;255;1510030966;0
32;16;10;5;1;65;1510031023;65;255;1510031032;0
32;16;10;5;1;65;1510031097;65;255;1510031106;0
32;16;10;5;1;65;1510031178;65;255;1510031187;0
32;16;10;5;1;65;1510031897;65;255;1510031906;0
32;16;10;5;1;65;1510031964;65;255;1510031973;1
32;16;10;5;1;65;1510032040;65;255;1510032049;0
32;16;10;5;1;65;1510032119;65;255;1510032130;0
32;16;10;5;1;65;1510032838;65;255;1510032847;0
32;16;10;5;1;65;1510032905;65;255;1510032914;0
32;16;10;5;1;65;1510032982;65;255;1510032991;0
32;16;10;5;1;65;1510033061;65;255;1510033070;0
32;16;10;5;1;65;1510033781;65;255;1510033790;0
32;16;10;5;1;65;1510033846;65;255;1510033855;0
32;16;10;5;1;65;1510033923;65;255;1510033932;0
32;16;10;5;1;65;1510034002;65;255;1510034011;1
32;16;10;5;1;65;1510034723;65;255;1510034732;0
32;16;10;5;1;65;1510034788;65;255;1510034797;0
32;16;10;5;1;65;1510034864;65;255;1510034873;0
32;16;10;5;1;65;1510034944;65;255;1510034952;0
32;16;10;5;1;65;1510035664;65;255;1510035673;0
32;16;10;5;1;65;1510035730;65;255;1510035739;0
32;16;10;5;1;65;1510035806;65;255;1510035815;0
32;16;10;5;1;65;1510035883;65;255;1510035892;0
32;16;10;5;1;65;1510036605;65;255;1510036614;0
32;16;10;5;1;65;1510036673;65;255;1510036682;0
32;16;10;5;1;65;1510036746;65;255;1510036755;0
32;16;10;5;1;65;1510036823;65;255;1510036832;0
32;16;10;5;1;65;1510037549;65;255;1510037558;0
32;16;10;5;1;65;1510037614;65;255;1510037623;0
32;16;10;5;1;65;1510037687;65;255;1510037696;0
32;16;10;5;1;65;1510037763;65;255;1510037772;0
32;16;10;5;1;65;1510038489;65;255;1510038498;0
32;16;10;5;1;65;1510038557;65;255;1510038566;0
32;16;10;5;1;65;1510038627;65;255;1510038636;0
32;16;10;5;1;65;1510038705;65;255;1510038714;0
32;16;10;5;1;65;1510039431;65;255;1510039440;0
32;16;10;5;1;65;1510039498;65;255;1510039507;0
32;16;10;5;1;65;1510039571;65;255;1510039580;0
32;16;10;5;1;65;1510039646;65;255;1510039654;0
32;16;10;5;1;65;1510040372;65;255;1510040381;0
32;16;10;5;1;65;1510040439;65;255;1510040448;0
32;16;10;5;1;65;1510040513;65;255;1510040522;0
32;16;10;5;1;65;1510040586;65;255;1510040595;1
32;16;10;5;1;65;1510041313;65;255;1510041322;0
32;16;10;5;1;65;1510041382;65;255;1510041390;0
32;16;10;5;1;65;1510041456;65;255;1510041465;0
32;16;10;5;1;65;1510041526;65;255;1510041535;0
32;16;10;5;1;65;1510042256;65;255;1510042265;0
32;16;10;5;1;65;1510042322;65;255;1510042331;0
32;16;10;5;1;65;1510042399;65;255;1510042407;1
32;16;10;5;1;65;1510042469;65;255;1510042478;1
32;16;10;5;1;65;1510043196;65;255;1510043205;1
32;16;10;5;1;65;1510043266;65;255;1510043275;0
32;16;10;5;1;65;1510043339;65;255;1510043348;0
32;16;10;5;1;65;1510043411;65;255;1510043420;0
32;16;10;5;1;65;1510044135;65;255;1510044144;0
32;16;10;5;1;65;1510044209;65;255;1510044218;0
32;16;10;5;1;65;1510044280;65;255;1510044289;0
32;16;10;5;1;65;1510044352;65;255;1510044361;0
32;16;10;5;1;65;1510045106;65;255;1510045115;0
32;16;10;5;1;65;1510045179;65;255;1510045190;0
32;16;10;5;1;65;1510045259;65;255;1510045268;0
32;16;10;5;1;65;1510045343;65;255;1510045353;0
