32;16;10;5;1;66;1509981958;66;255;1509981968;0
32;16;10;5;1;66;1509982030;66;255;1509982039;0
32;16;10;5;1;66;1509982099;66;255;1509982108;0
32;16;10;5;1;66;1509982207;66;255;1509982216;0
32;16;10;5;1;66;1509982944;66;255;1509982953;0
32;16;10;5;1;66;1509983002;66;255;1509983011;0
32;16;10;5;1;66;1509983069;66;255;1509983079;0
32;16;10;5;1;66;1509983177;66;255;1509983187;0
32;16;10;5;1;66;1509983886;66;255;1509983895;0
32;16;10;5;1;66;1509983944;66;255;1509983953;1
32;16;10;5;1;66;1509984013;66;255;1509984022;0
32;16;10;5;1;66;1509984124;66;255;1509984133;0
32;16;10;5;1;66;1509984829;66;255;1509984838;0
32;16;10;5;1;66;1509984886;66;255;1509984895;0
32;16;10;5;1;66;1509984954;66;255;1509984963;0
32;16;10;5;1;66;1509985063;66;255;1509985072;0
32;16;10;5;1;66;1509985770;66;255;1509985779;0
32;16;10;5;1;66;1509985827;66;255;1509985836;0
32;16;10;5;1;66;1509985897;66;255;1509985906;0
32;16;10;5;1;66;1509986005;66;255;1509986014;0
32;16;10;5;1;66;1509986710;66;255;1509986719;1
32;16;10;5;1;66;1509986769;66;255;1509986778;0
32;16;10;5;1;66;1509986837;66;255;1509986846;0
32;16;10;5;1;66;1509986948;66;255;1509986957;0
32;16;10;5;1;66;1509987650;66;255;1509987659;1
32;16;10;5;1;66;1509987713;66;255;1509987722;1
32;16;10;5;1;66;1509987776;66;255;1509987785;0
32;16;10;5;1;66;1509987890;66;255;1509987899;0
32;16;10;5;1;66;1509988593;66;255;1509988602;0
32;16;10;5;1;66;1509988655;66;255;1509988664;1
32;16;10;5;1;66;1509988717;66;255;1509988726;0
32;16;10;5;1;66;1509988832;66;255;1509988841;0
32;16;10;5;1;66;1509989534;66;255;1509989543;0
32;16;10;5;1;66;1509989596;66;255;1509989605;0
32;16;10;5;1;66;1509989662;66;255;1509989671;0
32;16;10;5;1;66;1509989775;66;255;1509989784;0
32;16;10;5;1;66;1509990475;66;255;1509990484;0
32;16;10;5;1;66;1509990540;66;255;1509990549;0
32;16;10;5;1;66;1509990601;66;255;1509990610;0
32;16;10;5;1;66;1509990716;66;255;1509990724;0
32;16;10;5;1;66;1509991419;66;255;1509991428;0
32;16;10;5;1;66;1509991479;66;255;1509991488;0
32;16;10;5;1;66;1509991542;66;255;1509991550;0
32;16;10;5;1;66;1509991658;66;255;1509991667;0
32;16;10;5;1;66;1509992361;66;255;1509992370;1
32;16;10;5;1;66;1509992421;66;255;1509992430;0
32;16;10;5;1;66;1509992481;66;255;1509992490;0
32;16;10;5;1;66;1509992600;66;255;1509992609;0
32;16;10;5;1;66;1509993303;66;255;1509993312;0
32;16;10;5;1;66;1509993362;66;255;1509993371;0
32;16;10;5;1;66;1509993423;66;255;1509993432;0
32;16;10;5;1;66;1509993542;66;255;1509993551;0
32;16;10;5;1;66;1509994243;66;255;1509994252;0
32;16;10;5;1;66;1509994303;66;255;1509994312;0
32;16;10;5;1;66;1509994364;66;255;1509994373;0
32;16;10;5;1;66;1509994484;66;255;1509994493;0
32;16;10;5;1;66;1509995186;66;255;1509995195;0
32;16;10;5;1;66;1509995245;66;255;1509995254;0
32;16;10;5;1;66;1509995309;66;255;1509995318;0
32;16;10;5;1;66;1509995425;66;255;1509995434;1
32;16;10;5;1;66;1509996134;66;255;1509996143;0
32;16;10;5;1;66;1509996187;66;255;1509996196;0
32;16;10;5;1;66;1509996263;66;255;1509996272;0
32;16;10;5;1;66;1509996366;66;255;1509996375;0
32;16;10;5;1;66;1509997075;66;255;1509997084;0
32;16;10;5;1;66;1509997129;66;255;1509997138;0
32;16;10;5;1;66;1509997204;66;255;1509997213;0
32;16;10;5;1;66;1509997307;66;255;1509997316;0
32;16;10;5;1;66;1509998015;66;255;1509998024;0
32;16;10;5;1;66;1509998072;66;255;1509998081;0
32;16;10;5;1;66;1509998146;66;255;1509998155;0
32;16;10;5;1;66;1509998249;66;255;1509998258;0
32;16;10;5;1;66;1509998958;66;255;1509998967;0
32;16;10;5;1;66;1509999012;66;255;1509999021;0
32;16;10;5;1;66;1509999086;66;255;1509999095;0
32;16;10;5;1;66;1509999189;66;255;1509999198;0
32;16;10;5;1;66;1509999901;66;255;1509999910;0
32;16;10;5;1;66;1509999955;66;255;1509999964;1
32;16;10;5;1;66;1510000025;66;255;1510000034;0
32;16;10;5;1;66;1510000129;66;255;1510000138;0
32;16;10;5;1;66;1510000845;66;255;1510000854;0
32;16;10;5;1;66;1510000898;66;255;1510000907;0
32;16;10;5;1;66;1510000966;66;255;1510000975;0
32;16;10;5;1;66;1510001069;66;255;1510001078;0
32;16;10;5;1;66;1510001785;66;255;1510001794;0
32;16;10;5;1;66;1510001843;66;255;1510001852;0
32;16;10;5;1;66;1510001906;66;255;1510001915;0
32;16;10;5;1;66;1510002009;66;255;1510002018;0
32;16;10;5;1;66;1510002726;66;255;1510002735;0
32;16;10;5;1;66;1510002787;66;255;1510002796;0
32;16;10;5;1;66;1510002849;66;255;1510002858;0
32;16;10;5;1;66;1510002949;66;255;1510002958;0
32;16;10;5;1;66;1510003668;66;255;1510003677;0
32;16;10;5;1;66;1510003727;66;255;1510003736;0
32;16;10;5;1;66;1510003791;66;255;1510003800;0
32;16;10;5;1;66;1510003893;66;255;1510003902;0
32;16;10;5;1;66;1510004608;66;255;1510004617;0
32;16;10;5;1;66;1510004667;66;255;1510004676;0
32;16;10;5;1;66;1510004736;66;255;1510004745;0
32;16;10;5;1;66;1510004834;66;255;1510004843;0
32;16;10;5;1;66;1510005550;66;255;1510005559;0
32;16;10;5;1;66;1510005609;66;255;1510005618;0
32;16;10;5;1;66;1510005677;66;255;1510005686;0
32;16;10;5;1;66;1510005775;66;255;1510005784;0
32;16;10;5;1;66;1510006489;66;255;1510006498;0
32;16;10;5;1;66;1510006548;66;255;1510006557;1
32;16;10;5;1;66;1510006622;66;255;1510006631;0
32;16;10;5;1;66;1510006716;66;255;1510006725;0
32;16;10;5;1;66;1510007429;66;255;1510007438;0
32;16;10;5;1;66;1510007488;66;255;1510007497;0
32;16;10;5;1;66;1510007567;66;255;1510007576;0
32;16;10;5;1;66;1510007656;66;255;1510007665;0
32;16;10;5;1;66;1510008370;66;255;1510008379;0
32;16;10;5;1;66;1510008428;66;255;1510008437;0
32;16;10;5;1;66;1510008507;66;255;1510008516;0
32;16;10;5;1;66;1510008600;66;255;1510008609;0
32;16;10;5;1;66;1510009312;66;255;1510009321;0
32;16;10;5;1;66;1510009369;66;255;1510009379;0
32;16;10;5;1;66;1510009449;66;255;1510009458;0
32;16;10;5;1;66;1510009542;66;255;1510009551;0
32;16;10;5;1;66;1510010254;66;255;1510010263;0
32;16;10;5;1;66;1510010310;66;255;1510010319;0
32;16;10;5;1;66;1510010389;66;255;1510010398;1
32;16;10;5;1;66;1510010485;66;255;1510010494;0
32;16;10;5;1;66;1510011193;66;255;1510011202;0
32;16;10;5;1;66;1510011254;66;255;1510011263;0
32;16;10;5;1;66;1510011331;66;255;1510011340;0
32;16;10;5;1;66;1510011427;66;255;1510011436;0
32;16;10;5;1;66;1510012133;66;255;1510012142;0
32;16;10;5;1;66;1510012197;66;255;1510012206;0
32;16;10;5;1;66;1510012273;66;255;1510012282;0
32;16;10;5;1;66;1510012366;66;255;1510012375;0
32;16;10;5;1;66;1510013076;66;255;1510013085;0
32;16;10;5;1;66;1510013139;66;255;1510013148;0
32;16;10;5;1;66;1510013214;66;255;1510013223;0
32;16;10;5;1;66;1510013309;66;255;1510013318;0
32;16;10;5;1;66;1510014018;66;255;1510014026;0
32;16;10;5;1;66;1510014082;66;255;1510014091;0
32;16;10;5;1;66;1510014154;66;255;1510014163;0
32;16;10;5;1;66;1510014250;66;255;1510014259;0
32;16;10;5;1;66;1510014960;66;255;1510014969;0
32;16;10;5;1;66;1510015023;66;255;1510015032;0
32;16;10;5;1;66;1510015095;66;255;1510015104;0
32;16;10;5;1;66;1510015192;66;255;1510015201;0
32;16;10;5;1;66;1510015901;66;255;1510015910;0
32;16;10;5;1;66;1510015964;66;255;1510015973;0
32;16;10;5;1;66;1510016036;66;255;1510016045;0
32;16;10;5;1;66;1510016132;66;255;1510016141;0
32;16;10;5;1;66;1510016842;66;255;1510016851;0
32;16;10;5;1;66;1510016906;66;255;1510016915;0
32;16;10;5;1;66;1510016976;66;255;1510016985;0
32;16;10;5;1;66;1510017074;66;255;1510017083;0
32;16;10;5;1;66;1510017783;66;255;1510017792;1
32;16;10;5;1;66;1510017849;66;255;1510017858;0
32;16;10;5;1;66;1510017919;66;255;1510017928;1
32;16;10;5;1;66;1510018015;66;255;1510018024;0
32;16;10;5;1;66;1510018723;66;255;1510018732;0
32;16;10;5;1;66;1510018793;66;255;1510018802;0
32;16;10;5;1;66;1510018859;66;255;1510018868;0
32;16;10;5;1;66;1510018958;66;255;1510018967;0
32;16;10;5;1;66;1510019666;66;255;1510019675;0
32;16;10;5;1;66;1510019736;66;255;1510019745;0
32;16;10;5;1;66;1510019799;66;255;1510019808;0
32;16;10;5;1;66;1510019898;66;255;1510019907;0
32;16;10;5;1;66;1510020607;66;255;1510020616;0
32;16;10;5;1;66;1510020679;66;255;1510020688;0
32;16;10;5;1;66;1510020740;66;255;1510020749;0
32;16;10;5;1;66;1510020838;66;255;1510020847;0
32;16;10;5;1;66;1510021546;66;255;1510021555;0
32;16;10;5;1;66;1510021620;66;255;1510021629;0
32;16;10;5;1;66;1510021682;66;255;1510021691;0
32;16;10;5;1;66;1510021781;66;255;1510021790;0
32;16;10;5;1;66;1510022487;66;255;1510022496;0
32;16;10;5;1;66;1510022561;66;255;1510022570;0
32;16;10;5;1;66;1510022625;66;255;1510022634;0
32;16;10;5;1;66;1510022721;66;255;1510022730;0
32;16;10;5;1;66;1510023429;66;255;1510023438;0
32;16;10;5;1;66;1510023502;66;255;1510023511;0
32;16;10;5;1;66;1510023568;66;255;1510023578;0
32;16;10;5;1;66;1510023662;66;255;1510023671;0
32;16;10;5;1;66;1510024371;66;255;1510024380;0
32;16;10;5;1;66;1510024442;66;255;1510024451;1
32;16;10;5;1;66;1510024510;66;255;1510024519;0
32;16;10;5;1;66;1510024604;66;255;1510024613;0
32;16;10;5;1;66;1510025316;66;255;1510025325;0
32;16;10;5;1;66;1510025382;66;255;1510025391;0
32;16;10;5;1;66;1510025452;66;255;1510025461;0
32;16;10;5;1;66;1510025543;66;255;1510025552;0
32;16;10;5;1;66;1510026258;66;255;1510026267;0
32;16;10;5;1;66;1510026323;66;255;1510026332;0
32;16;10;5;1;66;1510026393;66;255;1510026402;0
32;16;10;5;1;66;1510026485;66;255;1510026494;0
32;16;10;5;1;66;1510027198;66;255;1510027207;0
32;16;10;5;1;66;1510027264;66;255;1510027272;0
32;16;10;5;1;66;1510027337;66;255;1510027346;0
32;16;10;5;1;66;1510027426;66;255;1510027435;0
32;16;10;5;1;66;1510028141;66;255;1510028150;0
32;16;10;5;1;66;1510028207;66;255;1510028216;0
32;16;10;5;1;66;1510028277;66;255;1510028286;0
32;16;10;5;1;66;1510028365;66;255;1510028374;0
32;16;10;5;1;66;1510029082;66;255;1510029091;0
32;16;10;5;1;66;1510029149;66;255;1510029158;0
32;16;10;5;1;66;1510029219;66;255;1510029228;0
32;16;10;5;1;66;1510029305;66;255;1510029314;0
32;16;10;5;1;66;1510030023;66;255;1510030032;1
32;16;10;5;1;66;1510030092;66;255;1510030100;0
32;16;10;5;1;66;1510030162;66;255;1510030171;0
32;16;10;5;1;66;1510030245;66;255;1510030254;0
32;16;10;5;1;66;1510030966;66;255;1510030975;0
32;16;10;5;1;66;1510031032;66;255;1510031041;0
32;16;10;5;1;66;1510031106;66;255;1510031115;0
32;16;10;5;1;66;1510031187;66;255;1510031196;0
32;16;10;5;1;66;1510031906;66;255;1510031915;0
32;16;10;5;1;66;1510031973;66;255;1510031982;0
32;16;10;5;1;66;1510032049;66;255;1510032058;0
32;16;10;5;1;66;1510032130;66;255;1510032138;0
32;16;10;5;1;66;1510032847;66;255;1510032856;0
32;16;10;5;1;66;1510032914;66;255;1510032923;0
32;16;10;5;1;66;1510032991;66;255;1510033000;0
32;16;10;5;1;66;1510033070;66;255;1510033079;0
32;16;10;5;1;66;1510033790;66;255;1510033799;0
32;16;10;5;1;66;1510033855;66;255;1510033864;0
32;16;10;5;1;66;1510033932;66;255;1510033941;0
32;16;10;5;1;66;1510034011;66;255;1510034020;0
32;16;10;5;1;66;1510034732;66;255;1510034741;0
32;16;10;5;1;66;1510034797;66;255;1510034805;0
32;16;10;5;1;66;1510034873;66;255;1510034882;0
32;16;10;5;1;66;1510034952;66;255;1510034961;0
32;16;10;5;1;66;1510035673;66;255;1510035682;1
32;16;10;5;1;66;1510035739;66;255;1510035748;0
32;16;10;5;1;66;1510035815;66;255;1510035824;0
32;16;10;5;1;66;1510035892;66;255;1510035901;0
32;16;10;5;1;66;1510036614;66;255;1510036623;0
32;16;10;5;1;66;1510036682;66;255;1510036691;0
32;16;10;5;1;66;1510036755;66;255;1510036764;0
32;16;10;5;1;66;1510036832;66;255;1510036841;0
32;16;10;5;1;66;1510037558;66;255;1510037567;0
32;16;10;5;1;66;1510037623;66;255;1510037632;0
32;16;10;5;1;66;1510037696;66;255;1510037705;0
32;16;10;5;1;66;1510037772;66;255;1510037781;0
32;16;10;5;1;66;1510038498;66;255;1510038507;0
32;16;10;5;1;66;1510038566;66;255;1510038575;0
32;16;10;5;1;66;1510038636;66;255;1510038645;0
32;16;10;5;1;66;1510038714;66;255;1510038723;0
32;16;10;5;1;66;1510039440;66;255;1510039449;0
32;16;10;5;1;66;1510039507;66;255;1510039516;0
32;16;10;5;1;66;1510039580;66;255;1510039589;0
32;16;10;5;1;66;1510039654;66;255;1510039663;0
32;16;10;5;1;66;1510040381;66;255;1510040390;0
32;16;10;5;1;66;1510040448;66;255;1510040457;0
32;16;10;5;1;66;1510040522;66;255;1510040531;0
32;16;10;5;1;66;1510040595;66;255;1510040604;0
32;16;10;5;1;66;1510041322;66;255;1510041331;0
32;16;10;5;1;66;1510041390;66;255;1510041399;0
32;16;10;5;1;66;1510041465;66;255;1510041474;0
32;16;10;5;1;66;1510041535;66;255;1510041544;0
32;16;10;5;1;66;1510042265;66;255;1510042274;0
32;16;10;5;1;66;1510042331;66;255;1510042340;0
32;16;10;5;1;66;1510042407;66;255;1510042416;0
32;16;10;5;1;66;1510042478;66;255;1510042487;0
32;16;10;5;1;66;1510043205;66;255;1510043214;0
32;16;10;5;1;66;1510043275;66;255;1510043284;0
32;16;10;5;1;66;1510043348;66;255;1510043356;1
32;16;10;5;1;66;1510043420;66;255;1510043429;0
32;16;10;5;1;66;1510044144;66;255;1510044153;0
32;16;10;5;1;66;1510044218;66;255;1510044227;1
32;16;10;5;1;66;1510044289;66;255;1510044298;0
32;16;10;5;1;66;1510044361;66;255;1510044370;0
32;16;10;5;1;66;1510045115;66;255;1510045125;0
32;16;10;5;1;66;1510045190;66;255;1510045198;0
32;16;10;5;1;66;1510045268;66;255;1510045279;0
32;16;10;5;1;66;1510045353;66;255;1510045363;0
32;16;10;5;1;66;1510046132;66;255;1510046142;0
32;16;10;5;1;66;1510046212;66;255;1510046222;0
32;16;10;5;1;66;1510046295;66;255;1510046305;0
32;16;10;5;1;66;1510046360;66;255;1510046369;0
32;16;10;5;1;66;1510047111;66;255;1510047120;0
32;16;10;5;1;66;1510047124;66;255;1510047134;0
32;16;10;5;1;66;1510047132;66;255;1510047142;0
32;16;10;5;1;66;1510047132;66;255;1510047143;0
32;16;10;5;1;66;1510048095;66;255;1510048104;0
32;16;10;5;1;66;1510048111;66;255;1510048120;0
32;16;10;5;1;66;1510048114;66;255;1510048123;0
32;16;10;5;1;66;1510048120;66;255;1510048129;0
32;16;10;5;1;66;1510049056;66;255;1510049065;0
32;16;10;5;1;66;1510049066;66;255;1510049075;0
32;16;10;5;1;66;1510049071;66;255;1510049080;0
32;16;10;5;1;66;1510049085;66;255;1510049095;0
32;16;10;5;1;66;1510050090;66;255;1510050099;0
32;16;10;5;1;66;1510050096;66;255;1510050105;0
32;16;10;5;1;66;1510050113;66;255;1510050122;0
32;16;10;5;1;66;1510051048;66;255;1510051057;0
32;16;10;5;1;66;1510051053;66;255;1510051062;0
32;16;10;5;1;66;1510051070;66;255;1510051079;0
32;16;10;5;1;66;1510052005;66;255;1510052014;0
32;16;10;5;1;66;1510052011;66;255;1510052020;0
32;16;10;5;1;66;1510052029;66;255;1510052038;0
32;16;10;5;1;66;1510052961;66;255;1510052970;1
32;16;10;5;1;66;1510052968;66;255;1510052977;0
32;16;10;5;1;66;1510052986;66;255;1510052995;0
32;16;10;5;1;66;1510053920;66;255;1510053929;0
32;16;10;5;1;66;1510053926;66;255;1510053936;0
32;16;10;5;1;66;1510053945;66;255;1510053954;0
32;16;10;5;1;66;1510054878;66;255;1510054887;0
32;16;10;5;1;66;1510054888;66;255;1510054897;0
32;16;10;5;1;66;1510054906;66;255;1510054915;0
32;16;10;5;1;66;1510055847;66;255;1510055857;0
32;16;10;5;1;66;1510055859;66;255;1510055869;0
32;16;10;5;1;66;1510055880;66;255;1510055890;0
32;16;10;5;1;66;1510056801;66;255;1510056810;1
32;16;10;5;1;66;1510056823;66;255;1510056832;0
32;16;10;5;1;66;1510056849;66;255;1510056859;0
32;16;10;5;1;66;1510057752;66;255;1510057761;0
32;16;10;5;1;66;1510057773;66;255;1510057782;0
32;16;10;5;1;66;1510057800;66;255;1510057809;0
32;16;10;5;1;66;1510058692;66;255;1510058701;0
32;16;10;5;1;66;1510058713;66;255;1510058723;0
32;16;10;5;1;66;1510058740;66;255;1510058749;0
32;16;10;5;1;66;1510059633;66;255;1510059642;0
32;16;10;5;1;66;1510059654;66;255;1510059663;0
32;16;10;5;1;66;1510059682;66;255;1510059691;0
32;16;10;5;1;66;1510060586;66;255;1510060596;0
32;16;10;5;1;66;1510060607;66;255;1510060616;0
32;16;10;5;1;66;1510060638;66;255;1510060647;0
32;16;10;5;1;66;1510061549;66;255;1510061558;0
32;16;10;5;1;66;1510061564;66;255;1510061573;0
32;16;10;5;1;66;1510061601;66;255;1510061610;0
32;16;10;5;1;66;1510062544;66;255;1510062554;0
32;16;10;5;1;66;1510062549;66;255;1510062559;0
32;16;10;5;1;66;1510062593;66;255;1510062602;0
32;16;10;5;1;66;1510063499;66;255;1510063508;0
32;16;10;5;1;66;1510063503;66;255;1510063512;0
32;16;10;5;1;66;1510063548;66;255;1510063557;0
32;16;10;5;1;66;1510064460;66;255;1510064469;0
32;16;10;5;1;66;1510064462;66;255;1510064472;0
32;16;10;5;1;66;1510064511;66;255;1510064520;0
32;16;10;5;1;66;1510065427;66;255;1510065436;0
32;16;10;5;1;66;1510065428;66;255;1510065437;0
32;16;10;5;1;66;1510065477;66;255;1510065486;0
32;16;10;5;1;66;1510066386;66;255;1510066395;0
32;16;10;5;1;66;1510066387;66;255;1510066396;0
32;16;10;5;1;66;1510066438;66;255;1510066447;0
32;16;10;5;1;66;1510067348;66;255;1510067357;0
32;16;10;5;1;66;1510067351;66;255;1510067360;0
32;16;10;5;1;66;1510067404;66;255;1510067413;0
32;16;10;5;1;66;1510068303;66;255;1510068312;0
32;16;10;5;1;66;1510068306;66;255;1510068314;0
32;16;10;5;1;66;1510068358;66;255;1510068367;0
32;16;10;5;1;66;1510069254;66;255;1510069263;0
32;16;10;5;1;66;1510069260;66;255;1510069270;0
32;16;10;5;1;66;1510069311;66;255;1510069320;0
32;16;10;5;1;66;1510070219;66;255;1510070228;0
32;16;10;5;1;66;1510070235;66;255;1510070244;0
32;16;10;5;1;66;1510070280;66;255;1510070289;0
32;16;10;5;1;66;1510071184;66;255;1510071193;0
32;16;10;5;1;66;1510071194;66;255;1510071203;0
32;16;10;5;1;66;1510071243;66;255;1510071252;0
32;16;10;5;1;66;1510072156;66;255;1510072165;0
32;16;10;5;1;66;1510072161;66;255;1510072170;1
32;16;10;5;1;66;1510072202;66;255;1510072211;0
32;16;10;5;1;66;1510073100;66;255;1510073109;0
32;16;10;5;1;66;1510073106;66;255;1510073115;0
32;16;10;5;1;66;1510073147;66;255;1510073156;0
32;16;10;5;1;66;1510074043;66;255;1510074052;0
32;16;10;5;1;66;1510074049;66;255;1510074058;0
32;16;10;5;1;66;1510074090;66;255;1510074099;0
32;16;10;5;1;66;1510074987;66;255;1510074996;1
32;16;10;5;1;66;1510074992;66;255;1510075001;0
32;16;10;5;1;66;1510075033;66;255;1510075042;0
32;16;10;5;1;66;1510075797;66;255;1510075806;0
32;16;10;5;1;66;1510075966;66;255;1510075975;0
32;16;10;5;1;66;1510075976;66;255;1510075985;0
32;16;10;5;1;66;1510076014;66;255;1510076023;0
32;16;10;5;1;66;1510076739;66;255;1510076748;0
32;16;10;5;1;66;1510076910;66;255;1510076918;0
32;16;10;5;1;66;1510076915;66;255;1510076924;0
32;16;10;5;1;66;1510076956;66;255;1510076965;0
32;16;10;5;1;66;1510077679;66;255;1510077688;0
32;16;10;5;1;66;1510077848;66;255;1510077857;0
32;16;10;5;1;66;1510077856;66;255;1510077865;0
32;16;10;5;1;66;1510077896;66;255;1510077905;0
32;16;10;5;1;66;1510078617;66;255;1510078626;0
32;16;10;5;1;66;1510078789;66;255;1510078797;0
32;16;10;5;1;66;1510078796;66;255;1510078805;0
32;16;10;5;1;66;1510078836;66;255;1510078845;0
32;16;10;5;1;66;1510079558;66;255;1510079567;0
32;16;10;5;1;66;1510079727;66;255;1510079736;0
32;16;10;5;1;66;1510079736;66;255;1510079745;0
32;16;10;5;1;66;1510079776;66;255;1510079785;0
32;16;10;5;1;66;1510080498;66;255;1510080507;0
32;16;10;5;1;66;1510080668;66;255;1510080676;0
32;16;10;5;1;66;1510080674;66;255;1510080683;0
32;16;10;5;1;66;1510080717;66;255;1510080726;0
32;16;10;5;1;66;1510081439;66;255;1510081448;0
32;16;10;5;1;66;1510081607;66;255;1510081616;0
32;16;10;5;1;66;1510081613;66;255;1510081622;0
32;16;10;5;1;66;1510081658;66;255;1510081667;0
32;16;10;5;1;66;1510082377;66;255;1510082386;0
32;16;10;5;1;66;1510082547;66;255;1510082556;0
32;16;10;5;1;66;1510082553;66;255;1510082562;0
32;16;10;5;1;66;1510082598;66;255;1510082607;0
32;16;10;5;1;66;1510083315;66;255;1510083324;0
32;16;10;5;1;66;1510083486;66;255;1510083495;0
32;16;10;5;1;66;1510083496;66;255;1510083505;0
32;16;10;5;1;66;1510083537;66;255;1510083546;0
32;16;10;5;1;66;1510084255;66;255;1510084264;0
32;16;10;5;1;66;1510084425;66;255;1510084434;0
32;16;10;5;1;66;1510084438;66;255;1510084447;0
32;16;10;5;1;66;1510084478;66;255;1510084487;0
32;16;10;5;1;66;1510085194;66;255;1510085203;1
32;16;10;5;1;66;1510085366;66;255;1510085375;0
32;16;10;5;1;66;1510085379;66;255;1510085388;0
32;16;10;5;1;66;1510085417;66;255;1510085426;0
32;16;10;5;1;66;1510086133;66;255;1510086142;0
32;16;10;5;1;66;1510086307;66;255;1510086316;0
32;16;10;5;1;66;1510086321;66;255;1510086330;0
32;16;10;5;1;66;1510086357;66;255;1510086366;0
32;16;10;5;1;66;1510087072;66;255;1510087081;0
32;16;10;5;1;66;1510087248;66;255;1510087257;0
32;16;10;5;1;66;1510087261;66;255;1510087270;0
32;16;10;5;1;66;1510087296;66;255;1510087305;0
32;16;10;5;1;66;1510088012;66;255;1510088021;0
32;16;10;5;1;66;1510088189;66;255;1510088197;0
32;16;10;5;1;66;1510088201;66;255;1510088210;0
32;16;10;5;1;66;1510088235;66;255;1510088244;0
32;16;10;5;1;66;1510088952;66;255;1510088961;0
32;16;10;5;1;66;1510089128;66;255;1510089137;0
32;16;10;5;1;66;1510089141;66;255;1510089150;0
32;16;10;5;1;66;1510089175;66;255;1510089184;0
32;16;10;5;1;66;1510089891;66;255;1510089900;0
32;16;10;5;1;66;1510090068;66;255;1510090077;0
32;16;10;5;1;66;1510090081;66;255;1510090090;0
32;16;10;5;1;66;1510090118;66;255;1510090127;0
32;16;10;5;1;66;1510090830;66;255;1510090839;0
32;16;10;5;1;66;1510091008;66;255;1510091017;0
32;16;10;5;1;66;1510091021;66;255;1510091030;0
32;16;10;5;1;66;1510091060;66;255;1510091069;0
32;16;10;5;1;66;1510091770;66;255;1510091779;0
32;16;10;5;1;66;1510091947;66;255;1510091956;0
32;16;10;5;1;66;1510091962;66;255;1510091971;0
32;16;10;5;1;66;1510092001;66;255;1510092010;0
32;16;10;5;1;66;1510092708;66;255;1510092717;0
32;16;10;5;1;66;1510092888;66;255;1510092897;0
32;16;10;5;1;66;1510092902;66;255;1510092911;0
32;16;10;5;1;66;1510092941;66;255;1510092950;0
32;16;10;5;1;66;1510093648;66;255;1510093657;0
32;16;10;5;1;66;1510093827;66;255;1510093836;0
32;16;10;5;1;66;1510093843;66;255;1510093852;0
32;16;10;5;1;66;1510093883;66;255;1510093892;0
32;16;10;5;1;66;1510094589;66;255;1510094598;0
32;16;10;5;1;66;1510094766;66;255;1510094774;0
32;16;10;5;1;66;1510094782;66;255;1510094790;0
32;16;10;5;1;66;1510094823;66;255;1510094832;0
32;16;10;5;1;66;1510095531;66;255;1510095540;0
32;16;10;5;1;66;1510095706;66;255;1510095715;0
32;16;10;5;1;66;1510095720;66;255;1510095729;0
32;16;10;5;1;66;1510095764;66;255;1510095773;0
32;16;10;5;1;66;1510096474;66;255;1510096483;0
32;16;10;5;1;66;1510096644;66;255;1510096653;0
32;16;10;5;1;66;1510096660;66;255;1510096669;0
32;16;10;5;1;66;1510096704;66;255;1510096713;0
32;16;10;5;1;66;1510097413;66;255;1510097422;0
32;16;10;5;1;66;1510097585;66;255;1510097594;0
32;16;10;5;1;66;1510097598;66;255;1510097607;0
32;16;10;5;1;66;1510097646;66;255;1510097655;0
32;16;10;5;1;66;1510098353;66;255;1510098362;0
32;16;10;5;1;66;1510098527;66;255;1510098535;1
32;16;10;5;1;66;1510098537;66;255;1510098545;0
32;16;10;5;1;66;1510098585;66;255;1510098594;0
32;16;10;5;1;66;1510099294;66;255;1510099303;0
32;16;10;5;1;66;1510099468;66;255;1510099477;0
32;16;10;5;1;66;1510099475;66;255;1510099484;0
32;16;10;5;1;66;1510099526;66;255;1510099535;0
32;16;10;5;1;66;1510100234;66;255;1510100243;0
32;16;10;5;1;66;1510100409;66;255;1510100417;0
32;16;10;5;1;66;1510100413;66;255;1510100422;0
32;16;10;5;1;66;1510100466;66;255;1510100475;0
32;16;10;5;1;66;1510101175;66;255;1510101183;0
32;16;10;5;1;66;1510101348;66;255;1510101356;0
32;16;10;5;1;66;1510101355;66;255;1510101364;0
32;16;10;5;1;66;1510101405;66;255;1510101414;0
32;16;10;5;1;66;1510102115;66;255;1510102124;1
32;16;10;5;1;66;1510102286;66;255;1510102295;0
32;16;10;5;1;66;1510102295;66;255;1510102304;1
32;16;10;5;1;66;1510102347;66;255;1510102356;0
32;16;10;5;1;66;1510103053;66;255;1510103062;0
32;16;10;5;1;66;1510103226;66;255;1510103235;0
32;16;10;5;1;66;1510103235;66;255;1510103244;0
32;16;10;5;1;66;1510103288;66;255;1510103297;0
32;16;10;5;1;66;1510103991;66;255;1510104000;0
32;16;10;5;1;66;1510104165;66;255;1510104174;0
32;16;10;5;1;66;1510104176;66;255;1510104185;0
32;16;10;5;1;66;1510104228;66;255;1510104237;0
32;16;10;5;1;66;1510104930;66;255;1510104939;0
32;16;10;5;1;66;1510105104;66;255;1510105113;0
32;16;10;5;1;66;1510105117;66;255;1510105126;0
32;16;10;5;1;66;1510105168;66;255;1510105177;0
32;16;10;5;1;66;1510105873;66;255;1510105882;0
32;16;10;5;1;66;1510106043;66;255;1510106052;0
32;16;10;5;1;66;1510106056;66;255;1510106065;0
32;16;10;5;1;66;1510106108;66;255;1510106117;0
32;16;10;5;1;66;1510106811;66;255;1510106820;0
32;16;10;5;1;66;1510106987;66;255;1510106996;0
32;16;10;5;1;66;1510106996;66;255;1510107005;0
32;16;10;5;1;66;1510107047;66;255;1510107056;0
32;16;10;5;1;66;1510107750;66;255;1510107759;0
32;16;10;5;1;66;1510107929;66;255;1510107938;0
32;16;10;5;1;66;1510107934;66;255;1510107943;0
32;16;10;5;1;66;1510107989;66;255;1510107998;0
32;16;10;5;1;66;1510108689;66;255;1510108698;0
32;16;10;5;1;66;1510108869;66;255;1510108878;0
32;16;10;5;1;66;1510108874;66;255;1510108883;0
32;16;10;5;1;66;1510108929;66;255;1510108938;0
32;16;10;5;1;66;1510109628;66;255;1510109637;0
32;16;10;5;1;66;1510109810;66;255;1510109819;0
32;16;10;5;1;66;1510109815;66;255;1510109825;0
32;16;10;5;1;66;1510109870;66;255;1510109879;0
32;16;10;5;1;66;1510110568;66;255;1510110577;0
32;16;10;5;1;66;1510110750;66;255;1510110759;0
32;16;10;5;1;66;1510110756;66;255;1510110765;0
32;16;10;5;1;66;1510110810;66;255;1510110819;0
32;16;10;5;1;66;1510111508;66;255;1510111517;0
32;16;10;5;1;66;1510111689;66;255;1510111698;0
32;16;10;5;1;66;1510111697;66;255;1510111706;0
32;16;10;5;1;66;1510111749;66;255;1510111758;0
32;16;10;5;1;66;1510112446;66;255;1510112455;0
32;16;10;5;1;66;1510112633;66;255;1510112642;0
32;16;10;5;1;66;1510112637;66;255;1510112646;0
32;16;10;5;1;66;1510112689;66;255;1510112698;0
32;16;10;5;1;66;1510113384;66;255;1510113393;0
32;16;10;5;1;66;1510113574;66;255;1510113583;0
32;16;10;5;1;66;1510113577;66;255;1510113586;0
32;16;10;5;1;66;1510113629;66;255;1510113638;0
32;16;10;5;1;66;1510114322;66;255;1510114331;0
32;16;10;5;1;66;1510114515;66;255;1510114524;0
32;16;10;5;1;66;1510114518;66;255;1510114527;0
32;16;10;5;1;66;1510114569;66;255;1510114578;0
32;16;10;5;1;66;1510115262;66;255;1510115271;0
32;16;10;5;1;66;1510115455;66;255;1510115464;0
32;16;10;5;1;66;1510115458;66;255;1510115467;0
32;16;10;5;1;66;1510115508;66;255;1510115517;0
32;16;10;5;1;66;1510116204;66;255;1510116213;0
32;16;10;5;1;66;1510116394;66;255;1510116403;0
32;16;10;5;1;66;1510116397;66;255;1510116406;0
32;16;10;5;1;66;1510116448;66;255;1510116456;0
32;16;10;5;1;66;1510117145;66;255;1510117153;1
32;16;10;5;1;66;1510117334;66;255;1510117343;0
32;16;10;5;1;66;1510117338;66;255;1510117347;0
32;16;10;5;1;66;1510117386;66;255;1510117395;0
32;16;10;5;1;66;1510118084;66;255;1510118093;1
32;16;10;5;1;66;1510118274;66;255;1510118283;0
32;16;10;5;1;66;1510118281;66;255;1510118290;0
32;16;10;5;1;66;1510118327;66;255;1510118336;0
32;16;10;5;1;66;1510119028;66;255;1510119037;0
32;16;10;5;1;66;1510119212;66;255;1510119221;0
32;16;10;5;1;66;1510119220;66;255;1510119229;0
32;16;10;5;1;66;1510119265;66;255;1510119274;0
32;16;10;5;1;66;1510119971;66;255;1510119980;0
32;16;10;5;1;66;1510120151;66;255;1510120160;0
32;16;10;5;1;66;1510120159;66;255;1510120168;0
32;16;10;5;1;66;1510120204;66;255;1510120213;0
32;16;10;5;1;66;1510120911;66;255;1510120920;0
32;16;10;5;1;66;1510121091;66;255;1510121100;1
32;16;10;5;1;66;1510121100;66;255;1510121109;0
32;16;10;5;1;66;1510121143;66;255;1510121152;0
32;16;10;5;1;66;1510121852;66;255;1510121861;0
32;16;10;5;1;66;1510122031;66;255;1510122040;0
32;16;10;5;1;66;1510122040;66;255;1510122049;0
32;16;10;5;1;66;1510122082;66;255;1510122091;0
32;16;10;5;1;66;1510122793;66;255;1510122802;0
32;16;10;5;1;66;1510122970;66;255;1510122979;0
32;16;10;5;1;66;1510122979;66;255;1510122987;1
32;16;10;5;1;66;1510123025;66;255;1510123034;0
32;16;10;5;1;66;1510123733;66;255;1510123742;0
32;16;10;5;1;66;1510123911;66;255;1510123920;0
32;16;10;5;1;66;1510123921;66;255;1510123930;0
32;16;10;5;1;66;1510123966;66;255;1510123975;0
32;16;10;5;1;66;1510124674;66;255;1510124683;0
32;16;10;5;1;66;1510124850;66;255;1510124859;0
32;16;10;5;1;66;1510124862;66;255;1510124870;0
32;16;10;5;1;66;1510124905;66;255;1510124914;0
32;16;10;5;1;66;1510125613;66;255;1510125622;0
32;16;10;5;1;66;1510125791;66;255;1510125800;0
32;16;10;5;1;66;1510125801;66;255;1510125810;0
32;16;10;5;1;66;1510125846;66;255;1510125855;0
32;16;10;5;1;66;1510126552;66;255;1510126561;0
32;16;10;5;1;66;1510126730;66;255;1510126739;0
32;16;10;5;1;66;1510126740;66;255;1510126749;1
32;16;10;5;1;66;1510126787;66;255;1510126796;0
32;16;10;5;1;66;1510127492;66;255;1510127501;0
32;16;10;5;1;66;1510127668;66;255;1510127677;0
32;16;10;5;1;66;1510127678;66;255;1510127687;1
32;16;10;5;1;66;1510127729;66;255;1510127738;0
32;16;10;5;1;66;1510128431;66;255;1510128440;0
32;16;10;5;1;66;1510128609;66;255;1510128618;0
32;16;10;5;1;66;1510128618;66;255;1510128627;0
32;16;10;5;1;66;1510128668;66;255;1510128677;0
32;16;10;5;1;66;1510129370;66;255;1510129379;0
32;16;10;5;1;66;1510129551;66;255;1510129560;0
32;16;10;5;1;66;1510129559;66;255;1510129568;0
32;16;10;5;1;66;1510129606;66;255;1510129615;0
32;16;10;5;1;66;1510130354;66;255;1510130364;0
32;16;10;5;1;66;1510130554;66;255;1510130563;0
32;16;10;5;1;66;1510130555;66;255;1510130564;0
32;16;10;5;1;66;1510130602;66;255;1510130611;0
32;16;10;5;1;66;1510131358;66;255;1510131367;0
32;16;10;5;1;66;1510131552;66;255;1510131561;0
32;16;10;5;1;66;1510131562;66;255;1510131571;0
32;16;10;5;1;66;1510131606;66;255;1510131615;0
32;16;10;5;1;66;1510132333;66;255;1510132342;0
32;16;10;5;1;66;1510132517;66;255;1510132526;0
32;16;10;5;1;66;1510132540;66;255;1510132549;0
32;16;10;5;1;66;1510132578;66;255;1510132588;0
32;16;10;5;1;66;1510133329;66;255;1510133339;0
32;16;10;5;1;66;1510133509;66;255;1510133519;0
32;16;10;5;1;66;1510133537;66;255;1510133547;0
32;16;10;5;1;66;1510133587;66;255;1510133596;0
32;16;10;5;1;66;1510134344;66;255;1510134353;0
32;16;10;5;1;66;1510134505;66;255;1510134514;1
32;16;10;5;1;66;1510134539;66;255;1510134548;1
32;16;10;5;1;66;1510134576;66;255;1510134585;0
32;16;10;5;1;66;1510135344;66;255;1510135353;0
32;16;10;5;1;66;1510135511;66;255;1510135520;0
32;16;10;5;1;66;1510135542;66;255;1510135551;0
32;16;10;5;1;66;1510135574;66;255;1510135583;0
32;16;10;5;1;66;1510136336;66;255;1510136346;0
32;16;10;5;1;66;1510136496;66;255;1510136506;0
32;16;10;5;1;66;1510136534;66;255;1510136543;0
32;16;10;5;1;66;1510136566;66;255;1510136575;0
32;16;10;5;1;66;1510137338;66;255;1510137347;0
32;16;10;5;1;66;1510137511;66;255;1510137520;0
32;16;10;5;1;66;1510137523;66;255;1510137532;0
32;16;10;5;1;66;1510137565;66;255;1510137574;0
32;16;10;5;1;66;1510138342;66;255;1510138352;0
32;16;10;5;1;66;1510138521;66;255;1510138531;0
32;16;10;5;1;66;1510138524;66;255;1510138534;1
32;16;10;5;1;66;1510138591;66;255;1510138601;0
32;16;10;5;1;66;1510139332;66;255;1510139342;0
32;16;10;5;1;66;1510139507;66;255;1510139516;0
32;16;10;5;1;66;1510139544;66;255;1510139553;0
32;16;10;5;1;66;1510139571;66;255;1510139580;0
32;16;10;5;1;66;1510140315;66;255;1510140325;0
32;16;10;5;1;66;1510140473;66;255;1510140482;0
32;16;10;5;1;66;1510140546;66;255;1510140555;1
32;16;10;5;1;66;1510140551;66;255;1510140561;1
32;16;10;5;1;66;1510141308;66;255;1510141317;0
32;16;10;5;1;66;1510141446;66;255;1510141457;0
32;16;10;5;1;66;1510141518;66;255;1510141527;0
32;16;10;5;1;66;1510141541;66;255;1510141551;0
32;16;10;5;1;66;1510142293;66;255;1510142302;0
32;16;10;5;1;66;1510142473;66;255;1510142484;0
32;16;10;5;1;66;1510142512;66;255;1510142522;0
32;16;10;5;1;66;1510142572;66;255;1510142582;0
32;16;10;5;1;66;1510143342;66;255;1510143351;0
32;16;10;5;1;66;1510143518;66;255;1510143528;0
32;16;10;5;1;66;1510143547;66;255;1510143556;0
32;16;10;5;1;66;1510143620;66;255;1510143630;0
32;16;10;5;1;66;1510144317;66;255;1510144327;1
32;16;10;5;1;66;1510144486;66;255;1510144495;0
32;16;10;5;1;66;1510144515;66;255;1510144524;0
32;16;10;5;1;66;1510144592;66;255;1510144601;0
32;16;10;5;1;66;1510145260;66;255;1510145269;0
32;16;10;5;1;66;1510145429;66;255;1510145438;0
32;16;10;5;1;66;1510145459;66;255;1510145468;0
32;16;10;5;1;66;1510145534;66;255;1510145543;0
32;16;10;5;1;66;1510146199;66;255;1510146208;0
32;16;10;5;1;66;1510146371;66;255;1510146380;0
32;16;10;5;1;66;1510146402;66;255;1510146411;0
32;16;10;5;1;66;1510146476;66;255;1510146485;0
32;16;10;5;1;66;1510147151;66;255;1510147161;0
32;16;10;5;1;66;1510147333;66;255;1510147343;0
32;16;10;5;1;66;1510147368;66;255;1510147378;0
32;16;10;5;1;66;1510147445;66;255;1510147455;0
32;16;10;5;1;66;1510148135;66;255;1510148144;0
32;16;10;5;1;66;1510148314;66;255;1510148324;0
32;16;10;5;1;66;1510148337;66;255;1510148346;1
32;16;10;5;1;66;1510148413;66;255;1510148423;0
32;16;10;5;1;66;1510149106;66;255;1510149115;0
32;16;10;5;1;66;1510149278;66;255;1510149287;0
32;16;10;5;1;66;1510149294;66;255;1510149303;1
32;16;10;5;1;66;1510149371;66;255;1510149380;0
32;16;10;5;1;66;1510150049;66;255;1510150058;0
32;16;10;5;1;66;1510150224;66;255;1510150233;0
32;16;10;5;1;66;1510150233;66;255;1510150242;0
32;16;10;5;1;66;1510150313;66;255;1510150322;0
32;16;10;5;1;66;1510151009;66;255;1510151019;0
32;16;10;5;1;66;1510151190;66;255;1510151200;0
32;16;10;5;1;66;1510151201;66;255;1510151210;0
32;16;10;5;1;66;1510151288;66;255;1510151297;0
32;16;10;5;1;66;1510151982;66;255;1510151991;0
32;16;10;5;1;66;1510152165;66;255;1510152175;0
32;16;10;5;1;66;1510152180;66;255;1510152189;0
32;16;10;5;1;66;1510152263;66;255;1510152272;0
32;16;10;5;1;66;1510152972;66;255;1510152981;0
32;16;10;5;1;66;1510153140;66;255;1510153149;0
32;16;10;5;1;66;1510153162;66;255;1510153170;0
32;16;10;5;1;66;1510153234;66;255;1510153242;1
32;16;10;5;1;66;1510153935;66;255;1510153944;0
32;16;10;5;1;66;1510154116;66;255;1510154125;0
32;16;10;5;1;66;1510154138;66;255;1510154147;0
32;16;10;5;1;66;1510154212;66;255;1510154221;0
32;16;10;5;1;66;1510154904;66;255;1510154913;0
32;16;10;5;1;66;1510155076;66;255;1510155085;0
32;16;10;5;1;66;1510155102;66;255;1510155111;0
32;16;10;5;1;66;1510155170;66;255;1510155179;1
32;16;10;5;1;66;1510155872;66;255;1510155882;0
32;16;10;5;1;66;1510156042;66;255;1510156051;0
32;16;10;5;1;66;1510156074;66;255;1510156083;0
32;16;10;5;1;66;1510156141;66;255;1510156150;0
32;16;10;5;1;66;1510156855;66;255;1510156865;0
32;16;10;5;1;66;1510157040;66;255;1510157049;0
32;16;10;5;1;66;1510157061;66;255;1510157071;0
32;16;10;5;1;66;1510157135;66;255;1510157145;0
32;16;10;5;1;66;1510157842;66;255;1510157852;0
32;16;10;5;1;66;1510158018;66;255;1510158028;0
32;16;10;5;1;66;1510158047;66;255;1510158056;0
32;16;10;5;1;66;1510158121;66;255;1510158130;0
32;16;10;5;1;66;1510158804;66;255;1510158813;0
32;16;10;5;1;66;1510158981;66;255;1510158990;0
32;16;10;5;1;66;1510159016;66;255;1510159025;0
32;16;10;5;1;66;1510159080;66;255;1510159089;0
32;16;10;5;1;66;1510159759;66;255;1510159768;0
32;16;10;5;1;66;1510159946;66;255;1510159955;0
32;16;10;5;1;66;1510159977;66;255;1510159986;0
32;16;10;5;1;66;1510160042;66;255;1510160051;0
32;16;10;5;1;66;1510160738;66;255;1510160747;0
32;16;10;5;1;66;1510160915;66;255;1510160924;0
32;16;10;5;1;66;1510160947;66;255;1510160956;0
32;16;10;5;1;66;1510161020;66;255;1510161029;0
32;16;10;5;1;66;1510161720;66;255;1510161729;0
32;16;10;5;1;66;1510161893;66;255;1510161902;0
32;16;10;5;1;66;1510161932;66;255;1510161942;0
32;16;10;5;1;66;1510161991;66;255;1510162000;0
32;16;10;5;1;66;1510162680;66;255;1510162689;0
32;16;10;5;1;66;1510162858;66;255;1510162867;0
32;16;10;5;1;66;1510162902;66;255;1510162911;0
32;16;10;5;1;66;1510162950;66;255;1510162959;0
32;16;10;5;1;66;1510163627;66;255;1510163636;0
32;16;10;5;1;66;1510163809;66;255;1510163818;0
32;16;10;5;1;66;1510163870;66;255;1510163879;0
32;16;10;5;1;66;1510163897;66;255;1510163906;0
32;16;10;5;1;66;1510164569;66;255;1510164578;0
32;16;10;5;1;66;1510164752;66;255;1510164761;0
32;16;10;5;1;66;1510164812;66;255;1510164821;0
32;16;10;5;1;66;1510164843;66;255;1510164852;0
32;16;10;5;1;66;1510165512;66;255;1510165521;0
32;16;10;5;1;66;1510165694;66;255;1510165703;0
32;16;10;5;1;66;1510165756;66;255;1510165765;0
32;16;10;5;1;66;1510165784;66;255;1510165793;0
32;16;10;5;1;66;1510166455;66;255;1510166464;0
32;16;10;5;1;66;1510166636;66;255;1510166645;1
32;16;10;5;1;66;1510166698;66;255;1510166707;0
32;16;10;5;1;66;1510166728;66;255;1510166737;0
32;16;10;5;1;66;1510167398;66;255;1510167407;0
32;16;10;5;1;66;1510167578;66;255;1510167587;0
32;16;10;5;1;66;1510167640;66;255;1510167649;0
32;16;10;5;1;66;1510167674;66;255;1510167683;0
32;16;10;5;1;66;1510168340;66;255;1510168349;1
32;16;10;5;1;66;1510168520;66;255;1510168529;0
32;16;10;5;1;66;1510168582;66;255;1510168591;0
32;16;10;5;1;66;1510168616;66;255;1510168625;0
32;16;10;5;1;66;1510169281;66;255;1510169290;0
32;16;10;5;1;66;1510169462;66;255;1510169471;0
32;16;10;5;1;66;1510169526;66;255;1510169535;0
32;16;10;5;1;66;1510169557;66;255;1510169566;0
32;16;10;5;1;66;1510170225;66;255;1510170233;0
32;16;10;5;1;66;1510170406;66;255;1510170415;0
32;16;10;5;1;66;1510170469;66;255;1510170478;0
32;16;10;5;1;66;1510170500;66;255;1510170509;0
32;16;10;5;1;66;1510171168;66;255;1510171176;0
32;16;10;5;1;66;1510171348;66;255;1510171357;0
32;16;10;5;1;66;1510171414;66;255;1510171423;0
32;16;10;5;1;66;1510171441;66;255;1510171450;0
32;16;10;5;1;66;1510172107;66;255;1510172116;0
32;16;10;5;1;66;1510172290;66;255;1510172299;0
32;16;10;5;1;66;1510172356;66;255;1510172365;0
32;16;10;5;1;66;1510172385;66;255;1510172394;0
32;16;10;5;1;66;1510173051;66;255;1510173060;0
32;16;10;5;1;66;1510173231;66;255;1510173240;0
32;16;10;5;1;66;1510173299;66;255;1510173308;0
32;16;10;5;1;66;1510173329;66;255;1510173338;1
32;16;10;5;1;66;1510173995;66;255;1510174004;0
32;16;10;5;1;66;1510174173;66;255;1510174182;0
32;16;10;5;1;66;1510174242;66;255;1510174251;0
32;16;10;5;1;66;1510174270;66;255;1510174279;0
32;16;10;5;1;66;1510174939;66;255;1510174948;0
32;16;10;5;1;66;1510175115;66;255;1510175124;0
32;16;10;5;1;66;1510175185;66;255;1510175194;0
32;16;10;5;1;66;1510175211;66;255;1510175220;0
32;16;10;5;1;66;1510175883;66;255;1510175892;0
32;16;10;5;1;66;1510176056;66;255;1510176065;0
32;16;10;5;1;66;1510176127;66;255;1510176136;0
32;16;10;5;1;66;1510176152;66;255;1510176161;0
32;16;10;5;1;66;1510176828;66;255;1510176837;0
32;16;10;5;1;66;1510176998;66;255;1510177007;0
32;16;10;5;1;66;1510177068;66;255;1510177077;0
32;16;10;5;1;66;1510177094;66;255;1510177103;0
32;16;10;5;1;66;1510177769;66;255;1510177778;0
32;16;10;5;1;66;1510177941;66;255;1510177950;0
32;16;10;5;1;66;1510178012;66;255;1510178021;0
32;16;10;5;1;66;1510178034;66;255;1510178043;0
32;16;10;5;1;66;1510178713;66;255;1510178722;0
32;16;10;5;1;66;1510178886;66;255;1510178895;0
32;16;10;5;1;66;1510178952;66;255;1510178961;0
32;16;10;5;1;66;1510178977;66;255;1510178986;0
32;16;10;5;1;66;1510179655;66;255;1510179664;0
32;16;10;5;1;66;1510179828;66;255;1510179837;0
32;16;10;5;1;66;1510179892;66;255;1510179901;0
32;16;10;5;1;66;1510179917;66;255;1510179926;1
32;16;10;5;1;66;1510180598;66;255;1510180607;0
32;16;10;5;1;66;1510180770;66;255;1510180779;0
32;16;10;5;1;66;1510180834;66;255;1510180843;0
32;16;10;5;1;66;1510180862;66;255;1510180871;0
32;16;10;5;1;66;1510181543;66;255;1510181552;0
32;16;10;5;1;66;1510181711;66;255;1510181720;0
32;16;10;5;1;66;1510181776;66;255;1510181785;0
32;16;10;5;1;66;1510181803;66;255;1510181812;0
32;16;10;5;1;66;1510182486;66;255;1510182495;0
32;16;10;5;1;66;1510182654;66;255;1510182663;0
32;16;10;5;1;66;1510182719;66;255;1510182728;1
32;16;10;5;1;66;1510182746;66;255;1510182755;0
32;16;10;5;1;66;1510183430;66;255;1510183439;0
32;16;10;5;1;66;1510183595;66;255;1510183604;0
32;16;10;5;1;66;1510183661;66;255;1510183670;0
32;16;10;5;1;66;1510183686;66;255;1510183695;0
32;16;10;5;1;66;1510184373;66;255;1510184382;0
32;16;10;5;1;66;1510184539;66;255;1510184548;1
32;16;10;5;1;66;1510184603;66;255;1510184612;0
32;16;10;5;1;66;1510184628;66;255;1510184637;0
32;16;10;5;1;66;1510185316;66;255;1510185325;1
32;16;10;5;1;66;1510185482;66;255;1510185491;0
32;16;10;5;1;66;1510185547;66;255;1510185556;0
32;16;10;5;1;66;1510185569;66;255;1510185578;1
32;16;10;5;1;66;1510186258;66;255;1510186267;0
32;16;10;5;1;66;1510186426;66;255;1510186435;0
32;16;10;5;1;66;1510186488;66;255;1510186497;1
32;16;10;5;1;66;1510186511;66;255;1510186520;0
32;16;10;5;1;66;1510187201;66;255;1510187210;0
32;16;10;5;1;66;1510187369;66;255;1510187378;0
32;16;10;5;1;66;1510187428;66;255;1510187437;0
32;16;10;5;1;66;1510187452;66;255;1510187461;0
32;16;10;5;1;66;1510188142;66;255;1510188151;1
32;16;10;5;1;66;1510188312;66;255;1510188321;0
32;16;10;5;1;66;1510188370;66;255;1510188379;1
32;16;10;5;1;66;1510188396;66;255;1510188405;0
32;16;10;5;1;66;1510189083;66;255;1510189092;0
32;16;10;5;1;66;1510189255;66;255;1510189264;0
32;16;10;5;1;66;1510189312;66;255;1510189321;0
32;16;10;5;1;66;1510189340;66;255;1510189348;0
32;16;10;5;1;66;1510190023;66;255;1510190032;1
32;16;10;5;1;66;1510190197;66;255;1510190206;0
32;16;10;5;1;66;1510190252;66;255;1510190261;0
32;16;10;5;1;66;1510190283;66;255;1510190292;0
32;16;10;5;1;66;1510190963;66;255;1510190972;1
32;16;10;5;1;66;1510191141;66;255;1510191150;0
32;16;10;5;1;66;1510191192;66;255;1510191201;0
32;16;10;5;1;66;1510191227;66;255;1510191236;0
32;16;10;5;1;66;1510191907;66;255;1510191916;0
32;16;10;5;1;66;1510192084;66;255;1510192093;0
32;16;10;5;1;66;1510192132;66;255;1510192141;0
32;16;10;5;1;66;1510192170;66;255;1510192179;0
32;16;10;5;1;66;1510192850;66;255;1510192859;0
32;16;10;5;1;66;1510193025;66;255;1510193034;0
32;16;10;5;1;66;1510193075;66;255;1510193084;0
32;16;10;5;1;66;1510193114;66;255;1510193123;0
32;16;10;5;1;66;1510193790;66;255;1510193799;0
32;16;10;5;1;66;1510193967;66;255;1510193976;0
32;16;10;5;1;66;1510194017;66;255;1510194026;0
32;16;10;5;1;66;1510194056;66;255;1510194065;0
32;16;10;5;1;66;1510194731;66;255;1510194741;0
32;16;10;5;1;66;1510194910;66;255;1510194919;0
32;16;10;5;1;66;1510194958;66;255;1510194967;0
32;16;10;5;1;66;1510194999;66;255;1510195008;0
32;16;10;5;1;66;1510195674;66;255;1510195683;0
32;16;10;5;1;66;1510195854;66;255;1510195863;0
32;16;10;5;1;66;1510195901;66;255;1510195910;0
32;16;10;5;1;66;1510195939;66;255;1510195948;0
32;16;10;5;1;66;1510196617;66;255;1510196626;0
32;16;10;5;1;66;1510196797;66;255;1510196806;0
32;16;10;5;1;66;1510196844;66;255;1510196853;0
32;16;10;5;1;66;1510196879;66;255;1510196888;0
32;16;10;5;1;66;1510197560;66;255;1510197569;0
32;16;10;5;1;66;1510197738;66;255;1510197747;0
32;16;10;5;1;66;1510197787;66;255;1510197796;0
32;16;10;5;1;66;1510197819;66;255;1510197828;0
32;16;10;5;1;66;1510198501;66;255;1510198510;0
32;16;10;5;1;66;1510198679;66;255;1510198688;0
32;16;10;5;1;66;1510198733;66;255;1510198742;1
32;16;10;5;1;66;1510198761;66;255;1510198770;0
32;16;10;5;1;66;1510199441;66;255;1510199450;0
32;16;10;5;1;66;1510199621;66;255;1510199630;0
32;16;10;5;1;66;1510199679;66;255;1510199688;0
32;16;10;5;1;66;1510199703;66;255;1510199712;0
32;16;10;5;1;66;1510200384;66;255;1510200393;0
32;16;10;5;1;66;1510200561;66;255;1510200570;0
32;16;10;5;1;66;1510200624;66;255;1510200633;0
32;16;10;5;1;66;1510200643;66;255;1510200651;0
32;16;10;5;1;66;1510201325;66;255;1510201334;0
32;16;10;5;1;66;1510201501;66;255;1510201510;0
32;16;10;5;1;66;1510201568;66;255;1510201577;0
32;16;10;5;1;66;1510201583;66;255;1510201592;0
32;16;10;5;1;66;1510202267;66;255;1510202276;0
32;16;10;5;1;66;1510202445;66;255;1510202454;0
32;16;10;5;1;66;1510202510;66;255;1510202519;0
32;16;10;5;1;66;1510202527;66;255;1510202536;0
32;16;10;5;1;66;1510203209;66;255;1510203218;0
32;16;10;5;1;66;1510203390;66;255;1510203399;0
32;16;10;5;1;66;1510203451;66;255;1510203460;0
32;16;10;5;1;66;1510203471;66;255;1510203480;0
32;16;10;5;1;66;1510204150;66;255;1510204158;0
32;16;10;5;1;66;1510204332;66;255;1510204341;0
32;16;10;5;1;66;1510204393;66;255;1510204401;0
32;16;10;5;1;66;1510204416;66;255;1510204425;0
32;16;10;5;1;66;1510205091;66;255;1510205100;0
32;16;10;5;1;66;1510205271;66;255;1510205280;0
32;16;10;5;1;66;1510205336;66;255;1510205345;0
32;16;10;5;1;66;1510205358;66;255;1510205367;0
32;16;10;5;1;66;1510206035;66;255;1510206044;0
32;16;10;5;1;66;1510206214;66;255;1510206223;0
32;16;10;5;1;66;1510206280;66;255;1510206289;0
32;16;10;5;1;66;1510206302;66;255;1510206311;0
32;16;10;5;1;66;1510206977;66;255;1510206986;1
32;16;10;5;1;66;1510207156;66;255;1510207165;0
32;16;10;5;1;66;1510207223;66;255;1510207232;0
32;16;10;5;1;66;1510207244;66;255;1510207253;1
32;16;10;5;1;66;1510207918;66;255;1510207927;0
32;16;10;5;1;66;1510208099;66;255;1510208108;0
32;16;10;5;1;66;1510208166;66;255;1510208175;0
32;16;10;5;1;66;1510208185;66;255;1510208194;0
32;16;10;5;1;66;1510208858;66;255;1510208867;0
32;16;10;5;1;66;1510209042;66;255;1510209051;0
32;16;10;5;1;66;1510209106;66;255;1510209115;0
32;16;10;5;1;66;1510209128;66;255;1510209137;0
32;16;10;5;1;66;1510209801;66;255;1510209810;0
32;16;10;5;1;66;1510209984;66;255;1510209993;0
32;16;10;5;1;66;1510210050;66;255;1510210059;0
32;16;10;5;1;66;1510210069;66;255;1510210078;0
32;16;10;5;1;66;1510210745;66;255;1510210754;0
32;16;10;5;1;66;1510210924;66;255;1510210933;0
32;16;10;5;1;66;1510210993;66;255;1510211002;0
32;16;10;5;1;66;1510211014;66;255;1510211023;0
32;16;10;5;1;66;1510211688;66;255;1510211697;0
32;16;10;5;1;66;1510211866;66;255;1510211875;0
32;16;10;5;1;66;1510211933;66;255;1510211942;0
32;16;10;5;1;66;1510211954;66;255;1510211963;0
32;16;10;5;1;66;1510212629;66;255;1510212638;0
32;16;10;5;1;66;1510212809;66;255;1510212818;0
32;16;10;5;1;66;1510212874;66;255;1510212883;0
32;16;10;5;1;66;1510212897;66;255;1510212906;0
32;16;10;5;1;66;1510213571;66;255;1510213580;0
32;16;10;5;1;66;1510213751;66;255;1510213760;0
32;16;10;5;1;66;1510213817;66;255;1510213826;0
32;16;10;5;1;66;1510213840;66;255;1510213849;0
32;16;10;5;1;66;1510214514;66;255;1510214523;0
32;16;10;5;1;66;1510214694;66;255;1510214703;0
32;16;10;5;1;66;1510214759;66;255;1510214768;0
32;16;10;5;1;66;1510214784;66;255;1510214793;0
32;16;10;5;1;66;1510215456;66;255;1510215465;0
32;16;10;5;1;66;1510215634;66;255;1510215642;0
32;16;10;5;1;66;1510215700;66;255;1510215709;0
32;16;10;5;1;66;1510215728;66;255;1510215737;0
32;16;10;5;1;66;1510216399;66;255;1510216408;0
32;16;10;5;1;66;1510216576;66;255;1510216585;0
32;16;10;5;1;66;1510216642;66;255;1510216651;0
32;16;10;5;1;66;1510216670;66;255;1510216679;0
32;16;10;5;1;66;1510217342;66;255;1510217351;0
32;16;10;5;1;66;1510217518;66;255;1510217527;0
32;16;10;5;1;66;1510217583;66;255;1510217592;0
32;16;10;5;1;66;1510217614;66;255;1510217623;0
32;16;10;5;1;66;1510218284;66;255;1510218293;0
32;16;10;5;1;66;1510218460;66;255;1510218469;0
32;16;10;5;1;66;1510218526;66;255;1510218535;0
32;16;10;5;1;66;1510218556;66;255;1510218565;0
32;16;10;5;1;66;1510219246;66;255;1510219255;0
32;16;10;5;1;66;1510219442;66;255;1510219452;0
32;16;10;5;1;66;1510219495;66;255;1510219505;0
32;16;10;5;1;66;1510219530;66;255;1510219540;0
32;16;10;5;1;66;1510220260;66;255;1510220269;0
32;16;10;5;1;66;1510220458;66;255;1510220467;0
32;16;10;5;1;66;1510220507;66;255;1510220517;0
32;16;10;5;1;66;1510220546;66;255;1510220555;0
32;16;10;5;1;66;1510221249;66;255;1510221258;0
32;16;10;5;1;66;1510221435;66;255;1510221444;0
32;16;10;5;1;66;1510221486;66;255;1510221496;0
32;16;10;5;1;66;1510221539;66;255;1510221549;0
32;16;10;5;1;66;1510222246;66;255;1510222256;0
32;16;10;5;1;66;1510222440;66;255;1510222450;0
32;16;10;5;1;66;1510222495;66;255;1510222504;0
32;16;10;5;1;66;1510222560;66;255;1510222570;0
32;16;10;5;1;66;1510223251;66;255;1510223261;1
32;16;10;5;1;66;1510223451;66;255;1510223461;0
32;16;10;5;1;66;1510223505;66;255;1510223517;0
32;16;10;5;1;66;1510223574;66;255;1510223584;0
32;16;10;5;1;66;1510224264;66;255;1510224274;0
32;16;10;5;1;66;1510224463;66;255;1510224472;0
32;16;10;5;1;66;1510224520;66;255;1510224530;0
32;16;10;5;1;66;1510224580;66;255;1510224589;0
32;16;10;5;1;66;1510225268;66;255;1510225277;0
32;16;10;5;1;66;1510225459;66;255;1510225468;0
32;16;10;5;1;66;1510225513;66;255;1510225523;0
32;16;10;5;1;66;1510225559;66;255;1510225569;0
32;16;10;5;1;66;1510226285;66;255;1510226295;0
32;16;10;5;1;66;1510226471;66;255;1510226481;0
32;16;10;5;1;66;1510226524;66;255;1510226533;0
32;16;10;5;1;66;1510226583;66;255;1510226593;0
32;16;10;5;1;66;1510253260;66;255;1510253270;0
32;16;10;5;1;66;1510253268;66;255;1510253278;0
32;16;10;5;1;66;1510253272;66;255;1510253282;0
32;16;10;5;1;66;1510253276;66;255;1510253285;0
32;16;10;5;1;66;1510254205;66;255;1510254214;0
32;16;10;5;1;66;1510254207;66;255;1510254216;0
32;16;10;5;1;66;1510254209;66;255;1510254218;0
32;16;10;5;1;66;1510254228;66;255;1510254237;0
32;16;10;5;1;66;1510255139;66;255;1510255148;0
32;16;10;5;1;66;1510255139;66;255;1510255148;0
32;16;10;5;1;66;1510255140;66;255;1510255149;0
32;16;10;5;1;66;1510255163;66;255;1510255172;0
32;16;10;5;1;66;1510256071;66;255;1510256080;0
32;16;10;5;1;66;1510256072;66;255;1510256081;0
32;16;10;5;1;66;1510256076;66;255;1510256085;1
32;16;10;5;1;66;1510256097;66;255;1510256106;0
32;16;10;5;1;66;1510257001;66;255;1510257010;0
32;16;10;5;1;66;1510257003;66;255;1510257012;0
32;16;10;5;1;66;1510257011;66;255;1510257020;0
32;16;10;5;1;66;1510257031;66;255;1510257040;0
32;16;10;5;1;66;1510257932;66;255;1510257941;0
32;16;10;5;1;66;1510257935;66;255;1510257944;0
32;16;10;5;1;66;1510257947;66;255;1510257956;0
32;16;10;5;1;66;1510257967;66;255;1510257976;0
32;16;10;5;1;66;1510258863;66;255;1510258872;0
32;16;10;5;1;66;1510258867;66;255;1510258876;0
32;16;10;5;1;66;1510258883;66;255;1510258892;0
32;16;10;5;1;66;1510258902;66;255;1510258911;0
32;16;10;5;1;66;1510259794;66;255;1510259803;0
32;16;10;5;1;66;1510259799;66;255;1510259808;0
32;16;10;5;1;66;1510259818;66;255;1510259827;0
32;16;10;5;1;66;1510259837;66;255;1510259846;0
32;16;10;5;1;66;1510260725;66;255;1510260734;0
32;16;10;5;1;66;1510260732;66;255;1510260741;0
32;16;10;5;1;66;1510260754;66;255;1510260763;0
32;16;10;5;1;66;1510260772;66;255;1510260781;0
32;16;10;5;1;66;1510261657;66;255;1510261666;0
32;16;10;5;1;66;1510261663;66;255;1510261672;0
32;16;10;5;1;66;1510261690;66;255;1510261698;1
32;16;10;5;1;66;1510261708;66;255;1510261717;1
32;16;10;5;1;66;1510262588;66;255;1510262597;0
32;16;10;5;1;66;1510262595;66;255;1510262603;0
32;16;10;5;1;66;1510262624;66;255;1510262633;0
32;16;10;5;1;66;1510262644;66;255;1510262652;0
32;16;10;5;1;66;1510263519;66;255;1510263528;0
32;16;10;5;1;66;1510263526;66;255;1510263535;0
32;16;10;5;1;66;1510263561;66;255;1510263570;0
32;16;10;5;1;66;1510263579;66;255;1510263588;0
32;16;10;5;1;66;1510264450;66;255;1510264459;0
32;16;10;5;1;66;1510264458;66;255;1510264467;0
32;16;10;5;1;66;1510264497;66;255;1510264506;0
32;16;10;5;1;66;1510264513;66;255;1510264522;0
32;16;10;5;1;66;1510265382;66;255;1510265391;0
32;16;10;5;1;66;1510265389;66;255;1510265398;0
32;16;10;5;1;66;1510265433;66;255;1510265442;0
32;16;10;5;1;66;1510265449;66;255;1510265458;0
32;16;10;5;1;66;1510266312;66;255;1510266321;1
32;16;10;5;1;66;1510266321;66;255;1510266329;0
32;16;10;5;1;66;1510266369;66;255;1510266378;0
32;16;10;5;1;66;1510266384;66;255;1510266393;0
32;16;10;5;1;66;1510267243;66;255;1510267252;0
32;16;10;5;1;66;1510267252;66;255;1510267261;0
32;16;10;5;1;66;1510267305;66;255;1510267314;1
32;16;10;5;1;66;1510267319;66;255;1510267328;0
32;16;10;5;1;66;1510268174;66;255;1510268183;0
32;16;10;5;1;66;1510268184;66;255;1510268193;0
32;16;10;5;1;66;1510268243;66;255;1510268252;0
32;16;10;5;1;66;1510268254;66;255;1510268263;0
32;16;10;5;1;66;1510269105;66;255;1510269114;0
32;16;10;5;1;66;1510269116;66;255;1510269124;0
32;16;10;5;1;66;1510269180;66;255;1510269189;0
32;16;10;5;1;66;1510269189;66;255;1510269197;0
32;16;10;5;1;66;1510270037;66;255;1510270045;0
32;16;10;5;1;66;1510270047;66;255;1510270056;0
32;16;10;5;1;66;1510270117;66;255;1510270126;0
32;16;10;5;1;66;1510270125;66;255;1510270134;0
32;16;10;5;1;66;1510270967;66;255;1510270976;0
32;16;10;5;1;66;1510270980;66;255;1510270989;0
32;16;10;5;1;66;1510271054;66;255;1510271063;0
32;16;10;5;1;66;1510271060;66;255;1510271069;0
32;16;10;5;1;66;1510271898;66;255;1510271907;0
32;16;10;5;1;66;1510271916;66;255;1510271924;0
32;16;10;5;1;66;1510271988;66;255;1510271997;0
32;16;10;5;1;66;1510271996;66;255;1510272005;0
32;16;10;5;1;66;1510272831;66;255;1510272840;0
32;16;10;5;1;66;1510272852;66;255;1510272861;0
32;16;10;5;1;66;1510272919;66;255;1510272928;0
32;16;10;5;1;66;1510272931;66;255;1510272940;0
32;16;10;5;1;66;1510273761;66;255;1510273770;0
32;16;10;5;1;66;1510273789;66;255;1510273798;0
32;16;10;5;1;66;1510273851;66;255;1510273860;0
32;16;10;5;1;66;1510273868;66;255;1510273877;0
32;16;10;5;1;66;1510274692;66;255;1510274701;0
32;16;10;5;1;66;1510274725;66;255;1510274734;0
32;16;10;5;1;66;1510274782;66;255;1510274791;0
32;16;10;5;1;66;1510274804;66;255;1510274813;0
32;16;10;5;1;66;1510275624;66;255;1510275632;0
32;16;10;5;1;66;1510275662;66;255;1510275671;0
32;16;10;5;1;66;1510275716;66;255;1510275725;0
32;16;10;5;1;66;1510275738;66;255;1510275746;1
32;16;10;5;1;66;1510276555;66;255;1510276564;0
32;16;10;5;1;66;1510276599;66;255;1510276608;0
32;16;10;5;1;66;1510276653;66;255;1510276662;0
32;16;10;5;1;66;1510276669;66;255;1510276678;0
32;16;10;5;1;66;1510277487;66;255;1510277496;0
32;16;10;5;1;66;1510277535;66;255;1510277544;0
32;16;10;5;1;66;1510277589;66;255;1510277597;0
32;16;10;5;1;66;1510277601;66;255;1510277609;1
32;16;10;5;1;66;1510278418;66;255;1510278427;0
32;16;10;5;1;66;1510278472;66;255;1510278481;0
32;16;10;5;1;66;1510278524;66;255;1510278533;0
32;16;10;5;1;66;1510278532;66;255;1510278541;0
32;16;10;5;1;66;1510279349;66;255;1510279358;0
32;16;10;5;1;66;1510279409;66;255;1510279418;0
32;16;10;5;1;66;1510279460;66;255;1510279469;0
32;16;10;5;1;66;1510279463;66;255;1510279472;0
32;16;10;5;1;66;1510280280;66;255;1510280288;0
32;16;10;5;1;66;1510280346;66;255;1510280355;0
32;16;10;5;1;66;1510280395;66;255;1510280404;0
32;16;10;5;1;66;1510280396;66;255;1510280405;0
32;16;10;5;1;66;1510281210;66;255;1510281219;0
32;16;10;5;1;66;1510281283;66;255;1510281292;0
32;16;10;5;1;66;1510281326;66;255;1510281335;0
32;16;10;5;1;66;1510281331;66;255;1510281340;0
32;16;10;5;1;66;1510282141;66;255;1510282150;0
32;16;10;5;1;66;1510282223;66;255;1510282232;0
32;16;10;5;1;66;1510282258;66;255;1510282267;0
32;16;10;5;1;66;1510282267;66;255;1510282276;0
32;16;10;5;1;66;1510283072;66;255;1510283081;0
32;16;10;5;1;66;1510283161;66;255;1510283170;0
32;16;10;5;1;66;1510283189;66;255;1510283198;0
32;16;10;5;1;66;1510283202;66;255;1510283211;0
32;16;10;5;1;66;1510284003;66;255;1510284012;0
32;16;10;5;1;66;1510284099;66;255;1510284108;0
32;16;10;5;1;66;1510284121;66;255;1510284130;0
32;16;10;5;1;66;1510284138;66;255;1510284147;0
32;16;10;5;1;66;1510284934;66;255;1510284942;0
32;16;10;5;1;66;1510285036;66;255;1510285045;0
32;16;10;5;1;66;1510285053;66;255;1510285062;0
32;16;10;5;1;66;1510285072;66;255;1510285081;0
32;16;10;5;1;66;1510285865;66;255;1510285873;0
32;16;10;5;1;66;1510285974;66;255;1510285983;0
32;16;10;5;1;66;1510285989;66;255;1510285997;0
32;16;10;5;1;66;1510286004;66;255;1510286012;0
32;16;10;5;1;66;1510286795;66;255;1510286804;0
32;16;10;5;1;66;1510286911;66;255;1510286920;0
32;16;10;5;1;66;1510286925;66;255;1510286934;0
32;16;10;5;1;66;1510286935;66;255;1510286944;0
32;16;10;5;1;66;1510287726;66;255;1510287735;0
32;16;10;5;1;66;1510287848;66;255;1510287857;0
32;16;10;5;1;66;1510287862;66;255;1510287871;0
32;16;10;5;1;66;1510287867;66;255;1510287876;0
32;16;10;5;1;66;1510288658;66;255;1510288667;0
32;16;10;5;1;66;1510288786;66;255;1510288795;0
32;16;10;5;1;66;1510288797;66;255;1510288806;0
32;16;10;5;1;66;1510288798;66;255;1510288807;0
32;16;10;5;1;66;1510289591;66;255;1510289600;0
32;16;10;5;1;66;1510289724;66;255;1510289733;0
32;16;10;5;1;66;1510289730;66;255;1510289739;0
32;16;10;5;1;66;1510289732;66;255;1510289741;0
32;16;10;5;1;66;1510290523;66;255;1510290532;0
32;16;10;5;1;66;1510290662;66;255;1510290671;0
32;16;10;5;1;66;1510290662;66;255;1510290671;0
32;16;10;5;1;66;1510290666;66;255;1510290675;0
32;16;10;5;1;66;1510291455;66;255;1510291464;0
32;16;10;5;1;66;1510291594;66;255;1510291603;0
32;16;10;5;1;66;1510291600;66;255;1510291609;0
32;16;10;5;1;66;1510291601;66;255;1510291610;0
32;16;10;5;1;66;1510292388;66;255;1510292397;0
32;16;10;5;1;66;1510292525;66;255;1510292534;0
32;16;10;5;1;66;1510292536;66;255;1510292545;0
32;16;10;5;1;66;1510292538;66;255;1510292547;0
32;16;10;5;1;66;1510293320;66;255;1510293329;0
32;16;10;5;1;66;1510293457;66;255;1510293466;0
32;16;10;5;1;66;1510293470;66;255;1510293479;0
32;16;10;5;1;66;1510293477;66;255;1510293486;0
32;16;10;5;1;66;1510294253;66;255;1510294262;0
32;16;10;5;1;66;1510294389;66;255;1510294398;0
32;16;10;5;1;66;1510294405;66;255;1510294414;0
32;16;10;5;1;66;1510294415;66;255;1510294424;0
32;16;10;5;1;66;1510295186;66;255;1510295195;0
32;16;10;5;1;66;1510295321;66;255;1510295330;0
32;16;10;5;1;66;1510295339;66;255;1510295348;0
32;16;10;5;1;66;1510295353;66;255;1510295362;0
32;16;10;5;1;66;1510296119;66;255;1510296128;0
32;16;10;5;1;66;1510296254;66;255;1510296262;0
32;16;10;5;1;66;1510296274;66;255;1510296282;0
32;16;10;5;1;66;1510296292;66;255;1510296300;0
32;16;10;5;1;66;1510297052;66;255;1510297060;0
32;16;10;5;1;66;1510297185;66;255;1510297194;0
32;16;10;5;1;66;1510297209;66;255;1510297218;0
32;16;10;5;1;66;1510297229;66;255;1510297238;0
32;16;10;5;1;66;1510297984;66;255;1510297993;0
32;16;10;5;1;66;1510298117;66;255;1510298125;0
32;16;10;5;1;66;1510298144;66;255;1510298153;0
32;16;10;5;1;66;1510298167;66;255;1510298175;0
32;16;10;5;1;66;1510298916;66;255;1510298925;0
32;16;10;5;1;66;1510299048;66;255;1510299057;0
32;16;10;5;1;66;1510299079;66;255;1510299088;0
32;16;10;5;1;66;1510299105;66;255;1510299114;0
32;16;10;5;1;66;1510299849;66;255;1510299858;0
32;16;10;5;1;66;1510299980;66;255;1510299989;0
32;16;10;5;1;66;1510300014;66;255;1510300023;0
32;16;10;5;1;66;1510300043;66;255;1510300052;0
32;16;10;5;1;66;1510300782;66;255;1510300791;0
32;16;10;5;1;66;1510300912;66;255;1510300921;1
32;16;10;5;1;66;1510300950;66;255;1510300959;0
32;16;10;5;1;66;1510300980;66;255;1510300989;0
32;16;10;5;1;66;1510301715;66;255;1510301724;0
32;16;10;5;1;66;1510301844;66;255;1510301853;0
32;16;10;5;1;66;1510301889;66;255;1510301898;0
32;16;10;5;1;66;1510301915;66;255;1510301924;1
32;16;10;5;1;66;1510302647;66;255;1510302656;0
32;16;10;5;1;66;1510302781;66;255;1510302790;0
32;16;10;5;1;66;1510302831;66;255;1510302840;0
32;16;10;5;1;66;1510302860;66;255;1510302870;0
32;16;10;5;1;66;1510303633;66;255;1510303642;0
32;16;10;5;1;66;1510303778;66;255;1510303788;0
32;16;10;5;1;66;1510303824;66;255;1510303833;0
32;16;10;5;1;66;1510303861;66;255;1510303870;0
32;16;10;5;1;66;1510304606;66;255;1510304615;0
32;16;10;5;1;66;1510304743;66;255;1510304753;0
32;16;10;5;1;66;1510304790;66;255;1510304800;0
32;16;10;5;1;66;1510304841;66;255;1510304850;0
32;16;10;5;1;66;1510305569;66;255;1510305578;1
32;16;10;5;1;66;1510305695;66;255;1510305704;0
32;16;10;5;1;66;1510305750;66;255;1510305759;0
32;16;10;5;1;66;1510305813;66;255;1510305822;0
32;16;10;5;1;66;1510306567;66;255;1510306578;0
32;16;10;5;1;66;1510306718;66;255;1510306729;0
32;16;10;5;1;66;1510306762;66;255;1510306771;0
32;16;10;5;1;66;1510306844;66;255;1510306854;0
