32;16;10;5;1;67;1509981968;67;255;1509981978;0
32;16;10;5;1;67;1509982039;67;255;1509982049;0
32;16;10;5;1;67;1509982108;67;255;1509982118;0
32;16;10;5;1;67;1509982216;67;255;1509982226;1
32;16;10;5;1;67;1509982953;67;255;1509982962;0
32;16;10;5;1;67;1509983011;67;255;1509983021;0
32;16;10;5;1;67;1509983079;67;255;1509983088;0
32;16;10;5;1;67;1509983187;67;255;1509983196;0
32;16;10;5;1;67;1509983895;67;255;1509983904;0
32;16;10;5;1;67;1509983953;67;255;1509983962;0
32;16;10;5;1;67;1509984022;67;255;1509984031;0
32;16;10;5;1;67;1509984133;67;255;1509984142;0
32;16;10;5;1;67;1509984838;67;255;1509984847;0
32;16;10;5;1;67;1509984895;67;255;1509984904;0
32;16;10;5;1;67;1509984963;67;255;1509984972;0
32;16;10;5;1;67;1509985072;67;255;1509985081;1
32;16;10;5;1;67;1509985779;67;255;1509985788;0
32;16;10;5;1;67;1509985836;67;255;1509985845;0
32;16;10;5;1;67;1509985906;67;255;1509985915;0
32;16;10;5;1;67;1509986014;67;255;1509986023;0
32;16;10;5;1;67;1509986719;67;255;1509986728;0
32;16;10;5;1;67;1509986778;67;255;1509986787;0
32;16;10;5;1;67;1509986846;67;255;1509986855;0
32;16;10;5;1;67;1509986957;67;255;1509986966;0
32;16;10;5;1;67;1509987659;67;255;1509987668;0
32;16;10;5;1;67;1509987722;67;255;1509987731;0
32;16;10;5;1;67;1509987785;67;255;1509987794;0
32;16;10;5;1;67;1509987899;67;255;1509987908;0
32;16;10;5;1;67;1509988602;67;255;1509988611;0
32;16;10;5;1;67;1509988664;67;255;1509988673;0
32;16;10;5;1;67;1509988726;67;255;1509988735;0
32;16;10;5;1;67;1509988841;67;255;1509988850;0
32;16;10;5;1;67;1509989543;67;255;1509989552;0
32;16;10;5;1;67;1509989605;67;255;1509989614;0
32;16;10;5;1;67;1509989671;67;255;1509989680;0
32;16;10;5;1;67;1509989784;67;255;1509989793;0
32;16;10;5;1;67;1509990484;67;255;1509990493;0
32;16;10;5;1;67;1509990549;67;255;1509990558;0
32;16;10;5;1;67;1509990610;67;255;1509990619;0
32;16;10;5;1;67;1509990724;67;255;1509990733;0
32;16;10;5;1;67;1509991428;67;255;1509991437;0
32;16;10;5;1;67;1509991488;67;255;1509991497;0
32;16;10;5;1;67;1509991550;67;255;1509991559;0
32;16;10;5;1;67;1509991667;67;255;1509991676;0
32;16;10;5;1;67;1509992370;67;255;1509992379;0
32;16;10;5;1;67;1509992430;67;255;1509992439;0
32;16;10;5;1;67;1509992490;67;255;1509992499;0
32;16;10;5;1;67;1509992609;67;255;1509992618;0
32;16;10;5;1;67;1509993312;67;255;1509993321;0
32;16;10;5;1;67;1509993371;67;255;1509993380;0
32;16;10;5;1;67;1509993432;67;255;1509993441;0
32;16;10;5;1;67;1509993551;67;255;1509993560;0
32;16;10;5;1;67;1509994252;67;255;1509994261;0
32;16;10;5;1;67;1509994312;67;255;1509994321;0
32;16;10;5;1;67;1509994373;67;255;1509994382;0
32;16;10;5;1;67;1509994493;67;255;1509994502;0
32;16;10;5;1;67;1509995195;67;255;1509995204;0
32;16;10;5;1;67;1509995254;67;255;1509995263;0
32;16;10;5;1;67;1509995318;67;255;1509995327;0
32;16;10;5;1;67;1509995434;67;255;1509995444;0
32;16;10;5;1;67;1509996143;67;255;1509996152;0
32;16;10;5;1;67;1509996196;67;255;1509996205;0
32;16;10;5;1;67;1509996272;67;255;1509996281;0
32;16;10;5;1;67;1509996375;67;255;1509996384;0
32;16;10;5;1;67;1509997084;67;255;1509997093;0
32;16;10;5;1;67;1509997138;67;255;1509997147;0
32;16;10;5;1;67;1509997213;67;255;1509997222;0
32;16;10;5;1;67;1509997316;67;255;1509997325;0
32;16;10;5;1;67;1509998024;67;255;1509998033;0
32;16;10;5;1;67;1509998081;67;255;1509998090;0
32;16;10;5;1;67;1509998155;67;255;1509998164;0
32;16;10;5;1;67;1509998258;67;255;1509998267;0
32;16;10;5;1;67;1509998967;67;255;1509998976;0
32;16;10;5;1;67;1509999021;67;255;1509999030;0
32;16;10;5;1;67;1509999095;67;255;1509999104;0
32;16;10;5;1;67;1509999198;67;255;1509999207;0
32;16;10;5;1;67;1509999910;67;255;1509999919;0
32;16;10;5;1;67;1509999964;67;255;1509999974;0
32;16;10;5;1;67;1510000034;67;255;1510000043;0
32;16;10;5;1;67;1510000138;67;255;1510000147;0
32;16;10;5;1;67;1510000854;67;255;1510000863;0
32;16;10;5;1;67;1510000907;67;255;1510000916;0
32;16;10;5;1;67;1510000975;67;255;1510000984;0
32;16;10;5;1;67;1510001078;67;255;1510001087;0
32;16;10;5;1;67;1510001794;67;255;1510001803;0
32;16;10;5;1;67;1510001852;67;255;1510001861;0
32;16;10;5;1;67;1510001915;67;255;1510001924;0
32;16;10;5;1;67;1510002018;67;255;1510002027;0
32;16;10;5;1;67;1510002735;67;255;1510002744;0
32;16;10;5;1;67;1510002796;67;255;1510002805;0
32;16;10;5;1;67;1510002858;67;255;1510002867;0
32;16;10;5;1;67;1510002958;67;255;1510002967;0
32;16;10;5;1;67;1510003677;67;255;1510003686;0
32;16;10;5;1;67;1510003736;67;255;1510003745;0
32;16;10;5;1;67;1510003800;67;255;1510003809;0
32;16;10;5;1;67;1510003902;67;255;1510003911;0
32;16;10;5;1;67;1510004617;67;255;1510004626;0
32;16;10;5;1;67;1510004676;67;255;1510004685;0
32;16;10;5;1;67;1510004745;67;255;1510004754;0
32;16;10;5;1;67;1510004843;67;255;1510004852;0
32;16;10;5;1;67;1510005559;67;255;1510005568;0
32;16;10;5;1;67;1510005618;67;255;1510005627;0
32;16;10;5;1;67;1510005686;67;255;1510005695;0
32;16;10;5;1;67;1510005784;67;255;1510005793;0
32;16;10;5;1;67;1510006498;67;255;1510006507;0
32;16;10;5;1;67;1510006557;67;255;1510006566;0
32;16;10;5;1;67;1510006631;67;255;1510006640;0
32;16;10;5;1;67;1510006725;67;255;1510006733;0
32;16;10;5;1;67;1510007438;67;255;1510007447;0
32;16;10;5;1;67;1510007497;67;255;1510007506;0
32;16;10;5;1;67;1510007576;67;255;1510007585;0
32;16;10;5;1;67;1510007665;67;255;1510007674;0
32;16;10;5;1;67;1510008379;67;255;1510008388;0
32;16;10;5;1;67;1510008437;67;255;1510008446;0
32;16;10;5;1;67;1510008516;67;255;1510008525;0
32;16;10;5;1;67;1510008609;67;255;1510008618;0
32;16;10;5;1;67;1510009321;67;255;1510009330;0
32;16;10;5;1;67;1510009379;67;255;1510009388;0
32;16;10;5;1;67;1510009458;67;255;1510009467;0
32;16;10;5;1;67;1510009551;67;255;1510009560;0
32;16;10;5;1;67;1510010263;67;255;1510010272;0
32;16;10;5;1;67;1510010319;67;255;1510010327;0
32;16;10;5;1;67;1510010398;67;255;1510010407;1
32;16;10;5;1;67;1510010494;67;255;1510010503;0
32;16;10;5;1;67;1510011202;67;255;1510011211;0
32;16;10;5;1;67;1510011263;67;255;1510011272;0
32;16;10;5;1;67;1510011340;67;255;1510011349;0
32;16;10;5;1;67;1510011436;67;255;1510011445;1
32;16;10;5;1;67;1510012142;67;255;1510012151;0
32;16;10;5;1;67;1510012206;67;255;1510012215;0
32;16;10;5;1;67;1510012282;67;255;1510012291;0
32;16;10;5;1;67;1510012375;67;255;1510012384;0
32;16;10;5;1;67;1510013085;67;255;1510013094;0
32;16;10;5;1;67;1510013148;67;255;1510013157;0
32;16;10;5;1;67;1510013223;67;255;1510013232;0
32;16;10;5;1;67;1510013318;67;255;1510013326;0
32;16;10;5;1;67;1510014026;67;255;1510014035;0
32;16;10;5;1;67;1510014091;67;255;1510014100;0
32;16;10;5;1;67;1510014163;67;255;1510014172;0
32;16;10;5;1;67;1510014259;67;255;1510014268;0
32;16;10;5;1;67;1510014969;67;255;1510014978;0
32;16;10;5;1;67;1510015032;67;255;1510015041;0
32;16;10;5;1;67;1510015104;67;255;1510015113;0
32;16;10;5;1;67;1510015201;67;255;1510015210;0
32;16;10;5;1;67;1510015910;67;255;1510015919;0
32;16;10;5;1;67;1510015973;67;255;1510015982;0
32;16;10;5;1;67;1510016045;67;255;1510016054;0
32;16;10;5;1;67;1510016141;67;255;1510016150;0
32;16;10;5;1;67;1510016851;67;255;1510016860;0
32;16;10;5;1;67;1510016915;67;255;1510016924;0
32;16;10;5;1;67;1510016985;67;255;1510016994;0
32;16;10;5;1;67;1510017083;67;255;1510017092;0
32;16;10;5;1;67;1510017792;67;255;1510017801;0
32;16;10;5;1;67;1510017858;67;255;1510017867;0
32;16;10;5;1;67;1510017928;67;255;1510017937;0
32;16;10;5;1;67;1510018024;67;255;1510018033;0
32;16;10;5;1;67;1510018732;67;255;1510018741;1
32;16;10;5;1;67;1510018802;67;255;1510018811;0
32;16;10;5;1;67;1510018868;67;255;1510018877;0
32;16;10;5;1;67;1510018967;67;255;1510018976;0
32;16;10;5;1;67;1510019675;67;255;1510019684;0
32;16;10;5;1;67;1510019745;67;255;1510019754;0
32;16;10;5;1;67;1510019808;67;255;1510019817;0
32;16;10;5;1;67;1510019907;67;255;1510019916;0
32;16;10;5;1;67;1510020616;67;255;1510020625;0
32;16;10;5;1;67;1510020688;67;255;1510020697;0
32;16;10;5;1;67;1510020749;67;255;1510020758;0
32;16;10;5;1;67;1510020847;67;255;1510020856;0
32;16;10;5;1;67;1510021555;67;255;1510021564;0
32;16;10;5;1;67;1510021629;67;255;1510021638;0
32;16;10;5;1;67;1510021691;67;255;1510021700;0
32;16;10;5;1;67;1510021790;67;255;1510021799;0
32;16;10;5;1;67;1510022496;67;255;1510022505;0
32;16;10;5;1;67;1510022570;67;255;1510022579;0
32;16;10;5;1;67;1510022634;67;255;1510022643;0
32;16;10;5;1;67;1510022730;67;255;1510022739;1
32;16;10;5;1;67;1510023438;67;255;1510023447;0
32;16;10;5;1;67;1510023511;67;255;1510023520;0
32;16;10;5;1;67;1510023578;67;255;1510023587;0
32;16;10;5;1;67;1510023671;67;255;1510023680;0
32;16;10;5;1;67;1510024380;67;255;1510024389;0
32;16;10;5;1;67;1510024451;67;255;1510024460;0
32;16;10;5;1;67;1510024519;67;255;1510024528;0
32;16;10;5;1;67;1510024613;67;255;1510024622;0
32;16;10;5;1;67;1510025325;67;255;1510025334;0
32;16;10;5;1;67;1510025391;67;255;1510025400;0
32;16;10;5;1;67;1510025461;67;255;1510025470;0
32;16;10;5;1;67;1510025552;67;255;1510025561;0
32;16;10;5;1;67;1510026267;67;255;1510026276;0
32;16;10;5;1;67;1510026332;67;255;1510026341;0
32;16;10;5;1;67;1510026402;67;255;1510026411;0
32;16;10;5;1;67;1510026494;67;255;1510026503;0
32;16;10;5;1;67;1510027207;67;255;1510027216;0
32;16;10;5;1;67;1510027272;67;255;1510027281;0
32;16;10;5;1;67;1510027346;67;255;1510027355;0
32;16;10;5;1;67;1510027435;67;255;1510027444;0
32;16;10;5;1;67;1510028150;67;255;1510028159;0
32;16;10;5;1;67;1510028216;67;255;1510028225;0
32;16;10;5;1;67;1510028286;67;255;1510028295;0
32;16;10;5;1;67;1510028374;67;255;1510028383;0
32;16;10;5;1;67;1510029091;67;255;1510029100;0
32;16;10;5;1;67;1510029158;67;255;1510029167;1
32;16;10;5;1;67;1510029228;67;255;1510029236;0
32;16;10;5;1;67;1510029314;67;255;1510029323;0
32;16;10;5;1;67;1510030032;67;255;1510030041;0
32;16;10;5;1;67;1510030100;67;255;1510030109;0
32;16;10;5;1;67;1510030171;67;255;1510030180;0
32;16;10;5;1;67;1510030254;67;255;1510030263;0
32;16;10;5;1;67;1510030975;67;255;1510030984;0
32;16;10;5;1;67;1510031041;67;255;1510031050;0
32;16;10;5;1;67;1510031115;67;255;1510031124;0
32;16;10;5;1;67;1510031196;67;255;1510031205;0
32;16;10;5;1;67;1510031915;67;255;1510031924;0
32;16;10;5;1;67;1510031982;67;255;1510031991;0
32;16;10;5;1;67;1510032058;67;255;1510032067;0
32;16;10;5;1;67;1510032138;67;255;1510032147;0
32;16;10;5;1;67;1510032856;67;255;1510032865;0
32;16;10;5;1;67;1510032923;67;255;1510032932;0
32;16;10;5;1;67;1510033000;67;255;1510033009;0
32;16;10;5;1;67;1510033079;67;255;1510033088;0
32;16;10;5;1;67;1510033799;67;255;1510033808;0
32;16;10;5;1;67;1510033864;67;255;1510033873;0
32;16;10;5;1;67;1510033941;67;255;1510033950;0
32;16;10;5;1;67;1510034020;67;255;1510034029;0
32;16;10;5;1;67;1510034741;67;255;1510034750;0
32;16;10;5;1;67;1510034805;67;255;1510034814;0
32;16;10;5;1;67;1510034882;67;255;1510034891;0
32;16;10;5;1;67;1510034961;67;255;1510034970;0
32;16;10;5;1;67;1510035682;67;255;1510035691;1
32;16;10;5;1;67;1510035748;67;255;1510035757;0
32;16;10;5;1;67;1510035824;67;255;1510035833;0
32;16;10;5;1;67;1510035901;67;255;1510035910;0
32;16;10;5;1;67;1510036623;67;255;1510036632;0
32;16;10;5;1;67;1510036691;67;255;1510036700;0
32;16;10;5;1;67;1510036764;67;255;1510036773;1
32;16;10;5;1;67;1510036841;67;255;1510036850;0
32;16;10;5;1;67;1510037567;67;255;1510037576;0
32;16;10;5;1;67;1510037632;67;255;1510037641;0
32;16;10;5;1;67;1510037705;67;255;1510037714;0
32;16;10;5;1;67;1510037781;67;255;1510037790;0
32;16;10;5;1;67;1510038507;67;255;1510038516;0
32;16;10;5;1;67;1510038575;67;255;1510038584;0
32;16;10;5;1;67;1510038645;67;255;1510038654;0
32;16;10;5;1;67;1510038723;67;255;1510038732;0
32;16;10;5;1;67;1510039449;67;255;1510039458;0
32;16;10;5;1;67;1510039516;67;255;1510039525;0
32;16;10;5;1;67;1510039589;67;255;1510039598;0
32;16;10;5;1;67;1510039663;67;255;1510039672;0
32;16;10;5;1;67;1510040390;67;255;1510040399;1
32;16;10;5;1;67;1510040457;67;255;1510040466;0
32;16;10;5;1;67;1510040531;67;255;1510040540;0
32;16;10;5;1;67;1510040604;67;255;1510040613;0
32;16;10;5;1;67;1510041331;67;255;1510041340;0
32;16;10;5;1;67;1510041400;67;255;1510041409;0
32;16;10;5;1;67;1510041474;67;255;1510041483;0
32;16;10;5;1;67;1510041544;67;255;1510041553;0
32;16;10;5;1;67;1510042274;67;255;1510042283;1
32;16;10;5;1;67;1510042340;67;255;1510042349;0
32;16;10;5;1;67;1510042416;67;255;1510042425;0
32;16;10;5;1;67;1510042487;67;255;1510042496;0
32;16;10;5;1;67;1510043214;67;255;1510043223;0
32;16;10;5;1;67;1510043284;67;255;1510043293;0
32;16;10;5;1;67;1510043356;67;255;1510043365;0
32;16;10;5;1;67;1510043429;67;255;1510043439;0
32;16;10;5;1;67;1510044153;67;255;1510044162;0
32;16;10;5;1;67;1510044227;67;255;1510044236;0
32;16;10;5;1;67;1510044298;67;255;1510044307;0
32;16;10;5;1;67;1510044370;67;255;1510044379;0
32;16;10;5;1;67;1510045125;67;255;1510045135;0
32;16;10;5;1;67;1510045198;67;255;1510045208;0
32;16;10;5;1;67;1510045279;67;255;1510045288;0
32;16;10;5;1;67;1510045363;67;255;1510045373;0
32;16;10;5;1;67;1510046142;67;255;1510046152;0
32;16;10;5;1;67;1510046222;67;255;1510046232;0
32;16;10;5;1;67;1510046305;67;255;1510046314;0
32;16;10;5;1;67;1510046369;67;255;1510046379;0
32;16;10;5;1;67;1510047120;67;255;1510047129;0
32;16;10;5;1;67;1510047134;67;255;1510047144;0
32;16;10;5;1;67;1510047142;67;255;1510047151;0
32;16;10;5;1;67;1510047143;67;255;1510047152;0
32;16;10;5;1;67;1510048104;67;255;1510048114;0
32;16;10;5;1;67;1510048120;67;255;1510048129;0
32;16;10;5;1;67;1510048123;67;255;1510048132;1
32;16;10;5;1;67;1510048129;67;255;1510048138;0
32;16;10;5;1;67;1510049065;67;255;1510049074;0
32;16;10;5;1;67;1510049075;67;255;1510049084;0
32;16;10;5;1;67;1510049080;67;255;1510049089;0
32;16;10;5;1;67;1510049095;67;255;1510049104;0
32;16;10;5;1;67;1510050099;67;255;1510050108;0
32;16;10;5;1;67;1510050105;67;255;1510050114;0
32;16;10;5;1;67;1510050122;67;255;1510050131;0
32;16;10;5;1;67;1510051057;67;255;1510051066;0
32;16;10;5;1;67;1510051062;67;255;1510051071;0
32;16;10;5;1;67;1510051079;67;255;1510051088;0
32;16;10;5;1;67;1510052014;67;255;1510052023;0
32;16;10;5;1;67;1510052020;67;255;1510052029;0
32;16;10;5;1;67;1510052038;67;255;1510052047;0
32;16;10;5;1;67;1510052970;67;255;1510052980;0
32;16;10;5;1;67;1510052977;67;255;1510052987;0
32;16;10;5;1;67;1510052995;67;255;1510053004;0
32;16;10;5;1;67;1510053929;67;255;1510053938;0
32;16;10;5;1;67;1510053936;67;255;1510053945;0
32;16;10;5;1;67;1510053954;67;255;1510053963;0
32;16;10;5;1;67;1510054887;67;255;1510054896;0
32;16;10;5;1;67;1510054897;67;255;1510054906;0
32;16;10;5;1;67;1510054915;67;255;1510054925;0
32;16;10;5;1;67;1510055857;67;255;1510055867;0
32;16;10;5;1;67;1510055869;67;255;1510055878;0
32;16;10;5;1;67;1510055890;67;255;1510055899;0
32;16;10;5;1;67;1510056810;67;255;1510056819;0
32;16;10;5;1;67;1510056832;67;255;1510056841;0
32;16;10;5;1;67;1510056859;67;255;1510056869;0
32;16;10;5;1;67;1510057761;67;255;1510057770;0
32;16;10;5;1;67;1510057782;67;255;1510057791;0
32;16;10;5;1;67;1510057809;67;255;1510057818;0
32;16;10;5;1;67;1510058701;67;255;1510058710;0
32;16;10;5;1;67;1510058723;67;255;1510058732;1
32;16;10;5;1;67;1510058749;67;255;1510058758;0
32;16;10;5;1;67;1510059642;67;255;1510059651;0
32;16;10;5;1;67;1510059663;67;255;1510059672;0
32;16;10;5;1;67;1510059691;67;255;1510059700;1
32;16;10;5;1;67;1510060596;67;255;1510060605;0
32;16;10;5;1;67;1510060616;67;255;1510060626;0
32;16;10;5;1;67;1510060647;67;255;1510060656;0
32;16;10;5;1;67;1510061558;67;255;1510061568;0
32;16;10;5;1;67;1510061573;67;255;1510061583;0
32;16;10;5;1;67;1510061610;67;255;1510061620;0
