32;16;10;5;1;71;1509982009;71;255;1509982019;0
32;16;10;5;1;71;1509982076;71;255;1509982085;0
32;16;10;5;1;71;1509982149;71;255;1509982159;0
32;16;10;5;1;71;1509982255;71;255;1509982265;0
32;16;10;5;1;71;1509982989;71;255;1509982998;0
32;16;10;5;1;71;1509983048;71;255;1509983058;0
32;16;10;5;1;71;1509983116;71;255;1509983125;0
32;16;10;5;1;71;1509983223;71;255;1509983233;0
32;16;10;5;1;71;1509983932;71;255;1509983941;0
32;16;10;5;1;71;1509983989;71;255;1509983998;0
32;16;10;5;1;71;1509984059;71;255;1509984068;0
32;16;10;5;1;71;1509984169;71;255;1509984178;0
32;16;10;5;1;71;1509984875;71;255;1509984884;0
32;16;10;5;1;71;1509984931;71;255;1509984940;0
32;16;10;5;1;71;1509985000;71;255;1509985009;0
32;16;10;5;1;71;1509985108;71;255;1509985118;1
32;16;10;5;1;71;1509985815;71;255;1509985824;0
32;16;10;5;1;71;1509985872;71;255;1509985881;0
32;16;10;5;1;71;1509985943;71;255;1509985952;0
32;16;10;5;1;71;1509986051;71;255;1509986060;0
32;16;10;5;1;71;1509986755;71;255;1509986764;0
32;16;10;5;1;71;1509986814;71;255;1509986823;0
32;16;10;5;1;71;1509986882;71;255;1509986892;0
32;16;10;5;1;71;1509986994;71;255;1509987003;0
32;16;10;5;1;71;1509987695;71;255;1509987705;1
32;16;10;5;1;71;1509987759;71;255;1509987768;0
32;16;10;5;1;71;1509987821;71;255;1509987830;0
32;16;10;5;1;71;1509987935;71;255;1509987944;1
32;16;10;5;1;71;1509988638;71;255;1509988647;0
32;16;10;5;1;71;1509988701;71;255;1509988710;0
32;16;10;5;1;71;1509988762;71;255;1509988772;0
32;16;10;5;1;71;1509988878;71;255;1509988887;0
32;16;10;5;1;71;1509989579;71;255;1509989588;0
32;16;10;5;1;71;1509989642;71;255;1509989651;0
32;16;10;5;1;71;1509989707;71;255;1509989716;0
32;16;10;5;1;71;1509989820;71;255;1509989829;0
32;16;10;5;1;71;1509990521;71;255;1509990530;0
32;16;10;5;1;71;1509990585;71;255;1509990595;0
32;16;10;5;1;71;1509990647;71;255;1509990656;0
32;16;10;5;1;71;1509990761;71;255;1509990770;0
32;16;10;5;1;71;1509991464;71;255;1509991473;0
32;16;10;5;1;71;1509991525;71;255;1509991534;0
32;16;10;5;1;71;1509991587;71;255;1509991596;0
32;16;10;5;1;71;1509991703;71;255;1509991712;0
32;16;10;5;1;71;1509992407;71;255;1509992416;0
32;16;10;5;1;71;1509992466;71;255;1509992475;1
32;16;10;5;1;71;1509992527;71;255;1509992536;0
32;16;10;5;1;71;1509992645;71;255;1509992654;0
32;16;10;5;1;71;1509993348;71;255;1509993357;0
32;16;10;5;1;71;1509993407;71;255;1509993416;0
32;16;10;5;1;71;1509993468;71;255;1509993477;0
32;16;10;5;1;71;1509993587;71;255;1509993596;0
32;16;10;5;1;71;1509994288;71;255;1509994297;0
32;16;10;5;1;71;1509994348;71;255;1509994357;0
32;16;10;5;1;71;1509994410;71;255;1509994419;0
32;16;10;5;1;71;1509994529;71;255;1509994538;0
32;16;10;5;1;71;1509995231;71;255;1509995241;0
32;16;10;5;1;71;1509995290;71;255;1509995299;0
32;16;10;5;1;71;1509995355;71;255;1509995364;0
32;16;10;5;1;71;1509995471;71;255;1509995480;0
32;16;10;5;1;71;1509996179;71;255;1509996188;0
32;16;10;5;1;71;1509996232;71;255;1509996242;0
32;16;10;5;1;71;1509996308;71;255;1509996317;0
32;16;10;5;1;71;1509996411;71;255;1509996420;0
32;16;10;5;1;71;1509997120;71;255;1509997129;0
32;16;10;5;1;71;1509997175;71;255;1509997184;0
32;16;10;5;1;71;1509997249;71;255;1509997259;0
32;16;10;5;1;71;1509997353;71;255;1509997362;0
32;16;10;5;1;71;1509998061;71;255;1509998070;1
32;16;10;5;1;71;1509998117;71;255;1509998126;1
32;16;10;5;1;71;1509998191;71;255;1509998200;0
32;16;10;5;1;71;1509998294;71;255;1509998303;0
32;16;10;5;1;71;1509999003;71;255;1509999013;0
32;16;10;5;1;71;1509999058;71;255;1509999067;0
32;16;10;5;1;71;1509999131;71;255;1509999140;0
32;16;10;5;1;71;1509999234;71;255;1509999243;0
32;16;10;5;1;71;1509999947;71;255;1509999956;0
32;16;10;5;1;71;1510000001;71;255;1510000010;0
32;16;10;5;1;71;1510000071;71;255;1510000080;0
32;16;10;5;1;71;1510000174;71;255;1510000183;0
32;16;10;5;1;71;1510000890;71;255;1510000899;0
32;16;10;5;1;71;1510000943;71;255;1510000952;0
32;16;10;5;1;71;1510001011;71;255;1510001020;0
32;16;10;5;1;71;1510001114;71;255;1510001124;0
32;16;10;5;1;71;1510001830;71;255;1510001839;0
32;16;10;5;1;71;1510001888;71;255;1510001897;0
32;16;10;5;1;71;1510001952;71;255;1510001961;0
32;16;10;5;1;71;1510002054;71;255;1510002063;0
32;16;10;5;1;71;1510002771;71;255;1510002780;0
32;16;10;5;1;71;1510002832;71;255;1510002841;0
32;16;10;5;1;71;1510002895;71;255;1510002904;0
32;16;10;5;1;71;1510002994;71;255;1510003003;0
32;16;10;5;1;71;1510003713;71;255;1510003722;0
32;16;10;5;1;71;1510003772;71;255;1510003781;0
32;16;10;5;1;71;1510003837;71;255;1510003846;0
32;16;10;5;1;71;1510003938;71;255;1510003947;0
32;16;10;5;1;71;1510004653;71;255;1510004662;0
32;16;10;5;1;71;1510004712;71;255;1510004721;1
32;16;10;5;1;71;1510004781;71;255;1510004790;0
32;16;10;5;1;71;1510004880;71;255;1510004889;0
32;16;10;5;1;71;1510005595;71;255;1510005604;0
32;16;10;5;1;71;1510005654;71;255;1510005663;1
32;16;10;5;1;71;1510005722;71;255;1510005732;0
32;16;10;5;1;71;1510005820;71;255;1510005829;0
32;16;10;5;1;71;1510006534;71;255;1510006543;0
32;16;10;5;1;71;1510006593;71;255;1510006602;0
32;16;10;5;1;71;1510006668;71;255;1510006677;0
32;16;10;5;1;71;1510006761;71;255;1510006770;0
32;16;10;5;1;71;1510007474;71;255;1510007483;0
32;16;10;5;1;71;1510007533;71;255;1510007542;0
32;16;10;5;1;71;1510007612;71;255;1510007621;0
32;16;10;5;1;71;1510007701;71;255;1510007711;0
32;16;10;5;1;71;1510008415;71;255;1510008424;0
32;16;10;5;1;71;1510008473;71;255;1510008482;0
32;16;10;5;1;71;1510008552;71;255;1510008561;0
32;16;10;5;1;71;1510008645;71;255;1510008654;0
32;16;10;5;1;71;1510009358;71;255;1510009367;0
32;16;10;5;1;71;1510009415;71;255;1510009424;0
32;16;10;5;1;71;1510009494;71;255;1510009503;0
32;16;10;5;1;71;1510009587;71;255;1510009596;0
32;16;10;5;1;71;1510010299;71;255;1510010308;0
32;16;10;5;1;71;1510010355;71;255;1510010364;0
32;16;10;5;1;71;1510010435;71;255;1510010444;0
32;16;10;5;1;71;1510010530;71;255;1510010540;0
32;16;10;5;1;71;1510011238;71;255;1510011247;0
32;16;10;5;1;71;1510011299;71;255;1510011308;0
32;16;10;5;1;71;1510011377;71;255;1510011386;0
32;16;10;5;1;71;1510011472;71;255;1510011481;0
32;16;10;5;1;71;1510012178;71;255;1510012188;0
32;16;10;5;1;71;1510012243;71;255;1510012252;0
32;16;10;5;1;71;1510012318;71;255;1510012327;0
32;16;10;5;1;71;1510012411;71;255;1510012420;0
32;16;10;5;1;71;1510013121;71;255;1510013130;0
32;16;10;5;1;71;1510013185;71;255;1510013194;0
32;16;10;5;1;71;1510013259;71;255;1510013268;0
32;16;10;5;1;71;1510013354;71;255;1510013363;0
32;16;10;5;1;71;1510014063;71;255;1510014072;0
32;16;10;5;1;71;1510014127;71;255;1510014136;0
32;16;10;5;1;71;1510014199;71;255;1510014208;0
32;16;10;5;1;71;1510014296;71;255;1510014305;0
32;16;10;5;1;71;1510015005;71;255;1510015014;0
32;16;10;5;1;71;1510015068;71;255;1510015077;0
32;16;10;5;1;71;1510015140;71;255;1510015149;0
32;16;10;5;1;71;1510015237;71;255;1510015247;0
32;16;10;5;1;71;1510015946;71;255;1510015956;0
32;16;10;5;1;71;1510016009;71;255;1510016018;0
32;16;10;5;1;71;1510016082;71;255;1510016091;0
32;16;10;5;1;71;1510016178;71;255;1510016187;0
32;16;10;5;1;71;1510016887;71;255;1510016896;0
32;16;10;5;1;71;1510016952;71;255;1510016961;0
32;16;10;5;1;71;1510017022;71;255;1510017031;0
32;16;10;5;1;71;1510017119;71;255;1510017128;0
32;16;10;5;1;71;1510017828;71;255;1510017837;0
32;16;10;5;1;71;1510017895;71;255;1510017904;0
32;16;10;5;1;71;1510017964;71;255;1510017973;0
32;16;10;5;1;71;1510018061;71;255;1510018070;0
32;16;10;5;1;71;1510018768;71;255;1510018777;0
32;16;10;5;1;71;1510018838;71;255;1510018847;0
32;16;10;5;1;71;1510018905;71;255;1510018914;0
32;16;10;5;1;71;1510019003;71;255;1510019012;0
32;16;10;5;1;71;1510019711;71;255;1510019720;0
32;16;10;5;1;71;1510019782;71;255;1510019791;0
32;16;10;5;1;71;1510019845;71;255;1510019854;0
32;16;10;5;1;71;1510019943;71;255;1510019952;0
32;16;10;5;1;71;1510020652;71;255;1510020661;0
32;16;10;5;1;71;1510020725;71;255;1510020734;0
32;16;10;5;1;71;1510020786;71;255;1510020795;0
32;16;10;5;1;71;1510020884;71;255;1510020893;0
32;16;10;5;1;71;1510021591;71;255;1510021600;0
32;16;10;5;1;71;1510021665;71;255;1510021674;1
32;16;10;5;1;71;1510021727;71;255;1510021736;0
32;16;10;5;1;71;1510021826;71;255;1510021835;0
32;16;10;5;1;71;1510022532;71;255;1510022541;0
32;16;10;5;1;71;1510022606;71;255;1510022615;0
32;16;10;5;1;71;1510022670;71;255;1510022679;0
32;16;10;5;1;71;1510022767;71;255;1510022776;0
32;16;10;5;1;71;1510023474;71;255;1510023483;0
32;16;10;5;1;71;1510023547;71;255;1510023556;0
32;16;10;5;1;71;1510023614;71;255;1510023623;0
32;16;10;5;1;71;1510023707;71;255;1510023716;0
32;16;10;5;1;71;1510024416;71;255;1510024426;0
32;16;10;5;1;71;1510024487;71;255;1510024498;0
32;16;10;5;1;71;1510024555;71;255;1510024564;0
32;16;10;5;1;71;1510024649;71;255;1510024658;0
32;16;10;5;1;71;1510025361;71;255;1510025370;0
32;16;10;5;1;71;1510025428;71;255;1510025437;1
32;16;10;5;1;71;1510025497;71;255;1510025506;1
32;16;10;5;1;71;1510025588;71;255;1510025597;0
32;16;10;5;1;71;1510026303;71;255;1510026312;0
32;16;10;5;1;71;1510026368;71;255;1510026378;0
32;16;10;5;1;71;1510026438;71;255;1510026448;0
32;16;10;5;1;71;1510026530;71;255;1510026539;0
32;16;10;5;1;71;1510027244;71;255;1510027253;0
32;16;10;5;1;71;1510027309;71;255;1510027318;0
32;16;10;5;1;71;1510027382;71;255;1510027391;0
32;16;10;5;1;71;1510027471;71;255;1510027480;0
32;16;10;5;1;71;1510028186;71;255;1510028195;0
32;16;10;5;1;71;1510028252;71;255;1510028261;0
32;16;10;5;1;71;1510028322;71;255;1510028331;0
32;16;10;5;1;71;1510028410;71;255;1510028419;0
32;16;10;5;1;71;1510029127;71;255;1510029136;0
32;16;10;5;1;71;1510029194;71;255;1510029203;0
32;16;10;5;1;71;1510029264;71;255;1510029273;0
32;16;10;5;1;71;1510029351;71;255;1510029360;0
32;16;10;5;1;71;1510030068;71;255;1510030077;0
32;16;10;5;1;71;1510030137;71;255;1510030146;0
32;16;10;5;1;71;1510030207;71;255;1510030216;0
32;16;10;5;1;71;1510030290;71;255;1510030299;0
32;16;10;5;1;71;1510031011;71;255;1510031021;0
32;16;10;5;1;71;1510031077;71;255;1510031087;0
32;16;10;5;1;71;1510031151;71;255;1510031160;0
32;16;10;5;1;71;1510031232;71;255;1510031242;0
32;16;10;5;1;71;1510031951;71;255;1510031960;0
32;16;10;5;1;71;1510032018;71;255;1510032027;0
32;16;10;5;1;71;1510032095;71;255;1510032104;0
32;16;10;5;1;71;1510032175;71;255;1510032184;0
32;16;10;5;1;71;1510032892;71;255;1510032901;0
32;16;10;5;1;71;1510032959;71;255;1510032968;0
32;16;10;5;1;71;1510033037;71;255;1510033046;0
32;16;10;5;1;71;1510033115;71;255;1510033124;0
32;16;10;5;1;71;1510033836;71;255;1510033845;0
32;16;10;5;1;71;1510033900;71;255;1510033909;0
32;16;10;5;1;71;1510033977;71;255;1510033987;0
32;16;10;5;1;71;1510034056;71;255;1510034065;0
32;16;10;5;1;71;1510034777;71;255;1510034786;0
32;16;10;5;1;71;1510034842;71;255;1510034851;0
32;16;10;5;1;71;1510034918;71;255;1510034927;0
32;16;10;5;1;71;1510034998;71;255;1510035007;0
32;16;10;5;1;71;1510035719;71;255;1510035728;0
32;16;10;5;1;71;1510035784;71;255;1510035793;0
32;16;10;5;1;71;1510035860;71;255;1510035869;0
32;16;10;5;1;71;1510035937;71;255;1510035946;0
32;16;10;5;1;71;1510036660;71;255;1510036669;0
32;16;10;5;1;71;1510036727;71;255;1510036737;0
32;16;10;5;1;71;1510036800;71;255;1510036810;0
32;16;10;5;1;71;1510036877;71;255;1510036886;0
32;16;10;5;1;71;1510037603;71;255;1510037612;0
32;16;10;5;1;71;1510037669;71;255;1510037678;0
32;16;10;5;1;71;1510037741;71;255;1510037750;0
32;16;10;5;1;71;1510037817;71;255;1510037827;0
32;16;10;5;1;71;1510038543;71;255;1510038554;0
32;16;10;5;1;71;1510038611;71;255;1510038620;0
32;16;10;5;1;71;1510038681;71;255;1510038690;0
32;16;10;5;1;71;1510038759;71;255;1510038768;0
32;16;10;5;1;71;1510039485;71;255;1510039494;0
32;16;10;5;1;71;1510039552;71;255;1510039561;0
32;16;10;5;1;71;1510039625;71;255;1510039634;0
32;16;10;5;1;71;1510039700;71;255;1510039709;0
32;16;10;5;1;71;1510040426;71;255;1510040435;0
32;16;10;5;1;71;1510040493;71;255;1510040502;0
32;16;10;5;1;71;1510040567;71;255;1510040576;0
32;16;10;5;1;71;1510040640;71;255;1510040650;0
32;16;10;5;1;71;1510041367;71;255;1510041376;0
32;16;10;5;1;71;1510041436;71;255;1510041445;0
32;16;10;5;1;71;1510041510;71;255;1510041519;0
32;16;10;5;1;71;1510041581;71;255;1510041590;0
32;16;10;5;1;71;1510042310;71;255;1510042319;0
32;16;10;5;1;71;1510042376;71;255;1510042385;0
32;16;10;5;1;71;1510042453;71;255;1510042462;0
32;16;10;5;1;71;1510042523;71;255;1510042532;0
32;16;10;5;1;71;1510043250;71;255;1510043259;0
32;16;10;5;1;71;1510043320;71;255;1510043329;0
32;16;10;5;1;71;1510043393;71;255;1510043402;0
32;16;10;5;1;71;1510043466;71;255;1510043475;0
32;16;10;5;1;71;1510044190;71;255;1510044199;0
32;16;10;5;1;71;1510044263;71;255;1510044273;0
32;16;10;5;1;71;1510044334;71;255;1510044343;0
32;16;10;5;1;71;1510044407;71;255;1510044416;0
32;16;10;5;1;71;1510045166;71;255;1510045176;0
32;16;10;5;1;71;1510045239;71;255;1510045249;0
32;16;10;5;1;71;1510045318;71;255;1510045329;0
32;16;10;5;1;71;1510045401;71;255;1510045410;0
32;16;10;5;1;71;1510046180;71;255;1510046190;0
32;16;10;5;1;71;1510046265;71;255;1510046276;0
32;16;10;5;1;71;1510046343;71;255;1510046353;0
32;16;10;5;1;71;1510046408;71;255;1510046418;0
32;16;10;5;1;71;1510047158;71;255;1510047168;0
32;16;10;5;1;71;1510047173;71;255;1510047183;0
32;16;10;5;1;71;1510047179;71;255;1510047189;0
32;16;10;5;1;71;1510047180;71;255;1510047189;0
32;16;10;5;1;71;1510048141;71;255;1510048150;0
32;16;10;5;1;71;1510048156;71;255;1510048165;0
32;16;10;5;1;71;1510048159;71;255;1510048168;0
32;16;10;5;1;71;1510048166;71;255;1510048175;0
32;16;10;5;1;71;1510049102;71;255;1510049112;0
32;16;10;5;1;71;1510049112;71;255;1510049122;0
32;16;10;5;1;71;1510049117;71;255;1510049126;0
32;16;10;5;1;71;1510049133;71;255;1510049143;0
32;16;10;5;1;71;1510050136;71;255;1510050145;0
32;16;10;5;1;71;1510050142;71;255;1510050151;0
32;16;10;5;1;71;1510050158;71;255;1510050168;0
32;16;10;5;1;71;1510051095;71;255;1510051104;0
32;16;10;5;1;71;1510051099;71;255;1510051109;0
32;16;10;5;1;71;1510051116;71;255;1510051126;0
32;16;10;5;1;71;1510052051;71;255;1510052060;0
32;16;10;5;1;71;1510052057;71;255;1510052066;0
32;16;10;5;1;71;1510052075;71;255;1510052084;0
32;16;10;5;1;71;1510053007;71;255;1510053016;0
32;16;10;5;1;71;1510053014;71;255;1510053023;1
32;16;10;5;1;71;1510053032;71;255;1510053041;0
32;16;10;5;1;71;1510053966;71;255;1510053975;0
32;16;10;5;1;71;1510053973;71;255;1510053982;0
32;16;10;5;1;71;1510053991;71;255;1510054000;0
32;16;10;5;1;71;1510054924;71;255;1510054933;0
32;16;10;5;1;71;1510054934;71;255;1510054943;0
32;16;10;5;1;71;1510054952;71;255;1510054962;0
32;16;10;5;1;71;1510055897;71;255;1510055906;0
32;16;10;5;1;71;1510055907;71;255;1510055917;0
32;16;10;5;1;71;1510055928;71;255;1510055937;0
32;16;10;5;1;71;1510056847;71;255;1510056857;0
32;16;10;5;1;71;1510056869;71;255;1510056880;0
32;16;10;5;1;71;1510056898;71;255;1510056908;0
32;16;10;5;1;71;1510057797;71;255;1510057806;1
32;16;10;5;1;71;1510057818;71;255;1510057827;0
32;16;10;5;1;71;1510057846;71;255;1510057855;0
32;16;10;5;1;71;1510058737;71;255;1510058746;0
32;16;10;5;1;71;1510058759;71;255;1510058768;0
32;16;10;5;1;71;1510058785;71;255;1510058795;0
32;16;10;5;1;71;1510059678;71;255;1510059687;0
32;16;10;5;1;71;1510059699;71;255;1510059708;0
32;16;10;5;1;71;1510059727;71;255;1510059736;0
32;16;10;5;1;71;1510060632;71;255;1510060642;0
32;16;10;5;1;71;1510060653;71;255;1510060662;0
32;16;10;5;1;71;1510060684;71;255;1510060694;0
32;16;10;5;1;71;1510061598;71;255;1510061608;0
32;16;10;5;1;71;1510061612;71;255;1510061622;0
32;16;10;5;1;71;1510061650;71;255;1510061660;0
32;16;10;5;1;71;1510062591;71;255;1510062600;0
32;16;10;5;1;71;1510062596;71;255;1510062605;0
32;16;10;5;1;71;1510062639;71;255;1510062648;0
32;16;10;5;1;71;1510063546;71;255;1510063555;0
32;16;10;5;1;71;1510063548;71;255;1510063558;0
32;16;10;5;1;71;1510063594;71;255;1510063603;0
32;16;10;5;1;71;1510064507;71;255;1510064517;0
32;16;10;5;1;71;1510064509;71;255;1510064519;0
32;16;10;5;1;71;1510064558;71;255;1510064568;0
32;16;10;5;1;71;1510065472;71;255;1510065482;0
32;16;10;5;1;71;1510065474;71;255;1510065483;0
32;16;10;5;1;71;1510065523;71;255;1510065532;0
32;16;10;5;1;71;1510066432;71;255;1510066441;0
32;16;10;5;1;71;1510066432;71;255;1510066442;0
32;16;10;5;1;71;1510066485;71;255;1510066494;0
32;16;10;5;1;71;1510067394;71;255;1510067404;0
32;16;10;5;1;71;1510067397;71;255;1510067406;0
32;16;10;5;1;71;1510067450;71;255;1510067459;0
32;16;10;5;1;71;1510068349;71;255;1510068358;0
32;16;10;5;1;71;1510068351;71;255;1510068360;1
32;16;10;5;1;71;1510068404;71;255;1510068413;0
32;16;10;5;1;71;1510069301;71;255;1510069310;0
32;16;10;5;1;71;1510069307;71;255;1510069317;0
32;16;10;5;1;71;1510069358;71;255;1510069367;0
32;16;10;5;1;71;1510070265;71;255;1510070274;0
32;16;10;5;1;71;1510070281;71;255;1510070290;0
32;16;10;5;1;71;1510070327;71;255;1510070336;0
32;16;10;5;1;71;1510071230;71;255;1510071239;0
32;16;10;5;1;71;1510071240;71;255;1510071249;0
32;16;10;5;1;71;1510071289;71;255;1510071298;0
32;16;10;5;1;71;1510072201;71;255;1510072210;0
32;16;10;5;1;71;1510072207;71;255;1510072216;0
32;16;10;5;1;71;1510072247;71;255;1510072257;0
32;16;10;5;1;71;1510073145;71;255;1510073155;0
32;16;10;5;1;71;1510073151;71;255;1510073161;0
32;16;10;5;1;71;1510073192;71;255;1510073201;0
32;16;10;5;1;71;1510074089;71;255;1510074098;0
32;16;10;5;1;71;1510074095;71;255;1510074104;0
32;16;10;5;1;71;1510074136;71;255;1510074145;0
32;16;10;5;1;71;1510075032;71;255;1510075041;0
32;16;10;5;1;71;1510075038;71;255;1510075047;0
32;16;10;5;1;71;1510075079;71;255;1510075088;0
32;16;10;5;1;71;1510075842;71;255;1510075852;0
32;16;10;5;1;71;1510076012;71;255;1510076021;0
32;16;10;5;1;71;1510076021;71;255;1510076030;0
32;16;10;5;1;71;1510076059;71;255;1510076068;0
32;16;10;5;1;71;1510076785;71;255;1510076794;0
32;16;10;5;1;71;1510076955;71;255;1510076964;0
32;16;10;5;1;71;1510076960;71;255;1510076970;0
32;16;10;5;1;71;1510077001;71;255;1510077010;0
32;16;10;5;1;71;1510077724;71;255;1510077733;0
32;16;10;5;1;71;1510077894;71;255;1510077903;0
32;16;10;5;1;71;1510077901;71;255;1510077911;0
32;16;10;5;1;71;1510077941;71;255;1510077951;0
32;16;10;5;1;71;1510078662;71;255;1510078672;0
32;16;10;5;1;71;1510078834;71;255;1510078843;0
32;16;10;5;1;71;1510078841;71;255;1510078850;1
32;16;10;5;1;71;1510078881;71;255;1510078890;0
32;16;10;5;1;71;1510079603;71;255;1510079612;0
32;16;10;5;1;71;1510079772;71;255;1510079781;0
32;16;10;5;1;71;1510079781;71;255;1510079790;0
32;16;10;5;1;71;1510079821;71;255;1510079830;0
32;16;10;5;1;71;1510080543;71;255;1510080552;0
32;16;10;5;1;71;1510080713;71;255;1510080722;0
32;16;10;5;1;71;1510080719;71;255;1510080728;0
32;16;10;5;1;71;1510080763;71;255;1510080772;0
32;16;10;5;1;71;1510081484;71;255;1510081493;0
32;16;10;5;1;71;1510081652;71;255;1510081661;0
32;16;10;5;1;71;1510081658;71;255;1510081667;0
32;16;10;5;1;71;1510081703;71;255;1510081713;0
32;16;10;5;1;71;1510082422;71;255;1510082431;0
32;16;10;5;1;71;1510082592;71;255;1510082601;0
32;16;10;5;1;71;1510082598;71;255;1510082607;0
32;16;10;5;1;71;1510082643;71;255;1510082652;0
32;16;10;5;1;71;1510083361;71;255;1510083370;0
32;16;10;5;1;71;1510083532;71;255;1510083541;0
32;16;10;5;1;71;1510083541;71;255;1510083551;0
32;16;10;5;1;71;1510083583;71;255;1510083592;1
32;16;10;5;1;71;1510084300;71;255;1510084309;0
32;16;10;5;1;71;1510084470;71;255;1510084479;0
32;16;10;5;1;71;1510084483;71;255;1510084492;0
32;16;10;5;1;71;1510084523;71;255;1510084532;0
32;16;10;5;1;71;1510085239;71;255;1510085248;0
32;16;10;5;1;71;1510085411;71;255;1510085421;0
32;16;10;5;1;71;1510085424;71;255;1510085433;0
32;16;10;5;1;71;1510085462;71;255;1510085472;0
32;16;10;5;1;71;1510086178;71;255;1510086187;0
32;16;10;5;1;71;1510086353;71;255;1510086362;0
32;16;10;5;1;71;1510086366;71;255;1510086375;0
32;16;10;5;1;71;1510086402;71;255;1510086411;0
32;16;10;5;1;71;1510087118;71;255;1510087127;1
32;16;10;5;1;71;1510087293;71;255;1510087303;0
32;16;10;5;1;71;1510087306;71;255;1510087315;0
32;16;10;5;1;71;1510087342;71;255;1510087351;0
32;16;10;5;1;71;1510088058;71;255;1510088067;0
32;16;10;5;1;71;1510088234;71;255;1510088243;0
32;16;10;5;1;71;1510088246;71;255;1510088255;0
32;16;10;5;1;71;1510088281;71;255;1510088290;0
32;16;10;5;1;71;1510088998;71;255;1510089007;0
32;16;10;5;1;71;1510089174;71;255;1510089183;0
32;16;10;5;1;71;1510089186;71;255;1510089195;0
32;16;10;5;1;71;1510089220;71;255;1510089229;0
32;16;10;5;1;71;1510089936;71;255;1510089945;0
32;16;10;5;1;71;1510090113;71;255;1510090122;0
32;16;10;5;1;71;1510090126;71;255;1510090135;0
32;16;10;5;1;71;1510090163;71;255;1510090173;0
32;16;10;5;1;71;1510090876;71;255;1510090885;0
32;16;10;5;1;71;1510091053;71;255;1510091062;0
32;16;10;5;1;71;1510091067;71;255;1510091076;1
32;16;10;5;1;71;1510091105;71;255;1510091115;0
32;16;10;5;1;71;1510091815;71;255;1510091824;0
32;16;10;5;1;71;1510091993;71;255;1510092002;0
32;16;10;5;1;71;1510092008;71;255;1510092017;0
32;16;10;5;1;71;1510092046;71;255;1510092055;0
32;16;10;5;1;71;1510092754;71;255;1510092763;1
32;16;10;5;1;71;1510092933;71;255;1510092942;0
32;16;10;5;1;71;1510092947;71;255;1510092956;0
32;16;10;5;1;71;1510092986;71;255;1510092995;0
32;16;10;5;1;71;1510093693;71;255;1510093703;0
32;16;10;5;1;71;1510093872;71;255;1510093881;0
32;16;10;5;1;71;1510093888;71;255;1510093897;0
32;16;10;5;1;71;1510093928;71;255;1510093937;0
32;16;10;5;1;71;1510094634;71;255;1510094643;1
32;16;10;5;1;71;1510094811;71;255;1510094820;0
32;16;10;5;1;71;1510094827;71;255;1510094836;0
32;16;10;5;1;71;1510094869;71;255;1510094878;0
32;16;10;5;1;71;1510095577;71;255;1510095586;0
32;16;10;5;1;71;1510095751;71;255;1510095761;0
32;16;10;5;1;71;1510095765;71;255;1510095774;0
32;16;10;5;1;71;1510095809;71;255;1510095818;0
32;16;10;5;1;71;1510096519;71;255;1510096528;0
32;16;10;5;1;71;1510096689;71;255;1510096698;0
32;16;10;5;1;71;1510096705;71;255;1510096714;0
32;16;10;5;1;71;1510096749;71;255;1510096758;0
32;16;10;5;1;71;1510097459;71;255;1510097468;0
32;16;10;5;1;71;1510097630;71;255;1510097640;0
32;16;10;5;1;71;1510097643;71;255;1510097652;0
32;16;10;5;1;71;1510097691;71;255;1510097700;0
32;16;10;5;1;71;1510098399;71;255;1510098408;0
32;16;10;5;1;71;1510098572;71;255;1510098581;0
32;16;10;5;1;71;1510098582;71;255;1510098591;0
32;16;10;5;1;71;1510098630;71;255;1510098639;0
32;16;10;5;1;71;1510099339;71;255;1510099348;0
32;16;10;5;1;71;1510099513;71;255;1510099522;0
32;16;10;5;1;71;1510099520;71;255;1510099529;0
32;16;10;5;1;71;1510099571;71;255;1510099580;0
32;16;10;5;1;71;1510100280;71;255;1510100289;0
32;16;10;5;1;71;1510100454;71;255;1510100463;0
32;16;10;5;1;71;1510100458;71;255;1510100468;0
32;16;10;5;1;71;1510100511;71;255;1510100520;0
32;16;10;5;1;71;1510101220;71;255;1510101229;0
32;16;10;5;1;71;1510101393;71;255;1510101402;0
32;16;10;5;1;71;1510101400;71;255;1510101409;0
32;16;10;5;1;71;1510101450;71;255;1510101459;0
32;16;10;5;1;71;1510102160;71;255;1510102169;0
32;16;10;5;1;71;1510102331;71;255;1510102340;0
32;16;10;5;1;71;1510102340;71;255;1510102349;0
32;16;10;5;1;71;1510102392;71;255;1510102402;0
32;16;10;5;1;71;1510103098;71;255;1510103107;0
32;16;10;5;1;71;1510103271;71;255;1510103280;0
32;16;10;5;1;71;1510103280;71;255;1510103289;0
32;16;10;5;1;71;1510103334;71;255;1510103343;0
32;16;10;5;1;71;1510104037;71;255;1510104046;1
32;16;10;5;1;71;1510104210;71;255;1510104219;0
32;16;10;5;1;71;1510104221;71;255;1510104230;0
32;16;10;5;1;71;1510104274;71;255;1510104283;0
32;16;10;5;1;71;1510104975;71;255;1510104985;0
32;16;10;5;1;71;1510105149;71;255;1510105158;0
32;16;10;5;1;71;1510105162;71;255;1510105171;0
32;16;10;5;1;71;1510105213;71;255;1510105222;0
32;16;10;5;1;71;1510105918;71;255;1510105927;0
32;16;10;5;1;71;1510106088;71;255;1510106098;1
32;16;10;5;1;71;1510106101;71;255;1510106110;0
32;16;10;5;1;71;1510106153;71;255;1510106162;0
32;16;10;5;1;71;1510106856;71;255;1510106865;0
32;16;10;5;1;71;1510107032;71;255;1510107042;0
32;16;10;5;1;71;1510107041;71;255;1510107050;0
32;16;10;5;1;71;1510107093;71;255;1510107102;0
32;16;10;5;1;71;1510107795;71;255;1510107804;0
32;16;10;5;1;71;1510107974;71;255;1510107983;0
32;16;10;5;1;71;1510107980;71;255;1510107989;0
32;16;10;5;1;71;1510108034;71;255;1510108043;0
32;16;10;5;1;71;1510108734;71;255;1510108744;0
32;16;10;5;1;71;1510108914;71;255;1510108923;0
32;16;10;5;1;71;1510108919;71;255;1510108928;0
32;16;10;5;1;71;1510108975;71;255;1510108984;0
32;16;10;5;1;71;1510109673;71;255;1510109682;0
32;16;10;5;1;71;1510109855;71;255;1510109864;0
32;16;10;5;1;71;1510109861;71;255;1510109871;0
32;16;10;5;1;71;1510109915;71;255;1510109925;0
32;16;10;5;1;71;1510110613;71;255;1510110623;0
32;16;10;5;1;71;1510110795;71;255;1510110804;0
32;16;10;5;1;71;1510110802;71;255;1510110811;0
32;16;10;5;1;71;1510110856;71;255;1510110865;0
32;16;10;5;1;71;1510111553;71;255;1510111563;0
32;16;10;5;1;71;1510111735;71;255;1510111744;0
32;16;10;5;1;71;1510111742;71;255;1510111752;0
32;16;10;5;1;71;1510111794;71;255;1510111803;0
32;16;10;5;1;71;1510112491;71;255;1510112500;0
32;16;10;5;1;71;1510112678;71;255;1510112687;1
32;16;10;5;1;71;1510112682;71;255;1510112691;0
32;16;10;5;1;71;1510112734;71;255;1510112744;0
32;16;10;5;1;71;1510113429;71;255;1510113438;0
32;16;10;5;1;71;1510113620;71;255;1510113629;0
32;16;10;5;1;71;1510113622;71;255;1510113631;0
32;16;10;5;1;71;1510113674;71;255;1510113683;0
32;16;10;5;1;71;1510114367;71;255;1510114376;0
32;16;10;5;1;71;1510114560;71;255;1510114569;0
32;16;10;5;1;71;1510114563;71;255;1510114572;0
32;16;10;5;1;71;1510114614;71;255;1510114623;0
32;16;10;5;1;71;1510115307;71;255;1510115316;0
32;16;10;5;1;71;1510115500;71;255;1510115509;0
32;16;10;5;1;71;1510115503;71;255;1510115512;0
32;16;10;5;1;71;1510115553;71;255;1510115562;0
32;16;10;5;1;71;1510116249;71;255;1510116258;0
32;16;10;5;1;71;1510116439;71;255;1510116448;0
32;16;10;5;1;71;1510116442;71;255;1510116451;0
32;16;10;5;1;71;1510116493;71;255;1510116502;0
32;16;10;5;1;71;1510117190;71;255;1510117199;0
32;16;10;5;1;71;1510117379;71;255;1510117388;0
32;16;10;5;1;71;1510117383;71;255;1510117392;0
32;16;10;5;1;71;1510117431;71;255;1510117440;0
32;16;10;5;1;71;1510118129;71;255;1510118138;0
32;16;10;5;1;71;1510118319;71;255;1510118328;0
32;16;10;5;1;71;1510118326;71;255;1510118335;0
32;16;10;5;1;71;1510118372;71;255;1510118381;0
32;16;10;5;1;71;1510119073;71;255;1510119082;0
32;16;10;5;1;71;1510119258;71;255;1510119267;0
32;16;10;5;1;71;1510119265;71;255;1510119275;0
32;16;10;5;1;71;1510119310;71;255;1510119320;0
32;16;10;5;1;71;1510120016;71;255;1510120026;0
32;16;10;5;1;71;1510120196;71;255;1510120205;0
32;16;10;5;1;71;1510120204;71;255;1510120213;0
32;16;10;5;1;71;1510120249;71;255;1510120259;0
32;16;10;5;1;71;1510120957;71;255;1510120966;1
32;16;10;5;1;71;1510121136;71;255;1510121146;0
32;16;10;5;1;71;1510121145;71;255;1510121154;0
32;16;10;5;1;71;1510121188;71;255;1510121198;0
32;16;10;5;1;71;1510121897;71;255;1510121906;0
32;16;10;5;1;71;1510122076;71;255;1510122086;0
32;16;10;5;1;71;1510122085;71;255;1510122094;0
32;16;10;5;1;71;1510122128;71;255;1510122137;0
32;16;10;5;1;71;1510122838;71;255;1510122847;0
32;16;10;5;1;71;1510123015;71;255;1510123025;0
32;16;10;5;1;71;1510123024;71;255;1510123033;0
32;16;10;5;1;71;1510123070;71;255;1510123079;0
32;16;10;5;1;71;1510123779;71;255;1510123788;0
32;16;10;5;1;71;1510123956;71;255;1510123965;0
32;16;10;5;1;71;1510123966;71;255;1510123975;0
32;16;10;5;1;71;1510124011;71;255;1510124020;0
32;16;10;5;1;71;1510124719;71;255;1510124728;0
32;16;10;5;1;71;1510124895;71;255;1510124904;0
32;16;10;5;1;71;1510124907;71;255;1510124916;0
32;16;10;5;1;71;1510124950;71;255;1510124960;0
32;16;10;5;1;71;1510125658;71;255;1510125667;0
32;16;10;5;1;71;1510125836;71;255;1510125845;0
32;16;10;5;1;71;1510125846;71;255;1510125855;0
32;16;10;5;1;71;1510125891;71;255;1510125900;0
32;16;10;5;1;71;1510126597;71;255;1510126606;0
32;16;10;5;1;71;1510126775;71;255;1510126785;0
32;16;10;5;1;71;1510126785;71;255;1510126795;0
32;16;10;5;1;71;1510126832;71;255;1510126841;0
32;16;10;5;1;71;1510127538;71;255;1510127547;0
32;16;10;5;1;71;1510127713;71;255;1510127722;0
32;16;10;5;1;71;1510127724;71;255;1510127733;0
32;16;10;5;1;71;1510127774;71;255;1510127783;0
32;16;10;5;1;71;1510128476;71;255;1510128485;1
32;16;10;5;1;71;1510128654;71;255;1510128663;0
32;16;10;5;1;71;1510128663;71;255;1510128673;0
32;16;10;5;1;71;1510128713;71;255;1510128723;0
32;16;10;5;1;71;1510129415;71;255;1510129425;0
32;16;10;5;1;71;1510129596;71;255;1510129605;0
32;16;10;5;1;71;1510129605;71;255;1510129614;0
32;16;10;5;1;71;1510129651;71;255;1510129661;0
32;16;10;5;1;71;1510130402;71;255;1510130411;0
32;16;10;5;1;71;1510130601;71;255;1510130610;0
32;16;10;5;1;71;1510130601;71;255;1510130611;0
32;16;10;5;1;71;1510130650;71;255;1510130660;0
32;16;10;5;1;71;1510131404;71;255;1510131414;0
32;16;10;5;1;71;1510131598;71;255;1510131607;0
32;16;10;5;1;71;1510131609;71;255;1510131618;0
32;16;10;5;1;71;1510131656;71;255;1510131667;0
32;16;10;5;1;71;1510132379;71;255;1510132388;0
32;16;10;5;1;71;1510132563;71;255;1510132572;0
32;16;10;5;1;71;1510132585;71;255;1510132594;0
32;16;10;5;1;71;1510132625;71;255;1510132634;0
32;16;10;5;1;71;1510133381;71;255;1510133392;0
32;16;10;5;1;71;1510133558;71;255;1510133568;0
32;16;10;5;1;71;1510133587;71;255;1510133596;0
32;16;10;5;1;71;1510133636;71;255;1510133645;0
32;16;10;5;1;71;1510134391;71;255;1510134400;0
32;16;10;5;1;71;1510134552;71;255;1510134561;0
32;16;10;5;1;71;1510134585;71;255;1510134594;0
32;16;10;5;1;71;1510134621;71;255;1510134630;0
32;16;10;5;1;71;1510135392;71;255;1510135401;0
32;16;10;5;1;71;1510135557;71;255;1510135566;0
32;16;10;5;1;71;1510135589;71;255;1510135598;0
32;16;10;5;1;71;1510135620;71;255;1510135629;0
32;16;10;5;1;71;1510136385;71;255;1510136395;0
32;16;10;5;1;71;1510136544;71;255;1510136554;0
32;16;10;5;1;71;1510136581;71;255;1510136590;0
32;16;10;5;1;71;1510136612;71;255;1510136622;0
32;16;10;5;1;71;1510137384;71;255;1510137393;0
32;16;10;5;1;71;1510137558;71;255;1510137567;0
32;16;10;5;1;71;1510137569;71;255;1510137578;1
32;16;10;5;1;71;1510137610;71;255;1510137620;0
32;16;10;5;1;71;1510138392;71;255;1510138401;0
32;16;10;5;1;71;1510138570;71;255;1510138580;0
32;16;10;5;1;71;1510138571;71;255;1510138582;0
32;16;10;5;1;71;1510138639;71;255;1510138648;0
32;16;10;5;1;71;1510139383;71;255;1510139393;0
32;16;10;5;1;71;1510139556;71;255;1510139566;0
32;16;10;5;1;71;1510139590;71;255;1510139600;0
32;16;10;5;1;71;1510139617;71;255;1510139626;0
32;16;10;5;1;71;1510140361;71;255;1510140371;0
32;16;10;5;1;71;1510140519;71;255;1510140528;0
32;16;10;5;1;71;1510140592;71;255;1510140601;0
32;16;10;5;1;71;1510140604;71;255;1510140614;0
32;16;10;5;1;71;1510141355;71;255;1510141364;0
32;16;10;5;1;71;1510141498;71;255;1510141507;0
32;16;10;5;1;71;1510141563;71;255;1510141573;0
32;16;10;5;1;71;1510141588;71;255;1510141598;1
32;16;10;5;1;71;1510142339;71;255;1510142349;0
32;16;10;5;1;71;1510142527;71;255;1510142538;0
32;16;10;5;1;71;1510142562;71;255;1510142572;0
32;16;10;5;1;71;1510142622;71;255;1510142633;0
32;16;10;5;1;71;1510143388;71;255;1510143398;0
32;16;10;5;1;71;1510143566;71;255;1510143576;0
32;16;10;5;1;71;1510143594;71;255;1510143604;0
32;16;10;5;1;71;1510143669;71;255;1510143679;0
32;16;10;5;1;71;1510144363;71;255;1510144372;0
32;16;10;5;1;71;1510144531;71;255;1510144540;0
32;16;10;5;1;71;1510144561;71;255;1510144570;0
32;16;10;5;1;71;1510144638;71;255;1510144647;0
32;16;10;5;1;71;1510145305;71;255;1510145315;0
32;16;10;5;1;71;1510145474;71;255;1510145483;0
32;16;10;5;1;71;1510145504;71;255;1510145514;0
32;16;10;5;1;71;1510145580;71;255;1510145589;0
32;16;10;5;1;71;1510146244;71;255;1510146253;0
32;16;10;5;1;71;1510146417;71;255;1510146426;0
32;16;10;5;1;71;1510146447;71;255;1510146456;0
32;16;10;5;1;71;1510146521;71;255;1510146530;0
32;16;10;5;1;71;1510147203;71;255;1510147213;0
32;16;10;5;1;71;1510147383;71;255;1510147393;0
32;16;10;5;1;71;1510147416;71;255;1510147426;0
32;16;10;5;1;71;1510147493;71;255;1510147502;0
32;16;10;5;1;71;1510148182;71;255;1510148192;0
32;16;10;5;1;71;1510148361;71;255;1510148370;0
32;16;10;5;1;71;1510148382;71;255;1510148392;0
32;16;10;5;1;71;1510148460;71;255;1510148469;0
32;16;10;5;1;71;1510149152;71;255;1510149161;0
32;16;10;5;1;71;1510149325;71;255;1510149334;0
32;16;10;5;1;71;1510149340;71;255;1510149349;0
32;16;10;5;1;71;1510149416;71;255;1510149425;0
32;16;10;5;1;71;1510150094;71;255;1510150103;0
32;16;10;5;1;71;1510150270;71;255;1510150279;0
32;16;10;5;1;71;1510150278;71;255;1510150287;0
32;16;10;5;1;71;1510150359;71;255;1510150368;0
32;16;10;5;1;71;1510151056;71;255;1510151065;0
32;16;10;5;1;71;1510151237;71;255;1510151246;0
32;16;10;5;1;71;1510151247;71;255;1510151256;0
32;16;10;5;1;71;1510151334;71;255;1510151343;0
32;16;10;5;1;71;1510152031;71;255;1510152041;0
32;16;10;5;1;71;1510152214;71;255;1510152224;1
32;16;10;5;1;71;1510152228;71;255;1510152238;0
32;16;10;5;1;71;1510152309;71;255;1510152319;0
32;16;10;5;1;71;1510153017;71;255;1510153027;0
32;16;10;5;1;71;1510153186;71;255;1510153195;0
32;16;10;5;1;71;1510153207;71;255;1510153216;0
32;16;10;5;1;71;1510153279;71;255;1510153288;0
32;16;10;5;1;71;1510153982;71;255;1510153992;0
32;16;10;5;1;71;1510154162;71;255;1510154173;0
32;16;10;5;1;71;1510154187;71;255;1510154198;0
32;16;10;5;1;71;1510154258;71;255;1510154267;0
32;16;10;5;1;71;1510154949;71;255;1510154959;0
32;16;10;5;1;71;1510155121;71;255;1510155131;0
32;16;10;5;1;71;1510155148;71;255;1510155157;0
32;16;10;5;1;71;1510155215;71;255;1510155224;0
32;16;10;5;1;71;1510155920;71;255;1510155929;0
32;16;10;5;1;71;1510156089;71;255;1510156099;0
32;16;10;5;1;71;1510156120;71;255;1510156130;0
32;16;10;5;1;71;1510156188;71;255;1510156198;0
32;16;10;5;1;71;1510156903;71;255;1510156912;0
32;16;10;5;1;71;1510157088;71;255;1510157097;0
32;16;10;5;1;71;1510157110;71;255;1510157120;1
32;16;10;5;1;71;1510157182;71;255;1510157191;0
32;16;10;5;1;71;1510157889;71;255;1510157899;0
32;16;10;5;1;71;1510158065;71;255;1510158074;0
32;16;10;5;1;71;1510158094;71;255;1510158104;0
32;16;10;5;1;71;1510158168;71;255;1510158178;0
32;16;10;5;1;71;1510158850;71;255;1510158859;0
32;16;10;5;1;71;1510159027;71;255;1510159037;0
32;16;10;5;1;71;1510159061;71;255;1510159070;0
32;16;10;5;1;71;1510159125;71;255;1510159134;0
32;16;10;5;1;71;1510159805;71;255;1510159814;0
32;16;10;5;1;71;1510159994;71;255;1510160004;0
32;16;10;5;1;71;1510160024;71;255;1510160033;0
32;16;10;5;1;71;1510160090;71;255;1510160100;0
32;16;10;5;1;71;1510160784;71;255;1510160794;0
32;16;10;5;1;71;1510160961;71;255;1510160971;0
32;16;10;5;1;71;1510160996;71;255;1510161007;0
32;16;10;5;1;71;1510161066;71;255;1510161076;0
32;16;10;5;1;71;1510161768;71;255;1510161777;0
32;16;10;5;1;71;1510161939;71;255;1510161949;0
32;16;10;5;1;71;1510161978;71;255;1510161987;0
32;16;10;5;1;71;1510162036;71;255;1510162045;0
32;16;10;5;1;71;1510162726;71;255;1510162735;0
32;16;10;5;1;71;1510162905;71;255;1510162915;0
32;16;10;5;1;71;1510162948;71;255;1510162958;0
32;16;10;5;1;71;1510162996;71;255;1510163005;1
32;16;10;5;1;71;1510163673;71;255;1510163682;0
32;16;10;5;1;71;1510163854;71;255;1510163863;0
32;16;10;5;1;71;1510163915;71;255;1510163924;0
32;16;10;5;1;71;1510163943;71;255;1510163952;0
32;16;10;5;1;71;1510164614;71;255;1510164623;0
32;16;10;5;1;71;1510164797;71;255;1510164806;0
32;16;10;5;1;71;1510164857;71;255;1510164866;0
32;16;10;5;1;71;1510164889;71;255;1510164898;0
32;16;10;5;1;71;1510165557;71;255;1510165566;0
32;16;10;5;1;71;1510165739;71;255;1510165748;0
32;16;10;5;1;71;1510165801;71;255;1510165810;0
32;16;10;5;1;71;1510165830;71;255;1510165840;0
32;16;10;5;1;71;1510166501;71;255;1510166510;0
32;16;10;5;1;71;1510166682;71;255;1510166691;0
32;16;10;5;1;71;1510166743;71;255;1510166752;0
32;16;10;5;1;71;1510166773;71;255;1510166783;1
32;16;10;5;1;71;1510167443;71;255;1510167452;0
32;16;10;5;1;71;1510167623;71;255;1510167632;0
32;16;10;5;1;71;1510167686;71;255;1510167695;0
32;16;10;5;1;71;1510167719;71;255;1510167728;0
32;16;10;5;1;71;1510168385;71;255;1510168394;0
32;16;10;5;1;71;1510168566;71;255;1510168575;0
32;16;10;5;1;71;1510168628;71;255;1510168637;0
32;16;10;5;1;71;1510168661;71;255;1510168670;0
32;16;10;5;1;71;1510169327;71;255;1510169336;0
32;16;10;5;1;71;1510169509;71;255;1510169518;0
32;16;10;5;1;71;1510169571;71;255;1510169581;0
32;16;10;5;1;71;1510169602;71;255;1510169611;0
32;16;10;5;1;71;1510170270;71;255;1510170279;0
32;16;10;5;1;71;1510170451;71;255;1510170460;0
32;16;10;5;1;71;1510170514;71;255;1510170523;0
32;16;10;5;1;71;1510170545;71;255;1510170554;0
32;16;10;5;1;71;1510171213;71;255;1510171222;0
32;16;10;5;1;71;1510171393;71;255;1510171402;0
32;16;10;5;1;71;1510171459;71;255;1510171468;0
32;16;10;5;1;71;1510171487;71;255;1510171496;0
32;16;10;5;1;71;1510172153;71;255;1510172162;0
32;16;10;5;1;71;1510172335;71;255;1510172345;0
32;16;10;5;1;71;1510172401;71;255;1510172410;0
32;16;10;5;1;71;1510172431;71;255;1510172440;0
32;16;10;5;1;71;1510173096;71;255;1510173105;0
32;16;10;5;1;71;1510173276;71;255;1510173286;0
32;16;10;5;1;71;1510173344;71;255;1510173353;0
32;16;10;5;1;71;1510173374;71;255;1510173384;0
32;16;10;5;1;71;1510174041;71;255;1510174050;0
32;16;10;5;1;71;1510174218;71;255;1510174227;0
32;16;10;5;1;71;1510174287;71;255;1510174297;1
32;16;10;5;1;71;1510174315;71;255;1510174324;0
32;16;10;5;1;71;1510174984;71;255;1510174994;0
32;16;10;5;1;71;1510175161;71;255;1510175170;0
32;16;10;5;1;71;1510175231;71;255;1510175240;0
32;16;10;5;1;71;1510175257;71;255;1510175266;0
32;16;10;5;1;71;1510175928;71;255;1510175937;0
32;16;10;5;1;71;1510176101;71;255;1510176110;0
32;16;10;5;1;71;1510176172;71;255;1510176181;0
32;16;10;5;1;71;1510176197;71;255;1510176207;1
32;16;10;5;1;71;1510176873;71;255;1510176882;0
32;16;10;5;1;71;1510177044;71;255;1510177053;0
32;16;10;5;1;71;1510177114;71;255;1510177123;0
32;16;10;5;1;71;1510177139;71;255;1510177148;0
32;16;10;5;1;71;1510177815;71;255;1510177824;0
32;16;10;5;1;71;1510177986;71;255;1510177996;0
32;16;10;5;1;71;1510178057;71;255;1510178066;0
32;16;10;5;1;71;1510178080;71;255;1510178089;0
32;16;10;5;1;71;1510178758;71;255;1510178767;0
32;16;10;5;1;71;1510178931;71;255;1510178940;0
32;16;10;5;1;71;1510178997;71;255;1510179006;0
32;16;10;5;1;71;1510179022;71;255;1510179031;0
32;16;10;5;1;71;1510179701;71;255;1510179710;0
32;16;10;5;1;71;1510179873;71;255;1510179882;0
32;16;10;5;1;71;1510179937;71;255;1510179946;0
32;16;10;5;1;71;1510179963;71;255;1510179972;0
32;16;10;5;1;71;1510180643;71;255;1510180653;0
32;16;10;5;1;71;1510180815;71;255;1510180824;0
32;16;10;5;1;71;1510180879;71;255;1510180888;0
32;16;10;5;1;71;1510180907;71;255;1510180916;0
32;16;10;5;1;71;1510181588;71;255;1510181597;0
32;16;10;5;1;71;1510181757;71;255;1510181766;0
32;16;10;5;1;71;1510181822;71;255;1510181831;0
32;16;10;5;1;71;1510181849;71;255;1510181858;0
32;16;10;5;1;71;1510182532;71;255;1510182541;0
32;16;10;5;1;71;1510182699;71;255;1510182709;0
32;16;10;5;1;71;1510182764;71;255;1510182774;0
32;16;10;5;1;71;1510182791;71;255;1510182800;0
32;16;10;5;1;71;1510183475;71;255;1510183484;0
32;16;10;5;1;71;1510183641;71;255;1510183650;0
32;16;10;5;1;71;1510183706;71;255;1510183715;0
32;16;10;5;1;71;1510183732;71;255;1510183741;0
32;16;10;5;1;71;1510184418;71;255;1510184427;0
32;16;10;5;1;71;1510184584;71;255;1510184594;0
32;16;10;5;1;71;1510184648;71;255;1510184657;0
32;16;10;5;1;71;1510184674;71;255;1510184683;0
32;16;10;5;1;71;1510185362;71;255;1510185371;0
32;16;10;5;1;71;1510185527;71;255;1510185537;0
32;16;10;5;1;71;1510185592;71;255;1510185601;0
32;16;10;5;1;71;1510185615;71;255;1510185624;0
32;16;10;5;1;71;1510186303;71;255;1510186312;0
32;16;10;5;1;71;1510186472;71;255;1510186481;0
32;16;10;5;1;71;1510186533;71;255;1510186542;0
32;16;10;5;1;71;1510186556;71;255;1510186565;0
32;16;10;5;1;71;1510187246;71;255;1510187255;0
32;16;10;5;1;71;1510187414;71;255;1510187424;0
32;16;10;5;1;71;1510187473;71;255;1510187482;0
32;16;10;5;1;71;1510187497;71;255;1510187506;0
32;16;10;5;1;71;1510188188;71;255;1510188197;0
32;16;10;5;1;71;1510188357;71;255;1510188366;0
32;16;10;5;1;71;1510188415;71;255;1510188425;0
32;16;10;5;1;71;1510188441;71;255;1510188450;0
32;16;10;5;1;71;1510189128;71;255;1510189137;0
32;16;10;5;1;71;1510189301;71;255;1510189310;0
32;16;10;5;1;71;1510189357;71;255;1510189366;0
32;16;10;5;1;71;1510189385;71;255;1510189394;0
32;16;10;5;1;71;1510190068;71;255;1510190077;0
32;16;10;5;1;71;1510190242;71;255;1510190251;0
32;16;10;5;1;71;1510190298;71;255;1510190307;0
32;16;10;5;1;71;1510190328;71;255;1510190338;0
32;16;10;5;1;71;1510191008;71;255;1510191018;0
32;16;10;5;1;71;1510191186;71;255;1510191195;0
32;16;10;5;1;71;1510191238;71;255;1510191247;0
32;16;10;5;1;71;1510191272;71;255;1510191281;0
32;16;10;5;1;71;1510191952;71;255;1510191961;1
32;16;10;5;1;71;1510192129;71;255;1510192138;1
32;16;10;5;1;71;1510192177;71;255;1510192186;0
32;16;10;5;1;71;1510192215;71;255;1510192224;0
32;16;10;5;1;71;1510192895;71;255;1510192904;0
32;16;10;5;1;71;1510193071;71;255;1510193080;0
32;16;10;5;1;71;1510193120;71;255;1510193130;0
32;16;10;5;1;71;1510193159;71;255;1510193168;0
32;16;10;5;1;71;1510193835;71;255;1510193844;0
32;16;10;5;1;71;1510194013;71;255;1510194022;0
32;16;10;5;1;71;1510194062;71;255;1510194071;0
32;16;10;5;1;71;1510194101;71;255;1510194110;0
32;16;10;5;1;71;1510194777;71;255;1510194786;0
32;16;10;5;1;71;1510194956;71;255;1510194965;0
32;16;10;5;1;71;1510195003;71;255;1510195013;0
32;16;10;5;1;71;1510195044;71;255;1510195053;0
32;16;10;5;1;71;1510195719;71;255;1510195728;0
32;16;10;5;1;71;1510195899;71;255;1510195909;0
32;16;10;5;1;71;1510195946;71;255;1510195956;0
32;16;10;5;1;71;1510195984;71;255;1510195993;0
32;16;10;5;1;71;1510196662;71;255;1510196672;0
32;16;10;5;1;71;1510196842;71;255;1510196852;0
32;16;10;5;1;71;1510196889;71;255;1510196899;0
32;16;10;5;1;71;1510196924;71;255;1510196933;0
32;16;10;5;1;71;1510197605;71;255;1510197614;0
32;16;10;5;1;71;1510197783;71;255;1510197793;0
32;16;10;5;1;71;1510197833;71;255;1510197842;0
32;16;10;5;1;71;1510197865;71;255;1510197874;0
32;16;10;5;1;71;1510198546;71;255;1510198555;0
32;16;10;5;1;71;1510198724;71;255;1510198733;0
32;16;10;5;1;71;1510198778;71;255;1510198788;0
32;16;10;5;1;71;1510198807;71;255;1510198816;0
32;16;10;5;1;71;1510199486;71;255;1510199496;0
32;16;10;5;1;71;1510199666;71;255;1510199675;0
32;16;10;5;1;71;1510199724;71;255;1510199734;0
32;16;10;5;1;71;1510199748;71;255;1510199757;0
32;16;10;5;1;71;1510200429;71;255;1510200439;1
32;16;10;5;1;71;1510200607;71;255;1510200616;0
32;16;10;5;1;71;1510200670;71;255;1510200679;0
32;16;10;5;1;71;1510200688;71;255;1510200697;0
32;16;10;5;1;71;1510201370;71;255;1510201380;0
32;16;10;5;1;71;1510201547;71;255;1510201556;0
32;16;10;5;1;71;1510201613;71;255;1510201622;0
32;16;10;5;1;71;1510201628;71;255;1510201638;0
32;16;10;5;1;71;1510202312;71;255;1510202321;0
32;16;10;5;1;71;1510202490;71;255;1510202500;0
32;16;10;5;1;71;1510202555;71;255;1510202564;0
32;16;10;5;1;71;1510202572;71;255;1510202581;0
32;16;10;5;1;71;1510203254;71;255;1510203263;0
32;16;10;5;1;71;1510203435;71;255;1510203444;0
32;16;10;5;1;71;1510203496;71;255;1510203505;0
32;16;10;5;1;71;1510203517;71;255;1510203526;0
32;16;10;5;1;71;1510204195;71;255;1510204204;0
32;16;10;5;1;71;1510204377;71;255;1510204386;0
32;16;10;5;1;71;1510204438;71;255;1510204447;0
32;16;10;5;1;71;1510204461;71;255;1510204470;0
32;16;10;5;1;71;1510205137;71;255;1510205146;0
32;16;10;5;1;71;1510205317;71;255;1510205326;0
32;16;10;5;1;71;1510205381;71;255;1510205390;0
32;16;10;5;1;71;1510205403;71;255;1510205412;1
32;16;10;5;1;71;1510206080;71;255;1510206089;0
32;16;10;5;1;71;1510206259;71;255;1510206268;0
32;16;10;5;1;71;1510206326;71;255;1510206335;0
32;16;10;5;1;71;1510206348;71;255;1510206357;0
32;16;10;5;1;71;1510207022;71;255;1510207032;0
32;16;10;5;1;71;1510207201;71;255;1510207210;0
32;16;10;5;1;71;1510207268;71;255;1510207277;0
32;16;10;5;1;71;1510207289;71;255;1510207298;0
32;16;10;5;1;71;1510207963;71;255;1510207973;0
32;16;10;5;1;71;1510208144;71;255;1510208154;0
32;16;10;5;1;71;1510208211;71;255;1510208220;0
32;16;10;5;1;71;1510208231;71;255;1510208240;0
32;16;10;5;1;71;1510208904;71;255;1510208913;0
32;16;10;5;1;71;1510209087;71;255;1510209096;0
32;16;10;5;1;71;1510209152;71;255;1510209161;0
32;16;10;5;1;71;1510209173;71;255;1510209182;0
32;16;10;5;1;71;1510209847;71;255;1510209856;0
32;16;10;5;1;71;1510210029;71;255;1510210038;0
32;16;10;5;1;71;1510210095;71;255;1510210105;0
32;16;10;5;1;71;1510210115;71;255;1510210124;0
32;16;10;5;1;71;1510210790;71;255;1510210799;0
32;16;10;5;1;71;1510210969;71;255;1510210978;0
32;16;10;5;1;71;1510211038;71;255;1510211047;0
32;16;10;5;1;71;1510211059;71;255;1510211068;0
32;16;10;5;1;71;1510211733;71;255;1510211742;0
32;16;10;5;1;71;1510211912;71;255;1510211921;0
32;16;10;5;1;71;1510211978;71;255;1510211987;0
32;16;10;5;1;71;1510212000;71;255;1510212009;0
32;16;10;5;1;71;1510212675;71;255;1510212684;0
32;16;10;5;1;71;1510212854;71;255;1510212863;0
32;16;10;5;1;71;1510212920;71;255;1510212929;0
32;16;10;5;1;71;1510212943;71;255;1510212952;0
32;16;10;5;1;71;1510213617;71;255;1510213626;0
32;16;10;5;1;71;1510213796;71;255;1510213805;0
32;16;10;5;1;71;1510213863;71;255;1510213872;0
32;16;10;5;1;71;1510213886;71;255;1510213895;0
32;16;10;5;1;71;1510214559;71;255;1510214569;0
32;16;10;5;1;71;1510214739;71;255;1510214748;0
32;16;10;5;1;71;1510214804;71;255;1510214813;0
32;16;10;5;1;71;1510214829;71;255;1510214839;0
32;16;10;5;1;71;1510215501;71;255;1510215510;0
32;16;10;5;1;71;1510215679;71;255;1510215688;0
32;16;10;5;1;71;1510215746;71;255;1510215755;1
32;16;10;5;1;71;1510215773;71;255;1510215782;0
32;16;10;5;1;71;1510216445;71;255;1510216454;0
32;16;10;5;1;71;1510216621;71;255;1510216630;0
32;16;10;5;1;71;1510216687;71;255;1510216696;0
32;16;10;5;1;71;1510216715;71;255;1510216725;0
32;16;10;5;1;71;1510217387;71;255;1510217396;0
32;16;10;5;1;71;1510217563;71;255;1510217572;0
32;16;10;5;1;71;1510217629;71;255;1510217638;0
32;16;10;5;1;71;1510217659;71;255;1510217668;0
32;16;10;5;1;71;1510218329;71;255;1510218338;0
32;16;10;5;1;71;1510218506;71;255;1510218515;0
32;16;10;5;1;71;1510218571;71;255;1510218580;0
32;16;10;5;1;71;1510218601;71;255;1510218610;0
32;16;10;5;1;71;1510219293;71;255;1510219302;0
32;16;10;5;1;71;1510219491;71;255;1510219501;0
32;16;10;5;1;71;1510219544;71;255;1510219554;0
32;16;10;5;1;71;1510219581;71;255;1510219591;0
32;16;10;5;1;71;1510220310;71;255;1510220320;0
32;16;10;5;1;71;1510220504;71;255;1510220514;0
32;16;10;5;1;71;1510220555;71;255;1510220564;0
32;16;10;5;1;71;1510220594;71;255;1510220603;0
32;16;10;5;1;71;1510221295;71;255;1510221304;0
32;16;10;5;1;71;1510221483;71;255;1510221492;1
32;16;10;5;1;71;1510221534;71;255;1510221544;0
32;16;10;5;1;71;1510221588;71;255;1510221598;0
32;16;10;5;1;71;1510222296;71;255;1510222306;0
32;16;10;5;1;71;1510222489;71;255;1510222499;0
32;16;10;5;1;71;1510222542;71;255;1510222552;0
32;16;10;5;1;71;1510222608;71;255;1510222617;0
32;16;10;5;1;71;1510223300;71;255;1510223310;0
32;16;10;5;1;71;1510223499;71;255;1510223510;0
32;16;10;5;1;71;1510223559;71;255;1510223570;0
32;16;10;5;1;71;1510223626;71;255;1510223637;0
32;16;10;5;1;71;1510224312;71;255;1510224323;0
32;16;10;5;1;71;1510224512;71;255;1510224522;0
32;16;10;5;1;71;1510224569;71;255;1510224579;0
32;16;10;5;1;71;1510224626;71;255;1510224636;0
32;16;10;5;1;71;1510225316;71;255;1510225325;0
32;16;10;5;1;71;1510225505;71;255;1510225514;0
32;16;10;5;1;71;1510225559;71;255;1510225569;1
32;16;10;5;1;71;1510225609;71;255;1510225619;0
32;16;10;5;1;71;1510226334;71;255;1510226343;0
32;16;10;5;1;71;1510226519;71;255;1510226529;0
32;16;10;5;1;71;1510226572;71;255;1510226581;0
32;16;10;5;1;71;1510226633;71;255;1510226643;0
32;16;10;5;1;71;1510253308;71;255;1510253318;0
32;16;10;5;1;71;1510253316;71;255;1510253325;0
32;16;10;5;1;71;1510253319;71;255;1510253328;0
32;16;10;5;1;71;1510253322;71;255;1510253331;0
32;16;10;5;1;71;1510254250;71;255;1510254259;0
32;16;10;5;1;71;1510254252;71;255;1510254261;0
32;16;10;5;1;71;1510254254;71;255;1510254263;0
32;16;10;5;1;71;1510254273;71;255;1510254282;0
32;16;10;5;1;71;1510255184;71;255;1510255193;0
32;16;10;5;1;71;1510255185;71;255;1510255194;0
32;16;10;5;1;71;1510255185;71;255;1510255194;0
32;16;10;5;1;71;1510255208;71;255;1510255217;0
32;16;10;5;1;71;1510256115;71;255;1510256125;0
32;16;10;5;1;71;1510256117;71;255;1510256126;0
32;16;10;5;1;71;1510256121;71;255;1510256130;0
32;16;10;5;1;71;1510256142;71;255;1510256151;0
32;16;10;5;1;71;1510257046;71;255;1510257055;0
32;16;10;5;1;71;1510257048;71;255;1510257057;0
32;16;10;5;1;71;1510257056;71;255;1510257066;0
32;16;10;5;1;71;1510257077;71;255;1510257086;1
32;16;10;5;1;71;1510257977;71;255;1510257986;0
32;16;10;5;1;71;1510257980;71;255;1510257989;0
32;16;10;5;1;71;1510257992;71;255;1510258001;0
32;16;10;5;1;71;1510258012;71;255;1510258021;0
32;16;10;5;1;71;1510258908;71;255;1510258917;0
32;16;10;5;1;71;1510258912;71;255;1510258921;0
32;16;10;5;1;71;1510258928;71;255;1510258937;0
32;16;10;5;1;71;1510258947;71;255;1510258956;0
32;16;10;5;1;71;1510259839;71;255;1510259848;0
32;16;10;5;1;71;1510259844;71;255;1510259853;0
32;16;10;5;1;71;1510259863;71;255;1510259872;0
32;16;10;5;1;71;1510259882;71;255;1510259891;0
32;16;10;5;1;71;1510260769;71;255;1510260778;0
32;16;10;5;1;71;1510260777;71;255;1510260786;0
32;16;10;5;1;71;1510260799;71;255;1510260808;0
32;16;10;5;1;71;1510260817;71;255;1510260826;0
32;16;10;5;1;71;1510261702;71;255;1510261711;0
32;16;10;5;1;71;1510261708;71;255;1510261717;0
32;16;10;5;1;71;1510261734;71;255;1510261743;0
32;16;10;5;1;71;1510261753;71;255;1510261762;0
32;16;10;5;1;71;1510262633;71;255;1510262642;0
32;16;10;5;1;71;1510262639;71;255;1510262648;0
32;16;10;5;1;71;1510262669;71;255;1510262679;0
32;16;10;5;1;71;1510262688;71;255;1510262698;0
32;16;10;5;1;71;1510263563;71;255;1510263572;0
32;16;10;5;1;71;1510263571;71;255;1510263580;0
32;16;10;5;1;71;1510263606;71;255;1510263615;0
32;16;10;5;1;71;1510263624;71;255;1510263633;1
32;16;10;5;1;71;1510264495;71;255;1510264504;0
32;16;10;5;1;71;1510264503;71;255;1510264512;0
32;16;10;5;1;71;1510264542;71;255;1510264551;0
32;16;10;5;1;71;1510264558;71;255;1510264567;0
32;16;10;5;1;71;1510265426;71;255;1510265436;0
32;16;10;5;1;71;1510265434;71;255;1510265443;0
32;16;10;5;1;71;1510265478;71;255;1510265487;0
32;16;10;5;1;71;1510265494;71;255;1510265503;0
32;16;10;5;1;71;1510266357;71;255;1510266366;0
32;16;10;5;1;71;1510266365;71;255;1510266374;0
32;16;10;5;1;71;1510266414;71;255;1510266423;0
32;16;10;5;1;71;1510266429;71;255;1510266438;0
32;16;10;5;1;71;1510267288;71;255;1510267297;0
32;16;10;5;1;71;1510267297;71;255;1510267306;0
32;16;10;5;1;71;1510267351;71;255;1510267360;0
32;16;10;5;1;71;1510267364;71;255;1510267373;0
32;16;10;5;1;71;1510268218;71;255;1510268228;0
32;16;10;5;1;71;1510268229;71;255;1510268238;0
32;16;10;5;1;71;1510268288;71;255;1510268297;0
32;16;10;5;1;71;1510268299;71;255;1510268308;0
32;16;10;5;1;71;1510269150;71;255;1510269159;0
32;16;10;5;1;71;1510269160;71;255;1510269169;0
32;16;10;5;1;71;1510269225;71;255;1510269234;0
32;16;10;5;1;71;1510269233;71;255;1510269242;0
32;16;10;5;1;71;1510270081;71;255;1510270090;0
32;16;10;5;1;71;1510270093;71;255;1510270102;0
32;16;10;5;1;71;1510270162;71;255;1510270171;0
32;16;10;5;1;71;1510270170;71;255;1510270179;0
32;16;10;5;1;71;1510271012;71;255;1510271021;0
32;16;10;5;1;71;1510271025;71;255;1510271034;0
32;16;10;5;1;71;1510271099;71;255;1510271108;1
32;16;10;5;1;71;1510271105;71;255;1510271114;0
32;16;10;5;1;71;1510271943;71;255;1510271952;1
32;16;10;5;1;71;1510271960;71;255;1510271970;0
32;16;10;5;1;71;1510272032;71;255;1510272042;0
32;16;10;5;1;71;1510272041;71;255;1510272050;0
32;16;10;5;1;71;1510272875;71;255;1510272885;0
32;16;10;5;1;71;1510272897;71;255;1510272906;0
32;16;10;5;1;71;1510272964;71;255;1510272973;0
32;16;10;5;1;71;1510272976;71;255;1510272985;0
32;16;10;5;1;71;1510273806;71;255;1510273815;0
32;16;10;5;1;71;1510273834;71;255;1510273843;0
32;16;10;5;1;71;1510273895;71;255;1510273905;0
32;16;10;5;1;71;1510273913;71;255;1510273922;0
32;16;10;5;1;71;1510274737;71;255;1510274746;0
32;16;10;5;1;71;1510274770;71;255;1510274779;1
32;16;10;5;1;71;1510274827;71;255;1510274836;0
32;16;10;5;1;71;1510274849;71;255;1510274859;0
32;16;10;5;1;71;1510275668;71;255;1510275677;0
32;16;10;5;1;71;1510275707;71;255;1510275717;0
32;16;10;5;1;71;1510275761;71;255;1510275770;0
32;16;10;5;1;71;1510275782;71;255;1510275791;0
32;16;10;5;1;71;1510276600;71;255;1510276609;0
32;16;10;5;1;71;1510276644;71;255;1510276653;0
32;16;10;5;1;71;1510276698;71;255;1510276707;1
32;16;10;5;1;71;1510276714;71;255;1510276723;0
32;16;10;5;1;71;1510277532;71;255;1510277541;0
32;16;10;5;1;71;1510277580;71;255;1510277589;0
32;16;10;5;1;71;1510277633;71;255;1510277643;0
32;16;10;5;1;71;1510277645;71;255;1510277654;0
32;16;10;5;1;71;1510278463;71;255;1510278472;0
32;16;10;5;1;71;1510278517;71;255;1510278526;0
32;16;10;5;1;71;1510278569;71;255;1510278579;0
32;16;10;5;1;71;1510278577;71;255;1510278586;0
32;16;10;5;1;71;1510279394;71;255;1510279403;0
32;16;10;5;1;71;1510279454;71;255;1510279463;0
32;16;10;5;1;71;1510279505;71;255;1510279514;0
32;16;10;5;1;71;1510279508;71;255;1510279517;0
32;16;10;5;1;71;1510280324;71;255;1510280333;0
32;16;10;5;1;71;1510280391;71;255;1510280400;0
32;16;10;5;1;71;1510280440;71;255;1510280449;0
32;16;10;5;1;71;1510280441;71;255;1510280450;0
32;16;10;5;1;71;1510281255;71;255;1510281264;0
32;16;10;5;1;71;1510281328;71;255;1510281338;0
32;16;10;5;1;71;1510281371;71;255;1510281380;0
32;16;10;5;1;71;1510281376;71;255;1510281385;0
32;16;10;5;1;71;1510282186;71;255;1510282195;0
32;16;10;5;1;71;1510282268;71;255;1510282277;0
32;16;10;5;1;71;1510282302;71;255;1510282312;0
32;16;10;5;1;71;1510282312;71;255;1510282321;0
32;16;10;5;1;71;1510283117;71;255;1510283126;0
32;16;10;5;1;71;1510283206;71;255;1510283215;0
32;16;10;5;1;71;1510283234;71;255;1510283243;0
32;16;10;5;1;71;1510283247;71;255;1510283257;0
32;16;10;5;1;71;1510284048;71;255;1510284057;0
32;16;10;5;1;71;1510284144;71;255;1510284153;0
32;16;10;5;1;71;1510284166;71;255;1510284175;0
32;16;10;5;1;71;1510284183;71;255;1510284192;0
32;16;10;5;1;71;1510284978;71;255;1510284987;0
32;16;10;5;1;71;1510285081;71;255;1510285091;0
32;16;10;5;1;71;1510285098;71;255;1510285107;0
32;16;10;5;1;71;1510285117;71;255;1510285126;0
32;16;10;5;1;71;1510285909;71;255;1510285918;0
32;16;10;5;1;71;1510286019;71;255;1510286028;0
32;16;10;5;1;71;1510286034;71;255;1510286043;0
32;16;10;5;1;71;1510286048;71;255;1510286057;0
32;16;10;5;1;71;1510286840;71;255;1510286849;0
32;16;10;5;1;71;1510286956;71;255;1510286965;1
32;16;10;5;1;71;1510286970;71;255;1510286980;0
32;16;10;5;1;71;1510286980;71;255;1510286989;0
32;16;10;5;1;71;1510287771;71;255;1510287780;0
32;16;10;5;1;71;1510287894;71;255;1510287903;0
32;16;10;5;1;71;1510287907;71;255;1510287916;0
32;16;10;5;1;71;1510287912;71;255;1510287921;0
32;16;10;5;1;71;1510288703;71;255;1510288712;0
32;16;10;5;1;71;1510288831;71;255;1510288841;0
32;16;10;5;1;71;1510288842;71;255;1510288851;0
32;16;10;5;1;71;1510288843;71;255;1510288852;0
32;16;10;5;1;71;1510289636;71;255;1510289645;0
32;16;10;5;1;71;1510289769;71;255;1510289779;0
32;16;10;5;1;71;1510289775;71;255;1510289784;0
32;16;10;5;1;71;1510289777;71;255;1510289786;1
32;16;10;5;1;71;1510290568;71;255;1510290577;0
32;16;10;5;1;71;1510290707;71;255;1510290716;0
32;16;10;5;1;71;1510290707;71;255;1510290716;0
32;16;10;5;1;71;1510290711;71;255;1510290720;0
32;16;10;5;1;71;1510291500;71;255;1510291509;0
32;16;10;5;1;71;1510291639;71;255;1510291648;0
32;16;10;5;1;71;1510291645;71;255;1510291655;0
32;16;10;5;1;71;1510291646;71;255;1510291655;0
32;16;10;5;1;71;1510292432;71;255;1510292442;0
32;16;10;5;1;71;1510292570;71;255;1510292579;0
32;16;10;5;1;71;1510292581;71;255;1510292590;0
32;16;10;5;1;71;1510292583;71;255;1510292592;0
32;16;10;5;1;71;1510293365;71;255;1510293374;0
32;16;10;5;1;71;1510293502;71;255;1510293511;0
32;16;10;5;1;71;1510293515;71;255;1510293524;0
32;16;10;5;1;71;1510293522;71;255;1510293531;0
32;16;10;5;1;71;1510294297;71;255;1510294307;0
32;16;10;5;1;71;1510294434;71;255;1510294443;0
32;16;10;5;1;71;1510294450;71;255;1510294459;0
32;16;10;5;1;71;1510294460;71;255;1510294469;0
32;16;10;5;1;71;1510295231;71;255;1510295240;0
32;16;10;5;1;71;1510295366;71;255;1510295375;0
32;16;10;5;1;71;1510295384;71;255;1510295393;0
32;16;10;5;1;71;1510295398;71;255;1510295408;0
32;16;10;5;1;71;1510296164;71;255;1510296173;0
32;16;10;5;1;71;1510296298;71;255;1510296308;0
32;16;10;5;1;71;1510296318;71;255;1510296328;0
32;16;10;5;1;71;1510296337;71;255;1510296346;0
32;16;10;5;1;71;1510297096;71;255;1510297106;0
32;16;10;5;1;71;1510297230;71;255;1510297239;0
32;16;10;5;1;71;1510297254;71;255;1510297263;0
32;16;10;5;1;71;1510297274;71;255;1510297283;0
32;16;10;5;1;71;1510298029;71;255;1510298038;0
32;16;10;5;1;71;1510298161;71;255;1510298170;0
32;16;10;5;1;71;1510298189;71;255;1510298198;0
32;16;10;5;1;71;1510298212;71;255;1510298221;0
32;16;10;5;1;71;1510298961;71;255;1510298970;0
32;16;10;5;1;71;1510299093;71;255;1510299102;0
32;16;10;5;1;71;1510299124;71;255;1510299133;0
32;16;10;5;1;71;1510299150;71;255;1510299159;0
32;16;10;5;1;71;1510299894;71;255;1510299903;0
32;16;10;5;1;71;1510300025;71;255;1510300034;0
32;16;10;5;1;71;1510300059;71;255;1510300068;1
32;16;10;5;1;71;1510300088;71;255;1510300098;0
32;16;10;5;1;71;1510300827;71;255;1510300836;0
32;16;10;5;1;71;1510300957;71;255;1510300966;0
32;16;10;5;1;71;1510300995;71;255;1510301004;0
32;16;10;5;1;71;1510301025;71;255;1510301034;0
32;16;10;5;1;71;1510301760;71;255;1510301769;1
32;16;10;5;1;71;1510301889;71;255;1510301898;0
32;16;10;5;1;71;1510301934;71;255;1510301943;0
32;16;10;5;1;71;1510301960;71;255;1510301969;0
32;16;10;5;1;71;1510302692;71;255;1510302701;0
32;16;10;5;1;71;1510302827;71;255;1510302836;0
32;16;10;5;1;71;1510302877;71;255;1510302886;0
32;16;10;5;1;71;1510302911;71;255;1510302923;0
32;16;10;5;1;71;1510303679;71;255;1510303689;0
32;16;10;5;1;71;1510303827;71;255;1510303836;0
32;16;10;5;1;71;1510303871;71;255;1510303881;0
32;16;10;5;1;71;1510303907;71;255;1510303917;0
32;16;10;5;1;71;1510304654;71;255;1510304664;0
32;16;10;5;1;71;1510304789;71;255;1510304798;0
32;16;10;5;1;71;1510304837;71;255;1510304847;0
32;16;10;5;1;71;1510304887;71;255;1510304896;0
32;16;10;5;1;71;1510305614;71;255;1510305624;0
32;16;10;5;1;71;1510305739;71;255;1510305748;0
32;16;10;5;1;71;1510305795;71;255;1510305804;0
32;16;10;5;1;71;1510305860;71;255;1510305870;0
32;16;10;5;1;71;1510306620;71;255;1510306631;0
32;16;10;5;1;71;1510306769;71;255;1510306780;0
32;16;10;5;1;71;1510306812;71;255;1510306821;0
32;16;10;5;1;71;1510306894;71;255;1510306903;0
