32;16;10;5;1;72;1509982019;72;255;1509982030;0
32;16;10;5;1;72;1509982085;72;255;1509982095;0
32;16;10;5;1;72;1509982159;72;255;1509982170;0
32;16;10;5;1;72;1509982265;72;255;1509982274;0
32;16;10;5;1;72;1509982998;72;255;1509983007;0
32;16;10;5;1;72;1509983058;72;255;1509983067;0
32;16;10;5;1;72;1509983125;72;255;1509983134;0
32;16;10;5;1;72;1509983233;72;255;1509983242;0
32;16;10;5;1;72;1509983941;72;255;1509983950;0
32;16;10;5;1;72;1509983998;72;255;1509984007;0
32;16;10;5;1;72;1509984068;72;255;1509984077;0
32;16;10;5;1;72;1509984178;72;255;1509984187;0
32;16;10;5;1;72;1509984884;72;255;1509984893;0
32;16;10;5;1;72;1509984940;72;255;1509984949;0
32;16;10;5;1;72;1509985009;72;255;1509985018;0
32;16;10;5;1;72;1509985118;72;255;1509985127;0
32;16;10;5;1;72;1509985824;72;255;1509985833;0
32;16;10;5;1;72;1509985881;72;255;1509985891;0
32;16;10;5;1;72;1509985952;72;255;1509985961;0
32;16;10;5;1;72;1509986060;72;255;1509986069;0
32;16;10;5;1;72;1509986764;72;255;1509986774;0
32;16;10;5;1;72;1509986823;72;255;1509986833;0
32;16;10;5;1;72;1509986892;72;255;1509986901;0
32;16;10;5;1;72;1509987003;72;255;1509987012;0
32;16;10;5;1;72;1509987705;72;255;1509987715;0
32;16;10;5;1;72;1509987768;72;255;1509987777;0
32;16;10;5;1;72;1509987830;72;255;1509987839;0
32;16;10;5;1;72;1509987944;72;255;1509987954;0
32;16;10;5;1;72;1509988647;72;255;1509988656;0
32;16;10;5;1;72;1509988710;72;255;1509988719;0
32;16;10;5;1;72;1509988772;72;255;1509988781;0
32;16;10;5;1;72;1509988887;72;255;1509988896;0
32;16;10;5;1;72;1509989588;72;255;1509989598;0
32;16;10;5;1;72;1509989651;72;255;1509989660;0
32;16;10;5;1;72;1509989716;72;255;1509989725;0
32;16;10;5;1;72;1509989829;72;255;1509989838;0
32;16;10;5;1;72;1509990530;72;255;1509990539;0
32;16;10;5;1;72;1509990595;72;255;1509990604;0
32;16;10;5;1;72;1509990656;72;255;1509990665;0
32;16;10;5;1;72;1509990770;72;255;1509990779;0
32;16;10;5;1;72;1509991473;72;255;1509991482;0
32;16;10;5;1;72;1509991534;72;255;1509991543;0
32;16;10;5;1;72;1509991596;72;255;1509991605;0
32;16;10;5;1;72;1509991712;72;255;1509991721;0
32;16;10;5;1;72;1509992416;72;255;1509992425;0
32;16;10;5;1;72;1509992475;72;255;1509992484;0
32;16;10;5;1;72;1509992536;72;255;1509992545;0
32;16;10;5;1;72;1509992654;72;255;1509992663;0
32;16;10;5;1;72;1509993357;72;255;1509993366;0
32;16;10;5;1;72;1509993416;72;255;1509993426;1
32;16;10;5;1;72;1509993477;72;255;1509993487;0
32;16;10;5;1;72;1509993596;72;255;1509993605;0
32;16;10;5;1;72;1509994297;72;255;1509994307;1
32;16;10;5;1;72;1509994357;72;255;1509994366;0
32;16;10;5;1;72;1509994419;72;255;1509994428;0
32;16;10;5;1;72;1509994538;72;255;1509994547;0
32;16;10;5;1;72;1509995241;72;255;1509995250;0
32;16;10;5;1;72;1509995299;72;255;1509995309;0
32;16;10;5;1;72;1509995365;72;255;1509995374;0
32;16;10;5;1;72;1509995480;72;255;1509995490;0
32;16;10;5;1;72;1509996188;72;255;1509996198;0
32;16;10;5;1;72;1509996242;72;255;1509996251;0
32;16;10;5;1;72;1509996317;72;255;1509996326;0
32;16;10;5;1;72;1509996420;72;255;1509996429;0
32;16;10;5;1;72;1509997129;72;255;1509997138;0
32;16;10;5;1;72;1509997184;72;255;1509997193;0
32;16;10;5;1;72;1509997259;72;255;1509997268;0
32;16;10;5;1;72;1509997362;72;255;1509997371;0
32;16;10;5;1;72;1509998070;72;255;1509998079;0
32;16;10;5;1;72;1509998126;72;255;1509998136;0
32;16;10;5;1;72;1509998200;72;255;1509998209;0
32;16;10;5;1;72;1509998303;72;255;1509998312;0
32;16;10;5;1;72;1509999013;72;255;1509999022;0
32;16;10;5;1;72;1509999067;72;255;1509999076;0
32;16;10;5;1;72;1509999140;72;255;1509999149;0
32;16;10;5;1;72;1509999243;72;255;1509999252;0
32;16;10;5;1;72;1509999956;72;255;1509999965;0
32;16;10;5;1;72;1510000010;72;255;1510000019;0
32;16;10;5;1;72;1510000080;72;255;1510000089;0
32;16;10;5;1;72;1510000183;72;255;1510000192;0
32;16;10;5;1;72;1510000899;72;255;1510000909;0
32;16;10;5;1;72;1510000952;72;255;1510000962;0
32;16;10;5;1;72;1510001020;72;255;1510001029;0
32;16;10;5;1;72;1510001124;72;255;1510001133;0
32;16;10;5;1;72;1510001839;72;255;1510001849;0
32;16;10;5;1;72;1510001897;72;255;1510001906;0
32;16;10;5;1;72;1510001961;72;255;1510001970;1
32;16;10;5;1;72;1510002063;72;255;1510002073;0
32;16;10;5;1;72;1510002780;72;255;1510002790;0
32;16;10;5;1;72;1510002841;72;255;1510002850;0
32;16;10;5;1;72;1510002904;72;255;1510002913;0
32;16;10;5;1;72;1510003003;72;255;1510003012;0
32;16;10;5;1;72;1510003722;72;255;1510003731;0
32;16;10;5;1;72;1510003781;72;255;1510003790;1
32;16;10;5;1;72;1510003846;72;255;1510003856;0
32;16;10;5;1;72;1510003947;72;255;1510003956;0
32;16;10;5;1;72;1510004662;72;255;1510004671;0
32;16;10;5;1;72;1510004721;72;255;1510004730;1
32;16;10;5;1;72;1510004790;72;255;1510004799;0
32;16;10;5;1;72;1510004889;72;255;1510004898;0
32;16;10;5;1;72;1510005604;72;255;1510005613;0
32;16;10;5;1;72;1510005663;72;255;1510005672;0
32;16;10;5;1;72;1510005732;72;255;1510005741;0
32;16;10;5;1;72;1510005829;72;255;1510005838;0
32;16;10;5;1;72;1510006543;72;255;1510006553;1
32;16;10;5;1;72;1510006602;72;255;1510006611;0
32;16;10;5;1;72;1510006677;72;255;1510006686;0
32;16;10;5;1;72;1510006770;72;255;1510006779;0
32;16;10;5;1;72;1510007483;72;255;1510007492;0
32;16;10;5;1;72;1510007542;72;255;1510007552;0
32;16;10;5;1;72;1510007621;72;255;1510007630;0
32;16;10;5;1;72;1510007711;72;255;1510007720;0
32;16;10;5;1;72;1510008424;72;255;1510008434;0
32;16;10;5;1;72;1510008482;72;255;1510008491;0
32;16;10;5;1;72;1510008561;72;255;1510008571;0
32;16;10;5;1;72;1510008654;72;255;1510008664;0
32;16;10;5;1;72;1510009367;72;255;1510009376;0
32;16;10;5;1;72;1510009424;72;255;1510009433;1
32;16;10;5;1;72;1510009503;72;255;1510009512;0
32;16;10;5;1;72;1510009596;72;255;1510009605;0
32;16;10;5;1;72;1510010308;72;255;1510010317;0
32;16;10;5;1;72;1510010364;72;255;1510010373;0
32;16;10;5;1;72;1510010444;72;255;1510010453;0
32;16;10;5;1;72;1510010540;72;255;1510010549;0
32;16;10;5;1;72;1510011247;72;255;1510011257;0
32;16;10;5;1;72;1510011308;72;255;1510011317;0
32;16;10;5;1;72;1510011386;72;255;1510011395;0
32;16;10;5;1;72;1510011481;72;255;1510011490;0
32;16;10;5;1;72;1510012188;72;255;1510012197;0
32;16;10;5;1;72;1510012252;72;255;1510012261;0
32;16;10;5;1;72;1510012327;72;255;1510012337;0
32;16;10;5;1;72;1510012420;72;255;1510012429;0
32;16;10;5;1;72;1510013130;72;255;1510013139;0
32;16;10;5;1;72;1510013194;72;255;1510013203;0
32;16;10;5;1;72;1510013268;72;255;1510013278;0
32;16;10;5;1;72;1510013363;72;255;1510013372;1
32;16;10;5;1;72;1510014072;72;255;1510014081;0
32;16;10;5;1;72;1510014136;72;255;1510014145;0
32;16;10;5;1;72;1510014208;72;255;1510014218;0
32;16;10;5;1;72;1510014305;72;255;1510014314;0
32;16;10;5;1;72;1510015014;72;255;1510015023;0
32;16;10;5;1;72;1510015077;72;255;1510015087;0
32;16;10;5;1;72;1510015149;72;255;1510015158;1
32;16;10;5;1;72;1510015247;72;255;1510015256;0
32;16;10;5;1;72;1510015956;72;255;1510015965;0
32;16;10;5;1;72;1510016018;72;255;1510016027;0
32;16;10;5;1;72;1510016091;72;255;1510016100;0
32;16;10;5;1;72;1510016187;72;255;1510016196;0
32;16;10;5;1;72;1510016896;72;255;1510016905;0
32;16;10;5;1;72;1510016961;72;255;1510016970;0
32;16;10;5;1;72;1510017031;72;255;1510017040;0
32;16;10;5;1;72;1510017128;72;255;1510017138;0
32;16;10;5;1;72;1510017837;72;255;1510017846;0
32;16;10;5;1;72;1510017904;72;255;1510017913;0
32;16;10;5;1;72;1510017973;72;255;1510017983;1
32;16;10;5;1;72;1510018070;72;255;1510018079;0
32;16;10;5;1;72;1510018777;72;255;1510018786;0
32;16;10;5;1;72;1510018847;72;255;1510018857;0
32;16;10;5;1;72;1510018914;72;255;1510018923;0
32;16;10;5;1;72;1510019012;72;255;1510019022;0
32;16;10;5;1;72;1510019720;72;255;1510019729;0
32;16;10;5;1;72;1510019791;72;255;1510019800;0
32;16;10;5;1;72;1510019854;72;255;1510019863;0
32;16;10;5;1;72;1510019952;72;255;1510019961;0
32;16;10;5;1;72;1510020661;72;255;1510020670;0
32;16;10;5;1;72;1510020734;72;255;1510020743;0
32;16;10;5;1;72;1510020795;72;255;1510020804;0
32;16;10;5;1;72;1510020893;72;255;1510020902;0
32;16;10;5;1;72;1510021600;72;255;1510021609;1
32;16;10;5;1;72;1510021674;72;255;1510021683;0
32;16;10;5;1;72;1510021736;72;255;1510021746;0
32;16;10;5;1;72;1510021835;72;255;1510021844;0
32;16;10;5;1;72;1510022541;72;255;1510022550;0
32;16;10;5;1;72;1510022615;72;255;1510022624;0
32;16;10;5;1;72;1510022679;72;255;1510022689;0
32;16;10;5;1;72;1510022776;72;255;1510022785;0
32;16;10;5;1;72;1510023483;72;255;1510023493;0
32;16;10;5;1;72;1510023556;72;255;1510023565;0
32;16;10;5;1;72;1510023623;72;255;1510023632;0
32;16;10;5;1;72;1510023716;72;255;1510023726;0
32;16;10;5;1;72;1510024426;72;255;1510024435;0
32;16;10;5;1;72;1510024498;72;255;1510024507;0
32;16;10;5;1;72;1510024564;72;255;1510024573;0
32;16;10;5;1;72;1510024658;72;255;1510024667;0
32;16;10;5;1;72;1510025370;72;255;1510025379;0
32;16;10;5;1;72;1510025437;72;255;1510025446;0
32;16;10;5;1;72;1510025506;72;255;1510025515;0
32;16;10;5;1;72;1510025598;72;255;1510025607;0
32;16;10;5;1;72;1510026312;72;255;1510026321;0
32;16;10;5;1;72;1510026378;72;255;1510026387;0
32;16;10;5;1;72;1510026448;72;255;1510026457;0
32;16;10;5;1;72;1510026539;72;255;1510026548;0
32;16;10;5;1;72;1510027253;72;255;1510027262;1
32;16;10;5;1;72;1510027318;72;255;1510027327;0
32;16;10;5;1;72;1510027391;72;255;1510027400;0
32;16;10;5;1;72;1510027480;72;255;1510027490;0
32;16;10;5;1;72;1510028195;72;255;1510028204;0
32;16;10;5;1;72;1510028261;72;255;1510028270;0
32;16;10;5;1;72;1510028331;72;255;1510028340;0
32;16;10;5;1;72;1510028419;72;255;1510028428;0
32;16;10;5;1;72;1510029136;72;255;1510029145;0
32;16;10;5;1;72;1510029203;72;255;1510029212;0
32;16;10;5;1;72;1510029273;72;255;1510029282;0
32;16;10;5;1;72;1510029360;72;255;1510029369;1
32;16;10;5;1;72;1510030077;72;255;1510030087;0
32;16;10;5;1;72;1510030146;72;255;1510030155;0
32;16;10;5;1;72;1510030216;72;255;1510030226;0
32;16;10;5;1;72;1510030299;72;255;1510030308;0
32;16;10;5;1;72;1510031021;72;255;1510031030;0
32;16;10;5;1;72;1510031087;72;255;1510031096;0
32;16;10;5;1;72;1510031160;72;255;1510031170;0
32;16;10;5;1;72;1510031242;72;255;1510031251;0
32;16;10;5;1;72;1510031960;72;255;1510031970;0
32;16;10;5;1;72;1510032027;72;255;1510032036;0
32;16;10;5;1;72;1510032104;72;255;1510032113;0
32;16;10;5;1;72;1510032184;72;255;1510032193;0
32;16;10;5;1;72;1510032901;72;255;1510032910;0
32;16;10;5;1;72;1510032968;72;255;1510032978;0
32;16;10;5;1;72;1510033046;72;255;1510033055;0
32;16;10;5;1;72;1510033124;72;255;1510033134;0
32;16;10;5;1;72;1510033845;72;255;1510033854;0
32;16;10;5;1;72;1510033909;72;255;1510033918;0
32;16;10;5;1;72;1510033987;72;255;1510033996;0
32;16;10;5;1;72;1510034065;72;255;1510034074;0
32;16;10;5;1;72;1510034786;72;255;1510034795;0
32;16;10;5;1;72;1510034851;72;255;1510034860;0
32;16;10;5;1;72;1510034927;72;255;1510034936;0
32;16;10;5;1;72;1510035007;72;255;1510035016;0
32;16;10;5;1;72;1510035728;72;255;1510035737;0
32;16;10;5;1;72;1510035793;72;255;1510035802;0
32;16;10;5;1;72;1510035869;72;255;1510035878;0
32;16;10;5;1;72;1510035946;72;255;1510035955;0
32;16;10;5;1;72;1510036669;72;255;1510036678;0
32;16;10;5;1;72;1510036737;72;255;1510036746;0
32;16;10;5;1;72;1510036810;72;255;1510036819;1
32;16;10;5;1;72;1510036886;72;255;1510036896;0
32;16;10;5;1;72;1510037612;72;255;1510037621;0
32;16;10;5;1;72;1510037678;72;255;1510037687;0
32;16;10;5;1;72;1510037750;72;255;1510037759;0
32;16;10;5;1;72;1510037827;72;255;1510037836;0
32;16;10;5;1;72;1510038554;72;255;1510038563;0
32;16;10;5;1;72;1510038620;72;255;1510038630;0
32;16;10;5;1;72;1510038690;72;255;1510038699;0
32;16;10;5;1;72;1510038768;72;255;1510038778;0
32;16;10;5;1;72;1510039494;72;255;1510039503;0
32;16;10;5;1;72;1510039561;72;255;1510039571;0
32;16;10;5;1;72;1510039634;72;255;1510039644;0
32;16;10;5;1;72;1510039709;72;255;1510039718;0
32;16;10;5;1;72;1510040435;72;255;1510040444;0
32;16;10;5;1;72;1510040502;72;255;1510040512;0
32;16;10;5;1;72;1510040576;72;255;1510040586;0
32;16;10;5;1;72;1510040650;72;255;1510040659;0
32;16;10;5;1;72;1510041376;72;255;1510041385;1
32;16;10;5;1;72;1510041445;72;255;1510041454;0
32;16;10;5;1;72;1510041519;72;255;1510041529;0
32;16;10;5;1;72;1510041590;72;255;1510041599;0
32;16;10;5;1;72;1510042319;72;255;1510042328;0
32;16;10;5;1;72;1510042385;72;255;1510042394;0
32;16;10;5;1;72;1510042462;72;255;1510042471;0
32;16;10;5;1;72;1510042532;72;255;1510042541;0
32;16;10;5;1;72;1510043259;72;255;1510043268;0
32;16;10;5;1;72;1510043329;72;255;1510043338;0
32;16;10;5;1;72;1510043402;72;255;1510043411;0
32;16;10;5;1;72;1510043475;72;255;1510043484;0
32;16;10;5;1;72;1510044199;72;255;1510044208;0
32;16;10;5;1;72;1510044273;72;255;1510044282;0
32;16;10;5;1;72;1510044343;72;255;1510044353;0
32;16;10;5;1;72;1510044416;72;255;1510044425;0
32;16;10;5;1;72;1510045176;72;255;1510045187;0
32;16;10;5;1;72;1510045249;72;255;1510045258;0
32;16;10;5;1;72;1510045329;72;255;1510045338;0
32;16;10;5;1;72;1510045410;72;255;1510045419;0
32;16;10;5;1;72;1510046190;72;255;1510046200;0
32;16;10;5;1;72;1510046276;72;255;1510046287;0
32;16;10;5;1;72;1510046353;72;255;1510046362;0
32;16;10;5;1;72;1510046418;72;255;1510046427;0
32;16;10;5;1;72;1510047168;72;255;1510047178;0
32;16;10;5;1;72;1510047183;72;255;1510047193;0
32;16;10;5;1;72;1510047189;72;255;1510047198;0
32;16;10;5;1;72;1510047189;72;255;1510047199;0
32;16;10;5;1;72;1510048150;72;255;1510048160;0
32;16;10;5;1;72;1510048165;72;255;1510048174;0
32;16;10;5;1;72;1510048168;72;255;1510048178;0
32;16;10;5;1;72;1510048175;72;255;1510048184;0
32;16;10;5;1;72;1510049112;72;255;1510049121;0
32;16;10;5;1;72;1510049122;72;255;1510049131;1
32;16;10;5;1;72;1510049126;72;255;1510049135;0
32;16;10;5;1;72;1510049143;72;255;1510049153;0
32;16;10;5;1;72;1510050145;72;255;1510050154;0
32;16;10;5;1;72;1510050151;72;255;1510050160;0
32;16;10;5;1;72;1510050168;72;255;1510050177;0
32;16;10;5;1;72;1510051104;72;255;1510051113;0
32;16;10;5;1;72;1510051109;72;255;1510051118;0
32;16;10;5;1;72;1510051126;72;255;1510051135;0
32;16;10;5;1;72;1510052060;72;255;1510052070;0
32;16;10;5;1;72;1510052066;72;255;1510052075;0
32;16;10;5;1;72;1510052084;72;255;1510052093;0
32;16;10;5;1;72;1510053017;72;255;1510053026;0
32;16;10;5;1;72;1510053023;72;255;1510053033;0
32;16;10;5;1;72;1510053041;72;255;1510053051;0
32;16;10;5;1;72;1510053975;72;255;1510053984;1
32;16;10;5;1;72;1510053982;72;255;1510053991;0
32;16;10;5;1;72;1510054000;72;255;1510054009;0
32;16;10;5;1;72;1510054933;72;255;1510054943;0
32;16;10;5;1;72;1510054943;72;255;1510054952;0
32;16;10;5;1;72;1510054962;72;255;1510054971;0
32;16;10;5;1;72;1510055906;72;255;1510055916;0
32;16;10;5;1;72;1510055917;72;255;1510055927;0
32;16;10;5;1;72;1510055937;72;255;1510055947;0
32;16;10;5;1;72;1510056857;72;255;1510056867;0
32;16;10;5;1;72;1510056880;72;255;1510056889;0
32;16;10;5;1;72;1510056908;72;255;1510056917;0
32;16;10;5;1;72;1510057806;72;255;1510057815;0
32;16;10;5;1;72;1510057827;72;255;1510057837;0
32;16;10;5;1;72;1510057855;72;255;1510057864;0
32;16;10;5;1;72;1510058746;72;255;1510058755;0
32;16;10;5;1;72;1510058768;72;255;1510058777;0
32;16;10;5;1;72;1510058795;72;255;1510058804;0
32;16;10;5;1;72;1510059687;72;255;1510059697;0
32;16;10;5;1;72;1510059708;72;255;1510059717;0
32;16;10;5;1;72;1510059736;72;255;1510059745;0
32;16;10;5;1;72;1510060642;72;255;1510060651;0
32;16;10;5;1;72;1510060662;72;255;1510060672;0
32;16;10;5;1;72;1510060694;72;255;1510060704;0
32;16;10;5;1;72;1510061608;72;255;1510061618;0
32;16;10;5;1;72;1510061622;72;255;1510061632;0
32;16;10;5;1;72;1510061660;72;255;1510061669;0
