32;16;10;5;1;74;1509982040;74;255;1509982049;0
32;16;10;5;1;74;1509982104;74;255;1509982113;0
32;16;10;5;1;74;1509982179;74;255;1509982189;0
32;16;10;5;1;74;1509982284;74;255;1509982293;0
32;16;10;5;1;74;1509983016;74;255;1509983026;0
32;16;10;5;1;74;1509983077;74;255;1509983086;0
32;16;10;5;1;74;1509983143;74;255;1509983153;0
32;16;10;5;1;74;1509983252;74;255;1509983261;0
32;16;10;5;1;74;1509983960;74;255;1509983969;0
32;16;10;5;1;74;1509984016;74;255;1509984026;0
32;16;10;5;1;74;1509984087;74;255;1509984096;0
32;16;10;5;1;74;1509984196;74;255;1509984206;0
32;16;10;5;1;74;1509984902;74;255;1509984911;0
32;16;10;5;1;74;1509984959;74;255;1509984968;0
32;16;10;5;1;74;1509985027;74;255;1509985036;0
32;16;10;5;1;74;1509985136;74;255;1509985146;0
32;16;10;5;1;74;1509985843;74;255;1509985852;1
32;16;10;5;1;74;1509985900;74;255;1509985909;0
32;16;10;5;1;74;1509985971;74;255;1509985980;0
32;16;10;5;1;74;1509986078;74;255;1509986088;0
32;16;10;5;1;74;1509986783;74;255;1509986792;0
32;16;10;5;1;74;1509986842;74;255;1509986851;0
32;16;10;5;1;74;1509986910;74;255;1509986919;0
32;16;10;5;1;74;1509987021;74;255;1509987031;0
32;16;10;5;1;74;1509987724;74;255;1509987733;0
32;16;10;5;1;74;1509987787;74;255;1509987796;0
32;16;10;5;1;74;1509987848;74;255;1509987858;0
32;16;10;5;1;74;1509987963;74;255;1509987972;0
32;16;10;5;1;74;1509988666;74;255;1509988675;0
32;16;10;5;1;74;1509988728;74;255;1509988737;0
32;16;10;5;1;74;1509988790;74;255;1509988799;0
32;16;10;5;1;74;1509988905;74;255;1509988915;0
32;16;10;5;1;74;1509989607;74;255;1509989616;0
32;16;10;5;1;74;1509989669;74;255;1509989679;0
32;16;10;5;1;74;1509989734;74;255;1509989744;0
32;16;10;5;1;74;1509989847;74;255;1509989857;0
32;16;10;5;1;74;1509990549;74;255;1509990558;0
32;16;10;5;1;74;1509990613;74;255;1509990622;0
32;16;10;5;1;74;1509990674;74;255;1509990684;0
32;16;10;5;1;74;1509990788;74;255;1509990798;0
32;16;10;5;1;74;1509991491;74;255;1509991501;0
32;16;10;5;1;74;1509991553;74;255;1509991562;0
32;16;10;5;1;74;1509991614;74;255;1509991623;0
32;16;10;5;1;74;1509991731;74;255;1509991740;0
32;16;10;5;1;74;1509992434;74;255;1509992444;1
32;16;10;5;1;74;1509992493;74;255;1509992503;0
32;16;10;5;1;74;1509992554;74;255;1509992563;0
32;16;10;5;1;74;1509992673;74;255;1509992682;0
32;16;10;5;1;74;1509993375;74;255;1509993385;0
32;16;10;5;1;74;1509993435;74;255;1509993444;0
32;16;10;5;1;74;1509993496;74;255;1509993505;0
32;16;10;5;1;74;1509993615;74;255;1509993624;0
32;16;10;5;1;74;1509994316;74;255;1509994325;0
32;16;10;5;1;74;1509994376;74;255;1509994385;0
32;16;10;5;1;74;1509994437;74;255;1509994447;0
32;16;10;5;1;74;1509994556;74;255;1509994566;0
32;16;10;5;1;74;1509995259;74;255;1509995268;0
32;16;10;5;1;74;1509995318;74;255;1509995327;0
32;16;10;5;1;74;1509995383;74;255;1509995393;0
32;16;10;5;1;74;1509995499;74;255;1509995508;0
32;16;10;5;1;74;1509996207;74;255;1509996216;0
32;16;10;5;1;74;1509996260;74;255;1509996270;0
32;16;10;5;1;74;1509996336;74;255;1509996345;0
32;16;10;5;1;74;1509996439;74;255;1509996448;0
32;16;10;5;1;74;1509997147;74;255;1509997157;0
32;16;10;5;1;74;1509997202;74;255;1509997212;0
32;16;10;5;1;74;1509997277;74;255;1509997286;0
32;16;10;5;1;74;1509997380;74;255;1509997390;0
32;16;10;5;1;74;1509998088;74;255;1509998097;0
32;16;10;5;1;74;1509998145;74;255;1509998154;0
32;16;10;5;1;74;1509998219;74;255;1509998228;0
32;16;10;5;1;74;1509998321;74;255;1509998331;0
32;16;10;5;1;74;1509999031;74;255;1509999040;0
32;16;10;5;1;74;1509999085;74;255;1509999095;0
32;16;10;5;1;74;1509999158;74;255;1509999168;0
32;16;10;5;1;74;1509999262;74;255;1509999271;0
32;16;10;5;1;74;1509999975;74;255;1509999984;0
32;16;10;5;1;74;1510000029;74;255;1510000038;0
32;16;10;5;1;74;1510000098;74;255;1510000108;0
32;16;10;5;1;74;1510000202;74;255;1510000211;0
32;16;10;5;1;74;1510000918;74;255;1510000927;0
32;16;10;5;1;74;1510000971;74;255;1510000980;0
32;16;10;5;1;74;1510001039;74;255;1510001048;0
32;16;10;5;1;74;1510001142;74;255;1510001151;0
32;16;10;5;1;74;1510001858;74;255;1510001867;0
32;16;10;5;1;74;1510001916;74;255;1510001925;0
32;16;10;5;1;74;1510001979;74;255;1510001989;0
32;16;10;5;1;74;1510002082;74;255;1510002091;0
32;16;10;5;1;74;1510002799;74;255;1510002808;0
32;16;10;5;1;74;1510002860;74;255;1510002869;0
32;16;10;5;1;74;1510002922;74;255;1510002931;0
32;16;10;5;1;74;1510003021;74;255;1510003031;0
32;16;10;5;1;74;1510003740;74;255;1510003750;0
32;16;10;5;1;74;1510003799;74;255;1510003808;0
32;16;10;5;1;74;1510003865;74;255;1510003874;0
32;16;10;5;1;74;1510003965;74;255;1510003975;0
32;16;10;5;1;74;1510004681;74;255;1510004690;0
32;16;10;5;1;74;1510004740;74;255;1510004749;0
32;16;10;5;1;74;1510004808;74;255;1510004818;0
32;16;10;5;1;74;1510004907;74;255;1510004917;0
32;16;10;5;1;74;1510005623;74;255;1510005632;0
32;16;10;5;1;74;1510005682;74;255;1510005691;0
32;16;10;5;1;74;1510005750;74;255;1510005760;0
32;16;10;5;1;74;1510005848;74;255;1510005857;0
32;16;10;5;1;74;1510006562;74;255;1510006571;0
32;16;10;5;1;74;1510006620;74;255;1510006630;1
32;16;10;5;1;74;1510006695;74;255;1510006705;0
32;16;10;5;1;74;1510006788;74;255;1510006797;0
32;16;10;5;1;74;1510007501;74;255;1510007511;0
32;16;10;5;1;74;1510007561;74;255;1510007570;0
32;16;10;5;1;74;1510007640;74;255;1510007649;0
32;16;10;5;1;74;1510007729;74;255;1510007738;0
32;16;10;5;1;74;1510008443;74;255;1510008452;0
32;16;10;5;1;74;1510008500;74;255;1510008509;0
32;16;10;5;1;74;1510008580;74;255;1510008589;0
32;16;10;5;1;74;1510008673;74;255;1510008682;0
32;16;10;5;1;74;1510009385;74;255;1510009394;0
32;16;10;5;1;74;1510009442;74;255;1510009451;0
32;16;10;5;1;74;1510009522;74;255;1510009531;0
32;16;10;5;1;74;1510009614;74;255;1510009624;0
32;16;10;5;1;74;1510010326;74;255;1510010336;0
32;16;10;5;1;74;1510010383;74;255;1510010392;0
32;16;10;5;1;74;1510010462;74;255;1510010472;0
32;16;10;5;1;74;1510010558;74;255;1510010567;0
32;16;10;5;1;74;1510011266;74;255;1510011275;0
32;16;10;5;1;74;1510011326;74;255;1510011336;0
32;16;10;5;1;74;1510011404;74;255;1510011413;0
32;16;10;5;1;74;1510011500;74;255;1510011509;0
32;16;10;5;1;74;1510012206;74;255;1510012216;0
32;16;10;5;1;74;1510012270;74;255;1510012279;1
32;16;10;5;1;74;1510012346;74;255;1510012355;0
32;16;10;5;1;74;1510012439;74;255;1510012448;0
32;16;10;5;1;74;1510013149;74;255;1510013158;0
32;16;10;5;1;74;1510013212;74;255;1510013222;0
32;16;10;5;1;74;1510013287;74;255;1510013296;0
32;16;10;5;1;74;1510013381;74;255;1510013391;0
32;16;10;5;1;74;1510014090;74;255;1510014100;0
32;16;10;5;1;74;1510014155;74;255;1510014164;0
32;16;10;5;1;74;1510014227;74;255;1510014236;0
32;16;10;5;1;74;1510014323;74;255;1510014332;0
32;16;10;5;1;74;1510015032;74;255;1510015042;0
32;16;10;5;1;74;1510015096;74;255;1510015105;0
32;16;10;5;1;74;1510015168;74;255;1510015177;0
32;16;10;5;1;74;1510015265;74;255;1510015274;0
32;16;10;5;1;74;1510015974;74;255;1510015983;0
32;16;10;5;1;74;1510016036;74;255;1510016046;0
32;16;10;5;1;74;1510016109;74;255;1510016118;0
32;16;10;5;1;74;1510016205;74;255;1510016215;0
32;16;10;5;1;74;1510016915;74;255;1510016924;0
32;16;10;5;1;74;1510016980;74;255;1510016989;0
32;16;10;5;1;74;1510017049;74;255;1510017059;0
32;16;10;5;1;74;1510017147;74;255;1510017156;0
32;16;10;5;1;74;1510017856;74;255;1510017865;0
32;16;10;5;1;74;1510017922;74;255;1510017931;0
32;16;10;5;1;74;1510017992;74;255;1510018001;0
32;16;10;5;1;74;1510018088;74;255;1510018097;0
32;16;10;5;1;74;1510018796;74;255;1510018805;0
32;16;10;5;1;74;1510018866;74;255;1510018875;0
32;16;10;5;1;74;1510018933;74;255;1510018942;1
32;16;10;5;1;74;1510019031;74;255;1510019040;0
32;16;10;5;1;74;1510019738;74;255;1510019748;0
32;16;10;5;1;74;1510019809;74;255;1510019819;0
32;16;10;5;1;74;1510019872;74;255;1510019881;0
32;16;10;5;1;74;1510019971;74;255;1510019980;0
32;16;10;5;1;74;1510020680;74;255;1510020689;0
32;16;10;5;1;74;1510020752;74;255;1510020761;0
32;16;10;5;1;74;1510020813;74;255;1510020822;0
32;16;10;5;1;74;1510020911;74;255;1510020921;0
32;16;10;5;1;74;1510021619;74;255;1510021628;0
32;16;10;5;1;74;1510021692;74;255;1510021701;0
32;16;10;5;1;74;1510021755;74;255;1510021764;0
32;16;10;5;1;74;1510021853;74;255;1510021863;0
32;16;10;5;1;74;1510022559;74;255;1510022569;0
32;16;10;5;1;74;1510022633;74;255;1510022643;0
32;16;10;5;1;74;1510022698;74;255;1510022707;0
32;16;10;5;1;74;1510022794;74;255;1510022803;0
32;16;10;5;1;74;1510023502;74;255;1510023511;0
32;16;10;5;1;74;1510023574;74;255;1510023584;0
32;16;10;5;1;74;1510023641;74;255;1510023650;0
32;16;10;5;1;74;1510023735;74;255;1510023744;0
32;16;10;5;1;74;1510024444;74;255;1510024453;0
32;16;10;5;1;74;1510024516;74;255;1510024525;0
32;16;10;5;1;74;1510024583;74;255;1510024592;0
32;16;10;5;1;74;1510024676;74;255;1510024686;0
32;16;10;5;1;74;1510025389;74;255;1510025398;0
32;16;10;5;1;74;1510025455;74;255;1510025465;0
32;16;10;5;1;74;1510025525;74;255;1510025534;0
32;16;10;5;1;74;1510025616;74;255;1510025625;0
32;16;10;5;1;74;1510026330;74;255;1510026340;0
32;16;10;5;1;74;1510026396;74;255;1510026405;0
32;16;10;5;1;74;1510026466;74;255;1510026476;0
32;16;10;5;1;74;1510026558;74;255;1510026567;0
32;16;10;5;1;74;1510027271;74;255;1510027281;0
32;16;10;5;1;74;1510027336;74;255;1510027346;0
32;16;10;5;1;74;1510027409;74;255;1510027418;0
32;16;10;5;1;74;1510027499;74;255;1510027508;1
32;16;10;5;1;74;1510028214;74;255;1510028223;0
32;16;10;5;1;74;1510028280;74;255;1510028289;0
32;16;10;5;1;74;1510028349;74;255;1510028359;0
32;16;10;5;1;74;1510028438;74;255;1510028447;0
32;16;10;5;1;74;1510029155;74;255;1510029164;0
32;16;10;5;1;74;1510029222;74;255;1510029231;0
32;16;10;5;1;74;1510029291;74;255;1510029300;0
32;16;10;5;1;74;1510029378;74;255;1510029388;0
32;16;10;5;1;74;1510030096;74;255;1510030105;0
32;16;10;5;1;74;1510030164;74;255;1510030173;0
32;16;10;5;1;74;1510030235;74;255;1510030244;0
32;16;10;5;1;74;1510030319;74;255;1510030328;0
32;16;10;5;1;74;1510031039;74;255;1510031048;0
32;16;10;5;1;74;1510031105;74;255;1510031115;0
32;16;10;5;1;74;1510031179;74;255;1510031188;0
32;16;10;5;1;74;1510031260;74;255;1510031269;0
32;16;10;5;1;74;1510031979;74;255;1510031988;0
32;16;10;5;1;74;1510032046;74;255;1510032055;0
32;16;10;5;1;74;1510032123;74;255;1510032132;0
32;16;10;5;1;74;1510032202;74;255;1510032211;0
32;16;10;5;1;74;1510032920;74;255;1510032929;0
32;16;10;5;1;74;1510032987;74;255;1510032996;0
32;16;10;5;1;74;1510033065;74;255;1510033074;0
32;16;10;5;1;74;1510033143;74;255;1510033152;0
32;16;10;5;1;74;1510033863;74;255;1510033873;0
32;16;10;5;1;74;1510033928;74;255;1510033937;0
32;16;10;5;1;74;1510034005;74;255;1510034015;1
32;16;10;5;1;74;1510034083;74;255;1510034093;0
32;16;10;5;1;74;1510034804;74;255;1510034814;0
32;16;10;5;1;74;1510034869;74;255;1510034879;0
32;16;10;5;1;74;1510034945;74;255;1510034955;0
32;16;10;5;1;74;1510035025;74;255;1510035035;0
32;16;10;5;1;74;1510035746;74;255;1510035755;0
32;16;10;5;1;74;1510035812;74;255;1510035821;0
32;16;10;5;1;74;1510035888;74;255;1510035897;0
32;16;10;5;1;74;1510035964;74;255;1510035974;0
32;16;10;5;1;74;1510036687;74;255;1510036696;0
32;16;10;5;1;74;1510036755;74;255;1510036764;1
32;16;10;5;1;74;1510036828;74;255;1510036837;0
32;16;10;5;1;74;1510036905;74;255;1510036914;0
32;16;10;5;1;74;1510037631;74;255;1510037640;0
32;16;10;5;1;74;1510037697;74;255;1510037706;0
32;16;10;5;1;74;1510037769;74;255;1510037778;0
32;16;10;5;1;74;1510037845;74;255;1510037855;0
32;16;10;5;1;74;1510038572;74;255;1510038581;0
32;16;10;5;1;74;1510038639;74;255;1510038648;1
32;16;10;5;1;74;1510038709;74;255;1510038718;0
32;16;10;5;1;74;1510038787;74;255;1510038796;0
32;16;10;5;1;74;1510039513;74;255;1510039522;1
32;16;10;5;1;74;1510039580;74;255;1510039589;0
32;16;10;5;1;74;1510039653;74;255;1510039662;0
32;16;10;5;1;74;1510039728;74;255;1510039737;0
32;16;10;5;1;74;1510040453;74;255;1510040463;0
32;16;10;5;1;74;1510040521;74;255;1510040530;0
32;16;10;5;1;74;1510040595;74;255;1510040604;0
32;16;10;5;1;74;1510040668;74;255;1510040677;0
32;16;10;5;1;74;1510041395;74;255;1510041404;0
32;16;10;5;1;74;1510041464;74;255;1510041473;0
32;16;10;5;1;74;1510041538;74;255;1510041547;0
32;16;10;5;1;74;1510041608;74;255;1510041617;0
32;16;10;5;1;74;1510042337;74;255;1510042347;0
32;16;10;5;1;74;1510042404;74;255;1510042413;0
32;16;10;5;1;74;1510042480;74;255;1510042489;0
32;16;10;5;1;74;1510042550;74;255;1510042560;0
32;16;10;5;1;74;1510043277;74;255;1510043287;0
32;16;10;5;1;74;1510043348;74;255;1510043357;0
32;16;10;5;1;74;1510043420;74;255;1510043429;0
32;16;10;5;1;74;1510043494;74;255;1510043503;0
32;16;10;5;1;74;1510044217;74;255;1510044226;0
32;16;10;5;1;74;1510044291;74;255;1510044300;0
32;16;10;5;1;74;1510044362;74;255;1510044371;0
32;16;10;5;1;74;1510044435;74;255;1510044445;0
32;16;10;5;1;74;1510045196;74;255;1510045206;0
32;16;10;5;1;74;1510045268;74;255;1510045278;0
32;16;10;5;1;74;1510045349;74;255;1510045360;0
32;16;10;5;1;74;1510045429;74;255;1510045438;0
32;16;10;5;1;74;1510046211;74;255;1510046221;0
32;16;10;5;1;74;1510046297;74;255;1510046307;1
32;16;10;5;1;74;1510046372;74;255;1510046381;0
32;16;10;5;1;74;1510046436;74;255;1510046446;0
32;16;10;5;1;74;1510047188;74;255;1510047197;0
32;16;10;5;1;74;1510047202;74;255;1510047212;0
32;16;10;5;1;74;1510047207;74;255;1510047217;0
32;16;10;5;1;74;1510047208;74;255;1510047217;0
32;16;10;5;1;74;1510048169;74;255;1510048179;0
32;16;10;5;1;74;1510048184;74;255;1510048193;0
32;16;10;5;1;74;1510048187;74;255;1510048196;0
32;16;10;5;1;74;1510048193;74;255;1510048202;0
32;16;10;5;1;74;1510049130;74;255;1510049140;0
32;16;10;5;1;74;1510049141;74;255;1510049153;0
32;16;10;5;1;74;1510049145;74;255;1510049156;0
32;16;10;5;1;74;1510049165;74;255;1510049175;0
32;16;10;5;1;74;1510050163;74;255;1510050173;0
32;16;10;5;1;74;1510050170;74;255;1510050179;0
32;16;10;5;1;74;1510050186;74;255;1510050196;0
32;16;10;5;1;74;1510051123;74;255;1510051132;0
32;16;10;5;1;74;1510051128;74;255;1510051137;0
32;16;10;5;1;74;1510051145;74;255;1510051154;0
32;16;10;5;1;74;1510052079;74;255;1510052088;0
32;16;10;5;1;74;1510052084;74;255;1510052094;0
32;16;10;5;1;74;1510052103;74;255;1510052112;0
32;16;10;5;1;74;1510053035;74;255;1510053045;0
32;16;10;5;1;74;1510053042;74;255;1510053051;0
32;16;10;5;1;74;1510053060;74;255;1510053070;0
32;16;10;5;1;74;1510053994;74;255;1510054003;0
32;16;10;5;1;74;1510054001;74;255;1510054010;0
32;16;10;5;1;74;1510054019;74;255;1510054028;0
32;16;10;5;1;74;1510054952;74;255;1510054961;0
32;16;10;5;1;74;1510054962;74;255;1510054971;0
32;16;10;5;1;74;1510054980;74;255;1510054990;0
32;16;10;5;1;74;1510055925;74;255;1510055935;0
32;16;10;5;1;74;1510055937;74;255;1510055947;0
32;16;10;5;1;74;1510055956;74;255;1510055966;0
32;16;10;5;1;74;1510056877;74;255;1510056887;0
32;16;10;5;1;74;1510056899;74;255;1510056908;0
32;16;10;5;1;74;1510056927;74;255;1510056936;0
32;16;10;5;1;74;1510057825;74;255;1510057834;0
32;16;10;5;1;74;1510057846;74;255;1510057855;0
32;16;10;5;1;74;1510057873;74;255;1510057882;0
32;16;10;5;1;74;1510058765;74;255;1510058774;0
32;16;10;5;1;74;1510058786;74;255;1510058796;0
32;16;10;5;1;74;1510058813;74;255;1510058822;0
32;16;10;5;1;74;1510059706;74;255;1510059715;1
32;16;10;5;1;74;1510059727;74;255;1510059736;0
32;16;10;5;1;74;1510059754;74;255;1510059764;0
32;16;10;5;1;74;1510060660;74;255;1510060670;0
32;16;10;5;1;74;1510060681;74;255;1510060691;0
32;16;10;5;1;74;1510060713;74;255;1510060723;0
32;16;10;5;1;74;1510061629;74;255;1510061639;0
32;16;10;5;1;74;1510061641;74;255;1510061651;0
32;16;10;5;1;74;1510061679;74;255;1510061688;0
32;16;10;5;1;74;1510062619;74;255;1510062628;1
32;16;10;5;1;74;1510062624;74;255;1510062633;0
32;16;10;5;1;74;1510062667;74;255;1510062677;0
32;16;10;5;1;74;1510063574;74;255;1510063584;0
32;16;10;5;1;74;1510063577;74;255;1510063586;0
32;16;10;5;1;74;1510063621;74;255;1510063631;0
32;16;10;5;1;74;1510064536;74;255;1510064545;0
32;16;10;5;1;74;1510064538;74;255;1510064547;0
32;16;10;5;1;74;1510064587;74;255;1510064597;0
32;16;10;5;1;74;1510065500;74;255;1510065510;0
32;16;10;5;1;74;1510065502;74;255;1510065511;0
32;16;10;5;1;74;1510065551;74;255;1510065561;0
32;16;10;5;1;74;1510066460;74;255;1510066469;0
32;16;10;5;1;74;1510066461;74;255;1510066471;0
32;16;10;5;1;74;1510066513;74;255;1510066522;0
32;16;10;5;1;74;1510067422;74;255;1510067432;0
32;16;10;5;1;74;1510067425;74;255;1510067434;0
32;16;10;5;1;74;1510067478;74;255;1510067487;0
32;16;10;5;1;74;1510068377;74;255;1510068386;0
32;16;10;5;1;74;1510068379;74;255;1510068388;0
32;16;10;5;1;74;1510068431;74;255;1510068441;0
32;16;10;5;1;74;1510069329;74;255;1510069338;0
32;16;10;5;1;74;1510069336;74;255;1510069346;0
32;16;10;5;1;74;1510069387;74;255;1510069396;0
32;16;10;5;1;74;1510070293;74;255;1510070302;0
32;16;10;5;1;74;1510070309;74;255;1510070319;0
32;16;10;5;1;74;1510070355;74;255;1510070364;0
32;16;10;5;1;74;1510071258;74;255;1510071268;1
32;16;10;5;1;74;1510071269;74;255;1510071279;0
32;16;10;5;1;74;1510071317;74;255;1510071327;0
32;16;10;5;1;74;1510072229;74;255;1510072238;0
32;16;10;5;1;74;1510072234;74;255;1510072244;0
32;16;10;5;1;74;1510072275;74;255;1510072284;0
32;16;10;5;1;74;1510073173;74;255;1510073182;0
32;16;10;5;1;74;1510073179;74;255;1510073188;0
32;16;10;5;1;74;1510073220;74;255;1510073229;0
32;16;10;5;1;74;1510074116;74;255;1510074126;0
32;16;10;5;1;74;1510074122;74;255;1510074132;0
32;16;10;5;1;74;1510074163;74;255;1510074173;0
32;16;10;5;1;74;1510075060;74;255;1510075069;0
32;16;10;5;1;74;1510075065;74;255;1510075075;0
32;16;10;5;1;74;1510075106;74;255;1510075116;0
32;16;10;5;1;74;1510075870;74;255;1510075879;0
32;16;10;5;1;74;1510076040;74;255;1510076050;0
32;16;10;5;1;74;1510076048;74;255;1510076057;0
32;16;10;5;1;74;1510076087;74;255;1510076097;0
32;16;10;5;1;74;1510076812;74;255;1510076822;0
32;16;10;5;1;74;1510076982;74;255;1510076992;0
32;16;10;5;1;74;1510076988;74;255;1510076997;0
32;16;10;5;1;74;1510077029;74;255;1510077038;0
32;16;10;5;1;74;1510077751;74;255;1510077760;0
32;16;10;5;1;74;1510077921;74;255;1510077930;0
32;16;10;5;1;74;1510077929;74;255;1510077938;0
32;16;10;5;1;74;1510077969;74;255;1510077978;0
32;16;10;5;1;74;1510078690;74;255;1510078699;0
32;16;10;5;1;74;1510078861;74;255;1510078870;0
32;16;10;5;1;74;1510078869;74;255;1510078878;0
32;16;10;5;1;74;1510078909;74;255;1510078918;0
32;16;10;5;1;74;1510079631;74;255;1510079640;0
32;16;10;5;1;74;1510079799;74;255;1510079809;0
32;16;10;5;1;74;1510079808;74;255;1510079818;0
32;16;10;5;1;74;1510079849;74;255;1510079858;0
32;16;10;5;1;74;1510080570;74;255;1510080580;0
32;16;10;5;1;74;1510080740;74;255;1510080749;0
32;16;10;5;1;74;1510080747;74;255;1510080756;0
32;16;10;5;1;74;1510080790;74;255;1510080800;0
32;16;10;5;1;74;1510081512;74;255;1510081521;0
32;16;10;5;1;74;1510081679;74;255;1510081689;0
32;16;10;5;1;74;1510081685;74;255;1510081695;0
32;16;10;5;1;74;1510081731;74;255;1510081740;0
32;16;10;5;1;74;1510082450;74;255;1510082459;0
32;16;10;5;1;74;1510082619;74;255;1510082629;0
32;16;10;5;1;74;1510082626;74;255;1510082635;0
32;16;10;5;1;74;1510082671;74;255;1510082680;0
32;16;10;5;1;74;1510083388;74;255;1510083397;0
32;16;10;5;1;74;1510083559;74;255;1510083568;0
32;16;10;5;1;74;1510083569;74;255;1510083578;0
32;16;10;5;1;74;1510083610;74;255;1510083619;0
32;16;10;5;1;74;1510084328;74;255;1510084337;0
32;16;10;5;1;74;1510084498;74;255;1510084507;0
32;16;10;5;1;74;1510084511;74;255;1510084520;0
32;16;10;5;1;74;1510084550;74;255;1510084559;0
32;16;10;5;1;74;1510085267;74;255;1510085276;0
32;16;10;5;1;74;1510085439;74;255;1510085448;0
32;16;10;5;1;74;1510085452;74;255;1510085461;0
32;16;10;5;1;74;1510085490;74;255;1510085499;0
32;16;10;5;1;74;1510086205;74;255;1510086215;0
32;16;10;5;1;74;1510086380;74;255;1510086389;0
32;16;10;5;1;74;1510086394;74;255;1510086403;0
32;16;10;5;1;74;1510086429;74;255;1510086439;0
32;16;10;5;1;74;1510087145;74;255;1510087155;0
32;16;10;5;1;74;1510087321;74;255;1510087330;0
32;16;10;5;1;74;1510087334;74;255;1510087343;0
32;16;10;5;1;74;1510087369;74;255;1510087378;0
32;16;10;5;1;74;1510088085;74;255;1510088095;0
32;16;10;5;1;74;1510088262;74;255;1510088271;0
32;16;10;5;1;74;1510088273;74;255;1510088283;0
32;16;10;5;1;74;1510088308;74;255;1510088317;0
32;16;10;5;1;74;1510089025;74;255;1510089034;0
32;16;10;5;1;74;1510089201;74;255;1510089210;0
32;16;10;5;1;74;1510089214;74;255;1510089223;1
32;16;10;5;1;74;1510089248;74;255;1510089257;0
32;16;10;5;1;74;1510089964;74;255;1510089973;0
32;16;10;5;1;74;1510090141;74;255;1510090150;0
32;16;10;5;1;74;1510090154;74;255;1510090163;0
32;16;10;5;1;74;1510090191;74;255;1510090200;0
32;16;10;5;1;74;1510090903;74;255;1510090913;0
32;16;10;5;1;74;1510091080;74;255;1510091089;0
32;16;10;5;1;74;1510091094;74;255;1510091104;0
32;16;10;5;1;74;1510091133;74;255;1510091142;0
32;16;10;5;1;74;1510091842;74;255;1510091851;0
32;16;10;5;1;74;1510092020;74;255;1510092029;0
32;16;10;5;1;74;1510092035;74;255;1510092044;0
32;16;10;5;1;74;1510092073;74;255;1510092083;0
32;16;10;5;1;74;1510092781;74;255;1510092791;0
32;16;10;5;1;74;1510092960;74;255;1510092970;0
32;16;10;5;1;74;1510092975;74;255;1510092984;0
32;16;10;5;1;74;1510093014;74;255;1510093023;0
32;16;10;5;1;74;1510093721;74;255;1510093730;0
32;16;10;5;1;74;1510093899;74;255;1510093909;0
32;16;10;5;1;74;1510093915;74;255;1510093924;0
32;16;10;5;1;74;1510093956;74;255;1510093965;0
32;16;10;5;1;74;1510094662;74;255;1510094671;0
32;16;10;5;1;74;1510094838;74;255;1510094847;0
32;16;10;5;1;74;1510094854;74;255;1510094863;0
32;16;10;5;1;74;1510094896;74;255;1510094905;0
32;16;10;5;1;74;1510095604;74;255;1510095614;0
32;16;10;5;1;74;1510095779;74;255;1510095788;0
32;16;10;5;1;74;1510095792;74;255;1510095801;0
32;16;10;5;1;74;1510095836;74;255;1510095846;0
32;16;10;5;1;74;1510096548;74;255;1510096557;0
32;16;10;5;1;74;1510096717;74;255;1510096726;0
32;16;10;5;1;74;1510096733;74;255;1510096742;0
32;16;10;5;1;74;1510096776;74;255;1510096786;0
32;16;10;5;1;74;1510097486;74;255;1510097495;0
32;16;10;5;1;74;1510097658;74;255;1510097667;0
32;16;10;5;1;74;1510097670;74;255;1510097680;0
32;16;10;5;1;74;1510097719;74;255;1510097728;0
32;16;10;5;1;74;1510098426;74;255;1510098435;0
32;16;10;5;1;74;1510098599;74;255;1510098609;0
32;16;10;5;1;74;1510098609;74;255;1510098619;0
32;16;10;5;1;74;1510098658;74;255;1510098667;0
32;16;10;5;1;74;1510099366;74;255;1510099376;0
32;16;10;5;1;74;1510099541;74;255;1510099550;0
32;16;10;5;1;74;1510099547;74;255;1510099557;0
32;16;10;5;1;74;1510099599;74;255;1510099608;0
32;16;10;5;1;74;1510100307;74;255;1510100316;0
32;16;10;5;1;74;1510100481;74;255;1510100490;0
32;16;10;5;1;74;1510100486;74;255;1510100495;0
32;16;10;5;1;74;1510100538;74;255;1510100548;0
32;16;10;5;1;74;1510101247;74;255;1510101256;0
32;16;10;5;1;74;1510101420;74;255;1510101429;0
32;16;10;5;1;74;1510101428;74;255;1510101437;0
32;16;10;5;1;74;1510101478;74;255;1510101487;0
32;16;10;5;1;74;1510102187;74;255;1510102197;0
32;16;10;5;1;74;1510102358;74;255;1510102368;0
32;16;10;5;1;74;1510102367;74;255;1510102376;0
32;16;10;5;1;74;1510102420;74;255;1510102429;0
32;16;10;5;1;74;1510103126;74;255;1510103135;0
32;16;10;5;1;74;1510103299;74;255;1510103308;0
32;16;10;5;1;74;1510103308;74;255;1510103317;0
32;16;10;5;1;74;1510103361;74;255;1510103370;0
32;16;10;5;1;74;1510104064;74;255;1510104073;0
32;16;10;5;1;74;1510104238;74;255;1510104247;0
32;16;10;5;1;74;1510104249;74;255;1510104258;0
32;16;10;5;1;74;1510104301;74;255;1510104311;0
32;16;10;5;1;74;1510105003;74;255;1510105012;0
32;16;10;5;1;74;1510105176;74;255;1510105186;0
32;16;10;5;1;74;1510105190;74;255;1510105199;0
32;16;10;5;1;74;1510105241;74;255;1510105250;0
32;16;10;5;1;74;1510105945;74;255;1510105955;0
32;16;10;5;1;74;1510106117;74;255;1510106126;0
32;16;10;5;1;74;1510106128;74;255;1510106138;0
32;16;10;5;1;74;1510106180;74;255;1510106190;0
32;16;10;5;1;74;1510106883;74;255;1510106893;0
32;16;10;5;1;74;1510107060;74;255;1510107069;0
32;16;10;5;1;74;1510107069;74;255;1510107078;0
32;16;10;5;1;74;1510107120;74;255;1510107130;0
32;16;10;5;1;74;1510107823;74;255;1510107832;0
32;16;10;5;1;74;1510108002;74;255;1510108011;0
32;16;10;5;1;74;1510108007;74;255;1510108017;0
32;16;10;5;1;74;1510108062;74;255;1510108071;0
32;16;10;5;1;74;1510108762;74;255;1510108771;0
32;16;10;5;1;74;1510108941;74;255;1510108951;0
32;16;10;5;1;74;1510108947;74;255;1510108956;0
32;16;10;5;1;74;1510109002;74;255;1510109012;0
32;16;10;5;1;74;1510109701;74;255;1510109710;0
32;16;10;5;1;74;1510109883;74;255;1510109892;0
32;16;10;5;1;74;1510109889;74;255;1510109898;0
32;16;10;5;1;74;1510109943;74;255;1510109952;0
32;16;10;5;1;74;1510110641;74;255;1510110650;0
32;16;10;5;1;74;1510110822;74;255;1510110832;0
32;16;10;5;1;74;1510110829;74;255;1510110839;0
32;16;10;5;1;74;1510110883;74;255;1510110892;0
32;16;10;5;1;74;1510111581;74;255;1510111590;0
32;16;10;5;1;74;1510111762;74;255;1510111772;0
32;16;10;5;1;74;1510111770;74;255;1510111779;0
32;16;10;5;1;74;1510111822;74;255;1510111831;0
32;16;10;5;1;74;1510112519;74;255;1510112528;0
32;16;10;5;1;74;1510112706;74;255;1510112715;0
32;16;10;5;1;74;1510112709;74;255;1510112719;0
32;16;10;5;1;74;1510112762;74;255;1510112771;0
32;16;10;5;1;74;1510113456;74;255;1510113466;0
32;16;10;5;1;74;1510113647;74;255;1510113657;0
32;16;10;5;1;74;1510113649;74;255;1510113659;0
32;16;10;5;1;74;1510113701;74;255;1510113711;0
32;16;10;5;1;74;1510114394;74;255;1510114403;0
32;16;10;5;1;74;1510114588;74;255;1510114597;0
32;16;10;5;1;74;1510114591;74;255;1510114600;0
32;16;10;5;1;74;1510114642;74;255;1510114651;0
32;16;10;5;1;74;1510115335;74;255;1510115344;0
32;16;10;5;1;74;1510115528;74;255;1510115537;0
32;16;10;5;1;74;1510115531;74;255;1510115540;0
32;16;10;5;1;74;1510115581;74;255;1510115590;0
32;16;10;5;1;74;1510116277;74;255;1510116286;0
32;16;10;5;1;74;1510116467;74;255;1510116476;0
32;16;10;5;1;74;1510116470;74;255;1510116479;0
32;16;10;5;1;74;1510116520;74;255;1510116529;0
32;16;10;5;1;74;1510117217;74;255;1510117226;0
32;16;10;5;1;74;1510117407;74;255;1510117416;0
32;16;10;5;1;74;1510117411;74;255;1510117420;0
32;16;10;5;1;74;1510117459;74;255;1510117468;0
32;16;10;5;1;74;1510118158;74;255;1510118167;0
32;16;10;5;1;74;1510118346;74;255;1510118356;0
32;16;10;5;1;74;1510118353;74;255;1510118363;0
32;16;10;5;1;74;1510118400;74;255;1510118409;0
32;16;10;5;1;74;1510119101;74;255;1510119110;0
32;16;10;5;1;74;1510119285;74;255;1510119294;0
32;16;10;5;1;74;1510119293;74;255;1510119302;0
32;16;10;5;1;74;1510119338;74;255;1510119347;0
32;16;10;5;1;74;1510120044;74;255;1510120053;0
32;16;10;5;1;74;1510120223;74;255;1510120233;0
32;16;10;5;1;74;1510120232;74;255;1510120241;0
32;16;10;5;1;74;1510120277;74;255;1510120286;0
32;16;10;5;1;74;1510120984;74;255;1510120993;0
32;16;10;5;1;74;1510121164;74;255;1510121173;0
32;16;10;5;1;74;1510121172;74;255;1510121182;0
32;16;10;5;1;74;1510121216;74;255;1510121225;0
32;16;10;5;1;74;1510121925;74;255;1510121934;0
32;16;10;5;1;74;1510122104;74;255;1510122113;0
32;16;10;5;1;74;1510122113;74;255;1510122122;1
32;16;10;5;1;74;1510122155;74;255;1510122165;0
32;16;10;5;1;74;1510122866;74;255;1510122875;0
32;16;10;5;1;74;1510123043;74;255;1510123052;0
32;16;10;5;1;74;1510123051;74;255;1510123060;0
32;16;10;5;1;74;1510123098;74;255;1510123107;0
32;16;10;5;1;74;1510123806;74;255;1510123815;0
32;16;10;5;1;74;1510123983;74;255;1510123993;0
32;16;10;5;1;74;1510123994;74;255;1510124003;0
32;16;10;5;1;74;1510124038;74;255;1510124047;0
32;16;10;5;1;74;1510124747;74;255;1510124756;0
32;16;10;5;1;74;1510124922;74;255;1510124932;0
32;16;10;5;1;74;1510124934;74;255;1510124943;0
32;16;10;5;1;74;1510124978;74;255;1510124987;0
32;16;10;5;1;74;1510125686;74;255;1510125695;0
32;16;10;5;1;74;1510125863;74;255;1510125873;0
32;16;10;5;1;74;1510125874;74;255;1510125883;0
32;16;10;5;1;74;1510125919;74;255;1510125928;0
32;16;10;5;1;74;1510126624;74;255;1510126634;0
32;16;10;5;1;74;1510126803;74;255;1510126812;0
32;16;10;5;1;74;1510126813;74;255;1510126822;0
32;16;10;5;1;74;1510126859;74;255;1510126869;0
32;16;10;5;1;74;1510127565;74;255;1510127575;0
32;16;10;5;1;74;1510127741;74;255;1510127750;0
32;16;10;5;1;74;1510127751;74;255;1510127761;0
32;16;10;5;1;74;1510127802;74;255;1510127811;0
32;16;10;5;1;74;1510128503;74;255;1510128513;0
32;16;10;5;1;74;1510128682;74;255;1510128691;0
32;16;10;5;1;74;1510128691;74;255;1510128700;0
32;16;10;5;1;74;1510128741;74;255;1510128750;0
32;16;10;5;1;74;1510129443;74;255;1510129452;1
32;16;10;5;1;74;1510129623;74;255;1510129633;0
32;16;10;5;1;74;1510129632;74;255;1510129641;0
32;16;10;5;1;74;1510129679;74;255;1510129688;1
32;16;10;5;1;74;1510130430;74;255;1510130439;0
32;16;10;5;1;74;1510130630;74;255;1510130640;0
32;16;10;5;1;74;1510130631;74;255;1510130642;0
32;16;10;5;1;74;1510130682;74;255;1510130693;0
32;16;10;5;1;74;1510131433;74;255;1510131442;0
32;16;10;5;1;74;1510131628;74;255;1510131639;1
32;16;10;5;1;74;1510131640;74;255;1510131651;0
32;16;10;5;1;74;1510131686;74;255;1510131697;0
32;16;10;5;1;74;1510132407;74;255;1510132416;0
32;16;10;5;1;74;1510132591;74;255;1510132600;0
32;16;10;5;1;74;1510132612;74;255;1510132622;0
32;16;10;5;1;74;1510132653;74;255;1510132662;0
32;16;10;5;1;74;1510133413;74;255;1510133424;0
32;16;10;5;1;74;1510133587;74;255;1510133597;0
32;16;10;5;1;74;1510133616;74;255;1510133626;0
32;16;10;5;1;74;1510133666;74;255;1510133676;0
32;16;10;5;1;74;1510134418;74;255;1510134428;0
32;16;10;5;1;74;1510134581;74;255;1510134590;0
32;16;10;5;1;74;1510134613;74;255;1510134623;0
32;16;10;5;1;74;1510134649;74;255;1510134658;0
32;16;10;5;1;74;1510135420;74;255;1510135429;0
32;16;10;5;1;74;1510135586;74;255;1510135595;0
32;16;10;5;1;74;1510135617;74;255;1510135627;0
32;16;10;5;1;74;1510135648;74;255;1510135657;0
32;16;10;5;1;74;1510136415;74;255;1510136425;0
32;16;10;5;1;74;1510136574;74;255;1510136584;0
32;16;10;5;1;74;1510136609;74;255;1510136619;0
32;16;10;5;1;74;1510136643;74;255;1510136653;0
32;16;10;5;1;74;1510137412;74;255;1510137421;0
32;16;10;5;1;74;1510137586;74;255;1510137595;0
32;16;10;5;1;74;1510137596;74;255;1510137605;0
32;16;10;5;1;74;1510137638;74;255;1510137647;0
32;16;10;5;1;74;1510138420;74;255;1510138430;0
32;16;10;5;1;74;1510138602;74;255;1510138611;0
32;16;10;5;1;74;1510138603;74;255;1510138614;0
32;16;10;5;1;74;1510138667;74;255;1510138676;0
32;16;10;5;1;74;1510139411;74;255;1510139421;0
32;16;10;5;1;74;1510139585;74;255;1510139594;0
32;16;10;5;1;74;1510139619;74;255;1510139629;0
32;16;10;5;1;74;1510139645;74;255;1510139654;0
32;16;10;5;1;74;1510140389;74;255;1510140398;0
32;16;10;5;1;74;1510140546;74;255;1510140556;0
32;16;10;5;1;74;1510140620;74;255;1510140629;0
32;16;10;5;1;74;1510140635;74;255;1510140645;0
32;16;10;5;1;74;1510141383;74;255;1510141393;0
32;16;10;5;1;74;1510141526;74;255;1510141535;0
32;16;10;5;1;74;1510141591;74;255;1510141601;0
32;16;10;5;1;74;1510141617;74;255;1510141626;0
32;16;10;5;1;74;1510142368;74;255;1510142378;0
32;16;10;5;1;74;1510142559;74;255;1510142570;0
32;16;10;5;1;74;1510142593;74;255;1510142602;0
32;16;10;5;1;74;1510142653;74;255;1510142663;0
32;16;10;5;1;74;1510143418;74;255;1510143427;0
32;16;10;5;1;74;1510143595;74;255;1510143605;0
32;16;10;5;1;74;1510143624;74;255;1510143634;0
32;16;10;5;1;74;1510143699;74;255;1510143709;0
32;16;10;5;1;74;1510144391;74;255;1510144400;0
32;16;10;5;1;74;1510144559;74;255;1510144568;1
32;16;10;5;1;74;1510144589;74;255;1510144598;0
32;16;10;5;1;74;1510144666;74;255;1510144675;0
32;16;10;5;1;74;1510145333;74;255;1510145342;0
32;16;10;5;1;74;1510145501;74;255;1510145511;0
32;16;10;5;1;74;1510145532;74;255;1510145541;0
32;16;10;5;1;74;1510145607;74;255;1510145616;0
32;16;10;5;1;74;1510146272;74;255;1510146281;0
32;16;10;5;1;74;1510146444;74;255;1510146453;0
32;16;10;5;1;74;1510146474;74;255;1510146484;0
32;16;10;5;1;74;1510146549;74;255;1510146558;0
32;16;10;5;1;74;1510147234;74;255;1510147244;0
32;16;10;5;1;74;1510147412;74;255;1510147421;0
32;16;10;5;1;74;1510147444;74;255;1510147454;0
32;16;10;5;1;74;1510147520;74;255;1510147530;0
32;16;10;5;1;74;1510148211;74;255;1510148221;0
32;16;10;5;1;74;1510148389;74;255;1510148398;0
32;16;10;5;1;74;1510148410;74;255;1510148419;0
32;16;10;5;1;74;1510148488;74;255;1510148498;0
32;16;10;5;1;74;1510149179;74;255;1510149189;0
32;16;10;5;1;74;1510149353;74;255;1510149363;0
32;16;10;5;1;74;1510149367;74;255;1510149377;0
32;16;10;5;1;74;1510149444;74;255;1510149453;0
32;16;10;5;1;74;1510150122;74;255;1510150131;0
32;16;10;5;1;74;1510150298;74;255;1510150307;0
32;16;10;5;1;74;1510150306;74;255;1510150315;0
32;16;10;5;1;74;1510150387;74;255;1510150397;0
32;16;10;5;1;74;1510151084;74;255;1510151094;0
32;16;10;5;1;74;1510151264;74;255;1510151273;0
32;16;10;5;1;74;1510151274;74;255;1510151284;0
32;16;10;5;1;74;1510151362;74;255;1510151371;0
32;16;10;5;1;74;1510152061;74;255;1510152072;0
32;16;10;5;1;74;1510152243;74;255;1510152252;0
32;16;10;5;1;74;1510152258;74;255;1510152268;0
32;16;10;5;1;74;1510152340;74;255;1510152349;0
32;16;10;5;1;74;1510153046;74;255;1510153055;0
32;16;10;5;1;74;1510153214;74;255;1510153223;0
32;16;10;5;1;74;1510153235;74;255;1510153244;0
32;16;10;5;1;74;1510153307;74;255;1510153316;0
32;16;10;5;1;74;1510154011;74;255;1510154021;0
32;16;10;5;1;74;1510154194;74;255;1510154205;0
32;16;10;5;1;74;1510154218;74;255;1510154227;0
32;16;10;5;1;74;1510154286;74;255;1510154295;0
32;16;10;5;1;74;1510154977;74;255;1510154987;0
32;16;10;5;1;74;1510155150;74;255;1510155159;0
32;16;10;5;1;74;1510155176;74;255;1510155185;0
32;16;10;5;1;74;1510155243;74;255;1510155252;0
32;16;10;5;1;74;1510155948;74;255;1510155957;0
32;16;10;5;1;74;1510156118;74;255;1510156127;0
32;16;10;5;1;74;1510156149;74;255;1510156158;0
32;16;10;5;1;74;1510156217;74;255;1510156227;1
32;16;10;5;1;74;1510156933;74;255;1510156943;0
32;16;10;5;1;74;1510157117;74;255;1510157126;0
32;16;10;5;1;74;1510157140;74;255;1510157150;0
32;16;10;5;1;74;1510157211;74;255;1510157221;0
32;16;10;5;1;74;1510157917;74;255;1510157927;0
32;16;10;5;1;74;1510158093;74;255;1510158102;0
32;16;10;5;1;74;1510158124;74;255;1510158133;0
32;16;10;5;1;74;1510158197;74;255;1510158207;0
32;16;10;5;1;74;1510158877;74;255;1510158887;0
32;16;10;5;1;74;1510159055;74;255;1510159065;0
32;16;10;5;1;74;1510159089;74;255;1510159099;0
32;16;10;5;1;74;1510159152;74;255;1510159162;0
32;16;10;5;1;74;1510159832;74;255;1510159842;0
32;16;10;5;1;74;1510160023;74;255;1510160032;1
32;16;10;5;1;74;1510160052;74;255;1510160061;1
32;16;10;5;1;74;1510160122;74;255;1510160134;0
32;16;10;5;1;74;1510160813;74;255;1510160822;0
32;16;10;5;1;74;1510160992;74;255;1510161002;1
32;16;10;5;1;74;1510161028;74;255;1510161038;0
32;16;10;5;1;74;1510161095;74;255;1510161105;0
32;16;10;5;1;74;1510161796;74;255;1510161805;0
32;16;10;5;1;74;1510161968;74;255;1510161977;0
32;16;10;5;1;74;1510162006;74;255;1510162016;0
32;16;10;5;1;74;1510162064;74;255;1510162073;0
32;16;10;5;1;74;1510162754;74;255;1510162763;0
32;16;10;5;1;74;1510162934;74;255;1510162944;0
32;16;10;5;1;74;1510162978;74;255;1510162988;0
32;16;10;5;1;74;1510163023;74;255;1510163033;0
32;16;10;5;1;74;1510163700;74;255;1510163710;0
32;16;10;5;1;74;1510163882;74;255;1510163891;0
32;16;10;5;1;74;1510163943;74;255;1510163952;0
32;16;10;5;1;74;1510163970;74;255;1510163980;0
32;16;10;5;1;74;1510164641;74;255;1510164651;0
32;16;10;5;1;74;1510164825;74;255;1510164834;0
32;16;10;5;1;74;1510164885;74;255;1510164894;0
32;16;10;5;1;74;1510164916;74;255;1510164926;0
32;16;10;5;1;74;1510165585;74;255;1510165594;0
32;16;10;5;1;74;1510165767;74;255;1510165776;0
32;16;10;5;1;74;1510165829;74;255;1510165838;0
32;16;10;5;1;74;1510165858;74;255;1510165867;0
32;16;10;5;1;74;1510166528;74;255;1510166538;0
32;16;10;5;1;74;1510166710;74;255;1510166719;0
32;16;10;5;1;74;1510166771;74;255;1510166780;0
32;16;10;5;1;74;1510166801;74;255;1510166810;0
32;16;10;5;1;74;1510167471;74;255;1510167480;0
32;16;10;5;1;74;1510167651;74;255;1510167660;0
32;16;10;5;1;74;1510167713;74;255;1510167723;0
32;16;10;5;1;74;1510167747;74;255;1510167756;0
32;16;10;5;1;74;1510168413;74;255;1510168422;0
32;16;10;5;1;74;1510168593;74;255;1510168603;0
32;16;10;5;1;74;1510168655;74;255;1510168665;0
32;16;10;5;1;74;1510168689;74;255;1510168698;0
32;16;10;5;1;74;1510169355;74;255;1510169364;0
32;16;10;5;1;74;1510169537;74;255;1510169546;0
32;16;10;5;1;74;1510169599;74;255;1510169608;0
32;16;10;5;1;74;1510169630;74;255;1510169639;0
32;16;10;5;1;74;1510170297;74;255;1510170307;0
32;16;10;5;1;74;1510170479;74;255;1510170488;0
32;16;10;5;1;74;1510170542;74;255;1510170551;0
32;16;10;5;1;74;1510170573;74;255;1510170582;0
32;16;10;5;1;74;1510171240;74;255;1510171250;0
32;16;10;5;1;74;1510171421;74;255;1510171430;0
32;16;10;5;1;74;1510171487;74;255;1510171496;0
32;16;10;5;1;74;1510171514;74;255;1510171524;1
32;16;10;5;1;74;1510172180;74;255;1510172190;0
32;16;10;5;1;74;1510172363;74;255;1510172372;0
32;16;10;5;1;74;1510172429;74;255;1510172438;0
32;16;10;5;1;74;1510172458;74;255;1510172468;0
32;16;10;5;1;74;1510173124;74;255;1510173133;0
32;16;10;5;1;74;1510173304;74;255;1510173314;0
32;16;10;5;1;74;1510173372;74;255;1510173381;0
32;16;10;5;1;74;1510173402;74;255;1510173411;0
32;16;10;5;1;74;1510174068;74;255;1510174078;0
32;16;10;5;1;74;1510174245;74;255;1510174255;0
32;16;10;5;1;74;1510174315;74;255;1510174324;0
32;16;10;5;1;74;1510174343;74;255;1510174352;0
32;16;10;5;1;74;1510175012;74;255;1510175021;0
32;16;10;5;1;74;1510175188;74;255;1510175197;0
32;16;10;5;1;74;1510175258;74;255;1510175268;0
32;16;10;5;1;74;1510175284;74;255;1510175294;0
32;16;10;5;1;74;1510175956;74;255;1510175965;0
32;16;10;5;1;74;1510176128;74;255;1510176138;0
32;16;10;5;1;74;1510176199;74;255;1510176209;1
32;16;10;5;1;74;1510176225;74;255;1510176234;0
32;16;10;5;1;74;1510176900;74;255;1510176909;0
32;16;10;5;1;74;1510177071;74;255;1510177080;0
32;16;10;5;1;74;1510177142;74;255;1510177151;0
32;16;10;5;1;74;1510177167;74;255;1510177176;0
32;16;10;5;1;74;1510177842;74;255;1510177851;0
32;16;10;5;1;74;1510178014;74;255;1510178023;0
32;16;10;5;1;74;1510178085;74;255;1510178094;0
32;16;10;5;1;74;1510178107;74;255;1510178117;0
32;16;10;5;1;74;1510178786;74;255;1510178795;1
32;16;10;5;1;74;1510178959;74;255;1510178968;0
32;16;10;5;1;74;1510179024;74;255;1510179034;0
32;16;10;5;1;74;1510179050;74;255;1510179059;0
32;16;10;5;1;74;1510179728;74;255;1510179738;0
32;16;10;5;1;74;1510179901;74;255;1510179910;0
32;16;10;5;1;74;1510179965;74;255;1510179974;0
32;16;10;5;1;74;1510179990;74;255;1510180000;0
32;16;10;5;1;74;1510180671;74;255;1510180680;0
32;16;10;5;1;74;1510180843;74;255;1510180852;0
32;16;10;5;1;74;1510180906;74;255;1510180916;0
32;16;10;5;1;74;1510180935;74;255;1510180944;0
32;16;10;5;1;74;1510181616;74;255;1510181625;0
32;16;10;5;1;74;1510181785;74;255;1510181794;0
32;16;10;5;1;74;1510181849;74;255;1510181858;0
32;16;10;5;1;74;1510181876;74;255;1510181886;0
32;16;10;5;1;74;1510182559;74;255;1510182569;0
32;16;10;5;1;74;1510182727;74;255;1510182736;0
32;16;10;5;1;74;1510182792;74;255;1510182801;0
32;16;10;5;1;74;1510182819;74;255;1510182828;0
32;16;10;5;1;74;1510183503;74;255;1510183512;0
32;16;10;5;1;74;1510183668;74;255;1510183678;0
32;16;10;5;1;74;1510183734;74;255;1510183743;0
32;16;10;5;1;74;1510183759;74;255;1510183768;0
32;16;10;5;1;74;1510184446;74;255;1510184455;0
32;16;10;5;1;74;1510184612;74;255;1510184621;0
32;16;10;5;1;74;1510184676;74;255;1510184685;0
32;16;10;5;1;74;1510184701;74;255;1510184710;0
32;16;10;5;1;74;1510185389;74;255;1510185399;0
32;16;10;5;1;74;1510185555;74;255;1510185566;0
32;16;10;5;1;74;1510185620;74;255;1510185629;0
32;16;10;5;1;74;1510185642;74;255;1510185651;0
32;16;10;5;1;74;1510186331;74;255;1510186340;0
32;16;10;5;1;74;1510186499;74;255;1510186509;0
32;16;10;5;1;74;1510186561;74;255;1510186570;0
32;16;10;5;1;74;1510186584;74;255;1510186593;0
32;16;10;5;1;74;1510187273;74;255;1510187283;0
32;16;10;5;1;74;1510187442;74;255;1510187451;0
32;16;10;5;1;74;1510187501;74;255;1510187510;1
32;16;10;5;1;74;1510187525;74;255;1510187534;0
32;16;10;5;1;74;1510188215;74;255;1510188225;0
32;16;10;5;1;74;1510188385;74;255;1510188394;0
32;16;10;5;1;74;1510188443;74;255;1510188452;0
32;16;10;5;1;74;1510188469;74;255;1510188478;0
32;16;10;5;1;74;1510189155;74;255;1510189165;0
32;16;10;5;1;74;1510189329;74;255;1510189338;0
32;16;10;5;1;74;1510189384;74;255;1510189394;0
32;16;10;5;1;74;1510189413;74;255;1510189422;0
32;16;10;5;1;74;1510190096;74;255;1510190105;0
32;16;10;5;1;74;1510190270;74;255;1510190279;0
32;16;10;5;1;74;1510190325;74;255;1510190334;0
32;16;10;5;1;74;1510190356;74;255;1510190365;0
32;16;10;5;1;74;1510191036;74;255;1510191046;0
32;16;10;5;1;74;1510191214;74;255;1510191223;0
32;16;10;5;1;74;1510191266;74;255;1510191275;1
32;16;10;5;1;74;1510191300;74;255;1510191309;0
32;16;10;5;1;74;1510191980;74;255;1510191989;0
32;16;10;5;1;74;1510192157;74;255;1510192166;0
32;16;10;5;1;74;1510192205;74;255;1510192214;0
32;16;10;5;1;74;1510192243;74;255;1510192252;0
32;16;10;5;1;74;1510192923;74;255;1510192932;0
32;16;10;5;1;74;1510193098;74;255;1510193107;0
32;16;10;5;1;74;1510193148;74;255;1510193157;0
32;16;10;5;1;74;1510193187;74;255;1510193196;0
32;16;10;5;1;74;1510193862;74;255;1510193872;0
32;16;10;5;1;74;1510194040;74;255;1510194049;0
32;16;10;5;1;74;1510194090;74;255;1510194099;0
32;16;10;5;1;74;1510194128;74;255;1510194138;0
32;16;10;5;1;74;1510194805;74;255;1510194814;0
32;16;10;5;1;74;1510194983;74;255;1510194993;0
32;16;10;5;1;74;1510195031;74;255;1510195040;0
32;16;10;5;1;74;1510195071;74;255;1510195081;0
32;16;10;5;1;74;1510195747;74;255;1510195756;0
32;16;10;5;1;74;1510195927;74;255;1510195936;0
32;16;10;5;1;74;1510195974;74;255;1510195983;0
32;16;10;5;1;74;1510196012;74;255;1510196021;0
32;16;10;5;1;74;1510196690;74;255;1510196699;0
32;16;10;5;1;74;1510196870;74;255;1510196879;0
32;16;10;5;1;74;1510196917;74;255;1510196926;0
32;16;10;5;1;74;1510196951;74;255;1510196961;0
32;16;10;5;1;74;1510197633;74;255;1510197642;0
32;16;10;5;1;74;1510197811;74;255;1510197820;0
32;16;10;5;1;74;1510197860;74;255;1510197870;0
32;16;10;5;1;74;1510197893;74;255;1510197902;0
32;16;10;5;1;74;1510198574;74;255;1510198583;0
32;16;10;5;1;74;1510198752;74;255;1510198761;0
32;16;10;5;1;74;1510198806;74;255;1510198816;1
32;16;10;5;1;74;1510198834;74;255;1510198844;0
32;16;10;5;1;74;1510199514;74;255;1510199523;0
32;16;10;5;1;74;1510199693;74;255;1510199703;0
32;16;10;5;1;74;1510199752;74;255;1510199761;0
32;16;10;5;1;74;1510199776;74;255;1510199785;0
32;16;10;5;1;74;1510200457;74;255;1510200466;0
32;16;10;5;1;74;1510200634;74;255;1510200643;0
32;16;10;5;1;74;1510200697;74;255;1510200707;0
32;16;10;5;1;74;1510200715;74;255;1510200725;0
32;16;10;5;1;74;1510201398;74;255;1510201407;0
32;16;10;5;1;74;1510201574;74;255;1510201584;0
32;16;10;5;1;74;1510201641;74;255;1510201650;0
32;16;10;5;1;74;1510201656;74;255;1510201666;0
32;16;10;5;1;74;1510202340;74;255;1510202349;0
32;16;10;5;1;74;1510202518;74;255;1510202527;0
32;16;10;5;1;74;1510202583;74;255;1510202592;0
32;16;10;5;1;74;1510202600;74;255;1510202609;1
32;16;10;5;1;74;1510203282;74;255;1510203291;0
32;16;10;5;1;74;1510203463;74;255;1510203472;0
32;16;10;5;1;74;1510203524;74;255;1510203533;0
32;16;10;5;1;74;1510203545;74;255;1510203554;0
32;16;10;5;1;74;1510204222;74;255;1510204232;0
32;16;10;5;1;74;1510204404;74;255;1510204414;0
32;16;10;5;1;74;1510204465;74;255;1510204474;0
32;16;10;5;1;74;1510204489;74;255;1510204498;0
32;16;10;5;1;74;1510205164;74;255;1510205173;0
32;16;10;5;1;74;1510205345;74;255;1510205354;0
32;16;10;5;1;74;1510205409;74;255;1510205418;0
32;16;10;5;1;74;1510205431;74;255;1510205440;0
32;16;10;5;1;74;1510206108;74;255;1510206117;0
32;16;10;5;1;74;1510206287;74;255;1510206296;0
32;16;10;5;1;74;1510206353;74;255;1510206363;0
32;16;10;5;1;74;1510206375;74;255;1510206384;0
32;16;10;5;1;74;1510207050;74;255;1510207059;0
32;16;10;5;1;74;1510207229;74;255;1510207238;0
32;16;10;5;1;74;1510207296;74;255;1510207305;0
32;16;10;5;1;74;1510207317;74;255;1510207326;0
32;16;10;5;1;74;1510207991;74;255;1510208000;0
32;16;10;5;1;74;1510208172;74;255;1510208181;0
32;16;10;5;1;74;1510208238;74;255;1510208248;0
32;16;10;5;1;74;1510208258;74;255;1510208267;0
32;16;10;5;1;74;1510208932;74;255;1510208941;0
32;16;10;5;1;74;1510209115;74;255;1510209124;0
32;16;10;5;1;74;1510209180;74;255;1510209189;0
32;16;10;5;1;74;1510209201;74;255;1510209210;0
32;16;10;5;1;74;1510209875;74;255;1510209884;0
32;16;10;5;1;74;1510210056;74;255;1510210066;0
32;16;10;5;1;74;1510210123;74;255;1510210133;0
32;16;10;5;1;74;1510210143;74;255;1510210152;0
32;16;10;5;1;74;1510210818;74;255;1510210827;0
32;16;10;5;1;74;1510210997;74;255;1510211006;0
32;16;10;5;1;74;1510211065;74;255;1510211075;0
32;16;10;5;1;74;1510211087;74;255;1510211096;0
32;16;10;5;1;74;1510211761;74;255;1510211770;0
32;16;10;5;1;74;1510211939;74;255;1510211949;0
32;16;10;5;1;74;1510212005;74;255;1510212015;0
32;16;10;5;1;74;1510212027;74;255;1510212037;0
32;16;10;5;1;74;1510212702;74;255;1510212711;0
32;16;10;5;1;74;1510212881;74;255;1510212891;0
32;16;10;5;1;74;1510212947;74;255;1510212957;0
32;16;10;5;1;74;1510212970;74;255;1510212980;0
32;16;10;5;1;74;1510213644;74;255;1510213654;0
32;16;10;5;1;74;1510213824;74;255;1510213833;0
32;16;10;5;1;74;1510213890;74;255;1510213900;0
32;16;10;5;1;74;1510213914;74;255;1510213923;0
32;16;10;5;1;74;1510214587;74;255;1510214596;0
32;16;10;5;1;74;1510214766;74;255;1510214776;0
32;16;10;5;1;74;1510214832;74;255;1510214841;0
32;16;10;5;1;74;1510214857;74;255;1510214866;0
32;16;10;5;1;74;1510215529;74;255;1510215538;0
32;16;10;5;1;74;1510215706;74;255;1510215716;0
32;16;10;5;1;74;1510215773;74;255;1510215783;0
32;16;10;5;1;74;1510215801;74;255;1510215810;0
32;16;10;5;1;74;1510216472;74;255;1510216482;0
32;16;10;5;1;74;1510216649;74;255;1510216658;0
32;16;10;5;1;74;1510216715;74;255;1510216724;0
32;16;10;5;1;74;1510216743;74;255;1510216752;0
32;16;10;5;1;74;1510217415;74;255;1510217424;0
32;16;10;5;1;74;1510217591;74;255;1510217600;0
32;16;10;5;1;74;1510217656;74;255;1510217666;0
32;16;10;5;1;74;1510217687;74;255;1510217696;0
32;16;10;5;1;74;1510218357;74;255;1510218366;0
32;16;10;5;1;74;1510218533;74;255;1510218542;0
32;16;10;5;1;74;1510218599;74;255;1510218608;0
32;16;10;5;1;74;1510218628;74;255;1510218638;0
32;16;10;5;1;74;1510219324;74;255;1510219334;0
32;16;10;5;1;74;1510219520;74;255;1510219531;0
32;16;10;5;1;74;1510219574;74;255;1510219584;0
32;16;10;5;1;74;1510219610;74;255;1510219619;0
32;16;10;5;1;74;1510220341;74;255;1510220351;0
32;16;10;5;1;74;1510220534;74;255;1510220544;0
32;16;10;5;1;74;1510220583;74;255;1510220593;0
32;16;10;5;1;74;1510220623;74;255;1510220633;0
32;16;10;5;1;74;1510221322;74;255;1510221331;0
32;16;10;5;1;74;1510221512;74;255;1510221522;0
32;16;10;5;1;74;1510221564;74;255;1510221573;0
32;16;10;5;1;74;1510221617;74;255;1510221627;0
32;16;10;5;1;74;1510222326;74;255;1510222336;0
32;16;10;5;1;74;1510222519;74;255;1510222530;0
32;16;10;5;1;74;1510222572;74;255;1510222583;0
32;16;10;5;1;74;1510222636;74;255;1510222645;0
32;16;10;5;1;74;1510223329;74;255;1510223339;0
32;16;10;5;1;74;1510223534;74;255;1510223545;1
32;16;10;5;1;74;1510223590;74;255;1510223601;0
32;16;10;5;1;74;1510223657;74;255;1510223666;0
32;16;10;5;1;74;1510224343;74;255;1510224353;0
32;16;10;5;1;74;1510224542;74;255;1510224551;0
32;16;10;5;1;74;1510224598;74;255;1510224607;0
32;16;10;5;1;74;1510224655;74;255;1510224666;0
32;16;10;5;1;74;1510225343;74;255;1510225353;0
32;16;10;5;1;74;1510225533;74;255;1510225542;0
32;16;10;5;1;74;1510225590;74;255;1510225599;0
32;16;10;5;1;74;1510225639;74;255;1510225649;0
32;16;10;5;1;74;1510226362;74;255;1510226373;1
32;16;10;5;1;74;1510226547;74;255;1510226557;0
32;16;10;5;1;74;1510226601;74;255;1510226611;0
32;16;10;5;1;74;1510226664;74;255;1510226673;0
32;16;10;5;1;74;1510253337;74;255;1510253346;0
32;16;10;5;1;74;1510253344;74;255;1510253353;0
32;16;10;5;1;74;1510253347;74;255;1510253356;0
32;16;10;5;1;74;1510253350;74;255;1510253359;0
32;16;10;5;1;74;1510254278;74;255;1510254287;0
32;16;10;5;1;74;1510254279;74;255;1510254288;0
32;16;10;5;1;74;1510254281;74;255;1510254291;0
32;16;10;5;1;74;1510254301;74;255;1510254310;0
32;16;10;5;1;74;1510255211;74;255;1510255221;0
32;16;10;5;1;74;1510255212;74;255;1510255221;0
32;16;10;5;1;74;1510255213;74;255;1510255222;0
32;16;10;5;1;74;1510255235;74;255;1510255244;0
32;16;10;5;1;74;1510256143;74;255;1510256152;0
32;16;10;5;1;74;1510256144;74;255;1510256153;0
32;16;10;5;1;74;1510256148;74;255;1510256158;0
32;16;10;5;1;74;1510256170;74;255;1510256179;0
32;16;10;5;1;74;1510257073;74;255;1510257083;0
32;16;10;5;1;74;1510257076;74;255;1510257085;0
32;16;10;5;1;74;1510257084;74;255;1510257093;0
32;16;10;5;1;74;1510257104;74;255;1510257113;0
32;16;10;5;1;74;1510258004;74;255;1510258013;0
32;16;10;5;1;74;1510258007;74;255;1510258016;0
32;16;10;5;1;74;1510258019;74;255;1510258029;0
32;16;10;5;1;74;1510258039;74;255;1510258049;0
32;16;10;5;1;74;1510258935;74;255;1510258944;0
32;16;10;5;1;74;1510258939;74;255;1510258948;0
32;16;10;5;1;74;1510258955;74;255;1510258964;0
32;16;10;5;1;74;1510258974;74;255;1510258984;0
32;16;10;5;1;74;1510259866;74;255;1510259875;0
32;16;10;5;1;74;1510259871;74;255;1510259880;0
32;16;10;5;1;74;1510259890;74;255;1510259900;0
32;16;10;5;1;74;1510259909;74;255;1510259918;0
32;16;10;5;1;74;1510260797;74;255;1510260806;0
32;16;10;5;1;74;1510260804;74;255;1510260813;0
32;16;10;5;1;74;1510260826;74;255;1510260835;0
32;16;10;5;1;74;1510260844;74;255;1510260854;0
32;16;10;5;1;74;1510261729;74;255;1510261738;0
32;16;10;5;1;74;1510261735;74;255;1510261745;0
32;16;10;5;1;74;1510261762;74;255;1510261771;0
32;16;10;5;1;74;1510261781;74;255;1510261790;0
32;16;10;5;1;74;1510262660;74;255;1510262669;0
32;16;10;5;1;74;1510262667;74;255;1510262676;0
32;16;10;5;1;74;1510262697;74;255;1510262706;0
32;16;10;5;1;74;1510262716;74;255;1510262725;0
32;16;10;5;1;74;1510263591;74;255;1510263600;0
32;16;10;5;1;74;1510263598;74;255;1510263607;0
32;16;10;5;1;74;1510263633;74;255;1510263643;0
32;16;10;5;1;74;1510263651;74;255;1510263660;0
32;16;10;5;1;74;1510264522;74;255;1510264531;1
32;16;10;5;1;74;1510264530;74;255;1510264539;0
32;16;10;5;1;74;1510264569;74;255;1510264578;0
32;16;10;5;1;74;1510264586;74;255;1510264595;0
32;16;10;5;1;74;1510265454;74;255;1510265463;0
32;16;10;5;1;74;1510265461;74;255;1510265470;0
32;16;10;5;1;74;1510265505;74;255;1510265514;0
32;16;10;5;1;74;1510265521;74;255;1510265530;0
32;16;10;5;1;74;1510266384;74;255;1510266394;0
32;16;10;5;1;74;1510266393;74;255;1510266402;0
32;16;10;5;1;74;1510266442;74;255;1510266451;0
32;16;10;5;1;74;1510266457;74;255;1510266466;0
32;16;10;5;1;74;1510267315;74;255;1510267324;0
32;16;10;5;1;74;1510267324;74;255;1510267333;0
32;16;10;5;1;74;1510267379;74;255;1510267388;0
32;16;10;5;1;74;1510267391;74;255;1510267400;0
32;16;10;5;1;74;1510268246;74;255;1510268255;0
32;16;10;5;1;74;1510268256;74;255;1510268265;0
32;16;10;5;1;74;1510268315;74;255;1510268324;0
32;16;10;5;1;74;1510268326;74;255;1510268335;0
32;16;10;5;1;74;1510269177;74;255;1510269186;0
32;16;10;5;1;74;1510269188;74;255;1510269197;0
32;16;10;5;1;74;1510269252;74;255;1510269262;0
32;16;10;5;1;74;1510269261;74;255;1510269270;0
32;16;10;5;1;74;1510270109;74;255;1510270118;0
32;16;10;5;1;74;1510270121;74;255;1510270130;0
32;16;10;5;1;74;1510270190;74;255;1510270199;1
32;16;10;5;1;74;1510270197;74;255;1510270206;0
32;16;10;5;1;74;1510271039;74;255;1510271049;0
32;16;10;5;1;74;1510271052;74;255;1510271061;0
32;16;10;5;1;74;1510271127;74;255;1510271136;0
32;16;10;5;1;74;1510271133;74;255;1510271142;0
32;16;10;5;1;74;1510271971;74;255;1510271980;0
32;16;10;5;1;74;1510271988;74;255;1510271997;0
32;16;10;5;1;74;1510272060;74;255;1510272069;0
32;16;10;5;1;74;1510272068;74;255;1510272077;0
32;16;10;5;1;74;1510272903;74;255;1510272912;0
32;16;10;5;1;74;1510272925;74;255;1510272934;0
32;16;10;5;1;74;1510272991;74;255;1510273001;0
32;16;10;5;1;74;1510273003;74;255;1510273012;0
32;16;10;5;1;74;1510273834;74;255;1510273843;0
32;16;10;5;1;74;1510273861;74;255;1510273870;0
32;16;10;5;1;74;1510273923;74;255;1510273932;0
32;16;10;5;1;74;1510273941;74;255;1510273950;0
32;16;10;5;1;74;1510274764;74;255;1510274774;0
32;16;10;5;1;74;1510274798;74;255;1510274807;0
32;16;10;5;1;74;1510274855;74;255;1510274864;0
32;16;10;5;1;74;1510274877;74;255;1510274886;0
32;16;10;5;1;74;1510275696;74;255;1510275705;0
32;16;10;5;1;74;1510275735;74;255;1510275744;0
32;16;10;5;1;74;1510275788;74;255;1510275798;0
32;16;10;5;1;74;1510275810;74;255;1510275819;0
32;16;10;5;1;74;1510276627;74;255;1510276636;0
32;16;10;5;1;74;1510276671;74;255;1510276680;0
32;16;10;5;1;74;1510276725;74;255;1510276735;0
32;16;10;5;1;74;1510276741;74;255;1510276750;0
32;16;10;5;1;74;1510277559;74;255;1510277568;0
32;16;10;5;1;74;1510277608;74;255;1510277617;0
32;16;10;5;1;74;1510277661;74;255;1510277670;0
32;16;10;5;1;74;1510277673;74;255;1510277682;0
32;16;10;5;1;74;1510278490;74;255;1510278499;1
32;16;10;5;1;74;1510278544;74;255;1510278554;0
32;16;10;5;1;74;1510278597;74;255;1510278606;0
32;16;10;5;1;74;1510278604;74;255;1510278613;0
32;16;10;5;1;74;1510279421;74;255;1510279430;0
32;16;10;5;1;74;1510279481;74;255;1510279491;0
32;16;10;5;1;74;1510279533;74;255;1510279542;0
32;16;10;5;1;74;1510279535;74;255;1510279545;0
32;16;10;5;1;74;1510280352;74;255;1510280361;0
32;16;10;5;1;74;1510280418;74;255;1510280428;0
32;16;10;5;1;74;1510280467;74;255;1510280476;0
32;16;10;5;1;74;1510280468;74;255;1510280477;0
32;16;10;5;1;74;1510281282;74;255;1510281291;0
32;16;10;5;1;74;1510281356;74;255;1510281365;0
32;16;10;5;1;74;1510281398;74;255;1510281408;0
32;16;10;5;1;74;1510281404;74;255;1510281413;0
32;16;10;5;1;74;1510282213;74;255;1510282222;0
32;16;10;5;1;74;1510282295;74;255;1510282305;0
32;16;10;5;1;74;1510282330;74;255;1510282339;0
32;16;10;5;1;74;1510282339;74;255;1510282349;0
32;16;10;5;1;74;1510283144;74;255;1510283153;0
32;16;10;5;1;74;1510283234;74;255;1510283243;0
32;16;10;5;1;74;1510283262;74;255;1510283271;0
32;16;10;5;1;74;1510283275;74;255;1510283284;0
32;16;10;5;1;74;1510284075;74;255;1510284084;0
32;16;10;5;1;74;1510284171;74;255;1510284181;0
32;16;10;5;1;74;1510284193;74;255;1510284202;0
32;16;10;5;1;74;1510284211;74;255;1510284220;0
32;16;10;5;1;74;1510285006;74;255;1510285015;0
32;16;10;5;1;74;1510285109;74;255;1510285118;0
32;16;10;5;1;74;1510285125;74;255;1510285135;0
32;16;10;5;1;74;1510285144;74;255;1510285154;0
32;16;10;5;1;74;1510285937;74;255;1510285946;0
32;16;10;5;1;74;1510286046;74;255;1510286056;0
32;16;10;5;1;74;1510286061;74;255;1510286070;1
32;16;10;5;1;74;1510286076;74;255;1510286085;0
32;16;10;5;1;74;1510286868;74;255;1510286877;0
32;16;10;5;1;74;1510286984;74;255;1510286993;0
32;16;10;5;1;74;1510286998;74;255;1510287007;0
32;16;10;5;1;74;1510287007;74;255;1510287016;0
32;16;10;5;1;74;1510287798;74;255;1510287808;0
32;16;10;5;1;74;1510287921;74;255;1510287930;0
32;16;10;5;1;74;1510287934;74;255;1510287944;0
32;16;10;5;1;74;1510287939;74;255;1510287949;0
32;16;10;5;1;74;1510288731;74;255;1510288740;0
32;16;10;5;1;74;1510288859;74;255;1510288868;0
32;16;10;5;1;74;1510288869;74;255;1510288879;0
32;16;10;5;1;74;1510288871;74;255;1510288880;0
32;16;10;5;1;74;1510289663;74;255;1510289672;0
32;16;10;5;1;74;1510289797;74;255;1510289806;0
32;16;10;5;1;74;1510289802;74;255;1510289811;0
32;16;10;5;1;74;1510289804;74;255;1510289813;0
32;16;10;5;1;74;1510290595;74;255;1510290604;0
32;16;10;5;1;74;1510290735;74;255;1510290744;0
32;16;10;5;1;74;1510290735;74;255;1510290744;0
32;16;10;5;1;74;1510290738;74;255;1510290748;0
32;16;10;5;1;74;1510291528;74;255;1510291537;0
32;16;10;5;1;74;1510291666;74;255;1510291675;0
32;16;10;5;1;74;1510291673;74;255;1510291682;0
32;16;10;5;1;74;1510291674;74;255;1510291683;0
32;16;10;5;1;74;1510292460;74;255;1510292469;0
32;16;10;5;1;74;1510292597;74;255;1510292606;0
32;16;10;5;1;74;1510292608;74;255;1510292618;0
32;16;10;5;1;74;1510292610;74;255;1510292619;0
32;16;10;5;1;74;1510293393;74;255;1510293402;0
32;16;10;5;1;74;1510293529;74;255;1510293538;0
32;16;10;5;1;74;1510293543;74;255;1510293552;0
32;16;10;5;1;74;1510293550;74;255;1510293559;0
32;16;10;5;1;74;1510294325;74;255;1510294335;0
32;16;10;5;1;74;1510294461;74;255;1510294470;0
32;16;10;5;1;74;1510294477;74;255;1510294486;0
32;16;10;5;1;74;1510294488;74;255;1510294497;0
32;16;10;5;1;74;1510295258;74;255;1510295267;0
32;16;10;5;1;74;1510295393;74;255;1510295402;0
32;16;10;5;1;74;1510295411;74;255;1510295421;0
32;16;10;5;1;74;1510295426;74;255;1510295435;0
32;16;10;5;1;74;1510296191;74;255;1510296200;0
32;16;10;5;1;74;1510296326;74;255;1510296335;0
32;16;10;5;1;74;1510296346;74;255;1510296355;0
32;16;10;5;1;74;1510296364;74;255;1510296374;0
32;16;10;5;1;74;1510297124;74;255;1510297133;0
32;16;10;5;1;74;1510297257;74;255;1510297266;0
32;16;10;5;1;74;1510297281;74;255;1510297291;0
32;16;10;5;1;74;1510297301;74;255;1510297311;0
32;16;10;5;1;74;1510298056;74;255;1510298066;0
32;16;10;5;1;74;1510298189;74;255;1510298198;0
32;16;10;5;1;74;1510298216;74;255;1510298226;0
32;16;10;5;1;74;1510298239;74;255;1510298248;0
32;16;10;5;1;74;1510298989;74;255;1510298998;0
32;16;10;5;1;74;1510299120;74;255;1510299129;0
32;16;10;5;1;74;1510299152;74;255;1510299161;0
32;16;10;5;1;74;1510299178;74;255;1510299187;0
32;16;10;5;1;74;1510299921;74;255;1510299930;0
32;16;10;5;1;74;1510300052;74;255;1510300061;0
32;16;10;5;1;74;1510300087;74;255;1510300096;0
32;16;10;5;1;74;1510300116;74;255;1510300125;0
32;16;10;5;1;74;1510300855;74;255;1510300864;0
32;16;10;5;1;74;1510300984;74;255;1510300994;0
32;16;10;5;1;74;1510301023;74;255;1510301032;0
32;16;10;5;1;74;1510301053;74;255;1510301062;0
32;16;10;5;1;74;1510301787;74;255;1510301796;0
32;16;10;5;1;74;1510301916;74;255;1510301925;0
32;16;10;5;1;74;1510301962;74;255;1510301971;0
32;16;10;5;1;74;1510301987;74;255;1510301996;0
32;16;10;5;1;74;1510302720;74;255;1510302729;0
32;16;10;5;1;74;1510302855;74;255;1510302864;0
32;16;10;5;1;74;1510302904;74;255;1510302915;0
32;16;10;5;1;74;1510302946;74;255;1510302957;0
32;16;10;5;1;74;1510303708;74;255;1510303718;0
32;16;10;5;1;74;1510303856;74;255;1510303866;0
32;16;10;5;1;74;1510303900;74;255;1510303910;0
32;16;10;5;1;74;1510303935;74;255;1510303945;0
32;16;10;5;1;74;1510304684;74;255;1510304694;0
32;16;10;5;1;74;1510304817;74;255;1510304826;0
32;16;10;5;1;74;1510304866;74;255;1510304875;0
32;16;10;5;1;74;1510304914;74;255;1510304924;0
32;16;10;5;1;74;1510305642;74;255;1510305652;0
32;16;10;5;1;74;1510305767;74;255;1510305776;0
32;16;10;5;1;74;1510305823;74;255;1510305832;0
32;16;10;5;1;74;1510305889;74;255;1510305899;0
32;16;10;5;1;74;1510306652;74;255;1510306663;0
32;16;10;5;1;74;1510306800;74;255;1510306809;0
32;16;10;5;1;74;1510306839;74;255;1510306849;0
32;16;10;5;1;74;1510306923;74;255;1510306932;0
