32;16;10;5;1;81;1509982107;81;255;1509982117;0
32;16;10;5;1;81;1509982177;81;255;1509982187;0
32;16;10;5;1;81;1509982250;81;255;1509982260;0
32;16;10;5;1;81;1509982351;81;255;1509982361;0
32;16;10;5;1;81;1509983082;81;255;1509983092;0
32;16;10;5;1;81;1509983142;81;255;1509983152;0
32;16;10;5;1;81;1509983210;81;255;1509983219;0
32;16;10;5;1;81;1509983319;81;255;1509983329;0
32;16;10;5;1;81;1509984025;81;255;1509984035;0
32;16;10;5;1;81;1509984082;81;255;1509984091;0
32;16;10;5;1;81;1509984153;81;255;1509984162;0
32;16;10;5;1;81;1509984262;81;255;1509984271;0
32;16;10;5;1;81;1509984968;81;255;1509984977;0
32;16;10;5;1;81;1509985025;81;255;1509985034;0
32;16;10;5;1;81;1509985093;81;255;1509985103;0
32;16;10;5;1;81;1509985203;81;255;1509985212;0
32;16;10;5;1;81;1509985908;81;255;1509985918;0
32;16;10;5;1;81;1509985966;81;255;1509985975;0
32;16;10;5;1;81;1509986036;81;255;1509986046;0
32;16;10;5;1;81;1509986144;81;255;1509986154;0
32;16;10;5;1;81;1509986849;81;255;1509986858;0
32;16;10;5;1;81;1509986909;81;255;1509986918;0
32;16;10;5;1;81;1509986975;81;255;1509986985;0
32;16;10;5;1;81;1509987088;81;255;1509987097;0
32;16;10;5;1;81;1509987790;81;255;1509987799;0
32;16;10;5;1;81;1509987853;81;255;1509987862;0
32;16;10;5;1;81;1509987914;81;255;1509987924;0
32;16;10;5;1;81;1509988029;81;255;1509988038;0
32;16;10;5;1;81;1509988731;81;255;1509988741;0
32;16;10;5;1;81;1509988794;81;255;1509988803;0
32;16;10;5;1;81;1509988856;81;255;1509988866;0
32;16;10;5;1;81;1509988971;81;255;1509988981;0
32;16;10;5;1;81;1509989673;81;255;1509989682;0
32;16;10;5;1;81;1509989735;81;255;1509989745;1
32;16;10;5;1;81;1509989800;81;255;1509989809;0
32;16;10;5;1;81;1509989913;81;255;1509989923;0
32;16;10;5;1;81;1509990615;81;255;1509990624;0
32;16;10;5;1;81;1509990679;81;255;1509990688;0
32;16;10;5;1;81;1509990740;81;255;1509990750;0
32;16;10;5;1;81;1509990855;81;255;1509990864;0
32;16;10;5;1;81;1509991557;81;255;1509991567;0
32;16;10;5;1;81;1509991619;81;255;1509991628;0
32;16;10;5;1;81;1509991680;81;255;1509991689;0
32;16;10;5;1;81;1509991797;81;255;1509991806;0
32;16;10;5;1;81;1509992500;81;255;1509992510;0
32;16;10;5;1;81;1509992559;81;255;1509992569;0
32;16;10;5;1;81;1509992620;81;255;1509992630;0
32;16;10;5;1;81;1509992739;81;255;1509992748;0
32;16;10;5;1;81;1509993441;81;255;1509993450;0
32;16;10;5;1;81;1509993501;81;255;1509993511;0
32;16;10;5;1;81;1509993562;81;255;1509993571;0
32;16;10;5;1;81;1509993680;81;255;1509993690;0
32;16;10;5;1;81;1509994382;81;255;1509994391;0
32;16;10;5;1;81;1509994442;81;255;1509994451;0
32;16;10;5;1;81;1509994503;81;255;1509994513;0
32;16;10;5;1;81;1509994622;81;255;1509994632;0
32;16;10;5;1;81;1509995325;81;255;1509995334;0
32;16;10;5;1;81;1509995384;81;255;1509995394;0
32;16;10;5;1;81;1509995450;81;255;1509995460;0
32;16;10;5;1;81;1509995565;81;255;1509995574;0
32;16;10;5;1;81;1509996273;81;255;1509996282;0
32;16;10;5;1;81;1509996326;81;255;1509996336;0
32;16;10;5;1;81;1509996402;81;255;1509996411;0
32;16;10;5;1;81;1509996504;81;255;1509996514;0
32;16;10;5;1;81;1509997213;81;255;1509997223;0
32;16;10;5;1;81;1509997268;81;255;1509997278;0
32;16;10;5;1;81;1509997343;81;255;1509997352;0
32;16;10;5;1;81;1509997446;81;255;1509997455;0
32;16;10;5;1;81;1509998154;81;255;1509998164;0
32;16;10;5;1;81;1509998210;81;255;1509998220;0
32;16;10;5;1;81;1509998284;81;255;1509998294;0
32;16;10;5;1;81;1509998387;81;255;1509998397;0
32;16;10;5;1;81;1509999097;81;255;1509999107;0
32;16;10;5;1;81;1509999151;81;255;1509999161;0
32;16;10;5;1;81;1509999224;81;255;1509999233;0
32;16;10;5;1;81;1509999328;81;255;1509999337;0
32;16;10;5;1;81;1510000040;81;255;1510000050;0
32;16;10;5;1;81;1510000095;81;255;1510000104;0
32;16;10;5;1;81;1510000165;81;255;1510000174;0
32;16;10;5;1;81;1510000267;81;255;1510000277;0
32;16;10;5;1;81;1510000983;81;255;1510000993;0
32;16;10;5;1;81;1510001037;81;255;1510001047;0
32;16;10;5;1;81;1510001105;81;255;1510001114;0
32;16;10;5;1;81;1510001208;81;255;1510001218;0
32;16;10;5;1;81;1510001924;81;255;1510001933;0
32;16;10;5;1;81;1510001981;81;255;1510001991;0
32;16;10;5;1;81;1510002045;81;255;1510002055;0
32;16;10;5;1;81;1510002148;81;255;1510002157;0
32;16;10;5;1;81;1510002865;81;255;1510002875;0
32;16;10;5;1;81;1510002925;81;255;1510002935;0
32;16;10;5;1;81;1510002988;81;255;1510002998;0
32;16;10;5;1;81;1510003087;81;255;1510003097;0
32;16;10;5;1;81;1510003806;81;255;1510003816;0
32;16;10;5;1;81;1510003865;81;255;1510003874;0
32;16;10;5;1;81;1510003931;81;255;1510003941;0
32;16;10;5;1;81;1510004031;81;255;1510004041;0
32;16;10;5;1;81;1510004747;81;255;1510004756;0
32;16;10;5;1;81;1510004805;81;255;1510004815;0
32;16;10;5;1;81;1510004874;81;255;1510004883;0
32;16;10;5;1;81;1510004973;81;255;1510004983;0
32;16;10;5;1;81;1510005688;81;255;1510005698;0
32;16;10;5;1;81;1510005747;81;255;1510005757;0
32;16;10;5;1;81;1510005816;81;255;1510005826;0
32;16;10;5;1;81;1510005913;81;255;1510005923;0
32;16;10;5;1;81;1510006628;81;255;1510006637;0
32;16;10;5;1;81;1510006686;81;255;1510006696;0
32;16;10;5;1;81;1510006762;81;255;1510006771;0
32;16;10;5;1;81;1510006854;81;255;1510006863;0
32;16;10;5;1;81;1510007567;81;255;1510007577;0
32;16;10;5;1;81;1510007626;81;255;1510007636;0
32;16;10;5;1;81;1510007705;81;255;1510007715;0
32;16;10;5;1;81;1510007795;81;255;1510007805;0
32;16;10;5;1;81;1510008509;81;255;1510008519;0
32;16;10;5;1;81;1510008566;81;255;1510008575;0
32;16;10;5;1;81;1510008646;81;255;1510008655;0
32;16;10;5;1;81;1510008739;81;255;1510008748;0
32;16;10;5;1;81;1510009451;81;255;1510009461;0
32;16;10;5;1;81;1510009508;81;255;1510009517;0
32;16;10;5;1;81;1510009588;81;255;1510009597;0
32;16;10;5;1;81;1510009680;81;255;1510009690;0
32;16;10;5;1;81;1510010392;81;255;1510010402;0
32;16;10;5;1;81;1510010449;81;255;1510010458;0
32;16;10;5;1;81;1510010529;81;255;1510010538;0
32;16;10;5;1;81;1510010624;81;255;1510010634;0
32;16;10;5;1;81;1510011331;81;255;1510011341;0
32;16;10;5;1;81;1510011392;81;255;1510011402;0
32;16;10;5;1;81;1510011470;81;255;1510011480;0
32;16;10;5;1;81;1510011565;81;255;1510011575;0
32;16;10;5;1;81;1510012273;81;255;1510012282;0
32;16;10;5;1;81;1510012336;81;255;1510012345;0
32;16;10;5;1;81;1510012411;81;255;1510012421;0
32;16;10;5;1;81;1510012504;81;255;1510012514;0
32;16;10;5;1;81;1510013215;81;255;1510013225;0
32;16;10;5;1;81;1510013278;81;255;1510013288;0
32;16;10;5;1;81;1510013352;81;255;1510013362;0
32;16;10;5;1;81;1510013447;81;255;1510013457;0
32;16;10;5;1;81;1510014157;81;255;1510014166;0
32;16;10;5;1;81;1510014220;81;255;1510014230;0
32;16;10;5;1;81;1510014293;81;255;1510014302;0
32;16;10;5;1;81;1510014389;81;255;1510014398;0
32;16;10;5;1;81;1510015098;81;255;1510015108;0
32;16;10;5;1;81;1510015161;81;255;1510015171;0
32;16;10;5;1;81;1510015233;81;255;1510015243;0
32;16;10;5;1;81;1510015331;81;255;1510015340;0
32;16;10;5;1;81;1510016040;81;255;1510016050;0
32;16;10;5;1;81;1510016102;81;255;1510016112;0
32;16;10;5;1;81;1510016175;81;255;1510016184;0
32;16;10;5;1;81;1510016271;81;255;1510016281;0
32;16;10;5;1;81;1510016980;81;255;1510016990;0
32;16;10;5;1;81;1510017046;81;255;1510017055;0
32;16;10;5;1;81;1510017115;81;255;1510017125;0
32;16;10;5;1;81;1510017213;81;255;1510017222;0
32;16;10;5;1;81;1510017921;81;255;1510017931;0
32;16;10;5;1;81;1510017988;81;255;1510017998;0
32;16;10;5;1;81;1510018057;81;255;1510018067;0
32;16;10;5;1;81;1510018154;81;255;1510018164;0
32;16;10;5;1;81;1510018862;81;255;1510018871;0
32;16;10;5;1;81;1510018931;81;255;1510018941;0
32;16;10;5;1;81;1510018998;81;255;1510019008;1
32;16;10;5;1;81;1510019096;81;255;1510019106;0
32;16;10;5;1;81;1510019804;81;255;1510019814;0
32;16;10;5;1;81;1510019876;81;255;1510019885;0
32;16;10;5;1;81;1510019938;81;255;1510019947;0
32;16;10;5;1;81;1510020036;81;255;1510020046;0
32;16;10;5;1;81;1510020745;81;255;1510020755;0
32;16;10;5;1;81;1510020818;81;255;1510020828;0
32;16;10;5;1;81;1510020879;81;255;1510020888;0
32;16;10;5;1;81;1510020977;81;255;1510020987;0
32;16;10;5;1;81;1510021685;81;255;1510021695;0
32;16;10;5;1;81;1510021758;81;255;1510021767;0
32;16;10;5;1;81;1510021821;81;255;1510021830;0
32;16;10;5;1;81;1510021919;81;255;1510021929;0
32;16;10;5;1;81;1510022625;81;255;1510022635;0
32;16;10;5;1;81;1510022699;81;255;1510022709;0
32;16;10;5;1;81;1510022764;81;255;1510022774;0
32;16;10;5;1;81;1510022860;81;255;1510022869;0
32;16;10;5;1;81;1510023568;81;255;1510023577;0
32;16;10;5;1;81;1510023640;81;255;1510023650;0
32;16;10;5;1;81;1510023707;81;255;1510023716;0
32;16;10;5;1;81;1510023801;81;255;1510023810;0
32;16;10;5;1;81;1510024510;81;255;1510024519;0
32;16;10;5;1;81;1510024581;81;255;1510024591;0
32;16;10;5;1;81;1510024648;81;255;1510024658;0
32;16;10;5;1;81;1510024742;81;255;1510024752;0
32;16;10;5;1;81;1510025455;81;255;1510025464;0
32;16;10;5;1;81;1510025522;81;255;1510025531;0
32;16;10;5;1;81;1510025590;81;255;1510025600;0
32;16;10;5;1;81;1510025682;81;255;1510025691;0
32;16;10;5;1;81;1510026396;81;255;1510026406;0
32;16;10;5;1;81;1510026462;81;255;1510026472;0
32;16;10;5;1;81;1510026532;81;255;1510026542;0
32;16;10;5;1;81;1510026623;81;255;1510026633;0
32;16;10;5;1;81;1510027337;81;255;1510027346;0
32;16;10;5;1;81;1510027402;81;255;1510027412;0
32;16;10;5;1;81;1510027475;81;255;1510027484;0
32;16;10;5;1;81;1510027564;81;255;1510027574;0
32;16;10;5;1;81;1510028280;81;255;1510028289;0
32;16;10;5;1;81;1510028346;81;255;1510028355;0
32;16;10;5;1;81;1510028416;81;255;1510028425;0
32;16;10;5;1;81;1510028503;81;255;1510028513;0
32;16;10;5;1;81;1510029221;81;255;1510029231;0
32;16;10;5;1;81;1510029287;81;255;1510029297;0
32;16;10;5;1;81;1510029357;81;255;1510029366;0
32;16;10;5;1;81;1510029445;81;255;1510029454;0
32;16;10;5;1;81;1510030162;81;255;1510030171;0
32;16;10;5;1;81;1510030230;81;255;1510030240;0
32;16;10;5;1;81;1510030301;81;255;1510030311;0
32;16;10;5;1;81;1510030384;81;255;1510030394;0
32;16;10;5;1;81;1510031105;81;255;1510031114;0
32;16;10;5;1;81;1510031171;81;255;1510031181;0
32;16;10;5;1;81;1510031245;81;255;1510031254;0
32;16;10;5;1;81;1510031326;81;255;1510031336;0
32;16;10;5;1;81;1510032044;81;255;1510032054;0
32;16;10;5;1;81;1510032111;81;255;1510032121;0
32;16;10;5;1;81;1510032188;81;255;1510032198;0
32;16;10;5;1;81;1510032268;81;255;1510032278;0
32;16;10;5;1;81;1510032986;81;255;1510032995;0
32;16;10;5;1;81;1510033052;81;255;1510033062;0
32;16;10;5;1;81;1510033131;81;255;1510033140;0
32;16;10;5;1;81;1510033209;81;255;1510033218;0
32;16;10;5;1;81;1510033929;81;255;1510033939;1
32;16;10;5;1;81;1510033994;81;255;1510034003;0
32;16;10;5;1;81;1510034071;81;255;1510034081;0
32;16;10;5;1;81;1510034149;81;255;1510034159;0
32;16;10;5;1;81;1510034870;81;255;1510034879;0
32;16;10;5;1;81;1510034935;81;255;1510034945;0
32;16;10;5;1;81;1510035011;81;255;1510035020;0
32;16;10;5;1;81;1510035091;81;255;1510035101;1
32;16;10;5;1;81;1510035812;81;255;1510035821;0
32;16;10;5;1;81;1510035877;81;255;1510035887;0
32;16;10;5;1;81;1510035954;81;255;1510035963;0
32;16;10;5;1;81;1510036030;81;255;1510036040;0
32;16;10;5;1;81;1510036753;81;255;1510036762;0
32;16;10;5;1;81;1510036821;81;255;1510036830;0
32;16;10;5;1;81;1510036894;81;255;1510036904;0
32;16;10;5;1;81;1510036971;81;255;1510036980;0
32;16;10;5;1;81;1510037696;81;255;1510037706;0
32;16;10;5;1;81;1510037763;81;255;1510037772;1
32;16;10;5;1;81;1510037834;81;255;1510037844;0
32;16;10;5;1;81;1510037912;81;255;1510037921;0
32;16;10;5;1;81;1510038638;81;255;1510038647;0
32;16;10;5;1;81;1510038705;81;255;1510038715;0
32;16;10;5;1;81;1510038775;81;255;1510038784;0
32;16;10;5;1;81;1510038853;81;255;1510038862;0
32;16;10;5;1;81;1510039579;81;255;1510039588;0
32;16;10;5;1;81;1510039646;81;255;1510039655;0
32;16;10;5;1;81;1510039718;81;255;1510039728;0
32;16;10;5;1;81;1510039794;81;255;1510039803;0
32;16;10;5;1;81;1510040520;81;255;1510040529;0
32;16;10;5;1;81;1510040586;81;255;1510040596;0
32;16;10;5;1;81;1510040661;81;255;1510040671;0
32;16;10;5;1;81;1510040734;81;255;1510040743;0
32;16;10;5;1;81;1510041461;81;255;1510041470;0
32;16;10;5;1;81;1510041530;81;255;1510041539;0
32;16;10;5;1;81;1510041604;81;255;1510041614;0
32;16;10;5;1;81;1510041674;81;255;1510041684;0
32;16;10;5;1;81;1510042403;81;255;1510042413;0
32;16;10;5;1;81;1510042470;81;255;1510042479;0
32;16;10;5;1;81;1510042546;81;255;1510042556;0
32;16;10;5;1;81;1510042616;81;255;1510042626;0
32;16;10;5;1;81;1510043343;81;255;1510043352;0
32;16;10;5;1;81;1510043413;81;255;1510043423;0
32;16;10;5;1;81;1510043486;81;255;1510043496;0
32;16;10;5;1;81;1510043559;81;255;1510043569;0
32;16;10;5;1;81;1510044283;81;255;1510044292;0
32;16;10;5;1;81;1510044357;81;255;1510044367;0
32;16;10;5;1;81;1510044428;81;255;1510044438;0
32;16;10;5;1;81;1510044502;81;255;1510044512;0
32;16;10;5;1;81;1510045266;81;255;1510045278;0
32;16;10;5;1;81;1510045341;81;255;1510045351;0
32;16;10;5;1;81;1510045418;81;255;1510045428;0
32;16;10;5;1;81;1510045498;81;255;1510045507;0
32;16;10;5;1;81;1510046287;81;255;1510046298;0
32;16;10;5;1;81;1510046367;81;255;1510046377;0
32;16;10;5;1;81;1510046442;81;255;1510046452;0
32;16;10;5;1;81;1510046505;81;255;1510046515;0
32;16;10;5;1;81;1510047254;81;255;1510047264;0
32;16;10;5;1;81;1510047269;81;255;1510047279;0
32;16;10;5;1;81;1510047274;81;255;1510047283;0
32;16;10;5;1;81;1510047274;81;255;1510047284;0
32;16;10;5;1;81;1510048235;81;255;1510048245;0
32;16;10;5;1;81;1510048251;81;255;1510048260;0
32;16;10;5;1;81;1510048253;81;255;1510048262;0
32;16;10;5;1;81;1510048260;81;255;1510048270;0
32;16;10;5;1;81;1510049218;81;255;1510049231;0
32;16;10;5;1;81;1510049226;81;255;1510049237;0
32;16;10;5;1;81;1510049231;81;255;1510049242;0
32;16;10;5;1;81;1510049250;81;255;1510049263;1
32;16;10;5;1;81;1510050230;81;255;1510050240;0
32;16;10;5;1;81;1510050236;81;255;1510050246;0
32;16;10;5;1;81;1510050253;81;255;1510050263;0
32;16;10;5;1;81;1510051190;81;255;1510051199;0
32;16;10;5;1;81;1510051194;81;255;1510051204;0
32;16;10;5;1;81;1510051212;81;255;1510051221;0
32;16;10;5;1;81;1510052145;81;255;1510052155;0
32;16;10;5;1;81;1510052151;81;255;1510052161;0
32;16;10;5;1;81;1510052170;81;255;1510052179;0
32;16;10;5;1;81;1510053103;81;255;1510053112;0
32;16;10;5;1;81;1510053109;81;255;1510053119;0
32;16;10;5;1;81;1510053128;81;255;1510053138;0
32;16;10;5;1;81;1510054060;81;255;1510054070;0
32;16;10;5;1;81;1510054068;81;255;1510054077;0
32;16;10;5;1;81;1510054086;81;255;1510054096;0
32;16;10;5;1;81;1510055019;81;255;1510055029;0
32;16;10;5;1;81;1510055028;81;255;1510055038;0
32;16;10;5;1;81;1510055048;81;255;1510055058;0
32;16;10;5;1;81;1510055992;81;255;1510056001;0
32;16;10;5;1;81;1510056004;81;255;1510056014;0
32;16;10;5;1;81;1510056023;81;255;1510056033;0
32;16;10;5;1;81;1510056945;81;255;1510056954;0
32;16;10;5;1;81;1510056966;81;255;1510056976;0
32;16;10;5;1;81;1510056993;81;255;1510057003;0
32;16;10;5;1;81;1510057890;81;255;1510057900;0
32;16;10;5;1;81;1510057912;81;255;1510057921;0
32;16;10;5;1;81;1510057939;81;255;1510057948;0
32;16;10;5;1;81;1510058830;81;255;1510058840;0
32;16;10;5;1;81;1510058852;81;255;1510058862;0
32;16;10;5;1;81;1510058879;81;255;1510058888;0
32;16;10;5;1;81;1510059772;81;255;1510059781;0
32;16;10;5;1;81;1510059792;81;255;1510059802;0
32;16;10;5;1;81;1510059820;81;255;1510059830;0
32;16;10;5;1;81;1510060729;81;255;1510060739;0
32;16;10;5;1;81;1510060749;81;255;1510060759;0
32;16;10;5;1;81;1510060784;81;255;1510060793;0
32;16;10;5;1;81;1510061699;81;255;1510061709;0
32;16;10;5;1;81;1510061710;81;255;1510061720;0
32;16;10;5;1;81;1510061750;81;255;1510061760;0
32;16;10;5;1;81;1510062686;81;255;1510062696;0
32;16;10;5;1;81;1510062691;81;255;1510062701;0
32;16;10;5;1;81;1510062735;81;255;1510062744;1
32;16;10;5;1;81;1510063641;81;255;1510063651;0
32;16;10;5;1;81;1510063643;81;255;1510063653;0
32;16;10;5;1;81;1510063688;81;255;1510063697;0
32;16;10;5;1;81;1510064604;81;255;1510064614;0
32;16;10;5;1;81;1510064606;81;255;1510064616;0
32;16;10;5;1;81;1510064655;81;255;1510064664;0
32;16;10;5;1;81;1510065567;81;255;1510065577;0
32;16;10;5;1;81;1510065569;81;255;1510065578;0
32;16;10;5;1;81;1510065618;81;255;1510065628;0
32;16;10;5;1;81;1510066527;81;255;1510066537;0
32;16;10;5;1;81;1510066528;81;255;1510066538;0
32;16;10;5;1;81;1510066581;81;255;1510066591;0
32;16;10;5;1;81;1510067490;81;255;1510067499;0
32;16;10;5;1;81;1510067492;81;255;1510067501;0
32;16;10;5;1;81;1510067547;81;255;1510067557;1
32;16;10;5;1;81;1510068443;81;255;1510068453;0
32;16;10;5;1;81;1510068445;81;255;1510068455;0
32;16;10;5;1;81;1510068498;81;255;1510068507;0
32;16;10;5;1;81;1510069396;81;255;1510069406;0
32;16;10;5;1;81;1510069405;81;255;1510069415;0
32;16;10;5;1;81;1510069454;81;255;1510069464;0
32;16;10;5;1;81;1510070362;81;255;1510070371;0
32;16;10;5;1;81;1510070376;81;255;1510070386;0
32;16;10;5;1;81;1510070422;81;255;1510070431;0
32;16;10;5;1;81;1510071326;81;255;1510071335;0
32;16;10;5;1;81;1510071337;81;255;1510071347;0
32;16;10;5;1;81;1510071384;81;255;1510071394;1
32;16;10;5;1;81;1510072295;81;255;1510072305;0
32;16;10;5;1;81;1510072301;81;255;1510072310;0
32;16;10;5;1;81;1510072341;81;255;1510072351;0
32;16;10;5;1;81;1510073239;81;255;1510073249;0
32;16;10;5;1;81;1510073245;81;255;1510073255;0
32;16;10;5;1;81;1510073286;81;255;1510073295;0
32;16;10;5;1;81;1510074182;81;255;1510074192;0
32;16;10;5;1;81;1510074188;81;255;1510074198;0
32;16;10;5;1;81;1510074229;81;255;1510074239;0
32;16;10;5;1;81;1510075126;81;255;1510075135;0
32;16;10;5;1;81;1510075131;81;255;1510075141;0
32;16;10;5;1;81;1510075172;81;255;1510075182;0
32;16;10;5;1;81;1510075936;81;255;1510075945;0
32;16;10;5;1;81;1510076107;81;255;1510076117;0
32;16;10;5;1;81;1510076114;81;255;1510076123;0
32;16;10;5;1;81;1510076154;81;255;1510076164;0
32;16;10;5;1;81;1510076878;81;255;1510076888;0
32;16;10;5;1;81;1510077048;81;255;1510077058;0
32;16;10;5;1;81;1510077054;81;255;1510077064;0
32;16;10;5;1;81;1510077094;81;255;1510077104;0
32;16;10;5;1;81;1510077817;81;255;1510077826;0
32;16;10;5;1;81;1510077987;81;255;1510077996;0
32;16;10;5;1;81;1510077995;81;255;1510078004;0
32;16;10;5;1;81;1510078035;81;255;1510078044;0
32;16;10;5;1;81;1510078756;81;255;1510078765;0
32;16;10;5;1;81;1510078927;81;255;1510078937;0
32;16;10;5;1;81;1510078934;81;255;1510078944;1
32;16;10;5;1;81;1510078975;81;255;1510078984;0
32;16;10;5;1;81;1510079697;81;255;1510079706;0
32;16;10;5;1;81;1510079865;81;255;1510079875;0
32;16;10;5;1;81;1510079874;81;255;1510079883;0
32;16;10;5;1;81;1510079914;81;255;1510079924;0
32;16;10;5;1;81;1510080636;81;255;1510080646;0
32;16;10;5;1;81;1510080806;81;255;1510080815;0
32;16;10;5;1;81;1510080812;81;255;1510080822;1
32;16;10;5;1;81;1510080856;81;255;1510080866;0
32;16;10;5;1;81;1510081577;81;255;1510081587;0
32;16;10;5;1;81;1510081745;81;255;1510081755;0
32;16;10;5;1;81;1510081751;81;255;1510081761;0
32;16;10;5;1;81;1510081796;81;255;1510081806;0
32;16;10;5;1;81;1510082515;81;255;1510082525;0
32;16;10;5;1;81;1510082686;81;255;1510082695;0
32;16;10;5;1;81;1510082692;81;255;1510082701;0
32;16;10;5;1;81;1510082737;81;255;1510082746;0
32;16;10;5;1;81;1510083454;81;255;1510083464;0
32;16;10;5;1;81;1510083625;81;255;1510083634;0
32;16;10;5;1;81;1510083635;81;255;1510083645;0
32;16;10;5;1;81;1510083676;81;255;1510083685;0
32;16;10;5;1;81;1510084393;81;255;1510084403;1
32;16;10;5;1;81;1510084564;81;255;1510084573;0
32;16;10;5;1;81;1510084576;81;255;1510084586;0
32;16;10;5;1;81;1510084616;81;255;1510084625;0
32;16;10;5;1;81;1510085333;81;255;1510085342;0
32;16;10;5;1;81;1510085505;81;255;1510085514;0
32;16;10;5;1;81;1510085517;81;255;1510085527;0
32;16;10;5;1;81;1510085556;81;255;1510085566;0
32;16;10;5;1;81;1510086271;81;255;1510086281;0
32;16;10;5;1;81;1510086446;81;255;1510086455;0
32;16;10;5;1;81;1510086460;81;255;1510086469;0
32;16;10;5;1;81;1510086495;81;255;1510086504;0
32;16;10;5;1;81;1510087211;81;255;1510087221;0
32;16;10;5;1;81;1510087387;81;255;1510087396;0
32;16;10;5;1;81;1510087399;81;255;1510087409;0
32;16;10;5;1;81;1510087435;81;255;1510087444;0
32;16;10;5;1;81;1510088151;81;255;1510088160;0
32;16;10;5;1;81;1510088328;81;255;1510088337;0
32;16;10;5;1;81;1510088339;81;255;1510088348;0
32;16;10;5;1;81;1510088374;81;255;1510088383;0
32;16;10;5;1;81;1510089091;81;255;1510089100;0
32;16;10;5;1;81;1510089267;81;255;1510089276;0
32;16;10;5;1;81;1510089280;81;255;1510089289;0
32;16;10;5;1;81;1510089313;81;255;1510089323;0
32;16;10;5;1;81;1510090029;81;255;1510090039;0
32;16;10;5;1;81;1510090206;81;255;1510090216;0
32;16;10;5;1;81;1510090220;81;255;1510090229;0
32;16;10;5;1;81;1510090258;81;255;1510090268;0
32;16;10;5;1;81;1510090969;81;255;1510090978;0
32;16;10;5;1;81;1510091146;81;255;1510091156;0
32;16;10;5;1;81;1510091160;81;255;1510091169;0
32;16;10;5;1;81;1510091199;81;255;1510091209;0
32;16;10;5;1;81;1510091908;81;255;1510091917;0
32;16;10;5;1;81;1510092086;81;255;1510092096;0
32;16;10;5;1;81;1510092101;81;255;1510092110;0
32;16;10;5;1;81;1510092139;81;255;1510092148;0
32;16;10;5;1;81;1510092847;81;255;1510092857;0
32;16;10;5;1;81;1510093026;81;255;1510093035;0
32;16;10;5;1;81;1510093041;81;255;1510093051;0
32;16;10;5;1;81;1510093079;81;255;1510093089;0
32;16;10;5;1;81;1510093787;81;255;1510093796;0
32;16;10;5;1;81;1510093965;81;255;1510093975;0
32;16;10;5;1;81;1510093981;81;255;1510093990;1
32;16;10;5;1;81;1510094022;81;255;1510094032;0
32;16;10;5;1;81;1510094728;81;255;1510094737;0
32;16;10;5;1;81;1510094904;81;255;1510094914;0
32;16;10;5;1;81;1510094920;81;255;1510094929;0
32;16;10;5;1;81;1510094962;81;255;1510094971;0
32;16;10;5;1;81;1510095670;81;255;1510095680;0
32;16;10;5;1;81;1510095844;81;255;1510095854;0
32;16;10;5;1;81;1510095858;81;255;1510095867;0
32;16;10;5;1;81;1510095902;81;255;1510095912;0
32;16;10;5;1;81;1510096613;81;255;1510096623;0
32;16;10;5;1;81;1510096783;81;255;1510096792;0
32;16;10;5;1;81;1510096798;81;255;1510096808;0
32;16;10;5;1;81;1510096842;81;255;1510096852;0
32;16;10;5;1;81;1510097552;81;255;1510097561;0
32;16;10;5;1;81;1510097724;81;255;1510097733;0
32;16;10;5;1;81;1510097736;81;255;1510097746;0
32;16;10;5;1;81;1510097784;81;255;1510097794;0
32;16;10;5;1;81;1510098492;81;255;1510098501;0
32;16;10;5;1;81;1510098665;81;255;1510098675;0
32;16;10;5;1;81;1510098675;81;255;1510098684;0
32;16;10;5;1;81;1510098723;81;255;1510098733;0
32;16;10;5;1;81;1510099432;81;255;1510099441;0
32;16;10;5;1;81;1510099607;81;255;1510099616;0
32;16;10;5;1;81;1510099613;81;255;1510099622;0
32;16;10;5;1;81;1510099665;81;255;1510099674;0
32;16;10;5;1;81;1510100373;81;255;1510100382;0
32;16;10;5;1;81;1510100547;81;255;1510100556;0
32;16;10;5;1;81;1510100552;81;255;1510100562;0
32;16;10;5;1;81;1510100604;81;255;1510100614;0
32;16;10;5;1;81;1510101313;81;255;1510101322;0
32;16;10;5;1;81;1510101486;81;255;1510101495;0
32;16;10;5;1;81;1510101494;81;255;1510101504;0
32;16;10;5;1;81;1510101543;81;255;1510101553;0
32;16;10;5;1;81;1510102253;81;255;1510102263;0
32;16;10;5;1;81;1510102424;81;255;1510102434;0
32;16;10;5;1;81;1510102433;81;255;1510102442;0
32;16;10;5;1;81;1510102486;81;255;1510102496;0
32;16;10;5;1;81;1510103191;81;255;1510103201;0
32;16;10;5;1;81;1510103364;81;255;1510103374;0
32;16;10;5;1;81;1510103374;81;255;1510103383;0
32;16;10;5;1;81;1510103427;81;255;1510103437;0
32;16;10;5;1;81;1510104130;81;255;1510104139;0
32;16;10;5;1;81;1510104303;81;255;1510104313;0
32;16;10;5;1;81;1510104315;81;255;1510104324;0
32;16;10;5;1;81;1510104367;81;255;1510104376;0
32;16;10;5;1;81;1510105069;81;255;1510105078;0
32;16;10;5;1;81;1510105242;81;255;1510105252;0
32;16;10;5;1;81;1510105256;81;255;1510105265;0
32;16;10;5;1;81;1510105306;81;255;1510105316;0
32;16;10;5;1;81;1510106011;81;255;1510106021;0
32;16;10;5;1;81;1510106183;81;255;1510106192;0
32;16;10;5;1;81;1510106194;81;255;1510106203;0
32;16;10;5;1;81;1510106246;81;255;1510106255;0
32;16;10;5;1;81;1510106949;81;255;1510106958;0
32;16;10;5;1;81;1510107126;81;255;1510107136;0
32;16;10;5;1;81;1510107134;81;255;1510107144;0
32;16;10;5;1;81;1510107186;81;255;1510107196;0
32;16;10;5;1;81;1510107888;81;255;1510107898;0
32;16;10;5;1;81;1510108067;81;255;1510108077;0
32;16;10;5;1;81;1510108073;81;255;1510108083;0
32;16;10;5;1;81;1510108128;81;255;1510108137;0
32;16;10;5;1;81;1510108828;81;255;1510108837;0
32;16;10;5;1;81;1510109007;81;255;1510109017;0
32;16;10;5;1;81;1510109014;81;255;1510109023;0
32;16;10;5;1;81;1510109068;81;255;1510109078;0
32;16;10;5;1;81;1510109767;81;255;1510109776;0
32;16;10;5;1;81;1510109948;81;255;1510109958;0
32;16;10;5;1;81;1510109955;81;255;1510109964;0
32;16;10;5;1;81;1510110009;81;255;1510110019;0
32;16;10;5;1;81;1510110706;81;255;1510110716;0
32;16;10;5;1;81;1510110888;81;255;1510110898;0
32;16;10;5;1;81;1510110895;81;255;1510110905;0
32;16;10;5;1;81;1510110949;81;255;1510110958;0
32;16;10;5;1;81;1510111647;81;255;1510111656;0
32;16;10;5;1;81;1510111828;81;255;1510111838;0
32;16;10;5;1;81;1510111836;81;255;1510111845;0
32;16;10;5;1;81;1510111887;81;255;1510111897;0
32;16;10;5;1;81;1510112584;81;255;1510112594;0
32;16;10;5;1;81;1510112772;81;255;1510112781;0
32;16;10;5;1;81;1510112775;81;255;1510112785;0
32;16;10;5;1;81;1510112828;81;255;1510112837;1
32;16;10;5;1;81;1510113522;81;255;1510113531;0
32;16;10;5;1;81;1510113713;81;255;1510113723;0
32;16;10;5;1;81;1510113715;81;255;1510113725;0
32;16;10;5;1;81;1510113767;81;255;1510113777;0
32;16;10;5;1;81;1510114460;81;255;1510114470;0
32;16;10;5;1;81;1510114653;81;255;1510114663;0
32;16;10;5;1;81;1510114657;81;255;1510114666;0
32;16;10;5;1;81;1510114707;81;255;1510114717;0
32;16;10;5;1;81;1510115400;81;255;1510115410;0
32;16;10;5;1;81;1510115593;81;255;1510115603;0
32;16;10;5;1;81;1510115596;81;255;1510115606;0
32;16;10;5;1;81;1510115647;81;255;1510115656;0
32;16;10;5;1;81;1510116342;81;255;1510116352;0
32;16;10;5;1;81;1510116533;81;255;1510116542;0
32;16;10;5;1;81;1510116535;81;255;1510116545;0
32;16;10;5;1;81;1510116586;81;255;1510116595;0
32;16;10;5;1;81;1510117283;81;255;1510117292;1
32;16;10;5;1;81;1510117472;81;255;1510117482;0
32;16;10;5;1;81;1510117477;81;255;1510117486;0
32;16;10;5;1;81;1510117525;81;255;1510117534;0
32;16;10;5;1;81;1510118223;81;255;1510118233;0
32;16;10;5;1;81;1510118412;81;255;1510118422;0
32;16;10;5;1;81;1510118419;81;255;1510118429;1
32;16;10;5;1;81;1510118465;81;255;1510118475;0
32;16;10;5;1;81;1510119166;81;255;1510119176;0
32;16;10;5;1;81;1510119351;81;255;1510119360;0
32;16;10;5;1;81;1510119359;81;255;1510119368;0
32;16;10;5;1;81;1510119404;81;255;1510119413;0
32;16;10;5;1;81;1510120110;81;255;1510120119;0
32;16;10;5;1;81;1510120289;81;255;1510120299;0
32;16;10;5;1;81;1510120297;81;255;1510120307;0
32;16;10;5;1;81;1510120343;81;255;1510120352;0
32;16;10;5;1;81;1510121050;81;255;1510121059;1
32;16;10;5;1;81;1510121230;81;255;1510121239;0
32;16;10;5;1;81;1510121238;81;255;1510121248;0
32;16;10;5;1;81;1510121282;81;255;1510121291;0
32;16;10;5;1;81;1510121990;81;255;1510122000;0
32;16;10;5;1;81;1510122170;81;255;1510122179;0
32;16;10;5;1;81;1510122178;81;255;1510122188;0
32;16;10;5;1;81;1510122221;81;255;1510122231;0
32;16;10;5;1;81;1510122932;81;255;1510122941;0
32;16;10;5;1;81;1510123110;81;255;1510123120;0
32;16;10;5;1;81;1510123118;81;255;1510123128;0
32;16;10;5;1;81;1510123164;81;255;1510123173;0
32;16;10;5;1;81;1510123872;81;255;1510123882;0
32;16;10;5;1;81;1510124049;81;255;1510124059;0
32;16;10;5;1;81;1510124060;81;255;1510124069;0
32;16;10;5;1;81;1510124104;81;255;1510124114;0
32;16;10;5;1;81;1510124812;81;255;1510124822;0
32;16;10;5;1;81;1510124988;81;255;1510124997;0
32;16;10;5;1;81;1510125000;81;255;1510125009;0
32;16;10;5;1;81;1510125044;81;255;1510125053;0
32;16;10;5;1;81;1510125752;81;255;1510125761;0
32;16;10;5;1;81;1510125929;81;255;1510125939;0
32;16;10;5;1;81;1510125939;81;255;1510125949;0
32;16;10;5;1;81;1510125984;81;255;1510125994;0
32;16;10;5;1;81;1510126690;81;255;1510126700;0
32;16;10;5;1;81;1510126869;81;255;1510126878;0
32;16;10;5;1;81;1510126878;81;255;1510126888;0
32;16;10;5;1;81;1510126925;81;255;1510126934;0
32;16;10;5;1;81;1510127631;81;255;1510127641;0
32;16;10;5;1;81;1510127807;81;255;1510127816;0
32;16;10;5;1;81;1510127817;81;255;1510127827;0
32;16;10;5;1;81;1510127867;81;255;1510127877;0
32;16;10;5;1;81;1510128569;81;255;1510128579;0
32;16;10;5;1;81;1510128747;81;255;1510128757;0
32;16;10;5;1;81;1510128757;81;255;1510128767;0
32;16;10;5;1;81;1510128807;81;255;1510128816;0
32;16;10;5;1;81;1510129509;81;255;1510129518;0
32;16;10;5;1;81;1510129689;81;255;1510129699;0
32;16;10;5;1;81;1510129698;81;255;1510129707;0
32;16;10;5;1;81;1510129746;81;255;1510129756;0
32;16;10;5;1;81;1510130498;81;255;1510130508;0
32;16;10;5;1;81;1510130704;81;255;1510130714;0
32;16;10;5;1;81;1510130705;81;255;1510130716;0
32;16;10;5;1;81;1510130751;81;255;1510130761;0
32;16;10;5;1;81;1510131503;81;255;1510131514;0
32;16;10;5;1;81;1510131702;81;255;1510131712;0
32;16;10;5;1;81;1510131712;81;255;1510131723;0
32;16;10;5;1;81;1510131757;81;255;1510131767;0
32;16;10;5;1;81;1510132475;81;255;1510132486;0
32;16;10;5;1;81;1510132657;81;255;1510132666;0
32;16;10;5;1;81;1510132679;81;255;1510132688;0
32;16;10;5;1;81;1510132719;81;255;1510132729;0
32;16;10;5;1;81;1510133490;81;255;1510133502;0
32;16;10;5;1;81;1510133656;81;255;1510133667;0
32;16;10;5;1;81;1510133687;81;255;1510133698;0
32;16;10;5;1;81;1510133738;81;255;1510133747;0
32;16;10;5;1;81;1510134486;81;255;1510134496;0
32;16;10;5;1;81;1510134649;81;255;1510134659;0
32;16;10;5;1;81;1510134686;81;255;1510134697;1
32;16;10;5;1;81;1510134720;81;255;1510134730;0
32;16;10;5;1;81;1510135488;81;255;1510135497;0
32;16;10;5;1;81;1510135652;81;255;1510135662;0
32;16;10;5;1;81;1510135685;81;255;1510135695;0
32;16;10;5;1;81;1510135714;81;255;1510135724;0
32;16;10;5;1;81;1510136485;81;255;1510136496;0
32;16;10;5;1;81;1510136645;81;255;1510136657;0
32;16;10;5;1;81;1510136680;81;255;1510136689;0
32;16;10;5;1;81;1510136719;81;255;1510136731;0
32;16;10;5;1;81;1510137478;81;255;1510137488;0
32;16;10;5;1;81;1510137653;81;255;1510137662;0
32;16;10;5;1;81;1510137662;81;255;1510137672;0
32;16;10;5;1;81;1510137705;81;255;1510137717;0
32;16;10;5;1;81;1510138491;81;255;1510138501;0
32;16;10;5;1;81;1510138671;81;255;1510138681;0
32;16;10;5;1;81;1510138679;81;255;1510138689;0
32;16;10;5;1;81;1510138735;81;255;1510138745;0
32;16;10;5;1;81;1510139478;81;255;1510139487;0
32;16;10;5;1;81;1510139651;81;255;1510139660;0
32;16;10;5;1;81;1510139694;81;255;1510139705;1
32;16;10;5;1;81;1510139711;81;255;1510139721;0
32;16;10;5;1;81;1510140455;81;255;1510140465;0
32;16;10;5;1;81;1510140613;81;255;1510140623;0
32;16;10;5;1;81;1510140686;81;255;1510140696;0
32;16;10;5;1;81;1510140702;81;255;1510140712;0
32;16;10;5;1;81;1510141454;81;255;1510141463;0
32;16;10;5;1;81;1510141597;81;255;1510141607;0
32;16;10;5;1;81;1510141658;81;255;1510141667;0
32;16;10;5;1;81;1510141688;81;255;1510141699;0
32;16;10;5;1;81;1510142440;81;255;1510142451;0
32;16;10;5;1;81;1510142633;81;255;1510142643;1
32;16;10;5;1;81;1510142666;81;255;1510142678;0
32;16;10;5;1;81;1510142725;81;255;1510142736;0
32;16;10;5;1;81;1510143484;81;255;1510143494;0
32;16;10;5;1;81;1510143663;81;255;1510143673;0
32;16;10;5;1;81;1510143691;81;255;1510143701;0
32;16;10;5;1;81;1510143770;81;255;1510143780;0
32;16;10;5;1;81;1510144457;81;255;1510144467;0
32;16;10;5;1;81;1510144625;81;255;1510144635;0
32;16;10;5;1;81;1510144655;81;255;1510144665;0
32;16;10;5;1;81;1510144732;81;255;1510144742;0
32;16;10;5;1;81;1510145399;81;255;1510145408;0
32;16;10;5;1;81;1510145567;81;255;1510145577;0
32;16;10;5;1;81;1510145598;81;255;1510145607;0
32;16;10;5;1;81;1510145673;81;255;1510145682;0
32;16;10;5;1;81;1510146338;81;255;1510146347;0
32;16;10;5;1;81;1510146510;81;255;1510146519;0
32;16;10;5;1;81;1510146540;81;255;1510146550;0
32;16;10;5;1;81;1510146614;81;255;1510146624;0
32;16;10;5;1;81;1510147303;81;255;1510147313;0
32;16;10;5;1;81;1510147480;81;255;1510147490;0
32;16;10;5;1;81;1510147513;81;255;1510147522;0
32;16;10;5;1;81;1510147586;81;255;1510147596;0
32;16;10;5;1;81;1510148279;81;255;1510148288;0
32;16;10;5;1;81;1510148458;81;255;1510148468;0
32;16;10;5;1;81;1510148477;81;255;1510148487;0
32;16;10;5;1;81;1510148557;81;255;1510148567;0
32;16;10;5;1;81;1510149246;81;255;1510149255;0
32;16;10;5;1;81;1510149420;81;255;1510149430;0
32;16;10;5;1;81;1510149433;81;255;1510149443;0
32;16;10;5;1;81;1510149510;81;255;1510149520;0
32;16;10;5;1;81;1510150187;81;255;1510150197;0
32;16;10;5;1;81;1510150364;81;255;1510150373;0
32;16;10;5;1;81;1510150371;81;255;1510150382;0
32;16;10;5;1;81;1510150458;81;255;1510150468;0
32;16;10;5;1;81;1510151153;81;255;1510151162;0
32;16;10;5;1;81;1510151330;81;255;1510151340;0
32;16;10;5;1;81;1510151341;81;255;1510151350;0
32;16;10;5;1;81;1510151428;81;255;1510151438;0
32;16;10;5;1;81;1510152133;81;255;1510152143;0
32;16;10;5;1;81;1510152310;81;255;1510152320;0
32;16;10;5;1;81;1510152330;81;255;1510152341;0
32;16;10;5;1;81;1510152409;81;255;1510152419;0
32;16;10;5;1;81;1510153113;81;255;1510153122;1
32;16;10;5;1;81;1510153280;81;255;1510153289;0
32;16;10;5;1;81;1510153302;81;255;1510153312;0
32;16;10;5;1;81;1510153379;81;255;1510153390;0
32;16;10;5;1;81;1510154080;81;255;1510154090;0
32;16;10;5;1;81;1510154264;81;255;1510154273;0
32;16;10;5;1;81;1510154285;81;255;1510154295;0
32;16;10;5;1;81;1510154352;81;255;1510154362;0
32;16;10;5;1;81;1510155043;81;255;1510155053;0
32;16;10;5;1;81;1510155216;81;255;1510155226;0
32;16;10;5;1;81;1510155242;81;255;1510155252;0
32;16;10;5;1;81;1510155309;81;255;1510155319;0
32;16;10;5;1;81;1510156017;81;255;1510156027;0
32;16;10;5;1;81;1510156186;81;255;1510156197;0
32;16;10;5;1;81;1510156217;81;255;1510156227;0
32;16;10;5;1;81;1510156290;81;255;1510156301;0
32;16;10;5;1;81;1510157002;81;255;1510157012;0
32;16;10;5;1;81;1510157184;81;255;1510157193;0
32;16;10;5;1;81;1510157209;81;255;1510157219;0
32;16;10;5;1;81;1510157279;81;255;1510157290;0
32;16;10;5;1;81;1510157983;81;255;1510157993;0
32;16;10;5;1;81;1510158160;81;255;1510158172;0
32;16;10;5;1;81;1510158194;81;255;1510158204;0
32;16;10;5;1;81;1510158264;81;255;1510158274;0
32;16;10;5;1;81;1510158943;81;255;1510158953;0
32;16;10;5;1;81;1510159122;81;255;1510159132;0
32;16;10;5;1;81;1510159156;81;255;1510159165;0
32;16;10;5;1;81;1510159220;81;255;1510159229;0
32;16;10;5;1;81;1510159903;81;255;1510159913;0
32;16;10;5;1;81;1510160092;81;255;1510160103;0
32;16;10;5;1;81;1510160123;81;255;1510160135;0
32;16;10;5;1;81;1510160195;81;255;1510160205;0
32;16;10;5;1;81;1510160880;81;255;1510160890;0
32;16;10;5;1;81;1510161062;81;255;1510161072;0
32;16;10;5;1;81;1510161099;81;255;1510161109;0
32;16;10;5;1;81;1510161164;81;255;1510161174;0
32;16;10;5;1;81;1510161862;81;255;1510161872;0
32;16;10;5;1;81;1510162035;81;255;1510162045;0
32;16;10;5;1;81;1510162073;81;255;1510162082;0
32;16;10;5;1;81;1510162131;81;255;1510162140;0
32;16;10;5;1;81;1510162820;81;255;1510162830;0
32;16;10;5;1;81;1510163001;81;255;1510163011;0
32;16;10;5;1;81;1510163051;81;255;1510163061;0
32;16;10;5;1;81;1510163091;81;255;1510163101;0
32;16;10;5;1;81;1510163766;81;255;1510163776;0
32;16;10;5;1;81;1510163948;81;255;1510163957;0
32;16;10;5;1;81;1510164009;81;255;1510164018;0
32;16;10;5;1;81;1510164036;81;255;1510164046;0
32;16;10;5;1;81;1510164707;81;255;1510164717;0
32;16;10;5;1;81;1510164891;81;255;1510164900;0
32;16;10;5;1;81;1510164951;81;255;1510164961;0
32;16;10;5;1;81;1510164983;81;255;1510164992;0
32;16;10;5;1;81;1510165651;81;255;1510165660;0
32;16;10;5;1;81;1510165832;81;255;1510165842;0
32;16;10;5;1;81;1510165895;81;255;1510165904;0
32;16;10;5;1;81;1510165923;81;255;1510165933;0
32;16;10;5;1;81;1510166594;81;255;1510166604;0
32;16;10;5;1;81;1510166775;81;255;1510166785;0
32;16;10;5;1;81;1510166837;81;255;1510166847;0
32;16;10;5;1;81;1510166867;81;255;1510166877;0
32;16;10;5;1;81;1510167537;81;255;1510167546;0
32;16;10;5;1;81;1510167717;81;255;1510167726;0
32;16;10;5;1;81;1510167779;81;255;1510167789;0
32;16;10;5;1;81;1510167813;81;255;1510167822;0
32;16;10;5;1;81;1510168479;81;255;1510168488;0
32;16;10;5;1;81;1510168659;81;255;1510168669;0
32;16;10;5;1;81;1510168722;81;255;1510168731;0
32;16;10;5;1;81;1510168755;81;255;1510168764;0
32;16;10;5;1;81;1510169421;81;255;1510169430;0
32;16;10;5;1;81;1510169603;81;255;1510169612;0
32;16;10;5;1;81;1510169665;81;255;1510169674;0
32;16;10;5;1;81;1510169696;81;255;1510169705;0
32;16;10;5;1;81;1510170363;81;255;1510170373;0
32;16;10;5;1;81;1510170544;81;255;1510170554;0
32;16;10;5;1;81;1510170608;81;255;1510170617;0
32;16;10;5;1;81;1510170639;81;255;1510170648;0
32;16;10;5;1;81;1510171306;81;255;1510171316;1
32;16;10;5;1;81;1510171487;81;255;1510171497;0
32;16;10;5;1;81;1510171553;81;255;1510171563;0
32;16;10;5;1;81;1510171581;81;255;1510171590;0
32;16;10;5;1;81;1510172246;81;255;1510172256;0
32;16;10;5;1;81;1510172429;81;255;1510172438;0
32;16;10;5;1;81;1510172495;81;255;1510172504;0
32;16;10;5;1;81;1510172525;81;255;1510172534;0
32;16;10;5;1;81;1510173190;81;255;1510173200;0
32;16;10;5;1;81;1510173370;81;255;1510173380;0
32;16;10;5;1;81;1510173438;81;255;1510173447;0
32;16;10;5;1;81;1510173468;81;255;1510173477;0
32;16;10;5;1;81;1510174134;81;255;1510174144;0
32;16;10;5;1;81;1510174311;81;255;1510174321;0
32;16;10;5;1;81;1510174381;81;255;1510174390;0
32;16;10;5;1;81;1510174408;81;255;1510174418;0
32;16;10;5;1;81;1510175078;81;255;1510175088;0
32;16;10;5;1;81;1510175254;81;255;1510175263;0
32;16;10;5;1;81;1510175324;81;255;1510175334;0
32;16;10;5;1;81;1510175350;81;255;1510175360;0
32;16;10;5;1;81;1510176022;81;255;1510176032;0
32;16;10;5;1;81;1510176194;81;255;1510176204;0
32;16;10;5;1;81;1510176265;81;255;1510176275;0
32;16;10;5;1;81;1510176291;81;255;1510176300;0
32;16;10;5;1;81;1510176966;81;255;1510176976;0
32;16;10;5;1;81;1510177137;81;255;1510177147;0
32;16;10;5;1;81;1510177208;81;255;1510177217;0
32;16;10;5;1;81;1510177232;81;255;1510177242;0
32;16;10;5;1;81;1510177908;81;255;1510177917;0
32;16;10;5;1;81;1510178080;81;255;1510178090;0
32;16;10;5;1;81;1510178150;81;255;1510178160;0
32;16;10;5;1;81;1510178173;81;255;1510178183;0
32;16;10;5;1;81;1510178852;81;255;1510178861;0
32;16;10;5;1;81;1510179025;81;255;1510179035;0
32;16;10;5;1;81;1510179090;81;255;1510179100;0
32;16;10;5;1;81;1510179115;81;255;1510179125;0
32;16;10;5;1;81;1510179794;81;255;1510179804;0
32;16;10;5;1;81;1510179967;81;255;1510179976;0
32;16;10;5;1;81;1510180030;81;255;1510180040;0
32;16;10;5;1;81;1510180056;81;255;1510180066;0
32;16;10;5;1;81;1510180738;81;255;1510180748;0
32;16;10;5;1;81;1510180908;81;255;1510180918;0
32;16;10;5;1;81;1510180973;81;255;1510180982;0
32;16;10;5;1;81;1510181000;81;255;1510181010;0
32;16;10;5;1;81;1510181682;81;255;1510181692;0
32;16;10;5;1;81;1510181851;81;255;1510181860;0
32;16;10;5;1;81;1510181915;81;255;1510181924;0
32;16;10;5;1;81;1510181942;81;255;1510181952;0
32;16;10;5;1;81;1510182626;81;255;1510182635;0
32;16;10;5;1;81;1510182792;81;255;1510182802;0
32;16;10;5;1;81;1510182858;81;255;1510182867;0
32;16;10;5;1;81;1510182885;81;255;1510182894;0
32;16;10;5;1;81;1510183569;81;255;1510183578;0
32;16;10;5;1;81;1510183735;81;255;1510183744;0
32;16;10;5;1;81;1510183799;81;255;1510183809;0
32;16;10;5;1;81;1510183825;81;255;1510183835;0
32;16;10;5;1;81;1510184512;81;255;1510184522;0
32;16;10;5;1;81;1510184678;81;255;1510184688;0
32;16;10;5;1;81;1510184741;81;255;1510184751;0
32;16;10;5;1;81;1510184767;81;255;1510184777;0
32;16;10;5;1;81;1510185455;81;255;1510185465;0
32;16;10;5;1;81;1510185622;81;255;1510185632;0
32;16;10;5;1;81;1510185686;81;255;1510185695;0
32;16;10;5;1;81;1510185708;81;255;1510185718;0
32;16;10;5;1;81;1510186396;81;255;1510186406;0
32;16;10;5;1;81;1510186565;81;255;1510186575;0
32;16;10;5;1;81;1510186626;81;255;1510186636;0
32;16;10;5;1;81;1510186650;81;255;1510186659;0
32;16;10;5;1;81;1510187339;81;255;1510187349;0
32;16;10;5;1;81;1510187508;81;255;1510187518;0
32;16;10;5;1;81;1510187567;81;255;1510187576;0
32;16;10;5;1;81;1510187591;81;255;1510187601;0
32;16;10;5;1;81;1510188281;81;255;1510188291;0
32;16;10;5;1;81;1510188451;81;255;1510188460;0
32;16;10;5;1;81;1510188509;81;255;1510188518;1
32;16;10;5;1;81;1510188535;81;255;1510188544;0
32;16;10;5;1;81;1510189221;81;255;1510189231;0
32;16;10;5;1;81;1510189395;81;255;1510189404;0
32;16;10;5;1;81;1510189450;81;255;1510189460;0
32;16;10;5;1;81;1510189479;81;255;1510189488;0
32;16;10;5;1;81;1510190162;81;255;1510190171;0
32;16;10;5;1;81;1510190336;81;255;1510190345;0
32;16;10;5;1;81;1510190391;81;255;1510190400;0
32;16;10;5;1;81;1510190422;81;255;1510190432;0
32;16;10;5;1;81;1510191103;81;255;1510191112;0
32;16;10;5;1;81;1510191279;81;255;1510191289;0
32;16;10;5;1;81;1510191332;81;255;1510191341;0
32;16;10;5;1;81;1510191366;81;255;1510191375;0
32;16;10;5;1;81;1510192046;81;255;1510192056;0
32;16;10;5;1;81;1510192223;81;255;1510192232;0
32;16;10;5;1;81;1510192270;81;255;1510192280;0
32;16;10;5;1;81;1510192309;81;255;1510192318;0
32;16;10;5;1;81;1510192988;81;255;1510192998;0
32;16;10;5;1;81;1510193164;81;255;1510193174;0
32;16;10;5;1;81;1510193214;81;255;1510193224;0
32;16;10;5;1;81;1510193253;81;255;1510193262;0
32;16;10;5;1;81;1510193928;81;255;1510193938;0
32;16;10;5;1;81;1510194106;81;255;1510194115;0
32;16;10;5;1;81;1510194156;81;255;1510194165;0
32;16;10;5;1;81;1510194194;81;255;1510194204;0
32;16;10;5;1;81;1510194870;81;255;1510194880;0
32;16;10;5;1;81;1510195049;81;255;1510195059;0
32;16;10;5;1;81;1510195097;81;255;1510195106;0
32;16;10;5;1;81;1510195137;81;255;1510195147;0
32;16;10;5;1;81;1510195813;81;255;1510195822;0
32;16;10;5;1;81;1510195993;81;255;1510196003;0
32;16;10;5;1;81;1510196040;81;255;1510196050;0
32;16;10;5;1;81;1510196078;81;255;1510196087;0
32;16;10;5;1;81;1510196756;81;255;1510196766;0
32;16;10;5;1;81;1510196936;81;255;1510196945;0
32;16;10;5;1;81;1510196983;81;255;1510196993;1
32;16;10;5;1;81;1510197017;81;255;1510197027;0
32;16;10;5;1;81;1510197699;81;255;1510197708;0
32;16;10;5;1;81;1510197877;81;255;1510197886;0
32;16;10;5;1;81;1510197926;81;255;1510197936;0
32;16;10;5;1;81;1510197958;81;255;1510197968;0
32;16;10;5;1;81;1510198640;81;255;1510198649;0
32;16;10;5;1;81;1510198818;81;255;1510198827;0
32;16;10;5;1;81;1510198872;81;255;1510198882;0
32;16;10;5;1;81;1510198900;81;255;1510198910;0
32;16;10;5;1;81;1510199580;81;255;1510199589;0
32;16;10;5;1;81;1510199759;81;255;1510199769;0
32;16;10;5;1;81;1510199818;81;255;1510199828;0
32;16;10;5;1;81;1510199841;81;255;1510199851;0
32;16;10;5;1;81;1510200523;81;255;1510200532;0
32;16;10;5;1;81;1510200700;81;255;1510200709;0
32;16;10;5;1;81;1510200763;81;255;1510200773;0
32;16;10;5;1;81;1510200781;81;255;1510200790;0
32;16;10;5;1;81;1510201464;81;255;1510201473;0
32;16;10;5;1;81;1510201640;81;255;1510201650;0
32;16;10;5;1;81;1510201706;81;255;1510201716;0
32;16;10;5;1;81;1510201722;81;255;1510201732;0
32;16;10;5;1;81;1510202406;81;255;1510202416;0
32;16;10;5;1;81;1510202584;81;255;1510202593;0
32;16;10;5;1;81;1510202649;81;255;1510202658;0
32;16;10;5;1;81;1510202666;81;255;1510202675;0
32;16;10;5;1;81;1510203348;81;255;1510203357;0
32;16;10;5;1;81;1510203529;81;255;1510203538;0
32;16;10;5;1;81;1510203590;81;255;1510203599;0
32;16;10;5;1;81;1510203611;81;255;1510203620;0
32;16;10;5;1;81;1510204288;81;255;1510204298;0
32;16;10;5;1;81;1510204470;81;255;1510204480;0
32;16;10;5;1;81;1510204531;81;255;1510204541;0
32;16;10;5;1;81;1510204555;81;255;1510204564;0
32;16;10;5;1;81;1510205230;81;255;1510205240;0
32;16;10;5;1;81;1510205411;81;255;1510205420;0
32;16;10;5;1;81;1510205475;81;255;1510205484;0
32;16;10;5;1;81;1510205497;81;255;1510205506;0
32;16;10;5;1;81;1510206174;81;255;1510206183;0
32;16;10;5;1;81;1510206352;81;255;1510206362;0
32;16;10;5;1;81;1510206419;81;255;1510206429;0
32;16;10;5;1;81;1510206441;81;255;1510206451;0
32;16;10;5;1;81;1510207116;81;255;1510207126;0
32;16;10;5;1;81;1510207295;81;255;1510207305;0
32;16;10;5;1;81;1510207362;81;255;1510207371;0
32;16;10;5;1;81;1510207383;81;255;1510207392;0
32;16;10;5;1;81;1510208057;81;255;1510208066;0
32;16;10;5;1;81;1510208238;81;255;1510208247;0
32;16;10;5;1;81;1510208304;81;255;1510208314;0
32;16;10;5;1;81;1510208324;81;255;1510208333;0
32;16;10;5;1;81;1510208998;81;255;1510209007;0
32;16;10;5;1;81;1510209181;81;255;1510209190;0
32;16;10;5;1;81;1510209246;81;255;1510209255;0
32;16;10;5;1;81;1510209267;81;255;1510209276;0
32;16;10;5;1;81;1510209940;81;255;1510209950;0
32;16;10;5;1;81;1510210122;81;255;1510210132;0
32;16;10;5;1;81;1510210189;81;255;1510210198;0
32;16;10;5;1;81;1510210209;81;255;1510210218;0
32;16;10;5;1;81;1510210884;81;255;1510210894;0
32;16;10;5;1;81;1510211063;81;255;1510211072;0
32;16;10;5;1;81;1510211131;81;255;1510211141;0
32;16;10;5;1;81;1510211152;81;255;1510211162;0
32;16;10;5;1;81;1510211827;81;255;1510211836;0
32;16;10;5;1;81;1510212005;81;255;1510212015;0
32;16;10;5;1;81;1510212071;81;255;1510212081;0
32;16;10;5;1;81;1510212093;81;255;1510212103;1
32;16;10;5;1;81;1510212769;81;255;1510212778;0
32;16;10;5;1;81;1510212947;81;255;1510212957;0
32;16;10;5;1;81;1510213013;81;255;1510213023;0
32;16;10;5;1;81;1510213036;81;255;1510213046;0
32;16;10;5;1;81;1510213710;81;255;1510213720;0
32;16;10;5;1;81;1510213890;81;255;1510213899;0
32;16;10;5;1;81;1510213956;81;255;1510213966;0
32;16;10;5;1;81;1510213980;81;255;1510213989;0
32;16;10;5;1;81;1510214653;81;255;1510214663;0
32;16;10;5;1;81;1510214832;81;255;1510214842;0
32;16;10;5;1;81;1510214897;81;255;1510214907;0
32;16;10;5;1;81;1510214923;81;255;1510214933;0
32;16;10;5;1;81;1510215595;81;255;1510215604;0
32;16;10;5;1;81;1510215772;81;255;1510215781;0
32;16;10;5;1;81;1510215839;81;255;1510215849;0
32;16;10;5;1;81;1510215867;81;255;1510215876;0
32;16;10;5;1;81;1510216538;81;255;1510216548;0
32;16;10;5;1;81;1510216714;81;255;1510216724;0
32;16;10;5;1;81;1510216781;81;255;1510216791;0
32;16;10;5;1;81;1510216809;81;255;1510216819;0
32;16;10;5;1;81;1510217480;81;255;1510217490;0
32;16;10;5;1;81;1510217657;81;255;1510217666;0
32;16;10;5;1;81;1510217722;81;255;1510217732;0
32;16;10;5;1;81;1510217753;81;255;1510217762;0
32;16;10;5;1;81;1510218422;81;255;1510218432;0
32;16;10;5;1;81;1510218599;81;255;1510218609;0
32;16;10;5;1;81;1510218665;81;255;1510218674;0
32;16;10;5;1;81;1510218694;81;255;1510218704;0
32;16;10;5;1;81;1510219394;81;255;1510219404;0
32;16;10;5;1;81;1510219589;81;255;1510219599;0
32;16;10;5;1;81;1510219641;81;255;1510219652;0
32;16;10;5;1;81;1510219678;81;255;1510219688;0
32;16;10;5;1;81;1510220413;81;255;1510220424;0
32;16;10;5;1;81;1510220603;81;255;1510220613;0
32;16;10;5;1;81;1510220651;81;255;1510220661;0
32;16;10;5;1;81;1510220691;81;255;1510220701;0
32;16;10;5;1;81;1510221388;81;255;1510221398;0
32;16;10;5;1;81;1510221583;81;255;1510221595;0
32;16;10;5;1;81;1510221632;81;255;1510221642;0
32;16;10;5;1;81;1510221688;81;255;1510221698;0
32;16;10;5;1;81;1510222396;81;255;1510222407;0
32;16;10;5;1;81;1510222593;81;255;1510222603;0
32;16;10;5;1;81;1510222644;81;255;1510222653;0
32;16;10;5;1;81;1510222706;81;255;1510222716;0
32;16;10;5;1;81;1510223402;81;255;1510223413;0
32;16;10;5;1;81;1510223607;81;255;1510223617;0
32;16;10;5;1;81;1510223660;81;255;1510223670;0
32;16;10;5;1;81;1510223729;81;255;1510223740;0
32;16;10;5;1;81;1510224416;81;255;1510224425;0
32;16;10;5;1;81;1510224612;81;255;1510224622;0
32;16;10;5;1;81;1510224666;81;255;1510224677;0
32;16;10;5;1;81;1510224728;81;255;1510224738;0
32;16;10;5;1;81;1510225416;81;255;1510225426;0
32;16;10;5;1;81;1510225603;81;255;1510225613;0
32;16;10;5;1;81;1510225658;81;255;1510225668;0
32;16;10;5;1;81;1510225707;81;255;1510225716;0
32;16;10;5;1;81;1510226432;81;255;1510226442;0
32;16;10;5;1;81;1510226619;81;255;1510226629;0
32;16;10;5;1;81;1510226671;81;255;1510226680;0
32;16;10;5;1;81;1510226732;81;255;1510226742;0
32;16;10;5;1;81;1510253405;81;255;1510253415;0
32;16;10;5;1;81;1510253409;81;255;1510253418;0
32;16;10;5;1;81;1510253412;81;255;1510253421;0
32;16;10;5;1;81;1510253415;81;255;1510253424;0
32;16;10;5;1;81;1510254343;81;255;1510254353;0
32;16;10;5;1;81;1510254344;81;255;1510254354;0
32;16;10;5;1;81;1510254347;81;255;1510254356;0
32;16;10;5;1;81;1510254366;81;255;1510254375;1
32;16;10;5;1;81;1510255276;81;255;1510255286;0
32;16;10;5;1;81;1510255277;81;255;1510255287;0
32;16;10;5;1;81;1510255278;81;255;1510255288;0
32;16;10;5;1;81;1510255301;81;255;1510255310;0
32;16;10;5;1;81;1510256208;81;255;1510256217;0
32;16;10;5;1;81;1510256209;81;255;1510256219;0
32;16;10;5;1;81;1510256214;81;255;1510256223;0
32;16;10;5;1;81;1510256235;81;255;1510256244;0
32;16;10;5;1;81;1510257139;81;255;1510257148;0
32;16;10;5;1;81;1510257141;81;255;1510257150;0
32;16;10;5;1;81;1510257149;81;255;1510257159;0
32;16;10;5;1;81;1510257170;81;255;1510257180;0
32;16;10;5;1;81;1510258069;81;255;1510258079;0
32;16;10;5;1;81;1510258072;81;255;1510258082;0
32;16;10;5;1;81;1510258085;81;255;1510258094;0
32;16;10;5;1;81;1510258105;81;255;1510258114;0
32;16;10;5;1;81;1510259000;81;255;1510259010;0
32;16;10;5;1;81;1510259004;81;255;1510259014;0
32;16;10;5;1;81;1510259020;81;255;1510259030;0
32;16;10;5;1;81;1510259040;81;255;1510259049;0
32;16;10;5;1;81;1510259931;81;255;1510259940;0
32;16;10;5;1;81;1510259936;81;255;1510259946;0
32;16;10;5;1;81;1510259956;81;255;1510259965;0
32;16;10;5;1;81;1510259974;81;255;1510259984;0
32;16;10;5;1;81;1510260862;81;255;1510260871;0
32;16;10;5;1;81;1510260869;81;255;1510260879;0
32;16;10;5;1;81;1510260891;81;255;1510260901;0
32;16;10;5;1;81;1510260910;81;255;1510260919;0
32;16;10;5;1;81;1510261794;81;255;1510261803;0
32;16;10;5;1;81;1510261800;81;255;1510261810;0
32;16;10;5;1;81;1510261827;81;255;1510261837;0
32;16;10;5;1;81;1510261846;81;255;1510261856;0
32;16;10;5;1;81;1510262725;81;255;1510262734;0
32;16;10;5;1;81;1510262732;81;255;1510262741;0
32;16;10;5;1;81;1510262762;81;255;1510262772;0
32;16;10;5;1;81;1510262781;81;255;1510262791;0
32;16;10;5;1;81;1510263656;81;255;1510263665;0
32;16;10;5;1;81;1510263663;81;255;1510263673;0
32;16;10;5;1;81;1510263699;81;255;1510263708;0
32;16;10;5;1;81;1510263716;81;255;1510263726;0
32;16;10;5;1;81;1510264587;81;255;1510264597;0
32;16;10;5;1;81;1510264595;81;255;1510264605;0
32;16;10;5;1;81;1510264634;81;255;1510264644;0
32;16;10;5;1;81;1510264651;81;255;1510264661;0
32;16;10;5;1;81;1510265519;81;255;1510265528;0
32;16;10;5;1;81;1510265526;81;255;1510265536;0
32;16;10;5;1;81;1510265571;81;255;1510265580;0
32;16;10;5;1;81;1510265586;81;255;1510265596;0
32;16;10;5;1;81;1510266449;81;255;1510266459;0
32;16;10;5;1;81;1510266458;81;255;1510266467;0
32;16;10;5;1;81;1510266507;81;255;1510266517;0
32;16;10;5;1;81;1510266522;81;255;1510266531;0
32;16;10;5;1;81;1510267380;81;255;1510267390;0
32;16;10;5;1;81;1510267389;81;255;1510267399;0
32;16;10;5;1;81;1510267444;81;255;1510267454;0
32;16;10;5;1;81;1510267456;81;255;1510267466;0
32;16;10;5;1;81;1510268311;81;255;1510268320;0
32;16;10;5;1;81;1510268321;81;255;1510268330;0
32;16;10;5;1;81;1510268381;81;255;1510268390;0
32;16;10;5;1;81;1510268391;81;255;1510268401;0
32;16;10;5;1;81;1510269242;81;255;1510269252;0
32;16;10;5;1;81;1510269253;81;255;1510269262;0
32;16;10;5;1;81;1510269318;81;255;1510269327;0
32;16;10;5;1;81;1510269326;81;255;1510269336;0
32;16;10;5;1;81;1510270174;81;255;1510270183;0
32;16;10;5;1;81;1510270186;81;255;1510270195;0
32;16;10;5;1;81;1510270255;81;255;1510270265;0
32;16;10;5;1;81;1510270262;81;255;1510270272;0
32;16;10;5;1;81;1510271105;81;255;1510271114;0
32;16;10;5;1;81;1510271117;81;255;1510271127;1
32;16;10;5;1;81;1510271192;81;255;1510271202;0
32;16;10;5;1;81;1510271199;81;255;1510271208;0
32;16;10;5;1;81;1510272036;81;255;1510272045;0
32;16;10;5;1;81;1510272053;81;255;1510272063;0
32;16;10;5;1;81;1510272125;81;255;1510272134;0
32;16;10;5;1;81;1510272134;81;255;1510272143;0
32;16;10;5;1;81;1510272968;81;255;1510272977;0
32;16;10;5;1;81;1510272990;81;255;1510273000;0
32;16;10;5;1;81;1510273057;81;255;1510273066;0
32;16;10;5;1;81;1510273069;81;255;1510273078;0
32;16;10;5;1;81;1510273899;81;255;1510273908;0
32;16;10;5;1;81;1510273927;81;255;1510273936;0
32;16;10;5;1;81;1510273988;81;255;1510273997;0
32;16;10;5;1;81;1510274006;81;255;1510274016;0
32;16;10;5;1;81;1510274830;81;255;1510274839;0
32;16;10;5;1;81;1510274863;81;255;1510274873;0
32;16;10;5;1;81;1510274920;81;255;1510274929;0
32;16;10;5;1;81;1510274942;81;255;1510274952;0
32;16;10;5;1;81;1510275761;81;255;1510275770;0
32;16;10;5;1;81;1510275800;81;255;1510275810;0
32;16;10;5;1;81;1510275854;81;255;1510275863;0
32;16;10;5;1;81;1510275875;81;255;1510275884;0
32;16;10;5;1;81;1510276692;81;255;1510276701;0
32;16;10;5;1;81;1510276737;81;255;1510276746;0
32;16;10;5;1;81;1510276791;81;255;1510276800;0
32;16;10;5;1;81;1510276806;81;255;1510276816;0
32;16;10;5;1;81;1510277624;81;255;1510277633;0
32;16;10;5;1;81;1510277673;81;255;1510277683;0
32;16;10;5;1;81;1510277726;81;255;1510277736;0
32;16;10;5;1;81;1510277738;81;255;1510277747;0
32;16;10;5;1;81;1510278555;81;255;1510278564;0
32;16;10;5;1;81;1510278610;81;255;1510278619;0
32;16;10;5;1;81;1510278662;81;255;1510278672;0
32;16;10;5;1;81;1510278669;81;255;1510278679;0
32;16;10;5;1;81;1510279486;81;255;1510279495;0
32;16;10;5;1;81;1510279547;81;255;1510279556;0
32;16;10;5;1;81;1510279598;81;255;1510279607;0
32;16;10;5;1;81;1510279601;81;255;1510279610;0
32;16;10;5;1;81;1510280417;81;255;1510280426;0
32;16;10;5;1;81;1510280484;81;255;1510280493;1
32;16;10;5;1;81;1510280532;81;255;1510280542;0
32;16;10;5;1;81;1510280533;81;255;1510280543;0
32;16;10;5;1;81;1510281347;81;255;1510281357;0
32;16;10;5;1;81;1510281421;81;255;1510281431;0
32;16;10;5;1;81;1510281463;81;255;1510281473;0
32;16;10;5;1;81;1510281469;81;255;1510281479;0
32;16;10;5;1;81;1510282278;81;255;1510282288;0
32;16;10;5;1;81;1510282361;81;255;1510282371;0
32;16;10;5;1;81;1510282395;81;255;1510282405;0
32;16;10;5;1;81;1510282405;81;255;1510282414;0
32;16;10;5;1;81;1510283209;81;255;1510283219;0
32;16;10;5;1;81;1510283299;81;255;1510283309;0
32;16;10;5;1;81;1510283327;81;255;1510283336;0
32;16;10;5;1;81;1510283340;81;255;1510283350;0
32;16;10;5;1;81;1510284140;81;255;1510284149;0
32;16;10;5;1;81;1510284237;81;255;1510284246;0
32;16;10;5;1;81;1510284258;81;255;1510284267;0
32;16;10;5;1;81;1510284276;81;255;1510284285;0
32;16;10;5;1;81;1510285071;81;255;1510285080;0
32;16;10;5;1;81;1510285174;81;255;1510285184;0
32;16;10;5;1;81;1510285191;81;255;1510285201;0
32;16;10;5;1;81;1510285210;81;255;1510285219;0
32;16;10;5;1;81;1510286002;81;255;1510286011;0
32;16;10;5;1;81;1510286112;81;255;1510286122;0
32;16;10;5;1;81;1510286127;81;255;1510286136;0
32;16;10;5;1;81;1510286141;81;255;1510286150;0
32;16;10;5;1;81;1510286933;81;255;1510286942;0
32;16;10;5;1;81;1510287049;81;255;1510287059;0
32;16;10;5;1;81;1510287063;81;255;1510287073;0
32;16;10;5;1;81;1510287072;81;255;1510287082;0
32;16;10;5;1;81;1510287864;81;255;1510287873;0
32;16;10;5;1;81;1510287987;81;255;1510287996;0
32;16;10;5;1;81;1510288000;81;255;1510288009;0
32;16;10;5;1;81;1510288004;81;255;1510288014;0
32;16;10;5;1;81;1510288796;81;255;1510288805;0
32;16;10;5;1;81;1510288924;81;255;1510288934;0
32;16;10;5;1;81;1510288935;81;255;1510288944;0
32;16;10;5;1;81;1510288936;81;255;1510288945;0
32;16;10;5;1;81;1510289728;81;255;1510289738;0
32;16;10;5;1;81;1510289862;81;255;1510289872;0
32;16;10;5;1;81;1510289867;81;255;1510289877;0
32;16;10;5;1;81;1510289870;81;255;1510289879;0
32;16;10;5;1;81;1510290661;81;255;1510290670;0
32;16;10;5;1;81;1510290800;81;255;1510290809;0
32;16;10;5;1;81;1510290800;81;255;1510290810;0
32;16;10;5;1;81;1510290804;81;255;1510290814;0
32;16;10;5;1;81;1510291593;81;255;1510291602;0
32;16;10;5;1;81;1510291731;81;255;1510291741;0
32;16;10;5;1;81;1510291738;81;255;1510291748;0
32;16;10;5;1;81;1510291739;81;255;1510291749;0
32;16;10;5;1;81;1510292525;81;255;1510292535;0
32;16;10;5;1;81;1510292662;81;255;1510292672;1
32;16;10;5;1;81;1510292674;81;255;1510292683;0
32;16;10;5;1;81;1510292676;81;255;1510292685;0
32;16;10;5;1;81;1510293458;81;255;1510293467;0
32;16;10;5;1;81;1510293594;81;255;1510293604;0
32;16;10;5;1;81;1510293608;81;255;1510293618;0
32;16;10;5;1;81;1510293616;81;255;1510293625;0
32;16;10;5;1;81;1510294391;81;255;1510294400;0
32;16;10;5;1;81;1510294526;81;255;1510294536;0
32;16;10;5;1;81;1510294543;81;255;1510294552;0
32;16;10;5;1;81;1510294553;81;255;1510294563;0
32;16;10;5;1;81;1510295323;81;255;1510295333;0
32;16;10;5;1;81;1510295458;81;255;1510295468;0
32;16;10;5;1;81;1510295477;81;255;1510295486;0
32;16;10;5;1;81;1510295491;81;255;1510295501;0
32;16;10;5;1;81;1510296256;81;255;1510296266;0
32;16;10;5;1;81;1510296391;81;255;1510296400;0
32;16;10;5;1;81;1510296411;81;255;1510296421;0
32;16;10;5;1;81;1510296430;81;255;1510296439;0
32;16;10;5;1;81;1510297189;81;255;1510297199;0
32;16;10;5;1;81;1510297322;81;255;1510297332;0
32;16;10;5;1;81;1510297347;81;255;1510297356;0
32;16;10;5;1;81;1510297367;81;255;1510297377;0
32;16;10;5;1;81;1510298122;81;255;1510298131;0
32;16;10;5;1;81;1510298254;81;255;1510298263;0
32;16;10;5;1;81;1510298282;81;255;1510298291;0
32;16;10;5;1;81;1510298305;81;255;1510298314;0
32;16;10;5;1;81;1510299054;81;255;1510299063;0
32;16;10;5;1;81;1510299185;81;255;1510299195;0
32;16;10;5;1;81;1510299217;81;255;1510299227;0
32;16;10;5;1;81;1510299243;81;255;1510299253;0
32;16;10;5;1;81;1510299986;81;255;1510299996;0
32;16;10;5;1;81;1510300117;81;255;1510300127;0
32;16;10;5;1;81;1510300152;81;255;1510300161;0
32;16;10;5;1;81;1510300182;81;255;1510300191;0
32;16;10;5;1;81;1510300920;81;255;1510300929;0
32;16;10;5;1;81;1510301049;81;255;1510301059;0
32;16;10;5;1;81;1510301088;81;255;1510301098;0
32;16;10;5;1;81;1510301118;81;255;1510301128;0
32;16;10;5;1;81;1510301853;81;255;1510301862;0
32;16;10;5;1;81;1510301981;81;255;1510301991;0
32;16;10;5;1;81;1510302027;81;255;1510302037;1
32;16;10;5;1;81;1510302053;81;255;1510302062;0
32;16;10;5;1;81;1510302787;81;255;1510302796;0
32;16;10;5;1;81;1510302924;81;255;1510302935;0
32;16;10;5;1;81;1510302979;81;255;1510302988;0
32;16;10;5;1;81;1510303018;81;255;1510303029;0
32;16;10;5;1;81;1510303775;81;255;1510303784;0
32;16;10;5;1;81;1510303922;81;255;1510303932;0
32;16;10;5;1;81;1510303970;81;255;1510303980;0
32;16;10;5;1;81;1510304005;81;255;1510304015;0
32;16;10;5;1;81;1510304753;81;255;1510304763;0
32;16;10;5;1;81;1510304883;81;255;1510304892;0
32;16;10;5;1;81;1510304934;81;255;1510304945;0
32;16;10;5;1;81;1510304980;81;255;1510304990;0
32;16;10;5;1;81;1510305709;81;255;1510305718;0
32;16;10;5;1;81;1510305832;81;255;1510305842;0
32;16;10;5;1;81;1510305888;81;255;1510305898;0
32;16;10;5;1;81;1510305960;81;255;1510305969;0
32;16;10;5;1;81;1510306725;81;255;1510306735;0
32;16;10;5;1;81;1510306866;81;255;1510306877;0
32;16;10;5;1;81;1510306906;81;255;1510306916;0
32;16;10;5;1;81;1510306990;81;255;1510306999;0
