32;16;10;5;1;82;1509982117;82;255;1509982128;0
32;16;10;5;1;82;1509982187;82;255;1509982196;0
32;16;10;5;1;82;1509982260;82;255;1509982271;0
32;16;10;5;1;82;1509982361;82;255;1509982371;0
32;16;10;5;1;82;1509983092;82;255;1509983101;0
32;16;10;5;1;82;1509983152;82;255;1509983162;0
32;16;10;5;1;82;1509983219;82;255;1509983229;0
32;16;10;5;1;82;1509983329;82;255;1509983339;0
32;16;10;5;1;82;1509984035;82;255;1509984045;0
32;16;10;5;1;82;1509984092;82;255;1509984101;0
32;16;10;5;1;82;1509984162;82;255;1509984172;0
32;16;10;5;1;82;1509984271;82;255;1509984281;0
32;16;10;5;1;82;1509984977;82;255;1509984987;0
32;16;10;5;1;82;1509985034;82;255;1509985044;0
32;16;10;5;1;82;1509985103;82;255;1509985112;0
32;16;10;5;1;82;1509985212;82;255;1509985222;0
32;16;10;5;1;82;1509985918;82;255;1509985928;0
32;16;10;5;1;82;1509985975;82;255;1509985985;0
32;16;10;5;1;82;1509986046;82;255;1509986055;0
32;16;10;5;1;82;1509986154;82;255;1509986163;0
32;16;10;5;1;82;1509986858;82;255;1509986868;0
32;16;10;5;1;82;1509986918;82;255;1509986928;0
32;16;10;5;1;82;1509986985;82;255;1509986995;0
32;16;10;5;1;82;1509987097;82;255;1509987107;0
32;16;10;5;1;82;1509987799;82;255;1509987809;0
32;16;10;5;1;82;1509987862;82;255;1509987872;0
32;16;10;5;1;82;1509987924;82;255;1509987933;0
32;16;10;5;1;82;1509988038;82;255;1509988048;0
32;16;10;5;1;82;1509988741;82;255;1509988751;0
32;16;10;5;1;82;1509988803;82;255;1509988813;0
32;16;10;5;1;82;1509988866;82;255;1509988876;0
32;16;10;5;1;82;1509988981;82;255;1509988990;0
32;16;10;5;1;82;1509989682;82;255;1509989692;0
32;16;10;5;1;82;1509989745;82;255;1509989755;0
32;16;10;5;1;82;1509989809;82;255;1509989819;0
32;16;10;5;1;82;1509989923;82;255;1509989932;0
32;16;10;5;1;82;1509990624;82;255;1509990634;0
32;16;10;5;1;82;1509990688;82;255;1509990698;0
32;16;10;5;1;82;1509990750;82;255;1509990759;0
32;16;10;5;1;82;1509990864;82;255;1509990874;0
32;16;10;5;1;82;1509991567;82;255;1509991576;0
32;16;10;5;1;82;1509991628;82;255;1509991638;0
32;16;10;5;1;82;1509991689;82;255;1509991699;0
32;16;10;5;1;82;1509991806;82;255;1509991816;0
32;16;10;5;1;82;1509992510;82;255;1509992520;0
32;16;10;5;1;82;1509992569;82;255;1509992578;0
32;16;10;5;1;82;1509992630;82;255;1509992639;0
32;16;10;5;1;82;1509992748;82;255;1509992758;0
32;16;10;5;1;82;1509993450;82;255;1509993460;0
32;16;10;5;1;82;1509993511;82;255;1509993520;0
32;16;10;5;1;82;1509993571;82;255;1509993581;0
32;16;10;5;1;82;1509993690;82;255;1509993700;0
32;16;10;5;1;82;1509994391;82;255;1509994401;0
32;16;10;5;1;82;1509994451;82;255;1509994461;0
32;16;10;5;1;82;1509994513;82;255;1509994522;0
32;16;10;5;1;82;1509994632;82;255;1509994641;0
32;16;10;5;1;82;1509995334;82;255;1509995344;0
32;16;10;5;1;82;1509995394;82;255;1509995403;0
32;16;10;5;1;82;1509995460;82;255;1509995470;0
32;16;10;5;1;82;1509995574;82;255;1509995584;0
32;16;10;5;1;82;1509996282;82;255;1509996292;0
32;16;10;5;1;82;1509996336;82;255;1509996345;0
32;16;10;5;1;82;1509996411;82;255;1509996421;0
32;16;10;5;1;82;1509996514;82;255;1509996523;0
32;16;10;5;1;82;1509997223;82;255;1509997232;0
32;16;10;5;1;82;1509997278;82;255;1509997287;0
32;16;10;5;1;82;1509997352;82;255;1509997362;0
32;16;10;5;1;82;1509997455;82;255;1509997465;0
32;16;10;5;1;82;1509998164;82;255;1509998173;0
32;16;10;5;1;82;1509998220;82;255;1509998230;0
32;16;10;5;1;82;1509998294;82;255;1509998303;0
32;16;10;5;1;82;1509998397;82;255;1509998406;0
32;16;10;5;1;82;1509999107;82;255;1509999116;0
32;16;10;5;1;82;1509999161;82;255;1509999170;0
32;16;10;5;1;82;1509999233;82;255;1509999243;0
32;16;10;5;1;82;1509999337;82;255;1509999347;0
32;16;10;5;1;82;1510000050;82;255;1510000060;0
32;16;10;5;1;82;1510000104;82;255;1510000114;0
32;16;10;5;1;82;1510000174;82;255;1510000184;0
32;16;10;5;1;82;1510000277;82;255;1510000286;0
32;16;10;5;1;82;1510000993;82;255;1510001002;0
32;16;10;5;1;82;1510001047;82;255;1510001057;0
32;16;10;5;1;82;1510001114;82;255;1510001124;0
32;16;10;5;1;82;1510001218;82;255;1510001227;0
32;16;10;5;1;82;1510001933;82;255;1510001943;0
32;16;10;5;1;82;1510001991;82;255;1510002000;0
32;16;10;5;1;82;1510002055;82;255;1510002065;0
32;16;10;5;1;82;1510002157;82;255;1510002167;0
32;16;10;5;1;82;1510002875;82;255;1510002884;0
32;16;10;5;1;82;1510002935;82;255;1510002944;0
32;16;10;5;1;82;1510002998;82;255;1510003007;0
32;16;10;5;1;82;1510003097;82;255;1510003106;1
32;16;10;5;1;82;1510003816;82;255;1510003825;0
32;16;10;5;1;82;1510003874;82;255;1510003884;0
32;16;10;5;1;82;1510003941;82;255;1510003951;0
32;16;10;5;1;82;1510004041;82;255;1510004051;0
32;16;10;5;1;82;1510004756;82;255;1510004766;0
32;16;10;5;1;82;1510004815;82;255;1510004824;0
32;16;10;5;1;82;1510004883;82;255;1510004893;0
32;16;10;5;1;82;1510004983;82;255;1510004993;0
32;16;10;5;1;82;1510005698;82;255;1510005707;0
32;16;10;5;1;82;1510005757;82;255;1510005766;1
32;16;10;5;1;82;1510005826;82;255;1510005836;0
32;16;10;5;1;82;1510005923;82;255;1510005932;0
32;16;10;5;1;82;1510006637;82;255;1510006647;0
32;16;10;5;1;82;1510006696;82;255;1510006705;0
32;16;10;5;1;82;1510006771;82;255;1510006781;0
32;16;10;5;1;82;1510006863;82;255;1510006873;0
32;16;10;5;1;82;1510007577;82;255;1510007586;0
32;16;10;5;1;82;1510007636;82;255;1510007645;0
32;16;10;5;1;82;1510007715;82;255;1510007724;0
32;16;10;5;1;82;1510007805;82;255;1510007815;0
32;16;10;5;1;82;1510008519;82;255;1510008528;0
32;16;10;5;1;82;1510008575;82;255;1510008585;0
32;16;10;5;1;82;1510008655;82;255;1510008665;0
32;16;10;5;1;82;1510008748;82;255;1510008758;0
32;16;10;5;1;82;1510009461;82;255;1510009471;0
32;16;10;5;1;82;1510009517;82;255;1510009527;0
32;16;10;5;1;82;1510009597;82;255;1510009607;0
32;16;10;5;1;82;1510009690;82;255;1510009700;0
32;16;10;5;1;82;1510010402;82;255;1510010411;0
32;16;10;5;1;82;1510010458;82;255;1510010468;0
32;16;10;5;1;82;1510010538;82;255;1510010548;0
32;16;10;5;1;82;1510010634;82;255;1510010643;0
32;16;10;5;1;82;1510011341;82;255;1510011350;0
32;16;10;5;1;82;1510011402;82;255;1510011411;0
32;16;10;5;1;82;1510011480;82;255;1510011490;0
32;16;10;5;1;82;1510011575;82;255;1510011584;0
32;16;10;5;1;82;1510012282;82;255;1510012292;0
32;16;10;5;1;82;1510012345;82;255;1510012355;0
32;16;10;5;1;82;1510012421;82;255;1510012431;0
32;16;10;5;1;82;1510012514;82;255;1510012524;0
32;16;10;5;1;82;1510013225;82;255;1510013234;0
32;16;10;5;1;82;1510013288;82;255;1510013297;0
32;16;10;5;1;82;1510013362;82;255;1510013372;0
32;16;10;5;1;82;1510013457;82;255;1510013466;0
32;16;10;5;1;82;1510014166;82;255;1510014176;0
32;16;10;5;1;82;1510014230;82;255;1510014239;0
32;16;10;5;1;82;1510014302;82;255;1510014312;0
32;16;10;5;1;82;1510014398;82;255;1510014408;0
32;16;10;5;1;82;1510015108;82;255;1510015117;0
32;16;10;5;1;82;1510015171;82;255;1510015180;0
32;16;10;5;1;82;1510015243;82;255;1510015252;0
32;16;10;5;1;82;1510015340;82;255;1510015350;0
32;16;10;5;1;82;1510016050;82;255;1510016059;0
32;16;10;5;1;82;1510016112;82;255;1510016121;0
32;16;10;5;1;82;1510016184;82;255;1510016194;0
32;16;10;5;1;82;1510016281;82;255;1510016290;0
32;16;10;5;1;82;1510016990;82;255;1510016999;0
32;16;10;5;1;82;1510017055;82;255;1510017065;0
32;16;10;5;1;82;1510017125;82;255;1510017134;0
32;16;10;5;1;82;1510017222;82;255;1510017232;0
32;16;10;5;1;82;1510017931;82;255;1510017940;1
32;16;10;5;1;82;1510017998;82;255;1510018007;0
32;16;10;5;1;82;1510018067;82;255;1510018077;0
32;16;10;5;1;82;1510018164;82;255;1510018174;0
32;16;10;5;1;82;1510018871;82;255;1510018881;0
32;16;10;5;1;82;1510018941;82;255;1510018950;0
32;16;10;5;1;82;1510019008;82;255;1510019017;0
32;16;10;5;1;82;1510019106;82;255;1510019115;0
32;16;10;5;1;82;1510019814;82;255;1510019823;0
32;16;10;5;1;82;1510019885;82;255;1510019895;0
32;16;10;5;1;82;1510019947;82;255;1510019957;0
32;16;10;5;1;82;1510020046;82;255;1510020055;0
32;16;10;5;1;82;1510020755;82;255;1510020764;0
32;16;10;5;1;82;1510020828;82;255;1510020837;0
32;16;10;5;1;82;1510020888;82;255;1510020898;0
32;16;10;5;1;82;1510020987;82;255;1510020996;0
32;16;10;5;1;82;1510021695;82;255;1510021704;0
32;16;10;5;1;82;1510021767;82;255;1510021777;0
32;16;10;5;1;82;1510021830;82;255;1510021840;0
32;16;10;5;1;82;1510021929;82;255;1510021938;0
32;16;10;5;1;82;1510022635;82;255;1510022644;0
32;16;10;5;1;82;1510022709;82;255;1510022718;0
32;16;10;5;1;82;1510022774;82;255;1510022784;0
32;16;10;5;1;82;1510022869;82;255;1510022879;0
32;16;10;5;1;82;1510023577;82;255;1510023587;0
32;16;10;5;1;82;1510023650;82;255;1510023660;0
32;16;10;5;1;82;1510023716;82;255;1510023726;0
32;16;10;5;1;82;1510023810;82;255;1510023820;0
32;16;10;5;1;82;1510024519;82;255;1510024529;0
32;16;10;5;1;82;1510024591;82;255;1510024601;0
32;16;10;5;1;82;1510024658;82;255;1510024667;0
32;16;10;5;1;82;1510024752;82;255;1510024761;0
32;16;10;5;1;82;1510025464;82;255;1510025474;0
32;16;10;5;1;82;1510025531;82;255;1510025541;0
32;16;10;5;1;82;1510025600;82;255;1510025609;0
32;16;10;5;1;82;1510025691;82;255;1510025701;0
32;16;10;5;1;82;1510026406;82;255;1510026415;0
32;16;10;5;1;82;1510026472;82;255;1510026481;0
32;16;10;5;1;82;1510026542;82;255;1510026551;0
32;16;10;5;1;82;1510026633;82;255;1510026642;0
32;16;10;5;1;82;1510027346;82;255;1510027356;0
32;16;10;5;1;82;1510027412;82;255;1510027421;0
32;16;10;5;1;82;1510027484;82;255;1510027494;0
32;16;10;5;1;82;1510027574;82;255;1510027584;0
32;16;10;5;1;82;1510028289;82;255;1510028299;0
32;16;10;5;1;82;1510028355;82;255;1510028365;0
32;16;10;5;1;82;1510028425;82;255;1510028436;0
32;16;10;5;1;82;1510028513;82;255;1510028522;0
32;16;10;5;1;82;1510029231;82;255;1510029241;0
32;16;10;5;1;82;1510029297;82;255;1510029306;0
32;16;10;5;1;82;1510029366;82;255;1510029376;0
32;16;10;5;1;82;1510029454;82;255;1510029464;0
32;16;10;5;1;82;1510030171;82;255;1510030181;0
32;16;10;5;1;82;1510030240;82;255;1510030249;0
32;16;10;5;1;82;1510030311;82;255;1510030322;0
32;16;10;5;1;82;1510030394;82;255;1510030403;0
32;16;10;5;1;82;1510031114;82;255;1510031124;0
32;16;10;5;1;82;1510031181;82;255;1510031190;0
32;16;10;5;1;82;1510031254;82;255;1510031264;1
32;16;10;5;1;82;1510031336;82;255;1510031345;0
32;16;10;5;1;82;1510032054;82;255;1510032064;0
32;16;10;5;1;82;1510032121;82;255;1510032130;0
32;16;10;5;1;82;1510032198;82;255;1510032208;0
32;16;10;5;1;82;1510032278;82;255;1510032287;0
32;16;10;5;1;82;1510032995;82;255;1510033005;0
32;16;10;5;1;82;1510033062;82;255;1510033072;0
32;16;10;5;1;82;1510033140;82;255;1510033150;0
32;16;10;5;1;82;1510033218;82;255;1510033228;0
32;16;10;5;1;82;1510033939;82;255;1510033948;0
32;16;10;5;1;82;1510034003;82;255;1510034013;0
32;16;10;5;1;82;1510034081;82;255;1510034090;0
32;16;10;5;1;82;1510034159;82;255;1510034168;0
32;16;10;5;1;82;1510034879;82;255;1510034889;0
32;16;10;5;1;82;1510034945;82;255;1510034954;0
32;16;10;5;1;82;1510035020;82;255;1510035030;0
32;16;10;5;1;82;1510035101;82;255;1510035110;0
32;16;10;5;1;82;1510035822;82;255;1510035831;0
32;16;10;5;1;82;1510035887;82;255;1510035896;0
32;16;10;5;1;82;1510035963;82;255;1510035973;0
32;16;10;5;1;82;1510036040;82;255;1510036049;0
32;16;10;5;1;82;1510036762;82;255;1510036772;0
32;16;10;5;1;82;1510036831;82;255;1510036840;0
32;16;10;5;1;82;1510036904;82;255;1510036913;0
32;16;10;5;1;82;1510036980;82;255;1510036990;1
32;16;10;5;1;82;1510037706;82;255;1510037716;0
32;16;10;5;1;82;1510037772;82;255;1510037782;0
32;16;10;5;1;82;1510037844;82;255;1510037854;0
32;16;10;5;1;82;1510037921;82;255;1510037931;0
32;16;10;5;1;82;1510038647;82;255;1510038657;0
32;16;10;5;1;82;1510038715;82;255;1510038724;0
32;16;10;5;1;82;1510038784;82;255;1510038794;0
32;16;10;5;1;82;1510038862;82;255;1510038872;0
32;16;10;5;1;82;1510039588;82;255;1510039598;0
32;16;10;5;1;82;1510039655;82;255;1510039665;0
32;16;10;5;1;82;1510039728;82;255;1510039738;0
32;16;10;5;1;82;1510039803;82;255;1510039813;0
32;16;10;5;1;82;1510040529;82;255;1510040539;0
32;16;10;5;1;82;1510040596;82;255;1510040605;0
32;16;10;5;1;82;1510040671;82;255;1510040680;0
32;16;10;5;1;82;1510040743;82;255;1510040753;0
32;16;10;5;1;82;1510041470;82;255;1510041480;0
32;16;10;5;1;82;1510041539;82;255;1510041549;0
32;16;10;5;1;82;1510041614;82;255;1510041623;0
32;16;10;5;1;82;1510041684;82;255;1510041693;0
32;16;10;5;1;82;1510042413;82;255;1510042422;0
32;16;10;5;1;82;1510042479;82;255;1510042489;0
32;16;10;5;1;82;1510042556;82;255;1510042566;0
32;16;10;5;1;82;1510042626;82;255;1510042635;0
32;16;10;5;1;82;1510043352;82;255;1510043362;0
32;16;10;5;1;82;1510043423;82;255;1510043432;0
32;16;10;5;1;82;1510043496;82;255;1510043506;0
32;16;10;5;1;82;1510043569;82;255;1510043579;0
32;16;10;5;1;82;1510044292;82;255;1510044302;0
32;16;10;5;1;82;1510044367;82;255;1510044377;0
32;16;10;5;1;82;1510044438;82;255;1510044447;0
32;16;10;5;1;82;1510044512;82;255;1510044522;0
32;16;10;5;1;82;1510045278;82;255;1510045288;0
32;16;10;5;1;82;1510045351;82;255;1510045362;0
32;16;10;5;1;82;1510045428;82;255;1510045437;0
32;16;10;5;1;82;1510045507;82;255;1510045517;0
32;16;10;5;1;82;1510046298;82;255;1510046307;0
32;16;10;5;1;82;1510046377;82;255;1510046389;0
32;16;10;5;1;82;1510046452;82;255;1510046463;0
32;16;10;5;1;82;1510046515;82;255;1510046525;0
32;16;10;5;1;82;1510047264;82;255;1510047273;0
32;16;10;5;1;82;1510047279;82;255;1510047289;0
32;16;10;5;1;82;1510047283;82;255;1510047293;0
32;16;10;5;1;82;1510047284;82;255;1510047293;0
32;16;10;5;1;82;1510048245;82;255;1510048255;0
32;16;10;5;1;82;1510048260;82;255;1510048270;0
32;16;10;5;1;82;1510048262;82;255;1510048272;1
32;16;10;5;1;82;1510048270;82;255;1510048279;0
32;16;10;5;1;82;1510049231;82;255;1510049248;0
32;16;10;5;1;82;1510049237;82;255;1510049251;0
32;16;10;5;1;82;1510049242;82;255;1510049256;0
32;16;10;5;1;82;1510049263;82;255;1510049278;0
32;16;10;5;1;82;1510050240;82;255;1510050249;0
32;16;10;5;1;82;1510050246;82;255;1510050256;0
32;16;10;5;1;82;1510050263;82;255;1510050272;0
32;16;10;5;1;82;1510051199;82;255;1510051209;0
32;16;10;5;1;82;1510051204;82;255;1510051214;0
32;16;10;5;1;82;1510051221;82;255;1510051231;0
32;16;10;5;1;82;1510052155;82;255;1510052165;0
32;16;10;5;1;82;1510052161;82;255;1510052171;0
32;16;10;5;1;82;1510052179;82;255;1510052189;0
32;16;10;5;1;82;1510053112;82;255;1510053122;0
32;16;10;5;1;82;1510053119;82;255;1510053129;0
32;16;10;5;1;82;1510053138;82;255;1510053147;0
32;16;10;5;1;82;1510054070;82;255;1510054080;0
32;16;10;5;1;82;1510054077;82;255;1510054087;0
32;16;10;5;1;82;1510054096;82;255;1510054105;0
32;16;10;5;1;82;1510055029;82;255;1510055038;0
32;16;10;5;1;82;1510055038;82;255;1510055048;0
32;16;10;5;1;82;1510055058;82;255;1510055068;0
32;16;10;5;1;82;1510056001;82;255;1510056011;0
32;16;10;5;1;82;1510056014;82;255;1510056024;0
32;16;10;5;1;82;1510056033;82;255;1510056043;0
32;16;10;5;1;82;1510056954;82;255;1510056964;0
32;16;10;5;1;82;1510056976;82;255;1510056986;0
32;16;10;5;1;82;1510057003;82;255;1510057013;0
32;16;10;5;1;82;1510057900;82;255;1510057910;0
32;16;10;5;1;82;1510057921;82;255;1510057931;0
32;16;10;5;1;82;1510057948;82;255;1510057958;0
32;16;10;5;1;82;1510058840;82;255;1510058850;0
32;16;10;5;1;82;1510058862;82;255;1510058871;0
32;16;10;5;1;82;1510058888;82;255;1510058898;0
32;16;10;5;1;82;1510059781;82;255;1510059791;0
32;16;10;5;1;82;1510059802;82;255;1510059811;0
32;16;10;5;1;82;1510059830;82;255;1510059839;0
32;16;10;5;1;82;1510060739;82;255;1510060749;0
32;16;10;5;1;82;1510060759;82;255;1510060769;0
32;16;10;5;1;82;1510060793;82;255;1510060803;0
