32;16;10;5;1;83;1509982128;83;255;1509982139;0
32;16;10;5;1;83;1509982196;83;255;1509982207;0
32;16;10;5;1;83;1509982271;83;255;1509982280;0
32;16;10;5;1;83;1509982371;83;255;1509982381;0
32;16;10;5;1;83;1509983101;83;255;1509983111;0
32;16;10;5;1;83;1509983162;83;255;1509983171;0
32;16;10;5;1;83;1509983229;83;255;1509983239;0
32;16;10;5;1;83;1509983339;83;255;1509983349;0
32;16;10;5;1;83;1509984045;83;255;1509984054;0
32;16;10;5;1;83;1509984101;83;255;1509984111;0
32;16;10;5;1;83;1509984172;83;255;1509984181;0
32;16;10;5;1;83;1509984281;83;255;1509984291;0
32;16;10;5;1;83;1509984987;83;255;1509984997;0
32;16;10;5;1;83;1509985044;83;255;1509985054;0
32;16;10;5;1;83;1509985112;83;255;1509985122;0
32;16;10;5;1;83;1509985222;83;255;1509985232;0
32;16;10;5;1;83;1509985928;83;255;1509985937;0
32;16;10;5;1;83;1509985985;83;255;1509985994;0
32;16;10;5;1;83;1509986055;83;255;1509986065;0
32;16;10;5;1;83;1509986163;83;255;1509986173;0
32;16;10;5;1;83;1509986868;83;255;1509986877;0
32;16;10;5;1;83;1509986928;83;255;1509986938;0
32;16;10;5;1;83;1509986995;83;255;1509987004;0
32;16;10;5;1;83;1509987107;83;255;1509987117;0
32;16;10;5;1;83;1509987809;83;255;1509987818;0
32;16;10;5;1;83;1509987872;83;255;1509987881;0
32;16;10;5;1;83;1509987933;83;255;1509987943;0
32;16;10;5;1;83;1509988048;83;255;1509988057;0
32;16;10;5;1;83;1509988751;83;255;1509988760;0
32;16;10;5;1;83;1509988813;83;255;1509988822;0
32;16;10;5;1;83;1509988876;83;255;1509988885;0
32;16;10;5;1;83;1509988990;83;255;1509989000;0
32;16;10;5;1;83;1509989692;83;255;1509989702;0
32;16;10;5;1;83;1509989755;83;255;1509989765;0
32;16;10;5;1;83;1509989819;83;255;1509989829;0
32;16;10;5;1;83;1509989932;83;255;1509989942;0
32;16;10;5;1;83;1509990634;83;255;1509990644;0
32;16;10;5;1;83;1509990698;83;255;1509990707;0
32;16;10;5;1;83;1509990759;83;255;1509990769;0
32;16;10;5;1;83;1509990874;83;255;1509990884;0
32;16;10;5;1;83;1509991576;83;255;1509991586;0
32;16;10;5;1;83;1509991638;83;255;1509991648;0
32;16;10;5;1;83;1509991699;83;255;1509991708;0
32;16;10;5;1;83;1509991816;83;255;1509991826;0
32;16;10;5;1;83;1509992520;83;255;1509992529;0
32;16;10;5;1;83;1509992578;83;255;1509992588;0
32;16;10;5;1;83;1509992639;83;255;1509992649;0
32;16;10;5;1;83;1509992758;83;255;1509992767;0
32;16;10;5;1;83;1509993460;83;255;1509993470;0
32;16;10;5;1;83;1509993520;83;255;1509993530;0
32;16;10;5;1;83;1509993581;83;255;1509993590;0
32;16;10;5;1;83;1509993700;83;255;1509993709;0
32;16;10;5;1;83;1509994401;83;255;1509994410;0
32;16;10;5;1;83;1509994461;83;255;1509994470;0
32;16;10;5;1;83;1509994522;83;255;1509994532;0
32;16;10;5;1;83;1509994641;83;255;1509994651;0
32;16;10;5;1;83;1509995344;83;255;1509995354;0
32;16;10;5;1;83;1509995403;83;255;1509995413;1
32;16;10;5;1;83;1509995470;83;255;1509995480;0
32;16;10;5;1;83;1509995584;83;255;1509995594;0
32;16;10;5;1;83;1509996292;83;255;1509996301;0
32;16;10;5;1;83;1509996345;83;255;1509996355;0
32;16;10;5;1;83;1509996421;83;255;1509996431;0
32;16;10;5;1;83;1509996523;83;255;1509996533;0
32;16;10;5;1;83;1509997232;83;255;1509997242;0
32;16;10;5;1;83;1509997287;83;255;1509997297;0
32;16;10;5;1;83;1509997362;83;255;1509997372;0
32;16;10;5;1;83;1509997465;83;255;1509997474;0
32;16;10;5;1;83;1509998173;83;255;1509998183;0
32;16;10;5;1;83;1509998230;83;255;1509998239;0
32;16;10;5;1;83;1509998303;83;255;1509998313;0
32;16;10;5;1;83;1509998406;83;255;1509998416;0
32;16;10;5;1;83;1509999116;83;255;1509999126;0
32;16;10;5;1;83;1509999170;83;255;1509999180;0
32;16;10;5;1;83;1509999243;83;255;1509999253;0
32;16;10;5;1;83;1509999347;83;255;1509999356;0
32;16;10;5;1;83;1510000060;83;255;1510000069;0
32;16;10;5;1;83;1510000114;83;255;1510000123;0
32;16;10;5;1;83;1510000184;83;255;1510000193;0
32;16;10;5;1;83;1510000286;83;255;1510000296;0
32;16;10;5;1;83;1510001002;83;255;1510001012;0
32;16;10;5;1;83;1510001057;83;255;1510001066;0
32;16;10;5;1;83;1510001124;83;255;1510001133;0
32;16;10;5;1;83;1510001227;83;255;1510001237;0
32;16;10;5;1;83;1510001943;83;255;1510001952;0
32;16;10;5;1;83;1510002000;83;255;1510002010;0
32;16;10;5;1;83;1510002065;83;255;1510002074;0
32;16;10;5;1;83;1510002167;83;255;1510002177;0
32;16;10;5;1;83;1510002884;83;255;1510002894;0
32;16;10;5;1;83;1510002944;83;255;1510002954;0
32;16;10;5;1;83;1510003007;83;255;1510003017;0
32;16;10;5;1;83;1510003106;83;255;1510003116;0
32;16;10;5;1;83;1510003825;83;255;1510003835;0
32;16;10;5;1;83;1510003884;83;255;1510003894;0
32;16;10;5;1;83;1510003951;83;255;1510003960;0
32;16;10;5;1;83;1510004051;83;255;1510004060;0
32;16;10;5;1;83;1510004766;83;255;1510004776;0
32;16;10;5;1;83;1510004824;83;255;1510004834;0
32;16;10;5;1;83;1510004893;83;255;1510004903;0
32;16;10;5;1;83;1510004993;83;255;1510005002;0
32;16;10;5;1;83;1510005707;83;255;1510005717;0
32;16;10;5;1;83;1510005766;83;255;1510005776;0
32;16;10;5;1;83;1510005836;83;255;1510005846;0
32;16;10;5;1;83;1510005932;83;255;1510005942;0
32;16;10;5;1;83;1510006647;83;255;1510006657;0
32;16;10;5;1;83;1510006705;83;255;1510006715;0
32;16;10;5;1;83;1510006781;83;255;1510006791;0
32;16;10;5;1;83;1510006873;83;255;1510006882;0
32;16;10;5;1;83;1510007586;83;255;1510007596;0
32;16;10;5;1;83;1510007645;83;255;1510007655;0
32;16;10;5;1;83;1510007724;83;255;1510007734;0
32;16;10;5;1;83;1510007815;83;255;1510007824;0
32;16;10;5;1;83;1510008528;83;255;1510008538;0
32;16;10;5;1;83;1510008585;83;255;1510008594;0
32;16;10;5;1;83;1510008665;83;255;1510008675;0
32;16;10;5;1;83;1510008758;83;255;1510008768;0
32;16;10;5;1;83;1510009471;83;255;1510009480;0
32;16;10;5;1;83;1510009527;83;255;1510009537;0
32;16;10;5;1;83;1510009607;83;255;1510009617;0
32;16;10;5;1;83;1510009700;83;255;1510009709;0
32;16;10;5;1;83;1510010411;83;255;1510010421;0
32;16;10;5;1;83;1510010468;83;255;1510010477;0
32;16;10;5;1;83;1510010548;83;255;1510010558;0
32;16;10;5;1;83;1510010643;83;255;1510010653;0
32;16;10;5;1;83;1510011350;83;255;1510011360;0
32;16;10;5;1;83;1510011411;83;255;1510011421;0
32;16;10;5;1;83;1510011490;83;255;1510011500;0
32;16;10;5;1;83;1510011584;83;255;1510011594;0
32;16;10;5;1;83;1510012292;83;255;1510012302;0
32;16;10;5;1;83;1510012355;83;255;1510012364;0
32;16;10;5;1;83;1510012431;83;255;1510012440;0
32;16;10;5;1;83;1510012524;83;255;1510012533;0
32;16;10;5;1;83;1510013234;83;255;1510013244;0
32;16;10;5;1;83;1510013297;83;255;1510013307;0
32;16;10;5;1;83;1510013372;83;255;1510013381;0
32;16;10;5;1;83;1510013466;83;255;1510013476;0
32;16;10;5;1;83;1510014176;83;255;1510014186;0
32;16;10;5;1;83;1510014239;83;255;1510014249;0
32;16;10;5;1;83;1510014312;83;255;1510014322;0
32;16;10;5;1;83;1510014408;83;255;1510014417;0
32;16;10;5;1;83;1510015117;83;255;1510015127;0
32;16;10;5;1;83;1510015181;83;255;1510015190;0
32;16;10;5;1;83;1510015252;83;255;1510015262;0
32;16;10;5;1;83;1510015350;83;255;1510015359;0
32;16;10;5;1;83;1510016059;83;255;1510016069;0
32;16;10;5;1;83;1510016121;83;255;1510016131;1
32;16;10;5;1;83;1510016194;83;255;1510016204;0
32;16;10;5;1;83;1510016290;83;255;1510016300;0
32;16;10;5;1;83;1510016999;83;255;1510017009;0
32;16;10;5;1;83;1510017065;83;255;1510017075;0
32;16;10;5;1;83;1510017134;83;255;1510017144;0
32;16;10;5;1;83;1510017232;83;255;1510017241;0
32;16;10;5;1;83;1510017940;83;255;1510017950;0
32;16;10;5;1;83;1510018007;83;255;1510018017;0
32;16;10;5;1;83;1510018077;83;255;1510018086;1
32;16;10;5;1;83;1510018174;83;255;1510018184;0
32;16;10;5;1;83;1510018881;83;255;1510018890;0
32;16;10;5;1;83;1510018950;83;255;1510018960;0
32;16;10;5;1;83;1510019017;83;255;1510019027;0
32;16;10;5;1;83;1510019115;83;255;1510019125;0
32;16;10;5;1;83;1510019823;83;255;1510019833;0
32;16;10;5;1;83;1510019895;83;255;1510019905;0
32;16;10;5;1;83;1510019957;83;255;1510019967;0
32;16;10;5;1;83;1510020055;83;255;1510020065;0
32;16;10;5;1;83;1510020764;83;255;1510020774;0
32;16;10;5;1;83;1510020837;83;255;1510020847;0
32;16;10;5;1;83;1510020898;83;255;1510020908;0
32;16;10;5;1;83;1510020996;83;255;1510021006;0
32;16;10;5;1;83;1510021704;83;255;1510021714;0
32;16;10;5;1;83;1510021777;83;255;1510021787;0
32;16;10;5;1;83;1510021840;83;255;1510021849;0
32;16;10;5;1;83;1510021938;83;255;1510021948;0
32;16;10;5;1;83;1510022644;83;255;1510022654;0
32;16;10;5;1;83;1510022718;83;255;1510022728;0
32;16;10;5;1;83;1510022784;83;255;1510022793;0
32;16;10;5;1;83;1510022879;83;255;1510022889;0
32;16;10;5;1;83;1510023587;83;255;1510023597;0
32;16;10;5;1;83;1510023660;83;255;1510023669;0
32;16;10;5;1;83;1510023726;83;255;1510023736;0
32;16;10;5;1;83;1510023820;83;255;1510023829;0
32;16;10;5;1;83;1510024529;83;255;1510024539;0
32;16;10;5;1;83;1510024601;83;255;1510024610;0
32;16;10;5;1;83;1510024667;83;255;1510024677;0
32;16;10;5;1;83;1510024761;83;255;1510024771;0
32;16;10;5;1;83;1510025474;83;255;1510025483;0
32;16;10;5;1;83;1510025541;83;255;1510025550;0
32;16;10;5;1;83;1510025609;83;255;1510025619;0
32;16;10;5;1;83;1510025701;83;255;1510025710;0
32;16;10;5;1;83;1510026415;83;255;1510026425;0
32;16;10;5;1;83;1510026481;83;255;1510026491;0
32;16;10;5;1;83;1510026551;83;255;1510026561;0
32;16;10;5;1;83;1510026642;83;255;1510026652;0
32;16;10;5;1;83;1510027356;83;255;1510027366;0
32;16;10;5;1;83;1510027421;83;255;1510027431;0
32;16;10;5;1;83;1510027494;83;255;1510027503;0
32;16;10;5;1;83;1510027584;83;255;1510027593;0
32;16;10;5;1;83;1510028299;83;255;1510028309;0
32;16;10;5;1;83;1510028365;83;255;1510028374;0
32;16;10;5;1;83;1510028436;83;255;1510028445;0
32;16;10;5;1;83;1510028522;83;255;1510028532;0
32;16;10;5;1;83;1510029241;83;255;1510029250;0
32;16;10;5;1;83;1510029306;83;255;1510029316;0
32;16;10;5;1;83;1510029376;83;255;1510029385;0
32;16;10;5;1;83;1510029464;83;255;1510029473;0
32;16;10;5;1;83;1510030181;83;255;1510030190;0
32;16;10;5;1;83;1510030249;83;255;1510030259;0
32;16;10;5;1;83;1510030322;83;255;1510030331;0
32;16;10;5;1;83;1510030403;83;255;1510030413;0
32;16;10;5;1;83;1510031124;83;255;1510031133;0
32;16;10;5;1;83;1510031190;83;255;1510031200;0
32;16;10;5;1;83;1510031264;83;255;1510031273;0
32;16;10;5;1;83;1510031345;83;255;1510031355;0
32;16;10;5;1;83;1510032064;83;255;1510032073;0
32;16;10;5;1;83;1510032130;83;255;1510032140;0
32;16;10;5;1;83;1510032208;83;255;1510032217;0
32;16;10;5;1;83;1510032287;83;255;1510032298;0
32;16;10;5;1;83;1510033005;83;255;1510033014;0
32;16;10;5;1;83;1510033072;83;255;1510033081;0
32;16;10;5;1;83;1510033150;83;255;1510033159;0
32;16;10;5;1;83;1510033228;83;255;1510033237;0
32;16;10;5;1;83;1510033948;83;255;1510033958;0
32;16;10;5;1;83;1510034013;83;255;1510034022;0
32;16;10;5;1;83;1510034090;83;255;1510034100;0
32;16;10;5;1;83;1510034168;83;255;1510034178;0
32;16;10;5;1;83;1510034889;83;255;1510034899;0
32;16;10;5;1;83;1510034954;83;255;1510034964;1
32;16;10;5;1;83;1510035030;83;255;1510035040;0
32;16;10;5;1;83;1510035110;83;255;1510035120;0
32;16;10;5;1;83;1510035831;83;255;1510035841;0
32;16;10;5;1;83;1510035896;83;255;1510035906;0
32;16;10;5;1;83;1510035973;83;255;1510035982;0
32;16;10;5;1;83;1510036049;83;255;1510036059;1
32;16;10;5;1;83;1510036772;83;255;1510036782;0
32;16;10;5;1;83;1510036840;83;255;1510036850;0
32;16;10;5;1;83;1510036913;83;255;1510036923;0
32;16;10;5;1;83;1510036990;83;255;1510036999;0
32;16;10;5;1;83;1510037716;83;255;1510037725;0
32;16;10;5;1;83;1510037782;83;255;1510037792;0
32;16;10;5;1;83;1510037854;83;255;1510037863;0
32;16;10;5;1;83;1510037931;83;255;1510037940;0
32;16;10;5;1;83;1510038657;83;255;1510038667;0
32;16;10;5;1;83;1510038724;83;255;1510038734;0
32;16;10;5;1;83;1510038794;83;255;1510038804;0
32;16;10;5;1;83;1510038872;83;255;1510038882;0
32;16;10;5;1;83;1510039598;83;255;1510039608;0
32;16;10;5;1;83;1510039665;83;255;1510039674;0
32;16;10;5;1;83;1510039738;83;255;1510039747;0
32;16;10;5;1;83;1510039813;83;255;1510039822;0
32;16;10;5;1;83;1510040539;83;255;1510040549;0
32;16;10;5;1;83;1510040605;83;255;1510040615;0
32;16;10;5;1;83;1510040680;83;255;1510040690;0
32;16;10;5;1;83;1510040753;83;255;1510040762;0
32;16;10;5;1;83;1510041480;83;255;1510041490;1
32;16;10;5;1;83;1510041549;83;255;1510041558;0
32;16;10;5;1;83;1510041623;83;255;1510041633;0
32;16;10;5;1;83;1510041693;83;255;1510041703;0
32;16;10;5;1;83;1510042422;83;255;1510042432;0
32;16;10;5;1;83;1510042489;83;255;1510042498;0
32;16;10;5;1;83;1510042566;83;255;1510042575;0
32;16;10;5;1;83;1510042635;83;255;1510042645;0
32;16;10;5;1;83;1510043362;83;255;1510043372;0
32;16;10;5;1;83;1510043432;83;255;1510043442;0
32;16;10;5;1;83;1510043506;83;255;1510043515;0
32;16;10;5;1;83;1510043579;83;255;1510043588;0
32;16;10;5;1;83;1510044302;83;255;1510044312;0
32;16;10;5;1;83;1510044377;83;255;1510044386;0
32;16;10;5;1;83;1510044447;83;255;1510044457;0
32;16;10;5;1;83;1510044522;83;255;1510044532;0
32;16;10;5;1;83;1510045288;83;255;1510045298;0
32;16;10;5;1;83;1510045362;83;255;1510045373;0
32;16;10;5;1;83;1510045437;83;255;1510045447;0
32;16;10;5;1;83;1510045517;83;255;1510045527;0
32;16;10;5;1;83;1510046307;83;255;1510046317;0
32;16;10;5;1;83;1510046389;83;255;1510046399;0
32;16;10;5;1;83;1510046463;83;255;1510046473;0
32;16;10;5;1;83;1510046525;83;255;1510046536;0
32;16;10;5;1;83;1510047273;83;255;1510047283;0
32;16;10;5;1;83;1510047289;83;255;1510047298;0
32;16;10;5;1;83;1510047293;83;255;1510047302;0
32;16;10;5;1;83;1510047293;83;255;1510047303;0
32;16;10;5;1;83;1510048255;83;255;1510048264;0
32;16;10;5;1;83;1510048270;83;255;1510048279;0
32;16;10;5;1;83;1510048272;83;255;1510048282;0
32;16;10;5;1;83;1510048279;83;255;1510048289;0
32;16;10;5;1;83;1510049248;83;255;1510049261;0
32;16;10;5;1;83;1510049251;83;255;1510049263;0
32;16;10;5;1;83;1510049256;83;255;1510049270;0
32;16;10;5;1;83;1510049278;83;255;1510049290;0
32;16;10;5;1;83;1510050249;83;255;1510050259;0
32;16;10;5;1;83;1510050256;83;255;1510050266;0
32;16;10;5;1;83;1510050272;83;255;1510050282;0
32;16;10;5;1;83;1510051209;83;255;1510051219;0
32;16;10;5;1;83;1510051214;83;255;1510051224;0
32;16;10;5;1;83;1510051231;83;255;1510051241;0
32;16;10;5;1;83;1510052165;83;255;1510052175;0
32;16;10;5;1;83;1510052171;83;255;1510052181;0
32;16;10;5;1;83;1510052189;83;255;1510052199;0
32;16;10;5;1;83;1510053122;83;255;1510053132;0
32;16;10;5;1;83;1510053129;83;255;1510053139;0
32;16;10;5;1;83;1510053147;83;255;1510053157;0
32;16;10;5;1;83;1510054080;83;255;1510054090;0
32;16;10;5;1;83;1510054087;83;255;1510054097;0
32;16;10;5;1;83;1510054105;83;255;1510054115;0
32;16;10;5;1;83;1510055038;83;255;1510055048;0
32;16;10;5;1;83;1510055048;83;255;1510055058;0
32;16;10;5;1;83;1510055068;83;255;1510055077;0
32;16;10;5;1;83;1510056011;83;255;1510056020;0
32;16;10;5;1;83;1510056024;83;255;1510056033;0
32;16;10;5;1;83;1510056043;83;255;1510056053;0
32;16;10;5;1;83;1510056964;83;255;1510056974;0
32;16;10;5;1;83;1510056986;83;255;1510056995;0
32;16;10;5;1;83;1510057013;83;255;1510057023;0
32;16;10;5;1;83;1510057910;83;255;1510057919;0
32;16;10;5;1;83;1510057931;83;255;1510057940;0
32;16;10;5;1;83;1510057958;83;255;1510057968;0
32;16;10;5;1;83;1510058850;83;255;1510058859;0
32;16;10;5;1;83;1510058871;83;255;1510058881;0
32;16;10;5;1;83;1510058898;83;255;1510058908;0
32;16;10;5;1;83;1510059791;83;255;1510059800;0
32;16;10;5;1;83;1510059811;83;255;1510059821;0
32;16;10;5;1;83;1510059839;83;255;1510059849;0
32;16;10;5;1;83;1510060749;83;255;1510060759;0
32;16;10;5;1;83;1510060769;83;255;1510060779;0
32;16;10;5;1;83;1510060803;83;255;1510060813;0
32;16;10;5;1;83;1510061721;83;255;1510061732;0
32;16;10;5;1;83;1510061732;83;255;1510061743;0
32;16;10;5;1;83;1510061770;83;255;1510061781;0
32;16;10;5;1;83;1510062706;83;255;1510062716;0
32;16;10;5;1;83;1510062711;83;255;1510062721;0
32;16;10;5;1;83;1510062754;83;255;1510062764;0
32;16;10;5;1;83;1510063661;83;255;1510063670;0
32;16;10;5;1;83;1510063663;83;255;1510063672;0
32;16;10;5;1;83;1510063707;83;255;1510063717;0
32;16;10;5;1;83;1510064624;83;255;1510064635;0
32;16;10;5;1;83;1510064626;83;255;1510064635;0
32;16;10;5;1;83;1510064674;83;255;1510064684;0
32;16;10;5;1;83;1510065586;83;255;1510065596;0
32;16;10;5;1;83;1510065588;83;255;1510065598;0
32;16;10;5;1;83;1510065638;83;255;1510065648;0
32;16;10;5;1;83;1510066547;83;255;1510066557;0
32;16;10;5;1;83;1510066549;83;255;1510066559;0
32;16;10;5;1;83;1510066601;83;255;1510066611;0
32;16;10;5;1;83;1510067509;83;255;1510067519;0
32;16;10;5;1;83;1510067511;83;255;1510067521;0
32;16;10;5;1;83;1510067566;83;255;1510067576;0
32;16;10;5;1;83;1510068462;83;255;1510068472;0
32;16;10;5;1;83;1510068464;83;255;1510068474;0
32;16;10;5;1;83;1510068517;83;255;1510068527;0
32;16;10;5;1;83;1510069416;83;255;1510069425;0
32;16;10;5;1;83;1510069425;83;255;1510069434;0
32;16;10;5;1;83;1510069474;83;255;1510069484;0
32;16;10;5;1;83;1510070381;83;255;1510070391;0
32;16;10;5;1;83;1510070395;83;255;1510070405;0
32;16;10;5;1;83;1510070441;83;255;1510070451;0
32;16;10;5;1;83;1510071345;83;255;1510071356;0
32;16;10;5;1;83;1510071357;83;255;1510071367;0
32;16;10;5;1;83;1510071404;83;255;1510071414;0
32;16;10;5;1;83;1510072314;83;255;1510072324;0
32;16;10;5;1;83;1510072320;83;255;1510072330;0
32;16;10;5;1;83;1510072361;83;255;1510072370;0
32;16;10;5;1;83;1510073258;83;255;1510073268;0
32;16;10;5;1;83;1510073264;83;255;1510073274;0
32;16;10;5;1;83;1510073305;83;255;1510073315;0
32;16;10;5;1;83;1510074202;83;255;1510074211;0
32;16;10;5;1;83;1510074208;83;255;1510074217;0
32;16;10;5;1;83;1510074248;83;255;1510074258;0
32;16;10;5;1;83;1510075145;83;255;1510075154;0
32;16;10;5;1;83;1510075150;83;255;1510075160;0
32;16;10;5;1;83;1510075191;83;255;1510075201;0
32;16;10;5;1;83;1510075955;83;255;1510075965;0
32;16;10;5;1;83;1510076127;83;255;1510076137;0
32;16;10;5;1;83;1510076133;83;255;1510076143;0
32;16;10;5;1;83;1510076174;83;255;1510076183;0
32;16;10;5;1;83;1510076897;83;255;1510076907;0
32;16;10;5;1;83;1510077067;83;255;1510077077;0
32;16;10;5;1;83;1510077073;83;255;1510077083;0
32;16;10;5;1;83;1510077113;83;255;1510077123;0
32;16;10;5;1;83;1510077836;83;255;1510077846;0
32;16;10;5;1;83;1510078006;83;255;1510078015;0
32;16;10;5;1;83;1510078014;83;255;1510078023;0
32;16;10;5;1;83;1510078054;83;255;1510078064;0
32;16;10;5;1;83;1510078775;83;255;1510078785;0
32;16;10;5;1;83;1510078946;83;255;1510078956;0
32;16;10;5;1;83;1510078953;83;255;1510078963;0
32;16;10;5;1;83;1510078994;83;255;1510079003;0
32;16;10;5;1;83;1510079716;83;255;1510079725;0
32;16;10;5;1;83;1510079884;83;255;1510079894;0
32;16;10;5;1;83;1510079893;83;255;1510079903;0
32;16;10;5;1;83;1510079933;83;255;1510079943;0
32;16;10;5;1;83;1510080655;83;255;1510080665;0
32;16;10;5;1;83;1510080825;83;255;1510080834;0
32;16;10;5;1;83;1510080831;83;255;1510080841;0
32;16;10;5;1;83;1510080875;83;255;1510080885;0
32;16;10;5;1;83;1510081596;83;255;1510081606;0
32;16;10;5;1;83;1510081764;83;255;1510081774;0
32;16;10;5;1;83;1510081770;83;255;1510081780;0
32;16;10;5;1;83;1510081816;83;255;1510081825;1
32;16;10;5;1;83;1510082534;83;255;1510082544;0
32;16;10;5;1;83;1510082705;83;255;1510082714;0
32;16;10;5;1;83;1510082711;83;255;1510082721;0
32;16;10;5;1;83;1510082756;83;255;1510082766;0
32;16;10;5;1;83;1510083473;83;255;1510083483;0
32;16;10;5;1;83;1510083644;83;255;1510083653;0
32;16;10;5;1;83;1510083654;83;255;1510083664;0
32;16;10;5;1;83;1510083695;83;255;1510083704;0
32;16;10;5;1;83;1510084412;83;255;1510084422;0
32;16;10;5;1;83;1510084583;83;255;1510084593;0
32;16;10;5;1;83;1510084596;83;255;1510084605;0
32;16;10;5;1;83;1510084635;83;255;1510084645;0
32;16;10;5;1;83;1510085352;83;255;1510085361;0
32;16;10;5;1;83;1510085524;83;255;1510085534;0
32;16;10;5;1;83;1510085536;83;255;1510085546;0
32;16;10;5;1;83;1510085575;83;255;1510085585;0
32;16;10;5;1;83;1510086290;83;255;1510086300;0
32;16;10;5;1;83;1510086465;83;255;1510086475;0
32;16;10;5;1;83;1510086479;83;255;1510086489;0
32;16;10;5;1;83;1510086514;83;255;1510086524;0
32;16;10;5;1;83;1510087230;83;255;1510087240;0
32;16;10;5;1;83;1510087406;83;255;1510087416;0
32;16;10;5;1;83;1510087418;83;255;1510087428;0
32;16;10;5;1;83;1510087454;83;255;1510087464;0
32;16;10;5;1;83;1510088170;83;255;1510088180;0
32;16;10;5;1;83;1510088347;83;255;1510088356;0
32;16;10;5;1;83;1510088358;83;255;1510088368;0
32;16;10;5;1;83;1510088393;83;255;1510088403;0
32;16;10;5;1;83;1510089110;83;255;1510089120;0
32;16;10;5;1;83;1510089286;83;255;1510089295;0
32;16;10;5;1;83;1510089299;83;255;1510089308;0
32;16;10;5;1;83;1510089333;83;255;1510089342;0
32;16;10;5;1;83;1510090048;83;255;1510090058;0
32;16;10;5;1;83;1510090225;83;255;1510090235;0
32;16;10;5;1;83;1510090239;83;255;1510090248;0
32;16;10;5;1;83;1510090277;83;255;1510090287;0
32;16;10;5;1;83;1510090988;83;255;1510090998;0
32;16;10;5;1;83;1510091165;83;255;1510091175;0
32;16;10;5;1;83;1510091179;83;255;1510091189;0
32;16;10;5;1;83;1510091218;83;255;1510091228;0
32;16;10;5;1;83;1510091927;83;255;1510091937;0
32;16;10;5;1;83;1510092105;83;255;1510092115;0
32;16;10;5;1;83;1510092120;83;255;1510092130;0
32;16;10;5;1;83;1510092158;83;255;1510092168;0
32;16;10;5;1;83;1510092866;83;255;1510092876;0
32;16;10;5;1;83;1510093045;83;255;1510093055;0
32;16;10;5;1;83;1510093060;83;255;1510093070;0
32;16;10;5;1;83;1510093099;83;255;1510093108;0
32;16;10;5;1;83;1510093806;83;255;1510093815;0
32;16;10;5;1;83;1510093984;83;255;1510093994;0
32;16;10;5;1;83;1510094000;83;255;1510094010;0
32;16;10;5;1;83;1510094041;83;255;1510094051;0
32;16;10;5;1;83;1510094747;83;255;1510094757;0
32;16;10;5;1;83;1510094924;83;255;1510094933;0
32;16;10;5;1;83;1510094939;83;255;1510094948;0
32;16;10;5;1;83;1510094981;83;255;1510094991;0
32;16;10;5;1;83;1510095689;83;255;1510095699;0
32;16;10;5;1;83;1510095863;83;255;1510095873;0
32;16;10;5;1;83;1510095877;83;255;1510095887;0
32;16;10;5;1;83;1510095921;83;255;1510095931;0
32;16;10;5;1;83;1510096633;83;255;1510096642;0
32;16;10;5;1;83;1510096802;83;255;1510096811;0
32;16;10;5;1;83;1510096817;83;255;1510096827;0
32;16;10;5;1;83;1510096862;83;255;1510096871;0
32;16;10;5;1;83;1510097571;83;255;1510097580;0
32;16;10;5;1;83;1510097743;83;255;1510097753;0
32;16;10;5;1;83;1510097756;83;255;1510097765;0
32;16;10;5;1;83;1510097803;83;255;1510097813;0
32;16;10;5;1;83;1510098511;83;255;1510098521;0
32;16;10;5;1;83;1510098684;83;255;1510098694;0
32;16;10;5;1;83;1510098694;83;255;1510098704;0
32;16;10;5;1;83;1510098743;83;255;1510098752;0
32;16;10;5;1;83;1510099451;83;255;1510099461;0
32;16;10;5;1;83;1510099626;83;255;1510099636;0
32;16;10;5;1;83;1510099632;83;255;1510099642;0
32;16;10;5;1;83;1510099684;83;255;1510099693;0
32;16;10;5;1;83;1510100392;83;255;1510100402;1
32;16;10;5;1;83;1510100566;83;255;1510100575;0
32;16;10;5;1;83;1510100571;83;255;1510100581;0
32;16;10;5;1;83;1510100623;83;255;1510100633;0
32;16;10;5;1;83;1510101332;83;255;1510101341;0
32;16;10;5;1;83;1510101505;83;255;1510101514;0
32;16;10;5;1;83;1510101513;83;255;1510101523;0
32;16;10;5;1;83;1510101562;83;255;1510101572;1
32;16;10;5;1;83;1510102272;83;255;1510102282;0
32;16;10;5;1;83;1510102443;83;255;1510102453;0
32;16;10;5;1;83;1510102452;83;255;1510102461;0
32;16;10;5;1;83;1510102505;83;255;1510102515;0
32;16;10;5;1;83;1510103210;83;255;1510103220;0
32;16;10;5;1;83;1510103383;83;255;1510103393;0
32;16;10;5;1;83;1510103393;83;255;1510103402;0
32;16;10;5;1;83;1510103446;83;255;1510103456;0
32;16;10;5;1;83;1510104149;83;255;1510104158;0
32;16;10;5;1;83;1510104322;83;255;1510104332;0
32;16;10;5;1;83;1510104334;83;255;1510104343;0
32;16;10;5;1;83;1510104386;83;255;1510104396;0
32;16;10;5;1;83;1510105088;83;255;1510105097;0
32;16;10;5;1;83;1510105261;83;255;1510105271;0
32;16;10;5;1;83;1510105275;83;255;1510105284;0
32;16;10;5;1;83;1510105325;83;255;1510105335;0
32;16;10;5;1;83;1510106030;83;255;1510106040;0
32;16;10;5;1;83;1510106202;83;255;1510106211;0
32;16;10;5;1;83;1510106213;83;255;1510106223;0
32;16;10;5;1;83;1510106265;83;255;1510106274;0
32;16;10;5;1;83;1510106968;83;255;1510106978;0
32;16;10;5;1;83;1510107145;83;255;1510107155;0
32;16;10;5;1;83;1510107153;83;255;1510107163;0
32;16;10;5;1;83;1510107206;83;255;1510107215;0
32;16;10;5;1;83;1510107907;83;255;1510107917;0
32;16;10;5;1;83;1510108087;83;255;1510108096;0
32;16;10;5;1;83;1510108092;83;255;1510108102;0
32;16;10;5;1;83;1510108147;83;255;1510108156;0
32;16;10;5;1;83;1510108847;83;255;1510108856;0
32;16;10;5;1;83;1510109026;83;255;1510109036;0
32;16;10;5;1;83;1510109033;83;255;1510109043;0
32;16;10;5;1;83;1510109087;83;255;1510109097;0
32;16;10;5;1;83;1510109786;83;255;1510109795;0
32;16;10;5;1;83;1510109968;83;255;1510109977;0
32;16;10;5;1;83;1510109974;83;255;1510109984;0
32;16;10;5;1;83;1510110028;83;255;1510110038;0
32;16;10;5;1;83;1510110726;83;255;1510110735;0
32;16;10;5;1;83;1510110907;83;255;1510110917;0
32;16;10;5;1;83;1510110914;83;255;1510110924;0
32;16;10;5;1;83;1510110968;83;255;1510110978;0
32;16;10;5;1;83;1510111666;83;255;1510111675;0
32;16;10;5;1;83;1510111847;83;255;1510111857;0
32;16;10;5;1;83;1510111855;83;255;1510111865;0
32;16;10;5;1;83;1510111906;83;255;1510111916;1
32;16;10;5;1;83;1510112603;83;255;1510112613;0
32;16;10;5;1;83;1510112791;83;255;1510112801;0
32;16;10;5;1;83;1510112794;83;255;1510112804;0
32;16;10;5;1;83;1510112847;83;255;1510112857;0
32;16;10;5;1;83;1510113541;83;255;1510113550;0
32;16;10;5;1;83;1510113732;83;255;1510113742;0
32;16;10;5;1;83;1510113734;83;255;1510113744;0
32;16;10;5;1;83;1510113786;83;255;1510113796;0
32;16;10;5;1;83;1510114479;83;255;1510114489;0
32;16;10;5;1;83;1510114673;83;255;1510114682;0
32;16;10;5;1;83;1510114676;83;255;1510114685;0
32;16;10;5;1;83;1510114726;83;255;1510114736;0
32;16;10;5;1;83;1510115420;83;255;1510115429;0
32;16;10;5;1;83;1510115612;83;255;1510115622;0
32;16;10;5;1;83;1510115615;83;255;1510115625;0
32;16;10;5;1;83;1510115666;83;255;1510115675;0
32;16;10;5;1;83;1510116362;83;255;1510116371;0
32;16;10;5;1;83;1510116552;83;255;1510116561;0
32;16;10;5;1;83;1510116554;83;255;1510116564;0
32;16;10;5;1;83;1510116605;83;255;1510116614;0
32;16;10;5;1;83;1510117302;83;255;1510117311;0
32;16;10;5;1;83;1510117491;83;255;1510117501;0
32;16;10;5;1;83;1510117496;83;255;1510117505;0
32;16;10;5;1;83;1510117544;83;255;1510117554;0
32;16;10;5;1;83;1510118242;83;255;1510118252;0
32;16;10;5;1;83;1510118431;83;255;1510118441;0
32;16;10;5;1;83;1510118438;83;255;1510118448;0
32;16;10;5;1;83;1510118484;83;255;1510118494;0
32;16;10;5;1;83;1510119186;83;255;1510119195;0
32;16;10;5;1;83;1510119370;83;255;1510119379;0
32;16;10;5;1;83;1510119378;83;255;1510119387;0
32;16;10;5;1;83;1510119423;83;255;1510119432;0
32;16;10;5;1;83;1510120129;83;255;1510120139;0
32;16;10;5;1;83;1510120308;83;255;1510120318;0
32;16;10;5;1;83;1510120317;83;255;1510120326;0
32;16;10;5;1;83;1510120362;83;255;1510120372;0
32;16;10;5;1;83;1510121069;83;255;1510121079;0
32;16;10;5;1;83;1510121249;83;255;1510121258;0
32;16;10;5;1;83;1510121257;83;255;1510121267;0
32;16;10;5;1;83;1510121301;83;255;1510121311;0
32;16;10;5;1;83;1510122010;83;255;1510122020;0
32;16;10;5;1;83;1510122189;83;255;1510122199;0
32;16;10;5;1;83;1510122197;83;255;1510122207;0
32;16;10;5;1;83;1510122240;83;255;1510122250;0
32;16;10;5;1;83;1510122951;83;255;1510122961;0
32;16;10;5;1;83;1510123129;83;255;1510123139;0
32;16;10;5;1;83;1510123137;83;255;1510123147;0
32;16;10;5;1;83;1510123183;83;255;1510123192;0
32;16;10;5;1;83;1510123891;83;255;1510123901;0
32;16;10;5;1;83;1510124068;83;255;1510124078;0
32;16;10;5;1;83;1510124079;83;255;1510124088;0
32;16;10;5;1;83;1510124123;83;255;1510124133;0
32;16;10;5;1;83;1510124832;83;255;1510124841;0
32;16;10;5;1;83;1510125007;83;255;1510125017;0
32;16;10;5;1;83;1510125019;83;255;1510125028;0
32;16;10;5;1;83;1510125063;83;255;1510125072;0
32;16;10;5;1;83;1510125771;83;255;1510125780;0
32;16;10;5;1;83;1510125948;83;255;1510125958;0
32;16;10;5;1;83;1510125958;83;255;1510125968;0
32;16;10;5;1;83;1510126003;83;255;1510126013;0
32;16;10;5;1;83;1510126709;83;255;1510126719;0
32;16;10;5;1;83;1510126888;83;255;1510126898;0
32;16;10;5;1;83;1510126898;83;255;1510126907;0
32;16;10;5;1;83;1510126944;83;255;1510126954;0
32;16;10;5;1;83;1510127650;83;255;1510127660;0
32;16;10;5;1;83;1510127826;83;255;1510127836;0
32;16;10;5;1;83;1510127836;83;255;1510127846;0
32;16;10;5;1;83;1510127886;83;255;1510127896;0
32;16;10;5;1;83;1510128588;83;255;1510128598;0
32;16;10;5;1;83;1510128767;83;255;1510128776;0
32;16;10;5;1;83;1510128776;83;255;1510128786;0
32;16;10;5;1;83;1510128826;83;255;1510128835;0
32;16;10;5;1;83;1510129528;83;255;1510129537;0
32;16;10;5;1;83;1510129708;83;255;1510129718;0
32;16;10;5;1;83;1510129717;83;255;1510129727;0
32;16;10;5;1;83;1510129765;83;255;1510129775;0
32;16;10;5;1;83;1510130520;83;255;1510130530;0
32;16;10;5;1;83;1510130724;83;255;1510130734;0
32;16;10;5;1;83;1510130726;83;255;1510130736;0
32;16;10;5;1;83;1510130771;83;255;1510130781;0
32;16;10;5;1;83;1510131525;83;255;1510131535;0
32;16;10;5;1;83;1510131723;83;255;1510131732;0
32;16;10;5;1;83;1510131732;83;255;1510131742;0
32;16;10;5;1;83;1510131777;83;255;1510131787;0
32;16;10;5;1;83;1510132496;83;255;1510132506;0
32;16;10;5;1;83;1510132676;83;255;1510132686;0
32;16;10;5;1;83;1510132698;83;255;1510132708;0
32;16;10;5;1;83;1510132739;83;255;1510132750;0
32;16;10;5;1;83;1510133512;83;255;1510133522;0
32;16;10;5;1;83;1510133677;83;255;1510133688;0
32;16;10;5;1;83;1510133708;83;255;1510133718;0
32;16;10;5;1;83;1510133757;83;255;1510133767;0
32;16;10;5;1;83;1510134506;83;255;1510134516;0
32;16;10;5;1;83;1510134670;83;255;1510134681;0
32;16;10;5;1;83;1510134707;83;255;1510134717;0
32;16;10;5;1;83;1510134741;83;255;1510134752;0
32;16;10;5;1;83;1510135507;83;255;1510135517;0
32;16;10;5;1;83;1510135672;83;255;1510135681;0
32;16;10;5;1;83;1510135705;83;255;1510135715;1
32;16;10;5;1;83;1510135734;83;255;1510135744;0
32;16;10;5;1;83;1510136506;83;255;1510136516;0
32;16;10;5;1;83;1510136668;83;255;1510136679;0
32;16;10;5;1;83;1510136699;83;255;1510136709;0
32;16;10;5;1;83;1510136742;83;255;1510136752;0
32;16;10;5;1;83;1510137497;83;255;1510137507;0
32;16;10;5;1;83;1510137672;83;255;1510137682;0
32;16;10;5;1;83;1510137681;83;255;1510137691;0
32;16;10;5;1;83;1510137728;83;255;1510137739;0
32;16;10;5;1;83;1510138510;83;255;1510138521;0
32;16;10;5;1;83;1510138691;83;255;1510138701;0
32;16;10;5;1;83;1510138699;83;255;1510138709;0
32;16;10;5;1;83;1510138755;83;255;1510138766;0
32;16;10;5;1;83;1510139497;83;255;1510139507;0
32;16;10;5;1;83;1510139670;83;255;1510139680;0
32;16;10;5;1;83;1510139716;83;255;1510139726;0
32;16;10;5;1;83;1510139731;83;255;1510139740;0
32;16;10;5;1;83;1510140475;83;255;1510140485;0
32;16;10;5;1;83;1510140632;83;255;1510140643;0
32;16;10;5;1;83;1510140706;83;255;1510140715;0
32;16;10;5;1;83;1510140721;83;255;1510140731;0
32;16;10;5;1;83;1510141473;83;255;1510141483;0
32;16;10;5;1;83;1510141617;83;255;1510141626;0
32;16;10;5;1;83;1510141677;83;255;1510141687;0
32;16;10;5;1;83;1510141710;83;255;1510141722;0
32;16;10;5;1;83;1510142462;83;255;1510142473;0
32;16;10;5;1;83;1510142654;83;255;1510142664;0
32;16;10;5;1;83;1510142688;83;255;1510142699;0
32;16;10;5;1;83;1510142747;83;255;1510142758;0
32;16;10;5;1;83;1510143505;83;255;1510143515;0
32;16;10;5;1;83;1510143682;83;255;1510143692;0
32;16;10;5;1;83;1510143710;83;255;1510143721;0
32;16;10;5;1;83;1510143790;83;255;1510143800;0
32;16;10;5;1;83;1510144476;83;255;1510144486;0
32;16;10;5;1;83;1510144644;83;255;1510144654;0
32;16;10;5;1;83;1510144675;83;255;1510144684;0
32;16;10;5;1;83;1510144752;83;255;1510144761;0
32;16;10;5;1;83;1510145418;83;255;1510145427;0
32;16;10;5;1;83;1510145586;83;255;1510145596;0
32;16;10;5;1;83;1510145617;83;255;1510145627;0
32;16;10;5;1;83;1510145692;83;255;1510145702;0
32;16;10;5;1;83;1510146357;83;255;1510146367;0
32;16;10;5;1;83;1510146529;83;255;1510146539;0
32;16;10;5;1;83;1510146559;83;255;1510146569;1
32;16;10;5;1;83;1510146634;83;255;1510146643;0
32;16;10;5;1;83;1510147322;83;255;1510147333;0
32;16;10;5;1;83;1510147500;83;255;1510147510;0
32;16;10;5;1;83;1510147532;83;255;1510147541;0
32;16;10;5;1;83;1510147605;83;255;1510147615;0
32;16;10;5;1;83;1510148298;83;255;1510148308;0
32;16;10;5;1;83;1510148477;83;255;1510148487;0
32;16;10;5;1;83;1510148497;83;255;1510148507;0
32;16;10;5;1;83;1510148577;83;255;1510148587;0
32;16;10;5;1;83;1510149265;83;255;1510149275;0
32;16;10;5;1;83;1510149439;83;255;1510149449;0
32;16;10;5;1;83;1510149452;83;255;1510149462;0
32;16;10;5;1;83;1510149530;83;255;1510149539;0
32;16;10;5;1;83;1510150206;83;255;1510150216;0
32;16;10;5;1;83;1510150383;83;255;1510150395;0
32;16;10;5;1;83;1510150392;83;255;1510150403;0
32;16;10;5;1;83;1510150478;83;255;1510150488;0
32;16;10;5;1;83;1510151172;83;255;1510151182;0
32;16;10;5;1;83;1510151350;83;255;1510151360;0
32;16;10;5;1;83;1510151360;83;255;1510151370;0
32;16;10;5;1;83;1510151448;83;255;1510151457;0
32;16;10;5;1;83;1510152153;83;255;1510152164;0
32;16;10;5;1;83;1510152331;83;255;1510152340;0
32;16;10;5;1;83;1510152351;83;255;1510152361;0
32;16;10;5;1;83;1510152429;83;255;1510152440;0
32;16;10;5;1;83;1510153132;83;255;1510153141;0
32;16;10;5;1;83;1510153299;83;255;1510153309;0
32;16;10;5;1;83;1510153321;83;255;1510153332;0
32;16;10;5;1;83;1510153400;83;255;1510153409;0
32;16;10;5;1;83;1510154099;83;255;1510154109;0
32;16;10;5;1;83;1510154283;83;255;1510154292;0
32;16;10;5;1;83;1510154304;83;255;1510154314;0
32;16;10;5;1;83;1510154372;83;255;1510154382;0
32;16;10;5;1;83;1510155063;83;255;1510155073;0
32;16;10;5;1;83;1510155235;83;255;1510155245;0
32;16;10;5;1;83;1510155261;83;255;1510155271;0
32;16;10;5;1;83;1510155328;83;255;1510155338;0
32;16;10;5;1;83;1510156037;83;255;1510156046;0
32;16;10;5;1;83;1510156208;83;255;1510156219;0
32;16;10;5;1;83;1510156237;83;255;1510156247;0
32;16;10;5;1;83;1510156311;83;255;1510156321;0
32;16;10;5;1;83;1510157022;83;255;1510157032;0
32;16;10;5;1;83;1510157203;83;255;1510157214;0
32;16;10;5;1;83;1510157229;83;255;1510157239;0
32;16;10;5;1;83;1510157300;83;255;1510157309;0
32;16;10;5;1;83;1510158002;83;255;1510158012;0
32;16;10;5;1;83;1510158183;83;255;1510158193;0
32;16;10;5;1;83;1510158214;83;255;1510158225;0
32;16;10;5;1;83;1510158284;83;255;1510158293;0
32;16;10;5;1;83;1510158962;83;255;1510158972;0
32;16;10;5;1;83;1510159142;83;255;1510159152;0
32;16;10;5;1;83;1510159175;83;255;1510159185;0
32;16;10;5;1;83;1510159239;83;255;1510159249;0
32;16;10;5;1;83;1510159923;83;255;1510159933;0
32;16;10;5;1;83;1510160114;83;255;1510160125;0
32;16;10;5;1;83;1510160145;83;255;1510160156;0
32;16;10;5;1;83;1510160214;83;255;1510160224;1
32;16;10;5;1;83;1510160899;83;255;1510160909;0
32;16;10;5;1;83;1510161082;83;255;1510161092;0
32;16;10;5;1;83;1510161120;83;255;1510161130;0
32;16;10;5;1;83;1510161184;83;255;1510161194;0
32;16;10;5;1;83;1510161881;83;255;1510161891;0
32;16;10;5;1;83;1510162055;83;255;1510162065;0
32;16;10;5;1;83;1510162092;83;255;1510162102;0
32;16;10;5;1;83;1510162150;83;255;1510162160;0
32;16;10;5;1;83;1510162839;83;255;1510162849;0
32;16;10;5;1;83;1510163020;83;255;1510163030;0
32;16;10;5;1;83;1510163071;83;255;1510163081;0
32;16;10;5;1;83;1510163110;83;255;1510163120;0
32;16;10;5;1;83;1510163785;83;255;1510163795;0
32;16;10;5;1;83;1510163967;83;255;1510163977;0
32;16;10;5;1;83;1510164028;83;255;1510164038;0
32;16;10;5;1;83;1510164055;83;255;1510164065;0
32;16;10;5;1;83;1510164726;83;255;1510164736;0
32;16;10;5;1;83;1510164910;83;255;1510164920;0
32;16;10;5;1;83;1510164970;83;255;1510164980;0
32;16;10;5;1;83;1510165002;83;255;1510165011;0
32;16;10;5;1;83;1510165670;83;255;1510165679;0
32;16;10;5;1;83;1510165852;83;255;1510165861;0
32;16;10;5;1;83;1510165914;83;255;1510165924;0
32;16;10;5;1;83;1510165943;83;255;1510165952;0
32;16;10;5;1;83;1510166614;83;255;1510166623;0
32;16;10;5;1;83;1510166795;83;255;1510166804;0
32;16;10;5;1;83;1510166857;83;255;1510166866;0
32;16;10;5;1;83;1510166886;83;255;1510166896;0
32;16;10;5;1;83;1510167556;83;255;1510167565;0
32;16;10;5;1;83;1510167736;83;255;1510167746;0
32;16;10;5;1;83;1510167798;83;255;1510167808;0
32;16;10;5;1;83;1510167832;83;255;1510167842;1
32;16;10;5;1;83;1510168498;83;255;1510168507;0
32;16;10;5;1;83;1510168679;83;255;1510168688;0
32;16;10;5;1;83;1510168741;83;255;1510168751;0
32;16;10;5;1;83;1510168774;83;255;1510168783;0
32;16;10;5;1;83;1510169440;83;255;1510169450;0
32;16;10;5;1;83;1510169622;83;255;1510169632;0
32;16;10;5;1;83;1510169684;83;255;1510169694;0
32;16;10;5;1;83;1510169715;83;255;1510169725;0
32;16;10;5;1;83;1510170382;83;255;1510170392;0
32;16;10;5;1;83;1510170564;83;255;1510170573;0
32;16;10;5;1;83;1510170627;83;255;1510170636;0
32;16;10;5;1;83;1510170658;83;255;1510170668;0
32;16;10;5;1;83;1510171325;83;255;1510171335;0
32;16;10;5;1;83;1510171506;83;255;1510171516;0
32;16;10;5;1;83;1510171572;83;255;1510171582;0
32;16;10;5;1;83;1510171600;83;255;1510171610;0
32;16;10;5;1;83;1510172265;83;255;1510172275;0
32;16;10;5;1;83;1510172448;83;255;1510172458;0
32;16;10;5;1;83;1510172514;83;255;1510172524;0
32;16;10;5;1;83;1510172544;83;255;1510172553;0
32;16;10;5;1;83;1510173209;83;255;1510173219;0
32;16;10;5;1;83;1510173389;83;255;1510173399;0
32;16;10;5;1;83;1510173457;83;255;1510173467;0
32;16;10;5;1;83;1510173487;83;255;1510173497;0
32;16;10;5;1;83;1510174154;83;255;1510174163;0
32;16;10;5;1;83;1510174331;83;255;1510174340;0
32;16;10;5;1;83;1510174400;83;255;1510174410;0
32;16;10;5;1;83;1510174427;83;255;1510174437;0
32;16;10;5;1;83;1510175097;83;255;1510175107;0
32;16;10;5;1;83;1510175273;83;255;1510175283;0
32;16;10;5;1;83;1510175343;83;255;1510175353;0
32;16;10;5;1;83;1510175369;83;255;1510175379;0
32;16;10;5;1;83;1510176041;83;255;1510176051;0
32;16;10;5;1;83;1510176213;83;255;1510176223;0
32;16;10;5;1;83;1510176285;83;255;1510176294;0
32;16;10;5;1;83;1510176310;83;255;1510176320;0
32;16;10;5;1;83;1510176985;83;255;1510176995;0
32;16;10;5;1;83;1510177156;83;255;1510177166;0
32;16;10;5;1;83;1510177227;83;255;1510177236;0
32;16;10;5;1;83;1510177252;83;255;1510177261;0
32;16;10;5;1;83;1510177927;83;255;1510177937;0
32;16;10;5;1;83;1510178099;83;255;1510178109;0
32;16;10;5;1;83;1510178169;83;255;1510178179;0
32;16;10;5;1;83;1510178192;83;255;1510178202;0
32;16;10;5;1;83;1510178871;83;255;1510178881;0
32;16;10;5;1;83;1510179044;83;255;1510179054;0
32;16;10;5;1;83;1510179109;83;255;1510179119;0
32;16;10;5;1;83;1510179135;83;255;1510179144;0
32;16;10;5;1;83;1510179813;83;255;1510179823;0
32;16;10;5;1;83;1510179986;83;255;1510179995;0
32;16;10;5;1;83;1510180049;83;255;1510180059;0
32;16;10;5;1;83;1510180075;83;255;1510180085;0
32;16;10;5;1;83;1510180757;83;255;1510180767;0
32;16;10;5;1;83;1510180927;83;255;1510180937;0
32;16;10;5;1;83;1510180992;83;255;1510181002;0
32;16;10;5;1;83;1510181020;83;255;1510181029;0
32;16;10;5;1;83;1510181701;83;255;1510181711;0
32;16;10;5;1;83;1510181870;83;255;1510181880;0
32;16;10;5;1;83;1510181934;83;255;1510181944;0
32;16;10;5;1;83;1510181961;83;255;1510181971;0
32;16;10;5;1;83;1510182645;83;255;1510182655;0
32;16;10;5;1;83;1510182812;83;255;1510182821;0
32;16;10;5;1;83;1510182877;83;255;1510182886;0
32;16;10;5;1;83;1510182904;83;255;1510182914;0
32;16;10;5;1;83;1510183588;83;255;1510183597;0
32;16;10;5;1;83;1510183754;83;255;1510183763;0
32;16;10;5;1;83;1510183818;83;255;1510183828;0
32;16;10;5;1;83;1510183845;83;255;1510183854;0
32;16;10;5;1;83;1510184531;83;255;1510184541;0
32;16;10;5;1;83;1510184697;83;255;1510184707;0
32;16;10;5;1;83;1510184761;83;255;1510184770;0
32;16;10;5;1;83;1510184786;83;255;1510184796;0
32;16;10;5;1;83;1510185475;83;255;1510185484;0
32;16;10;5;1;83;1510185641;83;255;1510185651;0
32;16;10;5;1;83;1510185705;83;255;1510185714;0
32;16;10;5;1;83;1510185728;83;255;1510185737;0
32;16;10;5;1;83;1510186416;83;255;1510186425;0
32;16;10;5;1;83;1510186585;83;255;1510186594;0
32;16;10;5;1;83;1510186645;83;255;1510186655;0
32;16;10;5;1;83;1510186669;83;255;1510186678;0
32;16;10;5;1;83;1510187359;83;255;1510187368;0
32;16;10;5;1;83;1510187528;83;255;1510187537;0
32;16;10;5;1;83;1510187586;83;255;1510187596;0
32;16;10;5;1;83;1510187610;83;255;1510187620;0
32;16;10;5;1;83;1510188300;83;255;1510188310;0
32;16;10;5;1;83;1510188470;83;255;1510188479;0
32;16;10;5;1;83;1510188528;83;255;1510188538;0
32;16;10;5;1;83;1510188554;83;255;1510188563;0
32;16;10;5;1;83;1510189240;83;255;1510189250;0
32;16;10;5;1;83;1510189414;83;255;1510189424;0
32;16;10;5;1;83;1510189469;83;255;1510189479;0
32;16;10;5;1;83;1510189498;83;255;1510189507;0
32;16;10;5;1;83;1510190181;83;255;1510190190;0
32;16;10;5;1;83;1510190355;83;255;1510190364;0
32;16;10;5;1;83;1510190410;83;255;1510190419;0
32;16;10;5;1;83;1510190441;83;255;1510190451;0
32;16;10;5;1;83;1510191122;83;255;1510191132;0
32;16;10;5;1;83;1510191298;83;255;1510191308;0
32;16;10;5;1;83;1510191351;83;255;1510191360;0
32;16;10;5;1;83;1510191385;83;255;1510191395;1
32;16;10;5;1;83;1510192065;83;255;1510192075;0
32;16;10;5;1;83;1510192242;83;255;1510192252;0
32;16;10;5;1;83;1510192289;83;255;1510192299;1
32;16;10;5;1;83;1510192328;83;255;1510192338;0
32;16;10;5;1;83;1510193008;83;255;1510193017;0
32;16;10;5;1;83;1510193183;83;255;1510193193;0
32;16;10;5;1;83;1510193233;83;255;1510193243;0
32;16;10;5;1;83;1510193272;83;255;1510193281;0
32;16;10;5;1;83;1510193947;83;255;1510193957;0
32;16;10;5;1;83;1510194125;83;255;1510194135;0
32;16;10;5;1;83;1510194175;83;255;1510194185;0
32;16;10;5;1;83;1510194214;83;255;1510194223;0
32;16;10;5;1;83;1510194890;83;255;1510194900;0
32;16;10;5;1;83;1510195069;83;255;1510195078;0
32;16;10;5;1;83;1510195116;83;255;1510195126;0
32;16;10;5;1;83;1510195157;83;255;1510195166;0
32;16;10;5;1;83;1510195832;83;255;1510195841;0
32;16;10;5;1;83;1510196012;83;255;1510196022;0
32;16;10;5;1;83;1510196059;83;255;1510196069;0
32;16;10;5;1;83;1510196097;83;255;1510196106;0
32;16;10;5;1;83;1510196775;83;255;1510196785;0
32;16;10;5;1;83;1510196955;83;255;1510196965;0
32;16;10;5;1;83;1510197002;83;255;1510197012;0
32;16;10;5;1;83;1510197036;83;255;1510197046;0
32;16;10;5;1;83;1510197718;83;255;1510197728;0
32;16;10;5;1;83;1510197896;83;255;1510197906;0
32;16;10;5;1;83;1510197945;83;255;1510197955;0
32;16;10;5;1;83;1510197978;83;255;1510197987;0
32;16;10;5;1;83;1510198659;83;255;1510198668;0
32;16;10;5;1;83;1510198837;83;255;1510198846;0
32;16;10;5;1;83;1510198892;83;255;1510198901;0
32;16;10;5;1;83;1510198920;83;255;1510198929;0
32;16;10;5;1;83;1510199599;83;255;1510199609;0
32;16;10;5;1;83;1510199778;83;255;1510199788;0
32;16;10;5;1;83;1510199838;83;255;1510199847;0
32;16;10;5;1;83;1510199860;83;255;1510199870;0
32;16;10;5;1;83;1510200542;83;255;1510200551;0
32;16;10;5;1;83;1510200719;83;255;1510200729;0
32;16;10;5;1;83;1510200782;83;255;1510200792;0
32;16;10;5;1;83;1510200800;83;255;1510200810;0
32;16;10;5;1;83;1510201483;83;255;1510201492;0
32;16;10;5;1;83;1510201660;83;255;1510201669;0
32;16;10;5;1;83;1510201726;83;255;1510201735;0
32;16;10;5;1;83;1510201742;83;255;1510201751;0
32;16;10;5;1;83;1510202425;83;255;1510202435;0
32;16;10;5;1;83;1510202603;83;255;1510202613;0
32;16;10;5;1;83;1510202668;83;255;1510202678;0
32;16;10;5;1;83;1510202685;83;255;1510202695;0
32;16;10;5;1;83;1510203367;83;255;1510203376;0
32;16;10;5;1;83;1510203548;83;255;1510203558;0
32;16;10;5;1;83;1510203609;83;255;1510203619;0
32;16;10;5;1;83;1510203630;83;255;1510203640;0
32;16;10;5;1;83;1510204307;83;255;1510204317;0
32;16;10;5;1;83;1510204489;83;255;1510204499;0
32;16;10;5;1;83;1510204550;83;255;1510204560;0
32;16;10;5;1;83;1510204574;83;255;1510204584;0
32;16;10;5;1;83;1510205249;83;255;1510205259;0
32;16;10;5;1;83;1510205430;83;255;1510205439;0
32;16;10;5;1;83;1510205494;83;255;1510205504;0
32;16;10;5;1;83;1510205516;83;255;1510205525;0
32;16;10;5;1;83;1510206193;83;255;1510206202;0
32;16;10;5;1;83;1510206372;83;255;1510206381;0
32;16;10;5;1;83;1510206438;83;255;1510206448;0
32;16;10;5;1;83;1510206460;83;255;1510206470;0
32;16;10;5;1;83;1510207136;83;255;1510207146;0
32;16;10;5;1;83;1510207314;83;255;1510207324;0
32;16;10;5;1;83;1510207381;83;255;1510207391;0
32;16;10;5;1;83;1510207402;83;255;1510207411;0
32;16;10;5;1;83;1510208076;83;255;1510208085;0
32;16;10;5;1;83;1510208257;83;255;1510208267;0
32;16;10;5;1;83;1510208323;83;255;1510208333;0
32;16;10;5;1;83;1510208343;83;255;1510208353;0
32;16;10;5;1;83;1510209017;83;255;1510209026;0
32;16;10;5;1;83;1510209200;83;255;1510209209;0
32;16;10;5;1;83;1510209265;83;255;1510209275;0
32;16;10;5;1;83;1510209286;83;255;1510209296;0
32;16;10;5;1;83;1510209960;83;255;1510209969;0
32;16;10;5;1;83;1510210141;83;255;1510210151;0
32;16;10;5;1;83;1510210208;83;255;1510210218;0
32;16;10;5;1;83;1510210228;83;255;1510210238;0
32;16;10;5;1;83;1510210903;83;255;1510210913;0
32;16;10;5;1;83;1510211082;83;255;1510211091;0
32;16;10;5;1;83;1510211151;83;255;1510211160;0
32;16;10;5;1;83;1510211171;83;255;1510211181;0
32;16;10;5;1;83;1510211846;83;255;1510211855;0
32;16;10;5;1;83;1510212024;83;255;1510212034;0
32;16;10;5;1;83;1510212090;83;255;1510212100;0
32;16;10;5;1;83;1510212113;83;255;1510212122;0
32;16;10;5;1;83;1510212788;83;255;1510212797;0
32;16;10;5;1;83;1510212966;83;255;1510212976;0
32;16;10;5;1;83;1510213032;83;255;1510213042;0
32;16;10;5;1;83;1510213055;83;255;1510213065;0
32;16;10;5;1;83;1510213730;83;255;1510213739;0
32;16;10;5;1;83;1510213909;83;255;1510213919;0
32;16;10;5;1;83;1510213975;83;255;1510213985;0
32;16;10;5;1;83;1510213999;83;255;1510214009;0
32;16;10;5;1;83;1510214672;83;255;1510214682;0
32;16;10;5;1;83;1510214851;83;255;1510214861;1
32;16;10;5;1;83;1510214916;83;255;1510214926;0
32;16;10;5;1;83;1510214942;83;255;1510214952;0
32;16;10;5;1;83;1510215614;83;255;1510215623;0
32;16;10;5;1;83;1510215791;83;255;1510215801;0
32;16;10;5;1;83;1510215858;83;255;1510215868;0
32;16;10;5;1;83;1510215886;83;255;1510215896;0
32;16;10;5;1;83;1510216557;83;255;1510216567;0
32;16;10;5;1;83;1510216733;83;255;1510216743;0
32;16;10;5;1;83;1510216800;83;255;1510216810;0
32;16;10;5;1;83;1510216829;83;255;1510216838;0
32;16;10;5;1;83;1510217500;83;255;1510217509;0
32;16;10;5;1;83;1510217676;83;255;1510217686;0
32;16;10;5;1;83;1510217741;83;255;1510217751;0
32;16;10;5;1;83;1510217772;83;255;1510217781;0
32;16;10;5;1;83;1510218442;83;255;1510218451;0
32;16;10;5;1;83;1510218618;83;255;1510218628;0
32;16;10;5;1;83;1510218684;83;255;1510218693;0
32;16;10;5;1;83;1510218713;83;255;1510218723;0
32;16;10;5;1;83;1510219414;83;255;1510219424;0
32;16;10;5;1;83;1510219608;83;255;1510219618;0
32;16;10;5;1;83;1510219663;83;255;1510219673;0
32;16;10;5;1;83;1510219697;83;255;1510219708;0
32;16;10;5;1;83;1510220434;83;255;1510220445;0
32;16;10;5;1;83;1510220624;83;255;1510220635;0
32;16;10;5;1;83;1510220671;83;255;1510220681;0
32;16;10;5;1;83;1510220711;83;255;1510220721;0
32;16;10;5;1;83;1510221407;83;255;1510221418;0
32;16;10;5;1;83;1510221605;83;255;1510221615;0
32;16;10;5;1;83;1510221653;83;255;1510221662;0
32;16;10;5;1;83;1510221709;83;255;1510221719;0
32;16;10;5;1;83;1510222418;83;255;1510222428;0
32;16;10;5;1;83;1510222615;83;255;1510222625;0
32;16;10;5;1;83;1510222663;83;255;1510222674;0
32;16;10;5;1;83;1510222725;83;255;1510222735;1
32;16;10;5;1;83;1510223424;83;255;1510223435;0
32;16;10;5;1;83;1510223628;83;255;1510223639;0
32;16;10;5;1;83;1510223679;83;255;1510223689;0
32;16;10;5;1;83;1510223750;83;255;1510223760;0
32;16;10;5;1;83;1510224435;83;255;1510224446;0
32;16;10;5;1;83;1510224632;83;255;1510224642;0
32;16;10;5;1;83;1510224687;83;255;1510224698;0
32;16;10;5;1;83;1510224749;83;255;1510224759;0
32;16;10;5;1;83;1510225437;83;255;1510225447;0
32;16;10;5;1;83;1510225623;83;255;1510225633;0
32;16;10;5;1;83;1510225678;83;255;1510225688;0
32;16;10;5;1;83;1510225726;83;255;1510225736;0
32;16;10;5;1;83;1510226453;83;255;1510226464;0
32;16;10;5;1;83;1510226639;83;255;1510226649;0
32;16;10;5;1;83;1510226691;83;255;1510226701;0
32;16;10;5;1;83;1510226752;83;255;1510226762;0
32;16;10;5;1;83;1510253425;83;255;1510253435;0
32;16;10;5;1;83;1510253428;83;255;1510253437;0
32;16;10;5;1;83;1510253431;83;255;1510253441;0
32;16;10;5;1;83;1510253434;83;255;1510253443;0
32;16;10;5;1;83;1510254362;83;255;1510254372;0
32;16;10;5;1;83;1510254363;83;255;1510254373;0
32;16;10;5;1;83;1510254365;83;255;1510254375;0
32;16;10;5;1;83;1510254385;83;255;1510254395;0
32;16;10;5;1;83;1510255295;83;255;1510255305;0
32;16;10;5;1;83;1510255296;83;255;1510255306;0
32;16;10;5;1;83;1510255297;83;255;1510255307;0
32;16;10;5;1;83;1510255320;83;255;1510255329;0
32;16;10;5;1;83;1510256227;83;255;1510256236;0
32;16;10;5;1;83;1510256228;83;255;1510256238;0
32;16;10;5;1;83;1510256233;83;255;1510256242;0
32;16;10;5;1;83;1510256254;83;255;1510256263;1
32;16;10;5;1;83;1510257158;83;255;1510257167;0
32;16;10;5;1;83;1510257160;83;255;1510257169;0
32;16;10;5;1;83;1510257168;83;255;1510257178;0
32;16;10;5;1;83;1510257190;83;255;1510257199;0
32;16;10;5;1;83;1510258088;83;255;1510258098;0
32;16;10;5;1;83;1510258091;83;255;1510258101;0
32;16;10;5;1;83;1510258104;83;255;1510258114;0
32;16;10;5;1;83;1510258124;83;255;1510258133;0
32;16;10;5;1;83;1510259019;83;255;1510259029;0
32;16;10;5;1;83;1510259023;83;255;1510259033;0
32;16;10;5;1;83;1510259040;83;255;1510259049;0
32;16;10;5;1;83;1510259059;83;255;1510259068;0
32;16;10;5;1;83;1510259950;83;255;1510259959;0
32;16;10;5;1;83;1510259955;83;255;1510259965;0
32;16;10;5;1;83;1510259975;83;255;1510259984;0
32;16;10;5;1;83;1510259993;83;255;1510260003;0
32;16;10;5;1;83;1510260881;83;255;1510260890;0
32;16;10;5;1;83;1510260888;83;255;1510260898;0
32;16;10;5;1;83;1510260910;83;255;1510260920;0
32;16;10;5;1;83;1510260929;83;255;1510260938;0
32;16;10;5;1;83;1510261813;83;255;1510261822;0
32;16;10;5;1;83;1510261819;83;255;1510261829;1
32;16;10;5;1;83;1510261846;83;255;1510261856;0
32;16;10;5;1;83;1510261865;83;255;1510261875;0
32;16;10;5;1;83;1510262744;83;255;1510262754;0
32;16;10;5;1;83;1510262751;83;255;1510262760;0
32;16;10;5;1;83;1510262781;83;255;1510262791;0
32;16;10;5;1;83;1510262800;83;255;1510262810;0
32;16;10;5;1;83;1510263675;83;255;1510263684;0
32;16;10;5;1;83;1510263682;83;255;1510263692;0
32;16;10;5;1;83;1510263718;83;255;1510263727;0
32;16;10;5;1;83;1510263735;83;255;1510263745;0
32;16;10;5;1;83;1510264606;83;255;1510264616;0
32;16;10;5;1;83;1510264614;83;255;1510264624;0
32;16;10;5;1;83;1510264653;83;255;1510264663;0
32;16;10;5;1;83;1510264670;83;255;1510264680;0
32;16;10;5;1;83;1510265538;83;255;1510265547;0
32;16;10;5;1;83;1510265545;83;255;1510265555;0
32;16;10;5;1;83;1510265590;83;255;1510265599;0
32;16;10;5;1;83;1510265605;83;255;1510265615;0
32;16;10;5;1;83;1510266468;83;255;1510266478;0
32;16;10;5;1;83;1510266477;83;255;1510266486;0
32;16;10;5;1;83;1510266526;83;255;1510266536;0
32;16;10;5;1;83;1510266541;83;255;1510266550;0
32;16;10;5;1;83;1510267399;83;255;1510267409;0
32;16;10;5;1;83;1510267408;83;255;1510267418;0
32;16;10;5;1;83;1510267463;83;255;1510267473;0
32;16;10;5;1;83;1510267475;83;255;1510267485;0
32;16;10;5;1;83;1510268330;83;255;1510268339;0
32;16;10;5;1;83;1510268340;83;255;1510268350;0
32;16;10;5;1;83;1510268400;83;255;1510268409;0
32;16;10;5;1;83;1510268411;83;255;1510268420;0
32;16;10;5;1;83;1510269261;83;255;1510269271;0
32;16;10;5;1;83;1510269272;83;255;1510269281;0
32;16;10;5;1;83;1510269337;83;255;1510269347;0
32;16;10;5;1;83;1510269345;83;255;1510269355;0
32;16;10;5;1;83;1510270193;83;255;1510270202;0
32;16;10;5;1;83;1510270205;83;255;1510270214;0
32;16;10;5;1;83;1510270274;83;255;1510270284;0
32;16;10;5;1;83;1510270281;83;255;1510270291;0
32;16;10;5;1;83;1510271124;83;255;1510271133;0
32;16;10;5;1;83;1510271136;83;255;1510271146;0
32;16;10;5;1;83;1510271211;83;255;1510271221;0
32;16;10;5;1;83;1510271218;83;255;1510271227;0
32;16;10;5;1;83;1510272055;83;255;1510272064;0
32;16;10;5;1;83;1510272072;83;255;1510272082;0
32;16;10;5;1;83;1510272144;83;255;1510272154;0
32;16;10;5;1;83;1510272153;83;255;1510272162;0
32;16;10;5;1;83;1510272987;83;255;1510272996;0
32;16;10;5;1;83;1510273009;83;255;1510273019;0
32;16;10;5;1;83;1510273076;83;255;1510273085;0
32;16;10;5;1;83;1510273088;83;255;1510273097;0
32;16;10;5;1;83;1510273918;83;255;1510273927;0
32;16;10;5;1;83;1510273946;83;255;1510273955;0
32;16;10;5;1;83;1510274007;83;255;1510274016;0
32;16;10;5;1;83;1510274025;83;255;1510274035;0
32;16;10;5;1;83;1510274848;83;255;1510274858;0
32;16;10;5;1;83;1510274882;83;255;1510274892;0
32;16;10;5;1;83;1510274939;83;255;1510274948;0
32;16;10;5;1;83;1510274961;83;255;1510274971;0
32;16;10;5;1;83;1510275780;83;255;1510275789;0
32;16;10;5;1;83;1510275819;83;255;1510275829;0
32;16;10;5;1;83;1510275873;83;255;1510275882;0
32;16;10;5;1;83;1510275894;83;255;1510275903;0
32;16;10;5;1;83;1510276711;83;255;1510276720;0
32;16;10;5;1;83;1510276756;83;255;1510276765;0
32;16;10;5;1;83;1510276810;83;255;1510276819;0
32;16;10;5;1;83;1510276825;83;255;1510276835;0
32;16;10;5;1;83;1510277643;83;255;1510277652;0
32;16;10;5;1;83;1510277692;83;255;1510277702;0
32;16;10;5;1;83;1510277745;83;255;1510277755;0
32;16;10;5;1;83;1510277757;83;255;1510277766;0
32;16;10;5;1;83;1510278574;83;255;1510278583;0
32;16;10;5;1;83;1510278629;83;255;1510278639;0
32;16;10;5;1;83;1510278681;83;255;1510278691;0
32;16;10;5;1;83;1510278688;83;255;1510278698;0
32;16;10;5;1;83;1510279505;83;255;1510279514;0
32;16;10;5;1;83;1510279566;83;255;1510279576;0
32;16;10;5;1;83;1510279617;83;255;1510279627;0
32;16;10;5;1;83;1510279620;83;255;1510279629;0
32;16;10;5;1;83;1510280436;83;255;1510280445;0
32;16;10;5;1;83;1510280503;83;255;1510280512;0
32;16;10;5;1;83;1510280551;83;255;1510280561;0
32;16;10;5;1;83;1510280552;83;255;1510280562;0
32;16;10;5;1;83;1510281366;83;255;1510281376;0
32;16;10;5;1;83;1510281441;83;255;1510281450;0
32;16;10;5;1;83;1510281482;83;255;1510281492;0
32;16;10;5;1;83;1510281488;83;255;1510281498;0
32;16;10;5;1;83;1510282297;83;255;1510282307;0
32;16;10;5;1;83;1510282380;83;255;1510282390;0
32;16;10;5;1;83;1510282414;83;255;1510282424;0
32;16;10;5;1;83;1510282424;83;255;1510282433;0
32;16;10;5;1;83;1510283228;83;255;1510283238;0
32;16;10;5;1;83;1510283319;83;255;1510283328;0
32;16;10;5;1;83;1510283346;83;255;1510283355;0
32;16;10;5;1;83;1510283359;83;255;1510283369;0
32;16;10;5;1;83;1510284159;83;255;1510284168;0
32;16;10;5;1;83;1510284256;83;255;1510284266;0
32;16;10;5;1;83;1510284277;83;255;1510284287;0
32;16;10;5;1;83;1510284295;83;255;1510284304;0
32;16;10;5;1;83;1510285090;83;255;1510285099;0
32;16;10;5;1;83;1510285194;83;255;1510285203;0
32;16;10;5;1;83;1510285210;83;255;1510285220;0
32;16;10;5;1;83;1510285228;83;255;1510285238;0
32;16;10;5;1;83;1510286021;83;255;1510286030;0
32;16;10;5;1;83;1510286131;83;255;1510286141;0
32;16;10;5;1;83;1510286146;83;255;1510286155;0
32;16;10;5;1;83;1510286160;83;255;1510286169;0
32;16;10;5;1;83;1510286952;83;255;1510286961;0
32;16;10;5;1;83;1510287068;83;255;1510287078;0
32;16;10;5;1;83;1510287082;83;255;1510287092;0
32;16;10;5;1;83;1510287091;83;255;1510287101;0
32;16;10;5;1;83;1510287882;83;255;1510287892;0
32;16;10;5;1;83;1510288006;83;255;1510288015;0
32;16;10;5;1;83;1510288019;83;255;1510288029;0
32;16;10;5;1;83;1510288023;83;255;1510288033;0
32;16;10;5;1;83;1510288815;83;255;1510288824;0
32;16;10;5;1;83;1510288943;83;255;1510288953;0
32;16;10;5;1;83;1510288954;83;255;1510288964;0
32;16;10;5;1;83;1510288955;83;255;1510288964;0
32;16;10;5;1;83;1510289747;83;255;1510289757;0
32;16;10;5;1;83;1510289882;83;255;1510289891;0
32;16;10;5;1;83;1510289886;83;255;1510289896;0
32;16;10;5;1;83;1510289889;83;255;1510289898;0
32;16;10;5;1;83;1510290680;83;255;1510290689;0
32;16;10;5;1;83;1510290819;83;255;1510290828;0
32;16;10;5;1;83;1510290819;83;255;1510290829;0
32;16;10;5;1;83;1510290823;83;255;1510290833;0
32;16;10;5;1;83;1510291612;83;255;1510291621;0
32;16;10;5;1;83;1510291750;83;255;1510291760;0
32;16;10;5;1;83;1510291757;83;255;1510291767;0
32;16;10;5;1;83;1510291758;83;255;1510291768;0
32;16;10;5;1;83;1510292544;83;255;1510292554;0
32;16;10;5;1;83;1510292681;83;255;1510292691;0
32;16;10;5;1;83;1510292693;83;255;1510292702;0
32;16;10;5;1;83;1510292695;83;255;1510292704;0
32;16;10;5;1;83;1510293477;83;255;1510293486;0
32;16;10;5;1;83;1510293613;83;255;1510293623;0
32;16;10;5;1;83;1510293627;83;255;1510293637;0
32;16;10;5;1;83;1510293635;83;255;1510293644;0
32;16;10;5;1;83;1510294410;83;255;1510294419;0
32;16;10;5;1;83;1510294545;83;255;1510294555;0
32;16;10;5;1;83;1510294562;83;255;1510294571;0
32;16;10;5;1;83;1510294572;83;255;1510294582;0
32;16;10;5;1;83;1510295342;83;255;1510295352;0
32;16;10;5;1;83;1510295477;83;255;1510295487;0
32;16;10;5;1;83;1510295496;83;255;1510295505;0
32;16;10;5;1;83;1510295511;83;255;1510295520;0
32;16;10;5;1;83;1510296275;83;255;1510296285;0
32;16;10;5;1;83;1510296410;83;255;1510296419;0
32;16;10;5;1;83;1510296430;83;255;1510296440;0
32;16;10;5;1;83;1510296449;83;255;1510296458;0
32;16;10;5;1;83;1510297208;83;255;1510297218;0
32;16;10;5;1;83;1510297341;83;255;1510297351;0
32;16;10;5;1;83;1510297366;83;255;1510297375;0
32;16;10;5;1;83;1510297386;83;255;1510297396;1
32;16;10;5;1;83;1510298141;83;255;1510298150;0
32;16;10;5;1;83;1510298273;83;255;1510298282;0
32;16;10;5;1;83;1510298301;83;255;1510298310;0
32;16;10;5;1;83;1510298324;83;255;1510298333;0
32;16;10;5;1;83;1510299073;83;255;1510299082;0
32;16;10;5;1;83;1510299204;83;255;1510299214;0
32;16;10;5;1;83;1510299236;83;255;1510299246;0
32;16;10;5;1;83;1510299262;83;255;1510299272;0
32;16;10;5;1;83;1510300005;83;255;1510300015;0
32;16;10;5;1;83;1510300136;83;255;1510300146;0
32;16;10;5;1;83;1510300171;83;255;1510300181;0
32;16;10;5;1;83;1510300201;83;255;1510300210;0
32;16;10;5;1;83;1510300939;83;255;1510300948;0
32;16;10;5;1;83;1510301068;83;255;1510301078;0
32;16;10;5;1;83;1510301107;83;255;1510301117;0
32;16;10;5;1;83;1510301137;83;255;1510301147;0
32;16;10;5;1;83;1510301872;83;255;1510301881;0
32;16;10;5;1;83;1510302000;83;255;1510302010;0
32;16;10;5;1;83;1510302047;83;255;1510302056;0
32;16;10;5;1;83;1510302072;83;255;1510302081;0
32;16;10;5;1;83;1510302806;83;255;1510302815;0
32;16;10;5;1;83;1510302946;83;255;1510302956;0
32;16;10;5;1;83;1510302998;83;255;1510303007;0
32;16;10;5;1;83;1510303039;83;255;1510303050;0
32;16;10;5;1;83;1510303794;83;255;1510303804;0
32;16;10;5;1;83;1510303943;83;255;1510303954;0
32;16;10;5;1;83;1510303990;83;255;1510304000;0
32;16;10;5;1;83;1510304024;83;255;1510304034;0
32;16;10;5;1;83;1510304773;83;255;1510304783;0
32;16;10;5;1;83;1510304902;83;255;1510304911;0
32;16;10;5;1;83;1510304955;83;255;1510304965;0
32;16;10;5;1;83;1510304999;83;255;1510305009;0
32;16;10;5;1;83;1510305728;83;255;1510305737;0
32;16;10;5;1;83;1510305851;83;255;1510305861;0
32;16;10;5;1;83;1510305908;83;255;1510305919;0
32;16;10;5;1;83;1510305979;83;255;1510305989;0
32;16;10;5;1;83;1510306745;83;255;1510306755;0
32;16;10;5;1;83;1510306886;83;255;1510306896;0
32;16;10;5;1;83;1510306926;83;255;1510306935;0
32;16;10;5;1;83;1510307010;83;255;1510307020;1
