32;16;10;5;1;84;1509982139;84;255;1509982149;0
32;16;10;5;1;84;1509982207;84;255;1509982216;0
32;16;10;5;1;84;1509982280;84;255;1509982290;0
32;16;10;5;1;84;1509982381;84;255;1509982390;0
32;16;10;5;1;84;1509983111;84;255;1509983121;0
32;16;10;5;1;84;1509983171;84;255;1509983181;0
32;16;10;5;1;84;1509983239;84;255;1509983248;0
32;16;10;5;1;84;1509983349;84;255;1509983358;0
32;16;10;5;1;84;1509984054;84;255;1509984064;0
32;16;10;5;1;84;1509984111;84;255;1509984120;0
32;16;10;5;1;84;1509984181;84;255;1509984191;0
32;16;10;5;1;84;1509984291;84;255;1509984300;0
32;16;10;5;1;84;1509984997;84;255;1509985006;0
32;16;10;5;1;84;1509985054;84;255;1509985063;0
32;16;10;5;1;84;1509985122;84;255;1509985132;0
32;16;10;5;1;84;1509985232;84;255;1509985241;0
32;16;10;5;1;84;1509985937;84;255;1509985947;0
32;16;10;5;1;84;1509985994;84;255;1509986004;0
32;16;10;5;1;84;1509986065;84;255;1509986075;0
32;16;10;5;1;84;1509986173;84;255;1509986183;0
32;16;10;5;1;84;1509986877;84;255;1509986887;0
32;16;10;5;1;84;1509986938;84;255;1509986947;0
32;16;10;5;1;84;1509987004;84;255;1509987014;0
32;16;10;5;1;84;1509987117;84;255;1509987127;0
32;16;10;5;1;84;1509987818;84;255;1509987828;0
32;16;10;5;1;84;1509987881;84;255;1509987891;0
32;16;10;5;1;84;1509987943;84;255;1509987953;0
32;16;10;5;1;84;1509988057;84;255;1509988067;0
32;16;10;5;1;84;1509988760;84;255;1509988770;0
32;16;10;5;1;84;1509988822;84;255;1509988832;0
32;16;10;5;1;84;1509988885;84;255;1509988895;0
32;16;10;5;1;84;1509989000;84;255;1509989010;0
32;16;10;5;1;84;1509989702;84;255;1509989711;0
32;16;10;5;1;84;1509989765;84;255;1509989774;0
32;16;10;5;1;84;1509989829;84;255;1509989838;0
32;16;10;5;1;84;1509989942;84;255;1509989951;0
32;16;10;5;1;84;1509990644;84;255;1509990653;0
32;16;10;5;1;84;1509990707;84;255;1509990717;0
32;16;10;5;1;84;1509990769;84;255;1509990779;0
32;16;10;5;1;84;1509990884;84;255;1509990894;0
32;16;10;5;1;84;1509991586;84;255;1509991596;0
32;16;10;5;1;84;1509991648;84;255;1509991657;0
32;16;10;5;1;84;1509991708;84;255;1509991718;0
32;16;10;5;1;84;1509991826;84;255;1509991835;0
32;16;10;5;1;84;1509992529;84;255;1509992539;0
32;16;10;5;1;84;1509992588;84;255;1509992598;0
32;16;10;5;1;84;1509992649;84;255;1509992659;1
32;16;10;5;1;84;1509992767;84;255;1509992777;0
32;16;10;5;1;84;1509993470;84;255;1509993479;0
32;16;10;5;1;84;1509993530;84;255;1509993540;0
32;16;10;5;1;84;1509993590;84;255;1509993600;0
32;16;10;5;1;84;1509993709;84;255;1509993719;0
32;16;10;5;1;84;1509994411;84;255;1509994420;0
32;16;10;5;1;84;1509994470;84;255;1509994480;0
32;16;10;5;1;84;1509994532;84;255;1509994541;0
32;16;10;5;1;84;1509994651;84;255;1509994661;0
32;16;10;5;1;84;1509995354;84;255;1509995364;0
32;16;10;5;1;84;1509995413;84;255;1509995422;0
32;16;10;5;1;84;1509995480;84;255;1509995490;0
32;16;10;5;1;84;1509995594;84;255;1509995603;0
32;16;10;5;1;84;1509996301;84;255;1509996311;0
32;16;10;5;1;84;1509996355;84;255;1509996365;0
32;16;10;5;1;84;1509996431;84;255;1509996440;0
32;16;10;5;1;84;1509996533;84;255;1509996543;0
32;16;10;5;1;84;1509997242;84;255;1509997252;0
32;16;10;5;1;84;1509997297;84;255;1509997307;0
32;16;10;5;1;84;1509997372;84;255;1509997381;0
32;16;10;5;1;84;1509997474;84;255;1509997484;0
32;16;10;5;1;84;1509998183;84;255;1509998193;0
32;16;10;5;1;84;1509998239;84;255;1509998249;0
32;16;10;5;1;84;1509998313;84;255;1509998322;0
32;16;10;5;1;84;1509998416;84;255;1509998425;0
32;16;10;5;1;84;1509999126;84;255;1509999136;0
32;16;10;5;1;84;1509999180;84;255;1509999189;0
32;16;10;5;1;84;1509999253;84;255;1509999262;0
32;16;10;5;1;84;1509999356;84;255;1509999366;0
32;16;10;5;1;84;1510000069;84;255;1510000079;0
32;16;10;5;1;84;1510000123;84;255;1510000133;0
32;16;10;5;1;84;1510000193;84;255;1510000203;0
32;16;10;5;1;84;1510000296;84;255;1510000305;0
32;16;10;5;1;84;1510001012;84;255;1510001022;0
32;16;10;5;1;84;1510001066;84;255;1510001076;0
32;16;10;5;1;84;1510001133;84;255;1510001143;0
32;16;10;5;1;84;1510001237;84;255;1510001247;0
32;16;10;5;1;84;1510001952;84;255;1510001962;0
32;16;10;5;1;84;1510002010;84;255;1510002019;0
32;16;10;5;1;84;1510002074;84;255;1510002084;0
32;16;10;5;1;84;1510002177;84;255;1510002186;0
32;16;10;5;1;84;1510002894;84;255;1510002904;0
32;16;10;5;1;84;1510002954;84;255;1510002964;0
32;16;10;5;1;84;1510003017;84;255;1510003027;0
32;16;10;5;1;84;1510003116;84;255;1510003126;0
32;16;10;5;1;84;1510003835;84;255;1510003844;0
32;16;10;5;1;84;1510003894;84;255;1510003903;0
32;16;10;5;1;84;1510003960;84;255;1510003970;0
32;16;10;5;1;84;1510004060;84;255;1510004070;0
32;16;10;5;1;84;1510004776;84;255;1510004785;0
32;16;10;5;1;84;1510004834;84;255;1510004844;0
32;16;10;5;1;84;1510004903;84;255;1510004912;0
32;16;10;5;1;84;1510005002;84;255;1510005012;0
32;16;10;5;1;84;1510005717;84;255;1510005727;0
32;16;10;5;1;84;1510005776;84;255;1510005785;0
32;16;10;5;1;84;1510005846;84;255;1510005855;0
32;16;10;5;1;84;1510005942;84;255;1510005952;0
32;16;10;5;1;84;1510006657;84;255;1510006666;0
32;16;10;5;1;84;1510006715;84;255;1510006725;0
32;16;10;5;1;84;1510006791;84;255;1510006800;0
32;16;10;5;1;84;1510006882;84;255;1510006892;0
32;16;10;5;1;84;1510007596;84;255;1510007606;0
32;16;10;5;1;84;1510007655;84;255;1510007665;0
32;16;10;5;1;84;1510007734;84;255;1510007744;0
32;16;10;5;1;84;1510007824;84;255;1510007834;0
32;16;10;5;1;84;1510008538;84;255;1510008548;0
32;16;10;5;1;84;1510008594;84;255;1510008604;0
32;16;10;5;1;84;1510008675;84;255;1510008685;0
32;16;10;5;1;84;1510008768;84;255;1510008777;0
32;16;10;5;1;84;1510009480;84;255;1510009490;0
32;16;10;5;1;84;1510009537;84;255;1510009546;0
32;16;10;5;1;84;1510009617;84;255;1510009626;0
32;16;10;5;1;84;1510009709;84;255;1510009719;0
32;16;10;5;1;84;1510010421;84;255;1510010430;0
32;16;10;5;1;84;1510010477;84;255;1510010487;0
32;16;10;5;1;84;1510010558;84;255;1510010568;0
32;16;10;5;1;84;1510010653;84;255;1510010663;0
32;16;10;5;1;84;1510011360;84;255;1510011370;0
32;16;10;5;1;84;1510011421;84;255;1510011431;0
32;16;10;5;1;84;1510011500;84;255;1510011509;0
32;16;10;5;1;84;1510011594;84;255;1510011604;0
32;16;10;5;1;84;1510012302;84;255;1510012312;0
32;16;10;5;1;84;1510012364;84;255;1510012374;0
32;16;10;5;1;84;1510012440;84;255;1510012450;0
32;16;10;5;1;84;1510012533;84;255;1510012543;0
32;16;10;5;1;84;1510013244;84;255;1510013253;0
32;16;10;5;1;84;1510013307;84;255;1510013317;0
32;16;10;5;1;84;1510013381;84;255;1510013391;0
32;16;10;5;1;84;1510013476;84;255;1510013486;0
32;16;10;5;1;84;1510014186;84;255;1510014195;0
32;16;10;5;1;84;1510014249;84;255;1510014259;0
32;16;10;5;1;84;1510014322;84;255;1510014331;0
32;16;10;5;1;84;1510014417;84;255;1510014427;0
32;16;10;5;1;84;1510015127;84;255;1510015137;0
32;16;10;5;1;84;1510015190;84;255;1510015200;0
32;16;10;5;1;84;1510015262;84;255;1510015272;0
32;16;10;5;1;84;1510015359;84;255;1510015369;0
32;16;10;5;1;84;1510016069;84;255;1510016079;0
32;16;10;5;1;84;1510016131;84;255;1510016141;0
32;16;10;5;1;84;1510016204;84;255;1510016213;0
32;16;10;5;1;84;1510016300;84;255;1510016310;0
32;16;10;5;1;84;1510017009;84;255;1510017018;0
32;16;10;5;1;84;1510017075;84;255;1510017084;0
32;16;10;5;1;84;1510017144;84;255;1510017154;0
32;16;10;5;1;84;1510017241;84;255;1510017251;0
32;16;10;5;1;84;1510017950;84;255;1510017960;0
32;16;10;5;1;84;1510018017;84;255;1510018026;0
32;16;10;5;1;84;1510018086;84;255;1510018096;0
32;16;10;5;1;84;1510018184;84;255;1510018193;0
32;16;10;5;1;84;1510018890;84;255;1510018900;0
32;16;10;5;1;84;1510018960;84;255;1510018970;0
32;16;10;5;1;84;1510019027;84;255;1510019036;0
32;16;10;5;1;84;1510019125;84;255;1510019135;0
32;16;10;5;1;84;1510019833;84;255;1510019842;0
32;16;10;5;1;84;1510019905;84;255;1510019915;0
32;16;10;5;1;84;1510019967;84;255;1510019976;0
32;16;10;5;1;84;1510020065;84;255;1510020075;0
32;16;10;5;1;84;1510020774;84;255;1510020784;0
32;16;10;5;1;84;1510020847;84;255;1510020857;1
32;16;10;5;1;84;1510020908;84;255;1510020917;0
32;16;10;5;1;84;1510021006;84;255;1510021015;0
32;16;10;5;1;84;1510021714;84;255;1510021724;0
32;16;10;5;1;84;1510021787;84;255;1510021797;0
32;16;10;5;1;84;1510021849;84;255;1510021859;0
32;16;10;5;1;84;1510021948;84;255;1510021958;0
32;16;10;5;1;84;1510022654;84;255;1510022663;0
32;16;10;5;1;84;1510022728;84;255;1510022737;0
32;16;10;5;1;84;1510022793;84;255;1510022803;0
32;16;10;5;1;84;1510022889;84;255;1510022898;0
32;16;10;5;1;84;1510023597;84;255;1510023606;0
32;16;10;5;1;84;1510023669;84;255;1510023679;0
32;16;10;5;1;84;1510023736;84;255;1510023745;0
32;16;10;5;1;84;1510023829;84;255;1510023839;0
32;16;10;5;1;84;1510024539;84;255;1510024549;0
32;16;10;5;1;84;1510024610;84;255;1510024620;0
32;16;10;5;1;84;1510024677;84;255;1510024687;0
32;16;10;5;1;84;1510024771;84;255;1510024781;0
32;16;10;5;1;84;1510025483;84;255;1510025493;0
32;16;10;5;1;84;1510025550;84;255;1510025560;0
32;16;10;5;1;84;1510025619;84;255;1510025629;0
32;16;10;5;1;84;1510025710;84;255;1510025720;0
32;16;10;5;1;84;1510026425;84;255;1510026434;0
32;16;10;5;1;84;1510026491;84;255;1510026501;0
32;16;10;5;1;84;1510026561;84;255;1510026571;0
32;16;10;5;1;84;1510026652;84;255;1510026662;0
32;16;10;5;1;84;1510027366;84;255;1510027375;0
32;16;10;5;1;84;1510027431;84;255;1510027441;0
32;16;10;5;1;84;1510027503;84;255;1510027513;0
32;16;10;5;1;84;1510027593;84;255;1510027603;0
32;16;10;5;1;84;1510028309;84;255;1510028318;0
32;16;10;5;1;84;1510028374;84;255;1510028384;0
32;16;10;5;1;84;1510028445;84;255;1510028455;0
32;16;10;5;1;84;1510028532;84;255;1510028542;0
32;16;10;5;1;84;1510029250;84;255;1510029260;0
32;16;10;5;1;84;1510029316;84;255;1510029326;0
32;16;10;5;1;84;1510029385;84;255;1510029395;0
32;16;10;5;1;84;1510029473;84;255;1510029483;0
32;16;10;5;1;84;1510030190;84;255;1510030200;0
32;16;10;5;1;84;1510030259;84;255;1510030268;0
32;16;10;5;1;84;1510030331;84;255;1510030341;0
32;16;10;5;1;84;1510030413;84;255;1510030423;0
32;16;10;5;1;84;1510031133;84;255;1510031143;0
32;16;10;5;1;84;1510031200;84;255;1510031209;0
32;16;10;5;1;84;1510031273;84;255;1510031283;0
32;16;10;5;1;84;1510031355;84;255;1510031365;0
32;16;10;5;1;84;1510032073;84;255;1510032083;0
32;16;10;5;1;84;1510032140;84;255;1510032149;0
32;16;10;5;1;84;1510032217;84;255;1510032227;0
32;16;10;5;1;84;1510032298;84;255;1510032307;0
32;16;10;5;1;84;1510033014;84;255;1510033024;0
32;16;10;5;1;84;1510033081;84;255;1510033091;0
32;16;10;5;1;84;1510033159;84;255;1510033169;0
32;16;10;5;1;84;1510033237;84;255;1510033247;0
32;16;10;5;1;84;1510033958;84;255;1510033967;0
32;16;10;5;1;84;1510034022;84;255;1510034032;0
32;16;10;5;1;84;1510034100;84;255;1510034109;0
32;16;10;5;1;84;1510034178;84;255;1510034187;0
32;16;10;5;1;84;1510034899;84;255;1510034908;0
32;16;10;5;1;84;1510034964;84;255;1510034974;0
32;16;10;5;1;84;1510035040;84;255;1510035049;0
32;16;10;5;1;84;1510035120;84;255;1510035130;0
32;16;10;5;1;84;1510035841;84;255;1510035850;0
32;16;10;5;1;84;1510035906;84;255;1510035916;0
32;16;10;5;1;84;1510035982;84;255;1510035992;0
32;16;10;5;1;84;1510036059;84;255;1510036068;0
32;16;10;5;1;84;1510036782;84;255;1510036791;0
32;16;10;5;1;84;1510036850;84;255;1510036859;0
32;16;10;5;1;84;1510036923;84;255;1510036933;0
32;16;10;5;1;84;1510036999;84;255;1510037009;0
32;16;10;5;1;84;1510037725;84;255;1510037735;0
32;16;10;5;1;84;1510037792;84;255;1510037801;0
32;16;10;5;1;84;1510037863;84;255;1510037873;0
32;16;10;5;1;84;1510037940;84;255;1510037950;0
32;16;10;5;1;84;1510038667;84;255;1510038676;0
32;16;10;5;1;84;1510038734;84;255;1510038743;0
32;16;10;5;1;84;1510038804;84;255;1510038813;0
32;16;10;5;1;84;1510038882;84;255;1510038891;0
32;16;10;5;1;84;1510039608;84;255;1510039617;0
32;16;10;5;1;84;1510039674;84;255;1510039684;0
32;16;10;5;1;84;1510039747;84;255;1510039757;0
32;16;10;5;1;84;1510039822;84;255;1510039832;0
32;16;10;5;1;84;1510040549;84;255;1510040558;0
32;16;10;5;1;84;1510040615;84;255;1510040625;0
32;16;10;5;1;84;1510040690;84;255;1510040699;0
32;16;10;5;1;84;1510040762;84;255;1510040772;0
32;16;10;5;1;84;1510041490;84;255;1510041499;0
32;16;10;5;1;84;1510041558;84;255;1510041568;0
32;16;10;5;1;84;1510041633;84;255;1510041643;0
32;16;10;5;1;84;1510041703;84;255;1510041712;0
32;16;10;5;1;84;1510042432;84;255;1510042442;0
32;16;10;5;1;84;1510042498;84;255;1510042508;0
32;16;10;5;1;84;1510042575;84;255;1510042585;0
32;16;10;5;1;84;1510042645;84;255;1510042654;0
32;16;10;5;1;84;1510043372;84;255;1510043381;0
32;16;10;5;1;84;1510043442;84;255;1510043452;0
32;16;10;5;1;84;1510043515;84;255;1510043525;0
32;16;10;5;1;84;1510043588;84;255;1510043598;0
32;16;10;5;1;84;1510044312;84;255;1510044322;0
32;16;10;5;1;84;1510044386;84;255;1510044396;0
32;16;10;5;1;84;1510044457;84;255;1510044467;0
32;16;10;5;1;84;1510044532;84;255;1510044543;0
32;16;10;5;1;84;1510045298;84;255;1510045309;0
32;16;10;5;1;84;1510045373;84;255;1510045383;0
32;16;10;5;1;84;1510045447;84;255;1510045457;0
32;16;10;5;1;84;1510045527;84;255;1510045537;0
32;16;10;5;1;84;1510046317;84;255;1510046327;0
32;16;10;5;1;84;1510046399;84;255;1510046409;0
32;16;10;5;1;84;1510046473;84;255;1510046484;0
32;16;10;5;1;84;1510046536;84;255;1510046546;0
32;16;10;5;1;84;1510047283;84;255;1510047293;0
32;16;10;5;1;84;1510047298;84;255;1510047308;0
32;16;10;5;1;84;1510047302;84;255;1510047312;0
32;16;10;5;1;84;1510047303;84;255;1510047313;0
32;16;10;5;1;84;1510048264;84;255;1510048274;0
32;16;10;5;1;84;1510048279;84;255;1510048289;0
32;16;10;5;1;84;1510048282;84;255;1510048291;0
32;16;10;5;1;84;1510048289;84;255;1510048299;0
32;16;10;5;1;84;1510049261;84;255;1510049275;0
32;16;10;5;1;84;1510049263;84;255;1510049278;0
32;16;10;5;1;84;1510049270;84;255;1510049283;0
32;16;10;5;1;84;1510049290;84;255;1510049303;0
32;16;10;5;1;84;1510050259;84;255;1510050269;0
32;16;10;5;1;84;1510050266;84;255;1510050275;0
32;16;10;5;1;84;1510050282;84;255;1510050292;0
32;16;10;5;1;84;1510051219;84;255;1510051229;0
32;16;10;5;1;84;1510051224;84;255;1510051233;0
32;16;10;5;1;84;1510051241;84;255;1510051251;0
32;16;10;5;1;84;1510052175;84;255;1510052185;0
32;16;10;5;1;84;1510052181;84;255;1510052191;0
32;16;10;5;1;84;1510052199;84;255;1510052209;0
32;16;10;5;1;84;1510053132;84;255;1510053142;0
32;16;10;5;1;84;1510053139;84;255;1510053148;0
32;16;10;5;1;84;1510053157;84;255;1510053167;0
32;16;10;5;1;84;1510054090;84;255;1510054100;0
32;16;10;5;1;84;1510054097;84;255;1510054107;0
32;16;10;5;1;84;1510054115;84;255;1510054125;0
32;16;10;5;1;84;1510055048;84;255;1510055058;0
32;16;10;5;1;84;1510055058;84;255;1510055067;0
32;16;10;5;1;84;1510055077;84;255;1510055087;0
32;16;10;5;1;84;1510056020;84;255;1510056030;0
32;16;10;5;1;84;1510056033;84;255;1510056043;0
32;16;10;5;1;84;1510056053;84;255;1510056063;0
32;16;10;5;1;84;1510056974;84;255;1510056984;0
32;16;10;5;1;84;1510056995;84;255;1510057005;0
32;16;10;5;1;84;1510057023;84;255;1510057033;0
32;16;10;5;1;84;1510057919;84;255;1510057929;0
32;16;10;5;1;84;1510057940;84;255;1510057950;0
32;16;10;5;1;84;1510057968;84;255;1510057977;0
32;16;10;5;1;84;1510058859;84;255;1510058869;0
32;16;10;5;1;84;1510058881;84;255;1510058891;0
32;16;10;5;1;84;1510058908;84;255;1510058917;0
32;16;10;5;1;84;1510059800;84;255;1510059810;0
32;16;10;5;1;84;1510059821;84;255;1510059831;0
32;16;10;5;1;84;1510059849;84;255;1510059858;0
32;16;10;5;1;84;1510060759;84;255;1510060769;0
32;16;10;5;1;84;1510060779;84;255;1510060788;0
32;16;10;5;1;84;1510060813;84;255;1510060823;0
32;16;10;5;1;84;1510061732;84;255;1510061743;0
32;16;10;5;1;84;1510061743;84;255;1510061754;0
32;16;10;5;1;84;1510061781;84;255;1510061791;0
32;16;10;5;1;84;1510062716;84;255;1510062726;0
32;16;10;5;1;84;1510062721;84;255;1510062731;0
32;16;10;5;1;84;1510062764;84;255;1510062774;0
32;16;10;5;1;84;1510063670;84;255;1510063680;0
32;16;10;5;1;84;1510063672;84;255;1510063682;0
32;16;10;5;1;84;1510063717;84;255;1510063726;0
32;16;10;5;1;84;1510064635;84;255;1510064645;0
32;16;10;5;1;84;1510064635;84;255;1510064645;0
32;16;10;5;1;84;1510064684;84;255;1510064694;0
32;16;10;5;1;84;1510065596;84;255;1510065606;0
32;16;10;5;1;84;1510065598;84;255;1510065608;0
32;16;10;5;1;84;1510065648;84;255;1510065657;0
32;16;10;5;1;84;1510066557;84;255;1510066567;0
32;16;10;5;1;84;1510066559;84;255;1510066569;0
32;16;10;5;1;84;1510066611;84;255;1510066621;0
32;16;10;5;1;84;1510067519;84;255;1510067529;0
32;16;10;5;1;84;1510067521;84;255;1510067531;0
32;16;10;5;1;84;1510067576;84;255;1510067586;0
32;16;10;5;1;84;1510068472;84;255;1510068482;0
32;16;10;5;1;84;1510068474;84;255;1510068484;0
32;16;10;5;1;84;1510068527;84;255;1510068536;0
32;16;10;5;1;84;1510069425;84;255;1510069435;0
32;16;10;5;1;84;1510069434;84;255;1510069445;0
32;16;10;5;1;84;1510069484;84;255;1510069494;0
32;16;10;5;1;84;1510070391;84;255;1510070400;0
32;16;10;5;1;84;1510070405;84;255;1510070415;0
32;16;10;5;1;84;1510070451;84;255;1510070461;0
32;16;10;5;1;84;1510071356;84;255;1510071365;0
32;16;10;5;1;84;1510071367;84;255;1510071377;0
32;16;10;5;1;84;1510071414;84;255;1510071424;0
32;16;10;5;1;84;1510072324;84;255;1510072334;0
32;16;10;5;1;84;1510072330;84;255;1510072339;0
32;16;10;5;1;84;1510072370;84;255;1510072380;0
32;16;10;5;1;84;1510073268;84;255;1510073278;0
32;16;10;5;1;84;1510073274;84;255;1510073284;0
32;16;10;5;1;84;1510073315;84;255;1510073324;0
32;16;10;5;1;84;1510074211;84;255;1510074221;0
32;16;10;5;1;84;1510074217;84;255;1510074227;0
32;16;10;5;1;84;1510074258;84;255;1510074268;0
32;16;10;5;1;84;1510075154;84;255;1510075164;0
32;16;10;5;1;84;1510075160;84;255;1510075170;0
32;16;10;5;1;84;1510075201;84;255;1510075211;0
32;16;10;5;1;84;1510075965;84;255;1510075974;0
32;16;10;5;1;84;1510076137;84;255;1510076147;0
32;16;10;5;1;84;1510076143;84;255;1510076152;0
32;16;10;5;1;84;1510076183;84;255;1510076193;0
32;16;10;5;1;84;1510076907;84;255;1510076917;0
32;16;10;5;1;84;1510077077;84;255;1510077086;0
32;16;10;5;1;84;1510077083;84;255;1510077092;0
32;16;10;5;1;84;1510077123;84;255;1510077132;0
32;16;10;5;1;84;1510077846;84;255;1510077855;0
32;16;10;5;1;84;1510078015;84;255;1510078025;0
32;16;10;5;1;84;1510078023;84;255;1510078033;0
32;16;10;5;1;84;1510078064;84;255;1510078073;0
32;16;10;5;1;84;1510078785;84;255;1510078794;0
32;16;10;5;1;84;1510078956;84;255;1510078965;0
32;16;10;5;1;84;1510078963;84;255;1510078973;0
32;16;10;5;1;84;1510079003;84;255;1510079013;0
32;16;10;5;1;84;1510079725;84;255;1510079735;0
32;16;10;5;1;84;1510079894;84;255;1510079904;0
32;16;10;5;1;84;1510079903;84;255;1510079912;0
32;16;10;5;1;84;1510079943;84;255;1510079953;0
32;16;10;5;1;84;1510080665;84;255;1510080676;0
32;16;10;5;1;84;1510080834;84;255;1510080844;0
32;16;10;5;1;84;1510080841;84;255;1510080851;0
32;16;10;5;1;84;1510080885;84;255;1510080894;0
32;16;10;5;1;84;1510081606;84;255;1510081616;0
32;16;10;5;1;84;1510081774;84;255;1510081784;0
32;16;10;5;1;84;1510081780;84;255;1510081790;0
32;16;10;5;1;84;1510081825;84;255;1510081835;0
32;16;10;5;1;84;1510082544;84;255;1510082554;0
32;16;10;5;1;84;1510082714;84;255;1510082724;0
32;16;10;5;1;84;1510082721;84;255;1510082730;0
32;16;10;5;1;84;1510082766;84;255;1510082775;0
32;16;10;5;1;84;1510083483;84;255;1510083493;0
32;16;10;5;1;84;1510083653;84;255;1510083663;0
32;16;10;5;1;84;1510083664;84;255;1510083673;0
32;16;10;5;1;84;1510083704;84;255;1510083714;0
32;16;10;5;1;84;1510084422;84;255;1510084432;0
32;16;10;5;1;84;1510084593;84;255;1510084602;0
32;16;10;5;1;84;1510084605;84;255;1510084615;1
32;16;10;5;1;84;1510084645;84;255;1510084654;0
32;16;10;5;1;84;1510085361;84;255;1510085371;0
32;16;10;5;1;84;1510085534;84;255;1510085543;0
32;16;10;5;1;84;1510085546;84;255;1510085556;0
32;16;10;5;1;84;1510085585;84;255;1510085594;0
32;16;10;5;1;84;1510086300;84;255;1510086309;0
32;16;10;5;1;84;1510086475;84;255;1510086484;0
32;16;10;5;1;84;1510086489;84;255;1510086498;0
32;16;10;5;1;84;1510086524;84;255;1510086535;0
32;16;10;5;1;84;1510087240;84;255;1510087250;0
32;16;10;5;1;84;1510087416;84;255;1510087425;0
32;16;10;5;1;84;1510087428;84;255;1510087438;0
32;16;10;5;1;84;1510087464;84;255;1510087473;0
32;16;10;5;1;84;1510088180;84;255;1510088189;0
32;16;10;5;1;84;1510088356;84;255;1510088366;0
32;16;10;5;1;84;1510088368;84;255;1510088377;0
32;16;10;5;1;84;1510088403;84;255;1510088412;0
32;16;10;5;1;84;1510089120;84;255;1510089129;0
32;16;10;5;1;84;1510089295;84;255;1510089305;0
32;16;10;5;1;84;1510089308;84;255;1510089318;0
32;16;10;5;1;84;1510089342;84;255;1510089352;0
32;16;10;5;1;84;1510090058;84;255;1510090067;0
32;16;10;5;1;84;1510090235;84;255;1510090244;0
32;16;10;5;1;84;1510090248;84;255;1510090258;0
32;16;10;5;1;84;1510090287;84;255;1510090296;0
32;16;10;5;1;84;1510090998;84;255;1510091007;0
32;16;10;5;1;84;1510091175;84;255;1510091184;0
32;16;10;5;1;84;1510091189;84;255;1510091198;0
32;16;10;5;1;84;1510091228;84;255;1510091237;0
32;16;10;5;1;84;1510091937;84;255;1510091946;0
32;16;10;5;1;84;1510092115;84;255;1510092124;0
32;16;10;5;1;84;1510092130;84;255;1510092139;0
32;16;10;5;1;84;1510092168;84;255;1510092177;0
32;16;10;5;1;84;1510092876;84;255;1510092886;0
32;16;10;5;1;84;1510093055;84;255;1510093064;0
32;16;10;5;1;84;1510093070;84;255;1510093080;0
32;16;10;5;1;84;1510093108;84;255;1510093118;0
32;16;10;5;1;84;1510093815;84;255;1510093825;0
32;16;10;5;1;84;1510093994;84;255;1510094003;0
32;16;10;5;1;84;1510094010;84;255;1510094019;0
32;16;10;5;1;84;1510094051;84;255;1510094060;0
32;16;10;5;1;84;1510094757;84;255;1510094766;0
32;16;10;5;1;84;1510094933;84;255;1510094943;0
32;16;10;5;1;84;1510094948;84;255;1510094958;0
32;16;10;5;1;84;1510094991;84;255;1510095000;0
32;16;10;5;1;84;1510095699;84;255;1510095708;0
32;16;10;5;1;84;1510095873;84;255;1510095883;0
32;16;10;5;1;84;1510095887;84;255;1510095896;0
32;16;10;5;1;84;1510095931;84;255;1510095940;0
32;16;10;5;1;84;1510096642;84;255;1510096652;1
32;16;10;5;1;84;1510096811;84;255;1510096821;0
32;16;10;5;1;84;1510096827;84;255;1510096837;0
32;16;10;5;1;84;1510096871;84;255;1510096881;0
32;16;10;5;1;84;1510097580;84;255;1510097590;0
32;16;10;5;1;84;1510097753;84;255;1510097762;0
32;16;10;5;1;84;1510097765;84;255;1510097775;0
32;16;10;5;1;84;1510097813;84;255;1510097822;0
32;16;10;5;1;84;1510098521;84;255;1510098530;0
32;16;10;5;1;84;1510098694;84;255;1510098704;0
32;16;10;5;1;84;1510098704;84;255;1510098713;0
32;16;10;5;1;84;1510098752;84;255;1510098762;1
32;16;10;5;1;84;1510099461;84;255;1510099470;0
32;16;10;5;1;84;1510099636;84;255;1510099645;0
32;16;10;5;1;84;1510099642;84;255;1510099651;0
32;16;10;5;1;84;1510099693;84;255;1510099703;0
32;16;10;5;1;84;1510100402;84;255;1510100411;0
32;16;10;5;1;84;1510100575;84;255;1510100585;0
32;16;10;5;1;84;1510100581;84;255;1510100590;0
32;16;10;5;1;84;1510100633;84;255;1510100643;0
32;16;10;5;1;84;1510101341;84;255;1510101351;0
32;16;10;5;1;84;1510101514;84;255;1510101524;0
32;16;10;5;1;84;1510101523;84;255;1510101533;0
32;16;10;5;1;84;1510101572;84;255;1510101582;0
32;16;10;5;1;84;1510102282;84;255;1510102292;0
32;16;10;5;1;84;1510102453;84;255;1510102463;0
32;16;10;5;1;84;1510102461;84;255;1510102471;0
32;16;10;5;1;84;1510102515;84;255;1510102524;0
32;16;10;5;1;84;1510103220;84;255;1510103230;0
32;16;10;5;1;84;1510103393;84;255;1510103403;0
32;16;10;5;1;84;1510103402;84;255;1510103412;0
32;16;10;5;1;84;1510103456;84;255;1510103465;0
32;16;10;5;1;84;1510104158;84;255;1510104168;0
32;16;10;5;1;84;1510104332;84;255;1510104342;0
32;16;10;5;1;84;1510104343;84;255;1510104353;0
32;16;10;5;1;84;1510104396;84;255;1510104405;0
32;16;10;5;1;84;1510105097;84;255;1510105107;0
32;16;10;5;1;84;1510105271;84;255;1510105280;0
32;16;10;5;1;84;1510105284;84;255;1510105294;0
32;16;10;5;1;84;1510105335;84;255;1510105345;0
32;16;10;5;1;84;1510106040;84;255;1510106049;0
32;16;10;5;1;84;1510106211;84;255;1510106221;0
32;16;10;5;1;84;1510106223;84;255;1510106232;0
32;16;10;5;1;84;1510106274;84;255;1510106284;0
32;16;10;5;1;84;1510106978;84;255;1510106987;0
32;16;10;5;1;84;1510107155;84;255;1510107164;0
32;16;10;5;1;84;1510107163;84;255;1510107173;0
32;16;10;5;1;84;1510107215;84;255;1510107225;0
32;16;10;5;1;84;1510107917;84;255;1510107927;0
32;16;10;5;1;84;1510108096;84;255;1510108106;0
32;16;10;5;1;84;1510108102;84;255;1510108112;0
32;16;10;5;1;84;1510108156;84;255;1510108166;0
32;16;10;5;1;84;1510108856;84;255;1510108866;0
32;16;10;5;1;84;1510109036;84;255;1510109045;0
32;16;10;5;1;84;1510109043;84;255;1510109052;0
32;16;10;5;1;84;1510109097;84;255;1510109106;0
32;16;10;5;1;84;1510109795;84;255;1510109805;0
32;16;10;5;1;84;1510109977;84;255;1510109987;0
32;16;10;5;1;84;1510109984;84;255;1510109993;0
32;16;10;5;1;84;1510110038;84;255;1510110048;0
32;16;10;5;1;84;1510110735;84;255;1510110745;0
32;16;10;5;1;84;1510110917;84;255;1510110927;0
32;16;10;5;1;84;1510110924;84;255;1510110934;0
32;16;10;5;1;84;1510110978;84;255;1510110987;0
32;16;10;5;1;84;1510111675;84;255;1510111685;0
32;16;10;5;1;84;1510111857;84;255;1510111867;0
32;16;10;5;1;84;1510111865;84;255;1510111874;0
32;16;10;5;1;84;1510111916;84;255;1510111926;0
32;16;10;5;1;84;1510112613;84;255;1510112622;0
32;16;10;5;1;84;1510112801;84;255;1510112810;0
32;16;10;5;1;84;1510112804;84;255;1510112813;0
32;16;10;5;1;84;1510112857;84;255;1510112866;0
32;16;10;5;1;84;1510113550;84;255;1510113560;0
32;16;10;5;1;84;1510113742;84;255;1510113752;0
32;16;10;5;1;84;1510113744;84;255;1510113754;0
32;16;10;5;1;84;1510113796;84;255;1510113805;0
32;16;10;5;1;84;1510114489;84;255;1510114499;0
32;16;10;5;1;84;1510114682;84;255;1510114692;0
32;16;10;5;1;84;1510114685;84;255;1510114695;0
32;16;10;5;1;84;1510114736;84;255;1510114745;0
32;16;10;5;1;84;1510115429;84;255;1510115439;0
32;16;10;5;1;84;1510115622;84;255;1510115632;0
32;16;10;5;1;84;1510115625;84;255;1510115635;0
32;16;10;5;1;84;1510115675;84;255;1510115685;0
32;16;10;5;1;84;1510116371;84;255;1510116381;1
32;16;10;5;1;84;1510116561;84;255;1510116571;0
32;16;10;5;1;84;1510116564;84;255;1510116574;0
32;16;10;5;1;84;1510116614;84;255;1510116624;0
32;16;10;5;1;84;1510117311;84;255;1510117321;0
32;16;10;5;1;84;1510117501;84;255;1510117511;0
32;16;10;5;1;84;1510117505;84;255;1510117515;1
32;16;10;5;1;84;1510117554;84;255;1510117563;0
32;16;10;5;1;84;1510118252;84;255;1510118262;0
32;16;10;5;1;84;1510118441;84;255;1510118450;0
32;16;10;5;1;84;1510118448;84;255;1510118457;0
32;16;10;5;1;84;1510118494;84;255;1510118503;0
32;16;10;5;1;84;1510119195;84;255;1510119205;0
32;16;10;5;1;84;1510119379;84;255;1510119389;0
32;16;10;5;1;84;1510119387;84;255;1510119397;0
32;16;10;5;1;84;1510119432;84;255;1510119442;0
32;16;10;5;1;84;1510120139;84;255;1510120148;0
32;16;10;5;1;84;1510120318;84;255;1510120327;0
32;16;10;5;1;84;1510120326;84;255;1510120336;0
32;16;10;5;1;84;1510120372;84;255;1510120381;0
32;16;10;5;1;84;1510121079;84;255;1510121088;0
32;16;10;5;1;84;1510121258;84;255;1510121268;0
32;16;10;5;1;84;1510121267;84;255;1510121276;0
32;16;10;5;1;84;1510121311;84;255;1510121320;0
32;16;10;5;1;84;1510122020;84;255;1510122030;0
32;16;10;5;1;84;1510122199;84;255;1510122208;0
32;16;10;5;1;84;1510122207;84;255;1510122216;0
32;16;10;5;1;84;1510122250;84;255;1510122260;0
32;16;10;5;1;84;1510122961;84;255;1510122970;0
32;16;10;5;1;84;1510123139;84;255;1510123148;0
32;16;10;5;1;84;1510123147;84;255;1510123156;0
32;16;10;5;1;84;1510123192;84;255;1510123202;0
32;16;10;5;1;84;1510123901;84;255;1510123910;0
32;16;10;5;1;84;1510124078;84;255;1510124087;0
32;16;10;5;1;84;1510124088;84;255;1510124098;0
32;16;10;5;1;84;1510124133;84;255;1510124142;0
32;16;10;5;1;84;1510124841;84;255;1510124851;0
32;16;10;5;1;84;1510125017;84;255;1510125026;0
32;16;10;5;1;84;1510125028;84;255;1510125038;0
32;16;10;5;1;84;1510125072;84;255;1510125082;0
32;16;10;5;1;84;1510125780;84;255;1510125790;0
32;16;10;5;1;84;1510125958;84;255;1510125968;0
32;16;10;5;1;84;1510125968;84;255;1510125978;0
32;16;10;5;1;84;1510126013;84;255;1510126023;0
32;16;10;5;1;84;1510126719;84;255;1510126728;0
32;16;10;5;1;84;1510126898;84;255;1510126907;0
32;16;10;5;1;84;1510126907;84;255;1510126917;0
32;16;10;5;1;84;1510126954;84;255;1510126963;0
32;16;10;5;1;84;1510127660;84;255;1510127669;0
32;16;10;5;1;84;1510127836;84;255;1510127845;0
32;16;10;5;1;84;1510127846;84;255;1510127855;0
32;16;10;5;1;84;1510127896;84;255;1510127906;0
32;16;10;5;1;84;1510128598;84;255;1510128607;0
32;16;10;5;1;84;1510128776;84;255;1510128786;0
32;16;10;5;1;84;1510128786;84;255;1510128795;0
32;16;10;5;1;84;1510128835;84;255;1510128845;0
32;16;10;5;1;84;1510129537;84;255;1510129547;0
32;16;10;5;1;84;1510129718;84;255;1510129729;0
32;16;10;5;1;84;1510129727;84;255;1510129737;0
32;16;10;5;1;84;1510129775;84;255;1510129785;0
32;16;10;5;1;84;1510130530;84;255;1510130541;0
32;16;10;5;1;84;1510130734;84;255;1510130744;0
32;16;10;5;1;84;1510130736;84;255;1510130746;0
32;16;10;5;1;84;1510130781;84;255;1510130792;0
32;16;10;5;1;84;1510131535;84;255;1510131545;0
32;16;10;5;1;84;1510131732;84;255;1510131742;0
32;16;10;5;1;84;1510131742;84;255;1510131752;0
32;16;10;5;1;84;1510131787;84;255;1510131796;0
32;16;10;5;1;84;1510132506;84;255;1510132516;0
32;16;10;5;1;84;1510132686;84;255;1510132696;0
32;16;10;5;1;84;1510132708;84;255;1510132717;0
32;16;10;5;1;84;1510132750;84;255;1510132760;0
32;16;10;5;1;84;1510133522;84;255;1510133532;0
32;16;10;5;1;84;1510133688;84;255;1510133697;0
32;16;10;5;1;84;1510133718;84;255;1510133728;0
32;16;10;5;1;84;1510133767;84;255;1510133778;0
32;16;10;5;1;84;1510134516;84;255;1510134526;0
32;16;10;5;1;84;1510134681;84;255;1510134693;0
32;16;10;5;1;84;1510134717;84;255;1510134727;0
32;16;10;5;1;84;1510134752;84;255;1510134762;0
32;16;10;5;1;84;1510135517;84;255;1510135526;0
32;16;10;5;1;84;1510135681;84;255;1510135691;0
32;16;10;5;1;84;1510135715;84;255;1510135725;0
32;16;10;5;1;84;1510135744;84;255;1510135755;0
32;16;10;5;1;84;1510136516;84;255;1510136527;0
32;16;10;5;1;84;1510136679;84;255;1510136690;0
32;16;10;5;1;84;1510136709;84;255;1510136719;0
32;16;10;5;1;84;1510136752;84;255;1510136762;0
32;16;10;5;1;84;1510137507;84;255;1510137517;0
32;16;10;5;1;84;1510137682;84;255;1510137692;0
32;16;10;5;1;84;1510137691;84;255;1510137702;0
32;16;10;5;1;84;1510137739;84;255;1510137751;0
32;16;10;5;1;84;1510138521;84;255;1510138531;0
32;16;10;5;1;84;1510138701;84;255;1510138710;0
32;16;10;5;1;84;1510138709;84;255;1510138719;0
32;16;10;5;1;84;1510138766;84;255;1510138776;0
32;16;10;5;1;84;1510139507;84;255;1510139517;0
32;16;10;5;1;84;1510139680;84;255;1510139690;0
32;16;10;5;1;84;1510139726;84;255;1510139737;0
32;16;10;5;1;84;1510139740;84;255;1510139750;0
32;16;10;5;1;84;1510140485;84;255;1510140496;0
32;16;10;5;1;84;1510140643;84;255;1510140655;0
32;16;10;5;1;84;1510140715;84;255;1510140725;0
32;16;10;5;1;84;1510140731;84;255;1510140741;0
32;16;10;5;1;84;1510141483;84;255;1510141493;0
32;16;10;5;1;84;1510141626;84;255;1510141636;0
32;16;10;5;1;84;1510141687;84;255;1510141697;0
32;16;10;5;1;84;1510141722;84;255;1510141733;0
32;16;10;5;1;84;1510142473;84;255;1510142483;0
32;16;10;5;1;84;1510142664;84;255;1510142674;0
32;16;10;5;1;84;1510142699;84;255;1510142709;0
32;16;10;5;1;84;1510142758;84;255;1510142770;0
32;16;10;5;1;84;1510143515;84;255;1510143525;0
32;16;10;5;1;84;1510143692;84;255;1510143703;0
32;16;10;5;1;84;1510143721;84;255;1510143731;0
32;16;10;5;1;84;1510143800;84;255;1510143810;0
32;16;10;5;1;84;1510144486;84;255;1510144496;0
32;16;10;5;1;84;1510144654;84;255;1510144664;0
32;16;10;5;1;84;1510144684;84;255;1510144694;0
32;16;10;5;1;84;1510144761;84;255;1510144771;0
32;16;10;5;1;84;1510145427;84;255;1510145437;0
32;16;10;5;1;84;1510145596;84;255;1510145606;0
32;16;10;5;1;84;1510145627;84;255;1510145636;0
32;16;10;5;1;84;1510145702;84;255;1510145711;0
32;16;10;5;1;84;1510146367;84;255;1510146376;0
32;16;10;5;1;84;1510146539;84;255;1510146548;0
32;16;10;5;1;84;1510146569;84;255;1510146579;0
32;16;10;5;1;84;1510146643;84;255;1510146653;0
32;16;10;5;1;84;1510147333;84;255;1510147344;0
32;16;10;5;1;84;1510147510;84;255;1510147520;0
32;16;10;5;1;84;1510147541;84;255;1510147551;0
32;16;10;5;1;84;1510147615;84;255;1510147624;0
32;16;10;5;1;84;1510148308;84;255;1510148317;0
32;16;10;5;1;84;1510148487;84;255;1510148498;0
32;16;10;5;1;84;1510148507;84;255;1510148516;0
32;16;10;5;1;84;1510148587;84;255;1510148597;0
32;16;10;5;1;84;1510149275;84;255;1510149284;0
32;16;10;5;1;84;1510149449;84;255;1510149459;0
32;16;10;5;1;84;1510149462;84;255;1510149471;0
32;16;10;5;1;84;1510149539;84;255;1510149549;0
32;16;10;5;1;84;1510150216;84;255;1510150226;0
32;16;10;5;1;84;1510150395;84;255;1510150405;0
32;16;10;5;1;84;1510150403;84;255;1510150413;0
32;16;10;5;1;84;1510150488;84;255;1510150498;0
32;16;10;5;1;84;1510151182;84;255;1510151191;0
32;16;10;5;1;84;1510151360;84;255;1510151370;0
32;16;10;5;1;84;1510151370;84;255;1510151380;0
32;16;10;5;1;84;1510151457;84;255;1510151467;0
32;16;10;5;1;84;1510152164;84;255;1510152174;0
32;16;10;5;1;84;1510152340;84;255;1510152350;0
32;16;10;5;1;84;1510152361;84;255;1510152371;0
32;16;10;5;1;84;1510152440;84;255;1510152450;0
32;16;10;5;1;84;1510153141;84;255;1510153151;0
32;16;10;5;1;84;1510153309;84;255;1510153318;0
32;16;10;5;1;84;1510153332;84;255;1510153343;0
32;16;10;5;1;84;1510153409;84;255;1510153420;0
32;16;10;5;1;84;1510154109;84;255;1510154120;0
32;16;10;5;1;84;1510154292;84;255;1510154302;0
32;16;10;5;1;84;1510154314;84;255;1510154324;0
32;16;10;5;1;84;1510154382;84;255;1510154392;0
32;16;10;5;1;84;1510155073;84;255;1510155083;0
32;16;10;5;1;84;1510155245;84;255;1510155255;1
32;16;10;5;1;84;1510155271;84;255;1510155281;0
32;16;10;5;1;84;1510155338;84;255;1510155348;0
32;16;10;5;1;84;1510156046;84;255;1510156056;0
32;16;10;5;1;84;1510156219;84;255;1510156229;0
32;16;10;5;1;84;1510156247;84;255;1510156259;0
32;16;10;5;1;84;1510156321;84;255;1510156331;0
32;16;10;5;1;84;1510157032;84;255;1510157043;0
32;16;10;5;1;84;1510157214;84;255;1510157224;0
32;16;10;5;1;84;1510157239;84;255;1510157250;0
32;16;10;5;1;84;1510157309;84;255;1510157319;0
32;16;10;5;1;84;1510158012;84;255;1510158022;0
32;16;10;5;1;84;1510158193;84;255;1510158203;0
32;16;10;5;1;84;1510158225;84;255;1510158234;0
32;16;10;5;1;84;1510158293;84;255;1510158303;0
32;16;10;5;1;84;1510158972;84;255;1510158982;0
32;16;10;5;1;84;1510159152;84;255;1510159161;0
32;16;10;5;1;84;1510159185;84;255;1510159195;0
32;16;10;5;1;84;1510159249;84;255;1510159258;0
32;16;10;5;1;84;1510159933;84;255;1510159943;0
32;16;10;5;1;84;1510160125;84;255;1510160137;0
32;16;10;5;1;84;1510160156;84;255;1510160167;0
32;16;10;5;1;84;1510160224;84;255;1510160234;0
32;16;10;5;1;84;1510160909;84;255;1510160919;0
32;16;10;5;1;84;1510161092;84;255;1510161102;0
32;16;10;5;1;84;1510161130;84;255;1510161141;0
32;16;10;5;1;84;1510161194;84;255;1510161205;0
32;16;10;5;1;84;1510161891;84;255;1510161901;0
32;16;10;5;1;84;1510162065;84;255;1510162075;0
32;16;10;5;1;84;1510162102;84;255;1510162112;0
32;16;10;5;1;84;1510162160;84;255;1510162170;0
32;16;10;5;1;84;1510162849;84;255;1510162860;0
32;16;10;5;1;84;1510163030;84;255;1510163040;0
32;16;10;5;1;84;1510163081;84;255;1510163091;0
32;16;10;5;1;84;1510163120;84;255;1510163130;0
32;16;10;5;1;84;1510163795;84;255;1510163804;0
32;16;10;5;1;84;1510163977;84;255;1510163986;0
32;16;10;5;1;84;1510164038;84;255;1510164048;0
32;16;10;5;1;84;1510164065;84;255;1510164075;0
32;16;10;5;1;84;1510164736;84;255;1510164746;0
32;16;10;5;1;84;1510164920;84;255;1510164930;0
32;16;10;5;1;84;1510164980;84;255;1510164990;0
32;16;10;5;1;84;1510165011;84;255;1510165021;0
32;16;10;5;1;84;1510165679;84;255;1510165689;0
32;16;10;5;1;84;1510165861;84;255;1510165871;0
32;16;10;5;1;84;1510165924;84;255;1510165934;0
32;16;10;5;1;84;1510165952;84;255;1510165962;0
32;16;10;5;1;84;1510166623;84;255;1510166633;0
32;16;10;5;1;84;1510166804;84;255;1510166814;0
32;16;10;5;1;84;1510166866;84;255;1510166876;0
32;16;10;5;1;84;1510166896;84;255;1510166906;0
32;16;10;5;1;84;1510167565;84;255;1510167575;0
32;16;10;5;1;84;1510167746;84;255;1510167755;0
32;16;10;5;1;84;1510167808;84;255;1510167818;0
32;16;10;5;1;84;1510167842;84;255;1510167851;0
32;16;10;5;1;84;1510168507;84;255;1510168517;0
32;16;10;5;1;84;1510168688;84;255;1510168698;0
32;16;10;5;1;84;1510168751;84;255;1510168760;0
32;16;10;5;1;84;1510168783;84;255;1510168793;0
32;16;10;5;1;84;1510169450;84;255;1510169459;0
32;16;10;5;1;84;1510169632;84;255;1510169641;0
32;16;10;5;1;84;1510169694;84;255;1510169703;0
32;16;10;5;1;84;1510169725;84;255;1510169734;0
32;16;10;5;1;84;1510170392;84;255;1510170402;0
32;16;10;5;1;84;1510170573;84;255;1510170583;0
32;16;10;5;1;84;1510170636;84;255;1510170646;0
32;16;10;5;1;84;1510170668;84;255;1510170677;0
32;16;10;5;1;84;1510171335;84;255;1510171345;0
32;16;10;5;1;84;1510171516;84;255;1510171526;0
32;16;10;5;1;84;1510171582;84;255;1510171592;0
32;16;10;5;1;84;1510171610;84;255;1510171619;0
32;16;10;5;1;84;1510172275;84;255;1510172285;0
32;16;10;5;1;84;1510172458;84;255;1510172467;0
32;16;10;5;1;84;1510172524;84;255;1510172533;0
32;16;10;5;1;84;1510172553;84;255;1510172563;0
32;16;10;5;1;84;1510173219;84;255;1510173229;0
32;16;10;5;1;84;1510173399;84;255;1510173409;0
32;16;10;5;1;84;1510173467;84;255;1510173476;0
32;16;10;5;1;84;1510173497;84;255;1510173507;0
32;16;10;5;1;84;1510174163;84;255;1510174173;0
32;16;10;5;1;84;1510174340;84;255;1510174350;0
32;16;10;5;1;84;1510174410;84;255;1510174419;0
32;16;10;5;1;84;1510174437;84;255;1510174447;0
32;16;10;5;1;84;1510175107;84;255;1510175117;0
32;16;10;5;1;84;1510175283;84;255;1510175292;0
32;16;10;5;1;84;1510175353;84;255;1510175363;0
32;16;10;5;1;84;1510175379;84;255;1510175388;0
32;16;10;5;1;84;1510176051;84;255;1510176061;0
32;16;10;5;1;84;1510176223;84;255;1510176232;0
32;16;10;5;1;84;1510176294;84;255;1510176304;0
32;16;10;5;1;84;1510176320;84;255;1510176329;0
32;16;10;5;1;84;1510176995;84;255;1510177004;0
32;16;10;5;1;84;1510177166;84;255;1510177176;0
32;16;10;5;1;84;1510177236;84;255;1510177246;0
32;16;10;5;1;84;1510177261;84;255;1510177271;0
32;16;10;5;1;84;1510177937;84;255;1510177946;0
32;16;10;5;1;84;1510178109;84;255;1510178118;0
32;16;10;5;1;84;1510178179;84;255;1510178189;0
32;16;10;5;1;84;1510178202;84;255;1510178212;0
32;16;10;5;1;84;1510178881;84;255;1510178890;0
32;16;10;5;1;84;1510179054;84;255;1510179064;0
32;16;10;5;1;84;1510179119;84;255;1510179129;0
32;16;10;5;1;84;1510179144;84;255;1510179154;0
32;16;10;5;1;84;1510179823;84;255;1510179833;0
32;16;10;5;1;84;1510179995;84;255;1510180005;0
32;16;10;5;1;84;1510180059;84;255;1510180069;0
32;16;10;5;1;84;1510180085;84;255;1510180095;0
32;16;10;5;1;84;1510180767;84;255;1510180777;0
32;16;10;5;1;84;1510180937;84;255;1510180947;0
32;16;10;5;1;84;1510181002;84;255;1510181011;0
32;16;10;5;1;84;1510181029;84;255;1510181039;0
32;16;10;5;1;84;1510181711;84;255;1510181721;0
32;16;10;5;1;84;1510181880;84;255;1510181890;0
32;16;10;5;1;84;1510181944;84;255;1510181953;0
32;16;10;5;1;84;1510181971;84;255;1510181981;0
32;16;10;5;1;84;1510182655;84;255;1510182665;0
32;16;10;5;1;84;1510182821;84;255;1510182831;0
32;16;10;5;1;84;1510182886;84;255;1510182896;0
32;16;10;5;1;84;1510182914;84;255;1510182923;0
32;16;10;5;1;84;1510183597;84;255;1510183607;0
32;16;10;5;1;84;1510183763;84;255;1510183773;0
32;16;10;5;1;84;1510183828;84;255;1510183838;0
32;16;10;5;1;84;1510183854;84;255;1510183864;0
32;16;10;5;1;84;1510184541;84;255;1510184551;0
32;16;10;5;1;84;1510184707;84;255;1510184717;0
32;16;10;5;1;84;1510184770;84;255;1510184780;0
32;16;10;5;1;84;1510184796;84;255;1510184805;0
32;16;10;5;1;84;1510185484;84;255;1510185494;0
32;16;10;5;1;84;1510185651;84;255;1510185661;0
32;16;10;5;1;84;1510185714;84;255;1510185724;0
32;16;10;5;1;84;1510185737;84;255;1510185747;0
32;16;10;5;1;84;1510186425;84;255;1510186435;0
32;16;10;5;1;84;1510186594;84;255;1510186604;0
32;16;10;5;1;84;1510186655;84;255;1510186665;0
32;16;10;5;1;84;1510186678;84;255;1510186688;0
32;16;10;5;1;84;1510187368;84;255;1510187378;0
32;16;10;5;1;84;1510187537;84;255;1510187547;0
32;16;10;5;1;84;1510187596;84;255;1510187605;0
32;16;10;5;1;84;1510187620;84;255;1510187630;0
32;16;10;5;1;84;1510188310;84;255;1510188320;0
32;16;10;5;1;84;1510188479;84;255;1510188489;0
32;16;10;5;1;84;1510188538;84;255;1510188547;0
32;16;10;5;1;84;1510188563;84;255;1510188573;0
32;16;10;5;1;84;1510189250;84;255;1510189259;0
32;16;10;5;1;84;1510189424;84;255;1510189433;0
32;16;10;5;1;84;1510189479;84;255;1510189489;0
32;16;10;5;1;84;1510189507;84;255;1510189517;0
32;16;10;5;1;84;1510190190;84;255;1510190200;0
32;16;10;5;1;84;1510190364;84;255;1510190374;0
32;16;10;5;1;84;1510190419;84;255;1510190429;0
32;16;10;5;1;84;1510190451;84;255;1510190461;0
32;16;10;5;1;84;1510191132;84;255;1510191141;0
32;16;10;5;1;84;1510191308;84;255;1510191318;0
32;16;10;5;1;84;1510191360;84;255;1510191370;0
32;16;10;5;1;84;1510191395;84;255;1510191404;0
32;16;10;5;1;84;1510192075;84;255;1510192085;0
32;16;10;5;1;84;1510192252;84;255;1510192261;0
32;16;10;5;1;84;1510192299;84;255;1510192309;0
32;16;10;5;1;84;1510192338;84;255;1510192347;0
32;16;10;5;1;84;1510193017;84;255;1510193027;0
32;16;10;5;1;84;1510193193;84;255;1510193202;0
32;16;10;5;1;84;1510193243;84;255;1510193252;0
32;16;10;5;1;84;1510193281;84;255;1510193291;0
32;16;10;5;1;84;1510193957;84;255;1510193967;0
32;16;10;5;1;84;1510194135;84;255;1510194144;0
32;16;10;5;1;84;1510194185;84;255;1510194194;0
32;16;10;5;1;84;1510194223;84;255;1510194233;0
32;16;10;5;1;84;1510194900;84;255;1510194909;0
32;16;10;5;1;84;1510195078;84;255;1510195088;0
32;16;10;5;1;84;1510195126;84;255;1510195135;0
32;16;10;5;1;84;1510195166;84;255;1510195176;0
32;16;10;5;1;84;1510195841;84;255;1510195851;0
32;16;10;5;1;84;1510196022;84;255;1510196032;0
32;16;10;5;1;84;1510196069;84;255;1510196079;0
32;16;10;5;1;84;1510196106;84;255;1510196116;0
32;16;10;5;1;84;1510196785;84;255;1510196795;0
32;16;10;5;1;84;1510196965;84;255;1510196974;0
32;16;10;5;1;84;1510197012;84;255;1510197021;0
32;16;10;5;1;84;1510197046;84;255;1510197055;0
32;16;10;5;1;84;1510197728;84;255;1510197737;0
32;16;10;5;1;84;1510197906;84;255;1510197915;0
32;16;10;5;1;84;1510197955;84;255;1510197965;0
32;16;10;5;1;84;1510197987;84;255;1510197997;0
32;16;10;5;1;84;1510198668;84;255;1510198678;0
32;16;10;5;1;84;1510198846;84;255;1510198856;0
32;16;10;5;1;84;1510198901;84;255;1510198911;0
32;16;10;5;1;84;1510198929;84;255;1510198939;0
32;16;10;5;1;84;1510199609;84;255;1510199618;0
32;16;10;5;1;84;1510199788;84;255;1510199798;0
32;16;10;5;1;84;1510199847;84;255;1510199857;0
32;16;10;5;1;84;1510199870;84;255;1510199880;0
32;16;10;5;1;84;1510200551;84;255;1510200561;0
32;16;10;5;1;84;1510200729;84;255;1510200738;0
32;16;10;5;1;84;1510200792;84;255;1510200802;0
32;16;10;5;1;84;1510200810;84;255;1510200819;0
32;16;10;5;1;84;1510201492;84;255;1510201502;0
32;16;10;5;1;84;1510201669;84;255;1510201679;0
32;16;10;5;1;84;1510201735;84;255;1510201745;0
32;16;10;5;1;84;1510201751;84;255;1510201761;0
32;16;10;5;1;84;1510202435;84;255;1510202445;0
32;16;10;5;1;84;1510202613;84;255;1510202623;0
32;16;10;5;1;84;1510202678;84;255;1510202687;0
32;16;10;5;1;84;1510202695;84;255;1510202704;0
32;16;10;5;1;84;1510203376;84;255;1510203386;0
32;16;10;5;1;84;1510203558;84;255;1510203567;0
32;16;10;5;1;84;1510203619;84;255;1510203628;0
32;16;10;5;1;84;1510203640;84;255;1510203649;0
32;16;10;5;1;84;1510204317;84;255;1510204327;0
32;16;10;5;1;84;1510204499;84;255;1510204508;0
32;16;10;5;1;84;1510204560;84;255;1510204570;0
32;16;10;5;1;84;1510204584;84;255;1510204593;0
32;16;10;5;1;84;1510205259;84;255;1510205269;0
32;16;10;5;1;84;1510205439;84;255;1510205449;0
32;16;10;5;1;84;1510205504;84;255;1510205513;0
32;16;10;5;1;84;1510205525;84;255;1510205536;0
32;16;10;5;1;84;1510206202;84;255;1510206212;0
32;16;10;5;1;84;1510206381;84;255;1510206391;0
32;16;10;5;1;84;1510206448;84;255;1510206458;0
32;16;10;5;1;84;1510206470;84;255;1510206480;0
32;16;10;5;1;84;1510207146;84;255;1510207156;0
32;16;10;5;1;84;1510207324;84;255;1510207334;0
32;16;10;5;1;84;1510207391;84;255;1510207400;0
32;16;10;5;1;84;1510207411;84;255;1510207421;0
32;16;10;5;1;84;1510208085;84;255;1510208095;0
32;16;10;5;1;84;1510208267;84;255;1510208276;0
32;16;10;5;1;84;1510208333;84;255;1510208343;0
32;16;10;5;1;84;1510208353;84;255;1510208362;0
32;16;10;5;1;84;1510209026;84;255;1510209036;0
32;16;10;5;1;84;1510209209;84;255;1510209219;0
32;16;10;5;1;84;1510209275;84;255;1510209284;0
32;16;10;5;1;84;1510209296;84;255;1510209305;1
32;16;10;5;1;84;1510209969;84;255;1510209979;0
32;16;10;5;1;84;1510210151;84;255;1510210160;0
32;16;10;5;1;84;1510210218;84;255;1510210227;0
32;16;10;5;1;84;1510210238;84;255;1510210247;0
32;16;10;5;1;84;1510210913;84;255;1510210923;0
32;16;10;5;1;84;1510211091;84;255;1510211101;0
32;16;10;5;1;84;1510211160;84;255;1510211170;0
32;16;10;5;1;84;1510211181;84;255;1510211191;0
32;16;10;5;1;84;1510211855;84;255;1510211865;0
32;16;10;5;1;84;1510212034;84;255;1510212044;0
32;16;10;5;1;84;1510212100;84;255;1510212109;0
32;16;10;5;1;84;1510212122;84;255;1510212132;0
32;16;10;5;1;84;1510212797;84;255;1510212807;0
32;16;10;5;1;84;1510212976;84;255;1510212986;0
32;16;10;5;1;84;1510213042;84;255;1510213052;0
32;16;10;5;1;84;1510213065;84;255;1510213075;0
32;16;10;5;1;84;1510213739;84;255;1510213749;0
32;16;10;5;1;84;1510213919;84;255;1510213928;0
32;16;10;5;1;84;1510213985;84;255;1510213995;0
32;16;10;5;1;84;1510214009;84;255;1510214018;0
32;16;10;5;1;84;1510214682;84;255;1510214692;0
32;16;10;5;1;84;1510214861;84;255;1510214870;0
32;16;10;5;1;84;1510214926;84;255;1510214936;0
32;16;10;5;1;84;1510214952;84;255;1510214961;0
32;16;10;5;1;84;1510215623;84;255;1510215633;0
32;16;10;5;1;84;1510215801;84;255;1510215810;0
32;16;10;5;1;84;1510215868;84;255;1510215877;0
32;16;10;5;1;84;1510215896;84;255;1510215905;0
32;16;10;5;1;84;1510216567;84;255;1510216577;0
32;16;10;5;1;84;1510216743;84;255;1510216753;0
32;16;10;5;1;84;1510216810;84;255;1510216820;0
32;16;10;5;1;84;1510216838;84;255;1510216848;0
32;16;10;5;1;84;1510217509;84;255;1510217519;0
32;16;10;5;1;84;1510217686;84;255;1510217695;0
32;16;10;5;1;84;1510217751;84;255;1510217761;0
32;16;10;5;1;84;1510217781;84;255;1510217791;0
32;16;10;5;1;84;1510218451;84;255;1510218461;0
32;16;10;5;1;84;1510218628;84;255;1510218638;0
32;16;10;5;1;84;1510218693;84;255;1510218703;0
32;16;10;5;1;84;1510218723;84;255;1510218733;0
32;16;10;5;1;84;1510219424;84;255;1510219434;0
32;16;10;5;1;84;1510219618;84;255;1510219628;0
32;16;10;5;1;84;1510219673;84;255;1510219684;0
32;16;10;5;1;84;1510219708;84;255;1510219718;0
32;16;10;5;1;84;1510220445;84;255;1510220455;0
32;16;10;5;1;84;1510220635;84;255;1510220645;0
32;16;10;5;1;84;1510220681;84;255;1510220692;0
32;16;10;5;1;84;1510220721;84;255;1510220731;0
32;16;10;5;1;84;1510221418;84;255;1510221429;0
32;16;10;5;1;84;1510221615;84;255;1510221626;0
32;16;10;5;1;84;1510221662;84;255;1510221672;0
32;16;10;5;1;84;1510221719;84;255;1510221730;0
32;16;10;5;1;84;1510222428;84;255;1510222438;0
32;16;10;5;1;84;1510222625;84;255;1510222635;0
32;16;10;5;1;84;1510222674;84;255;1510222685;0
32;16;10;5;1;84;1510222735;84;255;1510222745;0
32;16;10;5;1;84;1510223435;84;255;1510223445;0
32;16;10;5;1;84;1510223639;84;255;1510223649;0
32;16;10;5;1;84;1510223689;84;255;1510223700;0
32;16;10;5;1;84;1510223760;84;255;1510223769;0
32;16;10;5;1;84;1510224446;84;255;1510224456;0
32;16;10;5;1;84;1510224642;84;255;1510224652;0
32;16;10;5;1;84;1510224698;84;255;1510224708;0
32;16;10;5;1;84;1510224759;84;255;1510224770;0
32;16;10;5;1;84;1510225447;84;255;1510225457;0
32;16;10;5;1;84;1510225633;84;255;1510225643;0
32;16;10;5;1;84;1510225688;84;255;1510225697;0
32;16;10;5;1;84;1510225736;84;255;1510225746;0
32;16;10;5;1;84;1510226464;84;255;1510226475;0
32;16;10;5;1;84;1510226649;84;255;1510226660;0
32;16;10;5;1;84;1510226701;84;255;1510226711;0
32;16;10;5;1;84;1510226762;84;255;1510226772;0
32;16;10;5;1;84;1510253435;84;255;1510253445;0
32;16;10;5;1;84;1510253437;84;255;1510253447;0
32;16;10;5;1;84;1510253441;84;255;1510253450;0
32;16;10;5;1;84;1510253443;84;255;1510253453;0
32;16;10;5;1;84;1510254372;84;255;1510254381;0
32;16;10;5;1;84;1510254373;84;255;1510254382;0
32;16;10;5;1;84;1510254375;84;255;1510254385;0
32;16;10;5;1;84;1510254395;84;255;1510254404;0
32;16;10;5;1;84;1510255305;84;255;1510255315;0
32;16;10;5;1;84;1510255306;84;255;1510255315;0
32;16;10;5;1;84;1510255307;84;255;1510255316;0
32;16;10;5;1;84;1510255329;84;255;1510255339;0
32;16;10;5;1;84;1510256236;84;255;1510256246;0
32;16;10;5;1;84;1510256238;84;255;1510256247;0
32;16;10;5;1;84;1510256242;84;255;1510256252;0
32;16;10;5;1;84;1510256263;84;255;1510256273;0
32;16;10;5;1;84;1510257167;84;255;1510257177;0
32;16;10;5;1;84;1510257169;84;255;1510257179;0
32;16;10;5;1;84;1510257178;84;255;1510257187;0
32;16;10;5;1;84;1510257199;84;255;1510257209;0
32;16;10;5;1;84;1510258098;84;255;1510258107;0
32;16;10;5;1;84;1510258101;84;255;1510258110;0
32;16;10;5;1;84;1510258114;84;255;1510258123;0
32;16;10;5;1;84;1510258133;84;255;1510258143;0
32;16;10;5;1;84;1510259029;84;255;1510259038;0
32;16;10;5;1;84;1510259033;84;255;1510259042;0
32;16;10;5;1;84;1510259049;84;255;1510259059;0
32;16;10;5;1;84;1510259068;84;255;1510259078;0
32;16;10;5;1;84;1510259959;84;255;1510259969;0
32;16;10;5;1;84;1510259965;84;255;1510259974;0
32;16;10;5;1;84;1510259984;84;255;1510259994;0
32;16;10;5;1;84;1510260003;84;255;1510260012;0
32;16;10;5;1;84;1510260890;84;255;1510260900;0
32;16;10;5;1;84;1510260898;84;255;1510260907;0
32;16;10;5;1;84;1510260920;84;255;1510260930;0
32;16;10;5;1;84;1510260938;84;255;1510260948;0
32;16;10;5;1;84;1510261822;84;255;1510261832;0
32;16;10;5;1;84;1510261829;84;255;1510261839;0
32;16;10;5;1;84;1510261856;84;255;1510261865;0
32;16;10;5;1;84;1510261875;84;255;1510261884;0
32;16;10;5;1;84;1510262754;84;255;1510262763;0
32;16;10;5;1;84;1510262760;84;255;1510262770;0
32;16;10;5;1;84;1510262791;84;255;1510262801;0
32;16;10;5;1;84;1510262810;84;255;1510262819;1
32;16;10;5;1;84;1510263684;84;255;1510263694;0
32;16;10;5;1;84;1510263692;84;255;1510263701;0
32;16;10;5;1;84;1510263727;84;255;1510263737;0
32;16;10;5;1;84;1510263745;84;255;1510263755;0
32;16;10;5;1;84;1510264616;84;255;1510264625;0
32;16;10;5;1;84;1510264624;84;255;1510264633;0
32;16;10;5;1;84;1510264663;84;255;1510264673;0
32;16;10;5;1;84;1510264680;84;255;1510264690;0
32;16;10;5;1;84;1510265547;84;255;1510265557;0
32;16;10;5;1;84;1510265555;84;255;1510265564;0
32;16;10;5;1;84;1510265599;84;255;1510265609;0
32;16;10;5;1;84;1510265615;84;255;1510265625;0
32;16;10;5;1;84;1510266478;84;255;1510266487;0
32;16;10;5;1;84;1510266486;84;255;1510266496;1
32;16;10;5;1;84;1510266536;84;255;1510266545;0
32;16;10;5;1;84;1510266550;84;255;1510266560;0
32;16;10;5;1;84;1510267409;84;255;1510267418;0
32;16;10;5;1;84;1510267418;84;255;1510267427;0
32;16;10;5;1;84;1510267473;84;255;1510267483;0
32;16;10;5;1;84;1510267485;84;255;1510267495;1
32;16;10;5;1;84;1510268339;84;255;1510268349;0
32;16;10;5;1;84;1510268350;84;255;1510268359;0
32;16;10;5;1;84;1510268409;84;255;1510268419;0
32;16;10;5;1;84;1510268420;84;255;1510268430;0
32;16;10;5;1;84;1510269271;84;255;1510269280;0
32;16;10;5;1;84;1510269281;84;255;1510269291;0
32;16;10;5;1;84;1510269347;84;255;1510269356;0
32;16;10;5;1;84;1510269355;84;255;1510269365;0
32;16;10;5;1;84;1510270202;84;255;1510270212;0
32;16;10;5;1;84;1510270214;84;255;1510270224;0
32;16;10;5;1;84;1510270284;84;255;1510270294;0
32;16;10;5;1;84;1510270291;84;255;1510270301;0
32;16;10;5;1;84;1510271133;84;255;1510271143;0
32;16;10;5;1;84;1510271146;84;255;1510271155;0
32;16;10;5;1;84;1510271221;84;255;1510271230;0
32;16;10;5;1;84;1510271227;84;255;1510271237;0
32;16;10;5;1;84;1510272064;84;255;1510272075;0
32;16;10;5;1;84;1510272082;84;255;1510272092;0
32;16;10;5;1;84;1510272154;84;255;1510272163;0
32;16;10;5;1;84;1510272162;84;255;1510272172;0
32;16;10;5;1;84;1510272996;84;255;1510273006;0
32;16;10;5;1;84;1510273019;84;255;1510273029;0
32;16;10;5;1;84;1510273085;84;255;1510273095;0
32;16;10;5;1;84;1510273097;84;255;1510273107;0
32;16;10;5;1;84;1510273927;84;255;1510273937;1
32;16;10;5;1;84;1510273955;84;255;1510273965;0
32;16;10;5;1;84;1510274016;84;255;1510274026;0
32;16;10;5;1;84;1510274035;84;255;1510274045;0
32;16;10;5;1;84;1510274858;84;255;1510274868;0
32;16;10;5;1;84;1510274892;84;255;1510274901;0
32;16;10;5;1;84;1510274948;84;255;1510274958;0
32;16;10;5;1;84;1510274971;84;255;1510274980;0
32;16;10;5;1;84;1510275789;84;255;1510275799;0
32;16;10;5;1;84;1510275829;84;255;1510275838;1
32;16;10;5;1;84;1510275882;84;255;1510275892;0
32;16;10;5;1;84;1510275903;84;255;1510275913;0
32;16;10;5;1;84;1510276720;84;255;1510276730;0
32;16;10;5;1;84;1510276765;84;255;1510276775;0
32;16;10;5;1;84;1510276819;84;255;1510276829;0
32;16;10;5;1;84;1510276835;84;255;1510276845;0
32;16;10;5;1;84;1510277652;84;255;1510277662;0
32;16;10;5;1;84;1510277702;84;255;1510277712;0
32;16;10;5;1;84;1510277755;84;255;1510277765;0
32;16;10;5;1;84;1510277766;84;255;1510277776;0
32;16;10;5;1;84;1510278583;84;255;1510278593;0
32;16;10;5;1;84;1510278639;84;255;1510278648;0
32;16;10;5;1;84;1510278691;84;255;1510278701;1
32;16;10;5;1;84;1510278698;84;255;1510278707;0
32;16;10;5;1;84;1510279514;84;255;1510279524;0
32;16;10;5;1;84;1510279576;84;255;1510279585;0
32;16;10;5;1;84;1510279627;84;255;1510279636;0
32;16;10;5;1;84;1510279629;84;255;1510279639;0
32;16;10;5;1;84;1510280445;84;255;1510280455;1
32;16;10;5;1;84;1510280512;84;255;1510280522;0
32;16;10;5;1;84;1510280561;84;255;1510280570;0
32;16;10;5;1;84;1510280562;84;255;1510280572;0
32;16;10;5;1;84;1510281376;84;255;1510281385;0
32;16;10;5;1;84;1510281450;84;255;1510281460;0
32;16;10;5;1;84;1510281492;84;255;1510281502;0
32;16;10;5;1;84;1510281498;84;255;1510281507;0
32;16;10;5;1;84;1510282307;84;255;1510282316;0
32;16;10;5;1;84;1510282390;84;255;1510282400;0
32;16;10;5;1;84;1510282424;84;255;1510282433;0
32;16;10;5;1;84;1510282433;84;255;1510282443;0
32;16;10;5;1;84;1510283238;84;255;1510283247;0
32;16;10;5;1;84;1510283328;84;255;1510283338;0
32;16;10;5;1;84;1510283355;84;255;1510283365;0
32;16;10;5;1;84;1510283369;84;255;1510283379;0
32;16;10;5;1;84;1510284168;84;255;1510284178;0
32;16;10;5;1;84;1510284266;84;255;1510284275;0
32;16;10;5;1;84;1510284287;84;255;1510284296;0
32;16;10;5;1;84;1510284304;84;255;1510284314;0
32;16;10;5;1;84;1510285099;84;255;1510285109;0
32;16;10;5;1;84;1510285203;84;255;1510285213;0
32;16;10;5;1;84;1510285220;84;255;1510285229;0
32;16;10;5;1;84;1510285238;84;255;1510285248;0
32;16;10;5;1;84;1510286030;84;255;1510286040;0
32;16;10;5;1;84;1510286141;84;255;1510286150;0
32;16;10;5;1;84;1510286155;84;255;1510286165;0
32;16;10;5;1;84;1510286169;84;255;1510286179;0
32;16;10;5;1;84;1510286961;84;255;1510286971;0
32;16;10;5;1;84;1510287078;84;255;1510287088;0
32;16;10;5;1;84;1510287092;84;255;1510287101;0
32;16;10;5;1;84;1510287101;84;255;1510287110;0
32;16;10;5;1;84;1510287892;84;255;1510287902;0
32;16;10;5;1;84;1510288015;84;255;1510288025;0
32;16;10;5;1;84;1510288029;84;255;1510288038;0
32;16;10;5;1;84;1510288033;84;255;1510288043;0
32;16;10;5;1;84;1510288824;84;255;1510288834;0
32;16;10;5;1;84;1510288953;84;255;1510288963;0
32;16;10;5;1;84;1510288964;84;255;1510288973;0
32;16;10;5;1;84;1510288964;84;255;1510288974;0
32;16;10;5;1;84;1510289757;84;255;1510289766;0
32;16;10;5;1;84;1510289891;84;255;1510289901;0
32;16;10;5;1;84;1510289896;84;255;1510289905;0
32;16;10;5;1;84;1510289898;84;255;1510289908;0
32;16;10;5;1;84;1510290689;84;255;1510290699;0
32;16;10;5;1;84;1510290828;84;255;1510290838;0
32;16;10;5;1;84;1510290829;84;255;1510290838;0
32;16;10;5;1;84;1510290833;84;255;1510290842;0
32;16;10;5;1;84;1510291621;84;255;1510291631;0
32;16;10;5;1;84;1510291760;84;255;1510291769;0
32;16;10;5;1;84;1510291767;84;255;1510291777;0
32;16;10;5;1;84;1510291768;84;255;1510291778;0
32;16;10;5;1;84;1510292554;84;255;1510292563;0
32;16;10;5;1;84;1510292691;84;255;1510292701;0
32;16;10;5;1;84;1510292702;84;255;1510292712;0
32;16;10;5;1;84;1510292704;84;255;1510292714;0
32;16;10;5;1;84;1510293486;84;255;1510293496;0
32;16;10;5;1;84;1510293623;84;255;1510293632;0
32;16;10;5;1;84;1510293637;84;255;1510293646;0
32;16;10;5;1;84;1510293644;84;255;1510293654;0
32;16;10;5;1;84;1510294419;84;255;1510294429;0
32;16;10;5;1;84;1510294555;84;255;1510294564;0
32;16;10;5;1;84;1510294571;84;255;1510294581;0
32;16;10;5;1;84;1510294582;84;255;1510294592;0
32;16;10;5;1;84;1510295352;84;255;1510295361;0
32;16;10;5;1;84;1510295487;84;255;1510295496;0
32;16;10;5;1;84;1510295505;84;255;1510295515;0
32;16;10;5;1;84;1510295520;84;255;1510295530;0
32;16;10;5;1;84;1510296285;84;255;1510296294;0
32;16;10;5;1;84;1510296419;84;255;1510296429;0
32;16;10;5;1;84;1510296440;84;255;1510296450;0
32;16;10;5;1;84;1510296458;84;255;1510296468;0
32;16;10;5;1;84;1510297218;84;255;1510297227;0
32;16;10;5;1;84;1510297351;84;255;1510297360;0
32;16;10;5;1;84;1510297375;84;255;1510297385;0
32;16;10;5;1;84;1510297396;84;255;1510297405;1
32;16;10;5;1;84;1510298150;84;255;1510298160;0
32;16;10;5;1;84;1510298282;84;255;1510298292;1
32;16;10;5;1;84;1510298310;84;255;1510298320;0
32;16;10;5;1;84;1510298333;84;255;1510298343;0
32;16;10;5;1;84;1510299082;84;255;1510299092;0
32;16;10;5;1;84;1510299214;84;255;1510299223;0
32;16;10;5;1;84;1510299246;84;255;1510299256;0
32;16;10;5;1;84;1510299272;84;255;1510299282;0
32;16;10;5;1;84;1510300015;84;255;1510300025;0
32;16;10;5;1;84;1510300146;84;255;1510300155;0
32;16;10;5;1;84;1510300181;84;255;1510300190;0
32;16;10;5;1;84;1510300210;84;255;1510300220;0
32;16;10;5;1;84;1510300948;84;255;1510300958;0
32;16;10;5;1;84;1510301078;84;255;1510301088;0
32;16;10;5;1;84;1510301117;84;255;1510301127;0
32;16;10;5;1;84;1510301147;84;255;1510301156;0
32;16;10;5;1;84;1510301881;84;255;1510301891;0
32;16;10;5;1;84;1510302010;84;255;1510302019;0
32;16;10;5;1;84;1510302056;84;255;1510302066;0
32;16;10;5;1;84;1510302081;84;255;1510302091;0
32;16;10;5;1;84;1510302815;84;255;1510302825;0
32;16;10;5;1;84;1510302956;84;255;1510302965;0
32;16;10;5;1;84;1510303007;84;255;1510303017;0
32;16;10;5;1;84;1510303050;84;255;1510303060;0
32;16;10;5;1;84;1510303804;84;255;1510303814;0
32;16;10;5;1;84;1510303954;84;255;1510303965;0
32;16;10;5;1;84;1510304000;84;255;1510304010;0
32;16;10;5;1;84;1510304034;84;255;1510304043;0
32;16;10;5;1;84;1510304783;84;255;1510304793;0
32;16;10;5;1;84;1510304911;84;255;1510304921;0
32;16;10;5;1;84;1510304965;84;255;1510304974;0
32;16;10;5;1;84;1510305009;84;255;1510305019;0
32;16;10;5;1;84;1510305737;84;255;1510305747;0
32;16;10;5;1;84;1510305861;84;255;1510305870;1
32;16;10;5;1;84;1510305919;84;255;1510305930;0
32;16;10;5;1;84;1510305989;84;255;1510305999;0
32;16;10;5;1;84;1510306755;84;255;1510306765;0
32;16;10;5;1;84;1510306896;84;255;1510306906;0
32;16;10;5;1;84;1510306935;84;255;1510306945;0
32;16;10;5;1;84;1510307020;84;255;1510307030;0
