32;16;10;5;1;88;1509982181;88;255;1509982191;0
32;16;10;5;1;88;1509982247;88;255;1509982258;0
32;16;10;5;1;88;1509982321;88;255;1509982331;0
32;16;10;5;1;88;1509982420;88;255;1509982429;0
32;16;10;5;1;88;1509983151;88;255;1509983161;0
32;16;10;5;1;88;1509983210;88;255;1509983220;0
32;16;10;5;1;88;1509983278;88;255;1509983288;0
32;16;10;5;1;88;1509983388;88;255;1509983397;0
32;16;10;5;1;88;1509984093;88;255;1509984103;0
32;16;10;5;1;88;1509984150;88;255;1509984160;0
32;16;10;5;1;88;1509984221;88;255;1509984231;0
32;16;10;5;1;88;1509984330;88;255;1509984339;0
32;16;10;5;1;88;1509985035;88;255;1509985045;0
32;16;10;5;1;88;1509985093;88;255;1509985102;0
32;16;10;5;1;88;1509985161;88;255;1509985171;0
32;16;10;5;1;88;1509985271;88;255;1509985281;0
32;16;10;5;1;88;1509985976;88;255;1509985986;0
32;16;10;5;1;88;1509986033;88;255;1509986043;0
32;16;10;5;1;88;1509986104;88;255;1509986114;0
32;16;10;5;1;88;1509986212;88;255;1509986222;0
32;16;10;5;1;88;1509986916;88;255;1509986926;0
32;16;10;5;1;88;1509986977;88;255;1509986987;0
32;16;10;5;1;88;1509987043;88;255;1509987053;0
32;16;10;5;1;88;1509987156;88;255;1509987166;0
32;16;10;5;1;88;1509987857;88;255;1509987867;0
32;16;10;5;1;88;1509987920;88;255;1509987930;0
32;16;10;5;1;88;1509987982;88;255;1509987992;0
32;16;10;5;1;88;1509988096;88;255;1509988106;0
32;16;10;5;1;88;1509988799;88;255;1509988809;0
32;16;10;5;1;88;1509988861;88;255;1509988871;0
32;16;10;5;1;88;1509988924;88;255;1509988934;0
32;16;10;5;1;88;1509989039;88;255;1509989049;0
32;16;10;5;1;88;1509989740;88;255;1509989750;0
32;16;10;5;1;88;1509989804;88;255;1509989813;0
32;16;10;5;1;88;1509989867;88;255;1509989877;0
32;16;10;5;1;88;1509989981;88;255;1509989991;0
32;16;10;5;1;88;1509990683;88;255;1509990692;0
32;16;10;5;1;88;1509990746;88;255;1509990756;0
32;16;10;5;1;88;1509990808;88;255;1509990818;0
32;16;10;5;1;88;1509990923;88;255;1509990933;0
32;16;10;5;1;88;1509991625;88;255;1509991635;1
32;16;10;5;1;88;1509991687;88;255;1509991696;0
32;16;10;5;1;88;1509991747;88;255;1509991757;0
32;16;10;5;1;88;1509991865;88;255;1509991875;0
32;16;10;5;1;88;1509992568;88;255;1509992578;0
32;16;10;5;1;88;1509992627;88;255;1509992637;0
32;16;10;5;1;88;1509992688;88;255;1509992698;0
32;16;10;5;1;88;1509992806;88;255;1509992816;0
32;16;10;5;1;88;1509993508;88;255;1509993518;0
32;16;10;5;1;88;1509993569;88;255;1509993579;0
32;16;10;5;1;88;1509993629;88;255;1509993639;0
32;16;10;5;1;88;1509993748;88;255;1509993758;1
32;16;10;5;1;88;1509994449;88;255;1509994459;0
32;16;10;5;1;88;1509994509;88;255;1509994519;0
32;16;10;5;1;88;1509994571;88;255;1509994580;0
32;16;10;5;1;88;1509994690;88;255;1509994700;0
32;16;10;5;1;88;1509995393;88;255;1509995403;0
32;16;10;5;1;88;1509995452;88;255;1509995461;0
32;16;10;5;1;88;1509995520;88;255;1509995530;0
32;16;10;5;1;88;1509995633;88;255;1509995643;0
32;16;10;5;1;88;1509996340;88;255;1509996350;0
32;16;10;5;1;88;1509996394;88;255;1509996404;0
32;16;10;5;1;88;1509996470;88;255;1509996480;0
32;16;10;5;1;88;1509996572;88;255;1509996582;0
32;16;10;5;1;88;1509997281;88;255;1509997291;0
32;16;10;5;1;88;1509997336;88;255;1509997346;0
32;16;10;5;1;88;1509997411;88;255;1509997421;0
32;16;10;5;1;88;1509997513;88;255;1509997523;0
32;16;10;5;1;88;1509998222;88;255;1509998232;0
32;16;10;5;1;88;1509998279;88;255;1509998288;0
32;16;10;5;1;88;1509998352;88;255;1509998361;0
32;16;10;5;1;88;1509998455;88;255;1509998464;0
32;16;10;5;1;88;1509999165;88;255;1509999175;0
32;16;10;5;1;88;1509999219;88;255;1509999229;0
32;16;10;5;1;88;1509999291;88;255;1509999301;0
32;16;10;5;1;88;1509999395;88;255;1509999405;0
32;16;10;5;1;88;1510000108;88;255;1510000118;0
32;16;10;5;1;88;1510000162;88;255;1510000172;0
32;16;10;5;1;88;1510000232;88;255;1510000242;0
32;16;10;5;1;88;1510000335;88;255;1510000344;0
32;16;10;5;1;88;1510001051;88;255;1510001061;0
32;16;10;5;1;88;1510001105;88;255;1510001115;0
32;16;10;5;1;88;1510001173;88;255;1510001182;0
32;16;10;5;1;88;1510001276;88;255;1510001286;0
32;16;10;5;1;88;1510001992;88;255;1510002002;0
32;16;10;5;1;88;1510002049;88;255;1510002058;0
32;16;10;5;1;88;1510002113;88;255;1510002123;0
32;16;10;5;1;88;1510002216;88;255;1510002226;0
32;16;10;5;1;88;1510002933;88;255;1510002943;0
32;16;10;5;1;88;1510002993;88;255;1510003003;0
32;16;10;5;1;88;1510003056;88;255;1510003066;0
32;16;10;5;1;88;1510003155;88;255;1510003165;0
32;16;10;5;1;88;1510003874;88;255;1510003883;0
32;16;10;5;1;88;1510003932;88;255;1510003942;0
32;16;10;5;1;88;1510003999;88;255;1510004009;0
32;16;10;5;1;88;1510004099;88;255;1510004109;0
32;16;10;5;1;88;1510004815;88;255;1510004825;0
32;16;10;5;1;88;1510004873;88;255;1510004883;0
32;16;10;5;1;88;1510004941;88;255;1510004951;0
32;16;10;5;1;88;1510005041;88;255;1510005051;0
32;16;10;5;1;88;1510005756;88;255;1510005766;0
32;16;10;5;1;88;1510005815;88;255;1510005824;0
32;16;10;5;1;88;1510005885;88;255;1510005895;0
32;16;10;5;1;88;1510005981;88;255;1510005990;0
32;16;10;5;1;88;1510006696;88;255;1510006705;0
32;16;10;5;1;88;1510006754;88;255;1510006764;0
32;16;10;5;1;88;1510006830;88;255;1510006840;0
32;16;10;5;1;88;1510006921;88;255;1510006931;0
32;16;10;5;1;88;1510007635;88;255;1510007645;0
32;16;10;5;1;88;1510007694;88;255;1510007704;0
32;16;10;5;1;88;1510007773;88;255;1510007783;0
32;16;10;5;1;88;1510007864;88;255;1510007874;0
32;16;10;5;1;88;1510008577;88;255;1510008587;0
32;16;10;5;1;88;1510008633;88;255;1510008643;0
32;16;10;5;1;88;1510008714;88;255;1510008724;0
32;16;10;5;1;88;1510008806;88;255;1510008816;0
32;16;10;5;1;88;1510009519;88;255;1510009529;0
32;16;10;5;1;88;1510009575;88;255;1510009585;0
32;16;10;5;1;88;1510009656;88;255;1510009665;1
32;16;10;5;1;88;1510009748;88;255;1510009758;0
32;16;10;5;1;88;1510010460;88;255;1510010469;0
32;16;10;5;1;88;1510010516;88;255;1510010526;0
32;16;10;5;1;88;1510010597;88;255;1510010607;0
32;16;10;5;1;88;1510010692;88;255;1510010702;0
32;16;10;5;1;88;1510011399;88;255;1510011409;0
32;16;10;5;1;88;1510011460;88;255;1510011470;0
32;16;10;5;1;88;1510011539;88;255;1510011549;0
32;16;10;5;1;88;1510011633;88;255;1510011643;0
32;16;10;5;1;88;1510012341;88;255;1510012351;0
32;16;10;5;1;88;1510012403;88;255;1510012413;0
32;16;10;5;1;88;1510012479;88;255;1510012489;0
32;16;10;5;1;88;1510012572;88;255;1510012582;0
32;16;10;5;1;88;1510013283;88;255;1510013293;0
32;16;10;5;1;88;1510013346;88;255;1510013356;0
32;16;10;5;1;88;1510013420;88;255;1510013430;0
32;16;10;5;1;88;1510013515;88;255;1510013525;0
32;16;10;5;1;88;1510014225;88;255;1510014235;0
32;16;10;5;1;88;1510014288;88;255;1510014298;0
32;16;10;5;1;88;1510014360;88;255;1510014370;0
32;16;10;5;1;88;1510014456;88;255;1510014466;0
32;16;10;5;1;88;1510015166;88;255;1510015176;0
32;16;10;5;1;88;1510015229;88;255;1510015239;0
32;16;10;5;1;88;1510015301;88;255;1510015311;0
32;16;10;5;1;88;1510015398;88;255;1510015408;0
32;16;10;5;1;88;1510016108;88;255;1510016118;0
32;16;10;5;1;88;1510016170;88;255;1510016180;0
32;16;10;5;1;88;1510016243;88;255;1510016253;0
32;16;10;5;1;88;1510016339;88;255;1510016349;0
32;16;10;5;1;88;1510017049;88;255;1510017059;0
32;16;10;5;1;88;1510017114;88;255;1510017124;0
32;16;10;5;1;88;1510017183;88;255;1510017193;0
32;16;10;5;1;88;1510017280;88;255;1510017290;0
32;16;10;5;1;88;1510017989;88;255;1510017999;0
32;16;10;5;1;88;1510018055;88;255;1510018065;0
32;16;10;5;1;88;1510018125;88;255;1510018135;0
32;16;10;5;1;88;1510018223;88;255;1510018233;0
32;16;10;5;1;88;1510018929;88;255;1510018939;0
32;16;10;5;1;88;1510019000;88;255;1510019010;0
32;16;10;5;1;88;1510019065;88;255;1510019075;0
32;16;10;5;1;88;1510019164;88;255;1510019174;0
32;16;10;5;1;88;1510019872;88;255;1510019881;0
32;16;10;5;1;88;1510019944;88;255;1510019954;0
32;16;10;5;1;88;1510020005;88;255;1510020015;0
32;16;10;5;1;88;1510020104;88;255;1510020114;0
32;16;10;5;1;88;1510020813;88;255;1510020823;0
32;16;10;5;1;88;1510020886;88;255;1510020896;0
32;16;10;5;1;88;1510020947;88;255;1510020957;0
32;16;10;5;1;88;1510021045;88;255;1510021055;0
32;16;10;5;1;88;1510021753;88;255;1510021763;0
32;16;10;5;1;88;1510021826;88;255;1510021836;0
32;16;10;5;1;88;1510021888;88;255;1510021898;0
32;16;10;5;1;88;1510021987;88;255;1510021997;0
32;16;10;5;1;88;1510022693;88;255;1510022702;0
32;16;10;5;1;88;1510022767;88;255;1510022776;0
32;16;10;5;1;88;1510022832;88;255;1510022842;1
32;16;10;5;1;88;1510022928;88;255;1510022937;0
32;16;10;5;1;88;1510023636;88;255;1510023646;0
32;16;10;5;1;88;1510023708;88;255;1510023718;0
32;16;10;5;1;88;1510023775;88;255;1510023785;0
32;16;10;5;1;88;1510023868;88;255;1510023878;0
32;16;10;5;1;88;1510024578;88;255;1510024588;0
32;16;10;5;1;88;1510024649;88;255;1510024659;0
32;16;10;5;1;88;1510024716;88;255;1510024726;0
32;16;10;5;1;88;1510024810;88;255;1510024820;0
32;16;10;5;1;88;1510025522;88;255;1510025532;0
32;16;10;5;1;88;1510025589;88;255;1510025599;0
32;16;10;5;1;88;1510025658;88;255;1510025668;0
32;16;10;5;1;88;1510025749;88;255;1510025759;1
32;16;10;5;1;88;1510026464;88;255;1510026473;0
32;16;10;5;1;88;1510026530;88;255;1510026540;0
32;16;10;5;1;88;1510026600;88;255;1510026610;0
32;16;10;5;1;88;1510026691;88;255;1510026701;0
32;16;10;5;1;88;1510027405;88;255;1510027415;0
32;16;10;5;1;88;1510027470;88;255;1510027480;0
32;16;10;5;1;88;1510027542;88;255;1510027552;0
32;16;10;5;1;88;1510027632;88;255;1510027642;0
32;16;10;5;1;88;1510028348;88;255;1510028358;0
32;16;10;5;1;88;1510028413;88;255;1510028423;0
32;16;10;5;1;88;1510028484;88;255;1510028494;0
32;16;10;5;1;88;1510028571;88;255;1510028581;0
32;16;10;5;1;88;1510029290;88;255;1510029300;0
32;16;10;5;1;88;1510029355;88;255;1510029365;0
32;16;10;5;1;88;1510029424;88;255;1510029434;0
32;16;10;5;1;88;1510029512;88;255;1510029522;0
32;16;10;5;1;88;1510030229;88;255;1510030239;0
32;16;10;5;1;88;1510030298;88;255;1510030308;0
32;16;10;5;1;88;1510030370;88;255;1510030380;0
32;16;10;5;1;88;1510030452;88;255;1510030462;0
32;16;10;5;1;88;1510031172;88;255;1510031182;0
32;16;10;5;1;88;1510031239;88;255;1510031249;0
32;16;10;5;1;88;1510031312;88;255;1510031322;0
32;16;10;5;1;88;1510031394;88;255;1510031404;0
32;16;10;5;1;88;1510032112;88;255;1510032122;0
32;16;10;5;1;88;1510032179;88;255;1510032189;0
32;16;10;5;1;88;1510032256;88;255;1510032266;0
32;16;10;5;1;88;1510032336;88;255;1510032346;0
32;16;10;5;1;88;1510033053;88;255;1510033063;0
32;16;10;5;1;88;1510033120;88;255;1510033130;0
32;16;10;5;1;88;1510033198;88;255;1510033208;0
32;16;10;5;1;88;1510033276;88;255;1510033286;0
32;16;10;5;1;88;1510033997;88;255;1510034006;0
32;16;10;5;1;88;1510034061;88;255;1510034071;0
32;16;10;5;1;88;1510034139;88;255;1510034148;0
32;16;10;5;1;88;1510034217;88;255;1510034226;0
32;16;10;5;1;88;1510034938;88;255;1510034947;0
32;16;10;5;1;88;1510035003;88;255;1510035013;0
32;16;10;5;1;88;1510035079;88;255;1510035088;0
32;16;10;5;1;88;1510035159;88;255;1510035169;0
32;16;10;5;1;88;1510035880;88;255;1510035890;0
32;16;10;5;1;88;1510035945;88;255;1510035955;0
32;16;10;5;1;88;1510036021;88;255;1510036031;1
32;16;10;5;1;88;1510036097;88;255;1510036107;0
32;16;10;5;1;88;1510036821;88;255;1510036831;0
32;16;10;5;1;88;1510036889;88;255;1510036898;0
32;16;10;5;1;88;1510036962;88;255;1510036972;0
32;16;10;5;1;88;1510037038;88;255;1510037048;0
32;16;10;5;1;88;1510037764;88;255;1510037774;0
32;16;10;5;1;88;1510037831;88;255;1510037840;0
32;16;10;5;1;88;1510037902;88;255;1510037912;0
32;16;10;5;1;88;1510037979;88;255;1510037989;0
32;16;10;5;1;88;1510038705;88;255;1510038715;0
32;16;10;5;1;88;1510038773;88;255;1510038782;0
32;16;10;5;1;88;1510038843;88;255;1510038852;0
32;16;10;5;1;88;1510038921;88;255;1510038930;0
32;16;10;5;1;88;1510039647;88;255;1510039657;0
32;16;10;5;1;88;1510039713;88;255;1510039723;0
32;16;10;5;1;88;1510039786;88;255;1510039796;0
32;16;10;5;1;88;1510039861;88;255;1510039871;0
32;16;10;5;1;88;1510040588;88;255;1510040597;0
32;16;10;5;1;88;1510040654;88;255;1510040664;0
32;16;10;5;1;88;1510040729;88;255;1510040739;0
32;16;10;5;1;88;1510040801;88;255;1510040811;0
32;16;10;5;1;88;1510041529;88;255;1510041538;0
32;16;10;5;1;88;1510041597;88;255;1510041607;0
32;16;10;5;1;88;1510041672;88;255;1510041682;0
32;16;10;5;1;88;1510041742;88;255;1510041751;0
32;16;10;5;1;88;1510042471;88;255;1510042481;0
32;16;10;5;1;88;1510042537;88;255;1510042547;0
32;16;10;5;1;88;1510042615;88;255;1510042624;0
32;16;10;5;1;88;1510042684;88;255;1510042693;1
32;16;10;5;1;88;1510043411;88;255;1510043420;0
32;16;10;5;1;88;1510043481;88;255;1510043491;0
32;16;10;5;1;88;1510043554;88;255;1510043564;0
32;16;10;5;1;88;1510043627;88;255;1510043637;0
32;16;10;5;1;88;1510044352;88;255;1510044362;0
32;16;10;5;1;88;1510044426;88;255;1510044436;0
32;16;10;5;1;88;1510044497;88;255;1510044507;0
32;16;10;5;1;88;1510044573;88;255;1510044583;0
32;16;10;5;1;88;1510045341;88;255;1510045351;0
32;16;10;5;1;88;1510045412;88;255;1510045422;0
32;16;10;5;1;88;1510045488;88;255;1510045498;0
32;16;10;5;1;88;1510045569;88;255;1510045579;0
32;16;10;5;1;88;1510046356;88;255;1510046367;0
32;16;10;5;1;88;1510046438;88;255;1510046449;0
32;16;10;5;1;88;1510046515;88;255;1510046525;0
32;16;10;5;1;88;1510046577;88;255;1510046587;0
32;16;10;5;1;88;1510047323;88;255;1510047333;0
32;16;10;5;1;88;1510047340;88;255;1510047350;0
32;16;10;5;1;88;1510047343;88;255;1510047354;0
32;16;10;5;1;88;1510047343;88;255;1510047354;0
32;16;10;5;1;88;1510048303;88;255;1510048314;0
32;16;10;5;1;88;1510048319;88;255;1510048330;0
32;16;10;5;1;88;1510048322;88;255;1510048332;0
32;16;10;5;1;88;1510048330;88;255;1510048340;0
32;16;10;5;1;88;1510049315;88;255;1510049328;0
32;16;10;5;1;88;1510049317;88;255;1510049330;0
32;16;10;5;1;88;1510049323;88;255;1510049337;0
32;16;10;5;1;88;1510049344;88;255;1510049356;0
32;16;10;5;1;88;1510050299;88;255;1510050309;0
32;16;10;5;1;88;1510050305;88;255;1510050316;0
32;16;10;5;1;88;1510050322;88;255;1510050332;0
32;16;10;5;1;88;1510051258;88;255;1510051268;0
32;16;10;5;1;88;1510051263;88;255;1510051273;0
32;16;10;5;1;88;1510051281;88;255;1510051291;0
32;16;10;5;1;88;1510052214;88;255;1510052224;0
32;16;10;5;1;88;1510052220;88;255;1510052230;0
32;16;10;5;1;88;1510052238;88;255;1510052249;0
32;16;10;5;1;88;1510053172;88;255;1510053182;0
32;16;10;5;1;88;1510053178;88;255;1510053188;0
32;16;10;5;1;88;1510053196;88;255;1510053206;0
32;16;10;5;1;88;1510054129;88;255;1510054139;0
32;16;10;5;1;88;1510054136;88;255;1510054146;0
32;16;10;5;1;88;1510054154;88;255;1510054164;0
32;16;10;5;1;88;1510055088;88;255;1510055098;0
32;16;10;5;1;88;1510055097;88;255;1510055107;0
32;16;10;5;1;88;1510055117;88;255;1510055127;0
32;16;10;5;1;88;1510056059;88;255;1510056069;0
32;16;10;5;1;88;1510056075;88;255;1510056085;0
32;16;10;5;1;88;1510056093;88;255;1510056104;0
32;16;10;5;1;88;1510057014;88;255;1510057024;0
32;16;10;5;1;88;1510057035;88;255;1510057046;0
32;16;10;5;1;88;1510057063;88;255;1510057073;0
32;16;10;5;1;88;1510057958;88;255;1510057968;0
32;16;10;5;1;88;1510057979;88;255;1510057989;0
32;16;10;5;1;88;1510058007;88;255;1510058016;0
32;16;10;5;1;88;1510058898;88;255;1510058908;0
32;16;10;5;1;88;1510058920;88;255;1510058930;0
32;16;10;5;1;88;1510058946;88;255;1510058956;0
32;16;10;5;1;88;1510059839;88;255;1510059849;0
32;16;10;5;1;88;1510059860;88;255;1510059870;0
32;16;10;5;1;88;1510059888;88;255;1510059898;0
32;16;10;5;1;88;1510060798;88;255;1510060808;0
32;16;10;5;1;88;1510060818;88;255;1510060828;0
32;16;10;5;1;88;1510060853;88;255;1510060863;0
32;16;10;5;1;88;1510061777;88;255;1510061788;0
32;16;10;5;1;88;1510061787;88;255;1510061797;0
32;16;10;5;1;88;1510061822;88;255;1510061833;0
32;16;10;5;1;88;1510062756;88;255;1510062766;0
32;16;10;5;1;88;1510062761;88;255;1510062771;0
32;16;10;5;1;88;1510062804;88;255;1510062814;0
32;16;10;5;1;88;1510063709;88;255;1510063719;1
32;16;10;5;1;88;1510063711;88;255;1510063721;0
32;16;10;5;1;88;1510063756;88;255;1510063766;0
32;16;10;5;1;88;1510064674;88;255;1510064684;0
32;16;10;5;1;88;1510064675;88;255;1510064685;0
32;16;10;5;1;88;1510064724;88;255;1510064734;0
32;16;10;5;1;88;1510065636;88;255;1510065646;0
32;16;10;5;1;88;1510065638;88;255;1510065648;0
32;16;10;5;1;88;1510065687;88;255;1510065697;0
32;16;10;5;1;88;1510066597;88;255;1510066607;0
32;16;10;5;1;88;1510066599;88;255;1510066609;0
32;16;10;5;1;88;1510066651;88;255;1510066662;0
32;16;10;5;1;88;1510067560;88;255;1510067570;0
32;16;10;5;1;88;1510067561;88;255;1510067571;0
32;16;10;5;1;88;1510067616;88;255;1510067626;0
32;16;10;5;1;88;1510068511;88;255;1510068521;0
32;16;10;5;1;88;1510068513;88;255;1510068523;0
32;16;10;5;1;88;1510068566;88;255;1510068576;0
32;16;10;5;1;88;1510069465;88;255;1510069476;0
32;16;10;5;1;88;1510069476;88;255;1510069486;0
32;16;10;5;1;88;1510069524;88;255;1510069534;0
32;16;10;5;1;88;1510070430;88;255;1510070440;0
32;16;10;5;1;88;1510070444;88;255;1510070454;0
32;16;10;5;1;88;1510070491;88;255;1510070501;0
32;16;10;5;1;88;1510071396;88;255;1510071406;0
32;16;10;5;1;88;1510071407;88;255;1510071417;0
32;16;10;5;1;88;1510071454;88;255;1510071464;0
32;16;10;5;1;88;1510072363;88;255;1510072373;0
32;16;10;5;1;88;1510072369;88;255;1510072378;0
32;16;10;5;1;88;1510072409;88;255;1510072419;0
32;16;10;5;1;88;1510073307;88;255;1510073317;0
32;16;10;5;1;88;1510073313;88;255;1510073323;0
32;16;10;5;1;88;1510073354;88;255;1510073364;0
32;16;10;5;1;88;1510074250;88;255;1510074260;0
32;16;10;5;1;88;1510074256;88;255;1510074266;0
32;16;10;5;1;88;1510074297;88;255;1510074307;0
32;16;10;5;1;88;1510075193;88;255;1510075203;0
32;16;10;5;1;88;1510075199;88;255;1510075209;0
32;16;10;5;1;88;1510075240;88;255;1510075250;0
32;16;10;5;1;88;1510076004;88;255;1510076014;0
32;16;10;5;1;88;1510076176;88;255;1510076186;0
32;16;10;5;1;88;1510076182;88;255;1510076192;0
32;16;10;5;1;88;1510076222;88;255;1510076232;0
32;16;10;5;1;88;1510076946;88;255;1510076956;0
32;16;10;5;1;88;1510077116;88;255;1510077126;0
32;16;10;5;1;88;1510077122;88;255;1510077132;0
32;16;10;5;1;88;1510077162;88;255;1510077172;0
32;16;10;5;1;88;1510077885;88;255;1510077894;0
32;16;10;5;1;88;1510078054;88;255;1510078064;0
32;16;10;5;1;88;1510078062;88;255;1510078072;0
32;16;10;5;1;88;1510078103;88;255;1510078113;0
32;16;10;5;1;88;1510078824;88;255;1510078833;0
32;16;10;5;1;88;1510078995;88;255;1510079004;0
32;16;10;5;1;88;1510079002;88;255;1510079012;0
32;16;10;5;1;88;1510079042;88;255;1510079052;0
32;16;10;5;1;88;1510079764;88;255;1510079774;0
32;16;10;5;1;88;1510079933;88;255;1510079943;0
32;16;10;5;1;88;1510079941;88;255;1510079951;0
32;16;10;5;1;88;1510079983;88;255;1510079993;0
32;16;10;5;1;88;1510080705;88;255;1510080715;0
32;16;10;5;1;88;1510080873;88;255;1510080883;0
32;16;10;5;1;88;1510080880;88;255;1510080890;0
32;16;10;5;1;88;1510080924;88;255;1510080934;0
32;16;10;5;1;88;1510081645;88;255;1510081655;0
32;16;10;5;1;88;1510081813;88;255;1510081823;0
32;16;10;5;1;88;1510081819;88;255;1510081829;0
32;16;10;5;1;88;1510081864;88;255;1510081874;0
32;16;10;5;1;88;1510082583;88;255;1510082593;0
32;16;10;5;1;88;1510082753;88;255;1510082763;0
32;16;10;5;1;88;1510082760;88;255;1510082769;0
32;16;10;5;1;88;1510082804;88;255;1510082814;0
32;16;10;5;1;88;1510083522;88;255;1510083532;0
32;16;10;5;1;88;1510083692;88;255;1510083702;0
32;16;10;5;1;88;1510083703;88;255;1510083713;0
32;16;10;5;1;88;1510083743;88;255;1510083753;0
32;16;10;5;1;88;1510084461;88;255;1510084471;0
32;16;10;5;1;88;1510084632;88;255;1510084641;0
32;16;10;5;1;88;1510084644;88;255;1510084654;0
32;16;10;5;1;88;1510084683;88;255;1510084693;0
32;16;10;5;1;88;1510085400;88;255;1510085410;0
32;16;10;5;1;88;1510085573;88;255;1510085582;0
32;16;10;5;1;88;1510085585;88;255;1510085595;0
32;16;10;5;1;88;1510085624;88;255;1510085633;0
32;16;10;5;1;88;1510086338;88;255;1510086348;0
32;16;10;5;1;88;1510086514;88;255;1510086523;0
32;16;10;5;1;88;1510086527;88;255;1510086537;0
32;16;10;5;1;88;1510086564;88;255;1510086574;0
32;16;10;5;1;88;1510087279;88;255;1510087289;0
32;16;10;5;1;88;1510087455;88;255;1510087464;0
32;16;10;5;1;88;1510087467;88;255;1510087477;0
32;16;10;5;1;88;1510087503;88;255;1510087512;0
32;16;10;5;1;88;1510088218;88;255;1510088228;0
32;16;10;5;1;88;1510088395;88;255;1510088405;0
32;16;10;5;1;88;1510088406;88;255;1510088416;0
32;16;10;5;1;88;1510088442;88;255;1510088451;0
32;16;10;5;1;88;1510089158;88;255;1510089168;0
32;16;10;5;1;88;1510089334;88;255;1510089344;0
32;16;10;5;1;88;1510089347;88;255;1510089357;0
32;16;10;5;1;88;1510089381;88;255;1510089391;0
32;16;10;5;1;88;1510090097;88;255;1510090106;0
32;16;10;5;1;88;1510090274;88;255;1510090283;0
32;16;10;5;1;88;1510090288;88;255;1510090297;0
32;16;10;5;1;88;1510090326;88;255;1510090335;0
32;16;10;5;1;88;1510091037;88;255;1510091046;0
32;16;10;5;1;88;1510091214;88;255;1510091223;0
32;16;10;5;1;88;1510091228;88;255;1510091237;1
32;16;10;5;1;88;1510091267;88;255;1510091277;0
32;16;10;5;1;88;1510091975;88;255;1510091985;0
32;16;10;5;1;88;1510092154;88;255;1510092164;0
32;16;10;5;1;88;1510092168;88;255;1510092178;0
32;16;10;5;1;88;1510092207;88;255;1510092216;0
32;16;10;5;1;88;1510092915;88;255;1510092925;0
32;16;10;5;1;88;1510093093;88;255;1510093103;0
32;16;10;5;1;88;1510093110;88;255;1510093120;0
32;16;10;5;1;88;1510093147;88;255;1510093157;0
32;16;10;5;1;88;1510093854;88;255;1510093864;0
32;16;10;5;1;88;1510094033;88;255;1510094042;0
32;16;10;5;1;88;1510094048;88;255;1510094058;0
32;16;10;5;1;88;1510094090;88;255;1510094100;0
32;16;10;5;1;88;1510094795;88;255;1510094805;0
32;16;10;5;1;88;1510094972;88;255;1510094982;0
32;16;10;5;1;88;1510094987;88;255;1510094997;0
32;16;10;5;1;88;1510095029;88;255;1510095039;0
32;16;10;5;1;88;1510095738;88;255;1510095748;0
32;16;10;5;1;88;1510095912;88;255;1510095922;0
32;16;10;5;1;88;1510095926;88;255;1510095935;0
32;16;10;5;1;88;1510095970;88;255;1510095979;0
32;16;10;5;1;88;1510096681;88;255;1510096691;0
32;16;10;5;1;88;1510096850;88;255;1510096860;0
32;16;10;5;1;88;1510096866;88;255;1510096876;0
32;16;10;5;1;88;1510096910;88;255;1510096920;0
32;16;10;5;1;88;1510097619;88;255;1510097629;0
32;16;10;5;1;88;1510097792;88;255;1510097801;0
32;16;10;5;1;88;1510097804;88;255;1510097814;0
32;16;10;5;1;88;1510097852;88;255;1510097861;0
32;16;10;5;1;88;1510098560;88;255;1510098569;0
32;16;10;5;1;88;1510098733;88;255;1510098743;0
32;16;10;5;1;88;1510098742;88;255;1510098752;0
32;16;10;5;1;88;1510098791;88;255;1510098801;0
32;16;10;5;1;88;1510099499;88;255;1510099509;0
32;16;10;5;1;88;1510099675;88;255;1510099684;0
32;16;10;5;1;88;1510099680;88;255;1510099690;0
32;16;10;5;1;88;1510099732;88;255;1510099742;0
32;16;10;5;1;88;1510100440;88;255;1510100450;0
32;16;10;5;1;88;1510100614;88;255;1510100624;0
32;16;10;5;1;88;1510100620;88;255;1510100629;0
32;16;10;5;1;88;1510100672;88;255;1510100682;0
32;16;10;5;1;88;1510101380;88;255;1510101390;0
32;16;10;5;1;88;1510101553;88;255;1510101563;0
32;16;10;5;1;88;1510101562;88;255;1510101572;0
32;16;10;5;1;88;1510101611;88;255;1510101621;0
32;16;10;5;1;88;1510102321;88;255;1510102331;0
32;16;10;5;1;88;1510102492;88;255;1510102502;0
32;16;10;5;1;88;1510102500;88;255;1510102510;0
32;16;10;5;1;88;1510102554;88;255;1510102563;0
32;16;10;5;1;88;1510103259;88;255;1510103269;0
32;16;10;5;1;88;1510103432;88;255;1510103442;0
32;16;10;5;1;88;1510103441;88;255;1510103451;0
32;16;10;5;1;88;1510103495;88;255;1510103505;0
32;16;10;5;1;88;1510104197;88;255;1510104207;0
32;16;10;5;1;88;1510104371;88;255;1510104381;0
32;16;10;5;1;88;1510104382;88;255;1510104392;0
32;16;10;5;1;88;1510104434;88;255;1510104444;0
32;16;10;5;1;88;1510105136;88;255;1510105146;0
32;16;10;5;1;88;1510105310;88;255;1510105319;0
32;16;10;5;1;88;1510105323;88;255;1510105333;0
32;16;10;5;1;88;1510105374;88;255;1510105384;0
32;16;10;5;1;88;1510106079;88;255;1510106088;0
32;16;10;5;1;88;1510106250;88;255;1510106260;0
32;16;10;5;1;88;1510106262;88;255;1510106272;0
32;16;10;5;1;88;1510106313;88;255;1510106323;0
32;16;10;5;1;88;1510107016;88;255;1510107026;0
32;16;10;5;1;88;1510107194;88;255;1510107204;0
32;16;10;5;1;88;1510107202;88;255;1510107212;0
32;16;10;5;1;88;1510107254;88;255;1510107264;0
32;16;10;5;1;88;1510107956;88;255;1510107966;0
32;16;10;5;1;88;1510108135;88;255;1510108145;0
32;16;10;5;1;88;1510108141;88;255;1510108151;0
32;16;10;5;1;88;1510108195;88;255;1510108205;0
32;16;10;5;1;88;1510108895;88;255;1510108905;0
32;16;10;5;1;88;1510109075;88;255;1510109084;0
32;16;10;5;1;88;1510109082;88;255;1510109091;0
32;16;10;5;1;88;1510109136;88;255;1510109145;0
32;16;10;5;1;88;1510109834;88;255;1510109844;0
32;16;10;5;1;88;1510110016;88;255;1510110026;0
32;16;10;5;1;88;1510110022;88;255;1510110032;0
32;16;10;5;1;88;1510110077;88;255;1510110087;0
32;16;10;5;1;88;1510110774;88;255;1510110784;0
32;16;10;5;1;88;1510110956;88;255;1510110966;0
32;16;10;5;1;88;1510110963;88;255;1510110973;0
32;16;10;5;1;88;1510111016;88;255;1510111026;0
32;16;10;5;1;88;1510111714;88;255;1510111724;0
32;16;10;5;1;88;1510111896;88;255;1510111906;0
32;16;10;5;1;88;1510111903;88;255;1510111913;0
32;16;10;5;1;88;1510111955;88;255;1510111965;0
32;16;10;5;1;88;1510112652;88;255;1510112661;0
32;16;10;5;1;88;1510112840;88;255;1510112850;0
32;16;10;5;1;88;1510112843;88;255;1510112852;0
32;16;10;5;1;88;1510112896;88;255;1510112906;0
32;16;10;5;1;88;1510113589;88;255;1510113599;0
32;16;10;5;1;88;1510113781;88;255;1510113791;0
32;16;10;5;1;88;1510113783;88;255;1510113793;0
32;16;10;5;1;88;1510113835;88;255;1510113845;0
32;16;10;5;1;88;1510114528;88;255;1510114538;0
32;16;10;5;1;88;1510114721;88;255;1510114731;0
32;16;10;5;1;88;1510114724;88;255;1510114734;0
32;16;10;5;1;88;1510114775;88;255;1510114785;0
32;16;10;5;1;88;1510115469;88;255;1510115478;0
32;16;10;5;1;88;1510115661;88;255;1510115671;0
32;16;10;5;1;88;1510115664;88;255;1510115674;0
32;16;10;5;1;88;1510115714;88;255;1510115724;0
32;16;10;5;1;88;1510116410;88;255;1510116420;0
32;16;10;5;1;88;1510116600;88;255;1510116610;0
32;16;10;5;1;88;1510116603;88;255;1510116613;0
32;16;10;5;1;88;1510116653;88;255;1510116663;0
32;16;10;5;1;88;1510117350;88;255;1510117360;0
32;16;10;5;1;88;1510117540;88;255;1510117549;0
32;16;10;5;1;88;1510117544;88;255;1510117554;0
32;16;10;5;1;88;1510117593;88;255;1510117602;0
32;16;10;5;1;88;1510118291;88;255;1510118301;0
32;16;10;5;1;88;1510118479;88;255;1510118489;0
32;16;10;5;1;88;1510118487;88;255;1510118496;0
32;16;10;5;1;88;1510118533;88;255;1510118542;0
32;16;10;5;1;88;1510119234;88;255;1510119244;0
32;16;10;5;1;88;1510119418;88;255;1510119428;0
32;16;10;5;1;88;1510119426;88;255;1510119436;0
32;16;10;5;1;88;1510119471;88;255;1510119481;0
32;16;10;5;1;88;1510120178;88;255;1510120187;0
32;16;10;5;1;88;1510120357;88;255;1510120366;0
32;16;10;5;1;88;1510120365;88;255;1510120375;0
32;16;10;5;1;88;1510120411;88;255;1510120420;0
32;16;10;5;1;88;1510121118;88;255;1510121127;0
32;16;10;5;1;88;1510121297;88;255;1510121307;0
32;16;10;5;1;88;1510121306;88;255;1510121315;0
32;16;10;5;1;88;1510121349;88;255;1510121359;0
32;16;10;5;1;88;1510122059;88;255;1510122069;0
32;16;10;5;1;88;1510122237;88;255;1510122247;0
32;16;10;5;1;88;1510122246;88;255;1510122255;0
32;16;10;5;1;88;1510122289;88;255;1510122299;0
32;16;10;5;1;88;1510123000;88;255;1510123009;0
32;16;10;5;1;88;1510123178;88;255;1510123187;0
32;16;10;5;1;88;1510123187;88;255;1510123196;0
32;16;10;5;1;88;1510123232;88;255;1510123242;0
32;16;10;5;1;88;1510123940;88;255;1510123950;0
32;16;10;5;1;88;1510124117;88;255;1510124126;0
32;16;10;5;1;88;1510124127;88;255;1510124137;0
32;16;10;5;1;88;1510124172;88;255;1510124181;0
32;16;10;5;1;88;1510124880;88;255;1510124890;0
32;16;10;5;1;88;1510125056;88;255;1510125066;0
32;16;10;5;1;88;1510125067;88;255;1510125077;0
32;16;10;5;1;88;1510125111;88;255;1510125121;0
32;16;10;5;1;88;1510125819;88;255;1510125829;0
32;16;10;5;1;88;1510125997;88;255;1510126007;0
32;16;10;5;1;88;1510126007;88;255;1510126017;0
32;16;10;5;1;88;1510126052;88;255;1510126062;0
32;16;10;5;1;88;1510126758;88;255;1510126768;0
32;16;10;5;1;88;1510126936;88;255;1510126946;0
32;16;10;5;1;88;1510126946;88;255;1510126956;0
32;16;10;5;1;88;1510126992;88;255;1510127002;0
32;16;10;5;1;88;1510127698;88;255;1510127708;0
32;16;10;5;1;88;1510127875;88;255;1510127885;0
32;16;10;5;1;88;1510127885;88;255;1510127895;0
32;16;10;5;1;88;1510127935;88;255;1510127945;0
32;16;10;5;1;88;1510128637;88;255;1510128647;0
32;16;10;5;1;88;1510128815;88;255;1510128825;0
32;16;10;5;1;88;1510128825;88;255;1510128835;0
32;16;10;5;1;88;1510128874;88;255;1510128884;0
32;16;10;5;1;88;1510129576;88;255;1510129586;0
32;16;10;5;1;88;1510129760;88;255;1510129770;0
32;16;10;5;1;88;1510129768;88;255;1510129778;0
32;16;10;5;1;88;1510129814;88;255;1510129824;0
32;16;10;5;1;88;1510130572;88;255;1510130582;0
32;16;10;5;1;88;1510130775;88;255;1510130786;0
32;16;10;5;1;88;1510130778;88;255;1510130790;0
32;16;10;5;1;88;1510130826;88;255;1510130837;0
32;16;10;5;1;88;1510131574;88;255;1510131584;0
32;16;10;5;1;88;1510131772;88;255;1510131781;0
32;16;10;5;1;88;1510131782;88;255;1510131792;0
32;16;10;5;1;88;1510131826;88;255;1510131835;0
32;16;10;5;1;88;1510132546;88;255;1510132556;0
32;16;10;5;1;88;1510132725;88;255;1510132735;0
32;16;10;5;1;88;1510132747;88;255;1510132758;0
32;16;10;5;1;88;1510132792;88;255;1510132802;0
32;16;10;5;1;88;1510133563;88;255;1510133574;0
32;16;10;5;1;88;1510133728;88;255;1510133738;0
32;16;10;5;1;88;1510133758;88;255;1510133769;0
32;16;10;5;1;88;1510133809;88;255;1510133819;0
32;16;10;5;1;88;1510134555;88;255;1510134565;1
32;16;10;5;1;88;1510134725;88;255;1510134736;0
32;16;10;5;1;88;1510134759;88;255;1510134769;0
32;16;10;5;1;88;1510134792;88;255;1510134803;0
32;16;10;5;1;88;1510135556;88;255;1510135566;0
32;16;10;5;1;88;1510135722;88;255;1510135732;0
32;16;10;5;1;88;1510135755;88;255;1510135766;0
32;16;10;5;1;88;1510135786;88;255;1510135797;0
32;16;10;5;1;88;1510136558;88;255;1510136569;0
32;16;10;5;1;88;1510136723;88;255;1510136733;0
32;16;10;5;1;88;1510136752;88;255;1510136763;0
32;16;10;5;1;88;1510136794;88;255;1510136805;0
32;16;10;5;1;88;1510137546;88;255;1510137556;0
32;16;10;5;1;88;1510137725;88;255;1510137736;0
32;16;10;5;1;88;1510137735;88;255;1510137746;0
32;16;10;5;1;88;1510137784;88;255;1510137794;0
32;16;10;5;1;88;1510138562;88;255;1510138572;0
32;16;10;5;1;88;1510138740;88;255;1510138750;0
32;16;10;5;1;88;1510138750;88;255;1510138760;0
32;16;10;5;1;88;1510138807;88;255;1510138817;0
32;16;10;5;1;88;1510139546;88;255;1510139556;0
32;16;10;5;1;88;1510139719;88;255;1510139729;0
32;16;10;5;1;88;1510139771;88;255;1510139782;0
32;16;10;5;1;88;1510139780;88;255;1510139790;0
32;16;10;5;1;88;1510140530;88;255;1510140541;0
32;16;10;5;1;88;1510140688;88;255;1510140700;0
32;16;10;5;1;88;1510140756;88;255;1510140766;0
32;16;10;5;1;88;1510140771;88;255;1510140781;0
32;16;10;5;1;88;1510141522;88;255;1510141532;0
32;16;10;5;1;88;1510141666;88;255;1510141676;0
32;16;10;5;1;88;1510141726;88;255;1510141736;0
32;16;10;5;1;88;1510141767;88;255;1510141779;0
32;16;10;5;1;88;1510142518;88;255;1510142529;0
32;16;10;5;1;88;1510142708;88;255;1510142719;0
32;16;10;5;1;88;1510142741;88;255;1510142752;0
32;16;10;5;1;88;1510142806;88;255;1510142818;0
32;16;10;5;1;88;1510143555;88;255;1510143565;0
32;16;10;5;1;88;1510143733;88;255;1510143743;0
32;16;10;5;1;88;1510143761;88;255;1510143772;0
32;16;10;5;1;88;1510143839;88;255;1510143849;0
32;16;10;5;1;88;1510144526;88;255;1510144536;0
32;16;10;5;1;88;1510144693;88;255;1510144703;0
32;16;10;5;1;88;1510144723;88;255;1510144733;0
32;16;10;5;1;88;1510144800;88;255;1510144810;0
32;16;10;5;1;88;1510145466;88;255;1510145476;0
32;16;10;5;1;88;1510145635;88;255;1510145645;0
32;16;10;5;1;88;1510145666;88;255;1510145676;0
32;16;10;5;1;88;1510145740;88;255;1510145750;0
32;16;10;5;1;88;1510146406;88;255;1510146416;0
32;16;10;5;1;88;1510146578;88;255;1510146587;0
32;16;10;5;1;88;1510146608;88;255;1510146618;0
32;16;10;5;1;88;1510146684;88;255;1510146694;0
32;16;10;5;1;88;1510147377;88;255;1510147388;0
32;16;10;5;1;88;1510147551;88;255;1510147561;0
32;16;10;5;1;88;1510147581;88;255;1510147591;0
32;16;10;5;1;88;1510147654;88;255;1510147664;0
32;16;10;5;1;88;1510148347;88;255;1510148358;1
32;16;10;5;1;88;1510148528;88;255;1510148538;0
32;16;10;5;1;88;1510148546;88;255;1510148556;0
32;16;10;5;1;88;1510148627;88;255;1510148637;0
32;16;10;5;1;88;1510149314;88;255;1510149324;0
32;16;10;5;1;88;1510149488;88;255;1510149498;0
32;16;10;5;1;88;1510149501;88;255;1510149510;0
32;16;10;5;1;88;1510149578;88;255;1510149588;0
32;16;10;5;1;88;1510150255;88;255;1510150265;0
32;16;10;5;1;88;1510150436;88;255;1510150446;0
32;16;10;5;1;88;1510150443;88;255;1510150454;0
32;16;10;5;1;88;1510150528;88;255;1510150538;0
32;16;10;5;1;88;1510151221;88;255;1510151230;0
32;16;10;5;1;88;1510151400;88;255;1510151410;0
32;16;10;5;1;88;1510151410;88;255;1510151419;0
32;16;10;5;1;88;1510151497;88;255;1510151507;0
32;16;10;5;1;88;1510152204;88;255;1510152214;0
32;16;10;5;1;88;1510152382;88;255;1510152393;0
32;16;10;5;1;88;1510152401;88;255;1510152411;0
32;16;10;5;1;88;1510152481;88;255;1510152492;0
32;16;10;5;1;88;1510153181;88;255;1510153190;0
32;16;10;5;1;88;1510153349;88;255;1510153360;0
32;16;10;5;1;88;1510153374;88;255;1510153385;0
32;16;10;5;1;88;1510153450;88;255;1510153460;0
32;16;10;5;1;88;1510154149;88;255;1510154160;0
32;16;10;5;1;88;1510154332;88;255;1510154342;0
32;16;10;5;1;88;1510154353;88;255;1510154363;0
32;16;10;5;1;88;1510154422;88;255;1510154432;0
32;16;10;5;1;88;1510155113;88;255;1510155123;0
32;16;10;5;1;88;1510155284;88;255;1510155294;0
32;16;10;5;1;88;1510155310;88;255;1510155320;0
32;16;10;5;1;88;1510155378;88;255;1510155389;0
32;16;10;5;1;88;1510156086;88;255;1510156096;0
32;16;10;5;1;88;1510156261;88;255;1510156272;0
32;16;10;5;1;88;1510156292;88;255;1510156302;0
32;16;10;5;1;88;1510156362;88;255;1510156373;0
32;16;10;5;1;88;1510157073;88;255;1510157084;0
32;16;10;5;1;88;1510157254;88;255;1510157265;0
32;16;10;5;1;88;1510157281;88;255;1510157293;0
32;16;10;5;1;88;1510157351;88;255;1510157361;0
32;16;10;5;1;88;1510158053;88;255;1510158064;0
32;16;10;5;1;88;1510158234;88;255;1510158244;0
32;16;10;5;1;88;1510158265;88;255;1510158275;0
32;16;10;5;1;88;1510158333;88;255;1510158343;0
32;16;10;5;1;88;1510159011;88;255;1510159021;0
32;16;10;5;1;88;1510159191;88;255;1510159201;0
32;16;10;5;1;88;1510159224;88;255;1510159234;0
32;16;10;5;1;88;1510159288;88;255;1510159298;0
32;16;10;5;1;88;1510159973;88;255;1510159984;0
32;16;10;5;1;88;1510160169;88;255;1510160179;0
32;16;10;5;1;88;1510160197;88;255;1510160207;0
32;16;10;5;1;88;1510160267;88;255;1510160277;0
32;16;10;5;1;88;1510160949;88;255;1510160958;0
32;16;10;5;1;88;1510161132;88;255;1510161143;0
32;16;10;5;1;88;1510161173;88;255;1510161184;0
32;16;10;5;1;88;1510161236;88;255;1510161246;0
32;16;10;5;1;88;1510161931;88;255;1510161942;0
32;16;10;5;1;88;1510162104;88;255;1510162114;0
32;16;10;5;1;88;1510162142;88;255;1510162152;0
32;16;10;5;1;88;1510162199;88;255;1510162209;0
32;16;10;5;1;88;1510162889;88;255;1510162899;0
32;16;10;5;1;88;1510163069;88;255;1510163079;0
32;16;10;5;1;88;1510163122;88;255;1510163132;0
32;16;10;5;1;88;1510163159;88;255;1510163169;0
32;16;10;5;1;88;1510163834;88;255;1510163844;0
32;16;10;5;1;88;1510164016;88;255;1510164026;0
32;16;10;5;1;88;1510164077;88;255;1510164087;0
32;16;10;5;1;88;1510164105;88;255;1510164115;0
32;16;10;5;1;88;1510164775;88;255;1510164785;0
32;16;10;5;1;88;1510164959;88;255;1510164969;0
32;16;10;5;1;88;1510165019;88;255;1510165029;0
32;16;10;5;1;88;1510165050;88;255;1510165060;0
32;16;10;5;1;88;1510165718;88;255;1510165728;0
32;16;10;5;1;88;1510165900;88;255;1510165910;0
32;16;10;5;1;88;1510165963;88;255;1510165973;0
32;16;10;5;1;88;1510165992;88;255;1510166002;0
32;16;10;5;1;88;1510166662;88;255;1510166672;0
32;16;10;5;1;88;1510166843;88;255;1510166853;0
32;16;10;5;1;88;1510166905;88;255;1510166915;0
32;16;10;5;1;88;1510166935;88;255;1510166945;0
32;16;10;5;1;88;1510167604;88;255;1510167614;0
32;16;10;5;1;88;1510167784;88;255;1510167794;0
32;16;10;5;1;88;1510167847;88;255;1510167857;0
32;16;10;5;1;88;1510167881;88;255;1510167891;0
32;16;10;5;1;88;1510168547;88;255;1510168556;0
32;16;10;5;1;88;1510168727;88;255;1510168737;0
32;16;10;5;1;88;1510168790;88;255;1510168800;0
32;16;10;5;1;88;1510168822;88;255;1510168832;0
32;16;10;5;1;88;1510169489;88;255;1510169499;0
32;16;10;5;1;88;1510169670;88;255;1510169680;0
32;16;10;5;1;88;1510169733;88;255;1510169743;0
32;16;10;5;1;88;1510169764;88;255;1510169773;0
32;16;10;5;1;88;1510170431;88;255;1510170441;0
32;16;10;5;1;88;1510170612;88;255;1510170622;0
32;16;10;5;1;88;1510170675;88;255;1510170685;0
32;16;10;5;1;88;1510170707;88;255;1510170717;0
32;16;10;5;1;88;1510171374;88;255;1510171384;0
32;16;10;5;1;88;1510171555;88;255;1510171565;0
32;16;10;5;1;88;1510171621;88;255;1510171631;0
32;16;10;5;1;88;1510171649;88;255;1510171659;0
32;16;10;5;1;88;1510172314;88;255;1510172324;0
32;16;10;5;1;88;1510172496;88;255;1510172506;0
32;16;10;5;1;88;1510172563;88;255;1510172572;0
32;16;10;5;1;88;1510172592;88;255;1510172602;0
32;16;10;5;1;88;1510173258;88;255;1510173268;0
32;16;10;5;1;88;1510173438;88;255;1510173447;0
32;16;10;5;1;88;1510173506;88;255;1510173515;0
32;16;10;5;1;88;1510173536;88;255;1510173546;0
32;16;10;5;1;88;1510174202;88;255;1510174212;0
32;16;10;5;1;88;1510174379;88;255;1510174389;0
32;16;10;5;1;88;1510174449;88;255;1510174458;0
32;16;10;5;1;88;1510174476;88;255;1510174486;0
32;16;10;5;1;88;1510175146;88;255;1510175156;0
32;16;10;5;1;88;1510175321;88;255;1510175331;0
32;16;10;5;1;88;1510175392;88;255;1510175402;0
32;16;10;5;1;88;1510175418;88;255;1510175427;1
32;16;10;5;1;88;1510176091;88;255;1510176100;0
32;16;10;5;1;88;1510176262;88;255;1510176271;0
32;16;10;5;1;88;1510176333;88;255;1510176343;0
32;16;10;5;1;88;1510176359;88;255;1510176368;0
32;16;10;5;1;88;1510177034;88;255;1510177044;0
32;16;10;5;1;88;1510177205;88;255;1510177215;0
32;16;10;5;1;88;1510177276;88;255;1510177285;0
32;16;10;5;1;88;1510177300;88;255;1510177310;0
32;16;10;5;1;88;1510177976;88;255;1510177985;0
32;16;10;5;1;88;1510178148;88;255;1510178158;0
32;16;10;5;1;88;1510178218;88;255;1510178228;0
32;16;10;5;1;88;1510178241;88;255;1510178251;0
32;16;10;5;1;88;1510178920;88;255;1510178929;0
32;16;10;5;1;88;1510179093;88;255;1510179103;0
32;16;10;5;1;88;1510179158;88;255;1510179168;0
32;16;10;5;1;88;1510179183;88;255;1510179193;0
32;16;10;5;1;88;1510179862;88;255;1510179872;0
32;16;10;5;1;88;1510180034;88;255;1510180044;0
32;16;10;5;1;88;1510180098;88;255;1510180108;0
32;16;10;5;1;88;1510180124;88;255;1510180134;0
32;16;10;5;1;88;1510180806;88;255;1510180816;0
32;16;10;5;1;88;1510180976;88;255;1510180986;0
32;16;10;5;1;88;1510181041;88;255;1510181050;0
32;16;10;5;1;88;1510181068;88;255;1510181078;0
32;16;10;5;1;88;1510181750;88;255;1510181760;0
32;16;10;5;1;88;1510181919;88;255;1510181929;0
32;16;10;5;1;88;1510181983;88;255;1510181993;0
32;16;10;5;1;88;1510182010;88;255;1510182020;0
32;16;10;5;1;88;1510182694;88;255;1510182704;0
32;16;10;5;1;88;1510182860;88;255;1510182870;0
32;16;10;5;1;88;1510182925;88;255;1510182935;0
32;16;10;5;1;88;1510182953;88;255;1510182963;0
32;16;10;5;1;88;1510183636;88;255;1510183646;0
32;16;10;5;1;88;1510183802;88;255;1510183812;0
32;16;10;5;1;88;1510183867;88;255;1510183877;0
32;16;10;5;1;88;1510183893;88;255;1510183903;0
32;16;10;5;1;88;1510184580;88;255;1510184590;0
32;16;10;5;1;88;1510184746;88;255;1510184756;0
32;16;10;5;1;88;1510184810;88;255;1510184820;0
32;16;10;5;1;88;1510184835;88;255;1510184845;0
32;16;10;5;1;88;1510185523;88;255;1510185533;0
32;16;10;5;1;88;1510185690;88;255;1510185700;0
32;16;10;5;1;88;1510185753;88;255;1510185763;0
32;16;10;5;1;88;1510185776;88;255;1510185786;0
32;16;10;5;1;88;1510186464;88;255;1510186474;0
32;16;10;5;1;88;1510186633;88;255;1510186643;0
32;16;10;5;1;88;1510186694;88;255;1510186704;0
32;16;10;5;1;88;1510186717;88;255;1510186727;0
32;16;10;5;1;88;1510187407;88;255;1510187417;0
32;16;10;5;1;88;1510187577;88;255;1510187586;0
32;16;10;5;1;88;1510187635;88;255;1510187645;0
32;16;10;5;1;88;1510187659;88;255;1510187669;0
32;16;10;5;1;88;1510188349;88;255;1510188359;0
32;16;10;5;1;88;1510188518;88;255;1510188528;0
32;16;10;5;1;88;1510188576;88;255;1510188586;0
32;16;10;5;1;88;1510188602;88;255;1510188612;0
32;16;10;5;1;88;1510189289;88;255;1510189298;0
32;16;10;5;1;88;1510189463;88;255;1510189473;0
32;16;10;5;1;88;1510189518;88;255;1510189528;0
32;16;10;5;1;88;1510189547;88;255;1510189557;0
32;16;10;5;1;88;1510190229;88;255;1510190239;0
32;16;10;5;1;88;1510190403;88;255;1510190413;0
32;16;10;5;1;88;1510190458;88;255;1510190468;0
32;16;10;5;1;88;1510190490;88;255;1510190500;0
32;16;10;5;1;88;1510191171;88;255;1510191180;0
32;16;10;5;1;88;1510191348;88;255;1510191358;0
32;16;10;5;1;88;1510191399;88;255;1510191409;0
32;16;10;5;1;88;1510191434;88;255;1510191444;0
32;16;10;5;1;88;1510192114;88;255;1510192124;0
32;16;10;5;1;88;1510192291;88;255;1510192301;0
32;16;10;5;1;88;1510192338;88;255;1510192348;0
32;16;10;5;1;88;1510192377;88;255;1510192386;0
32;16;10;5;1;88;1510193056;88;255;1510193066;0
32;16;10;5;1;88;1510193232;88;255;1510193242;0
32;16;10;5;1;88;1510193282;88;255;1510193292;0
32;16;10;5;1;88;1510193321;88;255;1510193330;0
32;16;10;5;1;88;1510193996;88;255;1510194006;0
32;16;10;5;1;88;1510194173;88;255;1510194183;0
32;16;10;5;1;88;1510194224;88;255;1510194233;0
32;16;10;5;1;88;1510194262;88;255;1510194272;0
32;16;10;5;1;88;1510194939;88;255;1510194948;0
32;16;10;5;1;88;1510195118;88;255;1510195127;0
32;16;10;5;1;88;1510195165;88;255;1510195174;0
32;16;10;5;1;88;1510195205;88;255;1510195215;0
32;16;10;5;1;88;1510195881;88;255;1510195891;0
32;16;10;5;1;88;1510196061;88;255;1510196071;0
32;16;10;5;1;88;1510196108;88;255;1510196118;0
32;16;10;5;1;88;1510196145;88;255;1510196155;0
32;16;10;5;1;88;1510196824;88;255;1510196834;0
32;16;10;5;1;88;1510197004;88;255;1510197013;0
32;16;10;5;1;88;1510197051;88;255;1510197061;0
32;16;10;5;1;88;1510197086;88;255;1510197096;0
32;16;10;5;1;88;1510197767;88;255;1510197776;0
32;16;10;5;1;88;1510197944;88;255;1510197954;0
32;16;10;5;1;88;1510197994;88;255;1510198004;0
32;16;10;5;1;88;1510198026;88;255;1510198036;0
32;16;10;5;1;88;1510198707;88;255;1510198717;0
32;16;10;5;1;88;1510198885;88;255;1510198895;0
32;16;10;5;1;88;1510198940;88;255;1510198950;0
32;16;10;5;1;88;1510198968;88;255;1510198978;0
32;16;10;5;1;88;1510199648;88;255;1510199658;0
32;16;10;5;1;88;1510199827;88;255;1510199837;0
32;16;10;5;1;88;1510199886;88;255;1510199896;0
32;16;10;5;1;88;1510199909;88;255;1510199919;0
32;16;10;5;1;88;1510200590;88;255;1510200600;0
32;16;10;5;1;88;1510200767;88;255;1510200777;0
32;16;10;5;1;88;1510200831;88;255;1510200841;0
32;16;10;5;1;88;1510200849;88;255;1510200858;0
32;16;10;5;1;88;1510201531;88;255;1510201541;0
32;16;10;5;1;88;1510201708;88;255;1510201718;0
32;16;10;5;1;88;1510201774;88;255;1510201784;1
32;16;10;5;1;88;1510201790;88;255;1510201800;0
32;16;10;5;1;88;1510202474;88;255;1510202484;0
32;16;10;5;1;88;1510202652;88;255;1510202662;0
32;16;10;5;1;88;1510202716;88;255;1510202726;0
32;16;10;5;1;88;1510202734;88;255;1510202743;0
32;16;10;5;1;88;1510203415;88;255;1510203425;0
32;16;10;5;1;88;1510203597;88;255;1510203606;0
32;16;10;5;1;88;1510203658;88;255;1510203667;0
32;16;10;5;1;88;1510203679;88;255;1510203688;0
32;16;10;5;1;88;1510204356;88;255;1510204366;0
32;16;10;5;1;88;1510204538;88;255;1510204547;0
32;16;10;5;1;88;1510204599;88;255;1510204609;0
32;16;10;5;1;88;1510204623;88;255;1510204632;0
32;16;10;5;1;88;1510205298;88;255;1510205308;0
32;16;10;5;1;88;1510205478;88;255;1510205488;0
32;16;10;5;1;88;1510205543;88;255;1510205553;0
32;16;10;5;1;88;1510205565;88;255;1510205575;0
32;16;10;5;1;88;1510206241;88;255;1510206251;0
32;16;10;5;1;88;1510206420;88;255;1510206430;0
32;16;10;5;1;88;1510206487;88;255;1510206496;0
32;16;10;5;1;88;1510206509;88;255;1510206519;0
32;16;10;5;1;88;1510207185;88;255;1510207195;0
32;16;10;5;1;88;1510207363;88;255;1510207373;0
32;16;10;5;1;88;1510207430;88;255;1510207439;0
32;16;10;5;1;88;1510207450;88;255;1510207460;0
32;16;10;5;1;88;1510208124;88;255;1510208134;0
32;16;10;5;1;88;1510208306;88;255;1510208315;0
32;16;10;5;1;88;1510208372;88;255;1510208382;0
32;16;10;5;1;88;1510208392;88;255;1510208402;0
32;16;10;5;1;88;1510209065;88;255;1510209075;0
32;16;10;5;1;88;1510209248;88;255;1510209258;0
32;16;10;5;1;88;1510209313;88;255;1510209323;0
32;16;10;5;1;88;1510209335;88;255;1510209344;0
32;16;10;5;1;88;1510210008;88;255;1510210018;0
32;16;10;5;1;88;1510210190;88;255;1510210199;0
32;16;10;5;1;88;1510210257;88;255;1510210267;0
32;16;10;5;1;88;1510210277;88;255;1510210287;0
32;16;10;5;1;88;1510210952;88;255;1510210962;0
32;16;10;5;1;88;1510211130;88;255;1510211140;0
32;16;10;5;1;88;1510211199;88;255;1510211209;0
32;16;10;5;1;88;1510211220;88;255;1510211230;0
32;16;10;5;1;88;1510211894;88;255;1510211904;0
32;16;10;5;1;88;1510212073;88;255;1510212083;0
32;16;10;5;1;88;1510212139;88;255;1510212149;0
32;16;10;5;1;88;1510212161;88;255;1510212171;0
32;16;10;5;1;88;1510212837;88;255;1510212846;0
32;16;10;5;1;88;1510213015;88;255;1510213025;0
32;16;10;5;1;88;1510213081;88;255;1510213091;0
32;16;10;5;1;88;1510213104;88;255;1510213114;0
32;16;10;5;1;88;1510213778;88;255;1510213788;0
32;16;10;5;1;88;1510213957;88;255;1510213967;0
32;16;10;5;1;88;1510214024;88;255;1510214034;0
32;16;10;5;1;88;1510214048;88;255;1510214058;0
32;16;10;5;1;88;1510214721;88;255;1510214731;0
32;16;10;5;1;88;1510214900;88;255;1510214909;0
32;16;10;5;1;88;1510214965;88;255;1510214975;0
32;16;10;5;1;88;1510214991;88;255;1510215001;0
32;16;10;5;1;88;1510215662;88;255;1510215672;0
32;16;10;5;1;88;1510215839;88;255;1510215849;0
32;16;10;5;1;88;1510215907;88;255;1510215917;0
32;16;10;5;1;88;1510215935;88;255;1510215945;1
32;16;10;5;1;88;1510216606;88;255;1510216616;0
32;16;10;5;1;88;1510216782;88;255;1510216792;0
32;16;10;5;1;88;1510216849;88;255;1510216859;0
32;16;10;5;1;88;1510216877;88;255;1510216887;0
32;16;10;5;1;88;1510217548;88;255;1510217558;0
32;16;10;5;1;88;1510217725;88;255;1510217734;0
32;16;10;5;1;88;1510217790;88;255;1510217800;0
32;16;10;5;1;88;1510217820;88;255;1510217830;0
32;16;10;5;1;88;1510218490;88;255;1510218500;0
32;16;10;5;1;88;1510218667;88;255;1510218677;0
32;16;10;5;1;88;1510218732;88;255;1510218742;0
32;16;10;5;1;88;1510218762;88;255;1510218772;0
32;16;10;5;1;88;1510219467;88;255;1510219477;0
32;16;10;5;1;88;1510219661;88;255;1510219671;0
32;16;10;5;1;88;1510219716;88;255;1510219727;0
32;16;10;5;1;88;1510219749;88;255;1510219759;0
32;16;10;5;1;88;1510220485;88;255;1510220496;0
32;16;10;5;1;88;1510220676;88;255;1510220687;0
32;16;10;5;1;88;1510220723;88;255;1510220733;0
32;16;10;5;1;88;1510220761;88;255;1510220772;0
32;16;10;5;1;88;1510221460;88;255;1510221470;0
32;16;10;5;1;88;1510221657;88;255;1510221667;0
32;16;10;5;1;88;1510221702;88;255;1510221712;0
32;16;10;5;1;88;1510221763;88;255;1510221773;0
32;16;10;5;1;88;1510222469;88;255;1510222479;0
32;16;10;5;1;88;1510222668;88;255;1510222679;0
32;16;10;5;1;88;1510222716;88;255;1510222726;0
32;16;10;5;1;88;1510222774;88;255;1510222784;0
32;16;10;5;1;88;1510223476;88;255;1510223486;0
32;16;10;5;1;88;1510223678;88;255;1510223688;0
32;16;10;5;1;88;1510223734;88;255;1510223745;0
32;16;10;5;1;88;1510223801;88;255;1510223811;0
32;16;10;5;1;88;1510224486;88;255;1510224496;0
32;16;10;5;1;88;1510224684;88;255;1510224695;0
32;16;10;5;1;88;1510224742;88;255;1510224753;0
32;16;10;5;1;88;1510224800;88;255;1510224810;0
32;16;10;5;1;88;1510225489;88;255;1510225499;0
32;16;10;5;1;88;1510225673;88;255;1510225683;0
32;16;10;5;1;88;1510225727;88;255;1510225737;0
32;16;10;5;1;88;1510225776;88;255;1510225787;0
32;16;10;5;1;88;1510226507;88;255;1510226518;0
32;16;10;5;1;88;1510226691;88;255;1510226701;0
32;16;10;5;1;88;1510226742;88;255;1510226751;0
32;16;10;5;1;88;1510226801;88;255;1510226811;0
32;16;10;5;1;88;1510253476;88;255;1510253486;0
32;16;10;5;1;88;1510253476;88;255;1510253486;0
32;16;10;5;1;88;1510253479;88;255;1510253489;0
32;16;10;5;1;88;1510253482;88;255;1510253492;0
32;16;10;5;1;88;1510254410;88;255;1510254420;0
32;16;10;5;1;88;1510254411;88;255;1510254421;0
32;16;10;5;1;88;1510254413;88;255;1510254423;0
32;16;10;5;1;88;1510254433;88;255;1510254443;0
32;16;10;5;1;88;1510255344;88;255;1510255353;0
32;16;10;5;1;88;1510255344;88;255;1510255354;0
32;16;10;5;1;88;1510255346;88;255;1510255355;0
32;16;10;5;1;88;1510255368;88;255;1510255378;0
32;16;10;5;1;88;1510256275;88;255;1510256285;0
32;16;10;5;1;88;1510256276;88;255;1510256286;0
32;16;10;5;1;88;1510256281;88;255;1510256291;0
32;16;10;5;1;88;1510256302;88;255;1510256312;0
32;16;10;5;1;88;1510257206;88;255;1510257215;0
32;16;10;5;1;88;1510257208;88;255;1510257217;0
32;16;10;5;1;88;1510257217;88;255;1510257226;0
32;16;10;5;1;88;1510257238;88;255;1510257247;0
32;16;10;5;1;88;1510258136;88;255;1510258146;0
32;16;10;5;1;88;1510258139;88;255;1510258149;0
32;16;10;5;1;88;1510258152;88;255;1510258162;0
32;16;10;5;1;88;1510258172;88;255;1510258182;0
32;16;10;5;1;88;1510259067;88;255;1510259077;0
32;16;10;5;1;88;1510259071;88;255;1510259081;0
32;16;10;5;1;88;1510259088;88;255;1510259098;0
32;16;10;5;1;88;1510259107;88;255;1510259117;0
32;16;10;5;1;88;1510259998;88;255;1510260008;0
32;16;10;5;1;88;1510260003;88;255;1510260013;0
32;16;10;5;1;88;1510260023;88;255;1510260033;0
32;16;10;5;1;88;1510260042;88;255;1510260051;0
32;16;10;5;1;88;1510260929;88;255;1510260939;0
32;16;10;5;1;88;1510260936;88;255;1510260946;0
32;16;10;5;1;88;1510260959;88;255;1510260969;0
32;16;10;5;1;88;1510260977;88;255;1510260987;0
32;16;10;5;1;88;1510261861;88;255;1510261871;0
32;16;10;5;1;88;1510261868;88;255;1510261877;0
32;16;10;5;1;88;1510261895;88;255;1510261904;0
32;16;10;5;1;88;1510261913;88;255;1510261923;0
32;16;10;5;1;88;1510262792;88;255;1510262802;0
32;16;10;5;1;88;1510262799;88;255;1510262809;0
32;16;10;5;1;88;1510262830;88;255;1510262839;0
32;16;10;5;1;88;1510262849;88;255;1510262859;0
32;16;10;5;1;88;1510263723;88;255;1510263732;0
32;16;10;5;1;88;1510263730;88;255;1510263740;0
32;16;10;5;1;88;1510263766;88;255;1510263776;0
32;16;10;5;1;88;1510263784;88;255;1510263794;0
32;16;10;5;1;88;1510264654;88;255;1510264664;0
32;16;10;5;1;88;1510264662;88;255;1510264672;0
32;16;10;5;1;88;1510264702;88;255;1510264712;0
32;16;10;5;1;88;1510264719;88;255;1510264728;0
32;16;10;5;1;88;1510265586;88;255;1510265596;0
32;16;10;5;1;88;1510265593;88;255;1510265603;0
32;16;10;5;1;88;1510265638;88;255;1510265648;0
32;16;10;5;1;88;1510265654;88;255;1510265663;0
32;16;10;5;1;88;1510266516;88;255;1510266526;0
32;16;10;5;1;88;1510266525;88;255;1510266535;0
32;16;10;5;1;88;1510266575;88;255;1510266584;0
32;16;10;5;1;88;1510266589;88;255;1510266599;0
32;16;10;5;1;88;1510267447;88;255;1510267457;0
32;16;10;5;1;88;1510267456;88;255;1510267466;0
32;16;10;5;1;88;1510267512;88;255;1510267521;0
32;16;10;5;1;88;1510267524;88;255;1510267534;0
32;16;10;5;1;88;1510268378;88;255;1510268388;0
32;16;10;5;1;88;1510268388;88;255;1510268398;0
32;16;10;5;1;88;1510268448;88;255;1510268458;0
32;16;10;5;1;88;1510268459;88;255;1510268469;0
32;16;10;5;1;88;1510269309;88;255;1510269319;0
32;16;10;5;1;88;1510269320;88;255;1510269330;0
32;16;10;5;1;88;1510269385;88;255;1510269395;0
32;16;10;5;1;88;1510269394;88;255;1510269403;0
32;16;10;5;1;88;1510270241;88;255;1510270251;0
32;16;10;5;1;88;1510270253;88;255;1510270263;0
32;16;10;5;1;88;1510270323;88;255;1510270333;0
32;16;10;5;1;88;1510270330;88;255;1510270339;0
32;16;10;5;1;88;1510271172;88;255;1510271181;0
32;16;10;5;1;88;1510271184;88;255;1510271194;0
32;16;10;5;1;88;1510271259;88;255;1510271269;0
32;16;10;5;1;88;1510271266;88;255;1510271276;0
32;16;10;5;1;88;1510272104;88;255;1510272114;0
32;16;10;5;1;88;1510272121;88;255;1510272131;0
32;16;10;5;1;88;1510272192;88;255;1510272202;0
32;16;10;5;1;88;1510272201;88;255;1510272211;0
32;16;10;5;1;88;1510273035;88;255;1510273045;0
32;16;10;5;1;88;1510273058;88;255;1510273068;0
32;16;10;5;1;88;1510273124;88;255;1510273133;0
32;16;10;5;1;88;1510273136;88;255;1510273146;0
32;16;10;5;1;88;1510273966;88;255;1510273975;0
32;16;10;5;1;88;1510273994;88;255;1510274004;0
32;16;10;5;1;88;1510274055;88;255;1510274065;0
32;16;10;5;1;88;1510274074;88;255;1510274083;0
32;16;10;5;1;88;1510274897;88;255;1510274906;0
32;16;10;5;1;88;1510274931;88;255;1510274940;0
32;16;10;5;1;88;1510274987;88;255;1510274997;0
32;16;10;5;1;88;1510275009;88;255;1510275019;0
32;16;10;5;1;88;1510275828;88;255;1510275837;0
32;16;10;5;1;88;1510275868;88;255;1510275877;0
32;16;10;5;1;88;1510275921;88;255;1510275931;0
32;16;10;5;1;88;1510275942;88;255;1510275952;0
32;16;10;5;1;88;1510276759;88;255;1510276769;0
32;16;10;5;1;88;1510276804;88;255;1510276814;0
32;16;10;5;1;88;1510276858;88;255;1510276868;0
32;16;10;5;1;88;1510276874;88;255;1510276883;0
32;16;10;5;1;88;1510277691;88;255;1510277701;0
32;16;10;5;1;88;1510277741;88;255;1510277750;0
32;16;10;5;1;88;1510277794;88;255;1510277804;0
32;16;10;5;1;88;1510277805;88;255;1510277815;0
32;16;10;5;1;88;1510278622;88;255;1510278632;0
32;16;10;5;1;88;1510278677;88;255;1510278687;0
32;16;10;5;1;88;1510278730;88;255;1510278739;0
32;16;10;5;1;88;1510278736;88;255;1510278746;0
32;16;10;5;1;88;1510279553;88;255;1510279563;0
32;16;10;5;1;88;1510279614;88;255;1510279624;0
32;16;10;5;1;88;1510279665;88;255;1510279675;0
32;16;10;5;1;88;1510279668;88;255;1510279677;0
32;16;10;5;1;88;1510280484;88;255;1510280493;0
32;16;10;5;1;88;1510280551;88;255;1510280561;0
32;16;10;5;1;88;1510280599;88;255;1510280609;0
32;16;10;5;1;88;1510280601;88;255;1510280611;0
32;16;10;5;1;88;1510281414;88;255;1510281424;0
32;16;10;5;1;88;1510281489;88;255;1510281499;0
32;16;10;5;1;88;1510281531;88;255;1510281540;0
32;16;10;5;1;88;1510281537;88;255;1510281546;0
32;16;10;5;1;88;1510282345;88;255;1510282355;0
32;16;10;5;1;88;1510282429;88;255;1510282439;0
32;16;10;5;1;88;1510282462;88;255;1510282472;0
32;16;10;5;1;88;1510282472;88;255;1510282482;0
32;16;10;5;1;88;1510283276;88;255;1510283286;0
32;16;10;5;1;88;1510283367;88;255;1510283377;0
32;16;10;5;1;88;1510283394;88;255;1510283403;0
32;16;10;5;1;88;1510283408;88;255;1510283417;0
32;16;10;5;1;88;1510284207;88;255;1510284217;0
32;16;10;5;1;88;1510284305;88;255;1510284314;0
32;16;10;5;1;88;1510284325;88;255;1510284335;0
32;16;10;5;1;88;1510284343;88;255;1510284353;0
32;16;10;5;1;88;1510285138;88;255;1510285148;0
32;16;10;5;1;88;1510285242;88;255;1510285252;0
32;16;10;5;1;88;1510285259;88;255;1510285268;0
32;16;10;5;1;88;1510285276;88;255;1510285286;0
32;16;10;5;1;88;1510286069;88;255;1510286079;0
32;16;10;5;1;88;1510286180;88;255;1510286189;0
32;16;10;5;1;88;1510286194;88;255;1510286204;0
32;16;10;5;1;88;1510286208;88;255;1510286218;0
32;16;10;5;1;88;1510287000;88;255;1510287009;0
32;16;10;5;1;88;1510287117;88;255;1510287127;0
32;16;10;5;1;88;1510287131;88;255;1510287140;0
32;16;10;5;1;88;1510287139;88;255;1510287149;0
32;16;10;5;1;88;1510287931;88;255;1510287940;0
32;16;10;5;1;88;1510288054;88;255;1510288064;0
32;16;10;5;1;88;1510288067;88;255;1510288077;0
32;16;10;5;1;88;1510288072;88;255;1510288081;0
32;16;10;5;1;88;1510288863;88;255;1510288873;0
32;16;10;5;1;88;1510288992;88;255;1510289001;0
32;16;10;5;1;88;1510289002;88;255;1510289012;0
32;16;10;5;1;88;1510289003;88;255;1510289012;0
32;16;10;5;1;88;1510289795;88;255;1510289805;0
32;16;10;5;1;88;1510289930;88;255;1510289940;0
32;16;10;5;1;88;1510289934;88;255;1510289944;0
32;16;10;5;1;88;1510289937;88;255;1510289947;0
32;16;10;5;1;88;1510290728;88;255;1510290737;0
32;16;10;5;1;88;1510290867;88;255;1510290877;0
32;16;10;5;1;88;1510290868;88;255;1510290877;0
32;16;10;5;1;88;1510290871;88;255;1510290881;0
32;16;10;5;1;88;1510291660;88;255;1510291670;0
32;16;10;5;1;88;1510291798;88;255;1510291808;0
32;16;10;5;1;88;1510291806;88;255;1510291816;0
32;16;10;5;1;88;1510291807;88;255;1510291816;0
32;16;10;5;1;88;1510292592;88;255;1510292602;0
32;16;10;5;1;88;1510292729;88;255;1510292739;0
32;16;10;5;1;88;1510292741;88;255;1510292751;0
32;16;10;5;1;88;1510292743;88;255;1510292753;0
32;16;10;5;1;88;1510293525;88;255;1510293535;0
32;16;10;5;1;88;1510293661;88;255;1510293671;0
32;16;10;5;1;88;1510293676;88;255;1510293685;0
32;16;10;5;1;88;1510293683;88;255;1510293693;0
32;16;10;5;1;88;1510294458;88;255;1510294468;0
32;16;10;5;1;88;1510294593;88;255;1510294603;0
32;16;10;5;1;88;1510294610;88;255;1510294620;0
32;16;10;5;1;88;1510294621;88;255;1510294631;0
32;16;10;5;1;88;1510295390;88;255;1510295400;0
32;16;10;5;1;88;1510295525;88;255;1510295535;0
32;16;10;5;1;88;1510295544;88;255;1510295554;0
32;16;10;5;1;88;1510295559;88;255;1510295569;0
32;16;10;5;1;88;1510296323;88;255;1510296333;0
32;16;10;5;1;88;1510296458;88;255;1510296468;0
32;16;10;5;1;88;1510296479;88;255;1510296489;0
32;16;10;5;1;88;1510296497;88;255;1510296507;0
32;16;10;5;1;88;1510297256;88;255;1510297266;0
32;16;10;5;1;88;1510297389;88;255;1510297399;0
32;16;10;5;1;88;1510297414;88;255;1510297424;0
32;16;10;5;1;88;1510297435;88;255;1510297444;0
32;16;10;5;1;88;1510298189;88;255;1510298198;0
32;16;10;5;1;88;1510298321;88;255;1510298331;0
32;16;10;5;1;88;1510298349;88;255;1510298359;0
32;16;10;5;1;88;1510298372;88;255;1510298382;0
32;16;10;5;1;88;1510299121;88;255;1510299131;0
32;16;10;5;1;88;1510299252;88;255;1510299262;0
32;16;10;5;1;88;1510299285;88;255;1510299294;0
32;16;10;5;1;88;1510299311;88;255;1510299320;0
32;16;10;5;1;88;1510300053;88;255;1510300063;0
32;16;10;5;1;88;1510300184;88;255;1510300194;0
32;16;10;5;1;88;1510300219;88;255;1510300229;0
32;16;10;5;1;88;1510300249;88;255;1510300259;0
32;16;10;5;1;88;1510300987;88;255;1510300997;0
32;16;10;5;1;88;1510301117;88;255;1510301126;0
32;16;10;5;1;88;1510301156;88;255;1510301166;0
32;16;10;5;1;88;1510301185;88;255;1510301195;0
32;16;10;5;1;88;1510301920;88;255;1510301929;0
32;16;10;5;1;88;1510302048;88;255;1510302058;0
32;16;10;5;1;88;1510302095;88;255;1510302105;0
32;16;10;5;1;88;1510302120;88;255;1510302130;0
32;16;10;5;1;88;1510302854;88;255;1510302864;0
32;16;10;5;1;88;1510302995;88;255;1510303005;0
32;16;10;5;1;88;1510303046;88;255;1510303056;0
32;16;10;5;1;88;1510303094;88;255;1510303105;0
32;16;10;5;1;88;1510303844;88;255;1510303854;0
32;16;10;5;1;88;1510303996;88;255;1510304006;0
32;16;10;5;1;88;1510304041;88;255;1510304051;0
32;16;10;5;1;88;1510304074;88;255;1510304084;0
32;16;10;5;1;88;1510304824;88;255;1510304835;0
32;16;10;5;1;88;1510304951;88;255;1510304961;0
32;16;10;5;1;88;1510305005;88;255;1510305015;0
32;16;10;5;1;88;1510305048;88;255;1510305058;0
32;16;10;5;1;88;1510305776;88;255;1510305786;0
32;16;10;5;1;88;1510305899;88;255;1510305910;0
32;16;10;5;1;88;1510305960;88;255;1510305970;0
32;16;10;5;1;88;1510306029;88;255;1510306039;0
32;16;10;5;1;88;1510306797;88;255;1510306807;0
32;16;10;5;1;88;1510306936;88;255;1510306946;0
32;16;10;5;1;88;1510306975;88;255;1510306985;0
32;16;10;5;1;88;1510307061;88;255;1510307073;0
