32;16;10;5;1;91;1509982211;91;255;1509982222;0
32;16;10;5;1;91;1509982280;91;255;1509982290;0
32;16;10;5;1;91;1509982352;91;255;1509982362;0
32;16;10;5;1;91;1509982449;91;255;1509982460;0
32;16;10;5;1;91;1509983181;91;255;1509983191;0
32;16;10;5;1;91;1509983240;91;255;1509983250;0
32;16;10;5;1;91;1509983308;91;255;1509983318;0
32;16;10;5;1;91;1509983417;91;255;1509983427;0
32;16;10;5;1;91;1509984123;91;255;1509984132;0
32;16;10;5;1;91;1509984179;91;255;1509984189;1
32;16;10;5;1;91;1509984250;91;255;1509984260;0
32;16;10;5;1;91;1509984359;91;255;1509984369;0
32;16;10;5;1;91;1509985065;91;255;1509985075;0
32;16;10;5;1;91;1509985122;91;255;1509985132;0
32;16;10;5;1;91;1509985190;91;255;1509985200;0
32;16;10;5;1;91;1509985301;91;255;1509985311;0
32;16;10;5;1;91;1509986005;91;255;1509986015;0
32;16;10;5;1;91;1509986063;91;255;1509986073;0
32;16;10;5;1;91;1509986134;91;255;1509986144;0
32;16;10;5;1;91;1509986242;91;255;1509986252;0
32;16;10;5;1;91;1509986946;91;255;1509986956;0
32;16;10;5;1;91;1509987006;91;255;1509987016;0
32;16;10;5;1;91;1509987072;91;255;1509987082;0
32;16;10;5;1;91;1509987186;91;255;1509987196;0
32;16;10;5;1;91;1509987887;91;255;1509987897;1
32;16;10;5;1;91;1509987950;91;255;1509987960;0
32;16;10;5;1;91;1509988012;91;255;1509988022;0
32;16;10;5;1;91;1509988126;91;255;1509988136;0
32;16;10;5;1;91;1509988829;91;255;1509988839;0
32;16;10;5;1;91;1509988891;91;255;1509988901;0
32;16;10;5;1;91;1509988954;91;255;1509988964;0
32;16;10;5;1;91;1509989068;91;255;1509989078;0
32;16;10;5;1;91;1509989770;91;255;1509989780;0
32;16;10;5;1;91;1509989833;91;255;1509989843;0
32;16;10;5;1;91;1509989897;91;255;1509989907;0
32;16;10;5;1;91;1509990011;91;255;1509990021;0
32;16;10;5;1;91;1509990712;91;255;1509990722;0
32;16;10;5;1;91;1509990776;91;255;1509990786;0
32;16;10;5;1;91;1509990837;91;255;1509990847;0
32;16;10;5;1;91;1509990953;91;255;1509990963;0
32;16;10;5;1;91;1509991655;91;255;1509991665;0
32;16;10;5;1;91;1509991716;91;255;1509991726;0
32;16;10;5;1;91;1509991777;91;255;1509991787;0
32;16;10;5;1;91;1509991894;91;255;1509991904;0
32;16;10;5;1;91;1509992598;91;255;1509992608;0
32;16;10;5;1;91;1509992657;91;255;1509992666;0
32;16;10;5;1;91;1509992717;91;255;1509992727;0
32;16;10;5;1;91;1509992836;91;255;1509992845;0
32;16;10;5;1;91;1509993538;91;255;1509993548;0
32;16;10;5;1;91;1509993599;91;255;1509993608;0
32;16;10;5;1;91;1509993659;91;255;1509993669;0
32;16;10;5;1;91;1509993777;91;255;1509993787;0
32;16;10;5;1;91;1509994479;91;255;1509994489;0
32;16;10;5;1;91;1509994539;91;255;1509994549;0
32;16;10;5;1;91;1509994600;91;255;1509994610;0
32;16;10;5;1;91;1509994720;91;255;1509994730;0
32;16;10;5;1;91;1509995423;91;255;1509995433;0
32;16;10;5;1;91;1509995481;91;255;1509995491;0
32;16;10;5;1;91;1509995551;91;255;1509995561;0
32;16;10;5;1;91;1509995662;91;255;1509995672;0
32;16;10;5;1;91;1509996370;91;255;1509996380;0
32;16;10;5;1;91;1509996423;91;255;1509996433;0
32;16;10;5;1;91;1509996499;91;255;1509996510;0
32;16;10;5;1;91;1509996602;91;255;1509996611;0
32;16;10;5;1;91;1509997311;91;255;1509997321;0
32;16;10;5;1;91;1509997366;91;255;1509997376;0
32;16;10;5;1;91;1509997440;91;255;1509997450;0
32;16;10;5;1;91;1509997543;91;255;1509997553;0
32;16;10;5;1;91;1509998252;91;255;1509998262;0
32;16;10;5;1;91;1509998308;91;255;1509998318;0
32;16;10;5;1;91;1509998381;91;255;1509998391;0
32;16;10;5;1;91;1509998484;91;255;1509998494;0
32;16;10;5;1;91;1509999195;91;255;1509999205;0
32;16;10;5;1;91;1509999249;91;255;1509999259;0
32;16;10;5;1;91;1509999321;91;255;1509999331;0
32;16;10;5;1;91;1509999425;91;255;1509999435;0
32;16;10;5;1;91;1510000138;91;255;1510000148;0
32;16;10;5;1;91;1510000192;91;255;1510000202;0
32;16;10;5;1;91;1510000261;91;255;1510000271;0
32;16;10;5;1;91;1510000364;91;255;1510000374;0
32;16;10;5;1;91;1510001080;91;255;1510001090;0
32;16;10;5;1;91;1510001135;91;255;1510001145;1
32;16;10;5;1;91;1510001202;91;255;1510001212;0
32;16;10;5;1;91;1510001305;91;255;1510001315;0
32;16;10;5;1;91;1510002022;91;255;1510002032;0
32;16;10;5;1;91;1510002078;91;255;1510002088;0
32;16;10;5;1;91;1510002143;91;255;1510002153;0
32;16;10;5;1;91;1510002245;91;255;1510002255;0
32;16;10;5;1;91;1510002963;91;255;1510002973;0
32;16;10;5;1;91;1510003022;91;255;1510003032;0
32;16;10;5;1;91;1510003086;91;255;1510003096;0
32;16;10;5;1;91;1510003185;91;255;1510003195;0
32;16;10;5;1;91;1510003903;91;255;1510003913;0
32;16;10;5;1;91;1510003962;91;255;1510003972;0
32;16;10;5;1;91;1510004029;91;255;1510004039;0
32;16;10;5;1;91;1510004129;91;255;1510004139;0
32;16;10;5;1;91;1510004845;91;255;1510004855;0
32;16;10;5;1;91;1510004903;91;255;1510004913;0
32;16;10;5;1;91;1510004971;91;255;1510004981;0
32;16;10;5;1;91;1510005071;91;255;1510005081;0
32;16;10;5;1;91;1510005785;91;255;1510005795;0
32;16;10;5;1;91;1510005844;91;255;1510005854;0
32;16;10;5;1;91;1510005915;91;255;1510005925;0
32;16;10;5;1;91;1510006010;91;255;1510006020;0
32;16;10;5;1;91;1510006725;91;255;1510006735;0
32;16;10;5;1;91;1510006784;91;255;1510006794;0
32;16;10;5;1;91;1510006859;91;255;1510006869;0
32;16;10;5;1;91;1510006951;91;255;1510006961;0
32;16;10;5;1;91;1510007665;91;255;1510007675;0
32;16;10;5;1;91;1510007723;91;255;1510007733;0
32;16;10;5;1;91;1510007802;91;255;1510007812;0
32;16;10;5;1;91;1510007894;91;255;1510007904;0
32;16;10;5;1;91;1510008607;91;255;1510008616;0
32;16;10;5;1;91;1510008663;91;255;1510008673;0
32;16;10;5;1;91;1510008744;91;255;1510008754;0
32;16;10;5;1;91;1510008836;91;255;1510008846;0
32;16;10;5;1;91;1510009549;91;255;1510009559;0
32;16;10;5;1;91;1510009605;91;255;1510009615;0
32;16;10;5;1;91;1510009685;91;255;1510009695;0
32;16;10;5;1;91;1510009778;91;255;1510009788;0
32;16;10;5;1;91;1510010489;91;255;1510010499;0
32;16;10;5;1;91;1510010546;91;255;1510010556;0
32;16;10;5;1;91;1510010627;91;255;1510010637;0
32;16;10;5;1;91;1510010722;91;255;1510010732;0
32;16;10;5;1;91;1510011428;91;255;1510011438;0
32;16;10;5;1;91;1510011489;91;255;1510011499;0
32;16;10;5;1;91;1510011569;91;255;1510011579;0
32;16;10;5;1;91;1510011662;91;255;1510011672;0
32;16;10;5;1;91;1510012371;91;255;1510012381;0
32;16;10;5;1;91;1510012433;91;255;1510012443;0
32;16;10;5;1;91;1510012509;91;255;1510012519;0
32;16;10;5;1;91;1510012601;91;255;1510012611;0
32;16;10;5;1;91;1510013313;91;255;1510013323;0
32;16;10;5;1;91;1510013376;91;255;1510013386;0
32;16;10;5;1;91;1510013450;91;255;1510013459;0
32;16;10;5;1;91;1510013545;91;255;1510013555;0
32;16;10;5;1;91;1510014254;91;255;1510014264;0
32;16;10;5;1;91;1510014318;91;255;1510014327;0
32;16;10;5;1;91;1510014390;91;255;1510014400;0
32;16;10;5;1;91;1510014486;91;255;1510014496;0
32;16;10;5;1;91;1510015196;91;255;1510015206;0
32;16;10;5;1;91;1510015259;91;255;1510015269;0
32;16;10;5;1;91;1510015330;91;255;1510015340;0
32;16;10;5;1;91;1510015428;91;255;1510015438;0
32;16;10;5;1;91;1510016138;91;255;1510016148;0
32;16;10;5;1;91;1510016200;91;255;1510016210;0
32;16;10;5;1;91;1510016273;91;255;1510016282;0
32;16;10;5;1;91;1510016368;91;255;1510016378;0
32;16;10;5;1;91;1510017079;91;255;1510017089;0
32;16;10;5;1;91;1510017144;91;255;1510017154;0
32;16;10;5;1;91;1510017212;91;255;1510017222;0
32;16;10;5;1;91;1510017310;91;255;1510017320;0
32;16;10;5;1;91;1510018019;91;255;1510018029;0
32;16;10;5;1;91;1510018085;91;255;1510018095;0
32;16;10;5;1;91;1510018155;91;255;1510018165;0
32;16;10;5;1;91;1510018253;91;255;1510018263;0
32;16;10;5;1;91;1510018959;91;255;1510018968;0
32;16;10;5;1;91;1510019030;91;255;1510019040;0
32;16;10;5;1;91;1510019095;91;255;1510019105;0
32;16;10;5;1;91;1510019194;91;255;1510019204;0
32;16;10;5;1;91;1510019901;91;255;1510019911;0
32;16;10;5;1;91;1510019974;91;255;1510019984;0
32;16;10;5;1;91;1510020035;91;255;1510020045;1
32;16;10;5;1;91;1510020134;91;255;1510020143;0
32;16;10;5;1;91;1510020843;91;255;1510020853;0
32;16;10;5;1;91;1510020916;91;255;1510020925;0
32;16;10;5;1;91;1510020976;91;255;1510020986;0
32;16;10;5;1;91;1510021075;91;255;1510021085;0
32;16;10;5;1;91;1510021783;91;255;1510021793;0
32;16;10;5;1;91;1510021856;91;255;1510021866;0
32;16;10;5;1;91;1510021918;91;255;1510021928;0
32;16;10;5;1;91;1510022017;91;255;1510022027;0
32;16;10;5;1;91;1510022722;91;255;1510022732;0
32;16;10;5;1;91;1510022796;91;255;1510022806;0
32;16;10;5;1;91;1510022862;91;255;1510022871;0
32;16;10;5;1;91;1510022957;91;255;1510022967;0
32;16;10;5;1;91;1510023666;91;255;1510023676;0
32;16;10;5;1;91;1510023738;91;255;1510023748;0
32;16;10;5;1;91;1510023804;91;255;1510023814;0
32;16;10;5;1;91;1510023898;91;255;1510023908;0
32;16;10;5;1;91;1510024608;91;255;1510024618;0
32;16;10;5;1;91;1510024679;91;255;1510024689;0
32;16;10;5;1;91;1510024746;91;255;1510024756;0
32;16;10;5;1;91;1510024839;91;255;1510024849;0
32;16;10;5;1;91;1510025552;91;255;1510025562;0
32;16;10;5;1;91;1510025619;91;255;1510025629;0
32;16;10;5;1;91;1510025688;91;255;1510025698;0
32;16;10;5;1;91;1510025779;91;255;1510025789;0
32;16;10;5;1;91;1510026493;91;255;1510026503;0
32;16;10;5;1;91;1510026559;91;255;1510026569;0
32;16;10;5;1;91;1510026630;91;255;1510026639;0
32;16;10;5;1;91;1510026721;91;255;1510026731;0
32;16;10;5;1;91;1510027434;91;255;1510027444;0
32;16;10;5;1;91;1510027500;91;255;1510027510;0
32;16;10;5;1;91;1510027572;91;255;1510027582;0
32;16;10;5;1;91;1510027662;91;255;1510027672;0
32;16;10;5;1;91;1510028377;91;255;1510028387;0
32;16;10;5;1;91;1510028443;91;255;1510028453;0
32;16;10;5;1;91;1510028514;91;255;1510028524;0
32;16;10;5;1;91;1510028600;91;255;1510028610;0
32;16;10;5;1;91;1510029319;91;255;1510029329;0
32;16;10;5;1;91;1510029385;91;255;1510029395;0
32;16;10;5;1;91;1510029454;91;255;1510029464;0
32;16;10;5;1;91;1510029542;91;255;1510029552;0
32;16;10;5;1;91;1510030259;91;255;1510030269;0
32;16;10;5;1;91;1510030329;91;255;1510030339;0
32;16;10;5;1;91;1510030400;91;255;1510030410;0
32;16;10;5;1;91;1510030481;91;255;1510030491;0
32;16;10;5;1;91;1510031202;91;255;1510031212;0
32;16;10;5;1;91;1510031268;91;255;1510031278;0
32;16;10;5;1;91;1510031342;91;255;1510031352;0
32;16;10;5;1;91;1510031424;91;255;1510031434;0
32;16;10;5;1;91;1510032142;91;255;1510032152;0
32;16;10;5;1;91;1510032208;91;255;1510032218;0
32;16;10;5;1;91;1510032286;91;255;1510032296;0
32;16;10;5;1;91;1510032366;91;255;1510032376;0
32;16;10;5;1;91;1510033083;91;255;1510033093;0
32;16;10;5;1;91;1510033150;91;255;1510033160;0
32;16;10;5;1;91;1510033228;91;255;1510033238;0
32;16;10;5;1;91;1510033306;91;255;1510033316;0
32;16;10;5;1;91;1510034026;91;255;1510034036;0
32;16;10;5;1;91;1510034091;91;255;1510034101;0
32;16;10;5;1;91;1510034168;91;255;1510034178;0
32;16;10;5;1;91;1510034246;91;255;1510034256;0
32;16;10;5;1;91;1510034967;91;255;1510034977;0
32;16;10;5;1;91;1510035033;91;255;1510035043;0
32;16;10;5;1;91;1510035108;91;255;1510035118;0
32;16;10;5;1;91;1510035189;91;255;1510035199;0
32;16;10;5;1;91;1510035909;91;255;1510035919;0
32;16;10;5;1;91;1510035975;91;255;1510035985;0
32;16;10;5;1;91;1510036051;91;255;1510036061;0
32;16;10;5;1;91;1510036127;91;255;1510036137;0
32;16;10;5;1;91;1510036850;91;255;1510036860;0
32;16;10;5;1;91;1510036918;91;255;1510036928;0
32;16;10;5;1;91;1510036992;91;255;1510037002;0
32;16;10;5;1;91;1510037068;91;255;1510037078;0
32;16;10;5;1;91;1510037794;91;255;1510037804;0
32;16;10;5;1;91;1510037860;91;255;1510037870;0
32;16;10;5;1;91;1510037932;91;255;1510037942;0
32;16;10;5;1;91;1510038009;91;255;1510038019;0
32;16;10;5;1;91;1510038735;91;255;1510038745;0
32;16;10;5;1;91;1510038802;91;255;1510038812;0
32;16;10;5;1;91;1510038872;91;255;1510038882;0
32;16;10;5;1;91;1510038950;91;255;1510038960;0
32;16;10;5;1;91;1510039676;91;255;1510039686;0
32;16;10;5;1;91;1510039743;91;255;1510039753;0
32;16;10;5;1;91;1510039816;91;255;1510039826;0
32;16;10;5;1;91;1510039891;91;255;1510039901;0
32;16;10;5;1;91;1510040617;91;255;1510040627;0
32;16;10;5;1;91;1510040683;91;255;1510040693;0
32;16;10;5;1;91;1510040759;91;255;1510040769;0
32;16;10;5;1;91;1510040831;91;255;1510040841;0
32;16;10;5;1;91;1510041559;91;255;1510041569;0
32;16;10;5;1;91;1510041627;91;255;1510041637;0
32;16;10;5;1;91;1510041702;91;255;1510041712;0
32;16;10;5;1;91;1510041771;91;255;1510041781;0
32;16;10;5;1;91;1510042501;91;255;1510042511;0
32;16;10;5;1;91;1510042567;91;255;1510042577;0
32;16;10;5;1;91;1510042644;91;255;1510042654;0
32;16;10;5;1;91;1510042713;91;255;1510042723;0
32;16;10;5;1;91;1510043440;91;255;1510043450;0
32;16;10;5;1;91;1510043511;91;255;1510043521;0
32;16;10;5;1;91;1510043584;91;255;1510043594;0
32;16;10;5;1;91;1510043657;91;255;1510043667;0
32;16;10;5;1;91;1510044383;91;255;1510044393;0
32;16;10;5;1;91;1510044456;91;255;1510044465;0
32;16;10;5;1;91;1510044527;91;255;1510044538;0
32;16;10;5;1;91;1510044602;91;255;1510044613;0
32;16;10;5;1;91;1510045374;91;255;1510045384;0
32;16;10;5;1;91;1510045442;91;255;1510045452;0
32;16;10;5;1;91;1510045519;91;255;1510045529;0
32;16;10;5;1;91;1510045601;91;255;1510045611;0
32;16;10;5;1;91;1510046390;91;255;1510046400;0
32;16;10;5;1;91;1510046470;91;255;1510046480;0
32;16;10;5;1;91;1510046546;91;255;1510046557;0
32;16;10;5;1;91;1510047355;91;255;1510047365;0
32;16;10;5;1;91;1510047372;91;255;1510047383;0
32;16;10;5;1;91;1510047374;91;255;1510047384;0
32;16;10;5;1;91;1510047375;91;255;1510047385;0
32;16;10;5;1;91;1510048334;91;255;1510048346;0
32;16;10;5;1;91;1510048350;91;255;1510048360;0
32;16;10;5;1;91;1510048353;91;255;1510048363;0
32;16;10;5;1;91;1510048360;91;255;1510048370;0
32;16;10;5;1;91;1510049353;91;255;1510049368;0
32;16;10;5;1;91;1510049362;91;255;1510049377;0
32;16;10;5;1;91;1510049362;91;255;1510049378;0
32;16;10;5;1;91;1510049387;91;255;1510049400;0
32;16;10;5;1;91;1510050329;91;255;1510050339;0
32;16;10;5;1;91;1510050336;91;255;1510050346;0
32;16;10;5;1;91;1510050353;91;255;1510050363;0
32;16;10;5;1;91;1510051288;91;255;1510051298;0
32;16;10;5;1;91;1510051293;91;255;1510051303;0
32;16;10;5;1;91;1510051311;91;255;1510051321;0
32;16;10;5;1;91;1510052244;91;255;1510052255;0
32;16;10;5;1;91;1510052250;91;255;1510052260;0
32;16;10;5;1;91;1510052269;91;255;1510052280;0
32;16;10;5;1;91;1510053202;91;255;1510053212;0
32;16;10;5;1;91;1510053208;91;255;1510053218;0
32;16;10;5;1;91;1510053226;91;255;1510053236;0
32;16;10;5;1;91;1510054159;91;255;1510054169;0
32;16;10;5;1;91;1510054167;91;255;1510054177;0
32;16;10;5;1;91;1510054185;91;255;1510054195;0
32;16;10;5;1;91;1510055118;91;255;1510055128;0
32;16;10;5;1;91;1510055127;91;255;1510055137;0
32;16;10;5;1;91;1510055147;91;255;1510055158;0
32;16;10;5;1;91;1510056089;91;255;1510056099;0
32;16;10;5;1;91;1510056105;91;255;1510056116;0
32;16;10;5;1;91;1510056124;91;255;1510056135;0
32;16;10;5;1;91;1510057044;91;255;1510057054;0
32;16;10;5;1;91;1510057066;91;255;1510057076;0
32;16;10;5;1;91;1510057093;91;255;1510057104;0
32;16;10;5;1;91;1510057988;91;255;1510057998;0
32;16;10;5;1;91;1510058009;91;255;1510058019;0
32;16;10;5;1;91;1510058036;91;255;1510058046;0
32;16;10;5;1;91;1510058928;91;255;1510058938;0
32;16;10;5;1;91;1510058949;91;255;1510058959;0
32;16;10;5;1;91;1510058976;91;255;1510058986;0
32;16;10;5;1;91;1510059869;91;255;1510059879;0
32;16;10;5;1;91;1510059890;91;255;1510059899;0
32;16;10;5;1;91;1510059917;91;255;1510059927;0
32;16;10;5;1;91;1510060829;91;255;1510060839;0
32;16;10;5;1;91;1510060848;91;255;1510060858;0
32;16;10;5;1;91;1510060883;91;255;1510060893;0
32;16;10;5;1;91;1510061809;91;255;1510061819;0
32;16;10;5;1;91;1510061817;91;255;1510061827;0
32;16;10;5;1;91;1510061854;91;255;1510061866;0
32;16;10;5;1;91;1510062786;91;255;1510062796;0
32;16;10;5;1;91;1510062791;91;255;1510062801;0
32;16;10;5;1;91;1510062834;91;255;1510062844;0
32;16;10;5;1;91;1510063739;91;255;1510063749;0
32;16;10;5;1;91;1510063741;91;255;1510063751;0
32;16;10;5;1;91;1510063785;91;255;1510063795;0
32;16;10;5;1;91;1510064704;91;255;1510064715;0
32;16;10;5;1;91;1510064705;91;255;1510064715;0
32;16;10;5;1;91;1510064754;91;255;1510064764;0
32;16;10;5;1;91;1510065666;91;255;1510065676;0
32;16;10;5;1;91;1510065668;91;255;1510065678;0
32;16;10;5;1;91;1510065717;91;255;1510065727;0
32;16;10;5;1;91;1510066627;91;255;1510066638;0
32;16;10;5;1;91;1510066629;91;255;1510066639;0
32;16;10;5;1;91;1510066682;91;255;1510066692;0
32;16;10;5;1;91;1510067590;91;255;1510067600;0
32;16;10;5;1;91;1510067591;91;255;1510067601;0
32;16;10;5;1;91;1510067646;91;255;1510067656;0
32;16;10;5;1;91;1510068541;91;255;1510068551;0
32;16;10;5;1;91;1510068543;91;255;1510068553;0
32;16;10;5;1;91;1510068596;91;255;1510068606;0
32;16;10;5;1;91;1510069496;91;255;1510069506;0
32;16;10;5;1;91;1510069506;91;255;1510069517;0
32;16;10;5;1;91;1510069554;91;255;1510069564;0
32;16;10;5;1;91;1510070461;91;255;1510070472;0
32;16;10;5;1;91;1510070475;91;255;1510070485;0
32;16;10;5;1;91;1510070521;91;255;1510070531;0
32;16;10;5;1;91;1510071428;91;255;1510071438;0
32;16;10;5;1;91;1510071437;91;255;1510071448;0
32;16;10;5;1;91;1510071484;91;255;1510071495;0
32;16;10;5;1;91;1510072393;91;255;1510072403;0
32;16;10;5;1;91;1510072398;91;255;1510072408;0
32;16;10;5;1;91;1510072439;91;255;1510072449;0
32;16;10;5;1;91;1510073337;91;255;1510073347;0
32;16;10;5;1;91;1510073343;91;255;1510073353;0
32;16;10;5;1;91;1510073383;91;255;1510073393;0
32;16;10;5;1;91;1510074280;91;255;1510074290;0
32;16;10;5;1;91;1510074286;91;255;1510074296;0
32;16;10;5;1;91;1510074327;91;255;1510074337;0
32;16;10;5;1;91;1510075223;91;255;1510075233;0
32;16;10;5;1;91;1510075229;91;255;1510075239;0
32;16;10;5;1;91;1510075272;91;255;1510075283;0
32;16;10;5;1;91;1510076034;91;255;1510076044;0
32;16;10;5;1;91;1510076206;91;255;1510076216;0
32;16;10;5;1;91;1510076211;91;255;1510076221;0
32;16;10;5;1;91;1510076252;91;255;1510076262;0
32;16;10;5;1;91;1510076976;91;255;1510076985;0
32;16;10;5;1;91;1510077145;91;255;1510077155;0
32;16;10;5;1;91;1510077151;91;255;1510077161;1
32;16;10;5;1;91;1510077191;91;255;1510077201;0
32;16;10;5;1;91;1510077914;91;255;1510077924;0
32;16;10;5;1;91;1510078084;91;255;1510078094;0
32;16;10;5;1;91;1510078092;91;255;1510078102;0
32;16;10;5;1;91;1510078132;91;255;1510078142;0
32;16;10;5;1;91;1510078853;91;255;1510078863;0
32;16;10;5;1;91;1510079024;91;255;1510079034;0
32;16;10;5;1;91;1510079032;91;255;1510079042;0
32;16;10;5;1;91;1510079072;91;255;1510079082;0
32;16;10;5;1;91;1510079794;91;255;1510079804;0
32;16;10;5;1;91;1510079963;91;255;1510079973;0
32;16;10;5;1;91;1510079971;91;255;1510079981;0
32;16;10;5;1;91;1510080012;91;255;1510080022;0
32;16;10;5;1;91;1510080735;91;255;1510080745;0
32;16;10;5;1;91;1510080903;91;255;1510080913;0
32;16;10;5;1;91;1510080910;91;255;1510080920;0
32;16;10;5;1;91;1510080953;91;255;1510080963;0
32;16;10;5;1;91;1510081675;91;255;1510081685;0
32;16;10;5;1;91;1510081842;91;255;1510081852;0
32;16;10;5;1;91;1510081849;91;255;1510081859;0
32;16;10;5;1;91;1510081893;91;255;1510081903;1
32;16;10;5;1;91;1510082612;91;255;1510082622;0
32;16;10;5;1;91;1510082783;91;255;1510082793;0
32;16;10;5;1;91;1510082790;91;255;1510082800;0
32;16;10;5;1;91;1510082834;91;255;1510082844;0
32;16;10;5;1;91;1510083551;91;255;1510083561;0
32;16;10;5;1;91;1510083722;91;255;1510083732;0
32;16;10;5;1;91;1510083733;91;255;1510083743;0
32;16;10;5;1;91;1510083773;91;255;1510083783;0
32;16;10;5;1;91;1510084490;91;255;1510084500;0
32;16;10;5;1;91;1510084661;91;255;1510084671;0
32;16;10;5;1;91;1510084674;91;255;1510084684;0
32;16;10;5;1;91;1510084713;91;255;1510084723;0
32;16;10;5;1;91;1510085430;91;255;1510085440;0
32;16;10;5;1;91;1510085602;91;255;1510085612;0
32;16;10;5;1;91;1510085615;91;255;1510085624;0
32;16;10;5;1;91;1510085653;91;255;1510085663;0
32;16;10;5;1;91;1510086368;91;255;1510086378;0
32;16;10;5;1;91;1510086543;91;255;1510086553;0
32;16;10;5;1;91;1510086557;91;255;1510086567;0
32;16;10;5;1;91;1510086593;91;255;1510086603;0
32;16;10;5;1;91;1510087308;91;255;1510087318;0
32;16;10;5;1;91;1510087484;91;255;1510087494;0
32;16;10;5;1;91;1510087497;91;255;1510087506;0
32;16;10;5;1;91;1510087532;91;255;1510087542;0
32;16;10;5;1;91;1510088248;91;255;1510088258;0
32;16;10;5;1;91;1510088425;91;255;1510088434;0
32;16;10;5;1;91;1510088436;91;255;1510088446;0
32;16;10;5;1;91;1510088471;91;255;1510088481;0
32;16;10;5;1;91;1510089188;91;255;1510089198;0
32;16;10;5;1;91;1510089364;91;255;1510089374;0
32;16;10;5;1;91;1510089377;91;255;1510089387;0
32;16;10;5;1;91;1510089411;91;255;1510089421;0
32;16;10;5;1;91;1510090126;91;255;1510090136;0
32;16;10;5;1;91;1510090303;91;255;1510090313;0
32;16;10;5;1;91;1510090317;91;255;1510090327;0
32;16;10;5;1;91;1510090355;91;255;1510090365;0
32;16;10;5;1;91;1510091066;91;255;1510091076;0
32;16;10;5;1;91;1510091243;91;255;1510091253;0
32;16;10;5;1;91;1510091257;91;255;1510091267;0
32;16;10;5;1;91;1510091296;91;255;1510091306;0
32;16;10;5;1;91;1510092005;91;255;1510092015;0
32;16;10;5;1;91;1510092183;91;255;1510092193;0
32;16;10;5;1;91;1510092198;91;255;1510092208;0
32;16;10;5;1;91;1510092236;91;255;1510092246;0
32;16;10;5;1;91;1510092944;91;255;1510092954;0
32;16;10;5;1;91;1510093123;91;255;1510093133;0
32;16;10;5;1;91;1510093140;91;255;1510093150;0
32;16;10;5;1;91;1510093177;91;255;1510093187;0
32;16;10;5;1;91;1510093884;91;255;1510093894;0
32;16;10;5;1;91;1510094062;91;255;1510094072;0
32;16;10;5;1;91;1510094078;91;255;1510094088;0
32;16;10;5;1;91;1510094119;91;255;1510094129;0
32;16;10;5;1;91;1510094825;91;255;1510094835;0
32;16;10;5;1;91;1510095002;91;255;1510095012;0
32;16;10;5;1;91;1510095017;91;255;1510095027;0
32;16;10;5;1;91;1510095059;91;255;1510095069;0
32;16;10;5;1;91;1510095768;91;255;1510095778;0
32;16;10;5;1;91;1510095941;91;255;1510095951;0
32;16;10;5;1;91;1510095955;91;255;1510095965;0
32;16;10;5;1;91;1510095999;91;255;1510096009;0
32;16;10;5;1;91;1510096710;91;255;1510096720;0
32;16;10;5;1;91;1510096880;91;255;1510096890;0
32;16;10;5;1;91;1510096895;91;255;1510096905;0
32;16;10;5;1;91;1510096940;91;255;1510096950;0
32;16;10;5;1;91;1510097649;91;255;1510097659;0
32;16;10;5;1;91;1510097821;91;255;1510097831;0
32;16;10;5;1;91;1510097834;91;255;1510097844;0
32;16;10;5;1;91;1510097881;91;255;1510097891;0
32;16;10;5;1;91;1510098589;91;255;1510098599;0
32;16;10;5;1;91;1510098763;91;255;1510098773;0
32;16;10;5;1;91;1510098772;91;255;1510098782;0
32;16;10;5;1;91;1510098821;91;255;1510098831;0
32;16;10;5;1;91;1510099529;91;255;1510099539;0
32;16;10;5;1;91;1510099704;91;255;1510099714;0
32;16;10;5;1;91;1510099710;91;255;1510099720;0
32;16;10;5;1;91;1510099762;91;255;1510099772;0
32;16;10;5;1;91;1510100470;91;255;1510100480;0
32;16;10;5;1;91;1510100644;91;255;1510100654;0
32;16;10;5;1;91;1510100649;91;255;1510100659;0
32;16;10;5;1;91;1510100701;91;255;1510100711;0
32;16;10;5;1;91;1510101410;91;255;1510101420;0
32;16;10;5;1;91;1510101583;91;255;1510101592;0
32;16;10;5;1;91;1510101591;91;255;1510101601;0
32;16;10;5;1;91;1510101641;91;255;1510101651;0
32;16;10;5;1;91;1510102351;91;255;1510102361;0
32;16;10;5;1;91;1510102522;91;255;1510102531;0
32;16;10;5;1;91;1510102530;91;255;1510102540;0
32;16;10;5;1;91;1510102583;91;255;1510102593;0
32;16;10;5;1;91;1510103288;91;255;1510103298;0
32;16;10;5;1;91;1510103461;91;255;1510103471;0
32;16;10;5;1;91;1510103471;91;255;1510103481;0
32;16;10;5;1;91;1510103524;91;255;1510103534;0
32;16;10;5;1;91;1510104227;91;255;1510104237;0
32;16;10;5;1;91;1510104400;91;255;1510104410;0
32;16;10;5;1;91;1510104412;91;255;1510104422;0
32;16;10;5;1;91;1510104464;91;255;1510104474;0
32;16;10;5;1;91;1510105166;91;255;1510105176;0
32;16;10;5;1;91;1510105339;91;255;1510105349;0
32;16;10;5;1;91;1510105353;91;255;1510105363;0
32;16;10;5;1;91;1510105404;91;255;1510105414;0
32;16;10;5;1;91;1510106108;91;255;1510106118;0
32;16;10;5;1;91;1510106280;91;255;1510106290;0
32;16;10;5;1;91;1510106291;91;255;1510106301;0
32;16;10;5;1;91;1510106343;91;255;1510106353;0
32;16;10;5;1;91;1510107046;91;255;1510107056;0
32;16;10;5;1;91;1510107224;91;255;1510107234;0
32;16;10;5;1;91;1510107232;91;255;1510107241;0
32;16;10;5;1;91;1510107284;91;255;1510107294;0
32;16;10;5;1;91;1510107985;91;255;1510107995;0
32;16;10;5;1;91;1510108165;91;255;1510108175;0
32;16;10;5;1;91;1510108171;91;255;1510108181;0
32;16;10;5;1;91;1510108225;91;255;1510108235;0
32;16;10;5;1;91;1510108925;91;255;1510108935;0
32;16;10;5;1;91;1510109105;91;255;1510109115;0
32;16;10;5;1;91;1510109111;91;255;1510109121;0
32;16;10;5;1;91;1510109165;91;255;1510109175;0
32;16;10;5;1;91;1510109864;91;255;1510109874;0
32;16;10;5;1;91;1510110046;91;255;1510110056;0
32;16;10;5;1;91;1510110052;91;255;1510110062;0
32;16;10;5;1;91;1510110107;91;255;1510110116;0
32;16;10;5;1;91;1510110804;91;255;1510110814;0
32;16;10;5;1;91;1510110985;91;255;1510110995;0
32;16;10;5;1;91;1510110993;91;255;1510111003;0
32;16;10;5;1;91;1510111046;91;255;1510111056;0
32;16;10;5;1;91;1510111744;91;255;1510111754;0
32;16;10;5;1;91;1510111926;91;255;1510111936;0
32;16;10;5;1;91;1510111933;91;255;1510111943;0
32;16;10;5;1;91;1510111985;91;255;1510111994;0
32;16;10;5;1;91;1510112681;91;255;1510112691;0
32;16;10;5;1;91;1510112869;91;255;1510112879;0
32;16;10;5;1;91;1510112872;91;255;1510112882;0
32;16;10;5;1;91;1510112925;91;255;1510112935;0
32;16;10;5;1;91;1510113619;91;255;1510113629;0
32;16;10;5;1;91;1510113811;91;255;1510113821;0
32;16;10;5;1;91;1510113812;91;255;1510113823;0
32;16;10;5;1;91;1510113865;91;255;1510113874;0
32;16;10;5;1;91;1510114557;91;255;1510114567;0
32;16;10;5;1;91;1510114751;91;255;1510114761;0
32;16;10;5;1;91;1510114754;91;255;1510114764;0
32;16;10;5;1;91;1510114804;91;255;1510114814;0
32;16;10;5;1;91;1510115498;91;255;1510115508;0
32;16;10;5;1;91;1510115690;91;255;1510115700;0
32;16;10;5;1;91;1510115693;91;255;1510115703;0
32;16;10;5;1;91;1510115744;91;255;1510115754;0
32;16;10;5;1;91;1510116440;91;255;1510116450;0
32;16;10;5;1;91;1510116630;91;255;1510116640;0
32;16;10;5;1;91;1510116632;91;255;1510116642;0
32;16;10;5;1;91;1510116683;91;255;1510116693;0
32;16;10;5;1;91;1510117380;91;255;1510117390;0
32;16;10;5;1;91;1510117569;91;255;1510117579;0
32;16;10;5;1;91;1510117574;91;255;1510117584;0
32;16;10;5;1;91;1510117622;91;255;1510117632;0
32;16;10;5;1;91;1510118321;91;255;1510118331;0
32;16;10;5;1;91;1510118509;91;255;1510118519;0
32;16;10;5;1;91;1510118516;91;255;1510118526;0
32;16;10;5;1;91;1510118562;91;255;1510118572;0
32;16;10;5;1;91;1510119264;91;255;1510119274;0
32;16;10;5;1;91;1510119448;91;255;1510119458;0
32;16;10;5;1;91;1510119456;91;255;1510119466;0
32;16;10;5;1;91;1510119501;91;255;1510119510;0
32;16;10;5;1;91;1510120207;91;255;1510120217;0
32;16;10;5;1;91;1510120386;91;255;1510120396;0
32;16;10;5;1;91;1510120395;91;255;1510120405;0
32;16;10;5;1;91;1510120440;91;255;1510120450;0
32;16;10;5;1;91;1510121147;91;255;1510121157;0
32;16;10;5;1;91;1510121327;91;255;1510121337;0
32;16;10;5;1;91;1510121335;91;255;1510121345;0
32;16;10;5;1;91;1510121379;91;255;1510121389;0
32;16;10;5;1;91;1510122089;91;255;1510122099;0
32;16;10;5;1;91;1510122267;91;255;1510122277;0
32;16;10;5;1;91;1510122275;91;255;1510122285;0
32;16;10;5;1;91;1510122319;91;255;1510122329;0
32;16;10;5;1;91;1510123029;91;255;1510123039;0
32;16;10;5;1;91;1510123207;91;255;1510123217;0
32;16;10;5;1;91;1510123216;91;255;1510123226;0
32;16;10;5;1;91;1510123261;91;255;1510123271;0
32;16;10;5;1;91;1510123969;91;255;1510123979;0
32;16;10;5;1;91;1510124146;91;255;1510124156;0
32;16;10;5;1;91;1510124157;91;255;1510124167;0
32;16;10;5;1;91;1510124201;91;255;1510124211;0
32;16;10;5;1;91;1510124910;91;255;1510124920;0
32;16;10;5;1;91;1510125086;91;255;1510125095;0
32;16;10;5;1;91;1510125097;91;255;1510125107;0
32;16;10;5;1;91;1510125141;91;255;1510125151;0
32;16;10;5;1;91;1510125849;91;255;1510125859;0
32;16;10;5;1;91;1510126026;91;255;1510126036;0
32;16;10;5;1;91;1510126037;91;255;1510126047;0
32;16;10;5;1;91;1510126082;91;255;1510126091;0
32;16;10;5;1;91;1510126787;91;255;1510126797;0
32;16;10;5;1;91;1510126966;91;255;1510126976;0
32;16;10;5;1;91;1510126976;91;255;1510126985;0
32;16;10;5;1;91;1510127022;91;255;1510127032;0
32;16;10;5;1;91;1510127728;91;255;1510127738;0
32;16;10;5;1;91;1510127904;91;255;1510127914;0
32;16;10;5;1;91;1510127914;91;255;1510127924;0
32;16;10;5;1;91;1510127964;91;255;1510127974;0
32;16;10;5;1;91;1510128666;91;255;1510128676;0
32;16;10;5;1;91;1510128845;91;255;1510128855;0
32;16;10;5;1;91;1510128854;91;255;1510128864;0
32;16;10;5;1;91;1510128904;91;255;1510128914;0
32;16;10;5;1;91;1510129605;91;255;1510129615;0
32;16;10;5;1;91;1510129790;91;255;1510129800;0
32;16;10;5;1;91;1510129798;91;255;1510129808;0
32;16;10;5;1;91;1510129844;91;255;1510129854;0
32;16;10;5;1;91;1510130603;91;255;1510130614;0
32;16;10;5;1;91;1510130808;91;255;1510130819;0
32;16;10;5;1;91;1510130813;91;255;1510130823;0
32;16;10;5;1;91;1510130858;91;255;1510130868;0
32;16;10;5;1;91;1510131604;91;255;1510131614;0
32;16;10;5;1;91;1510131801;91;255;1510131812;0
32;16;10;5;1;91;1510131812;91;255;1510131822;0
32;16;10;5;1;91;1510131855;91;255;1510131865;0
32;16;10;5;1;91;1510132576;91;255;1510132587;0
32;16;10;5;1;91;1510132756;91;255;1510132767;0
32;16;10;5;1;91;1510132781;91;255;1510132791;0
32;16;10;5;1;91;1510132823;91;255;1510132833;0
32;16;10;5;1;91;1510133594;91;255;1510133605;0
32;16;10;5;1;91;1510133759;91;255;1510133769;0
32;16;10;5;1;91;1510133791;91;255;1510133801;0
32;16;10;5;1;91;1510133840;91;255;1510133851;0
32;16;10;5;1;91;1510134585;91;255;1510134595;0
32;16;10;5;1;91;1510134759;91;255;1510134769;0
32;16;10;5;1;91;1510134790;91;255;1510134800;0
32;16;10;5;1;91;1510134823;91;255;1510134833;0
32;16;10;5;1;91;1510135588;91;255;1510135598;0
32;16;10;5;1;91;1510135753;91;255;1510135763;0
32;16;10;5;1;91;1510135788;91;255;1510135798;0
32;16;10;5;1;91;1510135818;91;255;1510135829;0
32;16;10;5;1;91;1510136590;91;255;1510136600;0
32;16;10;5;1;91;1510136756;91;255;1510136767;0
32;16;10;5;1;91;1510136784;91;255;1510136795;0
32;16;10;5;1;91;1510136827;91;255;1510136838;0
32;16;10;5;1;91;1510137576;91;255;1510137586;0
32;16;10;5;1;91;1510137758;91;255;1510137770;0
32;16;10;5;1;91;1510137768;91;255;1510137779;0
32;16;10;5;1;91;1510137814;91;255;1510137825;1
32;16;10;5;1;91;1510138593;91;255;1510138604;0
32;16;10;5;1;91;1510138770;91;255;1510138780;0
32;16;10;5;1;91;1510138783;91;255;1510138794;0
32;16;10;5;1;91;1510138839;91;255;1510138849;0
32;16;10;5;1;91;1510139578;91;255;1510139590;0
32;16;10;5;1;91;1510139749;91;255;1510139759;0
32;16;10;5;1;91;1510139804;91;255;1510139816;0
32;16;10;5;1;91;1510139810;91;255;1510139820;0
32;16;10;5;1;91;1510140561;91;255;1510140571;0
32;16;10;5;1;91;1510140723;91;255;1510140734;0
32;16;10;5;1;91;1510140786;91;255;1510140796;0
32;16;10;5;1;91;1510140801;91;255;1510140811;0
32;16;10;5;1;91;1510141553;91;255;1510141563;0
32;16;10;5;1;91;1510141695;91;255;1510141705;0
32;16;10;5;1;91;1510141756;91;255;1510141766;0
32;16;10;5;1;91;1510141799;91;255;1510141809;0
32;16;10;5;1;91;1510142552;91;255;1510142562;0
32;16;10;5;1;91;1510142740;91;255;1510142751;0
32;16;10;5;1;91;1510142773;91;255;1510142783;0
32;16;10;5;1;91;1510142841;91;255;1510142853;0
32;16;10;5;1;91;1510143586;91;255;1510143597;0
32;16;10;5;1;91;1510143764;91;255;1510143774;0
32;16;10;5;1;91;1510143792;91;255;1510143802;0
32;16;10;5;1;91;1510143868;91;255;1510143878;0
32;16;10;5;1;91;1510144556;91;255;1510144566;0
32;16;10;5;1;91;1510144723;91;255;1510144733;0
32;16;10;5;1;91;1510144753;91;255;1510144763;0
32;16;10;5;1;91;1510144830;91;255;1510144840;0
32;16;10;5;1;91;1510145496;91;255;1510145506;0
32;16;10;5;1;91;1510145664;91;255;1510145674;0
32;16;10;5;1;91;1510145695;91;255;1510145705;0
32;16;10;5;1;91;1510145770;91;255;1510145780;0
32;16;10;5;1;91;1510146435;91;255;1510146445;0
32;16;10;5;1;91;1510146607;91;255;1510146617;0
32;16;10;5;1;91;1510146638;91;255;1510146648;0
32;16;10;5;1;91;1510146714;91;255;1510146724;0
32;16;10;5;1;91;1510147409;91;255;1510147419;0
32;16;10;5;1;91;1510147581;91;255;1510147591;0
32;16;10;5;1;91;1510147611;91;255;1510147621;0
32;16;10;5;1;91;1510147683;91;255;1510147693;0
32;16;10;5;1;91;1510148378;91;255;1510148389;0
32;16;10;5;1;91;1510148558;91;255;1510148568;0
32;16;10;5;1;91;1510148576;91;255;1510148586;0
32;16;10;5;1;91;1510148658;91;255;1510148668;0
32;16;10;5;1;91;1510149344;91;255;1510149354;0
32;16;10;5;1;91;1510149518;91;255;1510149527;0
32;16;10;5;1;91;1510149530;91;255;1510149540;0
32;16;10;5;1;91;1510149608;91;255;1510149618;0
32;16;10;5;1;91;1510150285;91;255;1510150295;0
32;16;10;5;1;91;1510150469;91;255;1510150479;0
32;16;10;5;1;91;1510150477;91;255;1510150487;0
32;16;10;5;1;91;1510150558;91;255;1510150568;0
32;16;10;5;1;91;1510151250;91;255;1510151260;0
32;16;10;5;1;91;1510151430;91;255;1510151440;0
32;16;10;5;1;91;1510151439;91;255;1510151449;0
32;16;10;5;1;91;1510151528;91;255;1510151538;0
32;16;10;5;1;91;1510152235;91;255;1510152245;0
32;16;10;5;1;91;1510152414;91;255;1510152425;0
32;16;10;5;1;91;1510152431;91;255;1510152442;0
32;16;10;5;1;91;1510152513;91;255;1510152523;0
32;16;10;5;1;91;1510153210;91;255;1510153220;0
32;16;10;5;1;91;1510153383;91;255;1510153394;0
32;16;10;5;1;91;1510153406;91;255;1510153416;0
32;16;10;5;1;91;1510153483;91;255;1510153493;0
32;16;10;5;1;91;1510154182;91;255;1510154194;0
32;16;10;5;1;91;1510154361;91;255;1510154371;0
32;16;10;5;1;91;1510154384;91;255;1510154394;0
32;16;10;5;1;91;1510154452;91;255;1510154462;0
32;16;10;5;1;91;1510155143;91;255;1510155153;0
32;16;10;5;1;91;1510155314;91;255;1510155324;0
32;16;10;5;1;91;1510155341;91;255;1510155351;0
32;16;10;5;1;91;1510155409;91;255;1510155419;0
32;16;10;5;1;91;1510156117;91;255;1510156127;0
32;16;10;5;1;91;1510156295;91;255;1510156305;0
32;16;10;5;1;91;1510156322;91;255;1510156332;0
32;16;10;5;1;91;1510156396;91;255;1510156407;0
32;16;10;5;1;91;1510157104;91;255;1510157115;0
32;16;10;5;1;91;1510157285;91;255;1510157295;0
32;16;10;5;1;91;1510157314;91;255;1510157325;0
32;16;10;5;1;91;1510157382;91;255;1510157392;0
32;16;10;5;1;91;1510158084;91;255;1510158095;0
32;16;10;5;1;91;1510158264;91;255;1510158274;0
32;16;10;5;1;91;1510158296;91;255;1510158306;0
32;16;10;5;1;91;1510158363;91;255;1510158373;0
32;16;10;5;1;91;1510159041;91;255;1510159051;0
32;16;10;5;1;91;1510159221;91;255;1510159231;0
32;16;10;5;1;91;1510159254;91;255;1510159264;0
32;16;10;5;1;91;1510159318;91;255;1510159328;0
32;16;10;5;1;91;1510160004;91;255;1510160014;0
32;16;10;5;1;91;1510160199;91;255;1510160209;0
32;16;10;5;1;91;1510160227;91;255;1510160237;0
32;16;10;5;1;91;1510160297;91;255;1510160307;0
32;16;10;5;1;91;1510160979;91;255;1510160990;0
32;16;10;5;1;91;1510161164;91;255;1510161174;0
32;16;10;5;1;91;1510161207;91;255;1510161218;0
32;16;10;5;1;91;1510161266;91;255;1510161277;0
32;16;10;5;1;91;1510161961;91;255;1510161971;0
32;16;10;5;1;91;1510162134;91;255;1510162144;0
32;16;10;5;1;91;1510162172;91;255;1510162182;0
32;16;10;5;1;91;1510162230;91;255;1510162240;0
32;16;10;5;1;91;1510162919;91;255;1510162929;0
32;16;10;5;1;91;1510163099;91;255;1510163109;0
32;16;10;5;1;91;1510163153;91;255;1510163163;0
32;16;10;5;1;91;1510163189;91;255;1510163199;0
32;16;10;5;1;91;1510163864;91;255;1510163874;0
32;16;10;5;1;91;1510164045;91;255;1510164055;0
32;16;10;5;1;91;1510164107;91;255;1510164117;0
32;16;10;5;1;91;1510164135;91;255;1510164145;0
32;16;10;5;1;91;1510164805;91;255;1510164815;0
32;16;10;5;1;91;1510164988;91;255;1510164998;0
32;16;10;5;1;91;1510165048;91;255;1510165058;0
32;16;10;5;1;91;1510165080;91;255;1510165090;0
32;16;10;5;1;91;1510165748;91;255;1510165758;0
32;16;10;5;1;91;1510165931;91;255;1510165941;0
32;16;10;5;1;91;1510165993;91;255;1510166003;0
32;16;10;5;1;91;1510166021;91;255;1510166031;0
32;16;10;5;1;91;1510166692;91;255;1510166702;0
32;16;10;5;1;91;1510166873;91;255;1510166883;0
32;16;10;5;1;91;1510166935;91;255;1510166945;0
32;16;10;5;1;91;1510166965;91;255;1510166975;0
32;16;10;5;1;91;1510167634;91;255;1510167644;1
32;16;10;5;1;91;1510167814;91;255;1510167824;0
32;16;10;5;1;91;1510167877;91;255;1510167887;0
32;16;10;5;1;91;1510167910;91;255;1510167920;0
32;16;10;5;1;91;1510168576;91;255;1510168586;0
32;16;10;5;1;91;1510168757;91;255;1510168767;0
32;16;10;5;1;91;1510168819;91;255;1510168829;0
32;16;10;5;1;91;1510168852;91;255;1510168862;0
32;16;10;5;1;91;1510169518;91;255;1510169529;0
32;16;10;5;1;91;1510169700;91;255;1510169710;0
32;16;10;5;1;91;1510169762;91;255;1510169772;0
32;16;10;5;1;91;1510169793;91;255;1510169803;0
32;16;10;5;1;91;1510170460;91;255;1510170470;0
32;16;10;5;1;91;1510170642;91;255;1510170652;0
32;16;10;5;1;91;1510170705;91;255;1510170715;0
32;16;10;5;1;91;1510170736;91;255;1510170746;0
32;16;10;5;1;91;1510171404;91;255;1510171414;0
32;16;10;5;1;91;1510171584;91;255;1510171594;0
32;16;10;5;1;91;1510171651;91;255;1510171661;0
32;16;10;5;1;91;1510171678;91;255;1510171688;1
32;16;10;5;1;91;1510172344;91;255;1510172353;0
32;16;10;5;1;91;1510172526;91;255;1510172536;0
32;16;10;5;1;91;1510172592;91;255;1510172602;0
32;16;10;5;1;91;1510172622;91;255;1510172632;0
32;16;10;5;1;91;1510173288;91;255;1510173298;0
32;16;10;5;1;91;1510173467;91;255;1510173477;0
32;16;10;5;1;91;1510173535;91;255;1510173545;0
32;16;10;5;1;91;1510173565;91;255;1510173575;0
32;16;10;5;1;91;1510174232;91;255;1510174242;0
32;16;10;5;1;91;1510174409;91;255;1510174419;0
32;16;10;5;1;91;1510174478;91;255;1510174488;0
32;16;10;5;1;91;1510174505;91;255;1510174515;0
32;16;10;5;1;91;1510175176;91;255;1510175186;0
32;16;10;5;1;91;1510175351;91;255;1510175361;0
32;16;10;5;1;91;1510175422;91;255;1510175432;0
32;16;10;5;1;91;1510175447;91;255;1510175457;0
32;16;10;5;1;91;1510176120;91;255;1510176130;1
32;16;10;5;1;91;1510176291;91;255;1510176301;0
32;16;10;5;1;91;1510176363;91;255;1510176372;0
32;16;10;5;1;91;1510176388;91;255;1510176398;0
32;16;10;5;1;91;1510177063;91;255;1510177073;0
32;16;10;5;1;91;1510177235;91;255;1510177245;0
32;16;10;5;1;91;1510177305;91;255;1510177315;0
32;16;10;5;1;91;1510177330;91;255;1510177340;0
32;16;10;5;1;91;1510178005;91;255;1510178015;0
32;16;10;5;1;91;1510178178;91;255;1510178187;0
32;16;10;5;1;91;1510178248;91;255;1510178258;0
32;16;10;5;1;91;1510178271;91;255;1510178281;0
32;16;10;5;1;91;1510178949;91;255;1510178959;0
32;16;10;5;1;91;1510179122;91;255;1510179132;0
32;16;10;5;1;91;1510179187;91;255;1510179197;0
32;16;10;5;1;91;1510179213;91;255;1510179223;0
32;16;10;5;1;91;1510179892;91;255;1510179902;0
32;16;10;5;1;91;1510180064;91;255;1510180074;0
32;16;10;5;1;91;1510180128;91;255;1510180138;0
32;16;10;5;1;91;1510180154;91;255;1510180164;0
32;16;10;5;1;91;1510180836;91;255;1510180846;0
32;16;10;5;1;91;1510181005;91;255;1510181015;0
32;16;10;5;1;91;1510181070;91;255;1510181080;0
32;16;10;5;1;91;1510181098;91;255;1510181108;0
32;16;10;5;1;91;1510181780;91;255;1510181790;0
32;16;10;5;1;91;1510181949;91;255;1510181959;0
32;16;10;5;1;91;1510182013;91;255;1510182023;0
32;16;10;5;1;91;1510182040;91;255;1510182050;0
32;16;10;5;1;91;1510182724;91;255;1510182734;0
32;16;10;5;1;91;1510182890;91;255;1510182900;0
32;16;10;5;1;91;1510182955;91;255;1510182965;0
32;16;10;5;1;91;1510182982;91;255;1510182992;0
32;16;10;5;1;91;1510183666;91;255;1510183676;0
32;16;10;5;1;91;1510183832;91;255;1510183842;0
32;16;10;5;1;91;1510183896;91;255;1510183906;0
32;16;10;5;1;91;1510183923;91;255;1510183934;0
32;16;10;5;1;91;1510184610;91;255;1510184620;0
32;16;10;5;1;91;1510184776;91;255;1510184786;0
32;16;10;5;1;91;1510184840;91;255;1510184850;0
32;16;10;5;1;91;1510184864;91;255;1510184874;0
32;16;10;5;1;91;1510185553;91;255;1510185563;0
32;16;10;5;1;91;1510185720;91;255;1510185730;0
32;16;10;5;1;91;1510185783;91;255;1510185793;0
32;16;10;5;1;91;1510185806;91;255;1510185816;0
32;16;10;5;1;91;1510186494;91;255;1510186504;0
32;16;10;5;1;91;1510186663;91;255;1510186673;0
32;16;10;5;1;91;1510186723;91;255;1510186733;0
32;16;10;5;1;91;1510186747;91;255;1510186757;0
32;16;10;5;1;91;1510187437;91;255;1510187447;0
32;16;10;5;1;91;1510187606;91;255;1510187616;0
32;16;10;5;1;91;1510187664;91;255;1510187674;0
32;16;10;5;1;91;1510187689;91;255;1510187698;0
32;16;10;5;1;91;1510188378;91;255;1510188388;0
32;16;10;5;1;91;1510188548;91;255;1510188558;0
32;16;10;5;1;91;1510188606;91;255;1510188616;0
32;16;10;5;1;91;1510188632;91;255;1510188642;0
32;16;10;5;1;91;1510189318;91;255;1510189328;0
32;16;10;5;1;91;1510189493;91;255;1510189503;0
32;16;10;5;1;91;1510189548;91;255;1510189558;0
32;16;10;5;1;91;1510189576;91;255;1510189586;0
32;16;10;5;1;91;1510190259;91;255;1510190269;0
32;16;10;5;1;91;1510190433;91;255;1510190443;0
32;16;10;5;1;91;1510190488;91;255;1510190498;0
32;16;10;5;1;91;1510190520;91;255;1510190530;0
32;16;10;5;1;91;1510191200;91;255;1510191210;0
32;16;10;5;1;91;1510191377;91;255;1510191387;0
32;16;10;5;1;91;1510191429;91;255;1510191439;0
32;16;10;5;1;91;1510191463;91;255;1510191473;0
32;16;10;5;1;91;1510192144;91;255;1510192154;0
32;16;10;5;1;91;1510192320;91;255;1510192330;0
32;16;10;5;1;91;1510192368;91;255;1510192377;0
32;16;10;5;1;91;1510192406;91;255;1510192416;0
32;16;10;5;1;91;1510193086;91;255;1510193096;0
32;16;10;5;1;91;1510193261;91;255;1510193271;0
32;16;10;5;1;91;1510193311;91;255;1510193321;0
32;16;10;5;1;91;1510193350;91;255;1510193360;0
32;16;10;5;1;91;1510194025;91;255;1510194035;0
32;16;10;5;1;91;1510194203;91;255;1510194213;0
32;16;10;5;1;91;1510194253;91;255;1510194263;0
32;16;10;5;1;91;1510194292;91;255;1510194302;0
32;16;10;5;1;91;1510194968;91;255;1510194978;0
32;16;10;5;1;91;1510195147;91;255;1510195157;0
32;16;10;5;1;91;1510195194;91;255;1510195204;0
32;16;10;5;1;91;1510195235;91;255;1510195244;0
32;16;10;5;1;91;1510195911;91;255;1510195921;0
32;16;10;5;1;91;1510196091;91;255;1510196101;0
32;16;10;5;1;91;1510196137;91;255;1510196147;0
32;16;10;5;1;91;1510196175;91;255;1510196185;0
32;16;10;5;1;91;1510196854;91;255;1510196864;0
32;16;10;5;1;91;1510197033;91;255;1510197043;0
32;16;10;5;1;91;1510197080;91;255;1510197090;0
32;16;10;5;1;91;1510197115;91;255;1510197125;0
32;16;10;5;1;91;1510197796;91;255;1510197806;0
32;16;10;5;1;91;1510197974;91;255;1510197984;0
32;16;10;5;1;91;1510198024;91;255;1510198034;0
32;16;10;5;1;91;1510198056;91;255;1510198066;0
32;16;10;5;1;91;1510198737;91;255;1510198747;0
32;16;10;5;1;91;1510198915;91;255;1510198925;0
32;16;10;5;1;91;1510198970;91;255;1510198980;0
32;16;10;5;1;91;1510198998;91;255;1510199008;0
32;16;10;5;1;91;1510199678;91;255;1510199688;0
32;16;10;5;1;91;1510199857;91;255;1510199867;0
32;16;10;5;1;91;1510199916;91;255;1510199926;0
32;16;10;5;1;91;1510199938;91;255;1510199948;0
32;16;10;5;1;91;1510200620;91;255;1510200630;0
32;16;10;5;1;91;1510200797;91;255;1510200807;0
32;16;10;5;1;91;1510200861;91;255;1510200871;0
32;16;10;5;1;91;1510200878;91;255;1510200888;0
32;16;10;5;1;91;1510201561;91;255;1510201571;0
32;16;10;5;1;91;1510201738;91;255;1510201748;0
32;16;10;5;1;91;1510201804;91;255;1510201814;0
32;16;10;5;1;91;1510201820;91;255;1510201830;0
32;16;10;5;1;91;1510202503;91;255;1510202513;0
32;16;10;5;1;91;1510202682;91;255;1510202692;0
32;16;10;5;1;91;1510202746;91;255;1510202756;0
32;16;10;5;1;91;1510202763;91;255;1510202773;0
32;16;10;5;1;91;1510203445;91;255;1510203455;0
32;16;10;5;1;91;1510203626;91;255;1510203636;0
32;16;10;5;1;91;1510203687;91;255;1510203697;0
32;16;10;5;1;91;1510203708;91;255;1510203718;0
32;16;10;5;1;91;1510204385;91;255;1510204395;0
32;16;10;5;1;91;1510204567;91;255;1510204577;0
32;16;10;5;1;91;1510204629;91;255;1510204639;0
32;16;10;5;1;91;1510204652;91;255;1510204662;0
32;16;10;5;1;91;1510205327;91;255;1510205337;0
32;16;10;5;1;91;1510205508;91;255;1510205518;0
32;16;10;5;1;91;1510205573;91;255;1510205583;0
32;16;10;5;1;91;1510205594;91;255;1510205604;0
32;16;10;5;1;91;1510206271;91;255;1510206281;0
32;16;10;5;1;91;1510206450;91;255;1510206460;0
32;16;10;5;1;91;1510206516;91;255;1510206526;0
32;16;10;5;1;91;1510206539;91;255;1510206549;0
32;16;10;5;1;91;1510207214;91;255;1510207224;0
32;16;10;5;1;91;1510207393;91;255;1510207403;0
32;16;10;5;1;91;1510207459;91;255;1510207469;0
32;16;10;5;1;91;1510207481;91;255;1510207491;0
32;16;10;5;1;91;1510208154;91;255;1510208164;0
32;16;10;5;1;91;1510208335;91;255;1510208345;0
32;16;10;5;1;91;1510208402;91;255;1510208412;0
32;16;10;5;1;91;1510208421;91;255;1510208431;0
32;16;10;5;1;91;1510209095;91;255;1510209105;0
32;16;10;5;1;91;1510209278;91;255;1510209288;0
32;16;10;5;1;91;1510209343;91;255;1510209353;0
32;16;10;5;1;91;1510209364;91;255;1510209374;0
32;16;10;5;1;91;1510210038;91;255;1510210048;0
32;16;10;5;1;91;1510210219;91;255;1510210229;0
32;16;10;5;1;91;1510210286;91;255;1510210296;0
32;16;10;5;1;91;1510210306;91;255;1510210316;0
32;16;10;5;1;91;1510210982;91;255;1510210992;0
32;16;10;5;1;91;1510211160;91;255;1510211170;0
32;16;10;5;1;91;1510211229;91;255;1510211239;0
32;16;10;5;1;91;1510211250;91;255;1510211260;0
32;16;10;5;1;91;1510211924;91;255;1510211934;0
32;16;10;5;1;91;1510212102;91;255;1510212112;0
32;16;10;5;1;91;1510212168;91;255;1510212178;0
32;16;10;5;1;91;1510212191;91;255;1510212201;0
32;16;10;5;1;91;1510212866;91;255;1510212876;0
32;16;10;5;1;91;1510213045;91;255;1510213055;0
32;16;10;5;1;91;1510213112;91;255;1510213122;0
32;16;10;5;1;91;1510213134;91;255;1510213144;0
32;16;10;5;1;91;1510213808;91;255;1510213818;0
32;16;10;5;1;91;1510213987;91;255;1510213997;0
32;16;10;5;1;91;1510214054;91;255;1510214063;0
32;16;10;5;1;91;1510214077;91;255;1510214087;0
32;16;10;5;1;91;1510214751;91;255;1510214761;0
32;16;10;5;1;91;1510214929;91;255;1510214939;0
32;16;10;5;1;91;1510214995;91;255;1510215005;0
32;16;10;5;1;91;1510215020;91;255;1510215030;0
32;16;10;5;1;91;1510215692;91;255;1510215702;0
32;16;10;5;1;91;1510215869;91;255;1510215879;1
32;16;10;5;1;91;1510215936;91;255;1510215946;0
32;16;10;5;1;91;1510215964;91;255;1510215974;0
32;16;10;5;1;91;1510216636;91;255;1510216646;0
32;16;10;5;1;91;1510216812;91;255;1510216822;0
32;16;10;5;1;91;1510216879;91;255;1510216889;0
32;16;10;5;1;91;1510216907;91;255;1510216917;0
32;16;10;5;1;91;1510217578;91;255;1510217588;0
32;16;10;5;1;91;1510217754;91;255;1510217764;0
32;16;10;5;1;91;1510217820;91;255;1510217830;0
32;16;10;5;1;91;1510217850;91;255;1510217860;0
32;16;10;5;1;91;1510218520;91;255;1510218530;0
32;16;10;5;1;91;1510218696;91;255;1510218706;0
32;16;10;5;1;91;1510218762;91;255;1510218772;0
32;16;10;5;1;91;1510218791;91;255;1510218802;0
32;16;10;5;1;91;1510219497;91;255;1510219507;0
32;16;10;5;1;91;1510219691;91;255;1510219702;0
32;16;10;5;1;91;1510219748;91;255;1510219759;0
32;16;10;5;1;91;1510219779;91;255;1510219789;0
32;16;10;5;1;91;1510220517;91;255;1510220527;0
32;16;10;5;1;91;1510220708;91;255;1510220718;0
32;16;10;5;1;91;1510220753;91;255;1510220764;0
32;16;10;5;1;91;1510220792;91;255;1510220803;0
32;16;10;5;1;91;1510221492;91;255;1510221502;0
32;16;10;5;1;91;1510221687;91;255;1510221697;0
32;16;10;5;1;91;1510221733;91;255;1510221743;0
32;16;10;5;1;91;1510221793;91;255;1510221804;0
32;16;10;5;1;91;1510222503;91;255;1510222513;0
32;16;10;5;1;91;1510222701;91;255;1510222711;0
32;16;10;5;1;91;1510222746;91;255;1510222757;0
32;16;10;5;1;91;1510222805;91;255;1510222816;0
32;16;10;5;1;91;1510223508;91;255;1510223520;0
32;16;10;5;1;91;1510223710;91;255;1510223721;0
32;16;10;5;1;91;1510223766;91;255;1510223778;1
32;16;10;5;1;91;1510223831;91;255;1510223841;0
32;16;10;5;1;91;1510224517;91;255;1510224528;0
32;16;10;5;1;91;1510224716;91;255;1510224727;0
32;16;10;5;1;91;1510224774;91;255;1510224784;0
32;16;10;5;1;91;1510224831;91;255;1510224841;0
32;16;10;5;1;91;1510225520;91;255;1510225530;0
32;16;10;5;1;91;1510225704;91;255;1510225714;0
32;16;10;5;1;91;1510225757;91;255;1510225768;0
32;16;10;5;1;91;1510225809;91;255;1510225819;0
32;16;10;5;1;91;1510226539;91;255;1510226549;0
32;16;10;5;1;91;1510226721;91;255;1510226732;0
32;16;10;5;1;91;1510226771;91;255;1510226781;0
32;16;10;5;1;91;1510226832;91;255;1510226842;0
32;16;10;5;1;91;1510253505;91;255;1510253515;0
32;16;10;5;1;91;1510253507;91;255;1510253517;0
32;16;10;5;1;91;1510253508;91;255;1510253518;0
32;16;10;5;1;91;1510253511;91;255;1510253521;0
32;16;10;5;1;91;1510254440;91;255;1510254449;0
32;16;10;5;1;91;1510254441;91;255;1510254450;0
32;16;10;5;1;91;1510254443;91;255;1510254453;0
32;16;10;5;1;91;1510254463;91;255;1510254473;0
32;16;10;5;1;91;1510255373;91;255;1510255383;0
32;16;10;5;1;91;1510255374;91;255;1510255383;0
32;16;10;5;1;91;1510255375;91;255;1510255385;0
32;16;10;5;1;91;1510255397;91;255;1510255407;0
32;16;10;5;1;91;1510256304;91;255;1510256314;0
32;16;10;5;1;91;1510256306;91;255;1510256315;0
32;16;10;5;1;91;1510256311;91;255;1510256320;0
32;16;10;5;1;91;1510256331;91;255;1510256341;0
32;16;10;5;1;91;1510257235;91;255;1510257245;0
32;16;10;5;1;91;1510257237;91;255;1510257247;0
32;16;10;5;1;91;1510257246;91;255;1510257256;0
32;16;10;5;1;91;1510257267;91;255;1510257277;0
32;16;10;5;1;91;1510258166;91;255;1510258176;0
32;16;10;5;1;91;1510258169;91;255;1510258179;0
32;16;10;5;1;91;1510258182;91;255;1510258192;0
32;16;10;5;1;91;1510258201;91;255;1510258211;0
32;16;10;5;1;91;1510259097;91;255;1510259106;0
32;16;10;5;1;91;1510259101;91;255;1510259111;0
32;16;10;5;1;91;1510259117;91;255;1510259127;0
32;16;10;5;1;91;1510259136;91;255;1510259146;0
32;16;10;5;1;91;1510260027;91;255;1510260037;0
32;16;10;5;1;91;1510260033;91;255;1510260042;0
32;16;10;5;1;91;1510260053;91;255;1510260063;0
32;16;10;5;1;91;1510260071;91;255;1510260081;0
32;16;10;5;1;91;1510260958;91;255;1510260968;0
32;16;10;5;1;91;1510260966;91;255;1510260975;0
32;16;10;5;1;91;1510260988;91;255;1510260998;0
32;16;10;5;1;91;1510261007;91;255;1510261016;0
32;16;10;5;1;91;1510261890;91;255;1510261900;0
32;16;10;5;1;91;1510261897;91;255;1510261907;0
32;16;10;5;1;91;1510261924;91;255;1510261934;0
32;16;10;5;1;91;1510261943;91;255;1510261953;0
32;16;10;5;1;91;1510262821;91;255;1510262831;0
32;16;10;5;1;91;1510262828;91;255;1510262838;0
32;16;10;5;1;91;1510262859;91;255;1510262869;0
32;16;10;5;1;91;1510262878;91;255;1510262888;0
32;16;10;5;1;91;1510263752;91;255;1510263762;0
32;16;10;5;1;91;1510263760;91;255;1510263769;0
32;16;10;5;1;91;1510263796;91;255;1510263806;0
32;16;10;5;1;91;1510263813;91;255;1510263823;0
32;16;10;5;1;91;1510264684;91;255;1510264694;0
32;16;10;5;1;91;1510264691;91;255;1510264701;0
32;16;10;5;1;91;1510264731;91;255;1510264741;0
32;16;10;5;1;91;1510264748;91;255;1510264758;0
32;16;10;5;1;91;1510265615;91;255;1510265625;0
32;16;10;5;1;91;1510265623;91;255;1510265633;0
32;16;10;5;1;91;1510265668;91;255;1510265678;0
32;16;10;5;1;91;1510265683;91;255;1510265693;0
32;16;10;5;1;91;1510266546;91;255;1510266556;0
32;16;10;5;1;91;1510266554;91;255;1510266564;0
32;16;10;5;1;91;1510266604;91;255;1510266614;0
32;16;10;5;1;91;1510266618;91;255;1510266628;0
32;16;10;5;1;91;1510267476;91;255;1510267486;0
32;16;10;5;1;91;1510267486;91;255;1510267496;0
32;16;10;5;1;91;1510267541;91;255;1510267551;0
32;16;10;5;1;91;1510267553;91;255;1510267563;0
32;16;10;5;1;91;1510268407;91;255;1510268417;0
32;16;10;5;1;91;1510268417;91;255;1510268427;0
32;16;10;5;1;91;1510268477;91;255;1510268487;0
32;16;10;5;1;91;1510268488;91;255;1510268498;0
32;16;10;5;1;91;1510269339;91;255;1510269348;0
32;16;10;5;1;91;1510269349;91;255;1510269359;0
32;16;10;5;1;91;1510269415;91;255;1510269425;0
32;16;10;5;1;91;1510269423;91;255;1510269433;0
32;16;10;5;1;91;1510270270;91;255;1510270280;0
32;16;10;5;1;91;1510270282;91;255;1510270292;0
32;16;10;5;1;91;1510270352;91;255;1510270362;0
32;16;10;5;1;91;1510270359;91;255;1510270369;1
32;16;10;5;1;91;1510271201;91;255;1510271211;0
32;16;10;5;1;91;1510271214;91;255;1510271224;0
32;16;10;5;1;91;1510271289;91;255;1510271299;0
32;16;10;5;1;91;1510271295;91;255;1510271305;0
32;16;10;5;1;91;1510272133;91;255;1510272143;0
32;16;10;5;1;91;1510272150;91;255;1510272160;0
32;16;10;5;1;91;1510272221;91;255;1510272231;0
32;16;10;5;1;91;1510272230;91;255;1510272240;0
32;16;10;5;1;91;1510273064;91;255;1510273074;0
32;16;10;5;1;91;1510273087;91;255;1510273097;0
32;16;10;5;1;91;1510273153;91;255;1510273163;0
32;16;10;5;1;91;1510273166;91;255;1510273175;0
32;16;10;5;1;91;1510273995;91;255;1510274005;0
32;16;10;5;1;91;1510274023;91;255;1510274033;0
32;16;10;5;1;91;1510274084;91;255;1510274094;0
32;16;10;5;1;91;1510274103;91;255;1510274113;0
32;16;10;5;1;91;1510274926;91;255;1510274936;0
32;16;10;5;1;91;1510274960;91;255;1510274970;0
32;16;10;5;1;91;1510275016;91;255;1510275026;0
32;16;10;5;1;91;1510275039;91;255;1510275049;0
32;16;10;5;1;91;1510275857;91;255;1510275867;0
32;16;10;5;1;91;1510275897;91;255;1510275907;0
32;16;10;5;1;91;1510275951;91;255;1510275961;0
32;16;10;5;1;91;1510275971;91;255;1510275981;0
32;16;10;5;1;91;1510276788;91;255;1510276798;0
32;16;10;5;1;91;1510276834;91;255;1510276843;0
32;16;10;5;1;91;1510276887;91;255;1510276897;0
32;16;10;5;1;91;1510276903;91;255;1510276913;0
32;16;10;5;1;91;1510277720;91;255;1510277730;0
32;16;10;5;1;91;1510277770;91;255;1510277780;0
32;16;10;5;1;91;1510277823;91;255;1510277833;0
32;16;10;5;1;91;1510277834;91;255;1510277844;0
32;16;10;5;1;91;1510278651;91;255;1510278661;0
32;16;10;5;1;91;1510278707;91;255;1510278717;0
32;16;10;5;1;91;1510278759;91;255;1510278769;0
32;16;10;5;1;91;1510278766;91;255;1510278775;0
32;16;10;5;1;91;1510279582;91;255;1510279592;0
32;16;10;5;1;91;1510279644;91;255;1510279654;0
32;16;10;5;1;91;1510279695;91;255;1510279704;0
32;16;10;5;1;91;1510279697;91;255;1510279707;0
32;16;10;5;1;91;1510280513;91;255;1510280523;0
32;16;10;5;1;91;1510280581;91;255;1510280591;0
32;16;10;5;1;91;1510280629;91;255;1510280638;0
32;16;10;5;1;91;1510280630;91;255;1510280640;1
32;16;10;5;1;91;1510281444;91;255;1510281454;0
32;16;10;5;1;91;1510281519;91;255;1510281528;0
32;16;10;5;1;91;1510281560;91;255;1510281570;0
32;16;10;5;1;91;1510281566;91;255;1510281576;0
32;16;10;5;1;91;1510282375;91;255;1510282384;0
32;16;10;5;1;91;1510282459;91;255;1510282469;0
32;16;10;5;1;91;1510282492;91;255;1510282501;0
32;16;10;5;1;91;1510282502;91;255;1510282512;0
32;16;10;5;1;91;1510283306;91;255;1510283316;0
32;16;10;5;1;91;1510283396;91;255;1510283406;0
32;16;10;5;1;91;1510283423;91;255;1510283433;0
32;16;10;5;1;91;1510283437;91;255;1510283447;0
32;16;10;5;1;91;1510284236;91;255;1510284246;0
32;16;10;5;1;91;1510284334;91;255;1510284344;0
32;16;10;5;1;91;1510284354;91;255;1510284364;0
32;16;10;5;1;91;1510284373;91;255;1510284383;0
32;16;10;5;1;91;1510285167;91;255;1510285177;0
32;16;10;5;1;91;1510285271;91;255;1510285281;0
32;16;10;5;1;91;1510285288;91;255;1510285298;0
32;16;10;5;1;91;1510285306;91;255;1510285316;0
32;16;10;5;1;91;1510286098;91;255;1510286108;0
32;16;10;5;1;91;1510286209;91;255;1510286219;0
32;16;10;5;1;91;1510286224;91;255;1510286233;0
32;16;10;5;1;91;1510286237;91;255;1510286247;0
32;16;10;5;1;91;1510287029;91;255;1510287039;0
32;16;10;5;1;91;1510287146;91;255;1510287156;0
32;16;10;5;1;91;1510287160;91;255;1510287170;0
32;16;10;5;1;91;1510287169;91;255;1510287179;0
32;16;10;5;1;91;1510287960;91;255;1510287970;0
32;16;10;5;1;91;1510288084;91;255;1510288094;0
32;16;10;5;1;91;1510288097;91;255;1510288106;0
32;16;10;5;1;91;1510288101;91;255;1510288111;0
32;16;10;5;1;91;1510288892;91;255;1510288902;0
32;16;10;5;1;91;1510289021;91;255;1510289031;0
32;16;10;5;1;91;1510289032;91;255;1510289042;0
32;16;10;5;1;91;1510289032;91;255;1510289042;0
32;16;10;5;1;91;1510289825;91;255;1510289835;0
32;16;10;5;1;91;1510289959;91;255;1510289969;0
32;16;10;5;1;91;1510289964;91;255;1510289973;0
32;16;10;5;1;91;1510289966;91;255;1510289976;0
32;16;10;5;1;91;1510290757;91;255;1510290767;0
32;16;10;5;1;91;1510290896;91;255;1510290906;0
32;16;10;5;1;91;1510290897;91;255;1510290907;0
32;16;10;5;1;91;1510290901;91;255;1510290911;0
32;16;10;5;1;91;1510291689;91;255;1510291699;0
32;16;10;5;1;91;1510291827;91;255;1510291837;0
32;16;10;5;1;91;1510291835;91;255;1510291845;0
32;16;10;5;1;91;1510291836;91;255;1510291846;0
32;16;10;5;1;91;1510292622;91;255;1510292632;0
32;16;10;5;1;91;1510292759;91;255;1510292769;0
32;16;10;5;1;91;1510292770;91;255;1510292780;0
32;16;10;5;1;91;1510292773;91;255;1510292783;0
32;16;10;5;1;91;1510293554;91;255;1510293564;0
32;16;10;5;1;91;1510293691;91;255;1510293701;0
32;16;10;5;1;91;1510293705;91;255;1510293715;0
32;16;10;5;1;91;1510293712;91;255;1510293722;0
32;16;10;5;1;91;1510294487;91;255;1510294497;1
32;16;10;5;1;91;1510294623;91;255;1510294632;0
32;16;10;5;1;91;1510294639;91;255;1510294649;0
32;16;10;5;1;91;1510294650;91;255;1510294660;0
32;16;10;5;1;91;1510295420;91;255;1510295429;0
32;16;10;5;1;91;1510295554;91;255;1510295564;0
32;16;10;5;1;91;1510295573;91;255;1510295583;0
32;16;10;5;1;91;1510295588;91;255;1510295598;0
32;16;10;5;1;91;1510296353;91;255;1510296363;0
32;16;10;5;1;91;1510296487;91;255;1510296497;0
32;16;10;5;1;91;1510296508;91;255;1510296518;0
32;16;10;5;1;91;1510296527;91;255;1510296537;0
32;16;10;5;1;91;1510297286;91;255;1510297296;0
32;16;10;5;1;91;1510297418;91;255;1510297428;1
32;16;10;5;1;91;1510297443;91;255;1510297453;0
32;16;10;5;1;91;1510297464;91;255;1510297474;0
32;16;10;5;1;91;1510298218;91;255;1510298228;0
32;16;10;5;1;91;1510298350;91;255;1510298360;0
32;16;10;5;1;91;1510298379;91;255;1510298388;0
32;16;10;5;1;91;1510298402;91;255;1510298412;0
32;16;10;5;1;91;1510299150;91;255;1510299160;0
32;16;10;5;1;91;1510299282;91;255;1510299292;0
32;16;10;5;1;91;1510299314;91;255;1510299324;0
32;16;10;5;1;91;1510299340;91;255;1510299350;0
32;16;10;5;1;91;1510300083;91;255;1510300093;0
32;16;10;5;1;91;1510300214;91;255;1510300224;0
32;16;10;5;1;91;1510300249;91;255;1510300258;0
32;16;10;5;1;91;1510300279;91;255;1510300289;0
32;16;10;5;1;91;1510301016;91;255;1510301026;0
32;16;10;5;1;91;1510301146;91;255;1510301156;0
32;16;10;5;1;91;1510301185;91;255;1510301195;0
32;16;10;5;1;91;1510301215;91;255;1510301225;0
32;16;10;5;1;91;1510301949;91;255;1510301959;0
32;16;10;5;1;91;1510302078;91;255;1510302087;0
32;16;10;5;1;91;1510302124;91;255;1510302134;0
32;16;10;5;1;91;1510302150;91;255;1510302159;0
32;16;10;5;1;91;1510302884;91;255;1510302893;0
32;16;10;5;1;91;1510303025;91;255;1510303035;0
32;16;10;5;1;91;1510303078;91;255;1510303089;0
32;16;10;5;1;91;1510303127;91;255;1510303137;0
32;16;10;5;1;91;1510303874;91;255;1510303885;0
32;16;10;5;1;91;1510304026;91;255;1510304036;0
32;16;10;5;1;91;1510304071;91;255;1510304080;0
32;16;10;5;1;91;1510304105;91;255;1510304115;0
32;16;10;5;1;91;1510304855;91;255;1510304866;0
32;16;10;5;1;91;1510304980;91;255;1510304990;0
32;16;10;5;1;91;1510305036;91;255;1510305046;0
32;16;10;5;1;91;1510305078;91;255;1510305088;0
32;16;10;5;1;91;1510305806;91;255;1510305816;0
32;16;10;5;1;91;1510305931;91;255;1510305942;0
32;16;10;5;1;91;1510305990;91;255;1510306000;0
32;16;10;5;1;91;1510306060;91;255;1510306070;0
32;16;10;5;1;91;1510306827;91;255;1510306837;0
32;16;10;5;1;91;1510306967;91;255;1510306977;0
32;16;10;5;1;91;1510307006;91;255;1510307016;0
32;16;10;5;1;91;1510307095;91;255;1510307107;0
