32;16;10;5;1;92;1509982222;92;255;1509982234;0
32;16;10;5;1;92;1509982290;92;255;1509982301;0
32;16;10;5;1;92;1509982362;92;255;1509982373;0
32;16;10;5;1;92;1509982460;92;255;1509982470;0
32;16;10;5;1;92;1509983191;92;255;1509983201;0
32;16;10;5;1;92;1509983250;92;255;1509983260;0
32;16;10;5;1;92;1509983318;92;255;1509983328;0
32;16;10;5;1;92;1509983427;92;255;1509983437;0
32;16;10;5;1;92;1509984132;92;255;1509984142;0
32;16;10;5;1;92;1509984189;92;255;1509984199;0
32;16;10;5;1;92;1509984260;92;255;1509984270;0
32;16;10;5;1;92;1509984369;92;255;1509984379;0
32;16;10;5;1;92;1509985075;92;255;1509985085;0
32;16;10;5;1;92;1509985132;92;255;1509985142;0
32;16;10;5;1;92;1509985200;92;255;1509985210;0
32;16;10;5;1;92;1509985311;92;255;1509985320;0
32;16;10;5;1;92;1509986015;92;255;1509986025;0
32;16;10;5;1;92;1509986073;92;255;1509986083;0
32;16;10;5;1;92;1509986144;92;255;1509986154;1
32;16;10;5;1;92;1509986252;92;255;1509986262;0
32;16;10;5;1;92;1509986956;92;255;1509986966;0
32;16;10;5;1;92;1509987016;92;255;1509987026;0
32;16;10;5;1;92;1509987082;92;255;1509987092;0
32;16;10;5;1;92;1509987196;92;255;1509987205;0
32;16;10;5;1;92;1509987897;92;255;1509987907;0
32;16;10;5;1;92;1509987960;92;255;1509987970;0
32;16;10;5;1;92;1509988022;92;255;1509988032;0
32;16;10;5;1;92;1509988136;92;255;1509988146;0
32;16;10;5;1;92;1509988839;92;255;1509988849;0
32;16;10;5;1;92;1509988901;92;255;1509988911;0
32;16;10;5;1;92;1509988964;92;255;1509988974;0
32;16;10;5;1;92;1509989078;92;255;1509989088;0
32;16;10;5;1;92;1509989780;92;255;1509989790;0
32;16;10;5;1;92;1509989843;92;255;1509989853;0
32;16;10;5;1;92;1509989907;92;255;1509989917;0
32;16;10;5;1;92;1509990021;92;255;1509990031;0
32;16;10;5;1;92;1509990722;92;255;1509990732;0
32;16;10;5;1;92;1509990786;92;255;1509990796;0
32;16;10;5;1;92;1509990847;92;255;1509990857;0
32;16;10;5;1;92;1509990963;92;255;1509990973;0
32;16;10;5;1;92;1509991665;92;255;1509991675;0
32;16;10;5;1;92;1509991726;92;255;1509991736;0
32;16;10;5;1;92;1509991787;92;255;1509991797;0
32;16;10;5;1;92;1509991904;92;255;1509991914;0
32;16;10;5;1;92;1509992608;92;255;1509992618;0
32;16;10;5;1;92;1509992666;92;255;1509992676;0
32;16;10;5;1;92;1509992727;92;255;1509992737;0
32;16;10;5;1;92;1509992845;92;255;1509992855;0
32;16;10;5;1;92;1509993548;92;255;1509993558;0
32;16;10;5;1;92;1509993608;92;255;1509993618;0
32;16;10;5;1;92;1509993669;92;255;1509993679;0
32;16;10;5;1;92;1509993787;92;255;1509993798;0
32;16;10;5;1;92;1509994489;92;255;1509994499;0
32;16;10;5;1;92;1509994549;92;255;1509994559;0
32;16;10;5;1;92;1509994610;92;255;1509994620;0
32;16;10;5;1;92;1509994730;92;255;1509994740;0
32;16;10;5;1;92;1509995433;92;255;1509995443;0
32;16;10;5;1;92;1509995491;92;255;1509995501;0
32;16;10;5;1;92;1509995561;92;255;1509995571;0
32;16;10;5;1;92;1509995672;92;255;1509995682;0
32;16;10;5;1;92;1509996380;92;255;1509996390;0
32;16;10;5;1;92;1509996433;92;255;1509996443;0
32;16;10;5;1;92;1509996510;92;255;1509996520;0
32;16;10;5;1;92;1509996611;92;255;1509996621;0
32;16;10;5;1;92;1509997321;92;255;1509997331;0
32;16;10;5;1;92;1509997376;92;255;1509997386;0
32;16;10;5;1;92;1509997450;92;255;1509997460;0
32;16;10;5;1;92;1509997553;92;255;1509997563;0
32;16;10;5;1;92;1509998262;92;255;1509998272;0
32;16;10;5;1;92;1509998318;92;255;1509998328;0
32;16;10;5;1;92;1509998391;92;255;1509998401;0
32;16;10;5;1;92;1509998494;92;255;1509998504;0
32;16;10;5;1;92;1509999205;92;255;1509999215;0
32;16;10;5;1;92;1509999259;92;255;1509999269;0
32;16;10;5;1;92;1509999331;92;255;1509999341;0
32;16;10;5;1;92;1509999435;92;255;1509999445;0
32;16;10;5;1;92;1510000148;92;255;1510000158;0
32;16;10;5;1;92;1510000202;92;255;1510000212;0
32;16;10;5;1;92;1510000271;92;255;1510000281;0
32;16;10;5;1;92;1510000374;92;255;1510000384;0
32;16;10;5;1;92;1510001090;92;255;1510001100;1
32;16;10;5;1;92;1510001145;92;255;1510001155;0
32;16;10;5;1;92;1510001212;92;255;1510001222;0
32;16;10;5;1;92;1510001315;92;255;1510001325;0
32;16;10;5;1;92;1510002032;92;255;1510002042;0
32;16;10;5;1;92;1510002088;92;255;1510002098;0
32;16;10;5;1;92;1510002153;92;255;1510002163;0
32;16;10;5;1;92;1510002255;92;255;1510002265;0
32;16;10;5;1;92;1510002973;92;255;1510002983;0
32;16;10;5;1;92;1510003032;92;255;1510003042;0
32;16;10;5;1;92;1510003096;92;255;1510003106;0
32;16;10;5;1;92;1510003195;92;255;1510003205;0
32;16;10;5;1;92;1510003913;92;255;1510003923;0
32;16;10;5;1;92;1510003972;92;255;1510003982;0
32;16;10;5;1;92;1510004039;92;255;1510004049;0
32;16;10;5;1;92;1510004139;92;255;1510004149;0
32;16;10;5;1;92;1510004855;92;255;1510004865;0
32;16;10;5;1;92;1510004913;92;255;1510004923;0
32;16;10;5;1;92;1510004981;92;255;1510004991;0
32;16;10;5;1;92;1510005081;92;255;1510005091;0
32;16;10;5;1;92;1510005795;92;255;1510005805;0
32;16;10;5;1;92;1510005854;92;255;1510005864;0
32;16;10;5;1;92;1510005925;92;255;1510005935;0
32;16;10;5;1;92;1510006020;92;255;1510006030;0
32;16;10;5;1;92;1510006735;92;255;1510006745;0
32;16;10;5;1;92;1510006794;92;255;1510006804;0
32;16;10;5;1;92;1510006869;92;255;1510006879;0
32;16;10;5;1;92;1510006961;92;255;1510006971;0
32;16;10;5;1;92;1510007675;92;255;1510007685;0
32;16;10;5;1;92;1510007733;92;255;1510007743;0
32;16;10;5;1;92;1510007812;92;255;1510007822;0
32;16;10;5;1;92;1510007904;92;255;1510007914;0
32;16;10;5;1;92;1510008616;92;255;1510008626;0
32;16;10;5;1;92;1510008673;92;255;1510008683;0
32;16;10;5;1;92;1510008754;92;255;1510008764;0
32;16;10;5;1;92;1510008846;92;255;1510008856;0
32;16;10;5;1;92;1510009559;92;255;1510009569;0
32;16;10;5;1;92;1510009615;92;255;1510009625;0
32;16;10;5;1;92;1510009695;92;255;1510009705;0
32;16;10;5;1;92;1510009788;92;255;1510009798;0
32;16;10;5;1;92;1510010499;92;255;1510010509;0
32;16;10;5;1;92;1510010556;92;255;1510010566;0
32;16;10;5;1;92;1510010637;92;255;1510010647;0
32;16;10;5;1;92;1510010732;92;255;1510010742;0
32;16;10;5;1;92;1510011438;92;255;1510011448;0
32;16;10;5;1;92;1510011499;92;255;1510011509;0
32;16;10;5;1;92;1510011579;92;255;1510011589;0
32;16;10;5;1;92;1510011672;92;255;1510011682;0
32;16;10;5;1;92;1510012381;92;255;1510012391;0
32;16;10;5;1;92;1510012443;92;255;1510012453;0
32;16;10;5;1;92;1510012519;92;255;1510012529;0
32;16;10;5;1;92;1510012611;92;255;1510012621;0
32;16;10;5;1;92;1510013323;92;255;1510013333;1
32;16;10;5;1;92;1510013386;92;255;1510013396;0
32;16;10;5;1;92;1510013459;92;255;1510013469;0
32;16;10;5;1;92;1510013555;92;255;1510013564;0
32;16;10;5;1;92;1510014264;92;255;1510014274;0
32;16;10;5;1;92;1510014327;92;255;1510014337;0
32;16;10;5;1;92;1510014400;92;255;1510014410;0
32;16;10;5;1;92;1510014496;92;255;1510014506;0
32;16;10;5;1;92;1510015206;92;255;1510015216;0
32;16;10;5;1;92;1510015269;92;255;1510015279;0
32;16;10;5;1;92;1510015340;92;255;1510015350;0
32;16;10;5;1;92;1510015438;92;255;1510015448;0
32;16;10;5;1;92;1510016148;92;255;1510016158;0
32;16;10;5;1;92;1510016210;92;255;1510016220;0
32;16;10;5;1;92;1510016282;92;255;1510016292;0
32;16;10;5;1;92;1510016378;92;255;1510016388;0
32;16;10;5;1;92;1510017089;92;255;1510017099;0
32;16;10;5;1;92;1510017154;92;255;1510017164;0
32;16;10;5;1;92;1510017222;92;255;1510017232;0
32;16;10;5;1;92;1510017320;92;255;1510017330;0
32;16;10;5;1;92;1510018029;92;255;1510018039;0
32;16;10;5;1;92;1510018095;92;255;1510018105;0
32;16;10;5;1;92;1510018165;92;255;1510018175;0
32;16;10;5;1;92;1510018263;92;255;1510018273;0
32;16;10;5;1;92;1510018968;92;255;1510018978;0
32;16;10;5;1;92;1510019040;92;255;1510019050;0
32;16;10;5;1;92;1510019105;92;255;1510019115;0
32;16;10;5;1;92;1510019204;92;255;1510019214;0
32;16;10;5;1;92;1510019911;92;255;1510019921;0
32;16;10;5;1;92;1510019984;92;255;1510019994;0
32;16;10;5;1;92;1510020045;92;255;1510020055;0
32;16;10;5;1;92;1510020143;92;255;1510020153;0
32;16;10;5;1;92;1510020853;92;255;1510020863;0
32;16;10;5;1;92;1510020925;92;255;1510020935;0
32;16;10;5;1;92;1510020986;92;255;1510020996;0
32;16;10;5;1;92;1510021085;92;255;1510021095;0
32;16;10;5;1;92;1510021793;92;255;1510021803;0
32;16;10;5;1;92;1510021866;92;255;1510021876;0
32;16;10;5;1;92;1510021928;92;255;1510021938;0
32;16;10;5;1;92;1510022027;92;255;1510022037;0
32;16;10;5;1;92;1510022732;92;255;1510022742;0
32;16;10;5;1;92;1510022806;92;255;1510022816;0
32;16;10;5;1;92;1510022872;92;255;1510022881;0
32;16;10;5;1;92;1510022967;92;255;1510022977;0
32;16;10;5;1;92;1510023676;92;255;1510023686;0
32;16;10;5;1;92;1510023748;92;255;1510023758;0
32;16;10;5;1;92;1510023814;92;255;1510023824;0
32;16;10;5;1;92;1510023908;92;255;1510023918;0
32;16;10;5;1;92;1510024618;92;255;1510024628;0
32;16;10;5;1;92;1510024689;92;255;1510024699;0
32;16;10;5;1;92;1510024756;92;255;1510024766;0
32;16;10;5;1;92;1510024849;92;255;1510024859;0
32;16;10;5;1;92;1510025562;92;255;1510025572;0
32;16;10;5;1;92;1510025629;92;255;1510025639;0
32;16;10;5;1;92;1510025698;92;255;1510025708;0
32;16;10;5;1;92;1510025789;92;255;1510025799;0
32;16;10;5;1;92;1510026503;92;255;1510026513;0
32;16;10;5;1;92;1510026569;92;255;1510026579;0
32;16;10;5;1;92;1510026639;92;255;1510026649;0
32;16;10;5;1;92;1510026731;92;255;1510026741;0
32;16;10;5;1;92;1510027444;92;255;1510027454;0
32;16;10;5;1;92;1510027510;92;255;1510027520;0
32;16;10;5;1;92;1510027582;92;255;1510027592;0
32;16;10;5;1;92;1510027672;92;255;1510027682;0
32;16;10;5;1;92;1510028387;92;255;1510028397;0
32;16;10;5;1;92;1510028453;92;255;1510028463;0
32;16;10;5;1;92;1510028524;92;255;1510028534;0
32;16;10;5;1;92;1510028610;92;255;1510028620;0
32;16;10;5;1;92;1510029329;92;255;1510029339;0
32;16;10;5;1;92;1510029395;92;255;1510029405;0
32;16;10;5;1;92;1510029464;92;255;1510029474;0
32;16;10;5;1;92;1510029552;92;255;1510029562;0
32;16;10;5;1;92;1510030269;92;255;1510030279;0
32;16;10;5;1;92;1510030339;92;255;1510030349;0
32;16;10;5;1;92;1510030410;92;255;1510030420;0
32;16;10;5;1;92;1510030491;92;255;1510030501;0
32;16;10;5;1;92;1510031212;92;255;1510031222;0
32;16;10;5;1;92;1510031278;92;255;1510031288;0
32;16;10;5;1;92;1510031352;92;255;1510031362;0
32;16;10;5;1;92;1510031434;92;255;1510031444;0
32;16;10;5;1;92;1510032152;92;255;1510032162;0
32;16;10;5;1;92;1510032218;92;255;1510032228;0
32;16;10;5;1;92;1510032296;92;255;1510032306;0
32;16;10;5;1;92;1510032376;92;255;1510032386;0
32;16;10;5;1;92;1510033093;92;255;1510033103;0
32;16;10;5;1;92;1510033160;92;255;1510033170;0
32;16;10;5;1;92;1510033238;92;255;1510033248;0
32;16;10;5;1;92;1510033316;92;255;1510033326;0
32;16;10;5;1;92;1510034036;92;255;1510034046;0
32;16;10;5;1;92;1510034101;92;255;1510034111;0
32;16;10;5;1;92;1510034178;92;255;1510034188;0
32;16;10;5;1;92;1510034256;92;255;1510034266;0
32;16;10;5;1;92;1510034977;92;255;1510034987;0
32;16;10;5;1;92;1510035043;92;255;1510035053;0
32;16;10;5;1;92;1510035118;92;255;1510035128;0
32;16;10;5;1;92;1510035199;92;255;1510035209;0
32;16;10;5;1;92;1510035919;92;255;1510035929;0
32;16;10;5;1;92;1510035985;92;255;1510035995;0
32;16;10;5;1;92;1510036061;92;255;1510036071;0
32;16;10;5;1;92;1510036137;92;255;1510036147;0
32;16;10;5;1;92;1510036860;92;255;1510036870;0
32;16;10;5;1;92;1510036928;92;255;1510036938;0
32;16;10;5;1;92;1510037002;92;255;1510037011;0
32;16;10;5;1;92;1510037078;92;255;1510037088;0
32;16;10;5;1;92;1510037804;92;255;1510037813;0
32;16;10;5;1;92;1510037870;92;255;1510037880;0
32;16;10;5;1;92;1510037942;92;255;1510037952;0
32;16;10;5;1;92;1510038019;92;255;1510038029;0
32;16;10;5;1;92;1510038745;92;255;1510038755;0
32;16;10;5;1;92;1510038812;92;255;1510038822;0
32;16;10;5;1;92;1510038882;92;255;1510038892;0
32;16;10;5;1;92;1510038960;92;255;1510038970;0
32;16;10;5;1;92;1510039686;92;255;1510039696;0
32;16;10;5;1;92;1510039753;92;255;1510039763;0
32;16;10;5;1;92;1510039826;92;255;1510039836;0
32;16;10;5;1;92;1510039901;92;255;1510039911;0
32;16;10;5;1;92;1510040627;92;255;1510040637;0
32;16;10;5;1;92;1510040693;92;255;1510040703;0
32;16;10;5;1;92;1510040769;92;255;1510040779;0
32;16;10;5;1;92;1510040841;92;255;1510040851;0
32;16;10;5;1;92;1510041569;92;255;1510041579;0
32;16;10;5;1;92;1510041637;92;255;1510041647;0
32;16;10;5;1;92;1510041712;92;255;1510041722;0
32;16;10;5;1;92;1510041781;92;255;1510041791;0
32;16;10;5;1;92;1510042511;92;255;1510042521;0
32;16;10;5;1;92;1510042577;92;255;1510042587;0
32;16;10;5;1;92;1510042654;92;255;1510042664;0
32;16;10;5;1;92;1510042723;92;255;1510042734;0
32;16;10;5;1;92;1510043450;92;255;1510043460;0
32;16;10;5;1;92;1510043521;92;255;1510043530;0
32;16;10;5;1;92;1510043594;92;255;1510043604;0
32;16;10;5;1;92;1510043667;92;255;1510043676;0
32;16;10;5;1;92;1510044393;92;255;1510044403;0
32;16;10;5;1;92;1510044466;92;255;1510044476;0
32;16;10;5;1;92;1510044538;92;255;1510044549;0
32;16;10;5;1;92;1510044613;92;255;1510044624;0
32;16;10;5;1;92;1510045384;92;255;1510045394;0
32;16;10;5;1;92;1510045452;92;255;1510045462;1
32;16;10;5;1;92;1510045529;92;255;1510045539;0
32;16;10;5;1;92;1510045611;92;255;1510045623;0
32;16;10;5;1;92;1510046400;92;255;1510046410;0
32;16;10;5;1;92;1510046480;92;255;1510046490;0
32;16;10;5;1;92;1510046557;92;255;1510046567;0
32;16;10;5;1;92;1510047365;92;255;1510047375;0
32;16;10;5;1;92;1510047383;92;255;1510047394;0
32;16;10;5;1;92;1510047384;92;255;1510047395;0
32;16;10;5;1;92;1510047385;92;255;1510047396;0
32;16;10;5;1;92;1510048346;92;255;1510048356;0
32;16;10;5;1;92;1510048360;92;255;1510048371;0
32;16;10;5;1;92;1510048363;92;255;1510048373;0
32;16;10;5;1;92;1510048370;92;255;1510048380;0
32;16;10;5;1;92;1510049368;92;255;1510049384;0
32;16;10;5;1;92;1510049378;92;255;1510049391;0
32;16;10;5;1;92;1510049377;92;255;1510049392;0
32;16;10;5;1;92;1510049400;92;255;1510049411;0
32;16;10;5;1;92;1510050339;92;255;1510050349;0
32;16;10;5;1;92;1510050346;92;255;1510050356;0
32;16;10;5;1;92;1510050363;92;255;1510050373;0
32;16;10;5;1;92;1510051298;92;255;1510051308;0
32;16;10;5;1;92;1510051303;92;255;1510051314;0
32;16;10;5;1;92;1510051321;92;255;1510051332;0
32;16;10;5;1;92;1510052255;92;255;1510052265;0
32;16;10;5;1;92;1510052260;92;255;1510052270;0
32;16;10;5;1;92;1510052280;92;255;1510052290;0
32;16;10;5;1;92;1510053212;92;255;1510053222;0
32;16;10;5;1;92;1510053218;92;255;1510053228;0
32;16;10;5;1;92;1510053236;92;255;1510053247;0
32;16;10;5;1;92;1510054169;92;255;1510054179;0
32;16;10;5;1;92;1510054177;92;255;1510054187;0
32;16;10;5;1;92;1510054195;92;255;1510054205;0
32;16;10;5;1;92;1510055128;92;255;1510055138;0
32;16;10;5;1;92;1510055137;92;255;1510055148;0
32;16;10;5;1;92;1510055158;92;255;1510055167;0
32;16;10;5;1;92;1510056099;92;255;1510056109;0
32;16;10;5;1;92;1510056116;92;255;1510056126;0
32;16;10;5;1;92;1510056135;92;255;1510056145;0
32;16;10;5;1;92;1510057054;92;255;1510057064;0
32;16;10;5;1;92;1510057076;92;255;1510057086;0
32;16;10;5;1;92;1510057104;92;255;1510057114;0
32;16;10;5;1;92;1510057998;92;255;1510058008;0
32;16;10;5;1;92;1510058019;92;255;1510058029;0
32;16;10;5;1;92;1510058046;92;255;1510058056;0
32;16;10;5;1;92;1510058938;92;255;1510058948;0
32;16;10;5;1;92;1510058959;92;255;1510058969;0
32;16;10;5;1;92;1510058986;92;255;1510058996;0
32;16;10;5;1;92;1510059879;92;255;1510059889;0
32;16;10;5;1;92;1510059899;92;255;1510059909;0
32;16;10;5;1;92;1510059927;92;255;1510059938;0
32;16;10;5;1;92;1510060839;92;255;1510060849;0
32;16;10;5;1;92;1510060858;92;255;1510060868;0
32;16;10;5;1;92;1510060893;92;255;1510060904;0
32;16;10;5;1;92;1510061819;92;255;1510061830;0
32;16;10;5;1;92;1510061827;92;255;1510061838;0
32;16;10;5;1;92;1510061866;92;255;1510061877;0
32;16;10;5;1;92;1510062796;92;255;1510062806;0
32;16;10;5;1;92;1510062801;92;255;1510062811;0
32;16;10;5;1;92;1510062844;92;255;1510062855;0
32;16;10;5;1;92;1510063749;92;255;1510063759;0
32;16;10;5;1;92;1510063751;92;255;1510063761;0
32;16;10;5;1;92;1510063795;92;255;1510063806;0
32;16;10;5;1;92;1510064715;92;255;1510064725;0
32;16;10;5;1;92;1510064715;92;255;1510064725;0
32;16;10;5;1;92;1510064764;92;255;1510064774;0
32;16;10;5;1;92;1510065676;92;255;1510065686;0
32;16;10;5;1;92;1510065678;92;255;1510065688;0
32;16;10;5;1;92;1510065727;92;255;1510065738;0
32;16;10;5;1;92;1510066638;92;255;1510066648;0
32;16;10;5;1;92;1510066639;92;255;1510066649;0
32;16;10;5;1;92;1510066692;92;255;1510066702;0
32;16;10;5;1;92;1510067600;92;255;1510067611;0
32;16;10;5;1;92;1510067601;92;255;1510067611;0
32;16;10;5;1;92;1510067656;92;255;1510067666;0
32;16;10;5;1;92;1510068551;92;255;1510068561;0
32;16;10;5;1;92;1510068553;92;255;1510068563;0
32;16;10;5;1;92;1510068606;92;255;1510068616;0
32;16;10;5;1;92;1510069506;92;255;1510069517;0
32;16;10;5;1;92;1510069517;92;255;1510069527;0
32;16;10;5;1;92;1510069564;92;255;1510069574;0
32;16;10;5;1;92;1510070472;92;255;1510070482;0
32;16;10;5;1;92;1510070485;92;255;1510070495;0
32;16;10;5;1;92;1510070531;92;255;1510070541;0
32;16;10;5;1;92;1510071438;92;255;1510071448;0
32;16;10;5;1;92;1510071448;92;255;1510071458;0
32;16;10;5;1;92;1510071495;92;255;1510071505;0
32;16;10;5;1;92;1510072403;92;255;1510072413;0
32;16;10;5;1;92;1510072408;92;255;1510072418;0
32;16;10;5;1;92;1510072449;92;255;1510072459;0
32;16;10;5;1;92;1510073347;92;255;1510073357;0
32;16;10;5;1;92;1510073353;92;255;1510073363;0
32;16;10;5;1;92;1510073393;92;255;1510073403;0
32;16;10;5;1;92;1510074290;92;255;1510074300;0
32;16;10;5;1;92;1510074296;92;255;1510074306;0
32;16;10;5;1;92;1510074337;92;255;1510074347;0
32;16;10;5;1;92;1510075233;92;255;1510075243;0
32;16;10;5;1;92;1510075239;92;255;1510075249;0
32;16;10;5;1;92;1510075283;92;255;1510075295;0
32;16;10;5;1;92;1510076044;92;255;1510076054;0
32;16;10;5;1;92;1510076216;92;255;1510076226;0
32;16;10;5;1;92;1510076221;92;255;1510076231;0
32;16;10;5;1;92;1510076262;92;255;1510076272;0
32;16;10;5;1;92;1510076985;92;255;1510076996;0
32;16;10;5;1;92;1510077155;92;255;1510077165;0
32;16;10;5;1;92;1510077161;92;255;1510077171;0
32;16;10;5;1;92;1510077201;92;255;1510077211;0
32;16;10;5;1;92;1510077924;92;255;1510077934;0
32;16;10;5;1;92;1510078094;92;255;1510078104;0
32;16;10;5;1;92;1510078102;92;255;1510078112;0
32;16;10;5;1;92;1510078142;92;255;1510078152;0
32;16;10;5;1;92;1510078863;92;255;1510078873;0
32;16;10;5;1;92;1510079034;92;255;1510079044;0
32;16;10;5;1;92;1510079042;92;255;1510079052;0
32;16;10;5;1;92;1510079082;92;255;1510079092;0
32;16;10;5;1;92;1510079804;92;255;1510079814;0
32;16;10;5;1;92;1510079973;92;255;1510079983;0
32;16;10;5;1;92;1510079981;92;255;1510079991;0
32;16;10;5;1;92;1510080022;92;255;1510080032;0
32;16;10;5;1;92;1510080745;92;255;1510080755;0
32;16;10;5;1;92;1510080913;92;255;1510080923;0
32;16;10;5;1;92;1510080920;92;255;1510080930;0
32;16;10;5;1;92;1510080963;92;255;1510080973;0
32;16;10;5;1;92;1510081685;92;255;1510081695;0
32;16;10;5;1;92;1510081852;92;255;1510081862;0
32;16;10;5;1;92;1510081859;92;255;1510081869;1
32;16;10;5;1;92;1510081903;92;255;1510081913;0
32;16;10;5;1;92;1510082622;92;255;1510082632;0
32;16;10;5;1;92;1510082793;92;255;1510082803;0
32;16;10;5;1;92;1510082800;92;255;1510082811;0
32;16;10;5;1;92;1510082844;92;255;1510082854;0
32;16;10;5;1;92;1510083561;92;255;1510083571;0
32;16;10;5;1;92;1510083732;92;255;1510083742;0
32;16;10;5;1;92;1510083743;92;255;1510083752;0
32;16;10;5;1;92;1510083783;92;255;1510083793;0
32;16;10;5;1;92;1510084500;92;255;1510084510;0
32;16;10;5;1;92;1510084671;92;255;1510084681;0
32;16;10;5;1;92;1510084684;92;255;1510084694;0
32;16;10;5;1;92;1510084723;92;255;1510084733;0
32;16;10;5;1;92;1510085440;92;255;1510085450;0
32;16;10;5;1;92;1510085612;92;255;1510085622;0
32;16;10;5;1;92;1510085624;92;255;1510085634;0
32;16;10;5;1;92;1510085663;92;255;1510085673;0
32;16;10;5;1;92;1510086378;92;255;1510086388;0
32;16;10;5;1;92;1510086553;92;255;1510086563;0
32;16;10;5;1;92;1510086567;92;255;1510086577;0
32;16;10;5;1;92;1510086603;92;255;1510086613;0
32;16;10;5;1;92;1510087318;92;255;1510087328;0
32;16;10;5;1;92;1510087494;92;255;1510087504;0
32;16;10;5;1;92;1510087506;92;255;1510087516;0
32;16;10;5;1;92;1510087542;92;255;1510087552;0
32;16;10;5;1;92;1510088258;92;255;1510088268;0
32;16;10;5;1;92;1510088434;92;255;1510088444;0
32;16;10;5;1;92;1510088446;92;255;1510088456;0
32;16;10;5;1;92;1510088481;92;255;1510088491;0
32;16;10;5;1;92;1510089198;92;255;1510089208;0
32;16;10;5;1;92;1510089374;92;255;1510089384;0
32;16;10;5;1;92;1510089387;92;255;1510089398;0
32;16;10;5;1;92;1510089421;92;255;1510089431;0
32;16;10;5;1;92;1510090136;92;255;1510090146;0
32;16;10;5;1;92;1510090313;92;255;1510090323;0
32;16;10;5;1;92;1510090327;92;255;1510090337;0
32;16;10;5;1;92;1510090365;92;255;1510090375;0
32;16;10;5;1;92;1510091076;92;255;1510091086;0
32;16;10;5;1;92;1510091253;92;255;1510091263;0
32;16;10;5;1;92;1510091267;92;255;1510091277;0
32;16;10;5;1;92;1510091306;92;255;1510091316;0
32;16;10;5;1;92;1510092015;92;255;1510092025;0
32;16;10;5;1;92;1510092193;92;255;1510092203;0
32;16;10;5;1;92;1510092208;92;255;1510092218;0
32;16;10;5;1;92;1510092246;92;255;1510092256;0
32;16;10;5;1;92;1510092954;92;255;1510092964;0
32;16;10;5;1;92;1510093133;92;255;1510093143;0
32;16;10;5;1;92;1510093150;92;255;1510093160;0
32;16;10;5;1;92;1510093187;92;255;1510093197;0
32;16;10;5;1;92;1510093894;92;255;1510093904;0
32;16;10;5;1;92;1510094072;92;255;1510094082;0
32;16;10;5;1;92;1510094088;92;255;1510094098;0
32;16;10;5;1;92;1510094129;92;255;1510094139;0
32;16;10;5;1;92;1510094835;92;255;1510094845;0
32;16;10;5;1;92;1510095012;92;255;1510095022;1
32;16;10;5;1;92;1510095027;92;255;1510095036;0
32;16;10;5;1;92;1510095069;92;255;1510095079;0
32;16;10;5;1;92;1510095778;92;255;1510095788;0
32;16;10;5;1;92;1510095951;92;255;1510095961;0
32;16;10;5;1;92;1510095965;92;255;1510095975;0
32;16;10;5;1;92;1510096009;92;255;1510096019;0
32;16;10;5;1;92;1510096720;92;255;1510096730;0
32;16;10;5;1;92;1510096890;92;255;1510096900;0
32;16;10;5;1;92;1510096905;92;255;1510096915;0
32;16;10;5;1;92;1510096950;92;255;1510096960;0
32;16;10;5;1;92;1510097659;92;255;1510097669;0
32;16;10;5;1;92;1510097831;92;255;1510097841;0
32;16;10;5;1;92;1510097844;92;255;1510097854;0
32;16;10;5;1;92;1510097891;92;255;1510097901;0
32;16;10;5;1;92;1510098599;92;255;1510098609;0
32;16;10;5;1;92;1510098773;92;255;1510098783;0
32;16;10;5;1;92;1510098782;92;255;1510098792;0
32;16;10;5;1;92;1510098831;92;255;1510098841;0
32;16;10;5;1;92;1510099539;92;255;1510099549;0
32;16;10;5;1;92;1510099714;92;255;1510099724;0
32;16;10;5;1;92;1510099720;92;255;1510099730;0
32;16;10;5;1;92;1510099772;92;255;1510099782;0
32;16;10;5;1;92;1510100480;92;255;1510100490;0
32;16;10;5;1;92;1510100654;92;255;1510100663;0
32;16;10;5;1;92;1510100659;92;255;1510100669;0
32;16;10;5;1;92;1510100711;92;255;1510100721;0
32;16;10;5;1;92;1510101420;92;255;1510101430;0
32;16;10;5;1;92;1510101592;92;255;1510101602;0
32;16;10;5;1;92;1510101601;92;255;1510101611;0
32;16;10;5;1;92;1510101651;92;255;1510101661;0
32;16;10;5;1;92;1510102361;92;255;1510102371;0
32;16;10;5;1;92;1510102531;92;255;1510102541;0
32;16;10;5;1;92;1510102540;92;255;1510102550;0
32;16;10;5;1;92;1510102593;92;255;1510102603;0
32;16;10;5;1;92;1510103298;92;255;1510103308;0
32;16;10;5;1;92;1510103471;92;255;1510103481;0
32;16;10;5;1;92;1510103481;92;255;1510103491;0
32;16;10;5;1;92;1510103534;92;255;1510103544;0
32;16;10;5;1;92;1510104237;92;255;1510104247;0
32;16;10;5;1;92;1510104410;92;255;1510104420;0
32;16;10;5;1;92;1510104422;92;255;1510104432;1
32;16;10;5;1;92;1510104474;92;255;1510104484;0
32;16;10;5;1;92;1510105176;92;255;1510105186;0
32;16;10;5;1;92;1510105349;92;255;1510105359;0
32;16;10;5;1;92;1510105363;92;255;1510105373;0
32;16;10;5;1;92;1510105414;92;255;1510105424;0
32;16;10;5;1;92;1510106118;92;255;1510106128;0
32;16;10;5;1;92;1510106290;92;255;1510106300;0
32;16;10;5;1;92;1510106301;92;255;1510106311;0
32;16;10;5;1;92;1510106353;92;255;1510106363;0
32;16;10;5;1;92;1510107056;92;255;1510107066;0
32;16;10;5;1;92;1510107234;92;255;1510107244;0
32;16;10;5;1;92;1510107241;92;255;1510107251;0
32;16;10;5;1;92;1510107294;92;255;1510107304;0
32;16;10;5;1;92;1510107995;92;255;1510108005;0
32;16;10;5;1;92;1510108175;92;255;1510108185;0
32;16;10;5;1;92;1510108181;92;255;1510108191;0
32;16;10;5;1;92;1510108235;92;255;1510108244;0
32;16;10;5;1;92;1510108935;92;255;1510108944;0
32;16;10;5;1;92;1510109115;92;255;1510109125;0
32;16;10;5;1;92;1510109121;92;255;1510109131;0
32;16;10;5;1;92;1510109175;92;255;1510109185;0
32;16;10;5;1;92;1510109874;92;255;1510109884;0
32;16;10;5;1;92;1510110056;92;255;1510110066;0
32;16;10;5;1;92;1510110062;92;255;1510110072;0
32;16;10;5;1;92;1510110116;92;255;1510110126;0
32;16;10;5;1;92;1510110814;92;255;1510110824;0
32;16;10;5;1;92;1510110995;92;255;1510111005;0
32;16;10;5;1;92;1510111003;92;255;1510111013;0
32;16;10;5;1;92;1510111056;92;255;1510111066;0
32;16;10;5;1;92;1510111754;92;255;1510111764;0
32;16;10;5;1;92;1510111936;92;255;1510111946;0
32;16;10;5;1;92;1510111943;92;255;1510111953;0
32;16;10;5;1;92;1510111994;92;255;1510112004;0
32;16;10;5;1;92;1510112691;92;255;1510112701;0
32;16;10;5;1;92;1510112879;92;255;1510112889;0
32;16;10;5;1;92;1510112882;92;255;1510112892;0
32;16;10;5;1;92;1510112935;92;255;1510112945;0
32;16;10;5;1;92;1510113629;92;255;1510113639;0
32;16;10;5;1;92;1510113821;92;255;1510113830;0
32;16;10;5;1;92;1510113823;92;255;1510113833;0
32;16;10;5;1;92;1510113874;92;255;1510113884;0
32;16;10;5;1;92;1510114567;92;255;1510114577;0
32;16;10;5;1;92;1510114761;92;255;1510114771;0
32;16;10;5;1;92;1510114764;92;255;1510114774;0
32;16;10;5;1;92;1510114814;92;255;1510114824;0
32;16;10;5;1;92;1510115508;92;255;1510115518;0
32;16;10;5;1;92;1510115700;92;255;1510115710;0
32;16;10;5;1;92;1510115703;92;255;1510115713;0
32;16;10;5;1;92;1510115754;92;255;1510115764;0
32;16;10;5;1;92;1510116450;92;255;1510116460;0
32;16;10;5;1;92;1510116640;92;255;1510116650;0
32;16;10;5;1;92;1510116642;92;255;1510116652;0
32;16;10;5;1;92;1510116693;92;255;1510116703;0
32;16;10;5;1;92;1510117390;92;255;1510117400;0
32;16;10;5;1;92;1510117579;92;255;1510117589;0
32;16;10;5;1;92;1510117584;92;255;1510117594;0
32;16;10;5;1;92;1510117632;92;255;1510117642;0
32;16;10;5;1;92;1510118331;92;255;1510118341;0
32;16;10;5;1;92;1510118519;92;255;1510118529;0
32;16;10;5;1;92;1510118526;92;255;1510118536;0
32;16;10;5;1;92;1510118572;92;255;1510118582;0
32;16;10;5;1;92;1510119274;92;255;1510119284;0
32;16;10;5;1;92;1510119458;92;255;1510119468;0
32;16;10;5;1;92;1510119466;92;255;1510119476;0
32;16;10;5;1;92;1510119510;92;255;1510119520;0
32;16;10;5;1;92;1510120217;92;255;1510120227;0
32;16;10;5;1;92;1510120396;92;255;1510120406;0
32;16;10;5;1;92;1510120405;92;255;1510120415;0
32;16;10;5;1;92;1510120450;92;255;1510120460;0
32;16;10;5;1;92;1510121157;92;255;1510121167;0
32;16;10;5;1;92;1510121337;92;255;1510121347;0
32;16;10;5;1;92;1510121345;92;255;1510121355;0
32;16;10;5;1;92;1510121389;92;255;1510121399;1
32;16;10;5;1;92;1510122099;92;255;1510122109;0
32;16;10;5;1;92;1510122277;92;255;1510122287;0
32;16;10;5;1;92;1510122285;92;255;1510122295;0
32;16;10;5;1;92;1510122329;92;255;1510122339;0
32;16;10;5;1;92;1510123039;92;255;1510123049;0
32;16;10;5;1;92;1510123217;92;255;1510123227;0
32;16;10;5;1;92;1510123226;92;255;1510123236;0
32;16;10;5;1;92;1510123271;92;255;1510123281;0
32;16;10;5;1;92;1510123979;92;255;1510123989;0
32;16;10;5;1;92;1510124156;92;255;1510124166;0
32;16;10;5;1;92;1510124167;92;255;1510124177;0
32;16;10;5;1;92;1510124211;92;255;1510124221;0
32;16;10;5;1;92;1510124920;92;255;1510124930;0
32;16;10;5;1;92;1510125095;92;255;1510125105;0
32;16;10;5;1;92;1510125107;92;255;1510125117;0
32;16;10;5;1;92;1510125151;92;255;1510125161;0
32;16;10;5;1;92;1510125859;92;255;1510125869;0
32;16;10;5;1;92;1510126036;92;255;1510126046;0
32;16;10;5;1;92;1510126047;92;255;1510126057;0
32;16;10;5;1;92;1510126091;92;255;1510126101;0
32;16;10;5;1;92;1510126797;92;255;1510126807;0
32;16;10;5;1;92;1510126976;92;255;1510126986;0
32;16;10;5;1;92;1510126985;92;255;1510126995;0
32;16;10;5;1;92;1510127032;92;255;1510127042;0
32;16;10;5;1;92;1510127738;92;255;1510127748;0
32;16;10;5;1;92;1510127914;92;255;1510127924;0
32;16;10;5;1;92;1510127924;92;255;1510127934;0
32;16;10;5;1;92;1510127974;92;255;1510127984;0
32;16;10;5;1;92;1510128676;92;255;1510128686;0
32;16;10;5;1;92;1510128855;92;255;1510128865;0
32;16;10;5;1;92;1510128864;92;255;1510128874;0
32;16;10;5;1;92;1510128914;92;255;1510128924;0
32;16;10;5;1;92;1510129615;92;255;1510129625;0
32;16;10;5;1;92;1510129800;92;255;1510129810;0
32;16;10;5;1;92;1510129808;92;255;1510129818;0
32;16;10;5;1;92;1510129854;92;255;1510129865;0
32;16;10;5;1;92;1510130614;92;255;1510130624;0
32;16;10;5;1;92;1510130819;92;255;1510130829;0
32;16;10;5;1;92;1510130823;92;255;1510130834;0
32;16;10;5;1;92;1510130868;92;255;1510130878;0
32;16;10;5;1;92;1510131614;92;255;1510131625;0
32;16;10;5;1;92;1510131812;92;255;1510131822;0
32;16;10;5;1;92;1510131822;92;255;1510131832;0
32;16;10;5;1;92;1510131865;92;255;1510131875;0
32;16;10;5;1;92;1510132587;92;255;1510132597;0
32;16;10;5;1;92;1510132767;92;255;1510132778;0
32;16;10;5;1;92;1510132791;92;255;1510132801;0
32;16;10;5;1;92;1510132833;92;255;1510132843;0
32;16;10;5;1;92;1510133605;92;255;1510133616;1
32;16;10;5;1;92;1510133769;92;255;1510133782;0
32;16;10;5;1;92;1510133801;92;255;1510133812;0
32;16;10;5;1;92;1510133851;92;255;1510133861;0
32;16;10;5;1;92;1510134595;92;255;1510134605;0
32;16;10;5;1;92;1510134769;92;255;1510134779;0
32;16;10;5;1;92;1510134800;92;255;1510134810;0
32;16;10;5;1;92;1510134833;92;255;1510134846;0
32;16;10;5;1;92;1510135598;92;255;1510135608;0
32;16;10;5;1;92;1510135763;92;255;1510135773;0
32;16;10;5;1;92;1510135798;92;255;1510135809;0
32;16;10;5;1;92;1510135829;92;255;1510135839;0
32;16;10;5;1;92;1510136600;92;255;1510136610;0
32;16;10;5;1;92;1510136767;92;255;1510136778;0
32;16;10;5;1;92;1510136795;92;255;1510136806;0
32;16;10;5;1;92;1510136838;92;255;1510136849;0
32;16;10;5;1;92;1510137586;92;255;1510137596;0
32;16;10;5;1;92;1510137770;92;255;1510137782;0
32;16;10;5;1;92;1510137779;92;255;1510137790;0
32;16;10;5;1;92;1510137825;92;255;1510137835;0
32;16;10;5;1;92;1510138604;92;255;1510138614;0
32;16;10;5;1;92;1510138780;92;255;1510138790;0
32;16;10;5;1;92;1510138794;92;255;1510138806;0
32;16;10;5;1;92;1510138849;92;255;1510138860;0
32;16;10;5;1;92;1510139590;92;255;1510139601;0
32;16;10;5;1;92;1510139759;92;255;1510139769;0
32;16;10;5;1;92;1510139816;92;255;1510139827;0
32;16;10;5;1;92;1510139820;92;255;1510139830;0
32;16;10;5;1;92;1510140571;92;255;1510140581;0
32;16;10;5;1;92;1510140734;92;255;1510140744;0
32;16;10;5;1;92;1510140796;92;255;1510140806;0
32;16;10;5;1;92;1510140811;92;255;1510140821;0
32;16;10;5;1;92;1510141563;92;255;1510141573;0
32;16;10;5;1;92;1510141705;92;255;1510141715;0
32;16;10;5;1;92;1510141766;92;255;1510141776;0
32;16;10;5;1;92;1510141809;92;255;1510141820;0
32;16;10;5;1;92;1510142562;92;255;1510142573;0
32;16;10;5;1;92;1510142751;92;255;1510142762;0
32;16;10;5;1;92;1510142783;92;255;1510142794;0
32;16;10;5;1;92;1510142853;92;255;1510142865;0
32;16;10;5;1;92;1510143597;92;255;1510143607;0
32;16;10;5;1;92;1510143774;92;255;1510143784;0
32;16;10;5;1;92;1510143802;92;255;1510143812;0
32;16;10;5;1;92;1510143878;92;255;1510143888;0
32;16;10;5;1;92;1510144566;92;255;1510144576;0
32;16;10;5;1;92;1510144733;92;255;1510144743;0
32;16;10;5;1;92;1510144763;92;255;1510144773;0
32;16;10;5;1;92;1510144840;92;255;1510144850;0
32;16;10;5;1;92;1510145506;92;255;1510145516;0
32;16;10;5;1;92;1510145674;92;255;1510145684;1
32;16;10;5;1;92;1510145705;92;255;1510145715;0
32;16;10;5;1;92;1510145780;92;255;1510145790;0
32;16;10;5;1;92;1510146445;92;255;1510146455;0
32;16;10;5;1;92;1510146617;92;255;1510146627;0
32;16;10;5;1;92;1510146648;92;255;1510146659;0
32;16;10;5;1;92;1510146724;92;255;1510146734;0
32;16;10;5;1;92;1510147419;92;255;1510147429;0
32;16;10;5;1;92;1510147591;92;255;1510147602;0
32;16;10;5;1;92;1510147621;92;255;1510147630;0
32;16;10;5;1;92;1510147693;92;255;1510147703;0
32;16;10;5;1;92;1510148389;92;255;1510148399;0
32;16;10;5;1;92;1510148568;92;255;1510148578;0
32;16;10;5;1;92;1510148586;92;255;1510148596;0
32;16;10;5;1;92;1510148668;92;255;1510148679;0
32;16;10;5;1;92;1510149354;92;255;1510149364;0
32;16;10;5;1;92;1510149527;92;255;1510149537;0
32;16;10;5;1;92;1510149540;92;255;1510149550;0
32;16;10;5;1;92;1510149618;92;255;1510149628;0
32;16;10;5;1;92;1510150295;92;255;1510150305;0
32;16;10;5;1;92;1510150479;92;255;1510150489;0
32;16;10;5;1;92;1510150487;92;255;1510150497;0
32;16;10;5;1;92;1510150568;92;255;1510150578;0
32;16;10;5;1;92;1510151260;92;255;1510151271;0
32;16;10;5;1;92;1510151440;92;255;1510151450;0
32;16;10;5;1;92;1510151449;92;255;1510151459;0
32;16;10;5;1;92;1510151538;92;255;1510151548;0
32;16;10;5;1;92;1510152245;92;255;1510152256;0
32;16;10;5;1;92;1510152425;92;255;1510152436;0
32;16;10;5;1;92;1510152442;92;255;1510152452;0
32;16;10;5;1;92;1510152523;92;255;1510152533;0
32;16;10;5;1;92;1510153220;92;255;1510153230;0
32;16;10;5;1;92;1510153394;92;255;1510153404;0
32;16;10;5;1;92;1510153416;92;255;1510153427;0
32;16;10;5;1;92;1510153493;92;255;1510153504;0
32;16;10;5;1;92;1510154194;92;255;1510154205;0
32;16;10;5;1;92;1510154371;92;255;1510154381;0
32;16;10;5;1;92;1510154394;92;255;1510154404;0
32;16;10;5;1;92;1510154462;92;255;1510154472;0
32;16;10;5;1;92;1510155153;92;255;1510155163;0
32;16;10;5;1;92;1510155324;92;255;1510155334;0
32;16;10;5;1;92;1510155351;92;255;1510155361;0
32;16;10;5;1;92;1510155419;92;255;1510155429;0
32;16;10;5;1;92;1510156127;92;255;1510156137;0
32;16;10;5;1;92;1510156305;92;255;1510156315;0
32;16;10;5;1;92;1510156332;92;255;1510156342;0
32;16;10;5;1;92;1510156407;92;255;1510156417;0
32;16;10;5;1;92;1510157115;92;255;1510157126;0
32;16;10;5;1;92;1510157295;92;255;1510157306;0
32;16;10;5;1;92;1510157325;92;255;1510157335;0
32;16;10;5;1;92;1510157392;92;255;1510157404;0
32;16;10;5;1;92;1510158095;92;255;1510158105;0
32;16;10;5;1;92;1510158274;92;255;1510158285;0
32;16;10;5;1;92;1510158306;92;255;1510158316;0
32;16;10;5;1;92;1510158373;92;255;1510158383;0
32;16;10;5;1;92;1510159051;92;255;1510159061;0
32;16;10;5;1;92;1510159231;92;255;1510159241;0
32;16;10;5;1;92;1510159264;92;255;1510159274;0
32;16;10;5;1;92;1510159328;92;255;1510159338;0
32;16;10;5;1;92;1510160014;92;255;1510160024;0
32;16;10;5;1;92;1510160209;92;255;1510160219;0
32;16;10;5;1;92;1510160237;92;255;1510160247;0
32;16;10;5;1;92;1510160307;92;255;1510160318;0
32;16;10;5;1;92;1510160990;92;255;1510161002;1
32;16;10;5;1;92;1510161174;92;255;1510161185;0
32;16;10;5;1;92;1510161218;92;255;1510161228;0
32;16;10;5;1;92;1510161277;92;255;1510161289;0
32;16;10;5;1;92;1510161971;92;255;1510161981;0
32;16;10;5;1;92;1510162144;92;255;1510162153;0
32;16;10;5;1;92;1510162182;92;255;1510162192;0
32;16;10;5;1;92;1510162240;92;255;1510162250;0
32;16;10;5;1;92;1510162929;92;255;1510162939;0
32;16;10;5;1;92;1510163109;92;255;1510163120;0
32;16;10;5;1;92;1510163163;92;255;1510163173;0
32;16;10;5;1;92;1510163199;92;255;1510163210;0
32;16;10;5;1;92;1510163874;92;255;1510163883;0
32;16;10;5;1;92;1510164055;92;255;1510164065;0
32;16;10;5;1;92;1510164117;92;255;1510164127;0
32;16;10;5;1;92;1510164145;92;255;1510164155;0
32;16;10;5;1;92;1510164815;92;255;1510164825;0
32;16;10;5;1;92;1510164998;92;255;1510165008;0
32;16;10;5;1;92;1510165058;92;255;1510165068;0
32;16;10;5;1;92;1510165090;92;255;1510165100;0
32;16;10;5;1;92;1510165758;92;255;1510165768;0
32;16;10;5;1;92;1510165941;92;255;1510165951;0
32;16;10;5;1;92;1510166003;92;255;1510166013;0
32;16;10;5;1;92;1510166031;92;255;1510166041;0
32;16;10;5;1;92;1510166702;92;255;1510166712;0
32;16;10;5;1;92;1510166883;92;255;1510166893;0
32;16;10;5;1;92;1510166945;92;255;1510166955;0
32;16;10;5;1;92;1510166975;92;255;1510166985;0
32;16;10;5;1;92;1510167644;92;255;1510167654;0
32;16;10;5;1;92;1510167824;92;255;1510167834;0
32;16;10;5;1;92;1510167887;92;255;1510167897;0
32;16;10;5;1;92;1510167920;92;255;1510167930;0
32;16;10;5;1;92;1510168586;92;255;1510168596;0
32;16;10;5;1;92;1510168767;92;255;1510168777;0
32;16;10;5;1;92;1510168830;92;255;1510168840;0
32;16;10;5;1;92;1510168862;92;255;1510168872;0
32;16;10;5;1;92;1510169529;92;255;1510169539;0
32;16;10;5;1;92;1510169710;92;255;1510169720;0
32;16;10;5;1;92;1510169772;92;255;1510169782;0
32;16;10;5;1;92;1510169803;92;255;1510169813;0
32;16;10;5;1;92;1510170470;92;255;1510170480;0
32;16;10;5;1;92;1510170652;92;255;1510170662;0
32;16;10;5;1;92;1510170715;92;255;1510170725;0
32;16;10;5;1;92;1510170746;92;255;1510170756;0
32;16;10;5;1;92;1510171414;92;255;1510171424;0
32;16;10;5;1;92;1510171594;92;255;1510171604;0
32;16;10;5;1;92;1510171661;92;255;1510171671;0
32;16;10;5;1;92;1510171688;92;255;1510171699;0
32;16;10;5;1;92;1510172353;92;255;1510172363;0
32;16;10;5;1;92;1510172536;92;255;1510172546;1
32;16;10;5;1;92;1510172602;92;255;1510172612;0
32;16;10;5;1;92;1510172632;92;255;1510172642;0
32;16;10;5;1;92;1510173298;92;255;1510173308;0
32;16;10;5;1;92;1510173477;92;255;1510173487;0
32;16;10;5;1;92;1510173545;92;255;1510173555;0
32;16;10;5;1;92;1510173575;92;255;1510173585;0
32;16;10;5;1;92;1510174242;92;255;1510174252;0
32;16;10;5;1;92;1510174419;92;255;1510174429;0
32;16;10;5;1;92;1510174488;92;255;1510174498;0
32;16;10;5;1;92;1510174515;92;255;1510174525;0
32;16;10;5;1;92;1510175186;92;255;1510175196;0
32;16;10;5;1;92;1510175361;92;255;1510175371;0
32;16;10;5;1;92;1510175432;92;255;1510175442;0
32;16;10;5;1;92;1510175457;92;255;1510175467;0
32;16;10;5;1;92;1510176130;92;255;1510176140;0
32;16;10;5;1;92;1510176301;92;255;1510176311;0
32;16;10;5;1;92;1510176372;92;255;1510176382;0
32;16;10;5;1;92;1510176398;92;255;1510176408;0
32;16;10;5;1;92;1510177073;92;255;1510177083;0
32;16;10;5;1;92;1510177245;92;255;1510177254;0
32;16;10;5;1;92;1510177315;92;255;1510177325;0
32;16;10;5;1;92;1510177340;92;255;1510177350;0
32;16;10;5;1;92;1510178015;92;255;1510178026;0
32;16;10;5;1;92;1510178187;92;255;1510178198;0
32;16;10;5;1;92;1510178258;92;255;1510178268;0
32;16;10;5;1;92;1510178281;92;255;1510178291;0
32;16;10;5;1;92;1510178959;92;255;1510178969;0
32;16;10;5;1;92;1510179132;92;255;1510179142;0
32;16;10;5;1;92;1510179197;92;255;1510179207;0
32;16;10;5;1;92;1510179223;92;255;1510179233;0
32;16;10;5;1;92;1510179902;92;255;1510179912;0
32;16;10;5;1;92;1510180074;92;255;1510180084;0
32;16;10;5;1;92;1510180138;92;255;1510180148;0
32;16;10;5;1;92;1510180164;92;255;1510180174;0
32;16;10;5;1;92;1510180846;92;255;1510180856;0
32;16;10;5;1;92;1510181015;92;255;1510181025;0
32;16;10;5;1;92;1510181080;92;255;1510181090;0
32;16;10;5;1;92;1510181108;92;255;1510181118;0
32;16;10;5;1;92;1510181790;92;255;1510181800;0
32;16;10;5;1;92;1510181959;92;255;1510181969;0
32;16;10;5;1;92;1510182023;92;255;1510182033;0
32;16;10;5;1;92;1510182050;92;255;1510182060;0
32;16;10;5;1;92;1510182734;92;255;1510182744;0
32;16;10;5;1;92;1510182900;92;255;1510182910;0
32;16;10;5;1;92;1510182965;92;255;1510182975;0
32;16;10;5;1;92;1510182992;92;255;1510183002;0
32;16;10;5;1;92;1510183676;92;255;1510183686;0
32;16;10;5;1;92;1510183842;92;255;1510183852;0
32;16;10;5;1;92;1510183906;92;255;1510183916;0
32;16;10;5;1;92;1510183934;92;255;1510183944;0
32;16;10;5;1;92;1510184620;92;255;1510184630;0
32;16;10;5;1;92;1510184786;92;255;1510184796;0
32;16;10;5;1;92;1510184850;92;255;1510184860;0
32;16;10;5;1;92;1510184874;92;255;1510184884;0
32;16;10;5;1;92;1510185563;92;255;1510185573;0
32;16;10;5;1;92;1510185730;92;255;1510185740;0
32;16;10;5;1;92;1510185793;92;255;1510185803;0
32;16;10;5;1;92;1510185816;92;255;1510185826;0
32;16;10;5;1;92;1510186504;92;255;1510186514;0
32;16;10;5;1;92;1510186673;92;255;1510186683;0
32;16;10;5;1;92;1510186733;92;255;1510186743;0
32;16;10;5;1;92;1510186757;92;255;1510186767;0
32;16;10;5;1;92;1510187447;92;255;1510187457;0
32;16;10;5;1;92;1510187616;92;255;1510187626;0
32;16;10;5;1;92;1510187674;92;255;1510187684;0
32;16;10;5;1;92;1510187698;92;255;1510187708;0
32;16;10;5;1;92;1510188388;92;255;1510188398;0
32;16;10;5;1;92;1510188558;92;255;1510188568;0
32;16;10;5;1;92;1510188616;92;255;1510188626;0
32;16;10;5;1;92;1510188642;92;255;1510188652;0
32;16;10;5;1;92;1510189328;92;255;1510189338;0
32;16;10;5;1;92;1510189503;92;255;1510189513;0
32;16;10;5;1;92;1510189558;92;255;1510189568;0
32;16;10;5;1;92;1510189586;92;255;1510189596;0
32;16;10;5;1;92;1510190269;92;255;1510190279;0
32;16;10;5;1;92;1510190443;92;255;1510190453;0
32;16;10;5;1;92;1510190498;92;255;1510190508;0
32;16;10;5;1;92;1510190530;92;255;1510190540;0
32;16;10;5;1;92;1510191210;92;255;1510191220;0
32;16;10;5;1;92;1510191387;92;255;1510191397;0
32;16;10;5;1;92;1510191439;92;255;1510191449;0
32;16;10;5;1;92;1510191473;92;255;1510191483;1
32;16;10;5;1;92;1510192154;92;255;1510192164;0
32;16;10;5;1;92;1510192330;92;255;1510192340;0
32;16;10;5;1;92;1510192377;92;255;1510192388;0
32;16;10;5;1;92;1510192416;92;255;1510192426;0
32;16;10;5;1;92;1510193096;92;255;1510193106;1
32;16;10;5;1;92;1510193271;92;255;1510193281;0
32;16;10;5;1;92;1510193321;92;255;1510193331;0
32;16;10;5;1;92;1510193360;92;255;1510193370;0
32;16;10;5;1;92;1510194035;92;255;1510194045;0
32;16;10;5;1;92;1510194213;92;255;1510194223;0
32;16;10;5;1;92;1510194263;92;255;1510194273;0
32;16;10;5;1;92;1510194302;92;255;1510194312;0
32;16;10;5;1;92;1510194978;92;255;1510194988;0
32;16;10;5;1;92;1510195157;92;255;1510195167;0
32;16;10;5;1;92;1510195204;92;255;1510195214;0
32;16;10;5;1;92;1510195244;92;255;1510195254;0
32;16;10;5;1;92;1510195921;92;255;1510195931;0
32;16;10;5;1;92;1510196101;92;255;1510196111;0
32;16;10;5;1;92;1510196147;92;255;1510196157;0
32;16;10;5;1;92;1510196185;92;255;1510196195;0
32;16;10;5;1;92;1510196864;92;255;1510196874;0
32;16;10;5;1;92;1510197043;92;255;1510197053;0
32;16;10;5;1;92;1510197090;92;255;1510197100;0
32;16;10;5;1;92;1510197125;92;255;1510197135;0
32;16;10;5;1;92;1510197806;92;255;1510197816;0
32;16;10;5;1;92;1510197984;92;255;1510197994;0
32;16;10;5;1;92;1510198034;92;255;1510198044;0
32;16;10;5;1;92;1510198066;92;255;1510198076;0
32;16;10;5;1;92;1510198747;92;255;1510198757;0
32;16;10;5;1;92;1510198925;92;255;1510198935;0
32;16;10;5;1;92;1510198980;92;255;1510198990;0
32;16;10;5;1;92;1510199008;92;255;1510199018;0
32;16;10;5;1;92;1510199688;92;255;1510199698;0
32;16;10;5;1;92;1510199867;92;255;1510199877;0
32;16;10;5;1;92;1510199926;92;255;1510199936;0
32;16;10;5;1;92;1510199948;92;255;1510199958;0
32;16;10;5;1;92;1510200630;92;255;1510200640;0
32;16;10;5;1;92;1510200807;92;255;1510200817;0
32;16;10;5;1;92;1510200871;92;255;1510200881;0
32;16;10;5;1;92;1510200888;92;255;1510200898;0
32;16;10;5;1;92;1510201571;92;255;1510201581;0
32;16;10;5;1;92;1510201748;92;255;1510201758;0
32;16;10;5;1;92;1510201814;92;255;1510201824;0
32;16;10;5;1;92;1510201830;92;255;1510201840;0
32;16;10;5;1;92;1510202513;92;255;1510202523;0
32;16;10;5;1;92;1510202692;92;255;1510202702;0
32;16;10;5;1;92;1510202756;92;255;1510202766;0
32;16;10;5;1;92;1510202773;92;255;1510202783;0
32;16;10;5;1;92;1510203455;92;255;1510203465;0
32;16;10;5;1;92;1510203636;92;255;1510203646;0
32;16;10;5;1;92;1510203697;92;255;1510203707;0
32;16;10;5;1;92;1510203718;92;255;1510203728;0
32;16;10;5;1;92;1510204395;92;255;1510204405;0
32;16;10;5;1;92;1510204577;92;255;1510204587;0
32;16;10;5;1;92;1510204639;92;255;1510204649;0
32;16;10;5;1;92;1510204662;92;255;1510204672;0
32;16;10;5;1;92;1510205337;92;255;1510205347;0
32;16;10;5;1;92;1510205518;92;255;1510205528;0
32;16;10;5;1;92;1510205583;92;255;1510205593;0
32;16;10;5;1;92;1510205604;92;255;1510205614;0
32;16;10;5;1;92;1510206281;92;255;1510206291;0
32;16;10;5;1;92;1510206460;92;255;1510206470;0
32;16;10;5;1;92;1510206526;92;255;1510206536;0
32;16;10;5;1;92;1510206549;92;255;1510206559;0
32;16;10;5;1;92;1510207224;92;255;1510207234;0
32;16;10;5;1;92;1510207403;92;255;1510207413;0
32;16;10;5;1;92;1510207469;92;255;1510207479;0
32;16;10;5;1;92;1510207491;92;255;1510207501;0
32;16;10;5;1;92;1510208164;92;255;1510208174;0
32;16;10;5;1;92;1510208345;92;255;1510208355;0
32;16;10;5;1;92;1510208412;92;255;1510208422;0
32;16;10;5;1;92;1510208431;92;255;1510208441;0
32;16;10;5;1;92;1510209105;92;255;1510209115;0
32;16;10;5;1;92;1510209288;92;255;1510209298;0
32;16;10;5;1;92;1510209353;92;255;1510209363;0
32;16;10;5;1;92;1510209374;92;255;1510209384;0
32;16;10;5;1;92;1510210048;92;255;1510210058;0
32;16;10;5;1;92;1510210229;92;255;1510210239;0
32;16;10;5;1;92;1510210296;92;255;1510210306;0
32;16;10;5;1;92;1510210316;92;255;1510210326;0
32;16;10;5;1;92;1510210992;92;255;1510211002;0
32;16;10;5;1;92;1510211170;92;255;1510211180;0
32;16;10;5;1;92;1510211239;92;255;1510211249;0
32;16;10;5;1;92;1510211260;92;255;1510211270;0
32;16;10;5;1;92;1510211934;92;255;1510211944;0
32;16;10;5;1;92;1510212112;92;255;1510212122;0
32;16;10;5;1;92;1510212178;92;255;1510212188;0
32;16;10;5;1;92;1510212201;92;255;1510212211;0
32;16;10;5;1;92;1510212876;92;255;1510212886;0
32;16;10;5;1;92;1510213055;92;255;1510213065;0
32;16;10;5;1;92;1510213122;92;255;1510213132;0
32;16;10;5;1;92;1510213144;92;255;1510213154;0
32;16;10;5;1;92;1510213818;92;255;1510213828;0
32;16;10;5;1;92;1510213997;92;255;1510214007;0
32;16;10;5;1;92;1510214063;92;255;1510214073;0
32;16;10;5;1;92;1510214087;92;255;1510214097;0
32;16;10;5;1;92;1510214761;92;255;1510214771;0
32;16;10;5;1;92;1510214939;92;255;1510214949;0
32;16;10;5;1;92;1510215005;92;255;1510215015;0
32;16;10;5;1;92;1510215030;92;255;1510215040;0
32;16;10;5;1;92;1510215702;92;255;1510215712;0
32;16;10;5;1;92;1510215879;92;255;1510215889;0
32;16;10;5;1;92;1510215946;92;255;1510215956;0
32;16;10;5;1;92;1510215974;92;255;1510215984;0
32;16;10;5;1;92;1510216646;92;255;1510216656;0
32;16;10;5;1;92;1510216822;92;255;1510216832;0
32;16;10;5;1;92;1510216889;92;255;1510216899;0
32;16;10;5;1;92;1510216917;92;255;1510216927;0
32;16;10;5;1;92;1510217588;92;255;1510217598;0
32;16;10;5;1;92;1510217764;92;255;1510217774;0
32;16;10;5;1;92;1510217830;92;255;1510217840;0
32;16;10;5;1;92;1510217860;92;255;1510217870;0
32;16;10;5;1;92;1510218530;92;255;1510218540;0
32;16;10;5;1;92;1510218706;92;255;1510218717;0
32;16;10;5;1;92;1510218772;92;255;1510218782;0
32;16;10;5;1;92;1510218802;92;255;1510218813;0
32;16;10;5;1;92;1510219507;92;255;1510219518;0
32;16;10;5;1;92;1510219702;92;255;1510219712;0
32;16;10;5;1;92;1510219759;92;255;1510219769;0
32;16;10;5;1;92;1510219789;92;255;1510219799;0
32;16;10;5;1;92;1510220527;92;255;1510220538;0
32;16;10;5;1;92;1510220718;92;255;1510220728;0
32;16;10;5;1;92;1510220764;92;255;1510220775;0
32;16;10;5;1;92;1510220803;92;255;1510220813;0
32;16;10;5;1;92;1510221502;92;255;1510221513;0
32;16;10;5;1;92;1510221697;92;255;1510221707;0
32;16;10;5;1;92;1510221743;92;255;1510221754;1
32;16;10;5;1;92;1510221804;92;255;1510221815;0
32;16;10;5;1;92;1510222513;92;255;1510222524;0
32;16;10;5;1;92;1510222711;92;255;1510222721;0
32;16;10;5;1;92;1510222757;92;255;1510222767;0
32;16;10;5;1;92;1510222816;92;255;1510222826;0
32;16;10;5;1;92;1510223520;92;255;1510223532;0
32;16;10;5;1;92;1510223721;92;255;1510223732;1
32;16;10;5;1;92;1510223778;92;255;1510223789;0
32;16;10;5;1;92;1510223841;92;255;1510223853;0
32;16;10;5;1;92;1510224528;92;255;1510224538;0
32;16;10;5;1;92;1510224727;92;255;1510224737;0
32;16;10;5;1;92;1510224784;92;255;1510224795;1
32;16;10;5;1;92;1510224841;92;255;1510224851;0
32;16;10;5;1;92;1510225530;92;255;1510225540;0
32;16;10;5;1;92;1510225714;92;255;1510225725;0
32;16;10;5;1;92;1510225768;92;255;1510225778;0
32;16;10;5;1;92;1510225819;92;255;1510225830;0
32;16;10;5;1;92;1510226549;92;255;1510226560;0
32;16;10;5;1;92;1510226732;92;255;1510226742;0
32;16;10;5;1;92;1510226781;92;255;1510226792;0
32;16;10;5;1;92;1510226842;92;255;1510226852;0
32;16;10;5;1;92;1510253515;92;255;1510253525;0
32;16;10;5;1;92;1510253517;92;255;1510253528;0
32;16;10;5;1;92;1510253518;92;255;1510253528;0
32;16;10;5;1;92;1510253521;92;255;1510253531;0
32;16;10;5;1;92;1510254449;92;255;1510254459;0
32;16;10;5;1;92;1510254450;92;255;1510254460;0
32;16;10;5;1;92;1510254453;92;255;1510254463;0
32;16;10;5;1;92;1510254473;92;255;1510254483;0
32;16;10;5;1;92;1510255383;92;255;1510255393;0
32;16;10;5;1;92;1510255383;92;255;1510255393;0
32;16;10;5;1;92;1510255385;92;255;1510255395;0
32;16;10;5;1;92;1510255407;92;255;1510255417;0
32;16;10;5;1;92;1510256314;92;255;1510256324;0
32;16;10;5;1;92;1510256315;92;255;1510256325;0
32;16;10;5;1;92;1510256320;92;255;1510256330;0
32;16;10;5;1;92;1510256341;92;255;1510256351;0
32;16;10;5;1;92;1510257245;92;255;1510257255;0
32;16;10;5;1;92;1510257247;92;255;1510257257;0
32;16;10;5;1;92;1510257256;92;255;1510257266;0
32;16;10;5;1;92;1510257277;92;255;1510257287;0
32;16;10;5;1;92;1510258176;92;255;1510258185;0
32;16;10;5;1;92;1510258179;92;255;1510258189;0
32;16;10;5;1;92;1510258192;92;255;1510258202;1
32;16;10;5;1;92;1510258211;92;255;1510258221;0
32;16;10;5;1;92;1510259106;92;255;1510259116;0
32;16;10;5;1;92;1510259111;92;255;1510259120;0
32;16;10;5;1;92;1510259127;92;255;1510259137;0
32;16;10;5;1;92;1510259146;92;255;1510259156;0
32;16;10;5;1;92;1510260037;92;255;1510260047;0
32;16;10;5;1;92;1510260042;92;255;1510260052;0
32;16;10;5;1;92;1510260063;92;255;1510260072;0
32;16;10;5;1;92;1510260081;92;255;1510260091;0
32;16;10;5;1;92;1510260968;92;255;1510260978;0
32;16;10;5;1;92;1510260975;92;255;1510260985;0
32;16;10;5;1;92;1510260998;92;255;1510261008;0
32;16;10;5;1;92;1510261016;92;255;1510261026;0
32;16;10;5;1;92;1510261900;92;255;1510261910;0
32;16;10;5;1;92;1510261907;92;255;1510261917;0
32;16;10;5;1;92;1510261934;92;255;1510261944;0
32;16;10;5;1;92;1510261953;92;255;1510261963;0
32;16;10;5;1;92;1510262831;92;255;1510262841;0
32;16;10;5;1;92;1510262838;92;255;1510262848;0
32;16;10;5;1;92;1510262869;92;255;1510262879;0
32;16;10;5;1;92;1510262888;92;255;1510262898;0
32;16;10;5;1;92;1510263762;92;255;1510263772;0
32;16;10;5;1;92;1510263769;92;255;1510263779;0
32;16;10;5;1;92;1510263806;92;255;1510263816;0
32;16;10;5;1;92;1510263823;92;255;1510263833;0
32;16;10;5;1;92;1510264694;92;255;1510264703;0
32;16;10;5;1;92;1510264701;92;255;1510264711;0
32;16;10;5;1;92;1510264741;92;255;1510264751;0
32;16;10;5;1;92;1510264758;92;255;1510264768;0
32;16;10;5;1;92;1510265625;92;255;1510265635;0
32;16;10;5;1;92;1510265633;92;255;1510265643;0
32;16;10;5;1;92;1510265678;92;255;1510265687;0
32;16;10;5;1;92;1510265693;92;255;1510265703;0
32;16;10;5;1;92;1510266556;92;255;1510266566;0
32;16;10;5;1;92;1510266564;92;255;1510266574;0
32;16;10;5;1;92;1510266614;92;255;1510266624;0
32;16;10;5;1;92;1510266628;92;255;1510266638;0
32;16;10;5;1;92;1510267486;92;255;1510267496;0
32;16;10;5;1;92;1510267496;92;255;1510267506;0
32;16;10;5;1;92;1510267551;92;255;1510267561;0
32;16;10;5;1;92;1510267563;92;255;1510267573;0
32;16;10;5;1;92;1510268417;92;255;1510268427;0
32;16;10;5;1;92;1510268427;92;255;1510268437;0
32;16;10;5;1;92;1510268487;92;255;1510268497;0
32;16;10;5;1;92;1510268498;92;255;1510268508;0
32;16;10;5;1;92;1510269348;92;255;1510269358;0
32;16;10;5;1;92;1510269359;92;255;1510269369;0
32;16;10;5;1;92;1510269425;92;255;1510269435;0
32;16;10;5;1;92;1510269433;92;255;1510269443;0
32;16;10;5;1;92;1510270280;92;255;1510270290;0
32;16;10;5;1;92;1510270292;92;255;1510270302;0
32;16;10;5;1;92;1510270362;92;255;1510270372;0
32;16;10;5;1;92;1510270369;92;255;1510270379;0
32;16;10;5;1;92;1510271211;92;255;1510271221;0
32;16;10;5;1;92;1510271224;92;255;1510271234;0
32;16;10;5;1;92;1510271299;92;255;1510271309;0
32;16;10;5;1;92;1510271305;92;255;1510271315;0
32;16;10;5;1;92;1510272143;92;255;1510272153;0
32;16;10;5;1;92;1510272160;92;255;1510272170;0
32;16;10;5;1;92;1510272231;92;255;1510272241;0
32;16;10;5;1;92;1510272240;92;255;1510272250;0
32;16;10;5;1;92;1510273074;92;255;1510273084;0
32;16;10;5;1;92;1510273097;92;255;1510273107;0
32;16;10;5;1;92;1510273163;92;255;1510273173;0
32;16;10;5;1;92;1510273175;92;255;1510273185;0
32;16;10;5;1;92;1510274005;92;255;1510274015;0
32;16;10;5;1;92;1510274033;92;255;1510274043;0
32;16;10;5;1;92;1510274094;92;255;1510274104;0
32;16;10;5;1;92;1510274113;92;255;1510274123;0
32;16;10;5;1;92;1510274936;92;255;1510274946;0
32;16;10;5;1;92;1510274970;92;255;1510274980;0
32;16;10;5;1;92;1510275026;92;255;1510275036;0
32;16;10;5;1;92;1510275049;92;255;1510275059;0
32;16;10;5;1;92;1510275867;92;255;1510275877;0
32;16;10;5;1;92;1510275907;92;255;1510275917;0
32;16;10;5;1;92;1510275961;92;255;1510275970;0
32;16;10;5;1;92;1510275981;92;255;1510275991;0
32;16;10;5;1;92;1510276798;92;255;1510276808;0
32;16;10;5;1;92;1510276843;92;255;1510276853;0
32;16;10;5;1;92;1510276897;92;255;1510276907;0
32;16;10;5;1;92;1510276913;92;255;1510276923;0
32;16;10;5;1;92;1510277730;92;255;1510277740;0
32;16;10;5;1;92;1510277780;92;255;1510277790;0
32;16;10;5;1;92;1510277833;92;255;1510277843;0
32;16;10;5;1;92;1510277844;92;255;1510277854;0
32;16;10;5;1;92;1510278661;92;255;1510278671;0
32;16;10;5;1;92;1510278717;92;255;1510278727;0
32;16;10;5;1;92;1510278769;92;255;1510278779;0
32;16;10;5;1;92;1510278775;92;255;1510278785;0
32;16;10;5;1;92;1510279592;92;255;1510279602;0
32;16;10;5;1;92;1510279654;92;255;1510279664;0
32;16;10;5;1;92;1510279704;92;255;1510279714;0
32;16;10;5;1;92;1510279707;92;255;1510279717;0
32;16;10;5;1;92;1510280523;92;255;1510280533;0
32;16;10;5;1;92;1510280591;92;255;1510280601;0
32;16;10;5;1;92;1510280638;92;255;1510280648;0
32;16;10;5;1;92;1510280640;92;255;1510280650;0
32;16;10;5;1;92;1510281454;92;255;1510281464;0
32;16;10;5;1;92;1510281528;92;255;1510281538;1
32;16;10;5;1;92;1510281570;92;255;1510281580;0
32;16;10;5;1;92;1510281576;92;255;1510281586;0
32;16;10;5;1;92;1510282384;92;255;1510282394;0
32;16;10;5;1;92;1510282469;92;255;1510282479;0
32;16;10;5;1;92;1510282501;92;255;1510282511;0
32;16;10;5;1;92;1510282512;92;255;1510282522;0
32;16;10;5;1;92;1510283316;92;255;1510283325;0
32;16;10;5;1;92;1510283406;92;255;1510283416;0
32;16;10;5;1;92;1510283433;92;255;1510283443;0
32;16;10;5;1;92;1510283447;92;255;1510283457;0
32;16;10;5;1;92;1510284246;92;255;1510284256;0
32;16;10;5;1;92;1510284344;92;255;1510284354;0
32;16;10;5;1;92;1510284364;92;255;1510284374;0
32;16;10;5;1;92;1510284383;92;255;1510284392;0
32;16;10;5;1;92;1510285177;92;255;1510285187;0
32;16;10;5;1;92;1510285281;92;255;1510285291;0
32;16;10;5;1;92;1510285298;92;255;1510285308;0
32;16;10;5;1;92;1510285316;92;255;1510285326;0
32;16;10;5;1;92;1510286108;92;255;1510286118;0
32;16;10;5;1;92;1510286219;92;255;1510286229;0
32;16;10;5;1;92;1510286233;92;255;1510286243;0
32;16;10;5;1;92;1510286247;92;255;1510286257;0
32;16;10;5;1;92;1510287039;92;255;1510287049;0
32;16;10;5;1;92;1510287156;92;255;1510287166;0
32;16;10;5;1;92;1510287170;92;255;1510287180;0
32;16;10;5;1;92;1510287179;92;255;1510287188;0
32;16;10;5;1;92;1510287970;92;255;1510287980;0
32;16;10;5;1;92;1510288094;92;255;1510288104;0
32;16;10;5;1;92;1510288106;92;255;1510288116;0
32;16;10;5;1;92;1510288111;92;255;1510288121;0
32;16;10;5;1;92;1510288902;92;255;1510288912;0
32;16;10;5;1;92;1510289031;92;255;1510289041;0
32;16;10;5;1;92;1510289042;92;255;1510289051;0
32;16;10;5;1;92;1510289042;92;255;1510289052;0
32;16;10;5;1;92;1510289835;92;255;1510289844;0
32;16;10;5;1;92;1510289969;92;255;1510289979;0
32;16;10;5;1;92;1510289973;92;255;1510289983;0
32;16;10;5;1;92;1510289976;92;255;1510289986;0
32;16;10;5;1;92;1510290767;92;255;1510290777;0
32;16;10;5;1;92;1510290906;92;255;1510290916;0
32;16;10;5;1;92;1510290907;92;255;1510290917;0
32;16;10;5;1;92;1510290911;92;255;1510290921;0
32;16;10;5;1;92;1510291699;92;255;1510291709;0
32;16;10;5;1;92;1510291837;92;255;1510291847;0
32;16;10;5;1;92;1510291845;92;255;1510291855;0
32;16;10;5;1;92;1510291846;92;255;1510291856;0
32;16;10;5;1;92;1510292632;92;255;1510292642;0
32;16;10;5;1;92;1510292769;92;255;1510292779;0
32;16;10;5;1;92;1510292780;92;255;1510292790;0
32;16;10;5;1;92;1510292783;92;255;1510292793;0
32;16;10;5;1;92;1510293564;92;255;1510293574;0
32;16;10;5;1;92;1510293701;92;255;1510293711;0
32;16;10;5;1;92;1510293715;92;255;1510293725;0
32;16;10;5;1;92;1510293722;92;255;1510293732;0
32;16;10;5;1;92;1510294497;92;255;1510294507;0
32;16;10;5;1;92;1510294632;92;255;1510294642;0
32;16;10;5;1;92;1510294649;92;255;1510294659;0
32;16;10;5;1;92;1510294660;92;255;1510294670;0
32;16;10;5;1;92;1510295429;92;255;1510295439;0
32;16;10;5;1;92;1510295564;92;255;1510295574;0
32;16;10;5;1;92;1510295583;92;255;1510295593;0
32;16;10;5;1;92;1510295598;92;255;1510295608;0
32;16;10;5;1;92;1510296363;92;255;1510296373;0
32;16;10;5;1;92;1510296497;92;255;1510296507;0
32;16;10;5;1;92;1510296518;92;255;1510296528;0
32;16;10;5;1;92;1510296537;92;255;1510296546;0
32;16;10;5;1;92;1510297296;92;255;1510297306;0
32;16;10;5;1;92;1510297428;92;255;1510297438;0
32;16;10;5;1;92;1510297453;92;255;1510297463;0
32;16;10;5;1;92;1510297474;92;255;1510297484;0
32;16;10;5;1;92;1510298228;92;255;1510298238;0
32;16;10;5;1;92;1510298360;92;255;1510298370;0
32;16;10;5;1;92;1510298388;92;255;1510298398;0
32;16;10;5;1;92;1510298412;92;255;1510298422;0
32;16;10;5;1;92;1510299160;92;255;1510299170;0
32;16;10;5;1;92;1510299292;92;255;1510299302;0
32;16;10;5;1;92;1510299324;92;255;1510299334;0
32;16;10;5;1;92;1510299350;92;255;1510299360;0
32;16;10;5;1;92;1510300093;92;255;1510300103;0
32;16;10;5;1;92;1510300224;92;255;1510300233;0
32;16;10;5;1;92;1510300258;92;255;1510300268;0
32;16;10;5;1;92;1510300289;92;255;1510300298;0
32;16;10;5;1;92;1510301026;92;255;1510301036;0
32;16;10;5;1;92;1510301156;92;255;1510301166;0
32;16;10;5;1;92;1510301195;92;255;1510301205;0
32;16;10;5;1;92;1510301225;92;255;1510301235;0
32;16;10;5;1;92;1510301959;92;255;1510301969;0
32;16;10;5;1;92;1510302087;92;255;1510302097;0
32;16;10;5;1;92;1510302134;92;255;1510302144;0
32;16;10;5;1;92;1510302159;92;255;1510302169;0
32;16;10;5;1;92;1510302893;92;255;1510302903;0
32;16;10;5;1;92;1510303035;92;255;1510303045;0
32;16;10;5;1;92;1510303089;92;255;1510303101;0
32;16;10;5;1;92;1510303137;92;255;1510303148;0
32;16;10;5;1;92;1510303885;92;255;1510303896;0
32;16;10;5;1;92;1510304036;92;255;1510304046;0
32;16;10;5;1;92;1510304080;92;255;1510304091;0
32;16;10;5;1;92;1510304115;92;255;1510304125;0
32;16;10;5;1;92;1510304866;92;255;1510304877;0
32;16;10;5;1;92;1510304990;92;255;1510305000;0
32;16;10;5;1;92;1510305046;92;255;1510305057;0
32;16;10;5;1;92;1510305088;92;255;1510305098;0
32;16;10;5;1;92;1510305816;92;255;1510305826;0
32;16;10;5;1;92;1510305942;92;255;1510305952;0
32;16;10;5;1;92;1510306000;92;255;1510306010;0
32;16;10;5;1;92;1510306070;92;255;1510306081;0
32;16;10;5;1;92;1510306837;92;255;1510306848;0
32;16;10;5;1;92;1510306977;92;255;1510306988;0
32;16;10;5;1;92;1510307016;92;255;1510307026;0
32;16;10;5;1;92;1510307107;92;255;1510307119;0
