32;16;10;5;1;95;1509982255;95;255;1509982266;0
32;16;10;5;1;95;1509982324;95;255;1509982334;0
32;16;10;5;1;95;1509982394;95;255;1509982404;0
32;16;10;5;1;95;1509982491;95;255;1509982501;0
32;16;10;5;1;95;1509983221;95;255;1509983232;0
32;16;10;5;1;95;1509983280;95;255;1509983291;0
32;16;10;5;1;95;1509983348;95;255;1509983359;0
32;16;10;5;1;95;1509983457;95;255;1509983468;0
32;16;10;5;1;95;1509984163;95;255;1509984173;0
32;16;10;5;1;95;1509984219;95;255;1509984229;0
32;16;10;5;1;95;1509984290;95;255;1509984300;0
32;16;10;5;1;95;1509984399;95;255;1509984409;0
32;16;10;5;1;95;1509985105;95;255;1509985115;0
32;16;10;5;1;95;1509985162;95;255;1509985172;0
32;16;10;5;1;95;1509985230;95;255;1509985241;0
32;16;10;5;1;95;1509985341;95;255;1509985351;0
32;16;10;5;1;95;1509986045;95;255;1509986055;0
32;16;10;5;1;95;1509986103;95;255;1509986113;0
32;16;10;5;1;95;1509986174;95;255;1509986184;0
32;16;10;5;1;95;1509986282;95;255;1509986292;0
32;16;10;5;1;95;1509986986;95;255;1509986996;0
32;16;10;5;1;95;1509987047;95;255;1509987057;0
32;16;10;5;1;95;1509987112;95;255;1509987122;0
32;16;10;5;1;95;1509987225;95;255;1509987236;0
32;16;10;5;1;95;1509987927;95;255;1509987937;0
32;16;10;5;1;95;1509987990;95;255;1509988000;0
32;16;10;5;1;95;1509988052;95;255;1509988062;0
32;16;10;5;1;95;1509988166;95;255;1509988176;0
32;16;10;5;1;95;1509988869;95;255;1509988879;0
32;16;10;5;1;95;1509988931;95;255;1509988941;0
32;16;10;5;1;95;1509988994;95;255;1509989004;0
32;16;10;5;1;95;1509989109;95;255;1509989119;0
32;16;10;5;1;95;1509989810;95;255;1509989820;0
32;16;10;5;1;95;1509989874;95;255;1509989884;0
32;16;10;5;1;95;1509989937;95;255;1509989947;0
32;16;10;5;1;95;1509990051;95;255;1509990061;0
32;16;10;5;1;95;1509990752;95;255;1509990763;0
32;16;10;5;1;95;1509990816;95;255;1509990826;0
32;16;10;5;1;95;1509990878;95;255;1509990888;0
32;16;10;5;1;95;1509990993;95;255;1509991003;0
32;16;10;5;1;95;1509991695;95;255;1509991705;0
32;16;10;5;1;95;1509991756;95;255;1509991766;0
32;16;10;5;1;95;1509991817;95;255;1509991827;0
32;16;10;5;1;95;1509991935;95;255;1509991945;0
32;16;10;5;1;95;1509992638;95;255;1509992648;0
32;16;10;5;1;95;1509992696;95;255;1509992706;0
32;16;10;5;1;95;1509992757;95;255;1509992767;0
32;16;10;5;1;95;1509992875;95;255;1509992885;0
32;16;10;5;1;95;1509993578;95;255;1509993588;0
32;16;10;5;1;95;1509993639;95;255;1509993649;0
32;16;10;5;1;95;1509993699;95;255;1509993709;0
32;16;10;5;1;95;1509993818;95;255;1509993828;0
32;16;10;5;1;95;1509994519;95;255;1509994529;0
32;16;10;5;1;95;1509994579;95;255;1509994590;0
32;16;10;5;1;95;1509994640;95;255;1509994650;0
32;16;10;5;1;95;1509994760;95;255;1509994770;0
32;16;10;5;1;95;1509995464;95;255;1509995474;0
32;16;10;5;1;95;1509995521;95;255;1509995532;0
32;16;10;5;1;95;1509995592;95;255;1509995603;0
32;16;10;5;1;95;1509995702;95;255;1509995712;0
32;16;10;5;1;95;1509996410;95;255;1509996420;0
32;16;10;5;1;95;1509996463;95;255;1509996474;0
32;16;10;5;1;95;1509996540;95;255;1509996550;0
32;16;10;5;1;95;1509996642;95;255;1509996652;0
32;16;10;5;1;95;1509997351;95;255;1509997361;0
32;16;10;5;1;95;1509997406;95;255;1509997416;0
32;16;10;5;1;95;1509997481;95;255;1509997491;0
32;16;10;5;1;95;1509997583;95;255;1509997593;0
32;16;10;5;1;95;1509998292;95;255;1509998302;0
32;16;10;5;1;95;1509998348;95;255;1509998359;0
32;16;10;5;1;95;1509998421;95;255;1509998432;0
32;16;10;5;1;95;1509998525;95;255;1509998535;0
32;16;10;5;1;95;1509999237;95;255;1509999247;0
32;16;10;5;1;95;1509999289;95;255;1509999299;0
32;16;10;5;1;95;1509999361;95;255;1509999371;0
32;16;10;5;1;95;1509999465;95;255;1509999475;0
32;16;10;5;1;95;1510000178;95;255;1510000188;0
32;16;10;5;1;95;1510000233;95;255;1510000243;0
32;16;10;5;1;95;1510000302;95;255;1510000312;0
32;16;10;5;1;95;1510000404;95;255;1510000414;0
32;16;10;5;1;95;1510001120;95;255;1510001130;0
32;16;10;5;1;95;1510001175;95;255;1510001185;0
32;16;10;5;1;95;1510001242;95;255;1510001252;0
32;16;10;5;1;95;1510001345;95;255;1510001356;0
32;16;10;5;1;95;1510002062;95;255;1510002072;1
32;16;10;5;1;95;1510002118;95;255;1510002128;0
32;16;10;5;1;95;1510002183;95;255;1510002193;0
32;16;10;5;1;95;1510002285;95;255;1510002295;0
32;16;10;5;1;95;1510003003;95;255;1510003014;0
32;16;10;5;1;95;1510003063;95;255;1510003073;0
32;16;10;5;1;95;1510003126;95;255;1510003136;0
32;16;10;5;1;95;1510003225;95;255;1510003235;0
32;16;10;5;1;95;1510003943;95;255;1510003953;0
32;16;10;5;1;95;1510004002;95;255;1510004012;0
32;16;10;5;1;95;1510004070;95;255;1510004080;0
32;16;10;5;1;95;1510004170;95;255;1510004180;0
32;16;10;5;1;95;1510004885;95;255;1510004895;0
32;16;10;5;1;95;1510004943;95;255;1510004953;0
32;16;10;5;1;95;1510005011;95;255;1510005021;0
32;16;10;5;1;95;1510005111;95;255;1510005121;0
32;16;10;5;1;95;1510005825;95;255;1510005836;0
32;16;10;5;1;95;1510005884;95;255;1510005894;0
32;16;10;5;1;95;1510005955;95;255;1510005965;0
32;16;10;5;1;95;1510006050;95;255;1510006061;0
32;16;10;5;1;95;1510006765;95;255;1510006775;0
32;16;10;5;1;95;1510006824;95;255;1510006834;0
32;16;10;5;1;95;1510006900;95;255;1510006910;0
32;16;10;5;1;95;1510006991;95;255;1510007001;0
32;16;10;5;1;95;1510007705;95;255;1510007715;0
32;16;10;5;1;95;1510007763;95;255;1510007773;0
32;16;10;5;1;95;1510007842;95;255;1510007853;0
32;16;10;5;1;95;1510007934;95;255;1510007944;0
32;16;10;5;1;95;1510008647;95;255;1510008657;0
32;16;10;5;1;95;1510008703;95;255;1510008713;0
32;16;10;5;1;95;1510008784;95;255;1510008794;0
32;16;10;5;1;95;1510008876;95;255;1510008886;0
32;16;10;5;1;95;1510009589;95;255;1510009599;0
32;16;10;5;1;95;1510009645;95;255;1510009655;0
32;16;10;5;1;95;1510009725;95;255;1510009736;0
32;16;10;5;1;95;1510009818;95;255;1510009828;0
32;16;10;5;1;95;1510010529;95;255;1510010539;0
32;16;10;5;1;95;1510010586;95;255;1510010596;0
32;16;10;5;1;95;1510010667;95;255;1510010677;0
32;16;10;5;1;95;1510010762;95;255;1510010772;0
32;16;10;5;1;95;1510011468;95;255;1510011478;0
32;16;10;5;1;95;1510011529;95;255;1510011539;0
32;16;10;5;1;95;1510011609;95;255;1510011619;0
32;16;10;5;1;95;1510011702;95;255;1510011712;0
32;16;10;5;1;95;1510012411;95;255;1510012421;0
32;16;10;5;1;95;1510012473;95;255;1510012483;0
32;16;10;5;1;95;1510012549;95;255;1510012559;0
32;16;10;5;1;95;1510012642;95;255;1510012652;0
32;16;10;5;1;95;1510013353;95;255;1510013363;0
32;16;10;5;1;95;1510013416;95;255;1510013426;0
32;16;10;5;1;95;1510013489;95;255;1510013499;0
32;16;10;5;1;95;1510013585;95;255;1510013595;0
32;16;10;5;1;95;1510014295;95;255;1510014305;0
32;16;10;5;1;95;1510014358;95;255;1510014368;0
32;16;10;5;1;95;1510014430;95;255;1510014440;0
32;16;10;5;1;95;1510014526;95;255;1510014536;0
32;16;10;5;1;95;1510015236;95;255;1510015246;0
32;16;10;5;1;95;1510015299;95;255;1510015309;0
32;16;10;5;1;95;1510015371;95;255;1510015381;0
32;16;10;5;1;95;1510015468;95;255;1510015478;0
32;16;10;5;1;95;1510016178;95;255;1510016188;0
32;16;10;5;1;95;1510016240;95;255;1510016250;0
32;16;10;5;1;95;1510016313;95;255;1510016323;0
32;16;10;5;1;95;1510016408;95;255;1510016418;0
32;16;10;5;1;95;1510017119;95;255;1510017129;0
32;16;10;5;1;95;1510017184;95;255;1510017194;0
32;16;10;5;1;95;1510017252;95;255;1510017262;0
32;16;10;5;1;95;1510017350;95;255;1510017360;0
32;16;10;5;1;95;1510018059;95;255;1510018069;0
32;16;10;5;1;95;1510018125;95;255;1510018135;0
32;16;10;5;1;95;1510018195;95;255;1510018205;0
32;16;10;5;1;95;1510018293;95;255;1510018303;0
32;16;10;5;1;95;1510018999;95;255;1510019009;0
32;16;10;5;1;95;1510019070;95;255;1510019080;0
32;16;10;5;1;95;1510019135;95;255;1510019145;0
32;16;10;5;1;95;1510019234;95;255;1510019244;0
32;16;10;5;1;95;1510019941;95;255;1510019951;0
32;16;10;5;1;95;1510020014;95;255;1510020024;0
32;16;10;5;1;95;1510020075;95;255;1510020085;0
32;16;10;5;1;95;1510020173;95;255;1510020184;0
32;16;10;5;1;95;1510020883;95;255;1510020893;0
32;16;10;5;1;95;1510020956;95;255;1510020966;0
32;16;10;5;1;95;1510021016;95;255;1510021026;0
32;16;10;5;1;95;1510021115;95;255;1510021125;0
32;16;10;5;1;95;1510021823;95;255;1510021833;0
32;16;10;5;1;95;1510021896;95;255;1510021906;0
32;16;10;5;1;95;1510021958;95;255;1510021968;0
32;16;10;5;1;95;1510022057;95;255;1510022067;0
32;16;10;5;1;95;1510022762;95;255;1510022772;0
32;16;10;5;1;95;1510022836;95;255;1510022846;0
32;16;10;5;1;95;1510022902;95;255;1510022912;0
32;16;10;5;1;95;1510022997;95;255;1510023007;0
32;16;10;5;1;95;1510023706;95;255;1510023716;0
32;16;10;5;1;95;1510023778;95;255;1510023788;0
32;16;10;5;1;95;1510023844;95;255;1510023854;0
32;16;10;5;1;95;1510023938;95;255;1510023948;0
32;16;10;5;1;95;1510024648;95;255;1510024658;0
32;16;10;5;1;95;1510024719;95;255;1510024729;0
32;16;10;5;1;95;1510024786;95;255;1510024796;0
32;16;10;5;1;95;1510024879;95;255;1510024889;0
32;16;10;5;1;95;1510025592;95;255;1510025603;0
32;16;10;5;1;95;1510025659;95;255;1510025669;0
32;16;10;5;1;95;1510025728;95;255;1510025738;0
32;16;10;5;1;95;1510025819;95;255;1510025829;0
32;16;10;5;1;95;1510026533;95;255;1510026543;0
32;16;10;5;1;95;1510026599;95;255;1510026609;0
32;16;10;5;1;95;1510026670;95;255;1510026680;0
32;16;10;5;1;95;1510026761;95;255;1510026771;0
32;16;10;5;1;95;1510027474;95;255;1510027485;0
32;16;10;5;1;95;1510027540;95;255;1510027550;0
32;16;10;5;1;95;1510027612;95;255;1510027622;0
32;16;10;5;1;95;1510027702;95;255;1510027712;0
32;16;10;5;1;95;1510028417;95;255;1510028427;0
32;16;10;5;1;95;1510028483;95;255;1510028493;0
32;16;10;5;1;95;1510028554;95;255;1510028565;0
32;16;10;5;1;95;1510028641;95;255;1510028651;0
32;16;10;5;1;95;1510029359;95;255;1510029370;0
32;16;10;5;1;95;1510029425;95;255;1510029435;0
32;16;10;5;1;95;1510029494;95;255;1510029504;0
32;16;10;5;1;95;1510029582;95;255;1510029592;0
32;16;10;5;1;95;1510030299;95;255;1510030309;0
32;16;10;5;1;95;1510030369;95;255;1510030379;0
32;16;10;5;1;95;1510030441;95;255;1510030451;0
32;16;10;5;1;95;1510030521;95;255;1510030531;0
32;16;10;5;1;95;1510031242;95;255;1510031252;0
32;16;10;5;1;95;1510031308;95;255;1510031318;0
32;16;10;5;1;95;1510031382;95;255;1510031392;0
32;16;10;5;1;95;1510031464;95;255;1510031474;0
32;16;10;5;1;95;1510032182;95;255;1510032192;0
32;16;10;5;1;95;1510032248;95;255;1510032258;0
32;16;10;5;1;95;1510032326;95;255;1510032336;0
32;16;10;5;1;95;1510032406;95;255;1510032416;0
32;16;10;5;1;95;1510033123;95;255;1510033133;0
32;16;10;5;1;95;1510033190;95;255;1510033200;0
32;16;10;5;1;95;1510033268;95;255;1510033278;0
32;16;10;5;1;95;1510033346;95;255;1510033356;0
32;16;10;5;1;95;1510034066;95;255;1510034076;0
32;16;10;5;1;95;1510034131;95;255;1510034142;0
32;16;10;5;1;95;1510034208;95;255;1510034218;0
32;16;10;5;1;95;1510034286;95;255;1510034296;0
32;16;10;5;1;95;1510035007;95;255;1510035017;0
32;16;10;5;1;95;1510035073;95;255;1510035083;0
32;16;10;5;1;95;1510035148;95;255;1510035158;0
32;16;10;5;1;95;1510035229;95;255;1510035239;0
32;16;10;5;1;95;1510035949;95;255;1510035959;0
32;16;10;5;1;95;1510036016;95;255;1510036026;0
32;16;10;5;1;95;1510036091;95;255;1510036101;0
32;16;10;5;1;95;1510036167;95;255;1510036177;0
32;16;10;5;1;95;1510036890;95;255;1510036901;0
32;16;10;5;1;95;1510036958;95;255;1510036968;0
32;16;10;5;1;95;1510037032;95;255;1510037042;0
32;16;10;5;1;95;1510037108;95;255;1510037118;0
32;16;10;5;1;95;1510037833;95;255;1510037844;0
32;16;10;5;1;95;1510037900;95;255;1510037910;0
32;16;10;5;1;95;1510037972;95;255;1510037982;0
32;16;10;5;1;95;1510038049;95;255;1510038059;0
32;16;10;5;1;95;1510038775;95;255;1510038785;0
32;16;10;5;1;95;1510038842;95;255;1510038852;0
32;16;10;5;1;95;1510038912;95;255;1510038922;0
32;16;10;5;1;95;1510038990;95;255;1510039000;0
32;16;10;5;1;95;1510039716;95;255;1510039726;0
32;16;10;5;1;95;1510039783;95;255;1510039793;0
32;16;10;5;1;95;1510039856;95;255;1510039866;0
32;16;10;5;1;95;1510039931;95;255;1510039941;0
32;16;10;5;1;95;1510040657;95;255;1510040667;0
32;16;10;5;1;95;1510040723;95;255;1510040734;0
32;16;10;5;1;95;1510040799;95;255;1510040809;0
32;16;10;5;1;95;1510040871;95;255;1510040881;0
32;16;10;5;1;95;1510041600;95;255;1510041610;0
32;16;10;5;1;95;1510041667;95;255;1510041677;0
32;16;10;5;1;95;1510041742;95;255;1510041752;0
32;16;10;5;1;95;1510041811;95;255;1510041821;0
32;16;10;5;1;95;1510042541;95;255;1510042551;0
32;16;10;5;1;95;1510042607;95;255;1510042617;0
32;16;10;5;1;95;1510042684;95;255;1510042694;0
32;16;10;5;1;95;1510042754;95;255;1510042764;0
32;16;10;5;1;95;1510043480;95;255;1510043490;0
32;16;10;5;1;95;1510043551;95;255;1510043561;0
32;16;10;5;1;95;1510043624;95;255;1510043634;0
32;16;10;5;1;95;1510043697;95;255;1510043707;0
32;16;10;5;1;95;1510044423;95;255;1510044434;0
32;16;10;5;1;95;1510044496;95;255;1510044506;0
32;16;10;5;1;95;1510044569;95;255;1510044579;0
32;16;10;5;1;95;1510044644;95;255;1510044654;0
32;16;10;5;1;95;1510045415;95;255;1510045425;0
32;16;10;5;1;95;1510045484;95;255;1510045495;0
32;16;10;5;1;95;1510045560;95;255;1510045571;0
32;16;10;5;1;95;1510045645;95;255;1510045656;0
32;16;10;5;1;95;1510046431;95;255;1510046442;0
32;16;10;5;1;95;1510046510;95;255;1510046520;0
32;16;10;5;1;95;1510046588;95;255;1510046599;0
32;16;10;5;1;95;1510047397;95;255;1510047407;0
32;16;10;5;1;95;1510047417;95;255;1510047427;0
32;16;10;5;1;95;1510047418;95;255;1510047428;0
32;16;10;5;1;95;1510047418;95;255;1510047430;0
32;16;10;5;1;95;1510048376;95;255;1510048386;0
32;16;10;5;1;95;1510048391;95;255;1510048401;0
32;16;10;5;1;95;1510048393;95;255;1510048403;0
32;16;10;5;1;95;1510048401;95;255;1510048411;0
32;16;10;5;1;95;1510049410;95;255;1510049421;0
32;16;10;5;1;95;1510049417;95;255;1510049427;0
32;16;10;5;1;95;1510049433;95;255;1510049443;0
32;16;10;5;1;95;1510050370;95;255;1510050380;0
32;16;10;5;1;95;1510050377;95;255;1510050387;0
32;16;10;5;1;95;1510050393;95;255;1510050404;0
32;16;10;5;1;95;1510051329;95;255;1510051339;0
32;16;10;5;1;95;1510051334;95;255;1510051345;0
32;16;10;5;1;95;1510051352;95;255;1510051362;0
32;16;10;5;1;95;1510052285;95;255;1510052296;0
32;16;10;5;1;95;1510052291;95;255;1510052302;0
32;16;10;5;1;95;1510052310;95;255;1510052321;0
32;16;10;5;1;95;1510053242;95;255;1510053252;0
32;16;10;5;1;95;1510053248;95;255;1510053259;0
32;16;10;5;1;95;1510053267;95;255;1510053277;0
32;16;10;5;1;95;1510054200;95;255;1510054210;0
32;16;10;5;1;95;1510054208;95;255;1510054218;0
32;16;10;5;1;95;1510054226;95;255;1510054236;0
32;16;10;5;1;95;1510055159;95;255;1510055169;0
32;16;10;5;1;95;1510055168;95;255;1510055179;0
32;16;10;5;1;95;1510055189;95;255;1510055199;0
32;16;10;5;1;95;1510056129;95;255;1510056139;0
32;16;10;5;1;95;1510056146;95;255;1510056157;0
32;16;10;5;1;95;1510056167;95;255;1510056178;0
32;16;10;5;1;95;1510057085;95;255;1510057095;0
32;16;10;5;1;95;1510057107;95;255;1510057117;0
32;16;10;5;1;95;1510057134;95;255;1510057144;0
32;16;10;5;1;95;1510058028;95;255;1510058038;0
32;16;10;5;1;95;1510058049;95;255;1510058059;0
32;16;10;5;1;95;1510058076;95;255;1510058086;0
32;16;10;5;1;95;1510058968;95;255;1510058978;0
32;16;10;5;1;95;1510058989;95;255;1510059000;0
32;16;10;5;1;95;1510059017;95;255;1510059027;0
32;16;10;5;1;95;1510059909;95;255;1510059919;0
32;16;10;5;1;95;1510059930;95;255;1510059940;0
32;16;10;5;1;95;1510059959;95;255;1510059969;0
32;16;10;5;1;95;1510060869;95;255;1510060880;0
32;16;10;5;1;95;1510060889;95;255;1510060899;0
32;16;10;5;1;95;1510060924;95;255;1510060934;0
32;16;10;5;1;95;1510061853;95;255;1510061864;0
32;16;10;5;1;95;1510061859;95;255;1510061870;0
32;16;10;5;1;95;1510061899;95;255;1510061909;0
32;16;10;5;1;95;1510062827;95;255;1510062837;0
32;16;10;5;1;95;1510062832;95;255;1510062842;0
32;16;10;5;1;95;1510062875;95;255;1510062886;0
32;16;10;5;1;95;1510063779;95;255;1510063790;0
32;16;10;5;1;95;1510063781;95;255;1510063792;0
32;16;10;5;1;95;1510063826;95;255;1510063836;0
32;16;10;5;1;95;1510064746;95;255;1510064756;0
32;16;10;5;1;95;1510064747;95;255;1510064757;0
32;16;10;5;1;95;1510064795;95;255;1510064805;0
32;16;10;5;1;95;1510065707;95;255;1510065717;0
32;16;10;5;1;95;1510065708;95;255;1510065719;0
32;16;10;5;1;95;1510065759;95;255;1510065770;0
32;16;10;5;1;95;1510066669;95;255;1510066679;0
32;16;10;5;1;95;1510066670;95;255;1510066681;0
32;16;10;5;1;95;1510066722;95;255;1510066732;0
32;16;10;5;1;95;1510067631;95;255;1510067641;0
32;16;10;5;1;95;1510067632;95;255;1510067642;0
32;16;10;5;1;95;1510067687;95;255;1510067697;0
32;16;10;5;1;95;1510068581;95;255;1510068591;0
32;16;10;5;1;95;1510068583;95;255;1510068593;0
32;16;10;5;1;95;1510068636;95;255;1510068646;0
32;16;10;5;1;95;1510069537;95;255;1510069547;0
32;16;10;5;1;95;1510069548;95;255;1510069559;0
32;16;10;5;1;95;1510069595;95;255;1510069605;0
32;16;10;5;1;95;1510070502;95;255;1510070512;0
32;16;10;5;1;95;1510070515;95;255;1510070525;0
32;16;10;5;1;95;1510070561;95;255;1510070571;0
32;16;10;5;1;95;1510071470;95;255;1510071480;0
32;16;10;5;1;95;1510071479;95;255;1510071489;0
32;16;10;5;1;95;1510071525;95;255;1510071536;0
32;16;10;5;1;95;1510072433;95;255;1510072443;0
32;16;10;5;1;95;1510072439;95;255;1510072449;0
32;16;10;5;1;95;1510072479;95;255;1510072490;0
32;16;10;5;1;95;1510073377;95;255;1510073387;0
32;16;10;5;1;95;1510073383;95;255;1510073393;0
32;16;10;5;1;95;1510073423;95;255;1510073434;0
32;16;10;5;1;95;1510074320;95;255;1510074330;0
32;16;10;5;1;95;1510074326;95;255;1510074336;0
32;16;10;5;1;95;1510074367;95;255;1510074377;0
32;16;10;5;1;95;1510075264;95;255;1510075275;0
32;16;10;5;1;95;1510075271;95;255;1510075282;0
32;16;10;5;1;95;1510075318;95;255;1510075329;0
32;16;10;5;1;95;1510076074;95;255;1510076084;0
32;16;10;5;1;95;1510076246;95;255;1510076256;0
32;16;10;5;1;95;1510076251;95;255;1510076261;0
32;16;10;5;1;95;1510076292;95;255;1510076302;0
32;16;10;5;1;95;1510077016;95;255;1510077026;0
32;16;10;5;1;95;1510077185;95;255;1510077195;0
32;16;10;5;1;95;1510077191;95;255;1510077202;0
32;16;10;5;1;95;1510077231;95;255;1510077241;0
32;16;10;5;1;95;1510077954;95;255;1510077964;0
32;16;10;5;1;95;1510078124;95;255;1510078134;0
32;16;10;5;1;95;1510078132;95;255;1510078142;0
32;16;10;5;1;95;1510078172;95;255;1510078182;0
32;16;10;5;1;95;1510078893;95;255;1510078903;0
32;16;10;5;1;95;1510079064;95;255;1510079074;0
32;16;10;5;1;95;1510079072;95;255;1510079082;0
32;16;10;5;1;95;1510079112;95;255;1510079122;0
32;16;10;5;1;95;1510079834;95;255;1510079844;0
32;16;10;5;1;95;1510080003;95;255;1510080013;0
32;16;10;5;1;95;1510080011;95;255;1510080021;0
32;16;10;5;1;95;1510080053;95;255;1510080063;0
32;16;10;5;1;95;1510080775;95;255;1510080785;0
32;16;10;5;1;95;1510080943;95;255;1510080953;0
32;16;10;5;1;95;1510080950;95;255;1510080960;0
32;16;10;5;1;95;1510080993;95;255;1510081004;0
32;16;10;5;1;95;1510081715;95;255;1510081725;0
32;16;10;5;1;95;1510081882;95;255;1510081893;0
32;16;10;5;1;95;1510081889;95;255;1510081899;0
32;16;10;5;1;95;1510081933;95;255;1510081944;0
32;16;10;5;1;95;1510082652;95;255;1510082662;0
32;16;10;5;1;95;1510082823;95;255;1510082833;0
32;16;10;5;1;95;1510082831;95;255;1510082841;0
32;16;10;5;1;95;1510082874;95;255;1510082884;0
32;16;10;5;1;95;1510083591;95;255;1510083601;0
32;16;10;5;1;95;1510083762;95;255;1510083772;0
32;16;10;5;1;95;1510083773;95;255;1510083783;0
32;16;10;5;1;95;1510083813;95;255;1510083823;0
32;16;10;5;1;95;1510084530;95;255;1510084540;0
32;16;10;5;1;95;1510084701;95;255;1510084711;0
32;16;10;5;1;95;1510084714;95;255;1510084724;0
32;16;10;5;1;95;1510084753;95;255;1510084763;0
32;16;10;5;1;95;1510085470;95;255;1510085480;0
32;16;10;5;1;95;1510085642;95;255;1510085652;0
32;16;10;5;1;95;1510085654;95;255;1510085666;0
32;16;10;5;1;95;1510085693;95;255;1510085703;0
32;16;10;5;1;95;1510086408;95;255;1510086418;0
32;16;10;5;1;95;1510086583;95;255;1510086593;0
32;16;10;5;1;95;1510086597;95;255;1510086607;0
32;16;10;5;1;95;1510086633;95;255;1510086644;0
32;16;10;5;1;95;1510087348;95;255;1510087358;0
32;16;10;5;1;95;1510087524;95;255;1510087534;0
32;16;10;5;1;95;1510087537;95;255;1510087547;0
32;16;10;5;1;95;1510087572;95;255;1510087582;0
32;16;10;5;1;95;1510088288;95;255;1510088298;0
32;16;10;5;1;95;1510088464;95;255;1510088475;0
32;16;10;5;1;95;1510088476;95;255;1510088486;0
32;16;10;5;1;95;1510088511;95;255;1510088521;0
32;16;10;5;1;95;1510089228;95;255;1510089238;0
32;16;10;5;1;95;1510089404;95;255;1510089414;0
32;16;10;5;1;95;1510089418;95;255;1510089428;0
32;16;10;5;1;95;1510089451;95;255;1510089461;0
32;16;10;5;1;95;1510090166;95;255;1510090176;0
32;16;10;5;1;95;1510090343;95;255;1510090353;0
32;16;10;5;1;95;1510090357;95;255;1510090368;0
32;16;10;5;1;95;1510090395;95;255;1510090406;0
32;16;10;5;1;95;1510091106;95;255;1510091116;0
32;16;10;5;1;95;1510091283;95;255;1510091293;0
32;16;10;5;1;95;1510091297;95;255;1510091308;0
32;16;10;5;1;95;1510091336;95;255;1510091346;0
32;16;10;5;1;95;1510092045;95;255;1510092055;0
32;16;10;5;1;95;1510092223;95;255;1510092234;0
32;16;10;5;1;95;1510092238;95;255;1510092248;0
32;16;10;5;1;95;1510092276;95;255;1510092286;0
32;16;10;5;1;95;1510092985;95;255;1510092995;0
32;16;10;5;1;95;1510093163;95;255;1510093173;0
32;16;10;5;1;95;1510093180;95;255;1510093190;0
32;16;10;5;1;95;1510093217;95;255;1510093227;0
32;16;10;5;1;95;1510093924;95;255;1510093934;0
32;16;10;5;1;95;1510094102;95;255;1510094112;0
32;16;10;5;1;95;1510094118;95;255;1510094128;0
32;16;10;5;1;95;1510094159;95;255;1510094169;0
32;16;10;5;1;95;1510094865;95;255;1510094875;0
32;16;10;5;1;95;1510095042;95;255;1510095052;0
32;16;10;5;1;95;1510095056;95;255;1510095067;0
32;16;10;5;1;95;1510095099;95;255;1510095109;0
32;16;10;5;1;95;1510095808;95;255;1510095818;0
32;16;10;5;1;95;1510095981;95;255;1510095991;0
32;16;10;5;1;95;1510095995;95;255;1510096005;0
32;16;10;5;1;95;1510096039;95;255;1510096049;0
32;16;10;5;1;95;1510096750;95;255;1510096760;0
32;16;10;5;1;95;1510096920;95;255;1510096930;0
32;16;10;5;1;95;1510096935;95;255;1510096945;0
32;16;10;5;1;95;1510096980;95;255;1510096990;0
32;16;10;5;1;95;1510097689;95;255;1510097699;0
32;16;10;5;1;95;1510097861;95;255;1510097871;0
32;16;10;5;1;95;1510097874;95;255;1510097884;0
32;16;10;5;1;95;1510097921;95;255;1510097931;0
32;16;10;5;1;95;1510098629;95;255;1510098639;0
32;16;10;5;1;95;1510098803;95;255;1510098813;0
32;16;10;5;1;95;1510098812;95;255;1510098822;0
32;16;10;5;1;95;1510098861;95;255;1510098871;0
32;16;10;5;1;95;1510099569;95;255;1510099579;0
32;16;10;5;1;95;1510099744;95;255;1510099754;0
32;16;10;5;1;95;1510099750;95;255;1510099760;0
32;16;10;5;1;95;1510099802;95;255;1510099812;0
32;16;10;5;1;95;1510100510;95;255;1510100520;0
32;16;10;5;1;95;1510100684;95;255;1510100694;0
32;16;10;5;1;95;1510100689;95;255;1510100699;0
32;16;10;5;1;95;1510100741;95;255;1510100751;1
32;16;10;5;1;95;1510101450;95;255;1510101460;0
32;16;10;5;1;95;1510101622;95;255;1510101633;0
32;16;10;5;1;95;1510101631;95;255;1510101641;0
32;16;10;5;1;95;1510101681;95;255;1510101691;0
32;16;10;5;1;95;1510102391;95;255;1510102401;0
32;16;10;5;1;95;1510102562;95;255;1510102572;0
32;16;10;5;1;95;1510102570;95;255;1510102580;0
32;16;10;5;1;95;1510102624;95;255;1510102634;0
32;16;10;5;1;95;1510103328;95;255;1510103338;0
32;16;10;5;1;95;1510103501;95;255;1510103512;0
32;16;10;5;1;95;1510103511;95;255;1510103521;0
32;16;10;5;1;95;1510103564;95;255;1510103575;0
32;16;10;5;1;95;1510104267;95;255;1510104277;0
32;16;10;5;1;95;1510104440;95;255;1510104450;0
32;16;10;5;1;95;1510104452;95;255;1510104462;0
32;16;10;5;1;95;1510104504;95;255;1510104514;0
32;16;10;5;1;95;1510105206;95;255;1510105216;0
32;16;10;5;1;95;1510105379;95;255;1510105389;0
32;16;10;5;1;95;1510105393;95;255;1510105403;0
32;16;10;5;1;95;1510105444;95;255;1510105454;0
32;16;10;5;1;95;1510106148;95;255;1510106158;0
32;16;10;5;1;95;1510106320;95;255;1510106330;0
32;16;10;5;1;95;1510106332;95;255;1510106342;0
32;16;10;5;1;95;1510106383;95;255;1510106393;0
32;16;10;5;1;95;1510107086;95;255;1510107096;0
32;16;10;5;1;95;1510107264;95;255;1510107274;0
32;16;10;5;1;95;1510107271;95;255;1510107281;0
32;16;10;5;1;95;1510107324;95;255;1510107334;0
32;16;10;5;1;95;1510108025;95;255;1510108035;0
32;16;10;5;1;95;1510108205;95;255;1510108215;0
32;16;10;5;1;95;1510108211;95;255;1510108221;0
32;16;10;5;1;95;1510108264;95;255;1510108275;0
32;16;10;5;1;95;1510108964;95;255;1510108975;0
32;16;10;5;1;95;1510109145;95;255;1510109155;0
32;16;10;5;1;95;1510109151;95;255;1510109161;0
32;16;10;5;1;95;1510109205;95;255;1510109215;0
32;16;10;5;1;95;1510109904;95;255;1510109914;0
32;16;10;5;1;95;1510110086;95;255;1510110096;0
32;16;10;5;1;95;1510110092;95;255;1510110102;0
32;16;10;5;1;95;1510110147;95;255;1510110157;0
32;16;10;5;1;95;1510110844;95;255;1510110854;0
32;16;10;5;1;95;1510111025;95;255;1510111036;0
32;16;10;5;1;95;1510111033;95;255;1510111043;0
32;16;10;5;1;95;1510111086;95;255;1510111096;0
32;16;10;5;1;95;1510111784;95;255;1510111794;0
32;16;10;5;1;95;1510111966;95;255;1510111976;0
32;16;10;5;1;95;1510111973;95;255;1510111983;0
32;16;10;5;1;95;1510112024;95;255;1510112035;0
32;16;10;5;1;95;1510112721;95;255;1510112731;0
32;16;10;5;1;95;1510112909;95;255;1510112919;0
32;16;10;5;1;95;1510112912;95;255;1510112922;0
32;16;10;5;1;95;1510112966;95;255;1510112976;0
32;16;10;5;1;95;1510113659;95;255;1510113669;0
32;16;10;5;1;95;1510113851;95;255;1510113861;0
32;16;10;5;1;95;1510113853;95;255;1510113863;0
32;16;10;5;1;95;1510113905;95;255;1510113915;0
32;16;10;5;1;95;1510114598;95;255;1510114608;0
32;16;10;5;1;95;1510114791;95;255;1510114801;0
32;16;10;5;1;95;1510114794;95;255;1510114804;0
32;16;10;5;1;95;1510114844;95;255;1510114854;0
32;16;10;5;1;95;1510115538;95;255;1510115548;0
32;16;10;5;1;95;1510115730;95;255;1510115740;0
32;16;10;5;1;95;1510115733;95;255;1510115743;0
32;16;10;5;1;95;1510115784;95;255;1510115794;0
32;16;10;5;1;95;1510116480;95;255;1510116490;0
32;16;10;5;1;95;1510116670;95;255;1510116680;0
32;16;10;5;1;95;1510116673;95;255;1510116683;0
32;16;10;5;1;95;1510116723;95;255;1510116733;0
32;16;10;5;1;95;1510117420;95;255;1510117430;0
32;16;10;5;1;95;1510117609;95;255;1510117619;0
32;16;10;5;1;95;1510117614;95;255;1510117624;0
32;16;10;5;1;95;1510117662;95;255;1510117672;0
32;16;10;5;1;95;1510118361;95;255;1510118371;0
32;16;10;5;1;95;1510118549;95;255;1510118559;0
32;16;10;5;1;95;1510118556;95;255;1510118566;0
32;16;10;5;1;95;1510118602;95;255;1510118612;0
32;16;10;5;1;95;1510119304;95;255;1510119314;0
32;16;10;5;1;95;1510119488;95;255;1510119498;0
32;16;10;5;1;95;1510119496;95;255;1510119506;0
32;16;10;5;1;95;1510119540;95;255;1510119551;0
32;16;10;5;1;95;1510120247;95;255;1510120257;0
32;16;10;5;1;95;1510120426;95;255;1510120436;0
32;16;10;5;1;95;1510120435;95;255;1510120445;0
32;16;10;5;1;95;1510120480;95;255;1510120490;0
32;16;10;5;1;95;1510121187;95;255;1510121197;0
32;16;10;5;1;95;1510121367;95;255;1510121377;0
32;16;10;5;1;95;1510121375;95;255;1510121385;0
32;16;10;5;1;95;1510121419;95;255;1510121429;0
32;16;10;5;1;95;1510122129;95;255;1510122139;0
32;16;10;5;1;95;1510122307;95;255;1510122317;0
32;16;10;5;1;95;1510122315;95;255;1510122325;0
32;16;10;5;1;95;1510122359;95;255;1510122369;0
32;16;10;5;1;95;1510123069;95;255;1510123079;0
32;16;10;5;1;95;1510123247;95;255;1510123258;0
32;16;10;5;1;95;1510123256;95;255;1510123266;0
32;16;10;5;1;95;1510123301;95;255;1510123311;0
32;16;10;5;1;95;1510124010;95;255;1510124020;0
32;16;10;5;1;95;1510124186;95;255;1510124196;0
32;16;10;5;1;95;1510124197;95;255;1510124207;0
32;16;10;5;1;95;1510124241;95;255;1510124251;0
32;16;10;5;1;95;1510124950;95;255;1510124960;0
32;16;10;5;1;95;1510125125;95;255;1510125136;0
32;16;10;5;1;95;1510125137;95;255;1510125147;0
32;16;10;5;1;95;1510125181;95;255;1510125191;0
32;16;10;5;1;95;1510125889;95;255;1510125899;0
32;16;10;5;1;95;1510126066;95;255;1510126076;0
32;16;10;5;1;95;1510126077;95;255;1510126087;0
32;16;10;5;1;95;1510126122;95;255;1510126132;0
32;16;10;5;1;95;1510126828;95;255;1510126838;0
32;16;10;5;1;95;1510127006;95;255;1510127016;0
32;16;10;5;1;95;1510127015;95;255;1510127026;0
32;16;10;5;1;95;1510127062;95;255;1510127072;0
32;16;10;5;1;95;1510127768;95;255;1510127778;0
32;16;10;5;1;95;1510127945;95;255;1510127955;0
32;16;10;5;1;95;1510127954;95;255;1510127964;0
32;16;10;5;1;95;1510128004;95;255;1510128014;0
32;16;10;5;1;95;1510128706;95;255;1510128717;0
32;16;10;5;1;95;1510128885;95;255;1510128895;0
32;16;10;5;1;95;1510128895;95;255;1510128905;0
32;16;10;5;1;95;1510128944;95;255;1510128954;0
32;16;10;5;1;95;1510129645;95;255;1510129656;0
32;16;10;5;1;95;1510129830;95;255;1510129841;0
32;16;10;5;1;95;1510129838;95;255;1510129849;0
32;16;10;5;1;95;1510129886;95;255;1510129898;0
32;16;10;5;1;95;1510130646;95;255;1510130656;0
32;16;10;5;1;95;1510130851;95;255;1510130862;0
32;16;10;5;1;95;1510130855;95;255;1510130865;0
32;16;10;5;1;95;1510130898;95;255;1510130908;0
32;16;10;5;1;95;1510131650;95;255;1510131662;0
32;16;10;5;1;95;1510131842;95;255;1510131852;0
32;16;10;5;1;95;1510131853;95;255;1510131863;0
32;16;10;5;1;95;1510131896;95;255;1510131906;0
32;16;10;5;1;95;1510132618;95;255;1510132628;0
32;16;10;5;1;95;1510132799;95;255;1510132810;0
32;16;10;5;1;95;1510132821;95;255;1510132832;0
32;16;10;5;1;95;1510132864;95;255;1510132874;0
32;16;10;5;1;95;1510133638;95;255;1510133648;0
32;16;10;5;1;95;1510133804;95;255;1510133815;0
32;16;10;5;1;95;1510133833;95;255;1510133843;0
32;16;10;5;1;95;1510133882;95;255;1510133893;0
32;16;10;5;1;95;1510134626;95;255;1510134637;0
32;16;10;5;1;95;1510134800;95;255;1510134811;0
32;16;10;5;1;95;1510134831;95;255;1510134841;0
32;16;10;5;1;95;1510134869;95;255;1510134880;0
32;16;10;5;1;95;1510135629;95;255;1510135639;0
32;16;10;5;1;95;1510135795;95;255;1510135805;0
32;16;10;5;1;95;1510135832;95;255;1510135843;0
32;16;10;5;1;95;1510135861;95;255;1510135873;0
32;16;10;5;1;95;1510136633;95;255;1510136645;0
32;16;10;5;1;95;1510136799;95;255;1510136811;0
32;16;10;5;1;95;1510136827;95;255;1510136838;0
32;16;10;5;1;95;1510136872;95;255;1510136883;0
32;16;10;5;1;95;1510137617;95;255;1510137627;0
32;16;10;5;1;95;1510137803;95;255;1510137813;0
32;16;10;5;1;95;1510137811;95;255;1510137821;0
32;16;10;5;1;95;1510137856;95;255;1510137868;0
32;16;10;5;1;95;1510138635;95;255;1510138647;0
32;16;10;5;1;95;1510138811;95;255;1510138821;0
32;16;10;5;1;95;1510138829;95;255;1510138840;0
32;16;10;5;1;95;1510138883;95;255;1510138893;0
32;16;10;5;1;95;1510139623;95;255;1510139633;0
32;16;10;5;1;95;1510139789;95;255;1510139799;0
32;16;10;5;1;95;1510139848;95;255;1510139860;0
32;16;10;5;1;95;1510139850;95;255;1510139861;0
32;16;10;5;1;95;1510140602;95;255;1510140612;0
32;16;10;5;1;95;1510140764;95;255;1510140774;1
32;16;10;5;1;95;1510140826;95;255;1510140837;0
32;16;10;5;1;95;1510140841;95;255;1510140851;0
32;16;10;5;1;95;1510141593;95;255;1510141603;0
32;16;10;5;1;95;1510141736;95;255;1510141746;0
32;16;10;5;1;95;1510141797;95;255;1510141807;0
32;16;10;5;1;95;1510141840;95;255;1510141851;0
32;16;10;5;1;95;1510142596;95;255;1510142608;0
32;16;10;5;1;95;1510142786;95;255;1510142796;0
32;16;10;5;1;95;1510142814;95;255;1510142825;0
32;16;10;5;1;95;1510142888;95;255;1510142899;0
32;16;10;5;1;95;1510143628;95;255;1510143638;0
32;16;10;5;1;95;1510143805;95;255;1510143815;0
32;16;10;5;1;95;1510143833;95;255;1510143843;0
32;16;10;5;1;95;1510143909;95;255;1510143919;0
32;16;10;5;1;95;1510144596;95;255;1510144606;0
32;16;10;5;1;95;1510144763;95;255;1510144773;0
32;16;10;5;1;95;1510144793;95;255;1510144803;0
32;16;10;5;1;95;1510144870;95;255;1510144880;0
32;16;10;5;1;95;1510145536;95;255;1510145546;0
32;16;10;5;1;95;1510145705;95;255;1510145715;0
32;16;10;5;1;95;1510145735;95;255;1510145746;0
32;16;10;5;1;95;1510145810;95;255;1510145820;0
32;16;10;5;1;95;1510146476;95;255;1510146486;0
32;16;10;5;1;95;1510146647;95;255;1510146659;0
32;16;10;5;1;95;1510146681;95;255;1510146691;0
32;16;10;5;1;95;1510146754;95;255;1510146764;0
32;16;10;5;1;95;1510147449;95;255;1510147460;0
32;16;10;5;1;95;1510147623;95;255;1510147633;0
32;16;10;5;1;95;1510147650;95;255;1510147661;0
32;16;10;5;1;95;1510147723;95;255;1510147734;0
32;16;10;5;1;95;1510148420;95;255;1510148430;0
32;16;10;5;1;95;1510148599;95;255;1510148609;0
32;16;10;5;1;95;1510148616;95;255;1510148626;0
32;16;10;5;1;95;1510148700;95;255;1510148710;0
32;16;10;5;1;95;1510149384;95;255;1510149394;0
32;16;10;5;1;95;1510149558;95;255;1510149568;0
32;16;10;5;1;95;1510149570;95;255;1510149580;0
32;16;10;5;1;95;1510149649;95;255;1510149659;0
32;16;10;5;1;95;1510150325;95;255;1510150335;0
32;16;10;5;1;95;1510150510;95;255;1510150520;0
32;16;10;5;1;95;1510150518;95;255;1510150528;0
32;16;10;5;1;95;1510150598;95;255;1510150609;0
32;16;10;5;1;95;1510151291;95;255;1510151302;0
32;16;10;5;1;95;1510151470;95;255;1510151481;0
32;16;10;5;1;95;1510151480;95;255;1510151491;0
32;16;10;5;1;95;1510151569;95;255;1510151579;0
32;16;10;5;1;95;1510152278;95;255;1510152289;0
32;16;10;5;1;95;1510152456;95;255;1510152467;0
32;16;10;5;1;95;1510152474;95;255;1510152484;0
32;16;10;5;1;95;1510152554;95;255;1510152564;0
32;16;10;5;1;95;1510153250;95;255;1510153260;0
32;16;10;5;1;95;1510153427;95;255;1510153439;0
32;16;10;5;1;95;1510153448;95;255;1510153459;0
32;16;10;5;1;95;1510153524;95;255;1510153535;0
32;16;10;5;1;95;1510154226;95;255;1510154236;0
32;16;10;5;1;95;1510154401;95;255;1510154412;0
32;16;10;5;1;95;1510154424;95;255;1510154435;0
32;16;10;5;1;95;1510154493;95;255;1510154503;0
32;16;10;5;1;95;1510155183;95;255;1510155193;0
32;16;10;5;1;95;1510155355;95;255;1510155365;0
32;16;10;5;1;95;1510155381;95;255;1510155391;0
32;16;10;5;1;95;1510155450;95;255;1510155460;0
32;16;10;5;1;95;1510156157;95;255;1510156167;0
32;16;10;5;1;95;1510156336;95;255;1510156347;0
32;16;10;5;1;95;1510156363;95;255;1510156374;0
32;16;10;5;1;95;1510156437;95;255;1510156447;0
32;16;10;5;1;95;1510157146;95;255;1510157157;0
32;16;10;5;1;95;1510157326;95;255;1510157337;0
32;16;10;5;1;95;1510157358;95;255;1510157368;0
32;16;10;5;1;95;1510157426;95;255;1510157436;0
32;16;10;5;1;95;1510158125;95;255;1510158136;0
32;16;10;5;1;95;1510158305;95;255;1510158316;0
32;16;10;5;1;95;1510158336;95;255;1510158347;0
32;16;10;5;1;95;1510158404;95;255;1510158414;0
32;16;10;5;1;95;1510159082;95;255;1510159092;0
32;16;10;5;1;95;1510159262;95;255;1510159272;0
32;16;10;5;1;95;1510159294;95;255;1510159305;0
32;16;10;5;1;95;1510159358;95;255;1510159368;0
32;16;10;5;1;95;1510160045;95;255;1510160055;0
32;16;10;5;1;95;1510160240;95;255;1510160251;0
32;16;10;5;1;95;1510160270;95;255;1510160280;0
32;16;10;5;1;95;1510160338;95;255;1510160348;0
32;16;10;5;1;95;1510161024;95;255;1510161034;0
32;16;10;5;1;95;1510161207;95;255;1510161217;0
32;16;10;5;1;95;1510161250;95;255;1510161261;0
32;16;10;5;1;95;1510161309;95;255;1510161319;0
32;16;10;5;1;95;1510162002;95;255;1510162013;0
32;16;10;5;1;95;1510162174;95;255;1510162184;0
32;16;10;5;1;95;1510162212;95;255;1510162223;0
32;16;10;5;1;95;1510162271;95;255;1510162281;0
32;16;10;5;1;95;1510162959;95;255;1510162969;0
32;16;10;5;1;95;1510163141;95;255;1510163152;0
32;16;10;5;1;95;1510163195;95;255;1510163205;0
32;16;10;5;1;95;1510163230;95;255;1510163240;0
32;16;10;5;1;95;1510163904;95;255;1510163914;0
32;16;10;5;1;95;1510164086;95;255;1510164096;0
32;16;10;5;1;95;1510164147;95;255;1510164157;0
32;16;10;5;1;95;1510164175;95;255;1510164186;0
32;16;10;5;1;95;1510164845;95;255;1510164855;0
32;16;10;5;1;95;1510165028;95;255;1510165038;0
32;16;10;5;1;95;1510165089;95;255;1510165099;0
32;16;10;5;1;95;1510165120;95;255;1510165130;0
32;16;10;5;1;95;1510165788;95;255;1510165798;0
32;16;10;5;1;95;1510165971;95;255;1510165982;0
32;16;10;5;1;95;1510166033;95;255;1510166043;0
32;16;10;5;1;95;1510166061;95;255;1510166072;0
32;16;10;5;1;95;1510166732;95;255;1510166742;0
32;16;10;5;1;95;1510166913;95;255;1510166923;0
32;16;10;5;1;95;1510166975;95;255;1510166985;0
32;16;10;5;1;95;1510167005;95;255;1510167015;0
32;16;10;5;1;95;1510167674;95;255;1510167684;0
32;16;10;5;1;95;1510167854;95;255;1510167864;0
32;16;10;5;1;95;1510167917;95;255;1510167927;0
32;16;10;5;1;95;1510167950;95;255;1510167961;0
32;16;10;5;1;95;1510168616;95;255;1510168626;0
32;16;10;5;1;95;1510168797;95;255;1510168807;0
32;16;10;5;1;95;1510168860;95;255;1510168870;0
32;16;10;5;1;95;1510168892;95;255;1510168902;0
32;16;10;5;1;95;1510169559;95;255;1510169569;0
32;16;10;5;1;95;1510169740;95;255;1510169750;0
32;16;10;5;1;95;1510169803;95;255;1510169813;0
32;16;10;5;1;95;1510169833;95;255;1510169843;0
32;16;10;5;1;95;1510170500;95;255;1510170510;0
32;16;10;5;1;95;1510170682;95;255;1510170692;0
32;16;10;5;1;95;1510170745;95;255;1510170756;0
32;16;10;5;1;95;1510170776;95;255;1510170786;0
32;16;10;5;1;95;1510171444;95;255;1510171454;0
32;16;10;5;1;95;1510171625;95;255;1510171635;0
32;16;10;5;1;95;1510171691;95;255;1510171701;0
32;16;10;5;1;95;1510171719;95;255;1510171729;0
32;16;10;5;1;95;1510172384;95;255;1510172394;0
32;16;10;5;1;95;1510172566;95;255;1510172576;0
32;16;10;5;1;95;1510172632;95;255;1510172642;0
32;16;10;5;1;95;1510172662;95;255;1510172672;0
32;16;10;5;1;95;1510173328;95;255;1510173338;0
32;16;10;5;1;95;1510173507;95;255;1510173517;0
32;16;10;5;1;95;1510173576;95;255;1510173586;0
32;16;10;5;1;95;1510173605;95;255;1510173615;0
32;16;10;5;1;95;1510174272;95;255;1510174282;0
32;16;10;5;1;95;1510174450;95;255;1510174460;0
32;16;10;5;1;95;1510174518;95;255;1510174528;0
32;16;10;5;1;95;1510174546;95;255;1510174556;0
32;16;10;5;1;95;1510175216;95;255;1510175226;0
32;16;10;5;1;95;1510175391;95;255;1510175401;0
32;16;10;5;1;95;1510175462;95;255;1510175472;0
32;16;10;5;1;95;1510175487;95;255;1510175497;0
32;16;10;5;1;95;1510176160;95;255;1510176171;0
32;16;10;5;1;95;1510176331;95;255;1510176342;0
32;16;10;5;1;95;1510176403;95;255;1510176413;0
32;16;10;5;1;95;1510176428;95;255;1510176438;0
32;16;10;5;1;95;1510177103;95;255;1510177114;0
32;16;10;5;1;95;1510177275;95;255;1510177285;0
32;16;10;5;1;95;1510177346;95;255;1510177356;0
32;16;10;5;1;95;1510177370;95;255;1510177380;0
32;16;10;5;1;95;1510178046;95;255;1510178056;0
32;16;10;5;1;95;1510178218;95;255;1510178228;0
32;16;10;5;1;95;1510178288;95;255;1510178298;0
32;16;10;5;1;95;1510178311;95;255;1510178321;0
32;16;10;5;1;95;1510178989;95;255;1510178999;0
32;16;10;5;1;95;1510179163;95;255;1510179173;0
32;16;10;5;1;95;1510179227;95;255;1510179237;0
32;16;10;5;1;95;1510179253;95;255;1510179263;0
32;16;10;5;1;95;1510179932;95;255;1510179942;0
32;16;10;5;1;95;1510180104;95;255;1510180114;0
32;16;10;5;1;95;1510180168;95;255;1510180178;0
32;16;10;5;1;95;1510180194;95;255;1510180204;0
32;16;10;5;1;95;1510180876;95;255;1510180887;0
32;16;10;5;1;95;1510181046;95;255;1510181056;0
32;16;10;5;1;95;1510181110;95;255;1510181121;0
32;16;10;5;1;95;1510181138;95;255;1510181148;0
32;16;10;5;1;95;1510181820;95;255;1510181830;0
32;16;10;5;1;95;1510181989;95;255;1510181999;0
32;16;10;5;1;95;1510182053;95;255;1510182063;0
32;16;10;5;1;95;1510182080;95;255;1510182090;0
32;16;10;5;1;95;1510182764;95;255;1510182774;0
32;16;10;5;1;95;1510182930;95;255;1510182940;0
32;16;10;5;1;95;1510182995;95;255;1510183005;0
32;16;10;5;1;95;1510183022;95;255;1510183033;0
32;16;10;5;1;95;1510183706;95;255;1510183716;0
32;16;10;5;1;95;1510183872;95;255;1510183882;0
32;16;10;5;1;95;1510183937;95;255;1510183947;0
32;16;10;5;1;95;1510183964;95;255;1510183974;0
32;16;10;5;1;95;1510184650;95;255;1510184660;0
32;16;10;5;1;95;1510184816;95;255;1510184826;0
32;16;10;5;1;95;1510184880;95;255;1510184890;0
32;16;10;5;1;95;1510184904;95;255;1510184914;0
32;16;10;5;1;95;1510185593;95;255;1510185603;0
32;16;10;5;1;95;1510185760;95;255;1510185770;0
32;16;10;5;1;95;1510185823;95;255;1510185833;0
32;16;10;5;1;95;1510185846;95;255;1510185856;0
32;16;10;5;1;95;1510186534;95;255;1510186544;0
32;16;10;5;1;95;1510186703;95;255;1510186713;0
32;16;10;5;1;95;1510186763;95;255;1510186773;0
32;16;10;5;1;95;1510186787;95;255;1510186797;0
32;16;10;5;1;95;1510187477;95;255;1510187487;0
32;16;10;5;1;95;1510187646;95;255;1510187656;0
32;16;10;5;1;95;1510187705;95;255;1510187715;0
32;16;10;5;1;95;1510187729;95;255;1510187739;0
32;16;10;5;1;95;1510188418;95;255;1510188429;0
32;16;10;5;1;95;1510188589;95;255;1510188599;0
32;16;10;5;1;95;1510188646;95;255;1510188656;0
32;16;10;5;1;95;1510188672;95;255;1510188682;0
32;16;10;5;1;95;1510189358;95;255;1510189368;0
32;16;10;5;1;95;1510189533;95;255;1510189543;0
32;16;10;5;1;95;1510189588;95;255;1510189598;0
32;16;10;5;1;95;1510189616;95;255;1510189627;0
32;16;10;5;1;95;1510190299;95;255;1510190309;0
32;16;10;5;1;95;1510190473;95;255;1510190483;0
32;16;10;5;1;95;1510190528;95;255;1510190538;0
32;16;10;5;1;95;1510190560;95;255;1510190570;0
32;16;10;5;1;95;1510191240;95;255;1510191250;0
32;16;10;5;1;95;1510191418;95;255;1510191428;0
32;16;10;5;1;95;1510191469;95;255;1510191479;0
32;16;10;5;1;95;1510191504;95;255;1510191514;0
32;16;10;5;1;95;1510192184;95;255;1510192194;0
32;16;10;5;1;95;1510192360;95;255;1510192371;0
32;16;10;5;1;95;1510192408;95;255;1510192418;0
32;16;10;5;1;95;1510192446;95;255;1510192457;0
32;16;10;5;1;95;1510193126;95;255;1510193136;0
32;16;10;5;1;95;1510193301;95;255;1510193311;0
32;16;10;5;1;95;1510193351;95;255;1510193362;0
32;16;10;5;1;95;1510193390;95;255;1510193400;0
32;16;10;5;1;95;1510194065;95;255;1510194075;0
32;16;10;5;1;95;1510194243;95;255;1510194253;0
32;16;10;5;1;95;1510194294;95;255;1510194304;0
32;16;10;5;1;95;1510194332;95;255;1510194342;0
32;16;10;5;1;95;1510195008;95;255;1510195018;0
32;16;10;5;1;95;1510195187;95;255;1510195197;0
32;16;10;5;1;95;1510195235;95;255;1510195245;0
32;16;10;5;1;95;1510195274;95;255;1510195285;0
32;16;10;5;1;95;1510195951;95;255;1510195961;0
32;16;10;5;1;95;1510196131;95;255;1510196142;0
32;16;10;5;1;95;1510196178;95;255;1510196188;0
32;16;10;5;1;95;1510196215;95;255;1510196225;0
32;16;10;5;1;95;1510196894;95;255;1510196904;0
32;16;10;5;1;95;1510197073;95;255;1510197083;0
32;16;10;5;1;95;1510197121;95;255;1510197131;0
32;16;10;5;1;95;1510197155;95;255;1510197165;0
32;16;10;5;1;95;1510197836;95;255;1510197846;0
32;16;10;5;1;95;1510198014;95;255;1510198024;0
32;16;10;5;1;95;1510198064;95;255;1510198074;0
32;16;10;5;1;95;1510198096;95;255;1510198106;0
32;16;10;5;1;95;1510198777;95;255;1510198787;0
32;16;10;5;1;95;1510198955;95;255;1510198965;0
32;16;10;5;1;95;1510199010;95;255;1510199021;0
32;16;10;5;1;95;1510199038;95;255;1510199048;0
32;16;10;5;1;95;1510199718;95;255;1510199728;0
32;16;10;5;1;95;1510199897;95;255;1510199907;0
32;16;10;5;1;95;1510199957;95;255;1510199967;0
32;16;10;5;1;95;1510199978;95;255;1510199989;0
32;16;10;5;1;95;1510200660;95;255;1510200670;0
32;16;10;5;1;95;1510200837;95;255;1510200847;0
32;16;10;5;1;95;1510200901;95;255;1510200911;0
32;16;10;5;1;95;1510200918;95;255;1510200928;0
32;16;10;5;1;95;1510201601;95;255;1510201611;0
32;16;10;5;1;95;1510201778;95;255;1510201788;1
32;16;10;5;1;95;1510201844;95;255;1510201854;0
32;16;10;5;1;95;1510201860;95;255;1510201871;0
32;16;10;5;1;95;1510202544;95;255;1510202554;0
32;16;10;5;1;95;1510202722;95;255;1510202732;0
32;16;10;5;1;95;1510202786;95;255;1510202796;0
32;16;10;5;1;95;1510202804;95;255;1510202814;0
32;16;10;5;1;95;1510203485;95;255;1510203495;0
32;16;10;5;1;95;1510203666;95;255;1510203676;0
32;16;10;5;1;95;1510203727;95;255;1510203737;0
32;16;10;5;1;95;1510203748;95;255;1510203759;0
32;16;10;5;1;95;1510204425;95;255;1510204436;0
32;16;10;5;1;95;1510204607;95;255;1510204617;1
32;16;10;5;1;95;1510204669;95;255;1510204679;0
32;16;10;5;1;95;1510204692;95;255;1510204703;0
32;16;10;5;1;95;1510205368;95;255;1510205378;0
32;16;10;5;1;95;1510205548;95;255;1510205558;0
32;16;10;5;1;95;1510205613;95;255;1510205623;0
32;16;10;5;1;95;1510205635;95;255;1510205645;0
32;16;10;5;1;95;1510206311;95;255;1510206321;0
32;16;10;5;1;95;1510206490;95;255;1510206500;0
32;16;10;5;1;95;1510206557;95;255;1510206567;0
32;16;10;5;1;95;1510206579;95;255;1510206589;0
32;16;10;5;1;95;1510207255;95;255;1510207265;0
32;16;10;5;1;95;1510207434;95;255;1510207444;0
32;16;10;5;1;95;1510207499;95;255;1510207510;0
32;16;10;5;1;95;1510207521;95;255;1510207531;0
32;16;10;5;1;95;1510208194;95;255;1510208204;0
32;16;10;5;1;95;1510208375;95;255;1510208386;0
32;16;10;5;1;95;1510208442;95;255;1510208452;0
32;16;10;5;1;95;1510208461;95;255;1510208472;0
32;16;10;5;1;95;1510209135;95;255;1510209146;0
32;16;10;5;1;95;1510209318;95;255;1510209329;0
32;16;10;5;1;95;1510209383;95;255;1510209393;0
32;16;10;5;1;95;1510209404;95;255;1510209414;0
32;16;10;5;1;95;1510210078;95;255;1510210089;1
32;16;10;5;1;95;1510210259;95;255;1510210269;0
32;16;10;5;1;95;1510210326;95;255;1510210337;0
32;16;10;5;1;95;1510210347;95;255;1510210357;0
32;16;10;5;1;95;1510211022;95;255;1510211032;0
32;16;10;5;1;95;1510211200;95;255;1510211210;0
32;16;10;5;1;95;1510211269;95;255;1510211279;0
32;16;10;5;1;95;1510211290;95;255;1510211300;0
32;16;10;5;1;95;1510211964;95;255;1510211974;0
32;16;10;5;1;95;1510212142;95;255;1510212153;0
32;16;10;5;1;95;1510212208;95;255;1510212218;0
32;16;10;5;1;95;1510212231;95;255;1510212241;0
32;16;10;5;1;95;1510212906;95;255;1510212916;0
32;16;10;5;1;95;1510213085;95;255;1510213095;0
32;16;10;5;1;95;1510213152;95;255;1510213162;0
32;16;10;5;1;95;1510213174;95;255;1510213184;0
32;16;10;5;1;95;1510213848;95;255;1510213858;0
32;16;10;5;1;95;1510214027;95;255;1510214038;0
32;16;10;5;1;95;1510214094;95;255;1510214104;0
32;16;10;5;1;95;1510214118;95;255;1510214128;0
32;16;10;5;1;95;1510214792;95;255;1510214802;0
32;16;10;5;1;95;1510214969;95;255;1510214979;0
32;16;10;5;1;95;1510215035;95;255;1510215045;0
32;16;10;5;1;95;1510215060;95;255;1510215071;0
32;16;10;5;1;95;1510215732;95;255;1510215742;0
32;16;10;5;1;95;1510215909;95;255;1510215919;0
32;16;10;5;1;95;1510215976;95;255;1510215986;0
32;16;10;5;1;95;1510216005;95;255;1510216015;0
32;16;10;5;1;95;1510216676;95;255;1510216686;0
32;16;10;5;1;95;1510216852;95;255;1510216862;0
32;16;10;5;1;95;1510216919;95;255;1510216929;0
32;16;10;5;1;95;1510216947;95;255;1510216957;0
32;16;10;5;1;95;1510217618;95;255;1510217628;0
32;16;10;5;1;95;1510217794;95;255;1510217804;0
32;16;10;5;1;95;1510217860;95;255;1510217870;0
32;16;10;5;1;95;1510217890;95;255;1510217900;0
32;16;10;5;1;95;1510218560;95;255;1510218570;0
32;16;10;5;1;95;1510218737;95;255;1510218747;0
32;16;10;5;1;95;1510218803;95;255;1510218813;0
32;16;10;5;1;95;1510218835;95;255;1510218846;0
32;16;10;5;1;95;1510219540;95;255;1510219551;0
32;16;10;5;1;95;1510219734;95;255;1510219744;0
32;16;10;5;1;95;1510219789;95;255;1510219800;0
32;16;10;5;1;95;1510219820;95;255;1510219830;0
32;16;10;5;1;95;1510220560;95;255;1510220571;0
32;16;10;5;1;95;1510220748;95;255;1510220758;0
32;16;10;5;1;95;1510220797;95;255;1510220807;0
32;16;10;5;1;95;1510220834;95;255;1510220845;0
32;16;10;5;1;95;1510221534;95;255;1510221546;0
32;16;10;5;1;95;1510221728;95;255;1510221739;0
32;16;10;5;1;95;1510221775;95;255;1510221785;0
32;16;10;5;1;95;1510221835;95;255;1510221846;0
32;16;10;5;1;95;1510222545;95;255;1510222556;0
32;16;10;5;1;95;1510222741;95;255;1510222752;0
32;16;10;5;1;95;1510222787;95;255;1510222797;0
32;16;10;5;1;95;1510222849;95;255;1510222860;0
32;16;10;5;1;95;1510223557;95;255;1510223568;0
32;16;10;5;1;95;1510223753;95;255;1510223764;0
32;16;10;5;1;95;1510223811;95;255;1510223822;0
32;16;10;5;1;95;1510223874;95;255;1510223885;0
32;16;10;5;1;95;1510224559;95;255;1510224571;0
32;16;10;5;1;95;1510224761;95;255;1510224772;0
32;16;10;5;1;95;1510224815;95;255;1510224826;0
32;16;10;5;1;95;1510224874;95;255;1510224885;0
32;16;10;5;1;95;1510225561;95;255;1510225572;0
32;16;10;5;1;95;1510225746;95;255;1510225757;0
32;16;10;5;1;95;1510225801;95;255;1510225812;0
32;16;10;5;1;95;1510225851;95;255;1510225862;0
32;16;10;5;1;95;1510226581;95;255;1510226591;0
32;16;10;5;1;95;1510226764;95;255;1510226774;0
32;16;10;5;1;95;1510226812;95;255;1510226822;0
32;16;10;5;1;95;1510226873;95;255;1510226883;0
32;16;10;5;1;95;1510253545;95;255;1510253555;0
32;16;10;5;1;95;1510253548;95;255;1510253558;0
32;16;10;5;1;95;1510253549;95;255;1510253560;0
32;16;10;5;1;95;1510253551;95;255;1510253561;0
32;16;10;5;1;95;1510254479;95;255;1510254489;0
32;16;10;5;1;95;1510254480;95;255;1510254490;0
32;16;10;5;1;95;1510254482;95;255;1510254492;0
32;16;10;5;1;95;1510254503;95;255;1510254513;0
32;16;10;5;1;95;1510255413;95;255;1510255423;0
32;16;10;5;1;95;1510255413;95;255;1510255423;0
32;16;10;5;1;95;1510255415;95;255;1510255425;0
32;16;10;5;1;95;1510255437;95;255;1510255447;0
32;16;10;5;1;95;1510256344;95;255;1510256354;0
32;16;10;5;1;95;1510256345;95;255;1510256355;0
32;16;10;5;1;95;1510256350;95;255;1510256360;0
32;16;10;5;1;95;1510256371;95;255;1510256381;0
32;16;10;5;1;95;1510257275;95;255;1510257285;0
32;16;10;5;1;95;1510257277;95;255;1510257287;0
32;16;10;5;1;95;1510257286;95;255;1510257296;0
32;16;10;5;1;95;1510257307;95;255;1510257317;0
32;16;10;5;1;95;1510258205;95;255;1510258215;0
32;16;10;5;1;95;1510258208;95;255;1510258218;0
32;16;10;5;1;95;1510258222;95;255;1510258232;0
32;16;10;5;1;95;1510258241;95;255;1510258251;0
32;16;10;5;1;95;1510259136;95;255;1510259146;0
32;16;10;5;1;95;1510259140;95;255;1510259150;0
32;16;10;5;1;95;1510259157;95;255;1510259167;0
32;16;10;5;1;95;1510259176;95;255;1510259186;0
32;16;10;5;1;95;1510260067;95;255;1510260077;0
32;16;10;5;1;95;1510260072;95;255;1510260082;0
32;16;10;5;1;95;1510260092;95;255;1510260103;0
32;16;10;5;1;95;1510260111;95;255;1510260121;0
32;16;10;5;1;95;1510260998;95;255;1510261008;0
32;16;10;5;1;95;1510261005;95;255;1510261015;0
32;16;10;5;1;95;1510261028;95;255;1510261038;0
32;16;10;5;1;95;1510261046;95;255;1510261056;0
32;16;10;5;1;95;1510261930;95;255;1510261940;0
32;16;10;5;1;95;1510261936;95;255;1510261947;0
32;16;10;5;1;95;1510261964;95;255;1510261974;0
32;16;10;5;1;95;1510261983;95;255;1510261993;0
32;16;10;5;1;95;1510262861;95;255;1510262871;0
32;16;10;5;1;95;1510262868;95;255;1510262878;0
32;16;10;5;1;95;1510262899;95;255;1510262909;0
32;16;10;5;1;95;1510262918;95;255;1510262928;0
32;16;10;5;1;95;1510263792;95;255;1510263802;0
32;16;10;5;1;95;1510263799;95;255;1510263809;0
32;16;10;5;1;95;1510263836;95;255;1510263846;0
32;16;10;5;1;95;1510263853;95;255;1510263863;0
32;16;10;5;1;95;1510264723;95;255;1510264733;0
32;16;10;5;1;95;1510264731;95;255;1510264741;0
32;16;10;5;1;95;1510264771;95;255;1510264781;0
32;16;10;5;1;95;1510264788;95;255;1510264798;0
32;16;10;5;1;95;1510265655;95;255;1510265665;0
32;16;10;5;1;95;1510265662;95;255;1510265672;0
32;16;10;5;1;95;1510265707;95;255;1510265718;0
32;16;10;5;1;95;1510265723;95;255;1510265733;0
32;16;10;5;1;95;1510266585;95;255;1510266595;0
32;16;10;5;1;95;1510266594;95;255;1510266604;0
32;16;10;5;1;95;1510266644;95;255;1510266654;0
32;16;10;5;1;95;1510266658;95;255;1510266668;0
32;16;10;5;1;95;1510267516;95;255;1510267526;0
32;16;10;5;1;95;1510267525;95;255;1510267535;0
32;16;10;5;1;95;1510267581;95;255;1510267591;0
32;16;10;5;1;95;1510267593;95;255;1510267603;0
32;16;10;5;1;95;1510268447;95;255;1510268457;0
32;16;10;5;1;95;1510268457;95;255;1510268467;0
32;16;10;5;1;95;1510268517;95;255;1510268527;0
32;16;10;5;1;95;1510268528;95;255;1510268538;0
32;16;10;5;1;95;1510269378;95;255;1510269388;0
32;16;10;5;1;95;1510269389;95;255;1510269399;0
32;16;10;5;1;95;1510269455;95;255;1510269465;0
32;16;10;5;1;95;1510269463;95;255;1510269473;0
32;16;10;5;1;95;1510270310;95;255;1510270320;0
32;16;10;5;1;95;1510270322;95;255;1510270332;0
32;16;10;5;1;95;1510270392;95;255;1510270402;0
32;16;10;5;1;95;1510270399;95;255;1510270409;0
32;16;10;5;1;95;1510271241;95;255;1510271250;0
32;16;10;5;1;95;1510271253;95;255;1510271263;0
32;16;10;5;1;95;1510271329;95;255;1510271339;0
32;16;10;5;1;95;1510271335;95;255;1510271345;0
32;16;10;5;1;95;1510272173;95;255;1510272183;0
32;16;10;5;1;95;1510272190;95;255;1510272200;0
32;16;10;5;1;95;1510272261;95;255;1510272271;0
32;16;10;5;1;95;1510272270;95;255;1510272280;0
32;16;10;5;1;95;1510273104;95;255;1510273114;0
32;16;10;5;1;95;1510273127;95;255;1510273137;0
32;16;10;5;1;95;1510273193;95;255;1510273203;0
32;16;10;5;1;95;1510273205;95;255;1510273215;0
32;16;10;5;1;95;1510274035;95;255;1510274045;0
32;16;10;5;1;95;1510274063;95;255;1510274073;0
32;16;10;5;1;95;1510274124;95;255;1510274134;0
32;16;10;5;1;95;1510274143;95;255;1510274153;0
32;16;10;5;1;95;1510274965;95;255;1510274975;0
32;16;10;5;1;95;1510275000;95;255;1510275010;0
32;16;10;5;1;95;1510275056;95;255;1510275066;0
32;16;10;5;1;95;1510275079;95;255;1510275089;0
32;16;10;5;1;95;1510275897;95;255;1510275907;0
32;16;10;5;1;95;1510275937;95;255;1510275947;0
32;16;10;5;1;95;1510275990;95;255;1510276000;0
32;16;10;5;1;95;1510276011;95;255;1510276021;0
32;16;10;5;1;95;1510276828;95;255;1510276838;0
32;16;10;5;1;95;1510276873;95;255;1510276883;0
32;16;10;5;1;95;1510276927;95;255;1510276937;0
32;16;10;5;1;95;1510276942;95;255;1510276952;0
32;16;10;5;1;95;1510277760;95;255;1510277770;0
32;16;10;5;1;95;1510277810;95;255;1510277820;0
32;16;10;5;1;95;1510277863;95;255;1510277873;0
32;16;10;5;1;95;1510277874;95;255;1510277884;0
32;16;10;5;1;95;1510278691;95;255;1510278701;0
32;16;10;5;1;95;1510278747;95;255;1510278757;0
32;16;10;5;1;95;1510278799;95;255;1510278809;0
32;16;10;5;1;95;1510278805;95;255;1510278815;0
32;16;10;5;1;95;1510279622;95;255;1510279632;0
32;16;10;5;1;95;1510279684;95;255;1510279694;0
32;16;10;5;1;95;1510279735;95;255;1510279745;0
32;16;10;5;1;95;1510279737;95;255;1510279747;0
32;16;10;5;1;95;1510280553;95;255;1510280563;0
32;16;10;5;1;95;1510280621;95;255;1510280631;0
32;16;10;5;1;95;1510280668;95;255;1510280678;0
32;16;10;5;1;95;1510280670;95;255;1510280680;0
32;16;10;5;1;95;1510281483;95;255;1510281493;0
32;16;10;5;1;95;1510281558;95;255;1510281568;0
32;16;10;5;1;95;1510281600;95;255;1510281610;0
32;16;10;5;1;95;1510281606;95;255;1510281616;0
32;16;10;5;1;95;1510282414;95;255;1510282424;0
32;16;10;5;1;95;1510282499;95;255;1510282509;0
32;16;10;5;1;95;1510282531;95;255;1510282541;0
32;16;10;5;1;95;1510282542;95;255;1510282552;0
32;16;10;5;1;95;1510283345;95;255;1510283355;0
32;16;10;5;1;95;1510283436;95;255;1510283446;0
32;16;10;5;1;95;1510283463;95;255;1510283473;0
32;16;10;5;1;95;1510283477;95;255;1510283487;0
32;16;10;5;1;95;1510284276;95;255;1510284286;0
32;16;10;5;1;95;1510284374;95;255;1510284384;0
32;16;10;5;1;95;1510284394;95;255;1510284404;0
32;16;10;5;1;95;1510284413;95;255;1510284423;0
32;16;10;5;1;95;1510285207;95;255;1510285217;0
32;16;10;5;1;95;1510285311;95;255;1510285321;0
32;16;10;5;1;95;1510285328;95;255;1510285338;0
32;16;10;5;1;95;1510285345;95;255;1510285355;0
32;16;10;5;1;95;1510286138;95;255;1510286148;1
32;16;10;5;1;95;1510286249;95;255;1510286259;0
32;16;10;5;1;95;1510286263;95;255;1510286273;0
32;16;10;5;1;95;1510286277;95;255;1510286287;0
32;16;10;5;1;95;1510287068;95;255;1510287078;0
32;16;10;5;1;95;1510287186;95;255;1510287196;0
32;16;10;5;1;95;1510287200;95;255;1510287210;0
32;16;10;5;1;95;1510287208;95;255;1510287218;0
32;16;10;5;1;95;1510287999;95;255;1510288009;0
32;16;10;5;1;95;1510288124;95;255;1510288134;0
32;16;10;5;1;95;1510288136;95;255;1510288146;0
32;16;10;5;1;95;1510288140;95;255;1510288150;0
32;16;10;5;1;95;1510288932;95;255;1510288942;0
32;16;10;5;1;95;1510289061;95;255;1510289071;0
32;16;10;5;1;95;1510289071;95;255;1510289082;0
32;16;10;5;1;95;1510289072;95;255;1510289082;0
32;16;10;5;1;95;1510289864;95;255;1510289874;0
32;16;10;5;1;95;1510289999;95;255;1510290010;0
32;16;10;5;1;95;1510290003;95;255;1510290013;0
32;16;10;5;1;95;1510290006;95;255;1510290016;0
32;16;10;5;1;95;1510290797;95;255;1510290807;0
32;16;10;5;1;95;1510290936;95;255;1510290946;0
32;16;10;5;1;95;1510290937;95;255;1510290947;0
32;16;10;5;1;95;1510290940;95;255;1510290950;0
32;16;10;5;1;95;1510291729;95;255;1510291739;0
32;16;10;5;1;95;1510291867;95;255;1510291877;0
32;16;10;5;1;95;1510291875;95;255;1510291885;0
32;16;10;5;1;95;1510291876;95;255;1510291886;0
32;16;10;5;1;95;1510292661;95;255;1510292672;0
32;16;10;5;1;95;1510292798;95;255;1510292809;0
32;16;10;5;1;95;1510292810;95;255;1510292820;0
32;16;10;5;1;95;1510292813;95;255;1510292823;0
32;16;10;5;1;95;1510293594;95;255;1510293604;0
32;16;10;5;1;95;1510293730;95;255;1510293740;0
32;16;10;5;1;95;1510293745;95;255;1510293755;0
32;16;10;5;1;95;1510293752;95;255;1510293762;0
32;16;10;5;1;95;1510294527;95;255;1510294537;0
32;16;10;5;1;95;1510294662;95;255;1510294672;0
32;16;10;5;1;95;1510294679;95;255;1510294689;0
32;16;10;5;1;95;1510294690;95;255;1510294700;0
32;16;10;5;1;95;1510295459;95;255;1510295469;0
32;16;10;5;1;95;1510295594;95;255;1510295604;0
32;16;10;5;1;95;1510295613;95;255;1510295623;0
32;16;10;5;1;95;1510295628;95;255;1510295639;0
32;16;10;5;1;95;1510296392;95;255;1510296402;0
32;16;10;5;1;95;1510296527;95;255;1510296537;0
32;16;10;5;1;95;1510296548;95;255;1510296558;0
32;16;10;5;1;95;1510296567;95;255;1510296577;0
32;16;10;5;1;95;1510297326;95;255;1510297336;0
32;16;10;5;1;95;1510297458;95;255;1510297468;0
32;16;10;5;1;95;1510297483;95;255;1510297493;0
32;16;10;5;1;95;1510297504;95;255;1510297514;0
32;16;10;5;1;95;1510298258;95;255;1510298268;0
32;16;10;5;1;95;1510298390;95;255;1510298400;0
32;16;10;5;1;95;1510298418;95;255;1510298428;0
32;16;10;5;1;95;1510298442;95;255;1510298452;0
32;16;10;5;1;95;1510299190;95;255;1510299200;0
32;16;10;5;1;95;1510299321;95;255;1510299331;0
32;16;10;5;1;95;1510299354;95;255;1510299364;0
32;16;10;5;1;95;1510299380;95;255;1510299390;0
32;16;10;5;1;95;1510300122;95;255;1510300133;0
32;16;10;5;1;95;1510300253;95;255;1510300263;0
32;16;10;5;1;95;1510300288;95;255;1510300298;0
32;16;10;5;1;95;1510300319;95;255;1510300329;0
32;16;10;5;1;95;1510301056;95;255;1510301066;0
32;16;10;5;1;95;1510301186;95;255;1510301196;0
32;16;10;5;1;95;1510301226;95;255;1510301236;0
32;16;10;5;1;95;1510301255;95;255;1510301265;0
32;16;10;5;1;95;1510301989;95;255;1510301999;0
32;16;10;5;1;95;1510302117;95;255;1510302127;0
32;16;10;5;1;95;1510302164;95;255;1510302175;0
32;16;10;5;1;95;1510302189;95;255;1510302199;0
32;16;10;5;1;95;1510302927;95;255;1510302939;0
32;16;10;5;1;95;1510303065;95;255;1510303077;0
32;16;10;5;1;95;1510303124;95;255;1510303134;0
32;16;10;5;1;95;1510303171;95;255;1510303181;0
32;16;10;5;1;95;1510303917;95;255;1510303927;0
32;16;10;5;1;95;1510304066;95;255;1510304076;0
32;16;10;5;1;95;1510304111;95;255;1510304121;0
32;16;10;5;1;95;1510304146;95;255;1510304157;0
32;16;10;5;1;95;1510304898;95;255;1510304908;0
32;16;10;5;1;95;1510305021;95;255;1510305032;0
32;16;10;5;1;95;1510305078;95;255;1510305089;0
32;16;10;5;1;95;1510305118;95;255;1510305128;0
32;16;10;5;1;95;1510305846;95;255;1510305856;0
32;16;10;5;1;95;1510305973;95;255;1510305984;0
32;16;10;5;1;95;1510306031;95;255;1510306041;0
32;16;10;5;1;95;1510306103;95;255;1510306114;0
32;16;10;5;1;95;1510306869;95;255;1510306881;0
32;16;10;5;1;95;1510307010;95;255;1510307020;0
32;16;10;5;1;95;1510307046;95;255;1510307056;0
32;16;10;5;1;95;1510307142;95;255;1510307154;0
