32;16;10;5;1;96;1509982266;96;255;1509982277;0
32;16;10;5;1;96;1509982334;96;255;1509982344;0
32;16;10;5;1;96;1509982404;96;255;1509982414;0
32;16;10;5;1;96;1509982501;96;255;1509982512;0
32;16;10;5;1;96;1509983232;96;255;1509983242;0
32;16;10;5;1;96;1509983291;96;255;1509983301;0
32;16;10;5;1;96;1509983359;96;255;1509983369;0
32;16;10;5;1;96;1509983468;96;255;1509983478;0
32;16;10;5;1;96;1509984173;96;255;1509984183;0
32;16;10;5;1;96;1509984229;96;255;1509984240;0
32;16;10;5;1;96;1509984300;96;255;1509984311;0
32;16;10;5;1;96;1509984409;96;255;1509984419;0
32;16;10;5;1;96;1509985115;96;255;1509985125;0
32;16;10;5;1;96;1509985172;96;255;1509985182;0
32;16;10;5;1;96;1509985241;96;255;1509985251;0
32;16;10;5;1;96;1509985351;96;255;1509985361;0
32;16;10;5;1;96;1509986055;96;255;1509986065;0
32;16;10;5;1;96;1509986113;96;255;1509986123;0
32;16;10;5;1;96;1509986184;96;255;1509986194;0
32;16;10;5;1;96;1509986292;96;255;1509986302;0
32;16;10;5;1;96;1509986996;96;255;1509987006;0
32;16;10;5;1;96;1509987057;96;255;1509987067;0
32;16;10;5;1;96;1509987122;96;255;1509987132;0
32;16;10;5;1;96;1509987236;96;255;1509987246;0
32;16;10;5;1;96;1509987937;96;255;1509987947;0
32;16;10;5;1;96;1509988000;96;255;1509988010;0
32;16;10;5;1;96;1509988062;96;255;1509988072;0
32;16;10;5;1;96;1509988176;96;255;1509988186;0
32;16;10;5;1;96;1509988879;96;255;1509988889;0
32;16;10;5;1;96;1509988941;96;255;1509988951;0
32;16;10;5;1;96;1509989004;96;255;1509989014;0
32;16;10;5;1;96;1509989119;96;255;1509989129;0
32;16;10;5;1;96;1509989820;96;255;1509989830;0
32;16;10;5;1;96;1509989884;96;255;1509989894;0
32;16;10;5;1;96;1509989947;96;255;1509989957;0
32;16;10;5;1;96;1509990061;96;255;1509990071;0
32;16;10;5;1;96;1509990763;96;255;1509990773;0
32;16;10;5;1;96;1509990826;96;255;1509990836;0
32;16;10;5;1;96;1509990888;96;255;1509990898;0
32;16;10;5;1;96;1509991003;96;255;1509991013;0
32;16;10;5;1;96;1509991705;96;255;1509991715;0
32;16;10;5;1;96;1509991766;96;255;1509991777;0
32;16;10;5;1;96;1509991827;96;255;1509991837;0
32;16;10;5;1;96;1509991945;96;255;1509991955;0
32;16;10;5;1;96;1509992648;96;255;1509992658;0
32;16;10;5;1;96;1509992707;96;255;1509992717;0
32;16;10;5;1;96;1509992767;96;255;1509992778;0
32;16;10;5;1;96;1509992885;96;255;1509992896;0
32;16;10;5;1;96;1509993588;96;255;1509993599;0
32;16;10;5;1;96;1509993649;96;255;1509993659;0
32;16;10;5;1;96;1509993709;96;255;1509993719;0
32;16;10;5;1;96;1509993828;96;255;1509993838;0
32;16;10;5;1;96;1509994529;96;255;1509994539;0
32;16;10;5;1;96;1509994590;96;255;1509994600;0
32;16;10;5;1;96;1509994650;96;255;1509994660;0
32;16;10;5;1;96;1509994770;96;255;1509994780;0
32;16;10;5;1;96;1509995474;96;255;1509995484;0
32;16;10;5;1;96;1509995532;96;255;1509995542;0
32;16;10;5;1;96;1509995603;96;255;1509995613;0
32;16;10;5;1;96;1509995712;96;255;1509995723;0
32;16;10;5;1;96;1509996420;96;255;1509996430;0
32;16;10;5;1;96;1509996474;96;255;1509996484;0
32;16;10;5;1;96;1509996550;96;255;1509996560;0
32;16;10;5;1;96;1509996652;96;255;1509996662;0
32;16;10;5;1;96;1509997361;96;255;1509997371;0
32;16;10;5;1;96;1509997416;96;255;1509997426;0
32;16;10;5;1;96;1509997491;96;255;1509997501;0
32;16;10;5;1;96;1509997593;96;255;1509997603;0
32;16;10;5;1;96;1509998302;96;255;1509998312;1
32;16;10;5;1;96;1509998359;96;255;1509998369;0
32;16;10;5;1;96;1509998432;96;255;1509998442;0
32;16;10;5;1;96;1509998535;96;255;1509998545;0
32;16;10;5;1;96;1509999247;96;255;1509999257;0
32;16;10;5;1;96;1509999299;96;255;1509999309;0
32;16;10;5;1;96;1509999371;96;255;1509999381;0
32;16;10;5;1;96;1509999475;96;255;1509999485;0
32;16;10;5;1;96;1510000188;96;255;1510000198;0
32;16;10;5;1;96;1510000243;96;255;1510000253;0
32;16;10;5;1;96;1510000312;96;255;1510000322;0
32;16;10;5;1;96;1510000414;96;255;1510000424;0
32;16;10;5;1;96;1510001130;96;255;1510001141;0
32;16;10;5;1;96;1510001185;96;255;1510001195;0
32;16;10;5;1;96;1510001252;96;255;1510001262;0
32;16;10;5;1;96;1510001356;96;255;1510001366;0
32;16;10;5;1;96;1510002072;96;255;1510002082;0
32;16;10;5;1;96;1510002128;96;255;1510002139;0
32;16;10;5;1;96;1510002193;96;255;1510002203;0
32;16;10;5;1;96;1510002295;96;255;1510002305;0
32;16;10;5;1;96;1510003014;96;255;1510003024;0
32;16;10;5;1;96;1510003073;96;255;1510003083;0
32;16;10;5;1;96;1510003136;96;255;1510003146;0
32;16;10;5;1;96;1510003235;96;255;1510003245;0
32;16;10;5;1;96;1510003953;96;255;1510003963;0
32;16;10;5;1;96;1510004012;96;255;1510004022;0
32;16;10;5;1;96;1510004080;96;255;1510004090;0
32;16;10;5;1;96;1510004180;96;255;1510004190;0
32;16;10;5;1;96;1510004895;96;255;1510004905;0
32;16;10;5;1;96;1510004953;96;255;1510004963;0
32;16;10;5;1;96;1510005021;96;255;1510005031;0
32;16;10;5;1;96;1510005121;96;255;1510005131;0
32;16;10;5;1;96;1510005836;96;255;1510005846;0
32;16;10;5;1;96;1510005894;96;255;1510005904;0
32;16;10;5;1;96;1510005965;96;255;1510005975;0
32;16;10;5;1;96;1510006061;96;255;1510006071;0
32;16;10;5;1;96;1510006775;96;255;1510006785;0
32;16;10;5;1;96;1510006834;96;255;1510006844;0
32;16;10;5;1;96;1510006910;96;255;1510006920;0
32;16;10;5;1;96;1510007001;96;255;1510007011;0
32;16;10;5;1;96;1510007715;96;255;1510007725;0
32;16;10;5;1;96;1510007773;96;255;1510007783;0
32;16;10;5;1;96;1510007853;96;255;1510007863;0
32;16;10;5;1;96;1510007944;96;255;1510007955;0
32;16;10;5;1;96;1510008657;96;255;1510008667;0
32;16;10;5;1;96;1510008713;96;255;1510008723;0
32;16;10;5;1;96;1510008794;96;255;1510008804;0
32;16;10;5;1;96;1510008886;96;255;1510008897;0
32;16;10;5;1;96;1510009599;96;255;1510009609;0
32;16;10;5;1;96;1510009655;96;255;1510009665;0
32;16;10;5;1;96;1510009736;96;255;1510009746;0
32;16;10;5;1;96;1510009828;96;255;1510009839;0
32;16;10;5;1;96;1510010539;96;255;1510010549;0
32;16;10;5;1;96;1510010596;96;255;1510010606;0
32;16;10;5;1;96;1510010677;96;255;1510010687;0
32;16;10;5;1;96;1510010772;96;255;1510010782;0
32;16;10;5;1;96;1510011478;96;255;1510011488;0
32;16;10;5;1;96;1510011539;96;255;1510011550;0
32;16;10;5;1;96;1510011619;96;255;1510011629;0
32;16;10;5;1;96;1510011712;96;255;1510011723;0
32;16;10;5;1;96;1510012421;96;255;1510012431;0
32;16;10;5;1;96;1510012483;96;255;1510012493;0
32;16;10;5;1;96;1510012559;96;255;1510012569;0
32;16;10;5;1;96;1510012652;96;255;1510012662;0
32;16;10;5;1;96;1510013363;96;255;1510013373;0
32;16;10;5;1;96;1510013426;96;255;1510013436;0
32;16;10;5;1;96;1510013499;96;255;1510013510;0
32;16;10;5;1;96;1510013595;96;255;1510013605;0
32;16;10;5;1;96;1510014305;96;255;1510014315;0
32;16;10;5;1;96;1510014368;96;255;1510014378;0
32;16;10;5;1;96;1510014440;96;255;1510014450;0
32;16;10;5;1;96;1510014536;96;255;1510014546;0
32;16;10;5;1;96;1510015246;96;255;1510015256;0
32;16;10;5;1;96;1510015309;96;255;1510015319;0
32;16;10;5;1;96;1510015381;96;255;1510015391;0
32;16;10;5;1;96;1510015478;96;255;1510015489;0
32;16;10;5;1;96;1510016188;96;255;1510016198;0
32;16;10;5;1;96;1510016250;96;255;1510016260;0
32;16;10;5;1;96;1510016323;96;255;1510016333;0
32;16;10;5;1;96;1510016418;96;255;1510016429;0
32;16;10;5;1;96;1510017129;96;255;1510017139;0
32;16;10;5;1;96;1510017194;96;255;1510017204;0
32;16;10;5;1;96;1510017262;96;255;1510017273;0
32;16;10;5;1;96;1510017360;96;255;1510017370;0
32;16;10;5;1;96;1510018069;96;255;1510018079;0
32;16;10;5;1;96;1510018135;96;255;1510018145;0
32;16;10;5;1;96;1510018205;96;255;1510018215;0
32;16;10;5;1;96;1510018303;96;255;1510018313;0
32;16;10;5;1;96;1510019009;96;255;1510019019;0
32;16;10;5;1;96;1510019080;96;255;1510019090;0
32;16;10;5;1;96;1510019145;96;255;1510019155;0
32;16;10;5;1;96;1510019244;96;255;1510019254;0
32;16;10;5;1;96;1510019951;96;255;1510019961;0
32;16;10;5;1;96;1510020024;96;255;1510020034;0
32;16;10;5;1;96;1510020085;96;255;1510020095;0
32;16;10;5;1;96;1510020184;96;255;1510020194;0
32;16;10;5;1;96;1510020893;96;255;1510020903;0
32;16;10;5;1;96;1510020966;96;255;1510020976;0
32;16;10;5;1;96;1510021026;96;255;1510021037;0
32;16;10;5;1;96;1510021125;96;255;1510021135;0
32;16;10;5;1;96;1510021833;96;255;1510021843;0
32;16;10;5;1;96;1510021906;96;255;1510021917;0
32;16;10;5;1;96;1510021968;96;255;1510021978;0
32;16;10;5;1;96;1510022067;96;255;1510022077;0
32;16;10;5;1;96;1510022772;96;255;1510022782;0
32;16;10;5;1;96;1510022846;96;255;1510022856;0
32;16;10;5;1;96;1510022912;96;255;1510022922;0
32;16;10;5;1;96;1510023007;96;255;1510023017;0
32;16;10;5;1;96;1510023716;96;255;1510023726;0
32;16;10;5;1;96;1510023788;96;255;1510023798;0
32;16;10;5;1;96;1510023854;96;255;1510023864;0
32;16;10;5;1;96;1510023948;96;255;1510023958;0
32;16;10;5;1;96;1510024658;96;255;1510024668;0
32;16;10;5;1;96;1510024729;96;255;1510024739;0
32;16;10;5;1;96;1510024796;96;255;1510024806;0
32;16;10;5;1;96;1510024889;96;255;1510024900;0
32;16;10;5;1;96;1510025603;96;255;1510025613;0
32;16;10;5;1;96;1510025669;96;255;1510025679;0
32;16;10;5;1;96;1510025738;96;255;1510025748;0
32;16;10;5;1;96;1510025829;96;255;1510025839;0
32;16;10;5;1;96;1510026543;96;255;1510026553;0
32;16;10;5;1;96;1510026609;96;255;1510026620;0
32;16;10;5;1;96;1510026680;96;255;1510026690;0
32;16;10;5;1;96;1510026771;96;255;1510026781;0
32;16;10;5;1;96;1510027485;96;255;1510027495;0
32;16;10;5;1;96;1510027550;96;255;1510027560;0
32;16;10;5;1;96;1510027622;96;255;1510027632;0
32;16;10;5;1;96;1510027712;96;255;1510027722;0
32;16;10;5;1;96;1510028427;96;255;1510028437;0
32;16;10;5;1;96;1510028493;96;255;1510028504;0
32;16;10;5;1;96;1510028565;96;255;1510028575;0
32;16;10;5;1;96;1510028651;96;255;1510028661;0
32;16;10;5;1;96;1510029370;96;255;1510029380;0
32;16;10;5;1;96;1510029435;96;255;1510029445;0
32;16;10;5;1;96;1510029504;96;255;1510029514;1
32;16;10;5;1;96;1510029592;96;255;1510029602;0
32;16;10;5;1;96;1510030309;96;255;1510030319;0
32;16;10;5;1;96;1510030379;96;255;1510030389;0
32;16;10;5;1;96;1510030451;96;255;1510030461;0
32;16;10;5;1;96;1510030531;96;255;1510030541;0
32;16;10;5;1;96;1510031252;96;255;1510031262;0
32;16;10;5;1;96;1510031318;96;255;1510031329;0
32;16;10;5;1;96;1510031392;96;255;1510031402;0
32;16;10;5;1;96;1510031474;96;255;1510031484;0
32;16;10;5;1;96;1510032192;96;255;1510032202;0
32;16;10;5;1;96;1510032259;96;255;1510032269;0
32;16;10;5;1;96;1510032336;96;255;1510032346;0
32;16;10;5;1;96;1510032416;96;255;1510032426;0
32;16;10;5;1;96;1510033133;96;255;1510033143;0
32;16;10;5;1;96;1510033200;96;255;1510033210;0
32;16;10;5;1;96;1510033278;96;255;1510033288;0
32;16;10;5;1;96;1510033356;96;255;1510033366;0
32;16;10;5;1;96;1510034076;96;255;1510034087;0
32;16;10;5;1;96;1510034142;96;255;1510034152;0
32;16;10;5;1;96;1510034218;96;255;1510034228;0
32;16;10;5;1;96;1510034296;96;255;1510034306;0
32;16;10;5;1;96;1510035017;96;255;1510035028;0
32;16;10;5;1;96;1510035083;96;255;1510035093;0
32;16;10;5;1;96;1510035158;96;255;1510035168;0
32;16;10;5;1;96;1510035239;96;255;1510035250;0
32;16;10;5;1;96;1510035959;96;255;1510035969;0
32;16;10;5;1;96;1510036026;96;255;1510036036;0
32;16;10;5;1;96;1510036101;96;255;1510036111;0
32;16;10;5;1;96;1510036177;96;255;1510036187;0
32;16;10;5;1;96;1510036901;96;255;1510036911;0
32;16;10;5;1;96;1510036968;96;255;1510036978;0
32;16;10;5;1;96;1510037042;96;255;1510037052;0
32;16;10;5;1;96;1510037118;96;255;1510037128;0
32;16;10;5;1;96;1510037844;96;255;1510037854;0
32;16;10;5;1;96;1510037910;96;255;1510037921;0
32;16;10;5;1;96;1510037982;96;255;1510037992;0
32;16;10;5;1;96;1510038059;96;255;1510038069;0
32;16;10;5;1;96;1510038785;96;255;1510038795;1
32;16;10;5;1;96;1510038852;96;255;1510038863;0
32;16;10;5;1;96;1510038922;96;255;1510038932;0
32;16;10;5;1;96;1510039000;96;255;1510039010;0
32;16;10;5;1;96;1510039726;96;255;1510039737;0
32;16;10;5;1;96;1510039793;96;255;1510039803;0
32;16;10;5;1;96;1510039866;96;255;1510039876;0
32;16;10;5;1;96;1510039941;96;255;1510039952;0
32;16;10;5;1;96;1510040667;96;255;1510040677;0
32;16;10;5;1;96;1510040734;96;255;1510040744;0
32;16;10;5;1;96;1510040809;96;255;1510040819;0
32;16;10;5;1;96;1510040881;96;255;1510040891;0
32;16;10;5;1;96;1510041610;96;255;1510041620;0
32;16;10;5;1;96;1510041677;96;255;1510041687;0
32;16;10;5;1;96;1510041752;96;255;1510041762;0
32;16;10;5;1;96;1510041821;96;255;1510041831;0
32;16;10;5;1;96;1510042551;96;255;1510042561;0
32;16;10;5;1;96;1510042617;96;255;1510042627;0
32;16;10;5;1;96;1510042694;96;255;1510042705;0
32;16;10;5;1;96;1510042764;96;255;1510042774;0
32;16;10;5;1;96;1510043490;96;255;1510043500;0
32;16;10;5;1;96;1510043561;96;255;1510043571;0
32;16;10;5;1;96;1510043634;96;255;1510043644;0
32;16;10;5;1;96;1510043707;96;255;1510043717;0
32;16;10;5;1;96;1510044434;96;255;1510044444;0
32;16;10;5;1;96;1510044506;96;255;1510044517;0
32;16;10;5;1;96;1510044579;96;255;1510044589;0
32;16;10;5;1;96;1510044654;96;255;1510044665;0
32;16;10;5;1;96;1510045425;96;255;1510045436;0
32;16;10;5;1;96;1510045495;96;255;1510045505;0
32;16;10;5;1;96;1510045571;96;255;1510045582;0
32;16;10;5;1;96;1510045656;96;255;1510045667;0
32;16;10;5;1;96;1510046442;96;255;1510046454;0
32;16;10;5;1;96;1510046520;96;255;1510046531;0
32;16;10;5;1;96;1510047407;96;255;1510047418;0
32;16;10;5;1;96;1510047427;96;255;1510047437;0
32;16;10;5;1;96;1510047428;96;255;1510047438;0
32;16;10;5;1;96;1510047430;96;255;1510047441;0
32;16;10;5;1;96;1510048386;96;255;1510048397;0
32;16;10;5;1;96;1510048401;96;255;1510048411;0
32;16;10;5;1;96;1510048403;96;255;1510048414;0
32;16;10;5;1;96;1510048411;96;255;1510048421;0
32;16;10;5;1;96;1510049421;96;255;1510049431;0
32;16;10;5;1;96;1510049427;96;255;1510049438;0
32;16;10;5;1;96;1510049443;96;255;1510049453;0
32;16;10;5;1;96;1510050380;96;255;1510050390;0
32;16;10;5;1;96;1510050387;96;255;1510050397;0
32;16;10;5;1;96;1510050404;96;255;1510050414;0
32;16;10;5;1;96;1510051339;96;255;1510051350;0
32;16;10;5;1;96;1510051345;96;255;1510051355;0
32;16;10;5;1;96;1510051362;96;255;1510051373;0
32;16;10;5;1;96;1510052296;96;255;1510052306;0
32;16;10;5;1;96;1510052302;96;255;1510052312;0
32;16;10;5;1;96;1510052321;96;255;1510052331;0
32;16;10;5;1;96;1510053252;96;255;1510053263;0
32;16;10;5;1;96;1510053259;96;255;1510053269;0
32;16;10;5;1;96;1510053277;96;255;1510053288;0
32;16;10;5;1;96;1510054210;96;255;1510054221;0
32;16;10;5;1;96;1510054218;96;255;1510054228;0
32;16;10;5;1;96;1510054236;96;255;1510054246;0
32;16;10;5;1;96;1510055169;96;255;1510055180;0
32;16;10;5;1;96;1510055179;96;255;1510055189;0
32;16;10;5;1;96;1510055199;96;255;1510055210;0
32;16;10;5;1;96;1510056139;96;255;1510056149;0
32;16;10;5;1;96;1510056157;96;255;1510056168;0
32;16;10;5;1;96;1510056179;96;255;1510056190;0
32;16;10;5;1;96;1510057095;96;255;1510057106;0
32;16;10;5;1;96;1510057117;96;255;1510057127;0
32;16;10;5;1;96;1510057144;96;255;1510057154;0
32;16;10;5;1;96;1510058038;96;255;1510058048;0
32;16;10;5;1;96;1510058059;96;255;1510058069;0
32;16;10;5;1;96;1510058086;96;255;1510058097;0
32;16;10;5;1;96;1510058978;96;255;1510058988;0
32;16;10;5;1;96;1510059000;96;255;1510059010;0
32;16;10;5;1;96;1510059027;96;255;1510059037;0
32;16;10;5;1;96;1510059919;96;255;1510059929;0
32;16;10;5;1;96;1510059940;96;255;1510059951;0
32;16;10;5;1;96;1510059969;96;255;1510059980;0
32;16;10;5;1;96;1510060880;96;255;1510060890;0
32;16;10;5;1;96;1510060899;96;255;1510060910;0
32;16;10;5;1;96;1510060934;96;255;1510060945;0
32;16;10;5;1;96;1510061864;96;255;1510061875;0
32;16;10;5;1;96;1510061870;96;255;1510061881;0
