32;16;10;5;1;98;1509982287;98;255;1509982297;0
32;16;10;5;1;98;1509982355;98;255;1509982365;0
32;16;10;5;1;98;1509982424;98;255;1509982435;0
32;16;10;5;1;98;1509982523;98;255;1509982534;0
32;16;10;5;1;98;1509983252;98;255;1509983262;0
32;16;10;5;1;98;1509983311;98;255;1509983321;0
32;16;10;5;1;98;1509983379;98;255;1509983389;0
32;16;10;5;1;98;1509983488;98;255;1509983498;0
32;16;10;5;1;98;1509984193;98;255;1509984204;0
32;16;10;5;1;98;1509984250;98;255;1509984260;0
32;16;10;5;1;98;1509984321;98;255;1509984331;0
32;16;10;5;1;98;1509984429;98;255;1509984440;0
32;16;10;5;1;98;1509985135;98;255;1509985145;0
32;16;10;5;1;98;1509985193;98;255;1509985203;0
32;16;10;5;1;98;1509985261;98;255;1509985271;0
32;16;10;5;1;98;1509985371;98;255;1509985381;0
32;16;10;5;1;98;1509986076;98;255;1509986086;0
32;16;10;5;1;98;1509986133;98;255;1509986144;0
32;16;10;5;1;98;1509986204;98;255;1509986214;0
32;16;10;5;1;98;1509986313;98;255;1509986323;0
32;16;10;5;1;98;1509987016;98;255;1509987026;0
32;16;10;5;1;98;1509987077;98;255;1509987087;0
32;16;10;5;1;98;1509987143;98;255;1509987153;0
32;16;10;5;1;98;1509987256;98;255;1509987266;0
32;16;10;5;1;98;1509987958;98;255;1509987968;0
32;16;10;5;1;98;1509988020;98;255;1509988031;0
32;16;10;5;1;98;1509988082;98;255;1509988093;0
32;16;10;5;1;98;1509988196;98;255;1509988206;0
32;16;10;5;1;98;1509988899;98;255;1509988909;0
32;16;10;5;1;98;1509988962;98;255;1509988972;0
32;16;10;5;1;98;1509989024;98;255;1509989035;0
32;16;10;5;1;98;1509989139;98;255;1509989149;0
32;16;10;5;1;98;1509989841;98;255;1509989851;0
32;16;10;5;1;98;1509989904;98;255;1509989914;0
32;16;10;5;1;98;1509989967;98;255;1509989978;0
32;16;10;5;1;98;1509990081;98;255;1509990092;0
32;16;10;5;1;98;1509990783;98;255;1509990793;0
32;16;10;5;1;98;1509990846;98;255;1509990856;0
32;16;10;5;1;98;1509990908;98;255;1509990918;0
32;16;10;5;1;98;1509991023;98;255;1509991033;0
32;16;10;5;1;98;1509991726;98;255;1509991736;0
32;16;10;5;1;98;1509991787;98;255;1509991797;0
32;16;10;5;1;98;1509991847;98;255;1509991857;0
32;16;10;5;1;98;1509991965;98;255;1509991975;0
32;16;10;5;1;98;1509992668;98;255;1509992679;0
32;16;10;5;1;98;1509992727;98;255;1509992737;0
32;16;10;5;1;98;1509992788;98;255;1509992798;0
32;16;10;5;1;98;1509992906;98;255;1509992916;0
32;16;10;5;1;98;1509993609;98;255;1509993619;0
32;16;10;5;1;98;1509993669;98;255;1509993679;0
32;16;10;5;1;98;1509993730;98;255;1509993740;0
32;16;10;5;1;98;1509993848;98;255;1509993858;0
32;16;10;5;1;98;1509994550;98;255;1509994560;0
32;16;10;5;1;98;1509994610;98;255;1509994620;0
32;16;10;5;1;98;1509994671;98;255;1509994681;0
32;16;10;5;1;98;1509994790;98;255;1509994801;0
32;16;10;5;1;98;1509995494;98;255;1509995505;0
32;16;10;5;1;98;1509995552;98;255;1509995562;0
32;16;10;5;1;98;1509995623;98;255;1509995634;0
32;16;10;5;1;98;1509995733;98;255;1509995743;0
32;16;10;5;1;98;1509996440;98;255;1509996450;0
32;16;10;5;1;98;1509996494;98;255;1509996504;0
32;16;10;5;1;98;1509996571;98;255;1509996581;0
32;16;10;5;1;98;1509996672;98;255;1509996682;0
32;16;10;5;1;98;1509997381;98;255;1509997392;0
32;16;10;5;1;98;1509997437;98;255;1509997447;0
32;16;10;5;1;98;1509997511;98;255;1509997521;0
32;16;10;5;1;98;1509997613;98;255;1509997623;0
32;16;10;5;1;98;1509998322;98;255;1509998332;0
32;16;10;5;1;98;1509998379;98;255;1509998389;0
32;16;10;5;1;98;1509998452;98;255;1509998462;0
32;16;10;5;1;98;1509998555;98;255;1509998566;0
32;16;10;5;1;98;1509999267;98;255;1509999277;0
32;16;10;5;1;98;1509999319;98;255;1509999329;0
32;16;10;5;1;98;1509999391;98;255;1509999402;0
32;16;10;5;1;98;1509999495;98;255;1509999506;0
32;16;10;5;1;98;1510000208;98;255;1510000218;0
32;16;10;5;1;98;1510000263;98;255;1510000274;0
32;16;10;5;1;98;1510000332;98;255;1510000342;0
32;16;10;5;1;98;1510000434;98;255;1510000445;0
32;16;10;5;1;98;1510001151;98;255;1510001161;0
32;16;10;5;1;98;1510001205;98;255;1510001216;0
32;16;10;5;1;98;1510001273;98;255;1510001283;0
32;16;10;5;1;98;1510001376;98;255;1510001386;0
32;16;10;5;1;98;1510002092;98;255;1510002102;0
32;16;10;5;1;98;1510002149;98;255;1510002159;0
32;16;10;5;1;98;1510002213;98;255;1510002223;0
32;16;10;5;1;98;1510002315;98;255;1510002326;0
32;16;10;5;1;98;1510003034;98;255;1510003044;0
32;16;10;5;1;98;1510003093;98;255;1510003103;0
32;16;10;5;1;98;1510003156;98;255;1510003166;0
32;16;10;5;1;98;1510003255;98;255;1510003265;0
32;16;10;5;1;98;1510003973;98;255;1510003983;0
32;16;10;5;1;98;1510004032;98;255;1510004042;0
32;16;10;5;1;98;1510004100;98;255;1510004110;0
32;16;10;5;1;98;1510004200;98;255;1510004210;0
32;16;10;5;1;98;1510004915;98;255;1510004925;0
32;16;10;5;1;98;1510004973;98;255;1510004984;0
32;16;10;5;1;98;1510005041;98;255;1510005052;0
32;16;10;5;1;98;1510005142;98;255;1510005152;0
32;16;10;5;1;98;1510005856;98;255;1510005866;0
32;16;10;5;1;98;1510005915;98;255;1510005925;0
32;16;10;5;1;98;1510005986;98;255;1510005996;0
32;16;10;5;1;98;1510006081;98;255;1510006091;0
32;16;10;5;1;98;1510006795;98;255;1510006806;0
32;16;10;5;1;98;1510006855;98;255;1510006865;0
32;16;10;5;1;98;1510006930;98;255;1510006940;0
32;16;10;5;1;98;1510007021;98;255;1510007031;0
32;16;10;5;1;98;1510007736;98;255;1510007746;0
32;16;10;5;1;98;1510007794;98;255;1510007804;0
32;16;10;5;1;98;1510007873;98;255;1510007883;0
32;16;10;5;1;98;1510007965;98;255;1510007975;0
32;16;10;5;1;98;1510008677;98;255;1510008687;0
32;16;10;5;1;98;1510008733;98;255;1510008744;0
32;16;10;5;1;98;1510008814;98;255;1510008824;0
32;16;10;5;1;98;1510008907;98;255;1510008917;0
32;16;10;5;1;98;1510009620;98;255;1510009630;0
32;16;10;5;1;98;1510009675;98;255;1510009685;0
32;16;10;5;1;98;1510009756;98;255;1510009766;0
32;16;10;5;1;98;1510009849;98;255;1510009859;0
32;16;10;5;1;98;1510010559;98;255;1510010569;0
32;16;10;5;1;98;1510010616;98;255;1510010626;0
32;16;10;5;1;98;1510010697;98;255;1510010708;0
32;16;10;5;1;98;1510010792;98;255;1510010802;0
32;16;10;5;1;98;1510011498;98;255;1510011509;0
32;16;10;5;1;98;1510011560;98;255;1510011570;0
32;16;10;5;1;98;1510011639;98;255;1510011650;0
32;16;10;5;1;98;1510011733;98;255;1510011743;0
32;16;10;5;1;98;1510012441;98;255;1510012451;0
32;16;10;5;1;98;1510012503;98;255;1510012514;0
32;16;10;5;1;98;1510012579;98;255;1510012590;0
32;16;10;5;1;98;1510012672;98;255;1510012683;0
32;16;10;5;1;98;1510013384;98;255;1510013394;0
32;16;10;5;1;98;1510013446;98;255;1510013457;0
32;16;10;5;1;98;1510013520;98;255;1510013530;0
32;16;10;5;1;98;1510013615;98;255;1510013625;0
32;16;10;5;1;98;1510014325;98;255;1510014335;0
32;16;10;5;1;98;1510014388;98;255;1510014398;0
32;16;10;5;1;98;1510014460;98;255;1510014471;0
32;16;10;5;1;98;1510014557;98;255;1510014567;0
32;16;10;5;1;98;1510015266;98;255;1510015277;0
32;16;10;5;1;98;1510015329;98;255;1510015339;0
32;16;10;5;1;98;1510015401;98;255;1510015411;0
32;16;10;5;1;98;1510015499;98;255;1510015509;0
32;16;10;5;1;98;1510016209;98;255;1510016219;0
32;16;10;5;1;98;1510016270;98;255;1510016281;0
32;16;10;5;1;98;1510016343;98;255;1510016353;0
32;16;10;5;1;98;1510016439;98;255;1510016449;0
32;16;10;5;1;98;1510017149;98;255;1510017159;0
32;16;10;5;1;98;1510017214;98;255;1510017225;0
32;16;10;5;1;98;1510017283;98;255;1510017293;0
32;16;10;5;1;98;1510017380;98;255;1510017390;0
32;16;10;5;1;98;1510018089;98;255;1510018099;0
32;16;10;5;1;98;1510018157;98;255;1510018167;0
32;16;10;5;1;98;1510018225;98;255;1510018235;0
32;16;10;5;1;98;1510018323;98;255;1510018333;0
32;16;10;5;1;98;1510019029;98;255;1510019039;0
32;16;10;5;1;98;1510019100;98;255;1510019110;0
32;16;10;5;1;98;1510019165;98;255;1510019176;0
32;16;10;5;1;98;1510019264;98;255;1510019274;0
32;16;10;5;1;98;1510019971;98;255;1510019981;0
32;16;10;5;1;98;1510020045;98;255;1510020055;0
32;16;10;5;1;98;1510020106;98;255;1510020116;0
32;16;10;5;1;98;1510020204;98;255;1510020214;0
32;16;10;5;1;98;1510020913;98;255;1510020923;0
32;16;10;5;1;98;1510020986;98;255;1510020996;0
32;16;10;5;1;98;1510021047;98;255;1510021057;0
32;16;10;5;1;98;1510021146;98;255;1510021156;0
32;16;10;5;1;98;1510021853;98;255;1510021863;0
32;16;10;5;1;98;1510021927;98;255;1510021937;0
32;16;10;5;1;98;1510021988;98;255;1510021998;0
32;16;10;5;1;98;1510022087;98;255;1510022097;0
32;16;10;5;1;98;1510022793;98;255;1510022803;0
32;16;10;5;1;98;1510022867;98;255;1510022877;0
32;16;10;5;1;98;1510022932;98;255;1510022942;0
32;16;10;5;1;98;1510023027;98;255;1510023037;0
32;16;10;5;1;98;1510023737;98;255;1510023747;0
32;16;10;5;1;98;1510023808;98;255;1510023819;0
32;16;10;5;1;98;1510023875;98;255;1510023885;0
32;16;10;5;1;98;1510023968;98;255;1510023978;0
32;16;10;5;1;98;1510024679;98;255;1510024689;0
32;16;10;5;1;98;1510024749;98;255;1510024759;0
32;16;10;5;1;98;1510024817;98;255;1510024827;0
32;16;10;5;1;98;1510024910;98;255;1510024920;0
32;16;10;5;1;98;1510025623;98;255;1510025633;0
32;16;10;5;1;98;1510025689;98;255;1510025699;0
32;16;10;5;1;98;1510025758;98;255;1510025768;0
32;16;10;5;1;98;1510025850;98;255;1510025860;0
32;16;10;5;1;98;1510026564;98;255;1510026574;0
32;16;10;5;1;98;1510026630;98;255;1510026640;0
32;16;10;5;1;98;1510026700;98;255;1510026710;0
32;16;10;5;1;98;1510026791;98;255;1510026801;0
32;16;10;5;1;98;1510027505;98;255;1510027515;0
32;16;10;5;1;98;1510027571;98;255;1510027581;0
32;16;10;5;1;98;1510027642;98;255;1510027653;0
32;16;10;5;1;98;1510027732;98;255;1510027742;0
32;16;10;5;1;98;1510028447;98;255;1510028458;0
32;16;10;5;1;98;1510028514;98;255;1510028524;0
32;16;10;5;1;98;1510028585;98;255;1510028595;0
32;16;10;5;1;98;1510028671;98;255;1510028681;0
32;16;10;5;1;98;1510029390;98;255;1510029400;0
32;16;10;5;1;98;1510029455;98;255;1510029465;0
32;16;10;5;1;98;1510029524;98;255;1510029535;0
32;16;10;5;1;98;1510029612;98;255;1510029622;0
32;16;10;5;1;98;1510030330;98;255;1510030340;0
32;16;10;5;1;98;1510030400;98;255;1510030410;0
32;16;10;5;1;98;1510030472;98;255;1510030482;0
32;16;10;5;1;98;1510030552;98;255;1510030562;0
32;16;10;5;1;98;1510031273;98;255;1510031283;0
32;16;10;5;1;98;1510031339;98;255;1510031349;0
32;16;10;5;1;98;1510031413;98;255;1510031423;0
32;16;10;5;1;98;1510031495;98;255;1510031505;0
32;16;10;5;1;98;1510032213;98;255;1510032223;0
32;16;10;5;1;98;1510032279;98;255;1510032289;0
32;16;10;5;1;98;1510032356;98;255;1510032367;0
32;16;10;5;1;98;1510032436;98;255;1510032447;0
32;16;10;5;1;98;1510033153;98;255;1510033164;0
32;16;10;5;1;98;1510033220;98;255;1510033230;0
32;16;10;5;1;98;1510033298;98;255;1510033309;0
32;16;10;5;1;98;1510033376;98;255;1510033387;0
32;16;10;5;1;98;1510034097;98;255;1510034107;0
32;16;10;5;1;98;1510034162;98;255;1510034172;0
32;16;10;5;1;98;1510034239;98;255;1510034249;0
32;16;10;5;1;98;1510034316;98;255;1510034327;0
32;16;10;5;1;98;1510035038;98;255;1510035048;0
32;16;10;5;1;98;1510035103;98;255;1510035114;0
32;16;10;5;1;98;1510035179;98;255;1510035189;0
32;16;10;5;1;98;1510035260;98;255;1510035270;0
32;16;10;5;1;98;1510035980;98;255;1510035990;0
32;16;10;5;1;98;1510036046;98;255;1510036056;0
32;16;10;5;1;98;1510036121;98;255;1510036132;0
32;16;10;5;1;98;1510036198;98;255;1510036208;0
32;16;10;5;1;98;1510036921;98;255;1510036931;0
32;16;10;5;1;98;1510036989;98;255;1510036999;0
32;16;10;5;1;98;1510037062;98;255;1510037072;0
32;16;10;5;1;98;1510037138;98;255;1510037148;0
32;16;10;5;1;98;1510037864;98;255;1510037874;0
32;16;10;5;1;98;1510037931;98;255;1510037941;0
32;16;10;5;1;98;1510038002;98;255;1510038012;0
32;16;10;5;1;98;1510038079;98;255;1510038090;0
32;16;10;5;1;98;1510038805;98;255;1510038815;0
32;16;10;5;1;98;1510038873;98;255;1510038883;0
32;16;10;5;1;98;1510038943;98;255;1510038953;0
32;16;10;5;1;98;1510039021;98;255;1510039031;0
32;16;10;5;1;98;1510039747;98;255;1510039757;0
32;16;10;5;1;98;1510039813;98;255;1510039824;0
32;16;10;5;1;98;1510039886;98;255;1510039897;0
32;16;10;5;1;98;1510039962;98;255;1510039972;0
32;16;10;5;1;98;1510040687;98;255;1510040698;0
32;16;10;5;1;98;1510040754;98;255;1510040764;0
32;16;10;5;1;98;1510040830;98;255;1510040840;0
32;16;10;5;1;98;1510040901;98;255;1510040912;0
32;16;10;5;1;98;1510041630;98;255;1510041640;0
32;16;10;5;1;98;1510041697;98;255;1510041707;0
32;16;10;5;1;98;1510041773;98;255;1510041783;0
32;16;10;5;1;98;1510041842;98;255;1510041852;0
32;16;10;5;1;98;1510042571;98;255;1510042581;0
32;16;10;5;1;98;1510042638;98;255;1510042648;0
32;16;10;5;1;98;1510042715;98;255;1510042725;0
32;16;10;5;1;98;1510042784;98;255;1510042795;0
32;16;10;5;1;98;1510043511;98;255;1510043521;0
32;16;10;5;1;98;1510043581;98;255;1510043591;0
32;16;10;5;1;98;1510043654;98;255;1510043664;0
32;16;10;5;1;98;1510043727;98;255;1510043737;0
32;16;10;5;1;98;1510044455;98;255;1510044465;0
32;16;10;5;1;98;1510044527;98;255;1510044538;0
32;16;10;5;1;98;1510044600;98;255;1510044611;0
32;16;10;5;1;98;1510044675;98;255;1510044685;0
32;16;10;5;1;98;1510045446;98;255;1510045457;0
32;16;10;5;1;98;1510045517;98;255;1510045528;0
32;16;10;5;1;98;1510045594;98;255;1510045605;0
32;16;10;5;1;98;1510045677;98;255;1510045688;0
32;16;10;5;1;98;1510046465;98;255;1510046475;0
32;16;10;5;1;98;1510046542;98;255;1510046553;0
32;16;10;5;1;98;1510047429;98;255;1510047439;0
32;16;10;5;1;98;1510047448;98;255;1510047459;0
32;16;10;5;1;98;1510047449;98;255;1510047459;0
32;16;10;5;1;98;1510047452;98;255;1510047462;0
32;16;10;5;1;98;1510048407;98;255;1510048417;0
32;16;10;5;1;98;1510048422;98;255;1510048432;0
32;16;10;5;1;98;1510048424;98;255;1510048435;0
32;16;10;5;1;98;1510048432;98;255;1510048442;0
32;16;10;5;1;98;1510049441;98;255;1510049452;0
32;16;10;5;1;98;1510049448;98;255;1510049458;0
32;16;10;5;1;98;1510049463;98;255;1510049474;0
32;16;10;5;1;98;1510050401;98;255;1510050411;0
32;16;10;5;1;98;1510050407;98;255;1510050418;0
32;16;10;5;1;98;1510050424;98;255;1510050434;0
32;16;10;5;1;98;1510051360;98;255;1510051370;0
32;16;10;5;1;98;1510051365;98;255;1510051376;0
32;16;10;5;1;98;1510051383;98;255;1510051393;0
32;16;10;5;1;98;1510052317;98;255;1510052327;0
32;16;10;5;1;98;1510052322;98;255;1510052333;0
32;16;10;5;1;98;1510052341;98;255;1510052352;0
32;16;10;5;1;98;1510053273;98;255;1510053283;0
32;16;10;5;1;98;1510053279;98;255;1510053290;0
32;16;10;5;1;98;1510053298;98;255;1510053309;0
32;16;10;5;1;98;1510054231;98;255;1510054241;0
32;16;10;5;1;98;1510054238;98;255;1510054249;0
32;16;10;5;1;98;1510054257;98;255;1510054267;0
32;16;10;5;1;98;1510055191;98;255;1510055201;0
32;16;10;5;1;98;1510055200;98;255;1510055210;0
32;16;10;5;1;98;1510055220;98;255;1510055230;0
32;16;10;5;1;98;1510056160;98;255;1510056170;0
32;16;10;5;1;98;1510056178;98;255;1510056190;0
32;16;10;5;1;98;1510056201;98;255;1510056212;0
32;16;10;5;1;98;1510057116;98;255;1510057127;0
32;16;10;5;1;98;1510057138;98;255;1510057148;0
32;16;10;5;1;98;1510057165;98;255;1510057175;0
32;16;10;5;1;98;1510058058;98;255;1510058068;0
32;16;10;5;1;98;1510058079;98;255;1510058089;0
32;16;10;5;1;98;1510058107;98;255;1510058117;0
32;16;10;5;1;98;1510058998;98;255;1510059008;0
32;16;10;5;1;98;1510059020;98;255;1510059030;0
32;16;10;5;1;98;1510059047;98;255;1510059057;0
32;16;10;5;1;98;1510059940;98;255;1510059950;0
32;16;10;5;1;98;1510059961;98;255;1510059971;0
32;16;10;5;1;98;1510059990;98;255;1510060001;0
32;16;10;5;1;98;1510060901;98;255;1510060912;0
32;16;10;5;1;98;1510060920;98;255;1510060931;0
32;16;10;5;1;98;1510060955;98;255;1510060966;1
32;16;10;5;1;98;1510061887;98;255;1510061897;0
32;16;10;5;1;98;1510061892;98;255;1510061903;0
32;16;10;5;1;98;1510061931;98;255;1510061942;0
32;16;10;5;1;98;1510062858;98;255;1510062868;0
32;16;10;5;1;98;1510062863;98;255;1510062873;0
32;16;10;5;1;98;1510062906;98;255;1510062916;0
32;16;10;5;1;98;1510063810;98;255;1510063820;0
32;16;10;5;1;98;1510063812;98;255;1510063822;0
32;16;10;5;1;98;1510063856;98;255;1510063867;0
32;16;10;5;1;98;1510064776;98;255;1510064787;0
32;16;10;5;1;98;1510064778;98;255;1510064789;0
32;16;10;5;1;98;1510064825;98;255;1510064836;0
32;16;10;5;1;98;1510065738;98;255;1510065748;0
32;16;10;5;1;98;1510065739;98;255;1510065750;0
32;16;10;5;1;98;1510065790;98;255;1510065800;0
32;16;10;5;1;98;1510066699;98;255;1510066710;0
32;16;10;5;1;98;1510066701;98;255;1510066712;0
32;16;10;5;1;98;1510066753;98;255;1510066763;0
32;16;10;5;1;98;1510067662;98;255;1510067672;0
32;16;10;5;1;98;1510067663;98;255;1510067673;0
32;16;10;5;1;98;1510067718;98;255;1510067728;0
32;16;10;5;1;98;1510068612;98;255;1510068622;0
32;16;10;5;1;98;1510068614;98;255;1510068624;0
32;16;10;5;1;98;1510068667;98;255;1510068677;0
32;16;10;5;1;98;1510069568;98;255;1510069579;0
32;16;10;5;1;98;1510069581;98;255;1510069591;0
32;16;10;5;1;98;1510069626;98;255;1510069637;0
32;16;10;5;1;98;1510070533;98;255;1510070543;0
32;16;10;5;1;98;1510070546;98;255;1510070556;0
32;16;10;5;1;98;1510070593;98;255;1510070603;0
32;16;10;5;1;98;1510071502;98;255;1510071513;0
32;16;10;5;1;98;1510071510;98;255;1510071520;0
32;16;10;5;1;98;1510071557;98;255;1510071567;0
32;16;10;5;1;98;1510072464;98;255;1510072474;0
32;16;10;5;1;98;1510072469;98;255;1510072480;0
32;16;10;5;1;98;1510072510;98;255;1510072520;0
32;16;10;5;1;98;1510073407;98;255;1510073418;0
32;16;10;5;1;98;1510073413;98;255;1510073424;0
32;16;10;5;1;98;1510073454;98;255;1510073464;0
32;16;10;5;1;98;1510074351;98;255;1510074361;0
32;16;10;5;1;98;1510074357;98;255;1510074367;0
32;16;10;5;1;98;1510074398;98;255;1510074408;0
32;16;10;5;1;98;1510075299;98;255;1510075311;0
32;16;10;5;1;98;1510075307;98;255;1510075320;0
32;16;10;5;1;98;1510075353;98;255;1510075366;0
32;16;10;5;1;98;1510076104;98;255;1510076115;0
32;16;10;5;1;98;1510076276;98;255;1510076286;0
32;16;10;5;1;98;1510076281;98;255;1510076292;0
32;16;10;5;1;98;1510076323;98;255;1510076333;0
32;16;10;5;1;98;1510077046;98;255;1510077056;0
32;16;10;5;1;98;1510077216;98;255;1510077226;0
32;16;10;5;1;98;1510077222;98;255;1510077232;0
32;16;10;5;1;98;1510077262;98;255;1510077272;0
32;16;10;5;1;98;1510077984;98;255;1510077995;0
32;16;10;5;1;98;1510078154;98;255;1510078165;0
32;16;10;5;1;98;1510078162;98;255;1510078173;0
32;16;10;5;1;98;1510078203;98;255;1510078213;0
32;16;10;5;1;98;1510078924;98;255;1510078934;0
32;16;10;5;1;98;1510079094;98;255;1510079105;0
32;16;10;5;1;98;1510079102;98;255;1510079112;0
32;16;10;5;1;98;1510079142;98;255;1510079153;0
32;16;10;5;1;98;1510079865;98;255;1510079875;0
32;16;10;5;1;98;1510080033;98;255;1510080044;0
32;16;10;5;1;98;1510080041;98;255;1510080051;0
32;16;10;5;1;98;1510080083;98;255;1510080093;0
32;16;10;5;1;98;1510080805;98;255;1510080816;0
32;16;10;5;1;98;1510080973;98;255;1510080984;0
32;16;10;5;1;98;1510080980;98;255;1510080990;0
32;16;10;5;1;98;1510081024;98;255;1510081034;0
32;16;10;5;1;98;1510081745;98;255;1510081755;0
32;16;10;5;1;98;1510081913;98;255;1510081923;0
32;16;10;5;1;98;1510081919;98;255;1510081929;0
32;16;10;5;1;98;1510081964;98;255;1510081974;0
32;16;10;5;1;98;1510082682;98;255;1510082693;0
32;16;10;5;1;98;1510082853;98;255;1510082863;0
32;16;10;5;1;98;1510082861;98;255;1510082871;0
32;16;10;5;1;98;1510082904;98;255;1510082914;0
32;16;10;5;1;98;1510083622;98;255;1510083632;0
32;16;10;5;1;98;1510083792;98;255;1510083802;0
32;16;10;5;1;98;1510083803;98;255;1510083813;0
32;16;10;5;1;98;1510083843;98;255;1510083853;0
32;16;10;5;1;98;1510084560;98;255;1510084571;0
32;16;10;5;1;98;1510084732;98;255;1510084742;0
32;16;10;5;1;98;1510084744;98;255;1510084755;0
32;16;10;5;1;98;1510084784;98;255;1510084794;0
32;16;10;5;1;98;1510085500;98;255;1510085510;0
32;16;10;5;1;98;1510085673;98;255;1510085683;0
32;16;10;5;1;98;1510085686;98;255;1510085696;0
32;16;10;5;1;98;1510085724;98;255;1510085734;1
32;16;10;5;1;98;1510086438;98;255;1510086448;0
32;16;10;5;1;98;1510086614;98;255;1510086624;0
32;16;10;5;1;98;1510086628;98;255;1510086638;0
32;16;10;5;1;98;1510086664;98;255;1510086674;0
32;16;10;5;1;98;1510087379;98;255;1510087389;0
32;16;10;5;1;98;1510087554;98;255;1510087565;0
32;16;10;5;1;98;1510087567;98;255;1510087577;0
32;16;10;5;1;98;1510087602;98;255;1510087613;0
32;16;10;5;1;98;1510088318;98;255;1510088328;0
32;16;10;5;1;98;1510088495;98;255;1510088505;0
32;16;10;5;1;98;1510088507;98;255;1510088517;0
32;16;10;5;1;98;1510088542;98;255;1510088552;0
32;16;10;5;1;98;1510089258;98;255;1510089268;0
32;16;10;5;1;98;1510089434;98;255;1510089445;0
32;16;10;5;1;98;1510089448;98;255;1510089458;0
32;16;10;5;1;98;1510089482;98;255;1510089492;0
32;16;10;5;1;98;1510090197;98;255;1510090207;0
32;16;10;5;1;98;1510090373;98;255;1510090384;0
32;16;10;5;1;98;1510090388;98;255;1510090398;0
32;16;10;5;1;98;1510090427;98;255;1510090437;0
32;16;10;5;1;98;1510091136;98;255;1510091147;0
32;16;10;5;1;98;1510091314;98;255;1510091324;0
32;16;10;5;1;98;1510091328;98;255;1510091338;0
32;16;10;5;1;98;1510091367;98;255;1510091377;0
32;16;10;5;1;98;1510092075;98;255;1510092086;0
32;16;10;5;1;98;1510092254;98;255;1510092264;0
32;16;10;5;1;98;1510092268;98;255;1510092278;0
32;16;10;5;1;98;1510092306;98;255;1510092317;0
32;16;10;5;1;98;1510093015;98;255;1510093025;0
32;16;10;5;1;98;1510093193;98;255;1510093204;0
32;16;10;5;1;98;1510093210;98;255;1510093220;0
32;16;10;5;1;98;1510093247;98;255;1510093257;0
32;16;10;5;1;98;1510093955;98;255;1510093965;0
32;16;10;5;1;98;1510094132;98;255;1510094143;0
32;16;10;5;1;98;1510094148;98;255;1510094159;0
32;16;10;5;1;98;1510094190;98;255;1510094200;0
32;16;10;5;1;98;1510094896;98;255;1510094906;0
32;16;10;5;1;98;1510095072;98;255;1510095082;0
32;16;10;5;1;98;1510095087;98;255;1510095097;0
32;16;10;5;1;98;1510095129;98;255;1510095140;0
32;16;10;5;1;98;1510095838;98;255;1510095849;0
32;16;10;5;1;98;1510096012;98;255;1510096022;0
32;16;10;5;1;98;1510096025;98;255;1510096036;0
32;16;10;5;1;98;1510096070;98;255;1510096080;1
32;16;10;5;1;98;1510096781;98;255;1510096791;0
32;16;10;5;1;98;1510096950;98;255;1510096961;0
32;16;10;5;1;98;1510096965;98;255;1510096976;0
32;16;10;5;1;98;1510097010;98;255;1510097021;1
32;16;10;5;1;98;1510097719;98;255;1510097729;0
32;16;10;5;1;98;1510097892;98;255;1510097902;0
32;16;10;5;1;98;1510097904;98;255;1510097914;0
32;16;10;5;1;98;1510097951;98;255;1510097962;0
32;16;10;5;1;98;1510098659;98;255;1510098669;0
32;16;10;5;1;98;1510098833;98;255;1510098844;0
32;16;10;5;1;98;1510098842;98;255;1510098852;0
32;16;10;5;1;98;1510098891;98;255;1510098902;0
32;16;10;5;1;98;1510099599;98;255;1510099609;0
32;16;10;5;1;98;1510099775;98;255;1510099785;0
32;16;10;5;1;98;1510099780;98;255;1510099790;0
32;16;10;5;1;98;1510099832;98;255;1510099842;0
32;16;10;5;1;98;1510100540;98;255;1510100551;0
32;16;10;5;1;98;1510100714;98;255;1510100724;0
32;16;10;5;1;98;1510100720;98;255;1510100730;0
32;16;10;5;1;98;1510100772;98;255;1510100782;0
32;16;10;5;1;98;1510101480;98;255;1510101491;0
32;16;10;5;1;98;1510101653;98;255;1510101663;0
32;16;10;5;1;98;1510101662;98;255;1510101672;0
32;16;10;5;1;98;1510101711;98;255;1510101721;0
32;16;10;5;1;98;1510102421;98;255;1510102431;0
32;16;10;5;1;98;1510102592;98;255;1510102602;0
32;16;10;5;1;98;1510102600;98;255;1510102611;0
32;16;10;5;1;98;1510102654;98;255;1510102664;0
32;16;10;5;1;98;1510103358;98;255;1510103369;0
32;16;10;5;1;98;1510103532;98;255;1510103542;0
32;16;10;5;1;98;1510103541;98;255;1510103552;0
32;16;10;5;1;98;1510103595;98;255;1510103605;0
32;16;10;5;1;98;1510104297;98;255;1510104308;1
32;16;10;5;1;98;1510104471;98;255;1510104481;0
32;16;10;5;1;98;1510104483;98;255;1510104493;0
32;16;10;5;1;98;1510104535;98;255;1510104545;0
32;16;10;5;1;98;1510105237;98;255;1510105247;0
32;16;10;5;1;98;1510105410;98;255;1510105420;0
32;16;10;5;1;98;1510105423;98;255;1510105433;0
32;16;10;5;1;98;1510105474;98;255;1510105484;0
32;16;10;5;1;98;1510106179;98;255;1510106189;0
32;16;10;5;1;98;1510106350;98;255;1510106361;0
32;16;10;5;1;98;1510106362;98;255;1510106372;0
32;16;10;5;1;98;1510106413;98;255;1510106423;0
32;16;10;5;1;98;1510107116;98;255;1510107126;0
32;16;10;5;1;98;1510107294;98;255;1510107305;0
32;16;10;5;1;98;1510107302;98;255;1510107312;0
32;16;10;5;1;98;1510107354;98;255;1510107365;0
32;16;10;5;1;98;1510108055;98;255;1510108066;0
32;16;10;5;1;98;1510108235;98;255;1510108245;0
32;16;10;5;1;98;1510108241;98;255;1510108251;0
32;16;10;5;1;98;1510108295;98;255;1510108305;0
32;16;10;5;1;98;1510108995;98;255;1510109005;0
32;16;10;5;1;98;1510109175;98;255;1510109185;0
32;16;10;5;1;98;1510109182;98;255;1510109192;0
32;16;10;5;1;98;1510109235;98;255;1510109246;0
32;16;10;5;1;98;1510109934;98;255;1510109944;0
32;16;10;5;1;98;1510110116;98;255;1510110126;0
32;16;10;5;1;98;1510110122;98;255;1510110132;0
32;16;10;5;1;98;1510110177;98;255;1510110187;0
32;16;10;5;1;98;1510110875;98;255;1510110885;0
32;16;10;5;1;98;1510111056;98;255;1510111066;0
32;16;10;5;1;98;1510111063;98;255;1510111073;0
32;16;10;5;1;98;1510111116;98;255;1510111126;0
32;16;10;5;1;98;1510111814;98;255;1510111824;0
32;16;10;5;1;98;1510111996;98;255;1510112007;0
32;16;10;5;1;98;1510112003;98;255;1510112013;0
32;16;10;5;1;98;1510112055;98;255;1510112065;0
32;16;10;5;1;98;1510112751;98;255;1510112761;0
32;16;10;5;1;98;1510112940;98;255;1510112950;0
32;16;10;5;1;98;1510112943;98;255;1510112953;0
32;16;10;5;1;98;1510112996;98;255;1510113006;0
32;16;10;5;1;98;1510113689;98;255;1510113699;0
32;16;10;5;1;98;1510113881;98;255;1510113891;0
32;16;10;5;1;98;1510113884;98;255;1510113894;0
32;16;10;5;1;98;1510113935;98;255;1510113945;0
32;16;10;5;1;98;1510114628;98;255;1510114638;0
32;16;10;5;1;98;1510114821;98;255;1510114832;0
32;16;10;5;1;98;1510114824;98;255;1510114834;0
32;16;10;5;1;98;1510114875;98;255;1510114885;0
32;16;10;5;1;98;1510115569;98;255;1510115579;0
32;16;10;5;1;98;1510115761;98;255;1510115771;0
32;16;10;5;1;98;1510115764;98;255;1510115774;0
32;16;10;5;1;98;1510115814;98;255;1510115824;1
32;16;10;5;1;98;1510116510;98;255;1510116520;0
32;16;10;5;1;98;1510116700;98;255;1510116710;0
32;16;10;5;1;98;1510116703;98;255;1510116713;0
32;16;10;5;1;98;1510116753;98;255;1510116763;0
32;16;10;5;1;98;1510117450;98;255;1510117460;0
32;16;10;5;1;98;1510117639;98;255;1510117650;0
32;16;10;5;1;98;1510117645;98;255;1510117655;0
32;16;10;5;1;98;1510117693;98;255;1510117703;0
32;16;10;5;1;98;1510118392;98;255;1510118402;0
32;16;10;5;1;98;1510118579;98;255;1510118589;0
32;16;10;5;1;98;1510118587;98;255;1510118597;0
32;16;10;5;1;98;1510118633;98;255;1510118643;0
32;16;10;5;1;98;1510119335;98;255;1510119345;0
32;16;10;5;1;98;1510119518;98;255;1510119529;0
32;16;10;5;1;98;1510119526;98;255;1510119536;0
32;16;10;5;1;98;1510119571;98;255;1510119581;0
32;16;10;5;1;98;1510120278;98;255;1510120288;0
32;16;10;5;1;98;1510120456;98;255;1510120467;0
32;16;10;5;1;98;1510120465;98;255;1510120475;0
32;16;10;5;1;98;1510120510;98;255;1510120521;0
32;16;10;5;1;98;1510121218;98;255;1510121228;0
32;16;10;5;1;98;1510121398;98;255;1510121408;0
32;16;10;5;1;98;1510121405;98;255;1510121416;0
32;16;10;5;1;98;1510121449;98;255;1510121459;0
32;16;10;5;1;98;1510122159;98;255;1510122169;0
32;16;10;5;1;98;1510122337;98;255;1510122347;0
32;16;10;5;1;98;1510122345;98;255;1510122355;0
32;16;10;5;1;98;1510122390;98;255;1510122400;0
32;16;10;5;1;98;1510123100;98;255;1510123110;0
32;16;10;5;1;98;1510123278;98;255;1510123288;0
32;16;10;5;1;98;1510123287;98;255;1510123297;0
32;16;10;5;1;98;1510123332;98;255;1510123342;0
32;16;10;5;1;98;1510124040;98;255;1510124050;0
32;16;10;5;1;98;1510124216;98;255;1510124226;0
32;16;10;5;1;98;1510124227;98;255;1510124238;0
32;16;10;5;1;98;1510124272;98;255;1510124282;0
32;16;10;5;1;98;1510124980;98;255;1510124991;0
32;16;10;5;1;98;1510125156;98;255;1510125166;0
32;16;10;5;1;98;1510125167;98;255;1510125178;0
32;16;10;5;1;98;1510125211;98;255;1510125222;0
32;16;10;5;1;98;1510125919;98;255;1510125929;0
32;16;10;5;1;98;1510126097;98;255;1510126107;0
32;16;10;5;1;98;1510126107;98;255;1510126118;0
32;16;10;5;1;98;1510126152;98;255;1510126162;0
32;16;10;5;1;98;1510126858;98;255;1510126868;0
32;16;10;5;1;98;1510127036;98;255;1510127046;0
32;16;10;5;1;98;1510127046;98;255;1510127056;0
32;16;10;5;1;98;1510127093;98;255;1510127103;0
32;16;10;5;1;98;1510127798;98;255;1510127809;0
32;16;10;5;1;98;1510127975;98;255;1510127985;0
32;16;10;5;1;98;1510127985;98;255;1510127995;0
32;16;10;5;1;98;1510128035;98;255;1510128045;0
32;16;10;5;1;98;1510128737;98;255;1510128747;0
32;16;10;5;1;98;1510128915;98;255;1510128925;0
32;16;10;5;1;98;1510128925;98;255;1510128935;0
32;16;10;5;1;98;1510128974;98;255;1510128984;0
32;16;10;5;1;98;1510129676;98;255;1510129686;0
32;16;10;5;1;98;1510129861;98;255;1510129873;0
32;16;10;5;1;98;1510129871;98;255;1510129882;0
32;16;10;5;1;98;1510129922;98;255;1510129933;0
32;16;10;5;1;98;1510130680;98;255;1510130692;0
32;16;10;5;1;98;1510130882;98;255;1510130893;0
32;16;10;5;1;98;1510130886;98;255;1510130896;0
32;16;10;5;1;98;1510130929;98;255;1510130939;0
32;16;10;5;1;98;1510131684;98;255;1510131694;0
32;16;10;5;1;98;1510131872;98;255;1510131883;0
32;16;10;5;1;98;1510131884;98;255;1510131894;0
32;16;10;5;1;98;1510131926;98;255;1510131937;0
32;16;10;5;1;98;1510132649;98;255;1510132660;0
32;16;10;5;1;98;1510132832;98;255;1510132842;0
32;16;10;5;1;98;1510132853;98;255;1510132864;0
32;16;10;5;1;98;1510132895;98;255;1510132905;0
32;16;10;5;1;98;1510133672;98;255;1510133684;0
32;16;10;5;1;98;1510133837;98;255;1510133848;0
32;16;10;5;1;98;1510133865;98;255;1510133877;0
32;16;10;5;1;98;1510133915;98;255;1510133925;0
32;16;10;5;1;98;1510134658;98;255;1510134669;0
32;16;10;5;1;98;1510134832;98;255;1510134843;0
32;16;10;5;1;98;1510134865;98;255;1510134877;0
32;16;10;5;1;98;1510134901;98;255;1510134912;0
32;16;10;5;1;98;1510135659;98;255;1510135670;0
32;16;10;5;1;98;1510135825;98;255;1510135836;0
32;16;10;5;1;98;1510135866;98;255;1510135879;0
32;16;10;5;1;98;1510135895;98;255;1510135905;0
32;16;10;5;1;98;1510136666;98;255;1510136676;0
32;16;10;5;1;98;1510136835;98;255;1510136847;0
32;16;10;5;1;98;1510136861;98;255;1510136872;0
32;16;10;5;1;98;1510136906;98;255;1510136918;0
32;16;10;5;1;98;1510137648;98;255;1510137658;0
32;16;10;5;1;98;1510137834;98;255;1510137844;0
32;16;10;5;1;98;1510137841;98;255;1510137852;0
32;16;10;5;1;98;1510137890;98;255;1510137902;0
32;16;10;5;1;98;1510138669;98;255;1510138679;0
32;16;10;5;1;98;1510138841;98;255;1510138852;0
32;16;10;5;1;98;1510138861;98;255;1510138871;0
32;16;10;5;1;98;1510138914;98;255;1510138924;0
32;16;10;5;1;98;1510139654;98;255;1510139665;0
32;16;10;5;1;98;1510139820;98;255;1510139830;0
32;16;10;5;1;98;1510139881;98;255;1510139891;0
32;16;10;5;1;98;1510139884;98;255;1510139896;0
32;16;10;5;1;98;1510140632;98;255;1510140643;0
32;16;10;5;1;98;1510140795;98;255;1510140805;0
32;16;10;5;1;98;1510140857;98;255;1510140868;0
32;16;10;5;1;98;1510140872;98;255;1510140882;0
32;16;10;5;1;98;1510141628;98;255;1510141640;0
32;16;10;5;1;98;1510141766;98;255;1510141777;0
32;16;10;5;1;98;1510141827;98;255;1510141838;0
32;16;10;5;1;98;1510141872;98;255;1510141882;0
32;16;10;5;1;98;1510142633;98;255;1510142645;0
32;16;10;5;1;98;1510142817;98;255;1510142828;0
32;16;10;5;1;98;1510142846;98;255;1510142857;0
32;16;10;5;1;98;1510142924;98;255;1510142937;0
32;16;10;5;1;98;1510143660;98;255;1510143670;0
32;16;10;5;1;98;1510143835;98;255;1510143845;0
32;16;10;5;1;98;1510143864;98;255;1510143875;0
32;16;10;5;1;98;1510143942;98;255;1510143952;0
32;16;10;5;1;98;1510144627;98;255;1510144637;0
32;16;10;5;1;98;1510144794;98;255;1510144804;0
32;16;10;5;1;98;1510144823;98;255;1510144834;0
32;16;10;5;1;98;1510144900;98;255;1510144911;0
32;16;10;5;1;98;1510145567;98;255;1510145577;0
32;16;10;5;1;98;1510145735;98;255;1510145746;0
32;16;10;5;1;98;1510145766;98;255;1510145776;0
32;16;10;5;1;98;1510145840;98;255;1510145850;0
32;16;10;5;1;98;1510146506;98;255;1510146516;0
32;16;10;5;1;98;1510146680;98;255;1510146690;0
32;16;10;5;1;98;1510146713;98;255;1510146723;0
32;16;10;5;1;98;1510146785;98;255;1510146796;0
32;16;10;5;1;98;1510147482;98;255;1510147493;0
32;16;10;5;1;98;1510147654;98;255;1510147664;0
32;16;10;5;1;98;1510147681;98;255;1510147691;0
32;16;10;5;1;98;1510147754;98;255;1510147765;0
32;16;10;5;1;98;1510148451;98;255;1510148461;0
32;16;10;5;1;98;1510148629;98;255;1510148640;0
32;16;10;5;1;98;1510148647;98;255;1510148658;0
32;16;10;5;1;98;1510148732;98;255;1510148742;0
32;16;10;5;1;98;1510149415;98;255;1510149425;0
32;16;10;5;1;98;1510149588;98;255;1510149598;0
32;16;10;5;1;98;1510149600;98;255;1510149611;0
32;16;10;5;1;98;1510149679;98;255;1510149690;0
32;16;10;5;1;98;1510150355;98;255;1510150365;0
32;16;10;5;1;98;1510150540;98;255;1510150551;0
32;16;10;5;1;98;1510150548;98;255;1510150559;0
32;16;10;5;1;98;1510150632;98;255;1510150642;0
32;16;10;5;1;98;1510151322;98;255;1510151333;0
32;16;10;5;1;98;1510151501;98;255;1510151511;0
32;16;10;5;1;98;1510151512;98;255;1510151523;0
32;16;10;5;1;98;1510151599;98;255;1510151610;0
32;16;10;5;1;98;1510152311;98;255;1510152321;0
32;16;10;5;1;98;1510152488;98;255;1510152498;0
32;16;10;5;1;98;1510152505;98;255;1510152516;0
32;16;10;5;1;98;1510152585;98;255;1510152595;0
32;16;10;5;1;98;1510153281;98;255;1510153291;0
32;16;10;5;1;98;1510153460;98;255;1510153472;0
32;16;10;5;1;98;1510153481;98;255;1510153492;0
32;16;10;5;1;98;1510153556;98;255;1510153567;0
32;16;10;5;1;98;1510154257;98;255;1510154267;0
32;16;10;5;1;98;1510154432;98;255;1510154442;0
32;16;10;5;1;98;1510154456;98;255;1510154466;0
32;16;10;5;1;98;1510154524;98;255;1510154534;0
32;16;10;5;1;98;1510155214;98;255;1510155225;0
32;16;10;5;1;98;1510155385;98;255;1510155395;0
32;16;10;5;1;98;1510155411;98;255;1510155422;0
32;16;10;5;1;98;1510155480;98;255;1510155491;0
32;16;10;5;1;98;1510156189;98;255;1510156199;0
32;16;10;5;1;98;1510156367;98;255;1510156378;0
32;16;10;5;1;98;1510156397;98;255;1510156408;0
32;16;10;5;1;98;1510156468;98;255;1510156479;0
32;16;10;5;1;98;1510157178;98;255;1510157188;0
32;16;10;5;1;98;1510157360;98;255;1510157371;0
32;16;10;5;1;98;1510157390;98;255;1510157401;0
32;16;10;5;1;98;1510157458;98;255;1510157470;0
32;16;10;5;1;98;1510158157;98;255;1510158168;0
32;16;10;5;1;98;1510158336;98;255;1510158346;0
32;16;10;5;1;98;1510158368;98;255;1510158379;0
32;16;10;5;1;98;1510158435;98;255;1510158445;0
32;16;10;5;1;98;1510159113;98;255;1510159123;0
32;16;10;5;1;98;1510159292;98;255;1510159303;0
32;16;10;5;1;98;1510159325;98;255;1510159336;0
32;16;10;5;1;98;1510159389;98;255;1510159400;0
32;16;10;5;1;98;1510160076;98;255;1510160089;0
32;16;10;5;1;98;1510160273;98;255;1510160283;0
32;16;10;5;1;98;1510160301;98;255;1510160311;0
32;16;10;5;1;98;1510160368;98;255;1510160379;0
32;16;10;5;1;98;1510161055;98;255;1510161065;0
32;16;10;5;1;98;1510161240;98;255;1510161251;0
32;16;10;5;1;98;1510161281;98;255;1510161292;0
32;16;10;5;1;98;1510161339;98;255;1510161349;0
32;16;10;5;1;98;1510162033;98;255;1510162043;0
32;16;10;5;1;98;1510162204;98;255;1510162214;0
32;16;10;5;1;98;1510162245;98;255;1510162257;0
32;16;10;5;1;98;1510162302;98;255;1510162312;0
32;16;10;5;1;98;1510162990;98;255;1510163000;0
32;16;10;5;1;98;1510163172;98;255;1510163182;0
32;16;10;5;1;98;1510163228;98;255;1510163239;0
32;16;10;5;1;98;1510163260;98;255;1510163271;0
32;16;10;5;1;98;1510163934;98;255;1510163944;0
32;16;10;5;1;98;1510164116;98;255;1510164126;0
32;16;10;5;1;98;1510164177;98;255;1510164187;0
32;16;10;5;1;98;1510164206;98;255;1510164216;0
32;16;10;5;1;98;1510164875;98;255;1510164885;0
32;16;10;5;1;98;1510165059;98;255;1510165069;0
32;16;10;5;1;98;1510165119;98;255;1510165129;0
32;16;10;5;1;98;1510165150;98;255;1510165160;0
32;16;10;5;1;98;1510165818;98;255;1510165829;0
32;16;10;5;1;98;1510166002;98;255;1510166012;0
32;16;10;5;1;98;1510166063;98;255;1510166074;0
32;16;10;5;1;98;1510166092;98;255;1510166102;0
32;16;10;5;1;98;1510166762;98;255;1510166773;0
32;16;10;5;1;98;1510166943;98;255;1510166954;0
32;16;10;5;1;98;1510167005;98;255;1510167016;0
32;16;10;5;1;98;1510167036;98;255;1510167046;0
32;16;10;5;1;98;1510167705;98;255;1510167715;0
32;16;10;5;1;98;1510167885;98;255;1510167895;0
32;16;10;5;1;98;1510167948;98;255;1510167958;0
32;16;10;5;1;98;1510167981;98;255;1510167991;0
32;16;10;5;1;98;1510168647;98;255;1510168657;0
32;16;10;5;1;98;1510168827;98;255;1510168837;0
32;16;10;5;1;98;1510168890;98;255;1510168900;0
32;16;10;5;1;98;1510168922;98;255;1510168932;0
32;16;10;5;1;98;1510169590;98;255;1510169600;0
32;16;10;5;1;98;1510169771;98;255;1510169781;0
32;16;10;5;1;98;1510169833;98;255;1510169843;0
32;16;10;5;1;98;1510169864;98;255;1510169874;0
32;16;10;5;1;98;1510170531;98;255;1510170541;0
32;16;10;5;1;98;1510170712;98;255;1510170723;0
32;16;10;5;1;98;1510170776;98;255;1510170786;0
32;16;10;5;1;98;1510170807;98;255;1510170817;0
32;16;10;5;1;98;1510171474;98;255;1510171484;0
32;16;10;5;1;98;1510171655;98;255;1510171665;0
32;16;10;5;1;98;1510171722;98;255;1510171732;0
32;16;10;5;1;98;1510171749;98;255;1510171759;0
32;16;10;5;1;98;1510172414;98;255;1510172424;0
32;16;10;5;1;98;1510172597;98;255;1510172607;0
32;16;10;5;1;98;1510172663;98;255;1510172673;0
32;16;10;5;1;98;1510172693;98;255;1510172703;0
32;16;10;5;1;98;1510173359;98;255;1510173369;0
32;16;10;5;1;98;1510173538;98;255;1510173548;0
32;16;10;5;1;98;1510173606;98;255;1510173617;0
32;16;10;5;1;98;1510173636;98;255;1510173646;0
32;16;10;5;1;98;1510174302;98;255;1510174313;0
32;16;10;5;1;98;1510174480;98;255;1510174491;0
32;16;10;5;1;98;1510174549;98;255;1510174559;0
32;16;10;5;1;98;1510174576;98;255;1510174586;0
32;16;10;5;1;98;1510175247;98;255;1510175257;0
32;16;10;5;1;98;1510175422;98;255;1510175432;0
32;16;10;5;1;98;1510175492;98;255;1510175503;0
32;16;10;5;1;98;1510175518;98;255;1510175528;0
32;16;10;5;1;98;1510176191;98;255;1510176201;0
32;16;10;5;1;98;1510176362;98;255;1510176372;0
32;16;10;5;1;98;1510176433;98;255;1510176443;0
32;16;10;5;1;98;1510176459;98;255;1510176469;0
32;16;10;5;1;98;1510177134;98;255;1510177144;0
32;16;10;5;1;98;1510177305;98;255;1510177315;0
32;16;10;5;1;98;1510177376;98;255;1510177386;0
32;16;10;5;1;98;1510177400;98;255;1510177410;0
32;16;10;5;1;98;1510178076;98;255;1510178087;0
32;16;10;5;1;98;1510178249;98;255;1510178259;0
32;16;10;5;1;98;1510178318;98;255;1510178328;0
32;16;10;5;1;98;1510178342;98;255;1510178352;0
32;16;10;5;1;98;1510179020;98;255;1510179030;0
32;16;10;5;1;98;1510179193;98;255;1510179203;0
32;16;10;5;1;98;1510179258;98;255;1510179268;0
32;16;10;5;1;98;1510179283;98;255;1510179294;0
32;16;10;5;1;98;1510179962;98;255;1510179973;0
32;16;10;5;1;98;1510180134;98;255;1510180145;0
32;16;10;5;1;98;1510180198;98;255;1510180208;0
32;16;10;5;1;98;1510180225;98;255;1510180235;0
32;16;10;5;1;98;1510180907;98;255;1510180917;0
32;16;10;5;1;98;1510181076;98;255;1510181086;0
32;16;10;5;1;98;1510181141;98;255;1510181151;0
32;16;10;5;1;98;1510181169;98;255;1510181179;0
32;16;10;5;1;98;1510181850;98;255;1510181861;0
32;16;10;5;1;98;1510182020;98;255;1510182030;0
32;16;10;5;1;98;1510182083;98;255;1510182094;0
32;16;10;5;1;98;1510182111;98;255;1510182121;0
32;16;10;5;1;98;1510182795;98;255;1510182805;0
32;16;10;5;1;98;1510182960;98;255;1510182970;0
32;16;10;5;1;98;1510183025;98;255;1510183035;0
32;16;10;5;1;98;1510183053;98;255;1510183063;0
32;16;10;5;1;98;1510183737;98;255;1510183747;0
32;16;10;5;1;98;1510183902;98;255;1510183913;0
32;16;10;5;1;98;1510183967;98;255;1510183978;0
32;16;10;5;1;98;1510183994;98;255;1510184005;0
32;16;10;5;1;98;1510184680;98;255;1510184690;0
32;16;10;5;1;98;1510184846;98;255;1510184857;0
32;16;10;5;1;98;1510184910;98;255;1510184920;0
32;16;10;5;1;98;1510184935;98;255;1510184945;0
32;16;10;5;1;98;1510185623;98;255;1510185634;0
32;16;10;5;1;98;1510185791;98;255;1510185801;0
32;16;10;5;1;98;1510185854;98;255;1510185864;0
32;16;10;5;1;98;1510185877;98;255;1510185887;0
32;16;10;5;1;98;1510186565;98;255;1510186575;0
32;16;10;5;1;98;1510186734;98;255;1510186744;0
32;16;10;5;1;98;1510186794;98;255;1510186804;0
32;16;10;5;1;98;1510186818;98;255;1510186828;0
32;16;10;5;1;98;1510187507;98;255;1510187518;0
32;16;10;5;1;98;1510187677;98;255;1510187687;0
32;16;10;5;1;98;1510187735;98;255;1510187745;0
32;16;10;5;1;98;1510187759;98;255;1510187769;0
32;16;10;5;1;98;1510188449;98;255;1510188459;0
32;16;10;5;1;98;1510188619;98;255;1510188629;0
32;16;10;5;1;98;1510188677;98;255;1510188687;0
32;16;10;5;1;98;1510188703;98;255;1510188713;0
32;16;10;5;1;98;1510189389;98;255;1510189399;0
32;16;10;5;1;98;1510189563;98;255;1510189573;0
32;16;10;5;1;98;1510189618;98;255;1510189628;0
32;16;10;5;1;98;1510189647;98;255;1510189657;0
32;16;10;5;1;98;1510190330;98;255;1510190340;0
32;16;10;5;1;98;1510190504;98;255;1510190514;0
32;16;10;5;1;98;1510190558;98;255;1510190568;0
32;16;10;5;1;98;1510190590;98;255;1510190601;0
32;16;10;5;1;98;1510191271;98;255;1510191281;0
32;16;10;5;1;98;1510191448;98;255;1510191459;0
32;16;10;5;1;98;1510191499;98;255;1510191509;0
32;16;10;5;1;98;1510191534;98;255;1510191544;0
32;16;10;5;1;98;1510192215;98;255;1510192225;0
32;16;10;5;1;98;1510192391;98;255;1510192401;0
32;16;10;5;1;98;1510192438;98;255;1510192448;0
32;16;10;5;1;98;1510192477;98;255;1510192487;0
32;16;10;5;1;98;1510193156;98;255;1510193166;0
32;16;10;5;1;98;1510193332;98;255;1510193342;0
32;16;10;5;1;98;1510193382;98;255;1510193392;0
32;16;10;5;1;98;1510193421;98;255;1510193431;0
32;16;10;5;1;98;1510194096;98;255;1510194106;0
32;16;10;5;1;98;1510194273;98;255;1510194284;0
32;16;10;5;1;98;1510194324;98;255;1510194334;0
32;16;10;5;1;98;1510194362;98;255;1510194373;0
32;16;10;5;1;98;1510195039;98;255;1510195049;0
32;16;10;5;1;98;1510195218;98;255;1510195228;0
32;16;10;5;1;98;1510195265;98;255;1510195275;0
32;16;10;5;1;98;1510195305;98;255;1510195315;0
32;16;10;5;1;98;1510195981;98;255;1510195992;0
32;16;10;5;1;98;1510196162;98;255;1510196172;0
32;16;10;5;1;98;1510196208;98;255;1510196218;0
32;16;10;5;1;98;1510196245;98;255;1510196256;0
32;16;10;5;1;98;1510196925;98;255;1510196935;0
32;16;10;5;1;98;1510197103;98;255;1510197114;1
32;16;10;5;1;98;1510197151;98;255;1510197161;0
32;16;10;5;1;98;1510197186;98;255;1510197196;0
32;16;10;5;1;98;1510197866;98;255;1510197876;0
32;16;10;5;1;98;1510198044;98;255;1510198055;0
32;16;10;5;1;98;1510198095;98;255;1510198105;0
32;16;10;5;1;98;1510198126;98;255;1510198137;0
32;16;10;5;1;98;1510198807;98;255;1510198818;0
32;16;10;5;1;98;1510198986;98;255;1510198996;0
32;16;10;5;1;98;1510199041;98;255;1510199051;0
32;16;10;5;1;98;1510199068;98;255;1510199078;0
32;16;10;5;1;98;1510199748;98;255;1510199759;0
32;16;10;5;1;98;1510199927;98;255;1510199937;0
32;16;10;5;1;98;1510199987;98;255;1510199997;0
32;16;10;5;1;98;1510200009;98;255;1510200019;0
32;16;10;5;1;98;1510200690;98;255;1510200701;0
32;16;10;5;1;98;1510200867;98;255;1510200878;0
32;16;10;5;1;98;1510200931;98;255;1510200942;0
32;16;10;5;1;98;1510200949;98;255;1510200959;0
32;16;10;5;1;98;1510201631;98;255;1510201641;0
32;16;10;5;1;98;1510201809;98;255;1510201819;0
32;16;10;5;1;98;1510201874;98;255;1510201884;0
32;16;10;5;1;98;1510201891;98;255;1510201902;0
32;16;10;5;1;98;1510202574;98;255;1510202584;0
32;16;10;5;1;98;1510202752;98;255;1510202763;0
32;16;10;5;1;98;1510202817;98;255;1510202827;0
32;16;10;5;1;98;1510202834;98;255;1510202844;0
32;16;10;5;1;98;1510203515;98;255;1510203525;0
32;16;10;5;1;98;1510203697;98;255;1510203707;0
32;16;10;5;1;98;1510203758;98;255;1510203768;0
32;16;10;5;1;98;1510203779;98;255;1510203789;0
32;16;10;5;1;98;1510204456;98;255;1510204466;0
32;16;10;5;1;98;1510204637;98;255;1510204648;0
32;16;10;5;1;98;1510204700;98;255;1510204710;0
32;16;10;5;1;98;1510204723;98;255;1510204733;0
32;16;10;5;1;98;1510205398;98;255;1510205408;0
32;16;10;5;1;98;1510205579;98;255;1510205589;0
32;16;10;5;1;98;1510205643;98;255;1510205653;0
32;16;10;5;1;98;1510205665;98;255;1510205675;0
32;16;10;5;1;98;1510206341;98;255;1510206352;0
32;16;10;5;1;98;1510206520;98;255;1510206530;0
32;16;10;5;1;98;1510206587;98;255;1510206597;0
32;16;10;5;1;98;1510206609;98;255;1510206620;0
32;16;10;5;1;98;1510207285;98;255;1510207295;0
32;16;10;5;1;98;1510207464;98;255;1510207475;0
32;16;10;5;1;98;1510207530;98;255;1510207540;0
32;16;10;5;1;98;1510207551;98;255;1510207561;0
32;16;10;5;1;98;1510208225;98;255;1510208235;0
32;16;10;5;1;98;1510208406;98;255;1510208416;0
32;16;10;5;1;98;1510208472;98;255;1510208483;0
32;16;10;5;1;98;1510208492;98;255;1510208502;0
32;16;10;5;1;98;1510209166;98;255;1510209176;0
32;16;10;5;1;98;1510209349;98;255;1510209359;1
32;16;10;5;1;98;1510209414;98;255;1510209424;0
32;16;10;5;1;98;1510209435;98;255;1510209445;0
32;16;10;5;1;98;1510210109;98;255;1510210119;0
32;16;10;5;1;98;1510210290;98;255;1510210300;0
32;16;10;5;1;98;1510210357;98;255;1510210367;0
32;16;10;5;1;98;1510210377;98;255;1510210388;0
32;16;10;5;1;98;1510211053;98;255;1510211063;0
32;16;10;5;1;98;1510211231;98;255;1510211241;0
32;16;10;5;1;98;1510211299;98;255;1510211309;0
32;16;10;5;1;98;1510211320;98;255;1510211330;0
32;16;10;5;1;98;1510211994;98;255;1510212005;0
32;16;10;5;1;98;1510212173;98;255;1510212183;0
32;16;10;5;1;98;1510212239;98;255;1510212249;0
32;16;10;5;1;98;1510212261;98;255;1510212272;0
32;16;10;5;1;98;1510212937;98;255;1510212948;0
32;16;10;5;1;98;1510213115;98;255;1510213126;0
32;16;10;5;1;98;1510213182;98;255;1510213193;0
32;16;10;5;1;98;1510213204;98;255;1510213215;0
32;16;10;5;1;98;1510213878;98;255;1510213889;0
32;16;10;5;1;98;1510214058;98;255;1510214068;0
32;16;10;5;1;98;1510214124;98;255;1510214134;0
32;16;10;5;1;98;1510214148;98;255;1510214158;0
32;16;10;5;1;98;1510214822;98;255;1510214832;0
32;16;10;5;1;98;1510215000;98;255;1510215010;0
32;16;10;5;1;98;1510215066;98;255;1510215076;0
32;16;10;5;1;98;1510215091;98;255;1510215101;0
32;16;10;5;1;98;1510215763;98;255;1510215773;0
32;16;10;5;1;98;1510215940;98;255;1510215950;0
32;16;10;5;1;98;1510216007;98;255;1510216017;0
32;16;10;5;1;98;1510216035;98;255;1510216045;0
32;16;10;5;1;98;1510216706;98;255;1510216716;0
32;16;10;5;1;98;1510216882;98;255;1510216892;0
32;16;10;5;1;98;1510216949;98;255;1510216960;0
32;16;10;5;1;98;1510216978;98;255;1510216988;0
32;16;10;5;1;98;1510217649;98;255;1510217659;0
32;16;10;5;1;98;1510217825;98;255;1510217835;0
32;16;10;5;1;98;1510217890;98;255;1510217900;0
32;16;10;5;1;98;1510217921;98;255;1510217931;0
32;16;10;5;1;98;1510218591;98;255;1510218601;0
32;16;10;5;1;98;1510218767;98;255;1510218777;0
32;16;10;5;1;98;1510218834;98;255;1510218844;0
32;16;10;5;1;98;1510218868;98;255;1510218879;0
32;16;10;5;1;98;1510219573;98;255;1510219583;0
32;16;10;5;1;98;1510219765;98;255;1510219775;0
32;16;10;5;1;98;1510219820;98;255;1510219831;0
32;16;10;5;1;98;1510219851;98;255;1510219862;0
32;16;10;5;1;98;1510220594;98;255;1510220604;0
32;16;10;5;1;98;1510220779;98;255;1510220791;0
32;16;10;5;1;98;1510220829;98;255;1510220841;0
32;16;10;5;1;98;1510220865;98;255;1510220877;0
32;16;10;5;1;98;1510221568;98;255;1510221578;0
32;16;10;5;1;98;1510221761;98;255;1510221772;0
32;16;10;5;1;98;1510221806;98;255;1510221816;0
32;16;10;5;1;98;1510221869;98;255;1510221880;0
32;16;10;5;1;98;1510222577;98;255;1510222588;0
32;16;10;5;1;98;1510222774;98;255;1510222784;0
32;16;10;5;1;98;1510222819;98;255;1510222830;0
32;16;10;5;1;98;1510222882;98;255;1510222893;0
32;16;10;5;1;98;1510223591;98;255;1510223602;0
32;16;10;5;1;98;1510223787;98;255;1510223799;0
32;16;10;5;1;98;1510223845;98;255;1510223857;0
32;16;10;5;1;98;1510223906;98;255;1510223917;0
32;16;10;5;1;98;1510224593;98;255;1510224603;0
32;16;10;5;1;98;1510224793;98;255;1510224803;0
32;16;10;5;1;98;1510224847;98;255;1510224858;0
32;16;10;5;1;98;1510224906;98;255;1510224916;0
32;16;10;5;1;98;1510225595;98;255;1510225605;0
32;16;10;5;1;98;1510225778;98;255;1510225790;0
32;16;10;5;1;98;1510225834;98;255;1510225845;0
32;16;10;5;1;98;1510225883;98;255;1510225894;0
32;16;10;5;1;98;1510226612;98;255;1510226623;0
32;16;10;5;1;98;1510226796;98;255;1510226807;0
32;16;10;5;1;98;1510226843;98;255;1510226854;0
32;16;10;5;1;98;1510226904;98;255;1510226915;0
32;16;10;5;1;98;1510253575;98;255;1510253586;0
32;16;10;5;1;98;1510253578;98;255;1510253588;0
32;16;10;5;1;98;1510253581;98;255;1510253591;0
32;16;10;5;1;98;1510253581;98;255;1510253592;0
32;16;10;5;1;98;1510254510;98;255;1510254520;0
32;16;10;5;1;98;1510254510;98;255;1510254521;0
32;16;10;5;1;98;1510254513;98;255;1510254523;0
32;16;10;5;1;98;1510254533;98;255;1510254543;0
32;16;10;5;1;98;1510255443;98;255;1510255453;0
32;16;10;5;1;98;1510255443;98;255;1510255453;0
32;16;10;5;1;98;1510255445;98;255;1510255455;0
32;16;10;5;1;98;1510255467;98;255;1510255477;0
32;16;10;5;1;98;1510256374;98;255;1510256384;0
32;16;10;5;1;98;1510256375;98;255;1510256385;0
32;16;10;5;1;98;1510256381;98;255;1510256391;0
32;16;10;5;1;98;1510256402;98;255;1510256412;0
32;16;10;5;1;98;1510257305;98;255;1510257315;0
32;16;10;5;1;98;1510257307;98;255;1510257317;0
32;16;10;5;1;98;1510257316;98;255;1510257327;0
32;16;10;5;1;98;1510257337;98;255;1510257347;0
32;16;10;5;1;98;1510258235;98;255;1510258246;0
32;16;10;5;1;98;1510258239;98;255;1510258249;0
32;16;10;5;1;98;1510258252;98;255;1510258262;0
32;16;10;5;1;98;1510258271;98;255;1510258282;0
32;16;10;5;1;98;1510259166;98;255;1510259176;0
32;16;10;5;1;98;1510259171;98;255;1510259181;0
32;16;10;5;1;98;1510259187;98;255;1510259198;0
32;16;10;5;1;98;1510259206;98;255;1510259217;0
32;16;10;5;1;98;1510260097;98;255;1510260107;0
32;16;10;5;1;98;1510260102;98;255;1510260113;0
32;16;10;5;1;98;1510260123;98;255;1510260133;0
32;16;10;5;1;98;1510260141;98;255;1510260151;0
32;16;10;5;1;98;1510261028;98;255;1510261038;0
32;16;10;5;1;98;1510261035;98;255;1510261045;0
32;16;10;5;1;98;1510261059;98;255;1510261069;0
32;16;10;5;1;98;1510261076;98;255;1510261087;0
32;16;10;5;1;98;1510261960;98;255;1510261970;0
32;16;10;5;1;98;1510261967;98;255;1510261977;0
32;16;10;5;1;98;1510261994;98;255;1510262004;0
32;16;10;5;1;98;1510262013;98;255;1510262023;0
32;16;10;5;1;98;1510262891;98;255;1510262901;0
32;16;10;5;1;98;1510262898;98;255;1510262908;0
32;16;10;5;1;98;1510262929;98;255;1510262939;0
32;16;10;5;1;98;1510262948;98;255;1510262958;0
32;16;10;5;1;98;1510263822;98;255;1510263832;0
32;16;10;5;1;98;1510263829;98;255;1510263839;0
32;16;10;5;1;98;1510263866;98;255;1510263876;0
32;16;10;5;1;98;1510263883;98;255;1510263893;0
32;16;10;5;1;98;1510264753;98;255;1510264764;0
32;16;10;5;1;98;1510264761;98;255;1510264771;0
32;16;10;5;1;98;1510264801;98;255;1510264812;0
32;16;10;5;1;98;1510264818;98;255;1510264828;0
32;16;10;5;1;98;1510265685;98;255;1510265695;0
32;16;10;5;1;98;1510265693;98;255;1510265703;0
32;16;10;5;1;98;1510265738;98;255;1510265748;0
32;16;10;5;1;98;1510265753;98;255;1510265763;0
32;16;10;5;1;98;1510266616;98;255;1510266626;0
32;16;10;5;1;98;1510266624;98;255;1510266634;0
32;16;10;5;1;98;1510266674;98;255;1510266684;0
32;16;10;5;1;98;1510266689;98;255;1510266699;0
32;16;10;5;1;98;1510267546;98;255;1510267556;0
32;16;10;5;1;98;1510267556;98;255;1510267566;0
32;16;10;5;1;98;1510267611;98;255;1510267621;0
32;16;10;5;1;98;1510267623;98;255;1510267634;0
32;16;10;5;1;98;1510268477;98;255;1510268487;0
32;16;10;5;1;98;1510268487;98;255;1510268497;0
32;16;10;5;1;98;1510268548;98;255;1510268558;0
32;16;10;5;1;98;1510268558;98;255;1510268568;0
32;16;10;5;1;98;1510269409;98;255;1510269419;0
32;16;10;5;1;98;1510269419;98;255;1510269429;0
32;16;10;5;1;98;1510269485;98;255;1510269495;0
32;16;10;5;1;98;1510269494;98;255;1510269504;0
32;16;10;5;1;98;1510270340;98;255;1510270350;0
32;16;10;5;1;98;1510270352;98;255;1510270362;0
32;16;10;5;1;98;1510270422;98;255;1510270433;0
32;16;10;5;1;98;1510270429;98;255;1510270439;0
32;16;10;5;1;98;1510271271;98;255;1510271281;0
32;16;10;5;1;98;1510271284;98;255;1510271294;0
32;16;10;5;1;98;1510271359;98;255;1510271369;0
32;16;10;5;1;98;1510271365;98;255;1510271376;0
32;16;10;5;1;98;1510272203;98;255;1510272213;0
32;16;10;5;1;98;1510272221;98;255;1510272231;0
32;16;10;5;1;98;1510272291;98;255;1510272301;0
32;16;10;5;1;98;1510272300;98;255;1510272310;0
32;16;10;5;1;98;1510273134;98;255;1510273144;0
32;16;10;5;1;98;1510273158;98;255;1510273168;0
32;16;10;5;1;98;1510273223;98;255;1510273233;0
32;16;10;5;1;98;1510273236;98;255;1510273246;0
32;16;10;5;1;98;1510274065;98;255;1510274075;0
32;16;10;5;1;98;1510274093;98;255;1510274103;0
32;16;10;5;1;98;1510274155;98;255;1510274165;0
32;16;10;5;1;98;1510274173;98;255;1510274183;0
32;16;10;5;1;98;1510274996;98;255;1510275006;0
32;16;10;5;1;98;1510275030;98;255;1510275041;0
32;16;10;5;1;98;1510275086;98;255;1510275096;0
32;16;10;5;1;98;1510275109;98;255;1510275119;0
32;16;10;5;1;98;1510275927;98;255;1510275937;0
32;16;10;5;1;98;1510275967;98;255;1510275978;0
32;16;10;5;1;98;1510276021;98;255;1510276031;0
32;16;10;5;1;98;1510276041;98;255;1510276051;0
32;16;10;5;1;98;1510276858;98;255;1510276868;0
32;16;10;5;1;98;1510276904;98;255;1510276914;0
32;16;10;5;1;98;1510276958;98;255;1510276968;0
32;16;10;5;1;98;1510276973;98;255;1510276983;0
32;16;10;5;1;98;1510277790;98;255;1510277800;0
32;16;10;5;1;98;1510277840;98;255;1510277850;0
32;16;10;5;1;98;1510277893;98;255;1510277903;0
32;16;10;5;1;98;1510277904;98;255;1510277914;0
32;16;10;5;1;98;1510278721;98;255;1510278731;0
32;16;10;5;1;98;1510278777;98;255;1510278787;0
32;16;10;5;1;98;1510278829;98;255;1510278839;0
32;16;10;5;1;98;1510278835;98;255;1510278846;0
32;16;10;5;1;98;1510279652;98;255;1510279662;0
32;16;10;5;1;98;1510279714;98;255;1510279724;0
32;16;10;5;1;98;1510279765;98;255;1510279775;0
32;16;10;5;1;98;1510279767;98;255;1510279777;0
32;16;10;5;1;98;1510280583;98;255;1510280593;0
32;16;10;5;1;98;1510280651;98;255;1510280661;0
32;16;10;5;1;98;1510280698;98;255;1510280709;0
32;16;10;5;1;98;1510280701;98;255;1510280711;0
32;16;10;5;1;98;1510281514;98;255;1510281524;0
32;16;10;5;1;98;1510281589;98;255;1510281599;0
32;16;10;5;1;98;1510281630;98;255;1510281640;0
32;16;10;5;1;98;1510281636;98;255;1510281646;0
32;16;10;5;1;98;1510282444;98;255;1510282454;0
32;16;10;5;1;98;1510282529;98;255;1510282539;0
32;16;10;5;1;98;1510282561;98;255;1510282571;0
32;16;10;5;1;98;1510282572;98;255;1510282582;0
32;16;10;5;1;98;1510283375;98;255;1510283386;0
32;16;10;5;1;98;1510283466;98;255;1510283477;0
32;16;10;5;1;98;1510283493;98;255;1510283503;0
32;16;10;5;1;98;1510283507;98;255;1510283518;0
32;16;10;5;1;98;1510284306;98;255;1510284316;0
32;16;10;5;1;98;1510284404;98;255;1510284414;0
32;16;10;5;1;98;1510284424;98;255;1510284434;0
32;16;10;5;1;98;1510284443;98;255;1510284453;0
32;16;10;5;1;98;1510285237;98;255;1510285247;0
32;16;10;5;1;98;1510285342;98;255;1510285352;0
32;16;10;5;1;98;1510285358;98;255;1510285368;0
32;16;10;5;1;98;1510285376;98;255;1510285386;0
32;16;10;5;1;98;1510286168;98;255;1510286178;0
32;16;10;5;1;98;1510286279;98;255;1510286289;0
32;16;10;5;1;98;1510286294;98;255;1510286304;0
32;16;10;5;1;98;1510286307;98;255;1510286317;0
32;16;10;5;1;98;1510287099;98;255;1510287109;0
32;16;10;5;1;98;1510287217;98;255;1510287227;0
32;16;10;5;1;98;1510287230;98;255;1510287240;0
32;16;10;5;1;98;1510287238;98;255;1510287249;0
32;16;10;5;1;98;1510288030;98;255;1510288040;0
32;16;10;5;1;98;1510288154;98;255;1510288164;0
32;16;10;5;1;98;1510288167;98;255;1510288177;0
32;16;10;5;1;98;1510288171;98;255;1510288181;0
32;16;10;5;1;98;1510288962;98;255;1510288972;0
32;16;10;5;1;98;1510289092;98;255;1510289102;0
32;16;10;5;1;98;1510289102;98;255;1510289112;0
32;16;10;5;1;98;1510289102;98;255;1510289112;0
32;16;10;5;1;98;1510289895;98;255;1510289905;0
32;16;10;5;1;98;1510290030;98;255;1510290040;0
32;16;10;5;1;98;1510290033;98;255;1510290043;0
32;16;10;5;1;98;1510290036;98;255;1510290046;0
32;16;10;5;1;98;1510290827;98;255;1510290837;0
32;16;10;5;1;98;1510290966;98;255;1510290976;0
32;16;10;5;1;98;1510290967;98;255;1510290978;0
32;16;10;5;1;98;1510290971;98;255;1510290981;0
32;16;10;5;1;98;1510291759;98;255;1510291769;0
32;16;10;5;1;98;1510291897;98;255;1510291907;1
32;16;10;5;1;98;1510291906;98;255;1510291916;0
32;16;10;5;1;98;1510291906;98;255;1510291916;0
32;16;10;5;1;98;1510292692;98;255;1510292702;0
32;16;10;5;1;98;1510292829;98;255;1510292839;0
32;16;10;5;1;98;1510292840;98;255;1510292850;0
32;16;10;5;1;98;1510292843;98;255;1510292853;0
32;16;10;5;1;98;1510293624;98;255;1510293634;0
32;16;10;5;1;98;1510293761;98;255;1510293771;0
32;16;10;5;1;98;1510293775;98;255;1510293785;0
32;16;10;5;1;98;1510293783;98;255;1510293793;0
32;16;10;5;1;98;1510294557;98;255;1510294567;0
32;16;10;5;1;98;1510294692;98;255;1510294702;0
32;16;10;5;1;98;1510294709;98;255;1510294720;0
32;16;10;5;1;98;1510294721;98;255;1510294731;0
32;16;10;5;1;98;1510295489;98;255;1510295500;0
32;16;10;5;1;98;1510295624;98;255;1510295634;0
32;16;10;5;1;98;1510295644;98;255;1510295654;0
32;16;10;5;1;98;1510295659;98;255;1510295669;0
32;16;10;5;1;98;1510296423;98;255;1510296433;0
32;16;10;5;1;98;1510296557;98;255;1510296567;0
32;16;10;5;1;98;1510296578;98;255;1510296588;0
32;16;10;5;1;98;1510296597;98;255;1510296607;0
32;16;10;5;1;98;1510297356;98;255;1510297366;0
32;16;10;5;1;98;1510297488;98;255;1510297498;0
32;16;10;5;1;98;1510297513;98;255;1510297523;0
32;16;10;5;1;98;1510297534;98;255;1510297545;0
32;16;10;5;1;98;1510298288;98;255;1510298298;0
32;16;10;5;1;98;1510298420;98;255;1510298430;0
32;16;10;5;1;98;1510298449;98;255;1510298459;0
32;16;10;5;1;98;1510298472;98;255;1510298482;0
32;16;10;5;1;98;1510299220;98;255;1510299230;0
32;16;10;5;1;98;1510299352;98;255;1510299362;0
32;16;10;5;1;98;1510299384;98;255;1510299394;0
32;16;10;5;1;98;1510299411;98;255;1510299421;0
32;16;10;5;1;98;1510300153;98;255;1510300163;0
32;16;10;5;1;98;1510300283;98;255;1510300294;0
32;16;10;5;1;98;1510300319;98;255;1510300329;0
32;16;10;5;1;98;1510300349;98;255;1510300359;0
32;16;10;5;1;98;1510301086;98;255;1510301096;0
32;16;10;5;1;98;1510301216;98;255;1510301226;0
32;16;10;5;1;98;1510301256;98;255;1510301267;0
32;16;10;5;1;98;1510301285;98;255;1510301295;0
32;16;10;5;1;98;1510302019;98;255;1510302029;0
32;16;10;5;1;98;1510302147;98;255;1510302157;0
32;16;10;5;1;98;1510302195;98;255;1510302205;0
32;16;10;5;1;98;1510302220;98;255;1510302230;0
32;16;10;5;1;98;1510302961;98;255;1510302972;0
32;16;10;5;1;98;1510303101;98;255;1510303112;0
32;16;10;5;1;98;1510303157;98;255;1510303169;0
32;16;10;5;1;98;1510303202;98;255;1510303212;0
32;16;10;5;1;98;1510303949;98;255;1510303960;0
32;16;10;5;1;98;1510304096;98;255;1510304106;0
32;16;10;5;1;98;1510304141;98;255;1510304151;0
32;16;10;5;1;98;1510304178;98;255;1510304189;0
32;16;10;5;1;98;1510304929;98;255;1510304941;0
32;16;10;5;1;98;1510305053;98;255;1510305064;0
32;16;10;5;1;98;1510305110;98;255;1510305120;0
32;16;10;5;1;98;1510305148;98;255;1510305159;0
32;16;10;5;1;98;1510305876;98;255;1510305886;0
32;16;10;5;1;98;1510306005;98;255;1510306016;0
32;16;10;5;1;98;1510306061;98;255;1510306072;0
32;16;10;5;1;98;1510306137;98;255;1510306148;0
32;16;10;5;1;98;1510306902;98;255;1510306913;0
32;16;10;5;1;98;1510307042;98;255;1510307053;0
32;16;10;5;1;98;1510307078;98;255;1510307090;0
32;16;10;5;1;98;1510307176;98;255;1510307186;0
