32;16;10;5;64;10;1510758399;10;255;1510758423;0
32;16;10;5;64;10;1510758435;10;255;1510758651;1
32;16;10;5;64;10;1510758498;10;255;1510758712;1
32;16;10;5;64;10;1510758501;10;255;1510758717;1
32;16;10;5;64;10;1510759463;10;255;1510759681;1
32;16;10;5;64;10;1510759896;10;255;1510759957;0
32;16;10;5;64;10;1510759775;10;255;1510759984;1
32;16;10;5;64;10;1510759817;10;255;1510760028;1
32;16;10;5;64;10;1510760742;10;255;1510760812;0
32;16;10;5;64;10;1510761030;10;255;1510761112;0
32;16;10;5;64;10;1510760942;10;255;1510761154;1
32;16;10;5;64;10;1510760989;10;255;1510761169;0
32;16;10;5;64;10;1510761871;10;255;1510762077;1
32;16;10;5;64;10;1510762103;10;255;1510762309;1
32;16;10;5;64;10;1510762375;10;255;1510762416;0
32;16;10;5;64;10;1510762326;10;255;1510762494;0
32;16;10;5;64;10;1510763001;10;255;1510763052;0
32;16;10;5;64;10;1510763212;10;255;1510763231;0
32;16;10;5;64;10;1510763476;10;255;1510763537;0
32;16;10;5;64;10;1510763558;10;255;1510763628;0
32;16;10;5;64;10;1510763988;10;255;1510764032;0
32;16;10;5;64;10;1510764130;10;255;1510764149;0
32;16;10;5;64;10;1510764556;10;255;1510764761;1
32;16;10;5;64;10;1510764705;10;255;1510764911;1
32;16;10;5;64;10;1510765182;10;255;1510765226;0
32;16;10;5;64;10;1510765035;10;255;1510765240;1
32;16;10;5;64;10;1510765847;10;255;1510766011;0
32;16;10;5;64;10;1510765806;10;255;1510766013;1
32;16;10;5;64;10;1510766242;10;255;1510766259;0
32;16;10;5;64;10;1510766305;10;255;1510766435;0
32;16;10;5;64;10;1510767176;10;255;1510767381;1
32;16;10;5;64;10;1510767259;10;255;1510767399;0
32;16;10;5;64;10;1510767338;10;255;1510767544;1
32;16;10;5;64;10;1510767412;10;255;1510767617;1
32;16;10;5;64;10;1510768339;10;255;1510768380;0
32;16;10;5;64;10;1510768408;10;255;1510768613;1
32;16;10;5;64;10;1510768703;10;255;1510768738;0
32;16;10;5;64;10;1510768700;10;255;1510768805;0
32;16;10;5;64;10;1510769309;10;255;1510769514;1
32;16;10;5;64;10;1510769547;10;255;1510769601;0
32;16;10;5;64;10;1510769891;10;255;1510769929;0
32;16;10;5;64;10;1510769876;10;255;1510770013;0
32;16;10;5;64;10;1510770594;10;255;1510770774;0
32;16;10;5;64;10;1510770712;10;255;1510770917;1
32;16;10;5;64;10;1510770961;10;255;1510770989;0
32;16;10;5;64;10;1510771018;10;255;1510771046;0
32;16;10;5;64;10;1510771804;10;255;1510771833;0
32;16;10;5;64;10;1510772043;10;255;1510772068;0
32;16;10;5;64;10;1510771924;10;255;1510772129;1
32;16;10;5;64;10;1510772066;10;255;1510772279;1
32;16;10;5;64;10;1510772862;10;255;1510772998;0
32;16;10;5;64;10;1510773194;10;255;1510773232;0
32;16;10;5;64;10;1510773132;10;255;1510773337;1
32;16;10;5;64;10;1510773469;10;255;1510773627;0
32;16;10;5;64;10;1510774081;10;255;1510774277;0
32;16;10;5;64;10;1510774427;10;255;1510774513;0
32;16;10;5;64;10;1510774413;10;255;1510774618;1
32;16;10;5;64;10;1510774620;10;255;1510774718;0
32;16;10;5;64;10;1510775337;10;255;1510775420;0
32;16;10;5;64;10;1510775668;10;255;1510775704;0
32;16;10;5;64;10;1510775686;10;255;1510775762;0
32;16;10;5;64;10;1510775750;10;255;1510775782;0
32;16;10;5;64;10;1510776629;10;255;1510776648;0
32;16;10;5;64;10;1510776508;10;255;1510776714;1
32;16;10;5;64;10;1510776751;10;255;1510776957;1
32;16;10;5;64;10;1510776852;10;255;1510777057;1
32;16;10;5;64;10;1510777523;10;255;1510777730;1
32;16;10;5;64;10;1510777756;10;255;1510777961;1
32;16;10;5;64;10;1510777954;10;255;1510778160;1
32;16;10;5;64;10;1510778026;10;255;1510778232;1
32;16;10;5;64;10;1510778787;10;255;1510778800;0
32;16;10;5;64;10;1510778943;10;255;1510779149;1
32;16;10;5;64;10;1510779213;10;255;1510779219;0
32;16;10;5;64;10;1510779257;10;255;1510779403;0
32;16;10;5;64;10;1510779886;10;255;1510780092;1
32;16;10;5;64;10;1510780181;10;255;1510780387;1
32;16;10;5;64;10;1510780318;10;255;1510780439;0
32;16;10;5;64;10;1510780303;10;255;1510780486;0
32;16;10;5;64;10;1510781069;10;255;1510781079;0
32;16;10;5;64;10;1510781484;10;255;1510781545;0
32;16;10;5;64;10;1510781561;10;255;1510781621;0
32;16;10;5;64;10;1510781499;10;255;1510781705;1
32;16;10;5;64;10;1510782088;10;255;1510782294;1
32;16;10;5;64;10;1510782506;10;255;1510782696;0
32;16;10;5;64;10;1510782669;10;255;1510782710;0
32;16;10;5;64;10;1510782806;10;255;1510782829;0
32;16;10;5;64;10;1510783495;10;255;1510783700;1
32;16;10;5;64;10;1510783799;10;255;1510783831;0
32;16;10;5;64;10;1510783738;10;255;1510783942;1
32;16;10;5;64;10;1510783886;10;255;1510784091;1
32;16;10;5;64;10;1510784743;10;255;1510784816;0
32;16;10;5;64;10;1510784793;10;255;1510784834;0
32;16;10;5;64;10;1510784993;10;255;1510785038;0
32;16;10;5;64;10;1510785244;10;255;1510785330;0
32;16;10;5;64;10;1510785858;10;255;1510785899;0
32;16;10;5;64;10;1510785841;10;255;1510785939;0
32;16;10;5;64;10;1510786136;10;255;1510786341;1
32;16;10;5;64;10;1510786513;10;255;1510786536;0
32;16;10;5;64;10;1510786946;10;255;1510787035;0
32;16;10;5;64;10;1510786961;10;255;1510787094;0
32;16;10;5;64;10;1510787361;10;255;1510787390;0
32;16;10;5;64;10;1510787583;10;255;1510787700;0
32;16;10;5;64;10;1510788123;10;255;1510788177;0
32;16;10;5;64;10;1510788049;10;255;1510788255;1
32;16;10;5;64;10;1510788482;10;255;1510788520;0
32;16;10;5;64;10;1510788717;10;255;1510788774;0
32;16;10;5;64;10;1510789264;10;255;1510789306;0
32;16;10;5;64;10;1510789316;10;255;1510789414;0
32;16;10;5;64;10;1510789583;10;255;1510789737;0
32;16;10;5;64;10;1510790026;10;255;1510790064;0
32;16;10;5;64;10;1510790329;10;255;1510790339;0
32;16;10;5;64;10;1510790508;10;255;1510790515;0
32;16;10;5;64;10;1510790679;10;255;1510790711;0
32;16;10;5;64;10;1510791134;10;255;1510791339;1
32;16;10;5;64;10;1510791292;10;255;1510791409;0
32;16;10;5;64;10;1510791559;10;255;1510791584;0
32;16;10;5;64;10;1510791745;10;255;1510791951;1
32;16;10;5;64;10;1510792404;10;255;1510792417;0
32;16;10;5;64;10;1510792393;10;255;1510792463;0
32;16;10;5;64;10;1510792510;10;255;1510792571;0
32;16;10;5;64;10;1510792977;10;255;1510793183;1
32;16;10;5;64;10;1510793448;10;255;1510793549;0
32;16;10;5;64;10;1510793574;10;255;1510793618;0
32;16;10;5;64;10;1510793868;10;255;1510793875;0
32;16;10;5;64;10;1510794316;10;255;1510794424;0
32;16;10;5;64;10;1510794579;10;255;1510794643;0
32;16;10;5;64;10;1510794585;10;255;1510794643;0
32;16;10;5;64;10;1510794951;10;255;1510795077;0
32;16;10;5;64;10;1510795416;10;255;1510795559;0
32;16;10;5;64;10;1510795732;10;255;1510795770;0
32;16;10;5;64;10;1510795692;10;255;1510795790;0
32;16;10;5;64;10;1510796079;10;255;1510796130;0
32;16;10;5;64;10;1510796799;10;255;1510796841;0
32;16;10;5;64;10;1510796819;10;255;1510796867;0
32;16;10;5;64;10;1510796876;10;255;1510796892;0
32;16;10;5;64;10;1510797198;10;255;1510797404;1
32;16;10;5;64;10;1510797807;10;255;1510798013;1
32;16;10;5;64;10;1510797894;10;255;1510798099;1
32;16;10;5;64;10;1510797899;10;255;1510798104;1
32;16;10;5;64;10;1510798418;10;255;1510798624;1
32;16;10;5;64;10;1510799037;10;255;1510799056;0
32;16;10;5;64;10;1510798965;10;255;1510799170;1
32;16;10;5;64;10;1510799122;10;255;1510799328;1
32;16;10;5;64;10;1510799564;10;255;1510799581;0
32;16;10;5;64;10;1510800102;10;255;1510800242;0
32;16;10;5;64;10;1510800351;10;255;1510800556;1
32;16;10;5;64;10;1510800424;10;255;1510800610;0
32;16;10;5;64;10;1510800653;10;255;1510800735;0
32;16;10;5;64;10;1510801237;10;255;1510801275;0
32;16;10;5;64;10;1510801595;10;255;1510801800;1
32;16;10;5;64;10;1510801636;10;255;1510801841;1
32;16;10;5;64;10;1510801744;10;255;1510801888;0
32;16;10;5;64;10;1510802266;10;255;1510802304;0
32;16;10;5;64;10;1510802940;10;255;1510803010;0
32;16;10;5;64;10;1510802902;10;255;1510803108;1
32;16;10;5;64;10;1510802986;10;255;1510803191;1
32;16;10;5;64;10;1510803303;10;255;1510803328;0
32;16;10;5;64;10;1510804252;10;255;1510804262;0
32;16;10;5;64;10;1510804070;10;255;1510804275;1
32;16;10;5;64;10;1510804153;10;255;1510804335;0
32;16;10;5;64;10;1510804403;10;255;1510804608;1
32;16;10;5;64;10;1510805340;10;255;1510805366;0
32;16;10;5;64;10;1510805360;10;255;1510805424;0
32;16;10;5;64;10;1510805590;10;255;1510805609;0
32;16;10;5;64;10;1510805542;10;255;1510805669;0
32;16;10;5;64;10;1510806513;10;255;1510806539;0
32;16;10;5;64;10;1510806503;10;255;1510806560;0
32;16;10;5;64;10;1510806616;10;255;1510806651;0
32;16;10;5;64;10;1510806803;10;255;1510807008;1
32;16;10;5;64;10;1510807528;10;255;1510807626;0
32;16;10;5;64;10;1510807652;10;255;1510807857;1
32;16;10;5;64;10;1510807693;10;255;1510807899;1
32;16;10;5;64;10;1510808094;10;255;1510808300;1
32;16;10;5;64;10;1510808700;10;255;1510808751;0
32;16;10;5;64;10;1510808956;10;255;1510809029;0
32;16;10;5;64;10;1510808931;10;255;1510809136;1
32;16;10;5;64;10;1510809264;10;255;1510809280;0
32;16;10;5;64;10;1510809682;10;255;1510809739;0
32;16;10;5;64;10;1510810059;10;255;1510810264;1
32;16;10;5;64;10;1510810371;10;255;1510810378;0
32;16;10;5;64;10;1510810342;10;255;1510810547;1
32;16;10;5;64;10;1510810879;10;255;1510811084;1
32;16;10;5;64;10;1510811541;10;255;1510811573;0
32;16;10;5;64;10;1510811375;10;255;1510811580;1
32;16;10;5;64;10;1510811626;10;255;1510811664;0
32;16;10;5;64;10;1510812120;10;255;1510812246;0
32;16;10;5;64;10;1510812609;10;255;1510812814;1
32;16;10;5;64;10;1510812692;10;255;1510812891;0
32;16;10;5;64;10;1510812716;10;255;1510812921;1
32;16;10;5;64;10;1510813304;10;255;1510813509;1
32;16;10;5;64;10;1510813851;10;255;1510813864;0
32;16;10;5;64;10;1510813853;10;255;1510813913;0
32;16;10;5;64;10;1510813956;10;255;1510814161;1
32;16;10;5;64;10;1510814601;10;255;1510814806;1
32;16;10;5;64;10;1510814978;10;255;1510815185;1
32;16;10;5;64;10;1510814985;10;255;1510815191;1
32;16;10;5;64;10;1510815134;10;255;1510815340;1
32;16;10;5;64;10;1510815939;10;255;1510816145;1
32;16;10;5;64;10;1510816233;10;255;1510816439;1
32;16;10;5;64;10;1510816379;10;255;1510816452;0
32;16;10;5;64;10;1510816460;10;255;1510816634;0
32;16;10;5;64;10;1510817203;10;255;1510817250;0
32;16;10;5;64;10;1510817459;10;255;1510817504;0
32;16;10;5;64;10;1510817664;10;255;1510817683;0
32;16;10;5;64;10;1510817610;10;255;1510817816;1
32;16;10;5;64;10;1510818300;10;255;1510818443;0
32;16;10;5;64;10;1510818530;10;255;1510818736;1
32;16;10;5;64;10;1510818772;10;255;1510818890;0
32;16;10;5;64;10;1510818818;10;255;1510818969;0
32;16;10;5;64;10;1510819536;10;255;1510819742;1
32;16;10;5;64;10;1510819774;10;255;1510819980;1
32;16;10;5;64;10;1510819954;10;255;1510819996;0
32;16;10;5;64;10;1510819936;10;255;1510820034;0
32;16;10;5;64;10;1510820890;10;255;1510821096;1
32;16;10;5;64;10;1510821078;10;255;1510821160;0
32;16;10;5;64;10;1510821087;10;255;1510821292;1
32;16;10;5;64;10;1510821174;10;255;1510821372;0
32;16;10;5;64;10;1510822223;10;255;1510822271;0
32;16;10;5;64;10;1510822226;10;255;1510822286;0
32;16;10;5;64;10;1510822164;10;255;1510822354;0
32;16;10;5;64;10;1510822280;10;255;1510822486;1
32;16;10;5;64;10;1510823332;10;255;1510823379;0
32;16;10;5;64;10;1510823277;10;255;1510823482;1
32;16;10;5;64;10;1510823367;10;255;1510823573;1
32;16;10;5;64;10;1510823542;10;255;1510823747;1
32;16;10;5;64;10;1510824473;10;255;1510824571;0
32;16;10;5;64;10;1510824578;10;255;1510824591;0
32;16;10;5;64;10;1510824674;10;255;1510824861;0
32;16;10;5;64;10;1510824801;10;255;1510824930;0
32;16;10;5;64;10;1510825654;10;255;1510825724;0
32;16;10;5;64;10;1510825901;10;255;1510825908;0
32;16;10;5;64;10;1510825881;10;255;1510825966;0
32;16;10;5;64;10;1510825771;10;255;1510825977;1
32;16;10;5;64;10;1510826853;10;255;1510826920;0
32;16;10;5;64;10;1510826934;10;255;1510826983;0
32;16;10;5;64;10;1510826988;10;255;1510827082;0
32;16;10;5;64;10;1510827095;10;255;1510827310;1
32;16;10;5;64;10;1510828005;10;255;1510828226;1
32;16;10;5;64;10;1510828204;10;255;1510828249;0
32;16;10;5;64;10;1510828046;10;255;1510828280;1
32;16;10;5;64;10;1510828460;10;255;1510828496;0
32;16;10;5;64;10;1510829258;10;255;1510829411;0
32;16;10;5;64;10;1510829349;10;255;1510829475;0
32;16;10;5;64;10;1510829306;10;255;1510829529;1
32;16;10;5;64;10;1510829616;10;255;1510829655;0
32;16;10;5;64;10;1510830532;10;255;1510830571;0
32;16;10;5;64;10;1510830539;10;255;1510830604;0
32;16;10;5;64;10;1510830641;10;255;1510830700;0
32;16;10;5;64;10;1510830806;10;255;1510830845;0
32;16;10;5;64;10;1510831521;10;255;1510831730;0
32;16;10;5;64;10;1510831759;10;255;1510831829;0
32;16;10;5;64;10;1510831860;10;255;1510831974;0
32;16;10;5;64;10;1510831818;10;255;1510832027;1
32;16;10;5;64;10;1510832832;10;255;1510832944;0
32;16;10;5;64;10;1510832970;10;255;1510833106;0
32;16;10;5;64;10;1510833151;10;255;1510833210;0
32;16;10;5;64;10;1510833191;10;255;1510833233;0
32;16;10;5;64;10;1510834084;10;255;1510834149;0
32;16;10;5;64;10;1510834176;10;255;1510834193;0
32;16;10;5;64;10;1510834277;10;255;1510834493;1
32;16;10;5;64;10;1510834493;10;255;1510834709;1
32;16;10;5;64;10;1510835188;10;255;1510835287;0
32;16;10;5;64;10;1510835256;10;255;1510835471;1
32;16;10;5;64;10;1510835507;10;255;1510835568;0
32;16;10;5;64;10;1510835719;10;255;1510835777;0
32;16;10;5;64;10;1510836356;10;255;1510836561;1
32;16;10;5;64;10;1510836530;10;255;1510836723;0
32;16;10;5;64;10;1510836567;10;255;1510836770;0
32;16;10;5;64;10;1510836819;10;255;1510836926;0
32;16;10;5;64;10;1510837665;10;255;1510837871;1
32;16;10;5;64;10;1510837959;10;255;1510838117;0
32;16;10;5;64;10;1510837980;10;255;1510838174;0
32;16;10;5;64;10;1510837960;10;255;1510838175;1
32;16;10;5;64;10;1510838977;10;255;1510839061;0
32;16;10;5;64;10;1510839073;10;255;1510839086;0
32;16;10;5;64;10;1510839239;10;255;1510839294;0
32;16;10;5;64;10;1510839193;10;255;1510839400;1
32;16;10;5;64;10;1510840119;10;255;1510840155;0
32;16;10;5;64;10;1510840178;10;255;1510840384;1
32;16;10;5;64;10;1510840332;10;255;1510840452;0
32;16;10;5;64;10;1510840561;10;255;1510840610;0
32;16;10;5;64;10;1510841245;10;255;1510841299;0
32;16;10;5;64;10;1510841463;10;255;1510841548;0
32;16;10;5;64;10;1510841489;10;255;1510841694;1
32;16;10;5;64;10;1510841666;10;255;1510841871;1
32;16;10;5;64;10;1510842428;10;255;1510842548;0
32;16;10;5;64;10;1510842472;10;255;1510842564;0
32;16;10;5;64;10;1510842682;10;255;1510842831;0
32;16;10;5;64;10;1510842939;10;255;1510842978;0
32;16;10;5;64;10;1510843558;10;255;1510843709;0
32;16;10;5;64;10;1510843635;10;255;1510843718;0
32;16;10;5;64;10;1510843933;10;255;1510843981;0
32;16;10;5;64;10;1510843947;10;255;1510844152;1
32;16;10;5;64;10;1510844717;10;255;1510844743;0
32;16;10;5;64;10;1510844838;10;255;1510844952;0
32;16;10;5;64;10;1510845085;10;255;1510845164;0
32;16;10;5;64;10;1510845168;10;255;1510845248;0
32;16;10;5;64;10;1510845740;10;255;1510845819;0
32;16;10;5;64;10;1510846097;10;255;1510846239;0
32;16;10;5;64;10;1510846122;10;255;1510846280;0
32;16;10;5;64;10;1510846206;10;255;1510846411;1
32;16;10;5;64;10;1510846768;10;255;1510846860;0
32;16;10;5;64;10;1510847460;10;255;1510847498;0
32;16;10;5;64;10;1510847572;10;255;1510847595;0
32;16;10;5;64;10;1510847416;10;255;1510847644;1
32;16;10;5;64;10;1510847909;10;255;1510847977;0
32;16;10;5;64;10;1510848788;10;255;1510848856;0
32;16;10;5;64;10;1510848711;10;255;1510848925;1
32;16;10;5;64;10;1510848773;10;255;1510848989;1
32;16;10;5;64;10;1510849049;10;255;1510849161;0
32;16;10;5;64;10;1510849998;10;255;1510850097;0
32;16;10;5;64;10;1510849994;10;255;1510850211;1
32;16;10;5;64;10;1510850138;10;255;1510850211;0
32;16;10;5;64;10;1510850291;10;255;1510850432;0
32;16;10;5;64;10;1510851203;10;255;1510851241;0
32;16;10;5;64;10;1510851427;10;255;1510851456;0
32;16;10;5;64;10;1510851441;10;255;1510851524;0
32;16;10;5;64;10;1510851387;10;255;1510851599;1
32;16;10;5;64;10;1510852311;10;255;1510852444;0
32;16;10;5;64;10;1510852600;10;255;1510852635;0
32;16;10;5;64;10;1510852567;10;255;1510852771;1
32;16;10;5;64;10;1510852592;10;255;1510852796;1
32;16;10;5;64;10;1510853547;10;255;1510853576;0
32;16;10;5;64;10;1510853685;10;255;1510853738;0
32;16;10;5;64;10;1510853591;10;255;1510853795;1
32;16;10;5;64;10;1510853846;10;255;1510853853;0
32;16;10;5;64;10;1510854721;10;255;1510854810;0
32;16;10;5;64;10;1510854825;10;255;1510854878;0
32;16;10;5;64;10;1510854861;10;255;1510854893;0
32;16;10;5;64;10;1510854772;10;255;1510854977;1
32;16;10;5;64;10;1510855765;10;255;1510855790;0
32;16;10;5;64;10;1510855824;10;255;1510855878;0
32;16;10;5;64;10;1510855957;10;255;1510856045;0
32;16;10;5;64;10;1510855944;10;255;1510856148;1
32;16;10;5;64;10;1510856896;10;255;1510856984;0
32;16;10;5;64;10;1510856944;10;255;1510857147;1
32;16;10;5;64;10;1510857106;10;255;1510857310;1
32;16;10;5;64;10;1510857227;10;255;1510857424;0
32;16;10;5;64;10;1510858034;10;255;1510858144;0
32;16;10;5;64;10;1510858122;10;255;1510858226;0
32;16;10;5;64;10;1510858240;10;255;1510858335;0
32;16;10;5;64;10;1510858481;10;255;1510858491;0
32;16;10;5;64;10;1510859252;10;255;1510859309;0
32;16;10;5;64;10;1510859121;10;255;1510859325;1
32;16;10;5;64;10;1510859174;10;255;1510859377;1
32;16;10;5;64;10;1510859579;10;255;1510859752;0
32;16;10;5;64;10;1510860290;10;255;1510860319;0
32;16;10;5;64;10;1510860274;10;255;1510860378;0
32;16;10;5;64;10;1510860421;10;255;1510860447;0
32;16;10;5;64;10;1510860793;10;255;1510860997;1
32;16;10;5;64;10;1510861302;10;255;1510861334;0
32;16;10;5;64;10;1510861487;10;255;1510861607;0
32;16;10;5;64;10;1510861577;10;255;1510861643;0
32;16;10;5;64;10;1510862093;10;255;1510862296;1
32;16;10;5;64;10;1510862387;10;255;1510862592;1
32;16;10;5;64;10;1510862647;10;255;1510862691;0
32;16;10;5;64;10;1510862669;10;255;1510862873;1
32;16;10;5;64;10;1510863321;10;255;1510863355;0
32;16;10;5;64;10;1510863623;10;255;1510863686;0
32;16;10;5;64;10;1510863657;10;255;1510863736;0
32;16;10;5;64;10;1510863844;10;255;1510863972;0
32;16;10;5;64;10;1510864325;10;255;1510864528;1
32;16;10;5;64;10;1510864714;10;255;1510864849;0
32;16;10;5;64;10;1510864839;10;255;1510864878;0
32;16;10;5;64;10;1510865081;10;255;1510865166;0
32;16;10;5;64;10;1510865777;10;255;1510865784;0
32;16;10;5;64;10;1510865635;10;255;1510865838;1
32;16;10;5;64;10;1510865927;10;255;1510866116;0
32;16;10;5;64;10;1510866052;10;255;1510866199;0
32;16;10;5;64;10;1510866836;10;255;1510866939;0
32;16;10;5;64;10;1510866777;10;255;1510866981;1
32;16;10;5;64;10;1510867258;10;255;1510867283;0
32;16;10;5;64;10;1510867192;10;255;1510867396;1
32;16;10;5;64;10;1510868056;10;255;1510868078;0
32;16;10;5;64;10;1510867887;10;255;1510868092;1
32;16;10;5;64;10;1510868581;10;255;1510868613;0
32;16;10;5;64;10;1510868472;10;255;1510868632;0
32;16;10;5;64;10;1510869134;10;255;1510869175;0
32;16;10;5;64;10;1510869185;10;255;1510869217;0
32;16;10;5;64;10;1510869619;10;255;1510869673;0
32;16;10;5;64;10;1510869615;10;255;1510869816;0
32;16;10;5;64;10;1510870362;10;255;1510870428;0
32;16;10;5;64;10;1510870260;10;255;1510870442;0
32;16;10;5;64;10;1510870713;10;255;1510870767;0
32;16;10;5;64;10;1510870815;10;255;1510871019;1
32;16;10;5;64;10;1510871449;10;255;1510871528;0
32;16;10;5;64;10;1510871463;10;255;1510871666;1
32;16;10;5;64;10;1510871852;10;255;1510872057;1
32;16;10;5;64;10;1510872092;10;255;1510872201;0
32;16;10;5;64;10;1510872605;10;255;1510872640;0
32;16;10;5;64;10;1510872706;10;255;1510872910;1
32;16;10;5;64;10;1510873108;10;255;1510873193;0
32;16;10;5;64;10;1510873216;10;255;1510873420;1
32;16;10;5;64;10;1510873605;10;255;1510873675;0
32;16;10;5;64;10;1510874003;10;255;1510874119;0
32;16;10;5;64;10;1510874234;10;255;1510874313;0
32;16;10;5;64;10;1510874464;10;255;1510874505;0
32;16;10;5;64;10;1510874832;10;255;1510874990;0
32;16;10;5;64;10;1510875157;10;255;1510875361;1
32;16;10;5;64;10;1510875398;10;255;1510875439;0
32;16;10;5;64;10;1510875557;10;255;1510875762;1
32;16;10;5;64;10;1510876062;10;255;1510876091;0
32;16;10;5;64;10;1510876481;10;255;1510876603;0
32;16;10;5;64;10;1510876428;10;255;1510876632;1
32;16;10;5;64;10;1510876793;10;255;1510876999;1
32;16;10;5;64;10;1510877134;10;255;1510877247;0
32;16;10;5;64;10;1510877668;10;255;1510877693;0
32;16;10;5;64;10;1510877696;10;255;1510877766;0
32;16;10;5;64;10;1510877983;10;255;1510878008;0
32;16;10;5;64;10;1510878375;10;255;1510878580;1
32;16;10;5;64;10;1510878776;10;255;1510878871;0
32;16;10;5;64;10;1510878915;10;255;1510879119;1
32;16;10;5;64;10;1510879068;10;255;1510879272;1
32;16;10;5;64;10;1510879615;10;255;1510879634;0
32;16;10;5;64;10;1510879891;10;255;1510879904;0
32;16;10;5;64;10;1510880213;10;255;1510880416;1
32;16;10;5;64;10;1510880364;10;255;1510880462;0
32;16;10;5;64;10;1510880704;10;255;1510880733;0
32;16;10;5;64;10;1510881067;10;255;1510881139;0
32;16;10;5;64;10;1510881409;10;255;1510881416;0
32;16;10;5;64;10;1510881500;10;255;1510881532;0
32;16;10;5;64;10;1510881780;10;255;1510881922;0
32;16;10;5;64;10;1510882088;10;255;1510882219;0
32;16;10;5;64;10;1510882474;10;255;1510882634;0
32;16;10;5;64;10;1510882595;10;255;1510882798;1
32;16;10;5;64;10;1510883269;10;255;1510883288;0
32;16;10;5;64;10;1510883095;10;255;1510883300;1
32;16;10;5;64;10;1510883572;10;255;1510883776;1
32;16;10;5;64;10;1510883827;10;255;1510883865;0
32;16;10;5;64;10;1510884417;10;255;1510884440;0
32;16;10;5;64;10;1510884420;10;255;1510884624;1
32;16;10;5;64;10;1510884924;10;255;1510884940;0
32;16;10;5;64;10;1510884975;10;255;1510885179;1
32;16;10;5;64;10;1510885451;10;255;1510885486;0
32;16;10;5;64;10;1510885687;10;255;1510885753;0
32;16;10;5;64;10;1510886141;10;255;1510886270;0
32;16;10;5;64;10;1510886353;10;255;1510886419;0
32;16;10;5;64;10;1510886284;10;255;1510886488;1
32;16;10;5;64;10;1510886831;10;255;1510886844;0
32;16;10;5;64;10;1510887293;10;255;1510887419;0
32;16;10;5;64;10;1510887504;10;255;1510887533;0
32;16;10;5;64;10;1510887509;10;255;1510887713;1
32;16;10;5;64;10;1510887861;10;255;1510888066;1
32;16;10;5;64;10;1510888342;10;255;1510888389;0
32;16;10;5;64;10;1510888508;10;255;1510888593;0
32;16;10;5;64;10;1510888756;10;255;1510888882;0
32;16;10;5;64;10;1510889051;10;255;1510889256;1
32;16;10;5;64;10;1510889616;10;255;1510889654;0
32;16;10;5;64;10;1510889532;10;255;1510889736;1
32;16;10;5;64;10;1510889974;10;255;1510890075;0
32;16;10;5;64;10;1510890308;10;255;1510890400;0
32;16;10;5;64;10;1510890708;10;255;1510890912;1
32;16;10;5;64;10;1510890826;10;255;1510890958;0
32;16;10;5;64;10;1510890963;10;255;1510890969;0
32;16;10;5;64;10;1510891452;10;255;1510891657;1
32;16;10;5;64;10;1510891916;10;255;1510892010;0
32;16;10;5;64;10;1510892048;10;255;1510892105;0
32;16;10;5;64;10;1510892042;10;255;1510892154;0
32;16;10;5;64;10;1510892697;10;255;1510892801;0
32;16;10;5;64;10;1510893064;10;255;1510893171;0
32;16;10;5;64;10;1510893027;10;255;1510893231;1
32;16;10;5;64;10;1510893133;10;255;1510893337;1
32;16;10;5;64;10;1510893918;10;255;1510894127;1
32;16;10;5;64;10;1510894128;10;255;1510894153;0
32;16;10;5;64;10;1510894511;10;255;1510894647;0
32;16;10;5;64;10;1510894448;10;255;1510894652;1
32;16;10;5;64;10;1510895178;10;255;1510895213;0
32;16;10;5;64;10;1510895135;10;255;1510895233;0
32;16;10;5;64;10;1510895644;10;255;1510895695;0
32;16;10;5;64;10;1510895638;10;255;1510895842;1
32;16;10;5;64;10;1510896288;10;255;1510896294;0
32;16;10;5;64;10;1510896273;10;255;1510896383;0
32;16;10;5;64;10;1510896632;10;255;1510896739;0
32;16;10;5;64;10;1510896832;10;255;1510896942;0
32;16;10;5;64;10;1510897174;10;255;1510897193;0
32;16;10;5;64;10;1510897247;10;255;1510897263;0
32;16;10;5;64;10;1510897805;10;255;1510898009;1
32;16;10;5;64;10;1510897974;10;255;1510898177;1
32;16;10;5;64;10;1510898187;10;255;1510898203;0
32;16;10;5;64;10;1510898154;10;255;1510898357;1
32;16;10;5;64;10;1510899034;10;255;1510899069;0
32;16;10;5;64;10;1510899348;10;255;1510899427;0
32;16;10;5;64;10;1510899296;10;255;1510899500;1
32;16;10;5;64;10;1510899344;10;255;1510899509;0
32;16;10;5;64;10;1510900144;10;255;1510900292;0
32;16;10;5;64;10;1510900554;10;255;1510900595;0
32;16;10;5;64;10;1510900485;10;255;1510900666;0
32;16;10;5;64;10;1510900559;10;255;1510900763;1
32;16;10;5;64;10;1510901279;10;255;1510901488;1
32;16;10;5;64;10;1510901751;10;255;1510901814;0
32;16;10;5;64;10;1510901718;10;255;1510901872;0
32;16;10;5;64;10;1510901737;10;255;1510901941;1
32;16;10;5;64;10;1510902752;10;255;1510902824;0
32;16;10;5;64;10;1510902623;10;255;1510902829;1
32;16;10;5;64;10;1510902933;10;255;1510902943;0
32;16;10;5;64;10;1510902931;10;255;1510903135;1
32;16;10;5;64;10;1510903873;10;255;1510903883;0
32;16;10;5;64;10;1510904077;10;255;1510904087;0
32;16;10;5;64;10;1510903987;10;255;1510904184;0
32;16;10;5;64;10;1510904195;10;255;1510904367;0
32;16;10;5;64;10;1510904949;10;255;1510905082;0
32;16;10;5;64;10;1510905170;10;255;1510905296;0
32;16;10;5;64;10;1510905169;10;255;1510905373;1
32;16;10;5;64;10;1510905470;10;255;1510905521;0
32;16;10;5;64;10;1510906100;10;255;1510906220;0
32;16;10;5;64;10;1510906283;10;255;1510906486;1
32;16;10;5;64;10;1510906413;10;255;1510906504;0
32;16;10;5;64;10;1510906585;10;255;1510906790;1
32;16;10;5;64;10;1510907314;10;255;1510907371;0
32;16;10;5;64;10;1510907474;10;255;1510907575;0
32;16;10;5;64;10;1510907640;10;255;1510907843;1
32;16;10;5;64;10;1510907927;10;255;1510908028;0
32;16;10;5;64;10;1510908361;10;255;1510908567;1
32;16;10;5;64;10;1510908650;10;255;1510908739;0
32;16;10;5;64;10;1510908833;10;255;1510908928;0
32;16;10;5;64;10;1510909008;10;255;1510909212;1
32;16;10;5;64;10;1510909676;10;255;1510909708;0
32;16;10;5;64;10;1510909836;10;255;1510909886;0
32;16;10;5;64;10;1510909946;10;255;1510910055;0
32;16;10;5;64;10;1510910226;10;255;1510910283;0
32;16;10;5;64;10;1510910818;10;255;1510910970;0
32;16;10;5;64;10;1510910837;10;255;1510911016;0
32;16;10;5;64;10;1510911164;10;255;1510911177;0
32;16;10;5;64;10;1510911415;10;255;1510911620;1
32;16;10;5;64;10;1510912035;10;255;1510912093;0
32;16;10;5;64;10;1510912258;10;255;1510912280;0
32;16;10;5;64;10;1510912492;10;255;1510912696;1
32;16;10;5;64;10;1510912639;10;255;1510912843;1
32;16;10;5;64;10;1510913168;10;255;1510913178;0
32;16;10;5;64;10;1510913250;10;255;1510913313;0
32;16;10;5;64;10;1510913833;10;255;1510914037;1
32;16;10;5;64;10;1510913847;10;255;1510914051;1
32;16;10;5;64;10;1510914228;10;255;1510914433;1
32;16;10;5;64;10;1510914267;10;255;1510914473;1
32;16;10;5;64;10;1510914962;10;255;1510914997;0
32;16;10;5;64;10;1510915124;10;255;1510915159;0
32;16;10;5;64;10;1510915457;10;255;1510915466;0
32;16;10;5;64;10;1510915444;10;255;1510915549;0
32;16;10;5;64;10;1510916047;10;255;1510916166;0
32;16;10;5;64;10;1510916074;10;255;1510916278;1
32;16;10;5;64;10;1510916642;10;255;1510916652;0
32;16;10;5;64;10;1510916466;10;255;1510916671;1
32;16;10;5;64;10;1510917267;10;255;1510917308;0
32;16;10;5;64;10;1510917277;10;255;1510917482;1
32;16;10;5;64;10;1510917762;10;255;1510917891;0
32;16;10;5;64;10;1510917735;10;255;1510917938;1
32;16;10;5;64;10;1510918375;10;255;1510918578;1
32;16;10;5;64;10;1510918548;10;255;1510918725;0
32;16;10;5;64;10;1510918947;10;255;1510919073;0
32;16;10;5;64;10;1510918916;10;255;1510919120;1
32;16;10;5;64;10;1510919711;10;255;1510919758;0
32;16;10;5;64;10;1510919817;10;255;1510919868;0
32;16;10;5;64;10;1510920170;10;255;1510920374;1
32;16;10;5;64;10;1510920211;10;255;1510920415;1
32;16;10;5;64;10;1510920830;10;255;1510920874;0
32;16;10;5;64;10;1510920972;10;255;1510920991;0
32;16;10;5;64;10;1510921406;10;255;1510921609;1
32;16;10;5;64;10;1510921551;10;255;1510921756;1
32;16;10;5;64;10;1510921870;10;255;1510921921;0
32;16;10;5;64;10;1510921978;10;255;1510921997;0
32;16;10;5;64;10;1510922616;10;255;1510922820;1
32;16;10;5;64;10;1510922828;10;255;1510922916;0
32;16;10;5;64;10;1510922975;10;255;1510923079;0
32;16;10;5;64;10;1510922984;10;255;1510923190;1
32;16;10;5;64;10;1510923867;10;255;1510924071;1
32;16;10;5;64;10;1510923913;10;255;1510924117;1
32;16;10;5;64;10;1510924181;10;255;1510924272;0
32;16;10;5;64;10;1510924313;10;255;1510924519;1
32;16;10;5;64;10;1510925066;10;255;1510925079;0
32;16;10;5;64;10;1510925117;10;255;1510925171;0
32;16;10;5;64;10;1510925166;10;255;1510925175;0
32;16;10;5;64;10;1510925386;10;255;1510925484;0
32;16;10;5;64;10;1510926101;10;255;1510926117;0
32;16;10;5;64;10;1510926252;10;255;1510926265;0
32;16;10;5;64;10;1510926127;10;255;1510926332;1
32;16;10;5;64;10;1510926573;10;255;1510926608;0
32;16;10;5;64;10;1510927117;10;255;1510927167;0
32;16;10;5;64;10;1510927346;10;255;1510927381;0
32;16;10;5;64;10;1510927331;10;255;1510927416;0
32;16;10;5;64;10;1510927688;10;255;1510927893;1
32;16;10;5;64;10;1510928372;10;255;1510928391;0
32;16;10;5;64;10;1510928278;10;255;1510928400;0
32;16;10;5;64;10;1510928398;10;255;1510928430;0
32;16;10;5;64;10;1510929046;10;255;1510929188;0
32;16;10;5;64;10;1510929418;10;255;1510929434;0
32;16;10;5;64;10;1510929388;10;255;1510929439;0
32;16;10;5;64;10;1510929471;10;255;1510929490;0
32;16;10;5;64;10;1510930256;10;255;1510930376;0
32;16;10;5;64;10;1510930504;10;255;1510930542;0
32;16;10;5;64;10;1510930495;10;255;1510930621;0
32;16;10;5;64;10;1510930578;10;255;1510930710;0
32;16;10;5;64;10;1510931387;10;255;1510931425;0
32;16;10;5;64;10;1510931794;10;255;1510931807;0
32;16;10;5;64;10;1510931608;10;255;1510931812;1
32;16;10;5;64;10;1510931777;10;255;1510931812;0
32;16;10;5;64;10;1510932429;10;255;1510932618;0
32;16;10;5;64;10;1510932748;10;255;1510932780;0
32;16;10;5;64;10;1510932864;10;255;1510932996;0
32;16;10;5;64;10;1510932932;10;255;1510933136;1
32;16;10;5;64;10;1510933701;10;255;1510933792;0
32;16;10;5;64;10;1510933829;10;255;1510933974;0
32;16;10;5;64;10;1510934037;10;255;1510934186;0
32;16;10;5;64;10;1510934184;10;255;1510934381;0
32;16;10;5;64;10;1510934929;10;255;1510934964;0
32;16;10;5;64;10;1510934855;10;255;1510934968;0
32;16;10;5;64;10;1510935120;10;255;1510935324;1
32;16;10;5;64;10;1510935372;10;255;1510935576;1
32;16;10;5;64;10;1510935927;10;255;1510936131;1
32;16;10;5;64;10;1510936184;10;255;1510936225;0
32;16;10;5;64;10;1510936252;10;255;1510936274;0
32;16;10;5;64;10;1510936654;10;255;1510936858;1
32;16;10;5;64;10;1510937254;10;255;1510937337;0
32;16;10;5;64;10;1510937305;10;255;1510937350;0
32;16;10;5;64;10;1510937149;10;255;1510937353;1
32;16;10;5;64;10;1510937891;10;255;1510937919;0
32;16;10;5;64;10;1510938293;10;255;1510938400;0
32;16;10;5;64;10;1510938291;10;255;1510938500;1
32;16;10;5;64;10;1510938322;10;255;1510938526;1
32;16;10;5;64;10;1510938981;10;255;1510939145;0
32;16;10;5;64;10;1510939384;10;255;1510939491;0
32;16;10;5;64;10;1510939552;10;255;1510939568;0
32;16;10;5;64;10;1510939631;10;255;1510939673;0
32;16;10;5;64;10;1510940274;10;255;1510940368;0
32;16;10;5;64;10;1510940577;10;255;1510940772;0
32;16;10;5;64;10;1510940586;10;255;1510940792;1
32;16;10;5;64;10;1510940734;10;255;1510940869;0
32;16;10;5;64;10;1510941317;10;255;1510941412;0
32;16;10;5;64;10;1510941863;10;255;1510941961;0
32;16;10;5;64;10;1510941942;10;255;1510942048;0
32;16;10;5;64;10;1510941987;10;255;1510942092;0
32;16;10;5;64;10;1510942411;10;255;1510942612;0
32;16;10;5;64;10;1510943014;10;255;1510943027;0
32;16;10;5;64;10;1510943056;10;255;1510943078;0
32;16;10;5;64;10;1510943094;10;255;1510943218;0
32;16;10;5;64;10;1510943774;10;255;1510943869;0
32;16;10;5;64;10;1510944010;10;255;1510944089;0
32;16;10;5;64;10;1510944047;10;255;1510944251;1
32;16;10;5;64;10;1510944147;10;255;1510944258;0
32;16;10;5;64;10;1510944890;10;255;1510945095;1
32;16;10;5;64;10;1510945061;10;255;1510945127;0
32;16;10;5;64;10;1510945323;10;255;1510945396;0
32;16;10;5;64;10;1510945441;10;255;1510945646;1
32;16;10;5;64;10;1510946076;10;255;1510946280;1
32;16;10;5;64;10;1510946144;10;255;1510946347;1
32;16;10;5;64;10;1510946449;10;255;1510946471;0
32;16;10;5;64;10;1510946692;10;255;1510946898;1
32;16;10;5;64;10;1510947374;10;255;1510947393;0
32;16;10;5;64;10;1510947326;10;255;1510947511;0
32;16;10;5;64;10;1510947607;10;255;1510947758;0
32;16;10;5;64;10;1510947963;10;255;1510948168;1
32;16;10;5;64;10;1510948468;10;255;1510948497;0
32;16;10;5;64;10;1510948446;10;255;1510948500;0
32;16;10;5;64;10;1510948692;10;255;1510948708;0
32;16;10;5;64;10;1510949280;10;255;1510949287;0
32;16;10;5;64;10;1510949544;10;255;1510949679;0
32;16;10;5;64;10;1510949505;10;255;1510949706;0
32;16;10;5;64;10;1510949862;10;255;1510949885;0
32;16;10;5;64;10;1510950397;10;255;1510950448;0
32;16;10;5;64;10;1510950623;10;255;1510950773;0
32;16;10;5;64;10;1510950791;10;255;1510950995;1
32;16;10;5;64;10;1510950897;10;255;1510951101;1
32;16;10;5;64;10;1510951484;10;255;1510951688;1
32;16;10;5;64;10;1510951835;10;255;1510951864;0
32;16;10;5;64;10;1510951982;10;255;1510951989;0
32;16;10;5;64;10;1510952211;10;255;1510952416;1
32;16;10;5;64;10;1510952782;10;255;1510952827;0
32;16;10;5;64;10;1510952763;10;255;1510952967;1
32;16;10;5;64;10;1510953029;10;255;1510953057;0
32;16;10;5;64;10;1510953467;10;255;1510953518;0
32;16;10;5;64;10;1510953956;10;255;1510953994;0
32;16;10;5;64;10;1510953952;10;255;1510954155;1
32;16;10;5;64;10;1510954114;10;255;1510954236;0
32;16;10;5;64;10;1510954501;10;255;1510954514;0
32;16;10;5;64;10;1510954951;10;255;1510955155;1
32;16;10;5;64;10;1510955162;10;255;1510955200;0
32;16;10;5;64;10;1510955216;10;255;1510955421;1
32;16;10;5;64;10;1510955627;10;255;1510955634;0
32;16;10;5;64;10;1510956180;10;255;1510956186;0
32;16;10;5;64;10;1510956211;10;255;1510956233;0
32;16;10;5;64;10;1510956416;10;255;1510956448;0
32;16;10;5;64;10;1510956668;10;255;1510956873;1
32;16;10;5;64;10;1510957148;10;255;1510957271;0
32;16;10;5;64;10;1510957299;10;255;1510957462;0
32;16;10;5;64;10;1510957524;10;255;1510957641;0
32;16;10;5;64;10;1510957931;10;255;1510958022;0
32;16;10;5;64;10;1510958369;10;255;1510958382;0
32;16;10;5;64;10;1510958590;10;255;1510958597;0
32;16;10;5;64;10;1510958569;10;255;1510958641;0
32;16;10;5;64;10;1510959083;10;255;1510959284;0
32;16;10;5;64;10;1510959413;10;255;1510959617;1
32;16;10;5;64;10;1510959600;10;255;1510959799;0
32;16;10;5;64;10;1510959683;10;255;1510959874;0
32;16;10;5;64;10;1510960398;10;255;1510960515;0
32;16;10;5;64;10;1510960631;10;255;1510960835;1
32;16;10;5;64;10;1510960783;10;255;1510960856;0
32;16;10;5;64;10;1510960970;10;255;1510961055;0
32;16;10;5;64;10;1510961427;10;255;1510961632;1
32;16;10;5;64;10;1510961798;10;255;1510962001;1
32;16;10;5;64;10;1510961887;10;255;1510962081;0
32;16;10;5;64;10;1510962092;10;255;1510962158;0
32;16;10;5;64;10;1510962709;10;255;1510962743;0
32;16;10;5;64;10;1510962954;10;255;1510962970;0
32;16;10;5;64;10;1510963087;10;255;1510963293;1
32;16;10;5;64;10;1510963096;10;255;1510963299;1
32;16;10;5;64;10;1510963778;10;255;1510963966;0
32;16;10;5;64;10;1510964013;10;255;1510964217;1
32;16;10;5;64;10;1510964428;10;255;1510964456;0
32;16;10;5;64;10;1510964422;10;255;1510964629;1
32;16;10;5;64;10;1510964960;10;255;1510965129;0
32;16;10;5;64;10;1510965284;10;255;1510965394;0
32;16;10;5;64;10;1510965509;10;255;1510965629;0
32;16;10;5;64;10;1510965800;10;255;1510965936;0
32;16;10;5;64;10;1510966068;10;255;1510966097;0
32;16;10;5;64;10;1510966469;10;255;1510966672;1
32;16;10;5;64;10;1510966692;10;255;1510966799;0
32;16;10;5;64;10;1510966875;10;255;1510967071;0
32;16;10;5;64;10;1510967154;10;255;1510967211;0
32;16;10;5;64;10;1510967714;10;255;1510967890;0
32;16;10;5;64;10;1510967858;10;255;1510967971;0
32;16;10;5;64;10;1510968096;10;255;1510968188;0
32;16;10;5;64;10;1510968284;10;255;1510968489;1
32;16;10;5;64;10;1510968978;10;255;1510969041;0
32;16;10;5;64;10;1510968995;10;255;1510969198;1
32;16;10;5;64;10;1510969231;10;255;1510969437;1
32;16;10;5;64;10;1510969666;10;255;1510969698;0
32;16;10;5;64;10;1510970108;10;255;1510970191;0
32;16;10;5;64;10;1510970305;10;255;1510970418;0
32;16;10;5;64;10;1510970477;10;255;1510970578;0
32;16;10;5;64;10;1510970886;10;255;1510970959;0
32;16;10;5;64;10;1510971355;10;255;1510971561;1
32;16;10;5;64;10;1510971577;10;255;1510971781;1
32;16;10;5;64;10;1510971602;10;255;1510971805;1
32;16;10;5;64;10;1510972005;10;255;1510972068;0
32;16;10;5;64;10;1510972564;10;255;1510972754;0
32;16;10;5;64;10;1510972715;10;255;1510972920;1
32;16;10;5;64;10;1510972934;10;255;1510973134;0
32;16;10;5;64;10;1510973154;10;255;1510973249;0
32;16;10;5;64;10;1510973708;10;255;1510973740;0
32;16;10;5;64;10;1510973982;10;255;1510974083;0
32;16;10;5;64;10;1510974131;10;255;1510974335;1
32;16;10;5;64;10;1510974154;10;255;1510974357;1
32;16;10;5;64;10;1510974760;10;255;1510974770;0
32;16;10;5;64;10;1510975150;10;255;1510975160;0
32;16;10;5;64;10;1510975149;10;255;1510975344;0
32;16;10;5;64;10;1510975424;10;255;1510975627;1
32;16;10;5;64;10;1510975723;10;255;1510975927;1
32;16;10;5;64;10;1510976337;10;255;1510976441;0
32;16;10;5;64;10;1510976369;10;255;1510976461;0
32;16;10;5;64;10;1510976706;10;255;1510976719;0
32;16;10;5;64;10;1510977022;10;255;1510977227;1
32;16;10;5;64;10;1510977453;10;255;1510977463;0
32;16;10;5;64;10;1510977477;10;255;1510977490;0
32;16;10;5;64;10;1510977868;10;255;1510978000;0
32;16;10;5;64;10;1510978288;10;255;1510978492;1
32;16;10;5;64;10;1510978559;10;255;1510978575;0
32;16;10;5;64;10;1510978473;10;255;1510978678;1
32;16;10;5;64;10;1510978981;10;255;1510979185;1
32;16;10;5;64;10;1510979491;10;255;1510979696;1
32;16;10;5;64;10;1510979636;10;255;1510979784;0
32;16;10;5;64;10;1510979731;10;255;1510979934;1
32;16;10;5;64;10;1510980279;10;255;1510980383;0
32;16;10;5;64;10;1510980748;10;255;1510980850;0
32;16;10;5;64;10;1510980841;10;255;1510981045;1
32;16;10;5;64;10;1510980977;10;255;1510981087;0
32;16;10;5;64;10;1510981353;10;255;1510981557;1
32;16;10;5;64;10;1510981798;10;255;1510981961;0
32;16;10;5;64;10;1510982064;10;255;1510982074;0
32;16;10;5;64;10;1510982148;10;255;1510982227;0
32;16;10;5;64;10;1510982483;10;255;1510982562;0
32;16;10;5;64;10;1510983014;10;255;1510983086;0
32;16;10;5;64;10;1510983022;10;255;1510983226;1
32;16;10;5;64;10;1510983291;10;255;1510983496;1
32;16;10;5;64;10;1510983472;10;255;1510983507;0
32;16;10;5;64;10;1510984113;10;255;1510984243;0
32;16;10;5;64;10;1510984306;10;255;1510984319;0
32;16;10;5;64;10;1510984493;10;255;1510984697;1
32;16;10;5;64;10;1510984507;10;255;1510984713;1
32;16;10;5;64;10;1510985332;10;255;1510985405;0
32;16;10;5;64;10;1510985305;10;255;1510985509;1
32;16;10;5;64;10;1510985678;10;255;1510985723;0
32;16;10;5;64;10;1510985766;10;255;1510985882;0
32;16;10;5;64;10;1510986415;10;255;1510986475;0
32;16;10;5;64;10;1510986510;10;255;1510986594;0
32;16;10;5;64;10;1510986673;10;255;1510986715;0
32;16;10;5;64;10;1510986949;10;255;1510987131;0
32;16;10;5;64;10;1510987493;10;255;1510987525;0
32;16;10;5;64;10;1510987606;10;255;1510987810;1
32;16;10;5;64;10;1510987734;10;255;1510987940;1
32;16;10;5;64;10;1510988199;10;255;1510988333;0
32;16;10;5;64;10;1510988665;10;255;1510988804;0
32;16;10;5;64;10;1510988901;10;255;1510988917;0
32;16;10;5;64;10;1510988962;10;255;1510988991;0
32;16;10;5;64;10;1510989434;10;255;1510989638;1
32;16;10;5;64;10;1510989954;10;255;1510990023;0
32;16;10;5;64;10;1510990000;10;255;1510990035;0
32;16;10;5;64;10;1510989893;10;255;1510990098;1
32;16;10;5;64;10;1510990658;10;255;1510990758;0
32;16;10;5;64;10;1510991004;10;255;1510991159;0
32;16;10;5;64;10;1510991026;10;255;1510991230;1
32;16;10;5;64;10;1510991141;10;255;1510991331;0
32;16;10;5;64;10;1510991822;10;255;1510991851;0
32;16;10;5;64;10;1510992276;10;255;1510992299;0
32;16;10;5;64;10;1510992447;10;255;1510992467;0
32;16;10;5;64;10;1510992302;10;255;1510992507;1
32;16;10;5;64;10;1510992865;10;255;1510993068;1
32;16;10;5;64;10;1510993225;10;255;1510993430;1
32;16;10;5;64;10;1510993492;10;255;1510993681;0
32;16;10;5;64;10;1510993544;10;255;1510993748;1
32;16;10;5;64;10;1510994148;10;255;1510994243;0
32;16;10;5;64;10;1510994451;10;255;1510994655;1
32;16;10;5;64;10;1510994747;10;255;1510994764;0
32;16;10;5;64;10;1510994722;10;255;1510994914;0
32;16;10;5;64;10;1510995356;10;255;1510995413;0
32;16;10;5;64;10;1510995901;10;255;1510995927;0
32;16;10;5;64;10;1510995819;10;255;1510996024;1
32;16;10;5;64;10;1510995888;10;255;1510996081;0
32;16;10;5;64;10;1510996478;10;255;1510996535;0
32;16;10;5;64;10;1510996879;10;255;1510997084;1
32;16;10;5;64;10;1510997150;10;255;1510997164;0
32;16;10;5;64;10;1510997143;10;255;1510997346;1
32;16;10;5;64;10;1510997630;10;255;1510997834;1
32;16;10;5;64;10;1510998010;10;255;1510998105;0
32;16;10;5;64;10;1510998081;10;255;1510998287;1
32;16;10;5;64;10;1510998425;10;255;1510998445;0
32;16;10;5;64;10;1510998878;10;255;1510999081;1
32;16;10;5;64;10;1510999249;10;255;1510999284;0
32;16;10;5;64;10;1510999208;10;255;1510999357;0
32;16;10;5;64;10;1510999452;10;255;1510999550;0
32;16;10;5;64;10;1511000032;10;255;1511000236;1
32;16;10;5;64;10;1511000241;10;255;1511000447;1
32;16;10;5;64;10;1511000308;10;255;1511000513;1
32;16;10;5;64;10;1511000537;10;255;1511000645;0
32;16;10;5;64;10;1511001307;10;255;1511001414;0
32;16;10;5;64;10;1511001478;10;255;1511001588;0
32;16;10;5;64;10;1511001649;10;255;1511001853;1
32;16;10;5;64;10;1511001740;10;255;1511001944;1
32;16;10;5;64;10;1511002488;10;255;1511002590;0
32;16;10;5;64;10;1511002680;10;255;1511002884;1
32;16;10;5;64;10;1511002940;10;255;1511003145;1
32;16;10;5;64;10;1511003005;10;255;1511003209;1
32;16;10;5;64;10;1511003628;10;255;1511003835;1
32;16;10;5;64;10;1511003922;10;255;1511003989;0
32;16;10;5;64;10;1511004220;10;255;1511004261;0
32;16;10;5;64;10;1511004252;10;255;1511004265;0
32;16;10;5;64;10;1511004860;10;255;1511005035;0
32;16;10;5;64;10;1511004893;10;255;1511005098;1
32;16;10;5;64;10;1511005316;10;255;1511005519;1
32;16;10;5;64;10;1511005417;10;255;1511005621;1
32;16;10;5;64;10;1511006078;10;255;1511006088;0
32;16;10;5;64;10;1511006107;10;255;1511006272;0
32;16;10;5;64;10;1511006477;10;255;1511006534;0
32;16;10;5;64;10;1511006644;10;255;1511006848;1
32;16;10;5;64;10;1511007063;10;255;1511007104;0
32;16;10;5;64;10;1511007491;10;255;1511007694;1
32;16;10;5;64;10;1511007585;10;255;1511007792;1
32;16;10;5;64;10;1511007926;10;255;1511008131;1
32;16;10;5;64;10;1511008179;10;255;1511008295;0
32;16;10;5;64;10;1511008687;10;255;1511008877;0
32;16;10;5;64;10;1511008955;10;255;1511009054;0
32;16;10;5;64;10;1511009264;10;255;1511009387;0
32;16;10;5;64;10;1511009232;10;255;1511009419;0
32;16;10;5;64;10;1511009775;10;255;1511009791;0
32;16;10;5;64;10;1511010152;10;255;1511010171;0
32;16;10;5;64;10;1511010361;10;255;1511010453;0
32;16;10;5;64;10;1511010434;10;255;1511010506;0
32;16;10;5;64;10;1511010846;10;255;1511010869;0
32;16;10;5;64;10;1511011217;10;255;1511011421;1
32;16;10;5;64;10;1511011496;10;255;1511011548;0
32;16;10;5;64;10;1511011548;10;255;1511011558;0
32;16;10;5;64;10;1511011963;10;255;1511012168;1
32;16;10;5;64;10;1511012544;10;255;1511012604;0
32;16;10;5;64;10;1511012574;10;255;1511012626;0
32;16;10;5;64;10;1511012503;10;255;1511012707;1
32;16;10;5;64;10;1511013218;10;255;1511013423;1
32;16;10;5;64;10;1511013624;10;255;1511013678;0
32;16;10;5;64;10;1511013660;10;255;1511013711;0
32;16;10;5;64;10;1511013783;10;255;1511013802;0
32;16;10;5;64;10;1511014551;10;255;1511014573;0
32;16;10;5;64;10;1511014608;10;255;1511014703;0
32;16;10;5;64;10;1511014893;10;255;1511014937;0
32;16;10;5;64;10;1511014850;10;255;1511015054;1
32;16;10;5;64;10;1511015659;10;255;1511015864;1
32;16;10;5;64;10;1511015811;10;255;1511016015;1
32;16;10;5;64;10;1511015947;10;255;1511016036;0
32;16;10;5;64;10;1511016015;10;255;1511016128;0
32;16;10;5;64;10;1511017039;10;255;1511017049;0
32;16;10;5;64;10;1511016893;10;255;1511017099;1
32;16;10;5;64;10;1511017055;10;255;1511017137;0
32;16;10;5;64;10;1511017187;10;255;1511017366;0
32;16;10;5;64;10;1511018156;10;255;1511018216;0
32;16;10;5;64;10;1511018398;10;255;1511018414;0
32;16;10;5;64;10;1511018211;10;255;1511018416;1
32;16;10;5;64;10;1511018273;10;255;1511018480;1
32;16;10;5;64;10;1511019210;10;255;1511019242;0
32;16;10;5;64;10;1511019401;10;255;1511019568;0
32;16;10;5;64;10;1511019586;10;255;1511019603;0
32;16;10;5;64;10;1511019403;10;255;1511019610;1
32;16;10;5;64;10;1511020358;10;255;1511020368;0
32;16;10;5;64;10;1511020704;10;255;1511020748;0
32;16;10;5;64;10;1511020678;10;255;1511020825;0
32;16;10;5;64;10;1511020656;10;255;1511020861;1
32;16;10;5;64;10;1511021378;10;255;1511021581;1
32;16;10;5;64;10;1511021813;10;255;1511021907;0
32;16;10;5;64;10;1511021878;10;255;1511021935;0
32;16;10;5;64;10;1511021900;10;255;1511022106;1
32;16;10;5;64;10;1511022603;10;255;1511022660;0
32;16;10;5;64;10;1511022950;10;255;1511022966;0
32;16;10;5;64;10;1511023077;10;255;1511023282;1
32;16;10;5;64;10;1511023158;10;255;1511023343;0
32;16;10;5;64;10;1511023914;10;255;1511023956;0
32;16;10;5;64;10;1511024081;10;255;1511024119;0
32;16;10;5;64;10;1511024357;10;255;1511024399;0
32;16;10;5;64;10;1511024410;10;255;1511024616;1
32;16;10;5;64;10;1511024947;10;255;1511025018;0
32;16;10;5;64;10;1511025068;10;255;1511025272;1
32;16;10;5;64;10;1511025389;10;255;1511025461;0
32;16;10;5;64;10;1511025691;10;255;1511025751;0
32;16;10;5;64;10;1511026066;10;255;1511026092;0
32;16;10;5;64;10;1511026220;10;255;1511026275;0
32;16;10;5;64;10;1511026368;10;255;1511026535;0
32;16;10;5;64;10;1511026767;10;255;1511026783;0
32;16;10;5;64;10;1511027193;10;255;1511027320;0
32;16;10;5;64;10;1511027370;10;255;1511027577;1
32;16;10;5;64;10;1511027563;10;255;1511027767;1
32;16;10;5;64;10;1511027863;10;255;1511027901;0
32;16;10;5;64;10;1511028380;10;255;1511028443;0
32;16;10;5;64;10;1511028603;10;255;1511028810;1
32;16;10;5;64;10;1511028876;10;255;1511028933;0
32;16;10;5;64;10;1511028922;10;255;1511029127;1
32;16;10;5;64;10;1511029576;10;255;1511029611;0
32;16;10;5;64;10;1511029851;10;255;1511030005;0
32;16;10;5;64;10;1511029892;10;255;1511030097;1
32;16;10;5;64;10;1511030356;10;255;1511030561;1
32;16;10;5;64;10;1511030602;10;255;1511030700;0
32;16;10;5;64;10;1511031068;10;255;1511031100;0
32;16;10;5;64;10;1511031092;10;255;1511031298;1
32;16;10;5;64;10;1511031558;10;255;1511031762;1
32;16;10;5;64;10;1511031633;10;255;1511031837;1
32;16;10;5;64;10;1511032169;10;255;1511032185;0
32;16;10;5;64;10;1511032375;10;255;1511032580;1
32;16;10;5;64;10;1511032793;10;255;1511032889;0
32;16;10;5;64;10;1511032909;10;255;1511032925;0
32;16;10;5;64;10;1511033225;10;255;1511033298;0
32;16;10;5;64;10;1511033576;10;255;1511033690;0
32;16;10;5;64;10;1511033958;10;255;1511034162;1
32;16;10;5;64;10;1511034059;10;255;1511034225;0
32;16;10;5;64;10;1511034257;10;255;1511034294;0
32;16;10;5;64;10;1511034777;10;255;1511034983;1
32;16;10;5;64;10;1511035176;10;255;1511035380;1
32;16;10;5;64;10;1511035215;10;255;1511035381;0
32;16;10;5;64;10;1511035375;10;255;1511035579;1
32;16;10;5;64;10;1511035986;10;255;1511036191;1
32;16;10;5;64;10;1511036260;10;255;1511036464;1
32;16;10;5;64;10;1511036614;10;255;1511036633;0
32;16;10;5;64;10;1511036523;10;255;1511036730;1
32;16;10;5;64;10;1511037274;10;255;1511037416;0
32;16;10;5;64;10;1511037579;10;255;1511037617;0
32;16;10;5;64;10;1511037503;10;255;1511037706;1
32;16;10;5;64;10;1511037765;10;255;1511037785;0
32;16;10;5;64;10;1511038354;10;255;1511038560;1
32;16;10;5;64;10;1511038619;10;255;1511038651;0
32;16;10;5;64;10;1511038813;10;255;1511038823;0
32;16;10;5;64;10;1511038758;10;255;1511038962;1
32;16;10;5;64;10;1511039617;10;255;1511039678;0
32;16;10;5;64;10;1511039682;10;255;1511039776;0
32;16;10;5;64;10;1511039928;10;255;1511039941;0
32;16;10;5;64;10;1511039988;10;255;1511040020;0
32;16;10;5;64;10;1511040741;10;255;1511040924;0
32;16;10;5;64;10;1511040741;10;255;1511040944;1
32;16;10;5;64;10;1511041025;10;255;1511041045;0
32;16;10;5;64;10;1511041113;10;255;1511041161;0
32;16;10;5;64;10;1511041972;10;255;1511041982;0
32;16;10;5;64;10;1511041883;10;255;1511042086;1
32;16;10;5;64;10;1511042220;10;255;1511042314;0
32;16;10;5;64;10;1511042158;10;255;1511042324;0
32;16;10;5;64;10;1511043089;10;255;1511043293;1
32;16;10;5;64;10;1511043147;10;255;1511043352;1
32;16;10;5;64;10;1511043368;10;255;1511043412;0
32;16;10;5;64;10;1511043500;10;255;1511043653;0
32;16;10;5;64;10;1511044382;10;255;1511044389;0
32;16;10;5;64;10;1511044326;10;255;1511044531;1
32;16;10;5;64;10;1511044572;10;255;1511044613;0
32;16;10;5;64;10;1511044482;10;255;1511044687;1
32;16;10;5;64;10;1511045590;10;255;1511045603;0
32;16;10;5;64;10;1511045440;10;255;1511045645;1
32;16;10;5;64;10;1511045665;10;255;1511045761;0
32;16;10;5;64;10;1511045604;10;255;1511045807;1
32;16;10;5;64;10;1511046678;10;255;1511046707;0
32;16;10;5;64;10;1511046656;10;255;1511046761;0
32;16;10;5;64;10;1511046774;10;255;1511046834;0
32;16;10;5;64;10;1511046853;10;255;1511046891;0
32;16;10;5;64;10;1511047830;10;255;1511047874;0
32;16;10;5;64;10;1511047742;10;255;1511047946;1
32;16;10;5;64;10;1511047906;10;255;1511047978;0
32;16;10;5;64;10;1511048022;10;255;1511048057;0
32;16;10;5;64;10;1511048889;10;255;1511049084;0
32;16;10;5;64;10;1511048953;10;255;1511049157;1
32;16;10;5;64;10;1511049174;10;255;1511049222;0
32;16;10;5;64;10;1511049031;10;255;1511049235;1
32;16;10;5;64;10;1511050095;10;255;1511050188;0
32;16;10;5;64;10;1511050152;10;255;1511050355;1
32;16;10;5;64;10;1511050205;10;255;1511050412;1
32;16;10;5;64;10;1511050225;10;255;1511050429;1
32;16;10;5;64;10;1511051238;10;255;1511051308;0
32;16;10;5;64;10;1511051353;10;255;1511051363;0
32;16;10;5;64;10;1511051504;10;255;1511051517;0
32;16;10;5;64;10;1511051495;10;255;1511051575;0
32;16;10;5;64;10;1511052355;10;255;1511052384;0
32;16;10;5;64;10;1511052479;10;255;1511052537;0
32;16;10;5;64;10;1511052609;10;255;1511052622;0
32;16;10;5;64;10;1511052582;10;255;1511052794;1
32;16;10;5;64;10;1511053574;10;255;1511053659;0
32;16;10;5;64;10;1511053656;10;255;1511053666;0
32;16;10;5;64;10;1511053565;10;255;1511053769;1
32;16;10;5;64;10;1511053840;10;255;1511053899;0
32;16;10;5;64;10;1511054677;10;255;1511054705;0
32;16;10;5;64;10;1511054695;10;255;1511054737;0
32;16;10;5;64;10;1511054859;10;255;1511054966;0
32;16;10;5;64;10;1511054940;10;255;1511055048;0
32;16;10;5;64;10;1511055811;10;255;1511055866;0
32;16;10;5;64;10;1511055838;10;255;1511056024;0
32;16;10;5;64;10;1511056082;10;255;1511056101;0
32;16;10;5;64;10;1511056060;10;255;1511056102;0
32;16;10;5;64;10;1511056937;10;255;1511056991;0
32;16;10;5;64;10;1511057125;10;255;1511057166;0
32;16;10;5;64;10;1511057220;10;255;1511057236;0
32;16;10;5;64;10;1511057151;10;255;1511057323;0
32;16;10;5;64;10;1511058059;10;255;1511058205;0
32;16;10;5;64;10;1511058175;10;255;1511058212;0
32;16;10;5;64;10;1511058274;10;255;1511058411;0
32;16;10;5;64;10;1511058353;10;255;1511058558;1
32;16;10;5;64;10;1511059291;10;255;1511059379;0
32;16;10;5;64;10;1511059340;10;255;1511059503;0
32;16;10;5;64;10;1511059522;10;255;1511059653;0
32;16;10;5;64;10;1511059806;10;255;1511060011;1
32;16;10;5;64;10;1511060480;10;255;1511060496;0
32;16;10;5;64;10;1511060496;10;255;1511060519;0
32;16;10;5;64;10;1511060749;10;255;1511060759;0
32;16;10;5;64;10;1511061064;10;255;1511061268;0
32;16;10;5;64;10;1511061471;10;255;1511061675;1
32;16;10;5;64;10;1511061585;10;255;1511061789;1
32;16;10;5;64;10;1511061698;10;255;1511061798;0
32;16;10;5;64;10;1511062232;10;255;1511062298;0
32;16;10;5;64;10;1511062797;10;255;1511062847;0
32;16;10;5;64;10;1511062707;10;255;1511062911;1
32;16;10;5;64;10;1511062862;10;255;1511063071;1
32;16;10;5;64;10;1511063368;10;255;1511063552;0
32;16;10;5;64;10;1511063891;10;255;1511063932;0
32;16;10;5;64;10;1511064117;10;255;1511064152;0
32;16;10;5;64;10;1511064001;10;255;1511064205;1
32;16;10;5;64;10;1511064510;10;255;1511064526;0
32;16;10;5;64;10;1511064991;10;255;1511065040;0
32;16;10;5;64;10;1511065172;10;255;1511065282;0
32;16;10;5;64;10;1511065276;10;255;1511065481;1
32;16;10;5;64;10;1511065594;10;255;1511065667;0
32;16;10;5;64;10;1511066130;10;255;1511066140;0
32;16;10;5;64;10;1511066235;10;255;1511066288;0
32;16;10;5;64;10;1511066541;10;255;1511066557;0
32;16;10;5;64;10;1511066753;10;255;1511066958;1
32;16;10;5;64;10;1511067158;10;255;1511067216;0
32;16;10;5;64;10;1511067361;10;255;1511067565;1
32;16;10;5;64;10;1511067625;10;255;1511067659;0
32;16;10;5;64;10;1511067987;10;255;1511068010;0
32;16;10;5;64;10;1511068444;10;255;1511068476;0
32;16;10;5;64;10;1511068281;10;255;1511068486;1
32;16;10;5;64;10;1511068609;10;255;1511068653;0
32;16;10;5;64;10;1511069224;10;255;1511069250;0
32;16;10;5;64;10;1511069530;10;255;1511069536;0
32;16;10;5;64;10;1511069423;10;255;1511069575;0
32;16;10;5;64;10;1511069637;10;255;1511069845;1
32;16;10;5;64;10;1511070251;10;255;1511070339;0
32;16;10;5;64;10;1511070605;10;255;1511070622;0
32;16;10;5;64;10;1511070573;10;255;1511070655;0
32;16;10;5;64;10;1511070862;10;255;1511070910;0
32;16;10;5;64;10;1511071412;10;255;1511071616;1
32;16;10;5;64;10;1511071603;10;255;1511071663;0
32;16;10;5;64;10;1511071690;10;255;1511071896;1
32;16;10;5;64;10;1511071862;10;255;1511072067;1
32;16;10;5;64;10;1511072574;10;255;1511072713;0
32;16;10;5;64;10;1511072701;10;255;1511072908;1
32;16;10;5;64;10;1511072893;10;255;1511072932;0
32;16;10;5;64;10;1511073128;10;255;1511073332;1
32;16;10;5;64;10;1511073818;10;255;1511073875;0
32;16;10;5;64;10;1511073928;10;255;1511073956;0
32;16;10;5;64;10;1511074005;10;255;1511074079;0
32;16;10;5;64;10;1511074341;10;255;1511074546;1
32;16;10;5;64;10;1511074798;10;255;1511075003;1
32;16;10;5;64;10;1511074977;10;255;1511075068;0
32;16;10;5;64;10;1511075204;10;255;1511075211;0
32;16;10;5;64;10;1511075646;10;255;1511075656;0
32;16;10;5;64;10;1511075948;10;255;1511076015;0
32;16;10;5;64;10;1511076061;10;255;1511076269;1
32;16;10;5;64;10;1511076284;10;255;1511076328;0
32;16;10;5;64;10;1511076742;10;255;1511076840;0
32;16;10;5;64;10;1511077124;10;255;1511077328;1
32;16;10;5;64;10;1511077423;10;255;1511077511;0
32;16;10;5;64;10;1511077343;10;255;1511077551;1
32;16;10;5;64;10;1511077902;10;255;1511077915;0
32;16;10;5;64;10;1511078317;10;255;1511078396;0
32;16;10;5;64;10;1511078573;10;255;1511078608;0
32;16;10;5;64;10;1511078564;10;255;1511078667;0
32;16;10;5;64;10;1511079037;10;255;1511079129;0
32;16;10;5;64;10;1511079371;10;255;1511079400;0
32;16;10;5;64;10;1511079650;10;255;1511079856;1
32;16;10;5;64;10;1511079722;10;255;1511079926;1
32;16;10;5;64;10;1511080274;10;255;1511080291;0
32;16;10;5;64;10;1511080415;10;255;1511080620;1
32;16;10;5;64;10;1511080817;10;255;1511080969;0
32;16;10;5;64;10;1511080927;10;255;1511081103;0
32;16;10;5;64;10;1511081344;10;255;1511081552;1
32;16;10;5;64;10;1511081552;10;255;1511081577;0
32;16;10;5;64;10;1511081987;10;255;1511082188;0
32;16;10;5;64;10;1511082187;10;255;1511082392;1
32;16;10;5;64;10;1511082605;10;255;1511082650;0
32;16;10;5;64;10;1511082698;10;255;1511082763;0
32;16;10;5;64;10;1511083096;10;255;1511083300;1
32;16;10;5;64;10;1511083400;10;255;1511083604;1
32;16;10;5;64;10;1511083628;10;255;1511083834;1
32;16;10;5;64;10;1511083843;10;255;1511083901;0
32;16;10;5;64;10;1511084350;10;255;1511084369;0
32;16;10;5;64;10;1511084501;10;255;1511084605;0
32;16;10;5;64;10;1511084820;10;255;1511084884;0
32;16;10;5;64;10;1511084973;10;255;1511085009;0
32;16;10;5;64;10;1511085315;10;255;1511085353;0
32;16;10;5;64;10;1511085644;10;255;1511085852;1
32;16;10;5;64;10;1511085859;10;255;1511085916;0
32;16;10;5;64;10;1511086077;10;255;1511086282;1
32;16;10;5;64;10;1511086400;10;255;1511086455;0
32;16;10;5;64;10;1511086826;10;255;1511086964;0
32;16;10;5;64;10;1511087088;10;255;1511087161;0
32;16;10;5;64;10;1511087393;10;255;1511087602;1
32;16;10;5;64;10;1511087588;10;255;1511087671;0
32;16;10;5;64;10;1511088032;10;255;1511088064;0
32;16;10;5;64;10;1511088272;10;255;1511088476;1
32;16;10;5;64;10;1511088719;10;255;1511088776;0
32;16;10;5;64;10;1511088735;10;255;1511088777;0
32;16;10;5;64;10;1511089050;10;255;1511089088;0
32;16;10;5;64;10;1511089593;10;255;1511089606;0
32;16;10;5;64;10;1511089910;10;255;1511089990;0
32;16;10;5;64;10;1511089879;10;255;1511090001;0
32;16;10;5;64;10;1511090170;10;255;1511090376;1
32;16;10;5;64;10;1511090715;10;255;1511090919;1
32;16;10;5;64;10;1511091060;10;255;1511091129;0
32;16;10;5;64;10;1511091134;10;255;1511091340;1
32;16;10;5;64;10;1511091410;10;255;1511091584;0
32;16;10;5;64;10;1511091903;10;255;1511092051;0
32;16;10;5;64;10;1511092139;10;255;1511092156;0
32;16;10;5;64;10;1511092398;10;255;1511092490;0
32;16;10;5;64;10;1511092573;10;255;1511092701;0
32;16;10;5;64;10;1511093210;10;255;1511093219;0
32;16;10;5;64;10;1511093132;10;255;1511093337;1
32;16;10;5;64;10;1511093648;10;255;1511093680;0
32;16;10;5;64;10;1511093688;10;255;1511093825;0
32;16;10;5;64;10;1511094355;10;255;1511094365;0
32;16;10;5;64;10;1511094492;10;255;1511094529;0
32;16;10;5;64;10;1511094769;10;255;1511094798;0
32;16;10;5;64;10;1511095002;10;255;1511095075;0
32;16;10;5;64;10;1511095279;10;255;1511095484;1
32;16;10;5;64;10;1511095587;10;255;1511095637;0
32;16;10;5;64;10;1511095812;10;255;1511095858;0
32;16;10;5;64;10;1511096060;10;255;1511096255;0
32;16;10;5;64;10;1511096593;10;255;1511096622;0
32;16;10;5;64;10;1511096860;10;255;1511096990;0
32;16;10;5;64;10;1511097001;10;255;1511097049;0
32;16;10;5;64;10;1511097571;10;255;1511097590;0
32;16;10;5;64;10;1511097713;10;255;1511097747;0
32;16;10;5;64;10;1511097979;10;255;1511097992;0
32;16;10;5;64;10;1511098077;10;255;1511098103;0
32;16;10;5;64;10;1511098619;10;255;1511098706;0
32;16;10;5;64;10;1511098880;10;255;1511099006;0
32;16;10;5;64;10;1511099105;10;255;1511099295;0
32;16;10;5;64;10;1511099166;10;255;1511099308;0
32;16;10;5;64;10;1511099764;10;255;1511099971;1
32;16;10;5;64;10;1511100072;10;255;1511100132;0
32;16;10;5;64;10;1511100398;10;255;1511100446;0
32;16;10;5;64;10;1511100527;10;255;1511100534;0
32;16;10;5;64;10;1511101045;10;255;1511101086;0
32;16;10;5;64;10;1511101119;10;255;1511101325;1
32;16;10;5;64;10;1511101499;10;255;1511101563;0
32;16;10;5;64;10;1511101561;10;255;1511101658;0
32;16;10;5;64;10;1511102145;10;255;1511102192;0
32;16;10;5;64;10;1511102333;10;255;1511102497;0
32;16;10;5;64;10;1511102576;10;255;1511102641;0
32;16;10;5;64;10;1511102664;10;255;1511102868;1
32;16;10;5;64;10;1511103158;10;255;1511103194;0
32;16;10;5;64;10;1511103501;10;255;1511103705;1
32;16;10;5;64;10;1511103828;10;255;1511103847;0
32;16;10;5;64;10;1511103734;10;255;1511103940;1
32;16;10;5;64;10;1511104235;10;255;1511104441;1
32;16;10;5;64;10;1511104733;10;255;1511104847;0
32;16;10;5;64;10;1511104840;10;255;1511104904;0
32;16;10;5;64;10;1511105123;10;255;1511105199;0
32;16;10;5;64;10;1511105456;10;255;1511105645;0
32;16;10;5;64;10;1511105795;10;255;1511105890;0
32;16;10;5;64;10;1511105932;10;255;1511106031;0
32;16;10;5;64;10;1511106191;10;255;1511106267;0
32;16;10;5;64;10;1511106630;10;255;1511106668;0
32;16;10;5;64;10;1511106976;10;255;1511107062;0
32;16;10;5;64;10;1511106925;10;255;1511107132;1
32;16;10;5;64;10;1511107205;10;255;1511107228;0
32;16;10;5;64;10;1511107658;10;255;1511107863;1
32;16;10;5;64;10;1511108147;10;255;1511108156;0
32;16;10;5;64;10;1511108042;10;255;1511108250;1
32;16;10;5;64;10;1511108181;10;255;1511108385;1
32;16;10;5;64;10;1511109033;10;255;1511109039;0
32;16;10;5;64;10;1511109215;10;255;1511109237;0
32;16;10;5;64;10;1511109292;10;255;1511109433;0
32;16;10;5;64;10;1511109571;10;255;1511109653;0
32;16;10;5;64;10;1511110228;10;255;1511110314;0
32;16;10;5;64;10;1511110121;10;255;1511110327;1
32;16;10;5;64;10;1511110525;10;255;1511110733;1
32;16;10;5;64;10;1511110727;10;255;1511110850;0
32;16;10;5;64;10;1511111375;10;255;1511111408;0
32;16;10;5;64;10;1511111379;10;255;1511111474;0
32;16;10;5;64;10;1511111791;10;255;1511111996;1
32;16;10;5;64;10;1511111933;10;255;1511111999;0
32;16;10;5;64;10;1511112478;10;255;1511112484;0
32;16;10;5;64;10;1511112681;10;255;1511112890;1
32;16;10;5;64;10;1511113060;10;255;1511113067;0
32;16;10;5;64;10;1511113054;10;255;1511113260;1
32;16;10;5;64;10;1511113527;10;255;1511113732;1
32;16;10;5;64;10;1511114073;10;255;1511114095;0
32;16;10;5;64;10;1511114274;10;255;1511114481;1
32;16;10;5;64;10;1511114389;10;255;1511114597;1
32;16;10;5;64;10;1511114845;10;255;1511114880;0
32;16;10;5;64;10;1511115069;10;255;1511115088;0
32;16;10;5;64;10;1511115446;10;255;1511115652;1
32;16;10;5;64;10;1511115608;10;255;1511115816;1
32;16;10;5;64;10;1511116108;10;255;1511116147;0
32;16;10;5;64;10;1511115957;10;255;1511116161;1
32;16;10;5;64;10;1511116858;10;255;1511116887;0
32;16;10;5;64;10;1511116890;10;255;1511116944;0
32;16;10;5;64;10;1511117255;10;255;1511117460;1
32;16;10;5;64;10;1511117437;10;255;1511117504;0
32;16;10;5;64;10;1511117933;10;255;1511118052;0
32;16;10;5;64;10;1511118057;10;255;1511118194;0
32;16;10;5;64;10;1511118510;10;255;1511118545;0
32;16;10;5;64;10;1511118573;10;255;1511118776;0
32;16;10;5;64;10;1511119004;10;255;1511119210;1
32;16;10;5;64;10;1511119197;10;255;1511119404;1
32;16;10;5;64;10;1511119626;10;255;1511119633;0
32;16;10;5;64;10;1511119833;10;255;1511119846;0
32;16;10;5;64;10;1511120223;10;255;1511120261;0
32;16;10;5;64;10;1511120505;10;255;1511120511;0
32;16;10;5;64;10;1511120433;10;255;1511120639;1
32;16;10;5;64;10;1511120859;10;255;1511121065;1
32;16;10;5;64;10;1511121328;10;255;1511121449;0
32;16;10;5;64;10;1511121566;10;255;1511121614;0
32;16;10;5;64;10;1511121695;10;255;1511121903;1
32;16;10;5;64;10;1511122054;10;255;1511122136;0
32;16;10;5;64;10;1511122485;10;255;1511122520;0
32;16;10;5;64;10;1511122691;10;255;1511122803;0
32;16;10;5;64;10;1511122984;10;255;1511123001;0
32;16;10;5;64;10;1511123150;10;255;1511123157;0
32;16;10;5;64;10;1511123580;10;255;1511123754;0
32;16;10;5;64;10;1511123947;10;255;1511124072;0
32;16;10;5;64;10;1511124068;10;255;1511124078;0
32;16;10;5;64;10;1511124265;10;255;1511124471;1
32;16;10;5;64;10;1511124742;10;255;1511124902;0
32;16;10;5;64;10;1511125052;10;255;1511125160;0
32;16;10;5;64;10;1511125273;10;255;1511125356;0
32;16;10;5;64;10;1511125529;10;255;1511125733;1
32;16;10;5;64;10;1511125909;10;255;1511126061;0
32;16;10;5;64;10;1511126216;10;255;1511126422;1
32;16;10;5;64;10;1511126417;10;255;1511126494;0
32;16;10;5;64;10;1511126722;10;255;1511126744;0
32;16;10;5;64;10;1511127204;10;255;1511127299;0
32;16;10;5;64;10;1511127494;10;255;1511127504;0
32;16;10;5;64;10;1511127538;10;255;1511127703;0
32;16;10;5;64;10;1511127845;10;255;1511127965;0
32;16;10;5;64;10;1511128413;10;255;1511128577;0
32;16;10;5;64;10;1511128534;10;255;1511128585;0
32;16;10;5;64;10;1511128906;10;255;1511128926;0
32;16;10;5;64;10;1511128961;10;255;1511129063;0
32;16;10;5;64;10;1511129644;10;255;1511129670;0
32;16;10;5;64;10;1511129689;10;255;1511129894;1
32;16;10;5;64;10;1511129984;10;255;1511129991;0
32;16;10;5;64;10;1511130086;10;255;1511130289;1
32;16;10;5;64;10;1511130696;10;255;1511130747;0
32;16;10;5;64;10;1511130847;10;255;1511130954;0
32;16;10;5;64;10;1511131137;10;255;1511131201;0
32;16;10;5;64;10;1511131338;10;255;1511131546;1
32;16;10;5;64;10;1511131686;10;255;1511131756;0
32;16;10;5;64;10;1511132193;10;255;1511132282;0
32;16;10;5;64;10;1511132190;10;255;1511132352;0
32;16;10;5;64;10;1511132647;10;255;1511132683;0
32;16;10;5;64;10;1511132826;10;255;1511132884;0
32;16;10;5;64;10;1511133331;10;255;1511133455;0
32;16;10;5;64;10;1511133391;10;255;1511133595;1
32;16;10;5;64;10;1511133634;10;255;1511133667;0
32;16;10;5;64;10;1511133784;10;255;1511133838;0
32;16;10;5;64;10;1511134595;10;255;1511134640;0
32;16;10;5;64;10;1511134574;10;255;1511134654;0
32;16;10;5;64;10;1511134825;10;255;1511134922;0
32;16;10;5;64;10;1511134878;10;255;1511135014;0
32;16;10;5;64;10;1511135671;10;255;1511135817;0
32;16;10;5;64;10;1511135794;10;255;1511136003;1
32;16;10;5;64;10;1511135925;10;255;1511136013;0
32;16;10;5;64;10;1511135989;10;255;1511136195;1
32;16;10;5;64;10;1511136818;10;255;1511136865;0
32;16;10;5;64;10;1511137059;10;255;1511137266;1
32;16;10;5;64;10;1511137104;10;255;1511137312;1
32;16;10;5;64;10;1511137215;10;255;1511137420;1
32;16;10;5;64;10;1511137965;10;255;1511138060;0
32;16;10;5;64;10;1511138276;10;255;1511138391;0
32;16;10;5;64;10;1511138312;10;255;1511138481;0
32;16;10;5;64;10;1511138589;10;255;1511138793;1
32;16;10;5;64;10;1511139095;10;255;1511139299;1
32;16;10;5;64;10;1511139543;10;255;1511139614;0
32;16;10;5;64;10;1511139496;10;255;1511139703;1
32;16;10;5;64;10;1511139786;10;255;1511139919;0
32;16;10;5;64;10;1511140377;10;255;1511140541;0
32;16;10;5;64;10;1511140666;10;255;1511140876;1
32;16;10;5;64;10;1511140715;10;255;1511140921;1
32;16;10;5;64;10;1511140997;10;255;1511141007;0
32;16;10;5;64;10;1511141599;10;255;1511141618;0
32;16;10;5;64;10;1511141921;10;255;1511142082;0
32;16;10;5;64;10;1511141918;10;255;1511142125;1
32;16;10;5;64;10;1511142133;10;255;1511142200;0
32;16;10;5;64;10;1511142650;10;255;1511142682;0
32;16;10;5;64;10;1511143062;10;255;1511143154;0
32;16;10;5;64;10;1511143084;10;255;1511143292;1
32;16;10;5;64;10;1511143208;10;255;1511143378;0
32;16;10;5;64;10;1511143760;10;255;1511143896;0
32;16;10;5;64;10;1511144333;10;255;1511144347;0
32;16;10;5;64;10;1511144411;10;255;1511144447;0
32;16;10;5;64;10;1511144415;10;255;1511144453;0
32;16;10;5;64;10;1511144951;10;255;1511144958;0
32;16;10;5;64;10;1511145505;10;255;1511145581;0
32;16;10;5;64;10;1511145569;10;255;1511145599;0
32;16;10;5;64;10;1511145518;10;255;1511145717;0
32;16;10;5;64;10;1511145995;10;255;1511146199;1
32;16;10;5;64;10;1511146553;10;255;1511146651;0
32;16;10;5;64;10;1511146766;10;255;1511146776;0
32;16;10;5;64;10;1511146912;10;255;1511147000;0
32;16;10;5;64;10;1511147282;10;255;1511147487;1
32;16;10;5;64;10;1511147643;10;255;1511147848;1
32;16;10;5;64;10;1511148006;10;255;1511148051;0
32;16;10;5;64;10;1511147855;10;255;1511148061;1
32;16;10;5;64;10;1511148625;10;255;1511148680;0
32;16;10;5;64;10;1511148878;10;255;1511149083;1
32;16;10;5;64;10;1511149126;10;255;1511149254;0
32;16;10;5;64;10;1511149213;10;255;1511149420;1
32;16;10;5;64;10;1511149703;10;255;1511149909;1
32;16;10;5;64;10;1511150085;10;255;1511150158;0
32;16;10;5;64;10;1511150309;10;255;1511150380;0
32;16;10;5;64;10;1511150494;10;255;1511150500;0
32;16;10;5;64;10;1511150944;10;255;1511151153;1
32;16;10;5;64;10;1511151179;10;255;1511151330;0
32;16;10;5;64;10;1511151562;10;255;1511151654;0
32;16;10;5;64;10;1511151588;10;255;1511151793;1
32;16;10;5;64;10;1511152186;10;255;1511152396;1
32;16;10;5;64;10;1511152335;10;255;1511152539;1
32;16;10;5;64;10;1511152740;10;255;1511152778;0
32;16;10;5;64;10;1511152860;10;255;1511152933;0
32;16;10;5;64;10;1511153523;10;255;1511153555;0
32;16;10;5;64;10;1511153477;10;255;1511153641;0
32;16;10;5;64;10;1511153810;10;255;1511153894;0
32;16;10;5;64;10;1511153982;10;255;1511153992;0
32;16;10;5;64;10;1511154653;10;255;1511154691;0
32;16;10;5;64;10;1511154808;10;255;1511154856;0
32;16;10;5;64;10;1511154947;10;255;1511155152;1
32;16;10;5;64;10;1511155085;10;255;1511155291;1
32;16;10;5;64;10;1511155857;10;255;1511156065;1
32;16;10;5;64;10;1511156229;10;255;1511156254;0
32;16;10;5;64;10;1511156116;10;255;1511156272;0
32;16;10;5;64;10;1511156351;10;255;1511156556;1
32;16;10;5;64;10;1511157234;10;255;1511157297;0
32;16;10;5;64;10;1511157338;10;255;1511157406;0
32;16;10;5;64;10;1511157414;10;255;1511157516;0
32;16;10;5;64;10;1511157550;10;255;1511157756;1
32;16;10;5;64;10;1511158287;10;255;1511158374;0
32;16;10;5;64;10;1511158515;10;255;1511158636;0
32;16;10;5;64;10;1511158782;10;255;1511158833;0
32;16;10;5;64;10;1511158640;10;255;1511158844;1
32;16;10;5;64;10;1511159433;10;255;1511159462;0
32;16;10;5;64;10;1511159748;10;255;1511159821;0
32;16;10;5;64;10;1511159854;10;255;1511159895;0
32;16;10;5;64;10;1511159893;10;255;1511159926;0
32;16;10;5;64;10;1511160552;10;255;1511160594;0
32;16;10;5;64;10;1511160915;10;255;1511161035;0
32;16;10;5;64;10;1511160955;10;255;1511161045;0
32;16;10;5;64;10;1511160942;10;255;1511161146;1
32;16;10;5;64;10;1511161591;10;255;1511161598;0
32;16;10;5;64;10;1511162041;10;255;1511162249;1
32;16;10;5;64;10;1511162168;10;255;1511162281;0
32;16;10;5;64;10;1511162296;10;255;1511162346;0
32;16;10;5;64;10;1511162764;10;255;1511162831;0
32;16;10;5;64;10;1511163241;10;255;1511163283;0
32;16;10;5;64;10;1511163379;10;255;1511163455;0
32;16;10;5;64;10;1511163446;10;255;1511163472;0
32;16;10;5;64;10;1511163899;10;255;1511164002;0
32;16;10;5;64;10;1511164495;10;255;1511164577;0
32;16;10;5;64;10;1511164376;10;255;1511164583;1
32;16;10;5;64;10;1511164508;10;255;1511164717;1
32;16;10;5;64;10;1511164981;10;255;1511165063;0
32;16;10;5;64;10;1511165575;10;255;1511165675;0
32;16;10;5;64;10;1511165828;10;255;1511165838;0
32;16;10;5;64;10;1511165671;10;255;1511165878;1
32;16;10;5;64;10;1511166149;10;255;1511166336;0
32;16;10;5;64;10;1511166758;10;255;1511166793;0
32;16;10;5;64;10;1511166871;10;255;1511166896;0
32;16;10;5;64;10;1511166997;10;255;1511167072;0
32;16;10;5;64;10;1511167249;10;255;1511167295;0
32;16;10;5;64;10;1511167859;10;255;1511167947;0
32;16;10;5;64;10;1511168027;10;255;1511168096;0
32;16;10;5;64;10;1511167968;10;255;1511168174;1
32;16;10;5;64;10;1511168342;10;255;1511168448;0
32;16;10;5;64;10;1511168953;10;255;1511169157;1
32;16;10;5;64;10;1511169154;10;255;1511169259;0
32;16;10;5;64;10;1511169210;10;255;1511169379;0
32;16;10;5;64;10;1511169520;10;255;1511169550;0
32;16;10;5;64;10;1511170131;10;255;1511170168;0
32;16;10;5;64;10;1511170428;10;255;1511170474;0
32;16;10;5;64;10;1511170367;10;255;1511170601;1
32;16;10;5;64;10;1511170640;10;255;1511170747;0
32;16;10;5;64;10;1511171369;10;255;1511171576;1
32;16;10;5;64;10;1511171724;10;255;1511171790;0
32;16;10;5;64;10;1511171698;10;255;1511171798;0
32;16;10;5;64;10;1511171718;10;255;1511171805;0
