32;16;10;5;4;10;1510758301;10;255;1510758308;0
32;16;10;5;4;10;1510758298;10;255;1510758315;1
32;16;10;5;4;10;1510758304;10;255;1510758321;0
32;16;10;5;4;10;1510758313;10;255;1510758329;1
32;16;10;5;4;10;1510759353;10;255;1510759370;1
32;16;10;5;4;10;1510759575;10;255;1510759592;1
32;16;10;5;4;10;1510759624;10;255;1510759635;0
32;16;10;5;4;10;1510759690;10;255;1510759706;1
32;16;10;5;4;10;1510760614;10;255;1510760631;1
32;16;10;5;4;10;1510760821;10;255;1510760839;1
32;16;10;5;4;10;1510760827;10;255;1510760846;0
32;16;10;5;4;10;1510760872;10;255;1510760889;1
32;16;10;5;4;10;1510761683;10;255;1510761699;1
32;16;10;5;4;10;1510762029;10;255;1510762045;1
32;16;10;5;4;10;1510762170;10;255;1510762186;1
32;16;10;5;4;10;1510762234;10;255;1510762250;1
32;16;10;5;4;10;1510762882;10;255;1510762898;1
32;16;10;5;4;10;1510763100;10;255;1510763116;1
32;16;10;5;4;10;1510763323;10;255;1510763339;1
32;16;10;5;4;10;1510763361;10;255;1510763378;1
32;16;10;5;4;10;1510763848;10;255;1510763864;1
32;16;10;5;4;10;1510763967;10;255;1510763983;1
32;16;10;5;4;10;1510764361;10;255;1510764377;1
32;16;10;5;4;10;1510764534;10;255;1510764550;1
32;16;10;5;4;10;1510764878;10;255;1510764895;1
32;16;10;5;4;10;1510765051;10;255;1510765061;0
32;16;10;5;4;10;1510765602;10;255;1510765618;1
32;16;10;5;4;10;1510765741;10;255;1510765757;1
32;16;10;5;4;10;1510766101;10;255;1510766117;1
32;16;10;5;4;10;1510766136;10;255;1510766153;1
32;16;10;5;4;10;1510766975;10;255;1510766992;1
32;16;10;5;4;10;1510767119;10;255;1510767135;1
32;16;10;5;4;10;1510767156;10;255;1510767172;1
32;16;10;5;4;10;1510767209;10;255;1510767225;1
32;16;10;5;4;10;1510768233;10;255;1510768249;1
32;16;10;5;4;10;1510768280;10;255;1510768297;1
32;16;10;5;4;10;1510768500;10;255;1510768516;1
32;16;10;5;4;10;1510768586;10;255;1510768602;1
32;16;10;5;4;10;1510769144;10;255;1510769160;1
32;16;10;5;4;10;1510769427;10;255;1510769443;1
32;16;10;5;4;10;1510769673;10;255;1510769690;1
32;16;10;5;4;10;1510769704;10;255;1510769720;1
32;16;10;5;4;10;1510770484;10;255;1510770500;1
32;16;10;5;4;10;1510770524;10;255;1510770540;1
32;16;10;5;4;10;1510770813;10;255;1510770830;0
32;16;10;5;4;10;1510770921;10;255;1510770937;1
32;16;10;5;4;10;1510771607;10;255;1510771623;1
32;16;10;5;4;10;1510771720;10;255;1510771737;1
32;16;10;5;4;10;1510771927;10;255;1510771944;1
32;16;10;5;4;10;1510771954;10;255;1510771970;1
32;16;10;5;4;10;1510772712;10;255;1510772728;1
32;16;10;5;4;10;1510772943;10;255;1510772959;1
32;16;10;5;4;10;1510773029;10;255;1510773045;1
32;16;10;5;4;10;1510773288;10;255;1510773304;1
32;16;10;5;4;10;1510773890;10;255;1510773906;1
32;16;10;5;4;10;1510774224;10;255;1510774240;1
32;16;10;5;4;10;1510774284;10;255;1510774301;1
32;16;10;5;4;10;1510774489;10;255;1510774506;1
32;16;10;5;4;10;1510775150;10;255;1510775166;1
32;16;10;5;4;10;1510775464;10;255;1510775481;1
32;16;10;5;4;10;1510775483;10;255;1510775499;1
32;16;10;5;4;10;1510775546;10;255;1510775563;1
32;16;10;5;4;10;1510776320;10;255;1510776336;1
32;16;10;5;4;10;1510776476;10;255;1510776492;1
32;16;10;5;4;10;1510776646;10;255;1510776659;0
32;16;10;5;4;10;1510776648;10;255;1510776664;1
32;16;10;5;4;10;1510777424;10;255;1510777440;1
32;16;10;5;4;10;1510777552;10;255;1510777568;1
32;16;10;5;4;10;1510777807;10;255;1510777823;1
32;16;10;5;4;10;1510777822;10;255;1510777838;1
32;16;10;5;4;10;1510778583;10;255;1510778599;1
32;16;10;5;4;10;1510778827;10;255;1510778840;0
32;16;10;5;4;10;1510779053;10;255;1510779070;1
32;16;10;5;4;10;1510779111;10;255;1510779127;1
32;16;10;5;4;10;1510779683;10;255;1510779699;1
32;16;10;5;4;10;1510780025;10;255;1510780041;1
32;16;10;5;4;10;1510780115;10;255;1510780131;1
32;16;10;5;4;10;1510780203;10;255;1510780213;0
32;16;10;5;4;10;1510780957;10;255;1510780973;1
32;16;10;5;4;10;1510781296;10;255;1510781312;1
32;16;10;5;4;10;1510781358;10;255;1510781374;1
32;16;10;5;4;10;1510781375;10;255;1510781391;1
32;16;10;5;4;10;1510781979;10;255;1510781995;1
32;16;10;5;4;10;1510782401;10;255;1510782417;1
32;16;10;5;4;10;1510782534;10;255;1510782550;1
32;16;10;5;4;10;1510782631;10;255;1510782648;1
32;16;10;5;4;10;1510783291;10;255;1510783307;1
32;16;10;5;4;10;1510783588;10;255;1510783604;1
32;16;10;5;4;10;1510783646;10;255;1510783659;0
32;16;10;5;4;10;1510783682;10;255;1510783698;1
32;16;10;5;4;10;1510784539;10;255;1510784556;1
32;16;10;5;4;10;1510784686;10;255;1510784703;1
32;16;10;5;4;10;1510784790;10;255;1510784806;1
32;16;10;5;4;10;1510785041;10;255;1510785057;1
32;16;10;5;4;10;1510785655;10;255;1510785672;1
32;16;10;5;4;10;1510785673;10;255;1510785690;1
32;16;10;5;4;10;1510785932;10;255;1510785949;1
32;16;10;5;4;10;1510786310;10;255;1510786326;1
32;16;10;5;4;10;1510786757;10;255;1510786773;0
32;16;10;5;4;10;1510786831;10;255;1510786847;1
32;16;10;5;4;10;1510787256;10;255;1510787272;1
32;16;10;5;4;10;1510787390;10;255;1510787406;1
32;16;10;5;4;10;1510787902;10;255;1510787909;0
32;16;10;5;4;10;1510787966;10;255;1510787982;1
32;16;10;5;4;10;1510788376;10;255;1510788392;1
32;16;10;5;4;10;1510788561;10;255;1510788577;1
32;16;10;5;4;10;1510789060;10;255;1510789077;1
32;16;10;5;4;10;1510789128;10;255;1510789144;1
32;16;10;5;4;10;1510789379;10;255;1510789395;1
32;16;10;5;4;10;1510789823;10;255;1510789839;1
32;16;10;5;4;10;1510790141;10;255;1510790157;1
32;16;10;5;4;10;1510790303;10;255;1510790319;1
32;16;10;5;4;10;1510790579;10;255;1510790596;1
32;16;10;5;4;10;1510790930;10;255;1510790946;1
32;16;10;5;4;10;1510791126;10;255;1510791142;1
32;16;10;5;4;10;1510791424;10;255;1510791440;1
32;16;10;5;4;10;1510791570;10;255;1510791586;0
32;16;10;5;4;10;1510792189;10;255;1510792205;1
32;16;10;5;4;10;1510792282;10;255;1510792299;0
32;16;10;5;4;10;1510792433;10;255;1510792449;1
32;16;10;5;4;10;1510792805;10;255;1510792821;1
32;16;10;5;4;10;1510793273;10;255;1510793290;1
32;16;10;5;4;10;1510793411;10;255;1510793427;1
32;16;10;5;4;10;1510793718;10;255;1510793734;1
32;16;10;5;4;10;1510794135;10;255;1510794151;1
32;16;10;5;4;10;1510794387;10;255;1510794403;1
32;16;10;5;4;10;1510794410;10;255;1510794420;0
32;16;10;5;4;10;1510794750;10;255;1510794766;1
32;16;10;5;4;10;1510795295;10;255;1510795311;1
32;16;10;5;4;10;1510795488;10;255;1510795504;1
32;16;10;5;4;10;1510795529;10;255;1510795545;1
32;16;10;5;4;10;1510795875;10;255;1510795891;1
32;16;10;5;4;10;1510796625;10;255;1510796641;1
32;16;10;5;4;10;1510796643;10;255;1510796660;1
32;16;10;5;4;10;1510796673;10;255;1510796689;1
32;16;10;5;4;10;1510797032;10;255;1510797039;0
32;16;10;5;4;10;1510797647;10;255;1510797664;1
32;16;10;5;4;10;1510797776;10;255;1510797793;1
32;16;10;5;4;10;1510797823;10;255;1510797839;1
32;16;10;5;4;10;1510798215;10;255;1510798231;1
32;16;10;5;4;10;1510798808;10;255;1510798824;1
32;16;10;5;4;10;1510798928;10;255;1510798938;0
32;16;10;5;4;10;1510798937;10;255;1510798954;1
32;16;10;5;4;10;1510799440;10;255;1510799456;1
32;16;10;5;4;10;1510799899;10;255;1510799915;1
32;16;10;5;4;10;1510800173;10;255;1510800189;1
32;16;10;5;4;10;1510800249;10;255;1510800265;1
32;16;10;5;4;10;1510800449;10;255;1510800466;1
32;16;10;5;4;10;1510801105;10;255;1510801118;0
32;16;10;5;4;10;1510801435;10;255;1510801451;1
32;16;10;5;4;10;1510801455;10;255;1510801471;1
32;16;10;5;4;10;1510801612;10;255;1510801629;1
32;16;10;5;4;10;1510802116;10;255;1510802132;1
32;16;10;5;4;10;1510802752;10;255;1510802769;1
32;16;10;5;4;10;1510802755;10;255;1510802771;1
32;16;10;5;4;10;1510802782;10;255;1510802799;1
32;16;10;5;4;10;1510803099;10;255;1510803115;1
32;16;10;5;4;10;1510803866;10;255;1510803882;1
32;16;10;5;4;10;1510803990;10;255;1510804007;1
32;16;10;5;4;10;1510804049;10;255;1510804065;1
32;16;10;5;4;10;1510804199;10;255;1510804216;0
32;16;10;5;4;10;1510805157;10;255;1510805173;1
32;16;10;5;4;10;1510805178;10;255;1510805194;1
32;16;10;5;4;10;1510805338;10;255;1510805355;1
32;16;10;5;4;10;1510805481;10;255;1510805497;1
32;16;10;5;4;10;1510806299;10;255;1510806316;1
32;16;10;5;4;10;1510806309;10;255;1510806326;1
32;16;10;5;4;10;1510806501;10;255;1510806517;0
32;16;10;5;4;10;1510806599;10;255;1510806615;1
32;16;10;5;4;10;1510807384;10;255;1510807400;1
32;16;10;5;4;10;1510807448;10;255;1510807465;1
32;16;10;5;4;10;1510807504;10;255;1510807520;1
32;16;10;5;4;10;1510807979;10;255;1510807995;1
32;16;10;5;4;10;1510808497;10;255;1510808513;1
32;16;10;5;4;10;1510808762;10;255;1510808778;1
32;16;10;5;4;10;1510808844;10;255;1510808860;1
32;16;10;5;4;10;1510809060;10;255;1510809076;1
32;16;10;5;4;10;1510809570;10;255;1510809586;1
32;16;10;5;4;10;1510809861;10;255;1510809878;0
32;16;10;5;4;10;1510810167;10;255;1510810183;1
32;16;10;5;4;10;1510810176;10;255;1510810193;1
32;16;10;5;4;10;1510810675;10;255;1510810692;1
32;16;10;5;4;10;1510811199;10;255;1510811216;1
32;16;10;5;4;10;1510811338;10;255;1510811354;1
32;16;10;5;4;10;1510811421;10;255;1510811437;1
32;16;10;5;4;10;1510811960;10;255;1510811977;1
32;16;10;5;4;10;1510812474;10;255;1510812490;1
32;16;10;5;4;10;1510812491;10;255;1510812507;1
32;16;10;5;4;10;1510812544;10;255;1510812561;1
32;16;10;5;4;10;1510813100;10;255;1510813117;1
32;16;10;5;4;10;1510813721;10;255;1510813738;1
32;16;10;5;4;10;1510813741;10;255;1510813758;1
32;16;10;5;4;10;1510813876;10;255;1510813892;1
32;16;10;5;4;10;1510814397;10;255;1510814413;1
32;16;10;5;4;10;1510814774;10;255;1510814790;1
32;16;10;5;4;10;1510814854;10;255;1510814870;1
32;16;10;5;4;10;1510815032;10;255;1510815048;1
32;16;10;5;4;10;1510815736;10;255;1510815752;1
32;16;10;5;4;10;1510816032;10;255;1510816045;0
32;16;10;5;4;10;1510816254;10;255;1510816271;1
32;16;10;5;4;10;1510816273;10;255;1510816289;1
32;16;10;5;4;10;1510817044;10;255;1510817060;1
32;16;10;5;4;10;1510817255;10;255;1510817271;1
32;16;10;5;4;10;1510817460;10;255;1510817477;1
32;16;10;5;4;10;1510817466;10;255;1510817482;1
32;16;10;5;4;10;1510818096;10;255;1510818112;1
32;16;10;5;4;10;1510818368;10;255;1510818384;1
32;16;10;5;4;10;1510818654;10;255;1510818670;1
32;16;10;5;4;10;1510818693;10;255;1510818709;1
32;16;10;5;4;10;1510819333;10;255;1510819349;1
32;16;10;5;4;10;1510819643;10;255;1510819659;1
32;16;10;5;4;10;1510819751;10;255;1510819767;1
32;16;10;5;4;10;1510819817;10;255;1510819833;1
32;16;10;5;4;10;1510820743;10;255;1510820759;1
32;16;10;5;4;10;1510820874;10;255;1510820891;1
32;16;10;5;4;10;1510820927;10;255;1510820944;1
32;16;10;5;4;10;1510820970;10;255;1510820987;1
32;16;10;5;4;10;1510822024;10;255;1510822040;1
32;16;10;5;4;10;1510822064;10;255;1510822080;1
32;16;10;5;4;10;1510822136;10;255;1510822153;1
32;16;10;5;4;10;1510822164;10;255;1510822180;1
32;16;10;5;4;10;1510823092;10;255;1510823109;1
32;16;10;5;4;10;1510823138;10;255;1510823154;1
32;16;10;5;4;10;1510823166;10;255;1510823182;1
32;16;10;5;4;10;1510823386;10;255;1510823402;1
32;16;10;5;4;10;1510824278;10;255;1510824295;1
32;16;10;5;4;10;1510824374;10;255;1510824391;1
32;16;10;5;4;10;1510824474;10;255;1510824490;1
32;16;10;5;4;10;1510824607;10;255;1510824623;1
32;16;10;5;4;10;1510825538;10;255;1510825554;1
32;16;10;5;4;10;1510825606;10;255;1510825615;0
32;16;10;5;4;10;1510825696;10;255;1510825712;1
32;16;10;5;4;10;1510825745;10;255;1510825762;1
32;16;10;5;4;10;1510826673;10;255;1510826689;1
32;16;10;5;4;10;1510826767;10;255;1510826785;1
32;16;10;5;4;10;1510826814;10;255;1510826821;0
32;16;10;5;4;10;1510826876;10;255;1510826892;1
32;16;10;5;4;10;1510827794;10;255;1510827811;1
32;16;10;5;4;10;1510827909;10;255;1510827925;1
32;16;10;5;4;10;1510827988;10;255;1510828005;1
32;16;10;5;4;10;1510828239;10;255;1510828259;1
32;16;10;5;4;10;1510829129;10;255;1510829147;1
32;16;10;5;4;10;1510829193;10;255;1510829210;0
32;16;10;5;4;10;1510829216;10;255;1510829234;1
32;16;10;5;4;10;1510829445;10;255;1510829462;1
32;16;10;5;4;10;1510830362;10;255;1510830379;1
32;16;10;5;4;10;1510830372;10;255;1510830388;1
32;16;10;5;4;10;1510830425;10;255;1510830443;1
32;16;10;5;4;10;1510830597;10;255;1510830613;1
32;16;10;5;4;10;1510831412;10;255;1510831428;1
32;16;10;5;4;10;1510831624;10;255;1510831641;1
32;16;10;5;4;10;1510831649;10;255;1510831666;1
32;16;10;5;4;10;1510831707;10;255;1510831724;1
32;16;10;5;4;10;1510832694;10;255;1510832710;1
32;16;10;5;4;10;1510832769;10;255;1510832785;1
32;16;10;5;4;10;1510832961;10;255;1510832971;0
32;16;10;5;4;10;1510832983;10;255;1510832999;1
32;16;10;5;4;10;1510833911;10;255;1510833928;1
32;16;10;5;4;10;1510834059;10;255;1510834076;1
32;16;10;5;4;10;1510834060;10;255;1510834078;1
32;16;10;5;4;10;1510834277;10;255;1510834295;1
32;16;10;5;4;10;1510834990;10;255;1510835009;1
32;16;10;5;4;10;1510835038;10;255;1510835056;1
32;16;10;5;4;10;1510835385;10;255;1510835402;1
32;16;10;5;4;10;1510835513;10;255;1510835529;1
32;16;10;5;4;10;1510836196;10;255;1510836212;1
32;16;10;5;4;10;1510836333;10;255;1510836349;1
32;16;10;5;4;10;1510836435;10;255;1510836451;1
32;16;10;5;4;10;1510836622;10;255;1510836639;1
32;16;10;5;4;10;1510837467;10;255;1510837483;1
32;16;10;5;4;10;1510837752;10;255;1510837768;1
32;16;10;5;4;10;1510837778;10;255;1510837794;1
32;16;10;5;4;10;1510837795;10;255;1510837812;1
32;16;10;5;4;10;1510838773;10;255;1510838789;1
32;16;10;5;4;10;1510838963;10;255;1510838970;0
32;16;10;5;4;10;1510838995;10;255;1510839005;0
32;16;10;5;4;10;1510839033;10;255;1510839050;1
32;16;10;5;4;10;1510839916;10;255;1510839933;1
32;16;10;5;4;10;1510840017;10;255;1510840034;1
32;16;10;5;4;10;1510840129;10;255;1510840145;1
32;16;10;5;4;10;1510840354;10;255;1510840370;1
32;16;10;5;4;10;1510841037;10;255;1510841054;1
32;16;10;5;4;10;1510841259;10;255;1510841275;1
32;16;10;5;4;10;1510841374;10;255;1510841390;1
32;16;10;5;4;10;1510841481;10;255;1510841497;1
32;16;10;5;4;10;1510842247;10;255;1510842263;1
32;16;10;5;4;10;1510842398;10;255;1510842414;1
32;16;10;5;4;10;1510842545;10;255;1510842561;1
32;16;10;5;4;10;1510842745;10;255;1510842762;1
32;16;10;5;4;10;1510843395;10;255;1510843411;0
32;16;10;5;4;10;1510843432;10;255;1510843448;1
32;16;10;5;4;10;1510843744;10;255;1510843760;1
32;16;10;5;4;10;1510843808;10;255;1510843825;1
32;16;10;5;4;10;1510844549;10;255;1510844565;1
32;16;10;5;4;10;1510844660;10;255;1510844676;1
32;16;10;5;4;10;1510844881;10;255;1510844897;1
32;16;10;5;4;10;1510844996;10;255;1510845013;1
32;16;10;5;4;10;1510845580;10;255;1510845597;1
32;16;10;5;4;10;1510845913;10;255;1510845929;1
32;16;10;5;4;10;1510845965;10;255;1510845982;1
32;16;10;5;4;10;1510846050;10;255;1510846066;1
32;16;10;5;4;10;1510846652;10;255;1510846669;1
32;16;10;5;4;10;1510847197;10;255;1510847205;0
32;16;10;5;4;10;1510847232;10;255;1510847249;1
32;16;10;5;4;10;1510847342;10;255;1510847361;1
32;16;10;5;4;10;1510847734;10;255;1510847754;1
32;16;10;5;4;10;1510848494;10;255;1510848512;1
32;16;10;5;4;10;1510848578;10;255;1510848595;1
32;16;10;5;4;10;1510848603;10;255;1510848620;1
32;16;10;5;4;10;1510848832;10;255;1510848849;1
32;16;10;5;4;10;1510849777;10;255;1510849796;1
32;16;10;5;4;10;1510849921;10;255;1510849939;1
32;16;10;5;4;10;1510849939;10;255;1510849955;1
32;16;10;5;4;10;1510850073;10;255;1510850092;1
32;16;10;5;4;10;1510851031;10;255;1510851048;1
32;16;10;5;4;10;1510851201;10;255;1510851217;1
32;16;10;5;4;10;1510851218;10;255;1510851235;1
32;16;10;5;4;10;1510851329;10;255;1510851345;1
32;16;10;5;4;10;1510852128;10;255;1510852145;1
32;16;10;5;4;10;1510852366;10;255;1510852382;1
32;16;10;5;4;10;1510852412;10;255;1510852428;1
32;16;10;5;4;10;1510852420;10;255;1510852436;1
32;16;10;5;4;10;1510853357;10;255;1510853373;1
32;16;10;5;4;10;1510853482;10;255;1510853498;1
32;16;10;5;4;10;1510853602;10;255;1510853618;1
32;16;10;5;4;10;1510853666;10;255;1510853682;1
32;16;10;5;4;10;1510854589;10;255;1510854605;1
32;16;10;5;4;10;1510854626;10;255;1510854642;1
32;16;10;5;4;10;1510854713;10;255;1510854730;1
32;16;10;5;4;10;1510854725;10;255;1510854741;1
32;16;10;5;4;10;1510855622;10;255;1510855638;1
32;16;10;5;4;10;1510855688;10;255;1510855704;1
32;16;10;5;4;10;1510855742;10;255;1510855758;1
32;16;10;5;4;10;1510855786;10;255;1510855802;1
32;16;10;5;4;10;1510856693;10;255;1510856710;1
32;16;10;5;4;10;1510856742;10;255;1510856758;1
32;16;10;5;4;10;1510856917;10;255;1510856933;1
32;16;10;5;4;10;1510857024;10;255;1510857040;1
32;16;10;5;4;10;1510857878;10;255;1510857894;0
32;16;10;5;4;10;1510858011;10;255;1510858027;1
32;16;10;5;4;10;1510858123;10;255;1510858139;1
32;16;10;5;4;10;1510858376;10;255;1510858386;0
32;16;10;5;4;10;1510858953;10;255;1510858960;0
32;16;10;5;4;10;1510859050;10;255;1510859066;1
32;16;10;5;4;10;1510859138;10;255;1510859154;1
32;16;10;5;4;10;1510859377;10;255;1510859393;1
32;16;10;5;4;10;1510860167;10;255;1510860183;1
32;16;10;5;4;10;1510860182;10;255;1510860198;1
32;16;10;5;4;10;1510860260;10;255;1510860276;1
32;16;10;5;4;10;1510860591;10;255;1510860607;1
32;16;10;5;4;10;1510861162;10;255;1510861178;1
32;16;10;5;4;10;1510861333;10;255;1510861349;1
32;16;10;5;4;10;1510861375;10;255;1510861391;1
32;16;10;5;4;10;1510861938;10;255;1510861954;1
32;16;10;5;4;10;1510862197;10;255;1510862213;1
32;16;10;5;4;10;1510862483;10;255;1510862499;1
32;16;10;5;4;10;1510862492;10;255;1510862508;1
32;16;10;5;4;10;1510863222;10;255;1510863238;1
32;16;10;5;4;10;1510863471;10;255;1510863487;1
32;16;10;5;4;10;1510863511;10;255;1510863527;1
32;16;10;5;4;10;1510863739;10;255;1510863755;1
32;16;10;5;4;10;1510864252;10;255;1510864268;1
32;16;10;5;4;10;1510864512;10;255;1510864528;1
32;16;10;5;4;10;1510864678;10;255;1510864694;1
32;16;10;5;4;10;1510864879;10;255;1510864895;1
32;16;10;5;4;10;1510865433;10;255;1510865449;1
32;16;10;5;4;10;1510865672;10;255;1510865688;1
32;16;10;5;4;10;1510865725;10;255;1510865741;1
32;16;10;5;4;10;1510865956;10;255;1510865972;1
32;16;10;5;4;10;1510866574;10;255;1510866590;1
32;16;10;5;4;10;1510866659;10;255;1510866675;1
32;16;10;5;4;10;1510866990;10;255;1510867006;1
32;16;10;5;4;10;1510867051;10;255;1510867068;1
32;16;10;5;4;10;1510867795;10;255;1510867811;1
32;16;10;5;4;10;1510867854;10;255;1510867870;1
32;16;10;5;4;10;1510868270;10;255;1510868286;1
32;16;10;5;4;10;1510868404;10;255;1510868420;1
32;16;10;5;4;10;1510868983;10;255;1510868999;1
32;16;10;5;4;10;1510868990;10;255;1510869006;1
32;16;10;5;4;10;1510869460;10;255;1510869476;1
32;16;10;5;4;10;1510869480;10;255;1510869496;1
32;16;10;5;4;10;1510870126;10;255;1510870142;1
32;16;10;5;4;10;1510870207;10;255;1510870223;1
32;16;10;5;4;10;1510870511;10;255;1510870527;1
32;16;10;5;4;10;1510870745;10;255;1510870761;1
32;16;10;5;4;10;1510871275;10;255;1510871291;1
32;16;10;5;4;10;1510871317;10;255;1510871334;1
32;16;10;5;4;10;1510871744;10;255;1510871760;1
32;16;10;5;4;10;1510871890;10;255;1510871906;1
32;16;10;5;4;10;1510872430;10;255;1510872446;1
32;16;10;5;4;10;1510872504;10;255;1510872520;1
32;16;10;5;4;10;1510873021;10;255;1510873037;1
32;16;10;5;4;10;1510873068;10;255;1510873084;1
32;16;10;5;4;10;1510873519;10;255;1510873535;1
32;16;10;5;4;10;1510873854;10;255;1510873870;1
32;16;10;5;4;10;1510874101;10;255;1510874114;0
32;16;10;5;4;10;1510874353;10;255;1510874360;0
32;16;10;5;4;10;1510874639;10;255;1510874655;1
32;16;10;5;4;10;1510874971;10;255;1510874987;1
32;16;10;5;4;10;1510875218;10;255;1510875234;1
32;16;10;5;4;10;1510875436;10;255;1510875452;1
32;16;10;5;4;10;1510875951;10;255;1510875967;1
32;16;10;5;4;10;1510876279;10;255;1510876295;1
32;16;10;5;4;10;1510876288;10;255;1510876305;1
32;16;10;5;4;10;1510876622;10;255;1510876638;1
32;16;10;5;4;10;1510876979;10;255;1510876995;1
32;16;10;5;4;10;1510877500;10;255;1510877516;1
32;16;10;5;4;10;1510877525;10;255;1510877541;1
32;16;10;5;4;10;1510877859;10;255;1510877875;1
32;16;10;5;4;10;1510878174;10;255;1510878190;1
32;16;10;5;4;10;1510878600;10;255;1510878616;1
32;16;10;5;4;10;1510878798;10;255;1510878814;1
32;16;10;5;4;10;1510878866;10;255;1510878882;1
32;16;10;5;4;10;1510879440;10;255;1510879456;1
32;16;10;5;4;10;1510879706;10;255;1510879722;1
32;16;10;5;4;10;1510880029;10;255;1510880045;1
32;16;10;5;4;10;1510880212;10;255;1510880219;0
32;16;10;5;4;10;1510880501;10;255;1510880517;1
32;16;10;5;4;10;1510880915;10;255;1510880931;1
32;16;10;5;4;10;1510881282;10;255;1510881298;1
32;16;10;5;4;10;1510881348;10;255;1510881364;1
32;16;10;5;4;10;1510881577;10;255;1510881594;1
32;16;10;5;4;10;1510881954;10;255;1510881971;1
32;16;10;5;4;10;1510882366;10;255;1510882382;1
32;16;10;5;4;10;1510882393;10;255;1510882409;1
32;16;10;5;4;10;1510882893;10;255;1510882909;1
32;16;10;5;4;10;1510883079;10;255;1510883096;1
32;16;10;5;4;10;1510883495;10;255;1510883511;1
32;16;10;5;4;10;1510883625;10;255;1510883641;1
32;16;10;5;4;10;1510884271;10;255;1510884287;1
32;16;10;5;4;10;1510884303;10;255;1510884319;1
32;16;10;5;4;10;1510884773;10;255;1510884789;1
32;16;10;5;4;10;1510884794;10;255;1510884810;1
32;16;10;5;4;10;1510885248;10;255;1510885264;1
32;16;10;5;4;10;1510885557;10;255;1510885573;1
32;16;10;5;4;10;1510885958;10;255;1510885974;1
32;16;10;5;4;10;1510886086;10;255;1510886099;0
32;16;10;5;4;10;1510886219;10;255;1510886235;1
32;16;10;5;4;10;1510886629;10;255;1510886645;1
32;16;10;5;4;10;1510887185;10;255;1510887201;1
32;16;10;5;4;10;1510887307;10;255;1510887323;1
32;16;10;5;4;10;1510887309;10;255;1510887325;1
32;16;10;5;4;10;1510887661;10;255;1510887677;1
32;16;10;5;4;10;1510888268;10;255;1510888284;1
32;16;10;5;4;10;1510888344;10;255;1510888360;1
32;16;10;5;4;10;1510888583;10;255;1510888599;1
32;16;10;5;4;10;1510888889;10;255;1510888905;1
32;16;10;5;4;10;1510889427;10;255;1510889443;1
32;16;10;5;4;10;1510889451;10;255;1510889467;1
32;16;10;5;4;10;1510889788;10;255;1510889805;1
32;16;10;5;4;10;1510890105;10;255;1510890121;1
32;16;10;5;4;10;1510890512;10;255;1510890522;0
32;16;10;5;4;10;1510890699;10;255;1510890715;1
32;16;10;5;4;10;1510890852;10;255;1510890868;1
32;16;10;5;4;10;1510891302;10;255;1510891318;1
32;16;10;5;4;10;1510891823;10;255;1510891840;1
32;16;10;5;4;10;1510891846;10;255;1510891862;1
32;16;10;5;4;10;1510891846;10;255;1510891862;1
32;16;10;5;4;10;1510892531;10;255;1510892547;1
32;16;10;5;4;10;1510892862;10;255;1510892878;1
32;16;10;5;4;10;1510892919;10;255;1510892935;1
32;16;10;5;4;10;1510892967;10;255;1510892984;1
32;16;10;5;4;10;1510893740;10;255;1510893757;1
32;16;10;5;4;10;1510894020;10;255;1510894036;1
32;16;10;5;4;10;1510894300;10;255;1510894313;0
32;16;10;5;4;10;1510894324;10;255;1510894341;1
32;16;10;5;4;10;1510894963;10;255;1510894979;1
32;16;10;5;4;10;1510895007;10;255;1510895023;1
32;16;10;5;4;10;1510895489;10;255;1510895505;1
32;16;10;5;4;10;1510895517;10;255;1510895530;0
32;16;10;5;4;10;1510896085;10;255;1510896101;1
32;16;10;5;4;10;1510896090;10;255;1510896106;1
32;16;10;5;4;10;1510896473;10;255;1510896489;1
32;16;10;5;4;10;1510896718;10;255;1510896734;1
32;16;10;5;4;10;1510897069;10;255;1510897085;1
32;16;10;5;4;10;1510897127;10;255;1510897143;1
32;16;10;5;4;10;1510897611;10;255;1510897627;1
32;16;10;5;4;10;1510897791;10;255;1510897807;1
32;16;10;5;4;10;1510898061;10;255;1510898077;1
32;16;10;5;4;10;1510898072;10;255;1510898088;1
32;16;10;5;4;10;1510898859;10;255;1510898875;1
32;16;10;5;4;10;1510899138;10;255;1510899154;1
32;16;10;5;4;10;1510899164;10;255;1510899180;1
32;16;10;5;4;10;1510899280;10;255;1510899296;1
32;16;10;5;4;10;1510899940;10;255;1510899957;1
32;16;10;5;4;10;1510900380;10;255;1510900396;0
32;16;10;5;4;10;1510900388;10;255;1510900404;1
32;16;10;5;4;10;1510900392;10;255;1510900408;1
32;16;10;5;4;10;1510901120;10;255;1510901136;1
32;16;10;5;4;10;1510901535;10;255;1510901551;1
32;16;10;5;4;10;1510901560;10;255;1510901576;1
32;16;10;5;4;10;1510901581;10;255;1510901597;1
32;16;10;5;4;10;1510902423;10;255;1510902439;1
32;16;10;5;4;10;1510902647;10;255;1510902660;0
32;16;10;5;4;10;1510902745;10;255;1510902761;1
32;16;10;5;4;10;1510902787;10;255;1510902803;1
32;16;10;5;4;10;1510903739;10;255;1510903756;1
32;16;10;5;4;10;1510903785;10;255;1510903802;1
32;16;10;5;4;10;1510903919;10;255;1510903935;1
32;16;10;5;4;10;1510904071;10;255;1510904087;1
32;16;10;5;4;10;1510904790;10;255;1510904806;1
32;16;10;5;4;10;1510904968;10;255;1510904984;1
32;16;10;5;4;10;1510905049;10;255;1510905065;1
32;16;10;5;4;10;1510905362;10;255;1510905378;1
32;16;10;5;4;10;1510905897;10;255;1510905913;1
32;16;10;5;4;10;1510906187;10;255;1510906200;0
32;16;10;5;4;10;1510906244;10;255;1510906260;1
32;16;10;5;4;10;1510906383;10;255;1510906399;1
32;16;10;5;4;10;1510907110;10;255;1510907126;1
32;16;10;5;4;10;1510907341;10;255;1510907357;1
32;16;10;5;4;10;1510907463;10;255;1510907479;1
32;16;10;5;4;10;1510907737;10;255;1510907753;1
32;16;10;5;4;10;1510908202;10;255;1510908218;1
32;16;10;5;4;10;1510908461;10;255;1510908477;1
32;16;10;5;4;10;1510908694;10;255;1510908710;1
32;16;10;5;4;10;1510908896;10;255;1510908913;1
32;16;10;5;4;10;1510909473;10;255;1510909489;1
32;16;10;5;4;10;1510909634;10;255;1510909650;1
32;16;10;5;4;10;1510909744;10;255;1510909760;1
32;16;10;5;4;10;1510910093;10;255;1510910109;1
32;16;10;5;4;10;1510910615;10;255;1510910631;1
32;16;10;5;4;10;1510910661;10;255;1510910677;1
32;16;10;5;4;10;1510910968;10;255;1510910984;1
32;16;10;5;4;10;1510911282;10;255;1510911298;1
32;16;10;5;4;10;1510911832;10;255;1510911848;1
32;16;10;5;4;10;1510912056;10;255;1510912072;1
32;16;10;5;4;10;1510912290;10;255;1510912306;1
32;16;10;5;4;10;1510912491;10;255;1510912507;1
32;16;10;5;4;10;1510912965;10;255;1510912981;1
32;16;10;5;4;10;1510913067;10;255;1510913083;1
32;16;10;5;4;10;1510913677;10;255;1510913693;1
32;16;10;5;4;10;1510913711;10;255;1510913727;1
32;16;10;5;4;10;1510914089;10;255;1510914105;1
32;16;10;5;4;10;1510914123;10;255;1510914139;1
32;16;10;5;4;10;1510914848;10;255;1510914864;1
32;16;10;5;4;10;1510914944;10;255;1510914960;1
32;16;10;5;4;10;1510915314;10;255;1510915330;1
32;16;10;5;4;10;1510915316;10;255;1510915332;1
32;16;10;5;4;10;1510915883;10;255;1510915899;1
32;16;10;5;4;10;1510915913;10;255;1510915929;1
32;16;10;5;4;10;1510916320;10;255;1510916336;1
32;16;10;5;4;10;1510916515;10;255;1510916531;1
32;16;10;5;4;10;1510917097;10;255;1510917113;1
32;16;10;5;4;10;1510917133;10;255;1510917140;0
32;16;10;5;4;10;1510917559;10;255;1510917575;1
32;16;10;5;4;10;1510917567;10;255;1510917583;1
32;16;10;5;4;10;1510918173;10;255;1510918189;1
32;16;10;5;4;10;1510918411;10;255;1510918427;1
32;16;10;5;4;10;1510918785;10;255;1510918801;1
32;16;10;5;4;10;1510918795;10;255;1510918811;1
32;16;10;5;4;10;1510919509;10;255;1510919525;1
32;16;10;5;4;10;1510919664;10;255;1510919680;1
32;16;10;5;4;10;1510920008;10;255;1510920024;1
32;16;10;5;4;10;1510920059;10;255;1510920075;1
32;16;10;5;4;10;1510920649;10;255;1510920665;0
32;16;10;5;4;10;1510920768;10;255;1510920785;1
32;16;10;5;4;10;1510921220;10;255;1510921236;1
32;16;10;5;4;10;1510921359;10;255;1510921376;1
32;16;10;5;4;10;1510921701;10;255;1510921717;1
32;16;10;5;4;10;1510921836;10;255;1510921852;1
32;16;10;5;4;10;1510922440;10;255;1510922456;1
32;16;10;5;4;10;1510922691;10;255;1510922707;1
32;16;10;5;4;10;1510922773;10;255;1510922789;1
32;16;10;5;4;10;1510922781;10;255;1510922797;1
32;16;10;5;4;10;1510923666;10;255;1510923682;1
32;16;10;5;4;10;1510923789;10;255;1510923805;1
32;16;10;5;4;10;1510923979;10;255;1510923995;1
32;16;10;5;4;10;1510924166;10;255;1510924183;1
32;16;10;5;4;10;1510924902;10;255;1510924918;1
32;16;10;5;4;10;1510924958;10;255;1510924971;0
32;16;10;5;4;10;1510925095;10;255;1510925111;1
32;16;10;5;4;10;1510925183;10;255;1510925199;1
32;16;10;5;4;10;1510925972;10;255;1510925988;1
32;16;10;5;4;10;1510925980;10;255;1510925996;1
32;16;10;5;4;10;1510926049;10;255;1510926065;1
32;16;10;5;4;10;1510926461;10;255;1510926477;1
32;16;10;5;4;10;1510926975;10;255;1510926991;1
32;16;10;5;4;10;1510927128;10;255;1510927144;1
32;16;10;5;4;10;1510927185;10;255;1510927201;1
32;16;10;5;4;10;1510927490;10;255;1510927500;0
32;16;10;5;4;10;1510928076;10;255;1510928092;1
32;16;10;5;4;10;1510928225;10;255;1510928242;1
32;16;10;5;4;10;1510928300;10;255;1510928316;1
32;16;10;5;4;10;1510928842;10;255;1510928858;1
32;16;10;5;4;10;1510929208;10;255;1510929224;1
32;16;10;5;4;10;1510929241;10;255;1510929257;1
32;16;10;5;4;10;1510929276;10;255;1510929293;1
32;16;10;5;4;10;1510930107;10;255;1510930123;1
32;16;10;5;4;10;1510930291;10;255;1510930307;1
32;16;10;5;4;10;1510930302;10;255;1510930318;1
32;16;10;5;4;10;1510930374;10;255;1510930390;1
32;16;10;5;4;10;1510931323;10;255;1510931339;1
32;16;10;5;4;10;1510931416;10;255;1510931432;1
32;16;10;5;4;10;1510931576;10;255;1510931592;1
32;16;10;5;4;10;1510931589;10;255;1510931606;1
32;16;10;5;4;10;1510932292;10;255;1510932308;1
32;16;10;5;4;10;1510932623;10;255;1510932639;1
32;16;10;5;4;10;1510932662;10;255;1510932678;1
32;16;10;5;4;10;1510932730;10;255;1510932746;1
32;16;10;5;4;10;1510933499;10;255;1510933515;1
32;16;10;5;4;10;1510933653;10;255;1510933670;1
32;16;10;5;4;10;1510933879;10;255;1510933895;1
32;16;10;5;4;10;1510933998;10;255;1510934014;1
32;16;10;5;4;10;1510934681;10;255;1510934697;1
32;16;10;5;4;10;1510934782;10;255;1510934798;1
32;16;10;5;4;10;1510934967;10;255;1510934983;1
32;16;10;5;4;10;1510935246;10;255;1510935262;1
32;16;10;5;4;10;1510935819;10;255;1510935835;1
32;16;10;5;4;10;1510936008;10;255;1510936024;1
32;16;10;5;4;10;1510936134;10;255;1510936150;1
32;16;10;5;4;10;1510936484;10;255;1510936491;0
32;16;10;5;4;10;1510936950;10;255;1510936966;0
32;16;10;5;4;10;1510937050;10;255;1510937067;1
32;16;10;5;4;10;1510937103;10;255;1510937119;1
32;16;10;5;4;10;1510937751;10;255;1510937768;1
32;16;10;5;4;10;1510938159;10;255;1510938175;1
32;16;10;5;4;10;1510938179;10;255;1510938195;1
32;16;10;5;4;10;1510938196;10;255;1510938212;1
32;16;10;5;4;10;1510938838;10;255;1510938855;1
32;16;10;5;4;10;1510939244;10;255;1510939260;1
32;16;10;5;4;10;1510939394;10;255;1510939410;1
32;16;10;5;4;10;1510939428;10;255;1510939444;1
32;16;10;5;4;10;1510940103;10;255;1510940119;1
32;16;10;5;4;10;1510940462;10;255;1510940478;1
32;16;10;5;4;10;1510940480;10;255;1510940497;1
32;16;10;5;4;10;1510940533;10;255;1510940549;1
32;16;10;5;4;10;1510941194;10;255;1510941210;1
32;16;10;5;4;10;1510941660;10;255;1510941677;1
32;16;10;5;4;10;1510941746;10;255;1510941756;0
32;16;10;5;4;10;1510941850;10;255;1510941866;1
32;16;10;5;4;10;1510942222;10;255;1510942235;0
32;16;10;5;4;10;1510942846;10;255;1510942862;1
32;16;10;5;4;10;1510942907;10;255;1510942923;1
32;16;10;5;4;10;1510942985;10;255;1510943001;1
32;16;10;5;4;10;1510943572;10;255;1510943588;1
32;16;10;5;4;10;1510943844;10;255;1510943860;1
32;16;10;5;4;10;1510943924;10;255;1510943940;1
32;16;10;5;4;10;1510944048;10;255;1510944064;1
32;16;10;5;4;10;1510944688;10;255;1510944704;1
32;16;10;5;4;10;1510944860;10;255;1510944876;1
32;16;10;5;4;10;1510945143;10;255;1510945159;0
32;16;10;5;4;10;1510945281;10;255;1510945298;1
32;16;10;5;4;10;1510945942;10;255;1510945958;1
32;16;10;5;4;10;1510945983;10;255;1510946000;1
32;16;10;5;4;10;1510946253;10;255;1510946269;1
32;16;10;5;4;10;1510946489;10;255;1510946505;1
32;16;10;5;4;10;1510947212;10;255;1510947228;1
32;16;10;5;4;10;1510947237;10;255;1510947253;1
32;16;10;5;4;10;1510947442;10;255;1510947458;0
32;16;10;5;4;10;1510947759;10;255;1510947775;1
32;16;10;5;4;10;1510948244;10;255;1510948260;1
32;16;10;5;4;10;1510948363;10;255;1510948379;1
32;16;10;5;4;10;1510948584;10;255;1510948600;1
32;16;10;5;4;10;1510949095;10;255;1510949112;1
32;16;10;5;4;10;1510949304;10;255;1510949320;1
32;16;10;5;4;10;1510949464;10;255;1510949480;1
32;16;10;5;4;10;1510949660;10;255;1510949676;1
32;16;10;5;4;10;1510950193;10;255;1510950210;1
32;16;10;5;4;10;1510950552;10;255;1510950559;0
32;16;10;5;4;10;1510950589;10;255;1510950605;1
32;16;10;5;4;10;1510950792;10;255;1510950808;1
32;16;10;5;4;10;1510951307;10;255;1510951323;1
32;16;10;5;4;10;1510951633;10;255;1510951649;1
32;16;10;5;4;10;1510951861;10;255;1510951878;1
32;16;10;5;4;10;1510952014;10;255;1510952024;0
32;16;10;5;4;10;1510952652;10;255;1510952668;1
32;16;10;5;4;10;1510952655;10;255;1510952671;1
32;16;10;5;4;10;1510952826;10;255;1510952842;1
32;16;10;5;4;10;1510953276;10;255;1510953292;1
32;16;10;5;4;10;1510953759;10;255;1510953776;1
32;16;10;5;4;10;1510953838;10;255;1510953854;1
32;16;10;5;4;10;1510953924;10;255;1510953934;0
32;16;10;5;4;10;1510954383;10;255;1510954399;1
32;16;10;5;4;10;1510954748;10;255;1510954764;1
32;16;10;5;4;10;1510955004;10;255;1510955020;1
32;16;10;5;4;10;1510955062;10;255;1510955079;1
32;16;10;5;4;10;1510955424;10;255;1510955440;1
32;16;10;5;4;10;1510955977;10;255;1510955994;1
32;16;10;5;4;10;1510956009;10;255;1510956025;1
32;16;10;5;4;10;1510956241;10;255;1510956257;1
32;16;10;5;4;10;1510956465;10;255;1510956482;1
32;16;10;5;4;10;1510956999;10;255;1510957015;1
32;16;10;5;4;10;1510957098;10;255;1510957114;1
32;16;10;5;4;10;1510957348;10;255;1510957364;1
32;16;10;5;4;10;1510957728;10;255;1510957744;1
32;16;10;5;4;10;1510958218;10;255;1510958234;1
32;16;10;5;4;10;1510958367;10;255;1510958383;1
32;16;10;5;4;10;1510958478;10;255;1510958494;1
32;16;10;5;4;10;1510958949;10;255;1510958965;1
32;16;10;5;4;10;1510959255;10;255;1510959272;1
32;16;10;5;4;10;1510959418;10;255;1510959434;1
32;16;10;5;4;10;1510959490;10;255;1510959497;0
32;16;10;5;4;10;1510960270;10;255;1510960287;1
32;16;10;5;4;10;1510960430;10;255;1510960446;1
32;16;10;5;4;10;1510960680;10;255;1510960696;1
32;16;10;5;4;10;1510960769;10;255;1510960785;1
32;16;10;5;4;10;1510961328;10;255;1510961344;1
32;16;10;5;4;10;1510961618;10;255;1510961634;1
32;16;10;5;4;10;1510961721;10;255;1510961738;1
32;16;10;5;4;10;1510961954;10;255;1510961970;1
32;16;10;5;4;10;1510962569;10;255;1510962586;1
32;16;10;5;4;10;1510962835;10;255;1510962851;1
32;16;10;5;4;10;1510962955;10;255;1510962972;1
32;16;10;5;4;10;1510962959;10;255;1510962975;1
32;16;10;5;4;10;1510963586;10;255;1510963602;1
32;16;10;5;4;10;1510963810;10;255;1510963826;1
32;16;10;5;4;10;1510964266;10;255;1510964282;1
32;16;10;5;4;10;1510964287;10;255;1510964304;1
32;16;10;5;4;10;1510964846;10;255;1510964862;1
32;16;10;5;4;10;1510965081;10;255;1510965097;1
32;16;10;5;4;10;1510965307;10;255;1510965323;1
32;16;10;5;4;10;1510965596;10;255;1510965612;1
32;16;10;5;4;10;1510965938;10;255;1510965954;1
32;16;10;5;4;10;1510966302;10;255;1510966318;1
32;16;10;5;4;10;1510966489;10;255;1510966505;1
32;16;10;5;4;10;1510966756;10;255;1510966773;0
32;16;10;5;4;10;1510966951;10;255;1510966967;1
32;16;10;5;4;10;1510967513;10;255;1510967529;1
32;16;10;5;4;10;1510967656;10;255;1510967672;1
32;16;10;5;4;10;1510967892;10;255;1510967908;1
32;16;10;5;4;10;1510968081;10;255;1510968097;1
32;16;10;5;4;10;1510968793;10;255;1510968809;1
32;16;10;5;4;10;1510968804;10;255;1510968820;1
32;16;10;5;4;10;1510969097;10;255;1510969113;1
32;16;10;5;4;10;1510969469;10;255;1510969486;1
32;16;10;5;4;10;1510969952;10;255;1510969968;1
32;16;10;5;4;10;1510970103;10;255;1510970119;0
32;16;10;5;4;10;1510970297;10;255;1510970313;1
32;16;10;5;4;10;1510970683;10;255;1510970699;1
32;16;10;5;4;10;1510971151;10;255;1510971167;1
32;16;10;5;4;10;1510971375;10;255;1510971391;1
32;16;10;5;4;10;1510971400;10;255;1510971416;1
32;16;10;5;4;10;1510971814;10;255;1510971831;1
32;16;10;5;4;10;1510972379;10;255;1510972395;1
32;16;10;5;4;10;1510972560;10;255;1510972576;1
32;16;10;5;4;10;1510972732;10;255;1510972748;1
32;16;10;5;4;10;1510973001;10;255;1510973014;0
32;16;10;5;4;10;1510973627;10;255;1510973643;1
32;16;10;5;4;10;1510973820;10;255;1510973830;0
32;16;10;5;4;10;1510973952;10;255;1510973968;1
32;16;10;5;4;10;1510974045;10;255;1510974061;1
32;16;10;5;4;10;1510974599;10;255;1510974615;1
32;16;10;5;4;10;1510974946;10;255;1510974962;1
32;16;10;5;4;10;1510974946;10;255;1510974963;1
32;16;10;5;4;10;1510975269;10;255;1510975285;1
32;16;10;5;4;10;1510975639;10;255;1510975652;0
32;16;10;5;4;10;1510976133;10;255;1510976150;1
32;16;10;5;4;10;1510976171;10;255;1510976187;1
32;16;10;5;4;10;1510976504;10;255;1510976521;1
32;16;10;5;4;10;1510976818;10;255;1510976834;1
32;16;10;5;4;10;1510977334;10;255;1510977350;1
32;16;10;5;4;10;1510977366;10;255;1510977382;1
32;16;10;5;4;10;1510977666;10;255;1510977682;1
32;16;10;5;4;10;1510978123;10;255;1510978139;1
32;16;10;5;4;10;1510978268;10;255;1510978284;1
32;16;10;5;4;10;1510978416;10;255;1510978432;1
32;16;10;5;4;10;1510978811;10;255;1510978827;1
32;16;10;5;4;10;1510979313;10;255;1510979329;1
32;16;10;5;4;10;1510979442;10;255;1510979458;1
32;16;10;5;4;10;1510979569;10;255;1510979585;1
32;16;10;5;4;10;1510980077;10;255;1510980093;1
32;16;10;5;4;10;1510980592;10;255;1510980608;1
32;16;10;5;4;10;1510980736;10;255;1510980752;1
32;16;10;5;4;10;1510980774;10;255;1510980791;1
32;16;10;5;4;10;1510981176;10;255;1510981186;0
32;16;10;5;4;10;1510981714;10;255;1510981730;1
32;16;10;5;4;10;1510981875;10;255;1510981891;1
32;16;10;5;4;10;1510981945;10;255;1510981961;1
32;16;10;5;4;10;1510982344;10;255;1510982360;1
32;16;10;5;4;10;1510982903;10;255;1510982919;1
32;16;10;5;4;10;1510982905;10;255;1510982921;1
32;16;10;5;4;10;1510983086;10;255;1510983102;1
32;16;10;5;4;10;1510983357;10;255;1510983374;1
32;16;10;5;4;10;1510983925;10;255;1510983941;1
32;16;10;5;4;10;1510984135;10;255;1510984152;1
32;16;10;5;4;10;1510984369;10;255;1510984385;1
32;16;10;5;4;10;1510984397;10;255;1510984414;1
32;16;10;5;4;10;1510985112;10;255;1510985119;0
32;16;10;5;4;10;1510985129;10;255;1510985146;1
32;16;10;5;4;10;1510985546;10;255;1510985562;1
32;16;10;5;4;10;1510985592;10;255;1510985608;1
32;16;10;5;4;10;1510986221;10;255;1510986237;1
32;16;10;5;4;10;1510986342;10;255;1510986358;1
32;16;10;5;4;10;1510986554;10;255;1510986570;1
32;16;10;5;4;10;1510986747;10;255;1510986764;1
32;16;10;5;4;10;1510987289;10;255;1510987306;1
32;16;10;5;4;10;1510987489;10;255;1510987505;1
32;16;10;5;4;10;1510987568;10;255;1510987584;0
32;16;10;5;4;10;1510988006;10;255;1510988022;1
32;16;10;5;4;10;1510988463;10;255;1510988479;1
32;16;10;5;4;10;1510988708;10;255;1510988724;1
32;16;10;5;4;10;1510988830;10;255;1510988847;1
32;16;10;5;4;10;1510989273;10;255;1510989289;1
32;16;10;5;4;10;1510989690;10;255;1510989706;1
32;16;10;5;4;10;1510989880;10;255;1510989896;1
32;16;10;5;4;10;1510989916;10;255;1510989932;1
32;16;10;5;4;10;1510990490;10;255;1510990506;1
32;16;10;5;4;10;1510990877;10;255;1510990893;1
32;16;10;5;4;10;1510990921;10;255;1510990937;1
32;16;10;5;4;10;1510990936;10;255;1510990953;0
32;16;10;5;4;10;1510991624;10;255;1510991637;0
32;16;10;5;4;10;1510992071;10;255;1510992088;1
32;16;10;5;4;10;1510992150;10;255;1510992166;1
32;16;10;5;4;10;1510992327;10;255;1510992343;1
32;16;10;5;4;10;1510992707;10;255;1510992723;1
32;16;10;5;4;10;1510993093;10;255;1510993110;1
32;16;10;5;4;10;1510993347;10;255;1510993363;1
32;16;10;5;4;10;1510993390;10;255;1510993406;1
32;16;10;5;4;10;1510993946;10;255;1510993962;1
32;16;10;5;4;10;1510994251;10;255;1510994264;0
32;16;10;5;4;10;1510994545;10;255;1510994561;1
32;16;10;5;4;10;1510994617;10;255;1510994633;1
32;16;10;5;4;10;1510995230;10;255;1510995247;1
32;16;10;5;4;10;1510995615;10;255;1510995631;1
32;16;10;5;4;10;1510995719;10;255;1510995735;1
32;16;10;5;4;10;1510995757;10;255;1510995774;1
32;16;10;5;4;10;1510996323;10;255;1510996339;1
32;16;10;5;4;10;1510996767;10;255;1510996783;1
32;16;10;5;4;10;1510996946;10;255;1510996962;1
32;16;10;5;4;10;1510997038;10;255;1510997054;1
32;16;10;5;4;10;1510997429;10;255;1510997445;1
32;16;10;5;4;10;1510997902;10;255;1510997918;1
32;16;10;5;4;10;1510998003;10;255;1510998019;1
32;16;10;5;4;10;1510998223;10;255;1510998239;1
32;16;10;5;4;10;1510998698;10;255;1510998714;1
32;16;10;5;4;10;1510999019;10;255;1510999035;1
32;16;10;5;4;10;1510999096;10;255;1510999112;1
32;16;10;5;4;10;1510999337;10;255;1510999353;1
32;16;10;5;4;10;1510999884;10;255;1510999900;1
32;16;10;5;4;10;1511000155;10;255;1511000171;1
32;16;10;5;4;10;1511000197;10;255;1511000213;1
32;16;10;5;4;10;1511000402;10;255;1511000419;1
32;16;10;5;4;10;1511001105;10;255;1511001121;1
32;16;10;5;4;10;1511001373;10;255;1511001389;1
32;16;10;5;4;10;1511001446;10;255;1511001462;1
32;16;10;5;4;10;1511001591;10;255;1511001607;1
32;16;10;5;4;10;1511002284;10;255;1511002300;1
32;16;10;5;4;10;1511002478;10;255;1511002494;1
32;16;10;5;4;10;1511002768;10;255;1511002784;1
32;16;10;5;4;10;1511002891;10;255;1511002907;1
32;16;10;5;4;10;1511003424;10;255;1511003440;1
32;16;10;5;4;10;1511003720;10;255;1511003736;1
32;16;10;5;4;10;1511004059;10;255;1511004075;1
32;16;10;5;4;10;1511004081;10;255;1511004097;1
32;16;10;5;4;10;1511004655;10;255;1511004671;1
32;16;10;5;4;10;1511004769;10;255;1511004785;1
32;16;10;5;4;10;1511005114;10;255;1511005130;1
32;16;10;5;4;10;1511005213;10;255;1511005230;1
32;16;10;5;4;10;1511005923;10;255;1511005939;1
32;16;10;5;4;10;1511005991;10;255;1511006007;1
32;16;10;5;4;10;1511006347;10;255;1511006363;1
32;16;10;5;4;10;1511006472;10;255;1511006488;1
32;16;10;5;4;10;1511006883;10;255;1511006899;1
32;16;10;5;4;10;1511007289;10;255;1511007305;1
32;16;10;5;4;10;1511007469;10;255;1511007486;1
32;16;10;5;4;10;1511007723;10;255;1511007739;1
32;16;10;5;4;10;1511007977;10;255;1511007993;1
32;16;10;5;4;10;1511008550;10;255;1511008567;1
32;16;10;5;4;10;1511008750;10;255;1511008767;1
32;16;10;5;4;10;1511009062;10;255;1511009078;1
32;16;10;5;4;10;1511009104;10;255;1511009121;1
32;16;10;5;4;10;1511009704;10;255;1511009720;1
32;16;10;5;4;10;1511009969;10;255;1511009985;1
32;16;10;5;4;10;1511010176;10;255;1511010193;1
32;16;10;5;4;10;1511010231;10;255;1511010248;1
32;16;10;5;4;10;1511010643;10;255;1511010659;1
32;16;10;5;4;10;1511011015;10;255;1511011031;1
32;16;10;5;4;10;1511011311;10;255;1511011327;1
32;16;10;5;4;10;1511011347;10;255;1511011363;1
32;16;10;5;4;10;1511011759;10;255;1511011775;1
32;16;10;5;4;10;1511012302;10;255;1511012318;1
32;16;10;5;4;10;1511012363;10;255;1511012379;1
32;16;10;5;4;10;1511012490;10;255;1511012506;1
32;16;10;5;4;10;1511013014;10;255;1511013031;1
32;16;10;5;4;10;1511013475;10;255;1511013491;1
32;16;10;5;4;10;1511013497;10;255;1511013514;1
32;16;10;5;4;10;1511013634;10;255;1511013650;1
32;16;10;5;4;10;1511014378;10;255;1511014394;1
32;16;10;5;4;10;1511014478;10;255;1511014494;1
32;16;10;5;4;10;1511014689;10;255;1511014705;1
32;16;10;5;4;10;1511014693;10;255;1511014710;1
32;16;10;5;4;10;1511015476;10;255;1511015493;1
32;16;10;5;4;10;1511015609;10;255;1511015625;1
32;16;10;5;4;10;1511015761;10;255;1511015778;1
32;16;10;5;4;10;1511015838;10;255;1511015851;0
32;16;10;5;4;10;1511016726;10;255;1511016742;1
32;16;10;5;4;10;1511016842;10;255;1511016858;1
32;16;10;5;4;10;1511016853;10;255;1511016869;1
32;16;10;5;4;10;1511017060;10;255;1511017076;1
32;16;10;5;4;10;1511018003;10;255;1511018019;1
32;16;10;5;4;10;1511018008;10;255;1511018024;0
32;16;10;5;4;10;1511018097;10;255;1511018114;1
32;16;10;5;4;10;1511018247;10;255;1511018263;1
32;16;10;5;4;10;1511019008;10;255;1511019024;1
32;16;10;5;4;10;1511019228;10;255;1511019244;1
32;16;10;5;4;10;1511019293;10;255;1511019309;1
32;16;10;5;4;10;1511019383;10;255;1511019399;1
32;16;10;5;4;10;1511020156;10;255;1511020172;1
32;16;10;5;4;10;1511020453;10;255;1511020469;1
32;16;10;5;4;10;1511020473;10;255;1511020490;1
32;16;10;5;4;10;1511020502;10;255;1511020518;1
32;16;10;5;4;10;1511021191;10;255;1511021207;1
32;16;10;5;4;10;1511021611;10;255;1511021627;1
32;16;10;5;4;10;1511021674;10;255;1511021691;1
32;16;10;5;4;10;1511021704;10;255;1511021721;1
32;16;10;5;4;10;1511022413;10;255;1511022429;1
32;16;10;5;4;10;1511022748;10;255;1511022764;1
32;16;10;5;4;10;1511022873;10;255;1511022890;1
32;16;10;5;4;10;1511023072;10;255;1511023088;1
32;16;10;5;4;10;1511023746;10;255;1511023763;1
32;16;10;5;4;10;1511023880;10;255;1511023896;1
32;16;10;5;4;10;1511024209;10;255;1511024215;0
32;16;10;5;4;10;1511024228;10;255;1511024245;1
32;16;10;5;4;10;1511024789;10;255;1511024805;1
32;16;10;5;4;10;1511024944;10;255;1511024960;1
32;16;10;5;4;10;1511025271;10;255;1511025288;1
32;16;10;5;4;10;1511025487;10;255;1511025503;1
32;16;10;5;4;10;1511025877;10;255;1511025893;1
32;16;10;5;4;10;1511026101;10;255;1511026117;1
32;16;10;5;4;10;1511026238;10;255;1511026254;1
32;16;10;5;4;10;1511026620;10;255;1511026636;1
32;16;10;5;4;10;1511026990;10;255;1511027006;1
32;16;10;5;4;10;1511027165;10;255;1511027181;1
32;16;10;5;4;10;1511027439;10;255;1511027456;1
32;16;10;5;4;10;1511027661;10;255;1511027677;1
32;16;10;5;4;10;1511028233;10;255;1511028250;1
32;16;10;5;4;10;1511028480;10;255;1511028496;1
32;16;10;5;4;10;1511028672;10;255;1511028688;1
32;16;10;5;4;10;1511028807;10;255;1511028823;1
32;16;10;5;4;10;1511029421;10;255;1511029437;1
32;16;10;5;4;10;1511029733;10;255;1511029749;1
32;16;10;5;4;10;1511029770;10;255;1511029786;1
32;16;10;5;4;10;1511030153;10;255;1511030170;1
32;16;10;5;4;10;1511030442;10;255;1511030449;0
32;16;10;5;4;10;1511030866;10;255;1511030882;1
32;16;10;5;4;10;1511030980;10;255;1511030996;1
32;16;10;5;4;10;1511031450;10;255;1511031466;1
32;16;10;5;4;10;1511031544;10;255;1511031560;1
32;16;10;5;4;10;1511031980;10;255;1511031996;0
32;16;10;5;4;10;1511032184;10;255;1511032200;1
32;16;10;5;4;10;1511032619;10;255;1511032635;1
32;16;10;5;4;10;1511032801;10;255;1511032817;1
32;16;10;5;4;10;1511033023;10;255;1511033039;1
32;16;10;5;4;10;1511033376;10;255;1511033389;0
32;16;10;5;4;10;1511033857;10;255;1511033869;0
32;16;10;5;4;10;1511033873;10;255;1511033889;1
32;16;10;5;4;10;1511034152;10;255;1511034168;1
32;16;10;5;4;10;1511034573;10;255;1511034589;1
32;16;10;5;4;10;1511035071;10;255;1511035087;1
32;16;10;5;4;10;1511035105;10;255;1511035121;1
32;16;10;5;4;10;1511035192;10;255;1511035208;1
32;16;10;5;4;10;1511035805;10;255;1511035821;1
32;16;10;5;4;10;1511036155;10;255;1511036171;1
32;16;10;5;4;10;1511036317;10;255;1511036333;1
32;16;10;5;4;10;1511036411;10;255;1511036427;1
32;16;10;5;4;10;1511037131;10;255;1511037148;1
32;16;10;5;4;10;1511037326;10;255;1511037342;1
32;16;10;5;4;10;1511037430;10;255;1511037446;1
32;16;10;5;4;10;1511037623;10;255;1511037639;1
32;16;10;5;4;10;1511038239;10;255;1511038255;1
32;16;10;5;4;10;1511038480;10;255;1511038496;1
32;16;10;5;4;10;1511038613;10;255;1511038629;1
32;16;10;5;4;10;1511038621;10;255;1511038637;1
32;16;10;5;4;10;1511039435;10;255;1511039449;0
32;16;10;5;4;10;1511039496;10;255;1511039512;1
32;16;10;5;4;10;1511039728;10;255;1511039744;1
32;16;10;5;4;10;1511039786;10;255;1511039802;1
32;16;10;5;4;10;1511040543;10;255;1511040554;0
32;16;10;5;4;10;1511040636;10;255;1511040652;1
32;16;10;5;4;10;1511040827;10;255;1511040843;1
32;16;10;5;4;10;1511040989;10;255;1511041005;1
32;16;10;5;4;10;1511041784;10;255;1511041791;0
32;16;10;5;4;10;1511041784;10;255;1511041800;1
32;16;10;5;4;10;1511041962;10;255;1511041969;0
32;16;10;5;4;10;1511042071;10;255;1511042087;1
32;16;10;5;4;10;1511042919;10;255;1511042935;1
32;16;10;5;4;10;1511042945;10;255;1511042961;1
32;16;10;5;4;10;1511043164;10;255;1511043180;1
32;16;10;5;4;10;1511043294;10;255;1511043310;1
32;16;10;5;4;10;1511044203;10;255;1511044219;1
32;16;10;5;4;10;1511044278;10;255;1511044294;1
32;16;10;5;4;10;1511044304;10;255;1511044320;1
32;16;10;5;4;10;1511044511;10;255;1511044527;1
32;16;10;5;4;10;1511045235;10;255;1511045251;1
32;16;10;5;4;10;1511045402;10;255;1511045418;1
32;16;10;5;4;10;1511045459;10;255;1511045476;1
32;16;10;5;4;10;1511045492;10;255;1511045508;1
32;16;10;5;4;10;1511046477;10;255;1511046493;1
32;16;10;5;4;10;1511046531;10;255;1511046547;1
32;16;10;5;4;10;1511046691;10;255;1511046707;1
32;16;10;5;4;10;1511046768;10;255;1511046784;1
32;16;10;5;4;10;1511047649;10;255;1511047665;1
32;16;10;5;4;10;1511047661;10;255;1511047677;1
32;16;10;5;4;10;1511047703;10;255;1511047720;1
32;16;10;5;4;10;1511047817;10;255;1511047834;1
32;16;10;5;4;10;1511048746;10;255;1511048762;0
32;16;10;5;4;10;1511048829;10;255;1511048845;1
32;16;10;5;4;10;1511048829;10;255;1511048845;1
32;16;10;5;4;10;1511048968;10;255;1511048984;1
32;16;10;5;4;10;1511049891;10;255;1511049907;1
32;16;10;5;4;10;1511050064;10;255;1511050080;1
32;16;10;5;4;10;1511050078;10;255;1511050094;1
32;16;10;5;4;10;1511050120;10;255;1511050136;1
32;16;10;5;4;10;1511051071;10;255;1511051087;1
32;16;10;5;4;10;1511051151;10;255;1511051167;1
32;16;10;5;4;10;1511051298;10;255;1511051305;0
32;16;10;5;4;10;1511051302;10;255;1511051318;1
32;16;10;5;4;10;1511052230;10;255;1511052246;0
32;16;10;5;4;10;1511052273;10;255;1511052290;1
32;16;10;5;4;10;1511052459;10;255;1511052475;1
32;16;10;5;4;10;1511052481;10;255;1511052497;1
32;16;10;5;4;10;1511053363;10;255;1511053379;1
32;16;10;5;4;10;1511053379;10;255;1511053395;1
32;16;10;5;4;10;1511053498;10;255;1511053514;1
32;16;10;5;4;10;1511053638;10;255;1511053654;1
32;16;10;5;4;10;1511054524;10;255;1511054540;1
32;16;10;5;4;10;1511054548;10;255;1511054564;1
32;16;10;5;4;10;1511054701;10;255;1511054717;1
32;16;10;5;4;10;1511054739;10;255;1511054755;1
32;16;10;5;4;10;1511055667;10;255;1511055684;1
32;16;10;5;4;10;1511055699;10;255;1511055715;1
32;16;10;5;4;10;1511055854;10;255;1511055870;1
32;16;10;5;4;10;1511055883;10;255;1511055899;1
32;16;10;5;4;10;1511056818;10;255;1511056834;1
32;16;10;5;4;10;1511056923;10;255;1511056939;1
32;16;10;5;4;10;1511056949;10;255;1511056965;1
32;16;10;5;4;10;1511057062;10;255;1511057078;1
32;16;10;5;4;10;1511057865;10;255;1511057881;1
32;16;10;5;4;10;1511058026;10;255;1511058042;1
32;16;10;5;4;10;1511058068;10;255;1511058084;1
32;16;10;5;4;10;1511058151;10;255;1511058167;1
32;16;10;5;4;10;1511059089;10;255;1511059105;1
32;16;10;5;4;10;1511059138;10;255;1511059155;1
32;16;10;5;4;10;1511059316;10;255;1511059333;1
32;16;10;5;4;10;1511059602;10;255;1511059618;1
32;16;10;5;4;10;1511060297;10;255;1511060313;1
32;16;10;5;4;10;1511060322;10;255;1511060338;1
32;16;10;5;4;10;1511060546;10;255;1511060562;1
32;16;10;5;4;10;1511060861;10;255;1511060877;1
32;16;10;5;4;10;1511061351;10;255;1511061367;1
32;16;10;5;4;10;1511061442;10;255;1511061458;1
32;16;10;5;4;10;1511061601;10;255;1511061617;1
32;16;10;5;4;10;1511062126;10;255;1511062142;1
32;16;10;5;4;10;1511062505;10;255;1511062521;1
32;16;10;5;4;10;1511062594;10;255;1511062610;1
32;16;10;5;4;10;1511062657;10;255;1511062673;1
32;16;10;5;4;10;1511063236;10;255;1511063252;1
32;16;10;5;4;10;1511063689;10;255;1511063705;1
32;16;10;5;4;10;1511063798;10;255;1511063815;1
32;16;10;5;4;10;1511063937;10;255;1511063953;1
32;16;10;5;4;10;1511064316;10;255;1511064323;0
32;16;10;5;4;10;1511064834;10;255;1511064850;1
32;16;10;5;4;10;1511064969;10;255;1511064986;0
32;16;10;5;4;10;1511065073;10;255;1511065090;1
32;16;10;5;4;10;1511065459;10;255;1511065476;1
32;16;10;5;4;10;1511065924;10;255;1511065940;1
32;16;10;5;4;10;1511066095;10;255;1511066111;1
32;16;10;5;4;10;1511066342;10;255;1511066358;1
32;16;10;5;4;10;1511066574;10;255;1511066591;1
32;16;10;5;4;10;1511067087;10;255;1511067103;1
32;16;10;5;4;10;1511067159;10;255;1511067175;1
32;16;10;5;4;10;1511067451;10;255;1511067467;1
32;16;10;5;4;10;1511067870;10;255;1511067877;0
32;16;10;5;4;10;1511068079;10;255;1511068096;1
32;16;10;5;4;10;1511068320;10;255;1511068336;1
32;16;10;5;4;10;1511068481;10;255;1511068497;1
32;16;10;5;4;10;1511069021;10;255;1511069038;1
32;16;10;5;4;10;1511069317;10;255;1511069333;1
32;16;10;5;4;10;1511069365;10;255;1511069381;1
32;16;10;5;4;10;1511069513;10;255;1511069527;0
32;16;10;5;4;10;1511070048;10;255;1511070064;1
32;16;10;5;4;10;1511070393;10;255;1511070409;1
32;16;10;5;4;10;1511070402;10;255;1511070418;1
32;16;10;5;4;10;1511070710;10;255;1511070726;1
32;16;10;5;4;10;1511071210;10;255;1511071226;1
32;16;10;5;4;10;1511071485;10;255;1511071501;1
32;16;10;5;4;10;1511071498;10;255;1511071514;1
32;16;10;5;4;10;1511071780;10;255;1511071796;1
32;16;10;5;4;10;1511072516;10;255;1511072532;1
32;16;10;5;4;10;1511072532;10;255;1511072549;1
32;16;10;5;4;10;1511072737;10;255;1511072753;1
32;16;10;5;4;10;1511072953;10;255;1511072969;1
32;16;10;5;4;10;1511073628;10;255;1511073644;1
32;16;10;5;4;10;1511073772;10;255;1511073788;1
32;16;10;5;4;10;1511073831;10;255;1511073847;1
32;16;10;5;4;10;1511074248;10;255;1511074264;1
32;16;10;5;4;10;1511074683;10;255;1511074696;0
32;16;10;5;4;10;1511074774;10;255;1511074790;1
32;16;10;5;4;10;1511075020;10;255;1511075037;1
32;16;10;5;4;10;1511075442;10;255;1511075458;1
32;16;10;5;4;10;1511075839;10;255;1511075856;1
32;16;10;5;4;10;1511075908;10;255;1511075925;1
32;16;10;5;4;10;1511076082;10;255;1511076098;1
32;16;10;5;4;10;1511076539;10;255;1511076555;1
32;16;10;5;4;10;1511076948;10;255;1511076964;1
32;16;10;5;4;10;1511077146;10;255;1511077155;0
32;16;10;5;4;10;1511077241;10;255;1511077258;1
32;16;10;5;4;10;1511077732;10;255;1511077748;0
32;16;10;5;4;10;1511078158;10;255;1511078174;1
32;16;10;5;4;10;1511078379;10;255;1511078395;1
32;16;10;5;4;10;1511078409;10;255;1511078426;1
32;16;10;5;4;10;1511078871;10;255;1511078888;1
32;16;10;5;4;10;1511079191;10;255;1511079207;1
32;16;10;5;4;10;1511079522;10;255;1511079538;1
32;16;10;5;4;10;1511079557;10;255;1511079573;1
32;16;10;5;4;10;1511080068;10;255;1511080085;1
32;16;10;5;4;10;1511080244;10;255;1511080260;1
32;16;10;5;4;10;1511080686;10;255;1511080702;1
32;16;10;5;4;10;1511080725;10;255;1511080741;1
32;16;10;5;4;10;1511081139;10;255;1511081155;1
32;16;10;5;4;10;1511081397;10;255;1511081413;1
32;16;10;5;4;10;1511081818;10;255;1511081834;1
32;16;10;5;4;10;1511081987;10;255;1511082000;0
32;16;10;5;4;10;1511082448;10;255;1511082464;1
32;16;10;5;4;10;1511082493;10;255;1511082510;1
32;16;10;5;4;10;1511083009;10;255;1511083025;1
32;16;10;5;4;10;1511083239;10;255;1511083255;1
32;16;10;5;4;10;1511083503;10;255;1511083519;1
32;16;10;5;4;10;1511083669;10;255;1511083686;1
32;16;10;5;4;10;1511084148;10;255;1511084164;1
32;16;10;5;4;10;1511084367;10;255;1511084383;1
32;16;10;5;4;10;1511084652;10;255;1511084668;1
32;16;10;5;4;10;1511084767;10;255;1511084783;1
32;16;10;5;4;10;1511085181;10;255;1511085194;0
32;16;10;5;4;10;1511085441;10;255;1511085457;1
32;16;10;5;4;10;1511085750;10;255;1511085766;1
32;16;10;5;4;10;1511085918;10;255;1511085934;1
32;16;10;5;4;10;1511086234;10;255;1511086251;1
32;16;10;5;4;10;1511086662;10;255;1511086678;0
32;16;10;5;4;10;1511086898;10;255;1511086914;1
32;16;10;5;4;10;1511087193;10;255;1511087210;1
32;16;10;5;4;10;1511087460;10;255;1511087477;1
32;16;10;5;4;10;1511087832;10;255;1511087846;0
32;16;10;5;4;10;1511088123;10;255;1511088139;1
32;16;10;5;4;10;1511088515;10;255;1511088531;1
32;16;10;5;4;10;1511088529;10;255;1511088545;1
32;16;10;5;4;10;1511088922;10;255;1511088939;1
32;16;10;5;4;10;1511089386;10;255;1511089403;1
32;16;10;5;4;10;1511089675;10;255;1511089691;1
32;16;10;5;4;10;1511089705;10;255;1511089724;1
32;16;10;5;4;10;1511090021;10;255;1511090037;1
32;16;10;5;4;10;1511090576;10;255;1511090592;1
32;16;10;5;4;10;1511090882;10;255;1511090898;1
32;16;10;5;4;10;1511090962;10;255;1511090978;1
32;16;10;5;4;10;1511091281;10;255;1511091297;1
32;16;10;5;4;10;1511091714;10;255;1511091730;1
32;16;10;5;4;10;1511092040;10;255;1511092056;1
32;16;10;5;4;10;1511092194;10;255;1511092210;1
32;16;10;5;4;10;1511092460;10;255;1511092476;1
32;16;10;5;4;10;1511093008;10;255;1511093024;1
32;16;10;5;4;10;1511093018;10;255;1511093034;1
32;16;10;5;4;10;1511093444;10;255;1511093460;1
32;16;10;5;4;10;1511093556;10;255;1511093572;1
32;16;10;5;4;10;1511094153;10;255;1511094169;1
32;16;10;5;4;10;1511094364;10;255;1511094380;1
32;16;10;5;4;10;1511094563;10;255;1511094580;1
32;16;10;5;4;10;1511094798;10;255;1511094814;1
32;16;10;5;4;10;1511095195;10;255;1511095212;1
32;16;10;5;4;10;1511095409;10;255;1511095425;1
32;16;10;5;4;10;1511095643;10;255;1511095659;1
32;16;10;5;4;10;1511095929;10;255;1511095945;1
32;16;10;5;4;10;1511096390;10;255;1511096407;1
32;16;10;5;4;10;1511096656;10;255;1511096673;1
32;16;10;5;4;10;1511096798;10;255;1511096814;1
32;16;10;5;4;10;1511097364;10;255;1511097380;1
32;16;10;5;4;10;1511097513;10;255;1511097529;1
32;16;10;5;4;10;1511097820;10;255;1511097836;1
32;16;10;5;4;10;1511097873;10;255;1511097889;1
32;16;10;5;4;10;1511098414;10;255;1511098430;1
32;16;10;5;4;10;1511098677;10;255;1511098693;1
32;16;10;5;4;10;1511098901;10;255;1511098917;1
32;16;10;5;4;10;1511099024;10;255;1511099040;1
32;16;10;5;4;10;1511099620;10;255;1511099636;1
32;16;10;5;4;10;1511099901;10;255;1511099917;1
32;16;10;5;4;10;1511100194;10;255;1511100211;1
32;16;10;5;4;10;1511100321;10;255;1511100337;1
32;16;10;5;4;10;1511100915;10;255;1511100931;1
32;16;10;5;4;10;1511100968;10;255;1511100984;1
32;16;10;5;4;10;1511101360;10;255;1511101377;1
32;16;10;5;4;10;1511101374;10;255;1511101390;1
32;16;10;5;4;10;1511102033;10;255;1511102049;1
32;16;10;5;4;10;1511102138;10;255;1511102154;1
32;16;10;5;4;10;1511102482;10;255;1511102498;1
32;16;10;5;4;10;1511102502;10;255;1511102518;1
32;16;10;5;4;10;1511103090;10;255;1511103106;1
32;16;10;5;4;10;1511103370;10;255;1511103377;0
32;16;10;5;4;10;1511103568;10;255;1511103585;1
32;16;10;5;4;10;1511103644;10;255;1511103660;1
32;16;10;5;4;10;1511104036;10;255;1511104052;1
32;16;10;5;4;10;1511104552;10;255;1511104569;1
32;16;10;5;4;10;1511104705;10;255;1511104721;1
32;16;10;5;4;10;1511104920;10;255;1511104936;1
32;16;10;5;4;10;1511105329;10;255;1511105345;1
32;16;10;5;4;10;1511105690;10;255;1511105706;0
32;16;10;5;4;10;1511105769;10;255;1511105779;0
32;16;10;5;4;10;1511106083;10;255;1511106099;1
32;16;10;5;4;10;1511106446;10;255;1511106462;1
32;16;10;5;4;10;1511106721;10;255;1511106738;1
32;16;10;5;4;10;1511106884;10;255;1511106901;1
32;16;10;5;4;10;1511107088;10;255;1511107104;1
32;16;10;5;4;10;1511107565;10;255;1511107581;1
32;16;10;5;4;10;1511107923;10;255;1511107939;1
32;16;10;5;4;10;1511107971;10;255;1511107987;1
32;16;10;5;4;10;1511108060;10;255;1511108076;1
32;16;10;5;4;10;1511108862;10;255;1511108878;1
32;16;10;5;4;10;1511109048;10;255;1511109065;1
32;16;10;5;4;10;1511109115;10;255;1511109132;1
32;16;10;5;4;10;1511109371;10;255;1511109387;1
32;16;10;5;4;10;1511109918;10;255;1511109935;1
32;16;10;5;4;10;1511110122;10;255;1511110138;1
32;16;10;5;4;10;1511110319;10;255;1511110336;1
32;16;10;5;4;10;1511110543;10;255;1511110559;1
32;16;10;5;4;10;1511111182;10;255;1511111198;1
32;16;10;5;4;10;1511111206;10;255;1511111223;1
32;16;10;5;4;10;1511111682;10;255;1511111698;1
32;16;10;5;4;10;1511111733;10;255;1511111746;0
32;16;10;5;4;10;1511112275;10;255;1511112291;1
32;16;10;5;4;10;1511112510;10;255;1511112526;1
32;16;10;5;4;10;1511112851;10;255;1511112867;1
32;16;10;5;4;10;1511112897;10;255;1511112913;1
32;16;10;5;4;10;1511113359;10;255;1511113375;1
32;16;10;5;4;10;1511113877;10;255;1511113887;0
32;16;10;5;4;10;1511114069;10;255;1511114086;1
32;16;10;5;4;10;1511114183;10;255;1511114200;1
32;16;10;5;4;10;1511114653;10;255;1511114669;1
32;16;10;5;4;10;1511114867;10;255;1511114883;1
32;16;10;5;4;10;1511115333;10;255;1511115350;1
32;16;10;5;4;10;1511115415;10;255;1511115431;1
32;16;10;5;4;10;1511115782;10;255;1511115798;1
32;16;10;5;4;10;1511115931;10;255;1511115947;1
32;16;10;5;4;10;1511116653;10;255;1511116663;0
32;16;10;5;4;10;1511116715;10;255;1511116731;1
32;16;10;5;4;10;1511117052;10;255;1511117068;1
32;16;10;5;4;10;1511117251;10;255;1511117267;1
32;16;10;5;4;10;1511117729;10;255;1511117745;1
32;16;10;5;4;10;1511117860;10;255;1511117876;1
32;16;10;5;4;10;1511118352;10;255;1511118368;1
32;16;10;5;4;10;1511118382;10;255;1511118398;1
32;16;10;5;4;10;1511118868;10;255;1511118884;1
32;16;10;5;4;10;1511119112;10;255;1511119129;1
32;16;10;5;4;10;1511119449;10;255;1511119465;1
32;16;10;5;4;10;1511119666;10;255;1511119682;1
32;16;10;5;4;10;1511120054;10;255;1511120070;1
32;16;10;5;4;10;1511120288;10;255;1511120304;1
32;16;10;5;4;10;1511120443;10;255;1511120456;0
32;16;10;5;4;10;1511120744;10;255;1511120760;1
32;16;10;5;4;10;1511121131;10;255;1511121148;1
32;16;10;5;4;10;1511121362;10;255;1511121378;1
32;16;10;5;4;10;1511121489;10;255;1511121505;1
32;16;10;5;4;10;1511121938;10;255;1511121955;1
32;16;10;5;4;10;1511122289;10;255;1511122305;1
32;16;10;5;4;10;1511122487;10;255;1511122504;1
32;16;10;5;4;10;1511122839;10;255;1511122855;0
32;16;10;5;4;10;1511123001;10;255;1511123017;1
32;16;10;5;4;10;1511123378;10;255;1511123394;1
32;16;10;5;4;10;1511123750;10;255;1511123766;1
32;16;10;5;4;10;1511123929;10;255;1511123945;1
32;16;10;5;4;10;1511124127;10;255;1511124143;1
32;16;10;5;4;10;1511124608;10;255;1511124625;1
32;16;10;5;4;10;1511124939;10;255;1511124956;1
32;16;10;5;4;10;1511125113;10;255;1511125130;1
32;16;10;5;4;10;1511125371;10;255;1511125387;1
32;16;10;5;4;10;1511125806;10;255;1511125813;0
32;16;10;5;4;10;1511126010;10;255;1511126027;1
32;16;10;5;4;10;1511126323;10;255;1511126330;0
32;16;10;5;4;10;1511126562;10;255;1511126578;1
32;16;10;5;4;10;1511126997;10;255;1511127014;1
32;16;10;5;4;10;1511127289;10;255;1511127306;1
32;16;10;5;4;10;1511127379;10;255;1511127395;1
32;16;10;5;4;10;1511127643;10;255;1511127659;1
32;16;10;5;4;10;1511128211;10;255;1511128227;1
32;16;10;5;4;10;1511128344;10;255;1511128361;1
32;16;10;5;4;10;1511128732;10;255;1511128749;1
32;16;10;5;4;10;1511128811;10;255;1511128828;1
32;16;10;5;4;10;1511129494;10;255;1511129510;1
32;16;10;5;4;10;1511129523;10;255;1511129540;1
32;16;10;5;4;10;1511129778;10;255;1511129794;1
32;16;10;5;4;10;1511129895;10;255;1511129911;1
32;16;10;5;4;10;1511130492;10;255;1511130508;1
32;16;10;5;4;10;1511130713;10;255;1511130729;1
32;16;10;5;4;10;1511130935;10;255;1511130951;1
32;16;10;5;4;10;1511131179;10;255;1511131196;1
32;16;10;5;4;10;1511131533;10;255;1511131549;1
32;16;10;5;4;10;1511131986;10;255;1511132002;1
32;16;10;5;4;10;1511132037;10;255;1511132053;1
32;16;10;5;4;10;1511132441;10;255;1511132457;1
32;16;10;5;4;10;1511132639;10;255;1511132655;1
32;16;10;5;4;10;1511133190;10;255;1511133206;1
32;16;10;5;4;10;1511133221;10;255;1511133237;1
32;16;10;5;4;10;1511133499;10;255;1511133515;1
32;16;10;5;4;10;1511133629;10;255;1511133645;0
32;16;10;5;4;10;1511134424;10;255;1511134440;1
32;16;10;5;4;10;1511134471;10;255;1511134487;1
32;16;10;5;4;10;1511134671;10;255;1511134687;1
32;16;10;5;4;10;1511134686;10;255;1511134702;1
32;16;10;5;4;10;1511135509;10;255;1511135526;1
32;16;10;5;4;10;1511135611;10;255;1511135627;1
32;16;10;5;4;10;1511135786;10;255;1511135799;0
32;16;10;5;4;10;1511135847;10;255;1511135864;1
32;16;10;5;4;10;1511136637;10;255;1511136654;1
32;16;10;5;4;10;1511136896;10;255;1511136913;1
32;16;10;5;4;10;1511136934;10;255;1511136951;1
32;16;10;5;4;10;1511137128;10;255;1511137144;1
32;16;10;5;4;10;1511137763;10;255;1511137779;1
32;16;10;5;4;10;1511138156;10;255;1511138172;1
32;16;10;5;4;10;1511138180;10;255;1511138196;1
32;16;10;5;4;10;1511138386;10;255;1511138403;1
32;16;10;5;4;10;1511138971;10;255;1511138987;1
32;16;10;5;4;10;1511139310;10;255;1511139327;1
32;16;10;5;4;10;1511139387;10;255;1511139403;1
32;16;10;5;4;10;1511139686;10;255;1511139699;0
32;16;10;5;4;10;1511140190;10;255;1511140206;1
32;16;10;5;4;10;1511140564;10;255;1511140581;1
32;16;10;5;4;10;1511140574;10;255;1511140591;1
32;16;10;5;4;10;1511140806;10;255;1511140813;0
32;16;10;5;4;10;1511141397;10;255;1511141413;1
32;16;10;5;4;10;1511141780;10;255;1511141797;1
32;16;10;5;4;10;1511141805;10;255;1511141821;1
32;16;10;5;4;10;1511141931;10;255;1511141947;1
32;16;10;5;4;10;1511142457;10;255;1511142473;1
32;16;10;5;4;10;1511142936;10;255;1511142953;1
32;16;10;5;4;10;1511142981;10;255;1511142997;1
32;16;10;5;4;10;1511143004;10;255;1511143020;1
32;16;10;5;4;10;1511143557;10;255;1511143573;1
32;16;10;5;4;10;1511144195;10;255;1511144211;1
32;16;10;5;4;10;1511144216;10;255;1511144232;1
32;16;10;5;4;10;1511144288;10;255;1511144305;1
32;16;10;5;4;10;1511144787;10;255;1511144803;1
32;16;10;5;4;10;1511145302;10;255;1511145318;1
32;16;10;5;4;10;1511145360;10;255;1511145376;1
32;16;10;5;4;10;1511145443;10;255;1511145459;1
32;16;10;5;4;10;1511145849;10;255;1511145865;1
32;16;10;5;4;10;1511146416;10;255;1511146432;1
32;16;10;5;4;10;1511146615;10;255;1511146631;1
32;16;10;5;4;10;1511146704;10;255;1511146720;1
32;16;10;5;4;10;1511147143;10;255;1511147159;1
32;16;10;5;4;10;1511147541;10;255;1511147557;1
32;16;10;5;4;10;1511147669;10;255;1511147685;1
32;16;10;5;4;10;1511147895;10;255;1511147912;1
32;16;10;5;4;10;1511148510;10;255;1511148526;1
32;16;10;5;4;10;1511148725;10;255;1511148742;1
32;16;10;5;4;10;1511148922;10;255;1511148938;1
32;16;10;5;4;10;1511149034;10;255;1511149051;1
32;16;10;5;4;10;1511149585;10;255;1511149601;1
32;16;10;5;4;10;1511149963;10;255;1511149980;1
32;16;10;5;4;10;1511150175;10;255;1511150191;1
32;16;10;5;4;10;1511150358;10;255;1511150375;1
32;16;10;5;4;10;1511150765;10;255;1511150781;1
32;16;10;5;4;10;1511151017;10;255;1511151033;1
32;16;10;5;4;10;1511151359;10;255;1511151375;1
32;16;10;5;4;10;1511151383;10;255;1511151400;1
32;16;10;5;4;10;1511152023;10;255;1511152039;1
32;16;10;5;4;10;1511152193;10;255;1511152209;0
32;16;10;5;4;10;1511152568;10;255;1511152584;1
32;16;10;5;4;10;1511152672;10;255;1511152688;1
32;16;10;5;4;10;1511153393;10;255;1511153409;1
32;16;10;5;4;10;1511153402;10;255;1511153418;0
32;16;10;5;4;10;1511153716;10;255;1511153732;1
32;16;10;5;4;10;1511153776;10;255;1511153793;1
32;16;10;5;4;10;1511154496;10;255;1511154512;1
32;16;10;5;4;10;1511154599;10;255;1511154615;0
32;16;10;5;4;10;1511154755;10;255;1511154771;1
32;16;10;5;4;10;1511154880;10;255;1511154896;1
32;16;10;5;4;10;1511155688;10;255;1511155704;1
32;16;10;5;4;10;1511155944;10;255;1511155960;1
32;16;10;5;4;10;1511156026;10;255;1511156042;1
32;16;10;5;4;10;1511156193;10;255;1511156209;1
32;16;10;5;4;10;1511157032;10;255;1511157048;1
32;16;10;5;4;10;1511157155;10;255;1511157171;1
32;16;10;5;4;10;1511157209;10;255;1511157225;1
32;16;10;5;4;10;1511157346;10;255;1511157362;1
32;16;10;5;4;10;1511158082;10;255;1511158098;1
32;16;10;5;4;10;1511158310;10;255;1511158327;1
32;16;10;5;4;10;1511158515;10;255;1511158531;1
32;16;10;5;4;10;1511158655;10;255;1511158671;1
32;16;10;5;4;10;1511159240;10;255;1511159256;1
32;16;10;5;4;10;1511159634;10;255;1511159650;1
32;16;10;5;4;10;1511159661;10;255;1511159668;0
32;16;10;5;4;10;1511159706;10;255;1511159722;1
32;16;10;5;4;10;1511160392;10;255;1511160408;1
32;16;10;5;4;10;1511160713;10;255;1511160729;1
32;16;10;5;4;10;1511160750;10;255;1511160766;1
32;16;10;5;4;10;1511160752;10;255;1511160769;1
32;16;10;5;4;10;1511161487;10;255;1511161504;1
32;16;10;5;4;10;1511161837;10;255;1511161853;1
32;16;10;5;4;10;1511161966;10;255;1511161982;1
32;16;10;5;4;10;1511162094;10;255;1511162110;1
32;16;10;5;4;10;1511162557;10;255;1511162574;1
32;16;10;5;4;10;1511163114;10;255;1511163130;1
32;16;10;5;4;10;1511163177;10;255;1511163193;1
32;16;10;5;4;10;1511163244;10;255;1511163260;1
32;16;10;5;4;10;1511163773;10;255;1511163789;1
32;16;10;5;4;10;1511164171;10;255;1511164187;1
32;16;10;5;4;10;1511164293;10;255;1511164309;1
32;16;10;5;4;10;1511164370;10;255;1511164387;1
32;16;10;5;4;10;1511164828;10;255;1511164844;1
32;16;10;5;4;10;1511165372;10;255;1511165388;1
32;16;10;5;4;10;1511165466;10;255;1511165483;1
32;16;10;5;4;10;1511165701;10;255;1511165717;1
32;16;10;5;4;10;1511166065;10;255;1511166081;1
32;16;10;5;4;10;1511166586;10;255;1511166602;1
32;16;10;5;4;10;1511166693;10;255;1511166709;1
32;16;10;5;4;10;1511166792;10;255;1511166809;1
32;16;10;5;4;10;1511167165;10;255;1511167181;1
32;16;10;5;4;10;1511167657;10;255;1511167673;1
32;16;10;5;4;10;1511167764;10;255;1511167781;1
32;16;10;5;4;10;1511167904;10;255;1511167920;1
32;16;10;5;4;10;1511168153;10;255;1511168166;0
32;16;10;5;4;10;1511168767;10;255;1511168783;1
32;16;10;5;4;10;1511169002;10;255;1511169018;1
32;16;10;5;4;10;1511169088;10;255;1511169104;0
32;16;10;5;4;10;1511169355;10;255;1511169371;1
32;16;10;5;4;10;1511169994;10;255;1511170011;1
32;16;10;5;4;10;1511170183;10;255;1511170203;1
32;16;10;5;4;10;1511170269;10;255;1511170287;1
32;16;10;5;4;10;1511170407;10;255;1511170426;1
32;16;10;5;4;10;1511171169;10;255;1511171185;1
32;16;10;5;4;10;1511171481;10;255;1511171498;1
32;16;10;5;4;10;1511171499;10;255;1511171519;1
32;16;10;5;4;10;1511171551;10;255;1511171571;1
32;16;10;5;4;10;1511172597;10;255;1511172614;1
