32;16;10;5;1;15;1510758423;15;255;1510758430;1
32;16;10;5;1;15;1510758651;15;255;1510758658;0
32;16;10;5;1;15;1510758712;15;255;1510758719;1
32;16;10;5;1;15;1510758717;15;255;1510758724;1
32;16;10;5;1;15;1510759681;15;255;1510759689;1
32;16;10;5;1;15;1510759957;15;255;1510759964;1
32;16;10;5;1;15;1510759984;15;255;1510759991;1
32;16;10;5;1;15;1510760028;15;255;1510760035;1
32;16;10;5;1;15;1510760812;15;255;1510760819;1
32;16;10;5;1;15;1510761112;15;255;1510761119;1
32;16;10;5;1;15;1510761154;15;255;1510761161;1
32;16;10;5;1;15;1510761169;15;255;1510761176;0
32;16;10;5;1;15;1510762077;15;255;1510762084;0
32;16;10;5;1;15;1510762309;15;255;1510762316;1
32;16;10;5;1;15;1510762416;15;255;1510762423;1
32;16;10;5;1;15;1510762494;15;255;1510762501;1
32;16;10;5;1;15;1510763052;15;255;1510763059;0
32;16;10;5;1;15;1510763231;15;255;1510763238;1
32;16;10;5;1;15;1510763537;15;255;1510763544;1
32;16;10;5;1;15;1510763628;15;255;1510763635;1
32;16;10;5;1;15;1510764032;15;255;1510764039;1
32;16;10;5;1;15;1510764149;15;255;1510764156;0
32;16;10;5;1;15;1510764761;15;255;1510764768;1
32;16;10;5;1;15;1510764911;15;255;1510764918;1
32;16;10;5;1;15;1510765226;15;255;1510765233;1
32;16;10;5;1;15;1510765240;15;255;1510765247;1
32;16;10;5;1;15;1510766011;15;255;1510766018;1
32;16;10;5;1;15;1510766013;15;255;1510766020;1
32;16;10;5;1;15;1510766259;15;255;1510766266;1
32;16;10;5;1;15;1510766435;15;255;1510766442;1
32;16;10;5;1;15;1510767381;15;255;1510767388;1
32;16;10;5;1;15;1510767399;15;255;1510767406;1
32;16;10;5;1;15;1510767544;15;255;1510767551;1
32;16;10;5;1;15;1510767617;15;255;1510767624;1
32;16;10;5;1;15;1510768380;15;255;1510768387;1
32;16;10;5;1;15;1510768613;15;255;1510768620;1
32;16;10;5;1;15;1510768738;15;255;1510768745;1
32;16;10;5;1;15;1510768805;15;255;1510768812;0
32;16;10;5;1;15;1510769514;15;255;1510769521;1
32;16;10;5;1;15;1510769601;15;255;1510769608;1
32;16;10;5;1;15;1510769929;15;255;1510769936;1
32;16;10;5;1;15;1510770013;15;255;1510770020;1
32;16;10;5;1;15;1510770774;15;255;1510770781;1
32;16;10;5;1;15;1510770917;15;255;1510770923;1
32;16;10;5;1;15;1510770989;15;255;1510770996;1
32;16;10;5;1;15;1510771046;15;255;1510771053;1
32;16;10;5;1;15;1510771833;15;255;1510771840;1
32;16;10;5;1;15;1510772068;15;255;1510772075;1
32;16;10;5;1;15;1510772129;15;255;1510772136;1
32;16;10;5;1;15;1510772279;15;255;1510772286;1
32;16;10;5;1;15;1510772998;15;255;1510773005;1
32;16;10;5;1;15;1510773232;15;255;1510773239;1
32;16;10;5;1;15;1510773337;15;255;1510773344;1
32;16;10;5;1;15;1510773627;15;255;1510773634;1
32;16;10;5;1;15;1510774277;15;255;1510774284;0
32;16;10;5;1;15;1510774513;15;255;1510774520;1
32;16;10;5;1;15;1510774618;15;255;1510774625;0
32;16;10;5;1;15;1510774718;15;255;1510774725;1
32;16;10;5;1;15;1510775420;15;255;1510775427;1
32;16;10;5;1;15;1510775704;15;255;1510775711;1
32;16;10;5;1;15;1510775762;15;255;1510775769;1
32;16;10;5;1;15;1510775782;15;255;1510775789;1
32;16;10;5;1;15;1510776648;15;255;1510776655;1
32;16;10;5;1;15;1510776714;15;255;1510776720;0
32;16;10;5;1;15;1510776957;15;255;1510776964;1
32;16;10;5;1;15;1510777057;15;255;1510777064;1
32;16;10;5;1;15;1510777730;15;255;1510777737;0
32;16;10;5;1;15;1510777961;15;255;1510777968;1
32;16;10;5;1;15;1510778160;15;255;1510778166;1
32;16;10;5;1;15;1510778232;15;255;1510778238;1
32;16;10;5;1;15;1510778800;15;255;1510778807;1
32;16;10;5;1;15;1510779149;15;255;1510779156;1
32;16;10;5;1;15;1510779219;15;255;1510779226;1
32;16;10;5;1;15;1510779403;15;255;1510779410;1
32;16;10;5;1;15;1510780092;15;255;1510780099;1
32;16;10;5;1;15;1510780387;15;255;1510780394;1
32;16;10;5;1;15;1510780439;15;255;1510780446;1
32;16;10;5;1;15;1510780486;15;255;1510780493;1
32;16;10;5;1;15;1510781079;15;255;1510781086;1
32;16;10;5;1;15;1510781545;15;255;1510781552;1
32;16;10;5;1;15;1510781621;15;255;1510781628;1
32;16;10;5;1;15;1510781705;15;255;1510781712;0
32;16;10;5;1;15;1510782294;15;255;1510782301;1
32;16;10;5;1;15;1510782696;15;255;1510782703;1
32;16;10;5;1;15;1510782710;15;255;1510782717;1
32;16;10;5;1;15;1510782829;15;255;1510782836;1
32;16;10;5;1;15;1510783701;15;255;1510783707;1
32;16;10;5;1;15;1510783831;15;255;1510783838;1
32;16;10;5;1;15;1510783942;15;255;1510783949;1
32;16;10;5;1;15;1510784092;15;255;1510784099;1
32;16;10;5;1;15;1510784816;15;255;1510784823;1
32;16;10;5;1;15;1510784834;15;255;1510784841;1
32;16;10;5;1;15;1510785038;15;255;1510785044;1
32;16;10;5;1;15;1510785330;15;255;1510785336;1
32;16;10;5;1;15;1510785899;15;255;1510785906;1
32;16;10;5;1;15;1510785939;15;255;1510785947;1
32;16;10;5;1;15;1510786341;15;255;1510786348;1
32;16;10;5;1;15;1510786536;15;255;1510786543;1
32;16;10;5;1;15;1510787035;15;255;1510787042;0
32;16;10;5;1;15;1510787094;15;255;1510787101;1
32;16;10;5;1;15;1510787390;15;255;1510787397;1
32;16;10;5;1;15;1510787700;15;255;1510787707;1
32;16;10;5;1;15;1510788177;15;255;1510788184;1
32;16;10;5;1;15;1510788255;15;255;1510788262;1
32;16;10;5;1;15;1510788520;15;255;1510788527;1
32;16;10;5;1;15;1510788774;15;255;1510788781;1
32;16;10;5;1;15;1510789306;15;255;1510789312;1
32;16;10;5;1;15;1510789414;15;255;1510789421;1
32;16;10;5;1;15;1510789737;15;255;1510789744;1
32;16;10;5;1;15;1510790064;15;255;1510790071;1
32;16;10;5;1;15;1510790339;15;255;1510790345;1
32;16;10;5;1;15;1510790515;15;255;1510790522;1
32;16;10;5;1;15;1510790711;15;255;1510790718;1
32;16;10;5;1;15;1510791339;15;255;1510791346;1
32;16;10;5;1;15;1510791409;15;255;1510791416;0
32;16;10;5;1;15;1510791584;15;255;1510791591;0
32;16;10;5;1;15;1510791951;15;255;1510791958;1
32;16;10;5;1;15;1510792417;15;255;1510792424;1
32;16;10;5;1;15;1510792463;15;255;1510792470;1
32;16;10;5;1;15;1510792571;15;255;1510792578;1
32;16;10;5;1;15;1510793183;15;255;1510793190;1
32;16;10;5;1;15;1510793549;15;255;1510793556;1
32;16;10;5;1;15;1510793618;15;255;1510793625;1
32;16;10;5;1;15;1510793875;15;255;1510793882;1
32;16;10;5;1;15;1510794424;15;255;1510794431;1
32;16;10;5;1;15;1510794643;15;255;1510794649;1
32;16;10;5;1;15;1510794643;15;255;1510794650;0
32;16;10;5;1;15;1510795077;15;255;1510795084;1
32;16;10;5;1;15;1510795559;15;255;1510795565;1
32;16;10;5;1;15;1510795770;15;255;1510795777;1
32;16;10;5;1;15;1510795790;15;255;1510795797;1
32;16;10;5;1;15;1510796130;15;255;1510796137;1
32;16;10;5;1;15;1510796841;15;255;1510796848;1
32;16;10;5;1;15;1510796867;15;255;1510796874;1
32;16;10;5;1;15;1510796892;15;255;1510796899;1
32;16;10;5;1;15;1510797404;15;255;1510797410;1
32;16;10;5;1;15;1510798013;15;255;1510798020;0
32;16;10;5;1;15;1510798099;15;255;1510798106;1
32;16;10;5;1;15;1510798104;15;255;1510798111;1
32;16;10;5;1;15;1510798624;15;255;1510798631;1
32;16;10;5;1;15;1510799056;15;255;1510799063;1
32;16;10;5;1;15;1510799170;15;255;1510799177;1
32;16;10;5;1;15;1510799328;15;255;1510799335;1
32;16;10;5;1;15;1510799581;15;255;1510799588;1
32;16;10;5;1;15;1510800242;15;255;1510800249;1
32;16;10;5;1;15;1510800556;15;255;1510800563;1
32;16;10;5;1;15;1510800610;15;255;1510800617;1
32;16;10;5;1;15;1510800735;15;255;1510800742;1
32;16;10;5;1;15;1510801275;15;255;1510801282;1
32;16;10;5;1;15;1510801800;15;255;1510801807;1
32;16;10;5;1;15;1510801841;15;255;1510801848;1
32;16;10;5;1;15;1510801888;15;255;1510801895;1
32;16;10;5;1;15;1510802304;15;255;1510802311;1
32;16;10;5;1;15;1510803010;15;255;1510803016;1
32;16;10;5;1;15;1510803108;15;255;1510803115;0
32;16;10;5;1;15;1510803191;15;255;1510803198;0
32;16;10;5;1;15;1510803328;15;255;1510803335;1
32;16;10;5;1;15;1510804262;15;255;1510804269;1
32;16;10;5;1;15;1510804275;15;255;1510804282;1
32;16;10;5;1;15;1510804336;15;255;1510804342;0
32;16;10;5;1;15;1510804608;15;255;1510804615;1
32;16;10;5;1;15;1510805366;15;255;1510805373;1
32;16;10;5;1;15;1510805424;15;255;1510805431;0
32;16;10;5;1;15;1510805609;15;255;1510805616;1
32;16;10;5;1;15;1510805669;15;255;1510805676;1
32;16;10;5;1;15;1510806539;15;255;1510806546;1
32;16;10;5;1;15;1510806560;15;255;1510806567;1
32;16;10;5;1;15;1510806651;15;255;1510806658;1
32;16;10;5;1;15;1510807008;15;255;1510807015;1
32;16;10;5;1;15;1510807626;15;255;1510807633;1
32;16;10;5;1;15;1510807857;15;255;1510807864;1
32;16;10;5;1;15;1510807899;15;255;1510807906;1
32;16;10;5;1;15;1510808300;15;255;1510808307;0
32;16;10;5;1;15;1510808751;15;255;1510808758;1
32;16;10;5;1;15;1510809029;15;255;1510809036;1
32;16;10;5;1;15;1510809136;15;255;1510809143;1
32;16;10;5;1;15;1510809280;15;255;1510809287;1
32;16;10;5;1;15;1510809739;15;255;1510809746;1
32;16;10;5;1;15;1510810264;15;255;1510810271;1
32;16;10;5;1;15;1510810378;15;255;1510810385;1
32;16;10;5;1;15;1510810547;15;255;1510810554;1
32;16;10;5;1;15;1510811084;15;255;1510811091;1
32;16;10;5;1;15;1510811573;15;255;1510811580;1
32;16;10;5;1;15;1510811580;15;255;1510811587;1
32;16;10;5;1;15;1510811664;15;255;1510811671;1
32;16;10;5;1;15;1510812246;15;255;1510812253;0
32;16;10;5;1;15;1510812814;15;255;1510812821;1
32;16;10;5;1;15;1510812891;15;255;1510812898;1
32;16;10;5;1;15;1510812921;15;255;1510812928;1
32;16;10;5;1;15;1510813509;15;255;1510813516;1
32;16;10;5;1;15;1510813864;15;255;1510813871;1
32;16;10;5;1;15;1510813913;15;255;1510813920;1
32;16;10;5;1;15;1510814161;15;255;1510814168;1
32;16;10;5;1;15;1510814806;15;255;1510814813;1
32;16;10;5;1;15;1510815185;15;255;1510815192;1
32;16;10;5;1;15;1510815191;15;255;1510815198;1
32;16;10;5;1;15;1510815340;15;255;1510815347;0
32;16;10;5;1;15;1510816145;15;255;1510816152;1
32;16;10;5;1;15;1510816439;15;255;1510816446;1
32;16;10;5;1;15;1510816452;15;255;1510816459;1
32;16;10;5;1;15;1510816634;15;255;1510816641;1
32;16;10;5;1;15;1510817250;15;255;1510817257;1
32;16;10;5;1;15;1510817504;15;255;1510817511;1
32;16;10;5;1;15;1510817683;15;255;1510817690;1
32;16;10;5;1;15;1510817816;15;255;1510817823;1
32;16;10;5;1;15;1510818443;15;255;1510818450;1
32;16;10;5;1;15;1510818736;15;255;1510818742;1
32;16;10;5;1;15;1510818890;15;255;1510818896;1
32;16;10;5;1;15;1510818969;15;255;1510818976;1
32;16;10;5;1;15;1510819742;15;255;1510819749;1
32;16;10;5;1;15;1510819980;15;255;1510819987;1
32;16;10;5;1;15;1510819996;15;255;1510820003;1
32;16;10;5;1;15;1510820035;15;255;1510820041;1
32;16;10;5;1;15;1510821096;15;255;1510821103;0
32;16;10;5;1;15;1510821160;15;255;1510821167;1
32;16;10;5;1;15;1510821292;15;255;1510821299;0
32;16;10;5;1;15;1510821372;15;255;1510821379;1
32;16;10;5;1;15;1510822271;15;255;1510822278;1
32;16;10;5;1;15;1510822286;15;255;1510822293;1
32;16;10;5;1;15;1510822354;15;255;1510822361;1
32;16;10;5;1;15;1510822486;15;255;1510822493;1
32;16;10;5;1;15;1510823379;15;255;1510823386;0
32;16;10;5;1;15;1510823482;15;255;1510823489;1
32;16;10;5;1;15;1510823573;15;255;1510823580;1
32;16;10;5;1;15;1510823747;15;255;1510823754;1
32;16;10;5;1;15;1510824571;15;255;1510824578;1
32;16;10;5;1;15;1510824591;15;255;1510824598;0
32;16;10;5;1;15;1510824861;15;255;1510824868;1
32;16;10;5;1;15;1510824930;15;255;1510824937;0
32;16;10;5;1;15;1510825724;15;255;1510825731;1
32;16;10;5;1;15;1510825908;15;255;1510825915;1
32;16;10;5;1;15;1510825966;15;255;1510825973;1
32;16;10;5;1;15;1510825977;15;255;1510825984;1
32;16;10;5;1;15;1510826920;15;255;1510826928;1
32;16;10;5;1;15;1510826983;15;255;1510826991;1
32;16;10;5;1;15;1510827082;15;255;1510827089;1
32;16;10;5;1;15;1510827310;15;255;1510827318;1
32;16;10;5;1;15;1510828226;15;255;1510828235;0
32;16;10;5;1;15;1510828249;15;255;1510828258;1
32;16;10;5;1;15;1510828280;15;255;1510828288;1
32;16;10;5;1;15;1510828496;15;255;1510828503;1
32;16;10;5;1;15;1510829411;15;255;1510829418;1
32;16;10;5;1;15;1510829475;15;255;1510829482;1
32;16;10;5;1;15;1510829529;15;255;1510829536;1
32;16;10;5;1;15;1510829655;15;255;1510829661;1
32;16;10;5;1;15;1510830571;15;255;1510830579;1
32;16;10;5;1;15;1510830604;15;255;1510830612;1
32;16;10;5;1;15;1510830700;15;255;1510830707;0
32;16;10;5;1;15;1510830845;15;255;1510830852;1
32;16;10;5;1;15;1510831730;15;255;1510831737;0
32;16;10;5;1;15;1510831829;15;255;1510831836;1
32;16;10;5;1;15;1510831974;15;255;1510831981;1
32;16;10;5;1;15;1510832027;15;255;1510832035;0
32;16;10;5;1;15;1510832944;15;255;1510832951;1
32;16;10;5;1;15;1510833106;15;255;1510833114;0
32;16;10;5;1;15;1510833210;15;255;1510833217;1
32;16;10;5;1;15;1510833233;15;255;1510833240;1
32;16;10;5;1;15;1510834149;15;255;1510834157;1
32;16;10;5;1;15;1510834193;15;255;1510834201;1
32;16;10;5;1;15;1510834493;15;255;1510834500;1
32;16;10;5;1;15;1510834709;15;255;1510834716;1
32;16;10;5;1;15;1510835287;15;255;1510835294;1
32;16;10;5;1;15;1510835471;15;255;1510835478;1
32;16;10;5;1;15;1510835568;15;255;1510835575;1
32;16;10;5;1;15;1510835777;15;255;1510835784;1
32;16;10;5;1;15;1510836561;15;255;1510836568;0
32;16;10;5;1;15;1510836723;15;255;1510836730;0
32;16;10;5;1;15;1510836770;15;255;1510836777;1
32;16;10;5;1;15;1510836926;15;255;1510836933;1
32;16;10;5;1;15;1510837871;15;255;1510837878;1
32;16;10;5;1;15;1510838117;15;255;1510838124;0
32;16;10;5;1;15;1510838174;15;255;1510838181;1
32;16;10;5;1;15;1510838175;15;255;1510838183;1
32;16;10;5;1;15;1510839061;15;255;1510839068;1
32;16;10;5;1;15;1510839086;15;255;1510839093;1
32;16;10;5;1;15;1510839294;15;255;1510839301;1
32;16;10;5;1;15;1510839400;15;255;1510839407;1
32;16;10;5;1;15;1510840155;15;255;1510840162;1
32;16;10;5;1;15;1510840384;15;255;1510840391;1
32;16;10;5;1;15;1510840452;15;255;1510840459;1
32;16;10;5;1;15;1510840610;15;255;1510840617;1
32;16;10;5;1;15;1510841299;15;255;1510841306;1
32;16;10;5;1;15;1510841548;15;255;1510841555;1
32;16;10;5;1;15;1510841694;15;255;1510841701;1
32;16;10;5;1;15;1510841871;15;255;1510841878;0
32;16;10;5;1;15;1510842548;15;255;1510842555;1
32;16;10;5;1;15;1510842564;15;255;1510842571;1
32;16;10;5;1;15;1510842831;15;255;1510842838;1
32;16;10;5;1;15;1510842978;15;255;1510842985;1
32;16;10;5;1;15;1510843709;15;255;1510843716;0
32;16;10;5;1;15;1510843718;15;255;1510843725;1
32;16;10;5;1;15;1510843981;15;255;1510843988;1
32;16;10;5;1;15;1510844152;15;255;1510844159;1
32;16;10;5;1;15;1510844743;15;255;1510844750;1
32;16;10;5;1;15;1510844952;15;255;1510844959;0
32;16;10;5;1;15;1510845164;15;255;1510845171;1
32;16;10;5;1;15;1510845248;15;255;1510845255;1
32;16;10;5;1;15;1510845819;15;255;1510845826;1
32;16;10;5;1;15;1510846239;15;255;1510846247;1
32;16;10;5;1;15;1510846280;15;255;1510846287;1
32;16;10;5;1;15;1510846411;15;255;1510846418;1
32;16;10;5;1;15;1510846860;15;255;1510846867;0
32;16;10;5;1;15;1510847498;15;255;1510847505;1
32;16;10;5;1;15;1510847595;15;255;1510847603;1
32;16;10;5;1;15;1510847644;15;255;1510847652;1
32;16;10;5;1;15;1510847977;15;255;1510847984;1
32;16;10;5;1;15;1510848856;15;255;1510848863;1
32;16;10;5;1;15;1510848925;15;255;1510848932;1
32;16;10;5;1;15;1510848989;15;255;1510848996;1
32;16;10;5;1;15;1510849161;15;255;1510849168;1
32;16;10;5;1;15;1510850097;15;255;1510850104;1
32;16;10;5;1;15;1510850211;15;255;1510850218;1
32;16;10;5;1;15;1510850211;15;255;1510850218;0
32;16;10;5;1;15;1510850432;15;255;1510850439;1
32;16;10;5;1;15;1510851241;15;255;1510851249;1
32;16;10;5;1;15;1510851456;15;255;1510851463;1
32;16;10;5;1;15;1510851524;15;255;1510851531;1
32;16;10;5;1;15;1510851599;15;255;1510851607;1
32;16;10;5;1;15;1510852444;15;255;1510852451;1
32;16;10;5;1;15;1510852635;15;255;1510852642;1
32;16;10;5;1;15;1510852771;15;255;1510852778;1
32;16;10;5;1;15;1510852796;15;255;1510852803;1
32;16;10;5;1;15;1510853576;15;255;1510853582;1
32;16;10;5;1;15;1510853738;15;255;1510853745;1
32;16;10;5;1;15;1510853795;15;255;1510853801;1
32;16;10;5;1;15;1510853853;15;255;1510853859;1
32;16;10;5;1;15;1510854810;15;255;1510854816;1
32;16;10;5;1;15;1510854878;15;255;1510854885;1
32;16;10;5;1;15;1510854893;15;255;1510854899;1
32;16;10;5;1;15;1510854977;15;255;1510854984;1
32;16;10;5;1;15;1510855790;15;255;1510855797;1
32;16;10;5;1;15;1510855878;15;255;1510855885;1
32;16;10;5;1;15;1510856045;15;255;1510856052;0
32;16;10;5;1;15;1510856148;15;255;1510856155;1
32;16;10;5;1;15;1510856984;15;255;1510856991;0
32;16;10;5;1;15;1510857147;15;255;1510857154;1
32;16;10;5;1;15;1510857310;15;255;1510857317;0
32;16;10;5;1;15;1510857424;15;255;1510857431;1
32;16;10;5;1;15;1510858144;15;255;1510858151;0
32;16;10;5;1;15;1510858226;15;255;1510858233;1
32;16;10;5;1;15;1510858335;15;255;1510858341;1
32;16;10;5;1;15;1510858491;15;255;1510858498;1
32;16;10;5;1;15;1510859309;15;255;1510859316;0
32;16;10;5;1;15;1510859325;15;255;1510859332;1
32;16;10;5;1;15;1510859377;15;255;1510859384;1
32;16;10;5;1;15;1510859752;15;255;1510859758;1
32;16;10;5;1;15;1510860319;15;255;1510860326;1
32;16;10;5;1;15;1510860378;15;255;1510860385;1
32;16;10;5;1;15;1510860447;15;255;1510860453;1
32;16;10;5;1;15;1510860997;15;255;1510861004;1
32;16;10;5;1;15;1510861334;15;255;1510861341;1
32;16;10;5;1;15;1510861607;15;255;1510861613;1
32;16;10;5;1;15;1510861643;15;255;1510861650;1
32;16;10;5;1;15;1510862296;15;255;1510862303;0
32;16;10;5;1;15;1510862592;15;255;1510862599;1
32;16;10;5;1;15;1510862691;15;255;1510862698;1
32;16;10;5;1;15;1510862873;15;255;1510862880;1
32;16;10;5;1;15;1510863355;15;255;1510863362;1
32;16;10;5;1;15;1510863686;15;255;1510863693;1
32;16;10;5;1;15;1510863736;15;255;1510863743;1
32;16;10;5;1;15;1510863972;15;255;1510863979;1
32;16;10;5;1;15;1510864528;15;255;1510864535;1
32;16;10;5;1;15;1510864849;15;255;1510864856;1
32;16;10;5;1;15;1510864878;15;255;1510864885;1
32;16;10;5;1;15;1510865166;15;255;1510865172;1
32;16;10;5;1;15;1510865784;15;255;1510865791;1
32;16;10;5;1;15;1510865838;15;255;1510865845;1
32;16;10;5;1;15;1510866116;15;255;1510866123;1
32;16;10;5;1;15;1510866199;15;255;1510866206;1
32;16;10;5;1;15;1510866939;15;255;1510866946;1
32;16;10;5;1;15;1510866981;15;255;1510866988;1
32;16;10;5;1;15;1510867283;15;255;1510867290;1
32;16;10;5;1;15;1510867396;15;255;1510867403;1
32;16;10;5;1;15;1510868078;15;255;1510868085;1
32;16;10;5;1;15;1510868092;15;255;1510868099;1
32;16;10;5;1;15;1510868613;15;255;1510868620;0
32;16;10;5;1;15;1510868632;15;255;1510868639;1
32;16;10;5;1;15;1510869175;15;255;1510869182;1
32;16;10;5;1;15;1510869217;15;255;1510869223;1
32;16;10;5;1;15;1510869673;15;255;1510869680;1
32;16;10;5;1;15;1510869816;15;255;1510869823;1
32;16;10;5;1;15;1510870428;15;255;1510870435;1
32;16;10;5;1;15;1510870442;15;255;1510870449;1
32;16;10;5;1;15;1510870767;15;255;1510870774;1
32;16;10;5;1;15;1510871019;15;255;1510871026;1
32;16;10;5;1;15;1510871528;15;255;1510871535;1
32;16;10;5;1;15;1510871666;15;255;1510871673;1
32;16;10;5;1;15;1510872057;15;255;1510872064;1
32;16;10;5;1;15;1510872201;15;255;1510872208;1
32;16;10;5;1;15;1510872640;15;255;1510872647;1
32;16;10;5;1;15;1510872910;15;255;1510872916;1
32;16;10;5;1;15;1510873193;15;255;1510873199;1
32;16;10;5;1;15;1510873420;15;255;1510873427;1
32;16;10;5;1;15;1510873675;15;255;1510873682;0
32;16;10;5;1;15;1510874119;15;255;1510874126;1
32;16;10;5;1;15;1510874313;15;255;1510874320;1
32;16;10;5;1;15;1510874505;15;255;1510874513;1
32;16;10;5;1;15;1510874990;15;255;1510874997;1
32;16;10;5;1;15;1510875361;15;255;1510875368;1
32;16;10;5;1;15;1510875439;15;255;1510875446;1
32;16;10;5;1;15;1510875762;15;255;1510875769;1
32;16;10;5;1;15;1510876091;15;255;1510876098;1
32;16;10;5;1;15;1510876603;15;255;1510876610;1
32;16;10;5;1;15;1510876632;15;255;1510876639;1
32;16;10;5;1;15;1510876999;15;255;1510877006;1
32;16;10;5;1;15;1510877247;15;255;1510877254;1
32;16;10;5;1;15;1510877693;15;255;1510877700;1
32;16;10;5;1;15;1510877766;15;255;1510877773;1
32;16;10;5;1;15;1510878008;15;255;1510878015;1
32;16;10;5;1;15;1510878580;15;255;1510878587;1
32;16;10;5;1;15;1510878871;15;255;1510878877;1
32;16;10;5;1;15;1510879119;15;255;1510879126;1
32;16;10;5;1;15;1510879272;15;255;1510879279;1
32;16;10;5;1;15;1510879634;15;255;1510879641;1
32;16;10;5;1;15;1510879904;15;255;1510879911;1
32;16;10;5;1;15;1510880416;15;255;1510880423;0
32;16;10;5;1;15;1510880462;15;255;1510880469;1
32;16;10;5;1;15;1510880733;15;255;1510880740;1
32;16;10;5;1;15;1510881139;15;255;1510881146;1
32;16;10;5;1;15;1510881416;15;255;1510881423;0
32;16;10;5;1;15;1510881532;15;255;1510881539;1
32;16;10;5;1;15;1510881922;15;255;1510881929;1
32;16;10;5;1;15;1510882219;15;255;1510882226;1
32;16;10;5;1;15;1510882634;15;255;1510882641;1
32;16;10;5;1;15;1510882798;15;255;1510882805;1
32;16;10;5;1;15;1510883288;15;255;1510883295;1
32;16;10;5;1;15;1510883300;15;255;1510883307;1
32;16;10;5;1;15;1510883776;15;255;1510883783;1
32;16;10;5;1;15;1510883865;15;255;1510883872;1
32;16;10;5;1;15;1510884440;15;255;1510884447;1
32;16;10;5;1;15;1510884624;15;255;1510884631;0
32;16;10;5;1;15;1510884940;15;255;1510884947;0
32;16;10;5;1;15;1510885179;15;255;1510885185;1
32;16;10;5;1;15;1510885486;15;255;1510885493;1
32;16;10;5;1;15;1510885753;15;255;1510885760;1
32;16;10;5;1;15;1510886270;15;255;1510886277;1
32;16;10;5;1;15;1510886419;15;255;1510886426;0
32;16;10;5;1;15;1510886488;15;255;1510886495;1
32;16;10;5;1;15;1510886844;15;255;1510886851;1
32;16;10;5;1;15;1510887419;15;255;1510887426;1
32;16;10;5;1;15;1510887533;15;255;1510887540;1
32;16;10;5;1;15;1510887713;15;255;1510887720;1
32;16;10;5;1;15;1510888066;15;255;1510888073;1
32;16;10;5;1;15;1510888389;15;255;1510888396;0
32;16;10;5;1;15;1510888593;15;255;1510888600;1
32;16;10;5;1;15;1510888882;15;255;1510888889;1
32;16;10;5;1;15;1510889256;15;255;1510889263;1
32;16;10;5;1;15;1510889654;15;255;1510889661;1
32;16;10;5;1;15;1510889736;15;255;1510889743;1
32;16;10;5;1;15;1510890075;15;255;1510890082;1
32;16;10;5;1;15;1510890400;15;255;1510890407;1
32;16;10;5;1;15;1510890912;15;255;1510890919;1
32;16;10;5;1;15;1510890958;15;255;1510890965;0
32;16;10;5;1;15;1510890969;15;255;1510890976;1
32;16;10;5;1;15;1510891657;15;255;1510891664;1
32;16;10;5;1;15;1510892010;15;255;1510892017;1
32;16;10;5;1;15;1510892105;15;255;1510892112;1
32;16;10;5;1;15;1510892154;15;255;1510892161;1
32;16;10;5;1;15;1510892801;15;255;1510892808;1
32;16;10;5;1;15;1510893171;15;255;1510893178;1
32;16;10;5;1;15;1510893231;15;255;1510893238;1
32;16;10;5;1;15;1510893337;15;255;1510893344;1
32;16;10;5;1;15;1510894127;15;255;1510894134;1
32;16;10;5;1;15;1510894153;15;255;1510894160;1
32;16;10;5;1;15;1510894647;15;255;1510894653;1
32;16;10;5;1;15;1510894652;15;255;1510894659;1
32;16;10;5;1;15;1510895213;15;255;1510895220;1
32;16;10;5;1;15;1510895233;15;255;1510895240;0
32;16;10;5;1;15;1510895695;15;255;1510895702;1
32;16;10;5;1;15;1510895842;15;255;1510895849;1
32;16;10;5;1;15;1510896294;15;255;1510896301;0
32;16;10;5;1;15;1510896383;15;255;1510896389;1
32;16;10;5;1;15;1510896739;15;255;1510896746;1
32;16;10;5;1;15;1510896942;15;255;1510896948;1
32;16;10;5;1;15;1510897193;15;255;1510897200;0
32;16;10;5;1;15;1510897263;15;255;1510897270;0
32;16;10;5;1;15;1510898009;15;255;1510898016;0
32;16;10;5;1;15;1510898177;15;255;1510898184;0
32;16;10;5;1;15;1510898203;15;255;1510898210;0
32;16;10;5;1;15;1510898358;15;255;1510898364;1
32;16;10;5;1;15;1510899069;15;255;1510899076;1
32;16;10;5;1;15;1510899427;15;255;1510899434;1
32;16;10;5;1;15;1510899500;15;255;1510899507;1
32;16;10;5;1;15;1510899509;15;255;1510899516;1
32;16;10;5;1;15;1510900292;15;255;1510900299;0
32;16;10;5;1;15;1510900595;15;255;1510900602;1
32;16;10;5;1;15;1510900666;15;255;1510900673;1
32;16;10;5;1;15;1510900763;15;255;1510900770;1
32;16;10;5;1;15;1510901488;15;255;1510901495;1
32;16;10;5;1;15;1510901814;15;255;1510901821;0
32;16;10;5;1;15;1510901872;15;255;1510901879;1
32;16;10;5;1;15;1510901941;15;255;1510901948;0
32;16;10;5;1;15;1510902824;15;255;1510902831;1
32;16;10;5;1;15;1510902829;15;255;1510902836;1
32;16;10;5;1;15;1510902943;15;255;1510902950;1
32;16;10;5;1;15;1510903135;15;255;1510903142;1
32;16;10;5;1;15;1510903883;15;255;1510903890;1
32;16;10;5;1;15;1510904087;15;255;1510904093;1
32;16;10;5;1;15;1510904184;15;255;1510904191;0
32;16;10;5;1;15;1510904367;15;255;1510904374;1
32;16;10;5;1;15;1510905082;15;255;1510905089;1
32;16;10;5;1;15;1510905296;15;255;1510905303;1
32;16;10;5;1;15;1510905373;15;255;1510905380;1
32;16;10;5;1;15;1510905521;15;255;1510905527;1
32;16;10;5;1;15;1510906220;15;255;1510906227;1
32;16;10;5;1;15;1510906486;15;255;1510906493;1
32;16;10;5;1;15;1510906504;15;255;1510906511;0
32;16;10;5;1;15;1510906790;15;255;1510906797;1
32;16;10;5;1;15;1510907371;15;255;1510907378;1
32;16;10;5;1;15;1510907575;15;255;1510907581;1
32;16;10;5;1;15;1510907844;15;255;1510907850;1
32;16;10;5;1;15;1510908028;15;255;1510908035;1
32;16;10;5;1;15;1510908567;15;255;1510908574;1
32;16;10;5;1;15;1510908739;15;255;1510908745;1
32;16;10;5;1;15;1510908928;15;255;1510908935;1
32;16;10;5;1;15;1510909212;15;255;1510909219;1
32;16;10;5;1;15;1510909708;15;255;1510909715;1
32;16;10;5;1;15;1510909886;15;255;1510909893;1
32;16;10;5;1;15;1510910055;15;255;1510910062;1
32;16;10;5;1;15;1510910283;15;255;1510910290;1
32;16;10;5;1;15;1510910970;15;255;1510910977;1
32;16;10;5;1;15;1510911016;15;255;1510911023;1
32;16;10;5;1;15;1510911177;15;255;1510911184;1
32;16;10;5;1;15;1510911620;15;255;1510911627;1
32;16;10;5;1;15;1510912093;15;255;1510912100;1
32;16;10;5;1;15;1510912280;15;255;1510912287;1
32;16;10;5;1;15;1510912696;15;255;1510912703;1
32;16;10;5;1;15;1510912843;15;255;1510912850;1
32;16;10;5;1;15;1510913178;15;255;1510913185;1
32;16;10;5;1;15;1510913313;15;255;1510913320;1
32;16;10;5;1;15;1510914037;15;255;1510914044;1
32;16;10;5;1;15;1510914051;15;255;1510914058;1
32;16;10;5;1;15;1510914433;15;255;1510914440;1
32;16;10;5;1;15;1510914473;15;255;1510914480;1
32;16;10;5;1;15;1510914997;15;255;1510915003;1
32;16;10;5;1;15;1510915159;15;255;1510915166;1
32;16;10;5;1;15;1510915466;15;255;1510915473;1
32;16;10;5;1;15;1510915549;15;255;1510915556;1
32;16;10;5;1;15;1510916166;15;255;1510916173;1
32;16;10;5;1;15;1510916278;15;255;1510916285;1
32;16;10;5;1;15;1510916652;15;255;1510916659;1
32;16;10;5;1;15;1510916671;15;255;1510916677;1
32;16;10;5;1;15;1510917308;15;255;1510917315;0
32;16;10;5;1;15;1510917482;15;255;1510917489;1
32;16;10;5;1;15;1510917891;15;255;1510917898;1
32;16;10;5;1;15;1510917938;15;255;1510917945;1
32;16;10;5;1;15;1510918578;15;255;1510918585;1
32;16;10;5;1;15;1510918725;15;255;1510918732;1
32;16;10;5;1;15;1510919073;15;255;1510919080;1
32;16;10;5;1;15;1510919120;15;255;1510919126;1
32;16;10;5;1;15;1510919758;15;255;1510919765;1
32;16;10;5;1;15;1510919868;15;255;1510919874;1
32;16;10;5;1;15;1510920374;15;255;1510920381;1
32;16;10;5;1;15;1510920415;15;255;1510920422;1
32;16;10;5;1;15;1510920874;15;255;1510920881;1
32;16;10;5;1;15;1510920991;15;255;1510920998;1
32;16;10;5;1;15;1510921609;15;255;1510921616;1
32;16;10;5;1;15;1510921756;15;255;1510921763;1
32;16;10;5;1;15;1510921921;15;255;1510921928;1
32;16;10;5;1;15;1510921997;15;255;1510922004;0
32;16;10;5;1;15;1510922820;15;255;1510922827;1
32;16;10;5;1;15;1510922916;15;255;1510922923;1
32;16;10;5;1;15;1510923079;15;255;1510923086;1
32;16;10;5;1;15;1510923190;15;255;1510923197;1
32;16;10;5;1;15;1510924071;15;255;1510924078;1
32;16;10;5;1;15;1510924117;15;255;1510924124;1
32;16;10;5;1;15;1510924272;15;255;1510924279;1
32;16;10;5;1;15;1510924519;15;255;1510924526;1
32;16;10;5;1;15;1510925079;15;255;1510925086;1
32;16;10;5;1;15;1510925171;15;255;1510925178;0
32;16;10;5;1;15;1510925175;15;255;1510925182;1
32;16;10;5;1;15;1510925484;15;255;1510925491;1
32;16;10;5;1;15;1510926117;15;255;1510926124;1
32;16;10;5;1;15;1510926265;15;255;1510926272;1
32;16;10;5;1;15;1510926332;15;255;1510926338;1
32;16;10;5;1;15;1510926608;15;255;1510926615;1
32;16;10;5;1;15;1510927167;15;255;1510927174;1
32;16;10;5;1;15;1510927381;15;255;1510927388;1
32;16;10;5;1;15;1510927416;15;255;1510927423;1
32;16;10;5;1;15;1510927893;15;255;1510927900;1
32;16;10;5;1;15;1510928391;15;255;1510928398;1
32;16;10;5;1;15;1510928400;15;255;1510928407;1
32;16;10;5;1;15;1510928430;15;255;1510928437;0
32;16;10;5;1;15;1510929188;15;255;1510929195;1
32;16;10;5;1;15;1510929434;15;255;1510929441;1
32;16;10;5;1;15;1510929439;15;255;1510929446;1
32;16;10;5;1;15;1510929490;15;255;1510929497;0
32;16;10;5;1;15;1510930376;15;255;1510930383;0
32;16;10;5;1;15;1510930542;15;255;1510930549;1
32;16;10;5;1;15;1510930622;15;255;1510930628;0
32;16;10;5;1;15;1510930710;15;255;1510930716;1
32;16;10;5;1;15;1510931425;15;255;1510931432;1
32;16;10;5;1;15;1510931807;15;255;1510931814;1
32;16;10;5;1;15;1510931812;15;255;1510931819;1
32;16;10;5;1;15;1510931812;15;255;1510931819;1
32;16;10;5;1;15;1510932618;15;255;1510932624;1
32;16;10;5;1;15;1510932780;15;255;1510932787;1
32;16;10;5;1;15;1510932996;15;255;1510933003;1
32;16;10;5;1;15;1510933136;15;255;1510933143;1
32;16;10;5;1;15;1510933792;15;255;1510933799;1
32;16;10;5;1;15;1510933974;15;255;1510933981;1
32;16;10;5;1;15;1510934186;15;255;1510934193;1
32;16;10;5;1;15;1510934381;15;255;1510934388;1
32;16;10;5;1;15;1510934964;15;255;1510934971;1
32;16;10;5;1;15;1510934968;15;255;1510934975;1
32;16;10;5;1;15;1510935324;15;255;1510935331;1
32;16;10;5;1;15;1510935576;15;255;1510935583;1
32;16;10;5;1;15;1510936131;15;255;1510936138;1
32;16;10;5;1;15;1510936225;15;255;1510936232;1
32;16;10;5;1;15;1510936274;15;255;1510936281;1
32;16;10;5;1;15;1510936858;15;255;1510936865;1
32;16;10;5;1;15;1510937337;15;255;1510937344;1
32;16;10;5;1;15;1510937350;15;255;1510937357;1
32;16;10;5;1;15;1510937353;15;255;1510937360;1
32;16;10;5;1;15;1510937919;15;255;1510937926;1
32;16;10;5;1;15;1510938400;15;255;1510938407;1
32;16;10;5;1;15;1510938500;15;255;1510938507;1
32;16;10;5;1;15;1510938526;15;255;1510938533;1
32;16;10;5;1;15;1510939145;15;255;1510939152;1
32;16;10;5;1;15;1510939491;15;255;1510939498;1
32;16;10;5;1;15;1510939568;15;255;1510939575;1
32;16;10;5;1;15;1510939673;15;255;1510939680;1
32;16;10;5;1;15;1510940368;15;255;1510940375;1
32;16;10;5;1;15;1510940772;15;255;1510940779;1
32;16;10;5;1;15;1510940792;15;255;1510940799;0
32;16;10;5;1;15;1510940869;15;255;1510940876;1
32;16;10;5;1;15;1510941412;15;255;1510941419;1
32;16;10;5;1;15;1510941961;15;255;1510941968;1
32;16;10;5;1;15;1510942048;15;255;1510942055;1
32;16;10;5;1;15;1510942092;15;255;1510942099;1
32;16;10;5;1;15;1510942612;15;255;1510942619;1
32;16;10;5;1;15;1510943027;15;255;1510943034;1
32;16;10;5;1;15;1510943078;15;255;1510943085;1
32;16;10;5;1;15;1510943218;15;255;1510943225;1
32;16;10;5;1;15;1510943869;15;255;1510943876;1
32;16;10;5;1;15;1510944089;15;255;1510944096;1
32;16;10;5;1;15;1510944251;15;255;1510944258;0
32;16;10;5;1;15;1510944258;15;255;1510944265;0
32;16;10;5;1;15;1510945095;15;255;1510945102;1
32;16;10;5;1;15;1510945127;15;255;1510945134;1
32;16;10;5;1;15;1510945396;15;255;1510945403;0
32;16;10;5;1;15;1510945646;15;255;1510945653;1
32;16;10;5;1;15;1510946280;15;255;1510946287;1
32;16;10;5;1;15;1510946347;15;255;1510946354;1
32;16;10;5;1;15;1510946471;15;255;1510946478;1
32;16;10;5;1;15;1510946898;15;255;1510946905;1
32;16;10;5;1;15;1510947393;15;255;1510947400;1
32;16;10;5;1;15;1510947511;15;255;1510947518;1
32;16;10;5;1;15;1510947758;15;255;1510947765;1
32;16;10;5;1;15;1510948168;15;255;1510948175;0
32;16;10;5;1;15;1510948497;15;255;1510948503;1
32;16;10;5;1;15;1510948500;15;255;1510948507;1
32;16;10;5;1;15;1510948708;15;255;1510948715;1
32;16;10;5;1;15;1510949287;15;255;1510949294;1
32;16;10;5;1;15;1510949679;15;255;1510949685;1
32;16;10;5;1;15;1510949706;15;255;1510949713;1
32;16;10;5;1;15;1510949885;15;255;1510949892;1
32;16;10;5;1;15;1510950448;15;255;1510950455;1
32;16;10;5;1;15;1510950773;15;255;1510950780;1
32;16;10;5;1;15;1510950995;15;255;1510951002;1
32;16;10;5;1;15;1510951101;15;255;1510951108;1
32;16;10;5;1;15;1510951688;15;255;1510951694;1
32;16;10;5;1;15;1510951864;15;255;1510951871;1
32;16;10;5;1;15;1510951989;15;255;1510951996;1
32;16;10;5;1;15;1510952416;15;255;1510952423;0
32;16;10;5;1;15;1510952827;15;255;1510952834;1
32;16;10;5;1;15;1510952967;15;255;1510952974;1
32;16;10;5;1;15;1510953057;15;255;1510953064;1
32;16;10;5;1;15;1510953518;15;255;1510953525;1
32;16;10;5;1;15;1510953994;15;255;1510954001;1
32;16;10;5;1;15;1510954155;15;255;1510954162;1
32;16;10;5;1;15;1510954236;15;255;1510954243;1
32;16;10;5;1;15;1510954514;15;255;1510954521;1
32;16;10;5;1;15;1510955155;15;255;1510955162;1
32;16;10;5;1;15;1510955200;15;255;1510955207;1
32;16;10;5;1;15;1510955421;15;255;1510955428;1
32;16;10;5;1;15;1510955634;15;255;1510955641;1
32;16;10;5;1;15;1510956186;15;255;1510956193;1
32;16;10;5;1;15;1510956233;15;255;1510956240;1
32;16;10;5;1;15;1510956448;15;255;1510956455;1
32;16;10;5;1;15;1510956873;15;255;1510956880;1
32;16;10;5;1;15;1510957271;15;255;1510957277;1
32;16;10;5;1;15;1510957462;15;255;1510957469;1
32;16;10;5;1;15;1510957641;15;255;1510957648;1
32;16;10;5;1;15;1510958022;15;255;1510958029;0
32;16;10;5;1;15;1510958382;15;255;1510958389;1
32;16;10;5;1;15;1510958597;15;255;1510958604;1
32;16;10;5;1;15;1510958641;15;255;1510958648;1
32;16;10;5;1;15;1510959284;15;255;1510959291;1
32;16;10;5;1;15;1510959617;15;255;1510959624;0
32;16;10;5;1;15;1510959799;15;255;1510959806;1
32;16;10;5;1;15;1510959874;15;255;1510959880;1
32;16;10;5;1;15;1510960515;15;255;1510960521;1
32;16;10;5;1;15;1510960835;15;255;1510960841;1
32;16;10;5;1;15;1510960856;15;255;1510960863;0
32;16;10;5;1;15;1510961055;15;255;1510961062;1
32;16;10;5;1;15;1510961632;15;255;1510961639;1
32;16;10;5;1;15;1510962001;15;255;1510962008;1
32;16;10;5;1;15;1510962081;15;255;1510962088;1
32;16;10;5;1;15;1510962158;15;255;1510962165;0
32;16;10;5;1;15;1510962743;15;255;1510962750;1
32;16;10;5;1;15;1510962970;15;255;1510962977;1
32;16;10;5;1;15;1510963293;15;255;1510963300;1
32;16;10;5;1;15;1510963299;15;255;1510963306;0
32;16;10;5;1;15;1510963966;15;255;1510963973;0
32;16;10;5;1;15;1510964217;15;255;1510964224;1
32;16;10;5;1;15;1510964456;15;255;1510964463;1
32;16;10;5;1;15;1510964629;15;255;1510964636;1
32;16;10;5;1;15;1510965129;15;255;1510965136;1
32;16;10;5;1;15;1510965394;15;255;1510965401;1
32;16;10;5;1;15;1510965629;15;255;1510965635;1
32;16;10;5;1;15;1510965936;15;255;1510965943;0
32;16;10;5;1;15;1510966097;15;255;1510966103;1
32;16;10;5;1;15;1510966672;15;255;1510966679;1
32;16;10;5;1;15;1510966799;15;255;1510966805;1
32;16;10;5;1;15;1510967071;15;255;1510967078;1
32;16;10;5;1;15;1510967211;15;255;1510967218;1
32;16;10;5;1;15;1510967890;15;255;1510967897;1
32;16;10;5;1;15;1510967971;15;255;1510967978;1
32;16;10;5;1;15;1510968188;15;255;1510968195;1
32;16;10;5;1;15;1510968489;15;255;1510968496;1
32;16;10;5;1;15;1510969041;15;255;1510969048;1
32;16;10;5;1;15;1510969198;15;255;1510969205;0
32;16;10;5;1;15;1510969437;15;255;1510969444;0
32;16;10;5;1;15;1510969698;15;255;1510969705;1
32;16;10;5;1;15;1510970191;15;255;1510970198;1
32;16;10;5;1;15;1510970418;15;255;1510970425;1
32;16;10;5;1;15;1510970578;15;255;1510970585;1
32;16;10;5;1;15;1510970959;15;255;1510970966;1
32;16;10;5;1;15;1510971561;15;255;1510971567;1
32;16;10;5;1;15;1510971781;15;255;1510971788;0
32;16;10;5;1;15;1510971805;15;255;1510971812;1
32;16;10;5;1;15;1510972068;15;255;1510972075;1
32;16;10;5;1;15;1510972754;15;255;1510972761;1
32;16;10;5;1;15;1510972920;15;255;1510972927;0
32;16;10;5;1;15;1510973134;15;255;1510973141;0
32;16;10;5;1;15;1510973249;15;255;1510973255;1
32;16;10;5;1;15;1510973740;15;255;1510973747;0
32;16;10;5;1;15;1510974083;15;255;1510974090;1
32;16;10;5;1;15;1510974335;15;255;1510974342;1
32;16;10;5;1;15;1510974358;15;255;1510974364;1
32;16;10;5;1;15;1510974770;15;255;1510974777;1
32;16;10;5;1;15;1510975160;15;255;1510975167;1
32;16;10;5;1;15;1510975344;15;255;1510975351;0
32;16;10;5;1;15;1510975627;15;255;1510975634;1
32;16;10;5;1;15;1510975927;15;255;1510975934;1
32;16;10;5;1;15;1510976441;15;255;1510976448;1
32;16;10;5;1;15;1510976461;15;255;1510976468;1
32;16;10;5;1;15;1510976719;15;255;1510976726;1
32;16;10;5;1;15;1510977227;15;255;1510977234;1
32;16;10;5;1;15;1510977463;15;255;1510977470;1
32;16;10;5;1;15;1510977490;15;255;1510977497;1
32;16;10;5;1;15;1510978000;15;255;1510978006;1
32;16;10;5;1;15;1510978492;15;255;1510978499;1
32;16;10;5;1;15;1510978575;15;255;1510978582;1
32;16;10;5;1;15;1510978678;15;255;1510978685;1
32;16;10;5;1;15;1510979185;15;255;1510979191;1
32;16;10;5;1;15;1510979696;15;255;1510979703;1
32;16;10;5;1;15;1510979785;15;255;1510979792;1
32;16;10;5;1;15;1510979934;15;255;1510979941;0
32;16;10;5;1;15;1510980383;15;255;1510980390;1
32;16;10;5;1;15;1510980850;15;255;1510980857;1
32;16;10;5;1;15;1510981045;15;255;1510981052;1
32;16;10;5;1;15;1510981087;15;255;1510981094;1
32;16;10;5;1;15;1510981557;15;255;1510981564;1
32;16;10;5;1;15;1510981961;15;255;1510981968;1
32;16;10;5;1;15;1510982074;15;255;1510982080;1
32;16;10;5;1;15;1510982227;15;255;1510982234;1
32;16;10;5;1;15;1510982562;15;255;1510982568;1
32;16;10;5;1;15;1510983086;15;255;1510983093;1
32;16;10;5;1;15;1510983226;15;255;1510983233;1
32;16;10;5;1;15;1510983496;15;255;1510983503;1
32;16;10;5;1;15;1510983507;15;255;1510983514;1
32;16;10;5;1;15;1510984243;15;255;1510984250;1
32;16;10;5;1;15;1510984319;15;255;1510984326;0
32;16;10;5;1;15;1510984697;15;255;1510984704;0
32;16;10;5;1;15;1510984713;15;255;1510984720;1
32;16;10;5;1;15;1510985405;15;255;1510985412;0
32;16;10;5;1;15;1510985510;15;255;1510985517;1
32;16;10;5;1;15;1510985723;15;255;1510985730;1
32;16;10;5;1;15;1510985882;15;255;1510985889;1
32;16;10;5;1;15;1510986475;15;255;1510986482;1
32;16;10;5;1;15;1510986594;15;255;1510986601;1
32;16;10;5;1;15;1510986715;15;255;1510986722;1
32;16;10;5;1;15;1510987131;15;255;1510987138;1
32;16;10;5;1;15;1510987525;15;255;1510987532;1
32;16;10;5;1;15;1510987810;15;255;1510987817;1
32;16;10;5;1;15;1510987940;15;255;1510987947;1
32;16;10;5;1;15;1510988333;15;255;1510988340;1
32;16;10;5;1;15;1510988804;15;255;1510988811;1
32;16;10;5;1;15;1510988917;15;255;1510988924;0
32;16;10;5;1;15;1510988991;15;255;1510988998;1
32;16;10;5;1;15;1510989638;15;255;1510989645;1
32;16;10;5;1;15;1510990023;15;255;1510990030;1
32;16;10;5;1;15;1510990035;15;255;1510990042;1
32;16;10;5;1;15;1510990098;15;255;1510990105;1
32;16;10;5;1;15;1510990758;15;255;1510990765;1
32;16;10;5;1;15;1510991159;15;255;1510991166;0
32;16;10;5;1;15;1510991230;15;255;1510991237;1
32;16;10;5;1;15;1510991331;15;255;1510991338;1
32;16;10;5;1;15;1510991851;15;255;1510991858;1
32;16;10;5;1;15;1510992299;15;255;1510992305;1
32;16;10;5;1;15;1510992467;15;255;1510992474;1
32;16;10;5;1;15;1510992507;15;255;1510992514;1
32;16;10;5;1;15;1510993068;15;255;1510993075;1
32;16;10;5;1;15;1510993430;15;255;1510993437;1
32;16;10;5;1;15;1510993681;15;255;1510993688;1
32;16;10;5;1;15;1510993748;15;255;1510993755;1
32;16;10;5;1;15;1510994243;15;255;1510994250;1
32;16;10;5;1;15;1510994655;15;255;1510994661;1
32;16;10;5;1;15;1510994764;15;255;1510994771;1
32;16;10;5;1;15;1510994914;15;255;1510994920;1
32;16;10;5;1;15;1510995413;15;255;1510995420;1
32;16;10;5;1;15;1510995927;15;255;1510995934;1
32;16;10;5;1;15;1510996024;15;255;1510996031;1
32;16;10;5;1;15;1510996081;15;255;1510996088;1
32;16;10;5;1;15;1510996535;15;255;1510996542;1
32;16;10;5;1;15;1510997084;15;255;1510997091;1
32;16;10;5;1;15;1510997164;15;255;1510997171;1
32;16;10;5;1;15;1510997346;15;255;1510997353;1
32;16;10;5;1;15;1510997834;15;255;1510997840;1
32;16;10;5;1;15;1510998105;15;255;1510998112;1
32;16;10;5;1;15;1510998287;15;255;1510998294;0
32;16;10;5;1;15;1510998445;15;255;1510998451;1
32;16;10;5;1;15;1510999081;15;255;1510999088;1
32;16;10;5;1;15;1510999284;15;255;1510999291;1
32;16;10;5;1;15;1510999357;15;255;1510999364;0
32;16;10;5;1;15;1510999550;15;255;1510999557;1
32;16;10;5;1;15;1511000236;15;255;1511000243;1
32;16;10;5;1;15;1511000447;15;255;1511000454;1
32;16;10;5;1;15;1511000513;15;255;1511000520;1
32;16;10;5;1;15;1511000645;15;255;1511000651;1
32;16;10;5;1;15;1511001414;15;255;1511001421;1
32;16;10;5;1;15;1511001588;15;255;1511001595;1
32;16;10;5;1;15;1511001853;15;255;1511001860;1
32;16;10;5;1;15;1511001944;15;255;1511001951;0
32;16;10;5;1;15;1511002590;15;255;1511002597;1
32;16;10;5;1;15;1511002884;15;255;1511002891;1
32;16;10;5;1;15;1511003145;15;255;1511003152;1
32;16;10;5;1;15;1511003209;15;255;1511003216;1
32;16;10;5;1;15;1511003835;15;255;1511003842;1
32;16;10;5;1;15;1511003989;15;255;1511003996;1
32;16;10;5;1;15;1511004261;15;255;1511004268;1
32;16;10;5;1;15;1511004265;15;255;1511004272;1
32;16;10;5;1;15;1511005035;15;255;1511005042;1
32;16;10;5;1;15;1511005098;15;255;1511005105;1
32;16;10;5;1;15;1511005519;15;255;1511005526;1
32;16;10;5;1;15;1511005621;15;255;1511005628;1
32;16;10;5;1;15;1511006088;15;255;1511006095;1
32;16;10;5;1;15;1511006272;15;255;1511006279;1
32;16;10;5;1;15;1511006534;15;255;1511006541;1
32;16;10;5;1;15;1511006848;15;255;1511006856;1
32;16;10;5;1;15;1511007104;15;255;1511007111;1
32;16;10;5;1;15;1511007694;15;255;1511007701;1
32;16;10;5;1;15;1511007792;15;255;1511007799;1
32;16;10;5;1;15;1511008131;15;255;1511008138;1
32;16;10;5;1;15;1511008295;15;255;1511008302;0
32;16;10;5;1;15;1511008877;15;255;1511008883;0
32;16;10;5;1;15;1511009054;15;255;1511009061;1
32;16;10;5;1;15;1511009387;15;255;1511009394;0
32;16;10;5;1;15;1511009419;15;255;1511009426;0
32;16;10;5;1;15;1511009791;15;255;1511009798;0
32;16;10;5;1;15;1511010171;15;255;1511010178;1
32;16;10;5;1;15;1511010453;15;255;1511010460;1
32;16;10;5;1;15;1511010506;15;255;1511010513;1
32;16;10;5;1;15;1511010869;15;255;1511010876;1
32;16;10;5;1;15;1511011421;15;255;1511011427;1
32;16;10;5;1;15;1511011548;15;255;1511011554;1
32;16;10;5;1;15;1511011558;15;255;1511011565;1
32;16;10;5;1;15;1511012168;15;255;1511012175;1
32;16;10;5;1;15;1511012604;15;255;1511012610;1
32;16;10;5;1;15;1511012626;15;255;1511012633;1
32;16;10;5;1;15;1511012707;15;255;1511012714;1
32;16;10;5;1;15;1511013423;15;255;1511013430;1
32;16;10;5;1;15;1511013678;15;255;1511013684;1
32;16;10;5;1;15;1511013711;15;255;1511013718;0
32;16;10;5;1;15;1511013802;15;255;1511013809;1
32;16;10;5;1;15;1511014573;15;255;1511014580;1
32;16;10;5;1;15;1511014703;15;255;1511014709;1
32;16;10;5;1;15;1511014937;15;255;1511014944;1
32;16;10;5;1;15;1511015054;15;255;1511015061;1
32;16;10;5;1;15;1511015864;15;255;1511015871;1
32;16;10;5;1;15;1511016015;15;255;1511016022;0
32;16;10;5;1;15;1511016036;15;255;1511016043;1
32;16;10;5;1;15;1511016128;15;255;1511016135;0
32;16;10;5;1;15;1511017049;15;255;1511017056;1
32;16;10;5;1;15;1511017099;15;255;1511017106;0
32;16;10;5;1;15;1511017137;15;255;1511017143;1
32;16;10;5;1;15;1511017366;15;255;1511017372;0
32;16;10;5;1;15;1511018216;15;255;1511018223;1
32;16;10;5;1;15;1511018414;15;255;1511018421;1
32;16;10;5;1;15;1511018416;15;255;1511018423;1
32;16;10;5;1;15;1511018480;15;255;1511018487;1
32;16;10;5;1;15;1511019242;15;255;1511019249;1
32;16;10;5;1;15;1511019568;15;255;1511019574;1
32;16;10;5;1;15;1511019603;15;255;1511019610;1
32;16;10;5;1;15;1511019610;15;255;1511019617;1
32;16;10;5;1;15;1511020368;15;255;1511020375;1
32;16;10;5;1;15;1511020748;15;255;1511020755;1
32;16;10;5;1;15;1511020825;15;255;1511020832;1
32;16;10;5;1;15;1511020861;15;255;1511020868;1
32;16;10;5;1;15;1511021582;15;255;1511021588;1
32;16;10;5;1;15;1511021907;15;255;1511021914;1
32;16;10;5;1;15;1511021935;15;255;1511021942;1
32;16;10;5;1;15;1511022106;15;255;1511022113;1
32;16;10;5;1;15;1511022660;15;255;1511022667;1
32;16;10;5;1;15;1511022966;15;255;1511022973;1
32;16;10;5;1;15;1511023282;15;255;1511023289;1
32;16;10;5;1;15;1511023343;15;255;1511023350;1
32;16;10;5;1;15;1511023956;15;255;1511023963;1
32;16;10;5;1;15;1511024119;15;255;1511024126;1
32;16;10;5;1;15;1511024399;15;255;1511024405;1
32;16;10;5;1;15;1511024616;15;255;1511024623;1
32;16;10;5;1;15;1511025018;15;255;1511025025;1
32;16;10;5;1;15;1511025272;15;255;1511025279;1
32;16;10;5;1;15;1511025461;15;255;1511025468;1
32;16;10;5;1;15;1511025751;15;255;1511025758;0
32;16;10;5;1;15;1511026092;15;255;1511026099;1
32;16;10;5;1;15;1511026275;15;255;1511026282;1
32;16;10;5;1;15;1511026535;15;255;1511026542;1
32;16;10;5;1;15;1511026783;15;255;1511026790;1
32;16;10;5;1;15;1511027320;15;255;1511027327;1
32;16;10;5;1;15;1511027577;15;255;1511027584;1
32;16;10;5;1;15;1511027767;15;255;1511027774;1
32;16;10;5;1;15;1511027901;15;255;1511027908;1
32;16;10;5;1;15;1511028443;15;255;1511028450;1
32;16;10;5;1;15;1511028810;15;255;1511028817;1
32;16;10;5;1;15;1511028933;15;255;1511028940;1
32;16;10;5;1;15;1511029127;15;255;1511029134;0
32;16;10;5;1;15;1511029611;15;255;1511029618;1
32;16;10;5;1;15;1511030005;15;255;1511030011;1
32;16;10;5;1;15;1511030097;15;255;1511030104;1
32;16;10;5;1;15;1511030561;15;255;1511030568;1
32;16;10;5;1;15;1511030700;15;255;1511030707;1
32;16;10;5;1;15;1511031100;15;255;1511031107;1
32;16;10;5;1;15;1511031298;15;255;1511031304;1
32;16;10;5;1;15;1511031762;15;255;1511031769;0
32;16;10;5;1;15;1511031837;15;255;1511031844;1
32;16;10;5;1;15;1511032185;15;255;1511032192;1
32;16;10;5;1;15;1511032580;15;255;1511032587;1
32;16;10;5;1;15;1511032889;15;255;1511032896;1
32;16;10;5;1;15;1511032925;15;255;1511032932;1
32;16;10;5;1;15;1511033298;15;255;1511033305;0
32;16;10;5;1;15;1511033690;15;255;1511033697;0
32;16;10;5;1;15;1511034162;15;255;1511034169;1
32;16;10;5;1;15;1511034225;15;255;1511034233;1
32;16;10;5;1;15;1511034294;15;255;1511034301;1
32;16;10;5;1;15;1511034983;15;255;1511034990;0
32;16;10;5;1;15;1511035380;15;255;1511035387;1
32;16;10;5;1;15;1511035381;15;255;1511035388;0
32;16;10;5;1;15;1511035579;15;255;1511035586;1
32;16;10;5;1;15;1511036191;15;255;1511036198;0
32;16;10;5;1;15;1511036464;15;255;1511036471;0
32;16;10;5;1;15;1511036633;15;255;1511036640;1
32;16;10;5;1;15;1511036730;15;255;1511036737;0
32;16;10;5;1;15;1511037416;15;255;1511037423;1
32;16;10;5;1;15;1511037617;15;255;1511037624;1
32;16;10;5;1;15;1511037706;15;255;1511037713;1
32;16;10;5;1;15;1511037785;15;255;1511037791;1
32;16;10;5;1;15;1511038560;15;255;1511038566;1
32;16;10;5;1;15;1511038651;15;255;1511038658;1
32;16;10;5;1;15;1511038823;15;255;1511038830;1
32;16;10;5;1;15;1511038962;15;255;1511038969;1
32;16;10;5;1;15;1511039678;15;255;1511039685;1
32;16;10;5;1;15;1511039776;15;255;1511039783;1
32;16;10;5;1;15;1511039941;15;255;1511039948;1
32;16;10;5;1;15;1511040020;15;255;1511040027;1
32;16;10;5;1;15;1511040924;15;255;1511040931;1
32;16;10;5;1;15;1511040944;15;255;1511040951;1
32;16;10;5;1;15;1511041045;15;255;1511041052;1
32;16;10;5;1;15;1511041161;15;255;1511041168;1
32;16;10;5;1;15;1511041982;15;255;1511041989;1
32;16;10;5;1;15;1511042086;15;255;1511042093;0
32;16;10;5;1;15;1511042314;15;255;1511042321;0
32;16;10;5;1;15;1511042324;15;255;1511042331;1
32;16;10;5;1;15;1511043293;15;255;1511043300;1
32;16;10;5;1;15;1511043352;15;255;1511043358;1
32;16;10;5;1;15;1511043412;15;255;1511043419;1
32;16;10;5;1;15;1511043653;15;255;1511043660;1
32;16;10;5;1;15;1511044389;15;255;1511044395;1
32;16;10;5;1;15;1511044531;15;255;1511044538;1
32;16;10;5;1;15;1511044613;15;255;1511044620;1
32;16;10;5;1;15;1511044687;15;255;1511044694;1
32;16;10;5;1;15;1511045603;15;255;1511045610;1
32;16;10;5;1;15;1511045645;15;255;1511045652;1
32;16;10;5;1;15;1511045761;15;255;1511045768;1
32;16;10;5;1;15;1511045807;15;255;1511045814;1
32;16;10;5;1;15;1511046707;15;255;1511046714;1
32;16;10;5;1;15;1511046761;15;255;1511046767;1
32;16;10;5;1;15;1511046834;15;255;1511046841;1
32;16;10;5;1;15;1511046891;15;255;1511046898;1
32;16;10;5;1;15;1511047874;15;255;1511047881;1
32;16;10;5;1;15;1511047946;15;255;1511047953;1
32;16;10;5;1;15;1511047978;15;255;1511047985;1
32;16;10;5;1;15;1511048057;15;255;1511048064;1
32;16;10;5;1;15;1511049085;15;255;1511049091;1
32;16;10;5;1;15;1511049157;15;255;1511049164;1
32;16;10;5;1;15;1511049222;15;255;1511049229;1
32;16;10;5;1;15;1511049235;15;255;1511049242;1
32;16;10;5;1;15;1511050188;15;255;1511050194;0
32;16;10;5;1;15;1511050356;15;255;1511050362;0
32;16;10;5;1;15;1511050412;15;255;1511050419;1
32;16;10;5;1;15;1511050429;15;255;1511050436;1
32;16;10;5;1;15;1511051308;15;255;1511051315;1
32;16;10;5;1;15;1511051363;15;255;1511051370;1
32;16;10;5;1;15;1511051517;15;255;1511051524;1
32;16;10;5;1;15;1511051575;15;255;1511051582;1
32;16;10;5;1;15;1511052384;15;255;1511052391;1
32;16;10;5;1;15;1511052537;15;255;1511052544;1
32;16;10;5;1;15;1511052622;15;255;1511052629;1
32;16;10;5;1;15;1511052794;15;255;1511052801;0
32;16;10;5;1;15;1511053659;15;255;1511053666;1
32;16;10;5;1;15;1511053666;15;255;1511053673;0
32;16;10;5;1;15;1511053769;15;255;1511053776;1
32;16;10;5;1;15;1511053899;15;255;1511053906;1
32;16;10;5;1;15;1511054705;15;255;1511054713;0
32;16;10;5;1;15;1511054737;15;255;1511054744;1
32;16;10;5;1;15;1511054966;15;255;1511054973;1
32;16;10;5;1;15;1511055048;15;255;1511055055;1
32;16;10;5;1;15;1511055866;15;255;1511055873;1
32;16;10;5;1;15;1511056024;15;255;1511056031;1
32;16;10;5;1;15;1511056101;15;255;1511056108;1
32;16;10;5;1;15;1511056102;15;255;1511056109;1
32;16;10;5;1;15;1511056991;15;255;1511056998;1
32;16;10;5;1;15;1511057166;15;255;1511057173;0
32;16;10;5;1;15;1511057236;15;255;1511057243;1
32;16;10;5;1;15;1511057323;15;255;1511057330;1
32;16;10;5;1;15;1511058205;15;255;1511058212;1
32;16;10;5;1;15;1511058212;15;255;1511058219;1
32;16;10;5;1;15;1511058411;15;255;1511058418;1
32;16;10;5;1;15;1511058558;15;255;1511058565;1
32;16;10;5;1;15;1511059379;15;255;1511059386;1
32;16;10;5;1;15;1511059503;15;255;1511059510;1
32;16;10;5;1;15;1511059653;15;255;1511059660;0
32;16;10;5;1;15;1511060011;15;255;1511060018;1
32;16;10;5;1;15;1511060496;15;255;1511060503;1
32;16;10;5;1;15;1511060519;15;255;1511060526;1
32;16;10;5;1;15;1511060759;15;255;1511060766;1
32;16;10;5;1;15;1511061268;15;255;1511061275;1
32;16;10;5;1;15;1511061675;15;255;1511061682;1
32;16;10;5;1;15;1511061789;15;255;1511061796;1
32;16;10;5;1;15;1511061798;15;255;1511061805;1
32;16;10;5;1;15;1511062298;15;255;1511062305;0
32;16;10;5;1;15;1511062847;15;255;1511062854;1
32;16;10;5;1;15;1511062911;15;255;1511062917;1
32;16;10;5;1;15;1511063071;15;255;1511063078;1
32;16;10;5;1;15;1511063552;15;255;1511063559;1
32;16;10;5;1;15;1511063932;15;255;1511063939;1
32;16;10;5;1;15;1511064152;15;255;1511064159;1
32;16;10;5;1;15;1511064205;15;255;1511064212;1
32;16;10;5;1;15;1511064526;15;255;1511064533;1
32;16;10;5;1;15;1511065040;15;255;1511065047;1
32;16;10;5;1;15;1511065282;15;255;1511065289;1
32;16;10;5;1;15;1511065481;15;255;1511065487;1
32;16;10;5;1;15;1511065667;15;255;1511065674;1
32;16;10;5;1;15;1511066140;15;255;1511066147;1
32;16;10;5;1;15;1511066288;15;255;1511066295;1
32;16;10;5;1;15;1511066557;15;255;1511066564;1
32;16;10;5;1;15;1511066958;15;255;1511066964;0
32;16;10;5;1;15;1511067216;15;255;1511067223;1
32;16;10;5;1;15;1511067565;15;255;1511067572;1
32;16;10;5;1;15;1511067659;15;255;1511067666;1
32;16;10;5;1;15;1511068010;15;255;1511068017;1
32;16;10;5;1;15;1511068476;15;255;1511068482;1
32;16;10;5;1;15;1511068486;15;255;1511068493;1
32;16;10;5;1;15;1511068653;15;255;1511068660;1
32;16;10;5;1;15;1511069250;15;255;1511069257;1
32;16;10;5;1;15;1511069536;15;255;1511069543;1
32;16;10;5;1;15;1511069575;15;255;1511069582;1
32;16;10;5;1;15;1511069845;15;255;1511069852;1
32;16;10;5;1;15;1511070339;15;255;1511070345;1
32;16;10;5;1;15;1511070622;15;255;1511070628;1
32;16;10;5;1;15;1511070655;15;255;1511070662;1
32;16;10;5;1;15;1511070910;15;255;1511070917;1
32;16;10;5;1;15;1511071616;15;255;1511071623;1
32;16;10;5;1;15;1511071663;15;255;1511071670;1
32;16;10;5;1;15;1511071896;15;255;1511071903;1
32;16;10;5;1;15;1511072067;15;255;1511072074;1
32;16;10;5;1;15;1511072713;15;255;1511072720;1
32;16;10;5;1;15;1511072908;15;255;1511072915;1
32;16;10;5;1;15;1511072932;15;255;1511072939;1
32;16;10;5;1;15;1511073332;15;255;1511073339;1
32;16;10;5;1;15;1511073875;15;255;1511073882;1
32;16;10;5;1;15;1511073956;15;255;1511073963;1
32;16;10;5;1;15;1511074079;15;255;1511074086;0
32;16;10;5;1;15;1511074546;15;255;1511074553;1
32;16;10;5;1;15;1511075003;15;255;1511075010;1
32;16;10;5;1;15;1511075068;15;255;1511075075;1
32;16;10;5;1;15;1511075211;15;255;1511075218;1
32;16;10;5;1;15;1511075656;15;255;1511075663;1
32;16;10;5;1;15;1511076015;15;255;1511076021;1
32;16;10;5;1;15;1511076269;15;255;1511076276;0
32;16;10;5;1;15;1511076328;15;255;1511076335;1
32;16;10;5;1;15;1511076840;15;255;1511076847;1
32;16;10;5;1;15;1511077328;15;255;1511077335;1
32;16;10;5;1;15;1511077511;15;255;1511077518;1
32;16;10;5;1;15;1511077551;15;255;1511077558;1
32;16;10;5;1;15;1511077915;15;255;1511077922;0
32;16;10;5;1;15;1511078396;15;255;1511078403;1
32;16;10;5;1;15;1511078608;15;255;1511078615;1
32;16;10;5;1;15;1511078667;15;255;1511078674;1
32;16;10;5;1;15;1511079129;15;255;1511079136;1
32;16;10;5;1;15;1511079400;15;255;1511079407;1
32;16;10;5;1;15;1511079856;15;255;1511079863;0
32;16;10;5;1;15;1511079926;15;255;1511079933;1
32;16;10;5;1;15;1511080291;15;255;1511080298;1
32;16;10;5;1;15;1511080620;15;255;1511080627;1
32;16;10;5;1;15;1511080969;15;255;1511080976;0
32;16;10;5;1;15;1511081103;15;255;1511081110;1
32;16;10;5;1;15;1511081552;15;255;1511081559;1
32;16;10;5;1;15;1511081577;15;255;1511081584;1
32;16;10;5;1;15;1511082188;15;255;1511082195;1
32;16;10;5;1;15;1511082392;15;255;1511082399;1
32;16;10;5;1;15;1511082650;15;255;1511082657;1
32;16;10;5;1;15;1511082763;15;255;1511082770;1
32;16;10;5;1;15;1511083300;15;255;1511083306;1
32;16;10;5;1;15;1511083604;15;255;1511083611;1
32;16;10;5;1;15;1511083834;15;255;1511083840;1
32;16;10;5;1;15;1511083901;15;255;1511083908;1
32;16;10;5;1;15;1511084369;15;255;1511084376;1
32;16;10;5;1;15;1511084605;15;255;1511084612;1
32;16;10;5;1;15;1511084884;15;255;1511084891;1
32;16;10;5;1;15;1511085009;15;255;1511085015;1
32;16;10;5;1;15;1511085353;15;255;1511085360;1
32;16;10;5;1;15;1511085852;15;255;1511085859;1
32;16;10;5;1;15;1511085916;15;255;1511085923;1
32;16;10;5;1;15;1511086282;15;255;1511086289;1
32;16;10;5;1;15;1511086455;15;255;1511086461;1
32;16;10;5;1;15;1511086964;15;255;1511086971;1
32;16;10;5;1;15;1511087161;15;255;1511087168;1
32;16;10;5;1;15;1511087602;15;255;1511087609;1
32;16;10;5;1;15;1511087671;15;255;1511087678;1
32;16;10;5;1;15;1511088064;15;255;1511088070;1
32;16;10;5;1;15;1511088476;15;255;1511088483;1
32;16;10;5;1;15;1511088776;15;255;1511088783;1
32;16;10;5;1;15;1511088777;15;255;1511088784;1
32;16;10;5;1;15;1511089088;15;255;1511089095;1
32;16;10;5;1;15;1511089606;15;255;1511089613;1
32;16;10;5;1;15;1511089990;15;255;1511089997;1
32;16;10;5;1;15;1511090001;15;255;1511090008;1
32;16;10;5;1;15;1511090376;15;255;1511090383;1
32;16;10;5;1;15;1511090919;15;255;1511090926;1
32;16;10;5;1;15;1511091129;15;255;1511091136;0
32;16;10;5;1;15;1511091340;15;255;1511091347;1
32;16;10;5;1;15;1511091584;15;255;1511091591;1
32;16;10;5;1;15;1511092051;15;255;1511092058;0
32;16;10;5;1;15;1511092156;15;255;1511092162;0
32;16;10;5;1;15;1511092490;15;255;1511092497;1
32;16;10;5;1;15;1511092701;15;255;1511092708;0
32;16;10;5;1;15;1511093219;15;255;1511093226;1
32;16;10;5;1;15;1511093337;15;255;1511093344;0
32;16;10;5;1;15;1511093680;15;255;1511093687;1
32;16;10;5;1;15;1511093825;15;255;1511093832;1
32;16;10;5;1;15;1511094365;15;255;1511094372;1
32;16;10;5;1;15;1511094529;15;255;1511094536;1
32;16;10;5;1;15;1511094798;15;255;1511094805;1
32;16;10;5;1;15;1511095075;15;255;1511095082;1
32;16;10;5;1;15;1511095484;15;255;1511095491;1
32;16;10;5;1;15;1511095637;15;255;1511095644;1
32;16;10;5;1;15;1511095858;15;255;1511095864;0
32;16;10;5;1;15;1511096255;15;255;1511096261;1
32;16;10;5;1;15;1511096622;15;255;1511096629;1
32;16;10;5;1;15;1511096990;15;255;1511096997;1
32;16;10;5;1;15;1511097049;15;255;1511097056;1
32;16;10;5;1;15;1511097590;15;255;1511097597;1
32;16;10;5;1;15;1511097747;15;255;1511097754;1
32;16;10;5;1;15;1511097992;15;255;1511097999;1
32;16;10;5;1;15;1511098103;15;255;1511098110;1
32;16;10;5;1;15;1511098706;15;255;1511098713;0
32;16;10;5;1;15;1511099006;15;255;1511099013;1
32;16;10;5;1;15;1511099295;15;255;1511099302;1
32;16;10;5;1;15;1511099308;15;255;1511099315;1
32;16;10;5;1;15;1511099971;15;255;1511099978;1
32;16;10;5;1;15;1511100132;15;255;1511100139;1
32;16;10;5;1;15;1511100446;15;255;1511100453;1
32;16;10;5;1;15;1511100534;15;255;1511100541;1
32;16;10;5;1;15;1511101086;15;255;1511101093;1
32;16;10;5;1;15;1511101325;15;255;1511101333;1
32;16;10;5;1;15;1511101563;15;255;1511101570;1
32;16;10;5;1;15;1511101658;15;255;1511101665;1
32;16;10;5;1;15;1511102192;15;255;1511102199;1
32;16;10;5;1;15;1511102497;15;255;1511102504;1
32;16;10;5;1;15;1511102641;15;255;1511102647;1
32;16;10;5;1;15;1511102868;15;255;1511102875;1
32;16;10;5;1;15;1511103194;15;255;1511103201;1
32;16;10;5;1;15;1511103705;15;255;1511103712;1
32;16;10;5;1;15;1511103847;15;255;1511103854;1
32;16;10;5;1;15;1511103940;15;255;1511103947;1
32;16;10;5;1;15;1511104441;15;255;1511104448;1
32;16;10;5;1;15;1511104847;15;255;1511104854;1
32;16;10;5;1;15;1511104904;15;255;1511104911;1
32;16;10;5;1;15;1511105199;15;255;1511105206;1
32;16;10;5;1;15;1511105645;15;255;1511105652;1
32;16;10;5;1;15;1511105890;15;255;1511105897;0
32;16;10;5;1;15;1511106031;15;255;1511106038;1
32;16;10;5;1;15;1511106267;15;255;1511106274;1
32;16;10;5;1;15;1511106668;15;255;1511106675;1
32;16;10;5;1;15;1511107062;15;255;1511107069;1
32;16;10;5;1;15;1511107132;15;255;1511107139;0
32;16;10;5;1;15;1511107228;15;255;1511107235;1
32;16;10;5;1;15;1511107863;15;255;1511107870;1
32;16;10;5;1;15;1511108156;15;255;1511108163;1
32;16;10;5;1;15;1511108250;15;255;1511108257;1
32;16;10;5;1;15;1511108385;15;255;1511108392;1
32;16;10;5;1;15;1511109039;15;255;1511109046;1
32;16;10;5;1;15;1511109237;15;255;1511109244;1
32;16;10;5;1;15;1511109433;15;255;1511109440;1
32;16;10;5;1;15;1511109653;15;255;1511109660;1
32;16;10;5;1;15;1511110314;15;255;1511110321;1
32;16;10;5;1;15;1511110327;15;255;1511110333;1
32;16;10;5;1;15;1511110733;15;255;1511110740;1
32;16;10;5;1;15;1511110850;15;255;1511110857;1
32;16;10;5;1;15;1511111408;15;255;1511111415;1
32;16;10;5;1;15;1511111474;15;255;1511111481;1
32;16;10;5;1;15;1511111996;15;255;1511112003;1
32;16;10;5;1;15;1511111999;15;255;1511112006;1
32;16;10;5;1;15;1511112484;15;255;1511112491;1
32;16;10;5;1;15;1511112890;15;255;1511112897;1
32;16;10;5;1;15;1511113067;15;255;1511113074;1
32;16;10;5;1;15;1511113260;15;255;1511113267;1
32;16;10;5;1;15;1511113732;15;255;1511113739;1
32;16;10;5;1;15;1511114095;15;255;1511114102;1
32;16;10;5;1;15;1511114481;15;255;1511114488;1
32;16;10;5;1;15;1511114597;15;255;1511114604;1
32;16;10;5;1;15;1511114880;15;255;1511114887;0
32;16;10;5;1;15;1511115088;15;255;1511115095;0
32;16;10;5;1;15;1511115652;15;255;1511115659;1
32;16;10;5;1;15;1511115816;15;255;1511115823;0
32;16;10;5;1;15;1511116147;15;255;1511116154;1
32;16;10;5;1;15;1511116161;15;255;1511116168;0
32;16;10;5;1;15;1511116887;15;255;1511116893;1
32;16;10;5;1;15;1511116944;15;255;1511116951;1
32;16;10;5;1;15;1511117460;15;255;1511117467;1
32;16;10;5;1;15;1511117504;15;255;1511117511;1
32;16;10;5;1;15;1511118052;15;255;1511118059;0
32;16;10;5;1;15;1511118194;15;255;1511118201;1
32;16;10;5;1;15;1511118545;15;255;1511118552;1
32;16;10;5;1;15;1511118776;15;255;1511118783;1
32;16;10;5;1;15;1511119210;15;255;1511119216;1
32;16;10;5;1;15;1511119404;15;255;1511119411;1
32;16;10;5;1;15;1511119633;15;255;1511119640;1
32;16;10;5;1;15;1511119846;15;255;1511119853;1
32;16;10;5;1;15;1511120261;15;255;1511120268;1
32;16;10;5;1;15;1511120511;15;255;1511120518;1
32;16;10;5;1;15;1511120639;15;255;1511120646;1
32;16;10;5;1;15;1511121065;15;255;1511121072;1
32;16;10;5;1;15;1511121449;15;255;1511121455;1
32;16;10;5;1;15;1511121614;15;255;1511121621;1
32;16;10;5;1;15;1511121903;15;255;1511121910;1
32;16;10;5;1;15;1511122136;15;255;1511122143;0
32;16;10;5;1;15;1511122520;15;255;1511122527;1
32;16;10;5;1;15;1511122803;15;255;1511122810;1
32;16;10;5;1;15;1511123001;15;255;1511123008;1
32;16;10;5;1;15;1511123157;15;255;1511123164;0
32;16;10;5;1;15;1511123754;15;255;1511123760;1
32;16;10;5;1;15;1511124072;15;255;1511124079;1
32;16;10;5;1;15;1511124078;15;255;1511124085;1
32;16;10;5;1;15;1511124471;15;255;1511124477;1
32;16;10;5;1;15;1511124902;15;255;1511124909;1
32;16;10;5;1;15;1511125160;15;255;1511125168;1
32;16;10;5;1;15;1511125356;15;255;1511125363;1
32;16;10;5;1;15;1511125733;15;255;1511125740;1
32;16;10;5;1;15;1511126061;15;255;1511126068;0
32;16;10;5;1;15;1511126422;15;255;1511126429;1
32;16;10;5;1;15;1511126494;15;255;1511126501;1
32;16;10;5;1;15;1511126744;15;255;1511126751;1
32;16;10;5;1;15;1511127299;15;255;1511127306;1
32;16;10;5;1;15;1511127504;15;255;1511127511;1
32;16;10;5;1;15;1511127703;15;255;1511127710;1
32;16;10;5;1;15;1511127965;15;255;1511127972;1
32;16;10;5;1;15;1511128577;15;255;1511128583;1
32;16;10;5;1;15;1511128585;15;255;1511128592;0
32;16;10;5;1;15;1511128926;15;255;1511128932;1
32;16;10;5;1;15;1511129063;15;255;1511129070;0
32;16;10;5;1;15;1511129670;15;255;1511129677;0
32;16;10;5;1;15;1511129894;15;255;1511129901;1
32;16;10;5;1;15;1511129991;15;255;1511129998;1
32;16;10;5;1;15;1511130289;15;255;1511130296;1
32;16;10;5;1;15;1511130747;15;255;1511130754;1
32;16;10;5;1;15;1511130954;15;255;1511130961;1
32;16;10;5;1;15;1511131201;15;255;1511131208;1
32;16;10;5;1;15;1511131546;15;255;1511131554;1
32;16;10;5;1;15;1511131756;15;255;1511131763;1
32;16;10;5;1;15;1511132282;15;255;1511132289;1
32;16;10;5;1;15;1511132352;15;255;1511132359;1
32;16;10;5;1;15;1511132683;15;255;1511132691;1
32;16;10;5;1;15;1511132884;15;255;1511132891;1
32;16;10;5;1;15;1511133455;15;255;1511133462;1
32;16;10;5;1;15;1511133595;15;255;1511133602;1
32;16;10;5;1;15;1511133667;15;255;1511133674;1
32;16;10;5;1;15;1511133838;15;255;1511133845;1
32;16;10;5;1;15;1511134640;15;255;1511134646;1
32;16;10;5;1;15;1511134654;15;255;1511134661;0
32;16;10;5;1;15;1511134922;15;255;1511134929;0
32;16;10;5;1;15;1511135014;15;255;1511135021;1
32;16;10;5;1;15;1511135817;15;255;1511135824;1
32;16;10;5;1;15;1511136003;15;255;1511136010;1
32;16;10;5;1;15;1511136013;15;255;1511136020;1
32;16;10;5;1;15;1511136195;15;255;1511136202;1
32;16;10;5;1;15;1511136865;15;255;1511136872;0
32;16;10;5;1;15;1511137266;15;255;1511137273;1
32;16;10;5;1;15;1511137312;15;255;1511137319;1
32;16;10;5;1;15;1511137420;15;255;1511137427;1
32;16;10;5;1;15;1511138060;15;255;1511138067;1
32;16;10;5;1;15;1511138391;15;255;1511138398;1
32;16;10;5;1;15;1511138481;15;255;1511138487;1
32;16;10;5;1;15;1511138793;15;255;1511138800;1
32;16;10;5;1;15;1511139299;15;255;1511139306;1
32;16;10;5;1;15;1511139614;15;255;1511139621;1
32;16;10;5;1;15;1511139703;15;255;1511139709;1
32;16;10;5;1;15;1511139919;15;255;1511139926;1
32;16;10;5;1;15;1511140541;15;255;1511140548;1
32;16;10;5;1;15;1511140876;15;255;1511140883;1
32;16;10;5;1;15;1511140921;15;255;1511140928;0
32;16;10;5;1;15;1511141007;15;255;1511141014;0
32;16;10;5;1;15;1511141618;15;255;1511141625;1
32;16;10;5;1;15;1511142082;15;255;1511142089;1
32;16;10;5;1;15;1511142125;15;255;1511142132;0
32;16;10;5;1;15;1511142200;15;255;1511142206;1
32;16;10;5;1;15;1511142682;15;255;1511142689;1
32;16;10;5;1;15;1511143154;15;255;1511143161;0
32;16;10;5;1;15;1511143292;15;255;1511143299;1
32;16;10;5;1;15;1511143378;15;255;1511143385;1
32;16;10;5;1;15;1511143896;15;255;1511143903;1
32;16;10;5;1;15;1511144347;15;255;1511144354;1
32;16;10;5;1;15;1511144447;15;255;1511144454;1
32;16;10;5;1;15;1511144453;15;255;1511144460;1
32;16;10;5;1;15;1511144958;15;255;1511144965;1
32;16;10;5;1;15;1511145581;15;255;1511145587;0
32;16;10;5;1;15;1511145599;15;255;1511145606;1
32;16;10;5;1;15;1511145718;15;255;1511145725;1
32;16;10;5;1;15;1511146199;15;255;1511146206;1
32;16;10;5;1;15;1511146651;15;255;1511146658;1
32;16;10;5;1;15;1511146776;15;255;1511146783;1
32;16;10;5;1;15;1511147000;15;255;1511147007;1
32;16;10;5;1;15;1511147487;15;255;1511147494;1
32;16;10;5;1;15;1511147848;15;255;1511147855;1
32;16;10;5;1;15;1511148051;15;255;1511148058;1
32;16;10;5;1;15;1511148061;15;255;1511148068;1
32;16;10;5;1;15;1511148680;15;255;1511148687;1
32;16;10;5;1;15;1511149083;15;255;1511149090;1
32;16;10;5;1;15;1511149254;15;255;1511149261;1
32;16;10;5;1;15;1511149420;15;255;1511149427;1
32;16;10;5;1;15;1511149909;15;255;1511149916;1
32;16;10;5;1;15;1511150158;15;255;1511150165;1
32;16;10;5;1;15;1511150380;15;255;1511150387;1
32;16;10;5;1;15;1511150500;15;255;1511150507;0
32;16;10;5;1;15;1511151153;15;255;1511151160;1
32;16;10;5;1;15;1511151330;15;255;1511151337;1
32;16;10;5;1;15;1511151654;15;255;1511151661;1
32;16;10;5;1;15;1511151793;15;255;1511151800;1
32;16;10;5;1;15;1511152396;15;255;1511152403;1
32;16;10;5;1;15;1511152539;15;255;1511152546;1
32;16;10;5;1;15;1511152778;15;255;1511152785;1
32;16;10;5;1;15;1511152933;15;255;1511152940;1
32;16;10;5;1;15;1511153555;15;255;1511153561;1
32;16;10;5;1;15;1511153641;15;255;1511153648;1
32;16;10;5;1;15;1511153894;15;255;1511153901;1
32;16;10;5;1;15;1511153992;15;255;1511153999;1
32;16;10;5;1;15;1511154691;15;255;1511154698;1
32;16;10;5;1;15;1511154856;15;255;1511154863;1
32;16;10;5;1;15;1511155152;15;255;1511155159;1
32;16;10;5;1;15;1511155291;15;255;1511155298;1
32;16;10;5;1;15;1511156065;15;255;1511156073;1
32;16;10;5;1;15;1511156254;15;255;1511156261;1
32;16;10;5;1;15;1511156272;15;255;1511156279;1
32;16;10;5;1;15;1511156556;15;255;1511156563;1
32;16;10;5;1;15;1511157297;15;255;1511157304;1
32;16;10;5;1;15;1511157406;15;255;1511157413;0
32;16;10;5;1;15;1511157516;15;255;1511157523;1
32;16;10;5;1;15;1511157756;15;255;1511157763;1
32;16;10;5;1;15;1511158374;15;255;1511158380;1
32;16;10;5;1;15;1511158636;15;255;1511158643;1
32;16;10;5;1;15;1511158833;15;255;1511158840;1
32;16;10;5;1;15;1511158844;15;255;1511158851;1
32;16;10;5;1;15;1511159462;15;255;1511159469;1
32;16;10;5;1;15;1511159821;15;255;1511159828;1
32;16;10;5;1;15;1511159895;15;255;1511159902;1
32;16;10;5;1;15;1511159926;15;255;1511159933;1
32;16;10;5;1;15;1511160594;15;255;1511160601;1
32;16;10;5;1;15;1511161035;15;255;1511161042;1
32;16;10;5;1;15;1511161045;15;255;1511161052;1
32;16;10;5;1;15;1511161146;15;255;1511161153;1
32;16;10;5;1;15;1511161598;15;255;1511161605;1
32;16;10;5;1;15;1511162249;15;255;1511162256;1
32;16;10;5;1;15;1511162281;15;255;1511162288;1
32;16;10;5;1;15;1511162346;15;255;1511162353;1
32;16;10;5;1;15;1511162831;15;255;1511162838;1
32;16;10;5;1;15;1511163283;15;255;1511163290;1
32;16;10;5;1;15;1511163455;15;255;1511163463;1
32;16;10;5;1;15;1511163472;15;255;1511163479;1
32;16;10;5;1;15;1511164002;15;255;1511164010;1
32;16;10;5;1;15;1511164577;15;255;1511164584;1
32;16;10;5;1;15;1511164583;15;255;1511164589;1
32;16;10;5;1;15;1511164717;15;255;1511164724;1
32;16;10;5;1;15;1511165063;15;255;1511165071;1
32;16;10;5;1;15;1511165675;15;255;1511165682;1
32;16;10;5;1;15;1511165838;15;255;1511165846;1
32;16;10;5;1;15;1511165878;15;255;1511165885;1
32;16;10;5;1;15;1511166336;15;255;1511166343;1
32;16;10;5;1;15;1511166793;15;255;1511166800;1
32;16;10;5;1;15;1511166896;15;255;1511166903;1
32;16;10;5;1;15;1511167072;15;255;1511167079;0
32;16;10;5;1;15;1511167295;15;255;1511167302;1
32;16;10;5;1;15;1511167947;15;255;1511167954;1
32;16;10;5;1;15;1511168096;15;255;1511168103;1
32;16;10;5;1;15;1511168174;15;255;1511168181;1
32;16;10;5;1;15;1511168448;15;255;1511168455;0
32;16;10;5;1;15;1511169157;15;255;1511169164;1
32;16;10;5;1;15;1511169259;15;255;1511169266;1
32;16;10;5;1;15;1511169379;15;255;1511169386;1
32;16;10;5;1;15;1511169550;15;255;1511169557;1
32;16;10;5;1;15;1511170168;15;255;1511170176;1
32;16;10;5;1;15;1511170474;15;255;1511170481;1
32;16;10;5;1;15;1511170601;15;255;1511170608;1
32;16;10;5;1;15;1511170747;15;255;1511170755;1
32;16;10;5;1;15;1511171576;15;255;1511171584;1
32;16;10;5;1;15;1511171790;15;255;1511171798;1
32;16;10;5;1;15;1511171798;15;255;1511171806;1
32;16;10;5;1;15;1511171805;15;255;1511171813;1
