32;16;10;5;32;15;1510758474;15;255;1510758552;0
32;16;10;5;32;15;1510758725;15;255;1510758789;0
32;16;10;5;32;15;1510758792;15;255;1510758802;0
32;16;10;5;32;15;1510758809;15;255;1510758903;0
32;16;10;5;32;15;1510759774;15;255;1510759807;0
32;16;10;5;32;15;1510760072;15;255;1510760088;0
32;16;10;5;32;15;1510760066;15;255;1510760095;0
32;16;10;5;32;15;1510760076;15;255;1510760100;0
32;16;10;5;32;15;1510760903;15;255;1510760910;0
32;16;10;5;32;15;1510761193;15;255;1510761231;0
32;16;10;5;32;15;1510761257;15;255;1510761308;0
32;16;10;5;32;15;1510761293;15;255;1510761320;0
32;16;10;5;32;15;1510762133;15;255;1510762159;0
32;16;10;5;32;15;1510762360;15;255;1510762367;0
32;16;10;5;32;15;1510762560;15;255;1510762599;0
32;16;10;5;32;15;1510762533;15;255;1510762612;0
32;16;10;5;32;15;1510763115;15;255;1510763122;0
32;16;10;5;32;15;1510763339;15;255;1510763390;0
32;16;10;5;32;15;1510763597;15;255;1510763604;0
32;16;10;5;32;15;1510763691;15;255;1510763723;0
32;16;10;5;32;15;1510764143;15;255;1510764172;0
32;16;10;5;32;15;1510764232;15;255;1510764251;0
32;16;10;5;32;15;1510764859;15;255;1510764866;0
32;16;10;5;32;15;1510764983;15;255;1510765015;0
32;16;10;5;32;15;1510765335;15;255;1510765351;0
32;16;10;5;32;15;1510765280;15;255;1510765384;1
32;16;10;5;32;15;1510766099;15;255;1510766176;0
32;16;10;5;32;15;1510766098;15;255;1510766196;0
32;16;10;5;32;15;1510766331;15;255;1510766426;0
32;16;10;5;32;15;1510766491;15;255;1510766520;0
32;16;10;5;32;15;1510767480;15;255;1510767497;0
32;16;10;5;32;15;1510767498;15;255;1510767504;0
32;16;10;5;32;15;1510767661;15;255;1510767674;0
32;16;10;5;32;15;1510767684;15;255;1510767694;0
32;16;10;5;32;15;1510768428;15;255;1510768450;0
32;16;10;5;32;15;1510768682;15;255;1510768708;0
32;16;10;5;32;15;1510768823;15;255;1510768843;0
32;16;10;5;32;15;1510768865;15;255;1510768935;0
32;16;10;5;32;15;1510769596;15;255;1510769654;0
32;16;10;5;32;15;1510769670;15;255;1510769722;0
32;16;10;5;32;15;1510769996;15;255;1510770025;0
32;16;10;5;32;15;1510770073;15;255;1510770086;0
32;16;10;5;32;15;1510770853;15;255;1510770860;0
32;16;10;5;32;15;1510770986;15;255;1510770999;0
32;16;10;5;32;15;1510771087;15;255;1510771160;0
32;16;10;5;32;15;1510771154;15;255;1510771164;0
32;16;10;5;32;15;1510771909;15;255;1510771953;0
32;16;10;5;32;15;1510772189;15;255;1510772200;0
32;16;10;5;32;15;1510772157;15;255;1510772235;0
32;16;10;5;32;15;1510772389;15;255;1510772432;0
32;16;10;5;32;15;1510773095;15;255;1510773149;0
32;16;10;5;32;15;1510773324;15;255;1510773362;0
32;16;10;5;32;15;1510773406;15;255;1510773426;0
32;16;10;5;32;15;1510773690;15;255;1510773697;0
32;16;10;5;32;15;1510774334;15;255;1510774363;0
32;16;10;5;32;15;1510774596;15;255;1510774618;0
32;16;10;5;32;15;1510774675;15;255;1510774682;0
32;16;10;5;32;15;1510774772;15;255;1510774785;0
32;16;10;5;32;15;1510775474;15;255;1510775500;0
32;16;10;5;32;15;1510775777;15;255;1510775806;0
32;16;10;5;32;15;1510775832;15;255;1510775851;0
32;16;10;5;32;15;1510775870;15;255;1510775887;0
32;16;10;5;32;15;1510776711;15;255;1510776721;0
32;16;10;5;32;15;1510776805;15;255;1510776837;0
32;16;10;5;32;15;1510777058;15;255;1510777068;0
32;16;10;5;32;15;1510777149;15;255;1510777254;1
32;16;10;5;32;15;1510777808;15;255;1510777831;0
32;16;10;5;32;15;1510778037;15;255;1510778059;0
32;16;10;5;32;15;1510778222;15;255;1510778308;0
32;16;10;5;32;15;1510778288;15;255;1510778317;0
32;16;10;5;32;15;1510778882;15;255;1510778911;0
32;16;10;5;32;15;1510779222;15;255;1510779229;0
32;16;10;5;32;15;1510779289;15;255;1510779324;0
32;16;10;5;32;15;1510779457;15;255;1510779483;0
32;16;10;5;32;15;1510780158;15;255;1510780165;0
32;16;10;5;32;15;1510780491;15;255;1510780523;0
32;16;10;5;32;15;1510780511;15;255;1510780524;0
32;16;10;5;32;15;1510780562;15;255;1510780572;0
32;16;10;5;32;15;1510781152;15;255;1510781222;0
32;16;10;5;32;15;1510781621;15;255;1510781634;0
32;16;10;5;32;15;1510781725;15;255;1510781735;0
32;16;10;5;32;15;1510781806;15;255;1510781838;0
32;16;10;5;32;15;1510782380;15;255;1510782485;1
32;16;10;5;32;15;1510782799;15;255;1510782809;0
32;16;10;5;32;15;1510782813;15;255;1510782843;0
32;16;10;5;32;15;1510782882;15;255;1510782921;0
32;16;10;5;32;15;1510783763;15;255;1510783792;0
32;16;10;5;32;15;1510783933;15;255;1510783946;0
32;16;10;5;32;15;1510784009;15;255;1510784016;0
32;16;10;5;32;15;1510784184;15;255;1510784257;0
32;16;10;5;32;15;1510784885;15;255;1510784908;0
32;16;10;5;32;15;1510784910;15;255;1510784926;0
32;16;10;5;32;15;1510785100;15;255;1510785164;0
32;16;10;5;32;15;1510785412;15;255;1510785444;0
32;16;10;5;32;15;1510786010;15;255;1510786055;0
32;16;10;5;32;15;1510785990;15;255;1510786094;1
32;16;10;5;32;15;1510786417;15;255;1510786442;0
32;16;10;5;32;15;1510786593;15;255;1510786603;0
32;16;10;5;32;15;1510787111;15;255;1510787165;0
32;16;10;5;32;15;1510787205;15;255;1510787224;0
32;16;10;5;32;15;1510787462;15;255;1510787504;0
32;16;10;5;32;15;1510787744;15;255;1510787761;0
32;16;10;5;32;15;1510788237;15;255;1510788263;0
32;16;10;5;32;15;1510788350;15;255;1510788383;0
32;16;10;5;32;15;1510788611;15;255;1510788624;0
32;16;10;5;32;15;1510788856;15;255;1510788923;0
32;16;10;5;32;15;1510789394;15;255;1510789407;0
32;16;10;5;32;15;1510789496;15;255;1510789512;0
32;16;10;5;32;15;1510789791;15;255;1510789845;0
32;16;10;5;32;15;1510790149;15;255;1510790188;0
32;16;10;5;32;15;1510790401;15;255;1510790434;0
32;16;10;5;32;15;1510790590;15;255;1510790645;0
32;16;10;5;32;15;1510790790;15;255;1510790797;0
32;16;10;5;32;15;1510791449;15;255;1510791469;0
32;16;10;5;32;15;1510791479;15;255;1510791548;0
32;16;10;5;32;15;1510791685;15;255;1510791702;0
32;16;10;5;32;15;1510792014;15;255;1510792059;0
32;16;10;5;32;15;1510792533;15;255;1510792565;0
32;16;10;5;32;15;1510792576;15;255;1510792612;0
32;16;10;5;32;15;1510792675;15;255;1510792751;0
32;16;10;5;32;15;1510793281;15;255;1510793301;0
32;16;10;5;32;15;1510793631;15;255;1510793654;0
32;16;10;5;32;15;1510793688;15;255;1510793695;0
32;16;10;5;32;15;1510793973;15;255;1510793983;0
32;16;10;5;32;15;1510794515;15;255;1510794522;0
32;16;10;5;32;15;1510794729;15;255;1510794749;0
32;16;10;5;32;15;1510794712;15;255;1510794753;0
32;16;10;5;32;15;1510795152;15;255;1510795175;0
32;16;10;5;32;15;1510795641;15;255;1510795699;0
32;16;10;5;32;15;1510795850;15;255;1510795885;0
32;16;10;5;32;15;1510795834;15;255;1510795897;0
32;16;10;5;32;15;1510796215;15;255;1510796235;0
32;16;10;5;32;15;1510796936;15;255;1510796956;0
32;16;10;5;32;15;1510796914;15;255;1510796956;0
32;16;10;5;32;15;1510796952;15;255;1510796978;0
32;16;10;5;32;15;1510797467;15;255;1510797483;0
32;16;10;5;32;15;1510798069;15;255;1510798114;0
32;16;10;5;32;15;1510798198;15;255;1510798205;0
32;16;10;5;32;15;1510798175;15;255;1510798217;0
32;16;10;5;32;15;1510798684;15;255;1510798719;0
32;16;10;5;32;15;1510799132;15;255;1510799139;0
32;16;10;5;32;15;1510799262;15;255;1510799354;0
32;16;10;5;32;15;1510799394;15;255;1510799423;0
32;16;10;5;32;15;1510799653;15;255;1510799707;0
32;16;10;5;32;15;1510800349;15;255;1510800375;0
32;16;10;5;32;15;1510800626;15;255;1510800671;0
32;16;10;5;32;15;1510800698;15;255;1510800724;0
32;16;10;5;32;15;1510800836;15;255;1510800856;0
32;16;10;5;32;15;1510801338;15;255;1510801373;0
32;16;10;5;32;15;1510801933;15;255;1510801939;0
32;16;10;5;32;15;1510801857;15;255;1510801961;1
32;16;10;5;32;15;1510801992;15;255;1510802047;0
32;16;10;5;32;15;1510802386;15;255;1510802396;0
32;16;10;5;32;15;1510803088;15;255;1510803162;0
32;16;10;5;32;15;1510803165;15;255;1510803194;0
32;16;10;5;32;15;1510803270;15;255;1510803286;0
32;16;10;5;32;15;1510803398;15;255;1510803452;0
32;16;10;5;32;15;1510804341;15;255;1510804352;0
32;16;10;5;32;15;1510804348;15;255;1510804355;0
32;16;10;5;32;15;1510804436;15;255;1510804500;0
32;16;10;5;32;15;1510804725;15;255;1510804744;0
32;16;10;5;32;15;1510805474;15;255;1510805509;0
32;16;10;5;32;15;1510805493;15;255;1510805573;0
32;16;10;5;32;15;1510805719;15;255;1510805780;0
32;16;10;5;32;15;1510805717;15;255;1510805821;1
32;16;10;5;32;15;1510806634;15;255;1510806676;0
32;16;10;5;32;15;1510806632;15;255;1510806683;0
32;16;10;5;32;15;1510806698;15;255;1510806705;0
32;16;10;5;32;15;1510807081;15;255;1510807119;0
32;16;10;5;32;15;1510807712;15;255;1510807763;0
32;16;10;5;32;15;1510807965;15;255;1510807991;0
32;16;10;5;32;15;1510807954;15;255;1510808044;0
32;16;10;5;32;15;1510808373;15;255;1510808380;0
32;16;10;5;32;15;1510808820;15;255;1510808834;0
32;16;10;5;32;15;1510809089;15;255;1510809105;0
32;16;10;5;32;15;1510809250;15;255;1510809260;0
32;16;10;5;32;15;1510809397;15;255;1510809426;0
32;16;10;5;32;15;1510809815;15;255;1510809920;1
32;16;10;5;32;15;1510810378;15;255;1510810394;0
32;16;10;5;32;15;1510810453;15;255;1510810495;0
32;16;10;5;32;15;1510810626;15;255;1510810697;0
32;16;10;5;32;15;1510811182;15;255;1510811192;0
32;16;10;5;32;15;1510811694;15;255;1510811701;0
32;16;10;5;32;15;1510811642;15;255;1510811743;0
32;16;10;5;32;15;1510811740;15;255;1510811753;0
32;16;10;5;32;15;1510812309;15;255;1510812335;0
32;16;10;5;32;15;1510812890;15;255;1510812929;0
32;16;10;5;32;15;1510812970;15;255;1510812996;0
32;16;10;5;32;15;1510813026;15;255;1510813130;1
32;16;10;5;32;15;1510813607;15;255;1510813667;0
32;16;10;5;32;15;1510813973;15;255;1510813999;0
32;16;10;5;32;15;1510813936;15;255;1510814016;0
32;16;10;5;32;15;1510814249;15;255;1510814269;0
32;16;10;5;32;15;1510814913;15;255;1510814958;0
32;16;10;5;32;15;1510815263;15;255;1510815296;0
32;16;10;5;32;15;1510815298;15;255;1510815337;0
32;16;10;5;32;15;1510815385;15;255;1510815439;0
32;16;10;5;32;15;1510816230;15;255;1510816287;0
32;16;10;5;32;15;1510816492;15;255;1510816499;0
32;16;10;5;32;15;1510816528;15;255;1510816591;0
32;16;10;5;32;15;1510816710;15;255;1510816723;0
32;16;10;5;32;15;1510817351;15;255;1510817358;0
32;16;10;5;32;15;1510817592;15;255;1510817599;0
32;16;10;5;32;15;1510817781;15;255;1510817816;0
32;16;10;5;32;15;1510817904;15;255;1510817917;0
32;16;10;5;32;15;1510818516;15;255;1510818542;0
32;16;10;5;32;15;1510818821;15;255;1510818834;0
32;16;10;5;32;15;1510819007;15;255;1510819020;0
32;16;10;5;32;15;1510819055;15;255;1510819102;0
32;16;10;5;32;15;1510819799;15;255;1510819812;0
32;16;10;5;32;15;1510820068;15;255;1510820094;0
32;16;10;5;32;15;1510820095;15;255;1510820139;0
32;16;10;5;32;15;1510820109;15;255;1510820151;0
32;16;10;5;32;15;1510821207;15;255;1510821226;0
32;16;10;5;32;15;1510821245;15;255;1510821312;0
32;16;10;5;32;15;1510821374;15;255;1510821391;0
32;16;10;5;32;15;1510821432;15;255;1510821439;0
32;16;10;5;32;15;1510822362;15;255;1510822372;0
32;16;10;5;32;15;1510822381;15;255;1510822397;0
32;16;10;5;32;15;1510822411;15;255;1510822418;0
32;16;10;5;32;15;1510822593;15;255;1510822638;0
32;16;10;5;32;15;1510823474;15;255;1510823487;0
32;16;10;5;32;15;1510823551;15;255;1510823653;0
32;16;10;5;32;15;1510823639;15;255;1510823662;0
32;16;10;5;32;15;1510823855;15;255;1510823865;0
32;16;10;5;32;15;1510824686;15;255;1510824693;0
32;16;10;5;32;15;1510824685;15;255;1510824790;1
32;16;10;5;32;15;1510824931;15;255;1510824944;0
32;16;10;5;32;15;1510824984;15;255;1510824990;0
32;16;10;5;32;15;1510825841;15;255;1510825863;0
32;16;10;5;32;15;1510826023;15;255;1510826030;0
32;16;10;5;32;15;1510825984;15;255;1510826069;0
32;16;10;5;32;15;1510826053;15;255;1510826157;1
32;16;10;5;32;15;1510827015;15;255;1510827035;0
32;16;10;5;32;15;1510827048;15;255;1510827059;0
32;16;10;5;32;15;1510827153;15;255;1510827183;0
32;16;10;5;32;15;1510827392;15;255;1510827447;0
32;16;10;5;32;15;1510828329;15;255;1510828344;0
32;16;10;5;32;15;1510828376;15;255;1510828384;0
32;16;10;5;32;15;1510828392;15;255;1510828454;0
32;16;10;5;32;15;1510828599;15;255;1510828664;0
32;16;10;5;32;15;1510829475;15;255;1510829592;1
32;16;10;5;32;15;1510829592;15;255;1510829602;0
32;16;10;5;32;15;1510829563;15;255;1510829639;0
32;16;10;5;32;15;1510829716;15;255;1510829734;0
32;16;10;5;32;15;1510830649;15;255;1510830669;0
32;16;10;5;32;15;1510830797;15;255;1510830808;0
32;16;10;5;32;15;1510830722;15;255;1510830835;1
32;16;10;5;32;15;1510830918;15;255;1510830947;0
32;16;10;5;32;15;1510831835;15;255;1510831852;0
32;16;10;5;32;15;1510831890;15;255;1510831958;0
32;16;10;5;32;15;1510832120;15;255;1510832141;0
32;16;10;5;32;15;1510832079;15;255;1510832154;0
32;16;10;5;32;15;1510833020;15;255;1510833037;0
32;16;10;5;32;15;1510833206;15;255;1510833213;0
32;16;10;5;32;15;1510833281;15;255;1510833295;0
32;16;10;5;32;15;1510833334;15;255;1510833399;0
32;16;10;5;32;15;1510834258;15;255;1510834274;0
32;16;10;5;32;15;1510834251;15;255;1510834294;0
32;16;10;5;32;15;1510834566;15;255;1510834594;0
32;16;10;5;32;15;1510834760;15;255;1510834767;0
32;16;10;5;32;15;1510835369;15;255;1510835408;0
32;16;10;5;32;15;1510835528;15;255;1510835535;0
32;16;10;5;32;15;1510835639;15;255;1510835658;0
32;16;10;5;32;15;1510835888;15;255;1510835902;0
32;16;10;5;32;15;1510836665;15;255;1510836691;0
32;16;10;5;32;15;1510836830;15;255;1510836907;0
32;16;10;5;32;15;1510836887;15;255;1510836992;1
32;16;10;5;32;15;1510836977;15;255;1510836993;0
32;16;10;5;32;15;1510837944;15;255;1510837954;0
32;16;10;5;32;15;1510838201;15;255;1510838224;0
32;16;10;5;32;15;1510838233;15;255;1510838247;0
32;16;10;5;32;15;1510838234;15;255;1510838266;0
32;16;10;5;32;15;1510839165;15;255;1510839172;0
32;16;10;5;32;15;1510839153;15;255;1510839224;0
32;16;10;5;32;15;1510839370;15;255;1510839399;0
32;16;10;5;32;15;1510839492;15;255;1510839531;0
32;16;10;5;32;15;1510840262;15;255;1510840292;0
32;16;10;5;32;15;1510840498;15;255;1510840520;0
32;16;10;5;32;15;1510840534;15;255;1510840570;0
32;16;10;5;32;15;1510840676;15;255;1510840690;0
32;16;10;5;32;15;1510841416;15;255;1510841489;0
32;16;10;5;32;15;1510841615;15;255;1510841631;0
32;16;10;5;32;15;1510841801;15;255;1510841836;0
32;16;10;5;32;15;1510841989;15;255;1510842008;0
32;16;10;5;32;15;1510842642;15;255;1510842656;0
32;16;10;5;32;15;1510842627;15;255;1510842697;0
32;16;10;5;32;15;1510842936;15;255;1510842977;0
32;16;10;5;32;15;1510843050;15;255;1510843085;0
32;16;10;5;32;15;1510843788;15;255;1510843817;0
32;16;10;5;32;15;1510843813;15;255;1510843912;0
32;16;10;5;32;15;1510844031;15;255;1510844045;0
32;16;10;5;32;15;1510844231;15;255;1510844238;0
32;16;10;5;32;15;1510844793;15;255;1510844813;0
32;16;10;5;32;15;1510845054;15;255;1510845112;0
32;16;10;5;32;15;1510845234;15;255;1510845247;0
32;16;10;5;32;15;1510845358;15;255;1510845402;0
32;16;10;5;32;15;1510845911;15;255;1510845921;0
32;16;10;5;32;15;1510846365;15;255;1510846404;0
32;16;10;5;32;15;1510846300;15;255;1510846404;1
32;16;10;5;32;15;1510846477;15;255;1510846547;0
32;16;10;5;32;15;1510846946;15;255;1510846966;0
32;16;10;5;32;15;1510847576;15;255;1510847675;0
32;16;10;5;32;15;1510847691;15;255;1510847738;0
32;16;10;5;32;15;1510847770;15;255;1510847818;0
32;16;10;5;32;15;1510848059;15;255;1510848067;0
32;16;10;5;32;15;1510848956;15;255;1510848977;0
32;16;10;5;32;15;1510848971;15;255;1510849080;0
32;16;10;5;32;15;1510849081;15;255;1510849134;0
32;16;10;5;32;15;1510849273;15;255;1510849285;0
32;16;10;5;32;15;1510850175;15;255;1510850189;0
32;16;10;5;32;15;1510850311;15;255;1510850331;0
32;16;10;5;32;15;1510850294;15;255;1510850402;1
32;16;10;5;32;15;1510850536;15;255;1510850617;0
32;16;10;5;32;15;1510851317;15;255;1510851324;0
32;16;10;5;32;15;1510851520;15;255;1510851530;0
32;16;10;5;32;15;1510851639;15;255;1510851646;0
32;16;10;5;32;15;1510851670;15;255;1510851689;0
32;16;10;5;32;15;1510852567;15;255;1510852604;0
32;16;10;5;32;15;1510852713;15;255;1510852723;0
32;16;10;5;32;15;1510852843;15;255;1510852875;0
32;16;10;5;32;15;1510852896;15;255;1510852928;0
32;16;10;5;32;15;1510853679;15;255;1510853702;0
32;16;10;5;32;15;1510853891;15;255;1510853898;0
32;16;10;5;32;15;1510853798;15;255;1510853901;1
32;16;10;5;32;15;1510853931;15;255;1510853972;0
32;16;10;5;32;15;1510854869;15;255;1510854879;0
32;16;10;5;32;15;1510854960;15;255;1510854967;0
32;16;10;5;32;15;1510854980;15;255;1510854993;0
32;16;10;5;32;15;1510855030;15;255;1510855065;0
32;16;10;5;32;15;1510855897;15;255;1510855935;0
32;16;10;5;32;15;1510855947;15;255;1510855960;0
32;16;10;5;32;15;1510856126;15;255;1510856167;0
32;16;10;5;32;15;1510856242;15;255;1510856262;0
32;16;10;5;32;15;1510857057;15;255;1510857095;0
32;16;10;5;32;15;1510857256;15;255;1510857263;0
32;16;10;5;32;15;1510857373;15;255;1510857392;0
32;16;10;5;32;15;1510857512;15;255;1510857569;0
32;16;10;5;32;15;1510858216;15;255;1510858242;0
32;16;10;5;32;15;1510858332;15;255;1510858345;0
32;16;10;5;32;15;1510858403;15;255;1510858423;0
32;16;10;5;32;15;1510858582;15;255;1510858617;0
32;16;10;5;32;15;1510859394;15;255;1510859407;0
32;16;10;5;32;15;1510859440;15;255;1510859450;0
32;16;10;5;32;15;1510859425;15;255;1510859516;0
32;16;10;5;32;15;1510859833;15;255;1510859865;0
32;16;10;5;32;15;1510860388;15;255;1510860420;0
32;16;10;5;32;15;1510860543;15;255;1510860550;0
32;16;10;5;32;15;1510860456;15;255;1510860560;1
32;16;10;5;32;15;1510861081;15;255;1510861185;1
32;16;10;5;32;15;1510861403;15;255;1510861444;0
32;16;10;5;32;15;1510861672;15;255;1510861698;0
32;16;10;5;32;15;1510861712;15;255;1510861729;0
32;16;10;5;32;15;1510862396;15;255;1510862500;1
32;16;10;5;32;15;1510862664;15;255;1510862709;0
32;16;10;5;32;15;1510862741;15;255;1510862770;0
32;16;10;5;32;15;1510862988;15;255;1510863024;0
32;16;10;5;32;15;1510863446;15;255;1510863478;0
32;16;10;5;32;15;1510863786;15;255;1510863799;0
32;16;10;5;32;15;1510863768;15;255;1510863873;1
32;16;10;5;32;15;1510864044;15;255;1510864123;0
32;16;10;5;32;15;1510864600;15;255;1510864623;0
32;16;10;5;32;15;1510864931;15;255;1510864960;0
32;16;10;5;32;15;1510864902;15;255;1510864965;0
32;16;10;5;32;15;1510865216;15;255;1510865226;0
32;16;10;5;32;15;1510865834;15;255;1510865850;0
32;16;10;5;32;15;1510865929;15;255;1510865964;0
32;16;10;5;32;15;1510866222;15;255;1510866232;0
32;16;10;5;32;15;1510866296;15;255;1510866303;0
32;16;10;5;32;15;1510867051;15;255;1510867058;0
32;16;10;5;32;15;1510867018;15;255;1510867115;0
32;16;10;5;32;15;1510867396;15;255;1510867478;0
32;16;10;5;32;15;1510867455;15;255;1510867481;0
32;16;10;5;32;15;1510868158;15;255;1510868174;0
32;16;10;5;32;15;1510868194;15;255;1510868210;0
32;16;10;5;32;15;1510868682;15;255;1510868689;0
32;16;10;5;32;15;1510868691;15;255;1510868733;0
32;16;10;5;32;15;1510869275;15;255;1510869301;0
32;16;10;5;32;15;1510869310;15;255;1510869380;0
32;16;10;5;32;15;1510869723;15;255;1510869730;0
32;16;10;5;32;15;1510869891;15;255;1510869967;0
32;16;10;5;32;15;1510870521;15;255;1510870534;0
32;16;10;5;32;15;1510870522;15;255;1510870594;0
32;16;10;5;32;15;1510870823;15;255;1510870928;1
32;16;10;5;32;15;1510871116;15;255;1510871170;0
32;16;10;5;32;15;1510871582;15;255;1510871651;0
32;16;10;5;32;15;1510871729;15;255;1510871748;0
32;16;10;5;32;15;1510872132;15;255;1510872214;0
32;16;10;5;32;15;1510872308;15;255;1510872314;0
32;16;10;5;32;15;1510872756;15;255;1510872775;0
32;16;10;5;32;15;1510873025;15;255;1510873066;0
32;16;10;5;32;15;1510873293;15;255;1510873309;0
32;16;10;5;32;15;1510873536;15;255;1510873617;0
32;16;10;5;32;15;1510873769;15;255;1510873873;1
32;16;10;5;32;15;1510874228;15;255;1510874238;0
32;16;10;5;32;15;1510874400;15;255;1510874432;0
32;16;10;5;32;15;1510874609;15;255;1510874676;0
32;16;10;5;32;15;1510875050;15;255;1510875069;0
32;16;10;5;32;15;1510875477;15;255;1510875522;0
32;16;10;5;32;15;1510875505;15;255;1510875552;0
32;16;10;5;32;15;1510875831;15;255;1510875841;0
32;16;10;5;32;15;1510876194;15;255;1510876204;0
32;16;10;5;32;15;1510876717;15;255;1510876749;0
32;16;10;5;32;15;1510876719;15;255;1510876760;0
32;16;10;5;32;15;1510877074;15;255;1510877103;0
32;16;10;5;32;15;1510877340;15;255;1510877388;0
32;16;10;5;32;15;1510877759;15;255;1510877803;0
32;16;10;5;32;15;1510877882;15;255;1510877986;1
32;16;10;5;32;15;1510878086;15;255;1510878102;0
32;16;10;5;32;15;1510878643;15;255;1510878700;0
32;16;10;5;32;15;1510878927;15;255;1510878949;0
32;16;10;5;32;15;1510879181;15;255;1510879283;0
32;16;10;5;32;15;1510879385;15;255;1510879405;0
32;16;10;5;32;15;1510879741;15;255;1510879757;0
32;16;10;5;32;15;1510879985;15;255;1510880058;0
32;16;10;5;32;15;1510880470;15;255;1510880498;0
32;16;10;5;32;15;1510880534;15;255;1510880550;0
32;16;10;5;32;15;1510880836;15;255;1510880859;0
32;16;10;5;32;15;1510881205;15;255;1510881224;0
32;16;10;5;32;15;1510881513;15;255;1510881567;0
32;16;10;5;32;15;1510881607;15;255;1510881614;0
32;16;10;5;32;15;1510882020;15;255;1510882030;0
32;16;10;5;32;15;1510882335;15;255;1510882348;0
32;16;10;5;32;15;1510882725;15;255;1510882738;0
32;16;10;5;32;15;1510882892;15;255;1510882917;0
32;16;10;5;32;15;1510883404;15;255;1510883420;0
32;16;10;5;32;15;1510883366;15;255;1510883471;1
32;16;10;5;32;15;1510883829;15;255;1510883886;0
32;16;10;5;32;15;1510883981;15;255;1510884037;0
32;16;10;5;32;15;1510884497;15;255;1510884516;0
32;16;10;5;32;15;1510884693;15;255;1510884797;1
32;16;10;5;32;15;1510885015;15;255;1510885088;0
32;16;10;5;32;15;1510885250;15;255;1510885263;0
32;16;10;5;32;15;1510885562;15;255;1510885572;0
32;16;10;5;32;15;1510885844;15;255;1510885873;0
32;16;10;5;32;15;1510886374;15;255;1510886415;0
32;16;10;5;32;15;1510886575;15;255;1510886604;0
32;16;10;5;32;15;1510886501;15;255;1510886605;1
32;16;10;5;32;15;1510886913;15;255;1510886942;0
32;16;10;5;32;15;1510887466;15;255;1510887479;0
32;16;10;5;32;15;1510887586;15;255;1510887599;0
32;16;10;5;32;15;1510887791;15;255;1510887839;0
32;16;10;5;32;15;1510888138;15;255;1510888164;0
32;16;10;5;32;15;1510888505;15;255;1510888594;0
32;16;10;5;32;15;1510888678;15;255;1510888685;0
32;16;10;5;32;15;1510888995;15;255;1510889033;0
32;16;10;5;32;15;1510889341;15;255;1510889354;0
32;16;10;5;32;15;1510889710;15;255;1510889805;0
32;16;10;5;32;15;1510889823;15;255;1510889905;0
32;16;10;5;32;15;1510890153;15;255;1510890160;0
32;16;10;5;32;15;1510890500;15;255;1510890551;0
32;16;10;5;32;15;1510891000;15;255;1510891044;0
32;16;10;5;32;15;1510891024;15;255;1510891084;0
32;16;10;5;32;15;1510891075;15;255;1510891132;0
32;16;10;5;32;15;1510891723;15;255;1510891743;0
32;16;10;5;32;15;1510892073;15;255;1510892086;0
32;16;10;5;32;15;1510892177;15;255;1510892193;0
32;16;10;5;32;15;1510892229;15;255;1510892267;0
32;16;10;5;32;15;1510892908;15;255;1510892987;0
32;16;10;5;32;15;1510893224;15;255;1510893249;0
32;16;10;5;32;15;1510893315;15;255;1510893338;0
32;16;10;5;32;15;1510893402;15;255;1510893488;0
32;16;10;5;32;15;1510894177;15;255;1510894200;0
32;16;10;5;32;15;1510894207;15;255;1510894223;0
32;16;10;5;32;15;1510894763;15;255;1510894776;0
32;16;10;5;32;15;1510894749;15;255;1510894787;0
32;16;10;5;32;15;1510895312;15;255;1510895325;0
32;16;10;5;32;15;1510895300;15;255;1510895344;0
32;16;10;5;32;15;1510895748;15;255;1510895768;0
32;16;10;5;32;15;1510895920;15;255;1510895943;0
32;16;10;5;32;15;1510896335;15;255;1510896361;0
32;16;10;5;32;15;1510896442;15;255;1510896455;0
32;16;10;5;32;15;1510896837;15;255;1510896847;0
32;16;10;5;32;15;1510897045;15;255;1510897067;0
32;16;10;5;32;15;1510897284;15;255;1510897316;0
32;16;10;5;32;15;1510897341;15;255;1510897361;0
32;16;10;5;32;15;1510898082;15;255;1510898092;0
32;16;10;5;32;15;1510898315;15;255;1510898344;0
32;16;10;5;32;15;1510898246;15;255;1510898350;1
32;16;10;5;32;15;1510898455;15;255;1510898484;0
32;16;10;5;32;15;1510899182;15;255;1510899189;0
32;16;10;5;32;15;1510899521;15;255;1510899609;0
32;16;10;5;32;15;1510899603;15;255;1510899635;0
32;16;10;5;32;15;1510899594;15;255;1510899673;0
32;16;10;5;32;15;1510900336;15;255;1510900400;0
32;16;10;5;32;15;1510900723;15;255;1510900748;0
32;16;10;5;32;15;1510900651;15;255;1510900755;1
32;16;10;5;32;15;1510900822;15;255;1510900835;0
32;16;10;5;32;15;1510901551;15;255;1510901612;0
32;16;10;5;32;15;1510901886;15;255;1510901893;0
32;16;10;5;32;15;1510901957;15;255;1510901967;0
32;16;10;5;32;15;1510902001;15;255;1510902036;0
32;16;10;5;32;15;1510902880;15;255;1510902937;0
32;16;10;5;32;15;1510902892;15;255;1510902940;0
32;16;10;5;32;15;1510903037;15;255;1510903114;0
32;16;10;5;32;15;1510903239;15;255;1510903249;0
32;16;10;5;32;15;1510903975;15;255;1510903982;0
32;16;10;5;32;15;1510904202;15;255;1510904209;0
32;16;10;5;32;15;1510904234;15;255;1510904310;0
32;16;10;5;32;15;1510904483;15;255;1510904528;0
32;16;10;5;32;15;1510905141;15;255;1510905161;0
32;16;10;5;32;15;1510905368;15;255;1510905450;0
32;16;10;5;32;15;1510905435;15;255;1510905501;0
32;16;10;5;32;15;1510905605;15;255;1510905622;0
32;16;10;5;32;15;1510906327;15;255;1510906365;0
32;16;10;5;32;15;1510906595;15;255;1510906611;0
32;16;10;5;32;15;1510906586;15;255;1510906691;1
32;16;10;5;32;15;1510906890;15;255;1510906995;1
32;16;10;5;32;15;1510907449;15;255;1510907472;0
32;16;10;5;32;15;1510907628;15;255;1510907650;0
32;16;10;5;32;15;1510907894;15;255;1510907900;0
32;16;10;5;32;15;1510908100;15;255;1510908126;0
32;16;10;5;32;15;1510908677;15;255;1510908725;0
32;16;10;5;32;15;1510908814;15;255;1510908845;0
32;16;10;5;32;15;1510909000;15;255;1510909013;0
32;16;10;5;32;15;1510909281;15;255;1510909319;0
32;16;10;5;32;15;1510909781;15;255;1510909857;0
32;16;10;5;32;15;1510909946;15;255;1510909965;0
32;16;10;5;32;15;1510910134;15;255;1510910238;1
32;16;10;5;32;15;1510910359;15;255;1510910381;0
32;16;10;5;32;15;1510911058;15;255;1510911077;0
32;16;10;5;32;15;1510911072;15;255;1510911110;0
32;16;10;5;32;15;1510911286;15;255;1510911390;1
32;16;10;5;32;15;1510911714;15;255;1510911758;0
32;16;10;5;32;15;1510912153;15;255;1510912185;0
32;16;10;5;32;15;1510912358;15;255;1510912365;0
32;16;10;5;32;15;1510912756;15;255;1510912860;1
32;16;10;5;32;15;1510912934;15;255;1510912972;0
32;16;10;5;32;15;1510913273;15;255;1510913287;0
32;16;10;5;32;15;1510913360;15;255;1510913367;0
32;16;10;5;32;15;1510914103;15;255;1510914116;0
32;16;10;5;32;15;1510914145;15;255;1510914198;0
32;16;10;5;32;15;1510914486;15;255;1510914553;0
32;16;10;5;32;15;1510914561;15;255;1510914574;0
32;16;10;5;32;15;1510915072;15;255;1510915122;0
32;16;10;5;32;15;1510915234;15;255;1510915241;0
32;16;10;5;32;15;1510915564;15;255;1510915586;0
32;16;10;5;32;15;1510915624;15;255;1510915688;0
32;16;10;5;32;15;1510916229;15;255;1510916264;0
32;16;10;5;32;15;1510916381;15;255;1510916398;0
32;16;10;5;32;15;1510916736;15;255;1510916784;0
32;16;10;5;32;15;1510916730;15;255;1510916787;0
32;16;10;5;32;15;1510917405;15;255;1510917434;0
32;16;10;5;32;15;1510917586;15;255;1510917599;0
32;16;10;5;32;15;1510917966;15;255;1510917986;0
32;16;10;5;32;15;1510918032;15;255;1510918039;0
32;16;10;5;32;15;1510918666;15;255;1510918707;0
32;16;10;5;32;15;1510918839;15;255;1510918915;0
32;16;10;5;32;15;1510919167;15;255;1510919243;0
32;16;10;5;32;15;1510919213;15;255;1510919277;0
32;16;10;5;32;15;1510919827;15;255;1510919869;0
32;16;10;5;32;15;1510919937;15;255;1510920042;1
32;16;10;5;32;15;1510920455;15;255;1510920478;0
32;16;10;5;32;15;1510920528;15;255;1510920632;1
32;16;10;5;32;15;1510920921;15;255;1510920940;0
32;16;10;5;32;15;1510921067;15;255;1510921092;0
32;16;10;5;32;15;1510921678;15;255;1510921707;0
32;16;10;5;32;15;1510921825;15;255;1510921844;0
32;16;10;5;32;15;1510921974;15;255;1510922025;0
32;16;10;5;32;15;1510922072;15;255;1510922086;0
32;16;10;5;32;15;1510922882;15;255;1510922952;0
32;16;10;5;32;15;1510922998;15;255;1510923014;0
32;16;10;5;32;15;1510923141;15;255;1510923229;0
32;16;10;5;32;15;1510923253;15;255;1510923294;0
32;16;10;5;32;15;1510924121;15;255;1510924131;0
32;16;10;5;32;15;1510924158;15;255;1510924181;0
32;16;10;5;32;15;1510924347;15;255;1510924364;0
32;16;10;5;32;15;1510924591;15;255;1510924630;0
32;16;10;5;32;15;1510925151;15;255;1510925192;0
32;16;10;5;32;15;1510925235;15;255;1510925242;0
32;16;10;5;32;15;1510925278;15;255;1510925325;0
32;16;10;5;32;15;1510925544;15;255;1510925589;0
32;16;10;5;32;15;1510926213;15;255;1510926236;0
32;16;10;5;32;15;1510926318;15;255;1510926338;0
32;16;10;5;32;15;1510926400;15;255;1510926417;0
32;16;10;5;32;15;1510926687;15;255;1510926776;0
32;16;10;5;32;15;1510927246;15;255;1510927265;0
32;16;10;5;32;15;1510927459;15;255;1510927491;0
32;16;10;5;32;15;1510927513;15;255;1510927539;0
32;16;10;5;32;15;1510927972;15;255;1510928077;1
32;16;10;5;32;15;1510928484;15;255;1510928494;0
32;16;10;5;32;15;1510928467;15;255;1510928499;0
32;16;10;5;32;15;1510928496;15;255;1510928506;0
32;16;10;5;32;15;1510929254;15;255;1510929271;0
32;16;10;5;32;15;1510929494;15;255;1510929526;0
32;16;10;5;32;15;1510929520;15;255;1510929536;0
32;16;10;5;32;15;1510929571;15;255;1510929578;0
32;16;10;5;32;15;1510930492;15;255;1510930505;0
32;16;10;5;32;15;1510930658;15;255;1510930689;0
32;16;10;5;32;15;1510930697;15;255;1510930802;1
32;16;10;5;32;15;1510930782;15;255;1510930820;0
32;16;10;5;32;15;1510931494;15;255;1510931501;0
32;16;10;5;32;15;1510931882;15;255;1510931896;0
32;16;10;5;32;15;1510931874;15;255;1510931916;0
32;16;10;5;32;15;1510931878;15;255;1510931982;1
32;16;10;5;32;15;1510932693;15;255;1510932747;0
32;16;10;5;32;15;1510932865;15;255;1510932876;0
32;16;10;5;32;15;1510933071;15;255;1510933175;1
32;16;10;5;32;15;1510933251;15;255;1510933258;0
32;16;10;5;32;15;1510933861;15;255;1510933874;0
32;16;10;5;32;15;1510934038;15;255;1510934060;0
32;16;10;5;32;15;1510934243;15;255;1510934262;0
32;16;10;5;32;15;1510934475;15;255;1510934507;0
32;16;10;5;32;15;1510935068;15;255;1510935100;0
32;16;10;5;32;15;1510935065;15;255;1510935170;1
32;16;10;5;32;15;1510935381;15;255;1510935391;0
32;16;10;5;32;15;1510935682;15;255;1510935711;0
32;16;10;5;32;15;1510936203;15;255;1510936222;0
32;16;10;5;32;15;1510936294;15;255;1510936346;0
32;16;10;5;32;15;1510936337;15;255;1510936347;0
32;16;10;5;32;15;1510936933;15;255;1510937037;1
32;16;10;5;32;15;1510937400;15;255;1510937422;0
32;16;10;5;32;15;1510937428;15;255;1510937448;0
32;16;10;5;32;15;1510937447;15;255;1510937478;0
32;16;10;5;32;15;1510938010;15;255;1510938058;0
32;16;10;5;32;15;1510938484;15;255;1510938495;0
32;16;10;5;32;15;1510938598;15;255;1510938608;0
32;16;10;5;32;15;1510938573;15;255;1510938656;0
32;16;10;5;32;15;1510939235;15;255;1510939261;0
32;16;10;5;32;15;1510939601;15;255;1510939683;0
32;16;10;5;32;15;1510939742;15;255;1510939753;0
32;16;10;5;32;15;1510939683;15;255;1510939787;1
32;16;10;5;32;15;1510940450;15;255;1510940463;0
32;16;10;5;32;15;1510940893;15;255;1510940912;0
32;16;10;5;32;15;1510940916;15;255;1510940935;0
32;16;10;5;32;15;1510940879;15;255;1510940958;0
32;16;10;5;32;15;1510941503;15;255;1510941522;0
32;16;10;5;32;15;1510942036;15;255;1510942084;0
32;16;10;5;32;15;1510942114;15;255;1510942149;0
32;16;10;5;32;15;1510942146;15;255;1510942178;0
32;16;10;5;32;15;1510942681;15;255;1510942760;0
32;16;10;5;32;15;1510943087;15;255;1510943119;0
32;16;10;5;32;15;1510943143;15;255;1510943169;0
32;16;10;5;32;15;1510943278;15;255;1510943310;0
32;16;10;5;32;15;1510943941;15;255;1510943957;0
32;16;10;5;32;15;1510944151;15;255;1510944158;0
32;16;10;5;32;15;1510944356;15;255;1510944408;0
32;16;10;5;32;15;1510944342;15;255;1510944412;0
32;16;10;5;32;15;1510945195;15;255;1510945218;0
32;16;10;5;32;15;1510945190;15;255;1510945218;0
32;16;10;5;32;15;1510945446;15;255;1510945485;0
32;16;10;5;32;15;1510945744;15;255;1510945760;0
32;16;10;5;32;15;1510946396;15;255;1510946446;0
32;16;10;5;32;15;1510946435;15;255;1510946498;0
32;16;10;5;32;15;1510946584;15;255;1510946591;0
32;16;10;5;32;15;1510946971;15;255;1510946978;0
32;16;10;5;32;15;1510947447;15;255;1510947485;0
32;16;10;5;32;15;1510947598;15;255;1510947611;0
32;16;10;5;32;15;1510947846;15;255;1510947872;0
32;16;10;5;32;15;1510948250;15;255;1510948311;0
32;16;10;5;32;15;1510948575;15;255;1510948588;0
32;16;10;5;32;15;1510948593;15;255;1510948681;0
32;16;10;5;32;15;1510948796;15;255;1510948822;0
32;16;10;5;32;15;1510949388;15;255;1510949455;0
32;16;10;5;32;15;1510949769;15;255;1510949804;0
32;16;10;5;32;15;1510949816;15;255;1510949841;0
32;16;10;5;32;15;1510949970;15;255;1510950033;0
32;16;10;5;32;15;1510950521;15;255;1510950528;0
32;16;10;5;32;15;1510950870;15;255;1510950911;0
32;16;10;5;32;15;1510951098;15;255;1510951121;0
32;16;10;5;32;15;1510951161;15;255;1510951206;0
32;16;10;5;32;15;1510951800;15;255;1510951813;0
32;16;10;5;32;15;1510951924;15;255;1510951943;0
32;16;10;5;32;15;1510952067;15;255;1510952083;0
32;16;10;5;32;15;1510952494;15;255;1510952520;0
32;16;10;5;32;15;1510952940;15;255;1510952988;0
32;16;10;5;32;15;1510953023;15;255;1510953039;0
32;16;10;5;32;15;1510953145;15;255;1510953174;0
32;16;10;5;32;15;1510953590;15;255;1510953623;0
32;16;10;5;32;15;1510954054;15;255;1510954067;0
32;16;10;5;32;15;1510954227;15;255;1510954271;0
32;16;10;5;32;15;1510954330;15;255;1510954343;0
32;16;10;5;32;15;1510954596;15;255;1510954666;0
32;16;10;5;32;15;1510955246;15;255;1510955253;0
32;16;10;5;32;15;1510955262;15;255;1510955279;0
32;16;10;5;32;15;1510955485;15;255;1510955498;0
32;16;10;5;32;15;1510955718;15;255;1510955725;0
32;16;10;5;32;15;1510956255;15;255;1510956268;0
32;16;10;5;32;15;1510956345;15;255;1510956359;0
32;16;10;5;32;15;1510956505;15;255;1510956595;0
32;16;10;5;32;15;1510956983;15;255;1510957002;0
32;16;10;5;32;15;1510957386;15;255;1510957490;1
32;16;10;5;32;15;1510957556;15;255;1510957619;0
32;16;10;5;32;15;1510957758;15;255;1510957765;0
32;16;10;5;32;15;1510958110;15;255;1510958177;0
32;16;10;5;32;15;1510958467;15;255;1510958474;0
32;16;10;5;32;15;1510958664;15;255;1510958683;0
32;16;10;5;32;15;1510958722;15;255;1510958739;0
32;16;10;5;32;15;1510959372;15;255;1510959389;0
32;16;10;5;32;15;1510959705;15;255;1510959715;0
32;16;10;5;32;15;1510959913;15;255;1510959926;0
32;16;10;5;32;15;1510959949;15;255;1510959984;0
32;16;10;5;32;15;1510960596;15;255;1510960603;0
32;16;10;5;32;15;1510960913;15;255;1510960920;0
32;16;10;5;32;15;1510960929;15;255;1510960936;0
32;16;10;5;32;15;1510961125;15;255;1510961157;0
32;16;10;5;32;15;1510961692;15;255;1510961705;0
32;16;10;5;32;15;1510962045;15;255;1510962065;0
32;16;10;5;32;15;1510962131;15;255;1510962170;0
32;16;10;5;32;15;1510962227;15;255;1510962237;0
32;16;10;5;32;15;1510962828;15;255;1510962850;0
32;16;10;5;32;15;1510963042;15;255;1510963049;0
32;16;10;5;32;15;1510963365;15;255;1510963419;0
32;16;10;5;32;15;1510963397;15;255;1510963469;0
32;16;10;5;32;15;1510964060;15;255;1510964073;0
32;16;10;5;32;15;1510964290;15;255;1510964315;0
32;16;10;5;32;15;1510964538;15;255;1510964604;0
32;16;10;5;32;15;1510964676;15;255;1510964705;0
32;16;10;5;32;15;1510965198;15;255;1510965205;0
32;16;10;5;32;15;1510965473;15;255;1510965552;0
32;16;10;5;32;15;1510965688;15;255;1510965714;0
32;16;10;5;32;15;1510965986;15;255;1510966000;0
32;16;10;5;32;15;1510966212;15;255;1510966219;0
32;16;10;5;32;15;1510966754;15;255;1510966764;0
32;16;10;5;32;15;1510966896;15;255;1510966927;0
32;16;10;5;32;15;1510967150;15;255;1510967173;0
32;16;10;5;32;15;1510967283;15;255;1510967300;0
32;16;10;5;32;15;1510967959;15;255;1510968012;0
32;16;10;5;32;15;1510968056;15;255;1510968072;0
32;16;10;5;32;15;1510968263;15;255;1510968270;0
32;16;10;5;32;15;1510968568;15;255;1510968672;1
32;16;10;5;32;15;1510969128;15;255;1510969170;0
32;16;10;5;32;15;1510969276;15;255;1510969380;1
32;16;10;5;32;15;1510969523;15;255;1510969549;0
32;16;10;5;32;15;1510969802;15;255;1510969906;1
32;16;10;5;32;15;1510970305;15;255;1510970359;0
32;16;10;5;32;15;1510970499;15;255;1510970603;1
32;16;10;5;32;15;1510970640;15;255;1510970660;0
32;16;10;5;32;15;1510971003;15;255;1510971048;0
32;16;10;5;32;15;1510971617;15;255;1510971634;0
32;16;10;5;32;15;1510971834;15;255;1510971841;0
32;16;10;5;32;15;1510971877;15;255;1510971918;0
32;16;10;5;32;15;1510972178;15;255;1510972194;0
32;16;10;5;32;15;1510972871;15;255;1510972881;0
32;16;10;5;32;15;1510973001;15;255;1510973008;0
32;16;10;5;32;15;1510973191;15;255;1510973210;0
32;16;10;5;32;15;1510973321;15;255;1510973331;0
32;16;10;5;32;15;1510973854;15;255;1510973871;0
32;16;10;5;32;15;1510974133;15;255;1510974140;0
32;16;10;5;32;15;1510974395;15;255;1510974402;0
32;16;10;5;32;15;1510974445;15;255;1510974483;0
32;16;10;5;32;15;1510974820;15;255;1510974924;1
32;16;10;5;32;15;1510975270;15;255;1510975331;0
32;16;10;5;32;15;1510975413;15;255;1510975420;0
32;16;10;5;32;15;1510975696;15;255;1510975722;0
32;16;10;5;32;15;1510976024;15;255;1510976053;0
32;16;10;5;32;15;1510976501;15;255;1510976529;0
32;16;10;5;32;15;1510976549;15;255;1510976585;0
32;16;10;5;32;15;1510976819;15;255;1510976833;0
32;16;10;5;32;15;1510977341;15;255;1510977360;0
32;16;10;5;32;15;1510977513;15;255;1510977533;0
32;16;10;5;32;15;1510977591;15;255;1510977694;1
32;16;10;5;32;15;1510978053;15;255;1510978059;0
32;16;10;5;32;15;1510978555;15;255;1510978562;0
32;16;10;5;32;15;1510978644;15;255;1510978682;0
32;16;10;5;32;15;1510978770;15;255;1510978783;0
32;16;10;5;32;15;1510979231;15;255;1510979329;0
32;16;10;5;32;15;1510979794;15;255;1510979823;0
32;16;10;5;32;15;1510979835;15;255;1510979846;0
32;16;10;5;32;15;1510980000;15;255;1510980014;0
32;16;10;5;32;15;1510980433;15;255;1510980443;0
32;16;10;5;32;15;1510980927;15;255;1510980937;0
32;16;10;5;32;15;1510981111;15;255;1510981136;0
32;16;10;5;32;15;1510981144;15;255;1510981173;0
32;16;10;5;32;15;1510981632;15;255;1510981645;0
32;16;10;5;32;15;1510982055;15;255;1510982128;0
32;16;10;5;32;15;1510982131;15;255;1510982156;0
32;16;10;5;32;15;1510982287;15;255;1510982318;0
32;16;10;5;32;15;1510982602;15;255;1510982622;0
32;16;10;5;32;15;1510983156;15;255;1510983181;0
32;16;10;5;32;15;1510983308;15;255;1510983318;0
32;16;10;5;32;15;1510983549;15;255;1510983556;0
32;16;10;5;32;15;1510983610;15;255;1510983632;0
32;16;10;5;32;15;1510984313;15;255;1510984379;0
32;16;10;5;32;15;1510984400;15;255;1510984420;0
32;16;10;5;32;15;1510984766;15;255;1510984801;0
32;16;10;5;32;15;1510984795;15;255;1510984837;0
32;16;10;5;32;15;1510985467;15;255;1510985474;0
32;16;10;5;32;15;1510985598;15;255;1510985636;0
32;16;10;5;32;15;1510985809;15;255;1510985829;0
32;16;10;5;32;15;1510985948;15;255;1510985955;0
32;16;10;5;32;15;1510986535;15;255;1510986545;0
32;16;10;5;32;15;1510986685;15;255;1510986733;0
32;16;10;5;32;15;1510986803;15;255;1510986826;0
32;16;10;5;32;15;1510987178;15;255;1510987282;1
32;16;10;5;32;15;1510987607;15;255;1510987636;0
32;16;10;5;32;15;1510987873;15;255;1510987880;0
32;16;10;5;32;15;1510987991;15;255;1510988033;0
32;16;10;5;32;15;1510988430;15;255;1510988515;0
32;16;10;5;32;15;1510988892;15;255;1510988958;0
32;16;10;5;32;15;1510988986;15;255;1510988993;0
32;16;10;5;32;15;1510989058;15;255;1510989071;0
32;16;10;5;32;15;1510989735;15;255;1510989742;0
32;16;10;5;32;15;1510990095;15;255;1510990105;0
32;16;10;5;32;15;1510990102;15;255;1510990112;0
32;16;10;5;32;15;1510990174;15;255;1510990187;0
32;16;10;5;32;15;1510990840;15;255;1510990850;0
32;16;10;5;32;15;1510991222;15;255;1510991311;0
32;16;10;5;32;15;1510991302;15;255;1510991331;0
32;16;10;5;32;15;1510991436;15;255;1510991541;1
32;16;10;5;32;15;1510991910;15;255;1510991970;0
32;16;10;5;32;15;1510992368;15;255;1510992385;0
32;16;10;5;32;15;1510992539;15;255;1510992580;0
32;16;10;5;32;15;1510992576;15;255;1510992593;0
32;16;10;5;32;15;1510993159;15;255;1510993194;0
32;16;10;5;32;15;1510993493;15;255;1510993500;0
32;16;10;5;32;15;1510993775;15;255;1510993791;0
32;16;10;5;32;15;1510993826;15;255;1510993855;0
32;16;10;5;32;15;1510994306;15;255;1510994357;0
32;16;10;5;32;15;1510994770;15;255;1510994790;0
32;16;10;5;32;15;1510994880;15;255;1510994897;0
32;16;10;5;32;15;1510994992;15;255;1510994999;0
32;16;10;5;32;15;1510995489;15;255;1510995592;1
32;16;10;5;32;15;1510996012;15;255;1510996038;0
32;16;10;5;32;15;1510996170;15;255;1510996193;0
32;16;10;5;32;15;1510996130;15;255;1510996196;0
32;16;10;5;32;15;1510996616;15;255;1510996683;0
32;16;10;5;32;15;1510997144;15;255;1510997151;0
32;16;10;5;32;15;1510997218;15;255;1510997269;0
32;16;10;5;32;15;1510997437;15;255;1510997456;0
32;16;10;5;32;15;1510997934;15;255;1510997950;0
32;16;10;5;32;15;1510998199;15;255;1510998209;0
32;16;10;5;32;15;1510998344;15;255;1510998364;0
32;16;10;5;32;15;1510998523;15;255;1510998567;0
32;16;10;5;32;15;1510999150;15;255;1510999173;0
32;16;10;5;32;15;1510999341;15;255;1510999445;1
32;16;10;5;32;15;1510999449;15;255;1510999469;0
32;16;10;5;32;15;1510999623;15;255;1510999636;0
32;16;10;5;32;15;1511000321;15;255;1511000353;0
32;16;10;5;32;15;1511000554;15;255;1511000631;0
32;16;10;5;32;15;1511000604;15;255;1511000632;0
32;16;10;5;32;15;1511000695;15;255;1511000737;0
32;16;10;5;32;15;1511001504;15;255;1511001515;0
32;16;10;5;32;15;1511001695;15;255;1511001799;1
32;16;10;5;32;15;1511001929;15;255;1511001936;0
32;16;10;5;32;15;1511002009;15;255;1511002026;0
32;16;10;5;32;15;1511002682;15;255;1511002692;0
32;16;10;5;32;15;1511002940;15;255;1511002953;0
32;16;10;5;32;15;1511003246;15;255;1511003271;0
32;16;10;5;32;15;1511003271;15;255;1511003285;0
32;16;10;5;32;15;1511003892;15;255;1511003902;0
32;16;10;5;32;15;1511004058;15;255;1511004068;0
32;16;10;5;32;15;1511004346;15;255;1511004356;0
32;16;10;5;32;15;1511004375;15;255;1511004451;0
32;16;10;5;32;15;1511005102;15;255;1511005118;0
32;16;10;5;32;15;1511005177;15;255;1511005194;0
32;16;10;5;32;15;1511005606;15;255;1511005620;0
32;16;10;5;32;15;1511005697;15;255;1511005716;0
32;16;10;5;32;15;1511006147;15;255;1511006161;0
32;16;10;5;32;15;1511006374;15;255;1511006479;1
32;16;10;5;32;15;1511006637;15;255;1511006659;0
32;16;10;5;32;15;1511006930;15;255;1511006940;0
32;16;10;5;32;15;1511007164;15;255;1511007236;0
32;16;10;5;32;15;1511007763;15;255;1511007773;0
32;16;10;5;32;15;1511007881;15;255;1511007901;0
32;16;10;5;32;15;1511008188;15;255;1511008293;1
32;16;10;5;32;15;1511008351;15;255;1511008361;0
32;16;10;5;32;15;1511008939;15;255;1511008981;0
32;16;10;5;32;15;1511009158;15;255;1511009171;0
32;16;10;5;32;15;1511009440;15;255;1511009447;0
32;16;10;5;32;15;1511009475;15;255;1511009495;0
32;16;10;5;32;15;1511009886;15;255;1511009903;0
32;16;10;5;32;15;1511010246;15;255;1511010262;0
32;16;10;5;32;15;1511010528;15;255;1511010548;0
32;16;10;5;32;15;1511010547;15;255;1511010554;0
32;16;10;5;32;15;1511010926;15;255;1511010936;0
32;16;10;5;32;15;1511011521;15;255;1511011537;0
32;16;10;5;32;15;1511011615;15;255;1511011622;0
32;16;10;5;32;15;1511011608;15;255;1511011631;0
32;16;10;5;32;15;1511012234;15;255;1511012251;0
32;16;10;5;32;15;1511012673;15;255;1511012689;0
32;16;10;5;32;15;1511012686;15;255;1511012734;0
32;16;10;5;32;15;1511012785;15;255;1511012801;0
32;16;10;5;32;15;1511013495;15;255;1511013562;0
32;16;10;5;32;15;1511013718;15;255;1511013763;0
32;16;10;5;32;15;1511013810;15;255;1511013830;0
32;16;10;5;32;15;1511013855;15;255;1511013875;0
32;16;10;5;32;15;1511014646;15;255;1511014672;0
32;16;10;5;32;15;1511014809;15;255;1511014835;0
32;16;10;5;32;15;1511015038;15;255;1511015106;0
32;16;10;5;32;15;1511015107;15;255;1511015114;0
32;16;10;5;32;15;1511015933;15;255;1511015943;0
32;16;10;5;32;15;1511016090;15;255;1511016097;0
32;16;10;5;32;15;1511016078;15;255;1511016109;0
32;16;10;5;32;15;1511016209;15;255;1511016313;1
32;16;10;5;32;15;1511017119;15;255;1511017158;0
32;16;10;5;32;15;1511017180;15;255;1511017219;0
32;16;10;5;32;15;1511017208;15;255;1511017240;0
32;16;10;5;32;15;1511017438;15;255;1511017476;0
32;16;10;5;32;15;1511018285;15;255;1511018292;0
32;16;10;5;32;15;1511018489;15;255;1511018506;0
32;16;10;5;32;15;1511018578;15;255;1511018591;0
32;16;10;5;32;15;1511018492;15;255;1511018597;1
32;16;10;5;32;15;1511019304;15;255;1511019346;0
32;16;10;5;32;15;1511019660;15;255;1511019670;0
32;16;10;5;32;15;1511019636;15;255;1511019696;0
32;16;10;5;32;15;1511019714;15;255;1511019730;0
32;16;10;5;32;15;1511020415;15;255;1511020441;0
32;16;10;5;32;15;1511020836;15;255;1511020862;0
32;16;10;5;32;15;1511020901;15;255;1511020924;0
32;16;10;5;32;15;1511020928;15;255;1511020935;0
32;16;10;5;32;15;1511021669;15;255;1511021680;0
32;16;10;5;32;15;1511021976;15;255;1511022001;0
32;16;10;5;32;15;1511022017;15;255;1511022122;1
32;16;10;5;32;15;1511022192;15;255;1511022222;0
32;16;10;5;32;15;1511022737;15;255;1511022843;1
32;16;10;5;32;15;1511023053;15;255;1511023086;0
32;16;10;5;32;15;1511023427;15;255;1511023440;0
32;16;10;5;32;15;1511023389;15;255;1511023449;0
32;16;10;5;32;15;1511024032;15;255;1511024040;0
32;16;10;5;32;15;1511024182;15;255;1511024208;0
32;16;10;5;32;15;1511024483;15;255;1511024496;0
32;16;10;5;32;15;1511024700;15;255;1511024752;0
32;16;10;5;32;15;1511025116;15;255;1511025152;0
32;16;10;5;32;15;1511025358;15;255;1511025406;0
32;16;10;5;32;15;1511025527;15;255;1511025540;0
32;16;10;5;32;15;1511025805;15;255;1511025831;0
32;16;10;5;32;15;1511026160;15;255;1511026208;0
32;16;10;5;32;15;1511026355;15;255;1511026390;0
32;16;10;5;32;15;1511026597;15;255;1511026701;1
32;16;10;5;32;15;1511026861;15;255;1511026887;0
32;16;10;5;32;15;1511027430;15;255;1511027443;0
32;16;10;5;32;15;1511027688;15;255;1511027749;0
32;16;10;5;32;15;1511027836;15;255;1511027934;0
32;16;10;5;32;15;1511027989;15;255;1511028005;0
32;16;10;5;32;15;1511028522;15;255;1511028620;0
32;16;10;5;32;15;1511028906;15;255;1511029011;1
32;16;10;5;32;15;1511029002;15;255;1511029015;0
32;16;10;5;32;15;1511029245;15;255;1511029264;0
32;16;10;5;32;15;1511029680;15;255;1511029715;0
32;16;10;5;32;15;1511030081;15;255;1511030131;0
32;16;10;5;32;15;1511030170;15;255;1511030240;0
32;16;10;5;32;15;1511030639;15;255;1511030678;0
32;16;10;5;32;15;1511030774;15;255;1511030806;0
32;16;10;5;32;15;1511031170;15;255;1511031224;0
32;16;10;5;32;15;1511031354;15;255;1511031380;0
32;16;10;5;32;15;1511031867;15;255;1511031880;0
32;16;10;5;32;15;1511031910;15;255;1511031926;0
32;16;10;5;32;15;1511032263;15;255;1511032270;0
32;16;10;5;32;15;1511032630;15;255;1511032647;0
32;16;10;5;32;15;1511032991;15;255;1511033033;0
32;16;10;5;32;15;1511033001;15;255;1511033072;0
32;16;10;5;32;15;1511033389;15;255;1511033427;0
32;16;10;5;32;15;1511033744;15;255;1511033782;0
32;16;10;5;32;15;1511034292;15;255;1511034303;0
32;16;10;5;32;15;1511034246;15;255;1511034350;1
32;16;10;5;32;15;1511034376;15;255;1511034395;0
32;16;10;5;32;15;1511035049;15;255;1511035056;0
32;16;10;5;32;15;1511035419;15;255;1511035433;0
32;16;10;5;32;15;1511035464;15;255;1511035534;0
32;16;10;5;32;15;1511035663;15;255;1511035677;0
32;16;10;5;32;15;1511036286;15;255;1511036385;0
32;16;10;5;32;15;1511036542;15;255;1511036555;0
32;16;10;5;32;15;1511036727;15;255;1511036746;0
32;16;10;5;32;15;1511036833;15;255;1511036862;0
32;16;10;5;32;15;1511037470;15;255;1511037493;0
32;16;10;5;32;15;1511037689;15;255;1511037715;0
32;16;10;5;32;15;1511037803;15;255;1511037842;0
32;16;10;5;32;15;1511037864;15;255;1511037871;0
32;16;10;5;32;15;1511038626;15;255;1511038639;0
32;16;10;5;32;15;1511038710;15;255;1511038723;0
32;16;10;5;32;15;1511038887;15;255;1511038993;1
32;16;10;5;32;15;1511039012;15;255;1511039041;0
32;16;10;5;32;15;1511039794;15;255;1511039804;0
32;16;10;5;32;15;1511039870;15;255;1511039896;0
32;16;10;5;32;15;1511040020;15;255;1511040075;0
32;16;10;5;32;15;1511040136;15;255;1511040239;1
32;16;10;5;32;15;1511040999;15;255;1511041019;0
32;16;10;5;32;15;1511041038;15;255;1511041045;0
32;16;10;5;32;15;1511041125;15;255;1511041151;0
32;16;10;5;32;15;1511041239;15;255;1511041343;1
32;16;10;5;32;15;1511042067;15;255;1511042090;0
32;16;10;5;32;15;1511042200;15;255;1511042210;0
32;16;10;5;32;15;1511042389;15;255;1511042412;0
32;16;10;5;32;15;1511042398;15;255;1511042504;1
32;16;10;5;32;15;1511043409;15;255;1511043453;0
32;16;10;5;32;15;1511043495;15;255;1511043514;0
32;16;10;5;32;15;1511043423;15;255;1511043521;0
32;16;10;5;32;15;1511043720;15;255;1511043753;0
32;16;10;5;32;15;1511044468;15;255;1511044475;0
32;16;10;5;32;15;1511044618;15;255;1511044647;0
32;16;10;5;32;15;1511044679;15;255;1511044695;0
32;16;10;5;32;15;1511044734;15;255;1511044744;0
32;16;10;5;32;15;1511045685;15;255;1511045692;0
32;16;10;5;32;15;1511045755;15;255;1511045765;0
32;16;10;5;32;15;1511045866;15;255;1511045883;0
32;16;10;5;32;15;1511045910;15;255;1511045936;0
32;16;10;5;32;15;1511046760;15;255;1511046770;0
32;16;10;5;32;15;1511046833;15;255;1511046843;0
32;16;10;5;32;15;1511046903;15;255;1511046910;0
32;16;10;5;32;15;1511046949;15;255;1511046962;0
32;16;10;5;32;15;1511047938;15;255;1511047966;0
32;16;10;5;32;15;1511048024;15;255;1511048044;0
32;16;10;5;32;15;1511048051;15;255;1511048064;0
32;16;10;5;32;15;1511048175;15;255;1511048192;0
32;16;10;5;32;15;1511049173;15;255;1511049186;0
32;16;10;5;32;15;1511049261;15;255;1511049305;0
32;16;10;5;32;15;1511049295;15;255;1511049324;0
32;16;10;5;32;15;1511049297;15;255;1511049401;1
32;16;10;5;32;15;1511050282;15;255;1511050318;0
32;16;10;5;32;15;1511050412;15;255;1511050428;0
32;16;10;5;32;15;1511050508;15;255;1511050515;0
32;16;10;5;32;15;1511050508;15;255;1511050518;0
32;16;10;5;32;15;1511051399;15;255;1511051466;0
32;16;10;5;32;15;1511051432;15;255;1511051535;1
32;16;10;5;32;15;1511051629;15;255;1511051655;0
32;16;10;5;32;15;1511051652;15;255;1511051685;0
32;16;10;5;32;15;1511052501;15;255;1511052574;0
32;16;10;5;32;15;1511052649;15;255;1511052656;0
32;16;10;5;32;15;1511052722;15;255;1511052741;0
32;16;10;5;32;15;1511052866;15;255;1511052885;0
32;16;10;5;32;15;1511053725;15;255;1511053773;0
32;16;10;5;32;15;1511053736;15;255;1511053817;0
32;16;10;5;32;15;1511053848;15;255;1511053911;0
32;16;10;5;32;15;1511053978;15;255;1511053997;0
32;16;10;5;32;15;1511054820;15;255;1511054856;0
32;16;10;5;32;15;1511054797;15;255;1511054902;1
32;16;10;5;32;15;1511055060;15;255;1511055110;0
32;16;10;5;32;15;1511055120;15;255;1511055127;0
32;16;10;5;32;15;1511055982;15;255;1511056008;0
32;16;10;5;32;15;1511056121;15;255;1511056166;0
32;16;10;5;32;15;1511056174;15;255;1511056212;0
32;16;10;5;32;15;1511056187;15;255;1511056242;0
32;16;10;5;32;15;1511057089;15;255;1511057099;0
32;16;10;5;32;15;1511057301;15;255;1511057308;0
32;16;10;5;32;15;1511057260;15;255;1511057343;0
32;16;10;5;32;15;1511057417;15;255;1511057423;0
32;16;10;5;32;15;1511058313;15;255;1511058329;0
32;16;10;5;32;15;1511058312;15;255;1511058417;1
32;16;10;5;32;15;1511058491;15;255;1511058508;0
32;16;10;5;32;15;1511058650;15;255;1511058755;1
32;16;10;5;32;15;1511059451;15;255;1511059539;0
32;16;10;5;32;15;1511059573;15;255;1511059589;0
32;16;10;5;32;15;1511059752;15;255;1511059781;0
32;16;10;5;32;15;1511060080;15;255;1511060099;0
32;16;10;5;32;15;1511060590;15;255;1511060613;0
32;16;10;5;32;15;1511060618;15;255;1511060644;0
32;16;10;5;32;15;1511060813;15;255;1511060856;0
32;16;10;5;32;15;1511061347;15;255;1511061401;0
32;16;10;5;32;15;1511061747;15;255;1511061754;0
32;16;10;5;32;15;1511061874;15;255;1511061887;0
32;16;10;5;32;15;1511061890;15;255;1511061913;0
32;16;10;5;32;15;1511062346;15;255;1511062422;0
32;16;10;5;32;15;1511062935;15;255;1511062948;0
32;16;10;5;32;15;1511063023;15;255;1511063036;0
32;16;10;5;32;15;1511063183;15;255;1511063190;0
32;16;10;5;32;15;1511063605;15;255;1511063612;0
32;16;10;5;32;15;1511064048;15;255;1511064077;0
32;16;10;5;32;15;1511064268;15;255;1511064274;0
32;16;10;5;32;15;1511064222;15;255;1511064326;1
32;16;10;5;32;15;1511064601;15;255;1511064618;0
32;16;10;5;32;15;1511065142;15;255;1511065149;0
32;16;10;5;32;15;1511065354;15;255;1511065395;0
32;16;10;5;32;15;1511065556;15;255;1511065587;0
32;16;10;5;32;15;1511065768;15;255;1511065806;0
32;16;10;5;32;15;1511066236;15;255;1511066342;1
32;16;10;5;32;15;1511066363;15;255;1511066386;0
32;16;10;5;32;15;1511066664;15;255;1511066677;0
32;16;10;5;32;15;1511067075;15;255;1511067105;0
32;16;10;5;32;15;1511067267;15;255;1511067293;0
32;16;10;5;32;15;1511067672;15;255;1511067682;0
32;16;10;5;32;15;1511067753;15;255;1511067763;0
32;16;10;5;32;15;1511068115;15;255;1511068131;0
32;16;10;5;32;15;1511068562;15;255;1511068569;0
32;16;10;5;32;15;1511068572;15;255;1511068630;0
32;16;10;5;32;15;1511068756;15;255;1511068801;0
32;16;10;5;32;15;1511069319;15;255;1511069332;0
32;16;10;5;32;15;1511069638;15;255;1511069649;0
32;16;10;5;32;15;1511069630;15;255;1511069656;0
32;16;10;5;32;15;1511069915;15;255;1511069922;0
32;16;10;5;32;15;1511070454;15;255;1511070461;0
32;16;10;5;32;15;1511070729;15;255;1511070751;0
32;16;10;5;32;15;1511070752;15;255;1511070762;0
32;16;10;5;32;15;1511070980;15;255;1511071016;0
32;16;10;5;32;15;1511071678;15;255;1511071714;0
32;16;10;5;32;15;1511071720;15;255;1511071727;0
32;16;10;5;32;15;1511071978;15;255;1511071988;0
32;16;10;5;32;15;1511072161;15;255;1511072171;0
32;16;10;5;32;15;1511072801;15;255;1511072836;0
32;16;10;5;32;15;1511072969;15;255;1511072988;0
32;16;10;5;32;15;1511073005;15;255;1511073075;0
32;16;10;5;32;15;1511073423;15;255;1511073514;0
32;16;10;5;32;15;1511073922;15;255;1511073951;0
32;16;10;5;32;15;1511074025;15;255;1511074038;0
32;16;10;5;32;15;1511074164;15;255;1511074238;0
32;16;10;5;32;15;1511074657;15;255;1511074692;0
32;16;10;5;32;15;1511075085;15;255;1511075101;0
32;16;10;5;32;15;1511075153;15;255;1511075176;0
32;16;10;5;32;15;1511075271;15;255;1511075294;0
32;16;10;5;32;15;1511075761;15;255;1511075818;0
32;16;10;5;32;15;1511076124;15;255;1511076194;0
32;16;10;5;32;15;1511076340;15;255;1511076347;0
32;16;10;5;32;15;1511076413;15;255;1511076517;1
32;16;10;5;32;15;1511076897;15;255;1511076904;0
32;16;10;5;32;15;1511077406;15;255;1511077413;0
32;16;10;5;32;15;1511077580;15;255;1511077593;0
32;16;10;5;32;15;1511077621;15;255;1511077659;0
32;16;10;5;32;15;1511078032;15;255;1511078096;0
32;16;10;5;32;15;1511078462;15;255;1511078481;0
32;16;10;5;32;15;1511078680;15;255;1511078690;0
32;16;10;5;32;15;1511078753;15;255;1511078798;0
32;16;10;5;32;15;1511079237;15;255;1511079250;0
32;16;10;5;32;15;1511079494;15;255;1511079514;0
32;16;10;5;32;15;1511079932;15;255;1511079939;0
32;16;10;5;32;15;1511079976;15;255;1511080011;0
32;16;10;5;32;15;1511080355;15;255;1511080368;0
32;16;10;5;32;15;1511080670;15;255;1511080687;0
32;16;10;5;32;15;1511081048;15;255;1511081061;0
32;16;10;5;32;15;1511081201;15;255;1511081242;0
32;16;10;5;32;15;1511081643;15;255;1511081653;0
32;16;10;5;32;15;1511081647;15;255;1511081673;0
32;16;10;5;32;15;1511082260;15;255;1511082317;0
32;16;10;5;32;15;1511082449;15;255;1511082456;0
32;16;10;5;32;15;1511082707;15;255;1511082796;0
32;16;10;5;32;15;1511082817;15;255;1511082872;0
32;16;10;5;32;15;1511083375;15;255;1511083419;0
32;16;10;5;32;15;1511083654;15;255;1511083664;0
32;16;10;5;32;15;1511083903;15;255;1511083910;0
32;16;10;5;32;15;1511083971;15;255;1511084004;0
32;16;10;5;32;15;1511084434;15;255;1511084448;0
32;16;10;5;32;15;1511084712;15;255;1511084722;0
32;16;10;5;32;15;1511084950;15;255;1511084986;0
32;16;10;5;32;15;1511085113;15;255;1511085169;0
32;16;10;5;32;15;1511085450;15;255;1511085488;0
32;16;10;5;32;15;1511085922;15;255;1511085929;0
32;16;10;5;32;15;1511085991;15;255;1511086030;0
32;16;10;5;32;15;1511086398;15;255;1511086405;0
32;16;10;5;32;15;1511086562;15;255;1511086629;0
32;16;10;5;32;15;1511087050;15;255;1511087086;0
32;16;10;5;32;15;1511087242;15;255;1511087290;0
32;16;10;5;32;15;1511087666;15;255;1511087673;0
32;16;10;5;32;15;1511087744;15;255;1511087786;0
32;16;10;5;32;15;1511088123;15;255;1511088136;0
32;16;10;5;32;15;1511088567;15;255;1511088644;0
32;16;10;5;32;15;1511088890;15;255;1511088897;0
32;16;10;5;32;15;1511088895;15;255;1511088905;0
32;16;10;5;32;15;1511089157;15;255;1511089261;1
32;16;10;5;32;15;1511089705;15;255;1511089747;0
32;16;10;5;32;15;1511090054;15;255;1511090089;0
32;16;10;5;32;15;1511090107;15;255;1511090126;0
32;16;10;5;32;15;1511090476;15;255;1511090542;0
32;16;10;5;32;15;1511090994;15;255;1511091004;0
32;16;10;5;32;15;1511091218;15;255;1511091243;0
32;16;10;5;32;15;1511091403;15;255;1511091432;0
32;16;10;5;32;15;1511091673;15;255;1511091751;0
32;16;10;5;32;15;1511092120;15;255;1511092196;0
32;16;10;5;32;15;1511092206;15;255;1511092256;0
32;16;10;5;32;15;1511092588;15;255;1511092695;1
32;16;10;5;32;15;1511092758;15;255;1511092785;0
32;16;10;5;32;15;1511093322;15;255;1511093339;0
32;16;10;5;32;15;1511093428;15;255;1511093466;0
32;16;10;5;32;15;1511093747;15;255;1511093788;0
32;16;10;5;32;15;1511093940;15;255;1511094020;0
32;16;10;5;32;15;1511094434;15;255;1511094479;0
32;16;10;5;32;15;1511094646;15;255;1511094656;0
32;16;10;5;32;15;1511094858;15;255;1511094888;0
32;16;10;5;32;15;1511095183;15;255;1511095199;0
32;16;10;5;32;15;1511095563;15;255;1511095667;1
32;16;10;5;32;15;1511095732;15;255;1511095765;0
32;16;10;5;32;15;1511095895;15;255;1511095902;0
32;16;10;5;32;15;1511096305;15;255;1511096357;0
32;16;10;5;32;15;1511096700;15;255;1511096732;0
32;16;10;5;32;15;1511097081;15;255;1511097088;0
32;16;10;5;32;15;1511097118;15;255;1511097132;0
32;16;10;5;32;15;1511097638;15;255;1511097655;0
32;16;10;5;32;15;1511097858;15;255;1511097881;0
32;16;10;5;32;15;1511098068;15;255;1511098097;0
32;16;10;5;32;15;1511098204;15;255;1511098237;0
32;16;10;5;32;15;1511098785;15;255;1511098818;0
32;16;10;5;32;15;1511099078;15;255;1511099107;0
32;16;10;5;32;15;1511099399;15;255;1511099416;0
32;16;10;5;32;15;1511099425;15;255;1511099513;0
32;16;10;5;32;15;1511100075;15;255;1511100101;0
32;16;10;5;32;15;1511100204;15;255;1511100215;0
32;16;10;5;32;15;1511100529;15;255;1511100573;0
32;16;10;5;32;15;1511100595;15;255;1511100602;0
32;16;10;5;32;15;1511101162;15;255;1511101266;1
32;16;10;5;32;15;1511101393;15;255;1511101419;0
32;16;10;5;32;15;1511101650;15;255;1511101682;0
32;16;10;5;32;15;1511101753;15;255;1511101769;0
32;16;10;5;32;15;1511102278;15;255;1511102297;0
32;16;10;5;32;15;1511102582;15;255;1511102599;0
32;16;10;5;32;15;1511102730;15;255;1511102743;0
32;16;10;5;32;15;1511102915;15;255;1511102928;0
32;16;10;5;32;15;1511103242;15;255;1511103268;0
32;16;10;5;32;15;1511103768;15;255;1511103784;0
32;16;10;5;32;15;1511103949;15;255;1511103984;0
32;16;10;5;32;15;1511104044;15;255;1511104083;0
32;16;10;5;32;15;1511104536;15;255;1511104543;0
32;16;10;5;32;15;1511104897;15;255;1511104932;0
32;16;10;5;32;15;1511104992;15;255;1511105002;0
32;16;10;5;32;15;1511105303;15;255;1511105319;0
32;16;10;5;32;15;1511105715;15;255;1511105728;0
32;16;10;5;32;15;1511105954;15;255;1511105980;0
32;16;10;5;32;15;1511106105;15;255;1511106115;0
32;16;10;5;32;15;1511106333;15;255;1511106343;0
32;16;10;5;32;15;1511106725;15;255;1511106763;0
32;16;10;5;32;15;1511107161;15;255;1511107168;0
32;16;10;5;32;15;1511107186;15;255;1511107206;0
32;16;10;5;32;15;1511107331;15;255;1511107341;0
32;16;10;5;32;15;1511107957;15;255;1511108062;1
32;16;10;5;32;15;1511108244;15;255;1511108251;0
32;16;10;5;32;15;1511108324;15;255;1511108334;0
32;16;10;5;32;15;1511108445;15;255;1511108527;0
32;16;10;5;32;15;1511109099;15;255;1511109203;1
32;16;10;5;32;15;1511109288;15;255;1511109336;0
32;16;10;5;32;15;1511109551;15;255;1511109564;0
32;16;10;5;32;15;1511109729;15;255;1511109779;0
32;16;10;5;32;15;1511110427;15;255;1511110441;0
32;16;10;5;32;15;1511110383;15;255;1511110449;0
32;16;10;5;32;15;1511110805;15;255;1511110853;0
32;16;10;5;32;15;1511110960;15;255;1511110977;0
32;16;10;5;32;15;1511111547;15;255;1511111563;0
32;16;10;5;32;15;1511111522;15;255;1511111592;0
32;16;10;5;32;15;1511112062;15;255;1511112072;0
32;16;10;5;32;15;1511112115;15;255;1511112141;0
32;16;10;5;32;15;1511112578;15;255;1511112585;0
32;16;10;5;32;15;1511112963;15;255;1511112976;0
32;16;10;5;32;15;1511113147;15;255;1511113166;0
32;16;10;5;32;15;1511113363;15;255;1511113468;1
32;16;10;5;32;15;1511113832;15;255;1511113845;0
32;16;10;5;32;15;1511114158;15;255;1511114168;0
32;16;10;5;32;15;1511114589;15;255;1511114605;0
32;16;10;5;32;15;1511114673;15;255;1511114683;0
32;16;10;5;32;15;1511114994;15;255;1511115035;0
32;16;10;5;32;15;1511115163;15;255;1511115202;0
32;16;10;5;32;15;1511115769;15;255;1511115786;0
32;16;10;5;32;15;1511115909;15;255;1511115916;0
32;16;10;5;32;15;1511116254;15;255;1511116264;0
32;16;10;5;32;15;1511116255;15;255;1511116284;0
32;16;10;5;32;15;1511116938;15;255;1511116948;0
32;16;10;5;32;15;1511117010;15;255;1511117064;0
32;16;10;5;32;15;1511117533;15;255;1511117572;0
32;16;10;5;32;15;1511117621;15;255;1511117647;0
32;16;10;5;32;15;1511118146;15;255;1511118156;0
32;16;10;5;32;15;1511118288;15;255;1511118308;0
32;16;10;5;32;15;1511118658;15;255;1511118687;0
32;16;10;5;32;15;1511118866;15;255;1511118873;0
32;16;10;5;32;15;1511119272;15;255;1511119320;0
32;16;10;5;32;15;1511119471;15;255;1511119503;0
32;16;10;5;32;15;1511119712;15;255;1511119740;0
32;16;10;5;32;15;1511119907;15;255;1511119920;0
32;16;10;5;32;15;1511120353;15;255;1511120363;0
32;16;10;5;32;15;1511120602;15;255;1511120634;0
32;16;10;5;32;15;1511120740;15;255;1511120747;0
32;16;10;5;32;15;1511121115;15;255;1511121134;0
32;16;10;5;32;15;1511121518;15;255;1511121534;0
32;16;10;5;32;15;1511121722;15;255;1511121739;0
32;16;10;5;32;15;1511122008;15;255;1511122066;0
32;16;10;5;32;15;1511122186;15;255;1511122240;0
32;16;10;5;32;15;1511122615;15;255;1511122625;0
32;16;10;5;32;15;1511122911;15;255;1511122924;0
32;16;10;5;32;15;1511123087;15;255;1511123107;0
32;16;10;5;32;15;1511123217;15;255;1511123321;1
32;16;10;5;32;15;1511123832;15;255;1511123848;0
32;16;10;5;32;15;1511124135;15;255;1511124148;0
32;16;10;5;32;15;1511124195;15;255;1511124294;0
32;16;10;5;32;15;1511124559;15;255;1511124610;0
32;16;10;5;32;15;1511124974;15;255;1511124987;0
32;16;10;5;32;15;1511125231;15;255;1511125247;0
32;16;10;5;32;15;1511125451;15;255;1511125544;0
32;16;10;5;32;15;1511125783;15;255;1511125856;0
32;16;10;5;32;15;1511126130;15;255;1511126140;0
32;16;10;5;32;15;1511126530;15;255;1511126550;0
32;16;10;5;32;15;1511126570;15;255;1511126606;0
32;16;10;5;32;15;1511126854;15;255;1511126870;0
32;16;10;5;32;15;1511127395;15;255;1511127425;0
32;16;10;5;32;15;1511127551;15;255;1511127618;0
32;16;10;5;32;15;1511127812;15;255;1511127869;0
32;16;10;5;32;15;1511128053;15;255;1511128060;0
32;16;10;5;32;15;1511128684;15;255;1511128712;0
32;16;10;5;32;15;1511128632;15;255;1511128734;0
32;16;10;5;32;15;1511128982;15;255;1511129043;0
32;16;10;5;32;15;1511129162;15;255;1511129178;0
32;16;10;5;32;15;1511129758;15;255;1511129768;0
32;16;10;5;32;15;1511129964;15;255;1511129983;0
32;16;10;5;32;15;1511130098;15;255;1511130205;1
32;16;10;5;32;15;1511130343;15;255;1511130350;0
32;16;10;5;32;15;1511130804;15;255;1511130814;0
32;16;10;5;32;15;1511131070;15;255;1511131162;0
32;16;10;5;32;15;1511131267;15;255;1511131292;0
32;16;10;5;32;15;1511131614;15;255;1511131656;0
32;16;10;5;32;15;1511131862;15;255;1511131932;0
32;16;10;5;32;15;1511132345;15;255;1511132449;1
32;16;10;5;32;15;1511132435;15;255;1511132457;0
32;16;10;5;32;15;1511132735;15;255;1511132751;0
32;16;10;5;32;15;1511132944;15;255;1511132963;0
32;16;10;5;32;15;1511133532;15;255;1511133568;0
32;16;10;5;32;15;1511133670;15;255;1511133692;0
32;16;10;5;32;15;1511133738;15;255;1511133787;0
32;16;10;5;32;15;1511133938;15;255;1511133958;0
32;16;10;5;32;15;1511134746;15;255;1511134793;0
32;16;10;5;32;15;1511134771;15;255;1511134854;0
32;16;10;5;32;15;1511135010;15;255;1511135036;0
32;16;10;5;32;15;1511135104;15;255;1511135114;0
32;16;10;5;32;15;1511135903;15;255;1511135913;0
32;16;10;5;32;15;1511136071;15;255;1511136104;0
32;16;10;5;32;15;1511136120;15;255;1511136130;0
32;16;10;5;32;15;1511136270;15;255;1511136331;0
32;16;10;5;32;15;1511136952;15;255;1511137003;0
32;16;10;5;32;15;1511137365;15;255;1511137391;0
32;16;10;5;32;15;1511137402;15;255;1511137412;0
32;16;10;5;32;15;1511137515;15;255;1511137572;0
32;16;10;5;32;15;1511138141;15;255;1511138173;0
32;16;10;5;32;15;1511138464;15;255;1511138547;0
32;16;10;5;32;15;1511138550;15;255;1511138557;0
32;16;10;5;32;15;1511138890;15;255;1511138900;0
32;16;10;5;32;15;1511139375;15;255;1511139413;0
32;16;10;5;32;15;1511139696;15;255;1511139754;0
32;16;10;5;32;15;1511139769;15;255;1511139805;0
32;16;10;5;32;15;1511140026;15;255;1511140045;0
32;16;10;5;32;15;1511140604;15;255;1511140614;0
32;16;10;5;32;15;1511140988;15;255;1511141007;0
32;16;10;5;32;15;1511140953;15;255;1511141024;0
32;16;10;5;32;15;1511141092;15;255;1511141133;0
32;16;10;5;32;15;1511141715;15;255;1511141747;0
32;16;10;5;32;15;1511142139;15;255;1511142153;0
32;16;10;5;32;15;1511142192;15;255;1511142199;0
32;16;10;5;32;15;1511142247;15;255;1511142257;0
32;16;10;5;32;15;1511142751;15;255;1511142786;0
32;16;10;5;32;15;1511143240;15;255;1511143294;0
32;16;10;5;32;15;1511143366;15;255;1511143421;0
32;16;10;5;32;15;1511143440;15;255;1511143450;0
32;16;10;5;32;15;1511144000;15;255;1511144057;0
32;16;10;5;32;15;1511144421;15;255;1511144527;1
32;16;10;5;32;15;1511144522;15;255;1511144545;0
32;16;10;5;32;15;1511144559;15;255;1511144572;0
32;16;10;5;32;15;1511145064;15;255;1511145080;0
32;16;10;5;32;15;1511145659;15;255;1511145672;0
32;16;10;5;32;15;1511145672;15;255;1511145688;0
32;16;10;5;32;15;1511145811;15;255;1511145917;1
32;16;10;5;32;15;1511146306;15;255;1511146382;0
32;16;10;5;32;15;1511146714;15;255;1511146758;0
32;16;10;5;32;15;1511146836;15;255;1511146846;0
32;16;10;5;32;15;1511147119;15;255;1511147130;0
32;16;10;5;32;15;1511147550;15;255;1511147569;0
32;16;10;5;32;15;1511147914;15;255;1511147946;0
32;16;10;5;32;15;1511148140;15;255;1511148163;0
32;16;10;5;32;15;1511148167;15;255;1511148174;0
32;16;10;5;32;15;1511148756;15;255;1511148847;0
32;16;10;5;32;15;1511149145;15;255;1511149158;0
32;16;10;5;32;15;1511149345;15;255;1511149450;1
32;16;10;5;32;15;1511149525;15;255;1511149595;0
32;16;10;5;32;15;1511149994;15;255;1511150011;0
32;16;10;5;32;15;1511150249;15;255;1511150278;0
32;16;10;5;32;15;1511150465;15;255;1511150530;0
32;16;10;5;32;15;1511150554;15;255;1511150611;0
32;16;10;5;32;15;1511151224;15;255;1511151256;0
32;16;10;5;32;15;1511151396;15;255;1511151424;0
32;16;10;5;32;15;1511151733;15;255;1511151797;0
32;16;10;5;32;15;1511151865;15;255;1511151901;0
32;16;10;5;32;15;1511152477;15;255;1511152580;0
32;16;10;5;32;15;1511152630;15;255;1511152646;0
32;16;10;5;32;15;1511152848;15;255;1511152865;0
32;16;10;5;32;15;1511153005;15;255;1511153022;0
32;16;10;5;32;15;1511153649;15;255;1511153754;1
32;16;10;5;32;15;1511153732;15;255;1511153764;0
32;16;10;5;32;15;1511153992;15;255;1511154003;0
32;16;10;5;32;15;1511154068;15;255;1511154100;0
32;16;10;5;32;15;1511154775;15;255;1511154842;0
32;16;10;5;32;15;1511154937;15;255;1511155044;1
32;16;10;5;32;15;1511155218;15;255;1511155293;0
32;16;10;5;32;15;1511155375;15;255;1511155385;0
32;16;10;5;32;15;1511156156;15;255;1511156263;1
32;16;10;5;32;15;1511156334;15;255;1511156341;0
32;16;10;5;32;15;1511156364;15;255;1511156412;0
32;16;10;5;32;15;1511156631;15;255;1511156645;0
32;16;10;5;32;15;1511157363;15;255;1511157370;0
32;16;10;5;32;15;1511157501;15;255;1511157511;0
32;16;10;5;32;15;1511157629;15;255;1511157693;0
32;16;10;5;32;15;1511157816;15;255;1511157848;0
32;16;10;5;32;15;1511158434;15;255;1511158448;0
32;16;10;5;32;15;1511158754;15;255;1511158860;0
32;16;10;5;32;15;1511158891;15;255;1511158898;0
32;16;10;5;32;15;1511158939;15;255;1511158959;0
32;16;10;5;32;15;1511159540;15;255;1511159583;0
32;16;10;5;32;15;1511159928;15;255;1511159947;0
32;16;10;5;32;15;1511159940;15;255;1511159978;0
32;16;10;5;32;15;1511159981;15;255;1511159998;0
32;16;10;5;32;15;1511160689;15;255;1511160696;0
32;16;10;5;32;15;1511161122;15;255;1511161129;0
32;16;10;5;32;15;1511161100;15;255;1511161142;0
32;16;10;5;32;15;1511161206;15;255;1511161309;1
32;16;10;5;32;15;1511161698;15;255;1511161803;1
32;16;10;5;32;15;1511162372;15;255;1511162397;0
32;16;10;5;32;15;1511162351;15;255;1511162399;0
32;16;10;5;32;15;1511162415;15;255;1511162454;0
32;16;10;5;32;15;1511162933;15;255;1511163009;0
32;16;10;5;32;15;1511163368;15;255;1511163375;0
32;16;10;5;32;15;1511163548;15;255;1511163555;0
32;16;10;5;32;15;1511163547;15;255;1511163605;0
32;16;10;5;32;15;1511164100;15;255;1511164110;0
32;16;10;5;32;15;1511164634;15;255;1511164650;0
32;16;10;5;32;15;1511164652;15;255;1511164714;0
32;16;10;5;32;15;1511164797;15;255;1511164810;0
32;16;10;5;32;15;1511165111;15;255;1511165147;0
32;16;10;5;32;15;1511165744;15;255;1511165770;0
32;16;10;5;32;15;1511165903;15;255;1511165917;0
32;16;10;5;32;15;1511165949;15;255;1511165975;0
32;16;10;5;32;15;1511166397;15;255;1511166410;0
32;16;10;5;32;15;1511166888;15;255;1511166907;0
32;16;10;5;32;15;1511166975;15;255;1511166998;0
32;16;10;5;32;15;1511167146;15;255;1511167159;0
32;16;10;5;32;15;1511167362;15;255;1511167416;0
32;16;10;5;32;15;1511168020;15;255;1511168027;0
32;16;10;5;32;15;1511168176;15;255;1511168281;1
32;16;10;5;32;15;1511168274;15;255;1511168322;0
32;16;10;5;32;15;1511168542;15;255;1511168581;0
32;16;10;5;32;15;1511169230;15;255;1511169256;0
32;16;10;5;32;15;1511169329;15;255;1511169351;0
32;16;10;5;32;15;1511169426;15;255;1511169436;0
32;16;10;5;32;15;1511169604;15;255;1511169617;0
32;16;10;5;32;15;1511170255;15;255;1511170285;0
32;16;10;5;32;15;1511170602;15;255;1511170655;0
32;16;10;5;32;15;1511170668;15;255;1511170698;0
32;16;10;5;32;15;1511170806;15;255;1511170822;0
32;16;10;5;32;15;1511171646;15;255;1511171766;1
32;16;10;5;32;15;1511171877;15;255;1511171891;0
32;16;10;5;32;15;1511171911;15;255;1511171970;0
32;16;10;5;32;15;1511171871;15;255;1511171985;0
