32;16;10;5;4;15;1510758440;15;255;1510758457;1
32;16;10;5;4;15;1510758668;15;255;1510758685;1
32;16;10;5;4;15;1510758730;15;255;1510758746;1
32;16;10;5;4;15;1510758734;15;255;1510758751;1
32;16;10;5;4;15;1510759699;15;255;1510759716;1
32;16;10;5;4;15;1510759974;15;255;1510759991;1
32;16;10;5;4;15;1510760002;15;255;1510760019;1
32;16;10;5;4;15;1510760046;15;255;1510760062;1
32;16;10;5;4;15;1510760830;15;255;1510760848;1
32;16;10;5;4;15;1510761129;15;255;1510761146;1
32;16;10;5;4;15;1510761171;15;255;1510761188;1
32;16;10;5;4;15;1510761187;15;255;1510761204;1
32;16;10;5;4;15;1510762094;15;255;1510762110;1
32;16;10;5;4;15;1510762326;15;255;1510762343;1
32;16;10;5;4;15;1510762433;15;255;1510762450;1
32;16;10;5;4;15;1510762508;15;255;1510762515;0
32;16;10;5;4;15;1510763069;15;255;1510763085;0
32;16;10;5;4;15;1510763248;15;255;1510763255;0
32;16;10;5;4;15;1510763554;15;255;1510763564;0
32;16;10;5;4;15;1510763645;15;255;1510763661;1
32;16;10;5;4;15;1510764049;15;255;1510764060;0
32;16;10;5;4;15;1510764166;15;255;1510764180;0
32;16;10;5;4;15;1510764775;15;255;1510764792;1
32;16;10;5;4;15;1510764928;15;255;1510764944;0
32;16;10;5;4;15;1510765243;15;255;1510765260;1
32;16;10;5;4;15;1510765257;15;255;1510765274;1
32;16;10;5;4;15;1510766030;15;255;1510766040;0
32;16;10;5;4;15;1510766028;15;255;1510766044;1
32;16;10;5;4;15;1510766276;15;255;1510766289;0
32;16;10;5;4;15;1510766452;15;255;1510766468;1
32;16;10;5;4;15;1510767398;15;255;1510767414;1
32;16;10;5;4;15;1510767416;15;255;1510767432;1
32;16;10;5;4;15;1510767561;15;255;1510767577;0
32;16;10;5;4;15;1510767634;15;255;1510767641;0
32;16;10;5;4;15;1510768397;15;255;1510768414;1
32;16;10;5;4;15;1510768630;15;255;1510768637;0
32;16;10;5;4;15;1510768755;15;255;1510768772;1
32;16;10;5;4;15;1510768822;15;255;1510768838;1
32;16;10;5;4;15;1510769532;15;255;1510769548;1
32;16;10;5;4;15;1510769618;15;255;1510769634;1
32;16;10;5;4;15;1510769947;15;255;1510769953;0
32;16;10;5;4;15;1510770030;15;255;1510770047;1
32;16;10;5;4;15;1510770791;15;255;1510770807;1
32;16;10;5;4;15;1510770934;15;255;1510770950;1
32;16;10;5;4;15;1510771006;15;255;1510771023;1
32;16;10;5;4;15;1510771063;15;255;1510771070;0
32;16;10;5;4;15;1510771847;15;255;1510771863;1
32;16;10;5;4;15;1510772086;15;255;1510772096;0
32;16;10;5;4;15;1510772146;15;255;1510772162;1
32;16;10;5;4;15;1510772297;15;255;1510772314;1
32;16;10;5;4;15;1510773015;15;255;1510773028;0
32;16;10;5;4;15;1510773249;15;255;1510773259;0
32;16;10;5;4;15;1510773354;15;255;1510773364;0
32;16;10;5;4;15;1510773644;15;255;1510773660;1
32;16;10;5;4;15;1510774294;15;255;1510774311;1
32;16;10;5;4;15;1510774531;15;255;1510774537;0
32;16;10;5;4;15;1510774632;15;255;1510774649;1
32;16;10;5;4;15;1510774735;15;255;1510774752;1
32;16;10;5;4;15;1510775434;15;255;1510775450;1
32;16;10;5;4;15;1510775721;15;255;1510775737;1
32;16;10;5;4;15;1510775780;15;255;1510775796;1
32;16;10;5;4;15;1510775799;15;255;1510775809;0
32;16;10;5;4;15;1510776662;15;255;1510776678;1
32;16;10;5;4;15;1510776731;15;255;1510776747;1
32;16;10;5;4;15;1510776974;15;255;1510776990;1
32;16;10;5;4;15;1510777074;15;255;1510777084;0
32;16;10;5;4;15;1510777747;15;255;1510777763;0
32;16;10;5;4;15;1510777978;15;255;1510777994;1
32;16;10;5;4;15;1510778177;15;255;1510778183;0
32;16;10;5;4;15;1510778249;15;255;1510778265;1
32;16;10;5;4;15;1510778817;15;255;1510778834;1
32;16;10;5;4;15;1510779166;15;255;1510779182;1
32;16;10;5;4;15;1510779236;15;255;1510779253;1
32;16;10;5;4;15;1510779420;15;255;1510779436;1
32;16;10;5;4;15;1510780109;15;255;1510780125;0
32;16;10;5;4;15;1510780404;15;255;1510780420;1
32;16;10;5;4;15;1510780456;15;255;1510780472;1
32;16;10;5;4;15;1510780503;15;255;1510780520;1
32;16;10;5;4;15;1510781096;15;255;1510781103;0
32;16;10;5;4;15;1510781562;15;255;1510781579;1
32;16;10;5;4;15;1510781638;15;255;1510781651;0
32;16;10;5;4;15;1510781722;15;255;1510781738;1
32;16;10;5;4;15;1510782308;15;255;1510782321;0
32;16;10;5;4;15;1510782713;15;255;1510782730;1
32;16;10;5;4;15;1510782727;15;255;1510782737;0
32;16;10;5;4;15;1510782846;15;255;1510782862;1
32;16;10;5;4;15;1510783717;15;255;1510783728;0
32;16;10;5;4;15;1510783848;15;255;1510783865;1
32;16;10;5;4;15;1510783959;15;255;1510783976;1
32;16;10;5;4;15;1510784109;15;255;1510784116;0
32;16;10;5;4;15;1510784833;15;255;1510784850;1
32;16;10;5;4;15;1510784851;15;255;1510784867;0
32;16;10;5;4;15;1510785055;15;255;1510785071;1
32;16;10;5;4;15;1510785347;15;255;1510785363;0
32;16;10;5;4;15;1510785916;15;255;1510785926;0
32;16;10;5;4;15;1510785957;15;255;1510785970;0
32;16;10;5;4;15;1510786358;15;255;1510786374;1
32;16;10;5;4;15;1510786553;15;255;1510786569;1
32;16;10;5;4;15;1510787052;15;255;1510787066;0
32;16;10;5;4;15;1510787111;15;255;1510787124;0
32;16;10;5;4;15;1510787407;15;255;1510787420;0
32;16;10;5;4;15;1510787714;15;255;1510787730;1
32;16;10;5;4;15;1510788191;15;255;1510788201;0
32;16;10;5;4;15;1510788272;15;255;1510788289;1
32;16;10;5;4;15;1510788537;15;255;1510788547;0
32;16;10;5;4;15;1510788791;15;255;1510788807;0
32;16;10;5;4;15;1510789319;15;255;1510789336;1
32;16;10;5;4;15;1510789431;15;255;1510789447;1
32;16;10;5;4;15;1510789754;15;255;1510789765;0
32;16;10;5;4;15;1510790081;15;255;1510790091;0
32;16;10;5;4;15;1510790356;15;255;1510790372;1
32;16;10;5;4;15;1510790529;15;255;1510790545;1
32;16;10;5;4;15;1510790728;15;255;1510790744;1
32;16;10;5;4;15;1510791353;15;255;1510791366;0
32;16;10;5;4;15;1510791426;15;255;1510791442;1
32;16;10;5;4;15;1510791601;15;255;1510791608;0
32;16;10;5;4;15;1510791968;15;255;1510791985;0
32;16;10;5;4;15;1510792434;15;255;1510792450;1
32;16;10;5;4;15;1510792480;15;255;1510792496;1
32;16;10;5;4;15;1510792588;15;255;1510792601;0
32;16;10;5;4;15;1510793200;15;255;1510793217;0
32;16;10;5;4;15;1510793566;15;255;1510793583;0
32;16;10;5;4;15;1510793635;15;255;1510793652;1
32;16;10;5;4;15;1510793892;15;255;1510793908;1
32;16;10;5;4;15;1510794441;15;255;1510794457;1
32;16;10;5;4;15;1510794660;15;255;1510794676;1
32;16;10;5;4;15;1510794660;15;255;1510794677;1
32;16;10;5;4;15;1510795094;15;255;1510795107;0
32;16;10;5;4;15;1510795572;15;255;1510795589;1
32;16;10;5;4;15;1510795787;15;255;1510795804;1
32;16;10;5;4;15;1510795807;15;255;1510795823;1
32;16;10;5;4;15;1510796147;15;255;1510796163;1
32;16;10;5;4;15;1510796858;15;255;1510796875;1
32;16;10;5;4;15;1510796884;15;255;1510796900;1
32;16;10;5;4;15;1510796906;15;255;1510796916;0
32;16;10;5;4;15;1510797421;15;255;1510797437;1
32;16;10;5;4;15;1510798030;15;255;1510798046;1
32;16;10;5;4;15;1510798113;15;255;1510798130;1
32;16;10;5;4;15;1510798121;15;255;1510798137;1
32;16;10;5;4;15;1510798641;15;255;1510798657;1
32;16;10;5;4;15;1510799073;15;255;1510799090;1
32;16;10;5;4;15;1510799184;15;255;1510799201;1
32;16;10;5;4;15;1510799342;15;255;1510799358;1
32;16;10;5;4;15;1510799598;15;255;1510799614;1
32;16;10;5;4;15;1510800259;15;255;1510800269;0
32;16;10;5;4;15;1510800573;15;255;1510800590;1
32;16;10;5;4;15;1510800627;15;255;1510800644;1
32;16;10;5;4;15;1510800752;15;255;1510800769;0
32;16;10;5;4;15;1510801292;15;255;1510801299;0
32;16;10;5;4;15;1510801814;15;255;1510801821;0
32;16;10;5;4;15;1510801858;15;255;1510801875;1
32;16;10;5;4;15;1510801905;15;255;1510801921;1
32;16;10;5;4;15;1510802318;15;255;1510802334;1
32;16;10;5;4;15;1510803027;15;255;1510803043;1
32;16;10;5;4;15;1510803125;15;255;1510803141;1
32;16;10;5;4;15;1510803208;15;255;1510803224;1
32;16;10;5;4;15;1510803346;15;255;1510803362;1
32;16;10;5;4;15;1510804276;15;255;1510804293;1
32;16;10;5;4;15;1510804292;15;255;1510804309;0
32;16;10;5;4;15;1510804353;15;255;1510804369;1
32;16;10;5;4;15;1510804625;15;255;1510804641;0
32;16;10;5;4;15;1510805383;15;255;1510805400;1
32;16;10;5;4;15;1510805441;15;255;1510805457;1
32;16;10;5;4;15;1510805627;15;255;1510805643;0
32;16;10;5;4;15;1510805686;15;255;1510805693;0
32;16;10;5;4;15;1510806556;15;255;1510806572;1
32;16;10;5;4;15;1510806577;15;255;1510806593;1
32;16;10;5;4;15;1510806668;15;255;1510806684;1
32;16;10;5;4;15;1510807025;15;255;1510807042;0
32;16;10;5;4;15;1510807643;15;255;1510807657;0
32;16;10;5;4;15;1510807874;15;255;1510807890;1
32;16;10;5;4;15;1510807916;15;255;1510807923;0
32;16;10;5;4;15;1510808317;15;255;1510808334;1
32;16;10;5;4;15;1510808768;15;255;1510808784;1
32;16;10;5;4;15;1510809046;15;255;1510809062;1
32;16;10;5;4;15;1510809150;15;255;1510809167;1
32;16;10;5;4;15;1510809297;15;255;1510809314;1
32;16;10;5;4;15;1510809756;15;255;1510809773;1
32;16;10;5;4;15;1510810281;15;255;1510810297;1
32;16;10;5;4;15;1510810392;15;255;1510810408;1
32;16;10;5;4;15;1510810561;15;255;1510810578;1
32;16;10;5;4;15;1510811101;15;255;1510811118;1
32;16;10;5;4;15;1510811590;15;255;1510811607;0
32;16;10;5;4;15;1510811594;15;255;1510811611;0
32;16;10;5;4;15;1510811681;15;255;1510811698;1
32;16;10;5;4;15;1510812263;15;255;1510812279;1
32;16;10;5;4;15;1510812828;15;255;1510812845;1
32;16;10;5;4;15;1510812908;15;255;1510812925;1
32;16;10;5;4;15;1510812938;15;255;1510812955;1
32;16;10;5;4;15;1510813526;15;255;1510813536;0
32;16;10;5;4;15;1510813881;15;255;1510813897;1
32;16;10;5;4;15;1510813930;15;255;1510813937;0
32;16;10;5;4;15;1510814175;15;255;1510814191;1
32;16;10;5;4;15;1510814823;15;255;1510814839;1
32;16;10;5;4;15;1510815202;15;255;1510815218;0
32;16;10;5;4;15;1510815208;15;255;1510815221;0
32;16;10;5;4;15;1510815354;15;255;1510815367;0
32;16;10;5;4;15;1510816162;15;255;1510816178;0
32;16;10;5;4;15;1510816452;15;255;1510816469;1
32;16;10;5;4;15;1510816469;15;255;1510816476;0
32;16;10;5;4;15;1510816651;15;255;1510816667;1
32;16;10;5;4;15;1510817268;15;255;1510817284;1
32;16;10;5;4;15;1510817521;15;255;1510817537;1
32;16;10;5;4;15;1510817700;15;255;1510817717;1
32;16;10;5;4;15;1510817833;15;255;1510817849;1
32;16;10;5;4;15;1510818460;15;255;1510818470;0
32;16;10;5;4;15;1510818749;15;255;1510818759;0
32;16;10;5;4;15;1510818907;15;255;1510818923;1
32;16;10;5;4;15;1510818987;15;255;1510819003;1
32;16;10;5;4;15;1510819759;15;255;1510819775;1
32;16;10;5;4;15;1510819997;15;255;1510820010;0
32;16;10;5;4;15;1510820013;15;255;1510820026;0
32;16;10;5;4;15;1510820052;15;255;1510820059;0
32;16;10;5;4;15;1510821113;15;255;1510821129;1
32;16;10;5;4;15;1510821177;15;255;1510821193;1
32;16;10;5;4;15;1510821309;15;255;1510821326;1
32;16;10;5;4;15;1510821389;15;255;1510821406;0
32;16;10;5;4;15;1510822288;15;255;1510822304;1
32;16;10;5;4;15;1510822303;15;255;1510822319;1
32;16;10;5;4;15;1510822368;15;255;1510822384;0
32;16;10;5;4;15;1510822503;15;255;1510822510;0
32;16;10;5;4;15;1510823396;15;255;1510823413;1
32;16;10;5;4;15;1510823499;15;255;1510823515;0
32;16;10;5;4;15;1510823587;15;255;1510823594;0
32;16;10;5;4;15;1510823764;15;255;1510823781;1
32;16;10;5;4;15;1510824588;15;255;1510824601;0
32;16;10;5;4;15;1510824608;15;255;1510824625;1
32;16;10;5;4;15;1510824878;15;255;1510824885;0
32;16;10;5;4;15;1510824947;15;255;1510824960;0
32;16;10;5;4;15;1510825741;15;255;1510825757;1
32;16;10;5;4;15;1510825925;15;255;1510825941;1
32;16;10;5;4;15;1510825983;15;255;1510826000;1
32;16;10;5;4;15;1510825994;15;255;1510826010;1
32;16;10;5;4;15;1510826941;15;255;1510826960;0
32;16;10;5;4;15;1510827002;15;255;1510827020;1
32;16;10;5;4;15;1510827099;15;255;1510827116;0
32;16;10;5;4;15;1510827330;15;255;1510827348;1
32;16;10;5;4;15;1510828246;15;255;1510828255;0
32;16;10;5;4;15;1510828266;15;255;1510828285;1
32;16;10;5;4;15;1510828299;15;255;1510828317;1
32;16;10;5;4;15;1510828515;15;255;1510828533;1
32;16;10;5;4;15;1510829428;15;255;1510829444;0
32;16;10;5;4;15;1510829493;15;255;1510829500;0
32;16;10;5;4;15;1510829548;15;255;1510829556;0
32;16;10;5;4;15;1510829672;15;255;1510829689;1
32;16;10;5;4;15;1510830589;15;255;1510830606;1
32;16;10;5;4;15;1510830622;15;255;1510830639;1
32;16;10;5;4;15;1510830714;15;255;1510830731;1
32;16;10;5;4;15;1510830862;15;255;1510830872;0
32;16;10;5;4;15;1510831747;15;255;1510831763;1
32;16;10;5;4;15;1510831843;15;255;1510831850;0
32;16;10;5;4;15;1510831992;15;255;1510832009;1
32;16;10;5;4;15;1510832046;15;255;1510832063;1
32;16;10;5;4;15;1510832961;15;255;1510832978;1
32;16;10;5;4;15;1510833125;15;255;1510833142;1
32;16;10;5;4;15;1510833225;15;255;1510833241;1
32;16;10;5;4;15;1510833251;15;255;1510833268;1
32;16;10;5;4;15;1510834168;15;255;1510834186;1
32;16;10;5;4;15;1510834211;15;255;1510834229;0
32;16;10;5;4;15;1510834511;15;255;1510834523;0
32;16;10;5;4;15;1510834724;15;255;1510834742;1
32;16;10;5;4;15;1510835304;15;255;1510835322;0
32;16;10;5;4;15;1510835488;15;255;1510835505;1
32;16;10;5;4;15;1510835585;15;255;1510835602;1
32;16;10;5;4;15;1510835794;15;255;1510835804;0
32;16;10;5;4;15;1510836578;15;255;1510836595;1
32;16;10;5;4;15;1510836740;15;255;1510836756;1
32;16;10;5;4;15;1510836787;15;255;1510836804;1
32;16;10;5;4;15;1510836943;15;255;1510836950;0
32;16;10;5;4;15;1510837888;15;255;1510837905;1
32;16;10;5;4;15;1510838135;15;255;1510838152;1
32;16;10;5;4;15;1510838192;15;255;1510838209;1
32;16;10;5;4;15;1510838193;15;255;1510838210;1
32;16;10;5;4;15;1510839079;15;255;1510839095;1
32;16;10;5;4;15;1510839103;15;255;1510839110;0
32;16;10;5;4;15;1510839311;15;255;1510839318;0
32;16;10;5;4;15;1510839417;15;255;1510839434;1
32;16;10;5;4;15;1510840173;15;255;1510840180;0
32;16;10;5;4;15;1510840401;15;255;1510840414;0
32;16;10;5;4;15;1510840469;15;255;1510840483;0
32;16;10;5;4;15;1510840624;15;255;1510840640;1
32;16;10;5;4;15;1510841316;15;255;1510841333;1
32;16;10;5;4;15;1510841562;15;255;1510841579;1
32;16;10;5;4;15;1510841711;15;255;1510841727;1
32;16;10;5;4;15;1510841889;15;255;1510841905;1
32;16;10;5;4;15;1510842565;15;255;1510842572;0
32;16;10;5;4;15;1510842581;15;255;1510842591;0
32;16;10;5;4;15;1510842848;15;255;1510842865;1
32;16;10;5;4;15;1510842995;15;255;1510843008;0
32;16;10;5;4;15;1510843723;15;255;1510843730;0
32;16;10;5;4;15;1510843735;15;255;1510843752;1
32;16;10;5;4;15;1510843998;15;255;1510844014;1
32;16;10;5;4;15;1510844169;15;255;1510844186;1
32;16;10;5;4;15;1510844757;15;255;1510844773;1
32;16;10;5;4;15;1510844969;15;255;1510844987;1
32;16;10;5;4;15;1510845181;15;255;1510845188;0
32;16;10;5;4;15;1510845265;15;255;1510845275;0
32;16;10;5;4;15;1510845836;15;255;1510845853;1
32;16;10;5;4;15;1510846254;15;255;1510846264;0
32;16;10;5;4;15;1510846297;15;255;1510846313;1
32;16;10;5;4;15;1510846428;15;255;1510846444;0
32;16;10;5;4;15;1510846877;15;255;1510846894;1
32;16;10;5;4;15;1510847515;15;255;1510847533;1
32;16;10;5;4;15;1510847614;15;255;1510847632;1
32;16;10;5;4;15;1510847662;15;255;1510847679;1
32;16;10;5;4;15;1510847994;15;255;1510848012;1
32;16;10;5;4;15;1510848873;15;255;1510848889;1
32;16;10;5;4;15;1510848939;15;255;1510848950;0
32;16;10;5;4;15;1510849007;15;255;1510849025;1
32;16;10;5;4;15;1510849179;15;255;1510849198;1
32;16;10;5;4;15;1510850112;15;255;1510850123;0
32;16;10;5;4;15;1510850228;15;255;1510850243;0
32;16;10;5;4;15;1510850229;15;255;1510850246;0
32;16;10;5;4;15;1510850450;15;255;1510850469;1
32;16;10;5;4;15;1510851259;15;255;1510851267;0
32;16;10;5;4;15;1510851470;15;255;1510851477;0
32;16;10;5;4;15;1510851541;15;255;1510851557;1
32;16;10;5;4;15;1510851617;15;255;1510851633;1
32;16;10;5;4;15;1510852462;15;255;1510852479;1
32;16;10;5;4;15;1510852652;15;255;1510852668;1
32;16;10;5;4;15;1510852788;15;255;1510852804;1
32;16;10;5;4;15;1510852813;15;255;1510852829;1
32;16;10;5;4;15;1510853592;15;255;1510853609;1
32;16;10;5;4;15;1510853755;15;255;1510853765;0
32;16;10;5;4;15;1510853808;15;255;1510853825;1
32;16;10;5;4;15;1510853869;15;255;1510853886;1
32;16;10;5;4;15;1510854826;15;255;1510854836;0
32;16;10;5;4;15;1510854895;15;255;1510854912;1
32;16;10;5;4;15;1510854906;15;255;1510854923;1
32;16;10;5;4;15;1510854994;15;255;1510855010;1
32;16;10;5;4;15;1510855807;15;255;1510855823;1
32;16;10;5;4;15;1510855895;15;255;1510855911;1
32;16;10;5;4;15;1510856062;15;255;1510856078;1
32;16;10;5;4;15;1510856165;15;255;1510856172;0
32;16;10;5;4;15;1510857001;15;255;1510857018;1
32;16;10;5;4;15;1510857164;15;255;1510857180;1
32;16;10;5;4;15;1510857327;15;255;1510857334;0
32;16;10;5;4;15;1510857441;15;255;1510857458;0
32;16;10;5;4;15;1510858161;15;255;1510858177;1
32;16;10;5;4;15;1510858243;15;255;1510858259;1
32;16;10;5;4;15;1510858351;15;255;1510858368;1
32;16;10;5;4;15;1510858508;15;255;1510858524;0
32;16;10;5;4;15;1510859326;15;255;1510859342;1
32;16;10;5;4;15;1510859342;15;255;1510859358;1
32;16;10;5;4;15;1510859394;15;255;1510859410;1
32;16;10;5;4;15;1510859768;15;255;1510859785;1
32;16;10;5;4;15;1510860333;15;255;1510860349;1
32;16;10;5;4;15;1510860395;15;255;1510860405;0
32;16;10;5;4;15;1510860463;15;255;1510860480;0
32;16;10;5;4;15;1510861014;15;255;1510861027;0
32;16;10;5;4;15;1510861351;15;255;1510861367;1
32;16;10;5;4;15;1510861623;15;255;1510861633;0
32;16;10;5;4;15;1510861657;15;255;1510861673;1
32;16;10;5;4;15;1510862313;15;255;1510862330;1
32;16;10;5;4;15;1510862609;15;255;1510862625;1
32;16;10;5;4;15;1510862705;15;255;1510862721;1
32;16;10;5;4;15;1510862890;15;255;1510862906;1
32;16;10;5;4;15;1510863372;15;255;1510863389;1
32;16;10;5;4;15;1510863703;15;255;1510863720;1
32;16;10;5;4;15;1510863753;15;255;1510863763;0
32;16;10;5;4;15;1510863989;15;255;1510864005;1
32;16;10;5;4;15;1510864545;15;255;1510864562;1
32;16;10;5;4;15;1510864866;15;255;1510864876;0
32;16;10;5;4;15;1510864895;15;255;1510864911;1
32;16;10;5;4;15;1510865182;15;255;1510865199;1
32;16;10;5;4;15;1510865801;15;255;1510865817;1
32;16;10;5;4;15;1510865855;15;255;1510865871;1
32;16;10;5;4;15;1510866133;15;255;1510866140;0
32;16;10;5;4;15;1510866216;15;255;1510866232;1
32;16;10;5;4;15;1510866953;15;255;1510866969;1
32;16;10;5;4;15;1510866998;15;255;1510867015;1
32;16;10;5;4;15;1510867300;15;255;1510867313;0
32;16;10;5;4;15;1510867413;15;255;1510867423;0
32;16;10;5;4;15;1510868095;15;255;1510868111;1
32;16;10;5;4;15;1510868109;15;255;1510868119;0
32;16;10;5;4;15;1510868630;15;255;1510868637;0
32;16;10;5;4;15;1510868649;15;255;1510868665;1
32;16;10;5;4;15;1510869192;15;255;1510869205;0
32;16;10;5;4;15;1510869233;15;255;1510869250;1
32;16;10;5;4;15;1510869690;15;255;1510869706;1
32;16;10;5;4;15;1510869833;15;255;1510869849;1
32;16;10;5;4;15;1510870445;15;255;1510870452;0
32;16;10;5;4;15;1510870459;15;255;1510870476;0
32;16;10;5;4;15;1510870784;15;255;1510870794;0
32;16;10;5;4;15;1510871036;15;255;1510871043;0
32;16;10;5;4;15;1510871542;15;255;1510871558;1
32;16;10;5;4;15;1510871683;15;255;1510871699;1
32;16;10;5;4;15;1510872071;15;255;1510872087;1
32;16;10;5;4;15;1510872218;15;255;1510872234;1
32;16;10;5;4;15;1510872657;15;255;1510872673;1
32;16;10;5;4;15;1510872926;15;255;1510872943;1
32;16;10;5;4;15;1510873210;15;255;1510873226;1
32;16;10;5;4;15;1510873437;15;255;1510873453;1
32;16;10;5;4;15;1510873692;15;255;1510873699;0
32;16;10;5;4;15;1510874136;15;255;1510874152;1
32;16;10;5;4;15;1510874330;15;255;1510874337;0
32;16;10;5;4;15;1510874523;15;255;1510874539;1
32;16;10;5;4;15;1510875007;15;255;1510875014;0
32;16;10;5;4;15;1510875378;15;255;1510875395;0
32;16;10;5;4;15;1510875456;15;255;1510875472;1
32;16;10;5;4;15;1510875779;15;255;1510875786;0
32;16;10;5;4;15;1510876108;15;255;1510876124;1
32;16;10;5;4;15;1510876620;15;255;1510876636;0
32;16;10;5;4;15;1510876649;15;255;1510876662;0
32;16;10;5;4;15;1510877016;15;255;1510877032;1
32;16;10;5;4;15;1510877264;15;255;1510877280;1
32;16;10;5;4;15;1510877710;15;255;1510877726;1
32;16;10;5;4;15;1510877783;15;255;1510877799;1
32;16;10;5;4;15;1510878025;15;255;1510878041;1
32;16;10;5;4;15;1510878597;15;255;1510878604;0
32;16;10;5;4;15;1510878887;15;255;1510878904;1
32;16;10;5;4;15;1510879136;15;255;1510879152;1
32;16;10;5;4;15;1510879286;15;255;1510879303;1
32;16;10;5;4;15;1510879651;15;255;1510879658;0
32;16;10;5;4;15;1510879921;15;255;1510879937;1
32;16;10;5;4;15;1510880433;15;255;1510880450;1
32;16;10;5;4;15;1510880479;15;255;1510880495;1
32;16;10;5;4;15;1510880747;15;255;1510880763;1
32;16;10;5;4;15;1510881156;15;255;1510881169;0
32;16;10;5;4;15;1510881433;15;255;1510881449;1
32;16;10;5;4;15;1510881549;15;255;1510881565;1
32;16;10;5;4;15;1510881939;15;255;1510881955;1
32;16;10;5;4;15;1510882236;15;255;1510882253;0
32;16;10;5;4;15;1510882651;15;255;1510882667;1
32;16;10;5;4;15;1510882815;15;255;1510882831;1
32;16;10;5;4;15;1510883305;15;255;1510883321;1
32;16;10;5;4;15;1510883317;15;255;1510883334;1
32;16;10;5;4;15;1510883793;15;255;1510883809;1
32;16;10;5;4;15;1510883882;15;255;1510883898;1
32;16;10;5;4;15;1510884457;15;255;1510884473;1
32;16;10;5;4;15;1510884638;15;255;1510884654;1
32;16;10;5;4;15;1510884957;15;255;1510884967;0
32;16;10;5;4;15;1510885195;15;255;1510885212;1
32;16;10;5;4;15;1510885503;15;255;1510885519;1
32;16;10;5;4;15;1510885770;15;255;1510885777;0
32;16;10;5;4;15;1510886284;15;255;1510886291;0
32;16;10;5;4;15;1510886436;15;255;1510886453;1
32;16;10;5;4;15;1510886505;15;255;1510886518;0
32;16;10;5;4;15;1510886861;15;255;1510886871;0
32;16;10;5;4;15;1510887436;15;255;1510887452;1
32;16;10;5;4;15;1510887550;15;255;1510887566;1
32;16;10;5;4;15;1510887730;15;255;1510887743;0
32;16;10;5;4;15;1510888083;15;255;1510888099;1
32;16;10;5;4;15;1510888406;15;255;1510888422;1
32;16;10;5;4;15;1510888607;15;255;1510888623;1
32;16;10;5;4;15;1510888896;15;255;1510888912;1
32;16;10;5;4;15;1510889273;15;255;1510889289;1
32;16;10;5;4;15;1510889671;15;255;1510889687;0
32;16;10;5;4;15;1510889753;15;255;1510889769;1
32;16;10;5;4;15;1510890092;15;255;1510890108;1
32;16;10;5;4;15;1510890417;15;255;1510890433;1
32;16;10;5;4;15;1510890929;15;255;1510890945;1
32;16;10;5;4;15;1510890975;15;255;1510890991;0
32;16;10;5;4;15;1510890986;15;255;1510891002;1
32;16;10;5;4;15;1510891674;15;255;1510891691;1
32;16;10;5;4;15;1510892027;15;255;1510892037;0
32;16;10;5;4;15;1510892122;15;255;1510892138;1
32;16;10;5;4;15;1510892171;15;255;1510892178;0
32;16;10;5;4;15;1510892818;15;255;1510892834;1
32;16;10;5;4;15;1510893188;15;255;1510893198;0
32;16;10;5;4;15;1510893248;15;255;1510893264;1
32;16;10;5;4;15;1510893354;15;255;1510893370;1
32;16;10;5;4;15;1510894144;15;255;1510894160;1
32;16;10;5;4;15;1510894170;15;255;1510894177;0
32;16;10;5;4;15;1510894664;15;255;1510894680;1
32;16;10;5;4;15;1510894668;15;255;1510894685;1
32;16;10;5;4;15;1510895230;15;255;1510895246;1
32;16;10;5;4;15;1510895250;15;255;1510895257;0
32;16;10;5;4;15;1510895712;15;255;1510895728;1
32;16;10;5;4;15;1510895859;15;255;1510895875;1
32;16;10;5;4;15;1510896311;15;255;1510896318;0
32;16;10;5;4;15;1510896396;15;255;1510896413;1
32;16;10;5;4;15;1510896756;15;255;1510896770;0
32;16;10;5;4;15;1510896958;15;255;1510896975;1
32;16;10;5;4;15;1510897210;15;255;1510897223;0
32;16;10;5;4;15;1510897280;15;255;1510897290;0
32;16;10;5;4;15;1510898026;15;255;1510898043;1
32;16;10;5;4;15;1510898194;15;255;1510898210;1
32;16;10;5;4;15;1510898220;15;255;1510898236;1
32;16;10;5;4;15;1510898374;15;255;1510898391;0
32;16;10;5;4;15;1510899083;15;255;1510899099;1
32;16;10;5;4;15;1510899444;15;255;1510899457;0
32;16;10;5;4;15;1510899517;15;255;1510899533;1
32;16;10;5;4;15;1510899526;15;255;1510899543;1
32;16;10;5;4;15;1510900309;15;255;1510900319;0
32;16;10;5;4;15;1510900612;15;255;1510900628;1
32;16;10;5;4;15;1510900683;15;255;1510900690;0
32;16;10;5;4;15;1510900780;15;255;1510900793;0
32;16;10;5;4;15;1510901505;15;255;1510901521;0
32;16;10;5;4;15;1510901831;15;255;1510901847;1
32;16;10;5;4;15;1510901889;15;255;1510901899;0
32;16;10;5;4;15;1510901958;15;255;1510901975;1
32;16;10;5;4;15;1510902841;15;255;1510902857;1
32;16;10;5;4;15;1510902846;15;255;1510902862;0
32;16;10;5;4;15;1510902957;15;255;1510902973;1
32;16;10;5;4;15;1510903152;15;255;1510903168;1
32;16;10;5;4;15;1510903900;15;255;1510903917;1
32;16;10;5;4;15;1510904103;15;255;1510904120;1
32;16;10;5;4;15;1510904201;15;255;1510904208;0
32;16;10;5;4;15;1510904384;15;255;1510904401;1
32;16;10;5;4;15;1510905099;15;255;1510905115;1
32;16;10;5;4;15;1510905313;15;255;1510905329;0
32;16;10;5;4;15;1510905390;15;255;1510905406;1
32;16;10;5;4;15;1510905537;15;255;1510905554;1
32;16;10;5;4;15;1510906234;15;255;1510906250;1
32;16;10;5;4;15;1510906503;15;255;1510906516;0
32;16;10;5;4;15;1510906518;15;255;1510906534;1
32;16;10;5;4;15;1510906807;15;255;1510906823;1
32;16;10;5;4;15;1510907388;15;255;1510907404;1
32;16;10;5;4;15;1510907591;15;255;1510907608;1
32;16;10;5;4;15;1510907860;15;255;1510907877;1
32;16;10;5;4;15;1510908045;15;255;1510908061;1
32;16;10;5;4;15;1510908584;15;255;1510908600;1
32;16;10;5;4;15;1510908755;15;255;1510908772;0
32;16;10;5;4;15;1510908945;15;255;1510908955;0
32;16;10;5;4;15;1510909229;15;255;1510909236;0
32;16;10;5;4;15;1510909725;15;255;1510909735;0
32;16;10;5;4;15;1510909903;15;255;1510909919;1
32;16;10;5;4;15;1510910072;15;255;1510910089;1
32;16;10;5;4;15;1510910300;15;255;1510910317;1
32;16;10;5;4;15;1510910987;15;255;1510911003;1
32;16;10;5;4;15;1510911033;15;255;1510911046;0
32;16;10;5;4;15;1510911194;15;255;1510911204;0
32;16;10;5;4;15;1510911637;15;255;1510911653;1
32;16;10;5;4;15;1510912110;15;255;1510912120;0
32;16;10;5;4;15;1510912297;15;255;1510912313;1
32;16;10;5;4;15;1510912713;15;255;1510912723;0
32;16;10;5;4;15;1510912860;15;255;1510912870;0
32;16;10;5;4;15;1510913195;15;255;1510913212;1
32;16;10;5;4;15;1510913327;15;255;1510913343;1
32;16;10;5;4;15;1510914054;15;255;1510914061;0
32;16;10;5;4;15;1510914068;15;255;1510914078;0
32;16;10;5;4;15;1510914447;15;255;1510914463;1
32;16;10;5;4;15;1510914490;15;255;1510914506;1
32;16;10;5;4;15;1510915013;15;255;1510915030;1
32;16;10;5;4;15;1510915176;15;255;1510915192;1
32;16;10;5;4;15;1510915483;15;255;1510915500;1
32;16;10;5;4;15;1510915566;15;255;1510915582;1
32;16;10;5;4;15;1510916180;15;255;1510916196;0
32;16;10;5;4;15;1510916295;15;255;1510916308;0
32;16;10;5;4;15;1510916669;15;255;1510916685;1
32;16;10;5;4;15;1510916688;15;255;1510916698;0
32;16;10;5;4;15;1510917322;15;255;1510917338;1
32;16;10;5;4;15;1510917499;15;255;1510917515;1
32;16;10;5;4;15;1510917908;15;255;1510917924;1
32;16;10;5;4;15;1510917955;15;255;1510917962;0
32;16;10;5;4;15;1510918595;15;255;1510918605;0
32;16;10;5;4;15;1510918742;15;255;1510918758;0
32;16;10;5;4;15;1510919090;15;255;1510919106;1
32;16;10;5;4;15;1510919136;15;255;1510919153;1
32;16;10;5;4;15;1510919775;15;255;1510919792;1
32;16;10;5;4;15;1510919881;15;255;1510919898;1
32;16;10;5;4;15;1510920391;15;255;1510920407;1
32;16;10;5;4;15;1510920432;15;255;1510920448;1
32;16;10;5;4;15;1510920891;15;255;1510920901;0
32;16;10;5;4;15;1510921005;15;255;1510921021;1
32;16;10;5;4;15;1510921626;15;255;1510921643;1
32;16;10;5;4;15;1510921770;15;255;1510921777;0
32;16;10;5;4;15;1510921938;15;255;1510921954;1
32;16;10;5;4;15;1510922014;15;255;1510922030;1
32;16;10;5;4;15;1510922837;15;255;1510922853;1
32;16;10;5;4;15;1510922930;15;255;1510922946;1
32;16;10;5;4;15;1510923096;15;255;1510923102;0
32;16;10;5;4;15;1510923207;15;255;1510923223;1
32;16;10;5;4;15;1510924088;15;255;1510924101;0
32;16;10;5;4;15;1510924131;15;255;1510924141;0
32;16;10;5;4;15;1510924289;15;255;1510924299;0
32;16;10;5;4;15;1510924536;15;255;1510924552;1
32;16;10;5;4;15;1510925096;15;255;1510925112;1
32;16;10;5;4;15;1510925188;15;255;1510925194;0
32;16;10;5;4;15;1510925192;15;255;1510925209;1
32;16;10;5;4;15;1510925501;15;255;1510925518;1
32;16;10;5;4;15;1510926134;15;255;1510926150;1
32;16;10;5;4;15;1510926282;15;255;1510926298;1
32;16;10;5;4;15;1510926348;15;255;1510926365;1
32;16;10;5;4;15;1510926625;15;255;1510926641;1
32;16;10;5;4;15;1510927184;15;255;1510927201;1
32;16;10;5;4;15;1510927398;15;255;1510927414;1
32;16;10;5;4;15;1510927430;15;255;1510927446;1
32;16;10;5;4;15;1510927910;15;255;1510927926;1
32;16;10;5;4;15;1510928408;15;255;1510928425;1
32;16;10;5;4;15;1510928417;15;255;1510928433;1
32;16;10;5;4;15;1510928444;15;255;1510928460;1
32;16;10;5;4;15;1510929205;15;255;1510929221;1
32;16;10;5;4;15;1510929451;15;255;1510929461;0
32;16;10;5;4;15;1510929456;15;255;1510929472;1
32;16;10;5;4;15;1510929507;15;255;1510929523;1
32;16;10;5;4;15;1510930393;15;255;1510930409;1
32;16;10;5;4;15;1510930559;15;255;1510930575;1
32;16;10;5;4;15;1510930638;15;255;1510930655;1
32;16;10;5;4;15;1510930726;15;255;1510930743;1
32;16;10;5;4;15;1510931442;15;255;1510931459;1
32;16;10;5;4;15;1510931824;15;255;1510931840;1
32;16;10;5;4;15;1510931829;15;255;1510931845;1
32;16;10;5;4;15;1510931829;15;255;1510931845;1
32;16;10;5;4;15;1510932634;15;255;1510932641;0
32;16;10;5;4;15;1510932797;15;255;1510932807;0
32;16;10;5;4;15;1510933013;15;255;1510933029;1
32;16;10;5;4;15;1510933153;15;255;1510933169;1
32;16;10;5;4;15;1510933809;15;255;1510933825;1
32;16;10;5;4;15;1510933991;15;255;1510934008;1
32;16;10;5;4;15;1510934203;15;255;1510934219;1
32;16;10;5;4;15;1510934398;15;255;1510934414;1
32;16;10;5;4;15;1510934981;15;255;1510934994;0
32;16;10;5;4;15;1510934982;15;255;1510934995;0
32;16;10;5;4;15;1510935341;15;255;1510935357;1
32;16;10;5;4;15;1510935589;15;255;1510935599;0
32;16;10;5;4;15;1510936145;15;255;1510936161;1
32;16;10;5;4;15;1510936242;15;255;1510936255;0
32;16;10;5;4;15;1510936291;15;255;1510936307;1
32;16;10;5;4;15;1510936875;15;255;1510936888;0
32;16;10;5;4;15;1510937354;15;255;1510937360;0
32;16;10;5;4;15;1510937367;15;255;1510937383;1
32;16;10;5;4;15;1510937370;15;255;1510937386;1
32;16;10;5;4;15;1510937936;15;255;1510937946;0
32;16;10;5;4;15;1510938417;15;255;1510938433;1
32;16;10;5;4;15;1510938518;15;255;1510938534;1
32;16;10;5;4;15;1510938543;15;255;1510938559;1
32;16;10;5;4;15;1510939162;15;255;1510939175;0
32;16;10;5;4;15;1510939508;15;255;1510939524;1
32;16;10;5;4;15;1510939585;15;255;1510939601;1
32;16;10;5;4;15;1510939690;15;255;1510939706;1
32;16;10;5;4;15;1510940385;15;255;1510940398;0
32;16;10;5;4;15;1510940789;15;255;1510940796;0
32;16;10;5;4;15;1510940809;15;255;1510940825;1
32;16;10;5;4;15;1510940883;15;255;1510940899;1
32;16;10;5;4;15;1510941429;15;255;1510941445;1
32;16;10;5;4;15;1510941978;15;255;1510941994;1
32;16;10;5;4;15;1510942065;15;255;1510942081;1
32;16;10;5;4;15;1510942109;15;255;1510942125;1
32;16;10;5;4;15;1510942629;15;255;1510942646;1
32;16;10;5;4;15;1510943044;15;255;1510943057;0
32;16;10;5;4;15;1510943095;15;255;1510943111;1
32;16;10;5;4;15;1510943235;15;255;1510943252;1
32;16;10;5;4;15;1510943886;15;255;1510943893;0
32;16;10;5;4;15;1510944106;15;255;1510944119;0
32;16;10;5;4;15;1510944268;15;255;1510944284;1
32;16;10;5;4;15;1510944272;15;255;1510944289;1
32;16;10;5;4;15;1510945112;15;255;1510945128;1
32;16;10;5;4;15;1510945144;15;255;1510945151;0
32;16;10;5;4;15;1510945410;15;255;1510945426;1
32;16;10;5;4;15;1510945663;15;255;1510945680;1
32;16;10;5;4;15;1510946297;15;255;1510946313;1
32;16;10;5;4;15;1510946364;15;255;1510946380;1
32;16;10;5;4;15;1510946488;15;255;1510946505;1
32;16;10;5;4;15;1510946916;15;255;1510946922;0
32;16;10;5;4;15;1510947410;15;255;1510947427;1
32;16;10;5;4;15;1510947528;15;255;1510947544;1
32;16;10;5;4;15;1510947775;15;255;1510947792;1
32;16;10;5;4;15;1510948185;15;255;1510948196;0
32;16;10;5;4;15;1510948513;15;255;1510948530;0
32;16;10;5;4;15;1510948517;15;255;1510948533;1
32;16;10;5;4;15;1510948722;15;255;1510948738;1
32;16;10;5;4;15;1510949304;15;255;1510949311;0
32;16;10;5;4;15;1510949695;15;255;1510949712;0
32;16;10;5;4;15;1510949720;15;255;1510949736;1
32;16;10;5;4;15;1510949902;15;255;1510949918;1
32;16;10;5;4;15;1510950465;15;255;1510950482;1
32;16;10;5;4;15;1510950790;15;255;1510950806;1
32;16;10;5;4;15;1510951012;15;255;1510951028;1
32;16;10;5;4;15;1510951118;15;255;1510951125;0
32;16;10;5;4;15;1510951704;15;255;1510951721;1
32;16;10;5;4;15;1510951881;15;255;1510951888;0
32;16;10;5;4;15;1510952002;15;255;1510952019;1
32;16;10;5;4;15;1510952433;15;255;1510952449;1
32;16;10;5;4;15;1510952844;15;255;1510952860;1
32;16;10;5;4;15;1510952984;15;255;1510952994;0
32;16;10;5;4;15;1510953074;15;255;1510953090;1
32;16;10;5;4;15;1510953535;15;255;1510953551;1
32;16;10;5;4;15;1510954011;15;255;1510954028;1
32;16;10;5;4;15;1510954172;15;255;1510954188;1
32;16;10;5;4;15;1510954253;15;255;1510954269;1
32;16;10;5;4;15;1510954531;15;255;1510954548;1
32;16;10;5;4;15;1510955172;15;255;1510955188;1
32;16;10;5;4;15;1510955217;15;255;1510955233;0
32;16;10;5;4;15;1510955438;15;255;1510955445;0
32;16;10;5;4;15;1510955651;15;255;1510955667;1
32;16;10;5;4;15;1510956203;15;255;1510956219;1
32;16;10;5;4;15;1510956250;15;255;1510956266;1
32;16;10;5;4;15;1510956465;15;255;1510956482;1
32;16;10;5;4;15;1510956890;15;255;1510956900;0
32;16;10;5;4;15;1510957287;15;255;1510957304;1
32;16;10;5;4;15;1510957479;15;255;1510957495;1
32;16;10;5;4;15;1510957658;15;255;1510957674;0
32;16;10;5;4;15;1510958039;15;255;1510958056;1
32;16;10;5;4;15;1510958399;15;255;1510958416;1
32;16;10;5;4;15;1510958614;15;255;1510958631;1
32;16;10;5;4;15;1510958658;15;255;1510958668;0
32;16;10;5;4;15;1510959301;15;255;1510959318;1
32;16;10;5;4;15;1510959634;15;255;1510959650;1
32;16;10;5;4;15;1510959817;15;255;1510959830;0
32;16;10;5;4;15;1510959890;15;255;1510959907;1
32;16;10;5;4;15;1510960531;15;255;1510960548;1
32;16;10;5;4;15;1510960851;15;255;1510960868;1
32;16;10;5;4;15;1510960873;15;255;1510960889;1
32;16;10;5;4;15;1510961069;15;255;1510961085;1
32;16;10;5;4;15;1510961649;15;255;1510961665;1
32;16;10;5;4;15;1510962018;15;255;1510962028;0
32;16;10;5;4;15;1510962098;15;255;1510962114;1
32;16;10;5;4;15;1510962175;15;255;1510962192;1
32;16;10;5;4;15;1510962760;15;255;1510962777;1
32;16;10;5;4;15;1510962987;15;255;1510963004;1
32;16;10;5;4;15;1510963310;15;255;1510963326;1
32;16;10;5;4;15;1510963316;15;255;1510963333;1
32;16;10;5;4;15;1510963983;15;255;1510963999;1
32;16;10;5;4;15;1510964234;15;255;1510964251;1
32;16;10;5;4;15;1510964473;15;255;1510964490;0
32;16;10;5;4;15;1510964646;15;255;1510964656;0
32;16;10;5;4;15;1510965146;15;255;1510965163;1
32;16;10;5;4;15;1510965411;15;255;1510965428;1
32;16;10;5;4;15;1510965645;15;255;1510965662;1
32;16;10;5;4;15;1510965953;15;255;1510965960;0
32;16;10;5;4;15;1510966113;15;255;1510966130;1
32;16;10;5;4;15;1510966689;15;255;1510966706;1
32;16;10;5;4;15;1510966815;15;255;1510966832;1
32;16;10;5;4;15;1510967088;15;255;1510967105;0
32;16;10;5;4;15;1510967228;15;255;1510967244;1
32;16;10;5;4;15;1510967907;15;255;1510967923;1
32;16;10;5;4;15;1510967988;15;255;1510968005;1
32;16;10;5;4;15;1510968205;15;255;1510968221;1
32;16;10;5;4;15;1510968503;15;255;1510968516;0
32;16;10;5;4;15;1510969058;15;255;1510969074;0
32;16;10;5;4;15;1510969215;15;255;1510969231;1
32;16;10;5;4;15;1510969454;15;255;1510969471;1
32;16;10;5;4;15;1510969715;15;255;1510969731;1
32;16;10;5;4;15;1510970208;15;255;1510970225;1
32;16;10;5;4;15;1510970435;15;255;1510970451;1
32;16;10;5;4;15;1510970595;15;255;1510970605;0
32;16;10;5;4;15;1510970976;15;255;1510970986;0
32;16;10;5;4;15;1510971577;15;255;1510971594;1
32;16;10;5;4;15;1510971798;15;255;1510971814;1
32;16;10;5;4;15;1510971822;15;255;1510971838;1
32;16;10;5;4;15;1510972085;15;255;1510972101;1
32;16;10;5;4;15;1510972771;15;255;1510972788;1
32;16;10;5;4;15;1510972937;15;255;1510972953;1
32;16;10;5;4;15;1510973151;15;255;1510973167;1
32;16;10;5;4;15;1510973266;15;255;1510973282;1
32;16;10;5;4;15;1510973754;15;255;1510973771;1
32;16;10;5;4;15;1510974100;15;255;1510974113;0
32;16;10;5;4;15;1510974352;15;255;1510974368;1
32;16;10;5;4;15;1510974374;15;255;1510974391;1
32;16;10;5;4;15;1510974787;15;255;1510974794;0
32;16;10;5;4;15;1510975177;15;255;1510975193;1
32;16;10;5;4;15;1510975361;15;255;1510975371;0
32;16;10;5;4;15;1510975644;15;255;1510975661;0
32;16;10;5;4;15;1510975944;15;255;1510975954;0
32;16;10;5;4;15;1510976458;15;255;1510976474;1
32;16;10;5;4;15;1510976478;15;255;1510976494;1
32;16;10;5;4;15;1510976733;15;255;1510976743;0
32;16;10;5;4;15;1510977244;15;255;1510977258;0
32;16;10;5;4;15;1510977480;15;255;1510977487;0
32;16;10;5;4;15;1510977507;15;255;1510977523;1
32;16;10;5;4;15;1510978016;15;255;1510978033;1
32;16;10;5;4;15;1510978506;15;255;1510978522;1
32;16;10;5;4;15;1510978592;15;255;1510978605;0
32;16;10;5;4;15;1510978695;15;255;1510978712;0
32;16;10;5;4;15;1510979201;15;255;1510979218;1
32;16;10;5;4;15;1510979713;15;255;1510979730;1
32;16;10;5;4;15;1510979802;15;255;1510979818;1
32;16;10;5;4;15;1510979951;15;255;1510979968;0
32;16;10;5;4;15;1510980400;15;255;1510980413;0
32;16;10;5;4;15;1510980868;15;255;1510980884;1
32;16;10;5;4;15;1510981059;15;255;1510981075;1
32;16;10;5;4;15;1510981104;15;255;1510981121;1
32;16;10;5;4;15;1510981574;15;255;1510981590;1
32;16;10;5;4;15;1510981978;15;255;1510981995;1
32;16;10;5;4;15;1510982091;15;255;1510982107;1
32;16;10;5;4;15;1510982244;15;255;1510982260;1
32;16;10;5;4;15;1510982578;15;255;1510982588;0
32;16;10;5;4;15;1510983103;15;255;1510983120;1
32;16;10;5;4;15;1510983240;15;255;1510983256;1
32;16;10;5;4;15;1510983513;15;255;1510983529;1
32;16;10;5;4;15;1510983520;15;255;1510983537;1
32;16;10;5;4;15;1510984260;15;255;1510984273;0
32;16;10;5;4;15;1510984336;15;255;1510984349;0
32;16;10;5;4;15;1510984714;15;255;1510984730;1
32;16;10;5;4;15;1510984730;15;255;1510984746;1
32;16;10;5;4;15;1510985422;15;255;1510985428;0
32;16;10;5;4;15;1510985527;15;255;1510985534;0
32;16;10;5;4;15;1510985740;15;255;1510985757;1
32;16;10;5;4;15;1510985899;15;255;1510985909;0
32;16;10;5;4;15;1510986492;15;255;1510986508;1
32;16;10;5;4;15;1510986611;15;255;1510986628;1
32;16;10;5;4;15;1510986732;15;255;1510986739;0
32;16;10;5;4;15;1510987148;15;255;1510987155;0
32;16;10;5;4;15;1510987542;15;255;1510987549;0
32;16;10;5;4;15;1510987827;15;255;1510987840;0
32;16;10;5;4;15;1510987958;15;255;1510987974;0
32;16;10;5;4;15;1510988350;15;255;1510988366;1
32;16;10;5;4;15;1510988821;15;255;1510988834;0
32;16;10;5;4;15;1510988934;15;255;1510988950;1
32;16;10;5;4;15;1510989008;15;255;1510989025;0
32;16;10;5;4;15;1510989655;15;255;1510989668;0
32;16;10;5;4;15;1510990041;15;255;1510990057;1
32;16;10;5;4;15;1510990052;15;255;1510990059;0
32;16;10;5;4;15;1510990115;15;255;1510990128;0
32;16;10;5;4;15;1510990775;15;255;1510990791;1
32;16;10;5;4;15;1510991173;15;255;1510991180;0
32;16;10;5;4;15;1510991247;15;255;1510991254;0
32;16;10;5;4;15;1510991349;15;255;1510991365;1
32;16;10;5;4;15;1510991865;15;255;1510991881;1
32;16;10;5;4;15;1510992312;15;255;1510992329;1
32;16;10;5;4;15;1510992481;15;255;1510992497;1
32;16;10;5;4;15;1510992521;15;255;1510992537;1
32;16;10;5;4;15;1510993085;15;255;1510993101;1
32;16;10;5;4;15;1510993447;15;255;1510993464;1
32;16;10;5;4;15;1510993698;15;255;1510993714;1
32;16;10;5;4;15;1510993765;15;255;1510993781;1
32;16;10;5;4;15;1510994260;15;255;1510994277;1
32;16;10;5;4;15;1510994671;15;255;1510994688;1
32;16;10;5;4;15;1510994781;15;255;1510994797;1
32;16;10;5;4;15;1510994930;15;255;1510994944;0
32;16;10;5;4;15;1510995430;15;255;1510995447;1
32;16;10;5;4;15;1510995944;15;255;1510995951;0
32;16;10;5;4;15;1510996041;15;255;1510996057;1
32;16;10;5;4;15;1510996098;15;255;1510996115;1
32;16;10;5;4;15;1510996552;15;255;1510996568;1
32;16;10;5;4;15;1510997101;15;255;1510997117;1
32;16;10;5;4;15;1510997181;15;255;1510997194;0
32;16;10;5;4;15;1510997363;15;255;1510997373;0
32;16;10;5;4;15;1510997850;15;255;1510997867;0
32;16;10;5;4;15;1510998122;15;255;1510998138;1
32;16;10;5;4;15;1510998304;15;255;1510998321;1
32;16;10;5;4;15;1510998461;15;255;1510998471;0
32;16;10;5;4;15;1510999098;15;255;1510999114;1
32;16;10;5;4;15;1510999301;15;255;1510999318;1
32;16;10;5;4;15;1510999375;15;255;1510999385;0
32;16;10;5;4;15;1510999567;15;255;1510999583;0
32;16;10;5;4;15;1511000253;15;255;1511000260;0
32;16;10;5;4;15;1511000461;15;255;1511000477;1
32;16;10;5;4;15;1511000530;15;255;1511000546;1
32;16;10;5;4;15;1511000662;15;255;1511000668;0
32;16;10;5;4;15;1511001431;15;255;1511001447;0
32;16;10;5;4;15;1511001605;15;255;1511001621;0
32;16;10;5;4;15;1511001870;15;255;1511001887;1
32;16;10;5;4;15;1511001958;15;255;1511001974;1
32;16;10;5;4;15;1511002607;15;255;1511002624;1
32;16;10;5;4;15;1511002901;15;255;1511002917;1
32;16;10;5;4;15;1511003162;15;255;1511003178;1
32;16;10;5;4;15;1511003226;15;255;1511003233;0
32;16;10;5;4;15;1511003852;15;255;1511003859;0
32;16;10;5;4;15;1511004002;15;255;1511004019;1
32;16;10;5;4;15;1511004278;15;255;1511004285;0
32;16;10;5;4;15;1511004282;15;255;1511004292;0
32;16;10;5;4;15;1511005052;15;255;1511005069;1
32;16;10;5;4;15;1511005116;15;255;1511005132;1
32;16;10;5;4;15;1511005536;15;255;1511005552;1
32;16;10;5;4;15;1511005638;15;255;1511005655;1
32;16;10;5;4;15;1511006105;15;255;1511006121;1
32;16;10;5;4;15;1511006290;15;255;1511006300;0
32;16;10;5;4;15;1511006548;15;255;1511006564;1
32;16;10;5;4;15;1511006866;15;255;1511006882;1
32;16;10;5;4;15;1511007121;15;255;1511007138;1
32;16;10;5;4;15;1511007711;15;255;1511007727;1
32;16;10;5;4;15;1511007809;15;255;1511007826;1
32;16;10;5;4;15;1511008148;15;255;1511008165;1
32;16;10;5;4;15;1511008312;15;255;1511008322;0
32;16;10;5;4;15;1511008894;15;255;1511008910;1
32;16;10;5;4;15;1511009071;15;255;1511009087;1
32;16;10;5;4;15;1511009404;15;255;1511009420;1
32;16;10;5;4;15;1511009436;15;255;1511009452;1
32;16;10;5;4;15;1511009808;15;255;1511009825;1
32;16;10;5;4;15;1511010188;15;255;1511010194;0
32;16;10;5;4;15;1511010470;15;255;1511010486;1
32;16;10;5;4;15;1511010523;15;255;1511010533;0
32;16;10;5;4;15;1511010886;15;255;1511010896;0
32;16;10;5;4;15;1511011437;15;255;1511011454;1
32;16;10;5;4;15;1511011565;15;255;1511011581;1
32;16;10;5;4;15;1511011572;15;255;1511011588;0
32;16;10;5;4;15;1511012182;15;255;1511012198;0
32;16;10;5;4;15;1511012620;15;255;1511012627;0
32;16;10;5;4;15;1511012643;15;255;1511012659;1
32;16;10;5;4;15;1511012724;15;255;1511012737;0
32;16;10;5;4;15;1511013440;15;255;1511013456;1
32;16;10;5;4;15;1511013694;15;255;1511013704;0
32;16;10;5;4;15;1511013729;15;255;1511013735;0
32;16;10;5;4;15;1511013819;15;255;1511013829;0
32;16;10;5;4;15;1511014590;15;255;1511014607;1
32;16;10;5;4;15;1511014719;15;255;1511014736;1
32;16;10;5;4;15;1511014954;15;255;1511014970;1
32;16;10;5;4;15;1511015071;15;255;1511015084;0
32;16;10;5;4;15;1511015881;15;255;1511015898;1
32;16;10;5;4;15;1511016032;15;255;1511016048;1
32;16;10;5;4;15;1511016054;15;255;1511016070;1
32;16;10;5;4;15;1511016145;15;255;1511016161;1
32;16;10;5;4;15;1511017066;15;255;1511017083;1
32;16;10;5;4;15;1511017112;15;255;1511017122;0
32;16;10;5;4;15;1511017153;15;255;1511017163;0
32;16;10;5;4;15;1511017382;15;255;1511017399;1
32;16;10;5;4;15;1511018233;15;255;1511018243;0
32;16;10;5;4;15;1511018431;15;255;1511018448;1
32;16;10;5;4;15;1511018433;15;255;1511018450;1
32;16;10;5;4;15;1511018497;15;255;1511018514;1
32;16;10;5;4;15;1511019259;15;255;1511019275;1
32;16;10;5;4;15;1511019584;15;255;1511019601;1
32;16;10;5;4;15;1511019627;15;255;1511019634;0
32;16;10;5;4;15;1511019620;15;255;1511019636;1
32;16;10;5;4;15;1511020385;15;255;1511020401;1
32;16;10;5;4;15;1511020765;15;255;1511020781;1
32;16;10;5;4;15;1511020842;15;255;1511020859;1
32;16;10;5;4;15;1511020875;15;255;1511020892;1
32;16;10;5;4;15;1511021595;15;255;1511021602;0
32;16;10;5;4;15;1511021924;15;255;1511021940;1
32;16;10;5;4;15;1511021952;15;255;1511021959;0
32;16;10;5;4;15;1511022124;15;255;1511022140;1
32;16;10;5;4;15;1511022674;15;255;1511022691;1
32;16;10;5;4;15;1511022983;15;255;1511022999;1
32;16;10;5;4;15;1511023299;15;255;1511023315;1
32;16;10;5;4;15;1511023360;15;255;1511023370;0
32;16;10;5;4;15;1511023970;15;255;1511023986;1
32;16;10;5;4;15;1511024136;15;255;1511024152;0
32;16;10;5;4;15;1511024415;15;255;1511024432;1
32;16;10;5;4;15;1511024633;15;255;1511024649;1
32;16;10;5;4;15;1511025035;15;255;1511025048;0
32;16;10;5;4;15;1511025289;15;255;1511025306;1
32;16;10;5;4;15;1511025478;15;255;1511025494;1
32;16;10;5;4;15;1511025768;15;255;1511025778;0
32;16;10;5;4;15;1511026105;15;255;1511026122;1
32;16;10;5;4;15;1511026292;15;255;1511026309;1
32;16;10;5;4;15;1511026552;15;255;1511026558;0
32;16;10;5;4;15;1511026800;15;255;1511026816;1
32;16;10;5;4;15;1511027337;15;255;1511027353;1
32;16;10;5;4;15;1511027594;15;255;1511027611;1
32;16;10;5;4;15;1511027784;15;255;1511027800;1
32;16;10;5;4;15;1511027918;15;255;1511027931;0
32;16;10;5;4;15;1511028460;15;255;1511028477;1
32;16;10;5;4;15;1511028827;15;255;1511028837;0
32;16;10;5;4;15;1511028950;15;255;1511028963;0
32;16;10;5;4;15;1511029144;15;255;1511029160;1
32;16;10;5;4;15;1511029628;15;255;1511029641;0
32;16;10;5;4;15;1511030022;15;255;1511030029;0
32;16;10;5;4;15;1511030114;15;255;1511030127;0
32;16;10;5;4;15;1511030578;15;255;1511030594;1
32;16;10;5;4;15;1511030718;15;255;1511030731;0
32;16;10;5;4;15;1511031117;15;255;1511031133;1
32;16;10;5;4;15;1511031315;15;255;1511031331;1
32;16;10;5;4;15;1511031779;15;255;1511031795;1
32;16;10;5;4;15;1511031854;15;255;1511031871;1
32;16;10;5;4;15;1511032202;15;255;1511032218;1
32;16;10;5;4;15;1511032597;15;255;1511032607;0
32;16;10;5;4;15;1511032906;15;255;1511032923;1
32;16;10;5;4;15;1511032942;15;255;1511032958;1
32;16;10;5;4;15;1511033315;15;255;1511033331;0
32;16;10;5;4;15;1511033704;15;255;1511033721;1
32;16;10;5;4;15;1511034179;15;255;1511034195;1
32;16;10;5;4;15;1511034243;15;255;1511034256;0
32;16;10;5;4;15;1511034308;15;255;1511034324;1
32;16;10;5;4;15;1511035000;15;255;1511035016;1
32;16;10;5;4;15;1511035394;15;255;1511035404;0
32;16;10;5;4;15;1511035398;15;255;1511035405;0
32;16;10;5;4;15;1511035596;15;255;1511035612;1
32;16;10;5;4;15;1511036209;15;255;1511036225;1
32;16;10;5;4;15;1511036481;15;255;1511036497;1
32;16;10;5;4;15;1511036650;15;255;1511036666;1
32;16;10;5;4;15;1511036747;15;255;1511036764;1
32;16;10;5;4;15;1511037434;15;255;1511037447;0
32;16;10;5;4;15;1511037634;15;255;1511037650;1
32;16;10;5;4;15;1511037723;15;255;1511037740;1
32;16;10;5;4;15;1511037802;15;255;1511037812;0
32;16;10;5;4;15;1511038577;15;255;1511038587;0
32;16;10;5;4;15;1511038668;15;255;1511038684;1
32;16;10;5;4;15;1511038840;15;255;1511038848;0
32;16;10;5;4;15;1511038979;15;255;1511038985;0
32;16;10;5;4;15;1511039695;15;255;1511039711;1
32;16;10;5;4;15;1511039793;15;255;1511039803;0
32;16;10;5;4;15;1511039955;15;255;1511039971;1
32;16;10;5;4;15;1511040037;15;255;1511040053;1
32;16;10;5;4;15;1511040941;15;255;1511040957;1
32;16;10;5;4;15;1511040961;15;255;1511040977;1
32;16;10;5;4;15;1511041059;15;255;1511041076;1
32;16;10;5;4;15;1511041175;15;255;1511041191;0
32;16;10;5;4;15;1511041999;15;255;1511042015;1
32;16;10;5;4;15;1511042103;15;255;1511042120;1
32;16;10;5;4;15;1511042328;15;255;1511042344;1
32;16;10;5;4;15;1511042342;15;255;1511042352;0
32;16;10;5;4;15;1511043310;15;255;1511043326;1
32;16;10;5;4;15;1511043368;15;255;1511043385;1
32;16;10;5;4;15;1511043429;15;255;1511043446;1
32;16;10;5;4;15;1511043670;15;255;1511043687;0
32;16;10;5;4;15;1511044405;15;255;1511044422;1
32;16;10;5;4;15;1511044548;15;255;1511044554;0
32;16;10;5;4;15;1511044630;15;255;1511044643;0
32;16;10;5;4;15;1511044704;15;255;1511044720;1
32;16;10;5;4;15;1511045620;15;255;1511045637;1
32;16;10;5;4;15;1511045659;15;255;1511045672;0
32;16;10;5;4;15;1511045778;15;255;1511045795;1
32;16;10;5;4;15;1511045821;15;255;1511045837;1
32;16;10;5;4;15;1511046724;15;255;1511046731;0
32;16;10;5;4;15;1511046778;15;255;1511046794;1
32;16;10;5;4;15;1511046851;15;255;1511046868;1
32;16;10;5;4;15;1511046908;15;255;1511046915;0
32;16;10;5;4;15;1511047888;15;255;1511047902;0
32;16;10;5;4;15;1511047963;15;255;1511047970;0
32;16;10;5;4;15;1511047995;15;255;1511048012;1
32;16;10;5;4;15;1511048075;15;255;1511048091;1
32;16;10;5;4;15;1511049102;15;255;1511049112;0
32;16;10;5;4;15;1511049174;15;255;1511049190;1
32;16;10;5;4;15;1511049239;15;255;1511049252;0
32;16;10;5;4;15;1511049252;15;255;1511049259;0
32;16;10;5;4;15;1511050204;15;255;1511050215;0
32;16;10;5;4;15;1511050372;15;255;1511050389;1
32;16;10;5;4;15;1511050429;15;255;1511050446;1
32;16;10;5;4;15;1511050446;15;255;1511050463;1
32;16;10;5;4;15;1511051325;15;255;1511051332;0
32;16;10;5;4;15;1511051380;15;255;1511051396;1
32;16;10;5;4;15;1511051534;15;255;1511051550;1
32;16;10;5;4;15;1511051592;15;255;1511051609;0
32;16;10;5;4;15;1511052401;15;255;1511052417;1
32;16;10;5;4;15;1511052551;15;255;1511052568;1
32;16;10;5;4;15;1511052639;15;255;1511052655;1
32;16;10;5;4;15;1511052811;15;255;1511052827;1
32;16;10;5;4;15;1511053676;15;255;1511053686;0
32;16;10;5;4;15;1511053683;15;255;1511053700;1
32;16;10;5;4;15;1511053783;15;255;1511053790;0
32;16;10;5;4;15;1511053916;15;255;1511053933;1
32;16;10;5;4;15;1511054723;15;255;1511054733;0
32;16;10;5;4;15;1511054754;15;255;1511054771;1
32;16;10;5;4;15;1511054983;15;255;1511054999;1
32;16;10;5;4;15;1511055065;15;255;1511055081;1
32;16;10;5;4;15;1511055883;15;255;1511055899;1
32;16;10;5;4;15;1511056041;15;255;1511056057;0
32;16;10;5;4;15;1511056118;15;255;1511056128;0
32;16;10;5;4;15;1511056119;15;255;1511056135;1
32;16;10;5;4;15;1511057008;15;255;1511057025;1
32;16;10;5;4;15;1511057183;15;255;1511057199;1
32;16;10;5;4;15;1511057253;15;255;1511057270;1
32;16;10;5;4;15;1511057340;15;255;1511057353;0
32;16;10;5;4;15;1511058222;15;255;1511058229;0
32;16;10;5;4;15;1511058229;15;255;1511058246;1
32;16;10;5;4;15;1511058428;15;255;1511058445;1
32;16;10;5;4;15;1511058575;15;255;1511058582;0
32;16;10;5;4;15;1511059396;15;255;1511059412;1
32;16;10;5;4;15;1511059520;15;255;1511059537;1
32;16;10;5;4;15;1511059670;15;255;1511059687;1
32;16;10;5;4;15;1511060025;15;255;1511060041;0
32;16;10;5;4;15;1511060513;15;255;1511060529;1
32;16;10;5;4;15;1511060536;15;255;1511060553;1
32;16;10;5;4;15;1511060776;15;255;1511060786;0
32;16;10;5;4;15;1511061285;15;255;1511061295;0
32;16;10;5;4;15;1511061692;15;255;1511061699;0
32;16;10;5;4;15;1511061806;15;255;1511061822;0
32;16;10;5;4;15;1511061815;15;255;1511061832;1
32;16;10;5;4;15;1511062316;15;255;1511062332;1
32;16;10;5;4;15;1511062864;15;255;1511062881;1
32;16;10;5;4;15;1511062927;15;255;1511062941;0
32;16;10;5;4;15;1511063088;15;255;1511063098;0
32;16;10;5;4;15;1511063569;15;255;1511063576;0
32;16;10;5;4;15;1511063949;15;255;1511063965;1
32;16;10;5;4;15;1511064169;15;255;1511064186;1
32;16;10;5;4;15;1511064222;15;255;1511064238;1
32;16;10;5;4;15;1511064540;15;255;1511064556;1
32;16;10;5;4;15;1511065057;15;255;1511065074;1
32;16;10;5;4;15;1511065299;15;255;1511065315;1
32;16;10;5;4;15;1511065497;15;255;1511065507;0
32;16;10;5;4;15;1511065684;15;255;1511065701;1
32;16;10;5;4;15;1511066154;15;255;1511066171;0
32;16;10;5;4;15;1511066305;15;255;1511066315;0
32;16;10;5;4;15;1511066571;15;255;1511066581;0
32;16;10;5;4;15;1511066975;15;255;1511066992;1
32;16;10;5;4;15;1511067233;15;255;1511067240;0
32;16;10;5;4;15;1511067582;15;255;1511067598;1
32;16;10;5;4;15;1511067676;15;255;1511067693;1
32;16;10;5;4;15;1511068027;15;255;1511068034;0
32;16;10;5;4;15;1511068492;15;255;1511068509;0
32;16;10;5;4;15;1511068503;15;255;1511068513;0
32;16;10;5;4;15;1511068670;15;255;1511068686;0
32;16;10;5;4;15;1511069264;15;255;1511069274;0
32;16;10;5;4;15;1511069550;15;255;1511069566;0
32;16;10;5;4;15;1511069589;15;255;1511069602;0
32;16;10;5;4;15;1511069862;15;255;1511069879;1
32;16;10;5;4;15;1511070355;15;255;1511070372;1
32;16;10;5;4;15;1511070639;15;255;1511070655;1
32;16;10;5;4;15;1511070669;15;255;1511070685;1
32;16;10;5;4;15;1511070927;15;255;1511070943;1
32;16;10;5;4;15;1511071633;15;255;1511071640;0
32;16;10;5;4;15;1511071680;15;255;1511071696;1
32;16;10;5;4;15;1511071913;15;255;1511071923;0
32;16;10;5;4;15;1511072084;15;255;1511072097;0
32;16;10;5;4;15;1511072730;15;255;1511072747;1
32;16;10;5;4;15;1511072925;15;255;1511072935;0
32;16;10;5;4;15;1511072949;15;255;1511072966;1
32;16;10;5;4;15;1511073349;15;255;1511073362;0
32;16;10;5;4;15;1511073892;15;255;1511073908;1
32;16;10;5;4;15;1511073973;15;255;1511073989;1
32;16;10;5;4;15;1511074096;15;255;1511074112;1
32;16;10;5;4;15;1511074563;15;255;1511074580;1
32;16;10;5;4;15;1511075020;15;255;1511075030;0
32;16;10;5;4;15;1511075085;15;255;1511075092;0
32;16;10;5;4;15;1511075228;15;255;1511075235;0
32;16;10;5;4;15;1511075670;15;255;1511075680;0
32;16;10;5;4;15;1511076031;15;255;1511076048;0
32;16;10;5;4;15;1511076287;15;255;1511076303;1
32;16;10;5;4;15;1511076342;15;255;1511076358;1
32;16;10;5;4;15;1511076857;15;255;1511076873;1
32;16;10;5;4;15;1511077345;15;255;1511077361;1
32;16;10;5;4;15;1511077528;15;255;1511077544;1
32;16;10;5;4;15;1511077568;15;255;1511077585;1
32;16;10;5;4;15;1511077932;15;255;1511077949;1
32;16;10;5;4;15;1511078413;15;255;1511078429;1
32;16;10;5;4;15;1511078625;15;255;1511078641;1
32;16;10;5;4;15;1511078684;15;255;1511078691;0
32;16;10;5;4;15;1511079146;15;255;1511079153;0
32;16;10;5;4;15;1511079417;15;255;1511079433;0
32;16;10;5;4;15;1511079873;15;255;1511079890;0
32;16;10;5;4;15;1511079943;15;255;1511079959;1
32;16;10;5;4;15;1511080308;15;255;1511080318;0
32;16;10;5;4;15;1511080637;15;255;1511080654;1
32;16;10;5;4;15;1511080986;15;255;1511081003;1
32;16;10;5;4;15;1511081120;15;255;1511081137;0
32;16;10;5;4;15;1511081569;15;255;1511081585;1
32;16;10;5;4;15;1511081594;15;255;1511081607;0
32;16;10;5;4;15;1511082205;15;255;1511082221;1
32;16;10;5;4;15;1511082406;15;255;1511082420;0
32;16;10;5;4;15;1511082667;15;255;1511082683;0
32;16;10;5;4;15;1511082780;15;255;1511082793;0
32;16;10;5;4;15;1511083316;15;255;1511083323;0
32;16;10;5;4;15;1511083621;15;255;1511083637;1
32;16;10;5;4;15;1511083850;15;255;1511083867;1
32;16;10;5;4;15;1511083918;15;255;1511083934;1
32;16;10;5;4;15;1511084383;15;255;1511084399;1
32;16;10;5;4;15;1511084622;15;255;1511084639;0
32;16;10;5;4;15;1511084901;15;255;1511084914;0
32;16;10;5;4;15;1511085026;15;255;1511085042;1
32;16;10;5;4;15;1511085370;15;255;1511085386;1
32;16;10;5;4;15;1511085869;15;255;1511085883;0
32;16;10;5;4;15;1511085930;15;255;1511085940;0
32;16;10;5;4;15;1511086299;15;255;1511086315;1
32;16;10;5;4;15;1511086472;15;255;1511086488;1
32;16;10;5;4;15;1511086981;15;255;1511086997;1
32;16;10;5;4;15;1511087175;15;255;1511087191;1
32;16;10;5;4;15;1511087619;15;255;1511087629;0
32;16;10;5;4;15;1511087688;15;255;1511087705;1
32;16;10;5;4;15;1511088077;15;255;1511088084;0
32;16;10;5;4;15;1511088490;15;255;1511088503;0
32;16;10;5;4;15;1511088793;15;255;1511088810;1
32;16;10;5;4;15;1511088794;15;255;1511088811;1
32;16;10;5;4;15;1511089105;15;255;1511089121;1
32;16;10;5;4;15;1511089624;15;255;1511089634;0
32;16;10;5;4;15;1511090007;15;255;1511090023;1
32;16;10;5;4;15;1511090018;15;255;1511090034;1
32;16;10;5;4;15;1511090393;15;255;1511090409;1
32;16;10;5;4;15;1511090936;15;255;1511090946;0
32;16;10;5;4;15;1511091146;15;255;1511091153;0
32;16;10;5;4;15;1511091357;15;255;1511091374;0
32;16;10;5;4;15;1511091602;15;255;1511091618;1
32;16;10;5;4;15;1511092068;15;255;1511092085;1
32;16;10;5;4;15;1511092169;15;255;1511092186;1
32;16;10;5;4;15;1511092507;15;255;1511092523;1
32;16;10;5;4;15;1511092715;15;255;1511092732;1
32;16;10;5;4;15;1511093236;15;255;1511093252;1
32;16;10;5;4;15;1511093354;15;255;1511093370;1
32;16;10;5;4;15;1511093697;15;255;1511093714;1
32;16;10;5;4;15;1511093843;15;255;1511093859;1
32;16;10;5;4;15;1511094382;15;255;1511094399;1
32;16;10;5;4;15;1511094546;15;255;1511094563;1
32;16;10;5;4;15;1511094812;15;255;1511094828;1
32;16;10;5;4;15;1511095093;15;255;1511095100;0
32;16;10;5;4;15;1511095501;15;255;1511095518;1
32;16;10;5;4;15;1511095654;15;255;1511095671;1
32;16;10;5;4;15;1511095874;15;255;1511095881;0
32;16;10;5;4;15;1511096272;15;255;1511096285;0
32;16;10;5;4;15;1511096639;15;255;1511096655;1
32;16;10;5;4;15;1511097007;15;255;1511097023;1
32;16;10;5;4;15;1511097066;15;255;1511097083;1
32;16;10;5;4;15;1511097608;15;255;1511097624;0
32;16;10;5;4;15;1511097764;15;255;1511097781;1
32;16;10;5;4;15;1511098006;15;255;1511098022;1
32;16;10;5;4;15;1511098120;15;255;1511098136;1
32;16;10;5;4;15;1511098723;15;255;1511098739;1
32;16;10;5;4;15;1511099023;15;255;1511099039;1
32;16;10;5;4;15;1511099312;15;255;1511099329;1
32;16;10;5;4;15;1511099325;15;255;1511099341;1
32;16;10;5;4;15;1511099988;15;255;1511100001;0
32;16;10;5;4;15;1511100146;15;255;1511100162;1
32;16;10;5;4;15;1511100463;15;255;1511100479;1
32;16;10;5;4;15;1511100551;15;255;1511100558;0
32;16;10;5;4;15;1511101103;15;255;1511101120;0
32;16;10;5;4;15;1511101343;15;255;1511101359;1
32;16;10;5;4;15;1511101580;15;255;1511101597;1
32;16;10;5;4;15;1511101675;15;255;1511101692;1
32;16;10;5;4;15;1511102210;15;255;1511102226;1
32;16;10;5;4;15;1511102514;15;255;1511102531;1
32;16;10;5;4;15;1511102658;15;255;1511102674;1
32;16;10;5;4;15;1511102885;15;255;1511102901;1
32;16;10;5;4;15;1511103211;15;255;1511103227;0
32;16;10;5;4;15;1511103722;15;255;1511103729;0
32;16;10;5;4;15;1511103864;15;255;1511103881;1
32;16;10;5;4;15;1511103954;15;255;1511103971;1
32;16;10;5;4;15;1511104459;15;255;1511104466;0
32;16;10;5;4;15;1511104864;15;255;1511104874;0
32;16;10;5;4;15;1511104921;15;255;1511104937;1
32;16;10;5;4;15;1511105216;15;255;1511105226;0
32;16;10;5;4;15;1511105662;15;255;1511105676;0
32;16;10;5;4;15;1511105904;15;255;1511105911;0
32;16;10;5;4;15;1511106049;15;255;1511106065;1
32;16;10;5;4;15;1511106284;15;255;1511106300;1
32;16;10;5;4;15;1511106685;15;255;1511106701;0
32;16;10;5;4;15;1511107080;15;255;1511107096;1
32;16;10;5;4;15;1511107149;15;255;1511107157;0
32;16;10;5;4;15;1511107245;15;255;1511107261;1
32;16;10;5;4;15;1511107880;15;255;1511107896;0
32;16;10;5;4;15;1511108170;15;255;1511108184;0
32;16;10;5;4;15;1511108268;15;255;1511108284;1
32;16;10;5;4;15;1511108402;15;255;1511108409;0
32;16;10;5;4;15;1511109056;15;255;1511109073;1
32;16;10;5;4;15;1511109254;15;255;1511109271;1
32;16;10;5;4;15;1511109450;15;255;1511109466;1
32;16;10;5;4;15;1511109670;15;255;1511109686;1
32;16;10;5;4;15;1511110331;15;255;1511110344;0
32;16;10;5;4;15;1511110343;15;255;1511110353;0
32;16;10;5;4;15;1511110750;15;255;1511110760;0
32;16;10;5;4;15;1511110867;15;255;1511110877;0
32;16;10;5;4;15;1511111425;15;255;1511111438;0
32;16;10;5;4;15;1511111491;15;255;1511111498;0
32;16;10;5;4;15;1511112016;15;255;1511112026;0
32;16;10;5;4;15;1511112013;15;255;1511112030;1
32;16;10;5;4;15;1511112501;15;255;1511112517;1
32;16;10;5;4;15;1511112907;15;255;1511112924;1
32;16;10;5;4;15;1511113084;15;255;1511113101;1
32;16;10;5;4;15;1511113277;15;255;1511113294;1
32;16;10;5;4;15;1511113748;15;255;1511113759;0
32;16;10;5;4;15;1511114112;15;255;1511114123;0
32;16;10;5;4;15;1511114498;15;255;1511114514;1
32;16;10;5;4;15;1511114614;15;255;1511114621;0
32;16;10;5;4;15;1511114897;15;255;1511114910;0
32;16;10;5;4;15;1511115105;15;255;1511115121;1
32;16;10;5;4;15;1511115669;15;255;1511115686;1
32;16;10;5;4;15;1511115833;15;255;1511115843;0
32;16;10;5;4;15;1511116164;15;255;1511116180;1
32;16;10;5;4;15;1511116178;15;255;1511116194;0
32;16;10;5;4;15;1511116904;15;255;1511116914;0
32;16;10;5;4;15;1511116958;15;255;1511116974;1
32;16;10;5;4;15;1511117477;15;255;1511117484;0
32;16;10;5;4;15;1511117521;15;255;1511117537;1
32;16;10;5;4;15;1511118069;15;255;1511118085;1
32;16;10;5;4;15;1511118211;15;255;1511118227;1
32;16;10;5;4;15;1511118562;15;255;1511118575;0
32;16;10;5;4;15;1511118793;15;255;1511118810;1
32;16;10;5;4;15;1511119226;15;255;1511119233;0
32;16;10;5;4;15;1511119418;15;255;1511119432;0
32;16;10;5;4;15;1511119647;15;255;1511119663;1
32;16;10;5;4;15;1511119864;15;255;1511119880;1
32;16;10;5;4;15;1511120278;15;255;1511120295;1
32;16;10;5;4;15;1511120528;15;255;1511120544;1
32;16;10;5;4;15;1511120656;15;255;1511120670;0
32;16;10;5;4;15;1511121082;15;255;1511121095;0
32;16;10;5;4;15;1511121465;15;255;1511121482;1
32;16;10;5;4;15;1511121631;15;255;1511121648;0
32;16;10;5;4;15;1511121920;15;255;1511121936;1
32;16;10;5;4;15;1511122153;15;255;1511122166;0
32;16;10;5;4;15;1511122537;15;255;1511122550;0
32;16;10;5;4;15;1511122820;15;255;1511122834;0
32;16;10;5;4;15;1511123015;15;255;1511123031;1
32;16;10;5;4;15;1511123174;15;255;1511123191;1
32;16;10;5;4;15;1511123770;15;255;1511123787;1
32;16;10;5;4;15;1511124085;15;255;1511124102;1
32;16;10;5;4;15;1511124095;15;255;1511124111;1
32;16;10;5;4;15;1511124488;15;255;1511124504;1
32;16;10;5;4;15;1511124915;15;255;1511124925;0
32;16;10;5;4;15;1511125178;15;255;1511125195;1
32;16;10;5;4;15;1511125374;15;255;1511125390;1
32;16;10;5;4;15;1511125750;15;255;1511125766;1
32;16;10;5;4;15;1511126078;15;255;1511126094;1
32;16;10;5;4;15;1511126439;15;255;1511126446;0
32;16;10;5;4;15;1511126511;15;255;1511126528;1
32;16;10;5;4;15;1511126761;15;255;1511126777;1
32;16;10;5;4;15;1511127313;15;255;1511127327;0
32;16;10;5;4;15;1511127521;15;255;1511127528;0
32;16;10;5;4;15;1511127720;15;255;1511127737;1
32;16;10;5;4;15;1511127982;15;255;1511127998;1
32;16;10;5;4;15;1511128591;15;255;1511128607;1
32;16;10;5;4;15;1511128602;15;255;1511128609;0
32;16;10;5;4;15;1511128942;15;255;1511128956;0
32;16;10;5;4;15;1511129080;15;255;1511129097;1
32;16;10;5;4;15;1511129687;15;255;1511129703;0
32;16;10;5;4;15;1511129911;15;255;1511129922;0
32;16;10;5;4;15;1511130009;15;255;1511130026;1
32;16;10;5;4;15;1511130306;15;255;1511130323;1
32;16;10;5;4;15;1511130765;15;255;1511130781;0
32;16;10;5;4;15;1511130971;15;255;1511130987;1
32;16;10;5;4;15;1511131218;15;255;1511131225;0
32;16;10;5;4;15;1511131564;15;255;1511131571;0
32;16;10;5;4;15;1511131773;15;255;1511131789;1
32;16;10;5;4;15;1511132299;15;255;1511132313;0
32;16;10;5;4;15;1511132369;15;255;1511132383;0
32;16;10;5;4;15;1511132701;15;255;1511132708;0
32;16;10;5;4;15;1511132901;15;255;1511132914;0
32;16;10;5;4;15;1511133472;15;255;1511133489;1
32;16;10;5;4;15;1511133612;15;255;1511133628;1
32;16;10;5;4;15;1511133684;15;255;1511133692;0
32;16;10;5;4;15;1511133855;15;255;1511133871;1
32;16;10;5;4;15;1511134656;15;255;1511134673;1
32;16;10;5;4;15;1511134671;15;255;1511134687;1
32;16;10;5;4;15;1511134939;15;255;1511134956;1
32;16;10;5;4;15;1511135032;15;255;1511135048;1
32;16;10;5;4;15;1511135834;15;255;1511135851;1
32;16;10;5;4;15;1511136020;15;255;1511136037;1
32;16;10;5;4;15;1511136027;15;255;1511136043;1
32;16;10;5;4;15;1511136212;15;255;1511136228;1
32;16;10;5;4;15;1511136882;15;255;1511136895;0
32;16;10;5;4;15;1511137283;15;255;1511137300;1
32;16;10;5;4;15;1511137329;15;255;1511137340;0
32;16;10;5;4;15;1511137437;15;255;1511137454;1
32;16;10;5;4;15;1511138077;15;255;1511138093;1
32;16;10;5;4;15;1511138408;15;255;1511138425;1
32;16;10;5;4;15;1511138498;15;255;1511138514;1
32;16;10;5;4;15;1511138810;15;255;1511138826;0
32;16;10;5;4;15;1511139316;15;255;1511139333;1
32;16;10;5;4;15;1511139631;15;255;1511139638;0
32;16;10;5;4;15;1511139719;15;255;1511139736;1
32;16;10;5;4;15;1511139936;15;255;1511139949;0
32;16;10;5;4;15;1511140558;15;255;1511140568;0
32;16;10;5;4;15;1511140893;15;255;1511140910;1
32;16;10;5;4;15;1511140938;15;255;1511140955;1
32;16;10;5;4;15;1511141021;15;255;1511141037;1
32;16;10;5;4;15;1511141635;15;255;1511141651;1
32;16;10;5;4;15;1511142099;15;255;1511142116;1
32;16;10;5;4;15;1511142142;15;255;1511142152;0
32;16;10;5;4;15;1511142216;15;255;1511142227;0
32;16;10;5;4;15;1511142699;15;255;1511142715;0
32;16;10;5;4;15;1511143171;15;255;1511143188;0
32;16;10;5;4;15;1511143306;15;255;1511143317;0
32;16;10;5;4;15;1511143395;15;255;1511143411;1
32;16;10;5;4;15;1511143913;15;255;1511143929;1
32;16;10;5;4;15;1511144364;15;255;1511144381;1
32;16;10;5;4;15;1511144470;15;255;1511144480;0
32;16;10;5;4;15;1511144464;15;255;1511144481;1
32;16;10;5;4;15;1511144975;15;255;1511144991;0
32;16;10;5;4;15;1511145594;15;255;1511145611;0
32;16;10;5;4;15;1511145616;15;255;1511145632;1
32;16;10;5;4;15;1511145732;15;255;1511145748;1
32;16;10;5;4;15;1511146213;15;255;1511146229;1
32;16;10;5;4;15;1511146668;15;255;1511146684;1
32;16;10;5;4;15;1511146793;15;255;1511146809;1
32;16;10;5;4;15;1511147017;15;255;1511147034;1
32;16;10;5;4;15;1511147504;15;255;1511147517;0
32;16;10;5;4;15;1511147865;15;255;1511147875;0
32;16;10;5;4;15;1511148069;15;255;1511148082;0
32;16;10;5;4;15;1511148079;15;255;1511148095;1
32;16;10;5;4;15;1511148697;15;255;1511148713;1
32;16;10;5;4;15;1511149097;15;255;1511149113;1
32;16;10;5;4;15;1511149271;15;255;1511149288;0
32;16;10;5;4;15;1511149438;15;255;1511149455;1
32;16;10;5;4;15;1511149926;15;255;1511149933;0
32;16;10;5;4;15;1511150172;15;255;1511150188;1
32;16;10;5;4;15;1511150397;15;255;1511150404;0
32;16;10;5;4;15;1511150517;15;255;1511150533;1
32;16;10;5;4;15;1511151171;15;255;1511151187;1
32;16;10;5;4;15;1511151347;15;255;1511151363;1
32;16;10;5;4;15;1511151671;15;255;1511151688;1
32;16;10;5;4;15;1511151810;15;255;1511151827;1
32;16;10;5;4;15;1511152410;15;255;1511152427;0
32;16;10;5;4;15;1511152553;15;255;1511152569;0
32;16;10;5;4;15;1511152795;15;255;1511152809;0
32;16;10;5;4;15;1511152950;15;255;1511152966;1
32;16;10;5;4;15;1511153571;15;255;1511153581;0
32;16;10;5;4;15;1511153655;15;255;1511153671;1
32;16;10;5;4;15;1511153911;15;255;1511153924;0
32;16;10;5;4;15;1511154009;15;255;1511154026;1
32;16;10;5;4;15;1511154708;15;255;1511154724;1
32;16;10;5;4;15;1511154871;15;255;1511154881;0
32;16;10;5;4;15;1511155166;15;255;1511155182;1
32;16;10;5;4;15;1511155308;15;255;1511155324;1
32;16;10;5;4;15;1511156083;15;255;1511156100;0
32;16;10;5;4;15;1511156271;15;255;1511156288;0
32;16;10;5;4;15;1511156289;15;255;1511156299;0
32;16;10;5;4;15;1511156573;15;255;1511156590;1
32;16;10;5;4;15;1511157314;15;255;1511157327;0
32;16;10;5;4;15;1511157423;15;255;1511157439;1
32;16;10;5;4;15;1511157534;15;255;1511157545;0
32;16;10;5;4;15;1511157773;15;255;1511157789;1
32;16;10;5;4;15;1511158391;15;255;1511158407;1
32;16;10;5;4;15;1511158653;15;255;1511158670;1
32;16;10;5;4;15;1511158850;15;255;1511158856;0
32;16;10;5;4;15;1511158861;15;255;1511158877;1
32;16;10;5;4;15;1511159480;15;255;1511159497;1
32;16;10;5;4;15;1511159838;15;255;1511159855;1
32;16;10;5;4;15;1511159912;15;255;1511159922;0
32;16;10;5;4;15;1511159943;15;255;1511159950;0
32;16;10;5;4;15;1511160611;15;255;1511160627;1
32;16;10;5;4;15;1511161052;15;255;1511161065;0
32;16;10;5;4;15;1511161062;15;255;1511161079;1
32;16;10;5;4;15;1511161163;15;255;1511161179;1
32;16;10;5;4;15;1511161615;15;255;1511161632;1
32;16;10;5;4;15;1511162266;15;255;1511162283;1
32;16;10;5;4;15;1511162298;15;255;1511162314;1
32;16;10;5;4;15;1511162363;15;255;1511162380;1
32;16;10;5;4;15;1511162848;15;255;1511162865;1
32;16;10;5;4;15;1511163300;15;255;1511163316;0
32;16;10;5;4;15;1511163473;15;255;1511163489;1
32;16;10;5;4;15;1511163489;15;255;1511163506;1
32;16;10;5;4;15;1511164020;15;255;1511164030;0
32;16;10;5;4;15;1511164594;15;255;1511164604;0
32;16;10;5;4;15;1511164596;15;255;1511164613;1
32;16;10;5;4;15;1511164734;15;255;1511164751;1
32;16;10;5;4;15;1511165081;15;255;1511165098;1
32;16;10;5;4;15;1511165692;15;255;1511165705;0
32;16;10;5;4;15;1511165856;15;255;1511165863;0
32;16;10;5;4;15;1511165892;15;255;1511165909;1
32;16;10;5;4;15;1511166353;15;255;1511166363;0
32;16;10;5;4;15;1511166810;15;255;1511166816;0
32;16;10;5;4;15;1511166913;15;255;1511166923;0
32;16;10;5;4;15;1511167090;15;255;1511167106;1
32;16;10;5;4;15;1511167312;15;255;1511167328;1
32;16;10;5;4;15;1511167965;15;255;1511167981;1
32;16;10;5;4;15;1511168113;15;255;1511168121;0
32;16;10;5;4;15;1511168191;15;255;1511168208;1
32;16;10;5;4;15;1511168462;15;255;1511168479;1
32;16;10;5;4;15;1511169174;15;255;1511169191;1
32;16;10;5;4;15;1511169273;15;255;1511169290;1
32;16;10;5;4;15;1511169396;15;255;1511169403;0
32;16;10;5;4;15;1511169567;15;255;1511169580;0
32;16;10;5;4;15;1511170188;15;255;1511170208;1
32;16;10;5;4;15;1511170492;15;255;1511170504;0
32;16;10;5;4;15;1511170618;15;255;1511170635;1
32;16;10;5;4;15;1511170767;15;255;1511170778;0
32;16;10;5;4;15;1511171591;15;255;1511171598;0
32;16;10;5;4;15;1511171810;15;255;1511171828;0
32;16;10;5;4;15;1511171824;15;255;1511171832;0
32;16;10;5;4;15;1511171817;15;255;1511171832;0
