32;16;10;5;2;15;1510758430;15;255;1510758440;1
32;16;10;5;2;15;1510758658;15;255;1510758668;1
32;16;10;5;2;15;1510758719;15;255;1510758730;1
32;16;10;5;2;15;1510758724;15;255;1510758734;1
32;16;10;5;2;15;1510759689;15;255;1510759699;1
32;16;10;5;2;15;1510759964;15;255;1510759974;1
32;16;10;5;2;15;1510759991;15;255;1510760002;1
32;16;10;5;2;15;1510760035;15;255;1510760046;0
32;16;10;5;2;15;1510760819;15;255;1510760830;0
32;16;10;5;2;15;1510761119;15;255;1510761129;1
32;16;10;5;2;15;1510761161;15;255;1510761171;1
32;16;10;5;2;15;1510761176;15;255;1510761187;1
32;16;10;5;2;15;1510762084;15;255;1510762094;1
32;16;10;5;2;15;1510762316;15;255;1510762326;1
32;16;10;5;2;15;1510762423;15;255;1510762433;1
32;16;10;5;2;15;1510762501;15;255;1510762508;0
32;16;10;5;2;15;1510763059;15;255;1510763069;1
32;16;10;5;2;15;1510763238;15;255;1510763248;1
32;16;10;5;2;15;1510763544;15;255;1510763554;1
32;16;10;5;2;15;1510763635;15;255;1510763645;0
32;16;10;5;2;15;1510764039;15;255;1510764049;0
32;16;10;5;2;15;1510764156;15;255;1510764166;1
32;16;10;5;2;15;1510764768;15;255;1510764775;0
32;16;10;5;2;15;1510764918;15;255;1510764928;1
32;16;10;5;2;15;1510765233;15;255;1510765243;1
32;16;10;5;2;15;1510765247;15;255;1510765257;1
32;16;10;5;2;15;1510766018;15;255;1510766028;1
32;16;10;5;2;15;1510766020;15;255;1510766030;1
32;16;10;5;2;15;1510766266;15;255;1510766276;1
32;16;10;5;2;15;1510766442;15;255;1510766452;0
32;16;10;5;2;15;1510767388;15;255;1510767398;1
32;16;10;5;2;15;1510767406;15;255;1510767416;1
32;16;10;5;2;15;1510767551;15;255;1510767561;1
32;16;10;5;2;15;1510767624;15;255;1510767634;1
32;16;10;5;2;15;1510768387;15;255;1510768397;1
32;16;10;5;2;15;1510768620;15;255;1510768630;1
32;16;10;5;2;15;1510768745;15;255;1510768755;1
32;16;10;5;2;15;1510768812;15;255;1510768822;1
32;16;10;5;2;15;1510769521;15;255;1510769532;1
32;16;10;5;2;15;1510769608;15;255;1510769618;1
32;16;10;5;2;15;1510769936;15;255;1510769947;1
32;16;10;5;2;15;1510770020;15;255;1510770030;1
32;16;10;5;2;15;1510770781;15;255;1510770791;1
32;16;10;5;2;15;1510770923;15;255;1510770934;1
32;16;10;5;2;15;1510770996;15;255;1510771006;1
32;16;10;5;2;15;1510771053;15;255;1510771063;1
32;16;10;5;2;15;1510771840;15;255;1510771847;0
32;16;10;5;2;15;1510772075;15;255;1510772086;1
32;16;10;5;2;15;1510772136;15;255;1510772146;1
32;16;10;5;2;15;1510772286;15;255;1510772297;0
32;16;10;5;2;15;1510773005;15;255;1510773015;1
32;16;10;5;2;15;1510773239;15;255;1510773249;1
32;16;10;5;2;15;1510773344;15;255;1510773354;1
32;16;10;5;2;15;1510773634;15;255;1510773644;1
32;16;10;5;2;15;1510774284;15;255;1510774294;1
32;16;10;5;2;15;1510774520;15;255;1510774531;1
32;16;10;5;2;15;1510774625;15;255;1510774632;0
32;16;10;5;2;15;1510774725;15;255;1510774735;0
32;16;10;5;2;15;1510775427;15;255;1510775434;0
32;16;10;5;2;15;1510775711;15;255;1510775721;1
32;16;10;5;2;15;1510775769;15;255;1510775780;1
32;16;10;5;2;15;1510775789;15;255;1510775799;1
32;16;10;5;2;15;1510776655;15;255;1510776662;0
32;16;10;5;2;15;1510776720;15;255;1510776731;1
32;16;10;5;2;15;1510776964;15;255;1510776974;1
32;16;10;5;2;15;1510777064;15;255;1510777074;1
32;16;10;5;2;15;1510777737;15;255;1510777747;1
32;16;10;5;2;15;1510777968;15;255;1510777978;1
32;16;10;5;2;15;1510778167;15;255;1510778177;1
32;16;10;5;2;15;1510778238;15;255;1510778249;1
32;16;10;5;2;15;1510778807;15;255;1510778817;1
32;16;10;5;2;15;1510779156;15;255;1510779166;1
32;16;10;5;2;15;1510779226;15;255;1510779236;1
32;16;10;5;2;15;1510779410;15;255;1510779420;1
32;16;10;5;2;15;1510780099;15;255;1510780109;1
32;16;10;5;2;15;1510780394;15;255;1510780404;1
32;16;10;5;2;15;1510780446;15;255;1510780456;0
32;16;10;5;2;15;1510780493;15;255;1510780503;1
32;16;10;5;2;15;1510781086;15;255;1510781096;1
32;16;10;5;2;15;1510781552;15;255;1510781562;1
32;16;10;5;2;15;1510781628;15;255;1510781638;1
32;16;10;5;2;15;1510781712;15;255;1510781722;1
32;16;10;5;2;15;1510782301;15;255;1510782308;0
32;16;10;5;2;15;1510782703;15;255;1510782713;1
32;16;10;5;2;15;1510782717;15;255;1510782727;1
32;16;10;5;2;15;1510782836;15;255;1510782846;1
32;16;10;5;2;15;1510783707;15;255;1510783717;1
32;16;10;5;2;15;1510783838;15;255;1510783848;1
32;16;10;5;2;15;1510783949;15;255;1510783959;1
32;16;10;5;2;15;1510784099;15;255;1510784109;0
32;16;10;5;2;15;1510784823;15;255;1510784833;1
32;16;10;5;2;15;1510784841;15;255;1510784851;1
32;16;10;5;2;15;1510785044;15;255;1510785055;1
32;16;10;5;2;15;1510785336;15;255;1510785347;1
32;16;10;5;2;15;1510785906;15;255;1510785916;1
32;16;10;5;2;15;1510785947;15;255;1510785957;1
32;16;10;5;2;15;1510786348;15;255;1510786358;1
32;16;10;5;2;15;1510786543;15;255;1510786553;1
32;16;10;5;2;15;1510787042;15;255;1510787052;1
32;16;10;5;2;15;1510787101;15;255;1510787111;1
32;16;10;5;2;15;1510787397;15;255;1510787407;1
32;16;10;5;2;15;1510787707;15;255;1510787714;0
32;16;10;5;2;15;1510788184;15;255;1510788191;0
32;16;10;5;2;15;1510788262;15;255;1510788272;1
32;16;10;5;2;15;1510788527;15;255;1510788537;1
32;16;10;5;2;15;1510788781;15;255;1510788791;1
32;16;10;5;2;15;1510789312;15;255;1510789319;0
32;16;10;5;2;15;1510789421;15;255;1510789431;1
32;16;10;5;2;15;1510789744;15;255;1510789754;1
32;16;10;5;2;15;1510790071;15;255;1510790081;1
32;16;10;5;2;15;1510790345;15;255;1510790356;0
32;16;10;5;2;15;1510790522;15;255;1510790529;0
32;16;10;5;2;15;1510790718;15;255;1510790728;1
32;16;10;5;2;15;1510791346;15;255;1510791353;0
32;16;10;5;2;15;1510791416;15;255;1510791426;1
32;16;10;5;2;15;1510791591;15;255;1510791601;0
32;16;10;5;2;15;1510791958;15;255;1510791968;1
32;16;10;5;2;15;1510792424;15;255;1510792434;1
32;16;10;5;2;15;1510792470;15;255;1510792480;1
32;16;10;5;2;15;1510792578;15;255;1510792588;1
32;16;10;5;2;15;1510793190;15;255;1510793200;1
32;16;10;5;2;15;1510793556;15;255;1510793566;1
32;16;10;5;2;15;1510793625;15;255;1510793635;1
32;16;10;5;2;15;1510793882;15;255;1510793892;0
32;16;10;5;2;15;1510794431;15;255;1510794441;1
32;16;10;5;2;15;1510794649;15;255;1510794660;1
32;16;10;5;2;15;1510794650;15;255;1510794660;1
32;16;10;5;2;15;1510795084;15;255;1510795094;1
32;16;10;5;2;15;1510795565;15;255;1510795572;0
32;16;10;5;2;15;1510795777;15;255;1510795787;1
32;16;10;5;2;15;1510795797;15;255;1510795807;1
32;16;10;5;2;15;1510796137;15;255;1510796147;1
32;16;10;5;2;15;1510796848;15;255;1510796858;1
32;16;10;5;2;15;1510796874;15;255;1510796884;1
32;16;10;5;2;15;1510796899;15;255;1510796906;0
32;16;10;5;2;15;1510797410;15;255;1510797421;1
32;16;10;5;2;15;1510798020;15;255;1510798030;1
32;16;10;5;2;15;1510798106;15;255;1510798113;0
32;16;10;5;2;15;1510798111;15;255;1510798121;1
32;16;10;5;2;15;1510798631;15;255;1510798641;1
32;16;10;5;2;15;1510799063;15;255;1510799073;1
32;16;10;5;2;15;1510799177;15;255;1510799184;0
32;16;10;5;2;15;1510799335;15;255;1510799342;0
32;16;10;5;2;15;1510799588;15;255;1510799598;1
32;16;10;5;2;15;1510800249;15;255;1510800259;0
32;16;10;5;2;15;1510800563;15;255;1510800573;1
32;16;10;5;2;15;1510800617;15;255;1510800627;1
32;16;10;5;2;15;1510800742;15;255;1510800752;1
32;16;10;5;2;15;1510801282;15;255;1510801292;1
32;16;10;5;2;15;1510801807;15;255;1510801814;0
32;16;10;5;2;15;1510801848;15;255;1510801858;1
32;16;10;5;2;15;1510801895;15;255;1510801905;1
32;16;10;5;2;15;1510802311;15;255;1510802318;0
32;16;10;5;2;15;1510803016;15;255;1510803027;0
32;16;10;5;2;15;1510803115;15;255;1510803125;1
32;16;10;5;2;15;1510803198;15;255;1510803208;1
32;16;10;5;2;15;1510803335;15;255;1510803346;0
32;16;10;5;2;15;1510804269;15;255;1510804276;0
32;16;10;5;2;15;1510804282;15;255;1510804292;1
32;16;10;5;2;15;1510804343;15;255;1510804353;1
32;16;10;5;2;15;1510804615;15;255;1510804625;1
32;16;10;5;2;15;1510805373;15;255;1510805383;1
32;16;10;5;2;15;1510805431;15;255;1510805441;1
32;16;10;5;2;15;1510805616;15;255;1510805627;1
32;16;10;5;2;15;1510805676;15;255;1510805686;1
32;16;10;5;2;15;1510806546;15;255;1510806556;1
32;16;10;5;2;15;1510806567;15;255;1510806577;1
32;16;10;5;2;15;1510806658;15;255;1510806668;1
32;16;10;5;2;15;1510807015;15;255;1510807025;1
32;16;10;5;2;15;1510807633;15;255;1510807643;1
32;16;10;5;2;15;1510807864;15;255;1510807874;1
32;16;10;5;2;15;1510807906;15;255;1510807916;1
32;16;10;5;2;15;1510808307;15;255;1510808317;1
32;16;10;5;2;15;1510808758;15;255;1510808768;1
32;16;10;5;2;15;1510809036;15;255;1510809046;1
32;16;10;5;2;15;1510809143;15;255;1510809150;0
32;16;10;5;2;15;1510809287;15;255;1510809297;1
32;16;10;5;2;15;1510809746;15;255;1510809756;1
32;16;10;5;2;15;1510810271;15;255;1510810281;1
32;16;10;5;2;15;1510810385;15;255;1510810392;0
32;16;10;5;2;15;1510810554;15;255;1510810561;0
32;16;10;5;2;15;1510811091;15;255;1510811101;1
32;16;10;5;2;15;1510811580;15;255;1510811590;1
32;16;10;5;2;15;1510811587;15;255;1510811594;0
32;16;10;5;2;15;1510811671;15;255;1510811681;1
32;16;10;5;2;15;1510812253;15;255;1510812263;1
32;16;10;5;2;15;1510812821;15;255;1510812828;0
32;16;10;5;2;15;1510812898;15;255;1510812908;1
32;16;10;5;2;15;1510812928;15;255;1510812938;1
32;16;10;5;2;15;1510813516;15;255;1510813526;1
32;16;10;5;2;15;1510813871;15;255;1510813881;1
32;16;10;5;2;15;1510813920;15;255;1510813930;1
32;16;10;5;2;15;1510814168;15;255;1510814175;0
32;16;10;5;2;15;1510814813;15;255;1510814823;1
32;16;10;5;2;15;1510815192;15;255;1510815202;1
32;16;10;5;2;15;1510815198;15;255;1510815208;1
32;16;10;5;2;15;1510815347;15;255;1510815354;0
32;16;10;5;2;15;1510816152;15;255;1510816162;1
32;16;10;5;2;15;1510816446;15;255;1510816452;0
32;16;10;5;2;15;1510816459;15;255;1510816469;1
32;16;10;5;2;15;1510816641;15;255;1510816651;1
32;16;10;5;2;15;1510817257;15;255;1510817268;1
32;16;10;5;2;15;1510817511;15;255;1510817521;1
32;16;10;5;2;15;1510817690;15;255;1510817700;1
32;16;10;5;2;15;1510817823;15;255;1510817833;0
32;16;10;5;2;15;1510818450;15;255;1510818460;1
32;16;10;5;2;15;1510818742;15;255;1510818749;0
32;16;10;5;2;15;1510818896;15;255;1510818907;1
32;16;10;5;2;15;1510818976;15;255;1510818987;0
32;16;10;5;2;15;1510819749;15;255;1510819759;1
32;16;10;5;2;15;1510819987;15;255;1510819997;1
32;16;10;5;2;15;1510820003;15;255;1510820013;1
32;16;10;5;2;15;1510820041;15;255;1510820052;0
32;16;10;5;2;15;1510821103;15;255;1510821113;1
32;16;10;5;2;15;1510821167;15;255;1510821177;1
32;16;10;5;2;15;1510821299;15;255;1510821309;1
32;16;10;5;2;15;1510821379;15;255;1510821389;1
32;16;10;5;2;15;1510822278;15;255;1510822288;1
32;16;10;5;2;15;1510822293;15;255;1510822303;1
32;16;10;5;2;15;1510822361;15;255;1510822368;0
32;16;10;5;2;15;1510822493;15;255;1510822503;1
32;16;10;5;2;15;1510823386;15;255;1510823396;1
32;16;10;5;2;15;1510823489;15;255;1510823499;1
32;16;10;5;2;15;1510823580;15;255;1510823587;0
32;16;10;5;2;15;1510823754;15;255;1510823764;1
32;16;10;5;2;15;1510824578;15;255;1510824588;1
32;16;10;5;2;15;1510824598;15;255;1510824608;1
32;16;10;5;2;15;1510824868;15;255;1510824878;1
32;16;10;5;2;15;1510824937;15;255;1510824947;1
32;16;10;5;2;15;1510825731;15;255;1510825741;1
32;16;10;5;2;15;1510825915;15;255;1510825925;1
32;16;10;5;2;15;1510825973;15;255;1510825983;1
32;16;10;5;2;15;1510825984;15;255;1510825994;1
32;16;10;5;2;15;1510826928;15;255;1510826941;1
32;16;10;5;2;15;1510826991;15;255;1510827002;1
32;16;10;5;2;15;1510827089;15;255;1510827099;1
32;16;10;5;2;15;1510827318;15;255;1510827330;1
32;16;10;5;2;15;1510828235;15;255;1510828246;1
32;16;10;5;2;15;1510828258;15;255;1510828266;0
32;16;10;5;2;15;1510828288;15;255;1510828299;0
32;16;10;5;2;15;1510828503;15;255;1510828515;1
32;16;10;5;2;15;1510829418;15;255;1510829428;1
32;16;10;5;2;15;1510829482;15;255;1510829493;1
32;16;10;5;2;15;1510829536;15;255;1510829548;1
32;16;10;5;2;15;1510829661;15;255;1510829672;1
32;16;10;5;2;15;1510830579;15;255;1510830589;1
32;16;10;5;2;15;1510830612;15;255;1510830622;1
32;16;10;5;2;15;1510830707;15;255;1510830714;0
32;16;10;5;2;15;1510830852;15;255;1510830862;1
32;16;10;5;2;15;1510831737;15;255;1510831747;1
32;16;10;5;2;15;1510831836;15;255;1510831843;0
32;16;10;5;2;15;1510831981;15;255;1510831992;1
32;16;10;5;2;15;1510832035;15;255;1510832046;1
32;16;10;5;2;15;1510832951;15;255;1510832961;1
32;16;10;5;2;15;1510833114;15;255;1510833125;1
32;16;10;5;2;15;1510833217;15;255;1510833225;0
32;16;10;5;2;15;1510833240;15;255;1510833251;1
32;16;10;5;2;15;1510834157;15;255;1510834168;1
32;16;10;5;2;15;1510834201;15;255;1510834211;1
32;16;10;5;2;15;1510834500;15;255;1510834511;1
32;16;10;5;2;15;1510834716;15;255;1510834724;0
32;16;10;5;2;15;1510835294;15;255;1510835304;1
32;16;10;5;2;15;1510835478;15;255;1510835488;1
32;16;10;5;2;15;1510835575;15;255;1510835585;1
32;16;10;5;2;15;1510835784;15;255;1510835794;1
32;16;10;5;2;15;1510836568;15;255;1510836578;1
32;16;10;5;2;15;1510836730;15;255;1510836740;1
32;16;10;5;2;15;1510836777;15;255;1510836787;1
32;16;10;5;2;15;1510836933;15;255;1510836943;1
32;16;10;5;2;15;1510837878;15;255;1510837888;1
32;16;10;5;2;15;1510838124;15;255;1510838135;1
32;16;10;5;2;15;1510838181;15;255;1510838192;1
32;16;10;5;2;15;1510838183;15;255;1510838193;1
32;16;10;5;2;15;1510839068;15;255;1510839079;1
32;16;10;5;2;15;1510839093;15;255;1510839103;1
32;16;10;5;2;15;1510839301;15;255;1510839311;1
32;16;10;5;2;15;1510839407;15;255;1510839417;1
32;16;10;5;2;15;1510840162;15;255;1510840173;1
32;16;10;5;2;15;1510840391;15;255;1510840401;1
32;16;10;5;2;15;1510840459;15;255;1510840469;1
32;16;10;5;2;15;1510840617;15;255;1510840624;0
32;16;10;5;2;15;1510841306;15;255;1510841316;1
32;16;10;5;2;15;1510841555;15;255;1510841562;0
32;16;10;5;2;15;1510841701;15;255;1510841711;1
32;16;10;5;2;15;1510841878;15;255;1510841889;1
32;16;10;5;2;15;1510842555;15;255;1510842565;1
32;16;10;5;2;15;1510842571;15;255;1510842581;1
32;16;10;5;2;15;1510842838;15;255;1510842848;1
32;16;10;5;2;15;1510842985;15;255;1510842995;1
32;16;10;5;2;15;1510843716;15;255;1510843723;0
32;16;10;5;2;15;1510843725;15;255;1510843735;1
32;16;10;5;2;15;1510843988;15;255;1510843998;0
32;16;10;5;2;15;1510844159;15;255;1510844169;1
32;16;10;5;2;15;1510844750;15;255;1510844757;0
32;16;10;5;2;15;1510844959;15;255;1510844969;1
32;16;10;5;2;15;1510845171;15;255;1510845181;1
32;16;10;5;2;15;1510845255;15;255;1510845265;1
32;16;10;5;2;15;1510845826;15;255;1510845836;1
32;16;10;5;2;15;1510846247;15;255;1510846254;0
32;16;10;5;2;15;1510846287;15;255;1510846297;1
32;16;10;5;2;15;1510846418;15;255;1510846428;1
32;16;10;5;2;15;1510846867;15;255;1510846877;1
32;16;10;5;2;15;1510847505;15;255;1510847515;1
32;16;10;5;2;15;1510847603;15;255;1510847614;1
32;16;10;5;2;15;1510847652;15;255;1510847662;1
32;16;10;5;2;15;1510847984;15;255;1510847994;1
32;16;10;5;2;15;1510848863;15;255;1510848873;1
32;16;10;5;2;15;1510848932;15;255;1510848939;0
32;16;10;5;2;15;1510848996;15;255;1510849007;1
32;16;10;5;2;15;1510849168;15;255;1510849179;1
32;16;10;5;2;15;1510850104;15;255;1510850112;0
32;16;10;5;2;15;1510850218;15;255;1510850228;1
32;16;10;5;2;15;1510850218;15;255;1510850229;1
32;16;10;5;2;15;1510850439;15;255;1510850450;1
32;16;10;5;2;15;1510851249;15;255;1510851259;1
32;16;10;5;2;15;1510851463;15;255;1510851470;0
32;16;10;5;2;15;1510851531;15;255;1510851541;1
32;16;10;5;2;15;1510851607;15;255;1510851617;1
