32;16;10;5;16;20;1510756305;20;255;1510756313;0
32;16;10;5;16;20;1510756301;20;255;1510756321;0
32;16;10;5;16;20;1510756317;20;255;1510756331;0
32;16;10;5;16;20;1510756309;20;255;1510756367;0
32;16;10;5;16;20;1510756604;20;255;1510756615;0
32;16;10;5;16;20;1510756609;20;255;1510756617;0
32;16;10;5;16;20;1510756614;20;255;1510756629;0
32;16;10;5;16;20;1510756671;20;255;1510756682;0
32;16;10;5;16;20;1510756917;20;255;1510756925;0
32;16;10;5;16;20;1510756901;20;255;1510756925;0
32;16;10;5;16;20;1510756961;20;255;1510757001;0
32;16;10;5;16;20;1510756981;20;255;1510757018;0
32;16;10;5;16;20;1510757265;20;255;1510757273;0
32;16;10;5;16;20;1510757251;20;255;1510757286;0
32;16;10;5;16;20;1510757336;20;255;1510757371;0
32;16;10;5;16;20;1510757412;20;255;1510757420;0
32;16;10;5;16;20;1510757602;20;255;1510757617;0
32;16;10;5;16;20;1510757581;20;255;1510757633;0
32;16;10;5;16;20;1510757635;20;255;1510757649;0
32;16;10;5;16;20;1510757688;20;255;1510757699;0
32;16;10;5;16;20;1510758625;20;255;1510758642;0
32;16;10;5;16;20;1510758864;20;255;1510758880;0
32;16;10;5;16;20;1510758900;20;255;1510758934;0
32;16;10;5;16;20;1510758966;20;255;1510759007;0
32;16;10;5;16;20;1510759917;20;255;1510759930;0
32;16;10;5;16;20;1510760138;20;255;1510760155;0
32;16;10;5;16;20;1510760141;20;255;1510760159;0
32;16;10;5;16;20;1510760168;20;255;1510760176;0
32;16;10;5;16;20;1510760988;20;255;1510760995;0
32;16;10;5;16;20;1510761300;20;255;1510761308;0
32;16;10;5;16;20;1510761466;20;255;1510761473;0
32;16;10;5;16;20;1510761488;20;255;1510761514;0
32;16;10;5;16;20;1510762214;20;255;1510762221;0
32;16;10;5;16;20;1510762418;20;255;1510762454;0
32;16;10;5;16;20;1510762663;20;255;1510762677;0
32;16;10;5;16;20;1510762672;20;255;1510762683;0
32;16;10;5;16;20;1510763161;20;255;1510763177;0
32;16;10;5;16;20;1510763438;20;255;1510763445;0
32;16;10;5;16;20;1510763677;20;255;1510763706;0
32;16;10;5;16;20;1510763818;20;255;1510763832;0
32;16;10;5;16;20;1510764232;20;255;1510764240;0
32;16;10;5;16;20;1510764322;20;255;1510764332;0
32;16;10;5;16;20;1510764933;20;255;1510764940;0
32;16;10;5;16;20;1510765073;20;255;1510765080;0
32;16;10;5;16;20;1510765422;20;255;1510765432;0
32;16;10;5;16;20;1510765448;20;255;1510765490;0
32;16;10;5;16;20;1510766285;20;255;1510766299;0
32;16;10;5;16;20;1510766426;20;255;1510766481;1
32;16;10;5;16;20;1510766512;20;255;1510766519;0
32;16;10;5;16;20;1510766587;20;255;1510766610;0
32;16;10;5;16;20;1510767566;20;255;1510767592;0
32;16;10;5;16;20;1510767611;20;255;1510767624;0
32;16;10;5;16;20;1510767805;20;255;1510767825;0
32;16;10;5;16;20;1510767891;20;255;1510767908;0
32;16;10;5;16;20;1510768499;20;255;1510768506;0
32;16;10;5;16;20;1510768757;20;255;1510768776;0
32;16;10;5;16;20;1510768992;20;255;1510769005;0
32;16;10;5;16;20;1510769037;20;255;1510769050;0
32;16;10;5;16;20;1510769767;20;255;1510769811;0
32;16;10;5;16;20;1510769813;20;255;1510769855;0
32;16;10;5;16;20;1510770153;20;255;1510770164;0
32;16;10;5;16;20;1510770268;20;255;1510770278;0
32;16;10;5;16;20;1510770923;20;255;1510770930;0
32;16;10;5;16;20;1510771051;20;255;1510771058;0
32;16;10;5;16;20;1510771241;20;255;1510771257;0
32;16;10;5;16;20;1510771262;20;255;1510771275;0
32;16;10;5;16;20;1510772039;20;255;1510772053;0
32;16;10;5;16;20;1510772271;20;255;1510772278;0
32;16;10;5;16;20;1510772344;20;255;1510772360;0
32;16;10;5;16;20;1510772591;20;255;1510772599;0
32;16;10;5;16;20;1510773223;20;255;1510773230;0
32;16;10;5;16;20;1510773502;20;255;1510773522;0
32;16;10;5;16;20;1510773543;20;255;1510773550;0
32;16;10;5;16;20;1510773760;20;255;1510773771;0
32;16;10;5;16;20;1510774439;20;255;1510774484;0
32;16;10;5;16;20;1510774776;20;255;1510774799;0
32;16;10;5;16;20;1510774843;20;255;1510774850;0
32;16;10;5;16;20;1510774860;20;255;1510774867;0
32;16;10;5;16;20;1510775637;20;255;1510775650;0
32;16;10;5;16;20;1510775854;20;255;1510775870;0
32;16;10;5;16;20;1510775950;20;255;1510775967;0
32;16;10;5;16;20;1510775972;20;255;1510775992;0
32;16;10;5;16;20;1510776766;20;255;1510776773;0
32;16;10;5;16;20;1510776898;20;255;1510776915;0
32;16;10;5;16;20;1510777141;20;255;1510777164;0
32;16;10;5;16;20;1510777292;20;255;1510777306;0
32;16;10;5;16;20;1510777895;20;255;1510777905;0
32;16;10;5;16;20;1510778145;20;255;1510778181;0
32;16;10;5;16;20;1510778375;20;255;1510778392;0
32;16;10;5;16;20;1510778425;20;255;1510778439;0
32;16;10;5;16;20;1510778997;20;255;1510779020;0
32;16;10;5;16;20;1510779328;20;255;1510779382;1
32;16;10;5;16;20;1510779413;20;255;1510779424;0
32;16;10;5;16;20;1510779528;20;255;1510779535;0
32;16;10;5;16;20;1510780251;20;255;1510780277;0
32;16;10;5;16;20;1510780588;20;255;1510780622;0
32;16;10;5;16;20;1510780650;20;255;1510780664;0
32;16;10;5;16;20;1510780668;20;255;1510780691;0
32;16;10;5;16;20;1510781270;20;255;1510781303;0
32;16;10;5;16;20;1510781711;20;255;1510781718;0
32;16;10;5;16;20;1510781869;20;255;1510781885;0
32;16;10;5;16;20;1510781940;20;255;1510781956;0
32;16;10;5;16;20;1510782571;20;255;1510782616;0
32;16;10;5;16;20;1510782935;20;255;1510782942;0
32;16;10;5;16;20;1510782939;20;255;1510782977;0
32;16;10;5;16;20;1510782988;20;255;1510783001;0
32;16;10;5;16;20;1510783863;20;255;1510783895;0
32;16;10;5;16;20;1510784010;20;255;1510784024;0
32;16;10;5;16;20;1510784089;20;255;1510784143;1
32;16;10;5;16;20;1510784305;20;255;1510784359;1
32;16;10;5;16;20;1510784972;20;255;1510784995;0
32;16;10;5;16;20;1510784974;20;255;1510785000;0
32;16;10;5;16;20;1510785206;20;255;1510785220;0
32;16;10;5;16;20;1510785650;20;255;1510785669;0
32;16;10;5;16;20;1510786106;20;255;1510786113;0
32;16;10;5;16;20;1510786171;20;255;1510786194;0
32;16;10;5;16;20;1510786566;20;255;1510786583;0
32;16;10;5;16;20;1510786683;20;255;1510786696;0
32;16;10;5;16;20;1510787232;20;255;1510787243;0
32;16;10;5;16;20;1510787266;20;255;1510787289;0
32;16;10;5;16;20;1510787647;20;255;1510787654;0
32;16;10;5;16;20;1510787901;20;255;1510787911;0
32;16;10;5;16;20;1510788380;20;255;1510788400;0
32;16;10;5;16;20;1510788447;20;255;1510788463;0
32;16;10;5;16;20;1510788676;20;255;1510788708;0
32;16;10;5;16;20;1510789169;20;255;1510789176;0
32;16;10;5;16;20;1510789468;20;255;1510789482;0
32;16;10;5;16;20;1510789630;20;255;1510789637;0
32;16;10;5;16;20;1510789915;20;255;1510789923;0
32;16;10;5;16;20;1510790249;20;255;1510790281;0
32;16;10;5;16;20;1510790478;20;255;1510790489;0
32;16;10;5;16;20;1510790737;20;255;1510790747;0
32;16;10;5;16;20;1510790886;20;255;1510790899;0
32;16;10;5;16;20;1510791523;20;255;1510791540;0
32;16;10;5;16;20;1510791609;20;255;1510791616;0
32;16;10;5;16;20;1510791750;20;255;1510791782;0
32;16;10;5;16;20;1510792126;20;255;1510792133;0
32;16;10;5;16;20;1510792617;20;255;1510792624;0
32;16;10;5;16;20;1510792698;20;255;1510792712;0
32;16;10;5;16;20;1510793020;20;255;1510793027;0
32;16;10;5;16;20;1510793425;20;255;1510793460;0
32;16;10;5;16;20;1510793708;20;255;1510793731;0
32;16;10;5;16;20;1510793739;20;255;1510793747;0
32;16;10;5;16;20;1510794060;20;255;1510794082;0
32;16;10;5;16;20;1510794611;20;255;1510794621;0
32;16;10;5;16;20;1510794809;20;255;1510794835;0
32;16;10;5;16;20;1510794824;20;255;1510794837;0
32;16;10;5;16;20;1510795233;20;255;1510795243;0
32;16;10;5;16;20;1510795945;20;255;1510795955;0
32;16;10;5;16;20;1510795964;20;255;1510795971;0
32;16;10;5;16;20;1510795933;20;255;1510795985;0
32;16;10;5;16;20;1510796333;20;255;1510796356;0
32;16;10;5;16;20;1510797004;20;255;1510797012;0
32;16;10;5;16;20;1510797045;20;255;1510797058;0
32;16;10;5;16;20;1510797105;20;255;1510797140;0
32;16;10;5;16;20;1510797541;20;255;1510797557;0
32;16;10;5;16;20;1510798162;20;255;1510798173;0
32;16;10;5;16;20;1510798254;20;255;1510798261;0
32;16;10;5;16;20;1510798274;20;255;1510798285;0
32;16;10;5;16;20;1510798790;20;255;1510798803;0
32;16;10;5;16;20;1510799197;20;255;1510799236;0
32;16;10;5;16;20;1510799497;20;255;1510799526;0
32;16;10;5;16;20;1510799522;20;255;1510799577;0
32;16;10;5;16;20;1510799774;20;255;1510799784;0
32;16;10;5;16;20;1510800436;20;255;1510800443;0
32;16;10;5;16;20;1510800779;20;255;1510800795;0
32;16;10;5;16;20;1510800795;20;255;1510800812;0
32;16;10;5;16;20;1510800920;20;255;1510800974;1
32;16;10;5;16;20;1510801447;20;255;1510801476;0
32;16;10;5;16;20;1510802009;20;255;1510802061;0
32;16;10;5;16;20;1510802066;20;255;1510802079;0
32;16;10;5;16;20;1510802104;20;255;1510802114;0
32;16;10;5;16;20;1510802451;20;255;1510802458;0
32;16;10;5;16;20;1510803200;20;255;1510803207;0
32;16;10;5;16;20;1510803299;20;255;1510803306;0
32;16;10;5;16;20;1510803366;20;255;1510803376;0
32;16;10;5;16;20;1510803510;20;255;1510803520;0
32;16;10;5;16;20;1510804438;20;255;1510804448;0
32;16;10;5;16;20;1510804498;20;255;1510804505;0
32;16;10;5;16;20;1510804671;20;255;1510804682;0
32;16;10;5;16;20;1510804789;20;255;1510804821;0
32;16;10;5;16;20;1510805639;20;255;1510805646;0
32;16;10;5;16;20;1510805646;20;255;1510805653;0
32;16;10;5;16;20;1510805837;20;255;1510805847;0
32;16;10;5;16;20;1510805917;20;255;1510805936;0
32;16;10;5;16;20;1510806730;20;255;1510806737;0
32;16;10;5;16;20;1510806757;20;255;1510806783;0
32;16;10;5;16;20;1510806860;20;255;1510806867;0
32;16;10;5;16;20;1510807240;20;255;1510807294;1
32;16;10;5;16;20;1510807817;20;255;1510807830;0
32;16;10;5;16;20;1510808070;20;255;1510808109;0
32;16;10;5;16;20;1510808089;20;255;1510808118;0
32;16;10;5;16;20;1510808437;20;255;1510808454;0
32;16;10;5;16;20;1510808885;20;255;1510808892;0
32;16;10;5;16;20;1510809182;20;255;1510809195;0
32;16;10;5;16;20;1510809481;20;255;1510809491;0
32;16;10;5;16;20;1510809523;20;255;1510809530;0
32;16;10;5;16;20;1510809997;20;255;1510810007;0
32;16;10;5;16;20;1510810549;20;255;1510810556;0
32;16;10;5;16;20;1510810660;20;255;1510810676;0
32;16;10;5;16;20;1510810767;20;255;1510810778;0
32;16;10;5;16;20;1510811266;20;255;1510811292;0
32;16;10;5;16;20;1510811793;20;255;1510811800;0
32;16;10;5;16;20;1510811791;20;255;1510811802;0
32;16;10;5;16;20;1510811865;20;255;1510811872;0
32;16;10;5;16;20;1510812431;20;255;1510812441;0
32;16;10;5;16;20;1510813043;20;255;1510813050;0
32;16;10;5;16;20;1510813082;20;255;1510813090;0
32;16;10;5;16;20;1510813194;20;255;1510813211;0
32;16;10;5;16;20;1510813718;20;255;1510813738;0
32;16;10;5;16;20;1510814070;20;255;1510814080;0
32;16;10;5;16;20;1510814130;20;255;1510814166;0
32;16;10;5;16;20;1510814345;20;255;1510814362;0
32;16;10;5;16;20;1510815037;20;255;1510815079;0
32;16;10;5;16;20;1510815378;20;255;1510815385;0
32;16;10;5;16;20;1510815556;20;255;1510815566;0
32;16;10;5;16;20;1510815556;20;255;1510815572;0
32;16;10;5;16;20;1510816361;20;255;1510816384;0
32;16;10;5;16;20;1510816573;20;255;1510816592;0
32;16;10;5;16;20;1510816743;20;255;1510816750;0
32;16;10;5;16;20;1510816771;20;255;1510816785;0
32;16;10;5;16;20;1510817428;20;255;1510817438;0
32;16;10;5;16;20;1510817686;20;255;1510817712;0
32;16;10;5;16;20;1510817978;20;255;1510817991;0
32;16;10;5;16;20;1510817987;20;255;1510818010;0
32;16;10;5;16;20;1510818647;20;255;1510818676;0
32;16;10;5;16;20;1510818901;20;255;1510818915;0
32;16;10;5;16;20;1510819077;20;255;1510819091;0
32;16;10;5;16;20;1510819147;20;255;1510819154;0
32;16;10;5;16;20;1510820068;20;255;1510820085;0
32;16;10;5;16;20;1510820199;20;255;1510820215;0
32;16;10;5;16;20;1510820200;20;255;1510820216;0
32;16;10;5;16;20;1510820269;20;255;1510820298;0
32;16;10;5;16;20;1510821383;20;255;1510821390;0
32;16;10;5;16;20;1510821394;20;255;1510821405;0
32;16;10;5;16;20;1510821474;20;255;1510821487;0
32;16;10;5;16;20;1510821487;20;255;1510821494;0
32;16;10;5;16;20;1510822436;20;255;1510822446;0
32;16;10;5;16;20;1510822471;20;255;1510822478;0
32;16;10;5;16;20;1510822482;20;255;1510822492;0
32;16;10;5;16;20;1510822689;20;255;1510822697;0
32;16;10;5;16;20;1510823608;20;255;1510823618;0
32;16;10;5;16;20;1510823713;20;255;1510823724;0
32;16;10;5;16;20;1510823729;20;255;1510823752;0
32;16;10;5;16;20;1510823922;20;255;1510823945;0
32;16;10;5;16;20;1510824807;20;255;1510824833;0
32;16;10;5;16;20;1510824888;20;255;1510824911;0
32;16;10;5;16;20;1510825036;20;255;1510825047;0
32;16;10;5;16;20;1510825076;20;255;1510825093;0
32;16;10;5;16;20;1510825940;20;255;1510825963;0
32;16;10;5;16;20;1510826101;20;255;1510826111;0
32;16;10;5;16;20;1510826130;20;255;1510826141;0
32;16;10;5;16;20;1510826209;20;255;1510826219;0
32;16;10;5;16;20;1510827075;20;255;1510827082;0
32;16;10;5;16;20;1510827117;20;255;1510827131;0
32;16;10;5;16;20;1510827255;20;255;1510827267;0
32;16;10;5;16;20;1510827518;20;255;1510827529;0
32;16;10;5;16;20;1510828410;20;255;1510828420;0
32;16;10;5;16;20;1510828483;20;255;1510828491;0
32;16;10;5;16;20;1510828537;20;255;1510828545;0
32;16;10;5;16;20;1510828713;20;255;1510828724;0
32;16;10;5;16;20;1510829654;20;255;1510829662;0
32;16;10;5;16;20;1510829671;20;255;1510829678;0
32;16;10;5;16;20;1510829711;20;255;1510829728;0
32;16;10;5;16;20;1510829826;20;255;1510829840;0
32;16;10;5;16;20;1510830737;20;255;1510830754;0
32;16;10;5;16;20;1510830928;20;255;1510830973;0
32;16;10;5;16;20;1510830955;20;255;1510830978;0
32;16;10;5;16;20;1510831031;20;255;1510831054;0
32;16;10;5;16;20;1510832003;20;255;1510832013;0
32;16;10;5;16;20;1510832043;20;255;1510832050;0
32;16;10;5;16;20;1510832225;20;255;1510832239;0
32;16;10;5;16;20;1510832285;20;255;1510832303;0
32;16;10;5;16;20;1510833147;20;255;1510833173;0
32;16;10;5;16;20;1510833331;20;255;1510833360;0
32;16;10;5;16;20;1510833360;20;255;1510833377;0
32;16;10;5;16;20;1510833515;20;255;1510833549;0
32;16;10;5;16;20;1510834338;20;255;1510834350;0
32;16;10;5;16;20;1510834369;20;255;1510834377;0
32;16;10;5;16;20;1510834667;20;255;1510834677;0
32;16;10;5;16;20;1510834811;20;255;1510834831;0
32;16;10;5;16;20;1510835519;20;255;1510835539;0
32;16;10;5;16;20;1510835606;20;255;1510835616;0
32;16;10;5;16;20;1510835757;20;255;1510835771;0
32;16;10;5;16;20;1510835951;20;255;1510835967;0
32;16;10;5;16;20;1510836758;20;255;1510836787;0
32;16;10;5;16;20;1510837011;20;255;1510837019;0
32;16;10;5;16;20;1510837043;20;255;1510837057;0
32;16;10;5;16;20;1510837107;20;255;1510837114;0
32;16;10;5;16;20;1510838027;20;255;1510838070;0
32;16;10;5;16;20;1510838288;20;255;1510838303;0
32;16;10;5;16;20;1510838298;20;255;1510838316;0
32;16;10;5;16;20;1510838310;20;255;1510838317;0
32;16;10;5;16;20;1510839241;20;255;1510839255;0
32;16;10;5;16;20;1510839323;20;255;1510839330;0
32;16;10;5;16;20;1510839448;20;255;1510839455;0
32;16;10;5;16;20;1510839646;20;255;1510839653;0
32;16;10;5;16;20;1510840357;20;255;1510840365;0
32;16;10;5;16;20;1510840610;20;255;1510840624;0
32;16;10;5;16;20;1510840640;20;255;1510840657;0
32;16;10;5;16;20;1510840770;20;255;1510840796;0
32;16;10;5;16;20;1510841559;20;255;1510841570;0
32;16;10;5;16;20;1510841692;20;255;1510841721;0
32;16;10;5;16;20;1510841887;20;255;1510841898;0
32;16;10;5;16;20;1510842050;20;255;1510842061;0
32;16;10;5;16;20;1510842720;20;255;1510842742;0
32;16;10;5;16;20;1510842764;20;255;1510842796;0
32;16;10;5;16;20;1510843041;20;255;1510843058;0
32;16;10;5;16;20;1510843149;20;255;1510843159;0
32;16;10;5;16;20;1510843855;20;255;1510843903;0
32;16;10;5;16;20;1510843979;20;255;1510843992;0
32;16;10;5;16;20;1510844207;20;255;1510844214;0
32;16;10;5;16;20;1510844311;20;255;1510844322;0
32;16;10;5;16;20;1510844870;20;255;1510844899;0
32;16;10;5;16;20;1510845204;20;255;1510845227;0
32;16;10;5;16;20;1510845292;20;255;1510845302;0
32;16;10;5;16;20;1510845453;20;255;1510845470;0
32;16;10;5;16;20;1510845975;20;255;1510845982;0
32;16;10;5;16;20;1510846465;20;255;1510846506;0
32;16;10;5;16;20;1510846461;20;255;1510846516;0
32;16;10;5;16;20;1510846644;20;255;1510846651;0
32;16;10;5;16;20;1510847018;20;255;1510847032;0
32;16;10;5;16;20;1510847748;20;255;1510847762;0
32;16;10;5;16;20;1510847858;20;255;1510847870;0
32;16;10;5;16;20;1510847880;20;255;1510847887;0
32;16;10;5;16;20;1510848136;20;255;1510848143;0
32;16;10;5;16;20;1510849052;20;255;1510849060;0
32;16;10;5;16;20;1510849139;20;255;1510849156;0
32;16;10;5;16;20;1510849190;20;255;1510849199;0
32;16;10;5;16;20;1510849335;20;255;1510849355;0
32;16;10;5;16;20;1510850301;20;255;1510850314;0
32;16;10;5;16;20;1510850501;20;255;1510850509;0
32;16;10;5;16;20;1510850464;20;255;1510850517;0
32;16;10;5;16;20;1510850663;20;255;1510850675;0
32;16;10;5;16;20;1510851414;20;255;1510851425;0
32;16;10;5;16;20;1510851604;20;255;1510851617;0
32;16;10;5;16;20;1510851711;20;255;1510851747;0
32;16;10;5;16;20;1510851742;20;255;1510851753;0
32;16;10;5;16;20;1510852684;20;255;1510852692;0
32;16;10;5;16;20;1510852780;20;255;1510852800;0
32;16;10;5;16;20;1510852929;20;255;1510852936;0
32;16;10;5;16;20;1510852997;20;255;1510853008;0
32;16;10;5;16;20;1510853872;20;255;1510853907;0
32;16;10;5;16;20;1510853940;20;255;1510853981;0
32;16;10;5;16;20;1510854023;20;255;1510854030;0
32;16;10;5;16;20;1510854039;20;255;1510854056;0
32;16;10;5;16;20;1510854942;20;255;1510854962;0
32;16;10;5;16;20;1510855030;20;255;1510855050;0
32;16;10;5;16;20;1510855044;20;255;1510855070;0
32;16;10;5;16;20;1510855110;20;255;1510855117;0
32;16;10;5;16;20;1510856023;20;255;1510856040;0
32;16;10;5;16;20;1510856029;20;255;1510856083;1
32;16;10;5;16;20;1510856268;20;255;1510856282;0
32;16;10;5;16;20;1510856316;20;255;1510856332;0
32;16;10;5;16;20;1510857190;20;255;1510857197;0
32;16;10;5;16;20;1510857333;20;255;1510857352;0
32;16;10;5;16;20;1510857449;20;255;1510857456;0
32;16;10;5;16;20;1510857689;20;255;1510857705;0
32;16;10;5;16;20;1510858284;20;255;1510858294;0
32;16;10;5;16;20;1510858396;20;255;1510858403;0
32;16;10;5;16;20;1510858483;20;255;1510858499;0
32;16;10;5;16;20;1510858699;20;255;1510858738;0
32;16;10;5;16;20;1510859499;20;255;1510859522;0
32;16;10;5;16;20;1510859532;20;255;1510859542;0
32;16;10;5;16;20;1510859601;20;255;1510859612;0
32;16;10;5;16;20;1510859932;20;255;1510859951;0
32;16;10;5;16;20;1510860471;20;255;1510860497;0
32;16;10;5;16;20;1510860617;20;255;1510860633;0
32;16;10;5;16;20;1510860635;20;255;1510860649;0
32;16;10;5;16;20;1510861277;20;255;1510861284;0
32;16;10;5;16;20;1510861527;20;255;1510861556;0
32;16;10;5;16;20;1510861786;20;255;1510861793;0
32;16;10;5;16;20;1510861804;20;255;1510861818;0
32;16;10;5;16;20;1510862545;20;255;1510862561;0
32;16;10;5;16;20;1510862766;20;255;1510862776;0
32;16;10;5;16;20;1510862836;20;255;1510862843;0
32;16;10;5;16;20;1510863096;20;255;1510863103;0
32;16;10;5;16;20;1510863551;20;255;1510863583;0
32;16;10;5;16;20;1510863999;20;255;1510864009;0
32;16;10;5;16;20;1510864022;20;255;1510864032;0
32;16;10;5;16;20;1510864168;20;255;1510864175;0
32;16;10;5;16;20;1510864705;20;255;1510864727;0
32;16;10;5;16;20;1510865017;20;255;1510865024;0
32;16;10;5;16;20;1510865076;20;255;1510865086;0
32;16;10;5;16;20;1510865276;20;255;1510865287;0
32;16;10;5;16;20;1510865908;20;255;1510865924;0
32;16;10;5;16;20;1510866011;20;255;1510866025;0
32;16;10;5;16;20;1510866345;20;255;1510866355;0
32;16;10;5;16;20;1510866374;20;255;1510866416;0
32;16;10;5;16;20;1510867124;20;255;1510867134;0
32;16;10;5;16;20;1510867191;20;255;1510867201;0
32;16;10;5;16;20;1510867604;20;255;1510867617;0
32;16;10;5;16;20;1510867717;20;255;1510867733;0
32;16;10;5;16;20;1510868279;20;255;1510868296;0
32;16;10;5;16;20;1510868317;20;255;1510868333;0
32;16;10;5;16;20;1510868783;20;255;1510868790;0
32;16;10;5;16;20;1510868783;20;255;1510868806;0
32;16;10;5;16;20;1510869406;20;255;1510869422;0
32;16;10;5;16;20;1510869515;20;255;1510869534;0
32;16;10;5;16;20;1510869821;20;255;1510869838;0
32;16;10;5;16;20;1510870064;20;255;1510870087;0
32;16;10;5;16;20;1510870576;20;255;1510870586;0
32;16;10;5;16;20;1510870664;20;255;1510870683;0
32;16;10;5;16;20;1510871070;20;255;1510871077;0
32;16;10;5;16;20;1510871221;20;255;1510871240;0
32;16;10;5;16;20;1510871759;20;255;1510871779;0
32;16;10;5;16;20;1510871818;20;255;1510871831;0
32;16;10;5;16;20;1510872331;20;255;1510872338;0
32;16;10;5;16;20;1510872393;20;255;1510872400;0
32;16;10;5;16;20;1510872845;20;255;1510872868;0
32;16;10;5;16;20;1510873186;20;255;1510873199;0
32;16;10;5;16;20;1510873426;20;255;1510873445;0
32;16;10;5;16;20;1510873665;20;255;1510873697;0
32;16;10;5;16;20;1510873931;20;255;1510873938;0
32;16;10;5;16;20;1510874308;20;255;1510874315;0
32;16;10;5;16;20;1510874552;20;255;1510874562;0
32;16;10;5;16;20;1510874733;20;255;1510874762;0
32;16;10;5;16;20;1510875299;20;255;1510875306;0
32;16;10;5;16;20;1510875600;20;255;1510875623;0
32;16;10;5;16;20;1510875601;20;255;1510875627;0
32;16;10;5;16;20;1510875939;20;255;1510875949;0
32;16;10;5;16;20;1510876277;20;255;1510876331;1
32;16;10;5;16;20;1510876821;20;255;1510876838;0
32;16;10;5;16;20;1510876833;20;255;1510876843;0
32;16;10;5;16;20;1510877169;20;255;1510877189;0
32;16;10;5;16;20;1510877495;20;255;1510877524;0
32;16;10;5;16;20;1510877857;20;255;1510877911;1
32;16;10;5;16;20;1510878107;20;255;1510878136;0
32;16;10;5;16;20;1510878169;20;255;1510878223;1
32;16;10;5;16;20;1510878761;20;255;1510878780;0
32;16;10;5;16;20;1510879006;20;255;1510879020;0
32;16;10;5;16;20;1510879374;20;255;1510879384;0
32;16;10;5;16;20;1510879484;20;255;1510879538;1
32;16;10;5;16;20;1510879830;20;255;1510879838;0
32;16;10;5;16;20;1510880262;20;255;1510880269;0
32;16;10;5;16;20;1510880562;20;255;1510880587;0
32;16;10;5;16;20;1510880617;20;255;1510880637;0
32;16;10;5;16;20;1510880916;20;255;1510880923;0
32;16;10;5;16;20;1510881268;20;255;1510881291;0
32;16;10;5;16;20;1510881686;20;255;1510881697;0
32;16;10;5;16;20;1510881712;20;255;1510881719;0
32;16;10;5;16;20;1510882225;20;255;1510882245;0
32;16;10;5;16;20;1510882393;20;255;1510882425;0
32;16;10;5;16;20;1510882820;20;255;1510882834;0
32;16;10;5;16;20;1510882981;20;255;1510882991;0
32;16;10;5;16;20;1510883522;20;255;1510883545;0
32;16;10;5;16;20;1510883625;20;255;1510883641;0
32;16;10;5;16;20;1510883962;20;255;1510883970;0
32;16;10;5;16;20;1510884094;20;255;1510884120;0
32;16;10;5;16;20;1510884573;20;255;1510884587;0
32;16;10;5;16;20;1510884864;20;255;1510884912;0
32;16;10;5;16;20;1510885268;20;255;1510885278;0
32;16;10;5;16;20;1510885408;20;255;1510885431;0
32;16;10;5;16;20;1510885645;20;255;1510885655;0
32;16;10;5;16;20;1510885939;20;255;1510885946;0
32;16;10;5;16;20;1510886507;20;255;1510886517;0
32;16;10;5;16;20;1510886650;20;255;1510886660;0
32;16;10;5;16;20;1510886680;20;255;1510886709;0
32;16;10;5;16;20;1510887008;20;255;1510887019;0
32;16;10;5;16;20;1510887552;20;255;1510887578;0
32;16;10;5;16;20;1510887681;20;255;1510887698;0
32;16;10;5;16;20;1510887921;20;255;1510887935;0
32;16;10;5;16;20;1510888209;20;255;1510888223;0
32;16;10;5;16;20;1510888676;20;255;1510888692;0
32;16;10;5;16;20;1510888770;20;255;1510888777;0
32;16;10;5;16;20;1510889125;20;255;1510889135;0
32;16;10;5;16;20;1510889402;20;255;1510889422;0
32;16;10;5;16;20;1510889853;20;255;1510889866;0
32;16;10;5;16;20;1510889991;20;255;1510890007;0
32;16;10;5;16;20;1510890220;20;255;1510890230;0
32;16;10;5;16;20;1510890628;20;255;1510890650;0
32;16;10;5;16;20;1510891108;20;255;1510891146;0
32;16;10;5;16;20;1510891166;20;255;1510891182;0
32;16;10;5;16;20;1510891186;20;255;1510891193;0
32;16;10;5;16;20;1510891841;20;255;1510891861;0
32;16;10;5;16;20;1510892184;20;255;1510892198;0
32;16;10;5;16;20;1510892244;20;255;1510892257;0
32;16;10;5;16;20;1510892309;20;255;1510892341;0
32;16;10;5;16;20;1510893041;20;255;1510893058;0
32;16;10;5;16;20;1510893331;20;255;1510893373;0
32;16;10;5;16;20;1510893564;20;255;1510893577;0
32;16;10;5;16;20;1510893604;20;255;1510893624;0
32;16;10;5;16;20;1510894286;20;255;1510894302;0
32;16;10;5;16;20;1510894290;20;255;1510894331;0
32;16;10;5;16;20;1510894830;20;255;1510894840;0
32;16;10;5;16;20;1510894856;20;255;1510894873;0
32;16;10;5;16;20;1510895411;20;255;1510895421;0
32;16;10;5;16;20;1510895426;20;255;1510895434;0
32;16;10;5;16;20;1510895828;20;255;1510895835;0
32;16;10;5;16;20;1510896003;20;255;1510896023;0
32;16;10;5;16;20;1510896415;20;255;1510896432;0
32;16;10;5;16;20;1510896515;20;255;1510896523;0
32;16;10;5;16;20;1510896927;20;255;1510896937;0
32;16;10;5;16;20;1510897118;20;255;1510897137;0
32;16;10;5;16;20;1510897364;20;255;1510897374;0
32;16;10;5;16;20;1510897458;20;255;1510897512;1
32;16;10;5;16;20;1510898159;20;255;1510898204;0
32;16;10;5;16;20;1510898451;20;255;1510898468;0
32;16;10;5;16;20;1510898479;20;255;1510898489;0
32;16;10;5;16;20;1510898586;20;255;1510898621;0
32;16;10;5;16;20;1510899259;20;255;1510899285;0
32;16;10;5;16;20;1510899679;20;255;1510899699;0
32;16;10;5;16;20;1510899717;20;255;1510899740;0
32;16;10;5;16;20;1510899726;20;255;1510899743;0
32;16;10;5;16;20;1510900460;20;255;1510900470;0
32;16;10;5;16;20;1510900825;20;255;1510900838;0
32;16;10;5;16;20;1510900868;20;255;1510900875;0
32;16;10;5;16;20;1510900889;20;255;1510900934;0
32;16;10;5;16;20;1510901707;20;255;1510901717;0
32;16;10;5;16;20;1510901968;20;255;1510901982;0
32;16;10;5;16;20;1510902043;20;255;1510902065;0
32;16;10;5;16;20;1510902146;20;255;1510902172;0
32;16;10;5;16;20;1510903039;20;255;1510903052;0
32;16;10;5;16;20;1510903069;20;255;1510903123;1
32;16;10;5;16;20;1510903212;20;255;1510903225;0
32;16;10;5;16;20;1510903384;20;255;1510903397;0
32;16;10;5;16;20;1510904096;20;255;1510904119;0
32;16;10;5;16;20;1510904304;20;255;1510904317;0
32;16;10;5;16;20;1510904354;20;255;1510904399;0
32;16;10;5;16;20;1510904677;20;255;1510904690;0
32;16;10;5;16;20;1510905237;20;255;1510905257;0
32;16;10;5;16;20;1510905494;20;255;1510905536;0
32;16;10;5;16;20;1510905577;20;255;1510905590;0
32;16;10;5;16;20;1510905707;20;255;1510905730;0
32;16;10;5;16;20;1510906420;20;255;1510906433;0
32;16;10;5;16;20;1510906683;20;255;1510906694;0
32;16;10;5;16;20;1510906779;20;255;1510906793;0
32;16;10;5;16;20;1510907074;20;255;1510907084;0
32;16;10;5;16;20;1510907539;20;255;1510907556;0
32;16;10;5;16;20;1510907701;20;255;1510907708;0
32;16;10;5;16;20;1510907998;20;255;1510908008;0
32;16;10;5;16;20;1510908186;20;255;1510908215;0
32;16;10;5;16;20;1510908814;20;255;1510908821;0
32;16;10;5;16;20;1510908959;20;255;1510908969;0
32;16;10;5;16;20;1510909089;20;255;1510909099;0
32;16;10;5;16;20;1510909399;20;255;1510909443;0
32;16;10;5;16;20;1510909902;20;255;1510909947;0
32;16;10;5;16;20;1510910025;20;255;1510910032;0
32;16;10;5;16;20;1510910301;20;255;1510910327;0
32;16;10;5;16;20;1510910614;20;255;1510910631;0
32;16;10;5;16;20;1510911141;20;255;1510911155;0
32;16;10;5;16;20;1510911377;20;255;1510911396;0
32;16;10;5;16;20;1510911507;20;255;1510911539;0
32;16;10;5;16;20;1510911815;20;255;1510911835;0
32;16;10;5;16;20;1510912252;20;255;1510912259;0
32;16;10;5;16;20;1510912404;20;255;1510912420;0
32;16;10;5;16;20;1510912943;20;255;1510912997;0
32;16;10;5;16;20;1510913045;20;255;1510913052;0
32;16;10;5;16;20;1510913354;20;255;1510913380;0
32;16;10;5;16;20;1510913440;20;255;1510913447;0
32;16;10;5;16;20;1510914195;20;255;1510914202;0
32;16;10;5;16;20;1510914293;20;255;1510914300;0
32;16;10;5;16;20;1510914632;20;255;1510914645;0
32;16;10;5;16;20;1510914641;20;255;1510914651;0
32;16;10;5;16;20;1510915223;20;255;1510915233;0
32;16;10;5;16;20;1510915286;20;255;1510915293;0
32;16;10;5;16;20;1510915643;20;255;1510915654;0
32;16;10;5;16;20;1510915802;20;255;1510915818;0
32;16;10;5;16;20;1510916390;20;255;1510916409;0
32;16;10;5;16;20;1510916445;20;255;1510916456;0
32;16;10;5;16;20;1510916875;20;255;1510916904;0
32;16;10;5;16;20;1510916857;20;255;1510916911;1
32;16;10;5;16;20;1510917491;20;255;1510917498;0
32;16;10;5;16;20;1510917754;20;255;1510917761;0
32;16;10;5;16;20;1510918084;20;255;1510918110;0
32;16;10;5;16;20;1510918093;20;255;1510918116;0
32;16;10;5;16;20;1510918767;20;255;1510918787;0
32;16;10;5;16;20;1510918985;20;255;1510919017;0
32;16;10;5;16;20;1510919294;20;255;1510919342;0
32;16;10;5;16;20;1510919371;20;255;1510919403;0
32;16;10;5;16;20;1510919963;20;255;1510919980;0
32;16;10;5;16;20;1510920112;20;255;1510920119;0
32;16;10;5;16;20;1510920569;20;255;1510920585;0
32;16;10;5;16;20;1510920680;20;255;1510920694;0
32;16;10;5;16;20;1510921044;20;255;1510921051;0
32;16;10;5;16;20;1510921159;20;255;1510921181;0
32;16;10;5;16;20;1510921780;20;255;1510921787;0
32;16;10;5;16;20;1510921983;20;255;1510922009;0
32;16;10;5;16;20;1510922124;20;255;1510922131;0
32;16;10;5;16;20;1510922121;20;255;1510922131;0
32;16;10;5;16;20;1510923006;20;255;1510923022;0
32;16;10;5;16;20;1510923071;20;255;1510923085;0
32;16;10;5;16;20;1510923305;20;255;1510923312;0
32;16;10;5;16;20;1510923494;20;255;1510923501;0
32;16;10;5;16;20;1510924223;20;255;1510924236;0
32;16;10;5;16;20;1510924235;20;255;1510924273;0
32;16;10;5;16;20;1510924433;20;255;1510924440;0
32;16;10;5;16;20;1510924678;20;255;1510924688;0
32;16;10;5;16;20;1510925272;20;255;1510925280;0
32;16;10;5;16;20;1510925311;20;255;1510925331;0
32;16;10;5;16;20;1510925367;20;255;1510925374;0
32;16;10;5;16;20;1510925722;20;255;1510925733;0
32;16;10;5;16;20;1510926302;20;255;1510926341;0
32;16;10;5;16;20;1510926420;20;255;1510926446;0
32;16;10;5;16;20;1510926496;20;255;1510926515;0
32;16;10;5;16;20;1510926824;20;255;1510926834;0
32;16;10;5;16;20;1510927406;20;255;1510927426;0
32;16;10;5;16;20;1510927573;20;255;1510927580;0
32;16;10;5;16;20;1510927640;20;255;1510927647;0
32;16;10;5;16;20;1510928166;20;255;1510928183;0
32;16;10;5;16;20;1510928550;20;255;1510928560;0
32;16;10;5;16;20;1510928562;20;255;1510928579;0
32;16;10;5;16;20;1510928579;20;255;1510928590;0
32;16;10;5;16;20;1510929401;20;255;1510929408;0
32;16;10;5;16;20;1510929584;20;255;1510929594;0
32;16;10;5;16;20;1510929642;20;255;1510929655;0
32;16;10;5;16;20;1510929669;20;255;1510929682;0
32;16;10;5;16;20;1510930604;20;255;1510930658;1
32;16;10;5;16;20;1510930759;20;255;1510930772;0
32;16;10;5;16;20;1510930872;20;255;1510930879;0
32;16;10;5;16;20;1510930886;20;255;1510930896;0
32;16;10;5;16;20;1510931618;20;255;1510931638;0
32;16;10;5;16;20;1510931944;20;255;1510931954;0
32;16;10;5;16;20;1510932001;20;255;1510932021;0
32;16;10;5;16;20;1510932039;20;255;1510932046;0
32;16;10;5;16;20;1510932823;20;255;1510932833;0
32;16;10;5;16;20;1510932930;20;255;1510932937;0
32;16;10;5;16;20;1510933225;20;255;1510933233;0
32;16;10;5;16;20;1510933340;20;255;1510933347;0
32;16;10;5;16;20;1510934041;20;255;1510934051;0
32;16;10;5;16;20;1510934105;20;255;1510934122;0
32;16;10;5;16;20;1510934329;20;255;1510934336;0
32;16;10;5;16;20;1510934588;20;255;1510934602;0
32;16;10;5;16;20;1510935148;20;255;1510935155;0
32;16;10;5;16;20;1510935287;20;255;1510935336;0
32;16;10;5;16;20;1510935457;20;255;1510935483;0
32;16;10;5;16;20;1510935805;20;255;1510935837;0
32;16;10;5;16;20;1510936264;20;255;1510936283;0
32;16;10;5;16;20;1510936394;20;255;1510936401;0
32;16;10;5;16;20;1510936398;20;255;1510936452;1
32;16;10;5;16;20;1510937091;20;255;1510937107;0
32;16;10;5;16;20;1510937489;20;255;1510937506;0
32;16;10;5;16;20;1510937493;20;255;1510937519;0
32;16;10;5;16;20;1510937529;20;255;1510937539;0
32;16;10;5;16;20;1510938124;20;255;1510938147;0
32;16;10;5;16;20;1510938561;20;255;1510938581;0
32;16;10;5;16;20;1510938699;20;255;1510938709;0
32;16;10;5;16;20;1510938729;20;255;1510938736;0
32;16;10;5;16;20;1510939378;20;255;1510939391;0
32;16;10;5;16;20;1510939782;20;255;1510939795;0
32;16;10;5;16;20;1510939801;20;255;1510939811;0
32;16;10;5;16;20;1510939863;20;255;1510939883;0
32;16;10;5;16;20;1510940526;20;255;1510940546;0
32;16;10;5;16;20;1510941000;20;255;1510941026;0
32;16;10;5;16;20;1510941102;20;255;1510941109;0
32;16;10;5;16;20;1510941150;20;255;1510941179;0
32;16;10;5;16;20;1510941570;20;255;1510941589;0
32;16;10;5;16;20;1510942129;20;255;1510942149;0
32;16;10;5;16;20;1510942228;20;255;1510942241;0
32;16;10;5;16;20;1510942273;20;255;1510942287;0
32;16;10;5;16;20;1510942852;20;255;1510942862;0
32;16;10;5;16;20;1510943183;20;255;1510943199;0
32;16;10;5;16;20;1510943239;20;255;1510943249;0
32;16;10;5;16;20;1510943349;20;255;1510943362;0
32;16;10;5;16;20;1510943998;20;255;1510944009;0
32;16;10;5;16;20;1510944209;20;255;1510944216;0
32;16;10;5;16;20;1510944463;20;255;1510944492;0
32;16;10;5;16;20;1510944601;20;255;1510944608;0
32;16;10;5;16;20;1510945282;20;255;1510945289;0
32;16;10;5;16;20;1510945281;20;255;1510945294;0
32;16;10;5;16;20;1510945545;20;255;1510945562;0
32;16;10;5;16;20;1510945831;20;255;1510945838;0
32;16;10;5;16;20;1510946557;20;255;1510946564;0
32;16;10;5;16;20;1510946545;20;255;1510946565;0
32;16;10;5;16;20;1510946784;20;255;1510946791;0
32;16;10;5;16;20;1510947061;20;255;1510947068;0
32;16;10;5;16;20;1510947545;20;255;1510947562;0
32;16;10;5;16;20;1510947669;20;255;1510947691;0
32;16;10;5;16;20;1510947920;20;255;1510947927;0
32;16;10;5;16;20;1510948397;20;255;1510948448;0
32;16;10;5;16;20;1510948642;20;255;1510948652;0
32;16;10;5;16;20;1510948748;20;255;1510948758;0
32;16;10;5;16;20;1510948911;20;255;1510948918;0
32;16;10;5;16;20;1510949507;20;255;1510949527;0
32;16;10;5;16;20;1510949874;20;255;1510949881;0
32;16;10;5;16;20;1510949930;20;255;1510949940;0
32;16;10;5;16;20;1510950097;20;255;1510950108;0
32;16;10;5;16;20;1510950604;20;255;1510950633;0
32;16;10;5;16;20;1510950971;20;255;1510950985;0
32;16;10;5;16;20;1510951178;20;255;1510951197;0
32;16;10;5;16;20;1510951327;20;255;1510951347;0
32;16;10;5;16;20;1510951951;20;255;1510951958;0
32;16;10;5;16;20;1510952001;20;255;1510952011;0
32;16;10;5;16;20;1510952134;20;255;1510952163;0
32;16;10;5;16;20;1510952580;20;255;1510952590;0
32;16;10;5;16;20;1510953084;20;255;1510953097;0
32;16;10;5;16;20;1510953193;20;255;1510953200;0
32;16;10;5;16;20;1510953234;20;255;1510953245;0
32;16;10;5;16;20;1510953680;20;255;1510953694;0
32;16;10;5;16;20;1510954106;20;255;1510954119;0
32;16;10;5;16;20;1510954350;20;255;1510954370;0
32;16;10;5;16;20;1510954394;20;255;1510954417;0
32;16;10;5;16;20;1510954730;20;255;1510954741;0
32;16;10;5;16;20;1510955303;20;255;1510955311;0
32;16;10;5;16;20;1510955333;20;255;1510955343;0
32;16;10;5;16;20;1510955549;20;255;1510955569;0
32;16;10;5;16;20;1510955792;20;255;1510955806;0
32;16;10;5;16;20;1510956329;20;255;1510956336;0
32;16;10;5;16;20;1510956409;20;255;1510956432;0
32;16;10;5;16;20;1510956668;20;255;1510956675;0
32;16;10;5;16;20;1510957063;20;255;1510957074;0
32;16;10;5;16;20;1510957538;20;255;1510957564;0
32;16;10;5;16;20;1510957701;20;255;1510957723;0
32;16;10;5;16;20;1510957810;20;255;1510957817;0
32;16;10;5;16;20;1510958238;20;255;1510958251;0
32;16;10;5;16;20;1510958565;20;255;1510958595;0
32;16;10;5;16;20;1510958757;20;255;1510958764;0
32;16;10;5;16;20;1510958833;20;255;1510958840;0
32;16;10;5;16;20;1510959465;20;255;1510959484;0
32;16;10;5;16;20;1510959806;20;255;1510959842;0
32;16;10;5;16;20;1510959975;20;255;1510959998;0
32;16;10;5;16;20;1510960050;20;255;1510960076;0
32;16;10;5;16;20;1510960673;20;255;1510960693;0
32;16;10;5;16;20;1510960977;20;255;1510960984;0
32;16;10;5;16;20;1510961012;20;255;1510961045;0
32;16;10;5;16;20;1510961267;20;255;1510961290;0
32;16;10;5;16;20;1510961913;20;255;1510961939;0
32;16;10;5;16;20;1510962118;20;255;1510962132;0
32;16;10;5;16;20;1510962253;20;255;1510962272;0
32;16;10;5;16;20;1510962298;20;255;1510962308;0
32;16;10;5;16;20;1510962907;20;255;1510962914;0
32;16;10;5;16;20;1510963113;20;255;1510963120;0
32;16;10;5;16;20;1510963597;20;255;1510963617;0
32;16;10;5;16;20;1510963564;20;255;1510963618;0
32;16;10;5;16;20;1510964174;20;255;1510964184;0
32;16;10;5;16;20;1510964357;20;255;1510964376;0
32;16;10;5;16;20;1510964652;20;255;1510964662;0
32;16;10;5;16;20;1510964861;20;255;1510964890;0
32;16;10;5;16;20;1510965256;20;255;1510965266;0
32;16;10;5;16;20;1510965654;20;255;1510965661;0
32;16;10;5;16;20;1510965796;20;255;1510965806;0
32;16;10;5;16;20;1510966083;20;255;1510966096;0
32;16;10;5;16;20;1510966264;20;255;1510966271;0
32;16;10;5;16;20;1510966839;20;255;1510966875;0
32;16;10;5;16;20;1510966981;20;255;1510966992;0
32;16;10;5;16;20;1510967221;20;255;1510967247;0
32;16;10;5;16;20;1510967404;20;255;1510967424;0
32;16;10;5;16;20;1510968130;20;255;1510968137;0
32;16;10;5;16;20;1510968129;20;255;1510968139;0
32;16;10;5;16;20;1510968391;20;255;1510968405;0
32;16;10;5;16;20;1510968767;20;255;1510968800;0
32;16;10;5;16;20;1510969265;20;255;1510969294;0
32;16;10;5;16;20;1510969437;20;255;1510969444;0
32;16;10;5;16;20;1510969613;20;255;1510969620;0
32;16;10;5;16;20;1510969967;20;255;1510970015;0
32;16;10;5;16;20;1510970430;20;255;1510970437;0
32;16;10;5;16;20;1510970692;20;255;1510970699;0
32;16;10;5;16;20;1510970704;20;255;1510970718;0
32;16;10;5;16;20;1510971134;20;255;1510971157;0
32;16;10;5;16;20;1510971707;20;255;1510971717;0
32;16;10;5;16;20;1510971892;20;255;1510971905;0
32;16;10;5;16;20;1510971975;20;255;1510972029;0
32;16;10;5;16;20;1510972305;20;255;1510972350;0
32;16;10;5;16;20;1510972958;20;255;1510972968;0
32;16;10;5;16;20;1510973150;20;255;1510973157;0
32;16;10;5;16;20;1510973280;20;255;1510973287;0
32;16;10;5;16;20;1510973408;20;255;1510973415;0
32;16;10;5;16;20;1510973941;20;255;1510973952;0
32;16;10;5;16;20;1510974219;20;255;1510974274;0
32;16;10;5;16;20;1510974459;20;255;1510974469;0
32;16;10;5;16;20;1510974575;20;255;1510974591;0
32;16;10;5;16;20;1510974978;20;255;1510974995;0
32;16;10;5;16;20;1510975455;20;255;1510975462;0
32;16;10;5;16;20;1510975468;20;255;1510975475;0
32;16;10;5;16;20;1510975772;20;255;1510975780;0
32;16;10;5;16;20;1510976167;20;255;1510976180;0
32;16;10;5;16;20;1510976648;20;255;1510976668;0
32;16;10;5;16;20;1510976663;20;255;1510976698;0
32;16;10;5;16;20;1510976992;20;255;1510977015;0
32;16;10;5;16;20;1510977433;20;255;1510977446;0
32;16;10;5;16;20;1510977612;20;255;1510977626;0
32;16;10;5;16;20;1510977761;20;255;1510977784;0
32;16;10;5;16;20;1510978135;20;255;1510978149;0
32;16;10;5;16;20;1510978651;20;255;1510978665;0
32;16;10;5;16;20;1510978758;20;255;1510978771;0
32;16;10;5;16;20;1510978907;20;255;1510978918;0
32;16;10;5;16;20;1510979395;20;255;1510979446;0
32;16;10;5;16;20;1510979891;20;255;1510979920;0
32;16;10;5;16;20;1510980074;20;255;1510980081;0
32;16;10;5;16;20;1510980031;20;255;1510980085;1
32;16;10;5;16;20;1510980493;20;255;1510980507;0
32;16;10;5;16;20;1510981061;20;255;1510981078;0
32;16;10;5;16;20;1510981219;20;255;1510981232;0
32;16;10;5;16;20;1510981255;20;255;1510981268;0
32;16;10;5;16;20;1510981689;20;255;1510981703;0
32;16;10;5;16;20;1510982227;20;255;1510982234;0
32;16;10;5;16;20;1510982242;20;255;1510982258;0
32;16;10;5;16;20;1510982382;20;255;1510982430;0
32;16;10;5;16;20;1510982669;20;255;1510982676;0
32;16;10;5;16;20;1510983239;20;255;1510983271;0
32;16;10;5;16;20;1510983457;20;255;1510983476;0
32;16;10;5;16;20;1510983697;20;255;1510983707;0
32;16;10;5;16;20;1510983686;20;255;1510983709;0
32;16;10;5;16;20;1510984427;20;255;1510984441;0
32;16;10;5;16;20;1510984483;20;255;1510984496;0
32;16;10;5;16;20;1510984874;20;255;1510984881;0
32;16;10;5;16;20;1510984901;20;255;1510984914;0
32;16;10;5;16;20;1510985525;20;255;1510985533;0
32;16;10;5;16;20;1510985694;20;255;1510985710;0
32;16;10;5;16;20;1510985877;20;255;1510985884;0
32;16;10;5;16;20;1510986050;20;255;1510986057;0
32;16;10;5;16;20;1510986599;20;255;1510986609;0
32;16;10;5;16;20;1510986790;20;255;1510986831;0
32;16;10;5;16;20;1510986900;20;255;1510986910;0
32;16;10;5;16;20;1510987321;20;255;1510987328;0
32;16;10;5;16;20;1510987768;20;255;1510987785;0
32;16;10;5;16;20;1510987984;20;255;1510988000;0
32;16;10;5;16;20;1510988154;20;255;1510988168;0
32;16;10;5;16;20;1510988585;20;255;1510988604;0
32;16;10;5;16;20;1510989022;20;255;1510989029;0
32;16;10;5;16;20;1510989132;20;255;1510989149;0
32;16;10;5;16;20;1510989253;20;255;1510989260;0
32;16;10;5;16;20;1510989805;20;255;1510989840;0
32;16;10;5;16;20;1510990175;20;255;1510990182;0
32;16;10;5;16;20;1510990213;20;255;1510990233;0
32;16;10;5;16;20;1510990257;20;255;1510990270;0
32;16;10;5;16;20;1510990910;20;255;1510990948;0
32;16;10;5;16;20;1510991375;20;255;1510991382;0
32;16;10;5;16;20;1510991497;20;255;1510991504;0
32;16;10;5;16;20;1510991656;20;255;1510991663;0
32;16;10;5;16;20;1510992043;20;255;1510992050;0
32;16;10;5;16;20;1510992433;20;255;1510992440;0
32;16;10;5;16;20;1510992640;20;255;1510992685;0
32;16;10;5;16;20;1510992669;20;255;1510992685;0
32;16;10;5;16;20;1510993264;20;255;1510993286;0
32;16;10;5;16;20;1510993576;20;255;1510993590;0
32;16;10;5;16;20;1510993867;20;255;1510993890;0
32;16;10;5;16;20;1510993953;20;255;1510993960;0
32;16;10;5;16;20;1510994573;20;255;1510994587;0
32;16;10;5;16;20;1510994922;20;255;1510994932;0
32;16;10;5;16;20;1510995020;20;255;1510995030;0
32;16;10;5;16;20;1510995081;20;255;1510995091;0
32;16;10;5;16;20;1510995668;20;255;1510995684;0
32;16;10;5;16;20;1510996111;20;255;1510996118;0
32;16;10;5;16;20;1510996267;20;255;1510996293;0
32;16;10;5;16;20;1510996372;20;255;1510996379;0
32;16;10;5;16;20;1510996774;20;255;1510996784;0
32;16;10;5;16;20;1510997214;20;255;1510997228;0
32;16;10;5;16;20;1510997333;20;255;1510997347;0
32;16;10;5;16;20;1510997520;20;255;1510997539;0
32;16;10;5;16;20;1510998032;20;255;1510998048;0
32;16;10;5;16;20;1510998317;20;255;1510998327;0
32;16;10;5;16;20;1510998431;20;255;1510998454;0
32;16;10;5;16;20;1510998675;20;255;1510998682;0
32;16;10;5;16;20;1510999223;20;255;1510999230;0
32;16;10;5;16;20;1510999500;20;255;1510999510;0
32;16;10;5;16;20;1510999533;20;255;1510999546;0
32;16;10;5;16;20;1510999700;20;255;1510999717;0
32;16;10;5;16;20;1511000403;20;255;1511000417;0
32;16;10;5;16;20;1511000702;20;255;1511000721;0
32;16;10;5;16;20;1511000714;20;255;1511000724;0
32;16;10;5;16;20;1511000893;20;255;1511000913;0
32;16;10;5;16;20;1511001634;20;255;1511001641;0
32;16;10;5;16;20;1511001876;20;255;1511001892;0
32;16;10;5;16;20;1511002116;20;255;1511002123;0
32;16;10;5;16;20;1511002189;20;255;1511002233;0
32;16;10;5;16;20;1511002763;20;255;1511002770;0
32;16;10;5;16;20;1511003020;20;255;1511003058;0
32;16;10;5;16;20;1511003354;20;255;1511003383;0
32;16;10;5;16;20;1511003344;20;255;1511003399;1
32;16;10;5;16;20;1511003951;20;255;1511003983;0
32;16;10;5;16;20;1511004120;20;255;1511004130;0
32;16;10;5;16;20;1511004410;20;255;1511004426;0
32;16;10;5;16;20;1511004555;20;255;1511004562;0
32;16;10;5;16;20;1511005223;20;255;1511005231;0
32;16;10;5;16;20;1511005267;20;255;1511005277;0
32;16;10;5;16;20;1511005677;20;255;1511005685;0
32;16;10;5;16;20;1511005786;20;255;1511005797;0
32;16;10;5;16;20;1511006224;20;255;1511006235;0
32;16;10;5;16;20;1511006613;20;255;1511006620;0
32;16;10;5;16;20;1511006763;20;255;1511006777;0
32;16;10;5;16;20;1511007020;20;255;1511007049;0
32;16;10;5;16;20;1511007315;20;255;1511007323;0
32;16;10;5;16;20;1511007855;20;255;1511007862;0
32;16;10;5;16;20;1511008070;20;255;1511008083;0
32;16;10;5;16;20;1511008403;20;255;1511008429;0
32;16;10;5;16;20;1511008422;20;255;1511008470;0
32;16;10;5;16;20;1511009025;20;255;1511009032;0
32;16;10;5;16;20;1511009270;20;255;1511009290;0
32;16;10;5;16;20;1511009501;20;255;1511009508;0
32;16;10;5;16;20;1511009543;20;255;1511009573;0
32;16;10;5;16;20;1511009977;20;255;1511009984;0
32;16;10;5;16;20;1511010344;20;255;1511010357;0
32;16;10;5;16;20;1511010599;20;255;1511010631;0
32;16;10;5;16;20;1511010630;20;255;1511010637;0
32;16;10;5;16;20;1511011031;20;255;1511011085;1
32;16;10;5;16;20;1511011669;20;255;1511011676;0
32;16;10;5;16;20;1511011672;20;255;1511011695;0
32;16;10;5;16;20;1511011743;20;255;1511011753;0
32;16;10;5;16;20;1511012358;20;255;1511012368;0
32;16;10;5;16;20;1511012814;20;255;1511012822;0
32;16;10;5;16;20;1511012809;20;255;1511012829;0
32;16;10;5;16;20;1511012955;20;255;1511012984;0
32;16;10;5;16;20;1511013675;20;255;1511013691;0
32;16;10;5;16;20;1511013804;20;255;1511013824;0
32;16;10;5;16;20;1511013969;20;255;1511013986;0
32;16;10;5;16;20;1511014037;20;255;1511014045;0
32;16;10;5;16;20;1511014761;20;255;1511014790;0
32;16;10;5;16;20;1511014923;20;255;1511014934;0
32;16;10;5;16;20;1511015183;20;255;1511015193;0
32;16;10;5;16;20;1511015192;20;255;1511015209;0
32;16;10;5;16;20;1511016039;20;255;1511016049;0
32;16;10;5;16;20;1511016161;20;255;1511016194;0
32;16;10;5;16;20;1511016188;20;255;1511016195;0
32;16;10;5;16;20;1511016361;20;255;1511016415;1
32;16;10;5;16;20;1511017276;20;255;1511017305;0
32;16;10;5;16;20;1511017323;20;255;1511017334;0
32;16;10;5;16;20;1511017417;20;255;1511017446;0
32;16;10;5;16;20;1511017549;20;255;1511017574;0
32;16;10;5;16;20;1511018346;20;255;1511018353;0
32;16;10;5;16;20;1511018564;20;255;1511018574;0
32;16;10;5;16;20;1511018636;20;255;1511018650;0
32;16;10;5;16;20;1511018670;20;255;1511018693;0
32;16;10;5;16;20;1511019459;20;255;1511019466;0
32;16;10;5;16;20;1511019748;20;255;1511019768;0
32;16;10;5;16;20;1511019793;20;255;1511019801;0
32;16;10;5;16;20;1511019775;20;255;1511019829;1
32;16;10;5;16;20;1511020517;20;255;1511020546;0
32;16;10;5;16;20;1511020959;20;255;1511020966;0
32;16;10;5;16;20;1511021012;20;255;1511021019;0
32;16;10;5;16;20;1511021004;20;255;1511021027;0
32;16;10;5;16;20;1511021734;20;255;1511021741;0
32;16;10;5;16;20;1511022090;20;255;1511022097;0
32;16;10;5;16;20;1511022180;20;255;1511022212;0
32;16;10;5;16;20;1511022385;20;255;1511022398;0
32;16;10;5;16;20;1511023085;20;255;1511023095;0
32;16;10;5;16;20;1511023165;20;255;1511023219;1
32;16;10;5;16;20;1511023491;20;255;1511023514;0
32;16;10;5;16;20;1511023520;20;255;1511023533;0
32;16;10;5;16;20;1511024126;20;255;1511024137;0
32;16;10;5;16;20;1511024258;20;255;1511024268;0
32;16;10;5;16;20;1511024560;20;255;1511024583;0
32;16;10;5;16;20;1511024812;20;255;1511024826;0
32;16;10;5;16;20;1511025200;20;255;1511025217;0
32;16;10;5;16;20;1511025461;20;255;1511025472;0
32;16;10;5;16;20;1511025591;20;255;1511025601;0
32;16;10;5;16;20;1511025913;20;255;1511025939;0
32;16;10;5;16;20;1511026321;20;255;1511026335;0
32;16;10;5;16;20;1511026474;20;255;1511026481;0
32;16;10;5;16;20;1511026780;20;255;1511026787;0
32;16;10;5;16;20;1511026950;20;255;1511026979;0
32;16;10;5;16;20;1511027497;20;255;1511027536;0
32;16;10;5;16;20;1511027820;20;255;1511027827;0
32;16;10;5;16;20;1511028003;20;255;1511028014;0
32;16;10;5;16;20;1511028115;20;255;1511028132;0
32;16;10;5;16;20;1511028740;20;255;1511028756;0
32;16;10;5;16;20;1511029085;20;255;1511029093;0
32;16;10;5;16;20;1511029091;20;255;1511029101;0
32;16;10;5;16;20;1511029474;20;255;1511029485;0
32;16;10;5;16;20;1511029784;20;255;1511029791;0
32;16;10;5;16;20;1511030201;20;255;1511030225;0
32;16;10;5;16;20;1511030307;20;255;1511030314;0
32;16;10;5;16;20;1511030757;20;255;1511030786;0
32;16;10;5;16;20;1511030860;20;255;1511030867;0
32;16;10;5;16;20;1511031311;20;255;1511031319;0
32;16;10;5;16;20;1511031495;20;255;1511031502;0
32;16;10;5;16;20;1511031941;20;255;1511031967;0
32;16;10;5;16;20;1511032112;20;255;1511032122;0
32;16;10;5;16;20;1511032346;20;255;1511032353;0
32;16;10;5;16;20;1511032701;20;255;1511032718;0
32;16;10;5;16;20;1511033165;20;255;1511033201;0
32;16;10;5;16;20;1511033168;20;255;1511033212;0
32;16;10;5;16;20;1511033494;20;255;1511033504;0
32;16;10;5;16;20;1511033843;20;255;1511033856;0
32;16;10;5;16;20;1511034417;20;255;1511034433;0
32;16;10;5;16;20;1511034440;20;255;1511034447;0
32;16;10;5;16;20;1511034484;20;255;1511034491;0
32;16;10;5;16;20;1511035145;20;255;1511035156;0
32;16;10;5;16;20;1511035487;20;255;1511035498;0
32;16;10;5;16;20;1511035641;20;255;1511035648;0
32;16;10;5;16;20;1511035756;20;255;1511035763;0
32;16;10;5;16;20;1511036448;20;255;1511036462;0
32;16;10;5;16;20;1511036634;20;255;1511036650;0
32;16;10;5;16;20;1511036804;20;255;1511036811;0
32;16;10;5;16;20;1511036926;20;255;1511036959;0
32;16;10;5;16;20;1511037541;20;255;1511037561;0
32;16;10;5;16;20;1511037785;20;255;1511037798;0
32;16;10;5;16;20;1511037930;20;255;1511037937;0
32;16;10;5;16;20;1511037936;20;255;1511037943;0
32;16;10;5;16;20;1511038729;20;255;1511038755;0
32;16;10;5;16;20;1511038784;20;255;1511038813;0
32;16;10;5;16;20;1511039054;20;255;1511039061;0
32;16;10;5;16;20;1511039107;20;255;1511039117;0
32;16;10;5;16;20;1511039874;20;255;1511039891;0
32;16;10;5;16;20;1511039947;20;255;1511039957;0
32;16;10;5;16;20;1511040146;20;255;1511040160;0
32;16;10;5;16;20;1511040328;20;255;1511040347;0
32;16;10;5;16;20;1511041086;20;255;1511041109;0
32;16;10;5;16;20;1511041083;20;255;1511041122;0
32;16;10;5;16;20;1511041269;20;255;1511041305;0
32;16;10;5;16;20;1511041409;20;255;1511041423;0
32;16;10;5;16;20;1511042261;20;255;1511042268;0
32;16;10;5;16;20;1511042270;20;255;1511042293;0
32;16;10;5;16;20;1511042491;20;255;1511042501;0
32;16;10;5;16;20;1511042594;20;255;1511042601;0
32;16;10;5;16;20;1511043536;20;255;1511043546;0
32;16;10;5;16;20;1511043600;20;255;1511043607;0
32;16;10;5;16;20;1511043600;20;255;1511043611;0
32;16;10;5;16;20;1511043804;20;255;1511043815;0
32;16;10;5;16;20;1511044545;20;255;1511044556;0
32;16;10;5;16;20;1511044744;20;255;1511044755;0
32;16;10;5;16;20;1511044774;20;255;1511044791;0
32;16;10;5;16;20;1511044805;20;255;1511044812;0
32;16;10;5;16;20;1511045765;20;255;1511045782;0
32;16;10;5;16;20;1511045839;20;255;1511045865;0
32;16;10;5;16;20;1511045977;20;255;1511045994;0
32;16;10;5;16;20;1511046046;20;255;1511046057;0
32;16;10;5;16;20;1511046940;20;255;1511046956;0
32;16;10;5;16;20;1511046961;20;255;1511046971;0
32;16;10;5;16;20;1511047042;20;255;1511047056;0
32;16;10;5;16;20;1511047061;20;255;1511047088;0
32;16;10;5;16;20;1511048059;20;255;1511048082;0
32;16;10;5;16;20;1511048101;20;255;1511048149;0
32;16;10;5;16;20;1511048159;20;255;1511048166;0
32;16;10;5;16;20;1511048260;20;255;1511048267;0
32;16;10;5;16;20;1511049232;20;255;1511049239;0
32;16;10;5;16;20;1511049389;20;255;1511049400;0
32;16;10;5;16;20;1511049403;20;255;1511049410;0
32;16;10;5;16;20;1511049462;20;255;1511049469;0
32;16;10;5;16;20;1511050369;20;255;1511050376;0
32;16;10;5;16;20;1511050488;20;255;1511050499;0
32;16;10;5;16;20;1511050571;20;255;1511050594;0
32;16;10;5;16;20;1511050622;20;255;1511050629;0
32;16;10;5;16;20;1511051518;20;255;1511051553;0
32;16;10;5;16;20;1511051580;20;255;1511051600;0
32;16;10;5;16;20;1511051781;20;255;1511051807;0
32;16;10;5;16;20;1511051803;20;255;1511051814;0
32;16;10;5;16;20;1511052657;20;255;1511052674;0
32;16;10;5;16;20;1511052698;20;255;1511052712;0
32;16;10;5;16;20;1511052799;20;255;1511052818;0
32;16;10;5;16;20;1511052936;20;255;1511052949;0
32;16;10;5;16;20;1511053850;20;255;1511053863;0
32;16;10;5;16;20;1511053862;20;255;1511053869;0
32;16;10;5;16;20;1511054009;20;255;1511054016;0
32;16;10;5;16;20;1511054064;20;255;1511054084;0
32;16;10;5;16;20;1511054980;20;255;1511054987;0
32;16;10;5;16;20;1511055013;20;255;1511055027;0
32;16;10;5;16;20;1511055187;20;255;1511055194;0
32;16;10;5;16;20;1511055177;20;255;1511055197;0
32;16;10;5;16;20;1511056059;20;255;1511056076;0
32;16;10;5;16;20;1511056229;20;255;1511056243;0
32;16;10;5;16;20;1511056272;20;255;1511056298;0
32;16;10;5;16;20;1511056355;20;255;1511056363;0
32;16;10;5;16;20;1511057214;20;255;1511057224;0
32;16;10;5;16;20;1511057373;20;255;1511057383;0
32;16;10;5;16;20;1511057397;20;255;1511057404;0
32;16;10;5;16;20;1511057471;20;255;1511057491;0
32;16;10;5;16;20;1511058408;20;255;1511058415;0
32;16;10;5;16;20;1511058477;20;255;1511058484;0
32;16;10;5;16;20;1511058643;20;255;1511058657;0
32;16;10;5;16;20;1511058885;20;255;1511058911;0
32;16;10;5;16;20;1511059640;20;255;1511059647;0
32;16;10;5;16;20;1511059652;20;255;1511059660;0
32;16;10;5;16;20;1511059897;20;255;1511059914;0
32;16;10;5;16;20;1511060182;20;255;1511060202;0
32;16;10;5;16;20;1511060679;20;255;1511060692;0
32;16;10;5;16;20;1511060728;20;255;1511060738;0
32;16;10;5;16;20;1511060917;20;255;1511060924;0
32;16;10;5;16;20;1511061455;20;255;1511061466;0
32;16;10;5;16;20;1511061823;20;255;1511061862;0
32;16;10;5;16;20;1511061931;20;255;1511061939;0
32;16;10;5;16;20;1511061971;20;255;1511061988;0
32;16;10;5;16;20;1511062514;20;255;1511062547;0
32;16;10;5;16;20;1511062996;20;255;1511063034;0
32;16;10;5;16;20;1511063081;20;255;1511063113;0
32;16;10;5;16;20;1511063235;20;255;1511063243;0
32;16;10;5;16;20;1511063673;20;255;1511063693;0
32;16;10;5;16;20;1511064140;20;255;1511064147;0
32;16;10;5;16;20;1511064363;20;255;1511064414;0
32;16;10;5;16;20;1511064411;20;255;1511064422;0
32;16;10;5;16;20;1511064789;20;255;1511064797;0
32;16;10;5;16;20;1511065216;20;255;1511065236;0
32;16;10;5;16;20;1511065440;20;255;1511065451;0
32;16;10;5;16;20;1511065663;20;255;1511065674;0
32;16;10;5;16;20;1511065878;20;255;1511065907;0
32;16;10;5;16;20;1511066440;20;255;1511066453;0
32;16;10;5;16;20;1511066426;20;255;1511066458;0
32;16;10;5;16;20;1511066769;20;255;1511066795;0
32;16;10;5;16;20;1511067175;20;255;1511067182;0
32;16;10;5;16;20;1511067388;20;255;1511067398;0
32;16;10;5;16;20;1511067755;20;255;1511067781;0
32;16;10;5;16;20;1511067820;20;255;1511067828;0
32;16;10;5;16;20;1511068329;20;255;1511068339;0
32;16;10;5;16;20;1511068614;20;255;1511068659;0
32;16;10;5;16;20;1511068699;20;255;1511068716;0
32;16;10;5;16;20;1511068849;20;255;1511068856;0
32;16;10;5;16;20;1511069386;20;255;1511069396;0
32;16;10;5;16;20;1511069706;20;255;1511069726;0
32;16;10;5;16;20;1511069729;20;255;1511069739;0
32;16;10;5;16;20;1511069980;20;255;1511070003;0
32;16;10;5;16;20;1511070512;20;255;1511070555;0
32;16;10;5;16;20;1511070821;20;255;1511070828;0
32;16;10;5;16;20;1511070822;20;255;1511070832;0
32;16;10;5;16;20;1511071093;20;255;1511071100;0
32;16;10;5;16;20;1511071837;20;255;1511071854;0
32;16;10;5;16;20;1511071828;20;255;1511071872;0
32;16;10;5;16;20;1511072027;20;255;1511072034;0
32;16;10;5;16;20;1511072247;20;255;1511072295;0
32;16;10;5;16;20;1511072906;20;255;1511072938;0
32;16;10;5;16;20;1511073108;20;255;1511073122;0
32;16;10;5;16;20;1511073144;20;255;1511073173;0
32;16;10;5;16;20;1511073575;20;255;1511073585;0
32;16;10;5;16;20;1511074023;20;255;1511074031;0
32;16;10;5;16;20;1511074102;20;255;1511074112;0
32;16;10;5;16;20;1511074317;20;255;1511074324;0
32;16;10;5;16;20;1511074780;20;255;1511074791;0
32;16;10;5;16;20;1511075174;20;255;1511075181;0
32;16;10;5;16;20;1511075324;20;255;1511075334;0
32;16;10;5;16;20;1511075410;20;255;1511075417;0
32;16;10;5;16;20;1511075863;20;255;1511075873;0
32;16;10;5;16;20;1511076279;20;255;1511076286;0
32;16;10;5;16;20;1511076419;20;255;1511076427;0
32;16;10;5;16;20;1511076571;20;255;1511076588;0
32;16;10;5;16;20;1511076986;20;255;1511077015;0
32;16;10;5;16;20;1511077493;20;255;1511077506;0
32;16;10;5;16;20;1511077700;20;255;1511077710;0
32;16;10;5;16;20;1511077713;20;255;1511077721;0
32;16;10;5;16;20;1511078160;20;255;1511078196;0
32;16;10;5;16;20;1511078532;20;255;1511078546;0
32;16;10;5;16;20;1511078838;20;255;1511078857;0
32;16;10;5;16;20;1511078856;20;255;1511078870;0
32;16;10;5;16;20;1511079359;20;255;1511079394;0
32;16;10;5;16;20;1511079587;20;255;1511079597;0
32;16;10;5;16;20;1511080006;20;255;1511080016;0
32;16;10;5;16;20;1511080071;20;255;1511080091;0
32;16;10;5;16;20;1511080442;20;255;1511080472;0
32;16;10;5;16;20;1511080744;20;255;1511080754;0
32;16;10;5;16;20;1511081141;20;255;1511081173;0
32;16;10;5;16;20;1511081315;20;255;1511081322;0
32;16;10;5;16;20;1511081723;20;255;1511081771;0
32;16;10;5;16;20;1511081830;20;255;1511081840;0
32;16;10;5;16;20;1511082352;20;255;1511082363;0
32;16;10;5;16;20;1511082523;20;255;1511082539;0
32;16;10;5;16;20;1511082860;20;255;1511082867;0
32;16;10;5;16;20;1511082997;20;255;1511083004;0
32;16;10;5;16;20;1511083492;20;255;1511083499;0
32;16;10;5;16;20;1511083718;20;255;1511083734;0
32;16;10;5;16;20;1511083974;20;255;1511083981;0
32;16;10;5;16;20;1511084087;20;255;1511084097;0
32;16;10;5;16;20;1511084508;20;255;1511084515;0
32;16;10;5;16;20;1511084789;20;255;1511084799;0
32;16;10;5;16;20;1511085060;20;255;1511085067;0
32;16;10;5;16;20;1511085246;20;255;1511085272;0
32;16;10;5;16;20;1511085552;20;255;1511085559;0
32;16;10;5;16;20;1511085981;20;255;1511085994;0
32;16;10;5;16;20;1511086198;20;255;1511086217;0
32;16;10;5;16;20;1511086503;20;255;1511086525;0
32;16;10;5;16;20;1511086741;20;255;1511086767;0
32;16;10;5;16;20;1511087160;20;255;1511087170;0
32;16;10;5;16;20;1511087379;20;255;1511087414;0
32;16;10;5;16;20;1511087804;20;255;1511087830;0
32;16;10;5;16;20;1511087846;20;255;1511087860;0
32;16;10;5;16;20;1511088215;20;255;1511088238;0
32;16;10;5;16;20;1511088710;20;255;1511088720;0
32;16;10;5;16;20;1511088983;20;255;1511088996;0
32;16;10;5;16;20;1511089043;20;255;1511089050;0
32;16;10;5;16;20;1511089337;20;255;1511089344;0
32;16;10;5;16;20;1511089864;20;255;1511089874;0
32;16;10;5;16;20;1511090200;20;255;1511090207;0
32;16;10;5;16;20;1511090240;20;255;1511090294;1
32;16;10;5;16;20;1511090594;20;255;1511090601;0
32;16;10;5;16;20;1511091068;20;255;1511091081;0
32;16;10;5;16;20;1511091373;20;255;1511091399;0
32;16;10;5;16;20;1511091493;20;255;1511091500;0
32;16;10;5;16;20;1511091796;20;255;1511091807;0
32;16;10;5;16;20;1511092320;20;255;1511092327;0
32;16;10;5;16;20;1511092325;20;255;1511092351;0
32;16;10;5;16;20;1511092740;20;255;1511092785;0
32;16;10;5;16;20;1511092882;20;255;1511092892;0
32;16;10;5;16;20;1511093408;20;255;1511093425;0
32;16;10;5;16;20;1511093662;20;255;1511093688;0
32;16;10;5;16;20;1511093849;20;255;1511093881;0
32;16;10;5;16;20;1511094139;20;255;1511094162;0
32;16;10;5;16;20;1511094555;20;255;1511094565;0
32;16;10;5;16;20;1511094717;20;255;1511094730;0
32;16;10;5;16;20;1511094958;20;255;1511094972;0
32;16;10;5;16;20;1511095266;20;255;1511095273;0
32;16;10;5;16;20;1511095731;20;255;1511095741;0
32;16;10;5;16;20;1511095873;20;255;1511095887;0
32;16;10;5;16;20;1511096067;20;255;1511096083;0
32;16;10;5;16;20;1511096607;20;255;1511096621;0
32;16;10;5;16;20;1511096842;20;255;1511096856;0
32;16;10;5;16;20;1511097163;20;255;1511097174;0
32;16;10;5;16;20;1511097189;20;255;1511097225;0
32;16;10;5;16;20;1511097707;20;255;1511097740;0
32;16;10;5;16;20;1511097991;20;255;1511098023;0
32;16;10;5;16;20;1511098191;20;255;1511098202;0
32;16;10;5;16;20;1511098310;20;255;1511098320;0
32;16;10;5;16;20;1511098913;20;255;1511098927;0
32;16;10;5;16;20;1511099177;20;255;1511099184;0
32;16;10;5;16;20;1511099496;20;255;1511099503;0
32;16;10;5;16;20;1511099647;20;255;1511099657;0
32;16;10;5;16;20;1511100217;20;255;1511100271;1
32;16;10;5;16;20;1511100259;20;255;1511100272;0
32;16;10;5;16;20;1511100643;20;255;1511100650;0
32;16;10;5;16;20;1511100672;20;255;1511100689;0
32;16;10;5;16;20;1511101330;20;255;1511101356;0
32;16;10;5;16;20;1511101477;20;255;1511101487;0
32;16;10;5;16;20;1511101731;20;255;1511101751;0
32;16;10;5;16;20;1511101830;20;255;1511101846;0
32;16;10;5;16;20;1511102364;20;255;1511102372;0
32;16;10;5;16;20;1511102684;20;255;1511102697;0
32;16;10;5;16;20;1511102823;20;255;1511102834;0
32;16;10;5;16;20;1511102986;20;255;1511102993;0
32;16;10;5;16;20;1511103380;20;255;1511103388;0
32;16;10;5;16;20;1511103908;20;255;1511103915;0
32;16;10;5;16;20;1511104036;20;255;1511104050;0
32;16;10;5;16;20;1511104175;20;255;1511104189;0
32;16;10;5;16;20;1511104608;20;255;1511104663;1
32;16;10;5;16;20;1511105027;20;255;1511105041;0
32;16;10;5;16;20;1511105075;20;255;1511105095;0
32;16;10;5;16;20;1511105405;20;255;1511105418;0
32;16;10;5;16;20;1511105785;20;255;1511105814;0
32;16;10;5;16;20;1511106050;20;255;1511106057;0
32;16;10;5;16;20;1511106177;20;255;1511106187;0
32;16;10;5;16;20;1511106403;20;255;1511106416;0
32;16;10;5;16;20;1511106902;20;255;1511106918;0
32;16;10;5;16;20;1511107258;20;255;1511107272;0
32;16;10;5;16;20;1511107302;20;255;1511107326;0
32;16;10;5;16;20;1511107404;20;255;1511107421;0
32;16;10;5;16;20;1511108113;20;255;1511108120;0
32;16;10;5;16;20;1511108334;20;255;1511108357;0
32;16;10;5;16;20;1511108437;20;255;1511108444;0
32;16;10;5;16;20;1511108648;20;255;1511108674;0
32;16;10;5;16;20;1511109260;20;255;1511109271;0
32;16;10;5;16;20;1511109413;20;255;1511109461;0
32;16;10;5;16;20;1511109628;20;255;1511109636;0
32;16;10;5;16;20;1511109878;20;255;1511109904;0
32;16;10;5;16;20;1511110491;20;255;1511110520;0
32;16;10;5;16;20;1511110517;20;255;1511110546;0
32;16;10;5;16;20;1511110914;20;255;1511110921;0
32;16;10;5;16;20;1511111065;20;255;1511111078;0
32;16;10;5;16;20;1511111608;20;255;1511111628;0
32;16;10;5;16;20;1511111800;20;255;1511111817;0
32;16;10;5;16;20;1511112185;20;255;1511112211;0
32;16;10;5;16;20;1511112221;20;255;1511112231;0
32;16;10;5;16;20;1511112692;20;255;1511112705;0
32;16;10;5;16;20;1511113161;20;255;1511113205;0
32;16;10;5;16;20;1511113368;20;255;1511113375;0
32;16;10;5;16;20;1511113530;20;255;1511113540;0
32;16;10;5;16;20;1511113965;20;255;1511113991;0
32;16;10;5;16;20;1511114213;20;255;1511114223;0
32;16;10;5;16;20;1511114663;20;255;1511114670;0
32;16;10;5;16;20;1511114745;20;255;1511114755;0
32;16;10;5;16;20;1511115108;20;255;1511115124;0
32;16;10;5;16;20;1511115294;20;255;1511115301;0
32;16;10;5;16;20;1511115948;20;255;1511115984;0
32;16;10;5;16;20;1511116030;20;255;1511116044;0
32;16;10;5;16;20;1511116359;20;255;1511116395;0
32;16;10;5;16;20;1511116532;20;255;1511116558;0
32;16;10;5;16;20;1511117041;20;255;1511117051;0
32;16;10;5;16;20;1511117153;20;255;1511117160;0
32;16;10;5;16;20;1511117659;20;255;1511117700;0
32;16;10;5;16;20;1511117699;20;255;1511117709;0
32;16;10;5;16;20;1511118197;20;255;1511118223;0
32;16;10;5;16;20;1511118382;20;255;1511118418;0
32;16;10;5;16;20;1511118736;20;255;1511118746;0
32;16;10;5;16;20;1511118979;20;255;1511119015;0
32;16;10;5;16;20;1511119371;20;255;1511119403;0
32;16;10;5;16;20;1511119586;20;255;1511119625;0
32;16;10;5;16;20;1511119794;20;255;1511119804;0
32;16;10;5;16;20;1511120054;20;255;1511120074;0
32;16;10;5;16;20;1511120433;20;255;1511120443;0
32;16;10;5;16;20;1511120686;20;255;1511120696;0
32;16;10;5;16;20;1511120808;20;255;1511120821;0
32;16;10;5;16;20;1511121249;20;255;1511121272;0
32;16;10;5;16;20;1511121601;20;255;1511121627;0
32;16;10;5;16;20;1511121809;20;255;1511121819;0
32;16;10;5;16;20;1511122169;20;255;1511122176;0
32;16;10;5;16;20;1511122287;20;255;1511122304;0
32;16;10;5;16;20;1511122689;20;255;1511122714;0
32;16;10;5;16;20;1511123041;20;255;1511123080;0
32;16;10;5;16;20;1511123223;20;255;1511123236;0
32;16;10;5;16;20;1511123379;20;255;1511123392;0
32;16;10;5;16;20;1511123912;20;255;1511123938;0
32;16;10;5;16;20;1511124228;20;255;1511124248;0
32;16;10;5;16;20;1511124381;20;255;1511124401;0
32;16;10;5;16;20;1511124677;20;255;1511124694;0
32;16;10;5;16;20;1511125123;20;255;1511125143;0
32;16;10;5;16;20;1511125316;20;255;1511125333;0
32;16;10;5;16;20;1511125644;20;255;1511125658;0
32;16;10;5;16;20;1511125910;20;255;1511125917;0
32;16;10;5;16;20;1511126318;20;255;1511126344;0
32;16;10;5;16;20;1511126598;20;255;1511126614;0
32;16;10;5;16;20;1511126679;20;255;1511126696;0
32;16;10;5;16;20;1511126955;20;255;1511126962;0
32;16;10;5;16;20;1511127499;20;255;1511127522;0
32;16;10;5;16;20;1511127673;20;255;1511127680;0
32;16;10;5;16;20;1511127950;20;255;1511127967;0
32;16;10;5;16;20;1511128129;20;255;1511128158;0
32;16;10;5;16;20;1511128773;20;255;1511128827;1
32;16;10;5;16;20;1511128821;20;255;1511128828;0
32;16;10;5;16;20;1511129106;20;255;1511129123;0
32;16;10;5;16;20;1511129239;20;255;1511129246;0
32;16;10;5;16;20;1511129835;20;255;1511129848;0
32;16;10;5;16;20;1511130057;20;255;1511130064;0
32;16;10;5;16;20;1511130270;20;255;1511130287;0
32;16;10;5;16;20;1511130468;20;255;1511130475;0
32;16;10;5;16;20;1511130876;20;255;1511130887;0
32;16;10;5;16;20;1511131302;20;255;1511131327;0
32;16;10;5;16;20;1511131331;20;255;1511131344;0
32;16;10;5;16;20;1511131717;20;255;1511131772;1
32;16;10;5;16;20;1511131989;20;255;1511131996;0
32;16;10;5;16;20;1511132532;20;255;1511132539;0
32;16;10;5;16;20;1511132534;20;255;1511132545;0
32;16;10;5;16;20;1511132836;20;255;1511132843;0
32;16;10;5;16;20;1511133051;20;255;1511133058;0
32;16;10;5;16;20;1511133737;20;255;1511133760;0
32;16;10;5;16;20;1511133777;20;255;1511133806;0
32;16;10;5;16;20;1511133984;20;255;1511133991;0
32;16;10;5;16;20;1511134015;20;255;1511134025;0
32;16;10;5;16;20;1511134848;20;255;1511134858;0
32;16;10;5;16;20;1511134912;20;255;1511134932;0
32;16;10;5;16;20;1511135084;20;255;1511135091;0
32;16;10;5;16;20;1511135179;20;255;1511135187;0
32;16;10;5;16;20;1511135970;20;255;1511135977;0
32;16;10;5;16;20;1511136218;20;255;1511136225;0
32;16;10;5;16;20;1511136234;20;255;1511136253;0
32;16;10;5;16;20;1511136451;20;255;1511136474;0
32;16;10;5;16;20;1511137083;20;255;1511137109;0
32;16;10;5;16;20;1511137474;20;255;1511137488;0
32;16;10;5;16;20;1511137512;20;255;1511137522;0
32;16;10;5;16;20;1511137714;20;255;1511137721;0
32;16;10;5;16;20;1511138290;20;255;1511138309;0
32;16;10;5;16;20;1511138621;20;255;1511138632;0
32;16;10;5;16;20;1511138727;20;255;1511138737;0
32;16;10;5;16;20;1511139007;20;255;1511139020;0
32;16;10;5;16;20;1511139471;20;255;1511139522;0
32;16;10;5;16;20;1511139828;20;255;1511139845;0
32;16;10;5;16;20;1511139887;20;255;1511139894;0
32;16;10;5;16;20;1511140132;20;255;1511140155;0
32;16;10;5;16;20;1511140683;20;255;1511140722;0
32;16;10;5;16;20;1511141078;20;255;1511141095;0
32;16;10;5;16;20;1511141073;20;255;1511141129;1
32;16;10;5;16;20;1511141234;20;255;1511141259;0
32;16;10;5;16;20;1511141788;20;255;1511141802;0
32;16;10;5;16;20;1511142201;20;255;1511142256;1
32;16;10;5;16;20;1511142298;20;255;1511142306;0
32;16;10;5;16;20;1511142337;20;255;1511142347;0
32;16;10;5;16;20;1511142881;20;255;1511142894;0
32;16;10;5;16;20;1511143517;20;255;1511143534;0
32;16;10;5;16;20;1511143540;20;255;1511143547;0
32;16;10;5;16;20;1511143616;20;255;1511143626;0
32;16;10;5;16;20;1511144117;20;255;1511144134;0
32;16;10;5;16;20;1511144586;20;255;1511144637;0
32;16;10;5;16;20;1511144650;20;255;1511144664;0
32;16;10;5;16;20;1511144658;20;255;1511144681;0
32;16;10;5;16;20;1511145150;20;255;1511145166;0
32;16;10;5;16;20;1511145717;20;255;1511145727;0
32;16;10;5;16;20;1511145893;20;255;1511145913;0
32;16;10;5;16;20;1511146030;20;255;1511146038;0
32;16;10;5;16;20;1511146426;20;255;1511146461;0
32;16;10;5;16;20;1511146825;20;255;1511146838;0
32;16;10;5;16;20;1511146913;20;255;1511146936;0
32;16;10;5;16;20;1511147234;20;255;1511147241;0
32;16;10;5;16;20;1511147804;20;255;1511147814;0
32;16;10;5;16;20;1511148057;20;255;1511148067;0
32;16;10;5;16;20;1511148265;20;255;1511148278;0
32;16;10;5;16;20;1511148332;20;255;1511148371;0
32;16;10;5;16;20;1511148918;20;255;1511148936;0
32;16;10;5;16;20;1511149325;20;255;1511149332;0
32;16;10;5;16;20;1511149511;20;255;1511149534;0
32;16;10;5;16;20;1511149666;20;255;1511149673;0
32;16;10;5;16;20;1511150097;20;255;1511150107;0
32;16;10;5;16;20;1511150404;20;255;1511150415;0
32;16;10;5;16;20;1511150664;20;255;1511150716;0
32;16;10;5;16;20;1511150732;20;255;1511150745;0
32;16;10;5;16;20;1511151303;20;255;1511151313;0
32;16;10;5;16;20;1511151520;20;255;1511151549;0
32;16;10;5;16;20;1511151873;20;255;1511151884;0
32;16;10;5;16;20;1511151993;20;255;1511152010;0
32;16;10;5;16;20;1511152670;20;255;1511152683;0
32;16;10;5;16;20;1511152694;20;255;1511152701;0
32;16;10;5;16;20;1511152941;20;255;1511152958;0
32;16;10;5;16;20;1511153083;20;255;1511153119;0
32;16;10;5;16;20;1511153853;20;255;1511153863;0
32;16;10;5;16;20;1511153827;20;255;1511153881;1
32;16;10;5;16;20;1511154088;20;255;1511154118;0
32;16;10;5;16;20;1511154180;20;255;1511154200;0
32;16;10;5;16;20;1511155002;20;255;1511155013;0
32;16;10;5;16;20;1511155213;20;255;1511155245;0
32;16;10;5;16;20;1511155357;20;255;1511155373;0
32;16;10;5;16;20;1511155430;20;255;1511155468;0
32;16;10;5;16;20;1511156383;20;255;1511156393;0
32;16;10;5;16;20;1511156501;20;255;1511156508;0
32;16;10;5;16;20;1511156522;20;255;1511156542;0
32;16;10;5;16;20;1511156693;20;255;1511156700;0
32;16;10;5;16;20;1511157412;20;255;1511157428;0
32;16;10;5;16;20;1511157594;20;255;1511157604;0
32;16;10;5;16;20;1511157806;20;255;1511157819;0
32;16;10;5;16;20;1511157955;20;255;1511157993;0
32;16;10;5;16;20;1511158519;20;255;1511158536;0
32;16;10;5;16;20;1511158963;20;255;1511158979;0
32;16;10;5;16;20;1511158961;20;255;1511158987;0
32;16;10;5;16;20;1511159025;20;255;1511159055;0
32;16;10;5;16;20;1511159720;20;255;1511159750;0
32;16;10;5;16;20;1511160042;20;255;1511160061;0
32;16;10;5;16;20;1511160018;20;255;1511160072;1
32;16;10;5;16;20;1511160082;20;255;1511160099;0
32;16;10;5;16;20;1511160793;20;255;1511160807;0
32;16;10;5;16;20;1511161185;20;255;1511161195;0
32;16;10;5;16;20;1511161252;20;255;1511161259;0
32;16;10;5;16;20;1511161383;20;255;1511161437;1
32;16;10;5;16;20;1511161888;20;255;1511161898;0
32;16;10;5;16;20;1511162463;20;255;1511162471;0
32;16;10;5;16;20;1511162477;20;255;1511162490;0
32;16;10;5;16;20;1511162548;20;255;1511162562;0
32;16;10;5;16;20;1511163090;20;255;1511163097;0
32;16;10;5;16;20;1511163449;20;255;1511163469;0
32;16;10;5;16;20;1511163619;20;255;1511163633;0
32;16;10;5;16;20;1511163665;20;255;1511163694;0
32;16;10;5;16;20;1511164173;20;255;1511164193;0
32;16;10;5;16;20;1511164714;20;255;1511164724;0
32;16;10;5;16;20;1511164776;20;255;1511164796;0
32;16;10;5;16;20;1511165016;20;255;1511165039;0
32;16;10;5;16;20;1511165279;20;255;1511165334;1
32;16;10;5;16;20;1511165880;20;255;1511165902;0
32;16;10;5;16;20;1511166022;20;255;1511166032;0
32;16;10;5;16;20;1511166063;20;255;1511166074;0
32;16;10;5;16;20;1511166477;20;255;1511166500;0
32;16;10;5;16;20;1511166958;20;255;1511166993;0
32;16;10;5;16;20;1511167059;20;255;1511167088;0
32;16;10;5;16;20;1511167230;20;255;1511167250;0
32;16;10;5;16;20;1511167475;20;255;1511167488;0
32;16;10;5;16;20;1511168118;20;255;1511168131;0
32;16;10;5;16;20;1511168322;20;255;1511168329;0
32;16;10;5;16;20;1511168414;20;255;1511168431;0
32;16;10;5;16;20;1511168668;20;255;1511168685;0
32;16;10;5;16;20;1511169310;20;255;1511169317;0
32;16;10;5;16;20;1511169514;20;255;1511169521;0
32;16;10;5;16;20;1511169525;20;255;1511169545;0
32;16;10;5;16;20;1511169679;20;255;1511169709;0
32;16;10;5;16;20;1511170394;20;255;1511170401;0
32;16;10;5;16;20;1511170740;20;255;1511170756;0
32;16;10;5;16;20;1511170761;20;255;1511170772;0
32;16;10;5;16;20;1511170881;20;255;1511170889;0
32;16;10;5;16;20;1511171872;20;255;1511171882;0
32;16;10;5;16;20;1511172012;20;255;1511172053;0
32;16;10;5;16;20;1511172043;20;255;1511172057;0
32;16;10;5;16;20;1511172125;20;255;1511172136;0
