32;16;10;5;2;20;1510756267;20;255;1510756279;0
32;16;10;5;2;20;1510756273;20;255;1510756281;0
32;16;10;5;2;20;1510756270;20;255;1510756281;1
32;16;10;5;2;20;1510756271;20;255;1510756283;0
32;16;10;5;2;20;1510756568;20;255;1510756579;0
32;16;10;5;2;20;1510756571;20;255;1510756582;0
32;16;10;5;2;20;1510756575;20;255;1510756586;1
32;16;10;5;2;20;1510756632;20;255;1510756643;1
32;16;10;5;2;20;1510756863;20;255;1510756874;0
32;16;10;5;2;20;1510756868;20;255;1510756879;1
32;16;10;5;2;20;1510756918;20;255;1510756929;0
32;16;10;5;2;20;1510756941;20;255;1510756948;0
32;16;10;5;2;20;1510757187;20;255;1510757199;0
32;16;10;5;2;20;1510757221;20;255;1510757233;1
32;16;10;5;2;20;1510757280;20;255;1510757293;1
32;16;10;5;2;20;1510757371;20;255;1510757381;0
32;16;10;5;2;20;1510757538;20;255;1510757547;0
32;16;10;5;2;20;1510757545;20;255;1510757553;0
32;16;10;5;2;20;1510757597;20;255;1510757611;1
32;16;10;5;2;20;1510757655;20;255;1510757667;1
32;16;10;5;2;20;1510758589;20;255;1510758600;1
32;16;10;5;2;20;1510758829;20;255;1510758840;0
32;16;10;5;2;20;1510758849;20;255;1510758856;0
32;16;10;5;2;20;1510758924;20;255;1510758934;1
32;16;10;5;2;20;1510759860;20;255;1510759870;1
32;16;10;5;2;20;1510760110;20;255;1510760117;0
32;16;10;5;2;20;1510760106;20;255;1510760117;1
32;16;10;5;2;20;1510760123;20;255;1510760131;0
32;16;10;5;2;20;1510760947;20;255;1510760958;1
32;16;10;5;2;20;1510761265;20;255;1510761273;0
32;16;10;5;2;20;1510761435;20;255;1510761446;1
32;16;10;5;2;20;1510761447;20;255;1510761458;0
32;16;10;5;2;20;1510762189;20;255;1510762196;0
32;16;10;5;2;20;1510762381;20;255;1510762391;0
32;16;10;5;2;20;1510762632;20;255;1510762642;1
32;16;10;5;2;20;1510762633;20;255;1510762643;1
32;16;10;5;2;20;1510763139;20;255;1510763146;0
32;16;10;5;2;20;1510763410;20;255;1510763420;1
32;16;10;5;2;20;1510763627;20;255;1510763638;1
32;16;10;5;2;20;1510763775;20;255;1510763785;1
32;16;10;5;2;20;1510764186;20;255;1510764196;0
32;16;10;5;2;20;1510764272;20;255;1510764282;1
32;16;10;5;2;20;1510764902;20;255;1510764909;0
32;16;10;5;2;20;1510765036;20;255;1510765046;1
32;16;10;5;2;20;1510765375;20;255;1510765382;0
32;16;10;5;2;20;1510765414;20;255;1510765424;1
32;16;10;5;2;20;1510766232;20;255;1510766239;0
32;16;10;5;2;20;1510766389;20;255;1510766399;1
32;16;10;5;2;20;1510766466;20;255;1510766476;1
32;16;10;5;2;20;1510766560;20;255;1510766570;1
32;16;10;5;2;20;1510767525;20;255;1510767535;0
32;16;10;5;2;20;1510767571;20;255;1510767581;1
32;16;10;5;2;20;1510767762;20;255;1510767772;1
32;16;10;5;2;20;1510767844;20;255;1510767852;0
32;16;10;5;2;20;1510768468;20;255;1510768478;0
32;16;10;5;2;20;1510768723;20;255;1510768733;1
32;16;10;5;2;20;1510768942;20;255;1510768952;1
32;16;10;5;2;20;1510769006;20;255;1510769016;1
32;16;10;5;2;20;1510769742;20;255;1510769752;1
32;16;10;5;2;20;1510769766;20;255;1510769776;1
32;16;10;5;2;20;1510770119;20;255;1510770130;0
32;16;10;5;2;20;1510770237;20;255;1510770247;0
32;16;10;5;2;20;1510770874;20;255;1510770884;1
32;16;10;5;2;20;1510771023;20;255;1510771033;1
32;16;10;5;2;20;1510771210;20;255;1510771220;1
32;16;10;5;2;20;1510771222;20;255;1510771232;1
32;16;10;5;2;20;1510772002;20;255;1510772012;1
32;16;10;5;2;20;1510772246;20;255;1510772257;1
32;16;10;5;2;20;1510772287;20;255;1510772297;1
32;16;10;5;2;20;1510772565;20;255;1510772573;0
32;16;10;5;2;20;1510773195;20;255;1510773205;0
32;16;10;5;2;20;1510773449;20;255;1510773459;1
32;16;10;5;2;20;1510773487;20;255;1510773497;0
32;16;10;5;2;20;1510773717;20;255;1510773727;1
32;16;10;5;2;20;1510774393;20;255;1510774403;1
32;16;10;5;2;20;1510774736;20;255;1510774746;1
32;16;10;5;2;20;1510774806;20;255;1510774816;0
32;16;10;5;2;20;1510774819;20;255;1510774830;1
32;16;10;5;2;20;1510775605;20;255;1510775616;1
32;16;10;5;2;20;1510775829;20;255;1510775840;1
32;16;10;5;2;20;1510775913;20;255;1510775923;1
32;16;10;5;2;20;1510775922;20;255;1510775933;1
32;16;10;5;2;20;1510776742;20;255;1510776752;1
32;16;10;5;2;20;1510776858;20;255;1510776868;1
32;16;10;5;2;20;1510777098;20;255;1510777108;0
32;16;10;5;2;20;1510777268;20;255;1510777275;0
32;16;10;5;2;20;1510777848;20;255;1510777859;0
32;16;10;5;2;20;1510778111;20;255;1510778118;0
32;16;10;5;2;20;1510778347;20;255;1510778354;0
32;16;10;5;2;20;1510778379;20;255;1510778386;0
32;16;10;5;2;20;1510778941;20;255;1510778951;1
32;16;10;5;2;20;1510779294;20;255;1510779301;0
32;16;10;5;2;20;1510779386;20;255;1510779396;1
32;16;10;5;2;20;1510779500;20;255;1510779507;0
32;16;10;5;2;20;1510780217;20;255;1510780228;0
32;16;10;5;2;20;1510780551;20;255;1510780558;0
32;16;10;5;2;20;1510780598;20;255;1510780605;0
32;16;10;5;2;20;1510780624;20;255;1510780634;1
32;16;10;5;2;20;1510781242;20;255;1510781253;0
32;16;10;5;2;20;1510781680;20;255;1510781690;1
32;16;10;5;2;20;1510781812;20;255;1510781823;1
32;16;10;5;2;20;1510781893;20;255;1510781903;1
32;16;10;5;2;20;1510782527;20;255;1510782535;0
32;16;10;5;2;20;1510782889;20;255;1510782899;1
32;16;10;5;2;20;1510782901;20;255;1510782912;1
32;16;10;5;2;20;1510782960;20;255;1510782970;1
32;16;10;5;2;20;1510783825;20;255;1510783833;0
32;16;10;5;2;20;1510783960;20;255;1510783971;0
32;16;10;5;2;20;1510784033;20;255;1510784043;1
32;16;10;5;2;20;1510784280;20;255;1510784287;0
32;16;10;5;2;20;1510784944;20;255;1510784954;1
32;16;10;5;2;20;1510784946;20;255;1510784957;1
32;16;10;5;2;20;1510785178;20;255;1510785188;1
32;16;10;5;2;20;1510785610;20;255;1510785620;1
32;16;10;5;2;20;1510786069;20;255;1510786079;1
32;16;10;5;2;20;1510786121;20;255;1510786128;0
32;16;10;5;2;20;1510786510;20;255;1510786520;1
32;16;10;5;2;20;1510786655;20;255;1510786665;0
32;16;10;5;2;20;1510787192;20;255;1510787202;0
32;16;10;5;2;20;1510787238;20;255;1510787245;0
32;16;10;5;2;20;1510787591;20;255;1510787601;1
32;16;10;5;2;20;1510787870;20;255;1510787880;1
32;16;10;5;2;20;1510788349;20;255;1510788356;0
32;16;10;5;2;20;1510788403;20;255;1510788413;0
32;16;10;5;2;20;1510788642;20;255;1510788652;1
32;16;10;5;2;20;1510789135;20;255;1510789145;1
32;16;10;5;2;20;1510789434;20;255;1510789444;1
32;16;10;5;2;20;1510789602;20;255;1510789612;1
32;16;10;5;2;20;1510789869;20;255;1510789879;0
32;16;10;5;2;20;1510790202;20;255;1510790212;1
32;16;10;5;2;20;1510790448;20;255;1510790458;1
32;16;10;5;2;20;1510790693;20;255;1510790704;1
32;16;10;5;2;20;1510790858;20;255;1510790865;0
32;16;10;5;2;20;1510791489;20;255;1510791500;1
32;16;10;5;2;20;1510791569;20;255;1510791579;1
32;16;10;5;2;20;1510791722;20;255;1510791732;1
32;16;10;5;2;20;1510792079;20;255;1510792089;0
32;16;10;5;2;20;1510792586;20;255;1510792593;0
32;16;10;5;2;20;1510792645;20;255;1510792655;0
32;16;10;5;2;20;1510792964;20;255;1510792974;1
32;16;10;5;2;20;1510793369;20;255;1510793379;1
32;16;10;5;2;20;1510793681;20;255;1510793691;1
32;16;10;5;2;20;1510793709;20;255;1510793716;0
32;16;10;5;2;20;1510794029;20;255;1510794036;0
32;16;10;5;2;20;1510794561;20;255;1510794571;1
32;16;10;5;2;20;1510794769;20;255;1510794779;1
32;16;10;5;2;20;1510794777;20;255;1510794787;1
32;16;10;5;2;20;1510795205;20;255;1510795212;0
32;16;10;5;2;20;1510795902;20;255;1510795910;0
32;16;10;5;2;20;1510795911;20;255;1510795918;0
32;16;10;5;2;20;1510795924;20;255;1510795934;1
32;16;10;5;2;20;1510796287;20;255;1510796297;1
32;16;10;5;2;20;1510796970;20;255;1510796980;0
32;16;10;5;2;20;1510797007;20;255;1510797018;1
32;16;10;5;2;20;1510797052;20;255;1510797059;0
32;16;10;5;2;20;1510797510;20;255;1510797520;1
32;16;10;5;2;20;1510798128;20;255;1510798139;0
32;16;10;5;2;20;1510798220;20;255;1510798230;0
32;16;10;5;2;20;1510798231;20;255;1510798241;1
32;16;10;5;2;20;1510798749;20;255;1510798760;0
32;16;10;5;2;20;1510799169;20;255;1510799176;0
32;16;10;5;2;20;1510799472;20;255;1510799482;1
32;16;10;5;2;20;1510799494;20;255;1510799505;1
32;16;10;5;2;20;1510799727;20;255;1510799738;1
32;16;10;5;2;20;1510800396;20;255;1510800406;1
32;16;10;5;2;20;1510800742;20;255;1510800752;1
32;16;10;5;2;20;1510800748;20;255;1510800758;1
32;16;10;5;2;20;1510800882;20;255;1510800893;1
32;16;10;5;2;20;1510801390;20;255;1510801401;1
32;16;10;5;2;20;1510801953;20;255;1510801964;1
32;16;10;5;2;20;1510802035;20;255;1510802045;1
32;16;10;5;2;20;1510802070;20;255;1510802080;0
32;16;10;5;2;20;1510802426;20;255;1510802436;1
32;16;10;5;2;20;1510803176;20;255;1510803186;1
32;16;10;5;2;20;1510803255;20;255;1510803262;0
32;16;10;5;2;20;1510803326;20;255;1510803336;1
32;16;10;5;2;20;1510803466;20;255;1510803477;1
32;16;10;5;2;20;1510804391;20;255;1510804401;1
32;16;10;5;2;20;1510804448;20;255;1510804458;1
32;16;10;5;2;20;1510804647;20;255;1510804657;1
32;16;10;5;2;20;1510804758;20;255;1510804768;1
32;16;10;5;2;20;1510805605;20;255;1510805615;1
32;16;10;5;2;20;1510805609;20;255;1510805619;1
32;16;10;5;2;20;1510805816;20;255;1510805823;0
32;16;10;5;2;20;1510805880;20;255;1510805890;1
32;16;10;5;2;20;1510806696;20;255;1510806703;0
32;16;10;5;2;20;1510806701;20;255;1510806711;1
32;16;10;5;2;20;1510806820;20;255;1510806830;0
32;16;10;5;2;20;1510807197;20;255;1510807207;1
32;16;10;5;2;20;1510807783;20;255;1510807793;1
32;16;10;5;2;20;1510808027;20;255;1510808037;1
32;16;10;5;2;20;1510808064;20;255;1510808071;0
32;16;10;5;2;20;1510808394;20;255;1510808404;1
32;16;10;5;2;20;1510808848;20;255;1510808858;1
32;16;10;5;2;20;1510809157;20;255;1510809164;0
32;16;10;5;2;20;1510809440;20;255;1510809451;1
32;16;10;5;2;20;1510809473;20;255;1510809480;0
32;16;10;5;2;20;1510809956;20;255;1510809967;1
32;16;10;5;2;20;1510810515;20;255;1510810526;1
32;16;10;5;2;20;1510810607;20;255;1510810614;0
32;16;10;5;2;20;1510810736;20;255;1510810747;1
32;16;10;5;2;20;1510811222;20;255;1510811232;1
32;16;10;5;2;20;1510811740;20;255;1510811750;1
32;16;10;5;2;20;1510811761;20;255;1510811771;1
32;16;10;5;2;20;1510811827;20;255;1510811838;0
32;16;10;5;2;20;1510812396;20;255;1510812407;0
32;16;10;5;2;20;1510812999;20;255;1510813007;0
32;16;10;5;2;20;1510813045;20;255;1510813052;0
32;16;10;5;2;20;1510813157;20;255;1510813167;1
32;16;10;5;2;20;1510813690;20;255;1510813701;0
32;16;10;5;2;20;1510814026;20;255;1510814036;0
32;16;10;5;2;20;1510814099;20;255;1510814106;0
32;16;10;5;2;20;1510814299;20;255;1510814309;1
32;16;10;5;2;20;1510814991;20;255;1510814998;0
32;16;10;5;2;20;1510815354;20;255;1510815364;1
32;16;10;5;2;20;1510815508;20;255;1510815519;1
32;16;10;5;2;20;1510815522;20;255;1510815532;0
32;16;10;5;2;20;1510816324;20;255;1510816331;0
32;16;10;5;2;20;1510816535;20;255;1510816546;1
32;16;10;5;2;20;1510816706;20;255;1510816716;1
32;16;10;5;2;20;1510816740;20;255;1510816747;0
32;16;10;5;2;20;1510817375;20;255;1510817386;1
32;16;10;5;2;20;1510817629;20;255;1510817639;0
32;16;10;5;2;20;1510817956;20;255;1510817964;0
32;16;10;5;2;20;1510817960;20;255;1510817967;0
32;16;10;5;2;20;1510818603;20;255;1510818614;0
32;16;10;5;2;20;1510818877;20;255;1510818887;1
32;16;10;5;2;20;1510819034;20;255;1510819044;0
32;16;10;5;2;20;1510819120;20;255;1510819127;0
32;16;10;5;2;20;1510820025;20;255;1510820032;0
32;16;10;5;2;20;1510820168;20;255;1510820175;0
32;16;10;5;2;20;1510820166;20;255;1510820176;1
32;16;10;5;2;20;1510820241;20;255;1510820248;0
32;16;10;5;2;20;1510821336;20;255;1510821346;0
32;16;10;5;2;20;1510821344;20;255;1510821351;0
32;16;10;5;2;20;1510821446;20;255;1510821456;0
32;16;10;5;2;20;1510821456;20;255;1510821467;0
32;16;10;5;2;20;1510822405;20;255;1510822416;1
32;16;10;5;2;20;1510822421;20;255;1510822431;1
32;16;10;5;2;20;1510822454;20;255;1510822465;1
32;16;10;5;2;20;1510822665;20;255;1510822675;0
32;16;10;5;2;20;1510823574;20;255;1510823584;1
32;16;10;5;2;20;1510823670;20;255;1510823680;1
32;16;10;5;2;20;1510823698;20;255;1510823705;0
32;16;10;5;2;20;1510823895;20;255;1510823905;1
32;16;10;5;2;20;1510824767;20;255;1510824774;0
32;16;10;5;2;20;1510824845;20;255;1510824852;0
32;16;10;5;2;20;1510824980;20;255;1510824990;1
32;16;10;5;2;20;1510825042;20;255;1510825052;0
32;16;10;5;2;20;1510825906;20;255;1510825916;0
32;16;10;5;2;20;1510826054;20;255;1510826064;1
32;16;10;5;2;20;1510826102;20;255;1510826110;0
32;16;10;5;2;20;1510826184;20;255;1510826194;1
32;16;10;5;2;20;1510827053;20;255;1510827060;0
32;16;10;5;2;20;1510827088;20;255;1510827099;1
32;16;10;5;2;20;1510827222;20;255;1510827230;0
32;16;10;5;2;20;1510827495;20;255;1510827503;0
32;16;10;5;2;20;1510828369;20;255;1510828379;0
32;16;10;5;2;20;1510828423;20;255;1510828434;0
32;16;10;5;2;20;1510828482;20;255;1510828490;0
32;16;10;5;2;20;1510828685;20;255;1510828692;0
32;16;10;5;2;20;1510829617;20;255;1510829627;0
32;16;10;5;2;20;1510829624;20;255;1510829635;0
32;16;10;5;2;20;1510829669;20;255;1510829680;0
32;16;10;5;2;20;1510829786;20;255;1510829796;1
32;16;10;5;2;20;1510830686;20;255;1510830697;1
32;16;10;5;2;20;1510830894;20;255;1510830904;1
32;16;10;5;2;20;1510830927;20;255;1510830937;1
32;16;10;5;2;20;1510830975;20;255;1510830985;1
32;16;10;5;2;20;1510831975;20;255;1510831985;1
32;16;10;5;2;20;1510832000;20;255;1510832011;0
32;16;10;5;2;20;1510832170;20;255;1510832181;1
32;16;10;5;2;20;1510832252;20;255;1510832262;1
32;16;10;5;2;20;1510833124;20;255;1510833132;0
32;16;10;5;2;20;1510833282;20;255;1510833293;1
32;16;10;5;2;20;1510833334;20;255;1510833345;1
32;16;10;5;2;20;1510833466;20;255;1510833477;1
32;16;10;5;2;20;1510834302;20;255;1510834312;1
32;16;10;5;2;20;1510834325;20;255;1510834335;0
32;16;10;5;2;20;1510834609;20;255;1510834620;1
32;16;10;5;2;20;1510834786;20;255;1510834796;0
32;16;10;5;2;20;1510835481;20;255;1510835491;1
32;16;10;5;2;20;1510835581;20;255;1510835589;0
32;16;10;5;2;20;1510835707;20;255;1510835717;1
32;16;10;5;2;20;1510835919;20;255;1510835927;0
32;16;10;5;2;20;1510836718;20;255;1510836728;1
32;16;10;5;2;20;1510836980;20;255;1510836991;1
32;16;10;5;2;20;1510837009;20;255;1510837020;1
32;16;10;5;2;20;1510837070;20;255;1510837080;1
32;16;10;5;2;20;1510837987;20;255;1510837997;1
32;16;10;5;2;20;1510838246;20;255;1510838258;1
32;16;10;5;2;20;1510838263;20;255;1510838270;0
32;16;10;5;2;20;1510838287;20;255;1510838295;0
32;16;10;5;2;20;1510839206;20;255;1510839216;1
32;16;10;5;2;20;1510839291;20;255;1510839298;0
32;16;10;5;2;20;1510839420;20;255;1510839430;1
32;16;10;5;2;20;1510839606;20;255;1510839613;0
32;16;10;5;2;20;1510840333;20;255;1510840343;0
32;16;10;5;2;20;1510840563;20;255;1510840574;1
32;16;10;5;2;20;1510840596;20;255;1510840607;1
32;16;10;5;2;20;1510840733;20;255;1510840743;1
32;16;10;5;2;20;1510841535;20;255;1510841542;0
32;16;10;5;2;20;1510841649;20;255;1510841656;0
32;16;10;5;2;20;1510841860;20;255;1510841870;0
32;16;10;5;2;20;1510842026;20;255;1510842036;0
32;16;10;5;2;20;1510842670;20;255;1510842680;1
32;16;10;5;2;20;1510842727;20;255;1510842737;0
32;16;10;5;2;20;1510843004;20;255;1510843014;1
32;16;10;5;2;20;1510843102;20;255;1510843113;0
32;16;10;5;2;20;1510843831;20;255;1510843841;1
32;16;10;5;2;20;1510843945;20;255;1510843955;1
32;16;10;5;2;20;1510844166;20;255;1510844176;1
32;16;10;5;2;20;1510844255;20;255;1510844265;1
32;16;10;5;2;20;1510844830;20;255;1510844840;1
32;16;10;5;2;20;1510845148;20;255;1510845158;1
32;16;10;5;2;20;1510845264;20;255;1510845275;1
32;16;10;5;2;20;1510845423;20;255;1510845430;0
32;16;10;5;2;20;1510845938;20;255;1510845948;1
32;16;10;5;2;20;1510846424;20;255;1510846434;1
32;16;10;5;2;20;1510846428;20;255;1510846438;1
32;16;10;5;2;20;1510846591;20;255;1510846601;0
32;16;10;5;2;20;1510846980;20;255;1510846987;0
32;16;10;5;2;20;1510847700;20;255;1510847712;0
32;16;10;5;2;20;1510847808;20;255;1510847819;1
32;16;10;5;2;20;1510847833;20;255;1510847844;1
32;16;10;5;2;20;1510848086;20;255;1510848097;1
32;16;10;5;2;20;1510848992;20;255;1510849002;1
32;16;10;5;2;20;1510849095;20;255;1510849106;1
32;16;10;5;2;20;1510849150;20;255;1510849161;1
32;16;10;5;2;20;1510849304;20;255;1510849316;1
32;16;10;5;2;20;1510850257;20;255;1510850264;0
32;16;10;5;2;20;1510850412;20;255;1510850422;1
32;16;10;5;2;20;1510850459;20;255;1510850470;0
32;16;10;5;2;20;1510850636;20;255;1510850644;0
32;16;10;5;2;20;1510851380;20;255;1510851390;0
32;16;10;5;2;20;1510851554;20;255;1510851564;1
32;16;10;5;2;20;1510851677;20;255;1510851688;0
32;16;10;5;2;20;1510851704;20;255;1510851715;1
