32;16;10;5;1;30;1510756349;30;255;1510756357;1
32;16;10;5;1;30;1510756356;30;255;1510756364;0
32;16;10;5;1;30;1510756362;30;255;1510756369;1
32;16;10;5;1;30;1510756425;30;255;1510756433;0
32;16;10;5;1;30;1510756654;30;255;1510756663;0
32;16;10;5;1;30;1510756658;30;255;1510756665;0
32;16;10;5;1;30;1510756701;30;255;1510756709;1
32;16;10;5;1;30;1510756725;30;255;1510756733;0
32;16;10;5;1;30;1510756973;30;255;1510756981;1
32;16;10;5;1;30;1510756984;30;255;1510756992;1
32;16;10;5;1;30;1510757068;30;255;1510757076;1
32;16;10;5;1;30;1510757142;30;255;1510757151;0
32;16;10;5;1;30;1510757312;30;255;1510757320;0
32;16;10;5;1;30;1510757321;30;255;1510757329;0
32;16;10;5;1;30;1510757386;30;255;1510757397;1
32;16;10;5;1;30;1510757440;30;255;1510757447;1
32;16;10;5;1;30;1510757654;30;255;1510757663;1
32;16;10;5;1;30;1510757678;30;255;1510757686;1
32;16;10;5;1;30;1510757679;30;255;1510757686;0
32;16;10;5;1;30;1510757732;30;255;1510757740;1
32;16;10;5;1;30;1510758685;30;255;1510758693;1
32;16;10;5;1;30;1510758910;30;255;1510758918;0
32;16;10;5;1;30;1510758971;30;255;1510758978;1
32;16;10;5;1;30;1510759033;30;255;1510759042;0
32;16;10;5;1;30;1510759980;30;255;1510759988;0
32;16;10;5;1;30;1510760183;30;255;1510760191;1
32;16;10;5;1;30;1510760187;30;255;1510760195;0
32;16;10;5;1;30;1510760203;30;255;1510760212;0
32;16;10;5;1;30;1510761019;30;255;1510761027;0
32;16;10;5;1;30;1510761344;30;255;1510761352;0
32;16;10;5;1;30;1510761519;30;255;1510761527;0
32;16;10;5;1;30;1510761580;30;255;1510761588;0
32;16;10;5;1;30;1510762260;30;255;1510762268;0
32;16;10;5;1;30;1510762474;30;255;1510762482;0
32;16;10;5;1;30;1510762697;30;255;1510762705;0
32;16;10;5;1;30;1510762735;30;255;1510762743;0
32;16;10;5;1;30;1510763204;30;255;1510763212;1
32;16;10;5;1;30;1510763462;30;255;1510763470;0
32;16;10;5;1;30;1510763733;30;255;1510763740;1
32;16;10;5;1;30;1510763903;30;255;1510763911;0
32;16;10;5;1;30;1510764257;30;255;1510764264;0
32;16;10;5;1;30;1510764403;30;255;1510764411;0
32;16;10;5;1;30;1510764982;30;255;1510764990;1
32;16;10;5;1;30;1510765110;30;255;1510765118;1
32;16;10;5;1;30;1510765472;30;255;1510765479;0
32;16;10;5;1;30;1510765510;30;255;1510765518;0
32;16;10;5;1;30;1510766329;30;255;1510766336;1
32;16;10;5;1;30;1510766495;30;255;1510766503;1
32;16;10;5;1;30;1510766576;30;255;1510766584;0
32;16;10;5;1;30;1510766631;30;255;1510766638;1
32;16;10;5;1;30;1510767606;30;255;1510767614;0
32;16;10;5;1;30;1510767655;30;255;1510767662;0
32;16;10;5;1;30;1510767871;30;255;1510767879;1
32;16;10;5;1;30;1510767951;30;255;1510767958;0
32;16;10;5;1;30;1510768520;30;255;1510768528;0
32;16;10;5;1;30;1510768797;30;255;1510768804;1
32;16;10;5;1;30;1510769038;30;255;1510769046;1
32;16;10;5;1;30;1510769077;30;255;1510769085;1
32;16;10;5;1;30;1510769845;30;255;1510769852;0
32;16;10;5;1;30;1510769891;30;255;1510769899;1
32;16;10;5;1;30;1510770194;30;255;1510770201;0
32;16;10;5;1;30;1510770295;30;255;1510770303;0
32;16;10;5;1;30;1510770954;30;255;1510770962;0
32;16;10;5;1;30;1510771082;30;255;1510771089;1
32;16;10;5;1;30;1510771294;30;255;1510771301;0
32;16;10;5;1;30;1510771312;30;255;1510771320;1
32;16;10;5;1;30;1510772070;30;255;1510772078;0
32;16;10;5;1;30;1510772312;30;255;1510772320;0
32;16;10;5;1;30;1510772391;30;255;1510772398;1
32;16;10;5;1;30;1510772654;30;255;1510772662;0
32;16;10;5;1;30;1510773251;30;255;1510773258;0
32;16;10;5;1;30;1510773590;30;255;1510773597;0
32;16;10;5;1;30;1510773659;30;255;1510773666;0
32;16;10;5;1;30;1510773857;30;255;1510773865;1
32;16;10;5;1;30;1510774520;30;255;1510774528;0
32;16;10;5;1;30;1510774836;30;255;1510774843;0
32;16;10;5;1;30;1510774864;30;255;1510774872;1
32;16;10;5;1;30;1510774897;30;255;1510774905;0
32;16;10;5;1;30;1510775680;30;255;1510775688;0
32;16;10;5;1;30;1510775894;30;255;1510775902;0
32;16;10;5;1;30;1510776006;30;255;1510776014;0
32;16;10;5;1;30;1510776016;30;255;1510776024;1
32;16;10;5;1;30;1510776788;30;255;1510776795;0
32;16;10;5;1;30;1510776936;30;255;1510776943;0
32;16;10;5;1;30;1510777184;30;255;1510777192;1
32;16;10;5;1;30;1510777361;30;255;1510777369;0
32;16;10;5;1;30;1510777929;30;255;1510777936;1
32;16;10;5;1;30;1510778208;30;255;1510778216;1
32;16;10;5;1;30;1510778428;30;255;1510778435;1
32;16;10;5;1;30;1510778481;30;255;1510778489;1
32;16;10;5;1;30;1510779060;30;255;1510779067;1
32;16;10;5;1;30;1510779403;30;255;1510779410;1
32;16;10;5;1;30;1510779469;30;255;1510779477;1
32;16;10;5;1;30;1510779571;30;255;1510779578;0
32;16;10;5;1;30;1510780317;30;255;1510780324;0
32;16;10;5;1;30;1510780667;30;255;1510780675;0
32;16;10;5;1;30;1510780684;30;255;1510780692;1
32;16;10;5;1;30;1510780721;30;255;1510780729;0
32;16;10;5;1;30;1510781352;30;255;1510781359;0
32;16;10;5;1;30;1510781766;30;255;1510781773;1
32;16;10;5;1;30;1510781912;30;255;1510781920;1
32;16;10;5;1;30;1510782012;30;255;1510782019;0
32;16;10;5;1;30;1510782630;30;255;1510782637;1
32;16;10;5;1;30;1510782960;30;255;1510782967;0
32;16;10;5;1;30;1510783008;30;255;1510783015;0
32;16;10;5;1;30;1510783031;30;255;1510783039;0
32;16;10;5;1;30;1510783915;30;255;1510783923;0
32;16;10;5;1;30;1510784057;30;255;1510784064;1
32;16;10;5;1;30;1510784176;30;255;1510784184;0
32;16;10;5;1;30;1510784424;30;255;1510784431;1
32;16;10;5;1;30;1510785028;30;255;1510785036;0
32;16;10;5;1;30;1510785033;30;255;1510785041;0
32;16;10;5;1;30;1510785275;30;255;1510785282;0
32;16;10;5;1;30;1510785693;30;255;1510785701;1
32;16;10;5;1;30;1510786134;30;255;1510786141;0
32;16;10;5;1;30;1510786208;30;255;1510786216;1
32;16;10;5;1;30;1510786603;30;255;1510786611;1
32;16;10;5;1;30;1510786745;30;255;1510786753;1
32;16;10;5;1;30;1510787263;30;255;1510787271;1
32;16;10;5;1;30;1510787338;30;255;1510787345;0
32;16;10;5;1;30;1510787738;30;255;1510787746;1
32;16;10;5;1;30;1510787932;30;255;1510787939;0
32;16;10;5;1;30;1510788433;30;255;1510788440;0
32;16;10;5;1;30;1510788497;30;255;1510788504;0
32;16;10;5;1;30;1510788757;30;255;1510788764;1
32;16;10;5;1;30;1510789206;30;255;1510789213;0
32;16;10;5;1;30;1510789515;30;255;1510789522;0
32;16;10;5;1;30;1510789680;30;255;1510789687;0
32;16;10;5;1;30;1510789943;30;255;1510789951;0
32;16;10;5;1;30;1510790317;30;255;1510790325;0
32;16;10;5;1;30;1510790509;30;255;1510790517;1
32;16;10;5;1;30;1510790796;30;255;1510790804;0
32;16;10;5;1;30;1510790930;30;255;1510790937;1
32;16;10;5;1;30;1510791567;30;255;1510791574;1
32;16;10;5;1;30;1510791662;30;255;1510791670;0
32;16;10;5;1;30;1510791809;30;255;1510791817;1
32;16;10;5;1;30;1510792157;30;255;1510792164;0
32;16;10;5;1;30;1510792641;30;255;1510792649;0
32;16;10;5;1;30;1510792772;30;255;1510792779;0
32;16;10;5;1;30;1510793098;30;255;1510793105;0
32;16;10;5;1;30;1510793490;30;255;1510793497;1
32;16;10;5;1;30;1510793745;30;255;1510793753;0
32;16;10;5;1;30;1510793796;30;255;1510793803;1
32;16;10;5;1;30;1510794113;30;255;1510794120;1
32;16;10;5;1;30;1510794648;30;255;1510794655;1
32;16;10;5;1;30;1510794861;30;255;1510794869;1
32;16;10;5;1;30;1510794868;30;255;1510794876;0
32;16;10;5;1;30;1510795258;30;255;1510795265;0
32;16;10;5;1;30;1510795992;30;255;1510795999;1
32;16;10;5;1;30;1510796008;30;255;1510796015;1
32;16;10;5;1;30;1510796049;30;255;1510796057;1
32;16;10;5;1;30;1510796386;30;255;1510796394;1
32;16;10;5;1;30;1510797032;30;255;1510797040;0
32;16;10;5;1;30;1510797148;30;255;1510797155;0
32;16;10;5;1;30;1510797164;30;255;1510797172;1
32;16;10;5;1;30;1510797600;30;255;1510797608;1
32;16;10;5;1;30;1510798190;30;255;1510798197;1
32;16;10;5;1;30;1510798291;30;255;1510798298;0
32;16;10;5;1;30;1510798302;30;255;1510798309;1
32;16;10;5;1;30;1510798824;30;255;1510798831;0
32;16;10;5;1;30;1510799275;30;255;1510799283;1
32;16;10;5;1;30;1510799540;30;255;1510799547;0
32;16;10;5;1;30;1510799610;30;255;1510799618;1
32;16;10;5;1;30;1510799802;30;255;1510799809;1
32;16;10;5;1;30;1510800461;30;255;1510800468;1
32;16;10;5;1;30;1510800810;30;255;1510800817;0
32;16;10;5;1;30;1510800835;30;255;1510800843;1
32;16;10;5;1;30;1510800989;30;255;1510800996;1
32;16;10;5;1;30;1510801490;30;255;1510801498;0
32;16;10;5;1;30;1510802103;30;255;1510802111;1
32;16;10;5;1;30;1510802135;30;255;1510802143;1
32;16;10;5;1;30;1510802144;30;255;1510802152;1
32;16;10;5;1;30;1510802478;30;255;1510802486;0
32;16;10;5;1;30;1510803237;30;255;1510803245;0
32;16;10;5;1;30;1510803358;30;255;1510803366;1
32;16;10;5;1;30;1510803406;30;255;1510803413;0
32;16;10;5;1;30;1510803563;30;255;1510803570;0
32;16;10;5;1;30;1510804526;30;255;1510804533;1
32;16;10;5;1;30;1510804531;30;255;1510804539;0
32;16;10;5;1;30;1510804706;30;255;1510804713;1
32;16;10;5;1;30;1510804839;30;255;1510804846;1
32;16;10;5;1;30;1510805663;30;255;1510805671;0
32;16;10;5;1;30;1510805668;30;255;1510805675;1
32;16;10;5;1;30;1510805865;30;255;1510805872;0
32;16;10;5;1;30;1510805963;30;255;1510805971;0
32;16;10;5;1;30;1510806754;30;255;1510806762;0
32;16;10;5;1;30;1510806825;30;255;1510806833;0
32;16;10;5;1;30;1510806891;30;255;1510806898;1
32;16;10;5;1;30;1510807328;30;255;1510807335;1
32;16;10;5;1;30;1510807870;30;255;1510807877;0
32;16;10;5;1;30;1510808127;30;255;1510808134;1
32;16;10;5;1;30;1510808214;30;255;1510808221;0
32;16;10;5;1;30;1510808538;30;255;1510808545;0
32;16;10;5;1;30;1510808950;30;255;1510808958;0
32;16;10;5;1;30;1510809232;30;255;1510809239;1
32;16;10;5;1;30;1510809537;30;255;1510809545;0
32;16;10;5;1;30;1510809557;30;255;1510809564;0
32;16;10;5;1;30;1510810028;30;255;1510810035;0
32;16;10;5;1;30;1510810574;30;255;1510810581;1
32;16;10;5;1;30;1510810694;30;255;1510810701;1
32;16;10;5;1;30;1510810792;30;255;1510810800;0
32;16;10;5;1;30;1510811319;30;255;1510811326;1
32;16;10;5;1;30;1510811822;30;255;1510811830;0
32;16;10;5;1;30;1510811865;30;255;1510811873;1
32;16;10;5;1;30;1510811886;30;255;1510811894;0
32;16;10;5;1;30;1510812477;30;255;1510812485;0
32;16;10;5;1;30;1510813090;30;255;1510813097;0
32;16;10;5;1;30;1510813123;30;255;1510813130;1
32;16;10;5;1;30;1510813244;30;255;1510813251;0
32;16;10;5;1;30;1510813761;30;255;1510813769;1
32;16;10;5;1;30;1510814110;30;255;1510814118;0
32;16;10;5;1;30;1510814212;30;255;1510814219;0
32;16;10;5;1;30;1510814398;30;255;1510814405;0
32;16;10;5;1;30;1510815096;30;255;1510815104;0
32;16;10;5;1;30;1510815400;30;255;1510815407;0
32;16;10;5;1;30;1510815634;30;255;1510815641;1
32;16;10;5;1;30;1510815637;30;255;1510815645;1
32;16;10;5;1;30;1510816426;30;255;1510816434;1
32;16;10;5;1;30;1510816632;30;255;1510816639;0
32;16;10;5;1;30;1510816821;30;255;1510816828;0
32;16;10;5;1;30;1510816827;30;255;1510816835;0
32;16;10;5;1;30;1510817453;30;255;1510817460;1
32;16;10;5;1;30;1510817732;30;255;1510817740;0
32;16;10;5;1;30;1510818028;30;255;1510818035;1
32;16;10;5;1;30;1510818068;30;255;1510818076;0
32;16;10;5;1;30;1510818706;30;255;1510818714;0
32;16;10;5;1;30;1510819001;30;255;1510819009;0
32;16;10;5;1;30;1510819124;30;255;1510819132;1
32;16;10;5;1;30;1510819188;30;255;1510819195;1
32;16;10;5;1;30;1510820099;30;255;1510820106;1
32;16;10;5;1;30;1510820252;30;255;1510820259;0
32;16;10;5;1;30;1510820284;30;255;1510820292;1
32;16;10;5;1;30;1510820347;30;255;1510820354;1
32;16;10;5;1;30;1510821407;30;255;1510821415;0
32;16;10;5;1;30;1510821422;30;255;1510821430;1
32;16;10;5;1;30;1510821520;30;255;1510821528;0
32;16;10;5;1;30;1510821528;30;255;1510821535;1
32;16;10;5;1;30;1510822473;30;255;1510822481;0
32;16;10;5;1;30;1510822499;30;255;1510822506;0
32;16;10;5;1;30;1510822516;30;255;1510822524;1
32;16;10;5;1;30;1510822743;30;255;1510822750;0
32;16;10;5;1;30;1510823636;30;255;1510823643;1
32;16;10;5;1;30;1510823742;30;255;1510823749;0
32;16;10;5;1;30;1510823829;30;255;1510823837;1
32;16;10;5;1;30;1510823972;30;255;1510823979;0
32;16;10;5;1;30;1510824902;30;255;1510824909;1
32;16;10;5;1;30;1510824969;30;255;1510824977;1
32;16;10;5;1;30;1510825077;30;255;1510825084;0
32;16;10;5;1;30;1510825120;30;255;1510825127;1
32;16;10;5;1;30;1510826037;30;255;1510826044;1
32;16;10;5;1;30;1510826134;30;255;1510826142;1
32;16;10;5;1;30;1510826167;30;255;1510826175;0
32;16;10;5;1;30;1510826233;30;255;1510826241;1
32;16;10;5;1;30;1510827130;30;255;1510827138;1
32;16;10;5;1;30;1510827207;30;255;1510827215;1
32;16;10;5;1;30;1510827295;30;255;1510827302;1
32;16;10;5;1;30;1510827548;30;255;1510827556;0
32;16;10;5;1;30;1510828478;30;255;1510828487;1
32;16;10;5;1;30;1510828512;30;255;1510828521;1
32;16;10;5;1;30;1510828567;30;255;1510828575;0
32;16;10;5;1;30;1510828761;30;255;1510828769;0
32;16;10;5;1;30;1510829694;30;255;1510829701;1
32;16;10;5;1;30;1510829706;30;255;1510829713;1
32;16;10;5;1;30;1510829750;30;255;1510829757;0
32;16;10;5;1;30;1510829903;30;255;1510829910;1
32;16;10;5;1;30;1510830779;30;255;1510830787;0
32;16;10;5;1;30;1510830997;30;255;1510831004;1
32;16;10;5;1;30;1510830999;30;255;1510831007;0
32;16;10;5;1;30;1510831072;30;255;1510831079;0
32;16;10;5;1;30;1510832028;30;255;1510832036;1
32;16;10;5;1;30;1510832102;30;255;1510832112;1
32;16;10;5;1;30;1510832300;30;255;1510832307;0
32;16;10;5;1;30;1510832337;30;255;1510832345;1
32;16;10;5;1;30;1510833234;30;255;1510833242;0
32;16;10;5;1;30;1510833385;30;255;1510833393;1
32;16;10;5;1;30;1510833417;30;255;1510833425;0
32;16;10;5;1;30;1510833609;30;255;1510833617;0
32;16;10;5;1;30;1510834365;30;255;1510834373;0
32;16;10;5;1;30;1510834398;30;255;1510834406;0
32;16;10;5;1;30;1510834702;30;255;1510834710;0
32;16;10;5;1;30;1510834850;30;255;1510834858;0
32;16;10;5;1;30;1510835567;30;255;1510835575;1
32;16;10;5;1;30;1510835685;30;255;1510835693;1
32;16;10;5;1;30;1510835789;30;255;1510835797;0
32;16;10;5;1;30;1510836001;30;255;1510836008;1
32;16;10;5;1;30;1510836830;30;255;1510836837;1
32;16;10;5;1;30;1510837115;30;255;1510837123;1
32;16;10;5;1;30;1510837138;30;255;1510837145;0
32;16;10;5;1;30;1510837150;30;255;1510837157;1
32;16;10;5;1;30;1510838104;30;255;1510838112;1
32;16;10;5;1;30;1510838328;30;255;1510838336;0
32;16;10;5;1;30;1510838340;30;255;1510838348;0
32;16;10;5;1;30;1510838355;30;255;1510838362;0
32;16;10;5;1;30;1510839280;30;255;1510839287;1
32;16;10;5;1;30;1510839365;30;255;1510839372;1
32;16;10;5;1;30;1510839501;30;255;1510839509;0
32;16;10;5;1;30;1510839684;30;255;1510839692;1
32;16;10;5;1;30;1510840392;30;255;1510840399;0
32;16;10;5;1;30;1510840644;30;255;1510840652;0
32;16;10;5;1;30;1510840716;30;255;1510840723;1
32;16;10;5;1;30;1510840840;30;255;1510840847;1
32;16;10;5;1;30;1510841619;30;255;1510841626;0
32;16;10;5;1;30;1510841761;30;255;1510841768;0
32;16;10;5;1;30;1510841915;30;255;1510841922;1
32;16;10;5;1;30;1510842100;30;255;1510842108;0
32;16;10;5;1;30;1510842763;30;255;1510842770;0
32;16;10;5;1;30;1510842817;30;255;1510842824;0
32;16;10;5;1;30;1510843116;30;255;1510843124;0
32;16;10;5;1;30;1510843173;30;255;1510843181;1
32;16;10;5;1;30;1510843924;30;255;1510843931;0
32;16;10;5;1;30;1510844022;30;255;1510844030;0
32;16;10;5;1;30;1510844244;30;255;1510844252;0
32;16;10;5;1;30;1510844364;30;255;1510844372;1
32;16;10;5;1;30;1510844929;30;255;1510844937;0
32;16;10;5;1;30;1510845288;30;255;1510845296;0
32;16;10;5;1;30;1510845326;30;255;1510845334;0
32;16;10;5;1;30;1510845528;30;255;1510845536;0
32;16;10;5;1;30;1510846006;30;255;1510846013;0
32;16;10;5;1;30;1510846536;30;255;1510846544;0
32;16;10;5;1;30;1510846563;30;255;1510846572;1
32;16;10;5;1;30;1510846669;30;255;1510846676;0
32;16;10;5;1;30;1510847050;30;255;1510847057;0
32;16;10;5;1;30;1510847789;30;255;1510847797;1
32;16;10;5;1;30;1510847891;30;255;1510847899;1
32;16;10;5;1;30;1510847917;30;255;1510847925;0
32;16;10;5;1;30;1510848167;30;255;1510848175;0
32;16;10;5;1;30;1510849099;30;255;1510849107;0
32;16;10;5;1;30;1510849243;30;255;1510849251;1
32;16;10;5;1;30;1510849265;30;255;1510849273;0
32;16;10;5;1;30;1510849383;30;255;1510849391;0
32;16;10;5;1;30;1510850365;30;255;1510850373;1
32;16;10;5;1;30;1510850536;30;255;1510850544;0
32;16;10;5;1;30;1510850536;30;255;1510850544;1
32;16;10;5;1;30;1510850693;30;255;1510850700;1
32;16;10;5;1;30;1510851468;30;255;1510851476;0
32;16;10;5;1;30;1510851718;30;255;1510851725;1
32;16;10;5;1;30;1510851775;30;255;1510851783;0
32;16;10;5;1;30;1510851777;30;255;1510851785;1
32;16;10;5;1;30;1510852727;30;255;1510852735;0
32;16;10;5;1;30;1510852848;30;255;1510852856;1
32;16;10;5;1;30;1510852972;30;255;1510852979;0
32;16;10;5;1;30;1510853031;30;255;1510853039;1
32;16;10;5;1;30;1510853959;30;255;1510853967;1
32;16;10;5;1;30;1510854002;30;255;1510854009;1
32;16;10;5;1;30;1510854076;30;255;1510854083;1
32;16;10;5;1;30;1510854101;30;255;1510854109;1
32;16;10;5;1;30;1510854998;30;255;1510855005;0
32;16;10;5;1;30;1510855084;30;255;1510855091;0
32;16;10;5;1;30;1510855117;30;255;1510855125;0
32;16;10;5;1;30;1510855147;30;255;1510855154;1
32;16;10;5;1;30;1510856076;30;255;1510856084;1
32;16;10;5;1;30;1510856110;30;255;1510856117;1
32;16;10;5;1;30;1510856302;30;255;1510856309;1
32;16;10;5;1;30;1510856368;30;255;1510856376;1
32;16;10;5;1;30;1510857243;30;255;1510857250;0
32;16;10;5;1;30;1510857401;30;255;1510857408;0
32;16;10;5;1;30;1510857505;30;255;1510857512;1
32;16;10;5;1;30;1510857754;30;255;1510857762;1
32;16;10;5;1;30;1510858324;30;255;1510858331;1
32;16;10;5;1;30;1510858439;30;255;1510858446;0
32;16;10;5;1;30;1510858517;30;255;1510858524;1
32;16;10;5;1;30;1510858761;30;255;1510858769;0
32;16;10;5;1;30;1510859556;30;255;1510859563;0
32;16;10;5;1;30;1510859558;30;255;1510859566;0
32;16;10;5;1;30;1510859645;30;255;1510859652;1
32;16;10;5;1;30;1510859975;30;255;1510859982;1
32;16;10;5;1;30;1510860517;30;255;1510860525;1
32;16;10;5;1;30;1510860694;30;255;1510860701;0
32;16;10;5;1;30;1510860732;30;255;1510860739;0
32;16;10;5;1;30;1510861305;30;255;1510861312;1
32;16;10;5;1;30;1510861586;30;255;1510861593;0
32;16;10;5;1;30;1510861841;30;255;1510861849;0
32;16;10;5;1;30;1510861873;30;255;1510861880;0
32;16;10;5;1;30;1510862585;30;255;1510862592;1
32;16;10;5;1;30;1510862816;30;255;1510862823;0
32;16;10;5;1;30;1510862883;30;255;1510862890;0
32;16;10;5;1;30;1510863121;30;255;1510863128;0
32;16;10;5;1;30;1510863619;30;255;1510863626;1
32;16;10;5;1;30;1510864051;30;255;1510864059;1
32;16;10;5;1;30;1510864053;30;255;1510864060;1
32;16;10;5;1;30;1510864242;30;255;1510864250;1
32;16;10;5;1;30;1510864801;30;255;1510864808;0
32;16;10;5;1;30;1510865045;30;255;1510865052;0
32;16;10;5;1;30;1510865113;30;255;1510865120;0
32;16;10;5;1;30;1510865326;30;255;1510865333;0
32;16;10;5;1;30;1510865960;30;255;1510865968;0
32;16;10;5;1;30;1510866042;30;255;1510866050;1
32;16;10;5;1;30;1510866378;30;255;1510866386;1
32;16;10;5;1;30;1510866433;30;255;1510866441;1
32;16;10;5;1;30;1510867174;30;255;1510867181;0
32;16;10;5;1;30;1510867219;30;255;1510867226;1
32;16;10;5;1;30;1510867644;30;255;1510867651;0
32;16;10;5;1;30;1510867748;30;255;1510867755;1
32;16;10;5;1;30;1510868347;30;255;1510868355;0
32;16;10;5;1;30;1510868348;30;255;1510868355;0
32;16;10;5;1;30;1510868826;30;255;1510868834;0
32;16;10;5;1;30;1510868839;30;255;1510868847;0
32;16;10;5;1;30;1510869480;30;255;1510869488;0
32;16;10;5;1;30;1510869564;30;255;1510869572;1
32;16;10;5;1;30;1510869865;30;255;1510869872;0
32;16;10;5;1;30;1510870117;30;255;1510870124;1
32;16;10;5;1;30;1510870638;30;255;1510870646;1
32;16;10;5;1;30;1510870701;30;255;1510870708;0
32;16;10;5;1;30;1510871106;30;255;1510871114;1
32;16;10;5;1;30;1510871258;30;255;1510871265;0
32;16;10;5;1;30;1510871799;30;255;1510871807;0
32;16;10;5;1;30;1510871886;30;255;1510871893;0
32;16;10;5;1;30;1510872402;30;255;1510872410;0
32;16;10;5;1;30;1510872418;30;255;1510872425;0
32;16;10;5;1;30;1510872895;30;255;1510872903;0
32;16;10;5;1;30;1510873214;30;255;1510873221;1
32;16;10;5;1;30;1510873463;30;255;1510873471;0
32;16;10;5;1;30;1510873718;30;255;1510873725;0
32;16;10;5;1;30;1510874003;30;255;1510874010;1
32;16;10;5;1;30;1510874339;30;255;1510874346;1
32;16;10;5;1;30;1510874601;30;255;1510874609;1
32;16;10;5;1;30;1510874801;30;255;1510874809;0
32;16;10;5;1;30;1510875336;30;255;1510875344;1
32;16;10;5;1;30;1510875649;30;255;1510875657;1
32;16;10;5;1;30;1510875663;30;255;1510875671;0
32;16;10;5;1;30;1510875998;30;255;1510876006;1
32;16;10;5;1;30;1510876361;30;255;1510876368;0
32;16;10;5;1;30;1510876883;30;255;1510876891;1
32;16;10;5;1;30;1510876898;30;255;1510876905;1
32;16;10;5;1;30;1510877228;30;255;1510877235;0
32;16;10;5;1;30;1510877551;30;255;1510877558;1
32;16;10;5;1;30;1510877944;30;255;1510877952;1
32;16;10;5;1;30;1510878166;30;255;1510878173;0
32;16;10;5;1;30;1510878244;30;255;1510878251;1
32;16;10;5;1;30;1510878820;30;255;1510878827;1
32;16;10;5;1;30;1510879065;30;255;1510879073;1
32;16;10;5;1;30;1510879405;30;255;1510879412;0
32;16;10;5;1;30;1510879587;30;255;1510879594;0
32;16;10;5;1;30;1510879880;30;255;1510879888;0
32;16;10;5;1;30;1510880302;30;255;1510880309;0
32;16;10;5;1;30;1510880642;30;255;1510880650;0
32;16;10;5;1;30;1510880726;30;255;1510880733;1
32;16;10;5;1;30;1510880957;30;255;1510880964;0
32;16;10;5;1;30;1510881336;30;255;1510881344;1
32;16;10;5;1;30;1510881737;30;255;1510881744;0
32;16;10;5;1;30;1510881748;30;255;1510881756;0
32;16;10;5;1;30;1510882262;30;255;1510882270;0
32;16;10;5;1;30;1510882455;30;255;1510882462;1
32;16;10;5;1;30;1510882867;30;255;1510882874;1
32;16;10;5;1;30;1510883014;30;255;1510883022;0
32;16;10;5;1;30;1510883597;30;255;1510883604;1
32;16;10;5;1;30;1510883671;30;255;1510883679;1
32;16;10;5;1;30;1510884156;30;255;1510884164;0
32;16;10;5;1;30;1510884181;30;255;1510884189;1
32;16;10;5;1;30;1510884623;30;255;1510884631;0
32;16;10;5;1;30;1510884948;30;255;1510884955;1
32;16;10;5;1;30;1510885314;30;255;1510885321;1
32;16;10;5;1;30;1510885454;30;255;1510885462;0
32;16;10;5;1;30;1510885685;30;255;1510885692;0
32;16;10;5;1;30;1510885982;30;255;1510885990;0
32;16;10;5;1;30;1510886563;30;255;1510886570;0
32;16;10;5;1;30;1510886693;30;255;1510886701;1
32;16;10;5;1;30;1510886732;30;255;1510886740;0
32;16;10;5;1;30;1510887036;30;255;1510887043;0
32;16;10;5;1;30;1510887608;30;255;1510887615;1
32;16;10;5;1;30;1510887730;30;255;1510887738;0
32;16;10;5;1;30;1510887952;30;255;1510887959;1
32;16;10;5;1;30;1510888249;30;255;1510888257;1
32;16;10;5;1;30;1510888804;30;255;1510888811;0
32;16;10;5;1;30;1510888810;30;255;1510888817;1
32;16;10;5;1;30;1510889168;30;255;1510889175;1
32;16;10;5;1;30;1510889449;30;255;1510889457;0
32;16;10;5;1;30;1510889886;30;255;1510889894;1
32;16;10;5;1;30;1510890068;30;255;1510890076;0
32;16;10;5;1;30;1510890263;30;255;1510890270;1
32;16;10;5;1;30;1510890665;30;255;1510890672;0
32;16;10;5;1;30;1510891170;30;255;1510891177;0
32;16;10;5;1;30;1510891228;30;255;1510891235;0
32;16;10;5;1;30;1510891236;30;255;1510891243;1
32;16;10;5;1;30;1510891888;30;255;1510891895;0
32;16;10;5;1;30;1510892246;30;255;1510892254;1
32;16;10;5;1;30;1510892290;30;255;1510892298;0
32;16;10;5;1;30;1510892358;30;255;1510892366;0
32;16;10;5;1;30;1510893106;30;255;1510893114;0
32;16;10;5;1;30;1510893399;30;255;1510893407;1
32;16;10;5;1;30;1510893676;30;255;1510893683;1
32;16;10;5;1;30;1510893695;30;255;1510893702;1
32;16;10;5;1;30;1510894323;30;255;1510894330;1
32;16;10;5;1;30;1510894364;30;255;1510894371;0
32;16;10;5;1;30;1510894867;30;255;1510894874;1
32;16;10;5;1;30;1510894900;30;255;1510894907;1
32;16;10;5;1;30;1510895457;30;255;1510895465;1
32;16;10;5;1;30;1510895476;30;255;1510895483;0
32;16;10;5;1;30;1510895853;30;255;1510895860;0
32;16;10;5;1;30;1510896093;30;255;1510896101;0
32;16;10;5;1;30;1510896449;30;255;1510896457;1
32;16;10;5;1;30;1510896549;30;255;1510896557;1
32;16;10;5;1;30;1510896980;30;255;1510896987;0
32;16;10;5;1;30;1510897152;30;255;1510897159;1
32;16;10;5;1;30;1510897420;30;255;1510897427;1
32;16;10;5;1;30;1510897551;30;255;1510897558;0
32;16;10;5;1;30;1510898224;30;255;1510898232;1
32;16;10;5;1;30;1510898501;30;255;1510898508;0
32;16;10;5;1;30;1510898528;30;255;1510898535;1
32;16;10;5;1;30;1510898635;30;255;1510898643;1
32;16;10;5;1;30;1510899312;30;255;1510899319;1
32;16;10;5;1;30;1510899732;30;255;1510899739;0
32;16;10;5;1;30;1510899760;30;255;1510899768;1
32;16;10;5;1;30;1510899773;30;255;1510899780;0
32;16;10;5;1;30;1510900488;30;255;1510900495;1
32;16;10;5;1;30;1510900875;30;255;1510900882;0
32;16;10;5;1;30;1510900920;30;255;1510900928;0
32;16;10;5;1;30;1510900960;30;255;1510900968;0
32;16;10;5;1;30;1510901782;30;255;1510901789;1
32;16;10;5;1;30;1510902005;30;255;1510902013;1
32;16;10;5;1;30;1510902111;30;255;1510902118;1
32;16;10;5;1;30;1510902186;30;255;1510902194;0
32;16;10;5;1;30;1510903076;30;255;1510903083;1
32;16;10;5;1;30;1510903156;30;255;1510903163;1
32;16;10;5;1;30;1510903274;30;255;1510903281;1
32;16;10;5;1;30;1510903430;30;255;1510903437;1
32;16;10;5;1;30;1510904152;30;255;1510904160;1
32;16;10;5;1;30;1510904350;30;255;1510904358;0
32;16;10;5;1;30;1510904422;30;255;1510904430;0
32;16;10;5;1;30;1510904714;30;255;1510904721;0
32;16;10;5;1;30;1510905274;30;255;1510905282;1
32;16;10;5;1;30;1510905572;30;255;1510905579;0
32;16;10;5;1;30;1510905605;30;255;1510905612;0
32;16;10;5;1;30;1510905744;30;255;1510905752;0
32;16;10;5;1;30;1510906457;30;255;1510906464;0
32;16;10;5;1;30;1510906717;30;255;1510906725;1
32;16;10;5;1;30;1510906826;30;255;1510906833;1
32;16;10;5;1;30;1510907108;30;255;1510907115;1
32;16;10;5;1;30;1510907573;30;255;1510907581;1
32;16;10;5;1;30;1510907835;30;255;1510907842;0
32;16;10;5;1;30;1510908044;30;255;1510908052;1
32;16;10;5;1;30;1510908245;30;255;1510908253;1
32;16;10;5;1;30;1510908845;30;255;1510908852;0
32;16;10;5;1;30;1510908995;30;255;1510909003;0
32;16;10;5;1;30;1510909135;30;255;1510909142;1
32;16;10;5;1;30;1510909477;30;255;1510909484;1
32;16;10;5;1;30;1510909986;30;255;1510909994;1
32;16;10;5;1;30;1510910056;30;255;1510910063;0
32;16;10;5;1;30;1510910341;30;255;1510910348;1
32;16;10;5;1;30;1510910645;30;255;1510910652;0
32;16;10;5;1;30;1510911213;30;255;1510911220;0
32;16;10;5;1;30;1510911442;30;255;1510911449;1
32;16;10;5;1;30;1510911650;30;255;1510911658;0
32;16;10;5;1;30;1510911862;30;255;1510911869;0
32;16;10;5;1;30;1510912330;30;255;1510912337;0
32;16;10;5;1;30;1510912453;30;255;1510912460;1
32;16;10;5;1;30;1510913039;30;255;1510913047;0
32;16;10;5;1;30;1510913072;30;255;1510913080;0
32;16;10;5;1;30;1510913454;30;255;1510913462;1
32;16;10;5;1;30;1510913480;30;255;1510913487;0
32;16;10;5;1;30;1510914226;30;255;1510914233;0
32;16;10;5;1;30;1510914323;30;255;1510914331;0
32;16;10;5;1;30;1510914688;30;255;1510914695;0
32;16;10;5;1;30;1510914688;30;255;1510914695;0
32;16;10;5;1;30;1510915257;30;255;1510915264;1
32;16;10;5;1;30;1510915307;30;255;1510915315;0
32;16;10;5;1;30;1510915674;30;255;1510915682;0
32;16;10;5;1;30;1510915874;30;255;1510915881;1
32;16;10;5;1;30;1510916455;30;255;1510916462;0
32;16;10;5;1;30;1510916486;30;255;1510916493;1
32;16;10;5;1;30;1510916921;30;255;1510916929;0
32;16;10;5;1;30;1510916932;30;255;1510916939;0
32;16;10;5;1;30;1510917528;30;255;1510917535;0
32;16;10;5;1;30;1510917791;30;255;1510917799;1
32;16;10;5;1;30;1510918143;30;255;1510918150;1
32;16;10;5;1;30;1510918149;30;255;1510918157;0
32;16;10;5;1;30;1510918904;30;255;1510918911;0
32;16;10;5;1;30;1510919044;30;255;1510919052;0
32;16;10;5;1;30;1510919372;30;255;1510919380;0
32;16;10;5;1;30;1510919433;30;255;1510919440;0
32;16;10;5;1;30;1510920016;30;255;1510920023;0
32;16;10;5;1;30;1510920133;30;255;1510920141;0
32;16;10;5;1;30;1510920609;30;255;1510920616;0
32;16;10;5;1;30;1510920720;30;255;1510920728;1
32;16;10;5;1;30;1510921069;30;255;1510921076;1
32;16;10;5;1;30;1510921202;30;255;1510921209;0
32;16;10;5;1;30;1510921813;30;255;1510921821;1
32;16;10;5;1;30;1510922052;30;255;1510922059;0
32;16;10;5;1;30;1510922145;30;255;1510922153;1
32;16;10;5;1;30;1510922151;30;255;1510922159;1
32;16;10;5;1;30;1510923052;30;255;1510923059;0
32;16;10;5;1;30;1510923137;30;255;1510923144;1
32;16;10;5;1;30;1510923358;30;255;1510923365;0
32;16;10;5;1;30;1510923525;30;255;1510923532;1
32;16;10;5;1;30;1510924259;30;255;1510924267;1
32;16;10;5;1;30;1510924319;30;255;1510924326;1
32;16;10;5;1;30;1510924454;30;255;1510924462;1
32;16;10;5;1;30;1510924724;30;255;1510924732;1
32;16;10;5;1;30;1510925348;30;255;1510925356;0
32;16;10;5;1;30;1510925353;30;255;1510925360;1
32;16;10;5;1;30;1510925432;30;255;1510925440;1
32;16;10;5;1;30;1510925832;30;255;1510925840;0
32;16;10;5;1;30;1510926367;30;255;1510926375;0
32;16;10;5;1;30;1510926501;30;255;1510926509;1
32;16;10;5;1;30;1510926554;30;255;1510926562;1
32;16;10;5;1;30;1510926851;30;255;1510926859;0
32;16;10;5;1;30;1510927462;30;255;1510927469;0
32;16;10;5;1;30;1510927610;30;255;1510927618;0
32;16;10;5;1;30;1510927677;30;255;1510927684;0
32;16;10;5;1;30;1510928210;30;255;1510928217;0
32;16;10;5;1;30;1510928590;30;255;1510928598;0
32;16;10;5;1;30;1510928619;30;255;1510928627;0
32;16;10;5;1;30;1510928628;30;255;1510928635;0
32;16;10;5;1;30;1510929466;30;255;1510929473;1
32;16;10;5;1;30;1510929653;30;255;1510929660;1
32;16;10;5;1;30;1510929688;30;255;1510929696;0
32;16;10;5;1;30;1510929743;30;255;1510929750;0
32;16;10;5;1;30;1510930678;30;255;1510930686;1
32;16;10;5;1;30;1510930793;30;255;1510930800;1
32;16;10;5;1;30;1510930926;30;255;1510930934;1
32;16;10;5;1;30;1510930947;30;255;1510930955;1
32;16;10;5;1;30;1510931662;30;255;1510931669;0
32;16;10;5;1;30;1510931994;30;255;1510932001;1
32;16;10;5;1;30;1510932050;30;255;1510932058;0
32;16;10;5;1;30;1510932094;30;255;1510932102;1
32;16;10;5;1;30;1510932863;30;255;1510932871;1
32;16;10;5;1;30;1510933030;30;255;1510933038;1
32;16;10;5;1;30;1510933253;30;255;1510933260;0
32;16;10;5;1;30;1510933361;30;255;1510933369;1
32;16;10;5;1;30;1510934068;30;255;1510934076;0
32;16;10;5;1;30;1510934152;30;255;1510934160;0
32;16;10;5;1;30;1510934353;30;255;1510934361;0
32;16;10;5;1;30;1510934635;30;255;1510934642;1
32;16;10;5;1;30;1510935175;30;255;1510935183;0
32;16;10;5;1;30;1510935391;30;255;1510935399;1
32;16;10;5;1;30;1510935513;30;255;1510935521;0
32;16;10;5;1;30;1510935854;30;255;1510935862;0
32;16;10;5;1;30;1510936313;30;255;1510936321;1
32;16;10;5;1;30;1510936428;30;255;1510936435;0
32;16;10;5;1;30;1510936475;30;255;1510936483;1
32;16;10;5;1;30;1510937137;30;255;1510937145;1
32;16;10;5;1;30;1510937520;30;255;1510937528;0
32;16;10;5;1;30;1510937549;30;255;1510937556;0
32;16;10;5;1;30;1510937582;30;255;1510937589;0
32;16;10;5;1;30;1510938211;30;255;1510938218;1
32;16;10;5;1;30;1510938605;30;255;1510938612;1
32;16;10;5;1;30;1510938758;30;255;1510938765;1
32;16;10;5;1;30;1510938770;30;255;1510938777;1
32;16;10;5;1;30;1510939468;30;255;1510939475;1
32;16;10;5;1;30;1510939819;30;255;1510939826;1
32;16;10;5;1;30;1510939838;30;255;1510939845;0
32;16;10;5;1;30;1510939909;30;255;1510939917;1
32;16;10;5;1;30;1510940585;30;255;1510940593;0
32;16;10;5;1;30;1510941049;30;255;1510941057;0
32;16;10;5;1;30;1510941132;30;255;1510941140;0
32;16;10;5;1;30;1510941232;30;255;1510941239;0
32;16;10;5;1;30;1510941616;30;255;1510941623;1
32;16;10;5;1;30;1510942219;30;255;1510942227;0
32;16;10;5;1;30;1510942258;30;255;1510942266;0
32;16;10;5;1;30;1510942304;30;255;1510942312;0
32;16;10;5;1;30;1510942945;30;255;1510942953;1
32;16;10;5;1;30;1510943229;30;255;1510943237;0
32;16;10;5;1;30;1510943303;30;255;1510943311;0
32;16;10;5;1;30;1510943390;30;255;1510943397;0
32;16;10;5;1;30;1510944057;30;255;1510944065;0
32;16;10;5;1;30;1510944230;30;255;1510944238;1
32;16;10;5;1;30;1510944516;30;255;1510944523;1
32;16;10;5;1;30;1510944641;30;255;1510944649;0
32;16;10;5;1;30;1510945319;30;255;1510945326;1
32;16;10;5;1;30;1510945337;30;255;1510945344;1
32;16;10;5;1;30;1510945610;30;255;1510945618;1
32;16;10;5;1;30;1510945855;30;255;1510945863;0
32;16;10;5;1;30;1510946581;30;255;1510946589;0
32;16;10;5;1;30;1510946614;30;255;1510946621;0
32;16;10;5;1;30;1510946805;30;255;1510946812;0
32;16;10;5;1;30;1510947117;30;255;1510947124;0
32;16;10;5;1;30;1510947601;30;255;1510947608;1
32;16;10;5;1;30;1510947730;30;255;1510947738;0
32;16;10;5;1;30;1510947963;30;255;1510947971;1
32;16;10;5;1;30;1510948482;30;255;1510948489;1
32;16;10;5;1;30;1510948682;30;255;1510948690;0
32;16;10;5;1;30;1510948819;30;255;1510948826;1
32;16;10;5;1;30;1510949026;30;255;1510949034;0
32;16;10;5;1;30;1510949570;30;255;1510949577;1
32;16;10;5;1;30;1510949923;30;255;1510949930;0
32;16;10;5;1;30;1510949967;30;255;1510949974;0
32;16;10;5;1;30;1510950155;30;255;1510950163;0
32;16;10;5;1;30;1510950663;30;255;1510950671;0
32;16;10;5;1;30;1510951002;30;255;1510951010;1
32;16;10;5;1;30;1510951233;30;255;1510951241;1
32;16;10;5;1;30;1510951393;30;255;1510951401;0
32;16;10;5;1;30;1510952016;30;255;1510952024;0
32;16;10;5;1;30;1510952028;30;255;1510952036;1
32;16;10;5;1;30;1510952190;30;255;1510952197;1
32;16;10;5;1;30;1510952629;30;255;1510952637;0
32;16;10;5;1;30;1510953136;30;255;1510953144;1
32;16;10;5;1;30;1510953214;30;255;1510953222;1
32;16;10;5;1;30;1510953287;30;255;1510953295;0
32;16;10;5;1;30;1510953743;30;255;1510953750;1
32;16;10;5;1;30;1510954137;30;255;1510954144;0
32;16;10;5;1;30;1510954384;30;255;1510954391;1
32;16;10;5;1;30;1510954453;30;255;1510954460;1
32;16;10;5;1;30;1510954783;30;255;1510954791;1
32;16;10;5;1;30;1510955362;30;255;1510955370;0
32;16;10;5;1;30;1510955379;30;255;1510955386;1
32;16;10;5;1;30;1510955596;30;255;1510955603;0
32;16;10;5;1;30;1510955836;30;255;1510955843;1
32;16;10;5;1;30;1510956359;30;255;1510956367;1
32;16;10;5;1;30;1510956480;30;255;1510956488;0
32;16;10;5;1;30;1510956715;30;255;1510956722;1
32;16;10;5;1;30;1510957101;30;255;1510957108;1
32;16;10;5;1;30;1510957603;30;255;1510957611;0
32;16;10;5;1;30;1510957747;30;255;1510957754;1
32;16;10;5;1;30;1510957841;30;255;1510957848;0
32;16;10;5;1;30;1510958294;30;255;1510958301;1
32;16;10;5;1;30;1510958624;30;255;1510958632;0
32;16;10;5;1;30;1510958784;30;255;1510958792;0
32;16;10;5;1;30;1510958880;30;255;1510958887;0
32;16;10;5;1;30;1510959650;30;255;1510959657;1
32;16;10;5;1;30;1510959878;30;255;1510959885;0
32;16;10;5;1;30;1510960018;30;255;1510960026;0
32;16;10;5;1;30;1510960134;30;255;1510960141;0
32;16;10;5;1;30;1510960707;30;255;1510960715;1
32;16;10;5;1;30;1510960998;30;255;1510961005;0
32;16;10;5;1;30;1510961088;30;255;1510961095;0
32;16;10;5;1;30;1510961326;30;255;1510961334;0
32;16;10;5;1;30;1510961956;30;255;1510961964;0
32;16;10;5;1;30;1510962199;30;255;1510962207;0
32;16;10;5;1;30;1510962299;30;255;1510962307;0
32;16;10;5;1;30;1510962328;30;255;1510962336;1
32;16;10;5;1;30;1510962938;30;255;1510962945;0
32;16;10;5;1;30;1510963175;30;255;1510963183;1
32;16;10;5;1;30;1510963642;30;255;1510963649;1
32;16;10;5;1;30;1510963650;30;255;1510963658;1
32;16;10;5;1;30;1510964214;30;255;1510964221;0
32;16;10;5;1;30;1510964435;30;255;1510964442;1
32;16;10;5;1;30;1510964679;30;255;1510964687;0
32;16;10;5;1;30;1510964936;30;255;1510964944;0
32;16;10;5;1;30;1510965314;30;255;1510965322;0
32;16;10;5;1;30;1510965685;30;255;1510965692;1
32;16;10;5;1;30;1510965833;30;255;1510965840;1
32;16;10;5;1;30;1510966114;30;255;1510966121;1
32;16;10;5;1;30;1510966301;30;255;1510966309;0
32;16;10;5;1;30;1510966892;30;255;1510966900;1
32;16;10;5;1;30;1510967015;30;255;1510967023;1
32;16;10;5;1;30;1510967265;30;255;1510967272;1
32;16;10;5;1;30;1510967457;30;255;1510967464;1
32;16;10;5;1;30;1510968166;30;255;1510968173;1
32;16;10;5;1;30;1510968189;30;255;1510968196;1
32;16;10;5;1;30;1510968435;30;255;1510968442;1
32;16;10;5;1;30;1510968830;30;255;1510968837;1
32;16;10;5;1;30;1510969327;30;255;1510969334;1
32;16;10;5;1;30;1510969480;30;255;1510969487;1
32;16;10;5;1;30;1510969650;30;255;1510969658;1
32;16;10;5;1;30;1510970045;30;255;1510970053;1
32;16;10;5;1;30;1510970518;30;255;1510970525;1
32;16;10;5;1;30;1510970741;30;255;1510970748;0
32;16;10;5;1;30;1510970776;30;255;1510970783;1
32;16;10;5;1;30;1510971180;30;255;1510971188;1
32;16;10;5;1;30;1510971757;30;255;1510971765;1
32;16;10;5;1;30;1510971929;30;255;1510971936;0
32;16;10;5;1;30;1510972103;30;255;1510972110;0
32;16;10;5;1;30;1510972374;30;255;1510972381;1
32;16;10;5;1;30;1510972992;30;255;1510973000;0
32;16;10;5;1;30;1510973180;30;255;1510973188;1
32;16;10;5;1;30;1510973329;30;255;1510973336;0
32;16;10;5;1;30;1510973433;30;255;1510973440;0
32;16;10;5;1;30;1510973979;30;255;1510973986;0
32;16;10;5;1;30;1510974307;30;255;1510974314;0
32;16;10;5;1;30;1510974492;30;255;1510974500;1
32;16;10;5;1;30;1510974621;30;255;1510974628;0
32;16;10;5;1;30;1510975012;30;255;1510975019;1
32;16;10;5;1;30;1510975492;30;255;1510975499;1
32;16;10;5;1;30;1510975530;30;255;1510975538;0
32;16;10;5;1;30;1510975875;30;255;1510975882;0
32;16;10;5;1;30;1510976194;30;255;1510976202;1
32;16;10;5;1;30;1510976698;30;255;1510976706;0
32;16;10;5;1;30;1510976747;30;255;1510976755;0
32;16;10;5;1;30;1510977051;30;255;1510977059;0
32;16;10;5;1;30;1510977483;30;255;1510977490;0
32;16;10;5;1;30;1510977640;30;255;1510977648;1
32;16;10;5;1;30;1510977804;30;255;1510977812;0
32;16;10;5;1;30;1510978185;30;255;1510978192;1
32;16;10;5;1;30;1510978688;30;255;1510978696;0
32;16;10;5;1;30;1510978808;30;255;1510978815;1
32;16;10;5;1;30;1510978944;30;255;1510978952;1
32;16;10;5;1;30;1510979460;30;255;1510979468;0
32;16;10;5;1;30;1510979963;30;255;1510979970;1
32;16;10;5;1;30;1510980111;30;255;1510980118;0
32;16;10;5;1;30;1510980128;30;255;1510980136;0
32;16;10;5;1;30;1510980549;30;255;1510980556;1
32;16;10;5;1;30;1510981098;30;255;1510981106;1
32;16;10;5;1;30;1510981262;30;255;1510981270;0
32;16;10;5;1;30;1510981289;30;255;1510981296;0
32;16;10;5;1;30;1510981720;30;255;1510981727;0
32;16;10;5;1;30;1510982277;30;255;1510982284;0
32;16;10;5;1;30;1510982288;30;255;1510982296;1
32;16;10;5;1;30;1510982447;30;255;1510982455;0
32;16;10;5;1;30;1510982715;30;255;1510982723;0
32;16;10;5;1;30;1510983298;30;255;1510983305;0
32;16;10;5;1;30;1510983504;30;255;1510983511;0
32;16;10;5;1;30;1510983739;30;255;1510983746;1
32;16;10;5;1;30;1510983746;30;255;1510983754;1
32;16;10;5;1;30;1510984490;30;255;1510984497;0
32;16;10;5;1;30;1510984517;30;255;1510984524;1
32;16;10;5;1;30;1510984917;30;255;1510984925;0
32;16;10;5;1;30;1510984938;30;255;1510984946;0
32;16;10;5;1;30;1510985597;30;255;1510985604;1
32;16;10;5;1;30;1510985740;30;255;1510985747;1
32;16;10;5;1;30;1510985898;30;255;1510985905;1
32;16;10;5;1;30;1510986133;30;255;1510986141;1
32;16;10;5;1;30;1510986639;30;255;1510986647;1
32;16;10;5;1;30;1510986858;30;255;1510986865;0
32;16;10;5;1;30;1510986940;30;255;1510986948;0
32;16;10;5;1;30;1510987370;30;255;1510987377;0
32;16;10;5;1;30;1510987821;30;255;1510987829;0
32;16;10;5;1;30;1510988071;30;255;1510988078;0
32;16;10;5;1;30;1510988185;30;255;1510988193;0
32;16;10;5;1;30;1510988634;30;255;1510988642;1
32;16;10;5;1;30;1510989062;30;255;1510989070;0
32;16;10;5;1;30;1510989245;30;255;1510989253;0
32;16;10;5;1;30;1510989281;30;255;1510989288;0
32;16;10;5;1;30;1510989876;30;255;1510989884;0
32;16;10;5;1;30;1510990228;30;255;1510990235;1
32;16;10;5;1;30;1510990303;30;255;1510990311;0
32;16;10;5;1;30;1510990307;30;255;1510990315;1
32;16;10;5;1;30;1510990975;30;255;1510990982;0
32;16;10;5;1;30;1510991415;30;255;1510991423;1
32;16;10;5;1;30;1510991534;30;255;1510991542;0
32;16;10;5;1;30;1510991681;30;255;1510991688;1
32;16;10;5;1;30;1510992080;30;255;1510992087;0
32;16;10;5;1;30;1510992470;30;255;1510992477;1
32;16;10;5;1;30;1510992722;30;255;1510992729;1
32;16;10;5;1;30;1510992762;30;255;1510992769;1
32;16;10;5;1;30;1510993326;30;255;1510993333;0
32;16;10;5;1;30;1510993617;30;255;1510993625;1
32;16;10;5;1;30;1510993904;30;255;1510993912;1
32;16;10;5;1;30;1510993987;30;255;1510993994;0
32;16;10;5;1;30;1510994602;30;255;1510994610;0
32;16;10;5;1;30;1510994990;30;255;1510994998;1
32;16;10;5;1;30;1510995044;30;255;1510995052;1
32;16;10;5;1;30;1510995112;30;255;1510995119;0
32;16;10;5;1;30;1510995702;30;255;1510995709;0
32;16;10;5;1;30;1510996142;30;255;1510996149;1
32;16;10;5;1;30;1510996323;30;255;1510996330;0
32;16;10;5;1;30;1510996400;30;255;1510996407;1
32;16;10;5;1;30;1510996811;30;255;1510996818;1
32;16;10;5;1;30;1510997267;30;255;1510997275;1
32;16;10;5;1;30;1510997361;30;255;1510997369;0
32;16;10;5;1;30;1510997607;30;255;1510997614;0
32;16;10;5;1;30;1510998069;30;255;1510998076;1
32;16;10;5;1;30;1510998351;30;255;1510998359;0
32;16;10;5;1;30;1510998472;30;255;1510998480;1
32;16;10;5;1;30;1510998709;30;255;1510998717;1
32;16;10;5;1;30;1510999254;30;255;1510999261;1
32;16;10;5;1;30;1510999524;30;255;1510999532;1
32;16;10;5;1;30;1510999564;30;255;1510999571;0
32;16;10;5;1;30;1510999756;30;255;1510999764;0
32;16;10;5;1;30;1511000469;30;255;1511000477;0
32;16;10;5;1;30;1511000751;30;255;1511000759;0
32;16;10;5;1;30;1511000789;30;255;1511000796;0
32;16;10;5;1;30;1511000956;30;255;1511000964;1
32;16;10;5;1;30;1511001662;30;255;1511001669;1
32;16;10;5;1;30;1511001963;30;255;1511001970;1
32;16;10;5;1;30;1511002140;30;255;1511002148;1
32;16;10;5;1;30;1511002254;30;255;1511002261;1
32;16;10;5;1;30;1511002784;30;255;1511002792;0
32;16;10;5;1;30;1511003091;30;255;1511003099;0
32;16;10;5;1;30;1511003410;30;255;1511003417;1
32;16;10;5;1;30;1511003451;30;255;1511003458;0
32;16;10;5;1;30;1511004020;30;255;1511004027;0
32;16;10;5;1;30;1511004147;30;255;1511004155;0
32;16;10;5;1;30;1511004481;30;255;1511004488;0
32;16;10;5;1;30;1511004588;30;255;1511004596;1
32;16;10;5;1;30;1511005270;30;255;1511005278;0
32;16;10;5;1;30;1511005379;30;255;1511005386;1
32;16;10;5;1;30;1511005721;30;255;1511005728;1
32;16;10;5;1;30;1511005830;30;255;1511005838;0
32;16;10;5;1;30;1511006252;30;255;1511006259;0
32;16;10;5;1;30;1511006657;30;255;1511006665;0
32;16;10;5;1;30;1511006813;30;255;1511006820;0
32;16;10;5;1;30;1511007092;30;255;1511007099;1
32;16;10;5;1;30;1511007346;30;255;1511007354;0
32;16;10;5;1;30;1511007911;30;255;1511007918;1
32;16;10;5;1;30;1511008114;30;255;1511008121;1
32;16;10;5;1;30;1511008450;30;255;1511008457;0
32;16;10;5;1;30;1511008494;30;255;1511008502;1
32;16;10;5;1;30;1511009059;30;255;1511009066;1
32;16;10;5;1;30;1511009336;30;255;1511009344;1
32;16;10;5;1;30;1511009535;30;255;1511009543;0
32;16;10;5;1;30;1511009605;30;255;1511009613;1
32;16;10;5;1;30;1511009998;30;255;1511010006;1
32;16;10;5;1;30;1511010393;30;255;1511010401;0
32;16;10;5;1;30;1511010680;30;255;1511010687;0
32;16;10;5;1;30;1511010686;30;255;1511010694;0
32;16;10;5;1;30;1511011122;30;255;1511011129;1
32;16;10;5;1;30;1511011690;30;255;1511011698;0
32;16;10;5;1;30;1511011716;30;255;1511011723;0
32;16;10;5;1;30;1511011860;30;255;1511011867;1
32;16;10;5;1;30;1511012389;30;255;1511012397;1
32;16;10;5;1;30;1511012862;30;255;1511012869;0
32;16;10;5;1;30;1511012862;30;255;1511012869;0
32;16;10;5;1;30;1511013017;30;255;1511013024;0
32;16;10;5;1;30;1511013728;30;255;1511013735;1
32;16;10;5;1;30;1511013860;30;255;1511013867;1
32;16;10;5;1;30;1511014056;30;255;1511014064;0
32;16;10;5;1;30;1511014072;30;255;1511014079;1
32;16;10;5;1;30;1511014851;30;255;1511014859;0
32;16;10;5;1;30;1511014979;30;255;1511014987;0
32;16;10;5;1;30;1511015217;30;255;1511015224;1
32;16;10;5;1;30;1511015246;30;255;1511015253;1
32;16;10;5;1;30;1511016089;30;255;1511016096;0
32;16;10;5;1;30;1511016218;30;255;1511016225;1
32;16;10;5;1;30;1511016219;30;255;1511016226;1
32;16;10;5;1;30;1511016448;30;255;1511016455;0
32;16;10;5;1;30;1511017366;30;255;1511017373;1
32;16;10;5;1;30;1511017373;30;255;1511017380;1
32;16;10;5;1;30;1511017473;30;255;1511017481;0
32;16;10;5;1;30;1511017598;30;255;1511017605;1
32;16;10;5;1;30;1511018379;30;255;1511018387;0
32;16;10;5;1;30;1511018603;30;255;1511018611;1
32;16;10;5;1;30;1511018664;30;255;1511018672;1
32;16;10;5;1;30;1511018717;30;255;1511018724;0
32;16;10;5;1;30;1511019527;30;255;1511019535;0
32;16;10;5;1;30;1511019811;30;255;1511019818;0
32;16;10;5;1;30;1511019818;30;255;1511019826;0
32;16;10;5;1;30;1511019875;30;255;1511019882;0
32;16;10;5;1;30;1511020572;30;255;1511020580;1
32;16;10;5;1;30;1511020993;30;255;1511021001;1
32;16;10;5;1;30;1511021049;30;255;1511021057;0
32;16;10;5;1;30;1511021066;30;255;1511021074;0
32;16;10;5;1;30;1511021777;30;255;1511021784;0
32;16;10;5;1;30;1511022123;30;255;1511022131;1
32;16;10;5;1;30;1511022258;30;255;1511022266;0
32;16;10;5;1;30;1511022426;30;255;1511022433;1
32;16;10;5;1;30;1511023118;30;255;1511023126;0
32;16;10;5;1;30;1511023246;30;255;1511023253;0
32;16;10;5;1;30;1511023572;30;255;1511023580;1
32;16;10;5;1;30;1511023585;30;255;1511023593;1
32;16;10;5;1;30;1511024161;30;255;1511024168;0
32;16;10;5;1;30;1511024317;30;255;1511024324;0
32;16;10;5;1;30;1511024653;30;255;1511024660;0
32;16;10;5;1;30;1511024862;30;255;1511024870;1
32;16;10;5;1;30;1511025235;30;255;1511025242;0
32;16;10;5;1;30;1511025486;30;255;1511025494;1
32;16;10;5;1;30;1511025625;30;255;1511025632;0
32;16;10;5;1;30;1511025982;30;255;1511025989;1
32;16;10;5;1;30;1511026364;30;255;1511026372;0
32;16;10;5;1;30;1511026527;30;255;1511026535;0
32;16;10;5;1;30;1511026823;30;255;1511026830;1
32;16;10;5;1;30;1511027031;30;255;1511027038;0
32;16;10;5;1;30;1511027597;30;255;1511027605;0
32;16;10;5;1;30;1511027855;30;255;1511027862;1
32;16;10;5;1;30;1511028031;30;255;1511028038;1
32;16;10;5;1;30;1511028171;30;255;1511028179;1
32;16;10;5;1;30;1511028796;30;255;1511028803;0
32;16;10;5;1;30;1511029110;30;255;1511029118;1
32;16;10;5;1;30;1511029140;30;255;1511029148;1
32;16;10;5;1;30;1511029525;30;255;1511029532;1
32;16;10;5;1;30;1511029824;30;255;1511029832;0
32;16;10;5;1;30;1511030257;30;255;1511030265;0
32;16;10;5;1;30;1511030334;30;255;1511030342;0
32;16;10;5;1;30;1511030809;30;255;1511030817;0
32;16;10;5;1;30;1511030907;30;255;1511030915;0
32;16;10;5;1;30;1511031339;30;255;1511031346;1
32;16;10;5;1;30;1511031519;30;255;1511031527;1
32;16;10;5;1;30;1511031997;30;255;1511032005;1
32;16;10;5;1;30;1511032180;30;255;1511032188;0
32;16;10;5;1;30;1511032396;30;255;1511032403;0
32;16;10;5;1;30;1511032754;30;255;1511032761;1
32;16;10;5;1;30;1511033227;30;255;1511033234;1
32;16;10;5;1;30;1511033241;30;255;1511033249;0
32;16;10;5;1;30;1511033531;30;255;1511033538;1
32;16;10;5;1;30;1511033899;30;255;1511033907;0
32;16;10;5;1;30;1511034454;30;255;1511034461;0
32;16;10;5;1;30;1511034471;30;255;1511034479;1
32;16;10;5;1;30;1511034558;30;255;1511034566;1
32;16;10;5;1;30;1511035179;30;255;1511035187;0
32;16;10;5;1;30;1511035522;30;255;1511035529;1
32;16;10;5;1;30;1511035688;30;255;1511035695;0
32;16;10;5;1;30;1511035780;30;255;1511035788;1
32;16;10;5;1;30;1511036486;30;255;1511036493;0
32;16;10;5;1;30;1511036686;30;255;1511036694;1
32;16;10;5;1;30;1511036825;30;255;1511036832;0
32;16;10;5;1;30;1511036992;30;255;1511037000;1
32;16;10;5;1;30;1511037603;30;255;1511037611;1
32;16;10;5;1;30;1511037856;30;255;1511037863;1
32;16;10;5;1;30;1511037986;30;255;1511037994;0
32;16;10;5;1;30;1511037989;30;255;1511037996;1
32;16;10;5;1;30;1511038797;30;255;1511038805;0
32;16;10;5;1;30;1511038842;30;255;1511038850;1
32;16;10;5;1;30;1511039085;30;255;1511039093;1
32;16;10;5;1;30;1511039167;30;255;1511039174;0
32;16;10;5;1;30;1511039914;30;255;1511039922;1
32;16;10;5;1;30;1511039987;30;255;1511039994;0
32;16;10;5;1;30;1511040196;30;255;1511040204;1
32;16;10;5;1;30;1511040371;30;255;1511040378;0
32;16;10;5;1;30;1511041145;30;255;1511041153;1
32;16;10;5;1;30;1511041151;30;255;1511041159;1
32;16;10;5;1;30;1511041326;30;255;1511041333;0
32;16;10;5;1;30;1511041440;30;255;1511041447;0
32;16;10;5;1;30;1511042292;30;255;1511042299;0
32;16;10;5;1;30;1511042326;30;255;1511042334;0
32;16;10;5;1;30;1511042540;30;255;1511042547;1
32;16;10;5;1;30;1511042641;30;255;1511042649;1
32;16;10;5;1;30;1511043563;30;255;1511043570;0
32;16;10;5;1;30;1511043631;30;255;1511043639;1
32;16;10;5;1;30;1511043662;30;255;1511043669;1
32;16;10;5;1;30;1511043876;30;255;1511043884;1
32;16;10;5;1;30;1511044580;30;255;1511044588;0
32;16;10;5;1;30;1511044772;30;255;1511044779;0
32;16;10;5;1;30;1511044836;30;255;1511044844;0
32;16;10;5;1;30;1511044855;30;255;1511044863;0
32;16;10;5;1;30;1511045852;30;255;1511045859;0
32;16;10;5;1;30;1511045898;30;255;1511045906;1
32;16;10;5;1;30;1511046067;30;255;1511046075;0
32;16;10;5;1;30;1511046126;30;255;1511046133;1
32;16;10;5;1;30;1511047001;30;255;1511047009;0
32;16;10;5;1;30;1511047011;30;255;1511047019;0
32;16;10;5;1;30;1511047082;30;255;1511047090;0
32;16;10;5;1;30;1511047178;30;255;1511047185;0
32;16;10;5;1;30;1511048099;30;255;1511048107;0
32;16;10;5;1;30;1511048210;30;255;1511048217;1
32;16;10;5;1;30;1511048221;30;255;1511048228;1
32;16;10;5;1;30;1511048307;30;255;1511048315;0
32;16;10;5;1;30;1511049256;30;255;1511049264;0
32;16;10;5;1;30;1511049424;30;255;1511049432;1
32;16;10;5;1;30;1511049453;30;255;1511049460;1
32;16;10;5;1;30;1511049489;30;255;1511049496;0
32;16;10;5;1;30;1511050434;30;255;1511050442;1
32;16;10;5;1;30;1511050525;30;255;1511050533;0
32;16;10;5;1;30;1511050666;30;255;1511050673;1
32;16;10;5;1;30;1511050677;30;255;1511050685;0
32;16;10;5;1;30;1511051593;30;255;1511051600;1
32;16;10;5;1;30;1511051639;30;255;1511051646;1
32;16;10;5;1;30;1511051837;30;255;1511051844;0
32;16;10;5;1;30;1511051854;30;255;1511051861;1
32;16;10;5;1;30;1511052739;30;255;1511052746;0
32;16;10;5;1;30;1511052739;30;255;1511052746;0
32;16;10;5;1;30;1511052851;30;255;1511052859;1
32;16;10;5;1;30;1511053007;30;255;1511053015;0
32;16;10;5;1;30;1511053884;30;255;1511053892;1
32;16;10;5;1;30;1511053915;30;255;1511053923;0
32;16;10;5;1;30;1511054043;30;255;1511054050;1
32;16;10;5;1;30;1511054110;30;255;1511054118;0
32;16;10;5;1;30;1511055021;30;255;1511055029;0
32;16;10;5;1;30;1511055060;30;255;1511055067;1
32;16;10;5;1;30;1511055233;30;255;1511055240;1
32;16;10;5;1;30;1511055233;30;255;1511055241;1
32;16;10;5;1;30;1511056172;30;255;1511056180;1
32;16;10;5;1;30;1511056307;30;255;1511056314;0
32;16;10;5;1;30;1511056318;30;255;1511056326;1
32;16;10;5;1;30;1511056415;30;255;1511056423;1
32;16;10;5;1;30;1511057238;30;255;1511057246;0
32;16;10;5;1;30;1511057398;30;255;1511057405;1
32;16;10;5;1;30;1511057437;30;255;1511057444;1
32;16;10;5;1;30;1511057514;30;255;1511057522;0
32;16;10;5;1;30;1511058448;30;255;1511058456;1
32;16;10;5;1;30;1511058511;30;255;1511058518;0
32;16;10;5;1;30;1511058674;30;255;1511058682;1
32;16;10;5;1;30;1511058976;30;255;1511058983;0
32;16;10;5;1;30;1511059677;30;255;1511059685;1
32;16;10;5;1;30;1511059686;30;255;1511059694;0
32;16;10;5;1;30;1511059928;30;255;1511059935;1
32;16;10;5;1;30;1511060244;30;255;1511060251;0
32;16;10;5;1;30;1511060710;30;255;1511060717;1
32;16;10;5;1;30;1511060806;30;255;1511060813;0
32;16;10;5;1;30;1511060965;30;255;1511060972;0
32;16;10;5;1;30;1511061480;30;255;1511061488;1
32;16;10;5;1;30;1511061879;30;255;1511061886;0
32;16;10;5;1;30;1511061959;30;255;1511061966;0
32;16;10;5;1;30;1511062006;30;255;1511062014;1
32;16;10;5;1;30;1511062583;30;255;1511062590;0
32;16;10;5;1;30;1511063058;30;255;1511063065;1
32;16;10;5;1;30;1511063152;30;255;1511063159;0
32;16;10;5;1;30;1511063292;30;255;1511063299;1
32;16;10;5;1;30;1511063723;30;255;1511063730;1
32;16;10;5;1;30;1511064171;30;255;1511064178;1
32;16;10;5;1;30;1511064434;30;255;1511064442;1
32;16;10;5;1;30;1511064495;30;255;1511064502;1
32;16;10;5;1;30;1511064811;30;255;1511064818;1
32;16;10;5;1;30;1511065282;30;255;1511065290;1
32;16;10;5;1;30;1511065480;30;255;1511065488;0
32;16;10;5;1;30;1511065703;30;255;1511065711;1
32;16;10;5;1;30;1511065935;30;255;1511065942;1
32;16;10;5;1;30;1511066477;30;255;1511066484;0
32;16;10;5;1;30;1511066524;30;255;1511066531;0
32;16;10;5;1;30;1511066815;30;255;1511066822;1
32;16;10;5;1;30;1511067225;30;255;1511067233;0
32;16;10;5;1;30;1511067453;30;255;1511067461;0
32;16;10;5;1;30;1511067817;30;255;1511067824;1
32;16;10;5;1;30;1511067845;30;255;1511067852;1
32;16;10;5;1;30;1511068373;30;255;1511068380;1
32;16;10;5;1;30;1511068679;30;255;1511068687;1
32;16;10;5;1;30;1511068739;30;255;1511068747;1
32;16;10;5;1;30;1511068883;30;255;1511068891;1
32;16;10;5;1;30;1511069426;30;255;1511069433;0
32;16;10;5;1;30;1511069756;30;255;1511069763;1
32;16;10;5;1;30;1511069775;30;255;1511069783;1
32;16;10;5;1;30;1511070046;30;255;1511070054;0
32;16;10;5;1;30;1511070579;30;255;1511070586;1
32;16;10;5;1;30;1511070859;30;255;1511070866;0
32;16;10;5;1;30;1511070866;30;255;1511070873;0
32;16;10;5;1;30;1511071140;30;255;1511071148;0
32;16;10;5;1;30;1511071887;30;255;1511071894;0
32;16;10;5;1;30;1511071902;30;255;1511071909;1
32;16;10;5;1;30;1511072096;30;255;1511072104;1
32;16;10;5;1;30;1511072325;30;255;1511072332;0
32;16;10;5;1;30;1511072978;30;255;1511072985;1
32;16;10;5;1;30;1511073152;30;255;1511073159;1
32;16;10;5;1;30;1511073207;30;255;1511073214;0
32;16;10;5;1;30;1511073602;30;255;1511073610;1
32;16;10;5;1;30;1511074057;30;255;1511074065;1
32;16;10;5;1;30;1511074146;30;255;1511074153;0
32;16;10;5;1;30;1511074357;30;255;1511074365;1
32;16;10;5;1;30;1511074821;30;255;1511074828;0
32;16;10;5;1;30;1511075217;30;255;1511075224;0
32;16;10;5;1;30;1511075386;30;255;1511075394;0
32;16;10;5;1;30;1511075457;30;255;1511075464;1
32;16;10;5;1;30;1511075910;30;255;1511075917;0
32;16;10;5;1;30;1511076323;30;255;1511076330;1
32;16;10;5;1;30;1511076499;30;255;1511076506;0
32;16;10;5;1;30;1511076614;30;255;1511076622;0
32;16;10;5;1;30;1511077092;30;255;1511077100;0
32;16;10;5;1;30;1511077542;30;255;1511077549;1
32;16;10;5;1;30;1511077748;30;255;1511077755;0
32;16;10;5;1;30;1511077750;30;255;1511077757;1
32;16;10;5;1;30;1511078223;30;255;1511078230;0
32;16;10;5;1;30;1511078566;30;255;1511078573;1
32;16;10;5;1;30;1511078888;30;255;1511078895;0
32;16;10;5;1;30;1511078916;30;255;1511078923;1
32;16;10;5;1;30;1511079425;30;255;1511079432;0
32;16;10;5;1;30;1511079614;30;255;1511079622;0
32;16;10;5;1;30;1511080049;30;255;1511080057;1
32;16;10;5;1;30;1511080108;30;255;1511080115;1
32;16;10;5;1;30;1511080486;30;255;1511080494;0
32;16;10;5;1;30;1511080775;30;255;1511080782;1
32;16;10;5;1;30;1511081200;30;255;1511081208;0
32;16;10;5;1;30;1511081367;30;255;1511081375;0
32;16;10;5;1;30;1511081798;30;255;1511081805;1
32;16;10;5;1;30;1511081858;30;255;1511081866;1
32;16;10;5;1;30;1511082383;30;255;1511082391;0
32;16;10;5;1;30;1511082591;30;255;1511082599;1
32;16;10;5;1;30;1511082885;30;255;1511082892;0
32;16;10;5;1;30;1511083038;30;255;1511083046;0
32;16;10;5;1;30;1511083516;30;255;1511083524;1
32;16;10;5;1;30;1511083755;30;255;1511083763;0
32;16;10;5;1;30;1511083999;30;255;1511084006;1
32;16;10;5;1;30;1511084144;30;255;1511084151;1
32;16;10;5;1;30;1511084529;30;255;1511084537;1
32;16;10;5;1;30;1511084816;30;255;1511084824;0
32;16;10;5;1;30;1511085109;30;255;1511085117;1
32;16;10;5;1;30;1511085286;30;255;1511085294;0
32;16;10;5;1;30;1511085595;30;255;1511085602;1
32;16;10;5;1;30;1511086027;30;255;1511086035;0
32;16;10;5;1;30;1511086260;30;255;1511086267;1
32;16;10;5;1;30;1511086581;30;255;1511086588;1
32;16;10;5;1;30;1511086838;30;255;1511086846;0
32;16;10;5;1;30;1511087203;30;255;1511087211;1
32;16;10;5;1;30;1511087497;30;255;1511087504;1
32;16;10;5;1;30;1511087886;30;255;1511087893;1
32;16;10;5;1;30;1511087890;30;255;1511087897;0
32;16;10;5;1;30;1511088262;30;255;1511088269;0
32;16;10;5;1;30;1511088750;30;255;1511088758;0
32;16;10;5;1;30;1511089049;30;255;1511089056;0
32;16;10;5;1;30;1511089073;30;255;1511089081;1
32;16;10;5;1;30;1511089378;30;255;1511089385;1
32;16;10;5;1;30;1511089946;30;255;1511089954;0
32;16;10;5;1;30;1511090241;30;255;1511090248;1
32;16;10;5;1;30;1511090331;30;255;1511090338;1
32;16;10;5;1;30;1511090640;30;255;1511090647;0
32;16;10;5;1;30;1511091095;30;255;1511091102;1
32;16;10;5;1;30;1511091435;30;255;1511091442;1
32;16;10;5;1;30;1511091543;30;255;1511091551;0
32;16;10;5;1;30;1511091821;30;255;1511091829;0
32;16;10;5;1;30;1511092370;30;255;1511092377;1
32;16;10;5;1;30;1511092406;30;255;1511092414;0
32;16;10;5;1;30;1511092831;30;255;1511092838;0
32;16;10;5;1;30;1511092938;30;255;1511092946;0
32;16;10;5;1;30;1511093490;30;255;1511093497;0
32;16;10;5;1;30;1511093730;30;255;1511093738;0
32;16;10;5;1;30;1511093917;30;255;1511093925;1
32;16;10;5;1;30;1511094176;30;255;1511094184;0
32;16;10;5;1;30;1511094583;30;255;1511094590;0
32;16;10;5;1;30;1511094763;30;255;1511094770;0
32;16;10;5;1;30;1511094997;30;255;1511095004;0
32;16;10;5;1;30;1511095294;30;255;1511095301;0
32;16;10;5;1;30;1511095771;30;255;1511095778;0
32;16;10;5;1;30;1511096022;30;255;1511096030;1
32;16;10;5;1;30;1511096161;30;255;1511096169;1
32;16;10;5;1;30;1511096728;30;255;1511096735;0
32;16;10;5;1;30;1511096876;30;255;1511096884;1
32;16;10;5;1;30;1511097197;30;255;1511097205;0
32;16;10;5;1;30;1511097246;30;255;1511097253;0
32;16;10;5;1;30;1511097760;30;255;1511097768;0
32;16;10;5;1;30;1511098040;30;255;1511098048;0
32;16;10;5;1;30;1511098254;30;255;1511098262;1
32;16;10;5;1;30;1511098387;30;255;1511098395;1
32;16;10;5;1;30;1511098963;30;255;1511098971;1
32;16;10;5;1;30;1511099236;30;255;1511099244;0
32;16;10;5;1;30;1511099547;30;255;1511099554;1
32;16;10;5;1;30;1511099684;30;255;1511099691;0
32;16;10;5;1;30;1511100286;30;255;1511100293;1
32;16;10;5;1;30;1511100343;30;255;1511100351;0
32;16;10;5;1;30;1511100719;30;255;1511100727;0
32;16;10;5;1;30;1511100728;30;255;1511100735;0
32;16;10;5;1;30;1511101401;30;255;1511101409;0
32;16;10;5;1;30;1511101514;30;255;1511101521;0
32;16;10;5;1;30;1511101865;30;255;1511101872;0
32;16;10;5;1;30;1511101877;30;255;1511101884;0
32;16;10;5;1;30;1511102440;30;255;1511102447;0
32;16;10;5;1;30;1511102750;30;255;1511102757;0
32;16;10;5;1;30;1511102924;30;255;1511102931;0
32;16;10;5;1;30;1511103023;30;255;1511103030;0
32;16;10;5;1;30;1511103406;30;255;1511103414;0
32;16;10;5;1;30;1511103935;30;255;1511103943;0
32;16;10;5;1;30;1511104084;30;255;1511104091;1
32;16;10;5;1;30;1511104257;30;255;1511104264;1
32;16;10;5;1;30;1511104694;30;255;1511104701;1
32;16;10;5;1;30;1511105059;30;255;1511105066;1
32;16;10;5;1;30;1511105119;30;255;1511105126;0
32;16;10;5;1;30;1511105445;30;255;1511105452;1
32;16;10;5;1;30;1511105829;30;255;1511105836;0
32;16;10;5;1;30;1511106091;30;255;1511106098;1
32;16;10;5;1;30;1511106227;30;255;1511106235;1
32;16;10;5;1;30;1511106459;30;255;1511106466;0
32;16;10;5;1;30;1511106945;30;255;1511106953;0
32;16;10;5;1;30;1511107289;30;255;1511107297;0
32;16;10;5;1;30;1511107340;30;255;1511107347;0
32;16;10;5;1;30;1511107441;30;255;1511107449;1
32;16;10;5;1;30;1511108235;30;255;1511108242;0
32;16;10;5;1;30;1511108406;30;255;1511108414;0
32;16;10;5;1;30;1511108487;30;255;1511108495;1
32;16;10;5;1;30;1511108717;30;255;1511108724;0
32;16;10;5;1;30;1511109304;30;255;1511109312;1
32;16;10;5;1;30;1511109476;30;255;1511109483;0
32;16;10;5;1;30;1511109692;30;255;1511109700;0
32;16;10;5;1;30;1511109924;30;255;1511109932;0
32;16;10;5;1;30;1511110537;30;255;1511110545;1
32;16;10;5;1;30;1511110580;30;255;1511110587;1
32;16;10;5;1;30;1511111055;30;255;1511111063;1
32;16;10;5;1;30;1511111096;30;255;1511111103;0
32;16;10;5;1;30;1511111645;30;255;1511111653;1
32;16;10;5;1;30;1511111879;30;255;1511111886;0
32;16;10;5;1;30;1511112235;30;255;1511112242;0
32;16;10;5;1;30;1511112264;30;255;1511112272;0
32;16;10;5;1;30;1511112729;30;255;1511112736;0
32;16;10;5;1;30;1511113238;30;255;1511113246;0
32;16;10;5;1;30;1511113431;30;255;1511113438;0
32;16;10;5;1;30;1511113558;30;255;1511113565;0
32;16;10;5;1;30;1511114005;30;255;1511114012;0
32;16;10;5;1;30;1511114250;30;255;1511114258;0
32;16;10;5;1;30;1511114688;30;255;1511114695;0
32;16;10;5;1;30;1511114789;30;255;1511114797;1
32;16;10;5;1;30;1511115148;30;255;1511115156;1
32;16;10;5;1;30;1511115318;30;255;1511115326;1
32;16;10;5;1;30;1511116014;30;255;1511116022;1
32;16;10;5;1;30;1511116087;30;255;1511116094;0
32;16;10;5;1;30;1511116424;30;255;1511116432;0
32;16;10;5;1;30;1511116625;30;255;1511116633;1
32;16;10;5;1;30;1511117072;30;255;1511117079;0
32;16;10;5;1;30;1511117216;30;255;1511117223;1
32;16;10;5;1;30;1511117727;30;255;1511117734;0
32;16;10;5;1;30;1511117727;30;255;1511117735;1
32;16;10;5;1;30;1511118237;30;255;1511118245;1
32;16;10;5;1;30;1511118492;30;255;1511118499;0
32;16;10;5;1;30;1511118801;30;255;1511118808;1
32;16;10;5;1;30;1511119039;30;255;1511119047;1
32;16;10;5;1;30;1511119427;30;255;1511119434;1
32;16;10;5;1;30;1511119661;30;255;1511119669;1
32;16;10;5;1;30;1511119825;30;255;1511119833;0
32;16;10;5;1;30;1511120091;30;255;1511120099;0
32;16;10;5;1;30;1511120475;30;255;1511120483;0
32;16;10;5;1;30;1511120723;30;255;1511120730;0
32;16;10;5;1;30;1511120854;30;255;1511120861;1
32;16;10;5;1;30;1511121292;30;255;1511121300;1
32;16;10;5;1;30;1511121669;30;255;1511121677;0
32;16;10;5;1;30;1511121846;30;255;1511121854;1
32;16;10;5;1;30;1511122207;30;255;1511122215;1
32;16;10;5;1;30;1511122341;30;255;1511122348;1
32;16;10;5;1;30;1511122753;30;255;1511122761;0
32;16;10;5;1;30;1511123103;30;255;1511123111;0
32;16;10;5;1;30;1511123264;30;255;1511123272;0
32;16;10;5;1;30;1511123503;30;255;1511123510;1
32;16;10;5;1;30;1511123983;30;255;1511123991;0
32;16;10;5;1;30;1511124290;30;255;1511124298;0
32;16;10;5;1;30;1511124454;30;255;1511124461;1
32;16;10;5;1;30;1511124733;30;255;1511124741;1
32;16;10;5;1;30;1511125176;30;255;1511125183;0
32;16;10;5;1;30;1511125360;30;255;1511125367;0
32;16;10;5;1;30;1511125688;30;255;1511125695;1
32;16;10;5;1;30;1511125938;30;255;1511125945;1
32;16;10;5;1;30;1511126361;30;255;1511126369;0
32;16;10;5;1;30;1511126641;30;255;1511126649;0
32;16;10;5;1;30;1511126730;30;255;1511126738;0
32;16;10;5;1;30;1511127020;30;255;1511127028;1
32;16;10;5;1;30;1511127575;30;255;1511127583;0
32;16;10;5;1;30;1511127726;30;255;1511127734;0
32;16;10;5;1;30;1511128076;30;255;1511128084;1
32;16;10;5;1;30;1511128176;30;255;1511128183;0
32;16;10;5;1;30;1511128845;30;255;1511128853;0
32;16;10;5;1;30;1511128860;30;255;1511128867;1
32;16;10;5;1;30;1511129140;30;255;1511129147;0
32;16;10;5;1;30;1511129263;30;255;1511129271;0
32;16;10;5;1;30;1511129866;30;255;1511129873;0
32;16;10;5;1;30;1511130090;30;255;1511130098;1
32;16;10;5;1;30;1511130308;30;255;1511130315;1
32;16;10;5;1;30;1511130531;30;255;1511130539;0
32;16;10;5;1;30;1511130907;30;255;1511130915;1
32;16;10;5;1;30;1511131365;30;255;1511131372;0
32;16;10;5;1;30;1511131411;30;255;1511131418;1
32;16;10;5;1;30;1511131806;30;255;1511131814;0
32;16;10;5;1;30;1511132022;30;255;1511132030;1
32;16;10;5;1;30;1511132572;30;255;1511132579;0
32;16;10;5;1;30;1511132575;30;255;1511132583;0
32;16;10;5;1;30;1511132861;30;255;1511132868;0
32;16;10;5;1;30;1511133079;30;255;1511133086;1
32;16;10;5;1;30;1511133778;30;255;1511133786;0
32;16;10;5;1;30;1511133836;30;255;1511133844;1
32;16;10;5;1;30;1511134047;30;255;1511134054;1
32;16;10;5;1;30;1511134059;30;255;1511134067;0
32;16;10;5;1;30;1511134875;30;255;1511134883;0
32;16;10;5;1;30;1511134968;30;255;1511134976;0
32;16;10;5;1;30;1511135174;30;255;1511135181;0
32;16;10;5;1;30;1511135201;30;255;1511135209;0
32;16;10;5;1;30;1511135994;30;255;1511136002;1
32;16;10;5;1;30;1511136256;30;255;1511136264;1
32;16;10;5;1;30;1511136296;30;255;1511136303;1
32;16;10;5;1;30;1511136498;30;255;1511136506;0
32;16;10;5;1;30;1511137132;30;255;1511137140;1
32;16;10;5;1;30;1511137518;30;255;1511137526;1
32;16;10;5;1;30;1511137549;30;255;1511137557;1
32;16;10;5;1;30;1511137760;30;255;1511137767;0
32;16;10;5;1;30;1511138339;30;255;1511138347;0
32;16;10;5;1;30;1511138649;30;255;1511138657;0
32;16;10;5;1;30;1511138758;30;255;1511138766;0
32;16;10;5;1;30;1511139066;30;255;1511139073;0
32;16;10;5;1;30;1511139549;30;255;1511139556;0
32;16;10;5;1;30;1511139910;30;255;1511139918;0
32;16;10;5;1;30;1511139928;30;255;1511139935;1
32;16;10;5;1;30;1511140182;30;255;1511140189;0
32;16;10;5;1;30;1511140777;30;255;1511140784;0
32;16;10;5;1;30;1511141143;30;255;1511141151;0
32;16;10;5;1;30;1511141145;30;255;1511141152;1
32;16;10;5;1;30;1511141283;30;255;1511141290;0
32;16;10;5;1;30;1511141838;30;255;1511141845;0
32;16;10;5;1;30;1511142302;30;255;1511142310;0
32;16;10;5;1;30;1511142339;30;255;1511142346;1
32;16;10;5;1;30;1511142374;30;255;1511142381;0
32;16;10;5;1;30;1511142921;30;255;1511142928;0
32;16;10;5;1;30;1511143552;30;255;1511143559;1
32;16;10;5;1;30;1511143571;30;255;1511143578;1
32;16;10;5;1;30;1511143640;30;255;1511143647;0
32;16;10;5;1;30;1511144171;30;255;1511144179;0
32;16;10;5;1;30;1511144686;30;255;1511144693;0
32;16;10;5;1;30;1511144721;30;255;1511144728;1
32;16;10;5;1;30;1511144789;30;255;1511144797;1
32;16;10;5;1;30;1511145215;30;255;1511145222;0
32;16;10;5;1;30;1511145766;30;255;1511145774;0
32;16;10;5;1;30;1511145991;30;255;1511145999;1
32;16;10;5;1;30;1511146061;30;255;1511146069;1
32;16;10;5;1;30;1511146504;30;255;1511146511;1
32;16;10;5;1;30;1511146890;30;255;1511146897;1
32;16;10;5;1;30;1511147016;30;255;1511147024;0
32;16;10;5;1;30;1511147272;30;255;1511147279;1
32;16;10;5;1;30;1511147866;30;255;1511147873;1
32;16;10;5;1;30;1511148081;30;255;1511148089;0
32;16;10;5;1;30;1511148299;30;255;1511148307;1
32;16;10;5;1;30;1511148392;30;255;1511148399;1
32;16;10;5;1;30;1511148965;30;255;1511148973;0
32;16;10;5;1;30;1511149347;30;255;1511149355;1
32;16;10;5;1;30;1511149548;30;255;1511149556;1
32;16;10;5;1;30;1511149693;30;255;1511149701;1
32;16;10;5;1;30;1511150144;30;255;1511150151;1
32;16;10;5;1;30;1511150463;30;255;1511150471;0
32;16;10;5;1;30;1511150743;30;255;1511150750;1
32;16;10;5;1;30;1511150766;30;255;1511150773;1
32;16;10;5;1;30;1511151379;30;255;1511151387;0
32;16;10;5;1;30;1511151570;30;255;1511151577;0
32;16;10;5;1;30;1511151910;30;255;1511151918;1
32;16;10;5;1;30;1511152025;30;255;1511152032;1
32;16;10;5;1;30;1511152753;30;255;1511152761;1
32;16;10;5;1;30;1511152755;30;255;1511152763;1
32;16;10;5;1;30;1511153072;30;255;1511153080;0
32;16;10;5;1;30;1511153136;30;255;1511153144;0
32;16;10;5;1;30;1511153896;30;255;1511153903;1
32;16;10;5;1;30;1511153956;30;255;1511153963;1
32;16;10;5;1;30;1511154139;30;255;1511154146;0
32;16;10;5;1;30;1511154217;30;255;1511154225;1
32;16;10;5;1;30;1511155052;30;255;1511155059;0
32;16;10;5;1;30;1511155275;30;255;1511155283;0
32;16;10;5;1;30;1511155403;30;255;1511155410;1
32;16;10;5;1;30;1511155549;30;255;1511155557;0
32;16;10;5;1;30;1511156427;30;255;1511156434;0
32;16;10;5;1;30;1511156529;30;255;1511156537;1
32;16;10;5;1;30;1511156570;30;255;1511156578;0
32;16;10;5;1;30;1511156717;30;255;1511156725;1
32;16;10;5;1;30;1511157458;30;255;1511157466;1
32;16;10;5;1;30;1511157647;30;255;1511157655;0
32;16;10;5;1;30;1511157873;30;255;1511157880;1
32;16;10;5;1;30;1511158017;30;255;1511158024;0
32;16;10;5;1;30;1511158589;30;255;1511158596;1
32;16;10;5;1;30;1511159019;30;255;1511159027;1
32;16;10;5;1;30;1511159020;30;255;1511159028;0
32;16;10;5;1;30;1511159069;30;255;1511159076;0
32;16;10;5;1;30;1511159767;30;255;1511159775;0
32;16;10;5;1;30;1511160086;30;255;1511160093;0
32;16;10;5;1;30;1511160120;30;255;1511160127;0
32;16;10;5;1;30;1511160133;30;255;1511160141;0
32;16;10;5;1;30;1511160858;30;255;1511160865;0
32;16;10;5;1;30;1511161216;30;255;1511161223;1
32;16;10;5;1;30;1511161343;30;255;1511161350;0
32;16;10;5;1;30;1511161457;30;255;1511161465;0
32;16;10;5;1;30;1511161925;30;255;1511161933;1
32;16;10;5;1;30;1511162491;30;255;1511162499;1
32;16;10;5;1;30;1511162529;30;255;1511162536;0
32;16;10;5;1;30;1511162617;30;255;1511162624;0
32;16;10;5;1;30;1511163128;30;255;1511163135;0
32;16;10;5;1;30;1511163543;30;255;1511163551;1
32;16;10;5;1;30;1511163666;30;255;1511163673;1
32;16;10;5;1;30;1511163734;30;255;1511163742;0
32;16;10;5;1;30;1511164219;30;255;1511164227;0
32;16;10;5;1;30;1511164754;30;255;1511164762;0
32;16;10;5;1;30;1511164833;30;255;1511164841;0
32;16;10;5;1;30;1511165057;30;255;1511165064;0
32;16;10;5;1;30;1511165414;30;255;1511165422;1
32;16;10;5;1;30;1511165938;30;255;1511165946;1
32;16;10;5;1;30;1511166072;30;255;1511166079;1
32;16;10;5;1;30;1511166127;30;255;1511166135;1
32;16;10;5;1;30;1511166521;30;255;1511166528;0
32;16;10;5;1;30;1511167023;30;255;1511167031;0
32;16;10;5;1;30;1511167147;30;255;1511167155;0
32;16;10;5;1;30;1511167281;30;255;1511167288;0
32;16;10;5;1;30;1511167519;30;255;1511167526;0
32;16;10;5;1;30;1511168148;30;255;1511168156;0
32;16;10;5;1;30;1511168362;30;255;1511168370;1
32;16;10;5;1;30;1511168455;30;255;1511168462;0
32;16;10;5;1;30;1511168725;30;255;1511168733;0
32;16;10;5;1;30;1511169359;30;255;1511169367;1
32;16;10;5;1;30;1511169548;30;255;1511169556;0
32;16;10;5;1;30;1511169616;30;255;1511169623;1
32;16;10;5;1;30;1511169730;30;255;1511169738;1
32;16;10;5;1;30;1511170466;30;255;1511170475;0
32;16;10;5;1;30;1511170809;30;255;1511170817;0
32;16;10;5;1;30;1511170816;30;255;1511170824;1
32;16;10;5;1;30;1511170910;30;255;1511170919;0
32;16;10;5;1;30;1511171897;30;255;1511171905;0
32;16;10;5;1;30;1511172072;30;255;1511172081;1
32;16;10;5;1;30;1511172125;30;255;1511172133;0
32;16;10;5;1;30;1511172219;30;255;1511172228;0
