32;16;10;5;32;30;1510756401;30;255;1510756415;0
32;16;10;5;32;30;1510756405;30;255;1510756416;0
32;16;10;5;32;30;1510756410;30;255;1510756421;0
32;16;10;5;32;30;1510756474;30;255;1510756483;0
32;16;10;5;32;30;1510756699;30;255;1510756707;0
32;16;10;5;32;30;1510756706;30;255;1510756714;0
32;16;10;5;32;30;1510756746;30;255;1510756754;0
32;16;10;5;32;30;1510756772;30;255;1510756781;0
32;16;10;5;32;30;1510757025;30;255;1510757033;0
32;16;10;5;32;30;1510757028;30;255;1510757035;0
32;16;10;5;32;30;1510757112;30;255;1510757121;0
32;16;10;5;32;30;1510757192;30;255;1510757200;0
32;16;10;5;32;30;1510757365;30;255;1510757373;0
32;16;10;5;32;30;1510757379;30;255;1510757387;0
32;16;10;5;32;30;1510757432;30;255;1510757440;0
32;16;10;5;32;30;1510757491;30;255;1510757500;0
32;16;10;5;32;30;1510757699;30;255;1510757709;0
32;16;10;5;32;30;1510757727;30;255;1510757739;0
32;16;10;5;32;30;1510757738;30;255;1510757748;0
32;16;10;5;32;30;1510757792;30;255;1510757812;0
32;16;10;5;32;30;1510758733;30;255;1510758747;0
32;16;10;5;32;30;1510758967;30;255;1510758975;0
32;16;10;5;32;30;1510759017;30;255;1510759025;0
32;16;10;5;32;30;1510759082;30;255;1510759093;0
32;16;10;5;32;30;1510760028;30;255;1510760035;0
32;16;10;5;32;30;1510760227;30;255;1510760234;0
32;16;10;5;32;30;1510760234;30;255;1510760242;0
32;16;10;5;32;30;1510760246;30;255;1510760273;0
32;16;10;5;32;30;1510761078;30;255;1510761085;0
32;16;10;5;32;30;1510761413;30;255;1510761424;0
32;16;10;5;32;30;1510761560;30;255;1510761583;0
32;16;10;5;32;30;1510761642;30;255;1510761653;0
32;16;10;5;32;30;1510762301;30;255;1510762309;0
32;16;10;5;32;30;1510762518;30;255;1510762532;0
32;16;10;5;32;30;1510762748;30;255;1510762755;0
32;16;10;5;32;30;1510762779;30;255;1510762793;0
32;16;10;5;32;30;1510763246;30;255;1510763253;0
32;16;10;5;32;30;1510763516;30;255;1510763524;0
32;16;10;5;32;30;1510763780;30;255;1510763787;0
32;16;10;5;32;30;1510763948;30;255;1510763955;0
32;16;10;5;32;30;1510764304;30;255;1510764312;0
32;16;10;5;32;30;1510764460;30;255;1510764467;0
32;16;10;5;32;30;1510765023;30;255;1510765031;0
32;16;10;5;32;30;1510765157;30;255;1510765165;0
32;16;10;5;32;30;1510765512;30;255;1510765529;0
32;16;10;5;32;30;1510765563;30;255;1510765571;0
32;16;10;5;32;30;1510766385;30;255;1510766393;0
32;16;10;5;32;30;1510766536;30;255;1510766544;0
32;16;10;5;32;30;1510766630;30;255;1510766637;0
32;16;10;5;32;30;1510766690;30;255;1510766698;0
32;16;10;5;32;30;1510767644;30;255;1510767651;0
32;16;10;5;32;30;1510767708;30;255;1510767715;0
32;16;10;5;32;30;1510767921;30;255;1510767929;0
32;16;10;5;32;30;1510767988;30;255;1510767996;0
32;16;10;5;32;30;1510768564;30;255;1510768572;0
32;16;10;5;32;30;1510768837;30;255;1510768858;0
32;16;10;5;32;30;1510769079;30;255;1510769099;0
32;16;10;5;32;30;1510769130;30;255;1510769138;0
32;16;10;5;32;30;1510769885;30;255;1510769893;0
32;16;10;5;32;30;1510769935;30;255;1510769946;0
32;16;10;5;32;30;1510770241;30;255;1510770248;0
32;16;10;5;32;30;1510770333;30;255;1510770353;0
32;16;10;5;32;30;1510771007;30;255;1510771024;0
32;16;10;5;32;30;1510771138;30;255;1510771149;0
32;16;10;5;32;30;1510771344;30;255;1510771351;0
32;16;10;5;32;30;1510771366;30;255;1510771380;0
32;16;10;5;32;30;1510772120;30;255;1510772128;0
32;16;10;5;32;30;1510772360;30;255;1510772367;0
32;16;10;5;32;30;1510772438;30;255;1510772449;0
32;16;10;5;32;30;1510772699;30;255;1510772718;0
32;16;10;5;32;30;1510773301;30;255;1510773309;0
32;16;10;5;32;30;1510773640;30;255;1510773648;0
32;16;10;5;32;30;1510773703;30;255;1510773713;0
32;16;10;5;32;30;1510773907;30;255;1510773915;0
32;16;10;5;32;30;1510774567;30;255;1510774581;0
32;16;10;5;32;30;1510774876;30;255;1510774887;0
32;16;10;5;32;30;1510774905;30;255;1510774919;0
32;16;10;5;32;30;1510774951;30;255;1510774977;0
32;16;10;5;32;30;1510775725;30;255;1510775736;0
32;16;10;5;32;30;1510775935;30;255;1510775956;0
32;16;10;5;32;30;1510776054;30;255;1510776062;0
32;16;10;5;32;30;1510776056;30;255;1510776067;0
32;16;10;5;32;30;1510776835;30;255;1510776842;0
32;16;10;5;32;30;1510776980;30;255;1510776990;0
32;16;10;5;32;30;1510777231;30;255;1510777248;0
32;16;10;5;32;30;1510777411;30;255;1510777438;0
32;16;10;5;32;30;1510777976;30;255;1510777993;0
32;16;10;5;32;30;1510778249;30;255;1510778257;0
32;16;10;5;32;30;1510778478;30;255;1510778485;0
32;16;10;5;32;30;1510778519;30;255;1510778530;0
32;16;10;5;32;30;1510779104;30;255;1510779114;0
32;16;10;5;32;30;1510779447;30;255;1510779454;0
32;16;10;5;32;30;1510779523;30;255;1510779537;0
32;16;10;5;32;30;1510779615;30;255;1510779622;0
32;16;10;5;32;30;1510780364;30;255;1510780371;0
32;16;10;5;32;30;1510780714;30;255;1510780722;0
32;16;10;5;32;30;1510780763;30;255;1510780770;0
32;16;10;5;32;30;1510780784;30;255;1510780791;0
32;16;10;5;32;30;1510781396;30;255;1510781403;0
32;16;10;5;32;30;1510781822;30;255;1510781830;0
32;16;10;5;32;30;1510781959;30;255;1510781967;0
32;16;10;5;32;30;1510782059;30;255;1510782066;0
32;16;10;5;32;30;1510782690;30;255;1510782707;0
32;16;10;5;32;30;1510783000;30;255;1510783008;0
32;16;10;5;32;30;1510783052;30;255;1510783060;0
32;16;10;5;32;30;1510783078;30;255;1510783086;0
32;16;10;5;32;30;1510783956;30;255;1510783967;0
32;16;10;5;32;30;1510784101;30;255;1510784111;0
32;16;10;5;32;30;1510784217;30;255;1510784225;0
32;16;10;5;32;30;1510784464;30;255;1510784472;0
32;16;10;5;32;30;1510785072;30;255;1510785080;0
32;16;10;5;32;30;1510785091;30;255;1510785102;0
32;16;10;5;32;30;1510785325;30;255;1510785335;0
32;16;10;5;32;30;1510785734;30;255;1510785741;0
32;16;10;5;32;30;1510786178;30;255;1510786189;0
32;16;10;5;32;30;1510786258;30;255;1510786266;0
32;16;10;5;32;30;1510786657;30;255;1510786664;0
32;16;10;5;32;30;1510786792;30;255;1510786800;0
32;16;10;5;32;30;1510787304;30;255;1510787318;0
32;16;10;5;32;30;1510787378;30;255;1510787405;0
32;16;10;5;32;30;1510787782;30;255;1510787790;0
32;16;10;5;32;30;1510787982;30;255;1510787990;0
32;16;10;5;32;30;1510788477;30;255;1510788487;0
32;16;10;5;32;30;1510788544;30;255;1510788552;0
32;16;10;5;32;30;1510788801;30;255;1510788808;0
32;16;10;5;32;30;1510789250;30;255;1510789257;0
32;16;10;5;32;30;1510789562;30;255;1510789569;0
32;16;10;5;32;30;1510789720;30;255;1510789728;0
32;16;10;5;32;30;1510789997;30;255;1510790008;0
32;16;10;5;32;30;1510790358;30;255;1510790366;0
32;16;10;5;32;30;1510790550;30;255;1510790557;0
32;16;10;5;32;30;1510790846;30;255;1510790854;0
32;16;10;5;32;30;1510790970;30;255;1510790987;0
32;16;10;5;32;30;1510791614;30;255;1510791624;0
32;16;10;5;32;30;1510791706;30;255;1510791713;0
32;16;10;5;32;30;1510791856;30;255;1510791864;0
32;16;10;5;32;30;1510792223;30;255;1510792230;0
32;16;10;5;32;30;1510792691;30;255;1510792699;0
32;16;10;5;32;30;1510792822;30;255;1510792833;0
32;16;10;5;32;30;1510793145;30;255;1510793153;0
32;16;10;5;32;30;1510793537;30;255;1510793554;0
32;16;10;5;32;30;1510793792;30;255;1510793800;0
32;16;10;5;32;30;1510793846;30;255;1510793853;0
32;16;10;5;32;30;1510794160;30;255;1510794167;0
32;16;10;5;32;30;1510794698;30;255;1510794708;0
32;16;10;5;32;30;1510794902;30;255;1510794913;0
32;16;10;5;32;30;1510794912;30;255;1510794923;0
32;16;10;5;32;30;1510795299;30;255;1510795306;0
32;16;10;5;32;30;1510796036;30;255;1510796046;0
32;16;10;5;32;30;1510796058;30;255;1510796072;0
32;16;10;5;32;30;1510796090;30;255;1510796098;0
32;16;10;5;32;30;1510796446;30;255;1510796469;0
32;16;10;5;32;30;1510797070;30;255;1510797078;0
32;16;10;5;32;30;1510797195;30;255;1510797208;0
32;16;10;5;32;30;1510797227;30;255;1510797251;0
32;16;10;5;32;30;1510797638;30;255;1510797646;0
32;16;10;5;32;30;1510798234;30;255;1510798241;0
32;16;10;5;32;30;1510798341;30;255;1510798348;0
32;16;10;5;32;30;1510798349;30;255;1510798363;0
32;16;10;5;32;30;1510798861;30;255;1510798869;0
32;16;10;5;32;30;1510799319;30;255;1510799327;0
32;16;10;5;32;30;1510799581;30;255;1510799591;0
32;16;10;5;32;30;1510799660;30;255;1510799677;0
32;16;10;5;32;30;1510799868;30;255;1510799875;0
32;16;10;5;32;30;1510800515;30;255;1510800522;0
32;16;10;5;32;30;1510800863;30;255;1510800877;0
32;16;10;5;32;30;1510800873;30;255;1510800881;0
32;16;10;5;32;30;1510801039;30;255;1510801047;0
32;16;10;5;32;30;1510801531;30;255;1510801539;0
32;16;10;5;32;30;1510802153;30;255;1510802164;0
32;16;10;5;32;30;1510802176;30;255;1510802183;0
32;16;10;5;32;30;1510802185;30;255;1510802193;0
32;16;10;5;32;30;1510802523;30;255;1510802530;0
32;16;10;5;32;30;1510803281;30;255;1510803292;0
32;16;10;5;32;30;1510803396;30;255;1510803406;0
32;16;10;5;32;30;1510803459;30;255;1510803467;0
32;16;10;5;32;30;1510803607;30;255;1510803617;0
32;16;10;5;32;30;1510804569;30;255;1510804580;0
32;16;10;5;32;30;1510804579;30;255;1510804587;0
32;16;10;5;32;30;1510804753;30;255;1510804764;0
32;16;10;5;32;30;1510804892;30;255;1510804900;0
32;16;10;5;32;30;1510805714;30;255;1510805730;0
32;16;10;5;32;30;1510805721;30;255;1510805732;0
32;16;10;5;32;30;1510805905;30;255;1510805913;0
32;16;10;5;32;30;1510806010;30;255;1510806018;0
32;16;10;5;32;30;1510806798;30;255;1510806806;0
32;16;10;5;32;30;1510806876;30;255;1510806883;0
32;16;10;5;32;30;1510806928;30;255;1510806936;0
32;16;10;5;32;30;1510807384;30;255;1510807398;0
32;16;10;5;32;30;1510807920;30;255;1510807927;0
32;16;10;5;32;30;1510808171;30;255;1510808191;0
32;16;10;5;32;30;1510808261;30;255;1510808275;0
32;16;10;5;32;30;1510808585;30;255;1510808593;0
32;16;10;5;32;30;1510808988;30;255;1510808996;0
32;16;10;5;32;30;1510809279;30;255;1510809286;0
32;16;10;5;32;30;1510809578;30;255;1510809586;0
32;16;10;5;32;30;1510809597;30;255;1510809605;0
32;16;10;5;32;30;1510810075;30;255;1510810092;0
32;16;10;5;32;30;1510810627;30;255;1510810635;0
32;16;10;5;32;30;1510810753;30;255;1510810761;0
32;16;10;5;32;30;1510810839;30;255;1510810847;0
32;16;10;5;32;30;1510811366;30;255;1510811377;0
32;16;10;5;32;30;1510811894;30;255;1510811902;0
32;16;10;5;32;30;1510811912;30;255;1510811926;0
32;16;10;5;32;30;1510811937;30;255;1510811960;0
32;16;10;5;32;30;1510812522;30;255;1510812529;0
32;16;10;5;32;30;1510813146;30;255;1510813153;0
32;16;10;5;32;30;1510813164;30;255;1510813171;0
32;16;10;5;32;30;1510813294;30;255;1510813305;0
32;16;10;5;32;30;1510813812;30;255;1510813822;0
32;16;10;5;32;30;1510814157;30;255;1510814165;0
32;16;10;5;32;30;1510814271;30;255;1510814279;0
32;16;10;5;32;30;1510814439;30;255;1510814446;0
32;16;10;5;32;30;1510815140;30;255;1510815157;0
32;16;10;5;32;30;1510815440;30;255;1510815451;0
32;16;10;5;32;30;1510815675;30;255;1510815683;0
32;16;10;5;32;30;1510815674;30;255;1510815685;0
32;16;10;5;32;30;1510816470;30;255;1510816478;0
32;16;10;5;32;30;1510816682;30;255;1510816689;0
32;16;10;5;32;30;1510816874;30;255;1510816882;0
32;16;10;5;32;30;1510816881;30;255;1510816892;0
32;16;10;5;32;30;1510817503;30;255;1510817517;0
32;16;10;5;32;30;1510817786;30;255;1510817793;0
32;16;10;5;32;30;1510818068;30;255;1510818076;0
32;16;10;5;32;30;1510818119;30;255;1510818129;0
32;16;10;5;32;30;1510818747;30;255;1510818755;0
32;16;10;5;32;30;1510819046;30;255;1510819053;0
32;16;10;5;32;30;1510819168;30;255;1510819176;0
32;16;10;5;32;30;1510819231;30;255;1510819245;0
32;16;10;5;32;30;1510820152;30;255;1510820160;0
32;16;10;5;32;30;1510820296;30;255;1510820303;0
32;16;10;5;32;30;1510820338;30;255;1510820348;0
32;16;10;5;32;30;1510820394;30;255;1510820405;0
32;16;10;5;32;30;1510821445;30;255;1510821453;0
32;16;10;5;32;30;1510821467;30;255;1510821484;0
32;16;10;5;32;30;1510821558;30;255;1510821565;0
32;16;10;5;32;30;1510821572;30;255;1510821583;0
32;16;10;5;32;30;1510822511;30;255;1510822518;0
32;16;10;5;32;30;1510822549;30;255;1510822556;0
32;16;10;5;32;30;1510822570;30;255;1510822580;0
32;16;10;5;32;30;1510822802;30;255;1510822813;0
32;16;10;5;32;30;1510823686;30;255;1510823703;0
32;16;10;5;32;30;1510823792;30;255;1510823799;0
32;16;10;5;32;30;1510823882;30;255;1510823893;0
32;16;10;5;32;30;1510824035;30;255;1510824043;0
32;16;10;5;32;30;1510824945;30;255;1510824963;0
32;16;10;5;32;30;1510825026;30;255;1510825036;0
32;16;10;5;32;30;1510825118;30;255;1510825128;0
32;16;10;5;32;30;1510825163;30;255;1510825171;0
32;16;10;5;32;30;1510826078;30;255;1510826088;0
32;16;10;5;32;30;1510826178;30;255;1510826186;0
32;16;10;5;32;30;1510826214;30;255;1510826225;0
32;16;10;5;32;30;1510826277;30;255;1510826288;0
32;16;10;5;32;30;1510827172;30;255;1510827179;0
32;16;10;5;32;30;1510827270;30;255;1510827278;0
32;16;10;5;32;30;1510827346;30;255;1510827361;0
32;16;10;5;32;30;1510827601;30;255;1510827613;0
32;16;10;5;32;30;1510828532;30;255;1510828540;0
32;16;10;5;32;30;1510828561;30;255;1510828572;0
32;16;10;5;32;30;1510828617;30;255;1510828624;0
32;16;10;5;32;30;1510828807;30;255;1510828825;0
32;16;10;5;32;30;1510829742;30;255;1510829759;0
32;16;10;5;32;30;1510829753;30;255;1510829761;0
32;16;10;5;32;30;1510829797;30;255;1510829818;0
32;16;10;5;32;30;1510829964;30;255;1510829975;0
32;16;10;5;32;30;1510830822;30;255;1510830830;0
32;16;10;5;32;30;1510831041;30;255;1510831048;0
32;16;10;5;32;30;1510831044;30;255;1510831052;0
32;16;10;5;32;30;1510831119;30;255;1510831130;0
32;16;10;5;32;30;1510832077;30;255;1510832084;0
32;16;10;5;32;30;1510832158;30;255;1510832173;0
32;16;10;5;32;30;1510832343;30;255;1510832351;0
32;16;10;5;32;30;1510832390;30;255;1510832401;0
32;16;10;5;32;30;1510833277;30;255;1510833285;0
32;16;10;5;32;30;1510833431;30;255;1510833439;0
32;16;10;5;32;30;1510833458;30;255;1510833466;0
32;16;10;5;32;30;1510833667;30;255;1510833678;0
32;16;10;5;32;30;1510834418;30;255;1510834433;0
32;16;10;5;32;30;1510834444;30;255;1510834452;0
32;16;10;5;32;30;1510834764;30;255;1510834772;0
32;16;10;5;32;30;1510834900;30;255;1510834908;0
32;16;10;5;32;30;1510835618;30;255;1510835626;0
32;16;10;5;32;30;1510835739;30;255;1510835746;0
32;16;10;5;32;30;1510835843;30;255;1510835860;0
32;16;10;5;32;30;1510836048;30;255;1510836058;0
32;16;10;5;32;30;1510836877;30;255;1510836888;0
32;16;10;5;32;30;1510837166;30;255;1510837173;0
32;16;10;5;32;30;1510837176;30;255;1510837193;0
32;16;10;5;32;30;1510837197;30;255;1510837204;0
32;16;10;5;32;30;1510838161;30;255;1510838172;0
32;16;10;5;32;30;1510838371;30;255;1510838379;0
32;16;10;5;32;30;1510838400;30;255;1510838408;0
32;16;10;5;32;30;1510838389;30;255;1510838409;0
32;16;10;5;32;30;1510839321;30;255;1510839335;0
32;16;10;5;32;30;1510839406;30;255;1510839426;0
32;16;10;5;32;30;1510839539;30;255;1510839547;0
32;16;10;5;32;30;1510839733;30;255;1510839750;0
32;16;10;5;32;30;1510840436;30;255;1510840443;0
32;16;10;5;32;30;1510840685;30;255;1510840692;0
32;16;10;5;32;30;1510840782;30;255;1510840790;0
32;16;10;5;32;30;1510840900;30;255;1510840907;0
32;16;10;5;32;30;1510841659;30;255;1510841667;0
32;16;10;5;32;30;1510841817;30;255;1510841825;0
32;16;10;5;32;30;1510841959;30;255;1510841966;0
32;16;10;5;32;30;1510842141;30;255;1510842161;0
32;16;10;5;32;30;1510842822;30;255;1510842830;0
32;16;10;5;32;30;1510842857;30;255;1510842865;0
32;16;10;5;32;30;1510843167;30;255;1510843174;0
32;16;10;5;32;30;1510843217;30;255;1510843237;0
32;16;10;5;32;30;1510843961;30;255;1510843972;0
32;16;10;5;32;30;1510844079;30;255;1510844086;0
32;16;10;5;32;30;1510844291;30;255;1510844305;0
32;16;10;5;32;30;1510844405;30;255;1510844412;0
32;16;10;5;32;30;1510844974;30;255;1510844991;0
32;16;10;5;32;30;1510845329;30;255;1510845336;0
32;16;10;5;32;30;1510845380;30;255;1510845394;0
32;16;10;5;32;30;1510845569;30;255;1510845576;0
32;16;10;5;32;30;1510846056;30;255;1510846063;0
32;16;10;5;32;30;1510846590;30;255;1510846611;0
32;16;10;5;32;30;1510846612;30;255;1510846632;0
32;16;10;5;32;30;1510846723;30;255;1510846737;0
32;16;10;5;32;30;1510847095;30;255;1510847103;0
32;16;10;5;32;30;1510847854;30;255;1510847869;0
32;16;10;5;32;30;1510847946;30;255;1510847955;0
32;16;10;5;32;30;1510847959;30;255;1510847968;0
32;16;10;5;32;30;1510848205;30;255;1510848225;0
32;16;10;5;32;30;1510849150;30;255;1510849158;0
32;16;10;5;32;30;1510849296;30;255;1510849308;0
32;16;10;5;32;30;1510849312;30;255;1510849323;0
32;16;10;5;32;30;1510849438;30;255;1510849449;0
32;16;10;5;32;30;1510850414;30;255;1510850422;0
32;16;10;5;32;30;1510850588;30;255;1510850601;0
32;16;10;5;32;30;1510850588;30;255;1510850614;0
32;16;10;5;32;30;1510850731;30;255;1510850738;0
32;16;10;5;32;30;1510851522;30;255;1510851533;0
32;16;10;5;32;30;1510851760;30;255;1510851768;0
32;16;10;5;32;30;1510851826;30;255;1510851833;0
32;16;10;5;32;30;1510851825;30;255;1510851836;0
32;16;10;5;32;30;1510852776;30;255;1510852784;0
32;16;10;5;32;30;1510852895;30;255;1510852909;0
32;16;10;5;32;30;1510853022;30;255;1510853029;0
32;16;10;5;32;30;1510853069;30;255;1510853092;0
32;16;10;5;32;30;1510854003;30;255;1510854013;0
32;16;10;5;32;30;1510854051;30;255;1510854059;0
32;16;10;5;32;30;1510854126;30;255;1510854133;0
32;16;10;5;32;30;1510854148;30;255;1510854155;0
32;16;10;5;32;30;1510855042;30;255;1510855052;0
32;16;10;5;32;30;1510855124;30;255;1510855132;0
32;16;10;5;32;30;1510855155;30;255;1510855171;0
32;16;10;5;32;30;1510855191;30;255;1510855208;0
32;16;10;5;32;30;1510856126;30;255;1510856134;0
32;16;10;5;32;30;1510856159;30;255;1510856170;0
32;16;10;5;32;30;1510856346;30;255;1510856353;0
32;16;10;5;32;30;1510856440;30;255;1510856451;0
32;16;10;5;32;30;1510857305;30;255;1510857316;0
32;16;10;5;32;30;1510857447;30;255;1510857455;0
32;16;10;5;32;30;1510857545;30;255;1510857553;0
32;16;10;5;32;30;1510857798;30;255;1510857808;0
32;16;10;5;32;30;1510858367;30;255;1510858375;0
32;16;10;5;32;30;1510858479;30;255;1510858487;0
32;16;10;5;32;30;1510858570;30;255;1510858580;0
32;16;10;5;32;30;1510858799;30;255;1510858813;0
32;16;10;5;32;30;1510859593;30;255;1510859601;0
32;16;10;5;32;30;1510859602;30;255;1510859613;0
32;16;10;5;32;30;1510859688;30;255;1510859696;0
32;16;10;5;32;30;1510860025;30;255;1510860032;0
32;16;10;5;32;30;1510860580;30;255;1510860597;0
32;16;10;5;32;30;1510860753;30;255;1510860770;0
32;16;10;5;32;30;1510860782;30;255;1510860799;0
32;16;10;5;32;30;1510861364;30;255;1510861371;0
32;16;10;5;32;30;1510861623;30;255;1510861631;0
32;16;10;5;32;30;1510861891;30;255;1510861911;0
32;16;10;5;32;30;1510861916;30;255;1510861927;0
32;16;10;5;32;30;1510862638;30;255;1510862651;0
32;16;10;5;32;30;1510862878;30;255;1510862886;0
32;16;10;5;32;30;1510862926;30;255;1510862943;0
32;16;10;5;32;30;1510863161;30;255;1510863172;0
32;16;10;5;32;30;1510863684;30;255;1510863692;0
32;16;10;5;32;30;1510864092;30;255;1510864103;0
32;16;10;5;32;30;1510864118;30;255;1510864126;0
32;16;10;5;32;30;1510864286;30;255;1510864296;0
32;16;10;5;32;30;1510864848;30;255;1510864871;0
32;16;10;5;32;30;1510865089;30;255;1510865106;0
32;16;10;5;32;30;1510865159;30;255;1510865167;0
32;16;10;5;32;30;1510865373;30;255;1510865386;0
32;16;10;5;32;30;1510866001;30;255;1510866008;0
32;16;10;5;32;30;1510866083;30;255;1510866090;0
32;16;10;5;32;30;1510866422;30;255;1510866429;0
32;16;10;5;32;30;1510866480;30;255;1510866487;0
32;16;10;5;32;30;1510867217;30;255;1510867225;0
32;16;10;5;32;30;1510867268;30;255;1510867279;0
32;16;10;5;32;30;1510867687;30;255;1510867698;0
32;16;10;5;32;30;1510867798;30;255;1510867814;0
32;16;10;5;32;30;1510868401;30;255;1510868411;0
32;16;10;5;32;30;1510868410;30;255;1510868420;0
32;16;10;5;32;30;1510868873;30;255;1510868887;0
32;16;10;5;32;30;1510868883;30;255;1510868896;0
32;16;10;5;32;30;1510869549;30;255;1510869557;0
32;16;10;5;32;30;1510869620;30;255;1510869637;0
32;16;10;5;32;30;1510869924;30;255;1510869934;0
32;16;10;5;32;30;1510870157;30;255;1510870165;0
32;16;10;5;32;30;1510870694;30;255;1510870705;0
32;16;10;5;32;30;1510870747;30;255;1510870755;0
32;16;10;5;32;30;1510871163;30;255;1510871173;0
32;16;10;5;32;30;1510871295;30;255;1510871306;0
32;16;10;5;32;30;1510871843;30;255;1510871860;0
32;16;10;5;32;30;1510871926;30;255;1510871940;0
32;16;10;5;32;30;1510872449;30;255;1510872457;0
32;16;10;5;32;30;1510872480;30;255;1510872490;0
32;16;10;5;32;30;1510872936;30;255;1510872946;0
32;16;10;5;32;30;1510873257;30;255;1510873290;0
32;16;10;5;32;30;1510873510;30;255;1510873521;0
32;16;10;5;32;30;1510873780;30;255;1510873790;0
32;16;10;5;32;30;1510874059;30;255;1510874066;0
32;16;10;5;32;30;1510874382;30;255;1510874399;0
32;16;10;5;32;30;1510874645;30;255;1510874652;0
32;16;10;5;32;30;1510874864;30;255;1510874871;0
32;16;10;5;32;30;1510875377;30;255;1510875384;0
32;16;10;5;32;30;1510875702;30;255;1510875716;0
32;16;10;5;32;30;1510875707;30;255;1510875717;0
32;16;10;5;32;30;1510876042;30;255;1510876049;0
32;16;10;5;32;30;1510876405;30;255;1510876412;0
32;16;10;5;32;30;1510876924;30;255;1510876931;0
32;16;10;5;32;30;1510876951;30;255;1510876959;0
32;16;10;5;32;30;1510877278;30;255;1510877288;0
32;16;10;5;32;30;1510877591;30;255;1510877602;0
32;16;10;5;32;30;1510878013;30;255;1510878033;0
32;16;10;5;32;30;1510878213;30;255;1510878223;0
32;16;10;5;32;30;1510878287;30;255;1510878295;0
32;16;10;5;32;30;1510878870;30;255;1510878877;0
32;16;10;5;32;30;1510879106;30;255;1510879116;0
32;16;10;5;32;30;1510879455;30;255;1510879462;0
32;16;10;5;32;30;1510879627;30;255;1510879638;0
32;16;10;5;32;30;1510879921;30;255;1510879931;0
32;16;10;5;32;30;1510880342;30;255;1510880349;0
32;16;10;5;32;30;1510880698;30;255;1510880706;0
32;16;10;5;32;30;1510880776;30;255;1510880783;0
32;16;10;5;32;30;1510881000;30;255;1510881008;0
32;16;10;5;32;30;1510881380;30;255;1510881387;0
32;16;10;5;32;30;1510881780;30;255;1510881788;0
32;16;10;5;32;30;1510881795;30;255;1510881821;0
32;16;10;5;32;30;1510882315;30;255;1510882323;0
32;16;10;5;32;30;1510882498;30;255;1510882512;0
32;16;10;5;32;30;1510882917;30;255;1510882924;0
32;16;10;5;32;30;1510883055;30;255;1510883065;0
32;16;10;5;32;30;1510883659;30;255;1510883670;0
32;16;10;5;32;30;1510883715;30;255;1510883725;0
32;16;10;5;32;30;1510884206;30;255;1510884213;0
32;16;10;5;32;30;1510884225;30;255;1510884233;0
32;16;10;5;32;30;1510884667;30;255;1510884675;0
32;16;10;5;32;30;1510884985;30;255;1510884996;0
32;16;10;5;32;30;1510885364;30;255;1510885378;0
32;16;10;5;32;30;1510885504;30;255;1510885527;0
32;16;10;5;32;30;1510885730;30;255;1510885737;0
32;16;10;5;32;30;1510886035;30;255;1510886058;0
32;16;10;5;32;30;1510886606;30;255;1510886617;0
32;16;10;5;32;30;1510886734;30;255;1510886742;0
32;16;10;5;32;30;1510886785;30;255;1510886796;0
32;16;10;5;32;30;1510887077;30;255;1510887084;0
32;16;10;5;32;30;1510887670;30;255;1510887681;0
32;16;10;5;32;30;1510887774;30;255;1510887781;0
32;16;10;5;32;30;1510888011;30;255;1510888022;0
32;16;10;5;32;30;1510888296;30;255;1510888307;0
32;16;10;5;32;30;1510888847;30;255;1510888854;0
32;16;10;5;32;30;1510888860;30;255;1510888867;0
32;16;10;5;32;30;1510889208;30;255;1510889216;0
32;16;10;5;32;30;1510889512;30;255;1510889532;0
32;16;10;5;32;30;1510889946;30;255;1510889953;0
32;16;10;5;32;30;1510890112;30;255;1510890126;0
32;16;10;5;32;30;1510890303;30;255;1510890314;0
32;16;10;5;32;30;1510890702;30;255;1510890729;0
32;16;10;5;32;30;1510891213;30;255;1510891221;0
32;16;10;5;32;30;1510891278;30;255;1510891285;0
32;16;10;5;32;30;1510891276;30;255;1510891287;0
32;16;10;5;32;30;1510891938;30;255;1510891946;0
32;16;10;5;32;30;1510892290;30;255;1510892298;0
32;16;10;5;32;30;1510892337;30;255;1510892348;0
32;16;10;5;32;30;1510892402;30;255;1510892409;0
32;16;10;5;32;30;1510893156;30;255;1510893167;0
32;16;10;5;32;30;1510893443;30;255;1510893450;0
32;16;10;5;32;30;1510893719;30;255;1510893727;0
32;16;10;5;32;30;1510893739;30;255;1510893746;0
32;16;10;5;32;30;1510894370;30;255;1510894383;0
32;16;10;5;32;30;1510894401;30;255;1510894428;0
32;16;10;5;32;30;1510894904;30;255;1510894915;0
32;16;10;5;32;30;1510894940;30;255;1510894951;0
32;16;10;5;32;30;1510895514;30;255;1510895521;0
32;16;10;5;32;30;1510895516;30;255;1510895524;0
32;16;10;5;32;30;1510895899;30;255;1510895907;0
32;16;10;5;32;30;1510896140;30;255;1510896154;0
32;16;10;5;32;30;1510896496;30;255;1510896504;0
32;16;10;5;32;30;1510896590;30;255;1510896597;0
32;16;10;5;32;30;1510897027;30;255;1510897034;0
32;16;10;5;32;30;1510897201;30;255;1510897209;0
32;16;10;5;32;30;1510897467;30;255;1510897474;0
32;16;10;5;32;30;1510897598;30;255;1510897608;0
32;16;10;5;32;30;1510898268;30;255;1510898279;0
32;16;10;5;32;30;1510898560;30;255;1510898574;0
32;16;10;5;32;30;1510898575;30;255;1510898591;0
32;16;10;5;32;30;1510898685;30;255;1510898693;0
32;16;10;5;32;30;1510899362;30;255;1510899373;0
32;16;10;5;32;30;1510899782;30;255;1510899789;0
32;16;10;5;32;30;1510899807;30;255;1510899817;0
32;16;10;5;32;30;1510899817;30;255;1510899827;0
32;16;10;5;32;30;1510900535;30;255;1510900542;0
32;16;10;5;32;30;1510900931;30;255;1510900948;0
32;16;10;5;32;30;1510900961;30;255;1510900971;0
32;16;10;5;32;30;1510901004;30;255;1510901015;0
32;16;10;5;32;30;1510901823;30;255;1510901839;0
32;16;10;5;32;30;1510902061;30;255;1510902069;0
32;16;10;5;32;30;1510902155;30;255;1510902162;0
32;16;10;5;32;30;1510902236;30;255;1510902247;0
32;16;10;5;32;30;1510903132;30;255;1510903149;0
32;16;10;5;32;30;1510903199;30;255;1510903207;0
32;16;10;5;32;30;1510903333;30;255;1510903341;0
32;16;10;5;32;30;1510903480;30;255;1510903487;0
32;16;10;5;32;30;1510904212;30;255;1510904225;0
32;16;10;5;32;30;1510904391;30;255;1510904401;0
32;16;10;5;32;30;1510904475;30;255;1510904483;0
32;16;10;5;32;30;1510904761;30;255;1510904777;0
32;16;10;5;32;30;1510905318;30;255;1510905326;0
32;16;10;5;32;30;1510905612;30;255;1510905620;0
32;16;10;5;32;30;1510905661;30;255;1510905671;0
32;16;10;5;32;30;1510905797;30;255;1510905808;0
32;16;10;5;32;30;1510906516;30;255;1510906524;0
32;16;10;5;32;30;1510906767;30;255;1510906777;0
32;16;10;5;32;30;1510906872;30;255;1510906889;0
32;16;10;5;32;30;1510907148;30;255;1510907165;0
32;16;10;5;32;30;1510907617;30;255;1510907625;0
32;16;10;5;32;30;1510907891;30;255;1510907898;0
32;16;10;5;32;30;1510908113;30;255;1510908121;0
32;16;10;5;32;30;1510908286;30;255;1510908312;0
32;16;10;5;32;30;1510908888;30;255;1510908902;0
32;16;10;5;32;30;1510909048;30;255;1510909065;0
32;16;10;5;32;30;1510909175;30;255;1510909186;0
32;16;10;5;32;30;1510909520;30;255;1510909528;0
32;16;10;5;32;30;1510910036;30;255;1510910044;0
32;16;10;5;32;30;1510910097;30;255;1510910104;0
32;16;10;5;32;30;1510910388;30;255;1510910395;0
32;16;10;5;32;30;1510910698;30;255;1510910706;0
32;16;10;5;32;30;1510911257;30;255;1510911264;0
32;16;10;5;32;30;1510911485;30;255;1510911493;0
32;16;10;5;32;30;1510911700;30;255;1510911726;0
32;16;10;5;32;30;1510911908;30;255;1510911922;0
32;16;10;5;32;30;1510912377;30;255;1510912385;0
32;16;10;5;32;30;1510912493;30;255;1510912501;0
32;16;10;5;32;30;1510913089;30;255;1510913097;0
32;16;10;5;32;30;1510913125;30;255;1510913139;0
32;16;10;5;32;30;1510913501;30;255;1510913509;0
32;16;10;5;32;30;1510913536;30;255;1510913550;0
32;16;10;5;32;30;1510914273;30;255;1510914280;0
32;16;10;5;32;30;1510914373;30;255;1510914384;0
32;16;10;5;32;30;1510914728;30;255;1510914736;0
32;16;10;5;32;30;1510914738;30;255;1510914751;0
32;16;10;5;32;30;1510915303;30;255;1510915314;0
32;16;10;5;32;30;1510915345;30;255;1510915355;0
32;16;10;5;32;30;1510915721;30;255;1510915732;0
32;16;10;5;32;30;1510915924;30;255;1510915938;0
32;16;10;5;32;30;1510916504;30;255;1510916521;0
32;16;10;5;32;30;1510916555;30;255;1510916562;0
32;16;10;5;32;30;1510916965;30;255;1510916973;0
32;16;10;5;32;30;1510916972;30;255;1510916986;0
32;16;10;5;32;30;1510917574;30;255;1510917601;0
32;16;10;5;32;30;1510917835;30;255;1510917842;0
32;16;10;5;32;30;1510918192;30;255;1510918209;0
32;16;10;5;32;30;1510918199;30;255;1510918210;0
32;16;10;5;32;30;1510918941;30;255;1510918949;0
32;16;10;5;32;30;1510919085;30;255;1510919093;0
32;16;10;5;32;30;1510919413;30;255;1510919420;0
32;16;10;5;32;30;1510919473;30;255;1510919487;0
32;16;10;5;32;30;1510920063;30;255;1510920083;0
32;16;10;5;32;30;1510920177;30;255;1510920185;0
32;16;10;5;32;30;1510920649;30;255;1510920657;0
32;16;10;5;32;30;1510920783;30;255;1510920797;0
32;16;10;5;32;30;1510921113;30;255;1510921120;0
32;16;10;5;32;30;1510921251;30;255;1510921259;0
32;16;10;5;32;30;1510921863;30;255;1510921870;0
32;16;10;5;32;30;1510922105;30;255;1510922119;0
32;16;10;5;32;30;1510922199;30;255;1510922206;0
32;16;10;5;32;30;1510922201;30;255;1510922209;0
32;16;10;5;32;30;1510923092;30;255;1510923100;0
32;16;10;5;32;30;1510923183;30;255;1510923191;0
32;16;10;5;32;30;1510923405;30;255;1510923412;0
32;16;10;5;32;30;1510923587;30;255;1510923595;0
32;16;10;5;32;30;1510924319;30;255;1510924329;0
32;16;10;5;32;30;1510924363;30;255;1510924370;0
32;16;10;5;32;30;1510924498;30;255;1510924512;0
32;16;10;5;32;30;1510924781;30;255;1510924789;0
32;16;10;5;32;30;1510925395;30;255;1510925409;0
32;16;10;5;32;30;1510925403;30;255;1510925410;0
32;16;10;5;32;30;1510925473;30;255;1510925480;0
32;16;10;5;32;30;1510925870;30;255;1510925890;0
32;16;10;5;32;30;1510926404;30;255;1510926412;0
32;16;10;5;32;30;1510926545;30;255;1510926552;0
32;16;10;5;32;30;1510926601;30;255;1510926609;0
32;16;10;5;32;30;1510926905;30;255;1510926912;0
32;16;10;5;32;30;1510927502;30;255;1510927510;0
32;16;10;5;32;30;1510927657;30;255;1510927664;0
32;16;10;5;32;30;1510927724;30;255;1510927731;0
32;16;10;5;32;30;1510928251;30;255;1510928261;0
32;16;10;5;32;30;1510928631;30;255;1510928638;0
32;16;10;5;32;30;1510928672;30;255;1510928680;0
32;16;10;5;32;30;1510928684;30;255;1510928698;0
32;16;10;5;32;30;1510929519;30;255;1510929545;0
32;16;10;5;32;30;1510929703;30;255;1510929713;0
32;16;10;5;32;30;1510929732;30;255;1510929740;0
32;16;10;5;32;30;1510929802;30;255;1510929810;0
32;16;10;5;32;30;1510930722;30;255;1510930736;0
32;16;10;5;32;30;1510930839;30;255;1510930847;0
32;16;10;5;32;30;1510930991;30;255;1510931002;0
32;16;10;5;32;30;1510930995;30;255;1510931002;0
32;16;10;5;32;30;1510931712;30;255;1510931719;0
32;16;10;5;32;30;1510932037;30;255;1510932051;0
32;16;10;5;32;30;1510932094;30;255;1510932101;0
32;16;10;5;32;30;1510932138;30;255;1510932155;0
32;16;10;5;32;30;1510932916;30;255;1510932924;0
32;16;10;5;32;30;1510933068;30;255;1510933076;0
32;16;10;5;32;30;1510933305;30;255;1510933315;0
32;16;10;5;32;30;1510933405;30;255;1510933419;0
32;16;10;5;32;30;1510934106;30;255;1510934113;0
32;16;10;5;32;30;1510934202;30;255;1510934213;0
32;16;10;5;32;30;1510934391;30;255;1510934401;0
32;16;10;5;32;30;1510934681;30;255;1510934689;0
32;16;10;5;32;30;1510935234;30;255;1510935245;0
32;16;10;5;32;30;1510935432;30;255;1510935439;0
32;16;10;5;32;30;1510935560;30;255;1510935571;0
32;16;10;5;32;30;1510935904;30;255;1510935918;0
32;16;10;5;32;30;1510936360;30;255;1510936374;0
32;16;10;5;32;30;1510936475;30;255;1510936489;0
32;16;10;5;32;30;1510936526;30;255;1510936539;0
32;16;10;5;32;30;1510937177;30;255;1510937185;0
32;16;10;5;32;30;1510937580;30;255;1510937587;0
32;16;10;5;32;30;1510937590;30;255;1510937597;0
32;16;10;5;32;30;1510937625;30;255;1510937633;0
32;16;10;5;32;30;1510938251;30;255;1510938259;0
32;16;10;5;32;30;1510938661;30;255;1510938668;0
32;16;10;5;32;30;1510938814;30;255;1510938821;0
32;16;10;5;32;30;1510938820;30;255;1510938827;0
32;16;10;5;32;30;1510939524;30;255;1510939532;0
32;16;10;5;32;30;1510939872;30;255;1510939879;0
32;16;10;5;32;30;1510939885;30;255;1510939902;0
32;16;10;5;32;30;1510939950;30;255;1510939966;0
32;16;10;5;32;30;1510940622;30;255;1510940636;0
32;16;10;5;32;30;1510941087;30;255;1510941094;0
32;16;10;5;32;30;1510941176;30;255;1510941183;0
32;16;10;5;32;30;1510941269;30;255;1510941278;0
32;16;10;5;32;30;1510941660;30;255;1510941680;0
32;16;10;5;32;30;1510942266;30;255;1510942277;0
32;16;10;5;32;30;1510942330;30;255;1510942337;0
32;16;10;5;32;30;1510942370;30;255;1510942381;0
32;16;10;5;32;30;1510942989;30;255;1510943002;0
32;16;10;5;32;30;1510943279;30;255;1510943287;0
32;16;10;5;32;30;1510943359;30;255;1510943367;0
32;16;10;5;32;30;1510943437;30;255;1510943448;0
32;16;10;5;32;30;1510944107;30;255;1510944118;0
32;16;10;5;32;30;1510944277;30;255;1510944287;0
32;16;10;5;32;30;1510944559;30;255;1510944567;0
32;16;10;5;32;30;1510944701;30;255;1510944709;0
32;16;10;5;32;30;1510945368;30;255;1510945379;0
32;16;10;5;32;30;1510945380;30;255;1510945394;0
32;16;10;5;32;30;1510945660;30;255;1510945674;0
32;16;10;5;32;30;1510945903;30;255;1510945910;0
32;16;10;5;32;30;1510946634;30;255;1510946642;0
32;16;10;5;32;30;1510946660;30;255;1510946668;0
32;16;10;5;32;30;1510946846;30;255;1510946856;0
32;16;10;5;32;30;1510947170;30;255;1510947178;0
32;16;10;5;32;30;1510947651;30;255;1510947658;0
32;16;10;5;32;30;1510947774;30;255;1510947794;0
32;16;10;5;32;30;1510948010;30;255;1510948021;0
32;16;10;5;32;30;1510948526;30;255;1510948533;0
32;16;10;5;32;30;1510948723;30;255;1510948730;0
32;16;10;5;32;30;1510948881;30;255;1510948892;0
32;16;10;5;32;30;1510949076;30;255;1510949084;0
32;16;10;5;32;30;1510949617;30;255;1510949624;0
32;16;10;5;32;30;1510949970;30;255;1510949986;0
32;16;10;5;32;30;1510950007;30;255;1510950018;0
32;16;10;5;32;30;1510950205;30;255;1510950216;0
32;16;10;5;32;30;1510950707;30;255;1510950731;0
32;16;10;5;32;30;1510951049;30;255;1510951069;0
32;16;10;5;32;30;1510951293;30;255;1510951300;0
32;16;10;5;32;30;1510951440;30;255;1510951448;0
32;16;10;5;32;30;1510952057;30;255;1510952064;0
32;16;10;5;32;30;1510952081;30;255;1510952092;0
32;16;10;5;32;30;1510952236;30;255;1510952247;0
32;16;10;5;32;30;1510952692;30;255;1510952702;0
32;16;10;5;32;30;1510953183;30;255;1510953190;0
32;16;10;5;32;30;1510953267;30;255;1510953275;0
32;16;10;5;32;30;1510953340;30;255;1510953348;0
32;16;10;5;32;30;1510953790;30;255;1510953798;0
32;16;10;5;32;30;1510954177;30;255;1510954185;0
32;16;10;5;32;30;1510954434;30;255;1510954441;0
32;16;10;5;32;30;1510954490;30;255;1510954501;0
32;16;10;5;32;30;1510954828;30;255;1510954851;0
32;16;10;5;32;30;1510955403;30;255;1510955410;0
32;16;10;5;32;30;1510955435;30;255;1510955442;0
32;16;10;5;32;30;1510955646;30;255;1510955660;0
32;16;10;5;32;30;1510955892;30;255;1510955899;0
32;16;10;5;32;30;1510956409;30;255;1510956426;0
32;16;10;5;32;30;1510956521;30;255;1510956528;0
32;16;10;5;32;30;1510956765;30;255;1510956773;0
32;16;10;5;32;30;1510957151;30;255;1510957158;0
32;16;10;5;32;30;1510957644;30;255;1510957651;0
32;16;10;5;32;30;1510957800;30;255;1510957807;0
32;16;10;5;32;30;1510957891;30;255;1510957899;0
32;16;10;5;32;30;1510958347;30;255;1510958373;0
32;16;10;5;32;30;1510958668;30;255;1510958676;0
32;16;10;5;32;30;1510958835;30;255;1510958849;0
32;16;10;5;32;30;1510958920;30;255;1510958927;0
32;16;10;5;32;30;1510959693;30;255;1510959704;0
32;16;10;5;32;30;1510959921;30;255;1510959945;0
32;16;10;5;32;30;1510960081;30;255;1510960092;0
32;16;10;5;32;30;1510960178;30;255;1510960185;0
32;16;10;5;32;30;1510960751;30;255;1510960758;0
32;16;10;5;32;30;1510961041;30;255;1510961049;0
32;16;10;5;32;30;1510961138;30;255;1510961146;0
32;16;10;5;32;30;1510961370;30;255;1510961377;0
32;16;10;5;32;30;1510962000;30;255;1510962008;0
32;16;10;5;32;30;1510962239;30;255;1510962250;0
32;16;10;5;32;30;1510962346;30;255;1510962354;0
32;16;10;5;32;30;1510962385;30;255;1510962395;0
32;16;10;5;32;30;1510963000;30;255;1510963017;0
32;16;10;5;32;30;1510963229;30;255;1510963236;0
32;16;10;5;32;30;1510963685;30;255;1510963696;0
32;16;10;5;32;30;1510963694;30;255;1510963715;0
32;16;10;5;32;30;1510964260;30;255;1510964271;0
32;16;10;5;32;30;1510964491;30;255;1510964498;0
32;16;10;5;32;30;1510964723;30;255;1510964731;0
32;16;10;5;32;30;1510964986;30;255;1510965022;0
32;16;10;5;32;30;1510965355;30;255;1510965362;0
32;16;10;5;32;30;1510965725;30;255;1510965733;0
32;16;10;5;32;30;1510965886;30;255;1510965897;0
32;16;10;5;32;30;1510966167;30;255;1510966187;0
32;16;10;5;32;30;1510966361;30;255;1510966381;0
32;16;10;5;32;30;1510966933;30;255;1510966940;0
32;16;10;5;32;30;1510967075;30;255;1510967088;0
32;16;10;5;32;30;1510967312;30;255;1510967329;0
32;16;10;5;32;30;1510967504;30;255;1510967511;0
32;16;10;5;32;30;1510968209;30;255;1510968220;0
32;16;10;5;32;30;1510968232;30;255;1510968240;0
32;16;10;5;32;30;1510968485;30;255;1510968493;0
32;16;10;5;32;30;1510968867;30;255;1510968891;0
32;16;10;5;32;30;1510969367;30;255;1510969384;0
32;16;10;5;32;30;1510969523;30;255;1510969531;0
32;16;10;5;32;30;1510969697;30;255;1510969724;0
32;16;10;5;32;30;1510970086;30;255;1510970093;0
32;16;10;5;32;30;1510970568;30;255;1510970582;0
32;16;10;5;32;30;1510970781;30;255;1510970792;0
32;16;10;5;32;30;1510970816;30;255;1510970824;0
32;16;10;5;32;30;1510971236;30;255;1510971244;0
32;16;10;5;32;30;1510971798;30;255;1510971805;0
32;16;10;5;32;30;1510971976;30;255;1510971992;0
32;16;10;5;32;30;1510972156;30;255;1510972163;0
32;16;10;5;32;30;1510972414;30;255;1510972425;0
32;16;10;5;32;30;1510973043;30;255;1510973050;0
32;16;10;5;32;30;1510973233;30;255;1510973244;0
32;16;10;5;32;30;1510973366;30;255;1510973377;0
32;16;10;5;32;30;1510973470;30;255;1510973481;0
32;16;10;5;32;30;1510974023;30;255;1510974030;0
32;16;10;5;32;30;1510974351;30;255;1510974358;0
32;16;10;5;32;30;1510974542;30;255;1510974562;0
32;16;10;5;32;30;1510974692;30;255;1510974700;0
32;16;10;5;32;30;1510975071;30;255;1510975079;0
32;16;10;5;32;30;1510975558;30;255;1510975565;0
32;16;10;5;32;30;1510975597;30;255;1510975604;0
32;16;10;5;32;30;1510975922;30;255;1510975929;0
32;16;10;5;32;30;1510976235;30;255;1510976245;0
32;16;10;5;32;30;1510976757;30;255;1510976765;0
32;16;10;5;32;30;1510976794;30;255;1510976802;0
32;16;10;5;32;30;1510977095;30;255;1510977102;0
32;16;10;5;32;30;1510977545;30;255;1510977553;0
32;16;10;5;32;30;1510977681;30;255;1510977701;0
32;16;10;5;32;30;1510977845;30;255;1510977855;0
32;16;10;5;32;30;1510978222;30;255;1510978232;0
32;16;10;5;32;30;1510978726;30;255;1510978733;0
32;16;10;5;32;30;1510978854;30;255;1510978862;0
32;16;10;5;32;30;1510978986;30;255;1510978993;0
32;16;10;5;32;30;1510979507;30;255;1510979514;0
32;16;10;5;32;30;1510980003;30;255;1510980011;0
32;16;10;5;32;30;1510980164;30;255;1510980178;0
32;16;10;5;32;30;1510980178;30;255;1510980198;0
32;16;10;5;32;30;1510980589;30;255;1510980597;0
32;16;10;5;32;30;1510981139;30;255;1510981147;0
32;16;10;5;32;30;1510981303;30;255;1510981310;0
32;16;10;5;32;30;1510981343;30;255;1510981350;0
32;16;10;5;32;30;1510981773;30;255;1510981780;0
32;16;10;5;32;30;1510982321;30;255;1510982328;0
32;16;10;5;32;30;1510982326;30;255;1510982333;0
32;16;10;5;32;30;1510982497;30;255;1510982508;0
32;16;10;5;32;30;1510982759;30;255;1510982779;0
32;16;10;5;32;30;1510983342;30;255;1510983352;0
32;16;10;5;32;30;1510983554;30;255;1510983567;0
32;16;10;5;32;30;1510983791;30;255;1510983799;0
32;16;10;5;32;30;1510983807;30;255;1510983814;0
32;16;10;5;32;30;1510984536;30;255;1510984550;0
32;16;10;5;32;30;1510984560;30;255;1510984568;0
32;16;10;5;32;30;1510984964;30;255;1510984971;0
32;16;10;5;32;30;1510984998;30;255;1510985008;0
32;16;10;5;32;30;1510985644;30;255;1510985654;0
32;16;10;5;32;30;1510985780;30;255;1510985791;0
32;16;10;5;32;30;1510985967;30;255;1510985978;0
32;16;10;5;32;30;1510986174;30;255;1510986181;0
32;16;10;5;32;30;1510986692;30;255;1510986703;0
32;16;10;5;32;30;1510986898;30;255;1510986906;0
32;16;10;5;32;30;1510986991;30;255;1510986998;0
32;16;10;5;32;30;1510987423;30;255;1510987430;0
32;16;10;5;32;30;1510987887;30;255;1510987895;0
32;16;10;5;32;30;1510988115;30;255;1510988122;0
32;16;10;5;32;30;1510988245;30;255;1510988253;0
32;16;10;5;32;30;1510988687;30;255;1510988701;0
32;16;10;5;32;30;1510989109;30;255;1510989117;0
32;16;10;5;32;30;1510989289;30;255;1510989300;0
32;16;10;5;32;30;1510989337;30;255;1510989344;0
32;16;10;5;32;30;1510989916;30;255;1510989927;0
32;16;10;5;32;30;1510990293;30;255;1510990301;0
32;16;10;5;32;30;1510990347;30;255;1510990354;0
32;16;10;5;32;30;1510990358;30;255;1510990365;0
32;16;10;5;32;30;1510991037;30;255;1510991054;0
32;16;10;5;32;30;1510991481;30;255;1510991488;0
32;16;10;5;32;30;1510991572;30;255;1510991580;0
32;16;10;5;32;30;1510991728;30;255;1510991745;0
32;16;10;5;32;30;1510992129;30;255;1510992137;0
32;16;10;5;32;30;1510992514;30;255;1510992522;0
32;16;10;5;32;30;1510992769;30;255;1510992779;0
32;16;10;5;32;30;1510992799;30;255;1510992816;0
32;16;10;5;32;30;1510993373;30;255;1510993380;0
32;16;10;5;32;30;1510993667;30;255;1510993678;0
32;16;10;5;32;30;1510993951;30;255;1510993977;0
32;16;10;5;32;30;1510994027;30;255;1510994035;0
32;16;10;5;32;30;1510994652;30;255;1510994660;0
32;16;10;5;32;30;1510995037;30;255;1510995045;0
32;16;10;5;32;30;1510995106;30;255;1510995119;0
32;16;10;5;32;30;1510995155;30;255;1510995163;0
32;16;10;5;32;30;1510995749;30;255;1510995766;0
32;16;10;5;32;30;1510996179;30;255;1510996187;0
32;16;10;5;32;30;1510996367;30;255;1510996378;0
32;16;10;5;32;30;1510996459;30;255;1510996470;0
32;16;10;5;32;30;1510996851;30;255;1510996862;0
32;16;10;5;32;30;1510997320;30;255;1510997328;0
32;16;10;5;32;30;1510997415;30;255;1510997422;0
32;16;10;5;32;30;1510997644;30;255;1510997655;0
32;16;10;5;32;30;1510998115;30;255;1510998123;0
32;16;10;5;32;30;1510998411;30;255;1510998431;0
32;16;10;5;32;30;1510998513;30;255;1510998521;0
32;16;10;5;32;30;1510998762;30;255;1510998770;0
32;16;10;5;32;30;1510999307;30;255;1510999314;0
32;16;10;5;32;30;1510999571;30;255;1510999582;0
32;16;10;5;32;30;1510999621;30;255;1510999635;0
32;16;10;5;32;30;1510999807;30;255;1510999815;0
32;16;10;5;32;30;1511000525;30;255;1511000536;0
32;16;10;5;32;30;1511000798;30;255;1511000809;0
32;16;10;5;32;30;1511000836;30;255;1511000843;0
32;16;10;5;32;30;1511001007;30;255;1511001017;0
32;16;10;5;32;30;1511001706;30;255;1511001713;0
32;16;10;5;32;30;1511002003;30;255;1511002011;0
32;16;10;5;32;30;1511002181;30;255;1511002189;0
32;16;10;5;32;30;1511002294;30;255;1511002320;0
32;16;10;5;32;30;1511002835;30;255;1511002842;0
32;16;10;5;32;30;1511003141;30;255;1511003149;0
32;16;10;5;32;30;1511003453;30;255;1511003476;0
32;16;10;5;32;30;1511003492;30;255;1511003512;0
32;16;10;5;32;30;1511004067;30;255;1511004081;0
32;16;10;5;32;30;1511004185;30;255;1511004193;0
32;16;10;5;32;30;1511004528;30;255;1511004538;0
32;16;10;5;32;30;1511004635;30;255;1511004643;0
32;16;10;5;32;30;1511005337;30;255;1511005348;0
32;16;10;5;32;30;1511005416;30;255;1511005423;0
32;16;10;5;32;30;1511005764;30;255;1511005775;0
32;16;10;5;32;30;1511005877;30;255;1511005885;0
32;16;10;5;32;30;1511006295;30;255;1511006303;0
32;16;10;5;32;30;1511006705;30;255;1511006712;0
32;16;10;5;32;30;1511006872;30;255;1511006886;0
32;16;10;5;32;30;1511007142;30;255;1511007149;0
32;16;10;5;32;30;1511007393;30;255;1511007400;0
32;16;10;5;32;30;1511007960;30;255;1511007983;0
32;16;10;5;32;30;1511008168;30;255;1511008178;0
32;16;10;5;32;30;1511008493;30;255;1511008504;0
32;16;10;5;32;30;1511008532;30;255;1511008539;0
32;16;10;5;32;30;1511009102;30;255;1511009116;0
32;16;10;5;32;30;1511009377;30;255;1511009384;0
32;16;10;5;32;30;1511009585;30;255;1511009593;0
32;16;10;5;32;30;1511009652;30;255;1511009660;0
32;16;10;5;32;30;1511010045;30;255;1511010053;0
32;16;10;5;32;30;1511010440;30;255;1511010451;0
32;16;10;5;32;30;1511010733;30;255;1511010740;0
32;16;10;5;32;30;1511010736;30;255;1511010744;0
32;16;10;5;32;30;1511011172;30;255;1511011183;0
32;16;10;5;32;30;1511011731;30;255;1511011738;0
32;16;10;5;32;30;1511011778;30;255;1511011785;0
32;16;10;5;32;30;1511011907;30;255;1511011915;0
32;16;10;5;32;30;1511012430;30;255;1511012444;0
32;16;10;5;32;30;1511012913;30;255;1511012920;0
32;16;10;5;32;30;1511012915;30;255;1511012922;0
32;16;10;5;32;30;1511013063;30;255;1511013071;0
32;16;10;5;32;30;1511013787;30;255;1511013798;0
32;16;10;5;32;30;1511013910;30;255;1511013920;0
32;16;10;5;32;30;1511014103;30;255;1511014110;0
32;16;10;5;32;30;1511014113;30;255;1511014121;0
32;16;10;5;32;30;1511014895;30;255;1511014902;0
32;16;10;5;32;30;1511015023;30;255;1511015031;0
32;16;10;5;32;30;1511015257;30;255;1511015265;0
32;16;10;5;32;30;1511015287;30;255;1511015304;0
32;16;10;5;32;30;1511016142;30;255;1511016150;0
32;16;10;5;32;30;1511016262;30;255;1511016269;0
32;16;10;5;32;30;1511016272;30;255;1511016279;0
32;16;10;5;32;30;1511016488;30;255;1511016496;0
32;16;10;5;32;30;1511017410;30;255;1511017417;0
32;16;10;5;32;30;1511017423;30;255;1511017431;0
32;16;10;5;32;30;1511017511;30;255;1511017522;0
32;16;10;5;32;30;1511017673;30;255;1511017680;0
32;16;10;5;32;30;1511018423;30;255;1511018440;0
32;16;10;5;32;30;1511018653;30;255;1511018661;0
32;16;10;5;32;30;1511018705;30;255;1511018716;0
32;16;10;5;32;30;1511018786;30;255;1511018809;0
32;16;10;5;32;30;1511019584;30;255;1511019594;0
32;16;10;5;32;30;1511019868;30;255;1511019882;0
32;16;10;5;32;30;1511019887;30;255;1511019895;0
32;16;10;5;32;30;1511019921;30;255;1511019929;0
32;16;10;5;32;30;1511020613;30;255;1511020627;0
32;16;10;5;32;30;1511021034;30;255;1511021041;0
32;16;10;5;32;30;1511021096;30;255;1511021104;0
32;16;10;5;32;30;1511021117;30;255;1511021128;0
32;16;10;5;32;30;1511021830;30;255;1511021846;0
32;16;10;5;32;30;1511022179;30;255;1511022187;0
32;16;10;5;32;30;1511022305;30;255;1511022313;0
32;16;10;5;32;30;1511022480;30;255;1511022494;0
32;16;10;5;32;30;1511023160;30;255;1511023167;0
32;16;10;5;32;30;1511023293;30;255;1511023300;0
32;16;10;5;32;30;1511023622;30;255;1511023633;0
32;16;10;5;32;30;1511023638;30;255;1511023649;0
32;16;10;5;32;30;1511024202;30;255;1511024209;0
32;16;10;5;32;30;1511024364;30;255;1511024371;0
32;16;10;5;32;30;1511024693;30;255;1511024701;0
32;16;10;5;32;30;1511024909;30;255;1511024917;0
32;16;10;5;32;30;1511025288;30;255;1511025295;0
32;16;10;5;32;30;1511025524;30;255;1511025532;0
32;16;10;5;32;30;1511025671;30;255;1511025679;0
32;16;10;5;32;30;1511026019;30;255;1511026033;0
32;16;10;5;32;30;1511026414;30;255;1511026422;0
32;16;10;5;32;30;1511026581;30;255;1511026589;0
32;16;10;5;32;30;1511026870;30;255;1511026878;0
32;16;10;5;32;30;1511027078;30;255;1511027088;0
32;16;10;5;32;30;1511027651;30;255;1511027658;0
32;16;10;5;32;30;1511027899;30;255;1511027906;0
32;16;10;5;32;30;1511028096;30;255;1511028104;0
32;16;10;5;32;30;1511028227;30;255;1511028241;0
32;16;10;5;32;30;1511028846;30;255;1511028853;0
32;16;10;5;32;30;1511029154;30;255;1511029161;0
32;16;10;5;32;30;1511029187;30;255;1511029195;0
32;16;10;5;32;30;1511029575;30;255;1511029583;0
32;16;10;5;32;30;1511029871;30;255;1511029879;0
32;16;10;5;32;30;1511030298;30;255;1511030305;0
32;16;10;5;32;30;1511030378;30;255;1511030392;0
32;16;10;5;32;30;1511030863;30;255;1511030880;0
32;16;10;5;32;30;1511030961;30;255;1511030972;0
32;16;10;5;32;30;1511031397;30;255;1511031407;0
32;16;10;5;32;30;1511031576;30;255;1511031599;0
32;16;10;5;32;30;1511032039;30;255;1511032046;0
32;16;10;5;32;30;1511032218;30;255;1511032225;0
32;16;10;5;32;30;1511032442;30;255;1511032450;0
32;16;10;5;32;30;1511032795;30;255;1511032802;0
32;16;10;5;32;30;1511033276;30;255;1511033287;0
32;16;10;5;32;30;1511033282;30;255;1511033296;0
32;16;10;5;32;30;1511033577;30;255;1511033585;0
32;16;10;5;32;30;1511033952;30;255;1511033969;0
32;16;10;5;32;30;1511034497;30;255;1511034508;0
32;16;10;5;32;30;1511034515;30;255;1511034523;0
32;16;10;5;32;30;1511034614;30;255;1511034622;0
32;16;10;5;32;30;1511035226;30;255;1511035234;0
32;16;10;5;32;30;1511035563;30;255;1511035577;0
32;16;10;5;32;30;1511035732;30;255;1511035746;0
32;16;10;5;32;30;1511035833;30;255;1511035850;0
32;16;10;5;32;30;1511036526;30;255;1511036540;0
32;16;10;5;32;30;1511036752;30;255;1511036759;0
32;16;10;5;32;30;1511036862;30;255;1511036870;0
32;16;10;5;32;30;1511037040;30;255;1511037051;0
32;16;10;5;32;30;1511037657;30;255;1511037664;0
32;16;10;5;32;30;1511037900;30;255;1511037907;0
32;16;10;5;32;30;1511038028;30;255;1511038035;0
32;16;10;5;32;30;1511038032;30;255;1511038046;0
32;16;10;5;32;30;1511038842;30;255;1511038849;0
32;16;10;5;32;30;1511038911;30;255;1511038919;0
32;16;10;5;32;30;1511039129;30;255;1511039143;0
32;16;10;5;32;30;1511039211;30;255;1511039218;0
32;16;10;5;32;30;1511039955;30;255;1511039975;0
32;16;10;5;32;30;1511040033;30;255;1511040044;0
32;16;10;5;32;30;1511040234;30;255;1511040245;0
32;16;10;5;32;30;1511040408;30;255;1511040415;0
32;16;10;5;32;30;1511041195;30;255;1511041203;0
32;16;10;5;32;30;1511041204;30;255;1511041215;0
32;16;10;5;32;30;1511041374;30;255;1511041388;0
32;16;10;5;32;30;1511041483;30;255;1511041491;0
32;16;10;5;32;30;1511042338;30;255;1511042355;0
32;16;10;5;32;30;1511042364;30;255;1511042372;0
32;16;10;5;32;30;1511042577;30;255;1511042585;0
32;16;10;5;32;30;1511042692;30;255;1511042719;0
32;16;10;5;32;30;1511043603;30;255;1511043620;0
32;16;10;5;32;30;1511043678;30;255;1511043689;0
32;16;10;5;32;30;1511043705;30;255;1511043735;0
32;16;10;5;32;30;1511043924;30;255;1511043938;0
32;16;10;5;32;30;1511044625;30;255;1511044648;0
32;16;10;5;32;30;1511044815;30;255;1511044826;0
32;16;10;5;32;30;1511044877;30;255;1511044885;0
32;16;10;5;32;30;1511044905;30;255;1511044912;0
32;16;10;5;32;30;1511045896;30;255;1511045909;0
32;16;10;5;32;30;1511045952;30;255;1511045959;0
32;16;10;5;32;30;1511046120;30;255;1511046128;0
32;16;10;5;32;30;1511046173;30;255;1511046181;0
32;16;10;5;32;30;1511047062;30;255;1511047072;0
32;16;10;5;32;30;1511047067;30;255;1511047081;0
32;16;10;5;32;30;1511047123;30;255;1511047136;0
32;16;10;5;32;30;1511047222;30;255;1511047233;0
32;16;10;5;32;30;1511048150;30;255;1511048157;0
32;16;10;5;32;30;1511048259;30;255;1511048267;0
32;16;10;5;32;30;1511048261;30;255;1511048269;0
32;16;10;5;32;30;1511048358;30;255;1511048372;0
32;16;10;5;32;30;1511049300;30;255;1511049310;0
32;16;10;5;32;30;1511049468;30;255;1511049485;0
32;16;10;5;32;30;1511049505;30;255;1511049513;0
32;16;10;5;32;30;1511049533;30;255;1511049540;0
32;16;10;5;32;30;1511050485;30;255;1511050492;0
32;16;10;5;32;30;1511050575;30;255;1511050582;0
32;16;10;5;32;30;1511050717;30;255;1511050731;0
32;16;10;5;32;30;1511050721;30;255;1511050732;0
32;16;10;5;32;30;1511051637;30;255;1511051647;0
32;16;10;5;32;30;1511051695;30;255;1511051705;0
32;16;10;5;32;30;1511051890;30;255;1511051897;0
32;16;10;5;32;30;1511051901;30;255;1511051908;0
32;16;10;5;32;30;1511052783;30;255;1511052791;0
32;16;10;5;32;30;1511052782;30;255;1511052793;0
32;16;10;5;32;30;1511052906;30;255;1511052923;0
32;16;10;5;32;30;1511053060;30;255;1511053068;0
32;16;10;5;32;30;1511053925;30;255;1511053939;0
32;16;10;5;32;30;1511053975;30;255;1511053983;0
32;16;10;5;32;30;1511054099;30;255;1511054122;0
32;16;10;5;32;30;1511054163;30;255;1511054171;0
32;16;10;5;32;30;1511055075;30;255;1511055093;0
32;16;10;5;32;30;1511055120;30;255;1511055127;0
32;16;10;5;32;30;1511055283;30;255;1511055290;0
32;16;10;5;32;30;1511055286;30;255;1511055313;0
32;16;10;5;32;30;1511056226;30;255;1511056233;0
32;16;10;5;32;30;1511056347;30;255;1511056355;0
32;16;10;5;32;30;1511056368;30;255;1511056382;0
32;16;10;5;32;30;1511056469;30;255;1511056487;0
32;16;10;5;32;30;1511057282;30;255;1511057293;0
32;16;10;5;32;30;1511057442;30;255;1511057456;0
32;16;10;5;32;30;1511057486;30;255;1511057494;0
32;16;10;5;32;30;1511057564;30;255;1511057581;0
32;16;10;5;32;30;1511058507;30;255;1511058518;0
32;16;10;5;32;30;1511058554;30;255;1511058562;0
32;16;10;5;32;30;1511058723;30;255;1511058730;0
32;16;10;5;32;30;1511059020;30;255;1511059027;0
32;16;10;5;32;30;1511059715;30;255;1511059722;0
32;16;10;5;32;30;1511059739;30;255;1511059747;0
32;16;10;5;32;30;1511059971;30;255;1511059979;0
32;16;10;5;32;30;1511060288;30;255;1511060295;0
32;16;10;5;32;30;1511060757;30;255;1511060770;0
32;16;10;5;32;30;1511060849;30;255;1511060866;0
32;16;10;5;32;30;1511061019;30;255;1511061027;0
32;16;10;5;32;30;1511061530;30;255;1511061547;0
32;16;10;5;32;30;1511061926;30;255;1511061939;0
32;16;10;5;32;30;1511062003;30;255;1511062014;0
32;16;10;5;32;30;1511062073;30;255;1511062081;0
32;16;10;5;32;30;1511062649;30;255;1511062656;0
32;16;10;5;32;30;1511063117;30;255;1511063131;0
32;16;10;5;32;30;1511063198;30;255;1511063209;0
32;16;10;5;32;30;1511063349;30;255;1511063359;0
32;16;10;5;32;30;1511063767;30;255;1511063775;0
32;16;10;5;32;30;1511064227;30;255;1511064238;0
32;16;10;5;32;30;1511064494;30;255;1511064505;0
32;16;10;5;32;30;1511064535;30;255;1511064546;0
32;16;10;5;32;30;1511064874;30;255;1511064881;0
32;16;10;5;32;30;1511065323;30;255;1511065334;0
32;16;10;5;32;30;1511065524;30;255;1511065531;0
32;16;10;5;32;30;1511065756;30;255;1511065767;0
32;16;10;5;32;30;1511065982;30;255;1511065989;0
32;16;10;5;32;30;1511066517;30;255;1511066525;0
32;16;10;5;32;30;1511066575;30;255;1511066585;0
32;16;10;5;32;30;1511066862;30;255;1511066870;0
32;16;10;5;32;30;1511067269;30;255;1511067286;0
32;16;10;5;32;30;1511067501;30;255;1511067508;0
32;16;10;5;32;30;1511067870;30;255;1511067877;0
32;16;10;5;32;30;1511067898;30;255;1511067918;0
32;16;10;5;32;30;1511068418;30;255;1511068425;0
32;16;10;5;32;30;1511068733;30;255;1511068743;0
32;16;10;5;32;30;1511068795;30;255;1511068803;0
32;16;10;5;32;30;1511068928;30;255;1511068935;0
32;16;10;5;32;30;1511069466;30;255;1511069477;0
32;16;10;5;32;30;1511069806;30;255;1511069813;0
32;16;10;5;32;30;1511069822;30;255;1511069839;0
32;16;10;5;32;30;1511070094;30;255;1511070130;0
32;16;10;5;32;30;1511070629;30;255;1511070640;0
32;16;10;5;32;30;1511070902;30;255;1511070910;0
32;16;10;5;32;30;1511070916;30;255;1511070930;0
32;16;10;5;32;30;1511071194;30;255;1511071211;0
32;16;10;5;32;30;1511071940;30;255;1511071947;0
32;16;10;5;32;30;1511071952;30;255;1511071960;0
32;16;10;5;32;30;1511072137;30;255;1511072163;0
32;16;10;5;32;30;1511072381;30;255;1511072394;0
32;16;10;5;32;30;1511073040;30;255;1511073051;0
32;16;10;5;32;30;1511073196;30;255;1511073203;0
32;16;10;5;32;30;1511073247;30;255;1511073255;0
32;16;10;5;32;30;1511073675;30;255;1511073683;0
32;16;10;5;32;30;1511074111;30;255;1511074118;0
32;16;10;5;32;30;1511074192;30;255;1511074203;0
32;16;10;5;32;30;1511074408;30;255;1511074419;0
32;16;10;5;32;30;1511074865;30;255;1511074872;0
32;16;10;5;32;30;1511075257;30;255;1511075268;0
32;16;10;5;32;30;1511075436;30;255;1511075453;0
32;16;10;5;32;30;1511075497;30;255;1511075505;0
32;16;10;5;32;30;1511075957;30;255;1511075964;0
32;16;10;5;32;30;1511076369;30;255;1511076380;0
32;16;10;5;32;30;1511076543;30;255;1511076554;0
32;16;10;5;32;30;1511076662;30;255;1511076670;0
32;16;10;5;32;30;1511077139;30;255;1511077150;0
32;16;10;5;32;30;1511077579;30;255;1511077587;0
32;16;10;5;32;30;1511077806;30;255;1511077813;0
32;16;10;5;32;30;1511077804;30;255;1511077825;0
32;16;10;5;32;30;1511078263;30;255;1511078287;0
32;16;10;5;32;30;1511078610;30;255;1511078620;0
32;16;10;5;32;30;1511078939;30;255;1511078950;0
32;16;10;5;32;30;1511078960;30;255;1511078970;0
32;16;10;5;32;30;1511079479;30;255;1511079486;0
32;16;10;5;32;30;1511079664;30;255;1511079675;0
32;16;10;5;32;30;1511080090;30;255;1511080107;0
32;16;10;5;32;30;1511080155;30;255;1511080162;0
32;16;10;5;32;30;1511080537;30;255;1511080544;0
32;16;10;5;32;30;1511080815;30;255;1511080823;0
32;16;10;5;32;30;1511081244;30;255;1511081252;0
32;16;10;5;32;30;1511081411;30;255;1511081418;0
32;16;10;5;32;30;1511081842;30;255;1511081849;0
32;16;10;5;32;30;1511081902;30;255;1511081923;0
32;16;10;5;32;30;1511082427;30;255;1511082434;0
32;16;10;5;32;30;1511082629;30;255;1511082636;0
32;16;10;5;32;30;1511082925;30;255;1511082936;0
32;16;10;5;32;30;1511083086;30;255;1511083094;0
32;16;10;5;32;30;1511083560;30;255;1511083577;0
32;16;10;5;32;30;1511083796;30;255;1511083803;0
32;16;10;5;32;30;1511084052;30;255;1511084066;0
32;16;10;5;32;30;1511084185;30;255;1511084193;0
32;16;10;5;32;30;1511084579;30;255;1511084587;0
32;16;10;5;32;30;1511084857;30;255;1511084867;0
32;16;10;5;32;30;1511085153;30;255;1511085164;0
32;16;10;5;32;30;1511085337;30;255;1511085344;0
32;16;10;5;32;30;1511085639;30;255;1511085655;0
32;16;10;5;32;30;1511086069;30;255;1511086077;0
32;16;10;5;32;30;1511086316;30;255;1511086327;0
32;16;10;5;32;30;1511086621;30;255;1511086629;0
32;16;10;5;32;30;1511086888;30;255;1511086896;0
32;16;10;5;32;30;1511087247;30;255;1511087268;0
32;16;10;5;32;30;1511087541;30;255;1511087551;0
32;16;10;5;32;30;1511087923;30;255;1511087938;0
32;16;10;5;32;30;1511087933;30;255;1511087941;0
32;16;10;5;32;30;1511088324;30;255;1511088344;0
32;16;10;5;32;30;1511088800;30;255;1511088808;0
32;16;10;5;32;30;1511089102;30;255;1511089109;0
32;16;10;5;32;30;1511089120;30;255;1511089131;0
32;16;10;5;32;30;1511089421;30;255;1511089429;0
32;16;10;5;32;30;1511089994;30;255;1511090001;0
32;16;10;5;32;30;1511090284;30;255;1511090301;0
32;16;10;5;32;30;1511090378;30;255;1511090386;0
32;16;10;5;32;30;1511090699;30;255;1511090713;0
32;16;10;5;32;30;1511091139;30;255;1511091146;0
32;16;10;5;32;30;1511091488;30;255;1511091502;0
32;16;10;5;32;30;1511091594;30;255;1511091611;0
32;16;10;5;32;30;1511091869;30;255;1511091877;0
32;16;10;5;32;30;1511092420;30;255;1511092430;0
32;16;10;5;32;30;1511092444;30;255;1511092451;0
32;16;10;5;32;30;1511092872;30;255;1511092879;0
32;16;10;5;32;30;1511092976;30;255;1511092984;0
32;16;10;5;32;30;1511093546;30;255;1511093553;0
32;16;10;5;32;30;1511093771;30;255;1511093779;0
32;16;10;5;32;30;1511093968;30;255;1511093975;0
32;16;10;5;32;30;1511094217;30;255;1511094225;0
32;16;10;5;32;30;1511094626;30;255;1511094634;0
32;16;10;5;32;30;1511094813;30;255;1511094836;0
32;16;10;5;32;30;1511095054;30;255;1511095061;0
32;16;10;5;32;30;1511095337;30;255;1511095345;0
32;16;10;5;32;30;1511095814;30;255;1511095822;0
32;16;10;5;32;30;1511096070;30;255;1511096081;0
32;16;10;5;32;30;1511096209;30;255;1511096216;0
32;16;10;5;32;30;1511096766;30;255;1511096793;0
32;16;10;5;32;30;1511096915;30;255;1511096938;0
32;16;10;5;32;30;1511097241;30;255;1511097252;0
32;16;10;5;32;30;1511097287;30;255;1511097294;0
32;16;10;5;32;30;1511097831;30;255;1511097838;0
32;16;10;5;32;30;1511098100;30;255;1511098107;0
32;16;10;5;32;30;1511098298;30;255;1511098306;0
32;16;10;5;32;30;1511098447;30;255;1511098454;0
32;16;10;5;32;30;1511099036;30;255;1511099044;0
32;16;10;5;32;30;1511099314;30;255;1511099322;0
32;16;10;5;32;30;1511099600;30;255;1511099617;0
32;16;10;5;32;30;1511099737;30;255;1511099751;0
32;16;10;5;32;30;1511100330;30;255;1511100337;0
32;16;10;5;32;30;1511100384;30;255;1511100397;0
32;16;10;5;32;30;1511100776;30;255;1511100787;0
32;16;10;5;32;30;1511100790;30;255;1511100801;0
32;16;10;5;32;30;1511101458;30;255;1511101465;0
32;16;10;5;32;30;1511101552;30;255;1511101559;0
32;16;10;5;32;30;1511101902;30;255;1511101910;0
32;16;10;5;32;30;1511101927;30;255;1511101935;0
32;16;10;5;32;30;1511102490;30;255;1511102504;0
32;16;10;5;32;30;1511102790;30;255;1511102804;0
32;16;10;5;32;30;1511102974;30;255;1511102991;0
32;16;10;5;32;30;1511103069;30;255;1511103077;0
32;16;10;5;32;30;1511103447;30;255;1511103455;0
32;16;10;5;32;30;1511103976;30;255;1511103990;0
32;16;10;5;32;30;1511104124;30;255;1511104138;0
32;16;10;5;32;30;1511104329;30;255;1511104340;0
32;16;10;5;32;30;1511104738;30;255;1511104751;0
32;16;10;5;32;30;1511105112;30;255;1511105122;0
32;16;10;5;32;30;1511105169;30;255;1511105179;0
32;16;10;5;32;30;1511105495;30;255;1511105502;0
32;16;10;5;32;30;1511105878;30;255;1511105886;0
32;16;10;5;32;30;1511106132;30;255;1511106142;0
32;16;10;5;32;30;1511106275;30;255;1511106286;0
32;16;10;5;32;30;1511106512;30;255;1511106519;0
32;16;10;5;32;30;1511106986;30;255;1511106993;0
32;16;10;5;32;30;1511107343;30;255;1511107351;0
32;16;10;5;32;30;1511107380;30;255;1511107388;0
32;16;10;5;32;30;1511107488;30;255;1511107498;0
32;16;10;5;32;30;1511108279;30;255;1511108293;0
32;16;10;5;32;30;1511108457;30;255;1511108471;0
32;16;10;5;32;30;1511108528;30;255;1511108542;0
32;16;10;5;32;30;1511108798;30;255;1511108806;0
32;16;10;5;32;30;1511109345;30;255;1511109352;0
32;16;10;5;32;30;1511109523;30;255;1511109540;0
32;16;10;5;32;30;1511109737;30;255;1511109744;0
32;16;10;5;32;30;1511109965;30;255;1511109972;0
32;16;10;5;32;30;1511110581;30;255;1511110589;0
32;16;10;5;32;30;1511110627;30;255;1511110634;0
32;16;10;5;32;30;1511111100;30;255;1511111107;0
32;16;10;5;32;30;1511111149;30;255;1511111157;0
32;16;10;5;32;30;1511111689;30;255;1511111703;0
32;16;10;5;32;30;1511111929;30;255;1511111937;0
32;16;10;5;32;30;1511112278;30;255;1511112286;0
32;16;10;5;32;30;1511112318;30;255;1511112325;0
32;16;10;5;32;30;1511112776;30;255;1511112786;0
32;16;10;5;32;30;1511113297;30;255;1511113305;0
32;16;10;5;32;30;1511113487;30;255;1511113495;0
32;16;10;5;32;30;1511113599;30;255;1511113607;0
32;16;10;5;32;30;1511114048;30;255;1511114075;0
32;16;10;5;32;30;1511114292;30;255;1511114302;0
32;16;10;5;32;30;1511114754;30;255;1511114765;0
32;16;10;5;32;30;1511114834;30;255;1511114845;0
32;16;10;5;32;30;1511115192;30;255;1511115200;0
32;16;10;5;32;30;1511115362;30;255;1511115369;0
32;16;10;5;32;30;1511116052;30;255;1511116070;0
32;16;10;5;32;30;1511116137;30;255;1511116145;0
32;16;10;5;32;30;1511116462;30;255;1511116469;0
32;16;10;5;32;30;1511116666;30;255;1511116673;0
32;16;10;5;32;30;1511117113;30;255;1511117120;0
32;16;10;5;32;30;1511117275;30;255;1511117283;0
32;16;10;5;32;30;1511117771;30;255;1511117779;0
32;16;10;5;32;30;1511117777;30;255;1511117788;0
32;16;10;5;32;30;1511118284;30;255;1511118292;0
32;16;10;5;32;30;1511118532;30;255;1511118540;0
32;16;10;5;32;30;1511118857;30;255;1511118865;0
32;16;10;5;32;30;1511119077;30;255;1511119084;0
32;16;10;5;32;30;1511119467;30;255;1511119475;0
32;16;10;5;32;30;1511119706;30;255;1511119713;0
32;16;10;5;32;30;1511119869;30;255;1511119876;0
32;16;10;5;32;30;1511120148;30;255;1511120175;0
32;16;10;5;32;30;1511120539;30;255;1511120547;0
32;16;10;5;32;30;1511120773;30;255;1511120784;0
32;16;10;5;32;30;1511120901;30;255;1511120918;0
32;16;10;5;32;30;1511121362;30;255;1511121369;0
32;16;10;5;32;30;1511121714;30;255;1511121724;0
32;16;10;5;32;30;1511121900;30;255;1511121908;0
32;16;10;5;32;30;1511122255;30;255;1511122266;0
32;16;10;5;32;30;1511122394;30;255;1511122410;0
32;16;10;5;32;30;1511122794;30;255;1511122802;0
32;16;10;5;32;30;1511123166;30;255;1511123183;0
32;16;10;5;32;30;1511123312;30;255;1511123354;0
32;16;10;5;32;30;1511123550;30;255;1511123558;0
32;16;10;5;32;30;1511124021;30;255;1511124032;0
32;16;10;5;32;30;1511124344;30;255;1511124354;0
32;16;10;5;32;30;1511124501;30;255;1511124524;0
32;16;10;5;32;30;1511124793;30;255;1511124800;0
32;16;10;5;32;30;1511125220;30;255;1511125234;0
32;16;10;5;32;30;1511125420;30;255;1511125433;0
32;16;10;5;32;30;1511125729;30;255;1511125743;0
32;16;10;5;32;30;1511125988;30;255;1511125995;0
32;16;10;5;32;30;1511126402;30;255;1511126413;0
32;16;10;5;32;30;1511126685;30;255;1511126699;0
32;16;10;5;32;30;1511126781;30;255;1511126792;0
32;16;10;5;32;30;1511127061;30;255;1511127068;0
32;16;10;5;32;30;1511127626;30;255;1511127634;0
32;16;10;5;32;30;1511127767;30;255;1511127775;0
32;16;10;5;32;30;1511128144;30;255;1511128151;0
32;16;10;5;32;30;1511128223;30;255;1511128237;0
32;16;10;5;32;30;1511128895;30;255;1511128906;0
32;16;10;5;32;30;1511128941;30;255;1511128958;0
32;16;10;5;32;30;1511129190;30;255;1511129198;0
32;16;10;5;32;30;1511129307;30;255;1511129318;0
32;16;10;5;32;30;1511129907;30;255;1511129917;0
32;16;10;5;32;30;1511130131;30;255;1511130139;0
32;16;10;5;32;30;1511130345;30;255;1511130353;0
32;16;10;5;32;30;1511130585;30;255;1511130592;0
32;16;10;5;32;30;1511130958;30;255;1511130965;0
32;16;10;5;32;30;1511131409;30;255;1511131416;0
32;16;10;5;32;30;1511131455;30;255;1511131465;0
32;16;10;5;32;30;1511131855;30;255;1511131863;0
32;16;10;5;32;30;1511132060;30;255;1511132068;0
32;16;10;5;32;30;1511132615;30;255;1511132623;0
32;16;10;5;32;30;1511132622;30;255;1511132630;0
32;16;10;5;32;30;1511132902;30;255;1511132913;0
32;16;10;5;32;30;1511133129;30;255;1511133142;0
32;16;10;5;32;30;1511133829;30;255;1511133836;0
32;16;10;5;32;30;1511133880;30;255;1511133887;0
32;16;10;5;32;30;1511134085;30;255;1511134092;0
32;16;10;5;32;30;1511134100;30;255;1511134107;0
32;16;10;5;32;30;1511134925;30;255;1511134933;0
32;16;10;5;32;30;1511135025;30;255;1511135032;0
32;16;10;5;32;30;1511135220;30;255;1511135228;0
32;16;10;5;32;30;1511135246;30;255;1511135254;0
32;16;10;5;32;30;1511136047;30;255;1511136061;0
32;16;10;5;32;30;1511136314;30;255;1511136322;0
32;16;10;5;32;30;1511136346;30;255;1511136356;0
32;16;10;5;32;30;1511136542;30;255;1511136553;0
32;16;10;5;32;30;1511137179;30;255;1511137186;0
32;16;10;5;32;30;1511137557;30;255;1511137564;0
32;16;10;5;32;30;1511137596;30;255;1511137604;0
32;16;10;5;32;30;1511137810;30;255;1511137817;0
32;16;10;5;32;30;1511138383;30;255;1511138394;0
32;16;10;5;32;30;1511138712;30;255;1511138720;0
32;16;10;5;32;30;1511138809;30;255;1511138817;0
32;16;10;5;32;30;1511139117;30;255;1511139124;0
32;16;10;5;32;30;1511139611;30;255;1511139622;0
32;16;10;5;32;30;1511139979;30;255;1511139993;0
32;16;10;5;32;30;1511139964;30;255;1511139996;0
32;16;10;5;32;30;1511140238;30;255;1511140248;0
32;16;10;5;32;30;1511140820;30;255;1511140828;0
32;16;10;5;32;30;1511141195;30;255;1511141202;0
32;16;10;5;32;30;1511141205;30;255;1511141212;0
32;16;10;5;32;30;1511141346;30;255;1511141356;0
32;16;10;5;32;30;1511141875;30;255;1511141883;0
32;16;10;5;32;30;1511142349;30;255;1511142360;0
32;16;10;5;32;30;1511142390;30;255;1511142401;0
32;16;10;5;32;30;1511142427;30;255;1511142438;0
32;16;10;5;32;30;1511142974;30;255;1511142981;0
32;16;10;5;32;30;1511143600;30;255;1511143614;0
32;16;10;5;32;30;1511143631;30;255;1511143638;0
32;16;10;5;32;30;1511143699;30;255;1511143713;0
32;16;10;5;32;30;1511144208;30;255;1511144225;0
32;16;10;5;32;30;1511144723;30;255;1511144734;0
32;16;10;5;32;30;1511144768;30;255;1511144779;0
32;16;10;5;32;30;1511144843;30;255;1511144857;0
32;16;10;5;32;30;1511145277;30;255;1511145284;0
32;16;10;5;32;30;1511145816;30;255;1511145845;0
32;16;10;5;32;30;1511146038;30;255;1511146046;0
32;16;10;5;32;30;1511146100;30;255;1511146111;0
32;16;10;5;32;30;1511146541;30;255;1511146549;0
32;16;10;5;32;30;1511146946;30;255;1511146957;0
32;16;10;5;32;30;1511147070;30;255;1511147090;0
32;16;10;5;32;30;1511147314;30;255;1511147324;0
32;16;10;5;32;30;1511147925;30;255;1511147935;0
32;16;10;5;32;30;1511148147;30;255;1511148158;0
32;16;10;5;32;30;1511148337;30;255;1511148351;0
32;16;10;5;32;30;1511148436;30;255;1511148444;0
32;16;10;5;32;30;1511149012;30;255;1511149023;0
32;16;10;5;32;30;1511149388;30;255;1511149395;0
32;16;10;5;32;30;1511149593;30;255;1511149600;0
32;16;10;5;32;30;1511149744;30;255;1511149771;0
32;16;10;5;32;30;1511150181;30;255;1511150189;0
32;16;10;5;32;30;1511150507;30;255;1511150514;0
32;16;10;5;32;30;1511150787;30;255;1511150794;0
32;16;10;5;32;30;1511150810;30;255;1511150818;0
32;16;10;5;32;30;1511151430;30;255;1511151438;0
32;16;10;5;32;30;1511151616;30;255;1511151624;0
32;16;10;5;32;30;1511151954;30;255;1511151968;0
32;16;10;5;32;30;1511152069;30;255;1511152089;0
32;16;10;5;32;30;1511152794;30;255;1511152823;0
32;16;10;5;32;30;1511152805;30;255;1511152828;0
32;16;10;5;32;30;1511153123;30;255;1511153131;0
32;16;10;5;32;30;1511153178;30;255;1511153185;0
32;16;10;5;32;30;1511153936;30;255;1511153950;0
32;16;10;5;32;30;1511154006;30;255;1511154020;0
32;16;10;5;32;30;1511154181;30;255;1511154189;0
32;16;10;5;32;30;1511154281;30;255;1511154292;0
32;16;10;5;32;30;1511155095;30;255;1511155103;0
32;16;10;5;32;30;1511155346;30;255;1511155354;0
32;16;10;5;32;30;1511155447;30;255;1511155457;0
32;16;10;5;32;30;1511155599;30;255;1511155606;0
32;16;10;5;32;30;1511156464;30;255;1511156472;0
32;16;10;5;32;30;1511156570;30;255;1511156580;0
32;16;10;5;32;30;1511156621;30;255;1511156628;0
32;16;10;5;32;30;1511156767;30;255;1511156781;0
32;16;10;5;32;30;1511157502;30;255;1511157519;0
32;16;10;5;32;30;1511157711;30;255;1511157728;0
32;16;10;5;32;30;1511157921;30;255;1511157931;0
32;16;10;5;32;30;1511158077;30;255;1511158090;0
32;16;10;5;32;30;1511158636;30;255;1511158653;0
32;16;10;5;32;30;1511159064;30;255;1511159071;0
32;16;10;5;32;30;1511159073;30;255;1511159083;0
32;16;10;5;32;30;1511159108;30;255;1511159115;0
32;16;10;5;32;30;1511159806;30;255;1511159813;0
32;16;10;5;32;30;1511160130;30;255;1511160137;0
32;16;10;5;32;30;1511160164;30;255;1511160181;0
32;16;10;5;32;30;1511160171;30;255;1511160182;0
32;16;10;5;32;30;1511160896;30;255;1511160907;0
32;16;10;5;32;30;1511161263;30;255;1511161274;0
32;16;10;5;32;30;1511161386;30;255;1511161394;0
32;16;10;5;32;30;1511161511;30;255;1511161519;0
32;16;10;5;32;30;1511161963;30;255;1511161977;0
32;16;10;5;32;30;1511162533;30;255;1511162541;0
32;16;10;5;32;30;1511162569;30;255;1511162592;0
32;16;10;5;32;30;1511162660;30;255;1511162674;0
32;16;10;5;32;30;1511163169;30;255;1511163177;0
32;16;10;5;32;30;1511163584;30;255;1511163592;0
32;16;10;5;32;30;1511163719;30;255;1511163730;0
32;16;10;5;32;30;1511163781;30;255;1511163789;0
32;16;10;5;32;30;1511164260;30;255;1511164267;0
32;16;10;5;32;30;1511164798;30;255;1511164808;0
32;16;10;5;32;30;1511164878;30;255;1511164885;0
32;16;10;5;32;30;1511165114;30;255;1511165121;0
32;16;10;5;32;30;1511165465;30;255;1511165475;0
32;16;10;5;32;30;1511165988;30;255;1511166027;0
32;16;10;5;32;30;1511166116;30;255;1511166123;0
32;16;10;5;32;30;1511166189;30;255;1511166197;0
32;16;10;5;32;30;1511166568;30;255;1511166575;0
32;16;10;5;32;30;1511167073;30;255;1511167084;0
32;16;10;5;32;30;1511167191;30;255;1511167199;0
32;16;10;5;32;30;1511167319;30;255;1511167327;0
32;16;10;5;32;30;1511167560;30;255;1511167574;0
32;16;10;5;32;30;1511168190;30;255;1511168197;0
32;16;10;5;32;30;1511168406;30;255;1511168413;0
32;16;10;5;32;30;1511168512;30;255;1511168519;0
32;16;10;5;32;30;1511168770;30;255;1511168778;0
32;16;10;5;32;30;1511169412;30;255;1511169420;0
32;16;10;5;32;30;1511169593;30;255;1511169604;0
32;16;10;5;32;30;1511169666;30;255;1511169673;0
32;16;10;5;32;30;1511169775;30;255;1511169783;0
32;16;10;5;32;30;1511170550;30;255;1511170558;0
32;16;10;5;32;30;1511170851;30;255;1511170859;0
32;16;10;5;32;30;1511170855;30;255;1511170862;0
32;16;10;5;32;30;1511170961;30;255;1511170969;0
32;16;10;5;32;30;1511171939;30;255;1511171954;0
32;16;10;5;32;30;1511172129;30;255;1511172144;0
32;16;10;5;32;30;1511172179;30;255;1511172188;0
32;16;10;5;32;30;1511172282;30;255;1511172295;0
