32;16;10;5;16;30;1510756393;30;255;1510756401;0
32;16;10;5;16;30;1510756393;30;255;1510756405;0
32;16;10;5;16;30;1510756401;30;255;1510756410;0
32;16;10;5;16;30;1510756466;30;255;1510756474;0
32;16;10;5;16;30;1510756688;30;255;1510756699;0
32;16;10;5;16;30;1510756698;30;255;1510756706;0
32;16;10;5;16;30;1510756737;30;255;1510756746;0
32;16;10;5;16;30;1510756762;30;255;1510756772;0
32;16;10;5;16;30;1510757016;30;255;1510757025;0
32;16;10;5;16;30;1510757020;30;255;1510757028;0
32;16;10;5;16;30;1510757101;30;255;1510757112;0
32;16;10;5;16;30;1510757179;30;255;1510757192;0
32;16;10;5;16;30;1510757356;30;255;1510757365;0
32;16;10;5;16;30;1510757371;30;255;1510757379;0
32;16;10;5;16;30;1510757423;30;255;1510757432;0
32;16;10;5;16;30;1510757475;30;255;1510757491;0
32;16;10;5;16;30;1510757691;30;255;1510757699;0
32;16;10;5;16;30;1510757716;30;255;1510757727;0
32;16;10;5;16;30;1510757726;30;255;1510757738;0
32;16;10;5;16;30;1510757779;30;255;1510757792;0
32;16;10;5;16;30;1510758716;30;255;1510758733;0
32;16;10;5;16;30;1510758944;30;255;1510758967;0
32;16;10;5;16;30;1510759006;30;255;1510759017;0
32;16;10;5;16;30;1510759074;30;255;1510759082;0
32;16;10;5;16;30;1510760020;30;255;1510760028;0
32;16;10;5;16;30;1510760215;30;255;1510760227;0
32;16;10;5;16;30;1510760226;30;255;1510760234;0
32;16;10;5;16;30;1510760239;30;255;1510760246;0
32;16;10;5;16;30;1510761067;30;255;1510761078;0
32;16;10;5;16;30;1510761388;30;255;1510761413;0
32;16;10;5;16;30;1510761552;30;255;1510761560;0
32;16;10;5;16;30;1510761621;30;255;1510761642;0
32;16;10;5;16;30;1510762290;30;255;1510762301;0
32;16;10;5;16;30;1510762511;30;255;1510762518;0
32;16;10;5;16;30;1510762737;30;255;1510762748;0
32;16;10;5;16;30;1510762772;30;255;1510762779;0
32;16;10;5;16;30;1510763238;30;255;1510763246;0
32;16;10;5;16;30;1510763509;30;255;1510763516;0
32;16;10;5;16;30;1510763769;30;255;1510763780;0
32;16;10;5;16;30;1510763940;30;255;1510763948;0
32;16;10;5;16;30;1510764290;30;255;1510764304;0
32;16;10;5;16;30;1510764446;30;255;1510764460;0
32;16;10;5;16;30;1510765013;30;255;1510765023;0
32;16;10;5;16;30;1510765144;30;255;1510765157;0
32;16;10;5;16;30;1510765505;30;255;1510765512;0
32;16;10;5;16;30;1510765556;30;255;1510765563;0
32;16;10;5;16;30;1510766371;30;255;1510766385;0
32;16;10;5;16;30;1510766529;30;255;1510766536;0
32;16;10;5;16;30;1510766610;30;255;1510766630;0
32;16;10;5;16;30;1510766683;30;255;1510766690;0
32;16;10;5;16;30;1510767636;30;255;1510767644;0
32;16;10;5;16;30;1510767694;30;255;1510767708;0
32;16;10;5;16;30;1510767914;30;255;1510767921;0
32;16;10;5;16;30;1510767981;30;255;1510767988;0
32;16;10;5;16;30;1510768554;30;255;1510768564;0
32;16;10;5;16;30;1510768830;30;255;1510768837;0
32;16;10;5;16;30;1510769068;30;255;1510769079;0
32;16;10;5;16;30;1510769123;30;255;1510769130;0
32;16;10;5;16;30;1510769875;30;255;1510769885;0
32;16;10;5;16;30;1510769928;30;255;1510769935;0
32;16;10;5;16;30;1510770230;30;255;1510770241;0
32;16;10;5;16;30;1510770326;30;255;1510770333;0
32;16;10;5;16;30;1510771000;30;255;1510771007;0
32;16;10;5;16;30;1510771128;30;255;1510771138;0
32;16;10;5;16;30;1510771336;30;255;1510771344;0
32;16;10;5;16;30;1510771355;30;255;1510771366;0
32;16;10;5;16;30;1510772110;30;255;1510772120;0
32;16;10;5;16;30;1510772352;30;255;1510772360;0
32;16;10;5;16;30;1510772431;30;255;1510772438;0
32;16;10;5;16;30;1510772692;30;255;1510772699;0
32;16;10;5;16;30;1510773284;30;255;1510773301;0
32;16;10;5;16;30;1510773629;30;255;1510773640;0
32;16;10;5;16;30;1510773695;30;255;1510773703;0
32;16;10;5;16;30;1510773894;30;255;1510773907;0
32;16;10;5;16;30;1510774554;30;255;1510774567;0
32;16;10;5;16;30;1510774869;30;255;1510774876;0
32;16;10;5;16;30;1510774897;30;255;1510774905;0
32;16;10;5;16;30;1510774933;30;255;1510774951;0
32;16;10;5;16;30;1510775717;30;255;1510775725;0
32;16;10;5;16;30;1510775928;30;255;1510775935;0
32;16;10;5;16;30;1510776046;30;255;1510776054;0
32;16;10;5;16;30;1510776049;30;255;1510776056;0
32;16;10;5;16;30;1510776827;30;255;1510776835;0
32;16;10;5;16;30;1510776972;30;255;1510776980;0
32;16;10;5;16;30;1510777224;30;255;1510777231;0
32;16;10;5;16;30;1510777397;30;255;1510777411;0
32;16;10;5;16;30;1510777962;30;255;1510777976;0
32;16;10;5;16;30;1510778242;30;255;1510778249;0
32;16;10;5;16;30;1510778464;30;255;1510778478;0
32;16;10;5;16;30;1510778512;30;255;1510778519;0
32;16;10;5;16;30;1510779090;30;255;1510779104;0
32;16;10;5;16;30;1510779439;30;255;1510779447;0
32;16;10;5;16;30;1510779506;30;255;1510779523;0
32;16;10;5;16;30;1510779607;30;255;1510779615;0
32;16;10;5;16;30;1510780356;30;255;1510780364;0
32;16;10;5;16;30;1510780697;30;255;1510780714;0
32;16;10;5;16;30;1510780724;30;255;1510780763;0
32;16;10;5;16;30;1510780767;30;255;1510780784;0
32;16;10;5;16;30;1510781388;30;255;1510781396;0
32;16;10;5;16;30;1510781812;30;255;1510781822;0
32;16;10;5;16;30;1510781948;30;255;1510781959;0
32;16;10;5;16;30;1510782051;30;255;1510782059;0
32;16;10;5;16;30;1510782663;30;255;1510782690;0
32;16;10;5;16;30;1510782993;30;255;1510783000;0
32;16;10;5;16;30;1510783044;30;255;1510783052;0
32;16;10;5;16;30;1510783064;30;255;1510783078;0
32;16;10;5;16;30;1510783949;30;255;1510783956;0
32;16;10;5;16;30;1510784087;30;255;1510784101;0
32;16;10;5;16;30;1510784210;30;255;1510784217;0
32;16;10;5;16;30;1510784457;30;255;1510784464;0
32;16;10;5;16;30;1510785062;30;255;1510785072;0
32;16;10;5;16;30;1510785073;30;255;1510785091;0
32;16;10;5;16;30;1510785311;30;255;1510785325;0
32;16;10;5;16;30;1510785726;30;255;1510785734;0
32;16;10;5;16;30;1510786170;30;255;1510786178;0
32;16;10;5;16;30;1510786248;30;255;1510786258;0
32;16;10;5;16;30;1510786633;30;255;1510786657;0
32;16;10;5;16;30;1510786785;30;255;1510786792;0
32;16;10;5;16;30;1510787296;30;255;1510787304;0
32;16;10;5;16;30;1510787371;30;255;1510787378;0
32;16;10;5;16;30;1510787771;30;255;1510787782;0
32;16;10;5;16;30;1510787968;30;255;1510787982;0
32;16;10;5;16;30;1510788466;30;255;1510788477;0
32;16;10;5;16;30;1510788537;30;255;1510788544;0
32;16;10;5;16;30;1510788793;30;255;1510788801;0
32;16;10;5;16;30;1510789239;30;255;1510789250;0
32;16;10;5;16;30;1510789554;30;255;1510789562;0
32;16;10;5;16;30;1510789713;30;255;1510789720;0
32;16;10;5;16;30;1510789986;30;255;1510789997;0
32;16;10;5;16;30;1510790347;30;255;1510790358;0
32;16;10;5;16;30;1510790542;30;255;1510790550;0
32;16;10;5;16;30;1510790839;30;255;1510790846;0
32;16;10;5;16;30;1510790963;30;255;1510790970;0
32;16;10;5;16;30;1510791606;30;255;1510791614;0
32;16;10;5;16;30;1510791698;30;255;1510791706;0
32;16;10;5;16;30;1510791849;30;255;1510791856;0
32;16;10;5;16;30;1510792196;30;255;1510792223;0
32;16;10;5;16;30;1510792684;30;255;1510792691;0
32;16;10;5;16;30;1510792815;30;255;1510792822;0
32;16;10;5;16;30;1510793128;30;255;1510793145;0
32;16;10;5;16;30;1510793529;30;255;1510793537;0
32;16;10;5;16;30;1510793785;30;255;1510793792;0
32;16;10;5;16;30;1510793835;30;255;1510793846;0
32;16;10;5;16;30;1510794152;30;255;1510794160;0
32;16;10;5;16;30;1510794687;30;255;1510794698;0
32;16;10;5;16;30;1510794895;30;255;1510794902;0
32;16;10;5;16;30;1510794905;30;255;1510794912;0
32;16;10;5;16;30;1510795288;30;255;1510795299;0
32;16;10;5;16;30;1510796028;30;255;1510796036;0
32;16;10;5;16;30;1510796047;30;255;1510796058;0
32;16;10;5;16;30;1510796083;30;255;1510796090;0
32;16;10;5;16;30;1510796438;30;255;1510796446;0
32;16;10;5;16;30;1510797063;30;255;1510797070;0
32;16;10;5;16;30;1510797184;30;255;1510797195;0
32;16;10;5;16;30;1510797201;30;255;1510797227;0
32;16;10;5;16;30;1510797631;30;255;1510797638;0
32;16;10;5;16;30;1510798223;30;255;1510798234;0
32;16;10;5;16;30;1510798333;30;255;1510798341;0
32;16;10;5;16;30;1510798341;30;255;1510798349;0
32;16;10;5;16;30;1510798854;30;255;1510798861;0
32;16;10;5;16;30;1510799305;30;255;1510799319;0
32;16;10;5;16;30;1510799573;30;255;1510799581;0
32;16;10;5;16;30;1510799650;30;255;1510799660;0
32;16;10;5;16;30;1510799860;30;255;1510799868;0
32;16;10;5;16;30;1510800507;30;255;1510800515;0
32;16;10;5;16;30;1510800856;30;255;1510800863;0
32;16;10;5;16;30;1510800866;30;255;1510800873;0
32;16;10;5;16;30;1510801031;30;255;1510801039;0
32;16;10;5;16;30;1510801523;30;255;1510801531;0
32;16;10;5;16;30;1510802146;30;255;1510802153;0
32;16;10;5;16;30;1510802168;30;255;1510802176;0
32;16;10;5;16;30;1510802178;30;255;1510802185;0
32;16;10;5;16;30;1510802515;30;255;1510802523;0
32;16;10;5;16;30;1510803274;30;255;1510803281;0
32;16;10;5;16;30;1510803388;30;255;1510803396;0
32;16;10;5;16;30;1510803446;30;255;1510803459;0
32;16;10;5;16;30;1510803596;30;255;1510803607;0
32;16;10;5;16;30;1510804562;30;255;1510804569;0
32;16;10;5;16;30;1510804569;30;255;1510804579;0
32;16;10;5;16;30;1510804739;30;255;1510804753;0
32;16;10;5;16;30;1510804878;30;255;1510804892;0
32;16;10;5;16;30;1510805703;30;255;1510805714;0
32;16;10;5;16;30;1510805710;30;255;1510805721;0
32;16;10;5;16;30;1510805895;30;255;1510805905;0
32;16;10;5;16;30;1510805997;30;255;1510806010;0
32;16;10;5;16;30;1510806787;30;255;1510806798;0
32;16;10;5;16;30;1510806865;30;255;1510806876;0
32;16;10;5;16;30;1510806921;30;255;1510806928;0
32;16;10;5;16;30;1510807367;30;255;1510807384;0
32;16;10;5;16;30;1510807909;30;255;1510807920;0
32;16;10;5;16;30;1510808160;30;255;1510808171;0
32;16;10;5;16;30;1510808253;30;255;1510808261;0
32;16;10;5;16;30;1510808571;30;255;1510808585;0
32;16;10;5;16;30;1510808981;30;255;1510808988;0
32;16;10;5;16;30;1510809268;30;255;1510809279;0
32;16;10;5;16;30;1510809571;30;255;1510809578;0
32;16;10;5;16;30;1510809590;30;255;1510809597;0
32;16;10;5;16;30;1510810064;30;255;1510810075;0
32;16;10;5;16;30;1510810620;30;255;1510810627;0
32;16;10;5;16;30;1510810733;30;255;1510810753;0
32;16;10;5;16;30;1510810832;30;255;1510810839;0
32;16;10;5;16;30;1510811355;30;255;1510811366;0
32;16;10;5;16;30;1510811881;30;255;1510811894;0
32;16;10;5;16;30;1510811905;30;255;1510811912;0
32;16;10;5;16;30;1510811926;30;255;1510811937;0
32;16;10;5;16;30;1510812514;30;255;1510812522;0
32;16;10;5;16;30;1510813129;30;255;1510813146;0
32;16;10;5;16;30;1510813156;30;255;1510813164;0
32;16;10;5;16;30;1510813280;30;255;1510813294;0
32;16;10;5;16;30;1510813804;30;255;1510813812;0
32;16;10;5;16;30;1510814143;30;255;1510814157;0
32;16;10;5;16;30;1510814251;30;255;1510814271;0
32;16;10;5;16;30;1510814431;30;255;1510814439;0
32;16;10;5;16;30;1510815130;30;255;1510815140;0
32;16;10;5;16;30;1510815433;30;255;1510815440;0
32;16;10;5;16;30;1510815667;30;255;1510815674;0
32;16;10;5;16;30;1510815668;30;255;1510815675;0
32;16;10;5;16;30;1510816460;30;255;1510816470;0
32;16;10;5;16;30;1510816674;30;255;1510816682;0
32;16;10;5;16;30;1510816867;30;255;1510816874;0
32;16;10;5;16;30;1510816873;30;255;1510816881;0
32;16;10;5;16;30;1510817492;30;255;1510817503;0
32;16;10;5;16;30;1510817772;30;255;1510817786;0
32;16;10;5;16;30;1510818058;30;255;1510818068;0
32;16;10;5;16;30;1510818108;30;255;1510818119;0
32;16;10;5;16;30;1510818740;30;255;1510818747;0
32;16;10;5;16;30;1510819038;30;255;1510819046;0
32;16;10;5;16;30;1510819161;30;255;1510819168;0
32;16;10;5;16;30;1510819221;30;255;1510819231;0
32;16;10;5;16;30;1510820135;30;255;1510820152;0
32;16;10;5;16;30;1510820288;30;255;1510820296;0
32;16;10;5;16;30;1510820330;30;255;1510820338;0
32;16;10;5;16;30;1510820383;30;255;1510820394;0
32;16;10;5;16;30;1510821438;30;255;1510821445;0
32;16;10;5;16;30;1510821459;30;255;1510821467;0
32;16;10;5;16;30;1510821550;30;255;1510821558;0
32;16;10;5;16;30;1510821561;30;255;1510821572;0
32;16;10;5;16;30;1510822503;30;255;1510822511;0
32;16;10;5;16;30;1510822541;30;255;1510822549;0
32;16;10;5;16;30;1510822562;30;255;1510822570;0
32;16;10;5;16;30;1510822785;30;255;1510822802;0
32;16;10;5;16;30;1510823676;30;255;1510823686;0
32;16;10;5;16;30;1510823778;30;255;1510823792;0
32;16;10;5;16;30;1510823869;30;255;1510823882;0
32;16;10;5;16;30;1510824012;30;255;1510824035;0
32;16;10;5;16;30;1510824935;30;255;1510824945;0
32;16;10;5;16;30;1510825012;30;255;1510825026;0
32;16;10;5;16;30;1510825110;30;255;1510825118;0
32;16;10;5;16;30;1510825156;30;255;1510825163;0
32;16;10;5;16;30;1510826070;30;255;1510826078;0
32;16;10;5;16;30;1510826168;30;255;1510826178;0
32;16;10;5;16;30;1510826207;30;255;1510826214;0
32;16;10;5;16;30;1510826266;30;255;1510826277;0
32;16;10;5;16;30;1510827161;30;255;1510827172;0
32;16;10;5;16;30;1510827262;30;255;1510827270;0
32;16;10;5;16;30;1510827339;30;255;1510827346;0
32;16;10;5;16;30;1510827579;30;255;1510827601;0
32;16;10;5;16;30;1510828524;30;255;1510828532;0
32;16;10;5;16;30;1510828552;30;255;1510828561;0
32;16;10;5;16;30;1510828609;30;255;1510828617;0
32;16;10;5;16;30;1510828796;30;255;1510828807;0
32;16;10;5;16;30;1510829728;30;255;1510829742;0
32;16;10;5;16;30;1510829742;30;255;1510829753;0
32;16;10;5;16;30;1510829789;30;255;1510829797;0
32;16;10;5;16;30;1510829955;30;255;1510829964;0
32;16;10;5;16;30;1510830814;30;255;1510830822;0
32;16;10;5;16;30;1510831030;30;255;1510831041;0
32;16;10;5;16;30;1510831037;30;255;1510831044;0
32;16;10;5;16;30;1510831112;30;255;1510831119;0
32;16;10;5;16;30;1510832063;30;255;1510832077;0
32;16;10;5;16;30;1510832150;30;255;1510832158;0
32;16;10;5;16;30;1510832330;30;255;1510832343;0
32;16;10;5;16;30;1510832378;30;255;1510832390;0
32;16;10;5;16;30;1510833269;30;255;1510833277;0
32;16;10;5;16;30;1510833423;30;255;1510833431;0
32;16;10;5;16;30;1510833451;30;255;1510833458;0
32;16;10;5;16;30;1510833648;30;255;1510833667;0
32;16;10;5;16;30;1510834400;30;255;1510834418;0
32;16;10;5;16;30;1510834436;30;255;1510834444;0
32;16;10;5;16;30;1510834743;30;255;1510834764;0
32;16;10;5;16;30;1510834892;30;255;1510834900;0
32;16;10;5;16;30;1510835611;30;255;1510835618;0
32;16;10;5;16;30;1510835731;30;255;1510835739;0
32;16;10;5;16;30;1510835826;30;255;1510835843;0
32;16;10;5;16;30;1510836040;30;255;1510836048;0
32;16;10;5;16;30;1510836870;30;255;1510836877;0
32;16;10;5;16;30;1510837152;30;255;1510837166;0
32;16;10;5;16;30;1510837168;30;255;1510837176;0
32;16;10;5;16;30;1510837189;30;255;1510837197;0
32;16;10;5;16;30;1510838146;30;255;1510838161;0
32;16;10;5;16;30;1510838363;30;255;1510838371;0
32;16;10;5;16;30;1510838381;30;255;1510838389;0
32;16;10;5;16;30;1510838392;30;255;1510838400;0
32;16;10;5;16;30;1510839314;30;255;1510839321;0
32;16;10;5;16;30;1510839399;30;255;1510839406;0
32;16;10;5;16;30;1510839532;30;255;1510839539;0
32;16;10;5;16;30;1510839722;30;255;1510839733;0
32;16;10;5;16;30;1510840425;30;255;1510840436;0
32;16;10;5;16;30;1510840677;30;255;1510840685;0
32;16;10;5;16;30;1510840768;30;255;1510840782;0
32;16;10;5;16;30;1510840873;30;255;1510840900;0
32;16;10;5;16;30;1510841652;30;255;1510841659;0
32;16;10;5;16;30;1510841810;30;255;1510841817;0
32;16;10;5;16;30;1510841948;30;255;1510841959;0
32;16;10;5;16;30;1510842133;30;255;1510842141;0
32;16;10;5;16;30;1510842815;30;255;1510842822;0
32;16;10;5;16;30;1510842850;30;255;1510842857;0
32;16;10;5;16;30;1510843159;30;255;1510843167;0
32;16;10;5;16;30;1510843210;30;255;1510843217;0
32;16;10;5;16;30;1510843954;30;255;1510843961;0
32;16;10;5;16;30;1510844062;30;255;1510844079;0
32;16;10;5;16;30;1510844277;30;255;1510844291;0
32;16;10;5;16;30;1510844397;30;255;1510844405;0
32;16;10;5;16;30;1510844963;30;255;1510844974;0
32;16;10;5;16;30;1510845321;30;255;1510845329;0
32;16;10;5;16;30;1510845360;30;255;1510845380;0
32;16;10;5;16;30;1510845561;30;255;1510845569;0
32;16;10;5;16;30;1510846048;30;255;1510846056;0
32;16;10;5;16;30;1510846575;30;255;1510846590;0
32;16;10;5;16;30;1510846605;30;255;1510846612;0
32;16;10;5;16;30;1510846706;30;255;1510846723;0
32;16;10;5;16;30;1510847087;30;255;1510847095;0
32;16;10;5;16;30;1510847847;30;255;1510847854;0
32;16;10;5;16;30;1510847937;30;255;1510847946;0
32;16;10;5;16;30;1510847951;30;255;1510847959;0
32;16;10;5;16;30;1510848198;30;255;1510848205;0
32;16;10;5;16;30;1510849142;30;255;1510849150;0
32;16;10;5;16;30;1510849278;30;255;1510849296;0
32;16;10;5;16;30;1510849300;30;255;1510849312;0
32;16;10;5;16;30;1510849430;30;255;1510849438;0
32;16;10;5;16;30;1510850406;30;255;1510850414;0
32;16;10;5;16;30;1510850580;30;255;1510850588;0
32;16;10;5;16;30;1510850571;30;255;1510850588;0
32;16;10;5;16;30;1510850723;30;255;1510850731;0
32;16;10;5;16;30;1510851511;30;255;1510851522;0
32;16;10;5;16;30;1510851752;30;255;1510851760;0
32;16;10;5;16;30;1510851814;30;255;1510851825;0
32;16;10;5;16;30;1510851812;30;255;1510851826;0
32;16;10;5;16;30;1510852762;30;255;1510852776;0
32;16;10;5;16;30;1510852888;30;255;1510852895;0
32;16;10;5;16;30;1510853014;30;255;1510853022;0
32;16;10;5;16;30;1510853061;30;255;1510853069;0
32;16;10;5;16;30;1510853992;30;255;1510854003;0
32;16;10;5;16;30;1510854035;30;255;1510854051;0
32;16;10;5;16;30;1510854112;30;255;1510854126;0
32;16;10;5;16;30;1510854140;30;255;1510854148;0
32;16;10;5;16;30;1510855031;30;255;1510855042;0
32;16;10;5;16;30;1510855117;30;255;1510855124;0
32;16;10;5;16;30;1510855147;30;255;1510855155;0
32;16;10;5;16;30;1510855183;30;255;1510855191;0
32;16;10;5;16;30;1510856119;30;255;1510856126;0
32;16;10;5;16;30;1510856143;30;255;1510856159;0
32;16;10;5;16;30;1510856338;30;255;1510856346;0
32;16;10;5;16;30;1510856423;30;255;1510856440;0
32;16;10;5;16;30;1510857298;30;255;1510857305;0
32;16;10;5;16;30;1510857440;30;255;1510857447;0
32;16;10;5;16;30;1510857535;30;255;1510857545;0
32;16;10;5;16;30;1510857790;30;255;1510857798;0
32;16;10;5;16;30;1510858354;30;255;1510858367;0
32;16;10;5;16;30;1510858469;30;255;1510858479;0
32;16;10;5;16;30;1510858556;30;255;1510858570;0
32;16;10;5;16;30;1510858791;30;255;1510858799;0
32;16;10;5;16;30;1510859586;30;255;1510859593;0
32;16;10;5;16;30;1510859591;30;255;1510859602;0
32;16;10;5;16;30;1510859681;30;255;1510859688;0
32;16;10;5;16;30;1510860011;30;255;1510860025;0
32;16;10;5;16;30;1510860550;30;255;1510860580;0
32;16;10;5;16;30;1510860746;30;255;1510860753;0
32;16;10;5;16;30;1510860771;30;255;1510860782;0
32;16;10;5;16;30;1510861337;30;255;1510861364;0
32;16;10;5;16;30;1510861616;30;255;1510861623;0
32;16;10;5;16;30;1510861884;30;255;1510861891;0
32;16;10;5;16;30;1510861906;30;255;1510861916;0
32;16;10;5;16;30;1510862630;30;255;1510862638;0
32;16;10;5;16;30;1510862849;30;255;1510862878;0
32;16;10;5;16;30;1510862916;30;255;1510862926;0
32;16;10;5;16;30;1510863154;30;255;1510863161;0
32;16;10;5;16;30;1510863674;30;255;1510863684;0
32;16;10;5;16;30;1510864081;30;255;1510864092;0
32;16;10;5;16;30;1510864092;30;255;1510864118;0
32;16;10;5;16;30;1510864275;30;255;1510864286;0
32;16;10;5;16;30;1510864840;30;255;1510864848;0
32;16;10;5;16;30;1510865081;30;255;1510865089;0
32;16;10;5;16;30;1510865149;30;255;1510865159;0
32;16;10;5;16;30;1510865362;30;255;1510865373;0
32;16;10;5;16;30;1510865993;30;255;1510866001;0
32;16;10;5;16;30;1510866072;30;255;1510866083;0
32;16;10;5;16;30;1510866414;30;255;1510866422;0
32;16;10;5;16;30;1510866469;30;255;1510866480;0
32;16;10;5;16;30;1510867210;30;255;1510867217;0
32;16;10;5;16;30;1510867251;30;255;1510867268;0
32;16;10;5;16;30;1510867680;30;255;1510867687;0
32;16;10;5;16;30;1510867790;30;255;1510867798;0
32;16;10;5;16;30;1510868393;30;255;1510868401;0
32;16;10;5;16;30;1510868387;30;255;1510868410;0
32;16;10;5;16;30;1510868866;30;255;1510868873;0
32;16;10;5;16;30;1510868875;30;255;1510868883;0
32;16;10;5;16;30;1510869535;30;255;1510869549;0
32;16;10;5;16;30;1510869610;30;255;1510869620;0
32;16;10;5;16;30;1510869907;30;255;1510869924;0
32;16;10;5;16;30;1510870150;30;255;1510870157;0
32;16;10;5;16;30;1510870684;30;255;1510870694;0
32;16;10;5;16;30;1510870740;30;255;1510870747;0
32;16;10;5;16;30;1510871155;30;255;1510871163;0
32;16;10;5;16;30;1510871288;30;255;1510871295;0
32;16;10;5;16;30;1510871832;30;255;1510871843;0
32;16;10;5;16;30;1510871919;30;255;1510871926;0
32;16;10;5;16;30;1510872442;30;255;1510872449;0
32;16;10;5;16;30;1510872454;30;255;1510872480;0
32;16;10;5;16;30;1510872928;30;255;1510872936;0
32;16;10;5;16;30;1510873247;30;255;1510873257;0
32;16;10;5;16;30;1510873499;30;255;1510873510;0
32;16;10;5;16;30;1510873769;30;255;1510873780;0
32;16;10;5;16;30;1510874042;30;255;1510874059;0
32;16;10;5;16;30;1510874375;30;255;1510874382;0
32;16;10;5;16;30;1510874634;30;255;1510874645;0
32;16;10;5;16;30;1510874844;30;255;1510874864;0
32;16;10;5;16;30;1510875369;30;255;1510875377;0
32;16;10;5;16;30;1510875695;30;255;1510875702;0
32;16;10;5;16;30;1510875696;30;255;1510875707;0
32;16;10;5;16;30;1510876034;30;255;1510876042;0
32;16;10;5;16;30;1510876397;30;255;1510876404;0
32;16;10;5;16;30;1510876916;30;255;1510876924;0
32;16;10;5;16;30;1510876944;30;255;1510876951;0
32;16;10;5;16;30;1510877261;30;255;1510877278;0
32;16;10;5;16;30;1510877583;30;255;1510877591;0
32;16;10;5;16;30;1510877996;30;255;1510878013;0
32;16;10;5;16;30;1510878199;30;255;1510878213;0
32;16;10;5;16;30;1510878280;30;255;1510878287;0
32;16;10;5;16;30;1510878853;30;255;1510878870;0
32;16;10;5;16;30;1510879095;30;255;1510879106;0
32;16;10;5;16;30;1510879441;30;255;1510879455;0
32;16;10;5;16;30;1510879620;30;255;1510879627;0
32;16;10;5;16;30;1510879913;30;255;1510879921;0
32;16;10;5;16;30;1510880334;30;255;1510880342;0
32;16;10;5;16;30;1510880685;30;255;1510880698;0
32;16;10;5;16;30;1510880765;30;255;1510880776;0
32;16;10;5;16;30;1510880987;30;255;1510881000;0
32;16;10;5;16;30;1510881373;30;255;1510881380;0
32;16;10;5;16;30;1510881770;30;255;1510881780;0
32;16;10;5;16;30;1510881784;30;255;1510881795;0
32;16;10;5;16;30;1510882292;30;255;1510882315;0
32;16;10;5;16;30;1510882485;30;255;1510882498;0
32;16;10;5;16;30;1510882906;30;255;1510882917;0
32;16;10;5;16;30;1510883047;30;255;1510883055;0
32;16;10;5;16;30;1510883639;30;255;1510883659;0
32;16;10;5;16;30;1510883707;30;255;1510883715;0
32;16;10;5;16;30;1510884199;30;255;1510884206;0
32;16;10;5;16;30;1510884214;30;255;1510884225;0
32;16;10;5;16;30;1510884659;30;255;1510884667;0
32;16;10;5;16;30;1510884978;30;255;1510884985;0
32;16;10;5;16;30;1510885356;30;255;1510885364;0
32;16;10;5;16;30;1510885487;30;255;1510885504;0
32;16;10;5;16;30;1510885722;30;255;1510885730;0
32;16;10;5;16;30;1510886015;30;255;1510886035;0
32;16;10;5;16;30;1510886599;30;255;1510886606;0
32;16;10;5;16;30;1510886727;30;255;1510886734;0
32;16;10;5;16;30;1510886762;30;255;1510886785;0
32;16;10;5;16;30;1510887069;30;255;1510887077;0
32;16;10;5;16;30;1510887657;30;255;1510887670;0
32;16;10;5;16;30;1510887763;30;255;1510887774;0
32;16;10;5;16;30;1510887985;30;255;1510888011;0
32;16;10;5;16;30;1510888282;30;255;1510888296;0
32;16;10;5;16;30;1510888839;30;255;1510888847;0
32;16;10;5;16;30;1510888843;30;255;1510888860;0
32;16;10;5;16;30;1510889198;30;255;1510889208;0
32;16;10;5;16;30;1510889501;30;255;1510889512;0
32;16;10;5;16;30;1510889923;30;255;1510889946;0
32;16;10;5;16;30;1510890098;30;255;1510890112;0
32;16;10;5;16;30;1510890293;30;255;1510890303;0
32;16;10;5;16;30;1510890695;30;255;1510890702;0
32;16;10;5;16;30;1510891206;30;255;1510891213;0
32;16;10;5;16;30;1510891268;30;255;1510891276;0
32;16;10;5;16;30;1510891258;30;255;1510891278;0
32;16;10;5;16;30;1510891927;30;255;1510891938;0
32;16;10;5;16;30;1510892283;30;255;1510892290;0
32;16;10;5;16;30;1510892330;30;255;1510892337;0
32;16;10;5;16;30;1510892394;30;255;1510892402;0
32;16;10;5;16;30;1510893146;30;255;1510893156;0
32;16;10;5;16;30;1510893435;30;255;1510893443;0
32;16;10;5;16;30;1510893709;30;255;1510893719;0
32;16;10;5;16;30;1510893728;30;255;1510893739;0
32;16;10;5;16;30;1510894362;30;255;1510894370;0
32;16;10;5;16;30;1510894394;30;255;1510894401;0
32;16;10;5;16;30;1510894897;30;255;1510894904;0
32;16;10;5;16;30;1510894932;30;255;1510894940;0
32;16;10;5;16;30;1510895506;30;255;1510895514;0
32;16;10;5;16;30;1510895509;30;255;1510895516;0
32;16;10;5;16;30;1510895889;30;255;1510895899;0
32;16;10;5;16;30;1510896132;30;255;1510896140;0
32;16;10;5;16;30;1510896486;30;255;1510896496;0
32;16;10;5;16;30;1510896582;30;255;1510896590;0
32;16;10;5;16;30;1510897016;30;255;1510897027;0
32;16;10;5;16;30;1510897194;30;255;1510897201;0
32;16;10;5;16;30;1510897459;30;255;1510897467;0
32;16;10;5;16;30;1510897587;30;255;1510897598;0
32;16;10;5;16;30;1510898261;30;255;1510898268;0
32;16;10;5;16;30;1510898534;30;255;1510898560;0
32;16;10;5;16;30;1510898561;30;255;1510898575;0
32;16;10;5;16;30;1510898668;30;255;1510898685;0
32;16;10;5;16;30;1510899352;30;255;1510899362;0
32;16;10;5;16;30;1510899774;30;255;1510899782;0
32;16;10;5;16;30;1510899793;30;255;1510899807;0
32;16;10;5;16;30;1510899809;30;255;1510899817;0
32;16;10;5;16;30;1510900524;30;255;1510900535;0
32;16;10;5;16;30;1510900920;30;255;1510900931;0
32;16;10;5;16;30;1510900950;30;255;1510900961;0
32;16;10;5;16;30;1510900997;30;255;1510901004;0
32;16;10;5;16;30;1510901815;30;255;1510901823;0
32;16;10;5;16;30;1510902054;30;255;1510902061;0
32;16;10;5;16;30;1510902147;30;255;1510902155;0
32;16;10;5;16;30;1510902229;30;255;1510902236;0
32;16;10;5;16;30;1510903125;30;255;1510903132;0
32;16;10;5;16;30;1510903192;30;255;1510903199;0
32;16;10;5;16;30;1510903319;30;255;1510903333;0
32;16;10;5;16;30;1510903472;30;255;1510903480;0
32;16;10;5;16;30;1510904192;30;255;1510904212;0
32;16;10;5;16;30;1510904383;30;255;1510904391;0
32;16;10;5;16;30;1510904462;30;255;1510904475;0
32;16;10;5;16;30;1510904753;30;255;1510904761;0
32;16;10;5;16;30;1510905311;30;255;1510905318;0
32;16;10;5;16;30;1510905605;30;255;1510905612;0
32;16;10;5;16;30;1510905644;30;255;1510905661;0
32;16;10;5;16;30;1510905790;30;255;1510905797;0
32;16;10;5;16;30;1510906509;30;255;1510906516;0
32;16;10;5;16;30;1510906759;30;255;1510906767;0
32;16;10;5;16;30;1510906859;30;255;1510906872;0
32;16;10;5;16;30;1510907141;30;255;1510907148;0
32;16;10;5;16;30;1510907606;30;255;1510907617;0
32;16;10;5;16;30;1510907880;30;255;1510907891;0
32;16;10;5;16;30;1510908106;30;255;1510908113;0
32;16;10;5;16;30;1510908278;30;255;1510908286;0
32;16;10;5;16;30;1510908881;30;255;1510908888;0
32;16;10;5;16;30;1510909041;30;255;1510909048;0
32;16;10;5;16;30;1510909168;30;255;1510909175;0
32;16;10;5;16;30;1510909513;30;255;1510909520;0
32;16;10;5;16;30;1510910026;30;255;1510910036;0
32;16;10;5;16;30;1510910089;30;255;1510910097;0
32;16;10;5;16;30;1510910380;30;255;1510910388;0
32;16;10;5;16;30;1510910687;30;255;1510910698;0
32;16;10;5;16;30;1510911249;30;255;1510911257;0
32;16;10;5;16;30;1510911475;30;255;1510911485;0
32;16;10;5;16;30;1510911693;30;255;1510911700;0
32;16;10;5;16;30;1510911901;30;255;1510911908;0
32;16;10;5;16;30;1510912360;30;255;1510912377;0
32;16;10;5;16;30;1510912486;30;255;1510912493;0
32;16;10;5;16;30;1510913082;30;255;1510913089;0
32;16;10;5;16;30;1510913105;30;255;1510913125;0
32;16;10;5;16;30;1510913494;30;255;1510913501;0
32;16;10;5;16;30;1510913525;30;255;1510913536;0
32;16;10;5;16;30;1510914262;30;255;1510914273;0
32;16;10;5;16;30;1510914363;30;255;1510914373;0
32;16;10;5;16;30;1510914721;30;255;1510914728;0
32;16;10;5;16;30;1510914724;30;255;1510914738;0
32;16;10;5;16;30;1510915293;30;255;1510915303;0
32;16;10;5;16;30;1510915337;30;255;1510915345;0
32;16;10;5;16;30;1510915707;30;255;1510915721;0
32;16;10;5;16;30;1510915910;30;255;1510915924;0
32;16;10;5;16;30;1510916488;30;255;1510916504;0
32;16;10;5;16;30;1510916541;30;255;1510916555;0
32;16;10;5;16;30;1510916958;30;255;1510916965;0
32;16;10;5;16;30;1510916965;30;255;1510916972;0
32;16;10;5;16;30;1510917564;30;255;1510917574;0
32;16;10;5;16;30;1510917824;30;255;1510917835;0
32;16;10;5;16;30;1510918185;30;255;1510918192;0
32;16;10;5;16;30;1510918192;30;255;1510918199;0
32;16;10;5;16;30;1510918934;30;255;1510918941;0
32;16;10;5;16;30;1510919077;30;255;1510919085;0
32;16;10;5;16;30;1510919405;30;255;1510919413;0
32;16;10;5;16;30;1510919466;30;255;1510919473;0
32;16;10;5;16;30;1510920049;30;255;1510920063;0
32;16;10;5;16;30;1510920170;30;255;1510920177;0
32;16;10;5;16;30;1510920642;30;255;1510920649;0
32;16;10;5;16;30;1510920760;30;255;1510920783;0
32;16;10;5;16;30;1510921105;30;255;1510921113;0
32;16;10;5;16;30;1510921244;30;255;1510921251;0
32;16;10;5;16;30;1510921856;30;255;1510921863;0
32;16;10;5;16;30;1510922088;30;255;1510922105;0
32;16;10;5;16;30;1510922185;30;255;1510922199;0
32;16;10;5;16;30;1510922194;30;255;1510922201;0
32;16;10;5;16;30;1510923085;30;255;1510923092;0
32;16;10;5;16;30;1510923173;30;255;1510923183;0
32;16;10;5;16;30;1510923391;30;255;1510923405;0
32;16;10;5;16;30;1510923580;30;255;1510923587;0
32;16;10;5;16;30;1510924302;30;255;1510924319;0
32;16;10;5;16;30;1510924352;30;255;1510924363;0
32;16;10;5;16;30;1510924488;30;255;1510924498;0
32;16;10;5;16;30;1510924773;30;255;1510924781;0
32;16;10;5;16;30;1510925381;30;255;1510925395;0
32;16;10;5;16;30;1510925392;30;255;1510925403;0
32;16;10;5;16;30;1510925465;30;255;1510925473;0
32;16;10;5;16;30;1510925862;30;255;1510925870;0
32;16;10;5;16;30;1510926397;30;255;1510926404;0
32;16;10;5;16;30;1510926537;30;255;1510926545;0
32;16;10;5;16;30;1510926590;30;255;1510926601;0
32;16;10;5;16;30;1510926891;30;255;1510926905;0
32;16;10;5;16;30;1510927495;30;255;1510927502;0
32;16;10;5;16;30;1510927646;30;255;1510927657;0
32;16;10;5;16;30;1510927710;30;255;1510927724;0
32;16;10;5;16;30;1510928243;30;255;1510928251;0
32;16;10;5;16;30;1510928623;30;255;1510928631;0
32;16;10;5;16;30;1510928662;30;255;1510928672;0
32;16;10;5;16;30;1510928673;30;255;1510928684;0
32;16;10;5;16;30;1510929502;30;255;1510929519;0
32;16;10;5;16;30;1510929692;30;255;1510929703;0
32;16;10;5;16;30;1510929725;30;255;1510929732;0
32;16;10;5;16;30;1510929789;30;255;1510929802;0
32;16;10;5;16;30;1510930715;30;255;1510930722;0
32;16;10;5;16;30;1510930832;30;255;1510930839;0
32;16;10;5;16;30;1510930980;30;255;1510930991;0
32;16;10;5;16;30;1510930987;30;255;1510930995;0
32;16;10;5;16;30;1510931695;30;255;1510931712;0
32;16;10;5;16;30;1510932024;30;255;1510932037;0
32;16;10;5;16;30;1510932083;30;255;1510932094;0
32;16;10;5;16;30;1510932127;30;255;1510932138;0
32;16;10;5;16;30;1510932909;30;255;1510932916;0
32;16;10;5;16;30;1510933060;30;255;1510933068;0
32;16;10;5;16;30;1510933297;30;255;1510933305;0
32;16;10;5;16;30;1510933397;30;255;1510933405;0
32;16;10;5;16;30;1510934098;30;255;1510934106;0
32;16;10;5;16;30;1510934195;30;255;1510934202;0
32;16;10;5;16;30;1510934383;30;255;1510934391;0
32;16;10;5;16;30;1510934668;30;255;1510934681;0
32;16;10;5;16;30;1510935227;30;255;1510935234;0
32;16;10;5;16;30;1510935424;30;255;1510935432;0
32;16;10;5;16;30;1510935553;30;255;1510935560;0
32;16;10;5;16;30;1510935897;30;255;1510935904;0
32;16;10;5;16;30;1510936353;30;255;1510936360;0
32;16;10;5;16;30;1510936461;30;255;1510936475;0
32;16;10;5;16;30;1510936518;30;255;1510936526;0
32;16;10;5;16;30;1510937170;30;255;1510937177;0
32;16;10;5;16;30;1510937569;30;255;1510937580;0
32;16;10;5;16;30;1510937579;30;255;1510937590;0
32;16;10;5;16;30;1510937618;30;255;1510937625;0
32;16;10;5;16;30;1510938241;30;255;1510938251;0
32;16;10;5;16;30;1510938653;30;255;1510938661;0
32;16;10;5;16;30;1510938791;30;255;1510938814;0
32;16;10;5;16;30;1510938809;30;255;1510938820;0
32;16;10;5;16;30;1510939507;30;255;1510939524;0
32;16;10;5;16;30;1510939864;30;255;1510939872;0
32;16;10;5;16;30;1510939874;30;255;1510939885;0
32;16;10;5;16;30;1510939942;30;255;1510939950;0
32;16;10;5;16;30;1510940615;30;255;1510940622;0
32;16;10;5;16;30;1510941079;30;255;1510941087;0
32;16;10;5;16;30;1510941168;30;255;1510941176;0
32;16;10;5;16;30;1510941262;30;255;1510941269;0
32;16;10;5;16;30;1510941652;30;255;1510941660;0
32;16;10;5;16;30;1510942259;30;255;1510942266;0
32;16;10;5;16;30;1510942310;30;255;1510942330;0
32;16;10;5;16;30;1510942353;30;255;1510942370;0
32;16;10;5;16;30;1510942975;30;255;1510942989;0
32;16;10;5;16;30;1510943272;30;255;1510943279;0
32;16;10;5;16;30;1510943349;30;255;1510943359;0
32;16;10;5;16;30;1510943423;30;255;1510943437;0
32;16;10;5;16;30;1510944100;30;255;1510944107;0
32;16;10;5;16;30;1510944260;30;255;1510944277;0
32;16;10;5;16;30;1510944549;30;255;1510944559;0
32;16;10;5;16;30;1510944684;30;255;1510944701;0
32;16;10;5;16;30;1510945358;30;255;1510945368;0
32;16;10;5;16;30;1510945370;30;255;1510945380;0
32;16;10;5;16;30;1510945647;30;255;1510945660;0
32;16;10;5;16;30;1510945895;30;255;1510945903;0
32;16;10;5;16;30;1510946624;30;255;1510946634;0
32;16;10;5;16;30;1510946647;30;255;1510946660;0
32;16;10;5;16;30;1510946838;30;255;1510946846;0
32;16;10;5;16;30;1510947160;30;255;1510947170;0
32;16;10;5;16;30;1510947643;30;255;1510947651;0
32;16;10;5;16;30;1510947766;30;255;1510947774;0
32;16;10;5;16;30;1510947996;30;255;1510948010;0
32;16;10;5;16;30;1510948515;30;255;1510948526;0
32;16;10;5;16;30;1510948715;30;255;1510948723;0
32;16;10;5;16;30;1510948874;30;255;1510948881;0
32;16;10;5;16;30;1510949066;30;255;1510949076;0
32;16;10;5;16;30;1510949609;30;255;1510949617;0
32;16;10;5;16;30;1510949959;30;255;1510949970;0
32;16;10;5;16;30;1510950000;30;255;1510950007;0
32;16;10;5;16;30;1510950195;30;255;1510950205;0
32;16;10;5;16;30;1510950700;30;255;1510950707;0
32;16;10;5;16;30;1510951041;30;255;1510951049;0
32;16;10;5;16;30;1510951282;30;255;1510951293;0
32;16;10;5;16;30;1510951433;30;255;1510951440;0
32;16;10;5;16;30;1510952049;30;255;1510952057;0
32;16;10;5;16;30;1510952074;30;255;1510952081;0
32;16;10;5;16;30;1510952229;30;255;1510952236;0
32;16;10;5;16;30;1510952684;30;255;1510952692;0
32;16;10;5;16;30;1510953172;30;255;1510953183;0
32;16;10;5;16;30;1510953257;30;255;1510953267;0
32;16;10;5;16;30;1510953330;30;255;1510953340;0
32;16;10;5;16;30;1510953779;30;255;1510953790;0
32;16;10;5;16;30;1510954170;30;255;1510954177;0
32;16;10;5;16;30;1510954423;30;255;1510954434;0
32;16;10;5;16;30;1510954483;30;255;1510954490;0
32;16;10;5;16;30;1510954820;30;255;1510954828;0
32;16;10;5;16;30;1510955395;30;255;1510955403;0
32;16;10;5;16;30;1510955427;30;255;1510955435;0
32;16;10;5;16;30;1510955632;30;255;1510955646;0
32;16;10;5;16;30;1510955881;30;255;1510955892;0
32;16;10;5;16;30;1510956399;30;255;1510956409;0
32;16;10;5;16;30;1510956510;30;255;1510956521;0
32;16;10;5;16;30;1510956758;30;255;1510956765;0
32;16;10;5;16;30;1510957137;30;255;1510957151;0
32;16;10;5;16;30;1510957636;30;255;1510957644;0
32;16;10;5;16;30;1510957792;30;255;1510957800;0
32;16;10;5;16;30;1510957883;30;255;1510957891;0
32;16;10;5;16;30;1510958330;30;255;1510958347;0
32;16;10;5;16;30;1510958661;30;255;1510958668;0
32;16;10;5;16;30;1510958821;30;255;1510958835;0
32;16;10;5;16;30;1510958913;30;255;1510958920;0
32;16;10;5;16;30;1510959680;30;255;1510959693;0
32;16;10;5;16;30;1510959911;30;255;1510959921;0
32;16;10;5;16;30;1510960074;30;255;1510960081;0
32;16;10;5;16;30;1510960171;30;255;1510960178;0
32;16;10;5;16;30;1510960740;30;255;1510960751;0
32;16;10;5;16;30;1510961034;30;255;1510961041;0
32;16;10;5;16;30;1510961131;30;255;1510961138;0
32;16;10;5;16;30;1510961359;30;255;1510961370;0
32;16;10;5;16;30;1510961990;30;255;1510962000;0
32;16;10;5;16;30;1510962232;30;255;1510962239;0
32;16;10;5;16;30;1510962336;30;255;1510962346;0
32;16;10;5;16;30;1510962374;30;255;1510962385;0
32;16;10;5;16;30;1510962983;30;255;1510963000;0
32;16;10;5;16;30;1510963221;30;255;1510963229;0
32;16;10;5;16;30;1510963678;30;255;1510963685;0
32;16;10;5;16;30;1510963680;30;255;1510963694;0
32;16;10;5;16;30;1510964250;30;255;1510964260;0
32;16;10;5;16;30;1510964480;30;255;1510964491;0
32;16;10;5;16;30;1510964716;30;255;1510964723;0
32;16;10;5;16;30;1510964979;30;255;1510964986;0
32;16;10;5;16;30;1510965347;30;255;1510965355;0
32;16;10;5;16;30;1510965718;30;255;1510965725;0
32;16;10;5;16;30;1510965863;30;255;1510965886;0
32;16;10;5;16;30;1510966153;30;255;1510966167;0
32;16;10;5;16;30;1510966350;30;255;1510966361;0
32;16;10;5;16;30;1510966925;30;255;1510966933;0
32;16;10;5;16;30;1510967055;30;255;1510967075;0
32;16;10;5;16;30;1510967304;30;255;1510967312;0
32;16;10;5;16;30;1510967496;30;255;1510967504;0
32;16;10;5;16;30;1510968199;30;255;1510968209;0
32;16;10;5;16;30;1510968225;30;255;1510968232;0
32;16;10;5;16;30;1510968477;30;255;1510968485;0
32;16;10;5;16;30;1510968860;30;255;1510968867;0
32;16;10;5;16;30;1510969359;30;255;1510969367;0
32;16;10;5;16;30;1510969516;30;255;1510969523;0
32;16;10;5;16;30;1510969684;30;255;1510969697;0
32;16;10;5;16;30;1510970078;30;255;1510970086;0
32;16;10;5;16;30;1510970551;30;255;1510970568;0
32;16;10;5;16;30;1510970774;30;255;1510970781;0
32;16;10;5;16;30;1510970809;30;255;1510970816;0
32;16;10;5;16;30;1510971229;30;255;1510971236;0
32;16;10;5;16;30;1510971790;30;255;1510971798;0
32;16;10;5;16;30;1510971965;30;255;1510971976;0
32;16;10;5;16;30;1510972139;30;255;1510972156;0
32;16;10;5;16;30;1510972407;30;255;1510972414;0
32;16;10;5;16;30;1510973025;30;255;1510973043;0
32;16;10;5;16;30;1510973223;30;255;1510973233;0
32;16;10;5;16;30;1510973359;30;255;1510973366;0
32;16;10;5;16;30;1510973463;30;255;1510973470;0
32;16;10;5;16;30;1510974015;30;255;1510974023;0
32;16;10;5;16;30;1510974343;30;255;1510974351;0
32;16;10;5;16;30;1510974535;30;255;1510974542;0
32;16;10;5;16;30;1510974685;30;255;1510974692;0
32;16;10;5;16;30;1510975054;30;255;1510975071;0
32;16;10;5;16;30;1510975547;30;255;1510975558;0
32;16;10;5;16;30;1510975580;30;255;1510975597;0
32;16;10;5;16;30;1510975914;30;255;1510975922;0
32;16;10;5;16;30;1510976224;30;255;1510976235;0
32;16;10;5;16;30;1510976747;30;255;1510976757;0
32;16;10;5;16;30;1510976784;30;255;1510976794;0
32;16;10;5;16;30;1510977087;30;255;1510977095;0
32;16;10;5;16;30;1510977522;30;255;1510977545;0
32;16;10;5;16;30;1510977674;30;255;1510977681;0
32;16;10;5;16;30;1510977837;30;255;1510977845;0
32;16;10;5;16;30;1510978214;30;255;1510978222;0
32;16;10;5;16;30;1510978718;30;255;1510978726;0
32;16;10;5;16;30;1510978847;30;255;1510978854;0
32;16;10;5;16;30;1510978978;30;255;1510978986;0
32;16;10;5;16;30;1510979496;30;255;1510979507;0
32;16;10;5;16;30;1510979996;30;255;1510980003;0
32;16;10;5;16;30;1510980153;30;255;1510980164;0
32;16;10;5;16;30;1510980171;30;255;1510980178;0
32;16;10;5;16;30;1510980582;30;255;1510980589;0
32;16;10;5;16;30;1510981132;30;255;1510981139;0
32;16;10;5;16;30;1510981295;30;255;1510981303;0
32;16;10;5;16;30;1510981335;30;255;1510981343;0
32;16;10;5;16;30;1510981762;30;255;1510981773;0
32;16;10;5;16;30;1510982313;30;255;1510982321;0
32;16;10;5;16;30;1510982318;30;255;1510982326;0
32;16;10;5;16;30;1510982490;30;255;1510982497;0
32;16;10;5;16;30;1510982751;30;255;1510982759;0
32;16;10;5;16;30;1510983334;30;255;1510983342;0
32;16;10;5;16;30;1510983537;30;255;1510983554;0
32;16;10;5;16;30;1510983784;30;255;1510983791;0
32;16;10;5;16;30;1510983787;30;255;1510983807;0
32;16;10;5;16;30;1510984529;30;255;1510984536;0
32;16;10;5;16;30;1510984553;30;255;1510984560;0
32;16;10;5;16;30;1510984956;30;255;1510984964;0
32;16;10;5;16;30;1510984990;30;255;1510984998;0
32;16;10;5;16;30;1510985636;30;255;1510985644;0
32;16;10;5;16;30;1510985773;30;255;1510985780;0
32;16;10;5;16;30;1510985934;30;255;1510985967;0
32;16;10;5;16;30;1510986166;30;255;1510986174;0
32;16;10;5;16;30;1510986682;30;255;1510986692;0
32;16;10;5;16;30;1510986891;30;255;1510986898;0
32;16;10;5;16;30;1510986971;30;255;1510986991;0
32;16;10;5;16;30;1510987415;30;255;1510987423;0
32;16;10;5;16;30;1510987873;30;255;1510987887;0
32;16;10;5;16;30;1510988107;30;255;1510988115;0
32;16;10;5;16;30;1510988234;30;255;1510988245;0
32;16;10;5;16;30;1510988667;30;255;1510988687;0
32;16;10;5;16;30;1510989092;30;255;1510989109;0
32;16;10;5;16;30;1510989278;30;255;1510989289;0
32;16;10;5;16;30;1510989314;30;255;1510989337;0
32;16;10;5;16;30;1510989906;30;255;1510989916;0
32;16;10;5;16;30;1510990257;30;255;1510990293;0
32;16;10;5;16;30;1510990336;30;255;1510990347;0
32;16;10;5;16;30;1510990347;30;255;1510990358;0
32;16;10;5;16;30;1510991014;30;255;1510991037;0
32;16;10;5;16;30;1510991461;30;255;1510991481;0
32;16;10;5;16;30;1510991564;30;255;1510991572;0
32;16;10;5;16;30;1510991721;30;255;1510991728;0
32;16;10;5;16;30;1510992122;30;255;1510992129;0
32;16;10;5;16;30;1510992506;30;255;1510992514;0
32;16;10;5;16;30;1510992755;30;255;1510992769;0
32;16;10;5;16;30;1510992792;30;255;1510992799;0
32;16;10;5;16;30;1510993365;30;255;1510993373;0
32;16;10;5;16;30;1510993660;30;255;1510993667;0
32;16;10;5;16;30;1510993944;30;255;1510993951;0
32;16;10;5;16;30;1510994020;30;255;1510994027;0
32;16;10;5;16;30;1510994636;30;255;1510994652;0
32;16;10;5;16;30;1510995020;30;255;1510995037;0
32;16;10;5;16;30;1510995092;30;255;1510995106;0
32;16;10;5;16;30;1510995148;30;255;1510995155;0
32;16;10;5;16;30;1510995742;30;255;1510995749;0
32;16;10;5;16;30;1510996172;30;255;1510996179;0
32;16;10;5;16;30;1510996356;30;255;1510996367;0
32;16;10;5;16;30;1510996448;30;255;1510996459;0
32;16;10;5;16;30;1510996844;30;255;1510996851;0
32;16;10;5;16;30;1510997313;30;255;1510997320;0
32;16;10;5;16;30;1510997404;30;255;1510997415;0
32;16;10;5;16;30;1510997637;30;255;1510997644;0
32;16;10;5;16;30;1510998108;30;255;1510998115;0
32;16;10;5;16;30;1510998403;30;255;1510998411;0
32;16;10;5;16;30;1510998502;30;255;1510998513;0
32;16;10;5;16;30;1510998748;30;255;1510998762;0
32;16;10;5;16;30;1510999296;30;255;1510999307;0
32;16;10;5;16;30;1510999564;30;255;1510999571;0
32;16;10;5;16;30;1510999614;30;255;1510999621;0
32;16;10;5;16;30;1510999800;30;255;1510999807;0
32;16;10;5;16;30;1511000511;30;255;1511000525;0
32;16;10;5;16;30;1511000791;30;255;1511000798;0
32;16;10;5;16;30;1511000825;30;255;1511000836;0
32;16;10;5;16;30;1511000990;30;255;1511001007;0
32;16;10;5;16;30;1511001698;30;255;1511001706;0
32;16;10;5;16;30;1511001996;30;255;1511002003;0
32;16;10;5;16;30;1511002173;30;255;1511002181;0
32;16;10;5;16;30;1511002287;30;255;1511002294;0
32;16;10;5;16;30;1511002824;30;255;1511002835;0
32;16;10;5;16;30;1511003134;30;255;1511003141;0
32;16;10;5;16;30;1511003446;30;255;1511003453;0
32;16;10;5;16;30;1511003481;30;255;1511003492;0
32;16;10;5;16;30;1511004060;30;255;1511004067;0
32;16;10;5;16;30;1511004178;30;255;1511004185;0
32;16;10;5;16;30;1511004520;30;255;1511004528;0
32;16;10;5;16;30;1511004622;30;255;1511004635;0
32;16;10;5;16;30;1511005323;30;255;1511005337;0
32;16;10;5;16;30;1511005409;30;255;1511005416;0
32;16;10;5;16;30;1511005753;30;255;1511005764;0
32;16;10;5;16;30;1511005870;30;255;1511005877;0
32;16;10;5;16;30;1511006288;30;255;1511006295;0
32;16;10;5;16;30;1511006697;30;255;1511006705;0
32;16;10;5;16;30;1511006865;30;255;1511006872;0
32;16;10;5;16;30;1511007131;30;255;1511007142;0
32;16;10;5;16;30;1511007385;30;255;1511007393;0
32;16;10;5;16;30;1511007953;30;255;1511007960;0
32;16;10;5;16;30;1511008154;30;255;1511008168;0
32;16;10;5;16;30;1511008479;30;255;1511008493;0
32;16;10;5;16;30;1511008524;30;255;1511008532;0
32;16;10;5;16;30;1511009092;30;255;1511009102;0
32;16;10;5;16;30;1511009369;30;255;1511009377;0
32;16;10;5;16;30;1511009578;30;255;1511009585;0
32;16;10;5;16;30;1511009645;30;255;1511009652;0
32;16;10;5;16;30;1511010038;30;255;1511010045;0
32;16;10;5;16;30;1511010432;30;255;1511010440;0
32;16;10;5;16;30;1511010726;30;255;1511010733;0
32;16;10;5;16;30;1511010722;30;255;1511010736;0
32;16;10;5;16;30;1511011161;30;255;1511011172;0
32;16;10;5;16;30;1511011720;30;255;1511011731;0
32;16;10;5;16;30;1511011752;30;255;1511011778;0
32;16;10;5;16;30;1511011899;30;255;1511011907;0
32;16;10;5;16;30;1511012422;30;255;1511012430;0
32;16;10;5;16;30;1511012905;30;255;1511012913;0
32;16;10;5;16;30;1511012901;30;255;1511012915;0
32;16;10;5;16;30;1511013050;30;255;1511013063;0
32;16;10;5;16;30;1511013780;30;255;1511013787;0
32;16;10;5;16;30;1511013902;30;255;1511013910;0
32;16;10;5;16;30;1511014086;30;255;1511014103;0
32;16;10;5;16;30;1511014106;30;255;1511014113;0
32;16;10;5;16;30;1511014887;30;255;1511014895;0
32;16;10;5;16;30;1511015013;30;255;1511015023;0
32;16;10;5;16;30;1511015250;30;255;1511015257;0
32;16;10;5;16;30;1511015279;30;255;1511015287;0
32;16;10;5;16;30;1511016125;30;255;1511016142;0
32;16;10;5;16;30;1511016251;30;255;1511016262;0
32;16;10;5;16;30;1511016258;30;255;1511016272;0
32;16;10;5;16;30;1511016481;30;255;1511016488;0
32;16;10;5;16;30;1511017402;30;255;1511017410;0
32;16;10;5;16;30;1511017416;30;255;1511017423;0
32;16;10;5;16;30;1511017503;30;255;1511017511;0
32;16;10;5;16;30;1511017662;30;255;1511017673;0
32;16;10;5;16;30;1511018416;30;255;1511018423;0
32;16;10;5;16;30;1511018646;30;255;1511018653;0
32;16;10;5;16;30;1511018695;30;255;1511018705;0
32;16;10;5;16;30;1511018772;30;255;1511018786;0
32;16;10;5;16;30;1511019567;30;255;1511019584;0
32;16;10;5;16;30;1511019861;30;255;1511019868;0
32;16;10;5;16;30;1511019854;30;255;1511019887;0
32;16;10;5;16;30;1511019908;30;255;1511019921;0
32;16;10;5;16;30;1511020603;30;255;1511020613;0
32;16;10;5;16;30;1511021026;30;255;1511021034;0
32;16;10;5;16;30;1511021085;30;255;1511021096;0
32;16;10;5;16;30;1511021109;30;255;1511021117;0
32;16;10;5;16;30;1511021816;30;255;1511021830;0
32;16;10;5;16;30;1511022169;30;255;1511022179;0
32;16;10;5;16;30;1511022298;30;255;1511022305;0
32;16;10;5;16;30;1511022472;30;255;1511022480;0
32;16;10;5;16;30;1511023152;30;255;1511023160;0
32;16;10;5;16;30;1511023282;30;255;1511023293;0
32;16;10;5;16;30;1511023602;30;255;1511023622;0
32;16;10;5;16;30;1511023624;30;255;1511023638;0
32;16;10;5;16;30;1511024194;30;255;1511024202;0
32;16;10;5;16;30;1511024353;30;255;1511024364;0
32;16;10;5;16;30;1511024683;30;255;1511024693;0
32;16;10;5;16;30;1511024902;30;255;1511024909;0
32;16;10;5;16;30;1511025274;30;255;1511025288;0
32;16;10;5;16;30;1511025517;30;255;1511025524;0
32;16;10;5;16;30;1511025664;30;255;1511025671;0
32;16;10;5;16;30;1511026012;30;255;1511026019;0
32;16;10;5;16;30;1511026403;30;255;1511026414;0
32;16;10;5;16;30;1511026574;30;255;1511026581;0
32;16;10;5;16;30;1511026856;30;255;1511026870;0
32;16;10;5;16;30;1511027061;30;255;1511027078;0
32;16;10;5;16;30;1511027643;30;255;1511027651;0
32;16;10;5;16;30;1511027891;30;255;1511027899;0
32;16;10;5;16;30;1511028073;30;255;1511028096;0
32;16;10;5;16;30;1511028207;30;255;1511028227;0
32;16;10;5;16;30;1511028835;30;255;1511028846;0
32;16;10;5;16;30;1511029146;30;255;1511029154;0
32;16;10;5;16;30;1511029180;30;255;1511029187;0
32;16;10;5;16;30;1511029567;30;255;1511029575;0
32;16;10;5;16;30;1511029860;30;255;1511029871;0
32;16;10;5;16;30;1511030287;30;255;1511030298;0
32;16;10;5;16;30;1511030371;30;255;1511030378;0
32;16;10;5;16;30;1511030852;30;255;1511030863;0
32;16;10;5;16;30;1511030950;30;255;1511030961;0
32;16;10;5;16;30;1511031389;30;255;1511031397;0
32;16;10;5;16;30;1511031565;30;255;1511031576;0
32;16;10;5;16;30;1511032031;30;255;1511032039;0
32;16;10;5;16;30;1511032210;30;255;1511032218;0
32;16;10;5;16;30;1511032432;30;255;1511032442;0
32;16;10;5;16;30;1511032787;30;255;1511032795;0
32;16;10;5;16;30;1511033266;30;255;1511033276;0
32;16;10;5;16;30;1511033272;30;255;1511033282;0
32;16;10;5;16;30;1511033570;30;255;1511033577;0
32;16;10;5;16;30;1511033932;30;255;1511033952;0
32;16;10;5;16;30;1511034487;30;255;1511034497;0
32;16;10;5;16;30;1511034505;30;255;1511034515;0
32;16;10;5;16;30;1511034607;30;255;1511034614;0
32;16;10;5;16;30;1511035215;30;255;1511035226;0
32;16;10;5;16;30;1511035555;30;255;1511035563;0
32;16;10;5;16;30;1511035721;30;255;1511035732;0
32;16;10;5;16;30;1511035813;30;255;1511035833;0
32;16;10;5;16;30;1511036519;30;255;1511036526;0
32;16;10;5;16;30;1511036741;30;255;1511036752;0
32;16;10;5;16;30;1511036855;30;255;1511036862;0
32;16;10;5;16;30;1511037032;30;255;1511037040;0
32;16;10;5;16;30;1511037640;30;255;1511037657;0
32;16;10;5;16;30;1511037892;30;255;1511037900;0
32;16;10;5;16;30;1511038020;30;255;1511038028;0
32;16;10;5;16;30;1511038022;30;255;1511038032;0
32;16;10;5;16;30;1511038828;30;255;1511038842;0
32;16;10;5;16;30;1511038904;30;255;1511038911;0
32;16;10;5;16;30;1511039122;30;255;1511039129;0
32;16;10;5;16;30;1511039203;30;255;1511039211;0
32;16;10;5;16;30;1511039944;30;255;1511039955;0
32;16;10;5;16;30;1511040020;30;255;1511040033;0
32;16;10;5;16;30;1511040227;30;255;1511040234;0
32;16;10;5;16;30;1511040400;30;255;1511040408;0
32;16;10;5;16;30;1511041188;30;255;1511041195;0
32;16;10;5;16;30;1511041197;30;255;1511041204;0
32;16;10;5;16;30;1511041366;30;255;1511041374;0
32;16;10;5;16;30;1511041476;30;255;1511041483;0
32;16;10;5;16;30;1511042331;30;255;1511042338;0
32;16;10;5;16;30;1511042357;30;255;1511042364;0
32;16;10;5;16;30;1511042570;30;255;1511042577;0
32;16;10;5;16;30;1511042678;30;255;1511042692;0
32;16;10;5;16;30;1511043596;30;255;1511043603;0
32;16;10;5;16;30;1511043668;30;255;1511043678;0
32;16;10;5;16;30;1511043695;30;255;1511043705;0
32;16;10;5;16;30;1511043907;30;255;1511043924;0
32;16;10;5;16;30;1511044611;30;255;1511044625;0
32;16;10;5;16;30;1511044808;30;255;1511044815;0
32;16;10;5;16;30;1511044866;30;255;1511044877;0
32;16;10;5;16;30;1511044894;30;255;1511044905;0
32;16;10;5;16;30;1511045888;30;255;1511045896;0
32;16;10;5;16;30;1511045944;30;255;1511045952;0
32;16;10;5;16;30;1511046103;30;255;1511046120;0
32;16;10;5;16;30;1511046166;30;255;1511046173;0
32;16;10;5;16;30;1511047051;30;255;1511047062;0
32;16;10;5;16;30;1511047047;30;255;1511047067;0
32;16;10;5;16;30;1511047115;30;255;1511047123;0
32;16;10;5;16;30;1511047211;30;255;1511047222;0
32;16;10;5;16;30;1511048142;30;255;1511048150;0
32;16;10;5;16;30;1511048249;30;255;1511048259;0
32;16;10;5;16;30;1511048250;30;255;1511048261;0
32;16;10;5;16;30;1511048337;30;255;1511048358;0
32;16;10;5;16;30;1511049289;30;255;1511049300;0
32;16;10;5;16;30;1511049458;30;255;1511049468;0
32;16;10;5;16;30;1511049495;30;255;1511049505;0
32;16;10;5;16;30;1511049525;30;255;1511049533;0
32;16;10;5;16;30;1511050477;30;255;1511050485;0
32;16;10;5;16;30;1511050568;30;255;1511050575;0
32;16;10;5;16;30;1511050703;30;255;1511050717;0
32;16;10;5;16;30;1511050714;30;255;1511050721;0
32;16;10;5;16;30;1511051626;30;255;1511051637;0
32;16;10;5;16;30;1511051681;30;255;1511051695;0
32;16;10;5;16;30;1511051876;30;255;1511051890;0
32;16;10;5;16;30;1511051890;30;255;1511051901;0
32;16;10;5;16;30;1511052775;30;255;1511052782;0
32;16;10;5;16;30;1511052770;30;255;1511052783;0
32;16;10;5;16;30;1511052889;30;255;1511052906;0
32;16;10;5;16;30;1511053050;30;255;1511053060;0
32;16;10;5;16;30;1511053918;30;255;1511053925;0
32;16;10;5;16;30;1511053955;30;255;1511053975;0
32;16;10;5;16;30;1511054091;30;255;1511054099;0
32;16;10;5;16;30;1511054150;30;255;1511054163;0
32;16;10;5;16;30;1511055062;30;255;1511055075;0
32;16;10;5;16;30;1511055103;30;255;1511055120;0
32;16;10;5;16;30;1511055275;30;255;1511055283;0
32;16;10;5;16;30;1511055273;30;255;1511055286;0
32;16;10;5;16;30;1511056209;30;255;1511056226;0
32;16;10;5;16;30;1511056337;30;255;1511056347;0
32;16;10;5;16;30;1511056360;30;255;1511056368;0
32;16;10;5;16;30;1511056455;30;255;1511056469;0
32;16;10;5;16;30;1511057274;30;255;1511057282;0
32;16;10;5;16;30;1511057435;30;255;1511057442;0
32;16;10;5;16;30;1511057476;30;255;1511057486;0
32;16;10;5;16;30;1511057557;30;255;1511057564;0
32;16;10;5;16;30;1511058500;30;255;1511058507;0
32;16;10;5;16;30;1511058544;30;255;1511058554;0
32;16;10;5;16;30;1511058712;30;255;1511058723;0
32;16;10;5;16;30;1511059012;30;255;1511059020;0
32;16;10;5;16;30;1511059707;30;255;1511059715;0
32;16;10;5;16;30;1511059729;30;255;1511059739;0
32;16;10;5;16;30;1511059964;30;255;1511059971;0
32;16;10;5;16;30;1511060277;30;255;1511060288;0
32;16;10;5;16;30;1511060742;30;255;1511060757;0
32;16;10;5;16;30;1511060842;30;255;1511060849;0
32;16;10;5;16;30;1511061002;30;255;1511061019;0
32;16;10;5;16;30;1511061513;30;255;1511061530;0
32;16;10;5;16;30;1511061915;30;255;1511061926;0
32;16;10;5;16;30;1511061996;30;255;1511062003;0
32;16;10;5;16;30;1511062066;30;255;1511062073;0
32;16;10;5;16;30;1511062626;30;255;1511062649;0
32;16;10;5;16;30;1511063110;30;255;1511063117;0
32;16;10;5;16;30;1511063191;30;255;1511063198;0
32;16;10;5;16;30;1511063341;30;255;1511063349;0
32;16;10;5;16;30;1511063757;30;255;1511063767;0
32;16;10;5;16;30;1511064204;30;255;1511064227;0
32;16;10;5;16;30;1511064484;30;255;1511064494;0
32;16;10;5;16;30;1511064525;30;255;1511064535;0
32;16;10;5;16;30;1511064866;30;255;1511064874;0
32;16;10;5;16;30;1511065316;30;255;1511065323;0
32;16;10;5;16;30;1511065517;30;255;1511065524;0
32;16;10;5;16;30;1511065749;30;255;1511065756;0
32;16;10;5;16;30;1511065968;30;255;1511065982;0
32;16;10;5;16;30;1511066510;30;255;1511066517;0
32;16;10;5;16;30;1511066557;30;255;1511066575;0
32;16;10;5;16;30;1511066855;30;255;1511066862;0
32;16;10;5;16;30;1511067262;30;255;1511067269;0
32;16;10;5;16;30;1511067487;30;255;1511067501;0
32;16;10;5;16;30;1511067862;30;255;1511067870;0
32;16;10;5;16;30;1511067881;30;255;1511067898;0
32;16;10;5;16;30;1511068406;30;255;1511068418;0
32;16;10;5;16;30;1511068716;30;255;1511068733;0
32;16;10;5;16;30;1511068788;30;255;1511068795;0
32;16;10;5;16;30;1511068920;30;255;1511068928;0
32;16;10;5;16;30;1511069459;30;255;1511069466;0
32;16;10;5;16;30;1511069789;30;255;1511069806;0
32;16;10;5;16;30;1511069815;30;255;1511069822;0
32;16;10;5;16;30;1511070083;30;255;1511070094;0
32;16;10;5;16;30;1511070621;30;255;1511070629;0
32;16;10;5;16;30;1511070895;30;255;1511070902;0
32;16;10;5;16;30;1511070908;30;255;1511070916;0
32;16;10;5;16;30;1511071177;30;255;1511071194;0
32;16;10;5;16;30;1511071932;30;255;1511071940;0
32;16;10;5;16;30;1511071938;30;255;1511071952;0
32;16;10;5;16;30;1511072129;30;255;1511072137;0
32;16;10;5;16;30;1511072373;30;255;1511072381;0
32;16;10;5;16;30;1511073023;30;255;1511073040;0
32;16;10;5;16;30;1511073188;30;255;1511073196;0
32;16;10;5;16;30;1511073240;30;255;1511073247;0
32;16;10;5;16;30;1511073652;30;255;1511073675;0
32;16;10;5;16;30;1511074097;30;255;1511074111;0
32;16;10;5;16;30;1511074185;30;255;1511074192;0
32;16;10;5;16;30;1511074397;30;255;1511074408;0
32;16;10;5;16;30;1511074857;30;255;1511074865;0
32;16;10;5;16;30;1511075250;30;255;1511075257;0
32;16;10;5;16;30;1511075429;30;255;1511075436;0
32;16;10;5;16;30;1511075487;30;255;1511075497;0
32;16;10;5;16;30;1511075946;30;255;1511075957;0
32;16;10;5;16;30;1511076359;30;255;1511076369;0
32;16;10;5;16;30;1511076535;30;255;1511076543;0
32;16;10;5;16;30;1511076645;30;255;1511076662;0
32;16;10;5;16;30;1511077129;30;255;1511077139;0
32;16;10;5;16;30;1511077572;30;255;1511077579;0
32;16;10;5;16;30;1511077794;30;255;1511077804;0
32;16;10;5;16;30;1511077792;30;255;1511077806;0
32;16;10;5;16;30;1511078256;30;255;1511078263;0
32;16;10;5;16;30;1511078602;30;255;1511078610;0
32;16;10;5;16;30;1511078931;30;255;1511078939;0
32;16;10;5;16;30;1511078952;30;255;1511078960;0
32;16;10;5;16;30;1511079468;30;255;1511079479;0
32;16;10;5;16;30;1511079644;30;255;1511079664;0
32;16;10;5;16;30;1511080083;30;255;1511080090;0
32;16;10;5;16;30;1511080144;30;255;1511080155;0
32;16;10;5;16;30;1511080523;30;255;1511080537;0
32;16;10;5;16;30;1511080808;30;255;1511080815;0
32;16;10;5;16;30;1511081237;30;255;1511081244;0
32;16;10;5;16;30;1511081403;30;255;1511081411;0
32;16;10;5;16;30;1511081828;30;255;1511081842;0
32;16;10;5;16;30;1511081891;30;255;1511081902;0
32;16;10;5;16;30;1511082416;30;255;1511082427;0
32;16;10;5;16;30;1511082622;30;255;1511082629;0
32;16;10;5;16;30;1511082918;30;255;1511082925;0
32;16;10;5;16;30;1511083075;30;255;1511083086;0
32;16;10;5;16;30;1511083552;30;255;1511083560;0
32;16;10;5;16;30;1511083788;30;255;1511083796;0
32;16;10;5;16;30;1511084044;30;255;1511084052;0
32;16;10;5;16;30;1511084178;30;255;1511084185;0
32;16;10;5;16;30;1511084572;30;255;1511084579;0
32;16;10;5;16;30;1511084849;30;255;1511084857;0
32;16;10;5;16;30;1511085143;30;255;1511085153;0
32;16;10;5;16;30;1511085326;30;255;1511085337;0
32;16;10;5;16;30;1511085628;30;255;1511085639;0
32;16;10;5;16;30;1511086061;30;255;1511086069;0
32;16;10;5;16;30;1511086293;30;255;1511086316;0
32;16;10;5;16;30;1511086611;30;255;1511086621;0
32;16;10;5;16;30;1511086881;30;255;1511086888;0
32;16;10;5;16;30;1511087237;30;255;1511087247;0
32;16;10;5;16;30;1511087533;30;255;1511087541;0
32;16;10;5;16;30;1511087916;30;255;1511087923;0
32;16;10;5;16;30;1511087926;30;255;1511087933;0
32;16;10;5;16;30;1511088301;30;255;1511088324;0
32;16;10;5;16;30;1511088786;30;255;1511088800;0
32;16;10;5;16;30;1511089094;30;255;1511089102;0
32;16;10;5;16;30;1511089107;30;255;1511089120;0
32;16;10;5;16;30;1511089414;30;255;1511089421;0
32;16;10;5;16;30;1511089976;30;255;1511089994;0
32;16;10;5;16;30;1511090274;30;255;1511090284;0
32;16;10;5;16;30;1511090370;30;255;1511090378;0
32;16;10;5;16;30;1511090682;30;255;1511090699;0
32;16;10;5;16;30;1511091128;30;255;1511091139;0
32;16;10;5;16;30;1511091477;30;255;1511091488;0
32;16;10;5;16;30;1511091583;30;255;1511091594;0
32;16;10;5;16;30;1511091855;30;255;1511091869;0
32;16;10;5;16;30;1511092412;30;255;1511092420;0
32;16;10;5;16;30;1511092436;30;255;1511092444;0
32;16;10;5;16;30;1511092864;30;255;1511092872;0
32;16;10;5;16;30;1511092969;30;255;1511092976;0
32;16;10;5;16;30;1511093532;30;255;1511093546;0
32;16;10;5;16;30;1511093764;30;255;1511093771;0
32;16;10;5;16;30;1511093960;30;255;1511093968;0
32;16;10;5;16;30;1511094210;30;255;1511094217;0
32;16;10;5;16;30;1511094619;30;255;1511094626;0
32;16;10;5;16;30;1511094805;30;255;1511094813;0
32;16;10;5;16;30;1511095043;30;255;1511095054;0
32;16;10;5;16;30;1511095327;30;255;1511095337;0
32;16;10;5;16;30;1511095804;30;255;1511095814;0
32;16;10;5;16;30;1511096056;30;255;1511096070;0
32;16;10;5;16;30;1511096195;30;255;1511096209;0
32;16;10;5;16;30;1511096758;30;255;1511096766;0
32;16;10;5;16;30;1511096907;30;255;1511096915;0
32;16;10;5;16;30;1511097234;30;255;1511097241;0
32;16;10;5;16;30;1511097279;30;255;1511097287;0
32;16;10;5;16;30;1511097801;30;255;1511097831;0
32;16;10;5;16;30;1511098086;30;255;1511098100;0
32;16;10;5;16;30;1511098287;30;255;1511098298;0
32;16;10;5;16;30;1511098433;30;255;1511098447;0
32;16;10;5;16;30;1511098997;30;255;1511099036;0
32;16;10;5;16;30;1511099288;30;255;1511099314;0
32;16;10;5;16;30;1511099593;30;255;1511099600;0
32;16;10;5;16;30;1511099726;30;255;1511099737;0
32;16;10;5;16;30;1511100322;30;255;1511100330;0
32;16;10;5;16;30;1511100376;30;255;1511100384;0
32;16;10;5;16;30;1511100753;30;255;1511100776;0
32;16;10;5;16;30;1511100780;30;255;1511100790;0
32;16;10;5;16;30;1511101450;30;255;1511101458;0
32;16;10;5;16;30;1511101544;30;255;1511101552;0
32;16;10;5;16;30;1511101895;30;255;1511101902;0
32;16;10;5;16;30;1511101917;30;255;1511101927;0
32;16;10;5;16;30;1511102482;30;255;1511102490;0
32;16;10;5;16;30;1511102783;30;255;1511102790;0
32;16;10;5;16;30;1511102967;30;255;1511102974;0
32;16;10;5;16;30;1511103062;30;255;1511103069;0
32;16;10;5;16;30;1511103440;30;255;1511103447;0
32;16;10;5;16;30;1511103965;30;255;1511103976;0
32;16;10;5;16;30;1511104117;30;255;1511104124;0
32;16;10;5;16;30;1511104321;30;255;1511104329;0
32;16;10;5;16;30;1511104727;30;255;1511104738;0
32;16;10;5;16;30;1511105104;30;255;1511105112;0
32;16;10;5;16;30;1511105155;30;255;1511105169;0
32;16;10;5;16;30;1511105481;30;255;1511105495;0
32;16;10;5;16;30;1511105871;30;255;1511105878;0
32;16;10;5;16;30;1511106124;30;255;1511106132;0
32;16;10;5;16;30;1511106267;30;255;1511106275;0
32;16;10;5;16;30;1511106495;30;255;1511106512;0
32;16;10;5;16;30;1511106978;30;255;1511106986;0
32;16;10;5;16;30;1511107323;30;255;1511107343;0
32;16;10;5;16;30;1511107373;30;255;1511107380;0
32;16;10;5;16;30;1511107477;30;255;1511107488;0
32;16;10;5;16;30;1511108271;30;255;1511108279;0
32;16;10;5;16;30;1511108440;30;255;1511108457;0
32;16;10;5;16;30;1511108520;30;255;1511108528;0
32;16;10;5;16;30;1511108762;30;255;1511108798;0
32;16;10;5;16;30;1511109337;30;255;1511109345;0
32;16;10;5;16;30;1511109515;30;255;1511109523;0
32;16;10;5;16;30;1511109726;30;255;1511109737;0
32;16;10;5;16;30;1511109957;30;255;1511109965;0
32;16;10;5;16;30;1511110570;30;255;1511110581;0
32;16;10;5;16;30;1511110609;30;255;1511110627;0
32;16;10;5;16;30;1511111092;30;255;1511111100;0
32;16;10;5;16;30;1511111139;30;255;1511111149;0
32;16;10;5;16;30;1511111678;30;255;1511111689;0
32;16;10;5;16;30;1511111915;30;255;1511111929;0
32;16;10;5;16;30;1511112271;30;255;1511112278;0
32;16;10;5;16;30;1511112307;30;255;1511112318;0
32;16;10;5;16;30;1511112768;30;255;1511112776;0
32;16;10;5;16;30;1511113284;30;255;1511113297;0
32;16;10;5;16;30;1511113473;30;255;1511113487;0
32;16;10;5;16;30;1511113591;30;255;1511113599;0
32;16;10;5;16;30;1511114041;30;255;1511114048;0
32;16;10;5;16;30;1511114281;30;255;1511114292;0
32;16;10;5;16;30;1511114740;30;255;1511114754;0
32;16;10;5;16;30;1511114826;30;255;1511114834;0
32;16;10;5;16;30;1511115185;30;255;1511115192;0
32;16;10;5;16;30;1511115355;30;255;1511115362;0
32;16;10;5;16;30;1511116045;30;255;1511116052;0
32;16;10;5;16;30;1511116130;30;255;1511116137;0
32;16;10;5;16;30;1511116454;30;255;1511116462;0
32;16;10;5;16;30;1511116658;30;255;1511116666;0
32;16;10;5;16;30;1511117105;30;255;1511117113;0
32;16;10;5;16;30;1511117249;30;255;1511117275;0
32;16;10;5;16;30;1511117764;30;255;1511117771;0
32;16;10;5;16;30;1511117760;30;255;1511117777;0
32;16;10;5;16;30;1511118277;30;255;1511118284;0
32;16;10;5;16;30;1511118525;30;255;1511118532;0
32;16;10;5;16;30;1511118834;30;255;1511118857;0
32;16;10;5;16;30;1511119069;30;255;1511119077;0
32;16;10;5;16;30;1511119456;30;255;1511119467;0
32;16;10;5;16;30;1511119698;30;255;1511119706;0
32;16;10;5;16;30;1511119861;30;255;1511119869;0
32;16;10;5;16;30;1511120137;30;255;1511120148;0
32;16;10;5;16;30;1511120531;30;255;1511120539;0
32;16;10;5;16;30;1511120759;30;255;1511120773;0
32;16;10;5;16;30;1511120893;30;255;1511120901;0
32;16;10;5;16;30;1511121351;30;255;1511121362;0
32;16;10;5;16;30;1511121703;30;255;1511121714;0
32;16;10;5;16;30;1511121883;30;255;1511121900;0
32;16;10;5;16;30;1511122244;30;255;1511122255;0
32;16;10;5;16;30;1511122374;30;255;1511122394;0
32;16;10;5;16;30;1511122787;30;255;1511122794;0
32;16;10;5;16;30;1511123159;30;255;1511123166;0
32;16;10;5;16;30;1511123294;30;255;1511123312;0
32;16;10;5;16;30;1511123542;30;255;1511123550;0
32;16;10;5;16;30;1511124013;30;255;1511124021;0
32;16;10;5;16;30;1511124336;30;255;1511124344;0
32;16;10;5;16;30;1511124490;30;255;1511124501;0
32;16;10;5;16;30;1511124770;30;255;1511124793;0
32;16;10;5;16;30;1511125212;30;255;1511125220;0
32;16;10;5;16;30;1511125412;30;255;1511125420;0
32;16;10;5;16;30;1511125721;30;255;1511125729;0
32;16;10;5;16;30;1511125980;30;255;1511125988;0
32;16;10;5;16;30;1511126395;30;255;1511126402;0
32;16;10;5;16;30;1511126678;30;255;1511126685;0
32;16;10;5;16;30;1511126770;30;255;1511126781;0
32;16;10;5;16;30;1511127053;30;255;1511127061;0
32;16;10;5;16;30;1511127616;30;255;1511127626;0
32;16;10;5;16;30;1511127760;30;255;1511127767;0
32;16;10;5;16;30;1511128123;30;255;1511128144;0
32;16;10;5;16;30;1511128209;30;255;1511128223;0
32;16;10;5;16;30;1511128888;30;255;1511128895;0
32;16;10;5;16;30;1511128915;30;255;1511128941;0
32;16;10;5;16;30;1511129177;30;255;1511129190;0
32;16;10;5;16;30;1511129300;30;255;1511129307;0
32;16;10;5;16;30;1511129899;30;255;1511129907;0
32;16;10;5;16;30;1511130120;30;255;1511130131;0
32;16;10;5;16;30;1511130338;30;255;1511130345;0
32;16;10;5;16;30;1511130568;30;255;1511130585;0
32;16;10;5;16;30;1511130950;30;255;1511130958;0
32;16;10;5;16;30;1511131401;30;255;1511131409;0
32;16;10;5;16;30;1511131444;30;255;1511131455;0
32;16;10;5;16;30;1511131844;30;255;1511131855;0
32;16;10;5;16;30;1511132053;30;255;1511132060;0
32;16;10;5;16;30;1511132605;30;255;1511132615;0
32;16;10;5;16;30;1511132615;30;255;1511132622;0
32;16;10;5;16;30;1511132895;30;255;1511132902;0
32;16;10;5;16;30;1511133121;30;255;1511133129;0
32;16;10;5;16;30;1511133818;30;255;1511133829;0
32;16;10;5;16;30;1511133869;30;255;1511133880;0
32;16;10;5;16;30;1511134077;30;255;1511134085;0
32;16;10;5;16;30;1511134092;30;255;1511134100;0
32;16;10;5;16;30;1511134915;30;255;1511134925;0
32;16;10;5;16;30;1511135011;30;255;1511135025;0
32;16;10;5;16;30;1511135213;30;255;1511135220;0
32;16;10;5;16;30;1511135238;30;255;1511135246;0
32;16;10;5;16;30;1511136040;30;255;1511136047;0
32;16;10;5;16;30;1511136303;30;255;1511136314;0
32;16;10;5;16;30;1511136338;30;255;1511136346;0
32;16;10;5;16;30;1511136535;30;255;1511136542;0
32;16;10;5;16;30;1511137162;30;255;1511137179;0
32;16;10;5;16;30;1511137549;30;255;1511137557;0
32;16;10;5;16;30;1511137586;30;255;1511137596;0
32;16;10;5;16;30;1511137802;30;255;1511137810;0
32;16;10;5;16;30;1511138376;30;255;1511138383;0
32;16;10;5;16;30;1511138692;30;255;1511138712;0
32;16;10;5;16;30;1511138798;30;255;1511138809;0
32;16;10;5;16;30;1511139109;30;255;1511139117;0
32;16;10;5;16;30;1511139604;30;255;1511139611;0
32;16;10;5;16;30;1511139953;30;255;1511139964;0
32;16;10;5;16;30;1511139971;30;255;1511139979;0
32;16;10;5;16;30;1511140230;30;255;1511140238;0
32;16;10;5;16;30;1511140813;30;255;1511140820;0
32;16;10;5;16;30;1511141181;30;255;1511141195;0
32;16;10;5;16;30;1511141191;30;255;1511141205;0
32;16;10;5;16;30;1511141329;30;255;1511141346;0
32;16;10;5;16;30;1511141868;30;255;1511141875;0
32;16;10;5;16;30;1511142342;30;255;1511142349;0
32;16;10;5;16;30;1511142376;30;255;1511142390;0
32;16;10;5;16;30;1511142407;30;255;1511142427;0
32;16;10;5;16;30;1511142954;30;255;1511142974;0
32;16;10;5;16;30;1511143592;30;255;1511143600;0
32;16;10;5;16;30;1511143623;30;255;1511143631;0
32;16;10;5;16;30;1511143685;30;255;1511143699;0
32;16;10;5;16;30;1511144201;30;255;1511144208;0
32;16;10;5;16;30;1511144716;30;255;1511144723;0
32;16;10;5;16;30;1511144751;30;255;1511144768;0
32;16;10;5;16;30;1511144835;30;255;1511144843;0
32;16;10;5;16;30;1511145254;30;255;1511145277;0
32;16;10;5;16;30;1511145809;30;255;1511145816;0
32;16;10;5;16;30;1511146031;30;255;1511146038;0
32;16;10;5;16;30;1511146092;30;255;1511146100;0
32;16;10;5;16;30;1511146534;30;255;1511146541;0
32;16;10;5;16;30;1511146933;30;255;1511146946;0
32;16;10;5;16;30;1511147062;30;255;1511147070;0
32;16;10;5;16;30;1511147302;30;255;1511147314;0
32;16;10;5;16;30;1511147911;30;255;1511147925;0
32;16;10;5;16;30;1511148136;30;255;1511148147;0
32;16;10;5;16;30;1511148330;30;255;1511148337;0
32;16;10;5;16;30;1511148428;30;255;1511148436;0
32;16;10;5;16;30;1511148995;30;255;1511149012;0
32;16;10;5;16;30;1511149380;30;255;1511149388;0
32;16;10;5;16;30;1511149585;30;255;1511149593;0
32;16;10;5;16;30;1511149730;30;255;1511149744;0
32;16;10;5;16;30;1511150174;30;255;1511150181;0
32;16;10;5;16;30;1511150496;30;255;1511150507;0
32;16;10;5;16;30;1511150776;30;255;1511150787;0
32;16;10;5;16;30;1511150802;30;255;1511150810;0
32;16;10;5;16;30;1511151413;30;255;1511151430;0
32;16;10;5;16;30;1511151602;30;255;1511151616;0
32;16;10;5;16;30;1511151947;30;255;1511151954;0
32;16;10;5;16;30;1511152061;30;255;1511152069;0
32;16;10;5;16;30;1511152786;30;255;1511152794;0
32;16;10;5;16;30;1511152791;30;255;1511152805;0
32;16;10;5;16;30;1511153115;30;255;1511153123;0
32;16;10;5;16;30;1511153167;30;255;1511153178;0
32;16;10;5;16;30;1511153929;30;255;1511153936;0
32;16;10;5;16;30;1511153999;30;255;1511154006;0
32;16;10;5;16;30;1511154173;30;255;1511154181;0
32;16;10;5;16;30;1511154261;30;255;1511154281;0
32;16;10;5;16;30;1511155085;30;255;1511155095;0
32;16;10;5;16;30;1511155309;30;255;1511155346;0
32;16;10;5;16;30;1511155439;30;255;1511155447;0
32;16;10;5;16;30;1511155582;30;255;1511155599;0
32;16;10;5;16;30;1511156456;30;255;1511156464;0
32;16;10;5;16;30;1511156562;30;255;1511156570;0
32;16;10;5;16;30;1511156613;30;255;1511156621;0
32;16;10;5;16;30;1511156750;30;255;1511156767;0
32;16;10;5;16;30;1511157491;30;255;1511157502;0
32;16;10;5;16;30;1511157684;30;255;1511157711;0
32;16;10;5;16;30;1511157913;30;255;1511157921;0
32;16;10;5;16;30;1511158060;30;255;1511158077;0
32;16;10;5;16;30;1511158629;30;255;1511158636;0
32;16;10;5;16;30;1511159056;30;255;1511159064;0
32;16;10;5;16;30;1511159065;30;255;1511159073;0
32;16;10;5;16;30;1511159100;30;255;1511159108;0
32;16;10;5;16;30;1511159798;30;255;1511159806;0
32;16;10;5;16;30;1511160122;30;255;1511160130;0
32;16;10;5;16;30;1511160156;30;255;1511160164;0
32;16;10;5;16;30;1511160163;30;255;1511160171;0
32;16;10;5;16;30;1511160888;30;255;1511160896;0
32;16;10;5;16;30;1511161255;30;255;1511161263;0
32;16;10;5;16;30;1511161376;30;255;1511161386;0
32;16;10;5;16;30;1511161501;30;255;1511161511;0
32;16;10;5;16;30;1511161955;30;255;1511161963;0
32;16;10;5;16;30;1511162525;30;255;1511162533;0
32;16;10;5;16;30;1511162562;30;255;1511162569;0
32;16;10;5;16;30;1511162653;30;255;1511162660;0
32;16;10;5;16;30;1511163162;30;255;1511163169;0
32;16;10;5;16;30;1511163573;30;255;1511163584;0
32;16;10;5;16;30;1511163708;30;255;1511163719;0
32;16;10;5;16;30;1511163774;30;255;1511163781;0
32;16;10;5;16;30;1511164249;30;255;1511164260;0
32;16;10;5;16;30;1511164784;30;255;1511164798;0
32;16;10;5;16;30;1511164867;30;255;1511164878;0
32;16;10;5;16;30;1511165090;30;255;1511165114;0
32;16;10;5;16;30;1511165457;30;255;1511165465;0
32;16;10;5;16;30;1511165981;30;255;1511165988;0
32;16;10;5;16;30;1511166108;30;255;1511166116;0
32;16;10;5;16;30;1511166182;30;255;1511166189;0
32;16;10;5;16;30;1511166560;30;255;1511166568;0
32;16;10;5;16;30;1511167066;30;255;1511167073;0
32;16;10;5;16;30;1511167177;30;255;1511167191;0
32;16;10;5;16;30;1511167311;30;255;1511167319;0
32;16;10;5;16;30;1511167552;30;255;1511167560;0
32;16;10;5;16;30;1511168182;30;255;1511168190;0
32;16;10;5;16;30;1511168398;30;255;1511168406;0
32;16;10;5;16;30;1511168485;30;255;1511168512;0
32;16;10;5;16;30;1511168763;30;255;1511168770;0
32;16;10;5;16;30;1511169405;30;255;1511169412;0
32;16;10;5;16;30;1511169586;30;255;1511169593;0
32;16;10;5;16;30;1511169649;30;255;1511169666;0
32;16;10;5;16;30;1511169765;30;255;1511169775;0
32;16;10;5;16;30;1511170517;30;255;1511170550;0
32;16;10;5;16;30;1511170840;30;255;1511170851;0
32;16;10;5;16;30;1511170847;30;255;1511170855;0
32;16;10;5;16;30;1511170954;30;255;1511170961;0
32;16;10;5;16;30;1511171931;30;255;1511171939;0
32;16;10;5;16;30;1511172120;30;255;1511172129;0
32;16;10;5;16;30;1511172170;30;255;1511172179;0
32;16;10;5;16;30;1511172259;30;255;1511172282;0
