32;16;10;5;2;30;1510756357;30;255;1510756365;0
32;16;10;5;2;30;1510756364;30;255;1510756375;1
32;16;10;5;2;30;1510756369;30;255;1510756377;0
32;16;10;5;2;30;1510756433;30;255;1510756441;0
32;16;10;5;2;30;1510756663;30;255;1510756673;0
32;16;10;5;2;30;1510756665;30;255;1510756678;1
32;16;10;5;2;30;1510756709;30;255;1510756717;0
32;16;10;5;2;30;1510756733;30;255;1510756742;0
32;16;10;5;2;30;1510756981;30;255;1510756989;0
32;16;10;5;2;30;1510756992;30;255;1510757001;0
32;16;10;5;2;30;1510757076;30;255;1510757083;0
32;16;10;5;2;30;1510757151;30;255;1510757164;1
32;16;10;5;2;30;1510757320;30;255;1510757331;0
32;16;10;5;2;30;1510757329;30;255;1510757343;0
32;16;10;5;2;30;1510757397;30;255;1510757408;0
32;16;10;5;2;30;1510757447;30;255;1510757456;0
32;16;10;5;2;30;1510757663;30;255;1510757674;0
32;16;10;5;2;30;1510757686;30;255;1510757697;1
32;16;10;5;2;30;1510757686;30;255;1510757697;1
32;16;10;5;2;30;1510757740;30;255;1510757752;0
32;16;10;5;2;30;1510758693;30;255;1510758700;0
32;16;10;5;2;30;1510758918;30;255;1510758929;0
32;16;10;5;2;30;1510758978;30;255;1510758986;0
32;16;10;5;2;30;1510759042;30;255;1510759052;1
32;16;10;5;2;30;1510759988;30;255;1510759995;0
32;16;10;5;2;30;1510760191;30;255;1510760199;0
32;16;10;5;2;30;1510760195;30;255;1510760202;0
32;16;10;5;2;30;1510760212;30;255;1510760223;0
32;16;10;5;2;30;1510761027;30;255;1510761035;0
32;16;10;5;2;30;1510761352;30;255;1510761363;1
32;16;10;5;2;30;1510761527;30;255;1510761537;1
32;16;10;5;2;30;1510761588;30;255;1510761599;0
32;16;10;5;2;30;1510762268;30;255;1510762275;0
32;16;10;5;2;30;1510762482;30;255;1510762492;0
32;16;10;5;2;30;1510762705;30;255;1510762713;0
32;16;10;5;2;30;1510762743;30;255;1510762753;1
32;16;10;5;2;30;1510763212;30;255;1510763223;0
32;16;10;5;2;30;1510763470;30;255;1510763478;0
32;16;10;5;2;30;1510763740;30;255;1510763751;0
32;16;10;5;2;30;1510763911;30;255;1510763922;1
32;16;10;5;2;30;1510764264;30;255;1510764275;0
32;16;10;5;2;30;1510764411;30;255;1510764421;1
32;16;10;5;2;30;1510764990;30;255;1510764998;0
32;16;10;5;2;30;1510765118;30;255;1510765125;0
32;16;10;5;2;30;1510765479;30;255;1510765490;1
32;16;10;5;2;30;1510765518;30;255;1510765528;0
32;16;10;5;2;30;1510766336;30;255;1510766344;0
32;16;10;5;2;30;1510766503;30;255;1510766510;0
32;16;10;5;2;30;1510766584;30;255;1510766591;0
32;16;10;5;2;30;1510766638;30;255;1510766649;1
32;16;10;5;2;30;1510767614;30;255;1510767621;0
32;16;10;5;2;30;1510767662;30;255;1510767673;0
32;16;10;5;2;30;1510767879;30;255;1510767886;0
32;16;10;5;2;30;1510767958;30;255;1510767966;0
32;16;10;5;2;30;1510768528;30;255;1510768535;0
32;16;10;5;2;30;1510768804;30;255;1510768815;1
32;16;10;5;2;30;1510769046;30;255;1510769053;0
32;16;10;5;2;30;1510769085;30;255;1510769095;0
32;16;10;5;2;30;1510769852;30;255;1510769860;0
32;16;10;5;2;30;1510769899;30;255;1510769909;1
32;16;10;5;2;30;1510770201;30;255;1510770212;0
32;16;10;5;2;30;1510770303;30;255;1510770310;0
32;16;10;5;2;30;1510770962;30;255;1510770969;0
32;16;10;5;2;30;1510771089;30;255;1510771100;1
32;16;10;5;2;30;1510771301;30;255;1510771312;1
32;16;10;5;2;30;1510771320;30;255;1510771330;0
32;16;10;5;2;30;1510772078;30;255;1510772085;0
32;16;10;5;2;30;1510772320;30;255;1510772328;0
32;16;10;5;2;30;1510772398;30;255;1510772409;1
32;16;10;5;2;30;1510772662;30;255;1510772673;1
32;16;10;5;2;30;1510773258;30;255;1510773269;1
32;16;10;5;2;30;1510773597;30;255;1510773605;0
32;16;10;5;2;30;1510773666;30;255;1510773674;0
32;16;10;5;2;30;1510773865;30;255;1510773875;0
32;16;10;5;2;30;1510774528;30;255;1510774539;0
32;16;10;5;2;30;1510774843;30;255;1510774851;0
32;16;10;5;2;30;1510774872;30;255;1510774879;0
32;16;10;5;2;30;1510774905;30;255;1510774915;0
32;16;10;5;2;30;1510775688;30;255;1510775696;0
32;16;10;5;2;30;1510775902;30;255;1510775909;0
32;16;10;5;2;30;1510776014;30;255;1510776024;0
32;16;10;5;2;30;1510776024;30;255;1510776031;0
32;16;10;5;2;30;1510776795;30;255;1510776806;0
32;16;10;5;2;30;1510776943;30;255;1510776951;0
32;16;10;5;2;30;1510777192;30;255;1510777199;0
32;16;10;5;2;30;1510777369;30;255;1510777379;1
32;16;10;5;2;30;1510777936;30;255;1510777947;1
32;16;10;5;2;30;1510778216;30;255;1510778227;0
32;16;10;5;2;30;1510778435;30;255;1510778446;1
32;16;10;5;2;30;1510778489;30;255;1510778497;0
32;16;10;5;2;30;1510779067;30;255;1510779075;0
32;16;10;5;2;30;1510779410;30;255;1510779421;0
32;16;10;5;2;30;1510779477;30;255;1510779487;0
32;16;10;5;2;30;1510779578;30;255;1510779586;0
32;16;10;5;2;30;1510780324;30;255;1510780335;0
32;16;10;5;2;30;1510780675;30;255;1510780682;0
32;16;10;5;2;30;1510780692;30;255;1510780700;0
32;16;10;5;2;30;1510780729;30;255;1510780736;0
32;16;10;5;2;30;1510781359;30;255;1510781367;0
32;16;10;5;2;30;1510781773;30;255;1510781781;0
32;16;10;5;2;30;1510781920;30;255;1510781930;0
32;16;10;5;2;30;1510782019;30;255;1510782027;0
32;16;10;5;2;30;1510782637;30;255;1510782645;0
32;16;10;5;2;30;1510782967;30;255;1510782975;0
32;16;10;5;2;30;1510783015;30;255;1510783026;1
32;16;10;5;2;30;1510783039;30;255;1510783049;1
32;16;10;5;2;30;1510783923;30;255;1510783934;0
32;16;10;5;2;30;1510784064;30;255;1510784072;0
32;16;10;5;2;30;1510784184;30;255;1510784195;0
32;16;10;5;2;30;1510784431;30;255;1510784442;0
32;16;10;5;2;30;1510785036;30;255;1510785046;1
32;16;10;5;2;30;1510785041;30;255;1510785051;1
32;16;10;5;2;30;1510785282;30;255;1510785293;1
32;16;10;5;2;30;1510785701;30;255;1510785711;1
32;16;10;5;2;30;1510786141;30;255;1510786149;0
32;16;10;5;2;30;1510786216;30;255;1510786226;1
32;16;10;5;2;30;1510786611;30;255;1510786618;0
32;16;10;5;2;30;1510786753;30;255;1510786763;0
32;16;10;5;2;30;1510787271;30;255;1510787278;0
32;16;10;5;2;30;1510787345;30;255;1510787353;0
32;16;10;5;2;30;1510787746;30;255;1510787753;0
32;16;10;5;2;30;1510787939;30;255;1510787950;0
32;16;10;5;2;30;1510788440;30;255;1510788448;0
32;16;10;5;2;30;1510788504;30;255;1510788512;0
32;16;10;5;2;30;1510788764;30;255;1510788775;1
32;16;10;5;2;30;1510789213;30;255;1510789224;0
32;16;10;5;2;30;1510789522;30;255;1510789533;1
32;16;10;5;2;30;1510789687;30;255;1510789698;1
32;16;10;5;2;30;1510789951;30;255;1510789962;0
32;16;10;5;2;30;1510790325;30;255;1510790332;0
32;16;10;5;2;30;1510790517;30;255;1510790524;0
32;16;10;5;2;30;1510790804;30;255;1510790814;1
32;16;10;5;2;30;1510790937;30;255;1510790945;0
32;16;10;5;2;30;1510791574;30;255;1510791585;0
32;16;10;5;2;30;1510791670;30;255;1510791677;0
32;16;10;5;2;30;1510791817;30;255;1510791824;0
32;16;10;5;2;30;1510792164;30;255;1510792172;0
32;16;10;5;2;30;1510792649;30;255;1510792659;0
32;16;10;5;2;30;1510792779;30;255;1510792790;1
32;16;10;5;2;30;1510793105;30;255;1510793113;0
32;16;10;5;2;30;1510793497;30;255;1510793508;0
32;16;10;5;2;30;1510793753;30;255;1510793760;0
32;16;10;5;2;30;1510793803;30;255;1510793814;1
32;16;10;5;2;30;1510794120;30;255;1510794131;1
32;16;10;5;2;30;1510794655;30;255;1510794666;1
32;16;10;5;2;30;1510794869;30;255;1510794880;0
32;16;10;5;2;30;1510794876;30;255;1510794887;0
32;16;10;5;2;30;1510795265;30;255;1510795273;0
32;16;10;5;2;30;1510795999;30;255;1510796007;0
32;16;10;5;2;30;1510796015;30;255;1510796026;1
32;16;10;5;2;30;1510796057;30;255;1510796068;1
32;16;10;5;2;30;1510796394;30;255;1510796401;0
32;16;10;5;2;30;1510797040;30;255;1510797047;0
32;16;10;5;2;30;1510797155;30;255;1510797166;1
32;16;10;5;2;30;1510797172;30;255;1510797183;0
32;16;10;5;2;30;1510797608;30;255;1510797615;0
32;16;10;5;2;30;1510798197;30;255;1510798205;0
32;16;10;5;2;30;1510798298;30;255;1510798306;0
32;16;10;5;2;30;1510798309;30;255;1510798317;0
32;16;10;5;2;30;1510798831;30;255;1510798839;0
32;16;10;5;2;30;1510799283;30;255;1510799290;0
32;16;10;5;2;30;1510799547;30;255;1510799555;0
32;16;10;5;2;30;1510799618;30;255;1510799625;0
32;16;10;5;2;30;1510799809;30;255;1510799820;1
32;16;10;5;2;30;1510800468;30;255;1510800476;0
32;16;10;5;2;30;1510800817;30;255;1510800828;1
32;16;10;5;2;30;1510800843;30;255;1510800851;0
32;16;10;5;2;30;1510800996;30;255;1510801007;0
32;16;10;5;2;30;1510801498;30;255;1510801508;1
32;16;10;5;2;30;1510802111;30;255;1510802121;0
32;16;10;5;2;30;1510802143;30;255;1510802153;1
32;16;10;5;2;30;1510802152;30;255;1510802163;1
32;16;10;5;2;30;1510802486;30;255;1510802497;0
32;16;10;5;2;30;1510803245;30;255;1510803252;0
32;16;10;5;2;30;1510803366;30;255;1510803373;0
32;16;10;5;2;30;1510803413;30;255;1510803424;0
32;16;10;5;2;30;1510803570;30;255;1510803578;0
32;16;10;5;2;30;1510804533;30;255;1510804544;1
32;16;10;5;2;30;1510804539;30;255;1510804547;0
32;16;10;5;2;30;1510804713;30;255;1510804724;0
32;16;10;5;2;30;1510804846;30;255;1510804857;1
32;16;10;5;2;30;1510805671;30;255;1510805682;0
32;16;10;5;2;30;1510805675;30;255;1510805683;0
32;16;10;5;2;30;1510805872;30;255;1510805880;0
32;16;10;5;2;30;1510805971;30;255;1510805978;0
32;16;10;5;2;30;1510806762;30;255;1510806769;0
32;16;10;5;2;30;1510806833;30;255;1510806840;0
32;16;10;5;2;30;1510806898;30;255;1510806906;0
32;16;10;5;2;30;1510807335;30;255;1510807343;0
32;16;10;5;2;30;1510807877;30;255;1510807888;1
32;16;10;5;2;30;1510808134;30;255;1510808145;1
32;16;10;5;2;30;1510808221;30;255;1510808229;0
32;16;10;5;2;30;1510808545;30;255;1510808556;0
32;16;10;5;2;30;1510808958;30;255;1510808966;0
32;16;10;5;2;30;1510809239;30;255;1510809250;0
32;16;10;5;2;30;1510809545;30;255;1510809555;0
32;16;10;5;2;30;1510809564;30;255;1510809572;0
32;16;10;5;2;30;1510810035;30;255;1510810046;1
32;16;10;5;2;30;1510810581;30;255;1510810592;0
32;16;10;5;2;30;1510810701;30;255;1510810712;1
32;16;10;5;2;30;1510810800;30;255;1510810807;0
32;16;10;5;2;30;1510811326;30;255;1510811337;1
32;16;10;5;2;30;1510811830;30;255;1510811840;0
32;16;10;5;2;30;1510811873;30;255;1510811880;0
32;16;10;5;2;30;1510811894;30;255;1510811905;0
32;16;10;5;2;30;1510812485;30;255;1510812493;0
32;16;10;5;2;30;1510813097;30;255;1510813108;0
32;16;10;5;2;30;1510813130;30;255;1510813138;0
32;16;10;5;2;30;1510813251;30;255;1510813262;1
32;16;10;5;2;30;1510813769;30;255;1510813776;0
32;16;10;5;2;30;1510814118;30;255;1510814128;1
32;16;10;5;2;30;1510814219;30;255;1510814230;1
32;16;10;5;2;30;1510814405;30;255;1510814416;1
32;16;10;5;2;30;1510815104;30;255;1510815111;0
32;16;10;5;2;30;1510815407;30;255;1510815415;0
32;16;10;5;2;30;1510815641;30;255;1510815649;0
32;16;10;5;2;30;1510815645;30;255;1510815652;0
32;16;10;5;2;30;1510816434;30;255;1510816445;1
32;16;10;5;2;30;1510816639;30;255;1510816650;1
32;16;10;5;2;30;1510816828;30;255;1510816836;0
32;16;10;5;2;30;1510816835;30;255;1510816845;0
32;16;10;5;2;30;1510817460;30;255;1510817468;0
32;16;10;5;2;30;1510817740;30;255;1510817751;1
32;16;10;5;2;30;1510818035;30;255;1510818043;0
32;16;10;5;2;30;1510818076;30;255;1510818083;0
32;16;10;5;2;30;1510818714;30;255;1510818721;0
32;16;10;5;2;30;1510819009;30;255;1510819017;0
32;16;10;5;2;30;1510819132;30;255;1510819142;0
32;16;10;5;2;30;1510819195;30;255;1510819203;0
32;16;10;5;2;30;1510820106;30;255;1510820117;0
32;16;10;5;2;30;1510820259;30;255;1510820267;0
32;16;10;5;2;30;1510820292;30;255;1510820303;0
32;16;10;5;2;30;1510820354;30;255;1510820362;0
32;16;10;5;2;30;1510821415;30;255;1510821423;0
32;16;10;5;2;30;1510821430;30;255;1510821438;0
32;16;10;5;2;30;1510821528;30;255;1510821535;0
32;16;10;5;2;30;1510821535;30;255;1510821543;0
32;16;10;5;2;30;1510822481;30;255;1510822488;0
32;16;10;5;2;30;1510822506;30;255;1510822514;0
32;16;10;5;2;30;1510822524;30;255;1510822534;0
32;16;10;5;2;30;1510822750;30;255;1510822761;1
32;16;10;5;2;30;1510823643;30;255;1510823654;1
32;16;10;5;2;30;1510823749;30;255;1510823760;0
32;16;10;5;2;30;1510823837;30;255;1510823844;0
32;16;10;5;2;30;1510823979;30;255;1510823990;1
32;16;10;5;2;30;1510824909;30;255;1510824917;0
32;16;10;5;2;30;1510824977;30;255;1510824987;0
32;16;10;5;2;30;1510825084;30;255;1510825095;1
32;16;10;5;2;30;1510825127;30;255;1510825138;1
32;16;10;5;2;30;1510826044;30;255;1510826052;0
32;16;10;5;2;30;1510826142;30;255;1510826153;1
32;16;10;5;2;30;1510826175;30;255;1510826186;0
32;16;10;5;2;30;1510826241;30;255;1510826251;0
32;16;10;5;2;30;1510827138;30;255;1510827145;0
32;16;10;5;2;30;1510827215;30;255;1510827226;0
32;16;10;5;2;30;1510827302;30;255;1510827314;0
32;16;10;5;2;30;1510827556;30;255;1510827564;0
32;16;10;5;2;30;1510828487;30;255;1510828499;0
32;16;10;5;2;30;1510828521;30;255;1510828529;0
32;16;10;5;2;30;1510828575;30;255;1510828584;0
32;16;10;5;2;30;1510828769;30;255;1510828777;0
32;16;10;5;2;30;1510829701;30;255;1510829713;0
32;16;10;5;2;30;1510829713;30;255;1510829721;0
32;16;10;5;2;30;1510829757;30;255;1510829765;0
32;16;10;5;2;30;1510829910;30;255;1510829918;0
32;16;10;5;2;30;1510830787;30;255;1510830798;1
32;16;10;5;2;30;1510831004;30;255;1510831015;1
32;16;10;5;2;30;1510831007;30;255;1510831018;1
32;16;10;5;2;30;1510831079;30;255;1510831090;1
32;16;10;5;2;30;1510832036;30;255;1510832045;0
32;16;10;5;2;30;1510832112;30;255;1510832123;1
32;16;10;5;2;30;1510832307;30;255;1510832315;0
32;16;10;5;2;30;1510832345;30;255;1510832353;0
32;16;10;5;2;30;1510833242;30;255;1510833253;0
32;16;10;5;2;30;1510833393;30;255;1510833401;0
32;16;10;5;2;30;1510833425;30;255;1510833432;0
32;16;10;5;2;30;1510833617;30;255;1510833628;0
32;16;10;5;2;30;1510834373;30;255;1510834381;0
32;16;10;5;2;30;1510834406;30;255;1510834413;0
32;16;10;5;2;30;1510834710;30;255;1510834718;0
32;16;10;5;2;30;1510834858;30;255;1510834870;0
32;16;10;5;2;30;1510835575;30;255;1510835583;0
32;16;10;5;2;30;1510835693;30;255;1510835700;0
32;16;10;5;2;30;1510835797;30;255;1510835804;0
32;16;10;5;2;30;1510836008;30;255;1510836016;0
32;16;10;5;2;30;1510836837;30;255;1510836848;0
32;16;10;5;2;30;1510837123;30;255;1510837134;1
32;16;10;5;2;30;1510837145;30;255;1510837153;0
32;16;10;5;2;30;1510837157;30;255;1510837165;0
32;16;10;5;2;30;1510838112;30;255;1510838123;0
32;16;10;5;2;30;1510838336;30;255;1510838347;0
32;16;10;5;2;30;1510838348;30;255;1510838356;0
32;16;10;5;2;30;1510838362;30;255;1510838374;1
32;16;10;5;2;30;1510839287;30;255;1510839295;0
32;16;10;5;2;30;1510839372;30;255;1510839383;1
32;16;10;5;2;30;1510839509;30;255;1510839516;0
32;16;10;5;2;30;1510839692;30;255;1510839703;0
32;16;10;5;2;30;1510840399;30;255;1510840410;0
32;16;10;5;2;30;1510840652;30;255;1510840662;0
32;16;10;5;2;30;1510840723;30;255;1510840731;0
32;16;10;5;2;30;1510840847;30;255;1510840855;0
32;16;10;5;2;30;1510841626;30;255;1510841634;0
32;16;10;5;2;30;1510841768;30;255;1510841779;0
32;16;10;5;2;30;1510841922;30;255;1510841933;0
32;16;10;5;2;30;1510842108;30;255;1510842118;1
32;16;10;5;2;30;1510842770;30;255;1510842778;0
32;16;10;5;2;30;1510842824;30;255;1510842832;0
32;16;10;5;2;30;1510843124;30;255;1510843131;0
32;16;10;5;2;30;1510843181;30;255;1510843188;0
32;16;10;5;2;30;1510843931;30;255;1510843939;0
32;16;10;5;2;30;1510844030;30;255;1510844040;1
32;16;10;5;2;30;1510844252;30;255;1510844262;1
32;16;10;5;2;30;1510844372;30;255;1510844382;1
32;16;10;5;2;30;1510844937;30;255;1510844944;0
32;16;10;5;2;30;1510845296;30;255;1510845306;1
32;16;10;5;2;30;1510845334;30;255;1510845341;0
32;16;10;5;2;30;1510845536;30;255;1510845546;1
32;16;10;5;2;30;1510846013;30;255;1510846024;0
32;16;10;5;2;30;1510846544;30;255;1510846552;0
32;16;10;5;2;30;1510846572;30;255;1510846583;0
32;16;10;5;2;30;1510846676;30;255;1510846684;0
32;16;10;5;2;30;1510847057;30;255;1510847070;1
32;16;10;5;2;30;1510847797;30;255;1510847808;0
32;16;10;5;2;30;1510847899;30;255;1510847907;0
32;16;10;5;2;30;1510847925;30;255;1510847933;0
32;16;10;5;2;30;1510848175;30;255;1510848182;0
32;16;10;5;2;30;1510849107;30;255;1510849119;1
32;16;10;5;2;30;1510849251;30;255;1510849259;0
32;16;10;5;2;30;1510849273;30;255;1510849281;0
32;16;10;5;2;30;1510849391;30;255;1510849400;0
32;16;10;5;2;30;1510850373;30;255;1510850383;1
32;16;10;5;2;30;1510850544;30;255;1510850552;0
32;16;10;5;2;30;1510850544;30;255;1510850554;0
32;16;10;5;2;30;1510850700;30;255;1510850708;0
32;16;10;5;2;30;1510851476;30;255;1510851487;0
32;16;10;5;2;30;1510851725;30;255;1510851736;1
32;16;10;5;2;30;1510851783;30;255;1510851793;0
32;16;10;5;2;30;1510851785;30;255;1510851796;0
