32;16;10;5;64;40;1510756485;40;255;1510756494;0
32;16;10;5;64;40;1510756488;40;255;1510756496;0
32;16;10;5;64;40;1510756487;40;255;1510756496;0
32;16;10;5;64;40;1510756546;40;255;1510756555;0
32;16;10;5;64;40;1510756778;40;255;1510756789;0
32;16;10;5;64;40;1510756782;40;255;1510756792;0
32;16;10;5;64;40;1510756834;40;255;1510756849;0
32;16;10;5;64;40;1510756856;40;255;1510756864;0
32;16;10;5;64;40;1510757102;40;255;1510757112;0
32;16;10;5;64;40;1510757130;40;255;1510757142;0
32;16;10;5;64;40;1510757194;40;255;1510757202;0
32;16;10;5;64;40;1510757282;40;255;1510757292;0
32;16;10;5;64;40;1510757451;40;255;1510757461;0
32;16;10;5;64;40;1510757456;40;255;1510757465;0
32;16;10;5;64;40;1510757510;40;255;1510757519;0
32;16;10;5;64;40;1510757570;40;255;1510757579;0
32;16;10;5;64;40;1510757778;40;255;1510757788;0
32;16;10;5;64;40;1510757808;40;255;1510757817;0
32;16;10;5;64;40;1510757818;40;255;1510757827;0
32;16;10;5;64;40;1510758813;40;255;1510758824;0
