32;16;10;5;8;40;1510756454;40;255;1510756462;0
32;16;10;5;8;40;1510756459;40;255;1510756467;0
32;16;10;5;8;40;1510756459;40;255;1510756470;0
32;16;10;5;8;40;1510756520;40;255;1510756528;0
32;16;10;5;8;40;1510756747;40;255;1510756756;0
32;16;10;5;8;40;1510756751;40;255;1510756763;0
32;16;10;5;8;40;1510756805;40;255;1510756816;0
32;16;10;5;8;40;1510756822;40;255;1510756832;0
32;16;10;5;8;40;1510757068;40;255;1510757077;0
32;16;10;5;8;40;1510757101;40;255;1510757110;0
32;16;10;5;8;40;1510757159;40;255;1510757167;0
32;16;10;5;8;40;1510757245;40;255;1510757258;0
32;16;10;5;8;40;1510757410;40;255;1510757419;0
32;16;10;5;8;40;1510757430;40;255;1510757438;0
32;16;10;5;8;40;1510757485;40;255;1510757494;0
32;16;10;5;8;40;1510757537;40;255;1510757546;0
32;16;10;5;8;40;1510757753;40;255;1510757761;0
32;16;10;5;8;40;1510757774;40;255;1510757783;0
32;16;10;5;8;40;1510757787;40;255;1510757798;0
32;16;10;5;8;40;1510758782;40;255;1510758790;0
32;16;10;5;8;40;1510759012;40;255;1510759020;0
32;16;10;5;8;40;1510759060;40;255;1510759068;0
32;16;10;5;8;40;1510759124;40;255;1510759132;0
32;16;10;5;8;40;1510760067;40;255;1510760075;0
32;16;10;5;8;40;1510760267;40;255;1510760275;0
32;16;10;5;8;40;1510760278;40;255;1510760286;0
32;16;10;5;8;40;1510760311;40;255;1510760323;0
32;16;10;5;8;40;1510761143;40;255;1510761151;0
32;16;10;5;8;40;1510761466;40;255;1510761474;0
32;16;10;5;8;40;1510761637;40;255;1510761645;0
32;16;10;5;8;40;1510761691;40;255;1510761699;0
32;16;10;5;8;40;1510762343;40;255;1510762351;0
32;16;10;5;8;40;1510762567;40;255;1510762574;0
32;16;10;5;8;40;1510762787;40;255;1510762794;0
32;16;10;5;8;40;1510762825;40;255;1510762833;0
32;16;10;5;8;40;1510763300;40;255;1510763308;0
32;16;10;5;8;40;1510763568;40;255;1510763579;0
32;16;10;5;8;40;1510763825;40;255;1510763833;0
32;16;10;5;8;40;1510763999;40;255;1510764007;0
32;16;10;5;8;40;1510764344;40;255;1510764352;0
32;16;10;5;8;40;1510764501;40;255;1510764522;0
32;16;10;5;8;40;1510765062;40;255;1510765073;0
32;16;10;5;8;40;1510765199;40;255;1510765214;0
32;16;10;5;8;40;1510765564;40;255;1510765572;0
32;16;10;5;8;40;1510765602;40;255;1510765610;0
32;16;10;5;8;40;1510766433;40;255;1510766444;0
32;16;10;5;8;40;1510766581;40;255;1510766589;0
32;16;10;5;8;40;1510766668;40;255;1510766676;0
32;16;10;5;8;40;1510766739;40;255;1510766746;0
32;16;10;5;8;40;1510767692;40;255;1510767700;0
32;16;10;5;8;40;1510767747;40;255;1510767758;0
32;16;10;5;8;40;1510767960;40;255;1510767968;0
32;16;10;5;8;40;1510768049;40;255;1510768057;0
32;16;10;5;8;40;1510768607;40;255;1510768615;0
32;16;10;5;8;40;1510768889;40;255;1510768900;0
32;16;10;5;8;40;1510769140;40;255;1510769148;0
32;16;10;5;8;40;1510769169;40;255;1510769177;0
32;16;10;5;8;40;1510769937;40;255;1510769951;0
32;16;10;5;8;40;1510769993;40;255;1510770000;0
32;16;10;5;8;40;1510770279;40;255;1510770287;0
32;16;10;5;8;40;1510770391;40;255;1510770399;0
32;16;10;5;8;40;1510771062;40;255;1510771070;0
32;16;10;5;8;40;1510771180;40;255;1510771188;0
32;16;10;5;8;40;1510771389;40;255;1510771397;0
32;16;10;5;8;40;1510771417;40;255;1510771425;0
32;16;10;5;8;40;1510772165;40;255;1510772173;0
32;16;10;5;8;40;1510772399;40;255;1510772407;0
32;16;10;5;8;40;1510772481;40;255;1510772489;0
32;16;10;5;8;40;1510772750;40;255;1510772758;0
32;16;10;5;8;40;1510773349;40;255;1510773357;0
32;16;10;5;8;40;1510773679;40;255;1510773687;0
32;16;10;5;8;40;1510773751;40;255;1510773762;0
32;16;10;5;8;40;1510773949;40;255;1510773957;0
32;16;10;5;8;40;1510774616;40;255;1510774624;0
32;16;10;5;8;40;1510774931;40;255;1510774939;0
32;16;10;5;8;40;1510774953;40;255;1510774961;0
32;16;10;5;8;40;1510775009;40;255;1510775017;0
32;16;10;5;8;40;1510775770;40;255;1510775781;0
32;16;10;5;8;40;1510775990;40;255;1510776001;0
32;16;10;5;8;40;1510776096;40;255;1510776104;0
32;16;10;5;8;40;1510776098;40;255;1510776106;0
32;16;10;5;8;40;1510776873;40;255;1510776881;0
32;16;10;5;8;40;1510777021;40;255;1510777029;0
32;16;10;5;8;40;1510777283;40;255;1510777294;0
32;16;10;5;8;40;1510777469;40;255;1510777477;0
32;16;10;5;8;40;1510778037;40;255;1510778045;0
32;16;10;5;8;40;1510778288;40;255;1510778296;0
32;16;10;5;8;40;1510778517;40;255;1510778525;0
32;16;10;5;8;40;1510778568;40;255;1510778576;0
32;16;10;5;8;40;1510779146;40;255;1510779153;0
32;16;10;5;8;40;1510779485;40;255;1510779493;0
32;16;10;5;8;40;1510779572;40;255;1510779579;0
32;16;10;5;8;40;1510779657;40;255;1510779671;0
32;16;10;5;8;40;1510780409;40;255;1510780420;0
32;16;10;5;8;40;1510780756;40;255;1510780767;0
32;16;10;5;8;40;1510780818;40;255;1510780826;0
32;16;10;5;8;40;1510780823;40;255;1510780837;0
32;16;10;5;8;40;1510781434;40;255;1510781445;0
32;16;10;5;8;40;1510781861;40;255;1510781872;0
32;16;10;5;8;40;1510782007;40;255;1510782015;0
32;16;10;5;8;40;1510782098;40;255;1510782106;0
32;16;10;5;8;40;1510782757;40;255;1510782765;0
32;16;10;5;8;40;1510783052;40;255;1510783060;0
32;16;10;5;8;40;1510783104;40;255;1510783115;0
32;16;10;5;8;40;1510783145;40;255;1510783153;0
32;16;10;5;8;40;1510783998;40;255;1510784009;0
32;16;10;5;8;40;1510784143;40;255;1510784151;0
32;16;10;5;8;40;1510784256;40;255;1510784264;0
32;16;10;5;8;40;1510784503;40;255;1510784514;0
32;16;10;5;8;40;1510785115;40;255;1510785126;0
32;16;10;5;8;40;1510785133;40;255;1510785141;0
32;16;10;5;8;40;1510785373;40;255;1510785381;0
32;16;10;5;8;40;1510785773;40;255;1510785781;0
32;16;10;5;8;40;1510786226;40;255;1510786234;0
32;16;10;5;8;40;1510786300;40;255;1510786308;0
32;16;10;5;8;40;1510786699;40;255;1510786707;0
32;16;10;5;8;40;1510786843;40;255;1510786854;0
32;16;10;5;8;40;1510787352;40;255;1510787360;0
32;16;10;5;8;40;1510787436;40;255;1510787444;0
32;16;10;5;8;40;1510787830;40;255;1510787838;0
32;16;10;5;8;40;1510788027;40;255;1510788035;0
32;16;10;5;8;40;1510788519;40;255;1510788526;0
32;16;10;5;8;40;1510788590;40;255;1510788598;0
32;16;10;5;8;40;1510788842;40;255;1510788850;0
32;16;10;5;8;40;1510789292;40;255;1510789300;0
32;16;10;5;8;40;1510789604;40;255;1510789612;0
32;16;10;5;8;40;1510789759;40;255;1510789767;0
32;16;10;5;8;40;1510790039;40;255;1510790047;0
32;16;10;5;8;40;1510790400;40;255;1510790408;0
32;16;10;5;8;40;1510790592;40;255;1510790600;0
32;16;10;5;8;40;1510790885;40;255;1510790893;0
32;16;10;5;8;40;1510791031;40;255;1510791039;0
32;16;10;5;8;40;1510791659;40;255;1510791667;0
32;16;10;5;8;40;1510791751;40;255;1510791759;0
32;16;10;5;8;40;1510791895;40;255;1510791903;0
32;16;10;5;8;40;1510792261;40;255;1510792272;0
32;16;10;5;8;40;1510792736;40;255;1510792744;0
32;16;10;5;8;40;1510792877;40;255;1510792885;0
32;16;10;5;8;40;1510793184;40;255;1510793192;0
32;16;10;5;8;40;1510793595;40;255;1510793603;0
32;16;10;5;8;40;1510793834;40;255;1510793842;0
32;16;10;5;8;40;1510793891;40;255;1510793899;0
32;16;10;5;8;40;1510794198;40;255;1510794209;0
32;16;10;5;8;40;1510794743;40;255;1510794757;0
32;16;10;5;8;40;1510794945;40;255;1510794952;0
32;16;10;5;8;40;1510794967;40;255;1510794975;0
32;16;10;5;8;40;1510795341;40;255;1510795349;0
32;16;10;5;8;40;1510796090;40;255;1510796098;0
32;16;10;5;8;40;1510796106;40;255;1510796114;0
32;16;10;5;8;40;1510796129;40;255;1510796137;0
32;16;10;5;8;40;1510796500;40;255;1510796508;0
32;16;10;5;8;40;1510797109;40;255;1510797117;0
32;16;10;5;8;40;1510797240;40;255;1510797251;0
32;16;10;5;8;40;1510797288;40;255;1510797296;0
32;16;10;5;8;40;1510797681;40;255;1510797689;0
32;16;10;5;8;40;1510798273;40;255;1510798281;0
32;16;10;5;8;40;1510798394;40;255;1510798402;0
32;16;10;5;8;40;1510798398;40;255;1510798406;0
32;16;10;5;8;40;1510798906;40;255;1510798914;0
32;16;10;5;8;40;1510799364;40;255;1510799372;0
32;16;10;5;8;40;1510799623;40;255;1510799631;0
32;16;10;5;8;40;1510799718;40;255;1510799726;0
32;16;10;5;8;40;1510799910;40;255;1510799921;0
32;16;10;5;8;40;1510800560;40;255;1510800571;0
32;16;10;5;8;40;1510800914;40;255;1510800922;0
32;16;10;5;8;40;1510800922;40;255;1510800930;0
32;16;10;5;8;40;1510801081;40;255;1510801089;0
32;16;10;5;8;40;1510801582;40;255;1510801590;0
32;16;10;5;8;40;1510802208;40;255;1510802219;0
32;16;10;5;8;40;1510802215;40;255;1510802226;0
32;16;10;5;8;40;1510802230;40;255;1510802238;0
32;16;10;5;8;40;1510802561;40;255;1510802569;0
32;16;10;5;8;40;1510803329;40;255;1510803337;0
32;16;10;5;8;40;1510803438;40;255;1510803446;0
32;16;10;5;8;40;1510803505;40;255;1510803513;0
32;16;10;5;8;40;1510803655;40;255;1510803663;0
32;16;10;5;8;40;1510804617;40;255;1510804625;0
32;16;10;5;8;40;1510804627;40;255;1510804638;0
32;16;10;5;8;40;1510804804;40;255;1510804812;0
32;16;10;5;8;40;1510804934;40;255;1510804942;0
32;16;10;5;8;40;1510805762;40;255;1510805770;0
32;16;10;5;8;40;1510805766;40;255;1510805780;0
32;16;10;5;8;40;1510805947;40;255;1510805955;0
32;16;10;5;8;40;1510806055;40;255;1510806066;0
32;16;10;5;8;40;1510806840;40;255;1510806848;0
32;16;10;5;8;40;1510806915;40;255;1510806923;0
32;16;10;5;8;40;1510806970;40;255;1510806981;0
32;16;10;5;8;40;1510807442;40;255;1510807453;0
32;16;10;5;8;40;1510807959;40;255;1510807967;0
32;16;10;5;8;40;1510808222;40;255;1510808233;0
32;16;10;5;8;40;1510808312;40;255;1510808320;0
32;16;10;5;8;40;1510808624;40;255;1510808632;0
32;16;10;5;8;40;1510809037;40;255;1510809045;0
32;16;10;5;8;40;1510809321;40;255;1510809332;0
32;16;10;5;8;40;1510809617;40;255;1510809625;0
32;16;10;5;8;40;1510809639;40;255;1510809647;0
32;16;10;5;8;40;1510810132;40;255;1510810147;0
32;16;10;5;8;40;1510810669;40;255;1510810677;0
32;16;10;5;8;40;1510810798;40;255;1510810806;0
32;16;10;5;8;40;1510810881;40;255;1510810889;0
32;16;10;5;8;40;1510811421;40;255;1510811428;0
32;16;10;5;8;40;1510811933;40;255;1510811941;0
32;16;10;5;8;40;1510811960;40;255;1510811968;0
32;16;10;5;8;40;1510812004;40;255;1510812015;0
32;16;10;5;8;40;1510812567;40;255;1510812575;0
32;16;10;5;8;40;1510813188;40;255;1510813196;0
32;16;10;5;8;40;1510813205;40;255;1510813213;0
32;16;10;5;8;40;1510813336;40;255;1510813344;0
32;16;10;5;8;40;1510813863;40;255;1510813871;0
32;16;10;5;8;40;1510814218;40;255;1510814232;0
32;16;10;5;8;40;1510814314;40;255;1510814325;0
32;16;10;5;8;40;1510814487;40;255;1510814495;0
32;16;10;5;8;40;1510815195;40;255;1510815203;0
32;16;10;5;8;40;1510815485;40;255;1510815496;0
32;16;10;5;8;40;1510815723;40;255;1510815731;0
32;16;10;5;8;40;1510815732;40;255;1510815740;0
32;16;10;5;8;40;1510816509;40;255;1510816520;0
32;16;10;5;8;40;1510816721;40;255;1510816729;0
32;16;10;5;8;40;1510816929;40;255;1510816937;0
32;16;10;5;8;40;1510816926;40;255;1510816937;0
32;16;10;5;8;40;1510817552;40;255;1510817569;0
32;16;10;5;8;40;1510817831;40;255;1510817842;0
32;16;10;5;8;40;1510818107;40;255;1510818118;0
32;16;10;5;8;40;1510818160;40;255;1510818168;0
32;16;10;5;8;40;1510818786;40;255;1510818800;0
32;16;10;5;8;40;1510819091;40;255;1510819108;0
32;16;10;5;8;40;1510819217;40;255;1510819225;0
32;16;10;5;8;40;1510819283;40;255;1510819291;0
32;16;10;5;8;40;1510820210;40;255;1510820218;0
32;16;10;5;8;40;1510820335;40;255;1510820346;0
32;16;10;5;8;40;1510820389;40;255;1510820400;0
32;16;10;5;8;40;1510820436;40;255;1510820444;0
32;16;10;5;8;40;1510821487;40;255;1510821495;0
32;16;10;5;8;40;1510821515;40;255;1510821526;0
32;16;10;5;8;40;1510821596;40;255;1510821607;0
32;16;10;5;8;40;1510821623;40;255;1510821635;0
32;16;10;5;8;40;1510822549;40;255;1510822567;0
32;16;10;5;8;40;1510822597;40;255;1510822608;0
32;16;10;5;8;40;1510822624;40;255;1510822638;0
32;16;10;5;8;40;1510822851;40;255;1510822858;0
32;16;10;5;8;40;1510823741;40;255;1510823749;0
32;16;10;5;8;40;1510823837;40;255;1510823848;0
32;16;10;5;8;40;1510823931;40;255;1510823942;0
32;16;10;5;8;40;1510824074;40;255;1510824082;0
32;16;10;5;8;40;1510824997;40;255;1510825008;0
32;16;10;5;8;40;1510825068;40;255;1510825082;0
32;16;10;5;8;40;1510825160;40;255;1510825168;0
32;16;10;5;8;40;1510825205;40;255;1510825213;0
32;16;10;5;8;40;1510826132;40;255;1510826140;0
32;16;10;5;8;40;1510826231;40;255;1510826239;0
32;16;10;5;8;40;1510826256;40;255;1510826264;0
32;16;10;5;8;40;1510826338;40;255;1510826346;0
32;16;10;5;8;40;1510827213;40;255;1510827222;0
32;16;10;5;8;40;1510827318;40;255;1510827328;0
32;16;10;5;8;40;1510827406;40;255;1510827415;0
32;16;10;5;8;40;1510827660;40;255;1510827672;0
32;16;10;5;8;40;1510828578;40;255;1510828586;0
32;16;10;5;8;40;1510828606;40;255;1510828618;0
32;16;10;5;8;40;1510828659;40;255;1510828668;0
32;16;10;5;8;40;1510828867;40;255;1510828875;0
32;16;10;5;8;40;1510829791;40;255;1510829799;0
32;16;10;5;8;40;1510829796;40;255;1510829804;0
32;16;10;5;8;40;1510829854;40;255;1510829865;0
32;16;10;5;8;40;1510830014;40;255;1510830026;0
32;16;10;5;8;40;1510830862;40;255;1510830873;0
32;16;10;5;8;40;1510831084;40;255;1510831092;0
32;16;10;5;8;40;1510831092;40;255;1510831100;0
32;16;10;5;8;40;1510831161;40;255;1510831173;0
32;16;10;5;8;40;1510832125;40;255;1510832133;0
32;16;10;5;8;40;1510832209;40;255;1510832217;0
32;16;10;5;8;40;1510832391;40;255;1510832399;0
32;16;10;5;8;40;1510832432;40;255;1510832447;0
32;16;10;5;8;40;1510833338;40;255;1510833346;0
32;16;10;5;8;40;1510833476;40;255;1510833484;0
32;16;10;5;8;40;1510833499;40;255;1510833511;0
32;16;10;5;8;40;1510833714;40;255;1510833722;0
32;16;10;5;8;40;1510834468;40;255;1510834476;0
32;16;10;5;8;40;1510834484;40;255;1510834492;0
32;16;10;5;8;40;1510834807;40;255;1510834819;0
32;16;10;5;8;40;1510834945;40;255;1510834957;0
32;16;10;5;8;40;1510835658;40;255;1510835666;0
32;16;10;5;8;40;1510835785;40;255;1510835796;0
32;16;10;5;8;40;1510835895;40;255;1510835906;0
32;16;10;5;8;40;1510836090;40;255;1510836098;0
32;16;10;5;8;40;1510836923;40;255;1510836931;0
32;16;10;5;8;40;1510837208;40;255;1510837216;0
32;16;10;5;8;40;1510837233;40;255;1510837244;0
32;16;10;5;8;40;1510837242;40;255;1510837253;0
32;16;10;5;8;40;1510838207;40;255;1510838215;0
32;16;10;5;8;40;1510838412;40;255;1510838420;0
32;16;10;5;8;40;1510838443;40;255;1510838452;0
32;16;10;5;8;40;1510838462;40;255;1510838471;0
32;16;10;5;8;40;1510839370;40;255;1510839378;0
32;16;10;5;8;40;1510839473;40;255;1510839484;0
32;16;10;5;8;40;1510839581;40;255;1510839589;0
32;16;10;5;8;40;1510839794;40;255;1510839806;0
32;16;10;5;8;40;1510840481;40;255;1510840499;0
32;16;10;5;8;40;1510840724;40;255;1510840732;0
32;16;10;5;8;40;1510840824;40;255;1510840835;0
32;16;10;5;8;40;1510840942;40;255;1510840950;0
32;16;10;5;8;40;1510841701;40;255;1510841709;0
32;16;10;5;8;40;1510841862;40;255;1510841870;0
32;16;10;5;8;40;1510842007;40;255;1510842015;0
32;16;10;5;8;40;1510842196;40;255;1510842204;0
32;16;10;5;8;40;1510842861;40;255;1510842869;0
32;16;10;5;8;40;1510842896;40;255;1510842904;0
32;16;10;5;8;40;1510843212;40;255;1510843220;0
32;16;10;5;8;40;1510843275;40;255;1510843286;0
32;16;10;5;8;40;1510844013;40;255;1510844021;0
32;16;10;5;8;40;1510844117;40;255;1510844128;0
32;16;10;5;8;40;1510844343;40;255;1510844351;0
32;16;10;5;8;40;1510844459;40;255;1510844467;0
32;16;10;5;8;40;1510845025;40;255;1510845033;0
32;16;10;5;8;40;1510845368;40;255;1510845382;0
32;16;10;5;8;40;1510845425;40;255;1510845439;0
32;16;10;5;8;40;1510845617;40;255;1510845625;0
32;16;10;5;8;40;1510846101;40;255;1510846109;0
32;16;10;5;8;40;1510846645;40;255;1510846653;0
32;16;10;5;8;40;1510846674;40;255;1510846685;0
32;16;10;5;8;40;1510846775;40;255;1510846783;0
32;16;10;5;8;40;1510847146;40;255;1510847155;0
32;16;10;5;8;40;1510847910;40;255;1510847920;0
32;16;10;5;8;40;1510847988;40;255;1510848003;0
32;16;10;5;8;40;1510848009;40;255;1510848024;0
32;16;10;5;8;40;1510848263;40;255;1510848271;0
32;16;10;5;8;40;1510849195;40;255;1510849204;0
32;16;10;5;8;40;1510849342;40;255;1510849350;0
32;16;10;5;8;40;1510849357;40;255;1510849367;0
32;16;10;5;8;40;1510849485;40;255;1510849497;0
32;16;10;5;8;40;1510850470;40;255;1510850478;0
32;16;10;5;8;40;1510850640;40;255;1510850649;0
32;16;10;5;8;40;1510850647;40;255;1510850660;0
32;16;10;5;8;40;1510850775;40;255;1510850784;0
32;16;10;5;8;40;1510851571;40;255;1510851579;0
32;16;10;5;8;40;1510851818;40;255;1510851826;0
32;16;10;5;8;40;1510851871;40;255;1510851879;0
32;16;10;5;8;40;1510851874;40;255;1510851881;0
32;16;10;5;8;40;1510852817;40;255;1510852828;0
32;16;10;5;8;40;1510852949;40;255;1510852957;0
32;16;10;5;8;40;1510853066;40;255;1510853074;0
32;16;10;5;8;40;1510853126;40;255;1510853140;0
32;16;10;5;8;40;1510854045;40;255;1510854053;0
32;16;10;5;8;40;1510854093;40;255;1510854101;0
32;16;10;5;8;40;1510854189;40;255;1510854197;0
32;16;10;5;8;40;1510854190;40;255;1510854201;0
32;16;10;5;8;40;1510855089;40;255;1510855100;0
32;16;10;5;8;40;1510855163;40;255;1510855171;0
32;16;10;5;8;40;1510855202;40;255;1510855210;0
32;16;10;5;8;40;1510855251;40;255;1510855259;0
32;16;10;5;8;40;1510856165;40;255;1510856173;0
32;16;10;5;8;40;1510856204;40;255;1510856215;0
32;16;10;5;8;40;1510856384;40;255;1510856392;0
32;16;10;5;8;40;1510856488;40;255;1510856496;0
32;16;10;5;8;40;1510857347;40;255;1510857355;0
32;16;10;5;8;40;1510857486;40;255;1510857494;0
32;16;10;5;8;40;1510857587;40;255;1510857595;0
32;16;10;5;8;40;1510857839;40;255;1510857850;0
32;16;10;5;8;40;1510858412;40;255;1510858420;0
32;16;10;5;8;40;1510858521;40;255;1510858529;0
32;16;10;5;8;40;1510858611;40;255;1510858619;0
32;16;10;5;8;40;1510858850;40;255;1510858858;0
32;16;10;5;8;40;1510859641;40;255;1510859649;0
32;16;10;5;8;40;1510859644;40;255;1510859652;0
32;16;10;5;8;40;1510859730;40;255;1510859738;0
32;16;10;5;8;40;1510860063;40;255;1510860071;0
32;16;10;5;8;40;1510860631;40;255;1510860639;0
32;16;10;5;8;40;1510860801;40;255;1510860809;0
32;16;10;5;8;40;1510860830;40;255;1510860838;0
32;16;10;5;8;40;1510861412;40;255;1510861419;0
32;16;10;5;8;40;1510861662;40;255;1510861670;0
32;16;10;5;8;40;1510861952;40;255;1510861960;0
32;16;10;5;8;40;1510861958;40;255;1510861966;0
32;16;10;5;8;40;1510862692;40;255;1510862700;0
32;16;10;5;8;40;1510862936;40;255;1510862947;0
32;16;10;5;8;40;1510862984;40;255;1510862991;0
32;16;10;5;8;40;1510863209;40;255;1510863217;0
32;16;10;5;8;40;1510863726;40;255;1510863734;0
32;16;10;5;8;40;1510864137;40;255;1510864145;0
32;16;10;5;8;40;1510864157;40;255;1510864171;0
32;16;10;5;8;40;1510864346;40;255;1510864357;0
32;16;10;5;8;40;1510864905;40;255;1510864913;0
32;16;10;5;8;40;1510865137;40;255;1510865145;0
32;16;10;5;8;40;1510865198;40;255;1510865206;0
32;16;10;5;8;40;1510865427;40;255;1510865435;0
32;16;10;5;8;40;1510866040;40;255;1510866047;0
32;16;10;5;8;40;1510866124;40;255;1510866132;0
32;16;10;5;8;40;1510866460;40;255;1510866468;0
32;16;10;5;8;40;1510866518;40;255;1510866526;0
32;16;10;5;8;40;1510867259;40;255;1510867267;0
32;16;10;5;8;40;1510867310;40;255;1510867324;0
32;16;10;5;8;40;1510867738;40;255;1510867749;0
32;16;10;5;8;40;1510867861;40;255;1510867869;0
32;16;10;5;8;40;1510868454;40;255;1510868462;0
32;16;10;5;8;40;1510868445;40;255;1510868466;0
32;16;10;5;8;40;1510868921;40;255;1510868929;0
32;16;10;5;8;40;1510868943;40;255;1510868951;0
32;16;10;5;8;40;1510869594;40;255;1510869602;0
32;16;10;5;8;40;1510869677;40;255;1510869685;0
32;16;10;5;8;40;1510869975;40;255;1510869983;0
32;16;10;5;8;40;1510870205;40;255;1510870216;0
32;16;10;5;8;40;1510870739;40;255;1510870750;0
32;16;10;5;8;40;1510870789;40;255;1510870797;0
32;16;10;5;8;40;1510871207;40;255;1510871218;0
32;16;10;5;8;40;1510871346;40;255;1510871354;0
32;16;10;5;8;40;1510871894;40;255;1510871902;0
32;16;10;5;8;40;1510871974;40;255;1510871982;0
32;16;10;5;8;40;1510872491;40;255;1510872499;0
32;16;10;5;8;40;1510872531;40;255;1510872539;0
32;16;10;5;8;40;1510872984;40;255;1510872992;0
32;16;10;5;8;40;1510873321;40;255;1510873329;0
32;16;10;5;8;40;1510873561;40;255;1510873572;0
32;16;10;5;8;40;1510873824;40;255;1510873832;0
32;16;10;5;8;40;1510874104;40;255;1510874115;0
32;16;10;5;8;40;1510874439;40;255;1510874447;0
32;16;10;5;8;40;1510874683;40;255;1510874691;0
32;16;10;5;8;40;1510874908;40;255;1510874916;0
32;16;10;5;8;40;1510875418;40;255;1510875426;0
32;16;10;5;8;40;1510875747;40;255;1510875755;0
32;16;10;5;8;40;1510875748;40;255;1510875759;0
32;16;10;5;8;40;1510876090;40;255;1510876101;0
32;16;10;5;8;40;1510876452;40;255;1510876460;0
32;16;10;5;8;40;1510876972;40;255;1510876980;0
32;16;10;5;8;40;1510876993;40;255;1510877001;0
32;16;10;5;8;40;1510877323;40;255;1510877331;0
32;16;10;5;8;40;1510877645;40;255;1510877656;0
32;16;10;5;8;40;1510878071;40;255;1510878082;0
32;16;10;5;8;40;1510878258;40;255;1510878266;0
32;16;10;5;8;40;1510878332;40;255;1510878340;0
32;16;10;5;8;40;1510878908;40;255;1510878916;0
32;16;10;5;8;40;1510879147;40;255;1510879155;0
32;16;10;5;8;40;1510879503;40;255;1510879511;0
32;16;10;5;8;40;1510879675;40;255;1510879686;0
32;16;10;5;8;40;1510879966;40;255;1510879974;0
32;16;10;5;8;40;1510880380;40;255;1510880394;0
32;16;10;5;8;40;1510880737;40;255;1510880748;0
32;16;10;5;8;40;1510880815;40;255;1510880822;0
32;16;10;5;8;40;1510881039;40;255;1510881047;0
32;16;10;5;8;40;1510881422;40;255;1510881429;0
32;16;10;5;8;40;1510881825;40;255;1510881833;0
32;16;10;5;8;40;1510881855;40;255;1510881863;0
32;16;10;5;8;40;1510882357;40;255;1510882365;0
32;16;10;5;8;40;1510882546;40;255;1510882557;0
32;16;10;5;8;40;1510882958;40;255;1510882966;0
32;16;10;5;8;40;1510883096;40;255;1510883104;0
32;16;10;5;8;40;1510883733;40;255;1510883741;0
32;16;10;5;8;40;1510883760;40;255;1510883775;0
32;16;10;5;8;40;1510884244;40;255;1510884252;0
32;16;10;5;8;40;1510884267;40;255;1510884275;0
32;16;10;5;8;40;1510884715;40;255;1510884723;0
32;16;10;5;8;40;1510885030;40;255;1510885038;0
32;16;10;5;8;40;1510885424;40;255;1510885432;0
32;16;10;5;8;40;1510885558;40;255;1510885566;0
32;16;10;5;8;40;1510885778;40;255;1510885786;0
32;16;10;5;8;40;1510886096;40;255;1510886104;0
32;16;10;5;8;40;1510886651;40;255;1510886659;0
32;16;10;5;8;40;1510886773;40;255;1510886781;0
32;16;10;5;8;40;1510886830;40;255;1510886841;0
32;16;10;5;8;40;1510887115;40;255;1510887126;0
32;16;10;5;8;40;1510887728;40;255;1510887745;0
32;16;10;5;8;40;1510887812;40;255;1510887820;0
32;16;10;5;8;40;1510888053;40;255;1510888060;0
32;16;10;5;8;40;1510888351;40;255;1510888359;0
32;16;10;5;8;40;1510888885;40;255;1510888893;0
32;16;10;5;8;40;1510888902;40;255;1510888919;0
32;16;10;5;8;40;1510889253;40;255;1510889261;0
32;16;10;5;8;40;1510889566;40;255;1510889574;0
32;16;10;5;8;40;1510889984;40;255;1510889992;0
32;16;10;5;8;40;1510890157;40;255;1510890171;0
32;16;10;5;8;40;1510890345;40;255;1510890353;0
32;16;10;5;8;40;1510890763;40;255;1510890771;0
32;16;10;5;8;40;1510891255;40;255;1510891269;0
32;16;10;5;8;40;1510891316;40;255;1510891324;0
32;16;10;5;8;40;1510891318;40;255;1510891328;0
32;16;10;5;8;40;1510891977;40;255;1510891985;0
32;16;10;5;8;40;1510892329;40;255;1510892336;0
32;16;10;5;8;40;1510892388;40;255;1510892399;0
32;16;10;5;8;40;1510892440;40;255;1510892448;0
32;16;10;5;8;40;1510893211;40;255;1510893219;0
32;16;10;5;8;40;1510893484;40;255;1510893498;0
32;16;10;5;8;40;1510893764;40;255;1510893775;0
32;16;10;5;8;40;1510893787;40;255;1510893798;0
32;16;10;5;8;40;1510894424;40;255;1510894435;0
32;16;10;5;8;40;1510894474;40;255;1510894482;0
32;16;10;5;8;40;1510894949;40;255;1510894963;0
32;16;10;5;8;40;1510894985;40;255;1510894996;0
32;16;10;5;8;40;1510895553;40;255;1510895560;0
32;16;10;5;8;40;1510895558;40;255;1510895569;0
32;16;10;5;8;40;1510895941;40;255;1510895949;0
32;16;10;5;8;40;1510896185;40;255;1510896193;0
32;16;10;5;8;40;1510896535;40;255;1510896543;0
32;16;10;5;8;40;1510896634;40;255;1510896642;0
32;16;10;5;8;40;1510897078;40;255;1510897086;0
32;16;10;5;8;40;1510897259;40;255;1510897266;0
32;16;10;5;8;40;1510897518;40;255;1510897529;0
32;16;10;5;8;40;1510897646;40;255;1510897657;0
32;16;10;5;8;40;1510898314;40;255;1510898325;0
32;16;10;5;8;40;1510898605;40;255;1510898613;0
32;16;10;5;8;40;1510898635;40;255;1510898646;0
32;16;10;5;8;40;1510898743;40;255;1510898751;0
32;16;10;5;8;40;1510899407;40;255;1510899415;0
32;16;10;5;8;40;1510899833;40;255;1510899840;0
32;16;10;5;8;40;1510899851;40;255;1510899859;0
32;16;10;5;8;40;1510899862;40;255;1510899869;0
32;16;10;5;8;40;1510900587;40;255;1510900595;0
32;16;10;5;8;40;1510900979;40;255;1510900993;0
32;16;10;5;8;40;1510901030;40;255;1510901038;0
32;16;10;5;8;40;1510901049;40;255;1510901060;0
32;16;10;5;8;40;1510901871;40;255;1510901888;0
32;16;10;5;8;40;1510902112;40;255;1510902120;0
32;16;10;5;8;40;1510902202;40;255;1510902217;0
32;16;10;5;8;40;1510902278;40;255;1510902286;0
32;16;10;5;8;40;1510903193;40;255;1510903204;0
32;16;10;5;8;40;1510903247;40;255;1510903258;0
32;16;10;5;8;40;1510903378;40;255;1510903386;0
32;16;10;5;8;40;1510903522;40;255;1510903529;0
32;16;10;5;8;40;1510904257;40;255;1510904265;0
32;16;10;5;8;40;1510904432;40;255;1510904440;0
32;16;10;5;8;40;1510904520;40;255;1510904528;0
32;16;10;5;8;40;1510904827;40;255;1510904835;0
32;16;10;5;8;40;1510905363;40;255;1510905374;0
32;16;10;5;8;40;1510905654;40;255;1510905662;0
32;16;10;5;8;40;1510905708;40;255;1510905716;0
32;16;10;5;8;40;1510905848;40;255;1510905860;0
32;16;10;5;8;40;1510906568;40;255;1510906575;0
32;16;10;5;8;40;1510906812;40;255;1510906819;0
32;16;10;5;8;40;1510906920;40;255;1510906928;0
32;16;10;5;8;40;1510907203;40;255;1510907211;0
32;16;10;5;8;40;1510907662;40;255;1510907673;0
32;16;10;5;8;40;1510907932;40;255;1510907940;0
32;16;10;5;8;40;1510908155;40;255;1510908166;0
32;16;10;5;8;40;1510908343;40;255;1510908360;0
32;16;10;5;8;40;1510908934;40;255;1510908941;0
32;16;10;5;8;40;1510909099;40;255;1510909107;0
32;16;10;5;8;40;1510909217;40;255;1510909225;0
32;16;10;5;8;40;1510909562;40;255;1510909570;0
32;16;10;5;8;40;1510910075;40;255;1510910083;0
32;16;10;5;8;40;1510910135;40;255;1510910143;0
32;16;10;5;8;40;1510910436;40;255;1510910443;0
32;16;10;5;8;40;1510910737;40;255;1510910748;0
32;16;10;5;8;40;1510911302;40;255;1510911310;0
32;16;10;5;8;40;1510911530;40;255;1510911538;0
32;16;10;5;8;40;1510911761;40;255;1510911768;0
32;16;10;5;8;40;1510911953;40;255;1510911961;0
32;16;10;5;8;40;1510912422;40;255;1510912430;0
32;16;10;5;8;40;1510912535;40;255;1510912543;0
32;16;10;5;8;40;1510913131;40;255;1510913142;0
32;16;10;5;8;40;1510913170;40;255;1510913178;0
32;16;10;5;8;40;1510913552;40;255;1510913560;0
32;16;10;5;8;40;1510913587;40;255;1510913598;0
32;16;10;5;8;40;1510914318;40;255;1510914326;0
32;16;10;5;8;40;1510914415;40;255;1510914423;0
32;16;10;5;8;40;1510914770;40;255;1510914778;0
32;16;10;5;8;40;1510914782;40;255;1510914790;0
32;16;10;5;8;40;1510915348;40;255;1510915356;0
32;16;10;5;8;40;1510915386;40;255;1510915394;0
32;16;10;5;8;40;1510915763;40;255;1510915771;0
32;16;10;5;8;40;1510915972;40;255;1510915980;0
32;16;10;5;8;40;1510916555;40;255;1510916576;0
32;16;10;5;8;40;1510916597;40;255;1510916608;0
32;16;10;5;8;40;1510917030;40;255;1510917038;0
32;16;10;5;8;40;1510917029;40;255;1510917040;0
32;16;10;5;8;40;1510917638;40;255;1510917652;0
32;16;10;5;8;40;1510917877;40;255;1510917885;0
32;16;10;5;8;40;1510918243;40;255;1510918261;0
32;16;10;5;8;40;1510918257;40;255;1510918265;0
32;16;10;5;8;40;1510918980;40;255;1510918991;0
32;16;10;5;8;40;1510919130;40;255;1510919138;0
32;16;10;5;8;40;1510919467;40;255;1510919475;0
32;16;10;5;8;40;1510919524;40;255;1510919532;0
32;16;10;5;8;40;1510920120;40;255;1510920128;0
32;16;10;5;8;40;1510920222;40;255;1510920233;0
32;16;10;5;8;40;1510920688;40;255;1510920699;0
32;16;10;5;8;40;1510920828;40;255;1510920836;0
32;16;10;5;8;40;1510921164;40;255;1510921172;0
32;16;10;5;8;40;1510921293;40;255;1510921304;0
32;16;10;5;8;40;1510921905;40;255;1510921916;0
32;16;10;5;8;40;1510922159;40;255;1510922167;0
32;16;10;5;8;40;1510922244;40;255;1510922252;0
32;16;10;5;8;40;1510922246;40;255;1510922254;0
32;16;10;5;8;40;1510923134;40;255;1510923142;0
32;16;10;5;8;40;1510923244;40;255;1510923258;0
32;16;10;5;8;40;1510923449;40;255;1510923457;0
32;16;10;5;8;40;1510923629;40;255;1510923640;0
32;16;10;5;8;40;1510924363;40;255;1510924374;0
32;16;10;5;8;40;1510924408;40;255;1510924415;0
32;16;10;5;8;40;1510924562;40;255;1510924573;0
32;16;10;5;8;40;1510924826;40;255;1510924837;0
32;16;10;5;8;40;1510925443;40;255;1510925451;0
32;16;10;5;8;40;1510925444;40;255;1510925452;0
32;16;10;5;8;40;1510925511;40;255;1510925519;0
32;16;10;5;8;40;1510925927;40;255;1510925935;0
32;16;10;5;8;40;1510926449;40;255;1510926457;0
32;16;10;5;8;40;1510926593;40;255;1510926601;0
32;16;10;5;8;40;1510926643;40;255;1510926666;0
32;16;10;5;8;40;1510926947;40;255;1510926955;0
32;16;10;5;8;40;1510927547;40;255;1510927555;0
32;16;10;5;8;40;1510927695;40;255;1510927703;0
32;16;10;5;8;40;1510927762;40;255;1510927770;0
32;16;10;5;8;40;1510928296;40;255;1510928307;0
32;16;10;5;8;40;1510928672;40;255;1510928680;0
32;16;10;5;8;40;1510928711;40;255;1510928719;0
32;16;10;5;8;40;1510928732;40;255;1510928746;0
32;16;10;5;8;40;1510929576;40;255;1510929587;0
32;16;10;5;8;40;1510929748;40;255;1510929759;0
32;16;10;5;8;40;1510929774;40;255;1510929782;0
32;16;10;5;8;40;1510929844;40;255;1510929852;0
32;16;10;5;8;40;1510930789;40;255;1510930797;0
32;16;10;5;8;40;1510930881;40;255;1510930892;0
32;16;10;5;8;40;1510931040;40;255;1510931048;0
32;16;10;5;8;40;1510931043;40;255;1510931057;0
32;16;10;5;8;40;1510931753;40;255;1510931764;0
32;16;10;5;8;40;1510932086;40;255;1510932094;0
32;16;10;5;8;40;1510932135;40;255;1510932143;0
32;16;10;5;8;40;1510932195;40;255;1510932203;0
32;16;10;5;8;40;1510932955;40;255;1510932966;0
32;16;10;5;8;40;1510933113;40;255;1510933121;0
32;16;10;5;8;40;1510933347;40;255;1510933358;0
32;16;10;5;8;40;1510933453;40;255;1510933467;0
32;16;10;5;8;40;1510934147;40;255;1510934155;0
32;16;10;5;8;40;1510934248;40;255;1510934256;0
32;16;10;5;8;40;1510934436;40;255;1510934443;0
32;16;10;5;8;40;1510934720;40;255;1510934728;0
32;16;10;5;8;40;1510935285;40;255;1510935293;0
32;16;10;5;8;40;1510935474;40;255;1510935482;0
32;16;10;5;8;40;1510935602;40;255;1510935610;0
32;16;10;5;8;40;1510935955;40;255;1510935963;0
32;16;10;5;8;40;1510936405;40;255;1510936413;0
32;16;10;5;8;40;1510936520;40;255;1510936528;0
32;16;10;5;8;40;1510936574;40;255;1510936582;0
32;16;10;5;8;40;1510937219;40;255;1510937227;0
32;16;10;5;8;40;1510937621;40;255;1510937629;0
32;16;10;5;8;40;1510937641;40;255;1510937652;0
32;16;10;5;8;40;1510937667;40;255;1510937675;0
32;16;10;5;8;40;1510938309;40;255;1510938317;0
32;16;10;5;8;40;1510938700;40;255;1510938708;0
32;16;10;5;8;40;1510938852;40;255;1510938869;0
32;16;10;5;8;40;1510938881;40;255;1510938901;0
32;16;10;5;8;40;1510939566;40;255;1510939573;0
32;16;10;5;8;40;1510939923;40;255;1510939937;0
32;16;10;5;8;40;1510939943;40;255;1510939951;0
32;16;10;5;8;40;1510940001;40;255;1510940008;0
32;16;10;5;8;40;1510940667;40;255;1510940675;0
32;16;10;5;8;40;1510941132;40;255;1510941140;0
32;16;10;5;8;40;1510941217;40;255;1510941225;0
32;16;10;5;8;40;1510941315;40;255;1510941323;0
32;16;10;5;8;40;1510941711;40;255;1510941718;0
32;16;10;5;8;40;1510942314;40;255;1510942322;0
32;16;10;5;8;40;1510942368;40;255;1510942377;0
32;16;10;5;8;40;1510942412;40;255;1510942420;0
32;16;10;5;8;40;1510943034;40;255;1510943044;0
32;16;10;5;8;40;1510943318;40;255;1510943326;0
32;16;10;5;8;40;1510943398;40;255;1510943406;0
32;16;10;5;8;40;1510943482;40;255;1510943512;0
32;16;10;5;8;40;1510944152;40;255;1510944160;0
32;16;10;5;8;40;1510944328;40;255;1510944336;0
32;16;10;5;8;40;1510944604;40;255;1510944619;0
32;16;10;5;8;40;1510944743;40;255;1510944754;0
32;16;10;5;8;40;1510945416;40;255;1510945424;0
32;16;10;5;8;40;1510945431;40;255;1510945439;0
32;16;10;5;8;40;1510945718;40;255;1510945726;0
32;16;10;5;8;40;1510945948;40;255;1510945956;0
32;16;10;5;8;40;1510946679;40;255;1510946690;0
32;16;10;5;8;40;1510946699;40;255;1510946707;0
32;16;10;5;8;40;1510946894;40;255;1510946905;0
32;16;10;5;8;40;1510947215;40;255;1510947223;0
32;16;10;5;8;40;1510947699;40;255;1510947706;0
32;16;10;5;8;40;1510947838;40;255;1510947845;0
32;16;10;5;8;40;1510948052;40;255;1510948060;0
32;16;10;5;8;40;1510948564;40;255;1510948572;0
32;16;10;5;8;40;1510948767;40;255;1510948778;0
32;16;10;5;8;40;1510948929;40;255;1510948937;0
32;16;10;5;8;40;1510949118;40;255;1510949126;0
32;16;10;5;8;40;1510949656;40;255;1510949664;0
32;16;10;5;8;40;1510950017;40;255;1510950025;0
32;16;10;5;8;40;1510950052;40;255;1510950060;0
32;16;10;5;8;40;1510950257;40;255;1510950264;0
32;16;10;5;8;40;1510950768;40;255;1510950776;0
32;16;10;5;8;40;1510951100;40;255;1510951108;0
32;16;10;5;8;40;1510951334;40;255;1510951342;0
32;16;10;5;8;40;1510951482;40;255;1510951490;0
32;16;10;5;8;40;1510952111;40;255;1510952122;0
32;16;10;5;8;40;1510952126;40;255;1510952134;0
32;16;10;5;8;40;1510952291;40;255;1510952299;0
32;16;10;5;8;40;1510952739;40;255;1510952747;0
32;16;10;5;8;40;1510953231;40;255;1510953238;0
32;16;10;5;8;40;1510953310;40;255;1510953317;0
32;16;10;5;8;40;1510953382;40;255;1510953390;0
32;16;10;5;8;40;1510953842;40;255;1510953849;0
32;16;10;5;8;40;1510954219;40;255;1510954227;0
32;16;10;5;8;40;1510954475;40;255;1510954483;0
32;16;10;5;8;40;1510954535;40;255;1510954543;0
32;16;10;5;8;40;1510954885;40;255;1510954893;0
32;16;10;5;8;40;1510955441;40;255;1510955449;0
32;16;10;5;8;40;1510955476;40;255;1510955490;0
32;16;10;5;8;40;1510955695;40;255;1510955703;0
32;16;10;5;8;40;1510955934;40;255;1510955942;0
32;16;10;5;8;40;1510956463;40;255;1510956471;0
32;16;10;5;8;40;1510956559;40;255;1510956567;0
32;16;10;5;8;40;1510956810;40;255;1510956818;0
32;16;10;5;8;40;1510957196;40;255;1510957203;0
32;16;10;5;8;40;1510957686;40;255;1510957696;0
32;16;10;5;8;40;1510957838;40;255;1510957846;0
32;16;10;5;8;40;1510957933;40;255;1510957944;0
32;16;10;5;8;40;1510958411;40;255;1510958422;0
32;16;10;5;8;40;1510958710;40;255;1510958718;0
32;16;10;5;8;40;1510958880;40;255;1510958888;0
32;16;10;5;8;40;1510958962;40;255;1510958969;0
32;16;10;5;8;40;1510959735;40;255;1510959743;0
32;16;10;5;8;40;1510959976;40;255;1510959987;0
32;16;10;5;8;40;1510960136;40;255;1510960147;0
32;16;10;5;8;40;1510960232;40;255;1510960240;0
32;16;10;5;8;40;1510960796;40;255;1510960804;0
32;16;10;5;8;40;1510961086;40;255;1510961094;0
32;16;10;5;8;40;1510961190;40;255;1510961198;0
32;16;10;5;8;40;1510961421;40;255;1510961432;0
32;16;10;5;8;40;1510962039;40;255;1510962050;0
32;16;10;5;8;40;1510962297;40;255;1510962311;0
32;16;10;5;8;40;1510962401;40;255;1510962409;0
32;16;10;5;8;40;1510962426;40;255;1510962434;0
32;16;10;5;8;40;1510963051;40;255;1510963059;0
32;16;10;5;8;40;1510963267;40;255;1510963275;0
32;16;10;5;8;40;1510963727;40;255;1510963735;0
32;16;10;5;8;40;1510963749;40;255;1510963757;0
32;16;10;5;8;40;1510964311;40;255;1510964319;0
32;16;10;5;8;40;1510964548;40;255;1510964556;0
32;16;10;5;8;40;1510964774;40;255;1510964785;0
32;16;10;5;8;40;1510965054;40;255;1510965062;0
32;16;10;5;8;40;1510965399;40;255;1510965410;0
32;16;10;5;8;40;1510965767;40;255;1510965775;0
32;16;10;5;8;40;1510965946;40;255;1510965954;0
32;16;10;5;8;40;1510966219;40;255;1510966226;0
32;16;10;5;8;40;1510966415;40;255;1510966423;0
32;16;10;5;8;40;1510966983;40;255;1510966991;0
32;16;10;5;8;40;1510967123;40;255;1510967130;0
32;16;10;5;8;40;1510967360;40;255;1510967368;0
32;16;10;5;8;40;1510967546;40;255;1510967554;0
32;16;10;5;8;40;1510968254;40;255;1510968262;0
32;16;10;5;8;40;1510968271;40;255;1510968282;0
32;16;10;5;8;40;1510968552;40;255;1510968560;0
32;16;10;5;8;40;1510968928;40;255;1510968936;0
32;16;10;5;8;40;1510969418;40;255;1510969426;0
32;16;10;5;8;40;1510969571;40;255;1510969579;0
32;16;10;5;8;40;1510969755;40;255;1510969770;0
32;16;10;5;8;40;1510970137;40;255;1510970145;0
32;16;10;5;8;40;1510970613;40;255;1510970627;0
32;16;10;5;8;40;1510970832;40;255;1510970840;0
32;16;10;5;8;40;1510970867;40;255;1510970875;0
32;16;10;5;8;40;1510971285;40;255;1510971293;0
32;16;10;5;8;40;1510971846;40;255;1510971854;0
32;16;10;5;8;40;1510972027;40;255;1510972034;0
32;16;10;5;8;40;1510972197;40;255;1510972205;0
32;16;10;5;8;40;1510972463;40;255;1510972470;0
32;16;10;5;8;40;1510973086;40;255;1510973094;0
32;16;10;5;8;40;1510973281;40;255;1510973289;0
32;16;10;5;8;40;1510973411;40;255;1510973419;0
32;16;10;5;8;40;1510973515;40;255;1510973526;0
32;16;10;5;8;40;1510974065;40;255;1510974073;0
32;16;10;5;8;40;1510974414;40;255;1510974422;0
32;16;10;5;8;40;1510974594;40;255;1510974602;0
32;16;10;5;8;40;1510974737;40;255;1510974745;0
32;16;10;5;8;40;1510975110;40;255;1510975118;0
32;16;10;5;8;40;1510975596;40;255;1510975604;0
32;16;10;5;8;40;1510975636;40;255;1510975643;0
32;16;10;5;8;40;1510975963;40;255;1510975984;0
32;16;10;5;8;40;1510976280;40;255;1510976288;0
32;16;10;5;8;40;1510976799;40;255;1510976807;0
32;16;10;5;8;40;1510976836;40;255;1510976844;0
32;16;10;5;8;40;1510977139;40;255;1510977147;0
32;16;10;5;8;40;1510977593;40;255;1510977601;0
32;16;10;5;8;40;1510977736;40;255;1510977744;0
32;16;10;5;8;40;1510977890;40;255;1510977897;0
32;16;10;5;8;40;1510978273;40;255;1510978287;0
32;16;10;5;8;40;1510978774;40;255;1510978782;0
32;16;10;5;8;40;1510978899;40;255;1510978907;0
32;16;10;5;8;40;1510979034;40;255;1510979042;0
32;16;10;5;8;40;1510979548;40;255;1510979556;0
32;16;10;5;8;40;1510980052;40;255;1510980060;0
32;16;10;5;8;40;1510980209;40;255;1510980216;0
32;16;10;5;8;40;1510980236;40;255;1510980247;0
32;16;10;5;8;40;1510980641;40;255;1510980648;0
32;16;10;5;8;40;1510981178;40;255;1510981186;0
32;16;10;5;8;40;1510981341;40;255;1510981349;0
32;16;10;5;8;40;1510981397;40;255;1510981408;0
32;16;10;5;8;40;1510981811;40;255;1510981819;0
32;16;10;5;8;40;1510982363;40;255;1510982374;0
32;16;10;5;8;40;1510982373;40;255;1510982384;0
32;16;10;5;8;40;1510982539;40;255;1510982547;0
32;16;10;5;8;40;1510982822;40;255;1510982830;0
32;16;10;5;8;40;1510983396;40;255;1510983404;0
32;16;10;5;8;40;1510983602;40;255;1510983613;0
32;16;10;5;8;40;1510983840;40;255;1510983847;0
32;16;10;5;8;40;1510983852;40;255;1510983863;0
32;16;10;5;8;40;1510984582;40;255;1510984589;0
32;16;10;5;8;40;1510984599;40;255;1510984606;0
32;16;10;5;8;40;1510985009;40;255;1510985016;0
32;16;10;5;8;40;1510985049;40;255;1510985057;0
32;16;10;5;8;40;1510985686;40;255;1510985693;0
32;16;10;5;8;40;1510985838;40;255;1510985845;0
32;16;10;5;8;40;1510986012;40;255;1510986020;0
32;16;10;5;8;40;1510986219;40;255;1510986226;0
32;16;10;5;8;40;1510986741;40;255;1510986748;0
32;16;10;5;8;40;1510986952;40;255;1510986960;0
32;16;10;5;8;40;1510987030;40;255;1510987041;0
32;16;10;5;8;40;1510987467;40;255;1510987475;0
32;16;10;5;8;40;1510987926;40;255;1510987934;0
32;16;10;5;8;40;1510988169;40;255;1510988177;0
32;16;10;5;8;40;1510988293;40;255;1510988301;0
32;16;10;5;8;40;1510988732;40;255;1510988743;0
32;16;10;5;8;40;1510989151;40;255;1510989162;0
32;16;10;5;8;40;1510989338;40;255;1510989349;0
32;16;10;5;8;40;1510989379;40;255;1510989387;0
32;16;10;5;8;40;1510989958;40;255;1510989966;0
32;16;10;5;8;40;1510990339;40;255;1510990346;0
32;16;10;5;8;40;1510990385;40;255;1510990393;0
32;16;10;5;8;40;1510990400;40;255;1510990408;0
32;16;10;5;8;40;1510991085;40;255;1510991099;0
32;16;10;5;8;40;1510991529;40;255;1510991537;0
32;16;10;5;8;40;1510991611;40;255;1510991619;0
32;16;10;5;8;40;1510991789;40;255;1510991801;0
32;16;10;5;8;40;1510992174;40;255;1510992182;0
32;16;10;5;8;40;1510992553;40;255;1510992564;0
32;16;10;5;8;40;1510992810;40;255;1510992822;0
32;16;10;5;8;40;1510992860;40;255;1510992871;0
32;16;10;5;8;40;1510993414;40;255;1510993422;0
32;16;10;5;8;40;1510993712;40;255;1510993724;0
32;16;10;5;8;40;1510994011;40;255;1510994019;0
32;16;10;5;8;40;1510994069;40;255;1510994083;0
32;16;10;5;8;40;1510994694;40;255;1510994702;0
32;16;10;5;8;40;1510995076;40;255;1510995084;0
32;16;10;5;8;40;1510995163;40;255;1510995171;0
32;16;10;5;8;40;1510995203;40;255;1510995214;0
32;16;10;5;8;40;1510995797;40;255;1510995805;0
32;16;10;5;8;40;1510996224;40;255;1510996232;0
32;16;10;5;8;40;1510996409;40;255;1510996420;0
32;16;10;5;8;40;1510996501;40;255;1510996518;0
32;16;10;5;8;40;1510996896;40;255;1510996904;0
32;16;10;5;8;40;1510997368;40;255;1510997376;0
32;16;10;5;8;40;1510997454;40;255;1510997462;0
32;16;10;5;8;40;1510997690;40;255;1510997698;0
32;16;10;5;8;40;1510998163;40;255;1510998171;0
32;16;10;5;8;40;1510998484;40;255;1510998496;0
32;16;10;5;8;40;1510998559;40;255;1510998570;0
32;16;10;5;8;40;1510998804;40;255;1510998812;0
32;16;10;5;8;40;1510999351;40;255;1510999359;0
32;16;10;5;8;40;1510999619;40;255;1510999627;0
32;16;10;5;8;40;1510999666;40;255;1510999674;0
32;16;10;5;8;40;1510999859;40;255;1510999867;0
32;16;10;5;8;40;1511000573;40;255;1511000581;0
32;16;10;5;8;40;1511000846;40;255;1511000854;0
32;16;10;5;8;40;1511000906;40;255;1511000917;0
32;16;10;5;8;40;1511001049;40;255;1511001060;0
32;16;10;5;8;40;1511001748;40;255;1511001756;0
32;16;10;5;8;40;1511002042;40;255;1511002050;0
32;16;10;5;8;40;1511002223;40;255;1511002234;0
32;16;10;5;8;40;1511002352;40;255;1511002362;0
32;16;10;5;8;40;1511002884;40;255;1511002892;0
32;16;10;5;8;40;1511003189;40;255;1511003197;0
32;16;10;5;8;40;1511003523;40;255;1511003531;0
32;16;10;5;8;40;1511003546;40;255;1511003554;0
32;16;10;5;8;40;1511004112;40;255;1511004120;0
32;16;10;5;8;40;1511004227;40;255;1511004238;0
32;16;10;5;8;40;1511004575;40;255;1511004586;0
32;16;10;5;8;40;1511004680;40;255;1511004688;0
32;16;10;5;8;40;1511005382;40;255;1511005390;0
32;16;10;5;8;40;1511005458;40;255;1511005465;0
32;16;10;5;8;40;1511005806;40;255;1511005814;0
32;16;10;5;8;40;1511005922;40;255;1511005930;0
32;16;10;5;8;40;1511006340;40;255;1511006348;0
32;16;10;5;8;40;1511006750;40;255;1511006765;0
32;16;10;5;8;40;1511006926;40;255;1511006937;0
32;16;10;5;8;40;1511007184;40;255;1511007195;0
32;16;10;5;8;40;1511007441;40;255;1511007455;0
32;16;10;5;8;40;1511008015;40;255;1511008023;0
32;16;10;5;8;40;1511008213;40;255;1511008221;0
32;16;10;5;8;40;1511008535;40;255;1511008543;0
32;16;10;5;8;40;1511008573;40;255;1511008581;0
32;16;10;5;8;40;1511009172;40;255;1511009180;0
32;16;10;5;8;40;1511009422;40;255;1511009433;0
32;16;10;5;8;40;1511009627;40;255;1511009635;0
32;16;10;5;8;40;1511009700;40;255;1511009708;0
32;16;10;5;8;40;1511010084;40;255;1511010092;0
32;16;10;5;8;40;1511010488;40;255;1511010496;0
32;16;10;5;8;40;1511010772;40;255;1511010783;0
32;16;10;5;8;40;1511010800;40;255;1511010817;0
32;16;10;5;8;40;1511011214;40;255;1511011222;0
32;16;10;5;8;40;1511011769;40;255;1511011777;0
32;16;10;5;8;40;1511011826;40;255;1511011837;0
32;16;10;5;8;40;1511011956;40;255;1511011964;0
32;16;10;5;8;40;1511012475;40;255;1511012486;0
32;16;10;5;8;40;1511012952;40;255;1511012960;0
32;16;10;5;8;40;1511012953;40;255;1511012961;0
32;16;10;5;8;40;1511013102;40;255;1511013110;0
32;16;10;5;8;40;1511013835;40;255;1511013843;0
32;16;10;5;8;40;1511013951;40;255;1511013959;0
32;16;10;5;8;40;1511014141;40;255;1511014155;0
32;16;10;5;8;40;1511014155;40;255;1511014163;0
32;16;10;5;8;40;1511014946;40;255;1511014954;0
32;16;10;5;8;40;1511015062;40;255;1511015073;0
32;16;10;5;8;40;1511015302;40;255;1511015313;0
32;16;10;5;8;40;1511015345;40;255;1511015353;0
32;16;10;5;8;40;1511016181;40;255;1511016189;0
32;16;10;5;8;40;1511016304;40;255;1511016312;0
32;16;10;5;8;40;1511016314;40;255;1511016321;0
32;16;10;5;8;40;1511016530;40;255;1511016538;0
32;16;10;5;8;40;1511017454;40;255;1511017465;0
32;16;10;5;8;40;1511017462;40;255;1511017473;0
32;16;10;5;8;40;1511017556;40;255;1511017564;0
32;16;10;5;8;40;1511017718;40;255;1511017729;0
32;16;10;5;8;40;1511018474;40;255;1511018482;0
32;16;10;5;8;40;1511018695;40;255;1511018703;0
32;16;10;5;8;40;1511018754;40;255;1511018762;0
32;16;10;5;8;40;1511018853;40;255;1511018861;0
32;16;10;5;8;40;1511019628;40;255;1511019636;0
32;16;10;5;8;40;1511019916;40;255;1511019924;0
32;16;10;5;8;40;1511019936;40;255;1511019943;0
32;16;10;5;8;40;1511019969;40;255;1511019977;0
32;16;10;5;8;40;1511020658;40;255;1511020666;0
32;16;10;5;8;40;1511021073;40;255;1511021087;0
32;16;10;5;8;40;1511021135;40;255;1511021143;0
32;16;10;5;8;40;1511021163;40;255;1511021171;0
32;16;10;5;8;40;1511021881;40;255;1511021888;0
32;16;10;5;8;40;1511022218;40;255;1511022226;0
32;16;10;5;8;40;1511022344;40;255;1511022352;0
32;16;10;5;8;40;1511022529;40;255;1511022537;0
32;16;10;5;8;40;1511023199;40;255;1511023207;0
32;16;10;5;8;40;1511023334;40;255;1511023342;0
32;16;10;5;8;40;1511023676;40;255;1511023684;0
32;16;10;5;8;40;1511023686;40;255;1511023701;0
32;16;10;5;8;40;1511024247;40;255;1511024255;0
32;16;10;5;8;40;1511024408;40;255;1511024423;0
32;16;10;5;8;40;1511024738;40;255;1511024749;0
32;16;10;5;8;40;1511024954;40;255;1511024965;0
32;16;10;5;8;40;1511025339;40;255;1511025353;0
32;16;10;5;8;40;1511025563;40;255;1511025571;0
32;16;10;5;8;40;1511025710;40;255;1511025718;0
32;16;10;5;8;40;1511026077;40;255;1511026085;0
32;16;10;5;8;40;1511026452;40;255;1511026460;0
32;16;10;5;8;40;1511026621;40;255;1511026629;0
32;16;10;5;8;40;1511026909;40;255;1511026917;0
32;16;10;5;8;40;1511027122;40;255;1511027130;0
32;16;10;5;8;40;1511027693;40;255;1511027701;0
32;16;10;5;8;40;1511027944;40;255;1511027952;0
32;16;10;5;8;40;1511028144;40;255;1511028152;0
32;16;10;5;8;40;1511028275;40;255;1511028283;0
32;16;10;5;8;40;1511028890;40;255;1511028901;0
32;16;10;5;8;40;1511029196;40;255;1511029203;0
32;16;10;5;8;40;1511029238;40;255;1511029246;0
32;16;10;5;8;40;1511029614;40;255;1511029622;0
32;16;10;5;8;40;1511029913;40;255;1511029920;0
32;16;10;5;8;40;1511030336;40;255;1511030344;0
32;16;10;5;8;40;1511030427;40;255;1511030434;0
32;16;10;5;8;40;1511030917;40;255;1511030928;0
32;16;10;5;8;40;1511031003;40;255;1511031014;0
32;16;10;5;8;40;1511031442;40;255;1511031450;0
32;16;10;5;8;40;1511031649;40;255;1511031657;0
32;16;10;5;8;40;1511032078;40;255;1511032086;0
32;16;10;5;8;40;1511032262;40;255;1511032273;0
32;16;10;5;8;40;1511032494;40;255;1511032501;0
32;16;10;5;8;40;1511032837;40;255;1511032848;0
32;16;10;5;8;40;1511033324;40;255;1511033335;0
32;16;10;5;8;40;1511033331;40;255;1511033339;0
32;16;10;5;8;40;1511033622;40;255;1511033630;0
32;16;10;5;8;40;1511034013;40;255;1511034021;0
32;16;10;5;8;40;1511034539;40;255;1511034547;0
32;16;10;5;8;40;1511034558;40;255;1511034566;0
32;16;10;5;8;40;1511034659;40;255;1511034667;0
32;16;10;5;8;40;1511035265;40;255;1511035276;0
32;16;10;5;8;40;1511035612;40;255;1511035629;0
32;16;10;5;8;40;1511035778;40;255;1511035785;0
32;16;10;5;8;40;1511035884;40;255;1511035892;0
32;16;10;5;8;40;1511036578;40;255;1511036586;0
32;16;10;5;8;40;1511036790;40;255;1511036798;0
32;16;10;5;8;40;1511036904;40;255;1511036912;0
32;16;10;5;8;40;1511037082;40;255;1511037090;0
32;16;10;5;8;40;1511037702;40;255;1511037709;0
32;16;10;5;8;40;1511037944;40;255;1511037952;0
32;16;10;5;8;40;1511038067;40;255;1511038081;0
32;16;10;5;8;40;1511038077;40;255;1511038085;0
32;16;10;5;8;40;1511038899;40;255;1511038907;0
32;16;10;5;8;40;1511038953;40;255;1511038961;0
32;16;10;5;8;40;1511039178;40;255;1511039186;0
32;16;10;5;8;40;1511039255;40;255;1511039263;0
32;16;10;5;8;40;1511040006;40;255;1511040014;0
32;16;10;5;8;40;1511040100;40;255;1511040108;0
32;16;10;5;8;40;1511040280;40;255;1511040288;0
32;16;10;5;8;40;1511040450;40;255;1511040457;0
32;16;10;5;8;40;1511041250;40;255;1511041258;0
32;16;10;5;8;40;1511041252;40;255;1511041260;0
32;16;10;5;8;40;1511041419;40;255;1511041427;0
32;16;10;5;8;40;1511041534;40;255;1511041542;0
32;16;10;5;8;40;1511042390;40;255;1511042398;0
32;16;10;5;8;40;1511042403;40;255;1511042411;0
32;16;10;5;8;40;1511042629;40;255;1511042637;0
32;16;10;5;8;40;1511042753;40;255;1511042762;0
32;16;10;5;8;40;1511043664;40;255;1511043678;0
32;16;10;5;8;40;1511043723;40;255;1511043738;0
32;16;10;5;8;40;1511043769;40;255;1511043780;0
32;16;10;5;8;40;1511043976;40;255;1511043984;0
32;16;10;5;8;40;1511044680;40;255;1511044691;0
32;16;10;5;8;40;1511044863;40;255;1511044871;0
32;16;10;5;8;40;1511044919;40;255;1511044930;0
32;16;10;5;8;40;1511044956;40;255;1511044970;0
32;16;10;5;8;40;1511045943;40;255;1511045951;0
32;16;10;5;8;40;1511045993;40;255;1511046001;0
32;16;10;5;8;40;1511046159;40;255;1511046166;0
32;16;10;5;8;40;1511046222;40;255;1511046230;0
32;16;10;5;8;40;1511047107;40;255;1511047115;0
32;16;10;5;8;40;1511047113;40;255;1511047124;0
32;16;10;5;8;40;1511047168;40;255;1511047179;0
32;16;10;5;8;40;1511047274;40;255;1511047283;0
32;16;10;5;8;40;1511048198;40;255;1511048206;0
32;16;10;5;8;40;1511048298;40;255;1511048306;0
32;16;10;5;8;40;1511048300;40;255;1511048307;0
32;16;10;5;8;40;1511048406;40;255;1511048414;0
32;16;10;5;8;40;1511049348;40;255;1511049356;0
32;16;10;5;8;40;1511049520;40;255;1511049528;0
32;16;10;5;8;40;1511049551;40;255;1511049558;0
32;16;10;5;8;40;1511049577;40;255;1511049585;0
32;16;10;5;8;40;1511050530;40;255;1511050538;0
32;16;10;5;8;40;1511050613;40;255;1511050621;0
32;16;10;5;8;40;1511050762;40;255;1511050770;0
32;16;10;5;8;40;1511050772;40;255;1511050780;0
32;16;10;5;8;40;1511051691;40;255;1511051699;0
32;16;10;5;8;40;1511051736;40;255;1511051744;0
32;16;10;5;8;40;1511051928;40;255;1511051936;0
32;16;10;5;8;40;1511051939;40;255;1511051947;0
32;16;10;5;8;40;1511052823;40;255;1511052834;0
32;16;10;5;8;40;1511052840;40;255;1511052848;0
32;16;10;5;8;40;1511052955;40;255;1511052963;0
32;16;10;5;8;40;1511053102;40;255;1511053110;0
32;16;10;5;8;40;1511053981;40;255;1511053992;0
32;16;10;5;8;40;1511054014;40;255;1511054022;0
32;16;10;5;8;40;1511054153;40;255;1511054161;0
32;16;10;5;8;40;1511054202;40;255;1511054213;0
32;16;10;5;8;40;1511055125;40;255;1511055132;0
32;16;10;5;8;40;1511055161;40;255;1511055169;0
32;16;10;5;8;40;1511055321;40;255;1511055329;0
32;16;10;5;8;40;1511055350;40;255;1511055358;0
32;16;10;5;8;40;1511056274;40;255;1511056282;0
32;16;10;5;8;40;1511056389;40;255;1511056397;0
32;16;10;5;8;40;1511056416;40;255;1511056424;0
32;16;10;5;8;40;1511056521;40;255;1511056529;0
32;16;10;5;8;40;1511057327;40;255;1511057335;0
32;16;10;5;8;40;1511057488;40;255;1511057496;0
32;16;10;5;8;40;1511057531;40;255;1511057539;0
32;16;10;5;8;40;1511057624;40;255;1511057632;0
32;16;10;5;8;40;1511058552;40;255;1511058560;0
32;16;10;5;8;40;1511058602;40;255;1511058613;0
32;16;10;5;8;40;1511058775;40;255;1511058783;0
32;16;10;5;8;40;1511059061;40;255;1511059075;0
32;16;10;5;8;40;1511059757;40;255;1511059765;0
32;16;10;5;8;40;1511059784;40;255;1511059792;0
32;16;10;5;8;40;1511060013;40;255;1511060024;0
32;16;10;5;8;40;1511060326;40;255;1511060334;0
32;16;10;5;8;40;1511060805;40;255;1511060815;0
32;16;10;5;8;40;1511060903;40;255;1511060911;0
32;16;10;5;8;40;1511061062;40;255;1511061070;0
32;16;10;5;8;40;1511061582;40;255;1511061593;0
32;16;10;5;8;40;1511061973;40;255;1511061984;0
32;16;10;5;8;40;1511062054;40;255;1511062062;0
32;16;10;5;8;40;1511062119;40;255;1511062127;0
32;16;10;5;8;40;1511062697;40;255;1511062708;0
32;16;10;5;8;40;1511063162;40;255;1511063170;0
32;16;10;5;8;40;1511063262;40;255;1511063270;0
32;16;10;5;8;40;1511063397;40;255;1511063405;0
32;16;10;5;8;40;1511063809;40;255;1511063820;0
32;16;10;5;8;40;1511064270;40;255;1511064278;0
32;16;10;5;8;40;1511064542;40;255;1511064553;0
32;16;10;5;8;40;1511064583;40;255;1511064591;0
32;16;10;5;8;40;1511064919;40;255;1511064930;0
32;16;10;5;8;40;1511065366;40;255;1511065374;0
32;16;10;5;8;40;1511065569;40;255;1511065577;0
32;16;10;5;8;40;1511065804;40;255;1511065812;0
32;16;10;5;8;40;1511066030;40;255;1511066041;0
32;16;10;5;8;40;1511066556;40;255;1511066563;0
32;16;10;5;8;40;1511066616;40;255;1511066624;0
32;16;10;5;8;40;1511066914;40;255;1511066921;0
32;16;10;5;8;40;1511067322;40;255;1511067330;0
32;16;10;5;8;40;1511067546;40;255;1511067554;0
32;16;10;5;8;40;1511067908;40;255;1511067916;0
32;16;10;5;8;40;1511067949;40;255;1511067957;0
32;16;10;5;8;40;1511068479;40;255;1511068487;0
32;16;10;5;8;40;1511068778;40;255;1511068786;0
32;16;10;5;8;40;1511068837;40;255;1511068845;0
32;16;10;5;8;40;1511068971;40;255;1511068982;0
32;16;10;5;8;40;1511069514;40;255;1511069525;0
32;16;10;5;8;40;1511069863;40;255;1511069871;0
32;16;10;5;8;40;1511069871;40;255;1511069879;0
32;16;10;5;8;40;1511070162;40;255;1511070170;0
32;16;10;5;8;40;1511070674;40;255;1511070688;0
32;16;10;5;8;40;1511070945;40;255;1511070952;0
32;16;10;5;8;40;1511070961;40;255;1511070969;0
32;16;10;5;8;40;1511071243;40;255;1511071251;0
32;16;10;5;8;40;1511071987;40;255;1511071995;0
32;16;10;5;8;40;1511071995;40;255;1511072003;0
32;16;10;5;8;40;1511072204;40;255;1511072215;0
32;16;10;5;8;40;1511072426;40;255;1511072433;0
32;16;10;5;8;40;1511073085;40;255;1511073093;0
32;16;10;5;8;40;1511073237;40;255;1511073245;0
32;16;10;5;8;40;1511073290;40;255;1511073298;0
32;16;10;5;8;40;1511073717;40;255;1511073725;0
32;16;10;5;8;40;1511074149;40;255;1511074157;0
32;16;10;5;8;40;1511074237;40;255;1511074245;0
32;16;10;5;8;40;1511074476;40;255;1511074488;0
32;16;10;5;8;40;1511074904;40;255;1511074912;0
32;16;10;5;8;40;1511075299;40;255;1511075313;0
32;16;10;5;8;40;1511075488;40;255;1511075496;0
32;16;10;5;8;40;1511075552;40;255;1511075560;0
32;16;10;5;8;40;1511076005;40;255;1511076013;0
32;16;10;5;8;40;1511076414;40;255;1511076422;0
32;16;10;5;8;40;1511076608;40;255;1511076616;0
32;16;10;5;8;40;1511076704;40;255;1511076712;0
32;16;10;5;8;40;1511077197;40;255;1511077208;0
32;16;10;5;8;40;1511077627;40;255;1511077635;0
32;16;10;5;8;40;1511077851;40;255;1511077858;0
32;16;10;5;8;40;1511077863;40;255;1511077871;0
32;16;10;5;8;40;1511078334;40;255;1511078345;0
32;16;10;5;8;40;1511078651;40;255;1511078667;0
32;16;10;5;8;40;1511078981;40;255;1511078989;0
32;16;10;5;8;40;1511079004;40;255;1511079012;0
32;16;10;5;8;40;1511079518;40;255;1511079526;0
32;16;10;5;8;40;1511079712;40;255;1511079720;0
32;16;10;5;8;40;1511080151;40;255;1511080159;0
32;16;10;5;8;40;1511080193;40;255;1511080201;0
32;16;10;5;8;40;1511080592;40;255;1511080599;0
32;16;10;5;8;40;1511080854;40;255;1511080861;0
32;16;10;5;8;40;1511081283;40;255;1511081291;0
32;16;10;5;8;40;1511081453;40;255;1511081464;0
32;16;10;5;8;40;1511081902;40;255;1511081913;0
32;16;10;5;8;40;1511081958;40;255;1511081966;0
32;16;10;5;8;40;1511082473;40;255;1511082480;0
32;16;10;5;8;40;1511082696;40;255;1511082713;0
32;16;10;5;8;40;1511082971;40;255;1511082978;0
32;16;10;5;8;40;1511083129;40;255;1511083137;0
32;16;10;5;8;40;1511083608;40;255;1511083615;0
32;16;10;5;8;40;1511083834;40;255;1511083842;0
32;16;10;5;8;40;1511084100;40;255;1511084111;0
32;16;10;5;8;40;1511084225;40;255;1511084232;0
32;16;10;5;8;40;1511084627;40;255;1511084644;0
32;16;10;5;8;40;1511084906;40;255;1511084914;0
32;16;10;5;8;40;1511085195;40;255;1511085213;0
32;16;10;5;8;40;1511085379;40;255;1511085387;0
32;16;10;5;8;40;1511085690;40;255;1511085698;0
32;16;10;5;8;40;1511086121;40;255;1511086129;0
32;16;10;5;8;40;1511086361;40;255;1511086375;0
32;16;10;5;8;40;1511086660;40;255;1511086671;0
32;16;10;5;8;40;1511086928;40;255;1511086936;0
32;16;10;5;8;40;1511087299;40;255;1511087307;0
32;16;10;5;8;40;1511087582;40;255;1511087590;0
32;16;10;5;8;40;1511087976;40;255;1511087984;0
32;16;10;5;8;40;1511087976;40;255;1511087984;0
32;16;10;5;8;40;1511088378;40;255;1511088386;0
32;16;10;5;8;40;1511088848;40;255;1511088856;0
32;16;10;5;8;40;1511089141;40;255;1511089152;0
32;16;10;5;8;40;1511089169;40;255;1511089177;0
32;16;10;5;8;40;1511089466;40;255;1511089474;0
32;16;10;5;8;40;1511090036;40;255;1511090044;0
32;16;10;5;8;40;1511090342;40;255;1511090350;0
32;16;10;5;8;40;1511090427;40;255;1511090435;0
32;16;10;5;8;40;1511090744;40;255;1511090752;0
32;16;10;5;8;40;1511091183;40;255;1511091194;0
32;16;10;5;8;40;1511091536;40;255;1511091551;0
32;16;10;5;8;40;1511091649;40;255;1511091657;0
32;16;10;5;8;40;1511091918;40;255;1511091926;0
32;16;10;5;8;40;1511092468;40;255;1511092478;0
32;16;10;5;8;40;1511092486;40;255;1511092494;0
32;16;10;5;8;40;1511092911;40;255;1511092919;0
32;16;10;5;8;40;1511093016;40;255;1511093023;0
32;16;10;5;8;40;1511093616;40;255;1511093624;0
32;16;10;5;8;40;1511093823;40;255;1511093831;0
32;16;10;5;8;40;1511094013;40;255;1511094021;0
32;16;10;5;8;40;1511094259;40;255;1511094267;0
32;16;10;5;8;40;1511094665;40;255;1511094673;0
32;16;10;5;8;40;1511094867;40;255;1511094878;0
32;16;10;5;8;40;1511095093;40;255;1511095101;0
32;16;10;5;8;40;1511095379;40;255;1511095387;0
32;16;10;5;8;40;1511095853;40;255;1511095860;0
32;16;10;5;8;40;1511096119;40;255;1511096127;0
32;16;10;5;8;40;1511096247;40;255;1511096255;0
32;16;10;5;8;40;1511096827;40;255;1511096835;0
32;16;10;5;8;40;1511096972;40;255;1511096983;0
32;16;10;5;8;40;1511097283;40;255;1511097294;0
32;16;10;5;8;40;1511097335;40;255;1511097346;0
32;16;10;5;8;40;1511097876;40;255;1511097884;0
32;16;10;5;8;40;1511098138;40;255;1511098146;0
32;16;10;5;8;40;1511098343;40;255;1511098354;0
32;16;10;5;8;40;1511098488;40;255;1511098496;0
32;16;10;5;8;40;1511099078;40;255;1511099090;0
32;16;10;5;8;40;1511099360;40;255;1511099367;0
32;16;10;5;8;40;1511099652;40;255;1511099660;0
32;16;10;5;8;40;1511099782;40;255;1511099793;0
32;16;10;5;8;40;1511100378;40;255;1511100386;0
32;16;10;5;8;40;1511100432;40;255;1511100439;0
32;16;10;5;8;40;1511100818;40;255;1511100830;0
32;16;10;5;8;40;1511100836;40;255;1511100843;0
32;16;10;5;8;40;1511101503;40;255;1511101511;0
32;16;10;5;8;40;1511101594;40;255;1511101602;0
32;16;10;5;8;40;1511101942;40;255;1511101950;0
32;16;10;5;8;40;1511101969;40;255;1511101977;0
32;16;10;5;8;40;1511102541;40;255;1511102555;0
32;16;10;5;8;40;1511102836;40;255;1511102847;0
32;16;10;5;8;40;1511103022;40;255;1511103033;0
32;16;10;5;8;40;1511103108;40;255;1511103116;0
32;16;10;5;8;40;1511103489;40;255;1511103497;0
32;16;10;5;8;40;1511104024;40;255;1511104032;0
32;16;10;5;8;40;1511104172;40;255;1511104180;0
32;16;10;5;8;40;1511104387;40;255;1511104395;0
32;16;10;5;8;40;1511104786;40;255;1511104795;0
32;16;10;5;8;40;1511105157;40;255;1511105165;0
32;16;10;5;8;40;1511105230;40;255;1511105241;0
32;16;10;5;8;40;1511105539;40;255;1511105547;0
32;16;10;5;8;40;1511105917;40;255;1511105925;0
32;16;10;5;8;40;1511106177;40;255;1511106184;0
32;16;10;5;8;40;1511106334;40;255;1511106341;0
32;16;10;5;8;40;1511106550;40;255;1511106558;0
32;16;10;5;8;40;1511107028;40;255;1511107042;0
32;16;10;5;8;40;1511107383;40;255;1511107391;0
32;16;10;5;8;40;1511107422;40;255;1511107430;0
32;16;10;5;8;40;1511107529;40;255;1511107537;0
32;16;10;5;8;40;1511108327;40;255;1511108338;0
32;16;10;5;8;40;1511108503;40;255;1511108511;0
32;16;10;5;8;40;1511108576;40;255;1511108584;0
32;16;10;5;8;40;1511108837;40;255;1511108845;0
32;16;10;5;8;40;1511109383;40;255;1511109391;0
32;16;10;5;8;40;1511109585;40;255;1511109596;0
32;16;10;5;8;40;1511109779;40;255;1511109787;0
32;16;10;5;8;40;1511110010;40;255;1511110018;0
32;16;10;5;8;40;1511110642;40;255;1511110650;0
32;16;10;5;8;40;1511110669;40;255;1511110676;0
32;16;10;5;8;40;1511111138;40;255;1511111146;0
32;16;10;5;8;40;1511111194;40;255;1511111206;0
32;16;10;5;8;40;1511111741;40;255;1511111752;0
32;16;10;5;8;40;1511111972;40;255;1511111983;0
32;16;10;5;8;40;1511112320;40;255;1511112328;0
32;16;10;5;8;40;1511112363;40;255;1511112371;0
32;16;10;5;8;40;1511112817;40;255;1511112835;0
32;16;10;5;8;40;1511113342;40;255;1511113350;0
32;16;10;5;8;40;1511113527;40;255;1511113538;0
32;16;10;5;8;40;1511113642;40;255;1511113650;0
32;16;10;5;8;40;1511114115;40;255;1511114129;0
32;16;10;5;8;40;1511114337;40;255;1511114345;0
32;16;10;5;8;40;1511114796;40;255;1511114804;0
32;16;10;5;8;40;1511114877;40;255;1511114885;0
32;16;10;5;8;40;1511115231;40;255;1511115242;0
32;16;10;5;8;40;1511115404;40;255;1511115411;0
32;16;10;5;8;40;1511116107;40;255;1511116115;0
32;16;10;5;8;40;1511116177;40;255;1511116185;0
32;16;10;5;8;40;1511116516;40;255;1511116525;0
32;16;10;5;8;40;1511116704;40;255;1511116715;0
32;16;10;5;8;40;1511117164;40;255;1511117191;0
32;16;10;5;8;40;1511117323;40;255;1511117334;0
32;16;10;5;8;40;1511117810;40;255;1511117818;0
32;16;10;5;8;40;1511117829;40;255;1511117847;0
32;16;10;5;8;40;1511118326;40;255;1511118334;0
32;16;10;5;8;40;1511118578;40;255;1511118586;0
32;16;10;5;8;40;1511118899;40;255;1511118910;0
32;16;10;5;8;40;1511119119;40;255;1511119134;0
32;16;10;5;8;40;1511119515;40;255;1511119523;0
32;16;10;5;8;40;1511119751;40;255;1511119762;0
32;16;10;5;8;40;1511119913;40;255;1511119921;0
32;16;10;5;8;40;1511120214;40;255;1511120222;0
32;16;10;5;8;40;1511120578;40;255;1511120586;0
32;16;10;5;8;40;1511120824;40;255;1511120833;0
32;16;10;5;8;40;1511120952;40;255;1511120960;0
32;16;10;5;8;40;1511121400;40;255;1511121408;0
32;16;10;5;8;40;1511121755;40;255;1511121763;0
32;16;10;5;8;40;1511121949;40;255;1511121957;0
32;16;10;5;8;40;1511122301;40;255;1511122309;0
32;16;10;5;8;40;1511122451;40;255;1511122460;0
32;16;10;5;8;40;1511122833;40;255;1511122844;0
32;16;10;5;8;40;1511123215;40;255;1511123226;0
32;16;10;5;8;40;1511123386;40;255;1511123395;0
32;16;10;5;8;40;1511123592;40;255;1511123600;0
32;16;10;5;8;40;1511124069;40;255;1511124077;0
32;16;10;5;8;40;1511124398;40;255;1511124406;0
32;16;10;5;8;40;1511124568;40;255;1511124579;0
32;16;10;5;8;40;1511124834;40;255;1511124845;0
32;16;10;5;8;40;1511125269;40;255;1511125277;0
32;16;10;5;8;40;1511125474;40;255;1511125483;0
32;16;10;5;8;40;1511125778;40;255;1511125789;0
32;16;10;5;8;40;1511126026;40;255;1511126034;0
32;16;10;5;8;40;1511126450;40;255;1511126465;0
32;16;10;5;8;40;1511126743;40;255;1511126754;0
32;16;10;5;8;40;1511126833;40;255;1511126841;0
32;16;10;5;8;40;1511127105;40;255;1511127116;0
32;16;10;5;8;40;1511127671;40;255;1511127679;0
32;16;10;5;8;40;1511127809;40;255;1511127817;0
32;16;10;5;8;40;1511128189;40;255;1511128198;0
32;16;10;5;8;40;1511128271;40;255;1511128279;0
32;16;10;5;8;40;1511128941;40;255;1511128949;0
32;16;10;5;8;40;1511128993;40;255;1511129000;0
32;16;10;5;8;40;1511129229;40;255;1511129237;0
32;16;10;5;8;40;1511129352;40;255;1511129366;0
32;16;10;5;8;40;1511129949;40;255;1511129957;0
32;16;10;5;8;40;1511130177;40;255;1511130185;0
32;16;10;5;8;40;1511130387;40;255;1511130408;0
32;16;10;5;8;40;1511130640;40;255;1511130648;0
32;16;10;5;8;40;1511130997;40;255;1511131005;0
32;16;10;5;8;40;1511131460;40;255;1511131468;0
32;16;10;5;8;40;1511131501;40;255;1511131508;0
32;16;10;5;8;40;1511131895;40;255;1511131906;0
32;16;10;5;8;40;1511132099;40;255;1511132110;0
32;16;10;5;8;40;1511132654;40;255;1511132662;0
32;16;10;5;8;40;1511132661;40;255;1511132672;0
32;16;10;5;8;40;1511132951;40;255;1511132962;0
32;16;10;5;8;40;1511133180;40;255;1511133191;0
32;16;10;5;8;40;1511133881;40;255;1511133889;0
32;16;10;5;8;40;1511133921;40;255;1511133929;0
32;16;10;5;8;40;1511134124;40;255;1511134132;0
32;16;10;5;8;40;1511134154;40;255;1511134162;0
32;16;10;5;8;40;1511134964;40;255;1511134972;0
32;16;10;5;8;40;1511135076;40;255;1511135084;0
32;16;10;5;8;40;1511135259;40;255;1511135267;0
32;16;10;5;8;40;1511135295;40;255;1511135304;0
32;16;10;5;8;40;1511136092;40;255;1511136106;0
32;16;10;5;8;40;1511136353;40;255;1511136361;0
32;16;10;5;8;40;1511136400;40;255;1511136408;0
32;16;10;5;8;40;1511136587;40;255;1511136595;0
32;16;10;5;8;40;1511137217;40;255;1511137225;0
32;16;10;5;8;40;1511137600;40;255;1511137608;0
32;16;10;5;8;40;1511137639;40;255;1511137647;0
32;16;10;5;8;40;1511137851;40;255;1511137859;0
32;16;10;5;8;40;1511138428;40;255;1511138436;0
32;16;10;5;8;40;1511138767;40;255;1511138778;0
32;16;10;5;8;40;1511138848;40;255;1511138856;0
32;16;10;5;8;40;1511139159;40;255;1511139166;0
32;16;10;5;8;40;1511139653;40;255;1511139661;0
32;16;10;5;8;40;1511140028;40;255;1511140036;0
32;16;10;5;8;40;1511140028;40;255;1511140036;0
32;16;10;5;8;40;1511140279;40;255;1511140287;0
32;16;10;5;8;40;1511140862;40;255;1511140870;0
32;16;10;5;8;40;1511141241;40;255;1511141249;0
32;16;10;5;8;40;1511141256;40;255;1511141264;0
32;16;10;5;8;40;1511141395;40;255;1511141402;0
32;16;10;5;8;40;1511141921;40;255;1511141928;0
32;16;10;5;8;40;1511142397;40;255;1511142405;0
32;16;10;5;8;40;1511142443;40;255;1511142451;0
32;16;10;5;8;40;1511142472;40;255;1511142480;0
32;16;10;5;8;40;1511143015;40;255;1511143023;0
32;16;10;5;8;40;1511143652;40;255;1511143660;0
32;16;10;5;8;40;1511143673;40;255;1511143681;0
32;16;10;5;8;40;1511143744;40;255;1511143752;0
32;16;10;5;8;40;1511144260;40;255;1511144268;0
32;16;10;5;8;40;1511144765;40;255;1511144773;0
32;16;10;5;8;40;1511144814;40;255;1511144825;0
32;16;10;5;8;40;1511144895;40;255;1511144903;0
32;16;10;5;8;40;1511145316;40;255;1511145327;0
32;16;10;5;8;40;1511145880;40;255;1511145891;0
32;16;10;5;8;40;1511146078;40;255;1511146086;0
32;16;10;5;8;40;1511146149;40;255;1511146160;0
32;16;10;5;8;40;1511146583;40;255;1511146591;0
32;16;10;5;8;40;1511147007;40;255;1511147015;0
32;16;10;5;8;40;1511147125;40;255;1511147132;0
32;16;10;5;8;40;1511147356;40;255;1511147364;0
32;16;10;5;8;40;1511147979;40;255;1511147990;0
32;16;10;5;8;40;1511148192;40;255;1511148200;0
32;16;10;5;8;40;1511148387;40;255;1511148394;0
32;16;10;5;8;40;1511148489;40;255;1511148500;0
32;16;10;5;8;40;1511149054;40;255;1511149061;0
32;16;10;5;8;40;1511149433;40;255;1511149441;0
32;16;10;5;8;40;1511149636;40;255;1511149644;0
32;16;10;5;8;40;1511149803;40;255;1511149817;0
32;16;10;5;8;40;1511150224;40;255;1511150232;0
32;16;10;5;8;40;1511150551;40;255;1511150559;0
32;16;10;5;8;40;1511150826;40;255;1511150833;0
32;16;10;5;8;40;1511150849;40;255;1511150857;0
32;16;10;5;8;40;1511151476;40;255;1511151484;0
32;16;10;5;8;40;1511151659;40;255;1511151670;0
32;16;10;5;8;40;1511152014;40;255;1511152025;0
32;16;10;5;8;40;1511152127;40;255;1511152135;0
32;16;10;5;8;40;1511152854;40;255;1511152868;0
32;16;10;5;8;40;1511152872;40;255;1511152880;0
32;16;10;5;8;40;1511153163;40;255;1511153180;0
32;16;10;5;8;40;1511153223;40;255;1511153231;0
32;16;10;5;8;40;1511153981;40;255;1511153989;0
32;16;10;5;8;40;1511154058;40;255;1511154065;0
32;16;10;5;8;40;1511154221;40;255;1511154229;0
32;16;10;5;8;40;1511154339;40;255;1511154350;0
32;16;10;5;8;40;1511155143;40;255;1511155157;0
32;16;10;5;8;40;1511155398;40;255;1511155413;0
32;16;10;5;8;40;1511155491;40;255;1511155500;0
32;16;10;5;8;40;1511155659;40;255;1511155667;0
32;16;10;5;8;40;1511156503;40;255;1511156511;0
32;16;10;5;8;40;1511156615;40;255;1511156623;0
32;16;10;5;8;40;1511156664;40;255;1511156672;0
32;16;10;5;8;40;1511156812;40;255;1511156820;0
32;16;10;5;8;40;1511157550;40;255;1511157558;0
32;16;10;5;8;40;1511157763;40;255;1511157771;0
32;16;10;5;8;40;1511157970;40;255;1511157978;0
32;16;10;5;8;40;1511158121;40;255;1511158129;0
32;16;10;5;8;40;1511158694;40;255;1511158702;0
32;16;10;5;8;40;1511159102;40;255;1511159113;0
32;16;10;5;8;40;1511159121;40;255;1511159128;0
32;16;10;5;8;40;1511159166;40;255;1511159174;0
32;16;10;5;8;40;1511159848;40;255;1511159856;0
32;16;10;5;8;40;1511160169;40;255;1511160180;0
32;16;10;5;8;40;1511160212;40;255;1511160220;0
32;16;10;5;8;40;1511160221;40;255;1511160229;0
32;16;10;5;8;40;1511160939;40;255;1511160947;0
32;16;10;5;8;40;1511161305;40;255;1511161313;0
32;16;10;5;8;40;1511161425;40;255;1511161436;0
32;16;10;5;8;40;1511161557;40;255;1511161565;0
32;16;10;5;8;40;1511162012;40;255;1511162020;0
32;16;10;5;8;40;1511162576;40;255;1511162584;0
32;16;10;5;8;40;1511162640;40;255;1511162647;0
32;16;10;5;8;40;1511162705;40;255;1511162716;0
32;16;10;5;8;40;1511163211;40;255;1511163219;0
32;16;10;5;8;40;1511163626;40;255;1511163634;0
32;16;10;5;8;40;1511163761;40;255;1511163769;0
32;16;10;5;8;40;1511163820;40;255;1511163835;0
32;16;10;5;8;40;1511164298;40;255;1511164306;0
32;16;10;5;8;40;1511164842;40;255;1511164850;0
32;16;10;5;8;40;1511164917;40;255;1511164925;0
32;16;10;5;8;40;1511165153;40;255;1511165165;0
32;16;10;5;8;40;1511165529;40;255;1511165537;0
32;16;10;5;8;40;1511166061;40;255;1511166069;0
32;16;10;5;8;40;1511166157;40;255;1511166171;0
32;16;10;5;8;40;1511166245;40;255;1511166253;0
32;16;10;5;8;40;1511166620;40;255;1511166631;0
32;16;10;5;8;40;1511167115;40;255;1511167123;0
32;16;10;5;8;40;1511167231;40;255;1511167239;0
32;16;10;5;8;40;1511167361;40;255;1511167370;0
32;16;10;5;8;40;1511167611;40;255;1511167619;0
32;16;10;5;8;40;1511168228;40;255;1511168236;0
32;16;10;5;8;40;1511168457;40;255;1511168468;0
32;16;10;5;8;40;1511168554;40;255;1511168562;0
32;16;10;5;8;40;1511168809;40;255;1511168818;0
32;16;10;5;8;40;1511169458;40;255;1511169469;0
32;16;10;5;8;40;1511169639;40;255;1511169647;0
32;16;10;5;8;40;1511169717;40;255;1511169725;0
32;16;10;5;8;40;1511169821;40;255;1511169829;0
32;16;10;5;8;40;1511170597;40;255;1511170606;0
32;16;10;5;8;40;1511170898;40;255;1511170913;0
32;16;10;5;8;40;1511170905;40;255;1511170913;0
32;16;10;5;8;40;1511171003;40;255;1511171017;0
32;16;10;5;8;40;1511171999;40;255;1511172012;0
32;16;10;5;8;40;1511172178;40;255;1511172186;0
32;16;10;5;8;40;1511172224;40;255;1511172233;0
32;16;10;5;8;40;1511172332;40;255;1511172340;0
