32;16;10;5;64;50;1510756552;50;255;1510756560;0
32;16;10;5;64;50;1510756554;50;255;1510756563;0
32;16;10;5;64;50;1510756558;50;255;1510756567;0
32;16;10;5;64;50;1510756616;50;255;1510756624;0
32;16;10;5;64;50;1510756847;50;255;1510756855;0
32;16;10;5;64;50;1510756851;50;255;1510756861;0
32;16;10;5;64;50;1510756900;50;255;1510756910;0
32;16;10;5;64;50;1510756926;50;255;1510756934;0
32;16;10;5;64;50;1510757171;50;255;1510757179;0
32;16;10;5;64;50;1510757203;50;255;1510757213;0
32;16;10;5;64;50;1510757264;50;255;1510757273;0
32;16;10;5;64;50;1510757353;50;255;1510757363;0
32;16;10;5;64;50;1510757520;50;255;1510757531;0
32;16;10;5;64;50;1510757523;50;255;1510757537;0
32;16;10;5;64;50;1510757577;50;255;1510757587;0
32;16;10;5;64;50;1510757638;50;255;1510757647;0
32;16;10;5;64;50;1510758878;50;255;1510758887;0
32;16;10;5;64;50;1510759104;50;255;1510759113;0
32;16;10;5;64;50;1510759148;50;255;1510759157;0
32;16;10;5;64;50;1510759218;50;255;1510759227;0
32;16;10;5;64;50;1510760150;50;255;1510760158;0
32;16;10;5;64;50;1510760353;50;255;1510760363;0
32;16;10;5;64;50;1510760362;50;255;1510760371;0
32;16;10;5;64;50;1510760403;50;255;1510760411;0
32;16;10;5;64;50;1510761231;50;255;1510761240;0
32;16;10;5;64;50;1510761563;50;255;1510761572;0
32;16;10;5;64;50;1510761721;50;255;1510761730;0
32;16;10;5;64;50;1510761776;50;255;1510761784;0
32;16;10;5;64;50;1510762434;50;255;1510762442;0
32;16;10;5;64;50;1510762651;50;255;1510762659;0
32;16;10;5;64;50;1510762874;50;255;1510762883;0
32;16;10;5;64;50;1510762913;50;255;1510762921;0
32;16;10;5;64;50;1510763398;50;255;1510763406;0
32;16;10;5;64;50;1510763656;50;255;1510763664;0
32;16;10;5;64;50;1510763913;50;255;1510763921;0
32;16;10;5;64;50;1510764084;50;255;1510764093;0
32;16;10;5;64;50;1510764428;50;255;1510764437;0
32;16;10;5;64;50;1510764602;50;255;1510764610;0
32;16;10;5;64;50;1510765154;50;255;1510765162;0
32;16;10;5;64;50;1510765291;50;255;1510765299;0
32;16;10;5;64;50;1510765652;50;255;1510765660;0
32;16;10;5;64;50;1510765687;50;255;1510765695;0
32;16;10;5;64;50;1510766525;50;255;1510766533;0
32;16;10;5;64;50;1510766666;50;255;1510766677;0
32;16;10;5;64;50;1510766760;50;255;1510766768;0
32;16;10;5;64;50;1510766823;50;255;1510766831;0
32;16;10;5;64;50;1510767783;50;255;1510767791;0
32;16;10;5;64;50;1510767832;50;255;1510767840;0
32;16;10;5;64;50;1510768051;50;255;1510768059;0
32;16;10;5;64;50;1510768137;50;255;1510768145;0
32;16;10;5;64;50;1510768695;50;255;1510768703;0
32;16;10;5;64;50;1510768973;50;255;1510768985;0
32;16;10;5;64;50;1510769225;50;255;1510769233;0
32;16;10;5;64;50;1510769254;50;255;1510769262;0
32;16;10;5;64;50;1510770031;50;255;1510770042;0
32;16;10;5;64;50;1510770074;50;255;1510770082;0
32;16;10;5;64;50;1510770364;50;255;1510770372;0
32;16;10;5;64;50;1510770472;50;255;1510770481;0
32;16;10;5;64;50;1510771156;50;255;1510771167;0
32;16;10;5;64;50;1510771268;50;255;1510771280;0
32;16;10;5;64;50;1510771474;50;255;1510771486;0
32;16;10;5;64;50;1510771505;50;255;1510771513;0
32;16;10;5;64;50;1510772260;50;255;1510772269;0
32;16;10;5;64;50;1510772491;50;255;1510772499;0
32;16;10;5;64;50;1510772573;50;255;1510772588;0
32;16;10;5;64;50;1510772838;50;255;1510772846;0
32;16;10;5;64;50;1510773440;50;255;1510773449;0
32;16;10;5;64;50;1510773770;50;255;1510773782;0
32;16;10;5;64;50;1510773836;50;255;1510773844;0
32;16;10;5;64;50;1510774040;50;255;1510774049;0
32;16;10;5;64;50;1510774700;50;255;1510774709;0
32;16;10;5;64;50;1510775016;50;255;1510775024;0
32;16;10;5;64;50;1510775034;50;255;1510775043;0
32;16;10;5;64;50;1510775097;50;255;1510775105;0
32;16;10;5;64;50;1510775870;50;255;1510775879;0
32;16;10;5;64;50;1510776087;50;255;1510776095;0
32;16;10;5;64;50;1510776197;50;255;1510776205;0
32;16;10;5;64;50;1510776199;50;255;1510776207;0
32;16;10;5;64;50;1510776964;50;255;1510776982;0
32;16;10;5;64;50;1510777103;50;255;1510777111;0
32;16;10;5;64;50;1510777374;50;255;1510777382;0
32;16;10;5;64;50;1510777554;50;255;1510777563;0
32;16;10;5;64;50;1510778134;50;255;1510778143;0
32;16;10;5;64;50;1510778377;50;255;1510778385;0
32;16;10;5;64;50;1510778605;50;255;1510778613;0
32;16;10;5;64;50;1510778662;50;255;1510778670;0
32;16;10;5;64;50;1510779234;50;255;1510779242;0
32;16;10;5;64;50;1510779576;50;255;1510779585;0
32;16;10;5;64;50;1510779666;50;255;1510779674;0
32;16;10;5;64;50;1510779754;50;255;1510779762;0
32;16;10;5;64;50;1510780500;50;255;1510780515;0
32;16;10;5;64;50;1510780847;50;255;1510780855;0
32;16;10;5;64;50;1510780909;50;255;1510780917;0
32;16;10;5;64;50;1510780923;50;255;1510780934;0
32;16;10;5;64;50;1510781529;50;255;1510781537;0
32;16;10;5;64;50;1510781952;50;255;1510781960;0
32;16;10;5;64;50;1510782088;50;255;1510782097;0
32;16;10;5;64;50;1510782182;50;255;1510782191;0
32;16;10;5;64;50;1510782842;50;255;1510782850;0
32;16;10;5;64;50;1510783139;50;255;1510783148;0
32;16;10;5;64;50;1510783195;50;255;1510783203;0
32;16;10;5;64;50;1510783233;50;255;1510783241;0
32;16;10;5;64;50;1510784089;50;255;1510784097;0
32;16;10;5;64;50;1510784238;50;255;1510784246;0
32;16;10;5;64;50;1510784341;50;255;1510784349;0
32;16;10;5;64;50;1510784591;50;255;1510784599;0
32;16;10;5;64;50;1510785206;50;255;1510785214;0
32;16;10;5;64;50;1510785220;50;255;1510785232;0
32;16;10;5;64;50;1510785477;50;255;1510785492;0
32;16;10;5;64;50;1510785857;50;255;1510785869;0
32;16;10;5;64;50;1510786308;50;255;1510786316;0
32;16;10;5;64;50;1510786382;50;255;1510786390;0
32;16;10;5;64;50;1510786805;50;255;1510786814;0
32;16;10;5;64;50;1510786941;50;255;1510786949;0
32;16;10;5;64;50;1510787449;50;255;1510787461;0
32;16;10;5;64;50;1510787518;50;255;1510787526;0
32;16;10;5;64;50;1510787924;50;255;1510787936;0
32;16;10;5;64;50;1510788112;50;255;1510788120;0
32;16;10;5;64;50;1510788607;50;255;1510788618;0
32;16;10;5;64;50;1510788677;50;255;1510788686;0
32;16;10;5;64;50;1510788927;50;255;1510788938;0
32;16;10;5;64;50;1510789373;50;255;1510789382;0
32;16;10;5;64;50;1510789692;50;255;1510789700;0
32;16;10;5;64;50;1510789853;50;255;1510789862;0
32;16;10;5;64;50;1510790130;50;255;1510790138;0
32;16;10;5;64;50;1510790482;50;255;1510790490;0
32;16;10;5;64;50;1510790676;50;255;1510790685;0
32;16;10;5;64;50;1510790973;50;255;1510790981;0
32;16;10;5;64;50;1510791122;50;255;1510791130;0
32;16;10;5;64;50;1510791740;50;255;1510791749;0
32;16;10;5;64;50;1510791833;50;255;1510791842;0
32;16;10;5;64;50;1510791986;50;255;1510791994;0
32;16;10;5;64;50;1510792349;50;255;1510792364;0
32;16;10;5;64;50;1510792824;50;255;1510792832;0
32;16;10;5;64;50;1510792961;50;255;1510792970;0
32;16;10;5;64;50;1510793268;50;255;1510793277;0
32;16;10;5;64;50;1510793686;50;255;1510793695;0
32;16;10;5;64;50;1510793938;50;255;1510793946;0
32;16;10;5;64;50;1510793976;50;255;1510793984;0
32;16;10;5;64;50;1510794302;50;255;1510794310;0
32;16;10;5;64;50;1510794847;50;255;1510794855;0
32;16;10;5;64;50;1510795039;50;255;1510795047;0
32;16;10;5;64;50;1510795077;50;255;1510795089;0
32;16;10;5;64;50;1510795426;50;255;1510795434;0
32;16;10;5;64;50;1510796176;50;255;1510796184;0
32;16;10;5;64;50;1510796194;50;255;1510796203;0
32;16;10;5;64;50;1510796223;50;255;1510796232;0
32;16;10;5;64;50;1510796582;50;255;1510796590;0
32;16;10;5;64;50;1510797198;50;255;1510797206;0
32;16;10;5;64;50;1510797324;50;255;1510797333;0
32;16;10;5;64;50;1510797373;50;255;1510797382;0
32;16;10;5;64;50;1510797766;50;255;1510797774;0
32;16;10;5;64;50;1510798358;50;255;1510798367;0
32;16;10;5;64;50;1510798480;50;255;1510798488;0
32;16;10;5;64;50;1510798488;50;255;1510798497;0
32;16;10;5;64;50;1510798991;50;255;1510799000;0
32;16;10;5;64;50;1510799449;50;255;1510799457;0
32;16;10;5;64;50;1510799723;50;255;1510799731;0
32;16;10;5;64;50;1510799800;50;255;1510799809;0
32;16;10;5;64;50;1510800001;50;255;1510800009;0
32;16;10;5;64;50;1510800657;50;255;1510800665;0
32;16;10;5;64;50;1510800999;50;255;1510801010;0
32;16;10;5;64;50;1510801006;50;255;1510801015;0
32;16;10;5;64;50;1510801163;50;255;1510801171;0
32;16;10;5;64;50;1510801667;50;255;1510801675;0
32;16;10;5;64;50;1510802302;50;255;1510802311;0
32;16;10;5;64;50;1510802306;50;255;1510802314;0
32;16;10;5;64;50;1510802334;50;255;1510802342;0
32;16;10;5;64;50;1510802649;50;255;1510802657;0
32;16;10;5;64;50;1510803414;50;255;1510803426;0
32;16;10;5;64;50;1510803538;50;255;1510803550;0
32;16;10;5;64;50;1510803596;50;255;1510803607;0
32;16;10;5;64;50;1510803749;50;255;1510803757;0
32;16;10;5;64;50;1510804699;50;255;1510804717;0
32;16;10;5;64;50;1510804728;50;255;1510804736;0
32;16;10;5;64;50;1510804890;50;255;1510804898;0
32;16;10;5;64;50;1510805025;50;255;1510805033;0
32;16;10;5;64;50;1510805850;50;255;1510805858;0
32;16;10;5;64;50;1510805860;50;255;1510805868;0
32;16;10;5;64;50;1510806051;50;255;1510806059;0
32;16;10;5;64;50;1510806150;50;255;1510806158;0
32;16;10;5;64;50;1510806934;50;255;1510806942;0
32;16;10;5;64;50;1510807000;50;255;1510807008;0
32;16;10;5;64;50;1510807055;50;255;1510807063;0
32;16;10;5;64;50;1510807529;50;255;1510807538;0
32;16;10;5;64;50;1510808043;50;255;1510808055;0
32;16;10;5;64;50;1510808310;50;255;1510808321;0
32;16;10;5;64;50;1510808394;50;255;1510808403;0
32;16;10;5;64;50;1510808709;50;255;1510808717;0
32;16;10;5;64;50;1510809122;50;255;1510809130;0
32;16;10;5;64;50;1510809412;50;255;1510809420;0
32;16;10;5;64;50;1510809711;50;255;1510809726;0
32;16;10;5;64;50;1510809727;50;255;1510809736;0
32;16;10;5;64;50;1510810223;50;255;1510810235;0
32;16;10;5;64;50;1510810750;50;255;1510810759;0
32;16;10;5;64;50;1510810889;50;255;1510810897;0
32;16;10;5;64;50;1510810969;50;255;1510810981;0
32;16;10;5;64;50;1510811512;50;255;1510811520;0
32;16;10;5;64;50;1510812025;50;255;1510812033;0
32;16;10;5;64;50;1510812043;50;255;1510812051;0
32;16;10;5;64;50;1510812095;50;255;1510812103;0
32;16;10;5;64;50;1510812655;50;255;1510812663;0
32;16;10;5;64;50;1510813273;50;255;1510813281;0
32;16;10;5;64;50;1510813290;50;255;1510813299;0
32;16;10;5;64;50;1510813427;50;255;1510813435;0
32;16;10;5;64;50;1510813948;50;255;1510813956;0
32;16;10;5;64;50;1510814322;50;255;1510814333;0
32;16;10;5;64;50;1510814405;50;255;1510814413;0
32;16;10;5;64;50;1510814581;50;255;1510814590;0
32;16;10;5;64;50;1510815279;50;255;1510815294;0
32;16;10;5;64;50;1510815583;50;255;1510815591;0
32;16;10;5;64;50;1510815805;50;255;1510815813;0
32;16;10;5;64;50;1510815823;50;255;1510815831;0
32;16;10;5;64;50;1510816594;50;255;1510816602;0
32;16;10;5;64;50;1510816805;50;255;1510816814;0
32;16;10;5;64;50;1510817011;50;255;1510817023;0
32;16;10;5;64;50;1510817017;50;255;1510817025;0
32;16;10;5;64;50;1510817646;50;255;1510817654;0
32;16;10;5;64;50;1510817919;50;255;1510817927;0
32;16;10;5;64;50;1510818205;50;255;1510818213;0
32;16;10;5;64;50;1510818245;50;255;1510818253;0
32;16;10;5;64;50;1510818883;50;255;1510818892;0
32;16;10;5;64;50;1510819194;50;255;1510819203;0
32;16;10;5;64;50;1510819298;50;255;1510819310;0
32;16;10;5;64;50;1510819367;50;255;1510819376;0
32;16;10;5;64;50;1510820294;50;255;1510820303;0
32;16;10;5;64;50;1510820426;50;255;1510820434;0
32;16;10;5;64;50;1510820477;50;255;1510820485;0
32;16;10;5;64;50;1510820521;50;255;1510820530;0
32;16;10;5;64;50;1510821572;50;255;1510821583;0
32;16;10;5;64;50;1510821612;50;255;1510821621;0
32;16;10;5;64;50;1510821687;50;255;1510821695;0
32;16;10;5;64;50;1510821711;50;255;1510821723;0
32;16;10;5;64;50;1510822644;50;255;1510822652;0
32;16;10;5;64;50;1510822688;50;255;1510822697;0
32;16;10;5;64;50;1510822718;50;255;1510822726;0
32;16;10;5;64;50;1510822935;50;255;1510822943;0
32;16;10;5;64;50;1510823829;50;255;1510823837;0
32;16;10;5;64;50;1510823925;50;255;1510823934;0
32;16;10;5;64;50;1510824025;50;255;1510824033;0
32;16;10;5;64;50;1510824158;50;255;1510824167;0
32;16;10;5;64;50;1510825088;50;255;1510825097;0
32;16;10;5;64;50;1510825156;50;255;1510825164;0
32;16;10;5;64;50;1510825248;50;255;1510825256;0
32;16;10;5;64;50;1510825296;50;255;1510825304;0
32;16;10;5;64;50;1510826223;50;255;1510826232;0
32;16;10;5;64;50;1510826315;50;255;1510826323;0
32;16;10;5;64;50;1510826360;50;255;1510826368;0
32;16;10;5;64;50;1510826423;50;255;1510826431;0
32;16;10;5;64;50;1510827307;50;255;1510827316;0
32;16;10;5;64;50;1510827422;50;255;1510827432;0
32;16;10;5;64;50;1510827503;50;255;1510827512;0
32;16;10;5;64;50;1510827758;50;255;1510827767;0
32;16;10;5;64;50;1510828669;50;255;1510828677;0
32;16;10;5;64;50;1510828705;50;255;1510828715;0
32;16;10;5;64;50;1510828746;50;255;1510828755;0
32;16;10;5;64;50;1510828957;50;255;1510828966;0
32;16;10;5;64;50;1510829884;50;255;1510829893;0
32;16;10;5;64;50;1510829888;50;255;1510829903;0
32;16;10;5;64;50;1510829946;50;255;1510829955;0
32;16;10;5;64;50;1510830113;50;255;1510830133;0
32;16;10;5;64;50;1510830955;50;255;1510830964;0
32;16;10;5;64;50;1510831169;50;255;1510831177;0
32;16;10;5;64;50;1510831184;50;255;1510831192;0
32;16;10;5;64;50;1510831250;50;255;1510831258;0
32;16;10;5;64;50;1510832216;50;255;1510832225;0
32;16;10;5;64;50;1510832298;50;255;1510832311;0
32;16;10;5;64;50;1510832495;50;255;1510832504;0
32;16;10;5;64;50;1510832523;50;255;1510832531;0
32;16;10;5;64;50;1510833429;50;255;1510833440;0
32;16;10;5;64;50;1510833579;50;255;1510833589;0
32;16;10;5;64;50;1510833587;50;255;1510833597;0
32;16;10;5;64;50;1510833807;50;255;1510833816;0
32;16;10;5;64;50;1510834560;50;255;1510834569;0
32;16;10;5;64;50;1510834575;50;255;1510834587;0
32;16;10;5;64;50;1510834903;50;255;1510834911;0
32;16;10;5;64;50;1510835047;50;255;1510835056;0
32;16;10;5;64;50;1510835745;50;255;1510835753;0
32;16;10;5;64;50;1510835877;50;255;1510835889;0
32;16;10;5;64;50;1510835980;50;255;1510835992;0
32;16;10;5;64;50;1510836172;50;255;1510836180;0
32;16;10;5;64;50;1510837015;50;255;1510837023;0
32;16;10;5;64;50;1510837292;50;255;1510837304;0
32;16;10;5;64;50;1510837327;50;255;1510837335;0
32;16;10;5;64;50;1510837337;50;255;1510837345;0
32;16;10;5;64;50;1510838300;50;255;1510838309;0
32;16;10;5;64;50;1510838502;50;255;1510838510;0
32;16;10;5;64;50;1510838539;50;255;1510838547;0
32;16;10;5;64;50;1510838574;50;255;1510838582;0
32;16;10;5;64;50;1510839453;50;255;1510839462;0
32;16;10;5;64;50;1510839561;50;255;1510839570;0
32;16;10;5;64;50;1510839667;50;255;1510839675;0
32;16;10;5;64;50;1510839893;50;255;1510839902;0
32;16;10;5;64;50;1510840578;50;255;1510840586;0
32;16;10;5;64;50;1510840809;50;255;1510840817;0
32;16;10;5;64;50;1510840922;50;255;1510840930;0
32;16;10;5;64;50;1510841030;50;255;1510841038;0
32;16;10;5;64;50;1510841798;50;255;1510841807;0
32;16;10;5;64;50;1510841947;50;255;1510841958;0
32;16;10;5;64;50;1510842095;50;255;1510842103;0
32;16;10;5;64;50;1510842284;50;255;1510842305;0
32;16;10;5;64;50;1510842946;50;255;1510842954;0
32;16;10;5;64;50;1510842983;50;255;1510842992;0
32;16;10;5;64;50;1510843294;50;255;1510843302;0
32;16;10;5;64;50;1510843360;50;255;1510843368;0
32;16;10;5;64;50;1510844101;50;255;1510844109;0
32;16;10;5;64;50;1510844212;50;255;1510844220;0
32;16;10;5;64;50;1510844431;50;255;1510844439;0
32;16;10;5;64;50;1510844547;50;255;1510844555;0
32;16;10;5;64;50;1510845132;50;255;1510845140;0
32;16;10;5;64;50;1510845462;50;255;1510845473;0
32;16;10;5;64;50;1510845516;50;255;1510845525;0
32;16;10;5;64;50;1510845698;50;255;1510845706;0
32;16;10;5;64;50;1510846195;50;255;1510846206;0
32;16;10;5;64;50;1510846727;50;255;1510846739;0
32;16;10;5;64;50;1510846765;50;255;1510846776;0
32;16;10;5;64;50;1510846860;50;255;1510846868;0
32;16;10;5;64;50;1510847237;50;255;1510847247;0
32;16;10;5;64;50;1510848008;50;255;1510848021;0
32;16;10;5;64;50;1510848091;50;255;1510848100;0
32;16;10;5;64;50;1510848112;50;255;1510848122;0
32;16;10;5;64;50;1510848359;50;255;1510848367;0
32;16;10;5;64;50;1510849295;50;255;1510849303;0
32;16;10;5;64;50;1510849438;50;255;1510849446;0
32;16;10;5;64;50;1510849452;50;255;1510849460;0
32;16;10;5;64;50;1510849587;50;255;1510849596;0
32;16;10;5;64;50;1510850555;50;255;1510850564;0
32;16;10;5;64;50;1510850729;50;255;1510850738;0
32;16;10;5;64;50;1510850744;50;255;1510850754;0
32;16;10;5;64;50;1510850861;50;255;1510850873;0
32;16;10;5;64;50;1510851667;50;255;1510851675;0
32;16;10;5;64;50;1510851903;50;255;1510851911;0
32;16;10;5;64;50;1510851956;50;255;1510851964;0
32;16;10;5;64;50;1510851962;50;255;1510851971;0
