32;16;10;5;32;50;1510756542;50;255;1510756552;0
32;16;10;5;32;50;1510756544;50;255;1510756554;0
32;16;10;5;32;50;1510756545;50;255;1510756558;0
32;16;10;5;32;50;1510756606;50;255;1510756616;0
32;16;10;5;32;50;1510756838;50;255;1510756847;0
32;16;10;5;32;50;1510756839;50;255;1510756851;0
32;16;10;5;32;50;1510756891;50;255;1510756900;0
32;16;10;5;32;50;1510756906;50;255;1510756926;0
32;16;10;5;32;50;1510757161;50;255;1510757171;0
32;16;10;5;32;50;1510757194;50;255;1510757203;0
32;16;10;5;32;50;1510757254;50;255;1510757264;0
32;16;10;5;32;50;1510757343;50;255;1510757353;0
32;16;10;5;32;50;1510757509;50;255;1510757520;0
32;16;10;5;32;50;1510757513;50;255;1510757523;0
32;16;10;5;32;50;1510757566;50;255;1510757577;0
32;16;10;5;32;50;1510757629;50;255;1510757638;0
32;16;10;5;32;50;1510757831;50;255;1510757841;0
32;16;10;5;32;50;1510758870;50;255;1510758878;0
32;16;10;5;32;50;1510759092;50;255;1510759104;0
32;16;10;5;32;50;1510759139;50;255;1510759148;0
32;16;10;5;32;50;1510759209;50;255;1510759218;0
32;16;10;5;32;50;1510760141;50;255;1510760150;0
32;16;10;5;32;50;1510760345;50;255;1510760353;0
32;16;10;5;32;50;1510760353;50;255;1510760362;0
32;16;10;5;32;50;1510760394;50;255;1510760403;0
32;16;10;5;32;50;1510761222;50;255;1510761231;0
32;16;10;5;32;50;1510761554;50;255;1510761563;0
32;16;10;5;32;50;1510761713;50;255;1510761721;0
32;16;10;5;32;50;1510761767;50;255;1510761776;0
32;16;10;5;32;50;1510762425;50;255;1510762434;0
32;16;10;5;32;50;1510762643;50;255;1510762651;0
32;16;10;5;32;50;1510762866;50;255;1510762874;0
32;16;10;5;32;50;1510762905;50;255;1510762913;0
32;16;10;5;32;50;1510763386;50;255;1510763398;0
32;16;10;5;32;50;1510763648;50;255;1510763656;0
32;16;10;5;32;50;1510763904;50;255;1510763913;0
32;16;10;5;32;50;1510764076;50;255;1510764084;0
32;16;10;5;32;50;1510764420;50;255;1510764428;0
32;16;10;5;32;50;1510764593;50;255;1510764602;0
32;16;10;5;32;50;1510765145;50;255;1510765154;0
32;16;10;5;32;50;1510765279;50;255;1510765291;0
32;16;10;5;32;50;1510765640;50;255;1510765652;0
32;16;10;5;32;50;1510765679;50;255;1510765687;0
32;16;10;5;32;50;1510766516;50;255;1510766525;0
32;16;10;5;32;50;1510766657;50;255;1510766666;0
32;16;10;5;32;50;1510766751;50;255;1510766760;0
32;16;10;5;32;50;1510766815;50;255;1510766823;0
32;16;10;5;32;50;1510767774;50;255;1510767783;0
32;16;10;5;32;50;1510767823;50;255;1510767832;0
32;16;10;5;32;50;1510768040;50;255;1510768051;0
32;16;10;5;32;50;1510768128;50;255;1510768137;0
32;16;10;5;32;50;1510768686;50;255;1510768695;0
32;16;10;5;32;50;1510768965;50;255;1510768973;0
32;16;10;5;32;50;1510769216;50;255;1510769225;0
32;16;10;5;32;50;1510769246;50;255;1510769254;0
32;16;10;5;32;50;1510770022;50;255;1510770031;0
32;16;10;5;32;50;1510770066;50;255;1510770074;0
32;16;10;5;32;50;1510770356;50;255;1510770364;0
32;16;10;5;32;50;1510770464;50;255;1510770472;0
32;16;10;5;32;50;1510771144;50;255;1510771156;0
32;16;10;5;32;50;1510771257;50;255;1510771268;0
32;16;10;5;32;50;1510771466;50;255;1510771474;0
32;16;10;5;32;50;1510771493;50;255;1510771505;0
32;16;10;5;32;50;1510772251;50;255;1510772260;0
32;16;10;5;32;50;1510772483;50;255;1510772491;0
32;16;10;5;32;50;1510772561;50;255;1510772573;0
32;16;10;5;32;50;1510772830;50;255;1510772838;0
32;16;10;5;32;50;1510773432;50;255;1510773440;0
32;16;10;5;32;50;1510773762;50;255;1510773770;0
32;16;10;5;32;50;1510773827;50;255;1510773836;0
32;16;10;5;32;50;1510774032;50;255;1510774040;0
32;16;10;5;32;50;1510774692;50;255;1510774700;0
32;16;10;5;32;50;1510775007;50;255;1510775016;0
32;16;10;5;32;50;1510775026;50;255;1510775034;0
32;16;10;5;32;50;1510775085;50;255;1510775097;0
32;16;10;5;32;50;1510775859;50;255;1510775870;0
32;16;10;5;32;50;1510776076;50;255;1510776087;0
32;16;10;5;32;50;1510776189;50;255;1510776197;0
32;16;10;5;32;50;1510776190;50;255;1510776199;0
32;16;10;5;32;50;1510776956;50;255;1510776964;0
32;16;10;5;32;50;1510777095;50;255;1510777103;0
32;16;10;5;32;50;1510777362;50;255;1510777374;0
32;16;10;5;32;50;1510777546;50;255;1510777554;0
32;16;10;5;32;50;1510778126;50;255;1510778134;0
32;16;10;5;32;50;1510778368;50;255;1510778377;0
32;16;10;5;32;50;1510778596;50;255;1510778605;0
32;16;10;5;32;50;1510778653;50;255;1510778662;0
32;16;10;5;32;50;1510779226;50;255;1510779234;0
32;16;10;5;32;50;1510779565;50;255;1510779576;0
32;16;10;5;32;50;1510779658;50;255;1510779666;0
32;16;10;5;32;50;1510779746;50;255;1510779754;0
32;16;10;5;32;50;1510780492;50;255;1510780500;0
32;16;10;5;32;50;1510780839;50;255;1510780847;0
32;16;10;5;32;50;1510780897;50;255;1510780909;0
32;16;10;5;32;50;1510780908;50;255;1510780923;0
32;16;10;5;32;50;1510781520;50;255;1510781529;0
32;16;10;5;32;50;1510781940;50;255;1510781952;0
32;16;10;5;32;50;1510782080;50;255;1510782088;0
32;16;10;5;32;50;1510782174;50;255;1510782182;0
32;16;10;5;32;50;1510782833;50;255;1510782842;0
32;16;10;5;32;50;1510783131;50;255;1510783139;0
32;16;10;5;32;50;1510783186;50;255;1510783195;0
32;16;10;5;32;50;1510783222;50;255;1510783233;0
32;16;10;5;32;50;1510784077;50;255;1510784089;0
32;16;10;5;32;50;1510784226;50;255;1510784238;0
32;16;10;5;32;50;1510784329;50;255;1510784341;0
32;16;10;5;32;50;1510784583;50;255;1510784591;0
32;16;10;5;32;50;1510785197;50;255;1510785206;0
32;16;10;5;32;50;1510785212;50;255;1510785220;0
32;16;10;5;32;50;1510785469;50;255;1510785477;0
32;16;10;5;32;50;1510785849;50;255;1510785857;0
32;16;10;5;32;50;1510786300;50;255;1510786308;0
32;16;10;5;32;50;1510786373;50;255;1510786382;0
32;16;10;5;32;50;1510786797;50;255;1510786805;0
32;16;10;5;32;50;1510786932;50;255;1510786941;0
32;16;10;5;32;50;1510787438;50;255;1510787449;0
32;16;10;5;32;50;1510787510;50;255;1510787518;0
32;16;10;5;32;50;1510787916;50;255;1510787924;0
32;16;10;5;32;50;1510788103;50;255;1510788112;0
32;16;10;5;32;50;1510788598;50;255;1510788607;0
32;16;10;5;32;50;1510788669;50;255;1510788677;0
32;16;10;5;32;50;1510788919;50;255;1510788927;0
32;16;10;5;32;50;1510789365;50;255;1510789373;0
32;16;10;5;32;50;1510789683;50;255;1510789692;0
32;16;10;5;32;50;1510789845;50;255;1510789853;0
32;16;10;5;32;50;1510790122;50;255;1510790130;0
32;16;10;5;32;50;1510790473;50;255;1510790482;0
32;16;10;5;32;50;1510790668;50;255;1510790676;0
32;16;10;5;32;50;1510790965;50;255;1510790973;0
32;16;10;5;32;50;1510791113;50;255;1510791122;0
32;16;10;5;32;50;1510791732;50;255;1510791740;0
32;16;10;5;32;50;1510791825;50;255;1510791833;0
32;16;10;5;32;50;1510791978;50;255;1510791986;0
32;16;10;5;32;50;1510792341;50;255;1510792349;0
32;16;10;5;32;50;1510792816;50;255;1510792824;0
32;16;10;5;32;50;1510792953;50;255;1510792961;0
32;16;10;5;32;50;1510793260;50;255;1510793268;0
32;16;10;5;32;50;1510793678;50;255;1510793686;0
32;16;10;5;32;50;1510793930;50;255;1510793938;0
32;16;10;5;32;50;1510793967;50;255;1510793976;0
32;16;10;5;32;50;1510794287;50;255;1510794302;0
32;16;10;5;32;50;1510794838;50;255;1510794847;0
32;16;10;5;32;50;1510795030;50;255;1510795039;0
32;16;10;5;32;50;1510795069;50;255;1510795077;0
32;16;10;5;32;50;1510795417;50;255;1510795426;0
32;16;10;5;32;50;1510796166;50;255;1510796176;0
32;16;10;5;32;50;1510796186;50;255;1510796194;0
32;16;10;5;32;50;1510796215;50;255;1510796223;0
32;16;10;5;32;50;1510796574;50;255;1510796582;0
32;16;10;5;32;50;1510797189;50;255;1510797198;0
32;16;10;5;32;50;1510797316;50;255;1510797324;0
32;16;10;5;32;50;1510797365;50;255;1510797373;0
32;16;10;5;32;50;1510797757;50;255;1510797766;0
32;16;10;5;32;50;1510798350;50;255;1510798358;0
32;16;10;5;32;50;1510798471;50;255;1510798480;0
32;16;10;5;32;50;1510798480;50;255;1510798488;0
32;16;10;5;32;50;1510798983;50;255;1510798991;0
32;16;10;5;32;50;1510799441;50;255;1510799449;0
32;16;10;5;32;50;1510799715;50;255;1510799723;0
32;16;10;5;32;50;1510799792;50;255;1510799800;0
32;16;10;5;32;50;1510799992;50;255;1510800001;0
32;16;10;5;32;50;1510800645;50;255;1510800657;0
32;16;10;5;32;50;1510800991;50;255;1510800999;0
32;16;10;5;32;50;1510800998;50;255;1510801006;0
32;16;10;5;32;50;1510801155;50;255;1510801163;0
32;16;10;5;32;50;1510801659;50;255;1510801667;0
32;16;10;5;32;50;1510802294;50;255;1510802302;0
32;16;10;5;32;50;1510802297;50;255;1510802306;0
32;16;10;5;32;50;1510802325;50;255;1510802334;0
32;16;10;5;32;50;1510802641;50;255;1510802649;0
32;16;10;5;32;50;1510803406;50;255;1510803414;0
32;16;10;5;32;50;1510803514;50;255;1510803538;0
32;16;10;5;32;50;1510803581;50;255;1510803596;0
32;16;10;5;32;50;1510803741;50;255;1510803749;0
32;16;10;5;32;50;1510804691;50;255;1510804699;0
32;16;10;5;32;50;1510804719;50;255;1510804728;0
32;16;10;5;32;50;1510804881;50;255;1510804890;0
32;16;10;5;32;50;1510805016;50;255;1510805025;0
32;16;10;5;32;50;1510805842;50;255;1510805850;0
32;16;10;5;32;50;1510805852;50;255;1510805860;0
32;16;10;5;32;50;1510806042;50;255;1510806051;0
32;16;10;5;32;50;1510806141;50;255;1510806150;0
32;16;10;5;32;50;1510806926;50;255;1510806934;0
32;16;10;5;32;50;1510806991;50;255;1510807000;0
32;16;10;5;32;50;1510807046;50;255;1510807055;0
32;16;10;5;32;50;1510807518;50;255;1510807529;0
32;16;10;5;32;50;1510808035;50;255;1510808043;0
32;16;10;5;32;50;1510808302;50;255;1510808310;0
32;16;10;5;32;50;1510808386;50;255;1510808394;0
32;16;10;5;32;50;1510808701;50;255;1510808709;0
32;16;10;5;32;50;1510809113;50;255;1510809122;0
32;16;10;5;32;50;1510809404;50;255;1510809412;0
32;16;10;5;32;50;1510809700;50;255;1510809711;0
32;16;10;5;32;50;1510809719;50;255;1510809727;0
32;16;10;5;32;50;1510810215;50;255;1510810223;0
32;16;10;5;32;50;1510810742;50;255;1510810750;0
32;16;10;5;32;50;1510810881;50;255;1510810889;0
32;16;10;5;32;50;1510810961;50;255;1510810969;0
32;16;10;5;32;50;1510811503;50;255;1510811512;0
32;16;10;5;32;50;1510812016;50;255;1510812025;0
32;16;10;5;32;50;1510812034;50;255;1510812043;0
32;16;10;5;32;50;1510812083;50;255;1510812095;0
32;16;10;5;32;50;1510812646;50;255;1510812655;0
32;16;10;5;32;50;1510813265;50;255;1510813273;0
32;16;10;5;32;50;1510813279;50;255;1510813290;0
32;16;10;5;32;50;1510813419;50;255;1510813427;0
32;16;10;5;32;50;1510813939;50;255;1510813948;0
32;16;10;5;32;50;1510814313;50;255;1510814322;0
32;16;10;5;32;50;1510814396;50;255;1510814405;0
32;16;10;5;32;50;1510814570;50;255;1510814581;0
32;16;10;5;32;50;1510815271;50;255;1510815279;0
32;16;10;5;32;50;1510815574;50;255;1510815583;0
32;16;10;5;32;50;1510815797;50;255;1510815805;0
32;16;10;5;32;50;1510815815;50;255;1510815823;0
32;16;10;5;32;50;1510816586;50;255;1510816594;0
32;16;10;5;32;50;1510816794;50;255;1510816805;0
32;16;10;5;32;50;1510817003;50;255;1510817011;0
32;16;10;5;32;50;1510817002;50;255;1510817017;0
32;16;10;5;32;50;1510817638;50;255;1510817646;0
32;16;10;5;32;50;1510817907;50;255;1510817919;0
32;16;10;5;32;50;1510818196;50;255;1510818205;0
32;16;10;5;32;50;1510818237;50;255;1510818245;0
32;16;10;5;32;50;1510818875;50;255;1510818883;0
32;16;10;5;32;50;1510819186;50;255;1510819194;0
32;16;10;5;32;50;1510819290;50;255;1510819298;0
32;16;10;5;32;50;1510819359;50;255;1510819367;0
32;16;10;5;32;50;1510820286;50;255;1510820294;0
32;16;10;5;32;50;1510820418;50;255;1510820426;0
32;16;10;5;32;50;1510820469;50;255;1510820477;0
32;16;10;5;32;50;1510820513;50;255;1510820521;0
32;16;10;5;32;50;1510821563;50;255;1510821572;0
32;16;10;5;32;50;1510821598;50;255;1510821612;0
32;16;10;5;32;50;1510821679;50;255;1510821687;0
32;16;10;5;32;50;1510821703;50;255;1510821711;0
32;16;10;5;32;50;1510822632;50;255;1510822644;0
32;16;10;5;32;50;1510822680;50;255;1510822688;0
32;16;10;5;32;50;1510822706;50;255;1510822718;0
32;16;10;5;32;50;1510822927;50;255;1510822935;0
32;16;10;5;32;50;1510823820;50;255;1510823829;0
32;16;10;5;32;50;1510823917;50;255;1510823925;0
32;16;10;5;32;50;1510824013;50;255;1510824025;0
32;16;10;5;32;50;1510824150;50;255;1510824158;0
32;16;10;5;32;50;1510825077;50;255;1510825088;0
32;16;10;5;32;50;1510825148;50;255;1510825156;0
32;16;10;5;32;50;1510825239;50;255;1510825248;0
32;16;10;5;32;50;1510825288;50;255;1510825296;0
32;16;10;5;32;50;1510826215;50;255;1510826223;0
32;16;10;5;32;50;1510826307;50;255;1510826315;0
32;16;10;5;32;50;1510826351;50;255;1510826360;0
32;16;10;5;32;50;1510826415;50;255;1510826423;0
32;16;10;5;32;50;1510827298;50;255;1510827307;0
32;16;10;5;32;50;1510827412;50;255;1510827422;0
32;16;10;5;32;50;1510827494;50;255;1510827503;0
32;16;10;5;32;50;1510827749;50;255;1510827758;0
32;16;10;5;32;50;1510828657;50;255;1510828669;0
32;16;10;5;32;50;1510828696;50;255;1510828705;0
32;16;10;5;32;50;1510828737;50;255;1510828746;0
32;16;10;5;32;50;1510828948;50;255;1510828957;0
32;16;10;5;32;50;1510829876;50;255;1510829884;0
32;16;10;5;32;50;1510829879;50;255;1510829888;0
32;16;10;5;32;50;1510829935;50;255;1510829946;0
32;16;10;5;32;50;1510830104;50;255;1510830113;0
32;16;10;5;32;50;1510830947;50;255;1510830955;0
32;16;10;5;32;50;1510831161;50;255;1510831169;0
32;16;10;5;32;50;1510831175;50;255;1510831184;0
32;16;10;5;32;50;1510831242;50;255;1510831250;0
32;16;10;5;32;50;1510832206;50;255;1510832215;0
32;16;10;5;32;50;1510832289;50;255;1510832298;0
32;16;10;5;32;50;1510832486;50;255;1510832495;0
32;16;10;5;32;50;1510832514;50;255;1510832523;0
32;16;10;5;32;50;1510833420;50;255;1510833429;0
32;16;10;5;32;50;1510833563;50;255;1510833579;0
32;16;10;5;32;50;1510833578;50;255;1510833587;0
32;16;10;5;32;50;1510833799;50;255;1510833807;0
32;16;10;5;32;50;1510834551;50;255;1510834560;0
32;16;10;5;32;50;1510834566;50;255;1510834575;0
32;16;10;5;32;50;1510834894;50;255;1510834903;0
32;16;10;5;32;50;1510835038;50;255;1510835047;0
32;16;10;5;32;50;1510835737;50;255;1510835745;0
32;16;10;5;32;50;1510835869;50;255;1510835877;0
32;16;10;5;32;50;1510835972;50;255;1510835980;0
32;16;10;5;32;50;1510836163;50;255;1510836172;0
32;16;10;5;32;50;1510837000;50;255;1510837015;0
32;16;10;5;32;50;1510837284;50;255;1510837292;0
32;16;10;5;32;50;1510837318;50;255;1510837327;0
32;16;10;5;32;50;1510837326;50;255;1510837337;0
32;16;10;5;32;50;1510838290;50;255;1510838300;0
32;16;10;5;32;50;1510838493;50;255;1510838502;0
32;16;10;5;32;50;1510838527;50;255;1510838539;0
32;16;10;5;32;50;1510838555;50;255;1510838574;0
32;16;10;5;32;50;1510839445;50;255;1510839453;0
32;16;10;5;32;50;1510839553;50;255;1510839561;0
32;16;10;5;32;50;1510839659;50;255;1510839667;0
32;16;10;5;32;50;1510839885;50;255;1510839893;0
32;16;10;5;32;50;1510840569;50;255;1510840578;0
32;16;10;5;32;50;1510840801;50;255;1510840809;0
32;16;10;5;32;50;1510840914;50;255;1510840922;0
32;16;10;5;32;50;1510841021;50;255;1510841030;0
32;16;10;5;32;50;1510841790;50;255;1510841798;0
32;16;10;5;32;50;1510841938;50;255;1510841947;0
32;16;10;5;32;50;1510842086;50;255;1510842095;0
32;16;10;5;32;50;1510842275;50;255;1510842284;0
32;16;10;5;32;50;1510842938;50;255;1510842946;0
32;16;10;5;32;50;1510842975;50;255;1510842983;0
32;16;10;5;32;50;1510843285;50;255;1510843294;0
32;16;10;5;32;50;1510843351;50;255;1510843360;0
32;16;10;5;32;50;1510844092;50;255;1510844101;0
32;16;10;5;32;50;1510844203;50;255;1510844212;0
32;16;10;5;32;50;1510844423;50;255;1510844431;0
32;16;10;5;32;50;1510844539;50;255;1510844547;0
32;16;10;5;32;50;1510845120;50;255;1510845132;0
32;16;10;5;32;50;1510845453;50;255;1510845462;0
32;16;10;5;32;50;1510845508;50;255;1510845516;0
32;16;10;5;32;50;1510845690;50;255;1510845698;0
32;16;10;5;32;50;1510846186;50;255;1510846195;0
32;16;10;5;32;50;1510846719;50;255;1510846727;0
32;16;10;5;32;50;1510846756;50;255;1510846765;0
32;16;10;5;32;50;1510846851;50;255;1510846860;0
32;16;10;5;32;50;1510847227;50;255;1510847237;0
32;16;10;5;32;50;1510847999;50;255;1510848008;0
32;16;10;5;32;50;1510848081;50;255;1510848091;0
32;16;10;5;32;50;1510848100;50;255;1510848112;0
32;16;10;5;32;50;1510848351;50;255;1510848359;0
32;16;10;5;32;50;1510849285;50;255;1510849295;0
32;16;10;5;32;50;1510849429;50;255;1510849438;0
32;16;10;5;32;50;1510849443;50;255;1510849452;0
32;16;10;5;32;50;1510849578;50;255;1510849587;0
32;16;10;5;32;50;1510850546;50;255;1510850555;0
32;16;10;5;32;50;1510850721;50;255;1510850729;0
32;16;10;5;32;50;1510850736;50;255;1510850744;0
32;16;10;5;32;50;1510850853;50;255;1510850861;0
32;16;10;5;32;50;1510851658;50;255;1510851667;0
32;16;10;5;32;50;1510851895;50;255;1510851903;0
32;16;10;5;32;50;1510851948;50;255;1510851956;0
32;16;10;5;32;50;1510851950;50;255;1510851962;0
32;16;10;5;32;50;1510852896;50;255;1510852908;0
32;16;10;5;32;50;1510853025;50;255;1510853036;0
32;16;10;5;32;50;1510853148;50;255;1510853157;0
32;16;10;5;32;50;1510853211;50;255;1510853219;0
32;16;10;5;32;50;1510854130;50;255;1510854138;0
32;16;10;5;32;50;1510854172;50;255;1510854180;0
32;16;10;5;32;50;1510854262;50;255;1510854270;0
32;16;10;5;32;50;1510854272;50;255;1510854280;0
32;16;10;5;32;50;1510855168;50;255;1510855177;0
32;16;10;5;32;50;1510855235;50;255;1510855243;0
32;16;10;5;32;50;1510855285;50;255;1510855296;0
32;16;10;5;32;50;1510855331;50;255;1510855339;0
32;16;10;5;32;50;1510856238;50;255;1510856246;0
32;16;10;5;32;50;1510856289;50;255;1510856297;0
32;16;10;5;32;50;1510856463;50;255;1510856471;0
32;16;10;5;32;50;1510856570;50;255;1510856578;0
32;16;10;5;32;50;1510857423;50;255;1510857431;0
32;16;10;5;32;50;1510857558;50;255;1510857567;0
32;16;10;5;32;50;1510857669;50;255;1510857677;0
32;16;10;5;32;50;1510857922;50;255;1510857930;0
32;16;10;5;32;50;1510858495;50;255;1510858506;0
32;16;10;5;32;50;1510858597;50;255;1510858605;0
32;16;10;5;32;50;1510858684;50;255;1510858692;0
32;16;10;5;32;50;1510858923;50;255;1510858931;0
32;16;10;5;32;50;1510859714;50;255;1510859722;0
32;16;10;5;32;50;1510859726;50;255;1510859735;0
32;16;10;5;32;50;1510859802;50;255;1510859811;0
32;16;10;5;32;50;1510860136;50;255;1510860144;0
32;16;10;5;32;50;1510860707;50;255;1510860715;0
32;16;10;5;32;50;1510860880;50;255;1510860888;0
32;16;10;5;32;50;1510860918;50;255;1510860930;0
32;16;10;5;32;50;1510861484;50;255;1510861493;0
32;16;10;5;32;50;1510861738;50;255;1510861746;0
32;16;10;5;32;50;1510862030;50;255;1510862039;0
32;16;10;5;32;50;1510862037;50;255;1510862045;0
32;16;10;5;32;50;1510862768;50;255;1510862776;0
32;16;10;5;32;50;1510863015;50;255;1510863023;0
32;16;10;5;32;50;1510863056;50;255;1510863065;0
32;16;10;5;32;50;1510863282;50;255;1510863293;0
32;16;10;5;32;50;1510863798;50;255;1510863807;0
32;16;10;5;32;50;1510864222;50;255;1510864231;0
32;16;10;5;32;50;1510864239;50;255;1510864247;0
32;16;10;5;32;50;1510864425;50;255;1510864433;0
32;16;10;5;32;50;1510864980;50;255;1510864989;0
32;16;10;5;32;50;1510865216;50;255;1510865224;0
32;16;10;5;32;50;1510865271;50;255;1510865279;0
32;16;10;5;32;50;1510865503;50;255;1510865511;0
32;16;10;5;32;50;1510866116;50;255;1510866127;0
32;16;10;5;32;50;1510866206;50;255;1510866214;0
32;16;10;5;32;50;1510866536;50;255;1510866544;0
32;16;10;5;32;50;1510866597;50;255;1510866606;0
32;16;10;5;32;50;1510867335;50;255;1510867344;0
32;16;10;5;32;50;1510867401;50;255;1510867409;0
32;16;10;5;32;50;1510867814;50;255;1510867822;0
32;16;10;5;32;50;1510867946;50;255;1510867958;0
32;16;10;5;32;50;1510868530;50;255;1510868538;0
32;16;10;5;32;50;1510868534;50;255;1510868542;0
32;16;10;5;32;50;1510869000;50;255;1510869008;0
32;16;10;5;32;50;1510869022;50;255;1510869034;0
32;16;10;5;32;50;1510869670;50;255;1510869678;0
32;16;10;5;32;50;1510869753;50;255;1510869761;0
32;16;10;5;32;50;1510870054;50;255;1510870062;0
32;16;10;5;32;50;1510870287;50;255;1510870296;0
32;16;10;5;32;50;1510870819;50;255;1510870827;0
32;16;10;5;32;50;1510870865;50;255;1510870873;0
32;16;10;5;32;50;1510871290;50;255;1510871298;0
32;16;10;5;32;50;1510871428;50;255;1510871436;0
32;16;10;5;32;50;1510871971;50;255;1510871979;0
32;16;10;5;32;50;1510872050;50;255;1510872058;0
32;16;10;5;32;50;1510872564;50;255;1510872575;0
32;16;10;5;32;50;1510872613;50;255;1510872621;0
32;16;10;5;32;50;1510873060;50;255;1510873068;0
32;16;10;5;32;50;1510873397;50;255;1510873408;0
32;16;10;5;32;50;1510873646;50;255;1510873655;0
32;16;10;5;32;50;1510873900;50;255;1510873908;0
32;16;10;5;32;50;1510874183;50;255;1510874191;0
32;16;10;5;32;50;1510874516;50;255;1510874524;0
32;16;10;5;32;50;1510874762;50;255;1510874773;0
32;16;10;5;32;50;1510874981;50;255;1510874989;0
32;16;10;5;32;50;1510875497;50;255;1510875505;0
32;16;10;5;32;50;1510875826;50;255;1510875834;0
32;16;10;5;32;50;1510875837;50;255;1510875845;0
32;16;10;5;32;50;1510876166;50;255;1510876174;0
32;16;10;5;32;50;1510876525;50;255;1510876533;0
32;16;10;5;32;50;1510877045;50;255;1510877053;0
32;16;10;5;32;50;1510877069;50;255;1510877077;0
32;16;10;5;32;50;1510877402;50;255;1510877413;0
32;16;10;5;32;50;1510877721;50;255;1510877729;0
32;16;10;5;32;50;1510878146;50;255;1510878155;0
32;16;10;5;32;50;1510878343;50;255;1510878352;0
32;16;10;5;32;50;1510878411;50;255;1510878419;0
32;16;10;5;32;50;1510878984;50;255;1510878993;0
32;16;10;5;32;50;1510879239;50;255;1510879247;0
32;16;10;5;32;50;1510879575;50;255;1510879584;0
32;16;10;5;32;50;1510879757;50;255;1510879766;0
32;16;10;5;32;50;1510880048;50;255;1510880056;0
32;16;10;5;32;50;1510880462;50;255;1510880470;0
32;16;10;5;32;50;1510880828;50;255;1510880836;0
32;16;10;5;32;50;1510880894;50;255;1510880902;0
32;16;10;5;32;50;1510881118;50;255;1510881127;0
32;16;10;5;32;50;1510881500;50;255;1510881509;0
32;16;10;5;32;50;1510881910;50;255;1510881919;0
32;16;10;5;32;50;1510881940;50;255;1510881948;0
32;16;10;5;32;50;1510882436;50;255;1510882445;0
32;16;10;5;32;50;1510882625;50;255;1510882634;0
32;16;10;5;32;50;1510883041;50;255;1510883049;0
32;16;10;5;32;50;1510883172;50;255;1510883180;0
32;16;10;5;32;50;1510883815;50;255;1510883823;0
32;16;10;5;32;50;1510883849;50;255;1510883857;0
32;16;10;5;32;50;1510884320;50;255;1510884328;0
32;16;10;5;32;50;1510884339;50;255;1510884348;0
32;16;10;5;32;50;1510884791;50;255;1510884800;0
32;16;10;5;32;50;1510885103;50;255;1510885111;0
32;16;10;5;32;50;1510885500;50;255;1510885509;0
32;16;10;5;32;50;1510885631;50;255;1510885639;0
32;16;10;5;32;50;1510885857;50;255;1510885865;0
32;16;10;5;32;50;1510886178;50;255;1510886186;0
32;16;10;5;32;50;1510886730;50;255;1510886739;0
32;16;10;5;32;50;1510886853;50;255;1510886861;0
32;16;10;5;32;50;1510886924;50;255;1510886933;0
32;16;10;5;32;50;1510887204;50;255;1510887212;0
32;16;10;5;32;50;1510887813;50;255;1510887821;0
32;16;10;5;32;50;1510887888;50;255;1510887899;0
32;16;10;5;32;50;1510888128;50;255;1510888137;0
32;16;10;5;32;50;1510888433;50;255;1510888441;0
32;16;10;5;32;50;1510888964;50;255;1510888979;0
32;16;10;5;32;50;1510888996;50;255;1510889005;0
32;16;10;5;32;50;1510889329;50;255;1510889343;0
32;16;10;5;32;50;1510889649;50;255;1510889657;0
32;16;10;5;32;50;1510890057;50;255;1510890065;0
32;16;10;5;32;50;1510890242;50;255;1510890250;0
32;16;10;5;32;50;1510890430;50;255;1510890438;0
32;16;10;5;32;50;1510890839;50;255;1510890851;0
32;16;10;5;32;50;1510891366;50;255;1510891374;0
32;16;10;5;32;50;1510891392;50;255;1510891400;0
32;16;10;5;32;50;1510891393;50;255;1510891401;0
32;16;10;5;32;50;1510892072;50;255;1510892083;0
32;16;10;5;32;50;1510892405;50;255;1510892413;0
32;16;10;5;32;50;1510892464;50;255;1510892472;0
32;16;10;5;32;50;1510892513;50;255;1510892521;0
32;16;10;5;32;50;1510893284;50;255;1510893292;0
32;16;10;5;32;50;1510893566;50;255;1510893574;0
32;16;10;5;32;50;1510893846;50;255;1510893855;0
32;16;10;5;32;50;1510893869;50;255;1510893877;0
32;16;10;5;32;50;1510894507;50;255;1510894515;0
32;16;10;5;32;50;1510894553;50;255;1510894561;0
32;16;10;5;32;50;1510895034;50;255;1510895043;0
32;16;10;5;32;50;1510895063;50;255;1510895072;0
32;16;10;5;32;50;1510895629;50;255;1510895637;0
32;16;10;5;32;50;1510895633;50;255;1510895645;0
32;16;10;5;32;50;1510896014;50;255;1510896023;0
32;16;10;5;32;50;1510896257;50;255;1510896269;0
32;16;10;5;32;50;1510896611;50;255;1510896622;0
32;16;10;5;32;50;1510896710;50;255;1510896718;0
32;16;10;5;32;50;1510897154;50;255;1510897162;0
32;16;10;5;32;50;1510897334;50;255;1510897346;0
32;16;10;5;32;50;1510897603;50;255;1510897615;0
32;16;10;5;32;50;1510897725;50;255;1510897736;0
32;16;10;5;32;50;1510898396;50;255;1510898411;0
32;16;10;5;32;50;1510898681;50;255;1510898689;0
32;16;10;5;32;50;1510898711;50;255;1510898719;0
32;16;10;5;32;50;1510898825;50;255;1510898833;0
32;16;10;5;32;50;1510899484;50;255;1510899492;0
32;16;10;5;32;50;1510899927;50;255;1510899936;0
32;16;10;5;32;50;1510899933;50;255;1510899942;0
32;16;10;5;32;50;1510899934;50;255;1510899946;0
32;16;10;5;32;50;1510900663;50;255;1510900671;0
32;16;10;5;32;50;1510901077;50;255;1510901088;0
32;16;10;5;32;50;1510901106;50;255;1510901114;0
32;16;10;5;32;50;1510901128;50;255;1510901136;0
32;16;10;5;32;50;1510901966;50;255;1510901974;0
32;16;10;5;32;50;1510902191;50;255;1510902199;0
32;16;10;5;32;50;1510902288;50;255;1510902299;0
32;16;10;5;32;50;1510902351;50;255;1510902359;0
32;16;10;5;32;50;1510903279;50;255;1510903291;0
32;16;10;5;32;50;1510903332;50;255;1510903341;0
32;16;10;5;32;50;1510903464;50;255;1510903472;0
32;16;10;5;32;50;1510903616;50;255;1510903624;0
32;16;10;5;32;50;1510904333;50;255;1510904341;0
32;16;10;5;32;50;1510904508;50;255;1510904516;0
32;16;10;5;32;50;1510904596;50;255;1510904604;0
32;16;10;5;32;50;1510904907;50;255;1510904915;0
32;16;10;5;32;50;1510905440;50;255;1510905448;0
32;16;10;5;32;50;1510905733;50;255;1510905741;0
32;16;10;5;32;50;1510905790;50;255;1510905799;0
32;16;10;5;32;50;1510905928;50;255;1510905936;0
32;16;10;5;32;50;1510906647;50;255;1510906659;0
32;16;10;5;32;50;1510906884;50;255;1510906895;0
32;16;10;5;32;50;1510907009;50;255;1510907017;0
32;16;10;5;32;50;1510907282;50;255;1510907290;0
32;16;10;5;32;50;1510907745;50;255;1510907753;0
32;16;10;5;32;50;1510908008;50;255;1510908016;0
32;16;10;5;32;50;1510908240;50;255;1510908248;0
32;16;10;5;32;50;1510908442;50;255;1510908450;0
32;16;10;5;32;50;1510909010;50;255;1510909024;0
32;16;10;5;32;50;1510909181;50;255;1510909189;0
32;16;10;5;32;50;1510909290;50;255;1510909298;0
32;16;10;5;32;50;1510909638;50;255;1510909646;0
32;16;10;5;32;50;1510910158;50;255;1510910166;0
32;16;10;5;32;50;1510910208;50;255;1510910216;0
32;16;10;5;32;50;1510910515;50;255;1510910523;0
32;16;10;5;32;50;1510910819;50;255;1510910827;0
32;16;10;5;32;50;1510911375;50;255;1510911383;0
32;16;10;5;32;50;1510911602;50;255;1510911611;0
32;16;10;5;32;50;1510911836;50;255;1510911845;0
32;16;10;5;32;50;1510912036;50;255;1510912044;0
32;16;10;5;32;50;1510912508;50;255;1510912516;0
32;16;10;5;32;50;1510912613;50;255;1510912622;0
32;16;10;5;32;50;1510913216;50;255;1510913228;0
32;16;10;5;32;50;1510913255;50;255;1510913263;0
32;16;10;5;32;50;1510913629;50;255;1510913640;0
32;16;10;5;32;50;1510913663;50;255;1510913674;0
32;16;10;5;32;50;1510914394;50;255;1510914402;0
32;16;10;5;32;50;1510914487;50;255;1510914496;0
32;16;10;5;32;50;1510914856;50;255;1510914864;0
32;16;10;5;32;50;1510914859;50;255;1510914867;0
32;16;10;5;32;50;1510915427;50;255;1510915435;0
32;16;10;5;32;50;1510915459;50;255;1510915467;0
32;16;10;5;32;50;1510915848;50;255;1510915856;0
32;16;10;5;32;50;1510916058;50;255;1510916066;0
32;16;10;5;32;50;1510916643;50;255;1510916652;0
32;16;10;5;32;50;1510916676;50;255;1510916684;0
32;16;10;5;32;50;1510917104;50;255;1510917112;0
32;16;10;5;32;50;1510917108;50;255;1510917119;0
32;16;10;5;32;50;1510917720;50;255;1510917728;0
32;16;10;5;32;50;1510917954;50;255;1510917962;0
32;16;10;5;32;50;1510918330;50;255;1510918338;0
32;16;10;5;32;50;1510918335;50;255;1510918349;0
32;16;10;5;32;50;1510919055;50;255;1510919064;0
32;16;10;5;32;50;1510919203;50;255;1510919215;0
32;16;10;5;32;50;1510919546;50;255;1510919555;0
32;16;10;5;32;50;1510919606;50;255;1510919614;0
32;16;10;5;32;50;1510920208;50;255;1510920216;0
32;16;10;5;32;50;1510920311;50;255;1510920320;0
32;16;10;5;32;50;1510920767;50;255;1510920775;0
32;16;10;5;32;50;1510920904;50;255;1510920912;0
32;16;10;5;32;50;1510921244;50;255;1510921252;0
32;16;10;5;32;50;1510921381;50;255;1510921390;0
32;16;10;5;32;50;1510921986;50;255;1510921995;0
32;16;10;5;32;50;1510922235;50;255;1510922244;0
32;16;10;5;32;50;1510922319;50;255;1510922327;0
32;16;10;5;32;50;1510922320;50;255;1510922332;0
32;16;10;5;32;50;1510923213;50;255;1510923221;0
32;16;10;5;32;50;1510923329;50;255;1510923341;0
32;16;10;5;32;50;1510923525;50;255;1510923533;0
32;16;10;5;32;50;1510923706;50;255;1510923714;0
32;16;10;5;32;50;1510924445;50;255;1510924454;0
32;16;10;5;32;50;1510924502;50;255;1510924511;0
32;16;10;5;32;50;1510924641;50;255;1510924649;0
32;16;10;5;32;50;1510924915;50;255;1510924924;0
32;16;10;5;32;50;1510925518;50;255;1510925527;0
32;16;10;5;32;50;1510925526;50;255;1510925535;0
32;16;10;5;32;50;1510925593;50;255;1510925602;0
32;16;10;5;32;50;1510926001;50;255;1510926009;0
32;16;10;5;32;50;1510926522;50;255;1510926530;0
32;16;10;5;32;50;1510926672;50;255;1510926680;0
32;16;10;5;32;50;1510926731;50;255;1510926739;0
32;16;10;5;32;50;1510927030;50;255;1510927041;0
32;16;10;5;32;50;1510927623;50;255;1510927631;0
32;16;10;5;32;50;1510927771;50;255;1510927779;0
32;16;10;5;32;50;1510927845;50;255;1510927853;0
32;16;10;5;32;50;1510928385;50;255;1510928393;0
32;16;10;5;32;50;1510928754;50;255;1510928762;0
32;16;10;5;32;50;1510928786;50;255;1510928795;0
32;16;10;5;32;50;1510928821;50;255;1510928829;0
32;16;10;5;32;50;1510929652;50;255;1510929660;0
32;16;10;5;32;50;1510929834;50;255;1510929842;0
32;16;10;5;32;50;1510929849;50;255;1510929858;0
32;16;10;5;32;50;1510929920;50;255;1510929928;0
32;16;10;5;32;50;1510930865;50;255;1510930873;0
32;16;10;5;32;50;1510930960;50;255;1510930968;0
32;16;10;5;32;50;1510931119;50;255;1510931130;0
32;16;10;5;32;50;1510931132;50;255;1510931140;0
32;16;10;5;32;50;1510931836;50;255;1510931844;0
32;16;10;5;32;50;1510932162;50;255;1510932171;0
32;16;10;5;32;50;1510932208;50;255;1510932216;0
32;16;10;5;32;50;1510932277;50;255;1510932285;0
32;16;10;5;32;50;1510933044;50;255;1510933052;0
32;16;10;5;32;50;1510933196;50;255;1510933204;0
32;16;10;5;32;50;1510933423;50;255;1510933431;0
32;16;10;5;32;50;1510933544;50;255;1510933552;0
32;16;10;5;32;50;1510934220;50;255;1510934235;0
32;16;10;5;32;50;1510934324;50;255;1510934332;0
32;16;10;5;32;50;1510934512;50;255;1510934520;0
32;16;10;5;32;50;1510934792;50;255;1510934800;0
32;16;10;5;32;50;1510935364;50;255;1510935373;0
32;16;10;5;32;50;1510935550;50;255;1510935559;0
32;16;10;5;32;50;1510935678;50;255;1510935686;0
32;16;10;5;32;50;1510936031;50;255;1510936039;0
32;16;10;5;32;50;1510936484;50;255;1510936492;0
32;16;10;5;32;50;1510936593;50;255;1510936601;0
32;16;10;5;32;50;1510936647;50;255;1510936655;0
32;16;10;5;32;50;1510937295;50;255;1510937303;0
32;16;10;5;32;50;1510937704;50;255;1510937712;0
32;16;10;5;32;50;1510937721;50;255;1510937729;0
32;16;10;5;32;50;1510937742;50;255;1510937751;0
32;16;10;5;32;50;1510938385;50;255;1510938393;0
32;16;10;5;32;50;1510938788;50;255;1510938797;0
32;16;10;5;32;50;1510938941;50;255;1510938949;0
32;16;10;5;32;50;1510938967;50;255;1510938975;0
32;16;10;5;32;50;1510939648;50;255;1510939656;0
32;16;10;5;32;50;1510940005;50;255;1510940014;0
32;16;10;5;32;50;1510940023;50;255;1510940031;0
32;16;10;5;32;50;1510940079;50;255;1510940088;0
32;16;10;5;32;50;1510940740;50;255;1510940748;0
32;16;10;5;32;50;1510941205;50;255;1510941213;0
32;16;10;5;32;50;1510941293;50;255;1510941301;0
32;16;10;5;32;50;1510941388;50;255;1510941397;0
32;16;10;5;32;50;1510941787;50;255;1510941795;0
32;16;10;5;32;50;1510942390;50;255;1510942399;0
32;16;10;5;32;50;1510942444;50;255;1510942462;0
32;16;10;5;32;50;1510942508;50;255;1510942516;0
32;16;10;5;32;50;1510943119;50;255;1510943127;0
32;16;10;5;32;50;1510943391;50;255;1510943399;0
32;16;10;5;32;50;1510943470;50;255;1510943479;0
32;16;10;5;32;50;1510943590;50;255;1510943598;0
32;16;10;5;32;50;1510944231;50;255;1510944239;0
32;16;10;5;32;50;1510944403;50;255;1510944415;0
32;16;10;5;32;50;1510944687;50;255;1510944695;0
32;16;10;5;32;50;1510944823;50;255;1510944831;0
32;16;10;5;32;50;1510945489;50;255;1510945497;0
32;16;10;5;32;50;1510945529;50;255;1510945538;0
32;16;10;5;32;50;1510945794;50;255;1510945805;0
32;16;10;5;32;50;1510946027;50;255;1510946039;0
32;16;10;5;32;50;1510946758;50;255;1510946766;0
32;16;10;5;32;50;1510946781;50;255;1510946789;0
32;16;10;5;32;50;1510946982;50;255;1510946991;0
32;16;10;5;32;50;1510947301;50;255;1510947310;0
32;16;10;5;32;50;1510947787;50;255;1510947795;0
32;16;10;5;32;50;1510947910;50;255;1510947918;0
32;16;10;5;32;50;1510948128;50;255;1510948136;0
32;16;10;5;32;50;1510948638;50;255;1510948646;0
32;16;10;5;32;50;1510948849;50;255;1510948858;0
32;16;10;5;32;50;1510949008;50;255;1510949019;0
32;16;10;5;32;50;1510949204;50;255;1510949212;0
32;16;10;5;32;50;1510949735;50;255;1510949744;0
32;16;10;5;32;50;1510950099;50;255;1510950108;0
32;16;10;5;32;50;1510950134;50;255;1510950142;0
32;16;10;5;32;50;1510950336;50;255;1510950344;0
32;16;10;5;32;50;1510950849;50;255;1510950857;0
32;16;10;5;32;50;1510951176;50;255;1510951185;0
32;16;10;5;32;50;1510951407;50;255;1510951415;0
32;16;10;5;32;50;1510951556;50;255;1510951564;0
32;16;10;5;32;50;1510952199;50;255;1510952207;0
32;16;10;5;32;50;1510952199;50;255;1510952208;0
32;16;10;5;32;50;1510952368;50;255;1510952376;0
32;16;10;5;32;50;1510952818;50;255;1510952827;0
32;16;10;5;32;50;1510953306;50;255;1510953315;0
32;16;10;5;32;50;1510953383;50;255;1510953391;0
32;16;10;5;32;50;1510953470;50;255;1510953478;0
32;16;10;5;32;50;1510953924;50;255;1510953936;0
32;16;10;5;32;50;1510954292;50;255;1510954300;0
32;16;10;5;32;50;1510954551;50;255;1510954559;0
32;16;10;5;32;50;1510954608;50;255;1510954616;0
32;16;10;5;32;50;1510954965;50;255;1510954974;0
32;16;10;5;32;50;1510955523;50;255;1510955532;0
32;16;10;5;32;50;1510955555;50;255;1510955564;0
32;16;10;5;32;50;1510955774;50;255;1510955783;0
32;16;10;5;32;50;1510956010;50;255;1510956018;0
32;16;10;5;32;50;1510956545;50;255;1510956554;0
32;16;10;5;32;50;1510956641;50;255;1510956650;0
32;16;10;5;32;50;1510956890;50;255;1510956898;0
32;16;10;5;32;50;1510957269;50;255;1510957277;0
32;16;10;5;32;50;1510957761;50;255;1510957773;0
32;16;10;5;32;50;1510957914;50;255;1510957922;0
32;16;10;5;32;50;1510958016;50;255;1510958028;0
32;16;10;5;32;50;1510958493;50;255;1510958501;0
32;16;10;5;32;50;1510958795;50;255;1510958810;0
32;16;10;5;32;50;1510958960;50;255;1510958968;0
32;16;10;5;32;50;1510959037;50;255;1510959046;0
32;16;10;5;32;50;1510959811;50;255;1510959823;0
32;16;10;5;32;50;1510960058;50;255;1510960066;0
32;16;10;5;32;50;1510960219;50;255;1510960227;0
32;16;10;5;32;50;1510960311;50;255;1510960322;0
32;16;10;5;32;50;1510960872;50;255;1510960880;0
32;16;10;5;32;50;1510961162;50;255;1510961173;0
32;16;10;5;32;50;1510961263;50;255;1510961271;0
32;16;10;5;32;50;1510961500;50;255;1510961508;0
32;16;10;5;32;50;1510962115;50;255;1510962123;0
32;16;10;5;32;50;1510962379;50;255;1510962388;0
32;16;10;5;32;50;1510962487;50;255;1510962505;0
32;16;10;5;32;50;1510962502;50;255;1510962510;0
32;16;10;5;32;50;1510963133;50;255;1510963141;0
32;16;10;5;32;50;1510963347;50;255;1510963356;0
32;16;10;5;32;50;1510963812;50;255;1510963820;0
32;16;10;5;32;50;1510963829;50;255;1510963837;0
32;16;10;5;32;50;1510964393;50;255;1510964401;0
32;16;10;5;32;50;1510964625;50;255;1510964633;0
32;16;10;5;32;50;1510964853;50;255;1510964861;0
32;16;10;5;32;50;1510965137;50;255;1510965145;0
32;16;10;5;32;50;1510965485;50;255;1510965493;0
32;16;10;5;32;50;1510965846;50;255;1510965855;0
32;16;10;5;32;50;1510966035;50;255;1510966043;0
32;16;10;5;32;50;1510966298;50;255;1510966306;0
32;16;10;5;32;50;1510966494;50;255;1510966503;0
32;16;10;5;32;50;1510967059;50;255;1510967067;0
32;16;10;5;32;50;1510967201;50;255;1510967210;0
32;16;10;5;32;50;1510967434;50;255;1510967442;0
32;16;10;5;32;50;1510967625;50;255;1510967633;0
32;16;10;5;32;50;1510968336;50;255;1510968348;0
32;16;10;5;32;50;1510968350;50;255;1510968358;0
32;16;10;5;32;50;1510968629;50;255;1510968647;0
32;16;10;5;32;50;1510969014;50;255;1510969022;0
32;16;10;5;32;50;1510969497;50;255;1510969505;0
32;16;10;5;32;50;1510969650;50;255;1510969658;0
32;16;10;5;32;50;1510969841;50;255;1510969850;0
32;16;10;5;32;50;1510970225;50;255;1510970234;0
32;16;10;5;32;50;1510970693;50;255;1510970701;0
32;16;10;5;32;50;1510970921;50;255;1510970929;0
32;16;10;5;32;50;1510970946;50;255;1510970954;0
32;16;10;5;32;50;1510971357;50;255;1510971366;0
32;16;10;5;32;50;1510971920;50;255;1510971928;0
32;16;10;5;32;50;1510972106;50;255;1510972114;0
32;16;10;5;32;50;1510972273;50;255;1510972284;0
32;16;10;5;32;50;1510972545;50;255;1510972553;0
32;16;10;5;32;50;1510973165;50;255;1510973173;0
32;16;10;5;32;50;1510973361;50;255;1510973372;0
32;16;10;5;32;50;1510973499;50;255;1510973507;0
32;16;10;5;32;50;1510973591;50;255;1510973599;0
32;16;10;5;32;50;1510974138;50;255;1510974147;0
32;16;10;5;32;50;1510974490;50;255;1510974499;0
32;16;10;5;32;50;1510974667;50;255;1510974676;0
32;16;10;5;32;50;1510974813;50;255;1510974821;0
32;16;10;5;32;50;1510975186;50;255;1510975195;0
32;16;10;5;32;50;1510975678;50;255;1510975687;0
32;16;10;5;32;50;1510975712;50;255;1510975721;0
32;16;10;5;32;50;1510976051;50;255;1510976060;0
32;16;10;5;32;50;1510976362;50;255;1510976371;0
32;16;10;5;32;50;1510976878;50;255;1510976886;0
32;16;10;5;32;50;1510976909;50;255;1510976918;0
32;16;10;5;32;50;1510977212;50;255;1510977220;0
32;16;10;5;32;50;1510977666;50;255;1510977675;0
32;16;10;5;32;50;1510977809;50;255;1510977818;0
32;16;10;5;32;50;1510977962;50;255;1510977971;0
32;16;10;5;32;50;1510978358;50;255;1510978366;0
32;16;10;5;32;50;1510978854;50;255;1510978862;0
32;16;10;5;32;50;1510978981;50;255;1510978996;0
32;16;10;5;32;50;1510979111;50;255;1510979119;0
32;16;10;5;32;50;1510979621;50;255;1510979632;0
32;16;10;5;32;50;1510980128;50;255;1510980140;0
32;16;10;5;32;50;1510980281;50;255;1510980290;0
32;16;10;5;32;50;1510980316;50;255;1510980327;0
32;16;10;5;32;50;1510980722;50;255;1510980731;0
32;16;10;5;32;50;1510981255;50;255;1510981263;0
32;16;10;5;32;50;1510981420;50;255;1510981428;0
32;16;10;5;32;50;1510981482;50;255;1510981494;0
32;16;10;5;32;50;1510981887;50;255;1510981898;0
32;16;10;5;32;50;1510982440;50;255;1510982448;0
32;16;10;5;32;50;1510982449;50;255;1510982457;0
32;16;10;5;32;50;1510982625;50;255;1510982636;0
32;16;10;5;32;50;1510982904;50;255;1510982912;0
32;16;10;5;32;50;1510983470;50;255;1510983478;0
32;16;10;5;32;50;1510983681;50;255;1510983689;0
32;16;10;5;32;50;1510983915;50;255;1510983923;0
32;16;10;5;32;50;1510983935;50;255;1510983944;0
32;16;10;5;32;50;1510984658;50;255;1510984666;0
32;16;10;5;32;50;1510984674;50;255;1510984682;0
32;16;10;5;32;50;1510985088;50;255;1510985096;0
32;16;10;5;32;50;1510985135;50;255;1510985147;0
32;16;10;5;32;50;1510985765;50;255;1510985773;0
32;16;10;5;32;50;1510985916;50;255;1510985925;0
32;16;10;5;32;50;1510986086;50;255;1510986094;0
32;16;10;5;32;50;1510986294;50;255;1510986302;0
32;16;10;5;32;50;1510986833;50;255;1510986841;0
32;16;10;5;32;50;1510987034;50;255;1510987043;0
32;16;10;5;32;50;1510987109;50;255;1510987118;0
32;16;10;5;32;50;1510987553;50;255;1510987561;0
32;16;10;5;32;50;1510988005;50;255;1510988013;0
32;16;10;5;32;50;1510988251;50;255;1510988260;0
32;16;10;5;32;50;1510988370;50;255;1510988379;0
32;16;10;5;32;50;1510988820;50;255;1510988828;0
32;16;10;5;32;50;1510989233;50;255;1510989242;0
32;16;10;5;32;50;1510989424;50;255;1510989432;0
32;16;10;5;32;50;1510989458;50;255;1510989466;0
32;16;10;5;32;50;1510990037;50;255;1510990045;0
32;16;10;5;32;50;1510990421;50;255;1510990429;0
32;16;10;5;32;50;1510990467;50;255;1510990475;0
32;16;10;5;32;50;1510990477;50;255;1510990485;0
32;16;10;5;32;50;1510991170;50;255;1510991178;0
32;16;10;5;32;50;1510991608;50;255;1510991622;0
32;16;10;5;32;50;1510991693;50;255;1510991702;0
32;16;10;5;32;50;1510991872;50;255;1510991880;0
32;16;10;5;32;50;1510992254;50;255;1510992262;0
32;16;10;5;32;50;1510992630;50;255;1510992638;0
32;16;10;5;32;50;1510992890;50;255;1510992898;0
32;16;10;5;32;50;1510992936;50;255;1510992944;0
32;16;10;5;32;50;1510993490;50;255;1510993498;0
32;16;10;5;32;50;1510993792;50;255;1510993801;0
32;16;10;5;32;50;1510994090;50;255;1510994099;0
32;16;10;5;32;50;1510994154;50;255;1510994162;0
32;16;10;5;32;50;1510994771;50;255;1510994779;0
32;16;10;5;32;50;1510995152;50;255;1510995160;0
32;16;10;5;32;50;1510995246;50;255;1510995267;0
32;16;10;5;32;50;1510995300;50;255;1510995309;0
32;16;10;5;32;50;1510995869;50;255;1510995878;0
32;16;10;5;32;50;1510996310;50;255;1510996318;0
32;16;10;5;32;50;1510996486;50;255;1510996495;0
32;16;10;5;32;50;1510996583;50;255;1510996592;0
32;16;10;5;32;50;1510996975;50;255;1510996984;0
32;16;10;5;32;50;1510997445;50;255;1510997453;0
32;16;10;5;32;50;1510997543;50;255;1510997552;0
32;16;10;5;32;50;1510997769;50;255;1510997777;0
32;16;10;5;32;50;1510998242;50;255;1510998253;0
32;16;10;5;32;50;1510998561;50;255;1510998570;0
32;16;10;5;32;50;1510998635;50;255;1510998647;0
32;16;10;5;32;50;1510998879;50;255;1510998888;0
32;16;10;5;32;50;1510999430;50;255;1510999438;0
32;16;10;5;32;50;1510999699;50;255;1510999707;0
32;16;10;5;32;50;1510999742;50;255;1510999751;0
32;16;10;5;32;50;1510999939;50;255;1510999951;0
32;16;10;5;32;50;1511000649;50;255;1511000657;0
32;16;10;5;32;50;1511000919;50;255;1511000927;0
32;16;10;5;32;50;1511000985;50;255;1511000997;0
32;16;10;5;32;50;1511001131;50;255;1511001140;0
32;16;10;5;32;50;1511001824;50;255;1511001833;0
32;16;10;5;32;50;1511002118;50;255;1511002126;0
32;16;10;5;32;50;1511002299;50;255;1511002307;0
32;16;10;5;32;50;1511002433;50;255;1511002445;0
32;16;10;5;32;50;1511002964;50;255;1511002972;0
32;16;10;5;32;50;1511003265;50;255;1511003273;0
32;16;10;5;32;50;1511003605;50;255;1511003613;0
32;16;10;5;32;50;1511003625;50;255;1511003634;0
32;16;10;5;32;50;1511004192;50;255;1511004200;0
32;16;10;5;32;50;1511004313;50;255;1511004321;0
32;16;10;5;32;50;1511004660;50;255;1511004669;0
32;16;10;5;32;50;1511004759;50;255;1511004767;0
32;16;10;5;32;50;1511005463;50;255;1511005471;0
32;16;10;5;32;50;1511005537;50;255;1511005545;0
32;16;10;5;32;50;1511005894;50;255;1511005902;0
32;16;10;5;32;50;1511006012;50;255;1511006023;0
32;16;10;5;32;50;1511006426;50;255;1511006434;0
32;16;10;5;32;50;1511006830;50;255;1511006842;0
32;16;10;5;32;50;1511007005;50;255;1511007017;0
32;16;10;5;32;50;1511007263;50;255;1511007274;0
32;16;10;5;32;50;1511007523;50;255;1511007531;0
32;16;10;5;32;50;1511008097;50;255;1511008105;0
32;16;10;5;32;50;1511008290;50;255;1511008299;0
32;16;10;5;32;50;1511008608;50;255;1511008616;0
32;16;10;5;32;50;1511008650;50;255;1511008658;0
32;16;10;5;32;50;1511009248;50;255;1511009256;0
32;16;10;5;32;50;1511009508;50;255;1511009517;0
32;16;10;5;32;50;1511009713;50;255;1511009727;0
32;16;10;5;32;50;1511009776;50;255;1511009784;0
32;16;10;5;32;50;1511010180;50;255;1511010191;0
32;16;10;5;32;50;1511010560;50;255;1511010569;0
32;16;10;5;32;50;1511010851;50;255;1511010860;0
32;16;10;5;32;50;1511010892;50;255;1511010900;0
32;16;10;5;32;50;1511011300;50;255;1511011308;0
32;16;10;5;32;50;1511011848;50;255;1511011856;0
32;16;10;5;32;50;1511011905;50;255;1511011913;0
32;16;10;5;32;50;1511012029;50;255;1511012038;0
32;16;10;5;32;50;1511012557;50;255;1511012566;0
32;16;10;5;32;50;1511013025;50;255;1511013033;0
32;16;10;5;32;50;1511013036;50;255;1511013045;0
32;16;10;5;32;50;1511013181;50;255;1511013189;0
32;16;10;5;32;50;1511013918;50;255;1511013926;0
32;16;10;5;32;50;1511014027;50;255;1511014035;0
32;16;10;5;32;50;1511014220;50;255;1511014228;0
32;16;10;5;32;50;1511014232;50;255;1511014241;0
32;16;10;5;32;50;1511015020;50;255;1511015028;0
32;16;10;5;32;50;1511015153;50;255;1511015162;0
32;16;10;5;32;50;1511015384;50;255;1511015393;0
32;16;10;5;32;50;1511015418;50;255;1511015427;0
32;16;10;5;32;50;1511016267;50;255;1511016275;0
32;16;10;5;32;50;1511016381;50;255;1511016389;0
32;16;10;5;32;50;1511016399;50;255;1511016407;0
32;16;10;5;32;50;1511016606;50;255;1511016614;0
32;16;10;5;32;50;1511017546;50;255;1511017554;0
32;16;10;5;32;50;1511017551;50;255;1511017559;0
32;16;10;5;32;50;1511017636;50;255;1511017644;0
32;16;10;5;32;50;1511017793;50;255;1511017802;0
32;16;10;5;32;50;1511018553;50;255;1511018561;0
32;16;10;5;32;50;1511018770;50;255;1511018782;0
32;16;10;5;32;50;1511018828;50;255;1511018839;0
32;16;10;5;32;50;1511018926;50;255;1511018934;0
32;16;10;5;32;50;1511019701;50;255;1511019709;0
32;16;10;5;32;50;1511019989;50;255;1511019998;0
32;16;10;5;32;50;1511020012;50;255;1511020021;0
32;16;10;5;32;50;1511020048;50;255;1511020056;0
32;16;10;5;32;50;1511020737;50;255;1511020745;0
32;16;10;5;32;50;1511021158;50;255;1511021166;0
32;16;10;5;32;50;1511021217;50;255;1511021226;0
32;16;10;5;32;50;1511021242;50;255;1511021251;0
32;16;10;5;32;50;1511021960;50;255;1511021968;0
32;16;10;5;32;50;1511022294;50;255;1511022302;0
32;16;10;5;32;50;1511022417;50;255;1511022425;0
32;16;10;5;32;50;1511022618;50;255;1511022626;0
32;16;10;5;32;50;1511023285;50;255;1511023294;0
32;16;10;5;32;50;1511023413;50;255;1511023431;0
32;16;10;5;32;50;1511023755;50;255;1511023763;0
32;16;10;5;32;50;1511023769;50;255;1511023780;0
32;16;10;5;32;50;1511024327;50;255;1511024336;0
32;16;10;5;32;50;1511024487;50;255;1511024499;0
32;16;10;5;32;50;1511024817;50;255;1511024825;0
32;16;10;5;32;50;1511025030;50;255;1511025039;0
32;16;10;5;32;50;1511025424;50;255;1511025432;0
32;16;10;5;32;50;1511025641;50;255;1511025649;0
32;16;10;5;32;50;1511025782;50;255;1511025791;0
32;16;10;5;32;50;1511026163;50;255;1511026171;0
32;16;10;5;32;50;1511026528;50;255;1511026536;0
32;16;10;5;32;50;1511026704;50;255;1511026713;0
32;16;10;5;32;50;1511026985;50;255;1511026993;0
32;16;10;5;32;50;1511027201;50;255;1511027212;0
32;16;10;5;32;50;1511027775;50;255;1511027784;0
32;16;10;5;32;50;1511028018;50;255;1511028026;0
32;16;10;5;32;50;1511028217;50;255;1511028225;0
32;16;10;5;32;50;1511028354;50;255;1511028362;0
32;16;10;5;32;50;1511028966;50;255;1511028978;0
32;16;10;5;32;50;1511029275;50;255;1511029283;0
32;16;10;5;32;50;1511029317;50;255;1511029325;0
32;16;10;5;32;50;1511029688;50;255;1511029700;0
32;16;10;5;32;50;1511029985;50;255;1511029993;0
32;16;10;5;32;50;1511030413;50;255;1511030421;0
32;16;10;5;32;50;1511030522;50;255;1511030530;0
32;16;10;5;32;50;1511030996;50;255;1511031004;0
32;16;10;5;32;50;1511031089;50;255;1511031097;0
32;16;10;5;32;50;1511031522;50;255;1511031531;0
32;16;10;5;32;50;1511031726;50;255;1511031734;0
32;16;10;5;32;50;1511032158;50;255;1511032166;0
32;16;10;5;32;50;1511032348;50;255;1511032356;0
32;16;10;5;32;50;1511032570;50;255;1511032578;0
32;16;10;5;32;50;1511032916;50;255;1511032928;0
32;16;10;5;32;50;1511033403;50;255;1511033412;0
32;16;10;5;32;50;1511033410;50;255;1511033419;0
32;16;10;5;32;50;1511033698;50;255;1511033706;0
32;16;10;5;32;50;1511034106;50;255;1511034124;0
32;16;10;5;32;50;1511034618;50;255;1511034626;0
32;16;10;5;32;50;1511034635;50;255;1511034643;0
32;16;10;5;32;50;1511034735;50;255;1511034746;0
32;16;10;5;32;50;1511035348;50;255;1511035356;0
32;16;10;5;32;50;1511035698;50;255;1511035706;0
32;16;10;5;32;50;1511035855;50;255;1511035863;0
32;16;10;5;32;50;1511035957;50;255;1511035965;0
32;16;10;5;32;50;1511036670;50;255;1511036679;0
32;16;10;5;32;50;1511036872;50;255;1511036881;0
32;16;10;5;32;50;1511036976;50;255;1511036985;0
32;16;10;5;32;50;1511037159;50;255;1511037168;0
32;16;10;5;32;50;1511037781;50;255;1511037789;0
32;16;10;5;32;50;1511038020;50;255;1511038028;0
32;16;10;5;32;50;1511038157;50;255;1511038165;0
32;16;10;5;32;50;1511038159;50;255;1511038167;0
32;16;10;5;32;50;1511038976;50;255;1511038984;0
32;16;10;5;32;50;1511039041;50;255;1511039049;0
32;16;10;5;32;50;1511039262;50;255;1511039274;0
32;16;10;5;32;50;1511039332;50;255;1511039340;0
32;16;10;5;32;50;1511040083;50;255;1511040091;0
32;16;10;5;32;50;1511040182;50;255;1511040190;0
32;16;10;5;32;50;1511040360;50;255;1511040372;0
32;16;10;5;32;50;1511040535;50;255;1511040543;0
32;16;10;5;32;50;1511041327;50;255;1511041335;0
32;16;10;5;32;50;1511041328;50;255;1511041339;0
32;16;10;5;32;50;1511041499;50;255;1511041507;0
32;16;10;5;32;50;1511041617;50;255;1511041625;0
32;16;10;5;32;50;1511042465;50;255;1511042474;0
32;16;10;5;32;50;1511042488;50;255;1511042497;0
32;16;10;5;32;50;1511042705;50;255;1511042713;0
32;16;10;5;32;50;1511042830;50;255;1511042839;0
32;16;10;5;32;50;1511043746;50;255;1511043757;0
32;16;10;5;32;50;1511043820;50;255;1511043828;0
32;16;10;5;32;50;1511043848;50;255;1511043856;0
32;16;10;5;32;50;1511044053;50;255;1511044062;0
32;16;10;5;32;50;1511044773;50;255;1511044782;0
32;16;10;5;32;50;1511044948;50;255;1511044957;0
32;16;10;5;32;50;1511044999;50;255;1511045007;0
32;16;10;5;32;50;1511045038;50;255;1511045046;0
32;16;10;5;32;50;1511046023;50;255;1511046031;0
32;16;10;5;32;50;1511046073;50;255;1511046081;0
32;16;10;5;32;50;1511046237;50;255;1511046246;0
32;16;10;5;32;50;1511046303;50;255;1511046314;0
32;16;10;5;32;50;1511047193;50;255;1511047204;0
32;16;10;5;32;50;1511047202;50;255;1511047211;0
32;16;10;5;32;50;1511047247;50;255;1511047255;0
32;16;10;5;32;50;1511047355;50;255;1511047364;0
32;16;10;5;32;50;1511048287;50;255;1511048296;0
32;16;10;5;32;50;1511048371;50;255;1511048382;0
32;16;10;5;32;50;1511048375;50;255;1511048384;0
32;16;10;5;32;50;1511048506;50;255;1511048514;0
32;16;10;5;32;50;1511049431;50;255;1511049442;0
32;16;10;5;32;50;1511049601;50;255;1511049609;0
32;16;10;5;32;50;1511049623;50;255;1511049635;0
32;16;10;5;32;50;1511049659;50;255;1511049674;0
32;16;10;5;32;50;1511050612;50;255;1511050620;0
32;16;10;5;32;50;1511050698;50;255;1511050707;0
32;16;10;5;32;50;1511050836;50;255;1511050845;0
32;16;10;5;32;50;1511050848;50;255;1511050856;0
32;16;10;5;32;50;1511051771;50;255;1511051779;0
32;16;10;5;32;50;1511051812;50;255;1511051820;0
32;16;10;5;32;50;1511052004;50;255;1511052013;0
32;16;10;5;32;50;1511052024;50;255;1511052035;0
32;16;10;5;32;50;1511052909;50;255;1511052917;0
32;16;10;5;32;50;1511052917;50;255;1511052928;0
32;16;10;5;32;50;1511053035;50;255;1511053043;0
32;16;10;5;32;50;1511053184;50;255;1511053192;0
32;16;10;5;32;50;1511054061;50;255;1511054069;0
32;16;10;5;32;50;1511054087;50;255;1511054095;0
32;16;10;5;32;50;1511054241;50;255;1511054252;0
32;16;10;5;32;50;1511054284;50;255;1511054292;0
32;16;10;5;32;50;1511055205;50;255;1511055213;0
32;16;10;5;32;50;1511055241;50;255;1511055253;0
32;16;10;5;32;50;1511055398;50;255;1511055409;0
32;16;10;5;32;50;1511055429;50;255;1511055437;0
32;16;10;5;32;50;1511056360;50;255;1511056368;0
32;16;10;5;32;50;1511056468;50;255;1511056476;0
32;16;10;5;32;50;1511056495;50;255;1511056503;0
32;16;10;5;32;50;1511056599;50;255;1511056607;0
32;16;10;5;32;50;1511057403;50;255;1511057412;0
32;16;10;5;32;50;1511057568;50;255;1511057580;0
32;16;10;5;32;50;1511057604;50;255;1511057613;0
32;16;10;5;32;50;1511057697;50;255;1511057706;0
32;16;10;5;32;50;1511058634;50;255;1511058642;0
32;16;10;5;32;50;1511058681;50;255;1511058689;0
32;16;10;5;32;50;1511058853;50;255;1511058862;0
32;16;10;5;32;50;1511059144;50;255;1511059153;0
32;16;10;5;32;50;1511059834;50;255;1511059842;0
32;16;10;5;32;50;1511059866;50;255;1511059874;0
32;16;10;5;32;50;1511060089;50;255;1511060097;0
32;16;10;5;32;50;1511060405;50;255;1511060413;0
32;16;10;5;32;50;1511060886;50;255;1511060895;0
32;16;10;5;32;50;1511060982;50;255;1511060997;0
32;16;10;5;32;50;1511061136;50;255;1511061144;0
32;16;10;5;32;50;1511061668;50;255;1511061676;0
32;16;10;5;32;50;1511062052;50;255;1511062061;0
32;16;10;5;32;50;1511062139;50;255;1511062147;0
32;16;10;5;32;50;1511062193;50;255;1511062202;0
32;16;10;5;32;50;1511062777;50;255;1511062786;0
32;16;10;5;32;50;1511063235;50;255;1511063243;0
32;16;10;5;32;50;1511063341;50;255;1511063352;0
32;16;10;5;32;50;1511063474;50;255;1511063482;0
32;16;10;5;32;50;1511063908;50;255;1511063917;0
32;16;10;5;32;50;1511064370;50;255;1511064378;0
32;16;10;5;32;50;1511064618;50;255;1511064627;0
32;16;10;5;32;50;1511064662;50;255;1511064670;0
32;16;10;5;32;50;1511065002;50;255;1511065010;0
32;16;10;5;32;50;1511065462;50;255;1511065471;0
32;16;10;5;32;50;1511065641;50;255;1511065649;0
32;16;10;5;32;50;1511065887;50;255;1511065895;0
32;16;10;5;32;50;1511066116;50;255;1511066124;0
32;16;10;5;32;50;1511066631;50;255;1511066640;0
32;16;10;5;32;50;1511066694;50;255;1511066706;0
32;16;10;5;32;50;1511066993;50;255;1511067001;0
32;16;10;5;32;50;1511067395;50;255;1511067404;0
32;16;10;5;32;50;1511067622;50;255;1511067631;0
32;16;10;5;32;50;1511067981;50;255;1511067992;0
32;16;10;5;32;50;1511068025;50;255;1511068033;0
32;16;10;5;32;50;1511068563;50;255;1511068571;0
32;16;10;5;32;50;1511068855;50;255;1511068866;0
32;16;10;5;32;50;1511068910;50;255;1511068919;0
32;16;10;5;32;50;1511069051;50;255;1511069059;0
32;16;10;5;32;50;1511069593;50;255;1511069601;0
32;16;10;5;32;50;1511069936;50;255;1511069947;0
32;16;10;5;32;50;1511069944;50;255;1511069953;0
32;16;10;5;32;50;1511070246;50;255;1511070254;0
32;16;10;5;32;50;1511070757;50;255;1511070765;0
32;16;10;5;32;50;1511071027;50;255;1511071036;0
32;16;10;5;32;50;1511071040;50;255;1511071048;0
32;16;10;5;32;50;1511071318;50;255;1511071326;0
32;16;10;5;32;50;1511072060;50;255;1511072068;0
32;16;10;5;32;50;1511072069;50;255;1511072077;0
32;16;10;5;32;50;1511072280;50;255;1511072289;0
32;16;10;5;32;50;1511072502;50;255;1511072510;0
32;16;10;5;32;50;1511073168;50;255;1511073177;0
32;16;10;5;32;50;1511073317;50;255;1511073325;0
32;16;10;5;32;50;1511073370;50;255;1511073378;0
32;16;10;5;32;50;1511073790;50;255;1511073798;0
32;16;10;5;32;50;1511074228;50;255;1511074237;0
32;16;10;5;32;50;1511074316;50;255;1511074327;0
32;16;10;5;32;50;1511074557;50;255;1511074566;0
32;16;10;5;32;50;1511074983;50;255;1511074992;0
32;16;10;5;32;50;1511075384;50;255;1511075393;0
32;16;10;5;32;50;1511075568;50;255;1511075577;0
32;16;10;5;32;50;1511075628;50;255;1511075636;0
32;16;10;5;32;50;1511076081;50;255;1511076090;0
32;16;10;5;32;50;1511076493;50;255;1511076501;0
32;16;10;5;32;50;1511076682;50;255;1511076690;0
32;16;10;5;32;50;1511076783;50;255;1511076791;0
32;16;10;5;32;50;1511077274;50;255;1511077282;0
32;16;10;5;32;50;1511077704;50;255;1511077712;0
32;16;10;5;32;50;1511077923;50;255;1511077931;0
32;16;10;5;32;50;1511077947;50;255;1511077955;0
32;16;10;5;32;50;1511078413;50;255;1511078422;0
32;16;10;5;32;50;1511078735;50;255;1511078744;0
32;16;10;5;32;50;1511079062;50;255;1511079070;0
32;16;10;5;32;50;1511079099;50;255;1511079107;0
32;16;10;5;32;50;1511079601;50;255;1511079613;0
32;16;10;5;32;50;1511079785;50;255;1511079794;0
32;16;10;5;32;50;1511080225;50;255;1511080233;0
32;16;10;5;32;50;1511080269;50;255;1511080277;0
32;16;10;5;32;50;1511080675;50;255;1511080684;0
32;16;10;5;32;50;1511080939;50;255;1511080947;0
32;16;10;5;32;50;1511081360;50;255;1511081368;0
32;16;10;5;32;50;1511081532;50;255;1511081540;0
32;16;10;5;32;50;1511081991;50;255;1511081999;0
32;16;10;5;32;50;1511082032;50;255;1511082041;0
32;16;10;5;32;50;1511082555;50;255;1511082563;0
32;16;10;5;32;50;1511082784;50;255;1511082792;0
32;16;10;5;32;50;1511083047;50;255;1511083059;0
32;16;10;5;32;50;1511083203;50;255;1511083211;0
32;16;10;5;32;50;1511083693;50;255;1511083701;0
32;16;10;5;32;50;1511083910;50;255;1511083918;0
32;16;10;5;32;50;1511084192;50;255;1511084201;0
32;16;10;5;32;50;1511084304;50;255;1511084312;0
32;16;10;5;32;50;1511084725;50;255;1511084733;0
32;16;10;5;32;50;1511084985;50;255;1511084993;0
32;16;10;5;32;50;1511085285;50;255;1511085299;0
32;16;10;5;32;50;1511085460;50;255;1511085468;0
32;16;10;5;32;50;1511085769;50;255;1511085786;0
32;16;10;5;32;50;1511086195;50;255;1511086203;0
32;16;10;5;32;50;1511086443;50;255;1511086451;0
32;16;10;5;32;50;1511086739;50;255;1511086747;0
32;16;10;5;32;50;1511087001;50;255;1511087010;0
32;16;10;5;32;50;1511087378;50;255;1511087386;0
32;16;10;5;32;50;1511087668;50;255;1511087676;0
32;16;10;5;32;50;1511088056;50;255;1511088064;0
32;16;10;5;32;50;1511088063;50;255;1511088074;0
32;16;10;5;32;50;1511088467;50;255;1511088475;0
32;16;10;5;32;50;1511088925;50;255;1511088933;0
32;16;10;5;32;50;1511089219;50;255;1511089228;0
32;16;10;5;32;50;1511089248;50;255;1511089257;0
32;16;10;5;32;50;1511089558;50;255;1511089572;0
32;16;10;5;32;50;1511090117;50;255;1511090125;0
32;16;10;5;32;50;1511090419;50;255;1511090427;0
32;16;10;5;32;50;1511090504;50;255;1511090512;0
32;16;10;5;32;50;1511090818;50;255;1511090826;0
32;16;10;5;32;50;1511091259;50;255;1511091268;0
32;16;10;5;32;50;1511091626;50;255;1511091634;0
32;16;10;5;32;50;1511091735;50;255;1511091744;0
32;16;10;5;32;50;1511091996;50;255;1511092004;0
32;16;10;5;32;50;1511092553;50;255;1511092561;0
32;16;10;5;32;50;1511092562;50;255;1511092571;0
32;16;10;5;32;50;1511092984;50;255;1511092993;0
32;16;10;5;32;50;1511093093;50;255;1511093102;0
32;16;10;5;32;50;1511093695;50;255;1511093707;0
32;16;10;5;32;50;1511093902;50;255;1511093914;0
32;16;10;5;32;50;1511094102;50;255;1511094111;0
32;16;10;5;32;50;1511094339;50;255;1511094347;0
32;16;10;5;32;50;1511094738;50;255;1511094746;0
32;16;10;5;32;50;1511094949;50;255;1511094961;0
32;16;10;5;32;50;1511095180;50;255;1511095189;0
32;16;10;5;32;50;1511095474;50;255;1511095482;0
32;16;10;5;32;50;1511095935;50;255;1511095943;0
32;16;10;5;32;50;1511096201;50;255;1511096210;0
32;16;10;5;32;50;1511096333;50;255;1511096342;0
32;16;10;5;32;50;1511096901;50;255;1511096910;0
32;16;10;5;32;50;1511097058;50;255;1511097066;0
32;16;10;5;32;50;1511097359;50;255;1511097367;0
32;16;10;5;32;50;1511097414;50;255;1511097423;0
32;16;10;5;32;50;1511097950;50;255;1511097958;0
32;16;10;5;32;50;1511098217;50;255;1511098225;0
32;16;10;5;32;50;1511098439;50;255;1511098450;0
32;16;10;5;32;50;1511098567;50;255;1511098575;0
32;16;10;5;32;50;1511099158;50;255;1511099170;0
32;16;10;5;32;50;1511099442;50;255;1511099454;0
32;16;10;5;32;50;1511099730;50;255;1511099738;0
32;16;10;5;32;50;1511099864;50;255;1511099872;0
32;16;10;5;32;50;1511100458;50;255;1511100466;0
32;16;10;5;32;50;1511100511;50;255;1511100519;0
32;16;10;5;32;50;1511100895;50;255;1511100907;0
32;16;10;5;32;50;1511100919;50;255;1511100927;0
32;16;10;5;32;50;1511101579;50;255;1511101587;0
32;16;10;5;32;50;1511101676;50;255;1511101685;0
32;16;10;5;32;50;1511102019;50;255;1511102028;0
32;16;10;5;32;50;1511102046;50;255;1511102054;0
32;16;10;5;32;50;1511102633;50;255;1511102641;0
32;16;10;5;32;50;1511102915;50;255;1511102923;0
32;16;10;5;32;50;1511103105;50;255;1511103120;0
32;16;10;5;32;50;1511103185;50;255;1511103193;0
32;16;10;5;32;50;1511103579;50;255;1511103587;0
32;16;10;5;32;50;1511104097;50;255;1511104105;0
32;16;10;5;32;50;1511104245;50;255;1511104253;0
32;16;10;5;32;50;1511104464;50;255;1511104472;0
32;16;10;5;32;50;1511104867;50;255;1511104875;0
32;16;10;5;32;50;1511105231;50;255;1511105239;0
32;16;10;5;32;50;1511105306;50;255;1511105314;0
32;16;10;5;32;50;1511105625;50;255;1511105636;0
32;16;10;5;32;50;1511105990;50;255;1511105998;0
32;16;10;5;32;50;1511106263;50;255;1511106271;0
32;16;10;5;32;50;1511106424;50;255;1511106432;0
32;16;10;5;32;50;1511106633;50;255;1511106641;0
32;16;10;5;32;50;1511107110;50;255;1511107118;0
32;16;10;5;32;50;1511107461;50;255;1511107469;0
32;16;10;5;32;50;1511107512;50;255;1511107520;0
32;16;10;5;32;50;1511107603;50;255;1511107611;0
32;16;10;5;32;50;1511108406;50;255;1511108415;0
32;16;10;5;32;50;1511108589;50;255;1511108597;0
32;16;10;5;32;50;1511108654;50;255;1511108662;0
32;16;10;5;32;50;1511108910;50;255;1511108922;0
32;16;10;5;32;50;1511109459;50;255;1511109471;0
32;16;10;5;32;50;1511109664;50;255;1511109672;0
32;16;10;5;32;50;1511109856;50;255;1511109865;0
32;16;10;5;32;50;1511110086;50;255;1511110095;0
32;16;10;5;32;50;1511110727;50;255;1511110736;0
32;16;10;5;32;50;1511110743;50;255;1511110751;0
32;16;10;5;32;50;1511111221;50;255;1511111233;0
32;16;10;5;32;50;1511111277;50;255;1511111285;0
32;16;10;5;32;50;1511111817;50;255;1511111826;0
32;16;10;5;32;50;1511112049;50;255;1511112057;0
32;16;10;5;32;50;1511112396;50;255;1511112404;0
32;16;10;5;32;50;1511112438;50;255;1511112446;0
32;16;10;5;32;50;1511112906;50;255;1511112915;0
32;16;10;5;32;50;1511113421;50;255;1511113430;0
32;16;10;5;32;50;1511113606;50;255;1511113617;0
32;16;10;5;32;50;1511113716;50;255;1511113724;0
32;16;10;5;32;50;1511114198;50;255;1511114206;0
32;16;10;5;32;50;1511114410;50;255;1511114418;0
32;16;10;5;32;50;1511114873;50;255;1511114881;0
32;16;10;5;32;50;1511114950;50;255;1511114959;0
32;16;10;5;32;50;1511115322;50;255;1511115334;0
32;16;10;5;32;50;1511115477;50;255;1511115485;0
32;16;10;5;32;50;1511116190;50;255;1511116198;0
32;16;10;5;32;50;1511116254;50;255;1511116263;0
32;16;10;5;32;50;1511116594;50;255;1511116602;0
32;16;10;5;32;50;1511116790;50;255;1511116798;0
32;16;10;5;32;50;1511117269;50;255;1511117277;0
32;16;10;5;32;50;1511117399;50;255;1511117411;0
32;16;10;5;32;50;1511117893;50;255;1511117902;0
32;16;10;5;32;50;1511117919;50;255;1511117927;0
32;16;10;5;32;50;1511118412;50;255;1511118420;0
32;16;10;5;32;50;1511118654;50;255;1511118663;0
32;16;10;5;32;50;1511118990;50;255;1511119001;0
32;16;10;5;32;50;1511119200;50;255;1511119208;0
32;16;10;5;32;50;1511119595;50;255;1511119603;0
32;16;10;5;32;50;1511119827;50;255;1511119836;0
32;16;10;5;32;50;1511119986;50;255;1511119994;0
32;16;10;5;32;50;1511120288;50;255;1511120296;0
32;16;10;5;32;50;1511120666;50;255;1511120674;0
32;16;10;5;32;50;1511120904;50;255;1511120912;0
32;16;10;5;32;50;1511121032;50;255;1511121040;0
32;16;10;5;32;50;1511121483;50;255;1511121492;0
32;16;10;5;32;50;1511121835;50;255;1511121843;0
32;16;10;5;32;50;1511122029;50;255;1511122037;0
32;16;10;5;32;50;1511122376;50;255;1511122385;0
32;16;10;5;32;50;1511122543;50;255;1511122552;0
32;16;10;5;32;50;1511122921;50;255;1511122930;0
32;16;10;5;32;50;1511123292;50;255;1511123300;0
32;16;10;5;32;50;1511123465;50;255;1511123473;0
32;16;10;5;32;50;1511123667;50;255;1511123676;0
32;16;10;5;32;50;1511124152;50;255;1511124161;0
32;16;10;5;32;50;1511124475;50;255;1511124483;0
32;16;10;5;32;50;1511124646;50;255;1511124657;0
32;16;10;5;32;50;1511124914;50;255;1511124922;0
32;16;10;5;32;50;1511125348;50;255;1511125356;0
32;16;10;5;32;50;1511125551;50;255;1511125559;0
32;16;10;5;32;50;1511125862;50;255;1511125870;0
32;16;10;5;32;50;1511126105;50;255;1511126114;0
32;16;10;5;32;50;1511126533;50;255;1511126544;0
32;16;10;5;32;50;1511126826;50;255;1511126835;0
32;16;10;5;32;50;1511126919;50;255;1511126928;0
32;16;10;5;32;50;1511127185;50;255;1511127193;0
32;16;10;5;32;50;1511127751;50;255;1511127763;0
32;16;10;5;32;50;1511127883;50;255;1511127891;0
32;16;10;5;32;50;1511128270;50;255;1511128278;0
32;16;10;5;32;50;1511128347;50;255;1511128355;0
32;16;10;5;32;50;1511129024;50;255;1511129032;0
32;16;10;5;32;50;1511129069;50;255;1511129077;0
32;16;10;5;32;50;1511129318;50;255;1511129327;0
32;16;10;5;32;50;1511129435;50;255;1511129443;0
32;16;10;5;32;50;1511130035;50;255;1511130043;0
32;16;10;5;32;50;1511130256;50;255;1511130264;0
32;16;10;5;32;50;1511130477;50;255;1511130485;0
32;16;10;5;32;50;1511130717;50;255;1511130725;0
32;16;10;5;32;50;1511131071;50;255;1511131082;0
32;16;10;5;32;50;1511131533;50;255;1511131541;0
32;16;10;5;32;50;1511131577;50;255;1511131586;0
32;16;10;5;32;50;1511131977;50;255;1511131985;0
32;16;10;5;32;50;1511132182;50;255;1511132190;0
32;16;10;5;32;50;1511132730;50;255;1511132741;0
32;16;10;5;32;50;1511132760;50;255;1511132768;0
32;16;10;5;32;50;1511133032;50;255;1511133041;0
32;16;10;5;32;50;1511133255;50;255;1511133264;0
32;16;10;5;32;50;1511133964;50;255;1511133972;0
32;16;10;5;32;50;1511134013;50;255;1511134021;0
32;16;10;5;32;50;1511134205;50;255;1511134214;0
32;16;10;5;32;50;1511134230;50;255;1511134239;0
32;16;10;5;32;50;1511135043;50;255;1511135058;0
32;16;10;5;32;50;1511135153;50;255;1511135162;0
32;16;10;5;32;50;1511135331;50;255;1511135340;0
32;16;10;5;32;50;1511135380;50;255;1511135389;0
32;16;10;5;32;50;1511136178;50;255;1511136189;0
32;16;10;5;32;50;1511136427;50;255;1511136435;0
32;16;10;5;32;50;1511136475;50;255;1511136484;0
32;16;10;5;32;50;1511136672;50;255;1511136681;0
32;16;10;5;32;50;1511137309;50;255;1511137317;0
32;16;10;5;32;50;1511137680;50;255;1511137699;0
32;16;10;5;32;50;1511137716;50;255;1511137724;0
32;16;10;5;32;50;1511137927;50;255;1511137939;0
32;16;10;5;32;50;1511138511;50;255;1511138520;0
32;16;10;5;32;50;1511138847;50;255;1511138856;0
32;16;10;5;32;50;1511138926;50;255;1511138934;0
32;16;10;5;32;50;1511139231;50;255;1511139239;0
32;16;10;5;32;50;1511139734;50;255;1511139742;0
32;16;10;5;32;50;1511140104;50;255;1511140112;0
32;16;10;5;32;50;1511140108;50;255;1511140117;0
32;16;10;5;32;50;1511140352;50;255;1511140360;0
32;16;10;5;32;50;1511140941;50;255;1511140949;0
32;16;10;5;32;50;1511141321;50;255;1511141329;0
32;16;10;5;32;50;1511141337;50;255;1511141345;0
32;16;10;5;32;50;1511141471;50;255;1511141479;0
32;16;10;5;32;50;1511142000;50;255;1511142008;0
32;16;10;5;32;50;1511142477;50;255;1511142486;0
32;16;10;5;32;50;1511142516;50;255;1511142525;0
32;16;10;5;32;50;1511142546;50;255;1511142554;0
32;16;10;5;32;50;1511143101;50;255;1511143109;0
32;16;10;5;32;50;1511143732;50;255;1511143740;0
32;16;10;5;32;50;1511143756;50;255;1511143765;0
32;16;10;5;32;50;1511143830;50;255;1511143838;0
32;16;10;5;32;50;1511144333;50;255;1511144341;0
32;16;10;5;32;50;1511144847;50;255;1511144855;0
32;16;10;5;32;50;1511144895;50;255;1511144906;0
32;16;10;5;32;50;1511144979;50;255;1511144988;0
32;16;10;5;32;50;1511145395;50;255;1511145404;0
32;16;10;5;32;50;1511145962;50;255;1511145970;0
32;16;10;5;32;50;1511146152;50;255;1511146161;0
32;16;10;5;32;50;1511146236;50;255;1511146247;0
32;16;10;5;32;50;1511146684;50;255;1511146692;0
32;16;10;5;32;50;1511147083;50;255;1511147091;0
32;16;10;5;32;50;1511147208;50;255;1511147216;0
32;16;10;5;32;50;1511147431;50;255;1511147439;0
32;16;10;5;32;50;1511148055;50;255;1511148064;0
32;16;10;5;32;50;1511148268;50;255;1511148276;0
32;16;10;5;32;50;1511148467;50;255;1511148475;0
32;16;10;5;32;50;1511148568;50;255;1511148580;0
32;16;10;5;32;50;1511149126;50;255;1511149134;0
32;16;10;5;32;50;1511149509;50;255;1511149517;0
32;16;10;5;32;50;1511149712;50;255;1511149724;0
32;16;10;5;32;50;1511149897;50;255;1511149905;0
32;16;10;5;32;50;1511150298;50;255;1511150307;0
32;16;10;5;32;50;1511150636;50;255;1511150645;0
32;16;10;5;32;50;1511150904;50;255;1511150913;0
32;16;10;5;32;50;1511150923;50;255;1511150931;0
32;16;10;5;32;50;1511151554;50;255;1511151566;0
32;16;10;5;32;50;1511151737;50;255;1511151746;0
32;16;10;5;32;50;1511152106;50;255;1511152120;0
32;16;10;5;32;50;1511152210;50;255;1511152218;0
32;16;10;5;32;50;1511152933;50;255;1511152945;0
32;16;10;5;32;50;1511152949;50;255;1511152958;0
32;16;10;5;32;50;1511153253;50;255;1511153261;0
32;16;10;5;32;50;1511153316;50;255;1511153325;0
32;16;10;5;32;50;1511154054;50;255;1511154062;0
32;16;10;5;32;50;1511154134;50;255;1511154142;0
32;16;10;5;32;50;1511154298;50;255;1511154307;0
32;16;10;5;32;50;1511154419;50;255;1511154427;0
32;16;10;5;32;50;1511155225;50;255;1511155234;0
32;16;10;5;32;50;1511155483;50;255;1511155491;0
32;16;10;5;32;50;1511155565;50;255;1511155573;0
32;16;10;5;32;50;1511155739;50;255;1511155747;0
32;16;10;5;32;50;1511156575;50;255;1511156583;0
32;16;10;5;32;50;1511156689;50;255;1511156703;0
32;16;10;5;32;50;1511156739;50;255;1511156750;0
32;16;10;5;32;50;1511156891;50;255;1511156899;0
32;16;10;5;32;50;1511157626;50;255;1511157634;0
32;16;10;5;32;50;1511157850;50;255;1511157858;0
32;16;10;5;32;50;1511158050;50;255;1511158065;0
32;16;10;5;32;50;1511158195;50;255;1511158206;0
32;16;10;5;32;50;1511158775;50;255;1511158784;0
32;16;10;5;32;50;1511159178;50;255;1511159187;0
32;16;10;5;32;50;1511159206;50;255;1511159215;0
32;16;10;5;32;50;1511159243;50;255;1511159251;0
32;16;10;5;32;50;1511159935;50;255;1511159944;0
32;16;10;5;32;50;1511160252;50;255;1511160263;0
32;16;10;5;32;50;1511160286;50;255;1511160294;0
32;16;10;5;32;50;1511160298;50;255;1511160306;0
32;16;10;5;32;50;1511161019;50;255;1511161028;0
32;16;10;5;32;50;1511161378;50;255;1511161386;0
32;16;10;5;32;50;1511161504;50;255;1511161516;0
32;16;10;5;32;50;1511161639;50;255;1511161647;0
32;16;10;5;32;50;1511162090;50;255;1511162099;0
32;16;10;5;32;50;1511162650;50;255;1511162659;0
32;16;10;5;32;50;1511162722;50;255;1511162730;0
32;16;10;5;32;50;1511162788;50;255;1511162796;0
32;16;10;5;32;50;1511163302;50;255;1511163311;0
32;16;10;5;32;50;1511163710;50;255;1511163718;0
32;16;10;5;32;50;1511163840;50;255;1511163849;0
32;16;10;5;32;50;1511163906;50;255;1511163915;0
32;16;10;5;32;50;1511164371;50;255;1511164382;0
32;16;10;5;32;50;1511164918;50;255;1511164926;0
32;16;10;5;32;50;1511165003;50;255;1511165012;0
32;16;10;5;32;50;1511165234;50;255;1511165242;0
32;16;10;5;32;50;1511165609;50;255;1511165618;0
32;16;10;5;32;50;1511166134;50;255;1511166142;0
32;16;10;5;32;50;1511166236;50;255;1511166244;0
32;16;10;5;32;50;1511166326;50;255;1511166335;0
32;16;10;5;32;50;1511166696;50;255;1511166704;0
32;16;10;5;32;50;1511167197;50;255;1511167205;0
32;16;10;5;32;50;1511167307;50;255;1511167318;0
32;16;10;5;32;50;1511167439;50;255;1511167448;0
32;16;10;5;32;50;1511167691;50;255;1511167700;0
32;16;10;5;32;50;1511168308;50;255;1511168320;0
32;16;10;5;32;50;1511168536;50;255;1511168547;0
32;16;10;5;32;50;1511168629;50;255;1511168640;0
32;16;10;5;32;50;1511168888;50;255;1511168900;0
32;16;10;5;32;50;1511169540;50;255;1511169548;0
32;16;10;5;32;50;1511169713;50;255;1511169721;0
32;16;10;5;32;50;1511169796;50;255;1511169807;0
32;16;10;5;32;50;1511169900;50;255;1511169908;0
32;16;10;5;32;50;1511170682;50;255;1511170692;0
32;16;10;5;32;50;1511170990;50;255;1511170998;0
32;16;10;5;32;50;1511170990;50;255;1511171000;0
32;16;10;5;32;50;1511171089;50;255;1511171097;0
32;16;10;5;32;50;1511172094;50;255;1511172104;0
32;16;10;5;32;50;1511172260;50;255;1511172269;0
32;16;10;5;32;50;1511172311;50;255;1511172322;0
32;16;10;5;32;50;1511172406;50;255;1511172415;0
