32;16;10;5;16;50;1510756532;50;255;1510756542;0
32;16;10;5;16;50;1510756529;50;255;1510756544;0
32;16;10;5;16;50;1510756537;50;255;1510756545;0
32;16;10;5;16;50;1510756598;50;255;1510756606;0
32;16;10;5;16;50;1510756825;50;255;1510756838;0
32;16;10;5;16;50;1510756829;50;255;1510756839;0
32;16;10;5;16;50;1510756883;50;255;1510756891;0
32;16;10;5;16;50;1510756897;50;255;1510756906;0
32;16;10;5;16;50;1510757150;50;255;1510757161;0
32;16;10;5;16;50;1510757185;50;255;1510757194;0
32;16;10;5;16;50;1510757245;50;255;1510757254;0
32;16;10;5;16;50;1510757330;50;255;1510757343;0
32;16;10;5;16;50;1510757500;50;255;1510757509;0
32;16;10;5;16;50;1510757503;50;255;1510757513;0
32;16;10;5;16;50;1510757556;50;255;1510757566;0
32;16;10;5;16;50;1510757620;50;255;1510757629;0
32;16;10;5;16;50;1510757821;50;255;1510757831;0
32;16;10;5;16;50;1510758858;50;255;1510758870;0
32;16;10;5;16;50;1510759084;50;255;1510759092;0
32;16;10;5;16;50;1510759131;50;255;1510759139;0
32;16;10;5;16;50;1510759194;50;255;1510759209;0
32;16;10;5;16;50;1510760133;50;255;1510760141;0
32;16;10;5;16;50;1510760336;50;255;1510760345;0
32;16;10;5;16;50;1510760345;50;255;1510760353;0
32;16;10;5;16;50;1510760386;50;255;1510760394;0
32;16;10;5;16;50;1510761214;50;255;1510761222;0
32;16;10;5;16;50;1510761542;50;255;1510761554;0
32;16;10;5;16;50;1510761705;50;255;1510761713;0
32;16;10;5;16;50;1510761759;50;255;1510761767;0
32;16;10;5;16;50;1510762417;50;255;1510762425;0
32;16;10;5;16;50;1510762635;50;255;1510762643;0
32;16;10;5;16;50;1510762858;50;255;1510762866;0
32;16;10;5;16;50;1510762896;50;255;1510762905;0
32;16;10;5;16;50;1510763378;50;255;1510763386;0
32;16;10;5;16;50;1510763639;50;255;1510763648;0
32;16;10;5;16;50;1510763896;50;255;1510763904;0
32;16;10;5;16;50;1510764068;50;255;1510764076;0
32;16;10;5;16;50;1510764409;50;255;1510764420;0
32;16;10;5;16;50;1510764585;50;255;1510764593;0
32;16;10;5;16;50;1510765137;50;255;1510765145;0
32;16;10;5;16;50;1510765271;50;255;1510765279;0
32;16;10;5;16;50;1510765632;50;255;1510765640;0
32;16;10;5;16;50;1510765670;50;255;1510765679;0
32;16;10;5;16;50;1510766508;50;255;1510766516;0
32;16;10;5;16;50;1510766649;50;255;1510766657;0
32;16;10;5;16;50;1510766743;50;255;1510766751;0
32;16;10;5;16;50;1510766807;50;255;1510766815;0
32;16;10;5;16;50;1510767766;50;255;1510767774;0
32;16;10;5;16;50;1510767815;50;255;1510767823;0
32;16;10;5;16;50;1510768031;50;255;1510768040;0
32;16;10;5;16;50;1510768120;50;255;1510768128;0
32;16;10;5;16;50;1510768678;50;255;1510768686;0
32;16;10;5;16;50;1510768957;50;255;1510768965;0
32;16;10;5;16;50;1510769205;50;255;1510769216;0
32;16;10;5;16;50;1510769237;50;255;1510769246;0
32;16;10;5;16;50;1510770014;50;255;1510770022;0
32;16;10;5;16;50;1510770057;50;255;1510770066;0
32;16;10;5;16;50;1510770347;50;255;1510770356;0
32;16;10;5;16;50;1510770456;50;255;1510770464;0
32;16;10;5;16;50;1510771130;50;255;1510771144;0
32;16;10;5;16;50;1510771248;50;255;1510771257;0
32;16;10;5;16;50;1510771457;50;255;1510771466;0
32;16;10;5;16;50;1510771485;50;255;1510771493;0
32;16;10;5;16;50;1510772240;50;255;1510772251;0
32;16;10;5;16;50;1510772474;50;255;1510772483;0
32;16;10;5;16;50;1510772553;50;255;1510772561;0
32;16;10;5;16;50;1510772821;50;255;1510772830;0
32;16;10;5;16;50;1510773424;50;255;1510773432;0
32;16;10;5;16;50;1510773754;50;255;1510773762;0
32;16;10;5;16;50;1510773819;50;255;1510773827;0
32;16;10;5;16;50;1510774024;50;255;1510774032;0
32;16;10;5;16;50;1510774684;50;255;1510774692;0
32;16;10;5;16;50;1510774999;50;255;1510775007;0
32;16;10;5;16;50;1510775018;50;255;1510775026;0
32;16;10;5;16;50;1510775077;50;255;1510775085;0
32;16;10;5;16;50;1510775851;50;255;1510775859;0
32;16;10;5;16;50;1510776067;50;255;1510776076;0
32;16;10;5;16;50;1510776174;50;255;1510776189;0
32;16;10;5;16;50;1510776182;50;255;1510776190;0
32;16;10;5;16;50;1510776944;50;255;1510776956;0
32;16;10;5;16;50;1510777086;50;255;1510777095;0
32;16;10;5;16;50;1510777354;50;255;1510777362;0
32;16;10;5;16;50;1510777534;50;255;1510777546;0
32;16;10;5;16;50;1510778118;50;255;1510778126;0
32;16;10;5;16;50;1510778360;50;255;1510778368;0
32;16;10;5;16;50;1510778588;50;255;1510778596;0
32;16;10;5;16;50;1510778645;50;255;1510778653;0
32;16;10;5;16;50;1510779218;50;255;1510779226;0
32;16;10;5;16;50;1510779556;50;255;1510779565;0
32;16;10;5;16;50;1510779649;50;255;1510779658;0
32;16;10;5;16;50;1510779737;50;255;1510779746;0
32;16;10;5;16;50;1510780484;50;255;1510780492;0
32;16;10;5;16;50;1510780830;50;255;1510780839;0
32;16;10;5;16;50;1510780889;50;255;1510780897;0
32;16;10;5;16;50;1510780900;50;255;1510780908;0
32;16;10;5;16;50;1510781512;50;255;1510781520;0
32;16;10;5;16;50;1510781932;50;255;1510781940;0
32;16;10;5;16;50;1510782072;50;255;1510782080;0
32;16;10;5;16;50;1510782166;50;255;1510782174;0
32;16;10;5;16;50;1510782825;50;255;1510782833;0
32;16;10;5;16;50;1510783123;50;255;1510783131;0
32;16;10;5;16;50;1510783178;50;255;1510783186;0
32;16;10;5;16;50;1510783213;50;255;1510783222;0
32;16;10;5;16;50;1510784069;50;255;1510784077;0
32;16;10;5;16;50;1510784218;50;255;1510784226;0
32;16;10;5;16;50;1510784321;50;255;1510784329;0
32;16;10;5;16;50;1510784574;50;255;1510784583;0
32;16;10;5;16;50;1510785189;50;255;1510785197;0
32;16;10;5;16;50;1510785204;50;255;1510785212;0
32;16;10;5;16;50;1510785460;50;255;1510785469;0
32;16;10;5;16;50;1510785841;50;255;1510785849;0
32;16;10;5;16;50;1510786291;50;255;1510786300;0
32;16;10;5;16;50;1510786365;50;255;1510786373;0
32;16;10;5;16;50;1510786785;50;255;1510786797;0
32;16;10;5;16;50;1510786924;50;255;1510786932;0
32;16;10;5;16;50;1510787430;50;255;1510787438;0
32;16;10;5;16;50;1510787501;50;255;1510787510;0
32;16;10;5;16;50;1510787908;50;255;1510787916;0
32;16;10;5;16;50;1510788092;50;255;1510788103;0
32;16;10;5;16;50;1510788590;50;255;1510788598;0
32;16;10;5;16;50;1510788661;50;255;1510788669;0
32;16;10;5;16;50;1510788910;50;255;1510788919;0
32;16;10;5;16;50;1510789357;50;255;1510789365;0
32;16;10;5;16;50;1510789675;50;255;1510789683;0
32;16;10;5;16;50;1510789837;50;255;1510789845;0
32;16;10;5;16;50;1510790114;50;255;1510790122;0
32;16;10;5;16;50;1510790465;50;255;1510790473;0
32;16;10;5;16;50;1510790660;50;255;1510790668;0
32;16;10;5;16;50;1510790956;50;255;1510790965;0
32;16;10;5;16;50;1510791105;50;255;1510791113;0
32;16;10;5;16;50;1510791724;50;255;1510791732;0
32;16;10;5;16;50;1510791817;50;255;1510791825;0
32;16;10;5;16;50;1510791969;50;255;1510791978;0
32;16;10;5;16;50;1510792329;50;255;1510792341;0
32;16;10;5;16;50;1510792807;50;255;1510792816;0
32;16;10;5;16;50;1510792945;50;255;1510792953;0
32;16;10;5;16;50;1510793249;50;255;1510793260;0
32;16;10;5;16;50;1510793670;50;255;1510793678;0
32;16;10;5;16;50;1510793921;50;255;1510793930;0
32;16;10;5;16;50;1510793959;50;255;1510793967;0
32;16;10;5;16;50;1510794279;50;255;1510794287;0
32;16;10;5;16;50;1510794830;50;255;1510794838;0
32;16;10;5;16;50;1510795022;50;255;1510795030;0
32;16;10;5;16;50;1510795061;50;255;1510795069;0
32;16;10;5;16;50;1510795409;50;255;1510795417;0
32;16;10;5;16;50;1510796158;50;255;1510796166;0
32;16;10;5;16;50;1510796178;50;255;1510796186;0
32;16;10;5;16;50;1510796207;50;255;1510796215;0
32;16;10;5;16;50;1510796565;50;255;1510796574;0
32;16;10;5;16;50;1510797178;50;255;1510797189;0
32;16;10;5;16;50;1510797307;50;255;1510797316;0
32;16;10;5;16;50;1510797357;50;255;1510797365;0
32;16;10;5;16;50;1510797749;50;255;1510797757;0
32;16;10;5;16;50;1510798341;50;255;1510798350;0
32;16;10;5;16;50;1510798463;50;255;1510798471;0
32;16;10;5;16;50;1510798472;50;255;1510798480;0
32;16;10;5;16;50;1510798974;50;255;1510798983;0
32;16;10;5;16;50;1510799432;50;255;1510799441;0
32;16;10;5;16;50;1510799706;50;255;1510799715;0
32;16;10;5;16;50;1510799784;50;255;1510799792;0
32;16;10;5;16;50;1510799984;50;255;1510799992;0
32;16;10;5;16;50;1510800637;50;255;1510800645;0
32;16;10;5;16;50;1510800982;50;255;1510800991;0
32;16;10;5;16;50;1510800990;50;255;1510800998;0
32;16;10;5;16;50;1510801146;50;255;1510801155;0
32;16;10;5;16;50;1510801651;50;255;1510801659;0
32;16;10;5;16;50;1510802286;50;255;1510802294;0
32;16;10;5;16;50;1510802289;50;255;1510802297;0
32;16;10;5;16;50;1510802317;50;255;1510802325;0
32;16;10;5;16;50;1510802633;50;255;1510802641;0
32;16;10;5;16;50;1510803394;50;255;1510803406;0
32;16;10;5;16;50;1510803506;50;255;1510803514;0
32;16;10;5;16;50;1510803573;50;255;1510803581;0
32;16;10;5;16;50;1510803733;50;255;1510803741;0
32;16;10;5;16;50;1510804683;50;255;1510804691;0
32;16;10;5;16;50;1510804711;50;255;1510804719;0
32;16;10;5;16;50;1510804873;50;255;1510804881;0
32;16;10;5;16;50;1510805008;50;255;1510805016;0
32;16;10;5;16;50;1510805830;50;255;1510805842;0
32;16;10;5;16;50;1510805843;50;255;1510805852;0
32;16;10;5;16;50;1510806031;50;255;1510806042;0
32;16;10;5;16;50;1510806133;50;255;1510806141;0
32;16;10;5;16;50;1510806917;50;255;1510806926;0
32;16;10;5;16;50;1510806983;50;255;1510806991;0
32;16;10;5;16;50;1510807038;50;255;1510807046;0
32;16;10;5;16;50;1510807510;50;255;1510807518;0
32;16;10;5;16;50;1510808024;50;255;1510808035;0
32;16;10;5;16;50;1510808293;50;255;1510808302;0
32;16;10;5;16;50;1510808378;50;255;1510808386;0
32;16;10;5;16;50;1510808693;50;255;1510808701;0
32;16;10;5;16;50;1510809105;50;255;1510809113;0
32;16;10;5;16;50;1510809395;50;255;1510809404;0
32;16;10;5;16;50;1510809692;50;255;1510809700;0
32;16;10;5;16;50;1510809711;50;255;1510809719;0
32;16;10;5;16;50;1510810207;50;255;1510810215;0
32;16;10;5;16;50;1510810734;50;255;1510810742;0
32;16;10;5;16;50;1510810873;50;255;1510810881;0
32;16;10;5;16;50;1510810953;50;255;1510810961;0
32;16;10;5;16;50;1510811495;50;255;1510811503;0
32;16;10;5;16;50;1510812008;50;255;1510812016;0
32;16;10;5;16;50;1510812026;50;255;1510812034;0
32;16;10;5;16;50;1510812072;50;255;1510812083;0
32;16;10;5;16;50;1510812638;50;255;1510812646;0
32;16;10;5;16;50;1510813256;50;255;1510813265;0
32;16;10;5;16;50;1510813270;50;255;1510813279;0
32;16;10;5;16;50;1510813411;50;255;1510813419;0
32;16;10;5;16;50;1510813931;50;255;1510813939;0
32;16;10;5;16;50;1510814302;50;255;1510814313;0
32;16;10;5;16;50;1510814388;50;255;1510814396;0
32;16;10;5;16;50;1510814561;50;255;1510814570;0
32;16;10;5;16;50;1510815260;50;255;1510815271;0
32;16;10;5;16;50;1510815566;50;255;1510815574;0
32;16;10;5;16;50;1510815788;50;255;1510815797;0
32;16;10;5;16;50;1510815806;50;255;1510815815;0
32;16;10;5;16;50;1510816577;50;255;1510816586;0
32;16;10;5;16;50;1510816786;50;255;1510816794;0
32;16;10;5;16;50;1510816994;50;255;1510817002;0
32;16;10;5;16;50;1510816995;50;255;1510817003;0
32;16;10;5;16;50;1510817629;50;255;1510817638;0
32;16;10;5;16;50;1510817899;50;255;1510817907;0
32;16;10;5;16;50;1510818188;50;255;1510818196;0
32;16;10;5;16;50;1510818228;50;255;1510818237;0
32;16;10;5;16;50;1510818860;50;255;1510818875;0
32;16;10;5;16;50;1510819178;50;255;1510819186;0
32;16;10;5;16;50;1510819282;50;255;1510819290;0
32;16;10;5;16;50;1510819351;50;255;1510819359;0
32;16;10;5;16;50;1510820278;50;255;1510820286;0
32;16;10;5;16;50;1510820409;50;255;1510820418;0
32;16;10;5;16;50;1510820457;50;255;1510820469;0
32;16;10;5;16;50;1510820505;50;255;1510820513;0
32;16;10;5;16;50;1510821555;50;255;1510821563;0
32;16;10;5;16;50;1510821589;50;255;1510821598;0
32;16;10;5;16;50;1510821671;50;255;1510821679;0
32;16;10;5;16;50;1510821695;50;255;1510821703;0
32;16;10;5;16;50;1510822624;50;255;1510822632;0
32;16;10;5;16;50;1510822672;50;255;1510822680;0
32;16;10;5;16;50;1510822695;50;255;1510822706;0
32;16;10;5;16;50;1510822919;50;255;1510822927;0
32;16;10;5;16;50;1510823812;50;255;1510823820;0
32;16;10;5;16;50;1510823906;50;255;1510823917;0
32;16;10;5;16;50;1510824005;50;255;1510824013;0
32;16;10;5;16;50;1510824142;50;255;1510824150;0
32;16;10;5;16;50;1510825069;50;255;1510825077;0
32;16;10;5;16;50;1510825139;50;255;1510825148;0
32;16;10;5;16;50;1510825231;50;255;1510825239;0
32;16;10;5;16;50;1510825279;50;255;1510825288;0
32;16;10;5;16;50;1510826203;50;255;1510826215;0
32;16;10;5;16;50;1510826299;50;255;1510826307;0
32;16;10;5;16;50;1510826343;50;255;1510826351;0
32;16;10;5;16;50;1510826406;50;255;1510826415;0
32;16;10;5;16;50;1510827289;50;255;1510827298;0
32;16;10;5;16;50;1510827402;50;255;1510827412;0
32;16;10;5;16;50;1510827481;50;255;1510827494;0
32;16;10;5;16;50;1510827741;50;255;1510827749;0
32;16;10;5;16;50;1510828645;50;255;1510828657;0
32;16;10;5;16;50;1510828687;50;255;1510828696;0
32;16;10;5;16;50;1510828728;50;255;1510828737;0
32;16;10;5;16;50;1510828940;50;255;1510828948;0
32;16;10;5;16;50;1510829865;50;255;1510829876;0
32;16;10;5;16;50;1510829870;50;255;1510829879;0
32;16;10;5;16;50;1510829926;50;255;1510829935;0
32;16;10;5;16;50;1510830085;50;255;1510830104;0
32;16;10;5;16;50;1510830938;50;255;1510830947;0
32;16;10;5;16;50;1510831152;50;255;1510831161;0
32;16;10;5;16;50;1510831167;50;255;1510831175;0
32;16;10;5;16;50;1510831233;50;255;1510831242;0
32;16;10;5;16;50;1510832196;50;255;1510832206;0
32;16;10;5;16;50;1510832280;50;255;1510832289;0
32;16;10;5;16;50;1510832471;50;255;1510832486;0
32;16;10;5;16;50;1510832506;50;255;1510832514;0
32;16;10;5;16;50;1510833412;50;255;1510833420;0
32;16;10;5;16;50;1510833554;50;255;1510833563;0
32;16;10;5;16;50;1510833569;50;255;1510833578;0
32;16;10;5;16;50;1510833790;50;255;1510833799;0
32;16;10;5;16;50;1510834543;50;255;1510834551;0
32;16;10;5;16;50;1510834557;50;255;1510834566;0
32;16;10;5;16;50;1510834886;50;255;1510834894;0
32;16;10;5;16;50;1510835028;50;255;1510835038;0
32;16;10;5;16;50;1510835725;50;255;1510835737;0
32;16;10;5;16;50;1510835857;50;255;1510835869;0
32;16;10;5;16;50;1510835964;50;255;1510835972;0
32;16;10;5;16;50;1510836155;50;255;1510836163;0
32;16;10;5;16;50;1510836991;50;255;1510837000;0
32;16;10;5;16;50;1510837276;50;255;1510837284;0
32;16;10;5;16;50;1510837310;50;255;1510837318;0
32;16;10;5;16;50;1510837314;50;255;1510837326;0
32;16;10;5;16;50;1510838281;50;255;1510838290;0
32;16;10;5;16;50;1510838485;50;255;1510838493;0
32;16;10;5;16;50;1510838515;50;255;1510838527;0
32;16;10;5;16;50;1510838543;50;255;1510838555;0
32;16;10;5;16;50;1510839436;50;255;1510839445;0
32;16;10;5;16;50;1510839544;50;255;1510839553;0
32;16;10;5;16;50;1510839650;50;255;1510839659;0
32;16;10;5;16;50;1510839876;50;255;1510839885;0
32;16;10;5;16;50;1510840557;50;255;1510840569;0
32;16;10;5;16;50;1510840792;50;255;1510840801;0
32;16;10;5;16;50;1510840905;50;255;1510840914;0
32;16;10;5;16;50;1510841010;50;255;1510841021;0
32;16;10;5;16;50;1510841782;50;255;1510841790;0
32;16;10;5;16;50;1510841930;50;255;1510841938;0
32;16;10;5;16;50;1510842078;50;255;1510842086;0
32;16;10;5;16;50;1510842267;50;255;1510842275;0
32;16;10;5;16;50;1510842929;50;255;1510842938;0
32;16;10;5;16;50;1510842961;50;255;1510842975;0
32;16;10;5;16;50;1510843277;50;255;1510843285;0
32;16;10;5;16;50;1510843343;50;255;1510843351;0
32;16;10;5;16;50;1510844084;50;255;1510844092;0
32;16;10;5;16;50;1510844195;50;255;1510844203;0
32;16;10;5;16;50;1510844414;50;255;1510844423;0
32;16;10;5;16;50;1510844530;50;255;1510844539;0
32;16;10;5;16;50;1510845109;50;255;1510845120;0
32;16;10;5;16;50;1510845445;50;255;1510845453;0
32;16;10;5;16;50;1510845500;50;255;1510845508;0
32;16;10;5;16;50;1510845682;50;255;1510845690;0
32;16;10;5;16;50;1510846175;50;255;1510846186;0
32;16;10;5;16;50;1510846710;50;255;1510846719;0
32;16;10;5;16;50;1510846748;50;255;1510846756;0
32;16;10;5;16;50;1510846843;50;255;1510846851;0
32;16;10;5;16;50;1510847218;50;255;1510847227;0
32;16;10;5;16;50;1510847987;50;255;1510847999;0
32;16;10;5;16;50;1510848072;50;255;1510848081;0
32;16;10;5;16;50;1510848091;50;255;1510848100;0
32;16;10;5;16;50;1510848342;50;255;1510848351;0
32;16;10;5;16;50;1510849275;50;255;1510849285;0
32;16;10;5;16;50;1510849417;50;255;1510849429;0
32;16;10;5;16;50;1510849435;50;255;1510849443;0
32;16;10;5;16;50;1510849566;50;255;1510849578;0
32;16;10;5;16;50;1510850537;50;255;1510850546;0
32;16;10;5;16;50;1510850712;50;255;1510850721;0
32;16;10;5;16;50;1510850728;50;255;1510850736;0
32;16;10;5;16;50;1510850845;50;255;1510850853;0
32;16;10;5;16;50;1510851650;50;255;1510851658;0
32;16;10;5;16;50;1510851886;50;255;1510851895;0
32;16;10;5;16;50;1510851939;50;255;1510851948;0
32;16;10;5;16;50;1510851939;50;255;1510851950;0
32;16;10;5;16;50;1510852887;50;255;1510852896;0
32;16;10;5;16;50;1510853017;50;255;1510853025;0
32;16;10;5;16;50;1510853137;50;255;1510853148;0
32;16;10;5;16;50;1510853203;50;255;1510853211;0
32;16;10;5;16;50;1510854119;50;255;1510854130;0
32;16;10;5;16;50;1510854164;50;255;1510854172;0
32;16;10;5;16;50;1510854254;50;255;1510854262;0
32;16;10;5;16;50;1510854264;50;255;1510854272;0
32;16;10;5;16;50;1510855160;50;255;1510855168;0
32;16;10;5;16;50;1510855227;50;255;1510855235;0
32;16;10;5;16;50;1510855276;50;255;1510855285;0
32;16;10;5;16;50;1510855322;50;255;1510855331;0
32;16;10;5;16;50;1510856230;50;255;1510856238;0
32;16;10;5;16;50;1510856281;50;255;1510856289;0
32;16;10;5;16;50;1510856455;50;255;1510856463;0
32;16;10;5;16;50;1510856562;50;255;1510856570;0
32;16;10;5;16;50;1510857415;50;255;1510857423;0
32;16;10;5;16;50;1510857550;50;255;1510857558;0
32;16;10;5;16;50;1510857661;50;255;1510857669;0
32;16;10;5;16;50;1510857910;50;255;1510857921;0
32;16;10;5;16;50;1510858483;50;255;1510858495;0
32;16;10;5;16;50;1510858588;50;255;1510858597;0
32;16;10;5;16;50;1510858676;50;255;1510858684;0
32;16;10;5;16;50;1510858914;50;255;1510858923;0
32;16;10;5;16;50;1510859705;50;255;1510859714;0
32;16;10;5;16;50;1510859718;50;255;1510859726;0
32;16;10;5;16;50;1510859794;50;255;1510859802;0
32;16;10;5;16;50;1510860128;50;255;1510860136;0
32;16;10;5;16;50;1510860699;50;255;1510860707;0
32;16;10;5;16;50;1510860871;50;255;1510860880;0
32;16;10;5;16;50;1510860910;50;255;1510860918;0
32;16;10;5;16;50;1510861476;50;255;1510861484;0
32;16;10;5;16;50;1510861730;50;255;1510861738;0
32;16;10;5;16;50;1510862022;50;255;1510862030;0
32;16;10;5;16;50;1510862029;50;255;1510862037;0
32;16;10;5;16;50;1510862760;50;255;1510862768;0
32;16;10;5;16;50;1510863007;50;255;1510863015;0
32;16;10;5;16;50;1510863048;50;255;1510863056;0
32;16;10;5;16;50;1510863273;50;255;1510863282;0
32;16;10;5;16;50;1510863790;50;255;1510863798;0
32;16;10;5;16;50;1510864214;50;255;1510864222;0
32;16;10;5;16;50;1510864231;50;255;1510864239;0
32;16;10;5;16;50;1510864414;50;255;1510864425;0
32;16;10;5;16;50;1510864972;50;255;1510864980;0
32;16;10;5;16;50;1510865208;50;255;1510865216;0
32;16;10;5;16;50;1510865262;50;255;1510865271;0
32;16;10;5;16;50;1510865494;50;255;1510865503;0
32;16;10;5;16;50;1510866107;50;255;1510866116;0
32;16;10;5;16;50;1510866198;50;255;1510866206;0
32;16;10;5;16;50;1510866528;50;255;1510866536;0
32;16;10;5;16;50;1510866589;50;255;1510866597;0
32;16;10;5;16;50;1510867327;50;255;1510867335;0
32;16;10;5;16;50;1510867393;50;255;1510867401;0
32;16;10;5;16;50;1510867806;50;255;1510867814;0
32;16;10;5;16;50;1510867935;50;255;1510867946;0
32;16;10;5;16;50;1510868522;50;255;1510868530;0
32;16;10;5;16;50;1510868526;50;255;1510868534;0
32;16;10;5;16;50;1510868989;50;255;1510869000;0
32;16;10;5;16;50;1510869014;50;255;1510869022;0
32;16;10;5;16;50;1510869662;50;255;1510869670;0
32;16;10;5;16;50;1510869745;50;255;1510869753;0
32;16;10;5;16;50;1510870042;50;255;1510870054;0
32;16;10;5;16;50;1510870279;50;255;1510870287;0
32;16;10;5;16;50;1510870807;50;255;1510870819;0
32;16;10;5;16;50;1510870856;50;255;1510870865;0
32;16;10;5;16;50;1510871281;50;255;1510871290;0
32;16;10;5;16;50;1510871420;50;255;1510871428;0
32;16;10;5;16;50;1510871960;50;255;1510871971;0
32;16;10;5;16;50;1510872041;50;255;1510872050;0
32;16;10;5;16;50;1510872555;50;255;1510872564;0
32;16;10;5;16;50;1510872601;50;255;1510872613;0
32;16;10;5;16;50;1510873052;50;255;1510873060;0
32;16;10;5;16;50;1510873388;50;255;1510873397;0
32;16;10;5;16;50;1510873638;50;255;1510873646;0
32;16;10;5;16;50;1510873892;50;255;1510873900;0
32;16;10;5;16;50;1510874175;50;255;1510874183;0
32;16;10;5;16;50;1510874507;50;255;1510874516;0
32;16;10;5;16;50;1510874754;50;255;1510874762;0
32;16;10;5;16;50;1510874973;50;255;1510874981;0
32;16;10;5;16;50;1510875489;50;255;1510875497;0
32;16;10;5;16;50;1510875818;50;255;1510875826;0
32;16;10;5;16;50;1510875829;50;255;1510875837;0
32;16;10;5;16;50;1510876158;50;255;1510876166;0
32;16;10;5;16;50;1510876517;50;255;1510876525;0
32;16;10;5;16;50;1510877036;50;255;1510877045;0
32;16;10;5;16;50;1510877061;50;255;1510877069;0
32;16;10;5;16;50;1510877390;50;255;1510877402;0
32;16;10;5;16;50;1510877712;50;255;1510877721;0
32;16;10;5;16;50;1510878138;50;255;1510878146;0
32;16;10;5;16;50;1510878329;50;255;1510878343;0
32;16;10;5;16;50;1510878403;50;255;1510878411;0
32;16;10;5;16;50;1510878976;50;255;1510878984;0
32;16;10;5;16;50;1510879224;50;255;1510879239;0
32;16;10;5;16;50;1510879567;50;255;1510879575;0
32;16;10;5;16;50;1510879749;50;255;1510879757;0
32;16;10;5;16;50;1510880040;50;255;1510880048;0
32;16;10;5;16;50;1510880454;50;255;1510880462;0
32;16;10;5;16;50;1510880820;50;255;1510880828;0
32;16;10;5;16;50;1510880885;50;255;1510880894;0
32;16;10;5;16;50;1510881110;50;255;1510881118;0
32;16;10;5;16;50;1510881492;50;255;1510881500;0
32;16;10;5;16;50;1510881902;50;255;1510881910;0
32;16;10;5;16;50;1510881932;50;255;1510881940;0
32;16;10;5;16;50;1510882428;50;255;1510882436;0
32;16;10;5;16;50;1510882617;50;255;1510882625;0
32;16;10;5;16;50;1510883032;50;255;1510883041;0
32;16;10;5;16;50;1510883164;50;255;1510883172;0
32;16;10;5;16;50;1510883807;50;255;1510883815;0
32;16;10;5;16;50;1510883840;50;255;1510883849;0
32;16;10;5;16;50;1510884312;50;255;1510884320;0
32;16;10;5;16;50;1510884331;50;255;1510884339;0
32;16;10;5;16;50;1510884783;50;255;1510884791;0
32;16;10;5;16;50;1510885094;50;255;1510885103;0
32;16;10;5;16;50;1510885492;50;255;1510885500;0
32;16;10;5;16;50;1510885623;50;255;1510885631;0
32;16;10;5;16;50;1510885849;50;255;1510885857;0
32;16;10;5;16;50;1510886167;50;255;1510886178;0
32;16;10;5;16;50;1510886722;50;255;1510886730;0
32;16;10;5;16;50;1510886844;50;255;1510886853;0
32;16;10;5;16;50;1510886913;50;255;1510886924;0
32;16;10;5;16;50;1510887193;50;255;1510887204;0
32;16;10;5;16;50;1510887805;50;255;1510887813;0
32;16;10;5;16;50;1510887880;50;255;1510887888;0
32;16;10;5;16;50;1510888120;50;255;1510888128;0
32;16;10;5;16;50;1510888425;50;255;1510888433;0
32;16;10;5;16;50;1510888956;50;255;1510888964;0
32;16;10;5;16;50;1510888988;50;255;1510888996;0
32;16;10;5;16;50;1510889321;50;255;1510889329;0
32;16;10;5;16;50;1510889640;50;255;1510889649;0
32;16;10;5;16;50;1510890049;50;255;1510890057;0
32;16;10;5;16;50;1510890233;50;255;1510890242;0
32;16;10;5;16;50;1510890422;50;255;1510890430;0
32;16;10;5;16;50;1510890831;50;255;1510890839;0
32;16;10;5;16;50;1510891357;50;255;1510891366;0
32;16;10;5;16;50;1510891384;50;255;1510891392;0
32;16;10;5;16;50;1510891385;50;255;1510891393;0
32;16;10;5;16;50;1510892063;50;255;1510892072;0
32;16;10;5;16;50;1510892396;50;255;1510892405;0
32;16;10;5;16;50;1510892456;50;255;1510892464;0
32;16;10;5;16;50;1510892505;50;255;1510892513;0
32;16;10;5;16;50;1510893276;50;255;1510893284;0
32;16;10;5;16;50;1510893558;50;255;1510893566;0
32;16;10;5;16;50;1510893838;50;255;1510893846;0
32;16;10;5;16;50;1510893861;50;255;1510893869;0
32;16;10;5;16;50;1510894495;50;255;1510894507;0
32;16;10;5;16;50;1510894539;50;255;1510894553;0
32;16;10;5;16;50;1510895026;50;255;1510895034;0
32;16;10;5;16;50;1510895055;50;255;1510895063;0
32;16;10;5;16;50;1510895620;50;255;1510895629;0
32;16;10;5;16;50;1510895625;50;255;1510895633;0
32;16;10;5;16;50;1510896006;50;255;1510896014;0
32;16;10;5;16;50;1510896249;50;255;1510896257;0
32;16;10;5;16;50;1510896602;50;255;1510896611;0
32;16;10;5;16;50;1510896702;50;255;1510896710;0
32;16;10;5;16;50;1510897143;50;255;1510897154;0
32;16;10;5;16;50;1510897326;50;255;1510897334;0
32;16;10;5;16;50;1510897595;50;255;1510897603;0
32;16;10;5;16;50;1510897716;50;255;1510897725;0
32;16;10;5;16;50;1510898388;50;255;1510898396;0
32;16;10;5;16;50;1510898672;50;255;1510898681;0
32;16;10;5;16;50;1510898702;50;255;1510898711;0
32;16;10;5;16;50;1510898817;50;255;1510898825;0
32;16;10;5;16;50;1510899475;50;255;1510899484;0
32;16;10;5;16;50;1510899919;50;255;1510899927;0
32;16;10;5;16;50;1510899925;50;255;1510899933;0
32;16;10;5;16;50;1510899926;50;255;1510899934;0
32;16;10;5;16;50;1510900652;50;255;1510900663;0
32;16;10;5;16;50;1510901068;50;255;1510901077;0
32;16;10;5;16;50;1510901098;50;255;1510901106;0
32;16;10;5;16;50;1510901119;50;255;1510901128;0
32;16;10;5;16;50;1510901957;50;255;1510901966;0
32;16;10;5;16;50;1510902183;50;255;1510902191;0
32;16;10;5;16;50;1510902279;50;255;1510902288;0
32;16;10;5;16;50;1510902343;50;255;1510902351;0
32;16;10;5;16;50;1510903271;50;255;1510903279;0
32;16;10;5;16;50;1510903324;50;255;1510903332;0
32;16;10;5;16;50;1510903452;50;255;1510903464;0
32;16;10;5;16;50;1510903608;50;255;1510903616;0
32;16;10;5;16;50;1510904325;50;255;1510904333;0
32;16;10;5;16;50;1510904500;50;255;1510904508;0
32;16;10;5;16;50;1510904587;50;255;1510904596;0
32;16;10;5;16;50;1510904898;50;255;1510904907;0
32;16;10;5;16;50;1510905431;50;255;1510905440;0
32;16;10;5;16;50;1510905725;50;255;1510905733;0
32;16;10;5;16;50;1510905782;50;255;1510905790;0
32;16;10;5;16;50;1510905919;50;255;1510905928;0
32;16;10;5;16;50;1510906639;50;255;1510906647;0
32;16;10;5;16;50;1510906876;50;255;1510906884;0
32;16;10;5;16;50;1510906997;50;255;1510907009;0
32;16;10;5;16;50;1510907274;50;255;1510907282;0
32;16;10;5;16;50;1510907736;50;255;1510907745;0
32;16;10;5;16;50;1510908000;50;255;1510908008;0
32;16;10;5;16;50;1510908232;50;255;1510908240;0
32;16;10;5;16;50;1510908433;50;255;1510908442;0
32;16;10;5;16;50;1510909001;50;255;1510909010;0
32;16;10;5;16;50;1510909173;50;255;1510909181;0
32;16;10;5;16;50;1510909282;50;255;1510909290;0
32;16;10;5;16;50;1510909630;50;255;1510909638;0
32;16;10;5;16;50;1510910149;50;255;1510910158;0
32;16;10;5;16;50;1510910199;50;255;1510910208;0
32;16;10;5;16;50;1510910506;50;255;1510910515;0
32;16;10;5;16;50;1510910811;50;255;1510910819;0
32;16;10;5;16;50;1510911367;50;255;1510911375;0
32;16;10;5;16;50;1510911594;50;255;1510911602;0
32;16;10;5;16;50;1510911828;50;255;1510911836;0
32;16;10;5;16;50;1510912027;50;255;1510912036;0
32;16;10;5;16;50;1510912500;50;255;1510912508;0
32;16;10;5;16;50;1510912605;50;255;1510912613;0
32;16;10;5;16;50;1510913205;50;255;1510913216;0
32;16;10;5;16;50;1510913247;50;255;1510913255;0
32;16;10;5;16;50;1510913617;50;255;1510913629;0
32;16;10;5;16;50;1510913654;50;255;1510913663;0
32;16;10;5;16;50;1510914386;50;255;1510914394;0
32;16;10;5;16;50;1510914479;50;255;1510914487;0
32;16;10;5;16;50;1510914848;50;255;1510914856;0
32;16;10;5;16;50;1510914850;50;255;1510914859;0
32;16;10;5;16;50;1510915415;50;255;1510915427;0
32;16;10;5;16;50;1510915451;50;255;1510915459;0
32;16;10;5;16;50;1510915840;50;255;1510915848;0
32;16;10;5;16;50;1510916050;50;255;1510916058;0
32;16;10;5;16;50;1510916635;50;255;1510916643;0
32;16;10;5;16;50;1510916668;50;255;1510916676;0
32;16;10;5;16;50;1510917095;50;255;1510917104;0
32;16;10;5;16;50;1510917099;50;255;1510917108;0
32;16;10;5;16;50;1510917712;50;255;1510917720;0
32;16;10;5;16;50;1510917946;50;255;1510917954;0
32;16;10;5;16;50;1510918321;50;255;1510918330;0
32;16;10;5;16;50;1510918327;50;255;1510918335;0
32;16;10;5;16;50;1510919047;50;255;1510919055;0
32;16;10;5;16;50;1510919195;50;255;1510919203;0
32;16;10;5;16;50;1510919538;50;255;1510919546;0
32;16;10;5;16;50;1510919598;50;255;1510919606;0
32;16;10;5;16;50;1510920200;50;255;1510920208;0
32;16;10;5;16;50;1510920303;50;255;1510920311;0
32;16;10;5;16;50;1510920758;50;255;1510920767;0
32;16;10;5;16;50;1510920896;50;255;1510920904;0
32;16;10;5;16;50;1510921232;50;255;1510921244;0
32;16;10;5;16;50;1510921373;50;255;1510921381;0
32;16;10;5;16;50;1510921978;50;255;1510921986;0
32;16;10;5;16;50;1510922227;50;255;1510922235;0
32;16;10;5;16;50;1510922310;50;255;1510922319;0
32;16;10;5;16;50;1510922312;50;255;1510922320;0
32;16;10;5;16;50;1510923201;50;255;1510923213;0
32;16;10;5;16;50;1510923315;50;255;1510923329;0
32;16;10;5;16;50;1510923517;50;255;1510923525;0
32;16;10;5;16;50;1510923697;50;255;1510923706;0
32;16;10;5;16;50;1510924437;50;255;1510924445;0
32;16;10;5;16;50;1510924494;50;255;1510924502;0
32;16;10;5;16;50;1510924632;50;255;1510924641;0
32;16;10;5;16;50;1510924907;50;255;1510924915;0
32;16;10;5;16;50;1510925510;50;255;1510925518;0
32;16;10;5;16;50;1510925518;50;255;1510925526;0
32;16;10;5;16;50;1510925585;50;255;1510925593;0
32;16;10;5;16;50;1510925992;50;255;1510926001;0
32;16;10;5;16;50;1510926513;50;255;1510926522;0
32;16;10;5;16;50;1510926664;50;255;1510926672;0
32;16;10;5;16;50;1510926723;50;255;1510926731;0
32;16;10;5;16;50;1510927015;50;255;1510927030;0
32;16;10;5;16;50;1510927615;50;255;1510927623;0
32;16;10;5;16;50;1510927763;50;255;1510927771;0
32;16;10;5;16;50;1510927836;50;255;1510927845;0
32;16;10;5;16;50;1510928377;50;255;1510928385;0
32;16;10;5;16;50;1510928746;50;255;1510928754;0
32;16;10;5;16;50;1510928778;50;255;1510928786;0
32;16;10;5;16;50;1510928809;50;255;1510928821;0
32;16;10;5;16;50;1510929643;50;255;1510929652;0
32;16;10;5;16;50;1510929816;50;255;1510929834;0
32;16;10;5;16;50;1510929841;50;255;1510929849;0
32;16;10;5;16;50;1510929912;50;255;1510929920;0
32;16;10;5;16;50;1510930857;50;255;1510930865;0
32;16;10;5;16;50;1510930951;50;255;1510930960;0
32;16;10;5;16;50;1510931110;50;255;1510931119;0
32;16;10;5;16;50;1510931123;50;255;1510931132;0
32;16;10;5;16;50;1510931827;50;255;1510931836;0
32;16;10;5;16;50;1510932154;50;255;1510932162;0
32;16;10;5;16;50;1510932200;50;255;1510932208;0
32;16;10;5;16;50;1510932269;50;255;1510932277;0
32;16;10;5;16;50;1510933032;50;255;1510933044;0
32;16;10;5;16;50;1510933188;50;255;1510933196;0
32;16;10;5;16;50;1510933415;50;255;1510933423;0
32;16;10;5;16;50;1510933524;50;255;1510933544;0
32;16;10;5;16;50;1510934212;50;255;1510934220;0
32;16;10;5;16;50;1510934316;50;255;1510934324;0
32;16;10;5;16;50;1510934500;50;255;1510934512;0
32;16;10;5;16;50;1510934784;50;255;1510934792;0
32;16;10;5;16;50;1510935353;50;255;1510935364;0
32;16;10;5;16;50;1510935542;50;255;1510935550;0
32;16;10;5;16;50;1510935670;50;255;1510935678;0
32;16;10;5;16;50;1510936023;50;255;1510936031;0
32;16;10;5;16;50;1510936475;50;255;1510936484;0
32;16;10;5;16;50;1510936585;50;255;1510936593;0
32;16;10;5;16;50;1510936639;50;255;1510936647;0
32;16;10;5;16;50;1510937283;50;255;1510937295;0
32;16;10;5;16;50;1510937689;50;255;1510937704;0
32;16;10;5;16;50;1510937709;50;255;1510937721;0
32;16;10;5;16;50;1510937734;50;255;1510937742;0
32;16;10;5;16;50;1510938376;50;255;1510938385;0
32;16;10;5;16;50;1510938780;50;255;1510938788;0
32;16;10;5;16;50;1510938932;50;255;1510938941;0
32;16;10;5;16;50;1510938958;50;255;1510938967;0
32;16;10;5;16;50;1510939639;50;255;1510939648;0
32;16;10;5;16;50;1510939997;50;255;1510940005;0
32;16;10;5;16;50;1510940015;50;255;1510940023;0
32;16;10;5;16;50;1510940071;50;255;1510940079;0
32;16;10;5;16;50;1510940732;50;255;1510940740;0
32;16;10;5;16;50;1510941197;50;255;1510941205;0
32;16;10;5;16;50;1510941285;50;255;1510941293;0
32;16;10;5;16;50;1510941380;50;255;1510941388;0
32;16;10;5;16;50;1510941778;50;255;1510941787;0
32;16;10;5;16;50;1510942382;50;255;1510942390;0
32;16;10;5;16;50;1510942436;50;255;1510942444;0
32;16;10;5;16;50;1510942499;50;255;1510942508;0
32;16;10;5;16;50;1510943104;50;255;1510943119;0
32;16;10;5;16;50;1510943382;50;255;1510943391;0
32;16;10;5;16;50;1510943462;50;255;1510943470;0
32;16;10;5;16;50;1510943582;50;255;1510943590;0
32;16;10;5;16;50;1510944219;50;255;1510944231;0
32;16;10;5;16;50;1510944395;50;255;1510944403;0
32;16;10;5;16;50;1510944678;50;255;1510944687;0
32;16;10;5;16;50;1510944815;50;255;1510944823;0
32;16;10;5;16;50;1510945480;50;255;1510945489;0
32;16;10;5;16;50;1510945518;50;255;1510945529;0
32;16;10;5;16;50;1510945786;50;255;1510945794;0
32;16;10;5;16;50;1510946019;50;255;1510946027;0
32;16;10;5;16;50;1510946750;50;255;1510946758;0
32;16;10;5;16;50;1510946772;50;255;1510946781;0
32;16;10;5;16;50;1510946974;50;255;1510946982;0
32;16;10;5;16;50;1510947290;50;255;1510947301;0
32;16;10;5;16;50;1510947779;50;255;1510947787;0
32;16;10;5;16;50;1510947902;50;255;1510947910;0
32;16;10;5;16;50;1510948120;50;255;1510948128;0
32;16;10;5;16;50;1510948629;50;255;1510948638;0
32;16;10;5;16;50;1510948838;50;255;1510948849;0
32;16;10;5;16;50;1510949000;50;255;1510949008;0
32;16;10;5;16;50;1510949195;50;255;1510949204;0
32;16;10;5;16;50;1510949721;50;255;1510949735;0
32;16;10;5;16;50;1510950091;50;255;1510950099;0
32;16;10;5;16;50;1510950126;50;255;1510950134;0
32;16;10;5;16;50;1510950328;50;255;1510950336;0
32;16;10;5;16;50;1510950837;50;255;1510950849;0
32;16;10;5;16;50;1510951168;50;255;1510951176;0
32;16;10;5;16;50;1510951399;50;255;1510951407;0
32;16;10;5;16;50;1510951547;50;255;1510951556;0
32;16;10;5;16;50;1510952191;50;255;1510952199;0
32;16;10;5;16;50;1510952191;50;255;1510952199;0
32;16;10;5;16;50;1510952356;50;255;1510952368;0
32;16;10;5;16;50;1510952810;50;255;1510952818;0
32;16;10;5;16;50;1510953298;50;255;1510953306;0
32;16;10;5;16;50;1510953374;50;255;1510953383;0
32;16;10;5;16;50;1510953459;50;255;1510953470;0
32;16;10;5;16;50;1510953913;50;255;1510953924;0
32;16;10;5;16;50;1510954284;50;255;1510954292;0
32;16;10;5;16;50;1510954543;50;255;1510954551;0
32;16;10;5;16;50;1510954599;50;255;1510954608;0
32;16;10;5;16;50;1510954957;50;255;1510954965;0
32;16;10;5;16;50;1510955515;50;255;1510955523;0
32;16;10;5;16;50;1510955547;50;255;1510955555;0
32;16;10;5;16;50;1510955766;50;255;1510955774;0
32;16;10;5;16;50;1510956002;50;255;1510956010;0
32;16;10;5;16;50;1510956537;50;255;1510956545;0
32;16;10;5;16;50;1510956633;50;255;1510956641;0
32;16;10;5;16;50;1510956878;50;255;1510956890;0
32;16;10;5;16;50;1510957261;50;255;1510957269;0
32;16;10;5;16;50;1510957753;50;255;1510957761;0
32;16;10;5;16;50;1510957906;50;255;1510957914;0
32;16;10;5;16;50;1510958008;50;255;1510958016;0
32;16;10;5;16;50;1510958485;50;255;1510958493;0
32;16;10;5;16;50;1510958787;50;255;1510958795;0
32;16;10;5;16;50;1510958951;50;255;1510958960;0
32;16;10;5;16;50;1510959026;50;255;1510959037;0
32;16;10;5;16;50;1510959800;50;255;1510959811;0
32;16;10;5;16;50;1510960049;50;255;1510960058;0
32;16;10;5;16;50;1510960210;50;255;1510960219;0
32;16;10;5;16;50;1510960303;50;255;1510960311;0
32;16;10;5;16;50;1510960864;50;255;1510960872;0
32;16;10;5;16;50;1510961154;50;255;1510961162;0
32;16;10;5;16;50;1510961255;50;255;1510961263;0
32;16;10;5;16;50;1510961488;50;255;1510961500;0
32;16;10;5;16;50;1510962107;50;255;1510962115;0
32;16;10;5;16;50;1510962371;50;255;1510962379;0
32;16;10;5;16;50;1510962479;50;255;1510962487;0
32;16;10;5;16;50;1510962494;50;255;1510962502;0
32;16;10;5;16;50;1510963125;50;255;1510963133;0
32;16;10;5;16;50;1510963339;50;255;1510963347;0
32;16;10;5;16;50;1510963804;50;255;1510963812;0
32;16;10;5;16;50;1510963820;50;255;1510963829;0
32;16;10;5;16;50;1510964382;50;255;1510964393;0
32;16;10;5;16;50;1510964616;50;255;1510964625;0
32;16;10;5;16;50;1510964845;50;255;1510964853;0
32;16;10;5;16;50;1510965122;50;255;1510965137;0
32;16;10;5;16;50;1510965470;50;255;1510965485;0
32;16;10;5;16;50;1510965838;50;255;1510965846;0
32;16;10;5;16;50;1510966027;50;255;1510966035;0
32;16;10;5;16;50;1510966290;50;255;1510966298;0
32;16;10;5;16;50;1510966486;50;255;1510966494;0
32;16;10;5;16;50;1510967051;50;255;1510967059;0
32;16;10;5;16;50;1510967190;50;255;1510967201;0
32;16;10;5;16;50;1510967425;50;255;1510967434;0
32;16;10;5;16;50;1510967617;50;255;1510967625;0
32;16;10;5;16;50;1510968325;50;255;1510968336;0
32;16;10;5;16;50;1510968341;50;255;1510968350;0
32;16;10;5;16;50;1510968620;50;255;1510968629;0
32;16;10;5;16;50;1510969005;50;255;1510969014;0
32;16;10;5;16;50;1510969489;50;255;1510969497;0
32;16;10;5;16;50;1510969642;50;255;1510969650;0
32;16;10;5;16;50;1510969833;50;255;1510969841;0
32;16;10;5;16;50;1510970214;50;255;1510970225;0
32;16;10;5;16;50;1510970685;50;255;1510970693;0
32;16;10;5;16;50;1510970912;50;255;1510970921;0
32;16;10;5;16;50;1510970935;50;255;1510970946;0
32;16;10;5;16;50;1510971349;50;255;1510971357;0
32;16;10;5;16;50;1510971911;50;255;1510971920;0
32;16;10;5;16;50;1510972094;50;255;1510972106;0
32;16;10;5;16;50;1510972265;50;255;1510972273;0
32;16;10;5;16;50;1510972537;50;255;1510972545;0
32;16;10;5;16;50;1510973157;50;255;1510973165;0
32;16;10;5;16;50;1510973352;50;255;1510973361;0
32;16;10;5;16;50;1510973488;50;255;1510973499;0
32;16;10;5;16;50;1510973583;50;255;1510973591;0
32;16;10;5;16;50;1510974130;50;255;1510974138;0
32;16;10;5;16;50;1510974482;50;255;1510974490;0
32;16;10;5;16;50;1510974659;50;255;1510974667;0
32;16;10;5;16;50;1510974805;50;255;1510974813;0
32;16;10;5;16;50;1510975178;50;255;1510975186;0
32;16;10;5;16;50;1510975670;50;255;1510975678;0
32;16;10;5;16;50;1510975704;50;255;1510975712;0
32;16;10;5;16;50;1510976043;50;255;1510976051;0
32;16;10;5;16;50;1510976354;50;255;1510976362;0
32;16;10;5;16;50;1510976870;50;255;1510976878;0
32;16;10;5;16;50;1510976901;50;255;1510976909;0
32;16;10;5;16;50;1510977204;50;255;1510977212;0
32;16;10;5;16;50;1510977658;50;255;1510977666;0
32;16;10;5;16;50;1510977801;50;255;1510977809;0
32;16;10;5;16;50;1510977954;50;255;1510977962;0
32;16;10;5;16;50;1510978350;50;255;1510978358;0
32;16;10;5;16;50;1510978845;50;255;1510978854;0
32;16;10;5;16;50;1510978973;50;255;1510978981;0
32;16;10;5;16;50;1510979102;50;255;1510979111;0
32;16;10;5;16;50;1510979613;50;255;1510979621;0
32;16;10;5;16;50;1510980120;50;255;1510980128;0
32;16;10;5;16;50;1510980273;50;255;1510980281;0
32;16;10;5;16;50;1510980307;50;255;1510980316;0
32;16;10;5;16;50;1510980714;50;255;1510980722;0
32;16;10;5;16;50;1510981243;50;255;1510981255;0
32;16;10;5;16;50;1510981412;50;255;1510981420;0
32;16;10;5;16;50;1510981474;50;255;1510981482;0
32;16;10;5;16;50;1510981879;50;255;1510981887;0
32;16;10;5;16;50;1510982432;50;255;1510982440;0
32;16;10;5;16;50;1510982441;50;255;1510982449;0
32;16;10;5;16;50;1510982617;50;255;1510982625;0
32;16;10;5;16;50;1510982896;50;255;1510982904;0
32;16;10;5;16;50;1510983461;50;255;1510983470;0
32;16;10;5;16;50;1510983673;50;255;1510983681;0
32;16;10;5;16;50;1510983907;50;255;1510983915;0
32;16;10;5;16;50;1510983924;50;255;1510983935;0
32;16;10;5;16;50;1510984649;50;255;1510984658;0
32;16;10;5;16;50;1510984666;50;255;1510984674;0
32;16;10;5;16;50;1510985080;50;255;1510985088;0
32;16;10;5;16;50;1510985127;50;255;1510985135;0
32;16;10;5;16;50;1510985756;50;255;1510985765;0
32;16;10;5;16;50;1510985908;50;255;1510985916;0
32;16;10;5;16;50;1510986078;50;255;1510986086;0
32;16;10;5;16;50;1510986286;50;255;1510986294;0
32;16;10;5;16;50;1510986818;50;255;1510986833;0
32;16;10;5;16;50;1510987026;50;255;1510987034;0
32;16;10;5;16;50;1510987101;50;255;1510987109;0
32;16;10;5;16;50;1510987544;50;255;1510987553;0
32;16;10;5;16;50;1510987994;50;255;1510988005;0
32;16;10;5;16;50;1510988243;50;255;1510988251;0
32;16;10;5;16;50;1510988362;50;255;1510988370;0
32;16;10;5;16;50;1510988812;50;255;1510988820;0
32;16;10;5;16;50;1510989222;50;255;1510989233;0
32;16;10;5;16;50;1510989416;50;255;1510989424;0
32;16;10;5;16;50;1510989449;50;255;1510989458;0
32;16;10;5;16;50;1510990029;50;255;1510990037;0
32;16;10;5;16;50;1510990413;50;255;1510990421;0
32;16;10;5;16;50;1510990456;50;255;1510990467;0
32;16;10;5;16;50;1510990469;50;255;1510990477;0
32;16;10;5;16;50;1510991162;50;255;1510991170;0
32;16;10;5;16;50;1510991600;50;255;1510991608;0
32;16;10;5;16;50;1510991682;50;255;1510991693;0
32;16;10;5;16;50;1510991864;50;255;1510991872;0
32;16;10;5;16;50;1510992245;50;255;1510992254;0
32;16;10;5;16;50;1510992622;50;255;1510992630;0
32;16;10;5;16;50;1510992882;50;255;1510992890;0
32;16;10;5;16;50;1510992927;50;255;1510992936;0
32;16;10;5;16;50;1510993482;50;255;1510993490;0
32;16;10;5;16;50;1510993784;50;255;1510993792;0
32;16;10;5;16;50;1510994082;50;255;1510994090;0
32;16;10;5;16;50;1510994146;50;255;1510994154;0
32;16;10;5;16;50;1510994763;50;255;1510994771;0
32;16;10;5;16;50;1510995143;50;255;1510995152;0
32;16;10;5;16;50;1510995238;50;255;1510995246;0
32;16;10;5;16;50;1510995292;50;255;1510995300;0
32;16;10;5;16;50;1510995861;50;255;1510995869;0
32;16;10;5;16;50;1510996299;50;255;1510996310;0
32;16;10;5;16;50;1510996478;50;255;1510996486;0
32;16;10;5;16;50;1510996575;50;255;1510996583;0
32;16;10;5;16;50;1510996967;50;255;1510996975;0
32;16;10;5;16;50;1510997436;50;255;1510997445;0
32;16;10;5;16;50;1510997535;50;255;1510997543;0
32;16;10;5;16;50;1510997758;50;255;1510997769;0
32;16;10;5;16;50;1510998234;50;255;1510998242;0
32;16;10;5;16;50;1510998553;50;255;1510998561;0
32;16;10;5;16;50;1510998627;50;255;1510998635;0
32;16;10;5;16;50;1510998871;50;255;1510998879;0
32;16;10;5;16;50;1510999422;50;255;1510999430;0
32;16;10;5;16;50;1510999690;50;255;1510999699;0
32;16;10;5;16;50;1510999734;50;255;1510999742;0
32;16;10;5;16;50;1510999931;50;255;1510999939;0
32;16;10;5;16;50;1511000640;50;255;1511000649;0
32;16;10;5;16;50;1511000910;50;255;1511000919;0
32;16;10;5;16;50;1511000977;50;255;1511000985;0
32;16;10;5;16;50;1511001123;50;255;1511001131;0
32;16;10;5;16;50;1511001816;50;255;1511001824;0
32;16;10;5;16;50;1511002109;50;255;1511002118;0
32;16;10;5;16;50;1511002291;50;255;1511002299;0
32;16;10;5;16;50;1511002425;50;255;1511002433;0
32;16;10;5;16;50;1511002955;50;255;1511002964;0
32;16;10;5;16;50;1511003257;50;255;1511003265;0
32;16;10;5;16;50;1511003597;50;255;1511003605;0
32;16;10;5;16;50;1511003614;50;255;1511003625;0
32;16;10;5;16;50;1511004183;50;255;1511004192;0
32;16;10;5;16;50;1511004305;50;255;1511004313;0
32;16;10;5;16;50;1511004649;50;255;1511004660;0
32;16;10;5;16;50;1511004751;50;255;1511004759;0
32;16;10;5;16;50;1511005454;50;255;1511005463;0
32;16;10;5;16;50;1511005525;50;255;1511005537;0
32;16;10;5;16;50;1511005886;50;255;1511005894;0
32;16;10;5;16;50;1511006004;50;255;1511006012;0
32;16;10;5;16;50;1511006417;50;255;1511006426;0
32;16;10;5;16;50;1511006822;50;255;1511006830;0
32;16;10;5;16;50;1511006997;50;255;1511007005;0
32;16;10;5;16;50;1511007255;50;255;1511007263;0
32;16;10;5;16;50;1511007514;50;255;1511007523;0
32;16;10;5;16;50;1511008088;50;255;1511008097;0
32;16;10;5;16;50;1511008282;50;255;1511008290;0
32;16;10;5;16;50;1511008599;50;255;1511008608;0
32;16;10;5;16;50;1511008641;50;255;1511008650;0
32;16;10;5;16;50;1511009240;50;255;1511009248;0
32;16;10;5;16;50;1511009494;50;255;1511009508;0
32;16;10;5;16;50;1511009698;50;255;1511009713;0
32;16;10;5;16;50;1511009764;50;255;1511009776;0
32;16;10;5;16;50;1511010168;50;255;1511010180;0
32;16;10;5;16;50;1511010552;50;255;1511010560;0
32;16;10;5;16;50;1511010843;50;255;1511010851;0
32;16;10;5;16;50;1511010884;50;255;1511010892;0
32;16;10;5;16;50;1511011291;50;255;1511011300;0
32;16;10;5;16;50;1511011840;50;255;1511011848;0
32;16;10;5;16;50;1511011897;50;255;1511011905;0
32;16;10;5;16;50;1511012021;50;255;1511012029;0
32;16;10;5;16;50;1511012549;50;255;1511012557;0
32;16;10;5;16;50;1511013016;50;255;1511013025;0
32;16;10;5;16;50;1511013025;50;255;1511013036;0
32;16;10;5;16;50;1511013172;50;255;1511013181;0
32;16;10;5;16;50;1511013910;50;255;1511013918;0
32;16;10;5;16;50;1511014019;50;255;1511014027;0
32;16;10;5;16;50;1511014212;50;255;1511014220;0
32;16;10;5;16;50;1511014224;50;255;1511014232;0
32;16;10;5;16;50;1511015011;50;255;1511015020;0
32;16;10;5;16;50;1511015145;50;255;1511015153;0
32;16;10;5;16;50;1511015376;50;255;1511015384;0
32;16;10;5;16;50;1511015410;50;255;1511015418;0
32;16;10;5;16;50;1511016259;50;255;1511016267;0
32;16;10;5;16;50;1511016369;50;255;1511016381;0
32;16;10;5;16;50;1511016391;50;255;1511016399;0
32;16;10;5;16;50;1511016597;50;255;1511016606;0
32;16;10;5;16;50;1511017532;50;255;1511017546;0
32;16;10;5;16;50;1511017543;50;255;1511017551;0
32;16;10;5;16;50;1511017628;50;255;1511017636;0
32;16;10;5;16;50;1511017785;50;255;1511017793;0
32;16;10;5;16;50;1511018545;50;255;1511018553;0
32;16;10;5;16;50;1511018759;50;255;1511018770;0
32;16;10;5;16;50;1511018819;50;255;1511018828;0
32;16;10;5;16;50;1511018917;50;255;1511018926;0
32;16;10;5;16;50;1511019693;50;255;1511019701;0
32;16;10;5;16;50;1511019981;50;255;1511019989;0
32;16;10;5;16;50;1511020004;50;255;1511020012;0
32;16;10;5;16;50;1511020040;50;255;1511020048;0
32;16;10;5;16;50;1511020729;50;255;1511020737;0
32;16;10;5;16;50;1511021149;50;255;1511021158;0
32;16;10;5;16;50;1511021209;50;255;1511021217;0
32;16;10;5;16;50;1511021234;50;255;1511021242;0
32;16;10;5;16;50;1511021952;50;255;1511021960;0
32;16;10;5;16;50;1511022285;50;255;1511022294;0
32;16;10;5;16;50;1511022409;50;255;1511022417;0
32;16;10;5;16;50;1511022610;50;255;1511022618;0
32;16;10;5;16;50;1511023273;50;255;1511023285;0
32;16;10;5;16;50;1511023402;50;255;1511023413;0
32;16;10;5;16;50;1511023747;50;255;1511023755;0
32;16;10;5;16;50;1511023761;50;255;1511023769;0
32;16;10;5;16;50;1511024313;50;255;1511024327;0
32;16;10;5;16;50;1511024479;50;255;1511024487;0
32;16;10;5;16;50;1511024809;50;255;1511024817;0
32;16;10;5;16;50;1511025022;50;255;1511025030;0
32;16;10;5;16;50;1511025410;50;255;1511025424;0
32;16;10;5;16;50;1511025632;50;255;1511025641;0
32;16;10;5;16;50;1511025774;50;255;1511025782;0
32;16;10;5;16;50;1511026155;50;255;1511026163;0
32;16;10;5;16;50;1511026520;50;255;1511026528;0
32;16;10;5;16;50;1511026696;50;255;1511026704;0
32;16;10;5;16;50;1511026976;50;255;1511026985;0
32;16;10;5;16;50;1511027187;50;255;1511027201;0
32;16;10;5;16;50;1511027767;50;255;1511027775;0
32;16;10;5;16;50;1511028010;50;255;1511028018;0
32;16;10;5;16;50;1511028209;50;255;1511028217;0
32;16;10;5;16;50;1511028346;50;255;1511028354;0
32;16;10;5;16;50;1511028958;50;255;1511028966;0
32;16;10;5;16;50;1511029267;50;255;1511029275;0
32;16;10;5;16;50;1511029309;50;255;1511029317;0
32;16;10;5;16;50;1511029680;50;255;1511029688;0
32;16;10;5;16;50;1511029977;50;255;1511029985;0
32;16;10;5;16;50;1511030404;50;255;1511030413;0
32;16;10;5;16;50;1511030508;50;255;1511030522;0
32;16;10;5;16;50;1511030988;50;255;1511030996;0
32;16;10;5;16;50;1511031081;50;255;1511031089;0
32;16;10;5;16;50;1511031511;50;255;1511031522;0
32;16;10;5;16;50;1511031718;50;255;1511031726;0
32;16;10;5;16;50;1511032149;50;255;1511032158;0
32;16;10;5;16;50;1511032339;50;255;1511032348;0
32;16;10;5;16;50;1511032561;50;255;1511032570;0
32;16;10;5;16;50;1511032908;50;255;1511032916;0
32;16;10;5;16;50;1511033395;50;255;1511033403;0
32;16;10;5;16;50;1511033402;50;255;1511033410;0
32;16;10;5;16;50;1511033690;50;255;1511033698;0
32;16;10;5;16;50;1511034098;50;255;1511034106;0
32;16;10;5;16;50;1511034609;50;255;1511034618;0
32;16;10;5;16;50;1511034626;50;255;1511034635;0
32;16;10;5;16;50;1511034727;50;255;1511034735;0
32;16;10;5;16;50;1511035336;50;255;1511035348;0
32;16;10;5;16;50;1511035690;50;255;1511035698;0
32;16;10;5;16;50;1511035846;50;255;1511035855;0
32;16;10;5;16;50;1511035949;50;255;1511035957;0
32;16;10;5;16;50;1511036662;50;255;1511036670;0
32;16;10;5;16;50;1511036864;50;255;1511036872;0
32;16;10;5;16;50;1511036968;50;255;1511036976;0
32;16;10;5;16;50;1511037151;50;255;1511037159;0
32;16;10;5;16;50;1511037766;50;255;1511037781;0
32;16;10;5;16;50;1511038012;50;255;1511038020;0
32;16;10;5;16;50;1511038148;50;255;1511038157;0
32;16;10;5;16;50;1511038145;50;255;1511038159;0
32;16;10;5;16;50;1511038967;50;255;1511038976;0
32;16;10;5;16;50;1511039030;50;255;1511039041;0
32;16;10;5;16;50;1511039254;50;255;1511039262;0
32;16;10;5;16;50;1511039323;50;255;1511039332;0
32;16;10;5;16;50;1511040075;50;255;1511040083;0
32;16;10;5;16;50;1511040174;50;255;1511040182;0
32;16;10;5;16;50;1511040352;50;255;1511040360;0
32;16;10;5;16;50;1511040526;50;255;1511040535;0
32;16;10;5;16;50;1511041315;50;255;1511041327;0
32;16;10;5;16;50;1511041320;50;255;1511041328;0
32;16;10;5;16;50;1511041491;50;255;1511041499;0
32;16;10;5;16;50;1511041609;50;255;1511041617;0
32;16;10;5;16;50;1511042454;50;255;1511042465;0
32;16;10;5;16;50;1511042480;50;255;1511042488;0
32;16;10;5;16;50;1511042696;50;255;1511042705;0
32;16;10;5;16;50;1511042822;50;255;1511042830;0
32;16;10;5;16;50;1511043737;50;255;1511043746;0
32;16;10;5;16;50;1511043809;50;255;1511043820;0
32;16;10;5;16;50;1511043840;50;255;1511043848;0
32;16;10;5;16;50;1511044045;50;255;1511044053;0
32;16;10;5;16;50;1511044765;50;255;1511044773;0
32;16;10;5;16;50;1511044940;50;255;1511044948;0
32;16;10;5;16;50;1511044987;50;255;1511044999;0
32;16;10;5;16;50;1511045030;50;255;1511045038;0
32;16;10;5;16;50;1511046014;50;255;1511046023;0
32;16;10;5;16;50;1511046061;50;255;1511046073;0
32;16;10;5;16;50;1511046226;50;255;1511046237;0
32;16;10;5;16;50;1511046294;50;255;1511046303;0
32;16;10;5;16;50;1511047184;50;255;1511047193;0
32;16;10;5;16;50;1511047194;50;255;1511047202;0
32;16;10;5;16;50;1511047238;50;255;1511047247;0
32;16;10;5;16;50;1511047344;50;255;1511047355;0
32;16;10;5;16;50;1511048279;50;255;1511048287;0
32;16;10;5;16;50;1511048362;50;255;1511048371;0
32;16;10;5;16;50;1511048367;50;255;1511048375;0
32;16;10;5;16;50;1511048498;50;255;1511048506;0
32;16;10;5;16;50;1511049422;50;255;1511049431;0
32;16;10;5;16;50;1511049592;50;255;1511049601;0
32;16;10;5;16;50;1511049615;50;255;1511049623;0
32;16;10;5;16;50;1511049651;50;255;1511049659;0
32;16;10;5;16;50;1511050601;50;255;1511050612;0
32;16;10;5;16;50;1511050687;50;255;1511050698;0
32;16;10;5;16;50;1511050828;50;255;1511050836;0
32;16;10;5;16;50;1511050836;50;255;1511050848;0
32;16;10;5;16;50;1511051763;50;255;1511051771;0
32;16;10;5;16;50;1511051804;50;255;1511051812;0
32;16;10;5;16;50;1511051996;50;255;1511052004;0
32;16;10;5;16;50;1511052016;50;255;1511052024;0
32;16;10;5;16;50;1511052901;50;255;1511052909;0
32;16;10;5;16;50;1511052908;50;255;1511052917;0
32;16;10;5;16;50;1511053027;50;255;1511053035;0
32;16;10;5;16;50;1511053176;50;255;1511053184;0
32;16;10;5;16;50;1511054052;50;255;1511054061;0
32;16;10;5;16;50;1511054079;50;255;1511054087;0
32;16;10;5;16;50;1511054233;50;255;1511054241;0
32;16;10;5;16;50;1511054276;50;255;1511054284;0
32;16;10;5;16;50;1511055197;50;255;1511055205;0
32;16;10;5;16;50;1511055233;50;255;1511055241;0
32;16;10;5;16;50;1511055389;50;255;1511055398;0
32;16;10;5;16;50;1511055420;50;255;1511055429;0
32;16;10;5;16;50;1511056351;50;255;1511056360;0
32;16;10;5;16;50;1511056460;50;255;1511056468;0
32;16;10;5;16;50;1511056484;50;255;1511056495;0
32;16;10;5;16;50;1511056590;50;255;1511056599;0
32;16;10;5;16;50;1511057392;50;255;1511057403;0
32;16;10;5;16;50;1511057556;50;255;1511057568;0
32;16;10;5;16;50;1511057596;50;255;1511057604;0
32;16;10;5;16;50;1511057689;50;255;1511057697;0
32;16;10;5;16;50;1511058626;50;255;1511058634;0
32;16;10;5;16;50;1511058673;50;255;1511058681;0
32;16;10;5;16;50;1511058845;50;255;1511058853;0
32;16;10;5;16;50;1511059136;50;255;1511059144;0
32;16;10;5;16;50;1511059825;50;255;1511059834;0
32;16;10;5;16;50;1511059855;50;255;1511059866;0
32;16;10;5;16;50;1511060080;50;255;1511060089;0
32;16;10;5;16;50;1511060397;50;255;1511060405;0
32;16;10;5;16;50;1511060878;50;255;1511060886;0
32;16;10;5;16;50;1511060974;50;255;1511060982;0
32;16;10;5;16;50;1511061128;50;255;1511061136;0
32;16;10;5;16;50;1511061660;50;255;1511061668;0
32;16;10;5;16;50;1511062044;50;255;1511062052;0
32;16;10;5;16;50;1511062131;50;255;1511062139;0
32;16;10;5;16;50;1511062185;50;255;1511062193;0
32;16;10;5;16;50;1511062769;50;255;1511062777;0
32;16;10;5;16;50;1511063226;50;255;1511063235;0
32;16;10;5;16;50;1511063329;50;255;1511063341;0
32;16;10;5;16;50;1511063466;50;255;1511063474;0
32;16;10;5;16;50;1511063897;50;255;1511063908;0
32;16;10;5;16;50;1511064361;50;255;1511064370;0
32;16;10;5;16;50;1511064610;50;255;1511064618;0
32;16;10;5;16;50;1511064654;50;255;1511064662;0
32;16;10;5;16;50;1511064993;50;255;1511065002;0
32;16;10;5;16;50;1511065438;50;255;1511065462;0
32;16;10;5;16;50;1511065633;50;255;1511065641;0
32;16;10;5;16;50;1511065872;50;255;1511065887;0
32;16;10;5;16;50;1511066107;50;255;1511066116;0
32;16;10;5;16;50;1511066623;50;255;1511066631;0
32;16;10;5;16;50;1511066686;50;255;1511066694;0
32;16;10;5;16;50;1511066984;50;255;1511066993;0
32;16;10;5;16;50;1511067387;50;255;1511067395;0
32;16;10;5;16;50;1511067614;50;255;1511067622;0
32;16;10;5;16;50;1511067972;50;255;1511067981;0
32;16;10;5;16;50;1511068017;50;255;1511068025;0
32;16;10;5;16;50;1511068551;50;255;1511068563;0
32;16;10;5;16;50;1511068846;50;255;1511068855;0
32;16;10;5;16;50;1511068902;50;255;1511068910;0
32;16;10;5;16;50;1511069042;50;255;1511069051;0
32;16;10;5;16;50;1511069585;50;255;1511069593;0
32;16;10;5;16;50;1511069927;50;255;1511069936;0
32;16;10;5;16;50;1511069936;50;255;1511069944;0
32;16;10;5;16;50;1511070238;50;255;1511070246;0
32;16;10;5;16;50;1511070745;50;255;1511070757;0
32;16;10;5;16;50;1511071019;50;255;1511071027;0
32;16;10;5;16;50;1511071028;50;255;1511071040;0
32;16;10;5;16;50;1511071309;50;255;1511071318;0
32;16;10;5;16;50;1511072052;50;255;1511072060;0
32;16;10;5;16;50;1511072061;50;255;1511072069;0
32;16;10;5;16;50;1511072272;50;255;1511072280;0
32;16;10;5;16;50;1511072490;50;255;1511072502;0
32;16;10;5;16;50;1511073157;50;255;1511073168;0
32;16;10;5;16;50;1511073308;50;255;1511073317;0
32;16;10;5;16;50;1511073361;50;255;1511073370;0
32;16;10;5;16;50;1511073782;50;255;1511073790;0
32;16;10;5;16;50;1511074220;50;255;1511074228;0
32;16;10;5;16;50;1511074308;50;255;1511074316;0
32;16;10;5;16;50;1511074549;50;255;1511074557;0
32;16;10;5;16;50;1511074972;50;255;1511074983;0
32;16;10;5;16;50;1511075373;50;255;1511075384;0
32;16;10;5;16;50;1511075560;50;255;1511075568;0
32;16;10;5;16;50;1511075620;50;255;1511075628;0
32;16;10;5;16;50;1511076073;50;255;1511076081;0
32;16;10;5;16;50;1511076485;50;255;1511076493;0
32;16;10;5;16;50;1511076673;50;255;1511076682;0
32;16;10;5;16;50;1511076775;50;255;1511076783;0
32;16;10;5;16;50;1511077265;50;255;1511077274;0
32;16;10;5;16;50;1511077695;50;255;1511077704;0
32;16;10;5;16;50;1511077915;50;255;1511077923;0
32;16;10;5;16;50;1511077935;50;255;1511077947;0
32;16;10;5;16;50;1511078405;50;255;1511078413;0
32;16;10;5;16;50;1511078727;50;255;1511078735;0
32;16;10;5;16;50;1511079053;50;255;1511079062;0
32;16;10;5;16;50;1511079091;50;255;1511079099;0
32;16;10;5;16;50;1511079593;50;255;1511079601;0
32;16;10;5;16;50;1511079777;50;255;1511079785;0
32;16;10;5;16;50;1511080216;50;255;1511080225;0
32;16;10;5;16;50;1511080261;50;255;1511080269;0
32;16;10;5;16;50;1511080667;50;255;1511080675;0
32;16;10;5;16;50;1511080931;50;255;1511080939;0
32;16;10;5;16;50;1511081352;50;255;1511081360;0
32;16;10;5;16;50;1511081523;50;255;1511081532;0
32;16;10;5;16;50;1511081979;50;255;1511081991;0
32;16;10;5;16;50;1511082024;50;255;1511082032;0
32;16;10;5;16;50;1511082546;50;255;1511082555;0
32;16;10;5;16;50;1511082776;50;255;1511082784;0
32;16;10;5;16;50;1511083039;50;255;1511083047;0
32;16;10;5;16;50;1511083195;50;255;1511083203;0
32;16;10;5;16;50;1511083685;50;255;1511083693;0
32;16;10;5;16;50;1511083902;50;255;1511083910;0
32;16;10;5;16;50;1511084181;50;255;1511084192;0
32;16;10;5;16;50;1511084296;50;255;1511084304;0
32;16;10;5;16;50;1511084717;50;255;1511084725;0
32;16;10;5;16;50;1511084977;50;255;1511084985;0
32;16;10;5;16;50;1511085277;50;255;1511085285;0
32;16;10;5;16;50;1511085448;50;255;1511085460;0
32;16;10;5;16;50;1511085757;50;255;1511085769;0
32;16;10;5;16;50;1511086186;50;255;1511086195;0
32;16;10;5;16;50;1511086435;50;255;1511086443;0
32;16;10;5;16;50;1511086730;50;255;1511086739;0
32;16;10;5;16;50;1511086993;50;255;1511087001;0
32;16;10;5;16;50;1511087363;50;255;1511087378;0
32;16;10;5;16;50;1511087660;50;255;1511087668;0
32;16;10;5;16;50;1511088044;50;255;1511088056;0
32;16;10;5;16;50;1511088054;50;255;1511088063;0
32;16;10;5;16;50;1511088458;50;255;1511088467;0
32;16;10;5;16;50;1511088916;50;255;1511088925;0
32;16;10;5;16;50;1511089211;50;255;1511089219;0
32;16;10;5;16;50;1511089240;50;255;1511089248;0
32;16;10;5;16;50;1511089550;50;255;1511089558;0
32;16;10;5;16;50;1511090108;50;255;1511090117;0
32;16;10;5;16;50;1511090410;50;255;1511090419;0
32;16;10;5;16;50;1511090495;50;255;1511090504;0
32;16;10;5;16;50;1511090809;50;255;1511090818;0
32;16;10;5;16;50;1511091251;50;255;1511091259;0
32;16;10;5;16;50;1511091617;50;255;1511091626;0
32;16;10;5;16;50;1511091726;50;255;1511091735;0
32;16;10;5;16;50;1511091987;50;255;1511091996;0
32;16;10;5;16;50;1511092541;50;255;1511092553;0
32;16;10;5;16;50;1511092554;50;255;1511092562;0
32;16;10;5;16;50;1511092976;50;255;1511092984;0
32;16;10;5;16;50;1511093085;50;255;1511093093;0
32;16;10;5;16;50;1511093687;50;255;1511093695;0
32;16;10;5;16;50;1511093894;50;255;1511093902;0
32;16;10;5;16;50;1511094094;50;255;1511094102;0
32;16;10;5;16;50;1511094330;50;255;1511094339;0
32;16;10;5;16;50;1511094730;50;255;1511094738;0
32;16;10;5;16;50;1511094941;50;255;1511094949;0
32;16;10;5;16;50;1511095169;50;255;1511095180;0
32;16;10;5;16;50;1511095466;50;255;1511095474;0
32;16;10;5;16;50;1511095923;50;255;1511095935;0
32;16;10;5;16;50;1511096193;50;255;1511096201;0
32;16;10;5;16;50;1511096325;50;255;1511096333;0
32;16;10;5;16;50;1511096892;50;255;1511096901;0
32;16;10;5;16;50;1511097050;50;255;1511097058;0
32;16;10;5;16;50;1511097351;50;255;1511097359;0
32;16;10;5;16;50;1511097406;50;255;1511097414;0
32;16;10;5;16;50;1511097942;50;255;1511097950;0
32;16;10;5;16;50;1511098206;50;255;1511098217;0
32;16;10;5;16;50;1511098430;50;255;1511098439;0
32;16;10;5;16;50;1511098559;50;255;1511098567;0
32;16;10;5;16;50;1511099150;50;255;1511099158;0
32;16;10;5;16;50;1511099434;50;255;1511099442;0
32;16;10;5;16;50;1511099722;50;255;1511099730;0
32;16;10;5;16;50;1511099855;50;255;1511099864;0
32;16;10;5;16;50;1511100449;50;255;1511100458;0
32;16;10;5;16;50;1511100503;50;255;1511100511;0
32;16;10;5;16;50;1511100887;50;255;1511100895;0
32;16;10;5;16;50;1511100904;50;255;1511100919;0
32;16;10;5;16;50;1511101567;50;255;1511101579;0
32;16;10;5;16;50;1511101668;50;255;1511101676;0
32;16;10;5;16;50;1511102011;50;255;1511102019;0
32;16;10;5;16;50;1511102037;50;255;1511102046;0
32;16;10;5;16;50;1511102621;50;255;1511102633;0
32;16;10;5;16;50;1511102907;50;255;1511102915;0
32;16;10;5;16;50;1511103097;50;255;1511103105;0
32;16;10;5;16;50;1511103176;50;255;1511103185;0
32;16;10;5;16;50;1511103571;50;255;1511103579;0
32;16;10;5;16;50;1511104088;50;255;1511104097;0
32;16;10;5;16;50;1511104237;50;255;1511104245;0
32;16;10;5;16;50;1511104455;50;255;1511104464;0
32;16;10;5;16;50;1511104855;50;255;1511104867;0
32;16;10;5;16;50;1511105223;50;255;1511105231;0
32;16;10;5;16;50;1511105298;50;255;1511105306;0
32;16;10;5;16;50;1511105607;50;255;1511105625;0
32;16;10;5;16;50;1511105981;50;255;1511105990;0
32;16;10;5;16;50;1511106255;50;255;1511106263;0
32;16;10;5;16;50;1511106416;50;255;1511106424;0
32;16;10;5;16;50;1511106624;50;255;1511106633;0
32;16;10;5;16;50;1511107102;50;255;1511107110;0
32;16;10;5;16;50;1511107452;50;255;1511107461;0
32;16;10;5;16;50;1511107497;50;255;1511107512;0
32;16;10;5;16;50;1511107594;50;255;1511107603;0
32;16;10;5;16;50;1511108395;50;255;1511108406;0
32;16;10;5;16;50;1511108577;50;255;1511108589;0
32;16;10;5;16;50;1511108645;50;255;1511108654;0
32;16;10;5;16;50;1511108902;50;255;1511108910;0
32;16;10;5;16;50;1511109451;50;255;1511109459;0
32;16;10;5;16;50;1511109656;50;255;1511109664;0
32;16;10;5;16;50;1511109848;50;255;1511109856;0
32;16;10;5;16;50;1511110078;50;255;1511110086;0
32;16;10;5;16;50;1511110719;50;255;1511110727;0
32;16;10;5;16;50;1511110734;50;255;1511110743;0
32;16;10;5;16;50;1511111213;50;255;1511111221;0
32;16;10;5;16;50;1511111268;50;255;1511111277;0
32;16;10;5;16;50;1511111809;50;255;1511111817;0
32;16;10;5;16;50;1511112040;50;255;1511112049;0
32;16;10;5;16;50;1511112388;50;255;1511112396;0
32;16;10;5;16;50;1511112429;50;255;1511112437;0
32;16;10;5;16;50;1511112898;50;255;1511112906;0
32;16;10;5;16;50;1511113413;50;255;1511113421;0
32;16;10;5;16;50;1511113598;50;255;1511113606;0
32;16;10;5;16;50;1511113708;50;255;1511113716;0
32;16;10;5;16;50;1511114189;50;255;1511114198;0
32;16;10;5;16;50;1511114401;50;255;1511114410;0
32;16;10;5;16;50;1511114865;50;255;1511114873;0
32;16;10;5;16;50;1511114942;50;255;1511114950;0
32;16;10;5;16;50;1511115314;50;255;1511115322;0
32;16;10;5;16;50;1511115468;50;255;1511115477;0
32;16;10;5;16;50;1511116176;50;255;1511116190;0
32;16;10;5;16;50;1511116245;50;255;1511116254;0
32;16;10;5;16;50;1511116586;50;255;1511116594;0
32;16;10;5;16;50;1511116781;50;255;1511116790;0
32;16;10;5;16;50;1511117261;50;255;1511117269;0
32;16;10;5;16;50;1511117391;50;255;1511117399;0
32;16;10;5;16;50;1511117882;50;255;1511117893;0
32;16;10;5;16;50;1511117907;50;255;1511117919;0
32;16;10;5;16;50;1511118403;50;255;1511118412;0
32;16;10;5;16;50;1511118646;50;255;1511118654;0
32;16;10;5;16;50;1511118982;50;255;1511118990;0
32;16;10;5;16;50;1511119191;50;255;1511119200;0
32;16;10;5;16;50;1511119583;50;255;1511119595;0
32;16;10;5;16;50;1511119819;50;255;1511119827;0
32;16;10;5;16;50;1511119978;50;255;1511119986;0
32;16;10;5;16;50;1511120280;50;255;1511120288;0
32;16;10;5;16;50;1511120658;50;255;1511120666;0
32;16;10;5;16;50;1511120896;50;255;1511120904;0
32;16;10;5;16;50;1511121024;50;255;1511121032;0
32;16;10;5;16;50;1511121475;50;255;1511121483;0
32;16;10;5;16;50;1511121826;50;255;1511121835;0
32;16;10;5;16;50;1511122020;50;255;1511122029;0
32;16;10;5;16;50;1511122367;50;255;1511122376;0
32;16;10;5;16;50;1511122535;50;255;1511122543;0
32;16;10;5;16;50;1511122913;50;255;1511122921;0
32;16;10;5;16;50;1511123283;50;255;1511123292;0
32;16;10;5;16;50;1511123453;50;255;1511123465;0
32;16;10;5;16;50;1511123659;50;255;1511123667;0
32;16;10;5;16;50;1511124144;50;255;1511124152;0
32;16;10;5;16;50;1511124466;50;255;1511124475;0
32;16;10;5;16;50;1511124637;50;255;1511124646;0
32;16;10;5;16;50;1511124905;50;255;1511124914;0
32;16;10;5;16;50;1511125337;50;255;1511125348;0
32;16;10;5;16;50;1511125543;50;255;1511125551;0
32;16;10;5;16;50;1511125854;50;255;1511125862;0
32;16;10;5;16;50;1511126097;50;255;1511126105;0
32;16;10;5;16;50;1511126525;50;255;1511126533;0
32;16;10;5;16;50;1511126818;50;255;1511126826;0
32;16;10;5;16;50;1511126911;50;255;1511126919;0
32;16;10;5;16;50;1511127176;50;255;1511127185;0
32;16;10;5;16;50;1511127743;50;255;1511127751;0
32;16;10;5;16;50;1511127875;50;255;1511127883;0
32;16;10;5;16;50;1511128262;50;255;1511128270;0
32;16;10;5;16;50;1511128338;50;255;1511128347;0
32;16;10;5;16;50;1511129012;50;255;1511129024;0
32;16;10;5;16;50;1511129060;50;255;1511129069;0
32;16;10;5;16;50;1511129307;50;255;1511129318;0
32;16;10;5;16;50;1511129426;50;255;1511129435;0
32;16;10;5;16;50;1511130026;50;255;1511130035;0
32;16;10;5;16;50;1511130248;50;255;1511130256;0
32;16;10;5;16;50;1511130469;50;255;1511130477;0
32;16;10;5;16;50;1511130708;50;255;1511130717;0
32;16;10;5;16;50;1511131062;50;255;1511131071;0
32;16;10;5;16;50;1511131525;50;255;1511131533;0
32;16;10;5;16;50;1511131569;50;255;1511131577;0
32;16;10;5;16;50;1511131969;50;255;1511131977;0
32;16;10;5;16;50;1511132173;50;255;1511132182;0
32;16;10;5;16;50;1511132722;50;255;1511132730;0
32;16;10;5;16;50;1511132752;50;255;1511132760;0
32;16;10;5;16;50;1511133024;50;255;1511133032;0
32;16;10;5;16;50;1511133247;50;255;1511133255;0
32;16;10;5;16;50;1511133956;50;255;1511133964;0
32;16;10;5;16;50;1511134004;50;255;1511134013;0
32;16;10;5;16;50;1511134193;50;255;1511134205;0
32;16;10;5;16;50;1511134218;50;255;1511134230;0
32;16;10;5;16;50;1511135028;50;255;1511135043;0
32;16;10;5;16;50;1511135145;50;255;1511135153;0
32;16;10;5;16;50;1511135323;50;255;1511135331;0
32;16;10;5;16;50;1511135372;50;255;1511135380;0
32;16;10;5;16;50;1511136169;50;255;1511136178;0
32;16;10;5;16;50;1511136419;50;255;1511136427;0
32;16;10;5;16;50;1511136467;50;255;1511136475;0
32;16;10;5;16;50;1511136664;50;255;1511136672;0
32;16;10;5;16;50;1511137301;50;255;1511137309;0
32;16;10;5;16;50;1511137672;50;255;1511137680;0
32;16;10;5;16;50;1511137707;50;255;1511137716;0
32;16;10;5;16;50;1511137919;50;255;1511137927;0
32;16;10;5;16;50;1511138503;50;255;1511138511;0
32;16;10;5;16;50;1511138836;50;255;1511138847;0
32;16;10;5;16;50;1511138917;50;255;1511138926;0
32;16;10;5;16;50;1511139223;50;255;1511139231;0
32;16;10;5;16;50;1511139722;50;255;1511139734;0
32;16;10;5;16;50;1511140096;50;255;1511140104;0
32;16;10;5;16;50;1511140100;50;255;1511140108;0
32;16;10;5;16;50;1511140344;50;255;1511140352;0
32;16;10;5;16;50;1511140933;50;255;1511140941;0
32;16;10;5;16;50;1511141312;50;255;1511141321;0
32;16;10;5;16;50;1511141329;50;255;1511141337;0
32;16;10;5;16;50;1511141460;50;255;1511141471;0
32;16;10;5;16;50;1511141988;50;255;1511142000;0
32;16;10;5;16;50;1511142466;50;255;1511142477;0
32;16;10;5;16;50;1511142508;50;255;1511142516;0
32;16;10;5;16;50;1511142537;50;255;1511142546;0
32;16;10;5;16;50;1511143093;50;255;1511143101;0
32;16;10;5;16;50;1511143724;50;255;1511143732;0
32;16;10;5;16;50;1511143745;50;255;1511143756;0
32;16;10;5;16;50;1511143821;50;255;1511143830;0
32;16;10;5;16;50;1511144325;50;255;1511144333;0
32;16;10;5;16;50;1511144839;50;255;1511144847;0
32;16;10;5;16;50;1511144886;50;255;1511144895;0
32;16;10;5;16;50;1511144964;50;255;1511144979;0
32;16;10;5;16;50;1511145387;50;255;1511145395;0
32;16;10;5;16;50;1511145953;50;255;1511145962;0
32;16;10;5;16;50;1511146143;50;255;1511146152;0
32;16;10;5;16;50;1511146227;50;255;1511146236;0
32;16;10;5;16;50;1511146672;50;255;1511146684;0
32;16;10;5;16;50;1511147075;50;255;1511147083;0
32;16;10;5;16;50;1511147199;50;255;1511147208;0
32;16;10;5;16;50;1511147422;50;255;1511147431;0
32;16;10;5;16;50;1511148047;50;255;1511148055;0
32;16;10;5;16;50;1511148260;50;255;1511148268;0
32;16;10;5;16;50;1511148458;50;255;1511148467;0
32;16;10;5;16;50;1511148560;50;255;1511148568;0
32;16;10;5;16;50;1511149118;50;255;1511149126;0
32;16;10;5;16;50;1511149501;50;255;1511149509;0
32;16;10;5;16;50;1511149704;50;255;1511149712;0
32;16;10;5;16;50;1511149889;50;255;1511149897;0
32;16;10;5;16;50;1511150290;50;255;1511150298;0
32;16;10;5;16;50;1511150628;50;255;1511150636;0
32;16;10;5;16;50;1511150896;50;255;1511150904;0
32;16;10;5;16;50;1511150914;50;255;1511150923;0
32;16;10;5;16;50;1511151545;50;255;1511151554;0
32;16;10;5;16;50;1511151729;50;255;1511151737;0
32;16;10;5;16;50;1511152094;50;255;1511152106;0
32;16;10;5;16;50;1511152201;50;255;1511152210;0
32;16;10;5;16;50;1511152925;50;255;1511152933;0
32;16;10;5;16;50;1511152941;50;255;1511152949;0
32;16;10;5;16;50;1511153245;50;255;1511153253;0
32;16;10;5;16;50;1511153308;50;255;1511153316;0
32;16;10;5;16;50;1511154046;50;255;1511154054;0
32;16;10;5;16;50;1511154125;50;255;1511154134;0
32;16;10;5;16;50;1511154289;50;255;1511154298;0
32;16;10;5;16;50;1511154408;50;255;1511154419;0
32;16;10;5;16;50;1511155217;50;255;1511155225;0
32;16;10;5;16;50;1511155474;50;255;1511155483;0
32;16;10;5;16;50;1511155557;50;255;1511155565;0
32;16;10;5;16;50;1511155730;50;255;1511155739;0
32;16;10;5;16;50;1511156567;50;255;1511156575;0
32;16;10;5;16;50;1511156680;50;255;1511156689;0
32;16;10;5;16;50;1511156730;50;255;1511156739;0
32;16;10;5;16;50;1511156883;50;255;1511156891;0
32;16;10;5;16;50;1511157618;50;255;1511157626;0
32;16;10;5;16;50;1511157841;50;255;1511157850;0
32;16;10;5;16;50;1511158042;50;255;1511158050;0
32;16;10;5;16;50;1511158187;50;255;1511158195;0
32;16;10;5;16;50;1511158764;50;255;1511158775;0
32;16;10;5;16;50;1511159170;50;255;1511159178;0
32;16;10;5;16;50;1511159189;50;255;1511159206;0
32;16;10;5;16;50;1511159234;50;255;1511159243;0
32;16;10;5;16;50;1511159926;50;255;1511159935;0
32;16;10;5;16;50;1511160243;50;255;1511160252;0
32;16;10;5;16;50;1511160278;50;255;1511160286;0
32;16;10;5;16;50;1511160289;50;255;1511160298;0
32;16;10;5;16;50;1511161011;50;255;1511161019;0
32;16;10;5;16;50;1511161370;50;255;1511161378;0
32;16;10;5;16;50;1511161496;50;255;1511161504;0
32;16;10;5;16;50;1511161628;50;255;1511161639;0
32;16;10;5;16;50;1511162081;50;255;1511162090;0
32;16;10;5;16;50;1511162642;50;255;1511162650;0
32;16;10;5;16;50;1511162713;50;255;1511162722;0
32;16;10;5;16;50;1511162780;50;255;1511162788;0
32;16;10;5;16;50;1511163294;50;255;1511163302;0
32;16;10;5;16;50;1511163702;50;255;1511163710;0
32;16;10;5;16;50;1511163832;50;255;1511163840;0
32;16;10;5;16;50;1511163898;50;255;1511163906;0
32;16;10;5;16;50;1511164362;50;255;1511164371;0
32;16;10;5;16;50;1511164910;50;255;1511164918;0
32;16;10;5;16;50;1511164995;50;255;1511165003;0
32;16;10;5;16;50;1511165225;50;255;1511165234;0
32;16;10;5;16;50;1511165597;50;255;1511165609;0
32;16;10;5;16;50;1511166125;50;255;1511166134;0
32;16;10;5;16;50;1511166228;50;255;1511166236;0
32;16;10;5;16;50;1511166318;50;255;1511166326;0
32;16;10;5;16;50;1511166687;50;255;1511166696;0
32;16;10;5;16;50;1511167185;50;255;1511167197;0
32;16;10;5;16;50;1511167299;50;255;1511167307;0
32;16;10;5;16;50;1511167430;50;255;1511167439;0
32;16;10;5;16;50;1511167676;50;255;1511167691;0
32;16;10;5;16;50;1511168299;50;255;1511168308;0
32;16;10;5;16;50;1511168527;50;255;1511168536;0
32;16;10;5;16;50;1511168621;50;255;1511168629;0
32;16;10;5;16;50;1511168879;50;255;1511168888;0
32;16;10;5;16;50;1511169532;50;255;1511169540;0
32;16;10;5;16;50;1511169704;50;255;1511169713;0
32;16;10;5;16;50;1511169788;50;255;1511169796;0
32;16;10;5;16;50;1511169888;50;255;1511169900;0
32;16;10;5;16;50;1511170672;50;255;1511170682;0
32;16;10;5;16;50;1511170982;50;255;1511170990;0
32;16;10;5;16;50;1511170980;50;255;1511170990;0
32;16;10;5;16;50;1511171080;50;255;1511171089;0
32;16;10;5;16;50;1511172084;50;255;1511172094;0
32;16;10;5;16;50;1511172250;50;255;1511172260;0
32;16;10;5;16;50;1511172301;50;255;1511172311;0
32;16;10;5;16;50;1511172397;50;255;1511172406;0
