32;16;10;5;4;5;1510757858;5;255;1510757875;1
32;16;10;5;4;5;1510757861;5;255;1510757878;1
32;16;10;5;4;5;1510757864;5;255;1510757881;1
32;16;10;5;4;5;1510757866;5;255;1510757883;1
32;16;10;5;4;5;1510758905;5;255;1510758922;1
32;16;10;5;4;5;1510759130;5;255;1510759146;1
32;16;10;5;4;5;1510759173;5;255;1510759189;1
32;16;10;5;4;5;1510759244;5;255;1510759260;1
32;16;10;5;4;5;1510760176;5;255;1510760193;1
32;16;10;5;4;5;1510760380;5;255;1510760396;1
32;16;10;5;4;5;1510760387;5;255;1510760403;1
32;16;10;5;4;5;1510760428;5;255;1510760445;1
32;16;10;5;4;5;1510761257;5;255;1510761273;1
32;16;10;5;4;5;1510761589;5;255;1510761606;1
32;16;10;5;4;5;1510761746;5;255;1510761762;1
32;16;10;5;4;5;1510761800;5;255;1510761817;1
32;16;10;5;4;5;1510762458;5;255;1510762474;1
32;16;10;5;4;5;1510762676;5;255;1510762692;1
32;16;10;5;4;5;1510762899;5;255;1510762915;1
32;16;10;5;4;5;1510762938;5;255;1510762954;1
32;16;10;5;4;5;1510763423;5;255;1510763439;1
32;16;10;5;4;5;1510763681;5;255;1510763697;1
32;16;10;5;4;5;1510763937;5;255;1510763953;1
32;16;10;5;4;5;1510764109;5;255;1510764125;1
32;16;10;5;4;5;1510764453;5;255;1510764469;1
32;16;10;5;4;5;1510764626;5;255;1510764642;1
32;16;10;5;4;5;1510765178;5;255;1510765194;1
32;16;10;5;4;5;1510765316;5;255;1510765332;1
32;16;10;5;4;5;1510765676;5;255;1510765692;1
32;16;10;5;4;5;1510765711;5;255;1510765727;1
32;16;10;5;4;5;1510766549;5;255;1510766566;1
32;16;10;5;4;5;1510766693;5;255;1510766709;1
32;16;10;5;4;5;1510766784;5;255;1510766800;1
32;16;10;5;4;5;1510766848;5;255;1510766864;1
32;16;10;5;4;5;1510767807;5;255;1510767823;1
32;16;10;5;4;5;1510767856;5;255;1510767872;1
32;16;10;5;4;5;1510768076;5;255;1510768092;1
32;16;10;5;4;5;1510768161;5;255;1510768177;1
32;16;10;5;4;5;1510768719;5;255;1510768735;1
32;16;10;5;4;5;1510769001;5;255;1510769017;1
32;16;10;5;4;5;1510769249;5;255;1510769265;1
32;16;10;5;4;5;1510769278;5;255;1510769294;1
32;16;10;5;4;5;1510770059;5;255;1510770075;1
32;16;10;5;4;5;1510770099;5;255;1510770115;1
32;16;10;5;4;5;1510770389;5;255;1510770405;1
32;16;10;5;4;5;1510770497;5;255;1510770513;1
32;16;10;5;4;5;1510771183;5;255;1510771199;1
32;16;10;5;4;5;1510771296;5;255;1510771312;1
32;16;10;5;4;5;1510771502;5;255;1510771518;1
32;16;10;5;4;5;1510771529;5;255;1510771545;1
32;16;10;5;4;5;1510772285;5;255;1510772301;1
32;16;10;5;4;5;1510772515;5;255;1510772532;1
32;16;10;5;4;5;1510772604;5;255;1510772620;1
32;16;10;5;4;5;1510772862;5;255;1510772879;1
32;16;10;5;4;5;1510773465;5;255;1510773481;1
32;16;10;5;4;5;1510773798;5;255;1510773814;1
32;16;10;5;4;5;1510773860;5;255;1510773876;1
32;16;10;5;4;5;1510774065;5;255;1510774081;1
32;16;10;5;4;5;1510774725;5;255;1510774741;1
32;16;10;5;4;5;1510775040;5;255;1510775056;1
32;16;10;5;4;5;1510775059;5;255;1510775075;1
32;16;10;5;4;5;1510775121;5;255;1510775137;1
32;16;10;5;4;5;1510775895;5;255;1510775911;1
32;16;10;5;4;5;1510776112;5;255;1510776128;1
32;16;10;5;4;5;1510776222;5;255;1510776237;1
32;16;10;5;4;5;1510776223;5;255;1510776239;1
32;16;10;5;4;5;1510776998;5;255;1510777015;1
32;16;10;5;4;5;1510777127;5;255;1510777143;1
32;16;10;5;4;5;1510777398;5;255;1510777414;1
32;16;10;5;4;5;1510777579;5;255;1510777595;1
32;16;10;5;4;5;1510778159;5;255;1510778175;1
32;16;10;5;4;5;1510778401;5;255;1510778417;1
32;16;10;5;4;5;1510778629;5;255;1510778645;1
32;16;10;5;4;5;1510778686;5;255;1510778702;1
32;16;10;5;4;5;1510779259;5;255;1510779275;1
32;16;10;5;4;5;1510779601;5;255;1510779617;1
32;16;10;5;4;5;1510779690;5;255;1510779706;1
32;16;10;5;4;5;1510779778;5;255;1510779795;1
32;16;10;5;4;5;1510780531;5;255;1510780547;1
32;16;10;5;4;5;1510780871;5;255;1510780887;1
32;16;10;5;4;5;1510780933;5;255;1510780949;1
32;16;10;5;4;5;1510780951;5;255;1510780966;1
32;16;10;5;4;5;1510781553;5;255;1510781569;1
32;16;10;5;4;5;1510781976;5;255;1510781992;1
32;16;10;5;4;5;1510782113;5;255;1510782129;1
32;16;10;5;4;5;1510782207;5;255;1510782223;1
32;16;10;5;4;5;1510782866;5;255;1510782882;1
32;16;10;5;4;5;1510783164;5;255;1510783180;1
32;16;10;5;4;5;1510783219;5;255;1510783236;1
32;16;10;5;4;5;1510783257;5;255;1510783273;1
32;16;10;5;4;5;1510784113;5;255;1510784129;1
32;16;10;5;4;5;1510784262;5;255;1510784278;1
32;16;10;5;4;5;1510784365;5;255;1510784381;1
32;16;10;5;4;5;1510784616;5;255;1510784632;1
32;16;10;5;4;5;1510785230;5;255;1510785246;1
32;16;10;5;4;5;1510785249;5;255;1510785265;1
32;16;10;5;4;5;1510785508;5;255;1510785524;1
32;16;10;5;4;5;1510785885;5;255;1510785901;1
32;16;10;5;4;5;1510786332;5;255;1510786348;1
32;16;10;5;4;5;1510786406;5;255;1510786422;1
32;16;10;5;4;5;1510786830;5;255;1510786846;1
32;16;10;5;4;5;1510786965;5;255;1510786981;1
32;16;10;5;4;5;1510787477;5;255;1510787493;1
32;16;10;5;4;5;1510787543;5;255;1510787559;1
32;16;10;5;4;5;1510787952;5;255;1510787968;1
32;16;10;5;4;5;1510788136;5;255;1510788152;1
32;16;10;5;4;5;1510788634;5;255;1510788650;1
32;16;10;5;4;5;1510788702;5;255;1510788718;1
32;16;10;5;4;5;1510788955;5;255;1510788971;1
32;16;10;5;4;5;1510789398;5;255;1510789414;1
32;16;10;5;4;5;1510789716;5;255;1510789732;1
32;16;10;5;4;5;1510789878;5;255;1510789894;1
32;16;10;5;4;5;1510790155;5;255;1510790171;1
32;16;10;5;4;5;1510790506;5;255;1510790522;1
32;16;10;5;4;5;1510790701;5;255;1510790717;1
32;16;10;5;4;5;1510790998;5;255;1510791014;1
32;16;10;5;4;5;1510791146;5;255;1510791162;1
32;16;10;5;4;5;1510791765;5;255;1510791781;1
32;16;10;5;4;5;1510791858;5;255;1510791874;1
32;16;10;5;4;5;1510792010;5;255;1510792026;1
32;16;10;5;4;5;1510792380;5;255;1510792396;1
32;16;10;5;4;5;1510792849;5;255;1510792865;1
32;16;10;5;4;5;1510792986;5;255;1510793002;1
32;16;10;5;4;5;1510793293;5;255;1510793309;1
32;16;10;5;4;5;1510793711;5;255;1510793727;1
32;16;10;5;4;5;1510793962;5;255;1510793978;1
32;16;10;5;4;5;1510794000;5;255;1510794016;1
32;16;10;5;4;5;1510794326;5;255;1510794342;1
32;16;10;5;4;5;1510794871;5;255;1510794887;1
32;16;10;5;4;5;1510795063;5;255;1510795079;1
32;16;10;5;4;5;1510795105;5;255;1510795121;1
32;16;10;5;4;5;1510795451;5;255;1510795467;1
32;16;10;5;4;5;1510796200;5;255;1510796216;1
32;16;10;5;4;5;1510796219;5;255;1510796235;1
32;16;10;5;4;5;1510796248;5;255;1510796264;1
32;16;10;5;4;5;1510796607;5;255;1510796623;1
32;16;10;5;4;5;1510797222;5;255;1510797238;1
32;16;10;5;4;5;1510797349;5;255;1510797365;1
32;16;10;5;4;5;1510797398;5;255;1510797414;1
32;16;10;5;4;5;1510797790;5;255;1510797806;1
32;16;10;5;4;5;1510798383;5;255;1510798399;1
32;16;10;5;4;5;1510798504;5;255;1510798520;1
32;16;10;5;4;5;1510798513;5;255;1510798529;1
32;16;10;5;4;5;1510799016;5;255;1510799032;1
32;16;10;5;4;5;1510799474;5;255;1510799490;1
32;16;10;5;4;5;1510799747;5;255;1510799763;1
32;16;10;5;4;5;1510799825;5;255;1510799841;1
32;16;10;5;4;5;1510800025;5;255;1510800041;1
32;16;10;5;4;5;1510800681;5;255;1510800697;1
32;16;10;5;4;5;1510801027;5;255;1510801043;1
32;16;10;5;4;5;1510801031;5;255;1510801047;1
32;16;10;5;4;5;1510801188;5;255;1510801204;1
32;16;10;5;4;5;1510801692;5;255;1510801708;1
32;16;10;5;4;5;1510802327;5;255;1510802343;1
32;16;10;5;4;5;1510802330;5;255;1510802346;1
32;16;10;5;4;5;1510802358;5;255;1510802374;1
32;16;10;5;4;5;1510802674;5;255;1510802690;1
32;16;10;5;4;5;1510803442;5;255;1510803458;1
32;16;10;5;4;5;1510803566;5;255;1510803582;1
32;16;10;5;4;5;1510803623;5;255;1510803639;1
32;16;10;5;4;5;1510803774;5;255;1510803790;1
32;16;10;5;4;5;1510804733;5;255;1510804749;1
32;16;10;5;4;5;1510804752;5;255;1510804768;1
32;16;10;5;4;5;1510804914;5;255;1510804930;1
32;16;10;5;4;5;1510805049;5;255;1510805065;1
32;16;10;5;4;5;1510805875;5;255;1510805891;1
32;16;10;5;4;5;1510805885;5;255;1510805901;1
32;16;10;5;4;5;1510806075;5;255;1510806091;1
32;16;10;5;4;5;1510806175;5;255;1510806191;1
32;16;10;5;4;5;1510806959;5;255;1510806975;1
32;16;10;5;4;5;1510807024;5;255;1510807040;1
32;16;10;5;4;5;1510807079;5;255;1510807095;1
32;16;10;5;4;5;1510807554;5;255;1510807570;1
32;16;10;5;4;5;1510808071;5;255;1510808087;1
32;16;10;5;4;5;1510808338;5;255;1510808354;1
32;16;10;5;4;5;1510808419;5;255;1510808435;1
32;16;10;5;4;5;1510808734;5;255;1510808750;1
32;16;10;5;4;5;1510809146;5;255;1510809162;1
32;16;10;5;4;5;1510809436;5;255;1510809452;1
32;16;10;5;4;5;1510809742;5;255;1510809758;1
32;16;10;5;4;5;1510809752;5;255;1510809768;1
32;16;10;5;4;5;1510810251;5;255;1510810267;1
32;16;10;5;4;5;1510810775;5;255;1510810791;1
32;16;10;5;4;5;1510810914;5;255;1510810930;1
32;16;10;5;4;5;1510810997;5;255;1510811013;1
32;16;10;5;4;5;1510811536;5;255;1510811552;1
32;16;10;5;4;5;1510812049;5;255;1510812065;1
32;16;10;5;4;5;1510812067;5;255;1510812083;1
32;16;10;5;4;5;1510812119;5;255;1510812135;1
32;16;10;5;4;5;1510812679;5;255;1510812695;1
32;16;10;5;4;5;1510813297;5;255;1510813313;1
32;16;10;5;4;5;1510813315;5;255;1510813331;1
32;16;10;5;4;5;1510813452;5;255;1510813468;1
32;16;10;5;4;5;1510813972;5;255;1510813988;1
32;16;10;5;4;5;1510814349;5;255;1510814365;1
32;16;10;5;4;5;1510814429;5;255;1510814446;1
32;16;10;5;4;5;1510814606;5;255;1510814622;1
32;16;10;5;4;5;1510815310;5;255;1510815326;1
32;16;10;5;4;5;1510815607;5;255;1510815623;1
32;16;10;5;4;5;1510815829;5;255;1510815845;1
32;16;10;5;4;5;1510815848;5;255;1510815864;1
32;16;10;5;4;5;1510816619;5;255;1510816635;1
32;16;10;5;4;5;1510816830;5;255;1510816846;1
32;16;10;5;4;5;1510817039;5;255;1510817055;1
32;16;10;5;4;5;1510817041;5;255;1510817057;1
32;16;10;5;4;5;1510817671;5;255;1510817687;1
32;16;10;5;4;5;1510817943;5;255;1510817959;1
32;16;10;5;4;5;1510818229;5;255;1510818245;1
32;16;10;5;4;5;1510818269;5;255;1510818285;1
32;16;10;5;4;5;1510818908;5;255;1510818924;1
32;16;10;5;4;5;1510819219;5;255;1510819235;1
32;16;10;5;4;5;1510819326;5;255;1510819342;1
32;16;10;5;4;5;1510819392;5;255;1510819408;1
32;16;10;5;4;5;1510820319;5;255;1510820335;1
32;16;10;5;4;5;1510820451;5;255;1510820467;1
32;16;10;5;4;5;1510820501;5;255;1510820518;1
32;16;10;5;4;5;1510820546;5;255;1510820562;1
32;16;10;5;4;5;1510821599;5;255;1510821615;1
32;16;10;5;4;5;1510821637;5;255;1510821653;1
32;16;10;5;4;5;1510821712;5;255;1510821728;1
32;16;10;5;4;5;1510821739;5;255;1510821755;1
32;16;10;5;4;5;1510822668;5;255;1510822684;1
32;16;10;5;4;5;1510822713;5;255;1510822729;1
32;16;10;5;4;5;1510822742;5;255;1510822758;1
32;16;10;5;4;5;1510822960;5;255;1510822976;1
32;16;10;5;4;5;1510823853;5;255;1510823869;1
32;16;10;5;4;5;1510823950;5;255;1510823966;1
32;16;10;5;4;5;1510824050;5;255;1510824066;1
32;16;10;5;4;5;1510824183;5;255;1510824199;1
32;16;10;5;4;5;1510825113;5;255;1510825129;1
32;16;10;5;4;5;1510825180;5;255;1510825196;1
32;16;10;5;4;5;1510825272;5;255;1510825288;1
32;16;10;5;4;5;1510825321;5;255;1510825337;1
32;16;10;5;4;5;1510826248;5;255;1510826264;1
32;16;10;5;4;5;1510826340;5;255;1510826356;1
32;16;10;5;4;5;1510826384;5;255;1510826400;1
32;16;10;5;4;5;1510826447;5;255;1510826464;1
32;16;10;5;4;5;1510827334;5;255;1510827351;1
32;16;10;5;4;5;1510827450;5;255;1510827468;1
32;16;10;5;4;5;1510827530;5;255;1510827547;1
32;16;10;5;4;5;1510827784;5;255;1510827801;1
32;16;10;5;4;5;1510828694;5;255;1510828710;1
32;16;10;5;4;5;1510828733;5;255;1510828749;1
32;16;10;5;4;5;1510828772;5;255;1510828788;1
32;16;10;5;4;5;1510828982;5;255;1510828999;1
32;16;10;5;4;5;1510829909;5;255;1510829925;1
32;16;10;5;4;5;1510829921;5;255;1510829938;1
32;16;10;5;4;5;1510829972;5;255;1510829989;1
32;16;10;5;4;5;1510830151;5;255;1510830169;1
32;16;10;5;4;5;1510830980;5;255;1510830996;1
32;16;10;5;4;5;1510831194;5;255;1510831210;1
32;16;10;5;4;5;1510831208;5;255;1510831224;1
32;16;10;5;4;5;1510831275;5;255;1510831291;1
32;16;10;5;4;5;1510832243;5;255;1510832260;1
32;16;10;5;4;5;1510832328;5;255;1510832346;1
32;16;10;5;4;5;1510832520;5;255;1510832537;1
32;16;10;5;4;5;1510832547;5;255;1510832564;1
32;16;10;5;4;5;1510833457;5;255;1510833475;1
32;16;10;5;4;5;1510833607;5;255;1510833624;1
32;16;10;5;4;5;1510833614;5;255;1510833631;1
32;16;10;5;4;5;1510833834;5;255;1510833851;1
32;16;10;5;4;5;1510834586;5;255;1510834603;1
32;16;10;5;4;5;1510834604;5;255;1510834620;1
32;16;10;5;4;5;1510834929;5;255;1510834946;1
32;16;10;5;4;5;1510835072;5;255;1510835088;1
32;16;10;5;4;5;1510835770;5;255;1510835786;1
32;16;10;5;4;5;1510835906;5;255;1510835922;1
32;16;10;5;4;5;1510836008;5;255;1510836024;1
32;16;10;5;4;5;1510836196;5;255;1510836213;1
32;16;10;5;4;5;1510837039;5;255;1510837056;1
32;16;10;5;4;5;1510837321;5;255;1510837337;1
32;16;10;5;4;5;1510837351;5;255;1510837367;1
32;16;10;5;4;5;1510837362;5;255;1510837378;1
32;16;10;5;4;5;1510838327;5;255;1510838345;1
32;16;10;5;4;5;1510838527;5;255;1510838544;1
32;16;10;5;4;5;1510838564;5;255;1510838581;1
32;16;10;5;4;5;1510838599;5;255;1510838615;1
32;16;10;5;4;5;1510839479;5;255;1510839495;1
32;16;10;5;4;5;1510839586;5;255;1510839602;1
32;16;10;5;4;5;1510839692;5;255;1510839708;1
32;16;10;5;4;5;1510839918;5;255;1510839936;1
32;16;10;5;4;5;1510840603;5;255;1510840619;1
32;16;10;5;4;5;1510840834;5;255;1510840850;1
32;16;10;5;4;5;1510840947;5;255;1510840963;1
32;16;10;5;4;5;1510841054;5;255;1510841070;1
32;16;10;5;4;5;1510841823;5;255;1510841839;1
32;16;10;5;4;5;1510841974;5;255;1510841990;1
32;16;10;5;4;5;1510842119;5;255;1510842135;1
32;16;10;5;4;5;1510842321;5;255;1510842337;1
32;16;10;5;4;5;1510842970;5;255;1510842986;1
32;16;10;5;4;5;1510843008;5;255;1510843024;1
32;16;10;5;4;5;1510843318;5;255;1510843334;1
32;16;10;5;4;5;1510843384;5;255;1510843400;1
32;16;10;5;4;5;1510844125;5;255;1510844141;1
32;16;10;5;4;5;1510844236;5;255;1510844252;1
32;16;10;5;4;5;1510844456;5;255;1510844472;1
32;16;10;5;4;5;1510844572;5;255;1510844588;1
32;16;10;5;4;5;1510845156;5;255;1510845172;1
32;16;10;5;4;5;1510845489;5;255;1510845505;1
32;16;10;5;4;5;1510845541;5;255;1510845557;1
32;16;10;5;4;5;1510845723;5;255;1510845739;1
32;16;10;5;4;5;1510846222;5;255;1510846238;1
32;16;10;5;4;5;1510846755;5;255;1510846771;1
32;16;10;5;4;5;1510846792;5;255;1510846809;1
32;16;10;5;4;5;1510846885;5;255;1510846901;1
32;16;10;5;4;5;1510847265;5;255;1510847282;1
32;16;10;5;4;5;1510848039;5;255;1510848055;1
32;16;10;5;4;5;1510848118;5;255;1510848135;1
32;16;10;5;4;5;1510848140;5;255;1510848156;1
32;16;10;5;4;5;1510848383;5;255;1510848400;1
32;16;10;5;4;5;1510849321;5;255;1510849338;1
32;16;10;5;4;5;1510849464;5;255;1510849481;1
32;16;10;5;4;5;1510849477;5;255;1510849494;1
32;16;10;5;4;5;1510849613;5;255;1510849630;1
32;16;10;5;4;5;1510850581;5;255;1510850599;1
32;16;10;5;4;5;1510850756;5;255;1510850774;1
32;16;10;5;4;5;1510850772;5;255;1510850788;1
32;16;10;5;4;5;1510850891;5;255;1510850908;1
32;16;10;5;4;5;1510851691;5;255;1510851707;1
32;16;10;5;4;5;1510851928;5;255;1510851944;1
32;16;10;5;4;5;1510851981;5;255;1510851997;1
32;16;10;5;4;5;1510851987;5;255;1510852003;1
32;16;10;5;4;5;1510852933;5;255;1510852950;1
32;16;10;5;4;5;1510853061;5;255;1510853076;1
32;16;10;5;4;5;1510853181;5;255;1510853197;1
32;16;10;5;4;5;1510853244;5;255;1510853260;1
32;16;10;5;4;5;1510854166;5;255;1510854182;1
32;16;10;5;4;5;1510854205;5;255;1510854220;1
32;16;10;5;4;5;1510854294;5;255;1510854310;1
32;16;10;5;4;5;1510854304;5;255;1510854320;1
32;16;10;5;4;5;1510855201;5;255;1510855217;1
32;16;10;5;4;5;1510855268;5;255;1510855284;1
32;16;10;5;4;5;1510855320;5;255;1510855336;1
32;16;10;5;4;5;1510855363;5;255;1510855379;1
32;16;10;5;4;5;1510856271;5;255;1510856287;1
32;16;10;5;4;5;1510856322;5;255;1510856338;1
32;16;10;5;4;5;1510856495;5;255;1510856511;1
32;16;10;5;4;5;1510856603;5;255;1510856619;1
32;16;10;5;4;5;1510857456;5;255;1510857471;1
32;16;10;5;4;5;1510857591;5;255;1510857607;1
32;16;10;5;4;5;1510857702;5;255;1510857717;1
32;16;10;5;4;5;1510857954;5;255;1510857970;1
32;16;10;5;4;5;1510858531;5;255;1510858547;1
32;16;10;5;4;5;1510858629;5;255;1510858645;1
32;16;10;5;4;5;1510858717;5;255;1510858732;1
32;16;10;5;4;5;1510858955;5;255;1510858971;1
32;16;10;5;4;5;1510859746;5;255;1510859762;1
32;16;10;5;4;5;1510859759;5;255;1510859775;1
32;16;10;5;4;5;1510859838;5;255;1510859854;1
32;16;10;5;4;5;1510860169;5;255;1510860185;1
32;16;10;5;4;5;1510860740;5;255;1510860756;1
32;16;10;5;4;5;1510860912;5;255;1510860928;1
32;16;10;5;4;5;1510860954;5;255;1510860970;1
32;16;10;5;4;5;1510861517;5;255;1510861533;1
32;16;10;5;4;5;1510861771;5;255;1510861787;1
32;16;10;5;4;5;1510862063;5;255;1510862079;1
32;16;10;5;4;5;1510862070;5;255;1510862086;1
32;16;10;5;4;5;1510862801;5;255;1510862817;1
32;16;10;5;4;5;1510863048;5;255;1510863064;1
32;16;10;5;4;5;1510863089;5;255;1510863105;1
32;16;10;5;4;5;1510863317;5;255;1510863333;1
32;16;10;5;4;5;1510863831;5;255;1510863847;1
32;16;10;5;4;5;1510864255;5;255;1510864271;1
32;16;10;5;4;5;1510864272;5;255;1510864287;1
32;16;10;5;4;5;1510864458;5;255;1510864474;1
32;16;10;5;4;5;1510865013;5;255;1510865029;1
32;16;10;5;4;5;1510865249;5;255;1510865265;1
32;16;10;5;4;5;1510865303;5;255;1510865319;1
32;16;10;5;4;5;1510865535;5;255;1510865551;1
32;16;10;5;4;5;1510866151;5;255;1510866167;1
32;16;10;5;4;5;1510866239;5;255;1510866254;1
32;16;10;5;4;5;1510866569;5;255;1510866585;1
32;16;10;5;4;5;1510866630;5;255;1510866646;1
32;16;10;5;4;5;1510867371;5;255;1510867387;1
32;16;10;5;4;5;1510867434;5;255;1510867449;1
32;16;10;5;4;5;1510867847;5;255;1510867863;1
32;16;10;5;4;5;1510867982;5;255;1510867998;1
32;16;10;5;4;5;1510868563;5;255;1510868579;1
32;16;10;5;4;5;1510868567;5;255;1510868583;1
32;16;10;5;4;5;1510869039;5;255;1510869055;1
32;16;10;5;4;5;1510869058;5;255;1510869074;1
32;16;10;5;4;5;1510869703;5;255;1510869719;1
32;16;10;5;4;5;1510869786;5;255;1510869801;1
32;16;10;5;4;5;1510870090;5;255;1510870106;1
32;16;10;5;4;5;1510870323;5;255;1510870339;1
32;16;10;5;4;5;1510870852;5;255;1510870868;1
32;16;10;5;4;5;1510870897;5;255;1510870913;1
32;16;10;5;4;5;1510871322;5;255;1510871338;1
32;16;10;5;4;5;1510871464;5;255;1510871480;1
32;16;10;5;4;5;1510872007;5;255;1510872023;1
32;16;10;5;4;5;1510872082;5;255;1510872098;1
32;16;10;5;4;5;1510872599;5;255;1510872615;1
32;16;10;5;4;5;1510872645;5;255;1510872661;1
32;16;10;5;4;5;1510873096;5;255;1510873112;1
32;16;10;5;4;5;1510873432;5;255;1510873448;1
32;16;10;5;4;5;1510873679;5;255;1510873695;1
32;16;10;5;4;5;1510873933;5;255;1510873949;1
32;16;10;5;4;5;1510874216;5;255;1510874232;1
32;16;10;5;4;5;1510874549;5;255;1510874565;1
32;16;10;5;4;5;1510874798;5;255;1510874814;1
32;16;10;5;4;5;1510875014;5;255;1510875029;1
32;16;10;5;4;5;1510875530;5;255;1510875546;1
32;16;10;5;4;5;1510875858;5;255;1510875874;1
32;16;10;5;4;5;1510875869;5;255;1510875885;1
32;16;10;5;4;5;1510876199;5;255;1510876215;1
32;16;10;5;4;5;1510876558;5;255;1510876574;1
32;16;10;5;4;5;1510877077;5;255;1510877093;1
32;16;10;5;4;5;1510877102;5;255;1510877118;1
32;16;10;5;4;5;1510877437;5;255;1510877453;1
32;16;10;5;4;5;1510877753;5;255;1510877769;1
32;16;10;5;4;5;1510878179;5;255;1510878195;1
32;16;10;5;4;5;1510878376;5;255;1510878392;1
32;16;10;5;4;5;1510878444;5;255;1510878460;1
32;16;10;5;4;5;1510879017;5;255;1510879033;1
32;16;10;5;4;5;1510879274;5;255;1510879290;1
32;16;10;5;4;5;1510879608;5;255;1510879624;1
32;16;10;5;4;5;1510879790;5;255;1510879806;1
32;16;10;5;4;5;1510880081;5;255;1510880097;1
32;16;10;5;4;5;1510880495;5;255;1510880511;1
32;16;10;5;4;5;1510880861;5;255;1510880877;1
32;16;10;5;4;5;1510880926;5;255;1510880942;1
32;16;10;5;4;5;1510881154;5;255;1510881170;1
32;16;10;5;4;5;1510881533;5;255;1510881549;1
32;16;10;5;4;5;1510881943;5;255;1510881959;1
32;16;10;5;4;5;1510881973;5;255;1510881989;1
32;16;10;5;4;5;1510882470;5;255;1510882486;1
32;16;10;5;4;5;1510882658;5;255;1510882674;1
32;16;10;5;4;5;1510883073;5;255;1510883089;1
32;16;10;5;4;5;1510883204;5;255;1510883220;1
32;16;10;5;4;5;1510883851;5;255;1510883867;1
32;16;10;5;4;5;1510883881;5;255;1510883897;1
32;16;10;5;4;5;1510884353;5;255;1510884368;1
32;16;10;5;4;5;1510884372;5;255;1510884388;1
32;16;10;5;4;5;1510884824;5;255;1510884840;1
32;16;10;5;4;5;1510885135;5;255;1510885151;1
32;16;10;5;4;5;1510885536;5;255;1510885552;1
32;16;10;5;4;5;1510885663;5;255;1510885679;1
32;16;10;5;4;5;1510885890;5;255;1510885906;1
32;16;10;5;4;5;1510886211;5;255;1510886226;1
32;16;10;5;4;5;1510886763;5;255;1510886779;1
32;16;10;5;4;5;1510886885;5;255;1510886901;1
32;16;10;5;4;5;1510886957;5;255;1510886973;1
32;16;10;5;4;5;1510887237;5;255;1510887253;1
32;16;10;5;4;5;1510887846;5;255;1510887862;1
32;16;10;5;4;5;1510887924;5;255;1510887940;1
32;16;10;5;4;5;1510888161;5;255;1510888177;1
32;16;10;5;4;5;1510888466;5;255;1510888482;1
32;16;10;5;4;5;1510889007;5;255;1510889022;1
32;16;10;5;4;5;1510889029;5;255;1510889045;1
32;16;10;5;4;5;1510889368;5;255;1510889384;1
32;16;10;5;4;5;1510889681;5;255;1510889697;1
32;16;10;5;4;5;1510890090;5;255;1510890106;1
32;16;10;5;4;5;1510890277;5;255;1510890293;1
32;16;10;5;4;5;1510890462;5;255;1510890478;1
32;16;10;5;4;5;1510890879;5;255;1510890895;1
32;16;10;5;4;5;1510891401;5;255;1510891417;1
32;16;10;5;4;5;1510891425;5;255;1510891441;1
32;16;10;5;4;5;1510891426;5;255;1510891441;1
32;16;10;5;4;5;1510892108;5;255;1510892124;1
32;16;10;5;4;5;1510892440;5;255;1510892456;1
32;16;10;5;4;5;1510892497;5;255;1510892512;1
32;16;10;5;4;5;1510892545;5;255;1510892561;1
32;16;10;5;4;5;1510893317;5;255;1510893333;1
32;16;10;5;4;5;1510893599;5;255;1510893615;1
32;16;10;5;4;5;1510893879;5;255;1510893895;1
32;16;10;5;4;5;1510893902;5;255;1510893918;1
32;16;10;5;4;5;1510894539;5;255;1510894555;1
32;16;10;5;4;5;1510894586;5;255;1510894602;1
32;16;10;5;4;5;1510895067;5;255;1510895083;1
32;16;10;5;4;5;1510895096;5;255;1510895112;1
32;16;10;5;4;5;1510895661;5;255;1510895677;1
32;16;10;5;4;5;1510895669;5;255;1510895685;1
32;16;10;5;4;5;1510896050;5;255;1510896066;1
32;16;10;5;4;5;1510896296;5;255;1510896312;1
32;16;10;5;4;5;1510896647;5;255;1510896662;1
32;16;10;5;4;5;1510896743;5;255;1510896759;1
32;16;10;5;4;5;1510897187;5;255;1510897203;1
32;16;10;5;4;5;1510897370;5;255;1510897386;1
32;16;10;5;4;5;1510897639;5;255;1510897655;1
32;16;10;5;4;5;1510897760;5;255;1510897776;1
32;16;10;5;4;5;1510898435;5;255;1510898451;1
32;16;10;5;4;5;1510898716;5;255;1510898732;1
32;16;10;5;4;5;1510898743;5;255;1510898759;1
32;16;10;5;4;5;1510898858;5;255;1510898873;1
32;16;10;5;4;5;1510899516;5;255;1510899532;1
32;16;10;5;4;5;1510899960;5;255;1510899976;1
32;16;10;5;4;5;1510899966;5;255;1510899982;1
32;16;10;5;4;5;1510899970;5;255;1510899986;1
32;16;10;5;4;5;1510900696;5;255;1510900712;1
32;16;10;5;4;5;1510901112;5;255;1510901128;1
32;16;10;5;4;5;1510901139;5;255;1510901154;1
32;16;10;5;4;5;1510901160;5;255;1510901176;1
32;16;10;5;4;5;1510901999;5;255;1510902015;1
32;16;10;5;4;5;1510902227;5;255;1510902242;1
32;16;10;5;4;5;1510902323;5;255;1510902339;1
32;16;10;5;4;5;1510902384;5;255;1510902400;1
32;16;10;5;4;5;1510903315;5;255;1510903331;1
32;16;10;5;4;5;1510903365;5;255;1510903381;1
32;16;10;5;4;5;1510903496;5;255;1510903512;1
32;16;10;5;4;5;1510903649;5;255;1510903665;1
32;16;10;5;4;5;1510904366;5;255;1510904382;1
32;16;10;5;4;5;1510904547;5;255;1510904563;1
32;16;10;5;4;5;1510904628;5;255;1510904644;1
32;16;10;5;4;5;1510904939;5;255;1510904955;1
32;16;10;5;4;5;1510905472;5;255;1510905488;1
32;16;10;5;4;5;1510905765;5;255;1510905781;1
32;16;10;5;4;5;1510905823;5;255;1510905839;1
32;16;10;5;4;5;1510905960;5;255;1510905976;1
32;16;10;5;4;5;1510906686;5;255;1510906702;1
32;16;10;5;4;5;1510906920;5;255;1510906936;1
32;16;10;5;4;5;1510907041;5;255;1510907057;1
32;16;10;5;4;5;1510907315;5;255;1510907330;1
32;16;10;5;4;5;1510907778;5;255;1510907794;1
32;16;10;5;4;5;1510908040;5;255;1510908056;1
32;16;10;5;4;5;1510908273;5;255;1510908289;1
32;16;10;5;4;5;1510908474;5;255;1510908490;1
32;16;10;5;4;5;1510909049;5;255;1510909065;1
32;16;10;5;4;5;1510909214;5;255;1510909230;1
32;16;10;5;4;5;1510909322;5;255;1510909338;1
32;16;10;5;4;5;1510909671;5;255;1510909686;1
32;16;10;5;4;5;1510910191;5;255;1510910207;1
32;16;10;5;4;5;1510910240;5;255;1510910256;1
32;16;10;5;4;5;1510910547;5;255;1510910563;1
32;16;10;5;4;5;1510910858;5;255;1510910874;1
32;16;10;5;4;5;1510911408;5;255;1510911424;1
32;16;10;5;4;5;1510911635;5;255;1510911651;1
32;16;10;5;4;5;1510911869;5;255;1510911885;1
32;16;10;5;4;5;1510912068;5;255;1510912084;1
32;16;10;5;4;5;1510912541;5;255;1510912557;1
32;16;10;5;4;5;1510912646;5;255;1510912662;1
32;16;10;5;4;5;1510913255;5;255;1510913271;1
32;16;10;5;4;5;1510913291;5;255;1510913307;1
32;16;10;5;4;5;1510913665;5;255;1510913681;1
32;16;10;5;4;5;1510913702;5;255;1510913717;1
32;16;10;5;4;5;1510914426;5;255;1510914442;1
32;16;10;5;4;5;1510914523;5;255;1510914539;1
32;16;10;5;4;5;1510914891;5;255;1510914907;1
32;16;10;5;4;5;1510914892;5;255;1510914908;1
32;16;10;5;4;5;1510915462;5;255;1510915478;1
32;16;10;5;4;5;1510915491;5;255;1510915507;1
32;16;10;5;4;5;1510915881;5;255;1510915897;1
32;16;10;5;4;5;1510916091;5;255;1510916107;1
32;16;10;5;4;5;1510916676;5;255;1510916692;1
32;16;10;5;4;5;1510916709;5;255;1510916725;1
32;16;10;5;4;5;1510917136;5;255;1510917152;1
32;16;10;5;4;5;1510917143;5;255;1510917159;1
32;16;10;5;4;5;1510917753;5;255;1510917768;1
32;16;10;5;4;5;1510917987;5;255;1510918003;1
32;16;10;5;4;5;1510918362;5;255;1510918379;1
32;16;10;5;4;5;1510918374;5;255;1510918390;1
32;16;10;5;4;5;1510919088;5;255;1510919104;1
32;16;10;5;4;5;1510919239;5;255;1510919255;1
32;16;10;5;4;5;1510919585;5;255;1510919601;1
32;16;10;5;4;5;1510919639;5;255;1510919655;1
32;16;10;5;4;5;1510920241;5;255;1510920257;1
32;16;10;5;4;5;1510920344;5;255;1510920360;1
32;16;10;5;4;5;1510920799;5;255;1510920815;1
32;16;10;5;4;5;1510920937;5;255;1510920953;1
32;16;10;5;4;5;1510921277;5;255;1510921293;1
32;16;10;5;4;5;1510921414;5;255;1510921430;1
32;16;10;5;4;5;1510922019;5;255;1510922035;1
32;16;10;5;4;5;1510922268;5;255;1510922284;1
32;16;10;5;4;5;1510922351;5;255;1510922367;1
32;16;10;5;4;5;1510922356;5;255;1510922372;1
32;16;10;5;4;5;1510923245;5;255;1510923261;1
32;16;10;5;4;5;1510923365;5;255;1510923381;1
32;16;10;5;4;5;1510923558;5;255;1510923574;1
32;16;10;5;4;5;1510923742;5;255;1510923758;1
32;16;10;5;4;5;1510924481;5;255;1510924497;1
32;16;10;5;4;5;1510924535;5;255;1510924551;1
32;16;10;5;4;5;1510924673;5;255;1510924689;1
32;16;10;5;4;5;1510924948;5;255;1510924964;1
32;16;10;5;4;5;1510925551;5;255;1510925567;1
32;16;10;5;4;5;1510925559;5;255;1510925575;1
32;16;10;5;4;5;1510925626;5;255;1510925642;1
32;16;10;5;4;5;1510926037;5;255;1510926053;1
32;16;10;5;4;5;1510926554;5;255;1510926570;1
32;16;10;5;4;5;1510926705;5;255;1510926721;1
32;16;10;5;4;5;1510926764;5;255;1510926780;1
32;16;10;5;4;5;1510927066;5;255;1510927082;1
32;16;10;5;4;5;1510927655;5;255;1510927671;1
32;16;10;5;4;5;1510927804;5;255;1510927820;1
32;16;10;5;4;5;1510927877;5;255;1510927893;1
32;16;10;5;4;5;1510928418;5;255;1510928434;1
32;16;10;5;4;5;1510928787;5;255;1510928803;1
32;16;10;5;4;5;1510928819;5;255;1510928835;1
32;16;10;5;4;5;1510928853;5;255;1510928869;1
32;16;10;5;4;5;1510929684;5;255;1510929700;1
32;16;10;5;4;5;1510929867;5;255;1510929883;1
32;16;10;5;4;5;1510929882;5;255;1510929898;1
32;16;10;5;4;5;1510929952;5;255;1510929968;1
32;16;10;5;4;5;1510930898;5;255;1510930915;1
32;16;10;5;4;5;1510930995;5;255;1510931011;1
32;16;10;5;4;5;1510931154;5;255;1510931170;1
32;16;10;5;4;5;1510931165;5;255;1510931180;1
32;16;10;5;4;5;1510931868;5;255;1510931884;1
32;16;10;5;4;5;1510932198;5;255;1510932214;1
32;16;10;5;4;5;1510932241;5;255;1510932257;1
32;16;10;5;4;5;1510932310;5;255;1510932326;1
32;16;10;5;4;5;1510933076;5;255;1510933092;1
32;16;10;5;4;5;1510933229;5;255;1510933245;1
32;16;10;5;4;5;1510933456;5;255;1510933472;1
32;16;10;5;4;5;1510933577;5;255;1510933593;1
32;16;10;5;4;5;1510934259;5;255;1510934275;1
32;16;10;5;4;5;1510934357;5;255;1510934373;1
32;16;10;5;4;5;1510934544;5;255;1510934560;1
32;16;10;5;4;5;1510934825;5;255;1510934841;1
32;16;10;5;4;5;1510935397;5;255;1510935413;1
32;16;10;5;4;5;1510935583;5;255;1510935599;1
32;16;10;5;4;5;1510935711;5;255;1510935727;1
32;16;10;5;4;5;1510936063;5;255;1510936079;1
32;16;10;5;4;5;1510936529;5;255;1510936545;1
32;16;10;5;4;5;1510936626;5;255;1510936642;1
32;16;10;5;4;5;1510936679;5;255;1510936695;1
32;16;10;5;4;5;1510937330;5;255;1510937346;1
32;16;10;5;4;5;1510937737;5;255;1510937752;1
32;16;10;5;4;5;1510937754;5;255;1510937770;1
32;16;10;5;4;5;1510937775;5;255;1510937791;1
32;16;10;5;4;5;1510938417;5;255;1510938433;1
32;16;10;5;4;5;1510938821;5;255;1510938837;1
32;16;10;5;4;5;1510938973;5;255;1510938989;1
32;16;10;5;4;5;1510939003;5;255;1510939019;1
32;16;10;5;4;5;1510939680;5;255;1510939696;1
32;16;10;5;4;5;1510940038;5;255;1510940054;1
32;16;10;5;4;5;1510940056;5;255;1510940072;1
32;16;10;5;4;5;1510940112;5;255;1510940128;1
32;16;10;5;4;5;1510940773;5;255;1510940788;1
32;16;10;5;4;5;1510941237;5;255;1510941253;1
32;16;10;5;4;5;1510941326;5;255;1510941342;1
32;16;10;5;4;5;1510941425;5;255;1510941440;1
32;16;10;5;4;5;1510941819;5;255;1510941835;1
32;16;10;5;4;5;1510942423;5;255;1510942439;1
32;16;10;5;4;5;1510942486;5;255;1510942502;1
32;16;10;5;4;5;1510942560;5;255;1510942576;1
32;16;10;5;4;5;1510943151;5;255;1510943167;1
32;16;10;5;4;5;1510943423;5;255;1510943439;1
32;16;10;5;4;5;1510943503;5;255;1510943519;1
32;16;10;5;4;5;1510943623;5;255;1510943639;1
32;16;10;5;4;5;1510944267;5;255;1510944282;1
32;16;10;5;4;5;1510944439;5;255;1510944455;1
32;16;10;5;4;5;1510944719;5;255;1510944735;1
32;16;10;5;4;5;1510944856;5;255;1510944872;1
32;16;10;5;4;5;1510945521;5;255;1510945537;1
32;16;10;5;4;5;1510945562;5;255;1510945578;1
32;16;10;5;4;5;1510945830;5;255;1510945846;1
32;16;10;5;4;5;1510946064;5;255;1510946080;1
32;16;10;5;4;5;1510946790;5;255;1510946806;1
32;16;10;5;4;5;1510946816;5;255;1510946832;1
32;16;10;5;4;5;1510947018;5;255;1510947034;1
32;16;10;5;4;5;1510947334;5;255;1510947350;1
32;16;10;5;4;5;1510947819;5;255;1510947835;1
32;16;10;5;4;5;1510947943;5;255;1510947958;1
32;16;10;5;4;5;1510948161;5;255;1510948177;1
32;16;10;5;4;5;1510948671;5;255;1510948687;1
32;16;10;5;4;5;1510948882;5;255;1510948898;1
32;16;10;5;4;5;1510949044;5;255;1510949059;1
32;16;10;5;4;5;1510949236;5;255;1510949252;1
32;16;10;5;4;5;1510949768;5;255;1510949784;1
32;16;10;5;4;5;1510950132;5;255;1510950148;1
32;16;10;5;4;5;1510950167;5;255;1510950183;1
32;16;10;5;4;5;1510950369;5;255;1510950385;1
32;16;10;5;4;5;1510950885;5;255;1510950901;1
32;16;10;5;4;5;1510951209;5;255;1510951225;1
32;16;10;5;4;5;1510951440;5;255;1510951456;1
32;16;10;5;4;5;1510951589;5;255;1510951604;1
32;16;10;5;4;5;1510952231;5;255;1510952247;1
32;16;10;5;4;5;1510952232;5;255;1510952248;1
32;16;10;5;4;5;1510952401;5;255;1510952416;1
32;16;10;5;4;5;1510952851;5;255;1510952867;1
32;16;10;5;4;5;1510953339;5;255;1510953355;1
32;16;10;5;4;5;1510953415;5;255;1510953431;1
32;16;10;5;4;5;1510953503;5;255;1510953519;1
32;16;10;5;4;5;1510953961;5;255;1510953976;1
32;16;10;5;4;5;1510954325;5;255;1510954341;1
32;16;10;5;4;5;1510954584;5;255;1510954599;1
32;16;10;5;4;5;1510954641;5;255;1510954656;1
32;16;10;5;4;5;1510955001;5;255;1510955017;1
32;16;10;5;4;5;1510955556;5;255;1510955572;1
32;16;10;5;4;5;1510955589;5;255;1510955605;1
32;16;10;5;4;5;1510955807;5;255;1510955823;1
32;16;10;5;4;5;1510956043;5;255;1510956059;1
32;16;10;5;4;5;1510956578;5;255;1510956594;1
32;16;10;5;4;5;1510956677;5;255;1510956693;1
32;16;10;5;4;5;1510956923;5;255;1510956939;1
32;16;10;5;4;5;1510957305;5;255;1510957321;1
32;16;10;5;4;5;1510957797;5;255;1510957813;1
32;16;10;5;4;5;1510957946;5;255;1510957962;1
32;16;10;5;4;5;1510958052;5;255;1510958068;1
32;16;10;5;4;5;1510958526;5;255;1510958542;1
32;16;10;5;4;5;1510958834;5;255;1510958850;1
32;16;10;5;4;5;1510958993;5;255;1510959008;1
32;16;10;5;4;5;1510959070;5;255;1510959086;1
32;16;10;5;4;5;1510959847;5;255;1510959863;1
32;16;10;5;4;5;1510960090;5;255;1510960106;1
32;16;10;5;4;5;1510960255;5;255;1510960271;1
32;16;10;5;4;5;1510960347;5;255;1510960363;1
32;16;10;5;4;5;1510960905;5;255;1510960921;1
32;16;10;5;4;5;1510961197;5;255;1510961213;1
32;16;10;5;4;5;1510961296;5;255;1510961312;1
32;16;10;5;4;5;1510961532;5;255;1510961548;1
32;16;10;5;4;5;1510962147;5;255;1510962163;1
32;16;10;5;4;5;1510962412;5;255;1510962428;1
32;16;10;5;4;5;1510962530;5;255;1510962546;1
32;16;10;5;4;5;1510962538;5;255;1510962554;1
32;16;10;5;4;5;1510963165;5;255;1510963181;1
32;16;10;5;4;5;1510963386;5;255;1510963402;1
32;16;10;5;4;5;1510963845;5;255;1510963861;1
32;16;10;5;4;5;1510963862;5;255;1510963878;1
32;16;10;5;4;5;1510964426;5;255;1510964442;1
32;16;10;5;4;5;1510964658;5;255;1510964673;1
32;16;10;5;4;5;1510964886;5;255;1510964902;1
32;16;10;5;4;5;1510965170;5;255;1510965186;1
32;16;10;5;4;5;1510965517;5;255;1510965533;1
32;16;10;5;4;5;1510965879;5;255;1510965895;1
32;16;10;5;4;5;1510966067;5;255;1510966083;1
32;16;10;5;4;5;1510966331;5;255;1510966347;1
32;16;10;5;4;5;1510966527;5;255;1510966543;1
32;16;10;5;4;5;1510967092;5;255;1510967108;1
32;16;10;5;4;5;1510967234;5;255;1510967250;1
32;16;10;5;4;5;1510967467;5;255;1510967483;1
32;16;10;5;4;5;1510967657;5;255;1510967673;1
32;16;10;5;4;5;1510968372;5;255;1510968388;1
32;16;10;5;4;5;1510968382;5;255;1510968398;1
32;16;10;5;4;5;1510968671;5;255;1510968687;1
32;16;10;5;4;5;1510969046;5;255;1510969062;1
32;16;10;5;4;5;1510969530;5;255;1510969545;1
32;16;10;5;4;5;1510969683;5;255;1510969698;1
32;16;10;5;4;5;1510969874;5;255;1510969890;1
32;16;10;5;4;5;1510970258;5;255;1510970274;1
32;16;10;5;4;5;1510970726;5;255;1510970742;1
32;16;10;5;4;5;1510970953;5;255;1510970969;1
32;16;10;5;4;5;1510970979;5;255;1510970995;1
32;16;10;5;4;5;1510971390;5;255;1510971406;1
32;16;10;5;4;5;1510971953;5;255;1510971969;1
32;16;10;5;4;5;1510972138;5;255;1510972154;1
32;16;10;5;4;5;1510972312;5;255;1510972327;1
32;16;10;5;4;5;1510972578;5;255;1510972594;1
32;16;10;5;4;5;1510973201;5;255;1510973218;1
32;16;10;5;4;5;1510973397;5;255;1510973413;1
32;16;10;5;4;5;1510973532;5;255;1510973547;1
32;16;10;5;4;5;1510973623;5;255;1510973639;1
32;16;10;5;4;5;1510974172;5;255;1510974188;1
32;16;10;5;4;5;1510974523;5;255;1510974539;1
32;16;10;5;4;5;1510974700;5;255;1510974716;1
32;16;10;5;4;5;1510974848;5;255;1510974864;1
32;16;10;5;4;5;1510975219;5;255;1510975235;1
32;16;10;5;4;5;1510975711;5;255;1510975727;1
32;16;10;5;4;5;1510975745;5;255;1510975761;1
32;16;10;5;4;5;1510976084;5;255;1510976100;1
32;16;10;5;4;5;1510976395;5;255;1510976411;1
32;16;10;5;4;5;1510976911;5;255;1510976927;1
32;16;10;5;4;5;1510976942;5;255;1510976958;1
32;16;10;5;4;5;1510977244;5;255;1510977260;1
32;16;10;5;4;5;1510977699;5;255;1510977715;1
32;16;10;5;4;5;1510977842;5;255;1510977858;1
32;16;10;5;4;5;1510977995;5;255;1510978011;1
32;16;10;5;4;5;1510978390;5;255;1510978406;1
32;16;10;5;4;5;1510978890;5;255;1510978906;1
32;16;10;5;4;5;1510979020;5;255;1510979036;1
32;16;10;5;4;5;1510979143;5;255;1510979160;1
32;16;10;5;4;5;1510979657;5;255;1510979673;1
32;16;10;5;4;5;1510980165;5;255;1510980181;1
32;16;10;5;4;5;1510980314;5;255;1510980330;1
32;16;10;5;4;5;1510980351;5;255;1510980367;1
32;16;10;5;4;5;1510980755;5;255;1510980771;1
32;16;10;5;4;5;1510981288;5;255;1510981304;1
32;16;10;5;4;5;1510981453;5;255;1510981469;1
32;16;10;5;4;5;1510981525;5;255;1510981541;1
32;16;10;5;4;5;1510981923;5;255;1510981938;1
32;16;10;5;4;5;1510982476;5;255;1510982492;1
32;16;10;5;4;5;1510982482;5;255;1510982498;1
32;16;10;5;4;5;1510982664;5;255;1510982680;1
32;16;10;5;4;5;1510982937;5;255;1510982953;1
32;16;10;5;4;5;1510983502;5;255;1510983518;1
32;16;10;5;4;5;1510983714;5;255;1510983730;1
32;16;10;5;4;5;1510983948;5;255;1510983964;1
32;16;10;5;4;5;1510983972;5;255;1510983987;1
32;16;10;5;4;5;1510984691;5;255;1510984706;1
32;16;10;5;4;5;1510984707;5;255;1510984723;1
32;16;10;5;4;5;1510985121;5;255;1510985137;1
32;16;10;5;4;5;1510985171;5;255;1510985187;1
32;16;10;5;4;5;1510985797;5;255;1510985813;1
32;16;10;5;4;5;1510985949;5;255;1510985965;1
32;16;10;5;4;5;1510986119;5;255;1510986135;1
32;16;10;5;4;5;1510986327;5;255;1510986343;1
32;16;10;5;4;5;1510986866;5;255;1510986882;1
32;16;10;5;4;5;1510987067;5;255;1510987083;1
32;16;10;5;4;5;1510987142;5;255;1510987158;1
32;16;10;5;4;5;1510987585;5;255;1510987601;1
32;16;10;5;4;5;1510988041;5;255;1510988057;1
32;16;10;5;4;5;1510988284;5;255;1510988300;1
32;16;10;5;4;5;1510988403;5;255;1510988419;1
32;16;10;5;4;5;1510988852;5;255;1510988868;1
32;16;10;5;4;5;1510989266;5;255;1510989282;1
32;16;10;5;4;5;1510989457;5;255;1510989473;1
32;16;10;5;4;5;1510989490;5;255;1510989506;1
32;16;10;5;4;5;1510990069;5;255;1510990085;1
32;16;10;5;4;5;1510990454;5;255;1510990470;1
32;16;10;5;4;5;1510990500;5;255;1510990516;1
32;16;10;5;4;5;1510990510;5;255;1510990526;1
32;16;10;5;4;5;1510991202;5;255;1510991218;1
32;16;10;5;4;5;1510991647;5;255;1510991663;1
32;16;10;5;4;5;1510991726;5;255;1510991742;1
32;16;10;5;4;5;1510991905;5;255;1510991921;1
32;16;10;5;4;5;1510992286;5;255;1510992302;1
32;16;10;5;4;5;1510992663;5;255;1510992679;1
32;16;10;5;4;5;1510992923;5;255;1510992939;1
32;16;10;5;4;5;1510992968;5;255;1510992984;1
32;16;10;5;4;5;1510993523;5;255;1510993539;1
32;16;10;5;4;5;1510993825;5;255;1510993841;1
32;16;10;5;4;5;1510994123;5;255;1510994139;1
32;16;10;5;4;5;1510994193;5;255;1510994209;1
32;16;10;5;4;5;1510994804;5;255;1510994820;1
32;16;10;5;4;5;1510995191;5;255;1510995206;1
32;16;10;5;4;5;1510995295;5;255;1510995311;1
32;16;10;5;4;5;1510995336;5;255;1510995352;1
32;16;10;5;4;5;1510995902;5;255;1510995918;1
32;16;10;5;4;5;1510996343;5;255;1510996359;1
32;16;10;5;4;5;1510996519;5;255;1510996536;1
32;16;10;5;4;5;1510996616;5;255;1510996632;1
32;16;10;5;4;5;1510997008;5;255;1510997024;1
32;16;10;5;4;5;1510997478;5;255;1510997493;1
32;16;10;5;4;5;1510997576;5;255;1510997592;1
32;16;10;5;4;5;1510997802;5;255;1510997817;1
32;16;10;5;4;5;1510998278;5;255;1510998293;1
32;16;10;5;4;5;1510998594;5;255;1510998610;1
32;16;10;5;4;5;1510998672;5;255;1510998688;1
32;16;10;5;4;5;1510998915;5;255;1510998931;1
32;16;10;5;4;5;1510999463;5;255;1510999479;1
32;16;10;5;4;5;1510999732;5;255;1510999747;1
32;16;10;5;4;5;1510999775;5;255;1510999791;1
32;16;10;5;4;5;1510999976;5;255;1510999992;1
32;16;10;5;4;5;1511000685;5;255;1511000701;1
32;16;10;5;4;5;1511000951;5;255;1511000967;1
32;16;10;5;4;5;1511001021;5;255;1511001037;1
32;16;10;5;4;5;1511001165;5;255;1511001181;1
32;16;10;5;4;5;1511001858;5;255;1511001873;1
32;16;10;5;4;5;1511002151;5;255;1511002166;1
32;16;10;5;4;5;1511002345;5;255;1511002360;1
32;16;10;5;4;5;1511002469;5;255;1511002486;1
32;16;10;5;4;5;1511002997;5;255;1511003013;1
32;16;10;5;4;5;1511003297;5;255;1511003313;1
32;16;10;5;4;5;1511003637;5;255;1511003653;1
32;16;10;5;4;5;1511003658;5;255;1511003674;1
32;16;10;5;4;5;1511004227;5;255;1511004244;1
32;16;10;5;4;5;1511004346;5;255;1511004362;1
32;16;10;5;4;5;1511004693;5;255;1511004709;1
32;16;10;5;4;5;1511004792;5;255;1511004808;1
32;16;10;5;4;5;1511005496;5;255;1511005512;1
32;16;10;5;4;5;1511005569;5;255;1511005585;1
32;16;10;5;4;5;1511005926;5;255;1511005942;1
32;16;10;5;4;5;1511006048;5;255;1511006064;1
32;16;10;5;4;5;1511006461;5;255;1511006477;1
32;16;10;5;4;5;1511006866;5;255;1511006882;1
32;16;10;5;4;5;1511007041;5;255;1511007058;1
32;16;10;5;4;5;1511007299;5;255;1511007315;1
32;16;10;5;4;5;1511007555;5;255;1511007571;1
32;16;10;5;4;5;1511008130;5;255;1511008145;1
32;16;10;5;4;5;1511008323;5;255;1511008339;1
32;16;10;5;4;5;1511008640;5;255;1511008656;1
32;16;10;5;4;5;1511008682;5;255;1511008698;1
32;16;10;5;4;5;1511009280;5;255;1511009296;1
32;16;10;5;4;5;1511009547;5;255;1511009563;1
32;16;10;5;4;5;1511009752;5;255;1511009768;1
32;16;10;5;4;5;1511009809;5;255;1511009825;1
32;16;10;5;4;5;1511010216;5;255;1511010232;1
32;16;10;5;4;5;1511010593;5;255;1511010609;1
32;16;10;5;4;5;1511010884;5;255;1511010900;1
32;16;10;5;4;5;1511010925;5;255;1511010940;1
32;16;10;5;4;5;1511011336;5;255;1511011352;1
32;16;10;5;4;5;1511011881;5;255;1511011897;1
32;16;10;5;4;5;1511011938;5;255;1511011953;1
32;16;10;5;4;5;1511012063;5;255;1511012079;1
32;16;10;5;4;5;1511012590;5;255;1511012606;1
32;16;10;5;4;5;1511013057;5;255;1511013073;1
32;16;10;5;4;5;1511013069;5;255;1511013085;1
32;16;10;5;4;5;1511013213;5;255;1511013229;1
32;16;10;5;4;5;1511013955;5;255;1511013971;1
32;16;10;5;4;5;1511014060;5;255;1511014075;1
32;16;10;5;4;5;1511014256;5;255;1511014272;1
32;16;10;5;4;5;1511014266;5;255;1511014282;1
32;16;10;5;4;5;1511015052;5;255;1511015068;1
32;16;10;5;4;5;1511015186;5;255;1511015202;1
32;16;10;5;4;5;1511015417;5;255;1511015433;1
32;16;10;5;4;5;1511015454;5;255;1511015470;1
32;16;10;5;4;5;1511016300;5;255;1511016316;1
32;16;10;5;4;5;1511016416;5;255;1511016433;1
32;16;10;5;4;5;1511016431;5;255;1511016447;1
32;16;10;5;4;5;1511016638;5;255;1511016654;1
32;16;10;5;4;5;1511017582;5;255;1511017598;1
32;16;10;5;4;5;1511017584;5;255;1511017600;1
32;16;10;5;4;5;1511017669;5;255;1511017685;1
32;16;10;5;4;5;1511017826;5;255;1511017842;1
32;16;10;5;4;5;1511018586;5;255;1511018602;1
32;16;10;5;4;5;1511018806;5;255;1511018822;1
32;16;10;5;4;5;1511018864;5;255;1511018880;1
32;16;10;5;4;5;1511018959;5;255;1511018974;1
32;16;10;5;4;5;1511019734;5;255;1511019749;1
32;16;10;5;4;5;1511020029;5;255;1511020045;1
32;16;10;5;4;5;1511020046;5;255;1511020062;1
32;16;10;5;4;5;1511020080;5;255;1511020096;1
32;16;10;5;4;5;1511020770;5;255;1511020785;1
32;16;10;5;4;5;1511021191;5;255;1511021206;1
32;16;10;5;4;5;1511021250;5;255;1511021266;1
32;16;10;5;4;5;1511021276;5;255;1511021292;1
32;16;10;5;4;5;1511021992;5;255;1511022008;1
32;16;10;5;4;5;1511022326;5;255;1511022342;1
32;16;10;5;4;5;1511022450;5;255;1511022466;1
32;16;10;5;4;5;1511022651;5;255;1511022666;1
32;16;10;5;4;5;1511023318;5;255;1511023334;1
32;16;10;5;4;5;1511023459;5;255;1511023474;1
32;16;10;5;4;5;1511023788;5;255;1511023804;1
32;16;10;5;4;5;1511023805;5;255;1511023821;1
32;16;10;5;4;5;1511024361;5;255;1511024377;1
32;16;10;5;4;5;1511024523;5;255;1511024539;1
32;16;10;5;4;5;1511024850;5;255;1511024865;1
32;16;10;5;4;5;1511025063;5;255;1511025079;1
32;16;10;5;4;5;1511025457;5;255;1511025473;1
32;16;10;5;4;5;1511025674;5;255;1511025690;1
32;16;10;5;4;5;1511025815;5;255;1511025831;1
32;16;10;5;4;5;1511026196;5;255;1511026212;1
32;16;10;5;4;5;1511026567;5;255;1511026583;1
32;16;10;5;4;5;1511026738;5;255;1511026754;1
32;16;10;5;4;5;1511027017;5;255;1511027033;1
32;16;10;5;4;5;1511027240;5;255;1511027256;1
32;16;10;5;4;5;1511027808;5;255;1511027824;1
32;16;10;5;4;5;1511028051;5;255;1511028068;1
32;16;10;5;4;5;1511028249;5;255;1511028265;1
32;16;10;5;4;5;1511028387;5;255;1511028403;1
32;16;10;5;4;5;1511029002;5;255;1511029018;1
32;16;10;5;4;5;1511029308;5;255;1511029324;1
32;16;10;5;4;5;1511029349;5;255;1511029365;1
32;16;10;5;4;5;1511029725;5;255;1511029741;1
32;16;10;5;4;5;1511030018;5;255;1511030034;1
32;16;10;5;4;5;1511030445;5;255;1511030461;1
32;16;10;5;4;5;1511030555;5;255;1511030571;1
32;16;10;5;4;5;1511031029;5;255;1511031045;1
32;16;10;5;4;5;1511031122;5;255;1511031137;1
32;16;10;5;4;5;1511031555;5;255;1511031572;1
32;16;10;5;4;5;1511031759;5;255;1511031775;1
32;16;10;5;4;5;1511032191;5;255;1511032207;1
32;16;10;5;4;5;1511032380;5;255;1511032396;1
32;16;10;5;4;5;1511032602;5;255;1511032618;1
32;16;10;5;4;5;1511032952;5;255;1511032968;1
32;16;10;5;4;5;1511033436;5;255;1511033452;1
32;16;10;5;4;5;1511033444;5;255;1511033460;1
32;16;10;5;4;5;1511033731;5;255;1511033747;1
32;16;10;5;4;5;1511034148;5;255;1511034164;1
32;16;10;5;4;5;1511034650;5;255;1511034666;1
32;16;10;5;4;5;1511034668;5;255;1511034684;1
32;16;10;5;4;5;1511034771;5;255;1511034786;1
32;16;10;5;4;5;1511035380;5;255;1511035396;1
32;16;10;5;4;5;1511035734;5;255;1511035750;1
32;16;10;5;4;5;1511035888;5;255;1511035904;1
32;16;10;5;4;5;1511035989;5;255;1511036005;1
32;16;10;5;4;5;1511036707;5;255;1511036723;1
32;16;10;5;4;5;1511036905;5;255;1511036921;1
32;16;10;5;4;5;1511037009;5;255;1511037025;1
32;16;10;5;4;5;1511037193;5;255;1511037209;1
32;16;10;5;4;5;1511037813;5;255;1511037830;1
32;16;10;5;4;5;1511038059;5;255;1511038075;1
32;16;10;5;4;5;1511038192;5;255;1511038208;1
32;16;10;5;4;5;1511038193;5;255;1511038209;1
32;16;10;5;4;5;1511039009;5;255;1511039025;1
32;16;10;5;4;5;1511039074;5;255;1511039090;1
32;16;10;5;4;5;1511039299;5;255;1511039314;1
32;16;10;5;4;5;1511039364;5;255;1511039380;1
32;16;10;5;4;5;1511040119;5;255;1511040135;1
32;16;10;5;4;5;1511040214;5;255;1511040230;1
32;16;10;5;4;5;1511040397;5;255;1511040413;1
32;16;10;5;4;5;1511040567;5;255;1511040583;1
32;16;10;5;4;5;1511041360;5;255;1511041375;1
32;16;10;5;4;5;1511041363;5;255;1511041379;1
32;16;10;5;4;5;1511041532;5;255;1511041549;1
32;16;10;5;4;5;1511041650;5;255;1511041665;1
32;16;10;5;4;5;1511042498;5;255;1511042514;1
32;16;10;5;4;5;1511042521;5;255;1511042537;1
32;16;10;5;4;5;1511042740;5;255;1511042756;1
32;16;10;5;4;5;1511042863;5;255;1511042880;1
32;16;10;5;4;5;1511043781;5;255;1511043797;1
32;16;10;5;4;5;1511043853;5;255;1511043869;1
32;16;10;5;4;5;1511043881;5;255;1511043897;1
32;16;10;5;4;5;1511044086;5;255;1511044102;1
32;16;10;5;4;5;1511044806;5;255;1511044822;1
32;16;10;5;4;5;1511044981;5;255;1511044997;1
32;16;10;5;4;5;1511045031;5;255;1511045047;1
32;16;10;5;4;5;1511045070;5;255;1511045086;1
32;16;10;5;4;5;1511046055;5;255;1511046071;1
32;16;10;5;4;5;1511046106;5;255;1511046122;1
32;16;10;5;4;5;1511046270;5;255;1511046286;1
32;16;10;5;4;5;1511046339;5;255;1511046356;1
32;16;10;5;4;5;1511047228;5;255;1511047244;1
32;16;10;5;4;5;1511047235;5;255;1511047251;1
32;16;10;5;4;5;1511047282;5;255;1511047298;1
32;16;10;5;4;5;1511047388;5;255;1511047404;1
32;16;10;5;4;5;1511048320;5;255;1511048336;1
32;16;10;5;4;5;1511048406;5;255;1511048422;1
32;16;10;5;4;5;1511048408;5;255;1511048424;1
32;16;10;5;4;5;1511048539;5;255;1511048555;1
32;16;10;5;4;5;1511049467;5;255;1511049483;1
32;16;10;5;4;5;1511049634;5;255;1511049650;1
32;16;10;5;4;5;1511049659;5;255;1511049675;1
32;16;10;5;4;5;1511049698;5;255;1511049714;1
32;16;10;5;4;5;1511050645;5;255;1511050661;1
32;16;10;5;4;5;1511050731;5;255;1511050747;1
32;16;10;5;4;5;1511050870;5;255;1511050886;1
32;16;10;5;4;5;1511050880;5;255;1511050896;1
32;16;10;5;4;5;1511051804;5;255;1511051820;1
32;16;10;5;4;5;1511051844;5;255;1511051860;1
32;16;10;5;4;5;1511052037;5;255;1511052053;1
32;16;10;5;4;5;1511052060;5;255;1511052076;1
32;16;10;5;4;5;1511052942;5;255;1511052958;1
32;16;10;5;4;5;1511052953;5;255;1511052969;1
32;16;10;5;4;5;1511053068;5;255;1511053084;1
32;16;10;5;4;5;1511053217;5;255;1511053233;1
32;16;10;5;4;5;1511054094;5;255;1511054111;1
32;16;10;5;4;5;1511054123;5;255;1511054139;1
32;16;10;5;4;5;1511054280;5;255;1511054296;1
32;16;10;5;4;5;1511054317;5;255;1511054333;1
32;16;10;5;4;5;1511055238;5;255;1511055254;1
32;16;10;5;4;5;1511055277;5;255;1511055293;1
32;16;10;5;4;5;1511055433;5;255;1511055449;1
32;16;10;5;4;5;1511055461;5;255;1511055477;1
32;16;10;5;4;5;1511056393;5;255;1511056409;1
32;16;10;5;4;5;1511056501;5;255;1511056517;1
32;16;10;5;4;5;1511056527;5;255;1511056544;1
32;16;10;5;4;5;1511056631;5;255;1511056648;1
32;16;10;5;4;5;1511057439;5;255;1511057455;1
32;16;10;5;4;5;1511057604;5;255;1511057620;1
32;16;10;5;4;5;1511057638;5;255;1511057654;1
32;16;10;5;4;5;1511057730;5;255;1511057746;1
32;16;10;5;4;5;1511058667;5;255;1511058683;1
32;16;10;5;4;5;1511058717;5;255;1511058733;1
32;16;10;5;4;5;1511058886;5;255;1511058902;1
32;16;10;5;4;5;1511059177;5;255;1511059193;1
32;16;10;5;4;5;1511059867;5;255;1511059883;1
32;16;10;5;4;5;1511059899;5;255;1511059915;1
32;16;10;5;4;5;1511060121;5;255;1511060137;1
32;16;10;5;4;5;1511060438;5;255;1511060454;1
32;16;10;5;4;5;1511060929;5;255;1511060945;1
32;16;10;5;4;5;1511061021;5;255;1511061037;1
32;16;10;5;4;5;1511061169;5;255;1511061186;1
32;16;10;5;4;5;1511061701;5;255;1511061717;1
32;16;10;5;4;5;1511062085;5;255;1511062101;1
32;16;10;5;4;5;1511062172;5;255;1511062188;1
32;16;10;5;4;5;1511062226;5;255;1511062243;1
32;16;10;5;4;5;1511062810;5;255;1511062826;1
32;16;10;5;4;5;1511063267;5;255;1511063283;1
32;16;10;5;4;5;1511063377;5;255;1511063393;1
32;16;10;5;4;5;1511063507;5;255;1511063524;1
32;16;10;5;4;5;1511063944;5;255;1511063960;1
32;16;10;5;4;5;1511064403;5;255;1511064420;1
32;16;10;5;4;5;1511064651;5;255;1511064668;1
32;16;10;5;4;5;1511064698;5;255;1511064714;1
32;16;10;5;4;5;1511065035;5;255;1511065050;1
32;16;10;5;4;5;1511065495;5;255;1511065512;1
32;16;10;5;4;5;1511065674;5;255;1511065690;1
32;16;10;5;4;5;1511065920;5;255;1511065936;1
32;16;10;5;4;5;1511066152;5;255;1511066168;1
32;16;10;5;4;5;1511066664;5;255;1511066680;1
32;16;10;5;4;5;1511066731;5;255;1511066746;1
32;16;10;5;4;5;1511067029;5;255;1511067044;1
32;16;10;5;4;5;1511067438;5;255;1511067455;1
32;16;10;5;4;5;1511067655;5;255;1511067671;1
32;16;10;5;4;5;1511068016;5;255;1511068032;1
32;16;10;5;4;5;1511068058;5;255;1511068074;1
32;16;10;5;4;5;1511068596;5;255;1511068612;1
32;16;10;5;4;5;1511068891;5;255;1511068907;1
32;16;10;5;4;5;1511068943;5;255;1511068959;1
32;16;10;5;4;5;1511069084;5;255;1511069100;1
32;16;10;5;4;5;1511069626;5;255;1511069641;1
32;16;10;5;4;5;1511069972;5;255;1511069987;1
32;16;10;5;4;5;1511069977;5;255;1511069993;1
32;16;10;5;4;5;1511070279;5;255;1511070296;1
32;16;10;5;4;5;1511070789;5;255;1511070805;1
32;16;10;5;4;5;1511071060;5;255;1511071076;1
32;16;10;5;4;5;1511071076;5;255;1511071092;1
32;16;10;5;4;5;1511071351;5;255;1511071367;1
32;16;10;5;4;5;1511072093;5;255;1511072109;1
32;16;10;5;4;5;1511072102;5;255;1511072118;1
32;16;10;5;4;5;1511072313;5;255;1511072329;1
32;16;10;5;4;5;1511072534;5;255;1511072547;0
32;16;10;5;4;5;1511073201;5;255;1511073218;1
32;16;10;5;4;5;1511073349;5;255;1511073365;1
32;16;10;5;4;5;1511073402;5;255;1511073418;1
32;16;10;5;4;5;1511073823;5;255;1511073839;1
32;16;10;5;4;5;1511074261;5;255;1511074277;1
32;16;10;5;4;5;1511074352;5;255;1511074368;1
32;16;10;5;4;5;1511074590;5;255;1511074607;1
32;16;10;5;4;5;1511075016;5;255;1511075032;1
32;16;10;5;4;5;1511075417;5;255;1511075433;1
32;16;10;5;4;5;1511075601;5;255;1511075617;1
32;16;10;5;4;5;1511075660;5;255;1511075676;1
32;16;10;5;4;5;1511076114;5;255;1511076130;1
32;16;10;5;4;5;1511076526;5;255;1511076542;1
32;16;10;5;4;5;1511076715;5;255;1511076732;1
32;16;10;5;4;5;1511076816;5;255;1511076832;1
32;16;10;5;4;5;1511077306;5;255;1511077322;1
32;16;10;5;4;5;1511077736;5;255;1511077752;1
32;16;10;5;4;5;1511077956;5;255;1511077972;1
32;16;10;5;4;5;1511077980;5;255;1511077996;1
32;16;10;5;4;5;1511078446;5;255;1511078462;1
32;16;10;5;4;5;1511078768;5;255;1511078784;1
32;16;10;5;4;5;1511079095;5;255;1511079111;1
32;16;10;5;4;5;1511079135;5;255;1511079151;1
32;16;10;5;4;5;1511079638;5;255;1511079654;1
32;16;10;5;4;5;1511079821;5;255;1511079837;1
32;16;10;5;4;5;1511080261;5;255;1511080277;1
32;16;10;5;4;5;1511080302;5;255;1511080318;1
32;16;10;5;4;5;1511080709;5;255;1511080725;1
32;16;10;5;4;5;1511080971;5;255;1511080987;1
32;16;10;5;4;5;1511081393;5;255;1511081409;1
32;16;10;5;4;5;1511081564;5;255;1511081580;1
32;16;10;5;4;5;1511082023;5;255;1511082039;1
32;16;10;5;4;5;1511082065;5;255;1511082081;1
32;16;10;5;4;5;1511082587;5;255;1511082603;1
32;16;10;5;4;5;1511082816;5;255;1511082832;1
32;16;10;5;4;5;1511083084;5;255;1511083094;0
32;16;10;5;4;5;1511083236;5;255;1511083253;1
32;16;10;5;4;5;1511083726;5;255;1511083742;1
32;16;10;5;4;5;1511083943;5;255;1511083959;1
32;16;10;5;4;5;1511084225;5;255;1511084241;1
32;16;10;5;4;5;1511084337;5;255;1511084353;1
32;16;10;5;4;5;1511084758;5;255;1511084774;1
32;16;10;5;4;5;1511085018;5;255;1511085034;1
32;16;10;5;4;5;1511085324;5;255;1511085341;1
32;16;10;5;4;5;1511085493;5;255;1511085509;1
32;16;10;5;4;5;1511085811;5;255;1511085827;1
32;16;10;5;4;5;1511086231;5;255;1511086248;1
32;16;10;5;4;5;1511086476;5;255;1511086491;1
32;16;10;5;4;5;1511086771;5;255;1511086787;1
32;16;10;5;4;5;1511087034;5;255;1511087051;1
32;16;10;5;4;5;1511087410;5;255;1511087426;1
32;16;10;5;4;5;1511087700;5;255;1511087716;1
32;16;10;5;4;5;1511088089;5;255;1511088105;1
32;16;10;5;4;5;1511088099;5;255;1511088115;1
32;16;10;5;4;5;1511088499;5;255;1511088515;1
32;16;10;5;4;5;1511088957;5;255;1511088973;1
32;16;10;5;4;5;1511089252;5;255;1511089268;1
32;16;10;5;4;5;1511089282;5;255;1511089298;1
32;16;10;5;4;5;1511089597;5;255;1511089613;1
32;16;10;5;4;5;1511090150;5;255;1511090166;1
32;16;10;5;4;5;1511090452;5;255;1511090468;1
32;16;10;5;4;5;1511090537;5;255;1511090553;1
32;16;10;5;4;5;1511090851;5;255;1511090867;1
32;16;10;5;4;5;1511091292;5;255;1511091308;1
32;16;10;5;4;5;1511091659;5;255;1511091675;1
32;16;10;5;4;5;1511091769;5;255;1511091785;1
32;16;10;5;4;5;1511092029;5;255;1511092046;1
32;16;10;5;4;5;1511092585;5;255;1511092601;1
32;16;10;5;4;5;1511092595;5;255;1511092611;1
32;16;10;5;4;5;1511093017;5;255;1511093033;1
32;16;10;5;4;5;1511093126;5;255;1511093142;1
32;16;10;5;4;5;1511093731;5;255;1511093747;1
32;16;10;5;4;5;1511093938;5;255;1511093954;1
32;16;10;5;4;5;1511094136;5;255;1511094152;1
32;16;10;5;4;5;1511094371;5;255;1511094388;1
32;16;10;5;4;5;1511094771;5;255;1511094787;1
32;16;10;5;4;5;1511094985;5;255;1511095001;1
32;16;10;5;4;5;1511095214;5;255;1511095230;1
32;16;10;5;4;5;1511095507;5;255;1511095523;1
32;16;10;5;4;5;1511095968;5;255;1511095984;1
32;16;10;5;4;5;1511096234;5;255;1511096250;1
32;16;10;5;4;5;1511096372;5;255;1511096388;1
32;16;10;5;4;5;1511096934;5;255;1511096951;1
32;16;10;5;4;5;1511097091;5;255;1511097106;1
32;16;10;5;4;5;1511097398;5;255;1511097414;1
32;16;10;5;4;5;1511097447;5;255;1511097464;1
32;16;10;5;4;5;1511097983;5;255;1511098000;1
32;16;10;5;4;5;1511098253;5;255;1511098269;1
32;16;10;5;4;5;1511098475;5;255;1511098491;1
32;16;10;5;4;5;1511098600;5;255;1511098616;1
32;16;10;5;4;5;1511099195;5;255;1511099211;1
32;16;10;5;4;5;1511099478;5;255;1511099494;1
32;16;10;5;4;5;1511099767;5;255;1511099783;1
32;16;10;5;4;5;1511099896;5;255;1511099913;1
32;16;10;5;4;5;1511100491;5;255;1511100507;1
32;16;10;5;4;5;1511100544;5;255;1511100560;1
32;16;10;5;4;5;1511100931;5;255;1511100947;1
32;16;10;5;4;5;1511100952;5;255;1511100968;1
32;16;10;5;4;5;1511101611;5;255;1511101627;1
32;16;10;5;4;5;1511101713;5;255;1511101729;1
32;16;10;5;4;5;1511102052;5;255;1511102069;1
32;16;10;5;4;5;1511102078;5;255;1511102094;1
32;16;10;5;4;5;1511102665;5;255;1511102682;1
32;16;10;5;4;5;1511102948;5;255;1511102964;1
32;16;10;5;4;5;1511103144;5;255;1511103160;1
32;16;10;5;4;5;1511103217;5;255;1511103233;1
32;16;10;5;4;5;1511103612;5;255;1511103628;1
32;16;10;5;4;5;1511104129;5;255;1511104145;1
32;16;10;5;4;5;1511104278;5;255;1511104294;1
32;16;10;5;4;5;1511104497;5;255;1511104513;1
32;16;10;5;4;5;1511104900;5;255;1511104916;1
32;16;10;5;4;5;1511105264;5;255;1511105280;1
32;16;10;5;4;5;1511105339;5;255;1511105355;1
32;16;10;5;4;5;1511105660;5;255;1511105676;1
32;16;10;5;4;5;1511106023;5;255;1511106038;1
32;16;10;5;4;5;1511106296;5;255;1511106312;1
32;16;10;5;4;5;1511106457;5;255;1511106474;1
32;16;10;5;4;5;1511106666;5;255;1511106681;1
32;16;10;5;4;5;1511107142;5;255;1511107158;1
32;16;10;5;4;5;1511107494;5;255;1511107510;1
32;16;10;5;4;5;1511107545;5;255;1511107561;1
32;16;10;5;4;5;1511107636;5;255;1511107652;1
32;16;10;5;4;5;1511108439;5;255;1511108455;1
32;16;10;5;4;5;1511108622;5;255;1511108638;1
32;16;10;5;4;5;1511108687;5;255;1511108703;1
32;16;10;5;4;5;1511108946;5;255;1511108962;1
32;16;10;5;4;5;1511109495;5;255;1511109511;1
32;16;10;5;4;5;1511109697;5;255;1511109713;1
32;16;10;5;4;5;1511109890;5;255;1511109906;1
32;16;10;5;4;5;1511110119;5;255;1511110135;1
32;16;10;5;4;5;1511110760;5;255;1511110776;1
32;16;10;5;4;5;1511110776;5;255;1511110792;1
32;16;10;5;4;5;1511111257;5;255;1511111273;1
32;16;10;5;4;5;1511111309;5;255;1511111325;1
32;16;10;5;4;5;1511111850;5;255;1511111866;1
32;16;10;5;4;5;1511112081;5;255;1511112097;1
32;16;10;5;4;5;1511112428;5;255;1511112444;1
32;16;10;5;4;5;1511112470;5;255;1511112486;1
32;16;10;5;4;5;1511112939;5;255;1511112955;1
32;16;10;5;4;5;1511113455;5;255;1511113470;1
32;16;10;5;4;5;1511113642;5;255;1511113658;1
32;16;10;5;4;5;1511113752;5;255;1511113769;1
32;16;10;5;4;5;1511114230;5;255;1511114246;1
32;16;10;5;4;5;1511114442;5;255;1511114458;1
32;16;10;5;4;5;1511114906;5;255;1511114922;1
32;16;10;5;4;5;1511114984;5;255;1511115000;1
32;16;10;5;4;5;1511115358;5;255;1511115374;1
32;16;10;5;4;5;1511115509;5;255;1511115525;1
32;16;10;5;4;5;1511116226;5;255;1511116243;1
32;16;10;5;4;5;1511116287;5;255;1511116303;1
32;16;10;5;4;5;1511116627;5;255;1511116643;1
32;16;10;5;4;5;1511116823;5;255;1511116839;1
32;16;10;5;4;5;1511117302;5;255;1511117318;1
32;16;10;5;4;5;1511117435;5;255;1511117451;1
32;16;10;5;4;5;1511117926;5;255;1511117942;1
32;16;10;5;4;5;1511117952;5;255;1511117968;1
32;16;10;5;4;5;1511118448;5;255;1511118464;1
32;16;10;5;4;5;1511118687;5;255;1511118703;1
32;16;10;5;4;5;1511119026;5;255;1511119042;1
32;16;10;5;4;5;1511119236;5;255;1511119253;1
32;16;10;5;4;5;1511119628;5;255;1511119644;1
32;16;10;5;4;5;1511119860;5;255;1511119876;1
32;16;10;5;4;5;1511120019;5;255;1511120035;1
32;16;10;5;4;5;1511120321;5;255;1511120337;1
32;16;10;5;4;5;1511120703;5;255;1511120719;1
32;16;10;5;4;5;1511120937;5;255;1511120953;1
32;16;10;5;4;5;1511121065;5;255;1511121081;1
32;16;10;5;4;5;1511121516;5;255;1511121532;1
32;16;10;5;4;5;1511121867;5;255;1511121884;1
32;16;10;5;4;5;1511122062;5;255;1511122077;1
32;16;10;5;4;5;1511122410;5;255;1511122426;1
32;16;10;5;4;5;1511122576;5;255;1511122592;1
32;16;10;5;4;5;1511122954;5;255;1511122970;1
32;16;10;5;4;5;1511123325;5;255;1511123341;1
32;16;10;5;4;5;1511123498;5;255;1511123514;1
32;16;10;5;4;5;1511123703;5;255;1511123719;1
32;16;10;5;4;5;1511124185;5;255;1511124201;1
32;16;10;5;4;5;1511124511;5;255;1511124528;1
32;16;10;5;4;5;1511124682;5;255;1511124698;1
32;16;10;5;4;5;1511124949;5;255;1511124965;1
32;16;10;5;4;5;1511125381;5;255;1511125397;1
32;16;10;5;4;5;1511125584;5;255;1511125600;1
32;16;10;5;4;5;1511125895;5;255;1511125911;1
32;16;10;5;4;5;1511126138;5;255;1511126154;1
32;16;10;5;4;5;1511126572;5;255;1511126588;1
32;16;10;5;4;5;1511126863;5;255;1511126879;1
32;16;10;5;4;5;1511126953;5;255;1511126969;1
32;16;10;5;4;5;1511127221;5;255;1511127237;1
32;16;10;5;4;5;1511127787;5;255;1511127804;1
32;16;10;5;4;5;1511127916;5;255;1511127932;1
32;16;10;5;4;5;1511128303;5;255;1511128319;1
32;16;10;5;4;5;1511128386;5;255;1511128401;1
32;16;10;5;4;5;1511129064;5;255;1511129080;1
32;16;10;5;4;5;1511129101;5;255;1511129117;1
32;16;10;5;4;5;1511129352;5;255;1511129368;1
32;16;10;5;4;5;1511129467;5;255;1511129483;1
32;16;10;5;4;5;1511130068;5;255;1511130084;1
32;16;10;5;4;5;1511130289;5;255;1511130305;1
32;16;10;5;4;5;1511130510;5;255;1511130526;1
32;16;10;5;4;5;1511130750;5;255;1511130766;1
32;16;10;5;4;5;1511131107;5;255;1511131123;1
32;16;10;5;4;5;1511131566;5;255;1511131578;0
32;16;10;5;4;5;1511131613;5;255;1511131629;1
32;16;10;5;4;5;1511132010;5;255;1511132026;1
32;16;10;5;4;5;1511132217;5;255;1511132233;1
32;16;10;5;4;5;1511132769;5;255;1511132784;1
32;16;10;5;4;5;1511132793;5;255;1511132809;1
32;16;10;5;4;5;1511133066;5;255;1511133082;1
32;16;10;5;4;5;1511133292;5;255;1511133308;1
32;16;10;5;4;5;1511133997;5;255;1511134013;1
32;16;10;5;4;5;1511134048;5;255;1511134064;1
32;16;10;5;4;5;1511134238;5;255;1511134254;1
32;16;10;5;4;5;1511134263;5;255;1511134279;1
32;16;10;5;4;5;1511135086;5;255;1511135102;1
32;16;10;5;4;5;1511135186;5;255;1511135202;1
32;16;10;5;4;5;1511135364;5;255;1511135380;1
32;16;10;5;4;5;1511135417;5;255;1511135434;1
32;16;10;5;4;5;1511136214;5;255;1511136229;1
32;16;10;5;4;5;1511136461;5;255;1511136477;1
32;16;10;5;4;5;1511136508;5;255;1511136524;1
32;16;10;5;4;5;1511136706;5;255;1511136722;1
32;16;10;5;4;5;1511137341;5;255;1511137357;1
32;16;10;5;4;5;1511137723;5;255;1511137740;1
32;16;10;5;4;5;1511137752;5;255;1511137768;1
32;16;10;5;4;5;1511137963;5;255;1511137979;1
32;16;10;5;4;5;1511138544;5;255;1511138560;1
32;16;10;5;4;5;1511138881;5;255;1511138897;1
32;16;10;5;4;5;1511138959;5;255;1511138975;1
32;16;10;5;4;5;1511139264;5;255;1511139279;1
32;16;10;5;4;5;1511139767;5;255;1511139783;1
32;16;10;5;4;5;1511140137;5;255;1511140153;1
32;16;10;5;4;5;1511140143;5;255;1511140159;1
32;16;10;5;4;5;1511140385;5;255;1511140401;1
32;16;10;5;4;5;1511140974;5;255;1511140990;1
32;16;10;5;4;5;1511141354;5;255;1511141370;1
32;16;10;5;4;5;1511141373;5;255;1511141389;1
32;16;10;5;4;5;1511141507;5;255;1511141523;1
32;16;10;5;4;5;1511142032;5;255;1511142048;1
32;16;10;5;4;5;1511142510;5;255;1511142527;1
32;16;10;5;4;5;1511142550;5;255;1511142566;1
32;16;10;5;4;5;1511142579;5;255;1511142595;1
32;16;10;5;4;5;1511143134;5;255;1511143150;1
32;16;10;5;4;5;1511143765;5;255;1511143781;1
32;16;10;5;4;5;1511143790;5;255;1511143806;1
32;16;10;5;4;5;1511143862;5;255;1511143879;1
32;16;10;5;4;5;1511144365;5;255;1511144381;1
32;16;10;5;4;5;1511144880;5;255;1511144896;1
32;16;10;5;4;5;1511144931;5;255;1511144948;1
32;16;10;5;4;5;1511145013;5;255;1511145029;1
32;16;10;5;4;5;1511145428;5;255;1511145444;1
32;16;10;5;4;5;1511145994;5;255;1511146010;1
32;16;10;5;4;5;1511146186;5;255;1511146202;1
32;16;10;5;4;5;1511146273;5;255;1511146289;1
32;16;10;5;4;5;1511146720;5;255;1511146735;1
32;16;10;5;4;5;1511147119;5;255;1511147135;1
32;16;10;5;4;5;1511147241;5;255;1511147257;1
32;16;10;5;4;5;1511147465;5;255;1511147481;1
32;16;10;5;4;5;1511148088;5;255;1511148104;1
32;16;10;5;4;5;1511148301;5;255;1511148317;1
32;16;10;5;4;5;1511148500;5;255;1511148516;1
32;16;10;5;4;5;1511148604;5;255;1511148620;1
32;16;10;5;4;5;1511149159;5;255;1511149175;1
32;16;10;5;4;5;1511149541;5;255;1511149557;1
32;16;10;5;4;5;1511149749;5;255;1511149765;1
32;16;10;5;4;5;1511149930;5;255;1511149946;1
32;16;10;5;4;5;1511150334;5;255;1511150350;1
32;16;10;5;4;5;1511150669;5;255;1511150685;1
32;16;10;5;4;5;1511150937;5;255;1511150953;1
32;16;10;5;4;5;1511150956;5;255;1511150972;1
32;16;10;5;4;5;1511151590;5;255;1511151607;1
32;16;10;5;4;5;1511151770;5;255;1511151786;1
32;16;10;5;4;5;1511152145;5;255;1511152161;1
32;16;10;5;4;5;1511152243;5;255;1511152258;1
32;16;10;5;4;5;1511152969;5;255;1511152985;1
32;16;10;5;4;5;1511152982;5;255;1511152998;1
32;16;10;5;4;5;1511153286;5;255;1511153302;1
32;16;10;5;4;5;1511153349;5;255;1511153365;1
32;16;10;5;4;5;1511154090;5;255;1511154105;1
32;16;10;5;4;5;1511154169;5;255;1511154185;1
32;16;10;5;4;5;1511154331;5;255;1511154347;1
32;16;10;5;4;5;1511154452;5;255;1511154468;1
32;16;10;5;4;5;1511155258;5;255;1511155274;1
32;16;10;5;4;5;1511155516;5;255;1511155532;1
32;16;10;5;4;5;1511155598;5;255;1511155614;1
32;16;10;5;4;5;1511155771;5;255;1511155787;1
32;16;10;5;4;5;1511156608;5;255;1511156624;1
32;16;10;5;4;5;1511156728;5;255;1511156744;1
32;16;10;5;4;5;1511156775;5;255;1511156791;1
32;16;10;5;4;5;1511156923;5;255;1511156939;1
32;16;10;5;4;5;1511157659;5;255;1511157674;1
32;16;10;5;4;5;1511157883;5;255;1511157899;1
32;16;10;5;4;5;1511158090;5;255;1511158106;1
32;16;10;5;4;5;1511158231;5;255;1511158247;1
32;16;10;5;4;5;1511158809;5;255;1511158825;1
32;16;10;5;4;5;1511159211;5;255;1511159228;1
32;16;10;5;4;5;1511159239;5;255;1511159255;1
32;16;10;5;4;5;1511159276;5;255;1511159292;1
32;16;10;5;4;5;1511159968;5;255;1511159984;1
32;16;10;5;4;5;1511160288;5;255;1511160304;1
32;16;10;5;4;5;1511160319;5;255;1511160335;1
32;16;10;5;4;5;1511160330;5;255;1511160346;1
32;16;10;5;4;5;1511161053;5;255;1511161069;1
32;16;10;5;4;5;1511161411;5;255;1511161427;1
32;16;10;5;4;5;1511161540;5;255;1511161556;1
32;16;10;5;4;5;1511161672;5;255;1511161688;1
32;16;10;5;4;5;1511162124;5;255;1511162140;1
32;16;10;5;4;5;1511162684;5;255;1511162700;1
32;16;10;5;4;5;1511162755;5;255;1511162771;1
32;16;10;5;4;5;1511162821;5;255;1511162837;1
32;16;10;5;4;5;1511163342;5;255;1511163359;1
32;16;10;5;4;5;1511163743;5;255;1511163759;1
32;16;10;5;4;5;1511163873;5;255;1511163889;1
32;16;10;5;4;5;1511163939;5;255;1511163955;1
32;16;10;5;4;5;1511164406;5;255;1511164422;1
32;16;10;5;4;5;1511164951;5;255;1511164967;1
32;16;10;5;4;5;1511165036;5;255;1511165053;1
32;16;10;5;4;5;1511165271;5;255;1511165287;1
32;16;10;5;4;5;1511165642;5;255;1511165658;1
32;16;10;5;4;5;1511166166;5;255;1511166182;1
32;16;10;5;4;5;1511166269;5;255;1511166285;1
32;16;10;5;4;5;1511166360;5;255;1511166376;1
32;16;10;5;4;5;1511166729;5;255;1511166745;1
32;16;10;5;4;5;1511167233;5;255;1511167249;1
32;16;10;5;4;5;1511167342;5;255;1511167358;1
32;16;10;5;4;5;1511167472;5;255;1511167489;1
32;16;10;5;4;5;1511167725;5;255;1511167742;1
32;16;10;5;4;5;1511168344;5;255;1511168360;1
32;16;10;5;4;5;1511168574;5;255;1511168590;1
32;16;10;5;4;5;1511168665;5;255;1511168681;1
32;16;10;5;4;5;1511168924;5;255;1511168941;1
32;16;10;5;4;5;1511169572;5;255;1511169588;1
32;16;10;5;4;5;1511169746;5;255;1511169762;1
32;16;10;5;4;5;1511169832;5;255;1511169848;1
32;16;10;5;4;5;1511169933;5;255;1511169949;1
32;16;10;5;4;5;1511170722;5;255;1511170741;1
32;16;10;5;4;5;1511171023;5;255;1511171039;1
32;16;10;5;4;5;1511171029;5;255;1511171049;1
32;16;10;5;4;5;1511171121;5;255;1511171137;1
32;16;10;5;4;5;1511172131;5;255;1511172150;1
32;16;10;5;4;5;1511172297;5;255;1511172315;1
32;16;10;5;4;5;1511172350;5;255;1511172371;1
32;16;10;5;4;5;1511172443;5;255;1511172462;1
