32;16;10;5;32;5;1510757964;5;255;1510758070;1
32;16;10;5;32;5;1510757966;5;255;1510758072;1
32;16;10;5;32;5;1510757969;5;255;1510758076;1
32;16;10;5;32;5;1510757971;5;255;1510758080;1
32;16;10;5;32;5;1510759006;5;255;1510759116;1
32;16;10;5;32;5;1510759232;5;255;1510759344;1
32;16;10;5;32;5;1510759274;5;255;1510759390;1
32;16;10;5;32;5;1510759349;5;255;1510759456;1
32;16;10;5;32;5;1510760279;5;255;1510760385;1
32;16;10;5;32;5;1510760480;5;255;1510760587;1
32;16;10;5;32;5;1510760489;5;255;1510760595;1
32;16;10;5;32;5;1510760530;5;255;1510760640;1
32;16;10;5;32;5;1510761356;5;255;1510761464;1
32;16;10;5;32;5;1510761693;5;255;1510761804;1
32;16;10;5;32;5;1510761844;5;255;1510761949;1
32;16;10;5;32;5;1510761903;5;255;1510762011;1
32;16;10;5;32;5;1510762557;5;255;1510762661;1
32;16;10;5;32;5;1510762774;5;255;1510762878;1
32;16;10;5;32;5;1510762997;5;255;1510763101;1
32;16;10;5;32;5;1510763036;5;255;1510763140;1
32;16;10;5;32;5;1510763521;5;255;1510763625;1
32;16;10;5;32;5;1510763779;5;255;1510763884;1
32;16;10;5;32;5;1510764035;5;255;1510764139;1
32;16;10;5;32;5;1510764207;5;255;1510764312;1
32;16;10;5;32;5;1510764551;5;255;1510764656;1
32;16;10;5;32;5;1510764725;5;255;1510764829;1
32;16;10;5;32;5;1510765277;5;255;1510765381;1
32;16;10;5;32;5;1510765414;5;255;1510765519;1
32;16;10;5;32;5;1510765775;5;255;1510765879;1
32;16;10;5;32;5;1510765810;5;255;1510765914;1
32;16;10;5;32;5;1510766648;5;255;1510766753;1
32;16;10;5;32;5;1510766792;5;255;1510766897;1
32;16;10;5;32;5;1510766882;5;255;1510766987;1
32;16;10;5;32;5;1510766946;5;255;1510767051;1
32;16;10;5;32;5;1510767905;5;255;1510768010;1
32;16;10;5;32;5;1510767954;5;255;1510768059;1
32;16;10;5;32;5;1510768174;5;255;1510768278;1
32;16;10;5;32;5;1510768260;5;255;1510768364;1
32;16;10;5;32;5;1510768818;5;255;1510768922;1
32;16;10;5;32;5;1510769100;5;255;1510769205;1
32;16;10;5;32;5;1510769348;5;255;1510769452;1
32;16;10;5;32;5;1510769377;5;255;1510769481;1
32;16;10;5;32;5;1510770158;5;255;1510770262;1
32;16;10;5;32;5;1510770197;5;255;1510770302;1
32;16;10;5;32;5;1510770487;5;255;1510770591;1
32;16;10;5;32;5;1510770595;5;255;1510770699;1
32;16;10;5;32;5;1510771282;5;255;1510771386;1
32;16;10;5;32;5;1510771394;5;255;1510771498;1
32;16;10;5;32;5;1510771600;5;255;1510771704;1
32;16;10;5;32;5;1510771628;5;255;1510771732;1
32;16;10;5;32;5;1510772384;5;255;1510772489;1
32;16;10;5;32;5;1510772615;5;255;1510772721;1
32;16;10;5;32;5;1510772703;5;255;1510772807;1
32;16;10;5;32;5;1510772962;5;255;1510773066;1
32;16;10;5;32;5;1510773564;5;255;1510773668;1
32;16;10;5;32;5;1510773897;5;255;1510774001;1
32;16;10;5;32;5;1510773959;5;255;1510774063;1
32;16;10;5;32;5;1510774164;5;255;1510774268;1
32;16;10;5;32;5;1510774823;5;255;1510774928;1
32;16;10;5;32;5;1510775138;5;255;1510775242;1
32;16;10;5;32;5;1510775157;5;255;1510775261;1
32;16;10;5;32;5;1510775220;5;255;1510775325;1
32;16;10;5;32;5;1510775993;5;255;1510776097;1
32;16;10;5;32;5;1510776210;5;255;1510776254;0
32;16;10;5;32;5;1510776320;5;255;1510776424;1
32;16;10;5;32;5;1510776322;5;255;1510776426;1
32;16;10;5;32;5;1510777097;5;255;1510777202;1
32;16;10;5;32;5;1510777226;5;255;1510777330;1
32;16;10;5;32;5;1510777496;5;255;1510777601;1
32;16;10;5;32;5;1510777677;5;255;1510777781;1
32;16;10;5;32;5;1510778257;5;255;1510778361;1
32;16;10;5;32;5;1510778500;5;255;1510778604;1
32;16;10;5;32;5;1510778728;5;255;1510778832;1
32;16;10;5;32;5;1510778785;5;255;1510778889;1
32;16;10;5;32;5;1510779357;5;255;1510779462;1
32;16;10;5;32;5;1510779700;5;255;1510779804;1
32;16;10;5;32;5;1510779789;5;255;1510779893;1
32;16;10;5;32;5;1510779877;5;255;1510779982;1
32;16;10;5;32;5;1510780629;5;255;1510780734;1
32;16;10;5;32;5;1510780970;5;255;1510781075;1
32;16;10;5;32;5;1510781032;5;255;1510781136;1
32;16;10;5;32;5;1510781049;5;255;1510781153;1
32;16;10;5;32;5;1510781652;5;255;1510781756;1
32;16;10;5;32;5;1510782075;5;255;1510782179;1
32;16;10;5;32;5;1510782211;5;255;1510782315;1
32;16;10;5;32;5;1510782305;5;255;1510782410;1
32;16;10;5;32;5;1510782964;5;255;1510783069;1
32;16;10;5;32;5;1510783262;5;255;1510783366;1
32;16;10;5;32;5;1510783319;5;255;1510783423;1
32;16;10;5;32;5;1510783356;5;255;1510783460;1
32;16;10;5;32;5;1510784212;5;255;1510784317;1
32;16;10;5;32;5;1510784361;5;255;1510784465;1
32;16;10;5;32;5;1510784464;5;255;1510784568;1
32;16;10;5;32;5;1510784714;5;255;1510784818;1
32;16;10;5;32;5;1510785328;5;255;1510785433;1
32;16;10;5;32;5;1510785347;5;255;1510785452;1
32;16;10;5;32;5;1510785606;5;255;1510785710;1
32;16;10;5;32;5;1510785983;5;255;1510786088;1
32;16;10;5;32;5;1510786431;5;255;1510786535;1
32;16;10;5;32;5;1510786505;5;255;1510786609;1
32;16;10;5;32;5;1510786929;5;255;1510787033;1
32;16;10;5;32;5;1510787063;5;255;1510787167;1
32;16;10;5;32;5;1510787576;5;255;1510787680;1
32;16;10;5;32;5;1510787641;5;255;1510787745;1
32;16;10;5;32;5;1510788050;5;255;1510788154;1
32;16;10;5;32;5;1510788234;5;255;1510788339;1
32;16;10;5;32;5;1510788733;5;255;1510788838;1
32;16;10;5;32;5;1510788800;5;255;1510788906;1
32;16;10;5;32;5;1510789053;5;255;1510789157;1
32;16;10;5;32;5;1510789497;5;255;1510789601;1
32;16;10;5;32;5;1510789815;5;255;1510789919;1
32;16;10;5;32;5;1510789977;5;255;1510790081;1
32;16;10;5;32;5;1510790253;5;255;1510790357;1
32;16;10;5;32;5;1510790604;5;255;1510790709;1
32;16;10;5;32;5;1510790800;5;255;1510790904;1
32;16;10;5;32;5;1510791096;5;255;1510791201;1
32;16;10;5;32;5;1510791244;5;255;1510791348;1
32;16;10;5;32;5;1510791863;5;255;1510791967;1
32;16;10;5;32;5;1510791956;5;255;1510792060;1
32;16;10;5;32;5;1510792109;5;255;1510792213;1
32;16;10;5;32;5;1510792478;5;255;1510792583;1
32;16;10;5;32;5;1510792947;5;255;1510793051;1
32;16;10;5;32;5;1510793084;5;255;1510793189;1
32;16;10;5;32;5;1510793392;5;255;1510793496;1
32;16;10;5;32;5;1510793809;5;255;1510793914;1
32;16;10;5;32;5;1510794061;5;255;1510794166;1
32;16;10;5;32;5;1510794099;5;255;1510794188;0
32;16;10;5;32;5;1510794425;5;255;1510794529;1
32;16;10;5;32;5;1510794969;5;255;1510795073;1
32;16;10;5;32;5;1510795162;5;255;1510795266;1
32;16;10;5;32;5;1510795203;5;255;1510795307;1
32;16;10;5;32;5;1510795549;5;255;1510795653;1
32;16;10;5;32;5;1510796299;5;255;1510796403;1
32;16;10;5;32;5;1510796317;5;255;1510796422;1
32;16;10;5;32;5;1510796347;5;255;1510796451;1
32;16;10;5;32;5;1510796706;5;255;1510796810;1
32;16;10;5;32;5;1510797321;5;255;1510797426;1
32;16;10;5;32;5;1510797448;5;255;1510797552;1
32;16;10;5;32;5;1510797496;5;255;1510797601;1
32;16;10;5;32;5;1510797888;5;255;1510797993;1
32;16;10;5;32;5;1510798481;5;255;1510798586;1
32;16;10;5;32;5;1510798602;5;255;1510798707;1
32;16;10;5;32;5;1510798611;5;255;1510798716;1
32;16;10;5;32;5;1510799114;5;255;1510799218;1
32;16;10;5;32;5;1510799572;5;255;1510799677;1
32;16;10;5;32;5;1510799846;5;255;1510799950;1
32;16;10;5;32;5;1510799923;5;255;1510800027;1
32;16;10;5;32;5;1510800123;5;255;1510800227;1
32;16;10;5;32;5;1510800780;5;255;1510800884;1
32;16;10;5;32;5;1510801125;5;255;1510801229;1
32;16;10;5;32;5;1510801129;5;255;1510801233;1
32;16;10;5;32;5;1510801286;5;255;1510801391;1
32;16;10;5;32;5;1510801790;5;255;1510801894;1
32;16;10;5;32;5;1510802426;5;255;1510802530;1
32;16;10;5;32;5;1510802428;5;255;1510802533;1
32;16;10;5;32;5;1510802457;5;255;1510802561;1
32;16;10;5;32;5;1510802772;5;255;1510802877;1
32;16;10;5;32;5;1510803540;5;255;1510803644;1
32;16;10;5;32;5;1510803665;5;255;1510803769;1
32;16;10;5;32;5;1510803722;5;255;1510803826;1
32;16;10;5;32;5;1510803872;5;255;1510803976;1
32;16;10;5;32;5;1510804831;5;255;1510804935;1
32;16;10;5;32;5;1510804851;5;255;1510804955;1
32;16;10;5;32;5;1510805012;5;255;1510805116;1
32;16;10;5;32;5;1510805148;5;255;1510805259;1
32;16;10;5;32;5;1510805973;5;255;1510806078;1
32;16;10;5;32;5;1510805983;5;255;1510806088;1
32;16;10;5;32;5;1510806174;5;255;1510806278;1
32;16;10;5;32;5;1510806273;5;255;1510806377;1
32;16;10;5;32;5;1510807057;5;255;1510807161;1
32;16;10;5;32;5;1510807123;5;255;1510807227;1
32;16;10;5;32;5;1510807178;5;255;1510807282;1
32;16;10;5;32;5;1510807653;5;255;1510807757;1
32;16;10;5;32;5;1510808169;5;255;1510808275;1
32;16;10;5;32;5;1510808436;5;255;1510808540;1
32;16;10;5;32;5;1510808517;5;255;1510808622;1
32;16;10;5;32;5;1510808832;5;255;1510808839;0
32;16;10;5;32;5;1510809245;5;255;1510809349;1
32;16;10;5;32;5;1510809535;5;255;1510809639;1
32;16;10;5;32;5;1510809841;5;255;1510809945;1
32;16;10;5;32;5;1510809850;5;255;1510809954;1
32;16;10;5;32;5;1510810349;5;255;1510810454;1
32;16;10;5;32;5;1510810873;5;255;1510810978;1
32;16;10;5;32;5;1510811012;5;255;1510811116;1
32;16;10;5;32;5;1510811095;5;255;1510811199;1
32;16;10;5;32;5;1510811634;5;255;1510811739;1
32;16;10;5;32;5;1510812148;5;255;1510812252;1
32;16;10;5;32;5;1510812165;5;255;1510812270;1
32;16;10;5;32;5;1510812218;5;255;1510812323;1
32;16;10;5;32;5;1510812778;5;255;1510812882;1
32;16;10;5;32;5;1510813396;5;255;1510813500;1
32;16;10;5;32;5;1510813414;5;255;1510813519;1
32;16;10;5;32;5;1510813550;5;255;1510813654;1
32;16;10;5;32;5;1510814071;5;255;1510814175;1
32;16;10;5;32;5;1510814448;5;255;1510814552;1
32;16;10;5;32;5;1510814528;5;255;1510814633;1
32;16;10;5;32;5;1510814705;5;255;1510814809;1
32;16;10;5;32;5;1510815409;5;255;1510815514;1
32;16;10;5;32;5;1510815706;5;255;1510815810;1
32;16;10;5;32;5;1510815928;5;255;1510816033;1
32;16;10;5;32;5;1510815946;5;255;1510816051;1
32;16;10;5;32;5;1510816718;5;255;1510816822;1
32;16;10;5;32;5;1510816929;5;255;1510817033;1
32;16;10;5;32;5;1510817138;5;255;1510817242;1
32;16;10;5;32;5;1510817140;5;255;1510817244;1
32;16;10;5;32;5;1510817769;5;255;1510817873;1
32;16;10;5;32;5;1510818042;5;255;1510818146;1
32;16;10;5;32;5;1510818328;5;255;1510818432;1
32;16;10;5;32;5;1510818368;5;255;1510818472;1
32;16;10;5;32;5;1510819006;5;255;1510819110;1
32;16;10;5;32;5;1510819317;5;255;1510819421;1
32;16;10;5;32;5;1510819425;5;255;1510819529;1
32;16;10;5;32;5;1510819490;5;255;1510819595;1
32;16;10;5;32;5;1510820417;5;255;1510820521;1
32;16;10;5;32;5;1510820549;5;255;1510820653;1
32;16;10;5;32;5;1510820601;5;255;1510820705;1
32;16;10;5;32;5;1510820644;5;255;1510820749;1
32;16;10;5;32;5;1510821698;5;255;1510821802;1
32;16;10;5;32;5;1510821737;5;255;1510821841;1
32;16;10;5;32;5;1510821810;5;255;1510821915;1
32;16;10;5;32;5;1510821837;5;255;1510821941;1
32;16;10;5;32;5;1510822767;5;255;1510822871;1
32;16;10;5;32;5;1510822811;5;255;1510822916;1
32;16;10;5;32;5;1510822841;5;255;1510822945;1
32;16;10;5;32;5;1510823059;5;255;1510823164;1
32;16;10;5;32;5;1510823952;5;255;1510824056;1
32;16;10;5;32;5;1510824048;5;255;1510824153;1
32;16;10;5;32;5;1510824148;5;255;1510824253;1
32;16;10;5;32;5;1510824281;5;255;1510824385;1
32;16;10;5;32;5;1510825211;5;255;1510825316;1
32;16;10;5;32;5;1510825279;5;255;1510825383;1
32;16;10;5;32;5;1510825371;5;255;1510825475;1
32;16;10;5;32;5;1510825419;5;255;1510825524;1
32;16;10;5;32;5;1510826347;5;255;1510826451;1
32;16;10;5;32;5;1510826438;5;255;1510826542;1
32;16;10;5;32;5;1510826483;5;255;1510826587;1
32;16;10;5;32;5;1510826546;5;255;1510826650;1
32;16;10;5;32;5;1510827444;5;255;1510827556;1
32;16;10;5;32;5;1510827556;5;255;1510827666;1
32;16;10;5;32;5;1510827637;5;255;1510827749;1
32;16;10;5;32;5;1510827892;5;255;1510827999;1
32;16;10;5;32;5;1510828794;5;255;1510828900;1
32;16;10;5;32;5;1510828837;5;255;1510828950;1
32;16;10;5;32;5;1510828872;5;255;1510828980;1
32;16;10;5;32;5;1510829085;5;255;1510829199;1
32;16;10;5;32;5;1510830012;5;255;1510830125;1
32;16;10;5;32;5;1510830025;5;255;1510830134;0
32;16;10;5;32;5;1510830078;5;255;1510830191;1
32;16;10;5;32;5;1510830254;5;255;1510830364;1
32;16;10;5;32;5;1510831080;5;255;1510831188;1
32;16;10;5;32;5;1510831293;5;255;1510831398;1
32;16;10;5;32;5;1510831309;5;255;1510831417;1
32;16;10;5;32;5;1510831374;5;255;1510831480;1
32;16;10;5;32;5;1510832346;5;255;1510832455;1
32;16;10;5;32;5;1510832431;5;255;1510832538;1
32;16;10;5;32;5;1510832624;5;255;1510832737;1
32;16;10;5;32;5;1510832651;5;255;1510832761;1
32;16;10;5;32;5;1510833560;5;255;1510833675;1
32;16;10;5;32;5;1510833713;5;255;1510833825;1
32;16;10;5;32;5;1510833719;5;255;1510833829;1
32;16;10;5;32;5;1510833936;5;255;1510834041;1
32;16;10;5;32;5;1510834690;5;255;1510834799;1
32;16;10;5;32;5;1510834705;5;255;1510834812;1
32;16;10;5;32;5;1510835045;5;255;1510835152;1
32;16;10;5;32;5;1510835173;5;255;1510835285;1
32;16;10;5;32;5;1510835869;5;255;1510835974;1
32;16;10;5;32;5;1510836005;5;255;1510836111;1
32;16;10;5;32;5;1510836106;5;255;1510836211;1
32;16;10;5;32;5;1510836295;5;255;1510836400;1
32;16;10;5;32;5;1510837138;5;255;1510837244;1
32;16;10;5;32;5;1510837420;5;255;1510837526;1
32;16;10;5;32;5;1510837451;5;255;1510837555;1
32;16;10;5;32;5;1510837462;5;255;1510837569;1
32;16;10;5;32;5;1510838431;5;255;1510838542;1
32;16;10;5;32;5;1510838628;5;255;1510838737;1
32;16;10;5;32;5;1510838667;5;255;1510838772;1
32;16;10;5;32;5;1510838702;5;255;1510838809;1
32;16;10;5;32;5;1510839580;5;255;1510839688;1
32;16;10;5;32;5;1510839684;5;255;1510839789;1
32;16;10;5;32;5;1510839791;5;255;1510839896;1
32;16;10;5;32;5;1510840022;5;255;1510840130;1
32;16;10;5;32;5;1510840704;5;255;1510840810;1
32;16;10;5;32;5;1510840933;5;255;1510841037;1
32;16;10;5;32;5;1510841046;5;255;1510841151;1
32;16;10;5;32;5;1510841154;5;255;1510841258;1
32;16;10;5;32;5;1510841921;5;255;1510842025;1
32;16;10;5;32;5;1510842072;5;255;1510842176;1
32;16;10;5;32;5;1510842218;5;255;1510842322;1
32;16;10;5;32;5;1510842419;5;255;1510842524;1
32;16;10;5;32;5;1510843069;5;255;1510843173;1
32;16;10;5;32;5;1510843106;5;255;1510843210;1
32;16;10;5;32;5;1510843417;5;255;1510843521;1
32;16;10;5;32;5;1510843483;5;255;1510843587;1
32;16;10;5;32;5;1510844223;5;255;1510844327;1
32;16;10;5;32;5;1510844335;5;255;1510844439;1
32;16;10;5;32;5;1510844554;5;255;1510844659;1
32;16;10;5;32;5;1510844670;5;255;1510844774;1
32;16;10;5;32;5;1510845254;5;255;1510845359;1
32;16;10;5;32;5;1510845588;5;255;1510845692;1
32;16;10;5;32;5;1510845639;5;255;1510845744;1
32;16;10;5;32;5;1510845821;5;255;1510845925;1
32;16;10;5;32;5;1510846320;5;255;1510846424;1
32;16;10;5;32;5;1510846855;5;255;1510846962;1
32;16;10;5;32;5;1510846892;5;255;1510846998;1
32;16;10;5;32;5;1510846984;5;255;1510847094;1
32;16;10;5;32;5;1510847378;5;255;1510847495;1
32;16;10;5;32;5;1510848145;5;255;1510848257;1
32;16;10;5;32;5;1510848220;5;255;1510848335;1
32;16;10;5;32;5;1510848245;5;255;1510848360;1
32;16;10;5;32;5;1510848490;5;255;1510848605;1
32;16;10;5;32;5;1510849426;5;255;1510849538;1
32;16;10;5;32;5;1510849571;5;255;1510849679;1
32;16;10;5;32;5;1510849580;5;255;1510849694;1
32;16;10;5;32;5;1510849717;5;255;1510849836;1
32;16;10;5;32;5;1510850684;5;255;1510850794;1
32;16;10;5;32;5;1510850862;5;255;1510850974;1
32;16;10;5;32;5;1510850877;5;255;1510850987;1
32;16;10;5;32;5;1510850996;5;255;1510851102;1
32;16;10;5;32;5;1510851791;5;255;1510851897;1
32;16;10;5;32;5;1510852028;5;255;1510852139;1
32;16;10;5;32;5;1510852081;5;255;1510852187;1
32;16;10;5;32;5;1510852089;5;255;1510852195;1
32;16;10;5;32;5;1510853032;5;255;1510853136;1
32;16;10;5;32;5;1510853158;5;255;1510853262;1
32;16;10;5;32;5;1510853278;5;255;1510853382;1
32;16;10;5;32;5;1510853342;5;255;1510853445;1
32;16;10;5;32;5;1510854264;5;255;1510854368;1
32;16;10;5;32;5;1510854302;5;255;1510854406;1
32;16;10;5;32;5;1510854392;5;255;1510854496;1
32;16;10;5;32;5;1510854402;5;255;1510854505;1
32;16;10;5;32;5;1510855299;5;255;1510855402;1
32;16;10;5;32;5;1510855365;5;255;1510855469;1
32;16;10;5;32;5;1510855418;5;255;1510855522;1
32;16;10;5;32;5;1510855461;5;255;1510855565;1
32;16;10;5;32;5;1510856369;5;255;1510856473;1
32;16;10;5;32;5;1510856419;5;255;1510856522;1
32;16;10;5;32;5;1510856593;5;255;1510856697;1
32;16;10;5;32;5;1510856700;5;255;1510856804;1
32;16;10;5;32;5;1510857553;5;255;1510857657;1
32;16;10;5;32;5;1510857688;5;255;1510857792;1
32;16;10;5;32;5;1510857799;5;255;1510857903;1
32;16;10;5;32;5;1510858052;5;255;1510858156;1
32;16;10;5;32;5;1510858629;5;255;1510858732;1
32;16;10;5;32;5;1510858727;5;255;1510858830;1
32;16;10;5;32;5;1510858814;5;255;1510858918;1
32;16;10;5;32;5;1510859053;5;255;1510859156;1
32;16;10;5;32;5;1510859844;5;255;1510859947;1
32;16;10;5;32;5;1510859857;5;255;1510859961;1
32;16;10;5;32;5;1510859936;5;255;1510860039;1
32;16;10;5;32;5;1510860267;5;255;1510860370;1
32;16;10;5;32;5;1510860838;5;255;1510860941;1
32;16;10;5;32;5;1510861010;5;255;1510861113;1
32;16;10;5;32;5;1510861052;5;255;1510861155;1
32;16;10;5;32;5;1510861614;5;255;1510861718;1
32;16;10;5;32;5;1510861869;5;255;1510861973;1
32;16;10;5;32;5;1510862160;5;255;1510862264;1
32;16;10;5;32;5;1510862168;5;255;1510862271;1
32;16;10;5;32;5;1510862898;5;255;1510863002;1
32;16;10;5;32;5;1510863146;5;255;1510863249;1
32;16;10;5;32;5;1510863187;5;255;1510863290;1
32;16;10;5;32;5;1510863415;5;255;1510863518;1
32;16;10;5;32;5;1510863928;5;255;1510864032;1
32;16;10;5;32;5;1510864353;5;255;1510864457;1
32;16;10;5;32;5;1510864369;5;255;1510864473;1
32;16;10;5;32;5;1510864555;5;255;1510864659;1
32;16;10;5;32;5;1510865110;5;255;1510865214;1
32;16;10;5;32;5;1510865347;5;255;1510865451;1
32;16;10;5;32;5;1510865401;5;255;1510865505;1
32;16;10;5;32;5;1510865633;5;255;1510865736;1
32;16;10;5;32;5;1510866250;5;255;1510866353;1
32;16;10;5;32;5;1510866336;5;255;1510866439;1
32;16;10;5;32;5;1510866666;5;255;1510866770;1
32;16;10;5;32;5;1510866728;5;255;1510866831;1
32;16;10;5;32;5;1510867470;5;255;1510867573;1
32;16;10;5;32;5;1510867531;5;255;1510867635;1
32;16;10;5;32;5;1510867944;5;255;1510868050;1
32;16;10;5;32;5;1510868080;5;255;1510868183;1
32;16;10;5;32;5;1510868660;5;255;1510868764;1
32;16;10;5;32;5;1510868665;5;255;1510868769;1
32;16;10;5;32;5;1510869136;5;255;1510869240;1
32;16;10;5;32;5;1510869156;5;255;1510869259;1
32;16;10;5;32;5;1510869801;5;255;1510869905;1
32;16;10;5;32;5;1510869884;5;255;1510869988;1
32;16;10;5;32;5;1510870188;5;255;1510870291;1
32;16;10;5;32;5;1510870421;5;255;1510870525;1
32;16;10;5;32;5;1510870950;5;255;1510871054;1
32;16;10;5;32;5;1510870995;5;255;1510871098;1
32;16;10;5;32;5;1510871420;5;255;1510871524;1
32;16;10;5;32;5;1510871561;5;255;1510871671;1
32;16;10;5;32;5;1510872105;5;255;1510872209;1
32;16;10;5;32;5;1510872180;5;255;1510872283;1
32;16;10;5;32;5;1510872697;5;255;1510872801;1
32;16;10;5;32;5;1510872745;5;255;1510872848;1
32;16;10;5;32;5;1510873194;5;255;1510873298;1
32;16;10;5;32;5;1510873530;5;255;1510873634;1
32;16;10;5;32;5;1510873777;5;255;1510873881;1
32;16;10;5;32;5;1510874030;5;255;1510874134;1
32;16;10;5;32;5;1510874314;5;255;1510874418;1
32;16;10;5;32;5;1510874647;5;255;1510874750;1
32;16;10;5;32;5;1510874895;5;255;1510874999;1
32;16;10;5;32;5;1510875111;5;255;1510875215;1
32;16;10;5;32;5;1510875627;5;255;1510875731;1
32;16;10;5;32;5;1510875956;5;255;1510876059;1
32;16;10;5;32;5;1510875967;5;255;1510876071;1
32;16;10;5;32;5;1510876297;5;255;1510876401;1
32;16;10;5;32;5;1510876655;5;255;1510876759;1
32;16;10;5;32;5;1510877175;5;255;1510877279;1
32;16;10;5;32;5;1510877200;5;255;1510877304;1
32;16;10;5;32;5;1510877535;5;255;1510877639;1
32;16;10;5;32;5;1510877851;5;255;1510877954;1
32;16;10;5;32;5;1510878277;5;255;1510878380;1
32;16;10;5;32;5;1510878474;5;255;1510878578;1
32;16;10;5;32;5;1510878542;5;255;1510878645;1
32;16;10;5;32;5;1510879115;5;255;1510879219;1
32;16;10;5;32;5;1510879372;5;255;1510879486;1
32;16;10;5;32;5;1510879706;5;255;1510879809;1
32;16;10;5;32;5;1510879888;5;255;1510879991;1
32;16;10;5;32;5;1510880179;5;255;1510880283;1
32;16;10;5;32;5;1510880592;5;255;1510880695;1
32;16;10;5;32;5;1510880959;5;255;1510881062;1
32;16;10;5;32;5;1510881024;5;255;1510881128;1
32;16;10;5;32;5;1510881252;5;255;1510881356;1
32;16;10;5;32;5;1510881631;5;255;1510881734;1
32;16;10;5;32;5;1510882041;5;255;1510882145;1
32;16;10;5;32;5;1510882070;5;255;1510882174;1
32;16;10;5;32;5;1510882568;5;255;1510882672;1
32;16;10;5;32;5;1510882756;5;255;1510882859;1
32;16;10;5;32;5;1510883171;5;255;1510883275;1
32;16;10;5;32;5;1510883302;5;255;1510883405;1
32;16;10;5;32;5;1510883949;5;255;1510884053;1
32;16;10;5;32;5;1510883979;5;255;1510884082;1
32;16;10;5;32;5;1510884450;5;255;1510884553;1
32;16;10;5;32;5;1510884470;5;255;1510884573;1
32;16;10;5;32;5;1510884922;5;255;1510885026;1
32;16;10;5;32;5;1510885233;5;255;1510885337;1
32;16;10;5;32;5;1510885634;5;255;1510885738;1
32;16;10;5;32;5;1510885761;5;255;1510885866;1
32;16;10;5;32;5;1510885988;5;255;1510885998;0
32;16;10;5;32;5;1510886308;5;255;1510886412;1
32;16;10;5;32;5;1510886861;5;255;1510886964;1
32;16;10;5;32;5;1510886983;5;255;1510887087;1
32;16;10;5;32;5;1510887054;5;255;1510887158;1
32;16;10;5;32;5;1510887335;5;255;1510887439;1
32;16;10;5;32;5;1510887944;5;255;1510888047;1
32;16;10;5;32;5;1510888021;5;255;1510888124;1
32;16;10;5;32;5;1510888259;5;255;1510888362;1
32;16;10;5;32;5;1510888564;5;255;1510888668;1
32;16;10;5;32;5;1510889104;5;255;1510889208;1
32;16;10;5;32;5;1510889127;5;255;1510889231;1
32;16;10;5;32;5;1510889466;5;255;1510889569;1
32;16;10;5;32;5;1510889780;5;255;1510889884;1
32;16;10;5;32;5;1510890188;5;255;1510890291;1
32;16;10;5;32;5;1510890375;5;255;1510890479;1
32;16;10;5;32;5;1510890560;5;255;1510890632;0
32;16;10;5;32;5;1510890977;5;255;1510891081;1
32;16;10;5;32;5;1510891499;5;255;1510891603;1
32;16;10;5;32;5;1510891523;5;255;1510891626;1
32;16;10;5;32;5;1510891523;5;255;1510891626;1
32;16;10;5;32;5;1510892206;5;255;1510892310;1
32;16;10;5;32;5;1510892538;5;255;1510892642;1
32;16;10;5;32;5;1510892595;5;255;1510892698;1
32;16;10;5;32;5;1510892643;5;255;1510892746;1
32;16;10;5;32;5;1510893415;5;255;1510893519;1
32;16;10;5;32;5;1510893696;5;255;1510893799;1
32;16;10;5;32;5;1510893976;5;255;1510894080;1
32;16;10;5;32;5;1510894000;5;255;1510894104;1
32;16;10;5;32;5;1510894638;5;255;1510894742;1
32;16;10;5;32;5;1510894683;5;255;1510894787;1
32;16;10;5;32;5;1510895165;5;255;1510895269;1
32;16;10;5;32;5;1510895194;5;255;1510895297;1
32;16;10;5;32;5;1510895760;5;255;1510895864;1
32;16;10;5;32;5;1510895767;5;255;1510895870;1
32;16;10;5;32;5;1510896148;5;255;1510896252;1
32;16;10;5;32;5;1510896394;5;255;1510896498;1
32;16;10;5;32;5;1510896744;5;255;1510896848;1
32;16;10;5;32;5;1510896803;5;255;1510896907;1
32;16;10;5;32;5;1510897285;5;255;1510897389;1
32;16;10;5;32;5;1510897468;5;255;1510897571;1
32;16;10;5;32;5;1510897737;5;255;1510897841;1
32;16;10;5;32;5;1510897858;5;255;1510897962;1
32;16;10;5;32;5;1510898533;5;255;1510898638;1
32;16;10;5;32;5;1510898814;5;255;1510898918;1
32;16;10;5;32;5;1510898841;5;255;1510898944;1
32;16;10;5;32;5;1510898955;5;255;1510899059;1
32;16;10;5;32;5;1510899615;5;255;1510899719;1
32;16;10;5;32;5;1510900057;5;255;1510900161;1
32;16;10;5;32;5;1510900064;5;255;1510900167;1
32;16;10;5;32;5;1510900068;5;255;1510900172;1
32;16;10;5;32;5;1510900794;5;255;1510900898;1
32;16;10;5;32;5;1510901210;5;255;1510901314;1
32;16;10;5;32;5;1510901236;5;255;1510901340;1
32;16;10;5;32;5;1510901258;5;255;1510901361;1
32;16;10;5;32;5;1510902097;5;255;1510902201;1
32;16;10;5;32;5;1510902324;5;255;1510902427;1
32;16;10;5;32;5;1510902421;5;255;1510902524;1
32;16;10;5;32;5;1510902482;5;255;1510902566;0
32;16;10;5;32;5;1510903414;5;255;1510903518;1
32;16;10;5;32;5;1510903462;5;255;1510903566;1
32;16;10;5;32;5;1510903594;5;255;1510903698;1
32;16;10;5;32;5;1510903746;5;255;1510903850;1
32;16;10;5;32;5;1510904464;5;255;1510904568;1
32;16;10;5;32;5;1510904645;5;255;1510904748;1
32;16;10;5;32;5;1510904726;5;255;1510904829;1
32;16;10;5;32;5;1510905037;5;255;1510905141;1
32;16;10;5;32;5;1510905571;5;255;1510905675;1
32;16;10;5;32;5;1510905863;5;255;1510905967;1
32;16;10;5;32;5;1510905920;5;255;1510906024;1
32;16;10;5;32;5;1510906058;5;255;1510906162;1
32;16;10;5;32;5;1510906784;5;255;1510906889;1
32;16;10;5;32;5;1510907017;5;255;1510907121;1
32;16;10;5;32;5;1510907139;5;255;1510907242;1
32;16;10;5;32;5;1510907413;5;255;1510907517;1
32;16;10;5;32;5;1510907876;5;255;1510907980;1
32;16;10;5;32;5;1510908138;5;255;1510908241;1
32;16;10;5;32;5;1510908371;5;255;1510908474;1
32;16;10;5;32;5;1510908572;5;255;1510908676;1
32;16;10;5;32;5;1510909147;5;255;1510909252;1
32;16;10;5;32;5;1510909311;5;255;1510909415;1
32;16;10;5;32;5;1510909420;5;255;1510909524;1
32;16;10;5;32;5;1510909768;5;255;1510909872;1
32;16;10;5;32;5;1510910289;5;255;1510910393;1
32;16;10;5;32;5;1510910338;5;255;1510910441;1
32;16;10;5;32;5;1510910645;5;255;1510910748;1
32;16;10;5;32;5;1510910956;5;255;1510911060;1
32;16;10;5;32;5;1510911506;5;255;1510911610;1
32;16;10;5;32;5;1510911732;5;255;1510911837;1
32;16;10;5;32;5;1510911967;5;255;1510912070;1
32;16;10;5;32;5;1510912166;5;255;1510912270;1
32;16;10;5;32;5;1510912639;5;255;1510912743;1
32;16;10;5;32;5;1510912744;5;255;1510912847;1
32;16;10;5;32;5;1510913353;5;255;1510913457;1
32;16;10;5;32;5;1510913388;5;255;1510913492;1
32;16;10;5;32;5;1510913763;5;255;1510913867;1
32;16;10;5;32;5;1510913799;5;255;1510913903;1
32;16;10;5;32;5;1510914524;5;255;1510914628;1
32;16;10;5;32;5;1510914621;5;255;1510914724;1
32;16;10;5;32;5;1510914989;5;255;1510915093;1
32;16;10;5;32;5;1510914991;5;255;1510915095;1
32;16;10;5;32;5;1510915560;5;255;1510915663;1
32;16;10;5;32;5;1510915589;5;255;1510915693;1
32;16;10;5;32;5;1510915982;5;255;1510916086;1
32;16;10;5;32;5;1510916189;5;255;1510916293;1
32;16;10;5;32;5;1510916774;5;255;1510916877;1
32;16;10;5;32;5;1510916807;5;255;1510916912;1
32;16;10;5;32;5;1510917234;5;255;1510917339;1
32;16;10;5;32;5;1510917241;5;255;1510917347;1
32;16;10;5;32;5;1510917850;5;255;1510917953;1
32;16;10;5;32;5;1510918085;5;255;1510918189;1
32;16;10;5;32;5;1510918461;5;255;1510918564;1
32;16;10;5;32;5;1510918472;5;255;1510918575;1
32;16;10;5;32;5;1510919186;5;255;1510919289;1
32;16;10;5;32;5;1510919338;5;255;1510919442;1
32;16;10;5;32;5;1510919683;5;255;1510919787;1
32;16;10;5;32;5;1510919736;5;255;1510919840;1
32;16;10;5;32;5;1510920338;5;255;1510920429;0
32;16;10;5;32;5;1510920443;5;255;1510920547;1
32;16;10;5;32;5;1510920897;5;255;1510921000;1
32;16;10;5;32;5;1510921035;5;255;1510921138;1
32;16;10;5;32;5;1510921375;5;255;1510921479;1
32;16;10;5;32;5;1510921512;5;255;1510921615;1
32;16;10;5;32;5;1510922117;5;255;1510922220;1
32;16;10;5;32;5;1510922366;5;255;1510922470;1
32;16;10;5;32;5;1510922449;5;255;1510922552;1
32;16;10;5;32;5;1510922455;5;255;1510922559;1
32;16;10;5;32;5;1510923343;5;255;1510923446;1
32;16;10;5;32;5;1510923463;5;255;1510923567;1
32;16;10;5;32;5;1510923655;5;255;1510923759;1
32;16;10;5;32;5;1510923841;5;255;1510923945;1
32;16;10;5;32;5;1510924579;5;255;1510924682;1
32;16;10;5;32;5;1510924633;5;255;1510924737;1
32;16;10;5;32;5;1510924771;5;255;1510924875;1
32;16;10;5;32;5;1510925047;5;255;1510925153;1
32;16;10;5;32;5;1510925649;5;255;1510925752;1
32;16;10;5;32;5;1510925657;5;255;1510925760;1
32;16;10;5;32;5;1510925724;5;255;1510925828;1
32;16;10;5;32;5;1510926135;5;255;1510926239;1
32;16;10;5;32;5;1510926652;5;255;1510926755;1
32;16;10;5;32;5;1510926803;5;255;1510926907;1
32;16;10;5;32;5;1510926861;5;255;1510926965;1
32;16;10;5;32;5;1510927164;5;255;1510927268;1
32;16;10;5;32;5;1510927753;5;255;1510927856;1
32;16;10;5;32;5;1510927902;5;255;1510928005;1
32;16;10;5;32;5;1510927975;5;255;1510928079;1
32;16;10;5;32;5;1510928516;5;255;1510928620;1
32;16;10;5;32;5;1510928885;5;255;1510928988;1
32;16;10;5;32;5;1510928918;5;255;1510929021;1
32;16;10;5;32;5;1510928951;5;255;1510929055;1
32;16;10;5;32;5;1510929782;5;255;1510929886;1
32;16;10;5;32;5;1510929965;5;255;1510930069;1
32;16;10;5;32;5;1510929980;5;255;1510930083;1
32;16;10;5;32;5;1510930050;5;255;1510930154;1
32;16;10;5;32;5;1510930997;5;255;1510931101;1
32;16;10;5;32;5;1510931093;5;255;1510931196;1
32;16;10;5;32;5;1510931252;5;255;1510931355;1
32;16;10;5;32;5;1510931263;5;255;1510931367;1
32;16;10;5;32;5;1510931966;5;255;1510932070;1
32;16;10;5;32;5;1510932297;5;255;1510932401;1
32;16;10;5;32;5;1510932338;5;255;1510932442;1
32;16;10;5;32;5;1510932407;5;255;1510932511;1
32;16;10;5;32;5;1510933174;5;255;1510933279;1
32;16;10;5;32;5;1510933327;5;255;1510933432;1
32;16;10;5;32;5;1510933554;5;255;1510933658;1
32;16;10;5;32;5;1510933675;5;255;1510933778;1
32;16;10;5;32;5;1510934357;5;255;1510934460;1
32;16;10;5;32;5;1510934455;5;255;1510934560;1
32;16;10;5;32;5;1510934642;5;255;1510934746;1
32;16;10;5;32;5;1510934922;5;255;1510935026;1
32;16;10;5;32;5;1510935495;5;255;1510935598;1
32;16;10;5;32;5;1510935682;5;255;1510935786;1
32;16;10;5;32;5;1510935809;5;255;1510935913;1
32;16;10;5;32;5;1510936161;5;255;1510936264;1
32;16;10;5;32;5;1510936627;5;255;1510936730;1
32;16;10;5;32;5;1510936724;5;255;1510936829;1
32;16;10;5;32;5;1510936778;5;255;1510936882;1
32;16;10;5;32;5;1510937428;5;255;1510937531;1
32;16;10;5;32;5;1510937834;5;255;1510937938;1
32;16;10;5;32;5;1510937852;5;255;1510937956;1
32;16;10;5;32;5;1510937873;5;255;1510937976;1
32;16;10;5;32;5;1510938515;5;255;1510938619;1
32;16;10;5;32;5;1510938919;5;255;1510939023;1
32;16;10;5;32;5;1510939071;5;255;1510939174;1
32;16;10;5;32;5;1510939102;5;255;1510939206;1
32;16;10;5;32;5;1510939778;5;255;1510939882;1
32;16;10;5;32;5;1510940137;5;255;1510940240;1
32;16;10;5;32;5;1510940154;5;255;1510940259;1
32;16;10;5;32;5;1510940209;5;255;1510940313;1
32;16;10;5;32;5;1510940870;5;255;1510940974;1
32;16;10;5;32;5;1510941336;5;255;1510941439;1
32;16;10;5;32;5;1510941423;5;255;1510941527;1
32;16;10;5;32;5;1510941523;5;255;1510941627;1
32;16;10;5;32;5;1510941917;5;255;1510942020;1
32;16;10;5;32;5;1510942521;5;255;1510942625;1
32;16;10;5;32;5;1510942584;5;255;1510942687;1
32;16;10;5;32;5;1510942658;5;255;1510942763;1
32;16;10;5;32;5;1510943249;5;255;1510943352;1
32;16;10;5;32;5;1510943521;5;255;1510943626;1
32;16;10;5;32;5;1510943601;5;255;1510943704;1
32;16;10;5;32;5;1510943721;5;255;1510943826;1
32;16;10;5;32;5;1510944364;5;255;1510944468;1
32;16;10;5;32;5;1510944536;5;255;1510944640;1
32;16;10;5;32;5;1510944817;5;255;1510944921;1
32;16;10;5;32;5;1510944955;5;255;1510945059;1
32;16;10;5;32;5;1510945619;5;255;1510945722;1
32;16;10;5;32;5;1510945660;5;255;1510945763;1
32;16;10;5;32;5;1510945928;5;255;1510946032;1
32;16;10;5;32;5;1510946162;5;255;1510946266;1
32;16;10;5;32;5;1510946888;5;255;1510946992;1
32;16;10;5;32;5;1510946914;5;255;1510947017;1
32;16;10;5;32;5;1510947117;5;255;1510947221;1
32;16;10;5;32;5;1510947433;5;255;1510947537;1
32;16;10;5;32;5;1510947917;5;255;1510948023;1
32;16;10;5;32;5;1510948040;5;255;1510948143;1
32;16;10;5;32;5;1510948259;5;255;1510948363;1
32;16;10;5;32;5;1510948769;5;255;1510948874;1
32;16;10;5;32;5;1510948980;5;255;1510949083;1
32;16;10;5;32;5;1510949141;5;255;1510949244;1
32;16;10;5;32;5;1510949335;5;255;1510949438;1
32;16;10;5;32;5;1510949867;5;255;1510949971;1
32;16;10;5;32;5;1510950229;5;255;1510950333;1
32;16;10;5;32;5;1510950264;5;255;1510950368;1
32;16;10;5;32;5;1510950467;5;255;1510950571;1
32;16;10;5;32;5;1510950983;5;255;1510951087;1
32;16;10;5;32;5;1510951307;5;255;1510951411;1
32;16;10;5;32;5;1510951538;5;255;1510951641;1
32;16;10;5;32;5;1510951687;5;255;1510951792;1
32;16;10;5;32;5;1510952329;5;255;1510952433;1
32;16;10;5;32;5;1510952330;5;255;1510952434;1
32;16;10;5;32;5;1510952499;5;255;1510952603;1
32;16;10;5;32;5;1510952949;5;255;1510953054;1
32;16;10;5;32;5;1510953437;5;255;1510953540;1
32;16;10;5;32;5;1510953513;5;255;1510953617;1
32;16;10;5;32;5;1510953601;5;255;1510953704;1
32;16;10;5;32;5;1510954059;5;255;1510954163;1
32;16;10;5;32;5;1510954423;5;255;1510954527;1
32;16;10;5;32;5;1510954681;5;255;1510954784;1
32;16;10;5;32;5;1510954738;5;255;1510954842;1
32;16;10;5;32;5;1510955099;5;255;1510955203;1
32;16;10;5;32;5;1510955654;5;255;1510955757;1
32;16;10;5;32;5;1510955686;5;255;1510955789;1
32;16;10;5;32;5;1510955906;5;255;1510956010;1
32;16;10;5;32;5;1510956141;5;255;1510956245;1
32;16;10;5;32;5;1510956676;5;255;1510956779;1
32;16;10;5;32;5;1510956775;5;255;1510956878;1
32;16;10;5;32;5;1510957022;5;255;1510957126;1
32;16;10;5;32;5;1510957403;5;255;1510957507;1
32;16;10;5;32;5;1510957895;5;255;1510957998;1
32;16;10;5;32;5;1510958044;5;255;1510958147;1
32;16;10;5;32;5;1510958151;5;255;1510958255;1
32;16;10;5;32;5;1510958624;5;255;1510958728;1
32;16;10;5;32;5;1510958932;5;255;1510959035;1
32;16;10;5;32;5;1510959091;5;255;1510959196;1
32;16;10;5;32;5;1510959167;5;255;1510959271;1
32;16;10;5;32;5;1510959945;5;255;1510960049;1
32;16;10;5;32;5;1510960188;5;255;1510960291;1
32;16;10;5;32;5;1510960354;5;255;1510960458;1
32;16;10;5;32;5;1510960445;5;255;1510960548;1
32;16;10;5;32;5;1510961003;5;255;1510961107;1
32;16;10;5;32;5;1510961295;5;255;1510961398;1
32;16;10;5;32;5;1510961395;5;255;1510961499;1
32;16;10;5;32;5;1510961630;5;255;1510961734;1
32;16;10;5;32;5;1510962246;5;255;1510962350;1
32;16;10;5;32;5;1510962510;5;255;1510962614;1
32;16;10;5;32;5;1510962629;5;255;1510962733;1
32;16;10;5;32;5;1510962635;5;255;1510962739;1
32;16;10;5;32;5;1510963263;5;255;1510963366;1
32;16;10;5;32;5;1510963485;5;255;1510963589;1
32;16;10;5;32;5;1510963942;5;255;1510964046;1
32;16;10;5;32;5;1510963960;5;255;1510964065;1
32;16;10;5;32;5;1510964523;5;255;1510964626;1
32;16;10;5;32;5;1510964756;5;255;1510964860;1
32;16;10;5;32;5;1510964984;5;255;1510965087;1
32;16;10;5;32;5;1510965268;5;255;1510965373;1
32;16;10;5;32;5;1510965615;5;255;1510965718;1
32;16;10;5;32;5;1510965978;5;255;1510966081;1
32;16;10;5;32;5;1510966165;5;255;1510966269;1
32;16;10;5;32;5;1510966430;5;255;1510966534;1
32;16;10;5;32;5;1510966626;5;255;1510966730;1
32;16;10;5;32;5;1510967189;5;255;1510967293;1
32;16;10;5;32;5;1510967332;5;255;1510967435;1
32;16;10;5;32;5;1510967565;5;255;1510967670;1
32;16;10;5;32;5;1510967756;5;255;1510967860;1
32;16;10;5;32;5;1510968470;5;255;1510968573;1
32;16;10;5;32;5;1510968480;5;255;1510968583;1
32;16;10;5;32;5;1510968770;5;255;1510968875;1
32;16;10;5;32;5;1510969145;5;255;1510969249;1
32;16;10;5;32;5;1510969627;5;255;1510969731;1
32;16;10;5;32;5;1510969780;5;255;1510969884;1
32;16;10;5;32;5;1510969973;5;255;1510970076;1
32;16;10;5;32;5;1510970356;5;255;1510970460;1
32;16;10;5;32;5;1510970824;5;255;1510970929;1
32;16;10;5;32;5;1510971051;5;255;1510971155;1
32;16;10;5;32;5;1510971076;5;255;1510971180;1
32;16;10;5;32;5;1510971489;5;255;1510971593;1
32;16;10;5;32;5;1510972052;5;255;1510972156;1
32;16;10;5;32;5;1510972236;5;255;1510972340;1
32;16;10;5;32;5;1510972409;5;255;1510972512;1
32;16;10;5;32;5;1510972676;5;255;1510972780;1
32;16;10;5;32;5;1510973300;5;255;1510973405;1
32;16;10;5;32;5;1510973495;5;255;1510973599;1
32;16;10;5;32;5;1510973629;5;255;1510973732;1
32;16;10;5;32;5;1510973721;5;255;1510973825;1
32;16;10;5;32;5;1510974270;5;255;1510974376;1
32;16;10;5;32;5;1510974621;5;255;1510974725;1
32;16;10;5;32;5;1510974799;5;255;1510974904;1
32;16;10;5;32;5;1510974946;5;255;1510975049;1
32;16;10;5;32;5;1510975317;5;255;1510975421;1
32;16;10;5;32;5;1510975809;5;255;1510975912;1
32;16;10;5;32;5;1510975844;5;255;1510975948;1
32;16;10;5;32;5;1510976181;5;255;1510976285;1
32;16;10;5;32;5;1510976493;5;255;1510976597;1
32;16;10;5;32;5;1510977008;5;255;1510977112;1
32;16;10;5;32;5;1510977041;5;255;1510977145;1
32;16;10;5;32;5;1510977342;5;255;1510977445;1
32;16;10;5;32;5;1510977797;5;255;1510977901;1
32;16;10;5;32;5;1510977941;5;255;1510978045;1
32;16;10;5;32;5;1510978093;5;255;1510978196;1
32;16;10;5;32;5;1510978488;5;255;1510978591;1
32;16;10;5;32;5;1510978988;5;255;1510979092;1
32;16;10;5;32;5;1510979118;5;255;1510979222;1
32;16;10;5;32;5;1510979242;5;255;1510979347;1
32;16;10;5;32;5;1510979754;5;255;1510979858;1
32;16;10;5;32;5;1510980264;5;255;1510980368;1
32;16;10;5;32;5;1510980412;5;255;1510980516;1
32;16;10;5;32;5;1510980450;5;255;1510980553;1
32;16;10;5;32;5;1510980853;5;255;1510980956;1
32;16;10;5;32;5;1510981387;5;255;1510981491;1
32;16;10;5;32;5;1510981551;5;255;1510981654;1
32;16;10;5;32;5;1510981623;5;255;1510981727;1
32;16;10;5;32;5;1510982020;5;255;1510982123;1
32;16;10;5;32;5;1510982575;5;255;1510982680;1
32;16;10;5;32;5;1510982579;5;255;1510982683;1
32;16;10;5;32;5;1510982762;5;255;1510982866;1
32;16;10;5;32;5;1510983034;5;255;1510983138;1
32;16;10;5;32;5;1510983601;5;255;1510983705;1
32;16;10;5;32;5;1510983811;5;255;1510983915;1
32;16;10;5;32;5;1510984045;5;255;1510984149;1
32;16;10;5;32;5;1510984070;5;255;1510984175;1
32;16;10;5;32;5;1510984789;5;255;1510984893;1
32;16;10;5;32;5;1510984804;5;255;1510984908;1
32;16;10;5;32;5;1510985220;5;255;1510985324;1
32;16;10;5;32;5;1510985269;5;255;1510985372;1
32;16;10;5;32;5;1510985896;5;255;1510986000;1
32;16;10;5;32;5;1510986047;5;255;1510986150;1
32;16;10;5;32;5;1510986218;5;255;1510986323;1
32;16;10;5;32;5;1510986424;5;255;1510986528;1
32;16;10;5;32;5;1510986964;5;255;1510987068;1
32;16;10;5;32;5;1510987165;5;255;1510987268;1
32;16;10;5;32;5;1510987241;5;255;1510987346;1
32;16;10;5;32;5;1510987683;5;255;1510987786;1
32;16;10;5;32;5;1510988139;5;255;1510988243;1
32;16;10;5;32;5;1510988383;5;255;1510988487;1
32;16;10;5;32;5;1510988502;5;255;1510988607;1
32;16;10;5;32;5;1510988950;5;255;1510989053;1
32;16;10;5;32;5;1510989364;5;255;1510989468;1
32;16;10;5;32;5;1510989555;5;255;1510989659;1
32;16;10;5;32;5;1510989589;5;255;1510989693;1
32;16;10;5;32;5;1510990167;5;255;1510990271;1
32;16;10;5;32;5;1510990552;5;255;1510990656;1
32;16;10;5;32;5;1510990597;5;255;1510990701;1
32;16;10;5;32;5;1510990609;5;255;1510990714;1
32;16;10;5;32;5;1510991300;5;255;1510991403;1
32;16;10;5;32;5;1510991744;5;255;1510991848;1
32;16;10;5;32;5;1510991824;5;255;1510991928;1
32;16;10;5;32;5;1510992002;5;255;1510992106;1
32;16;10;5;32;5;1510992384;5;255;1510992487;1
32;16;10;5;32;5;1510992762;5;255;1510992867;1
32;16;10;5;32;5;1510993021;5;255;1510993125;1
32;16;10;5;32;5;1510993066;5;255;1510993169;1
32;16;10;5;32;5;1510993621;5;255;1510993725;1
32;16;10;5;32;5;1510993924;5;255;1510994029;1
32;16;10;5;32;5;1510994221;5;255;1510994325;1
32;16;10;5;32;5;1510994291;5;255;1510994395;1
32;16;10;5;32;5;1510994903;5;255;1510995008;1
32;16;10;5;32;5;1510995289;5;255;1510995393;1
32;16;10;5;32;5;1510995393;5;255;1510995497;1
32;16;10;5;32;5;1510995434;5;255;1510995537;1
32;16;10;5;32;5;1510995999;5;255;1510996103;1
32;16;10;5;32;5;1510996441;5;255;1510996545;1
32;16;10;5;32;5;1510996618;5;255;1510996723;1
32;16;10;5;32;5;1510996714;5;255;1510996817;1
32;16;10;5;32;5;1510997105;5;255;1510997209;1
32;16;10;5;32;5;1510997576;5;255;1510997680;1
32;16;10;5;32;5;1510997675;5;255;1510997780;1
32;16;10;5;32;5;1510997899;5;255;1510998003;1
32;16;10;5;32;5;1510998375;5;255;1510998478;1
32;16;10;5;32;5;1510998692;5;255;1510998796;1
32;16;10;5;32;5;1510998770;5;255;1510998875;1
32;16;10;5;32;5;1510999013;5;255;1510999117;1
32;16;10;5;32;5;1510999560;5;255;1510999664;1
32;16;10;5;32;5;1510999830;5;255;1510999934;1
32;16;10;5;32;5;1510999872;5;255;1510999976;1
32;16;10;5;32;5;1511000075;5;255;1511000179;1
32;16;10;5;32;5;1511000782;5;255;1511000886;1
32;16;10;5;32;5;1511001049;5;255;1511001153;1
32;16;10;5;32;5;1511001120;5;255;1511001224;1
32;16;10;5;32;5;1511001264;5;255;1511001368;1
32;16;10;5;32;5;1511001956;5;255;1511002061;1
32;16;10;5;32;5;1511002248;5;255;1511002258;0
32;16;10;5;32;5;1511002443;5;255;1511002547;1
32;16;10;5;32;5;1511002568;5;255;1511002671;1
32;16;10;5;32;5;1511003096;5;255;1511003200;1
32;16;10;5;32;5;1511003395;5;255;1511003499;1
32;16;10;5;32;5;1511003735;5;255;1511003839;1
32;16;10;5;32;5;1511003756;5;255;1511003860;1
32;16;10;5;32;5;1511004327;5;255;1511004432;1
32;16;10;5;32;5;1511004444;5;255;1511004548;1
32;16;10;5;32;5;1511004790;5;255;1511004894;1
32;16;10;5;32;5;1511004890;5;255;1511004993;1
32;16;10;5;32;5;1511005595;5;255;1511005700;1
32;16;10;5;32;5;1511005667;5;255;1511005770;1
32;16;10;5;32;5;1511006024;5;255;1511006127;1
32;16;10;5;32;5;1511006146;5;255;1511006250;1
32;16;10;5;32;5;1511006559;5;255;1511006663;1
32;16;10;5;32;5;1511006965;5;255;1511007069;1
32;16;10;5;32;5;1511007141;5;255;1511007246;1
32;16;10;5;32;5;1511007397;5;255;1511007502;1
32;16;10;5;32;5;1511007653;5;255;1511007756;1
32;16;10;5;32;5;1511008227;5;255;1511008330;1
32;16;10;5;32;5;1511008422;5;255;1511008527;1
32;16;10;5;32;5;1511008738;5;255;1511008842;1
32;16;10;5;32;5;1511008780;5;255;1511008883;1
32;16;10;5;32;5;1511009378;5;255;1511009481;1
32;16;10;5;32;5;1511009645;5;255;1511009748;1
32;16;10;5;32;5;1511009850;5;255;1511009955;1
32;16;10;5;32;5;1511009906;5;255;1511010010;1
32;16;10;5;32;5;1511010315;5;255;1511010420;1
32;16;10;5;32;5;1511010690;5;255;1511010794;1
32;16;10;5;32;5;1511010983;5;255;1511011088;1
32;16;10;5;32;5;1511011022;5;255;1511011126;1
32;16;10;5;32;5;1511011434;5;255;1511011538;1
32;16;10;5;32;5;1511011978;5;255;1511012082;1
32;16;10;5;32;5;1511012039;5;255;1511012143;1
32;16;10;5;32;5;1511012162;5;255;1511012267;1
32;16;10;5;32;5;1511012688;5;255;1511012793;1
32;16;10;5;32;5;1511013155;5;255;1511013258;1
32;16;10;5;32;5;1511013169;5;255;1511013274;1
32;16;10;5;32;5;1511013311;5;255;1511013414;1
32;16;10;5;32;5;1511014053;5;255;1511014156;1
32;16;10;5;32;5;1511014157;5;255;1511014261;1
32;16;10;5;32;5;1511014353;5;255;1511014470;1
32;16;10;5;32;5;1511014365;5;255;1511014470;1
32;16;10;5;32;5;1511015151;5;255;1511015254;1
32;16;10;5;32;5;1511015284;5;255;1511015388;1
32;16;10;5;32;5;1511015514;5;255;1511015618;1
32;16;10;5;32;5;1511015553;5;255;1511015658;1
32;16;10;5;32;5;1511016399;5;255;1511016504;1
32;16;10;5;32;5;1511016515;5;255;1511016619;1
32;16;10;5;32;5;1511016529;5;255;1511016633;1
32;16;10;5;32;5;1511016736;5;255;1511016840;1
32;16;10;5;32;5;1511017680;5;255;1511017783;1
32;16;10;5;32;5;1511017682;5;255;1511017786;1
32;16;10;5;32;5;1511017768;5;255;1511017874;1
32;16;10;5;32;5;1511017924;5;255;1511018027;1
32;16;10;5;32;5;1511018684;5;255;1511018788;1
32;16;10;5;32;5;1511018904;5;255;1511019007;1
32;16;10;5;32;5;1511018963;5;255;1511019069;1
32;16;10;5;32;5;1511019057;5;255;1511019161;1
32;16;10;5;32;5;1511019831;5;255;1511019935;1
32;16;10;5;32;5;1511020127;5;255;1511020231;1
32;16;10;5;32;5;1511020145;5;255;1511020250;1
32;16;10;5;32;5;1511020178;5;255;1511020282;1
32;16;10;5;32;5;1511020867;5;255;1511020971;1
32;16;10;5;32;5;1511021288;5;255;1511021391;1
32;16;10;5;32;5;1511021348;5;255;1511021453;1
32;16;10;5;32;5;1511021375;5;255;1511021481;1
32;16;10;5;32;5;1511022090;5;255;1511022193;1
32;16;10;5;32;5;1511022424;5;255;1511022528;1
32;16;10;5;32;5;1511022548;5;255;1511022652;1
32;16;10;5;32;5;1511022748;5;255;1511022852;1
32;16;10;5;32;5;1511023417;5;255;1511023522;1
32;16;10;5;32;5;1511023556;5;255;1511023660;1
32;16;10;5;32;5;1511023885;5;255;1511023989;1
32;16;10;5;32;5;1511023903;5;255;1511024007;1
32;16;10;5;32;5;1511024460;5;255;1511024565;1
32;16;10;5;32;5;1511024621;5;255;1511024724;1
32;16;10;5;32;5;1511024947;5;255;1511025051;1
32;16;10;5;32;5;1511025161;5;255;1511025266;1
32;16;10;5;32;5;1511025554;5;255;1511025657;1
32;16;10;5;32;5;1511025773;5;255;1511025878;1
32;16;10;5;32;5;1511025913;5;255;1511026018;1
32;16;10;5;32;5;1511026294;5;255;1511026398;1
32;16;10;5;32;5;1511026664;5;255;1511026768;1
32;16;10;5;32;5;1511026836;5;255;1511026942;1
32;16;10;5;32;5;1511027115;5;255;1511027219;1
32;16;10;5;32;5;1511027338;5;255;1511027441;1
32;16;10;5;32;5;1511027907;5;255;1511028011;1
32;16;10;5;32;5;1511028151;5;255;1511028256;1
32;16;10;5;32;5;1511028347;5;255;1511028450;1
32;16;10;5;32;5;1511028484;5;255;1511028588;1
32;16;10;5;32;5;1511029100;5;255;1511029204;1
32;16;10;5;32;5;1511029407;5;255;1511029511;1
32;16;10;5;32;5;1511029447;5;255;1511029550;1
32;16;10;5;32;5;1511029824;5;255;1511029929;1
32;16;10;5;32;5;1511030115;5;255;1511030219;1
32;16;10;5;32;5;1511030543;5;255;1511030646;1
32;16;10;5;32;5;1511030653;5;255;1511030758;1
32;16;10;5;32;5;1511031127;5;255;1511031230;1
32;16;10;5;32;5;1511031219;5;255;1511031323;1
32;16;10;5;32;5;1511031655;5;255;1511031760;1
32;16;10;5;32;5;1511031857;5;255;1511031962;1
32;16;10;5;32;5;1511032290;5;255;1511032395;1
32;16;10;5;32;5;1511032478;5;255;1511032582;1
32;16;10;5;32;5;1511032700;5;255;1511032803;1
32;16;10;5;32;5;1511033050;5;255;1511033154;1
32;16;10;5;32;5;1511033533;5;255;1511033637;1
32;16;10;5;32;5;1511033543;5;255;1511033649;1
32;16;10;5;32;5;1511033828;5;255;1511033932;1
32;16;10;5;32;5;1511034246;5;255;1511034351;1
32;16;10;5;32;5;1511034748;5;255;1511034852;1
32;16;10;5;32;5;1511034767;5;255;1511034872;1
32;16;10;5;32;5;1511034868;5;255;1511034972;1
32;16;10;5;32;5;1511035479;5;255;1511035584;1
32;16;10;5;32;5;1511035832;5;255;1511035935;1
32;16;10;5;32;5;1511035987;5;255;1511036093;1
32;16;10;5;32;5;1511036087;5;255;1511036191;1
32;16;10;5;32;5;1511036805;5;255;1511036909;1
32;16;10;5;32;5;1511037003;5;255;1511037106;1
32;16;10;5;32;5;1511037106;5;255;1511037210;1
32;16;10;5;32;5;1511037293;5;255;1511037399;1
32;16;10;5;32;5;1511037912;5;255;1511038016;1
32;16;10;5;32;5;1511038156;5;255;1511038260;1
32;16;10;5;32;5;1511038289;5;255;1511038393;1
32;16;10;5;32;5;1511038292;5;255;1511038397;1
32;16;10;5;32;5;1511039107;5;255;1511039214;1
32;16;10;5;32;5;1511039173;5;255;1511039276;1
32;16;10;5;32;5;1511039398;5;255;1511039504;1
32;16;10;5;32;5;1511039462;5;255;1511039566;1
32;16;10;5;32;5;1511040217;5;255;1511040322;1
32;16;10;5;32;5;1511040312;5;255;1511040416;1
32;16;10;5;32;5;1511040496;5;255;1511040602;1
32;16;10;5;32;5;1511040665;5;255;1511040768;1
32;16;10;5;32;5;1511041459;5;255;1511041563;1
32;16;10;5;32;5;1511041461;5;255;1511041565;1
32;16;10;5;32;5;1511041632;5;255;1511041738;1
32;16;10;5;32;5;1511041747;5;255;1511041851;1
32;16;10;5;32;5;1511042595;5;255;1511042699;1
32;16;10;5;32;5;1511042620;5;255;1511042724;1
32;16;10;5;32;5;1511042839;5;255;1511042943;1
32;16;10;5;32;5;1511042963;5;255;1511043069;1
32;16;10;5;32;5;1511043880;5;255;1511043983;1
32;16;10;5;32;5;1511043951;5;255;1511044055;1
32;16;10;5;32;5;1511043979;5;255;1511044083;1
32;16;10;5;32;5;1511044186;5;255;1511044290;1
32;16;10;5;32;5;1511044906;5;255;1511045011;1
32;16;10;5;32;5;1511045079;5;255;1511045182;1
32;16;10;5;32;5;1511045130;5;255;1511045235;1
32;16;10;5;32;5;1511045168;5;255;1511045272;1
32;16;10;5;32;5;1511046153;5;255;1511046256;1
32;16;10;5;32;5;1511046204;5;255;1511046309;1
32;16;10;5;32;5;1511046367;5;255;1511046471;1
32;16;10;5;32;5;1511046439;5;255;1511046544;1
32;16;10;5;32;5;1511047326;5;255;1511047429;1
32;16;10;5;32;5;1511047334;5;255;1511047439;1
32;16;10;5;32;5;1511047380;5;255;1511047483;1
32;16;10;5;32;5;1511047488;5;255;1511047593;1
32;16;10;5;32;5;1511048420;5;255;1511048524;1
32;16;10;5;32;5;1511048504;5;255;1511048608;1
32;16;10;5;32;5;1511048505;5;255;1511048609;1
32;16;10;5;32;5;1511048638;5;255;1511048744;1
32;16;10;5;32;5;1511049565;5;255;1511049670;1
32;16;10;5;32;5;1511049733;5;255;1511049839;1
32;16;10;5;32;5;1511049757;5;255;1511049860;1
32;16;10;5;32;5;1511049796;5;255;1511049900;1
32;16;10;5;32;5;1511050744;5;255;1511050848;1
32;16;10;5;32;5;1511050828;5;255;1511050932;1
32;16;10;5;32;5;1511050969;5;255;1511051074;1
32;16;10;5;32;5;1511050978;5;255;1511051082;1
32;16;10;5;32;5;1511051903;5;255;1511052007;1
32;16;10;5;32;5;1511051944;5;255;1511052049;1
32;16;10;5;32;5;1511052135;5;255;1511052238;1
32;16;10;5;32;5;1511052158;5;255;1511052261;1
32;16;10;5;32;5;1511053039;5;255;1511053143;1
32;16;10;5;32;5;1511053052;5;255;1511053157;1
32;16;10;5;32;5;1511053168;5;255;1511053273;1
32;16;10;5;32;5;1511053314;5;255;1511053418;1
32;16;10;5;32;5;1511054194;5;255;1511054299;1
32;16;10;5;32;5;1511054222;5;255;1511054326;1
32;16;10;5;32;5;1511054378;5;255;1511054481;1
32;16;10;5;32;5;1511054415;5;255;1511054519;1
32;16;10;5;32;5;1511055337;5;255;1511055443;1
32;16;10;5;32;5;1511055376;5;255;1511055480;1
32;16;10;5;32;5;1511055531;5;255;1511055634;1
32;16;10;5;32;5;1511055559;5;255;1511055662;1
32;16;10;5;32;5;1511056491;5;255;1511056595;1
32;16;10;5;32;5;1511056598;5;255;1511056702;1
32;16;10;5;32;5;1511056626;5;255;1511056729;1
32;16;10;5;32;5;1511056732;5;255;1511056837;1
32;16;10;5;32;5;1511057539;5;255;1511057643;1
32;16;10;5;32;5;1511057702;5;255;1511057805;1
32;16;10;5;32;5;1511057738;5;255;1511057843;1
32;16;10;5;32;5;1511057828;5;255;1511057931;1
32;16;10;5;32;5;1511058765;5;255;1511058868;1
32;16;10;5;32;5;1511058814;5;255;1511058918;1
32;16;10;5;32;5;1511058986;5;255;1511059091;1
32;16;10;5;32;5;1511059276;5;255;1511059380;1
32;16;10;5;32;5;1511059967;5;255;1511060072;1
32;16;10;5;32;5;1511059997;5;255;1511060101;1
32;16;10;5;32;5;1511060219;5;255;1511060324;1
32;16;10;5;32;5;1511060536;5;255;1511060640;1
32;16;10;5;32;5;1511061028;5;255;1511061131;1
32;16;10;5;32;5;1511061119;5;255;1511061222;1
32;16;10;5;32;5;1511061269;5;255;1511061375;1
32;16;10;5;32;5;1511061799;5;255;1511061904;1
32;16;10;5;32;5;1511062182;5;255;1511062286;1
32;16;10;5;32;5;1511062269;5;255;1511062373;1
32;16;10;5;32;5;1511062326;5;255;1511062432;1
32;16;10;5;32;5;1511062909;5;255;1511063013;1
32;16;10;5;32;5;1511063366;5;255;1511063469;1
32;16;10;5;32;5;1511063475;5;255;1511063579;1
32;16;10;5;32;5;1511063607;5;255;1511063713;1
32;16;10;5;32;5;1511064043;5;255;1511064147;1
32;16;10;5;32;5;1511064503;5;255;1511064610;1
32;16;10;5;32;5;1511064749;5;255;1511064853;1
32;16;10;5;32;5;1511064796;5;255;1511064899;1
32;16;10;5;32;5;1511065133;5;255;1511065238;1
32;16;10;5;32;5;1511065596;5;255;1511065701;1
32;16;10;5;32;5;1511065771;5;255;1511065875;1
32;16;10;5;32;5;1511066017;5;255;1511066121;1
32;16;10;5;32;5;1511066250;5;255;1511066355;1
32;16;10;5;32;5;1511066762;5;255;1511066866;1
32;16;10;5;32;5;1511066830;5;255;1511066935;1
32;16;10;5;32;5;1511067126;5;255;1511067230;1
32;16;10;5;32;5;1511067539;5;255;1511067644;1
32;16;10;5;32;5;1511067754;5;255;1511067858;1
32;16;10;5;32;5;1511068114;5;255;1511068218;1
32;16;10;5;32;5;1511068156;5;255;1511068259;1
32;16;10;5;32;5;1511068695;5;255;1511068801;1
32;16;10;5;32;5;1511068990;5;255;1511069095;1
32;16;10;5;32;5;1511069040;5;255;1511069144;1
32;16;10;5;32;5;1511069184;5;255;1511069289;1
32;16;10;5;32;5;1511069723;5;255;1511069827;1
32;16;10;5;32;5;1511070069;5;255;1511070173;1
32;16;10;5;32;5;1511070076;5;255;1511070180;1
32;16;10;5;32;5;1511070379;5;255;1511070485;1
32;16;10;5;32;5;1511070887;5;255;1511070991;1
32;16;10;5;32;5;1511071158;5;255;1511071263;1
32;16;10;5;32;5;1511071174;5;255;1511071278;1
32;16;10;5;32;5;1511071451;5;255;1511071557;1
32;16;10;5;32;5;1511072191;5;255;1511072294;1
32;16;10;5;32;5;1511072202;5;255;1511072309;1
32;16;10;5;32;5;1511072412;5;255;1511072515;1
32;16;10;5;32;5;1511072629;5;255;1511072733;1
32;16;10;5;32;5;1511073300;5;255;1511073406;1
32;16;10;5;32;5;1511073447;5;255;1511073551;1
32;16;10;5;32;5;1511073501;5;255;1511073607;1
32;16;10;5;32;5;1511073922;5;255;1511074026;1
32;16;10;5;32;5;1511074359;5;255;1511074463;1
32;16;10;5;32;5;1511074450;5;255;1511074554;1
32;16;10;5;32;5;1511074690;5;255;1511074796;1
32;16;10;5;32;5;1511075114;5;255;1511075219;1
32;16;10;5;32;5;1511075515;5;255;1511075618;1
32;16;10;5;32;5;1511075700;5;255;1511075806;1
32;16;10;5;32;5;1511075758;5;255;1511075862;1
32;16;10;5;32;5;1511076212;5;255;1511076317;1
32;16;10;5;32;5;1511076623;5;255;1511076727;1
32;16;10;5;32;5;1511076815;5;255;1511076921;1
32;16;10;5;32;5;1511076914;5;255;1511077018;1
32;16;10;5;32;5;1511077404;5;255;1511077509;1
32;16;10;5;32;5;1511077834;5;255;1511077938;1
32;16;10;5;32;5;1511078054;5;255;1511078158;1
32;16;10;5;32;5;1511078080;5;255;1511078185;1
32;16;10;5;32;5;1511078545;5;255;1511078649;1
32;16;10;5;32;5;1511078866;5;255;1511078970;1
32;16;10;5;32;5;1511079194;5;255;1511079299;1
32;16;10;5;32;5;1511079233;5;255;1511079337;1
32;16;10;5;32;5;1511079738;5;255;1511079843;1
32;16;10;5;32;5;1511079919;5;255;1511080023;1
32;16;10;5;32;5;1511080360;5;255;1511080464;1
32;16;10;5;32;5;1511080400;5;255;1511080504;1
32;16;10;5;32;5;1511080809;5;255;1511080915;1
32;16;10;5;32;5;1511081069;5;255;1511081173;1
32;16;10;5;32;5;1511081491;5;255;1511081596;1
32;16;10;5;32;5;1511081662;5;255;1511081766;1
32;16;10;5;32;5;1511082121;5;255;1511082226;1
32;16;10;5;32;5;1511082165;5;255;1511082270;1
32;16;10;5;32;5;1511082685;5;255;1511082789;1
32;16;10;5;32;5;1511082914;5;255;1511083018;1
32;16;10;5;32;5;1511083176;5;255;1511083281;1
32;16;10;5;32;5;1511083337;5;255;1511083443;1
32;16;10;5;32;5;1511083824;5;255;1511083928;1
32;16;10;5;32;5;1511084041;5;255;1511084145;1
32;16;10;5;32;5;1511084324;5;255;1511084429;1
32;16;10;5;32;5;1511084437;5;255;1511084543;1
32;16;10;5;32;5;1511084856;5;255;1511084961;1
32;16;10;5;32;5;1511085116;5;255;1511085220;1
32;16;10;5;32;5;1511085423;5;255;1511085527;1
32;16;10;5;32;5;1511085593;5;255;1511085697;1
32;16;10;5;32;5;1511085909;5;255;1511086013;1
32;16;10;5;32;5;1511086331;5;255;1511086437;1
32;16;10;5;32;5;1511086573;5;255;1511086677;1
32;16;10;5;32;5;1511086869;5;255;1511086973;1
32;16;10;5;32;5;1511087133;5;255;1511087238;1
32;16;10;5;32;5;1511087508;5;255;1511087612;1
32;16;10;5;32;5;1511087799;5;255;1511087903;1
32;16;10;5;32;5;1511088188;5;255;1511088293;1
32;16;10;5;32;5;1511088199;5;255;1511088305;1
32;16;10;5;32;5;1511088598;5;255;1511088702;1
32;16;10;5;32;5;1511089056;5;255;1511089162;1
32;16;10;5;32;5;1511089351;5;255;1511089454;1
32;16;10;5;32;5;1511089380;5;255;1511089484;1
32;16;10;5;32;5;1511089695;5;255;1511089799;1
32;16;10;5;32;5;1511090249;5;255;1511090355;1
32;16;10;5;32;5;1511090552;5;255;1511090658;1
32;16;10;5;32;5;1511090635;5;255;1511090740;1
32;16;10;5;32;5;1511090949;5;255;1511091055;1
32;16;10;5;32;5;1511091390;5;255;1511091493;1
32;16;10;5;32;5;1511091757;5;255;1511091860;1
32;16;10;5;32;5;1511091868;5;255;1511091972;1
32;16;10;5;32;5;1511092129;5;255;1511092235;1
32;16;10;5;32;5;1511092683;5;255;1511092787;1
32;16;10;5;32;5;1511092693;5;255;1511092798;1
32;16;10;5;32;5;1511093116;5;255;1511093221;1
32;16;10;5;32;5;1511093226;5;255;1511093332;1
32;16;10;5;32;5;1511093829;5;255;1511093932;1
32;16;10;5;32;5;1511094037;5;255;1511094142;1
32;16;10;5;32;5;1511094234;5;255;1511094339;1
32;16;10;5;32;5;1511094470;5;255;1511094574;1
32;16;10;5;32;5;1511094869;5;255;1511094975;1
32;16;10;5;32;5;1511095083;5;255;1511095187;1
32;16;10;5;32;5;1511095313;5;255;1511095418;1
32;16;10;5;32;5;1511095605;5;255;1511095710;1
32;16;10;5;32;5;1511096066;5;255;1511096170;1
32;16;10;5;32;5;1511096332;5;255;1511096436;1
32;16;10;5;32;5;1511096471;5;255;1511096575;1
32;16;10;5;32;5;1511097033;5;255;1511097139;1
32;16;10;5;32;5;1511097189;5;255;1511097292;1
32;16;10;5;32;5;1511097496;5;255;1511097599;1
32;16;10;5;32;5;1511097546;5;255;1511097651;1
32;16;10;5;32;5;1511098083;5;255;1511098189;1
32;16;10;5;32;5;1511098351;5;255;1511098455;1
32;16;10;5;32;5;1511098573;5;255;1511098678;1
32;16;10;5;32;5;1511098698;5;255;1511098802;1
32;16;10;5;32;5;1511099294;5;255;1511099398;1
32;16;10;5;32;5;1511099576;5;255;1511099680;1
32;16;10;5;32;5;1511099866;5;255;1511099971;1
32;16;10;5;32;5;1511099995;5;255;1511100098;1
32;16;10;5;32;5;1511100589;5;255;1511100693;1
32;16;10;5;32;5;1511100642;5;255;1511100746;1
32;16;10;5;32;5;1511101031;5;255;1511101137;1
32;16;10;5;32;5;1511101050;5;255;1511101153;1
32;16;10;5;32;5;1511101709;5;255;1511101813;1
32;16;10;5;32;5;1511101812;5;255;1511101916;1
32;16;10;5;32;5;1511102152;5;255;1511102257;1
32;16;10;5;32;5;1511102177;5;255;1511102281;1
32;16;10;5;32;5;1511102764;5;255;1511102869;1
32;16;10;5;32;5;1511103046;5;255;1511103151;1
32;16;10;5;32;5;1511103243;5;255;1511103347;1
32;16;10;5;32;5;1511103315;5;255;1511103419;1
32;16;10;5;32;5;1511103710;5;255;1511103814;1
32;16;10;5;32;5;1511104228;5;255;1511104332;1
32;16;10;5;32;5;1511104377;5;255;1511104481;1
32;16;10;5;32;5;1511104595;5;255;1511104698;1
32;16;10;5;32;5;1511104999;5;255;1511105106;1
32;16;10;5;32;5;1511105363;5;255;1511105468;1
32;16;10;5;32;5;1511105438;5;255;1511105544;1
32;16;10;5;32;5;1511105758;5;255;1511105862;1
32;16;10;5;32;5;1511106120;5;255;1511106224;1
32;16;10;5;32;5;1511106395;5;255;1511106500;1
32;16;10;5;32;5;1511106557;5;255;1511106662;1
32;16;10;5;32;5;1511106764;5;255;1511106867;1
32;16;10;5;32;5;1511107240;5;255;1511107344;1
32;16;10;5;32;5;1511107593;5;255;1511107699;1
32;16;10;5;32;5;1511107644;5;255;1511107749;1
32;16;10;5;32;5;1511107734;5;255;1511107838;1
32;16;10;5;32;5;1511108537;5;255;1511108641;1
32;16;10;5;32;5;1511108721;5;255;1511108826;1
32;16;10;5;32;5;1511108787;5;255;1511108892;1
32;16;10;5;32;5;1511109046;5;255;1511109150;1
32;16;10;5;32;5;1511109593;5;255;1511109697;1
32;16;10;5;32;5;1511109796;5;255;1511109900;1
32;16;10;5;32;5;1511109989;5;255;1511110095;1
32;16;10;5;32;5;1511110217;5;255;1511110321;1
32;16;10;5;32;5;1511110858;5;255;1511110961;1
32;16;10;5;32;5;1511110876;5;255;1511110982;1
32;16;10;5;32;5;1511111356;5;255;1511111460;1
32;16;10;5;32;5;1511111407;5;255;1511111511;1
32;16;10;5;32;5;1511111949;5;255;1511112053;1
32;16;10;5;32;5;1511112181;5;255;1511112286;1
32;16;10;5;32;5;1511112527;5;255;1511112631;1
32;16;10;5;32;5;1511112569;5;255;1511112674;1
32;16;10;5;32;5;1511113037;5;255;1511113141;1
32;16;10;5;32;5;1511113553;5;255;1511113656;1
32;16;10;5;32;5;1511113741;5;255;1511113846;1
32;16;10;5;32;5;1511113852;5;255;1511113958;1
32;16;10;5;32;5;1511114328;5;255;1511114432;1
32;16;10;5;32;5;1511114540;5;255;1511114645;1
32;16;10;5;32;5;1511115005;5;255;1511115110;1
32;16;10;5;32;5;1511115084;5;255;1511115189;1
32;16;10;5;32;5;1511115456;5;255;1511115560;1
32;16;10;5;32;5;1511115607;5;255;1511115711;1
32;16;10;5;32;5;1511116326;5;255;1511116431;1
32;16;10;5;32;5;1511116387;5;255;1511116492;1
32;16;10;5;32;5;1511116726;5;255;1511116830;1
32;16;10;5;32;5;1511116922;5;255;1511117027;1
32;16;10;5;32;5;1511117401;5;255;1511117506;1
32;16;10;5;32;5;1511117534;5;255;1511117639;1
32;16;10;5;32;5;1511118026;5;255;1511118130;1
32;16;10;5;32;5;1511118051;5;255;1511118157;1
32;16;10;5;32;5;1511118545;5;255;1511118649;1
32;16;10;5;32;5;1511118786;5;255;1511118891;1
32;16;10;5;32;5;1511119124;5;255;1511119228;1
32;16;10;5;32;5;1511119336;5;255;1511119441;1
32;16;10;5;32;5;1511119726;5;255;1511119831;1
32;16;10;5;32;5;1511119960;5;255;1511120065;1
32;16;10;5;32;5;1511120118;5;255;1511120222;1
32;16;10;5;32;5;1511120419;5;255;1511120523;1
32;16;10;5;32;5;1511120802;5;255;1511120908;1
32;16;10;5;32;5;1511121036;5;255;1511121140;1
32;16;10;5;32;5;1511121163;5;255;1511121266;1
32;16;10;5;32;5;1511121614;5;255;1511121717;1
32;16;10;5;32;5;1511121965;5;255;1511122069;1
32;16;10;5;32;5;1511122161;5;255;1511122265;1
32;16;10;5;32;5;1511122510;5;255;1511122615;1
32;16;10;5;32;5;1511122675;5;255;1511122779;1
32;16;10;5;32;5;1511123053;5;255;1511123157;1
32;16;10;5;32;5;1511123423;5;255;1511123528;1
32;16;10;5;32;5;1511123599;5;255;1511123705;1
32;16;10;5;32;5;1511123802;5;255;1511123906;1
32;16;10;5;32;5;1511124284;5;255;1511124388;1
32;16;10;5;32;5;1511124611;5;255;1511124716;1
32;16;10;5;32;5;1511124782;5;255;1511124888;1
32;16;10;5;32;5;1511125047;5;255;1511125151;1
32;16;10;5;32;5;1511125480;5;255;1511125584;1
32;16;10;5;32;5;1511125683;5;255;1511125788;1
32;16;10;5;32;5;1511125994;5;255;1511126100;1
32;16;10;5;32;5;1511126236;5;255;1511126340;1
32;16;10;5;32;5;1511126671;5;255;1511126774;1
32;16;10;5;32;5;1511126962;5;255;1511127067;1
32;16;10;5;32;5;1511127051;5;255;1511127157;1
32;16;10;5;32;5;1511127319;5;255;1511127423;1
32;16;10;5;32;5;1511127886;5;255;1511127991;1
32;16;10;5;32;5;1511128015;5;255;1511128120;1
32;16;10;5;32;5;1511128403;5;255;1511128508;1
32;16;10;5;32;5;1511128484;5;255;1511128587;1
32;16;10;5;32;5;1511129163;5;255;1511129269;1
32;16;10;5;32;5;1511129199;5;255;1511129303;1
32;16;10;5;32;5;1511129452;5;255;1511129556;1
32;16;10;5;32;5;1511129566;5;255;1511129671;1
32;16;10;5;32;5;1511130166;5;255;1511130270;1
32;16;10;5;32;5;1511130388;5;255;1511130492;1
32;16;10;5;32;5;1511130609;5;255;1511130714;1
32;16;10;5;32;5;1511130850;5;255;1511130955;1
32;16;10;5;32;5;1511131206;5;255;1511131311;1
32;16;10;5;32;5;1511131660;5;255;1511131765;1
32;16;10;5;32;5;1511131712;5;255;1511131817;1
32;16;10;5;32;5;1511132110;5;255;1511132215;1
32;16;10;5;32;5;1511132316;5;255;1511132419;1
32;16;10;5;32;5;1511132866;5;255;1511132969;1
32;16;10;5;32;5;1511132892;5;255;1511132997;1
32;16;10;5;32;5;1511133166;5;255;1511133272;1
32;16;10;5;32;5;1511133389;5;255;1511133411;0
32;16;10;5;32;5;1511134096;5;255;1511134200;1
32;16;10;5;32;5;1511134147;5;255;1511134251;1
32;16;10;5;32;5;1511134338;5;255;1511134444;1
32;16;10;5;32;5;1511134362;5;255;1511134465;1
32;16;10;5;32;5;1511135184;5;255;1511135288;1
32;16;10;5;32;5;1511135285;5;255;1511135389;1
32;16;10;5;32;5;1511135462;5;255;1511135565;1
32;16;10;5;32;5;1511135517;5;255;1511135624;1
32;16;10;5;32;5;1511136311;5;255;1511136417;1
32;16;10;5;32;5;1511136562;5;255;1511136669;1
32;16;10;5;32;5;1511136607;5;255;1511136711;1
32;16;10;5;32;5;1511136804;5;255;1511136907;1
32;16;10;5;32;5;1511137439;5;255;1511137542;1
32;16;10;5;32;5;1511137824;5;255;1511137931;1
32;16;10;5;32;5;1511137851;5;255;1511137956;1
32;16;10;5;32;5;1511138061;5;255;1511138165;1
32;16;10;5;32;5;1511138644;5;255;1511138748;1
32;16;10;5;32;5;1511138980;5;255;1511139085;1
32;16;10;5;32;5;1511139059;5;255;1511139163;1
32;16;10;5;32;5;1511139362;5;255;1511139466;1
32;16;10;5;32;5;1511139865;5;255;1511139969;1
32;16;10;5;32;5;1511140236;5;255;1511140341;1
32;16;10;5;32;5;1511140242;5;255;1511140349;1
32;16;10;5;32;5;1511140483;5;255;1511140586;1
32;16;10;5;32;5;1511141071;5;255;1511141175;1
32;16;10;5;32;5;1511141453;5;255;1511141558;1
32;16;10;5;32;5;1511141473;5;255;1511141578;1
32;16;10;5;32;5;1511141606;5;255;1511141710;1
32;16;10;5;32;5;1511142132;5;255;1511142236;1
32;16;10;5;32;5;1511142610;5;255;1511142714;1
32;16;10;5;32;5;1511142650;5;255;1511142755;1
32;16;10;5;32;5;1511142677;5;255;1511142782;1
32;16;10;5;32;5;1511143232;5;255;1511143337;1
32;16;10;5;32;5;1511143865;5;255;1511143971;1
32;16;10;5;32;5;1511143888;5;255;1511143993;1
32;16;10;5;32;5;1511143962;5;255;1511144066;1
32;16;10;5;32;5;1511144463;5;255;1511144567;1
32;16;10;5;32;5;1511144978;5;255;1511145081;1
32;16;10;5;32;5;1511145031;5;255;1511145136;1
32;16;10;5;32;5;1511145113;5;255;1511145219;1
32;16;10;5;32;5;1511145526;5;255;1511145629;1
32;16;10;5;32;5;1511146092;5;255;1511146195;1
32;16;10;5;32;5;1511146285;5;255;1511146391;1
32;16;10;5;32;5;1511146373;5;255;1511146479;1
32;16;10;5;32;5;1511146818;5;255;1511146922;1
32;16;10;5;32;5;1511147217;5;255;1511147320;1
32;16;10;5;32;5;1511147341;5;255;1511147445;1
32;16;10;5;32;5;1511147565;5;255;1511147670;1
32;16;10;5;32;5;1511148186;5;255;1511148290;1
32;16;10;5;32;5;1511148400;5;255;1511148504;1
32;16;10;5;32;5;1511148599;5;255;1511148705;1
32;16;10;5;32;5;1511148704;5;255;1511148808;1
32;16;10;5;32;5;1511149257;5;255;1511149362;1
32;16;10;5;32;5;1511149639;5;255;1511149743;1
32;16;10;5;32;5;1511149848;5;255;1511149953;1
32;16;10;5;32;5;1511150030;5;255;1511150135;1
32;16;10;5;32;5;1511150433;5;255;1511150540;1
32;16;10;5;32;5;1511150767;5;255;1511150871;1
32;16;10;5;32;5;1511151035;5;255;1511151138;1
32;16;10;5;32;5;1511151055;5;255;1511151160;1
32;16;10;5;32;5;1511151690;5;255;1511151796;1
32;16;10;5;32;5;1511151869;5;255;1511151973;1
32;16;10;5;32;5;1511152243;5;255;1511152347;1
32;16;10;5;32;5;1511152343;5;255;1511152448;1
32;16;10;5;32;5;1511153067;5;255;1511153171;1
32;16;10;5;32;5;1511153081;5;255;1511153184;1
32;16;10;5;32;5;1511153385;5;255;1511153490;1
32;16;10;5;32;5;1511153448;5;255;1511153553;1
32;16;10;5;32;5;1511154172;5;255;1511154276;1
32;16;10;5;32;5;1511154267;5;255;1511154371;1
32;16;10;5;32;5;1511154430;5;255;1511154533;1
32;16;10;5;32;5;1511154551;5;255;1511154656;1
32;16;10;5;32;5;1511155357;5;255;1511155462;1
32;16;10;5;32;5;1511155614;5;255;1511155719;1
32;16;10;5;32;5;1511155696;5;255;1511155802;1
32;16;10;5;32;5;1511155869;5;255;1511155972;1
32;16;10;5;32;5;1511156706;5;255;1511156811;1
32;16;10;5;32;5;1511156827;5;255;1511156932;1
32;16;10;5;32;5;1511156876;5;255;1511156982;1
32;16;10;5;32;5;1511157021;5;255;1511157126;1
32;16;10;5;32;5;1511157756;5;255;1511157860;1
32;16;10;5;32;5;1511157982;5;255;1511158087;1
32;16;10;5;32;5;1511158189;5;255;1511158294;1
32;16;10;5;32;5;1511158329;5;255;1511158434;1
32;16;10;5;32;5;1511158909;5;255;1511159016;1
32;16;10;5;32;5;1511159310;5;255;1511159414;1
32;16;10;5;32;5;1511159337;5;255;1511159441;1
32;16;10;5;32;5;1511159375;5;255;1511159481;1
32;16;10;5;32;5;1511160066;5;255;1511160170;1
32;16;10;5;32;5;1511160387;5;255;1511160492;1
32;16;10;5;32;5;1511160419;5;255;1511160523;1
32;16;10;5;32;5;1511160428;5;255;1511160533;1
32;16;10;5;32;5;1511161152;5;255;1511161260;1
32;16;10;5;32;5;1511161510;5;255;1511161614;1
32;16;10;5;32;5;1511161638;5;255;1511161743;1
32;16;10;5;32;5;1511161770;5;255;1511161874;1
32;16;10;5;32;5;1511162224;5;255;1511162331;1
32;16;10;5;32;5;1511162783;5;255;1511162889;1
32;16;10;5;32;5;1511162852;5;255;1511162956;1
32;16;10;5;32;5;1511162920;5;255;1511163025;1
32;16;10;5;32;5;1511163443;5;255;1511163549;1
32;16;10;5;32;5;1511163841;5;255;1511163947;1
32;16;10;5;32;5;1511163970;5;255;1511164074;1
32;16;10;5;32;5;1511164037;5;255;1511164142;1
32;16;10;5;32;5;1511164504;5;255;1511164607;1
32;16;10;5;32;5;1511165049;5;255;1511165152;1
32;16;10;5;32;5;1511165136;5;255;1511165242;1
32;16;10;5;32;5;1511165370;5;255;1511165476;1
32;16;10;5;32;5;1511165740;5;255;1511165844;1
32;16;10;5;32;5;1511166264;5;255;1511166368;1
32;16;10;5;32;5;1511166367;5;255;1511166470;1
32;16;10;5;32;5;1511166460;5;255;1511166567;1
32;16;10;5;32;5;1511166829;5;255;1511166934;1
32;16;10;5;32;5;1511167330;5;255;1511167435;1
32;16;10;5;32;5;1511167440;5;255;1511167544;1
32;16;10;5;32;5;1511167572;5;255;1511167678;1
32;16;10;5;32;5;1511167825;5;255;1511167930;1
32;16;10;5;32;5;1511168443;5;255;1511168547;1
32;16;10;5;32;5;1511168673;5;255;1511168777;1
32;16;10;5;32;5;1511168764;5;255;1511168868;1
32;16;10;5;32;5;1511169025;5;255;1511169131;1
32;16;10;5;32;5;1511169670;5;255;1511169773;1
32;16;10;5;32;5;1511169846;5;255;1511169951;1
32;16;10;5;32;5;1511169929;5;255;1511170037;1
32;16;10;5;32;5;1511170037;5;255;1511170154;1
32;16;10;5;32;5;1511170837;5;255;1511170947;1
32;16;10;5;32;5;1511171121;5;255;1511171225;1
32;16;10;5;32;5;1511171147;5;255;1511171271;1
32;16;10;5;32;5;1511171219;5;255;1511171325;1
32;16;10;5;32;5;1511172240;5;255;1511172356;1
32;16;10;5;32;5;1511172398;5;255;1511172514;1
32;16;10;5;32;5;1511172467;5;255;1511172585;1
32;16;10;5;32;5;1511172558;5;255;1511172674;1
